This host is: panku
--- BRKGA-MP-IPR for HHCRSP ---
Instance: new-dataset/instances-75/HHCRSP_75_15_10_1.6_R_C.txt
Seed: 6

Reading data... Problem contains 75 patients  and 15 caregivers.

Summary of supply x demand for each service type:
Skill 0 has supply = 3 and demand = 13, ratio = 0.230769
Skill 1 has supply = 5 and demand = 18, ratio = 0.277778
Skill 2 has supply = 4 and demand = 14, ratio = 0.285714
Skill 3 has supply = 6 and demand = 19, ratio = 0.315789
Skill 4 has supply = 4 and demand = 26, ratio = 0.153846
Skill 5 has supply = 4 and demand = 9, ratio = 0.444444

Reading parameters...
Inferred distance function by PR type: kendall-tau
Building BRKGA data and initializing...
Evolving 1900 generations...

  Gens  Rem    Local   ElDiv NoImpr             Best solution            Time  Op
                                       Cost     Dist    Tard    TMax 
*    0 1900  1893.00  227.10      0  1893.00  1826.00  3544.0   309.0     0.0    
*    3 1897  1683.33  168.60      0  1683.33  1803.00  2825.0   363.0     0.2    
*    4 1896  1663.67  173.06      0  1663.67  1816.00  1863.0   282.0     0.2    
*    5 1895  1320.33  147.22      0  1320.33  1669.00  1515.0   302.0     0.2    
*    6 1894  1162.00  145.48      0  1162.00  1669.00  1353.0   200.0     0.3    
*    7 1893  1074.00  126.34      0  1074.00  1759.00   970.0   131.0     0.3    
*    8 1892   953.33  111.03      0   953.33  1759.00   970.0   131.0     0.3    
*   10 1890   810.67  108.97      0   810.67  1696.00   566.0   170.0     0.4    
*   14 1886   715.67   68.53      0   715.67  1605.00   476.0    66.0     0.6    
*   16 1884   677.67   55.23      0   677.67  1647.00   155.0    72.0     0.7    
*   17 1883   624.67   50.98      0   624.67  1492.00   208.0    61.0     0.7    
*   18 1882   587.00   47.02      0   587.00  1492.00   208.0    61.0     0.7    
*   20 1880   575.00   43.85      0   575.00  1620.00    50.0    33.0     0.8    
*   21 1879   567.67   39.88      0   567.67  1525.00    84.0    63.0     0.9    
*   22 1878   557.33   34.85      0   557.33  1578.00    39.0    11.0     0.9    

  Gens  Rem    Local   ElDiv NoImpr             Best solution            Time  Op
                                       Cost     Dist    Tard    TMax 
*   23 1877   542.67   30.05      0   542.67  1578.00    39.0    11.0     0.9    
*   25 1875   520.67   24.59      0   520.67  1506.00    35.0    21.0     1.0    
*   27 1873   514.33   19.33      0   514.33  1524.00    12.0     7.0     1.1    
*   29 1871   504.33   15.45      0   504.33  1495.00    12.0     6.0     1.2    
*   32 1868   501.67   12.45      0   501.67  1464.00    27.0    14.0     1.3    
*   34 1866   498.67   11.99      0   498.67  1442.00    18.0     8.0     1.4    
*   35 1865   489.33   11.55      0   489.33  1395.00     0.0     0.0     1.4    
*   36 1864   465.00   10.70      0   465.00  1395.00     0.0     0.0     1.4    
*   43 1857   461.33    9.23      0   461.33  1366.00    12.0     6.0     1.7    
    50 1850   461.33    7.86      7   461.33  1366.00    12.0     6.0     2.0    
*   54 1846   458.00    6.99      0   458.00  1372.00     1.0     1.0     2.1    
*   61 1839   446.67    7.01      0   446.67  1320.00     8.0     4.0     2.4    
*   62 1838   444.00    6.72      0   444.00  1320.00     8.0     4.0     2.5    
*   64 1836   439.67    6.88      0   439.67  1302.00    10.0     7.0     2.5    
*   72 1828   438.67    5.91      0   438.67  1296.00    11.0     9.0     2.9    
*   74 1826   426.33    5.80      0   426.33  1279.00     0.0     0.0     3.0    

  Gens  Rem    Local   ElDiv NoImpr             Best solution            Time  Op
                                       Cost     Dist    Tard    TMax 
    80 1820   426.33    3.69      7   426.33  1279.00     0.0     0.0     3.3   X
   100 1800   426.33    3.73     26   426.33  1279.00     0.0     0.0     4.1    
*  105 1795   417.33    4.10      0   417.33  1252.00     0.0     0.0     4.3    
   150 1750   417.33    4.92     45   417.33  1252.00     0.0     0.0     6.0    
*  153 1747   413.67    5.44      0   413.67  1241.00     0.0     0.0     6.2    
*  157 1743   411.00    6.36      0   411.00  1233.00     0.0     0.0     6.3    
   160 1740   411.00    5.77      4   411.00  1233.00     0.0     0.0     6.4   X
*  162 1738   410.33    5.74      0   410.33  1231.00     0.0     0.0     6.5    
*  177 1723   409.33    4.08      0   409.33  1228.00     0.0     0.0     7.1    
*  180 1720   409.00    3.32      0   409.00  1221.00     0.0     0.0     7.2    
Path relinking result: elite improvement.
   180 1720   407.00    3.32      0   409.00  1221.00     0.0     0.0     7.2   P
*  181 1719   407.00    3.11      0   407.00  1219.00     0.0     0.0     7.3    
*  182 1718   406.33    2.82      0   406.33  1219.00     0.0     0.0     7.3    
*  186 1714   406.00    2.14      0   406.00  1218.00     0.0     0.0     7.5    
*  188 1712   405.33    2.01      0   405.33  1216.00     0.0     0.0     7.5    
*  191 1709   404.33    1.69      0   404.33  1213.00     0.0     0.0     7.6    

  Gens  Rem    Local   ElDiv NoImpr             Best solution            Time  Op
                                       Cost     Dist    Tard    TMax 
*  196 1704   403.67    1.66      0   403.67  1211.00     0.0     0.0     7.9    
*  199 1701   402.33    1.69      0   402.33  1207.00     0.0     0.0     8.0    
   200 1700   402.33    1.70      1   402.33  1207.00     0.0     0.0     8.0    
*  203 1697   401.33    1.52      0   401.33  1204.00     0.0     0.0     8.1    
*  209 1691   401.00    1.14      0   401.00  1203.00     0.0     0.0     8.4    
*  211 1689   400.67    0.98      0   400.67  1202.00     0.0     0.0     8.4    
*  213 1687   400.33    0.86      0   400.33  1201.00     0.0     0.0     8.5    
*  217 1683   400.00    0.65      0   400.00  1200.00     0.0     0.0     8.7    
*  224 1676   399.33    0.24      0   399.33  1198.00     0.0     0.0     8.9    
*  226 1674   399.00    0.28      0   399.00  1197.00     0.0     0.0     9.0    
*  230 1670   398.67    0.52      0   398.67  1196.00     0.0     0.0     9.2    
*  238 1662   398.33    0.17      0   398.33  1195.00     0.0     0.0     9.5    
   240 1660   398.33    0.14      3   398.33  1195.00     0.0     0.0     9.6   X
*  242 1658   397.33    0.34      0   397.33  1192.00     0.0     0.0     9.7    
*  246 1654   397.00    0.54      0   397.00  1191.00     0.0     0.0     9.8    
   250 1650   397.00    0.52      4   397.00  1191.00     0.0     0.0    10.0    

  Gens  Rem    Local   ElDiv NoImpr             Best solution            Time  Op
                                       Cost     Dist    Tard    TMax 
*  267 1633   396.67    0.17      0   396.67  1190.00     0.0     0.0    10.6    
*  275 1625   396.33    0.16      0   396.33  1189.00     0.0     0.0    11.0    
*  286 1614   393.67    0.40      0   393.67  1181.00     0.0     0.0    11.5    
   300 1600   393.67    1.57     14   393.67  1181.00     0.0     0.0    12.0    
   320 1580   393.67    1.57     35   393.67  1181.00     0.0     0.0    12.8   X
*  322 1578   393.00    0.93      0   393.00  1179.00     0.0     0.0    12.9    
   350 1550   393.00    0.31     28   393.00  1179.00     0.0     0.0    14.0    
Path relinking result: elite improvement.
   360 1540   393.00    0.31     39   393.00  1179.00     0.0     0.0    14.4   P
   400 1500   393.00    0.00     78   393.00  1179.00     0.0     0.0    15.9    
   400 1500   393.00    0.00     79   393.00  1179.00     0.0     0.0    15.9   X
   450 1450   393.00    0.00    128   393.00  1179.00     0.0     0.0    17.8    
   480 1420   393.00    0.00    159   393.00  1179.00     0.0     0.0    19.0   X
   500 1400   393.00    0.00    178   393.00  1179.00     0.0     0.0    19.8    
Path relinking result: no improvement.
   540 1360   393.00    0.00    219   393.00  1179.00     0.0     0.0    21.3   P
   550 1350   393.00    0.00    228   393.00  1179.00     0.0     0.0    21.7    
   560 1340   393.00    0.00    239   393.00  1179.00     0.0     0.0    22.1   X

  Gens  Rem    Local   ElDiv NoImpr             Best solution            Time  Op
                                       Cost     Dist    Tard    TMax 
   600 1300   393.00    0.00    278   393.00  1179.00     0.0     0.0    23.7    
   640 1260   393.00    0.00    319   393.00  1179.00     0.0     0.0    25.2   X
   650 1250   393.00    0.00    328   393.00  1179.00     0.0     0.0    25.6    
   700 1200   393.00    0.00    378   393.00  1179.00     0.0     0.0    27.5    
Path relinking result: no improvement.
   720 1180   393.00    0.00    399   393.00  1179.00     0.0     0.0    28.3  PX
   750 1150   393.00    0.00    428   393.00  1179.00     0.0     0.0    29.5    
   800 1100   393.00    0.00    478   393.00  1179.00     0.0     0.0    31.5    
   800 1100   393.00    0.00    479   393.00  1179.00     0.0     0.0    31.5   X
   850 1050   393.00    0.00    528   393.00  1179.00     0.0     0.0    33.5    
   880 1020   393.00    0.00    559   393.00  1179.00     0.0     0.0    34.6   X
   900 1000   393.00    0.00    578   393.00  1179.00     0.0     0.0    35.4    
Path relinking result: no improvement.
   900 1000   393.00    0.00    579   393.00  1179.00     0.0     0.0    35.4   P
   950  950   393.00    0.00    628   393.00  1179.00     0.0     0.0    37.4    
   960  940   393.00    0.00    639   393.00  1179.00     0.0     0.0    37.8   X
  1000  900   393.00    0.00    678   393.00  1179.00     0.0     0.0    39.3    
  1021  879      inf  236.68      0   393.00  1179.00     0.0     0.0    40.1   R

  Gens  Rem    Local   ElDiv NoImpr             Best solution            Time  Op
                                       Cost     Dist    Tard    TMax 
  1022  878  2052.00  224.68      0   393.00  1179.00     0.0     0.0    40.2    
  1040  860   583.33   36.30      0   393.00  1179.00     0.0     0.0    40.9   X
  1050  850   513.67   15.14      0   393.00  1179.00     0.0     0.0    41.3    
Path relinking result: best improvement.
  1080  820   455.67    6.57      0   393.00  1179.00     0.0     0.0    42.5   P
  1100  800   437.00    6.23      6   393.00  1179.00     0.0     0.0    43.3    
  1120  780   430.00    3.82      0   393.00  1179.00     0.0     0.0    44.1   X
  1150  750   424.00    3.17      8   393.00  1179.00     0.0     0.0    45.3    
  1200  700   417.33    3.34      0   393.00  1179.00     0.0     0.0    47.2    
  1200  700   416.33    1.58      0   393.00  1179.00     0.0     0.0    47.2   X
  1250  650   405.67    0.69      1   393.00  1179.00     0.0     0.0    49.2    
Path relinking result: elite improvement.
  1260  640   403.67    1.89      1   393.00  1179.00     0.0     0.0    49.6   P
  1280  620   403.33    0.93     17   393.00  1179.00     0.0     0.0    50.4   X
  1300  600   402.33    0.17      1   393.00  1179.00     0.0     0.0    51.1    
  1350  550   402.00    0.33     26   393.00  1179.00     0.0     0.0    53.1    
  1360  540   402.00    0.36     37   393.00  1179.00     0.0     0.0    53.5   X
  1400  500   402.00    0.00     76   393.00  1179.00     0.0     0.0    55.1    
Path relinking result: no improvement.

  Gens  Rem    Local   ElDiv NoImpr             Best solution            Time  Op
                                       Cost     Dist    Tard    TMax 
  1440  460   402.00    0.00    117   393.00  1179.00     0.0     0.0    56.6  PX
  1450  450   402.00    0.00    126   393.00  1179.00     0.0     0.0    57.0    
  1500  400   401.67    0.02      0   393.00  1179.00     0.0     0.0    59.0    
  1520  380   401.67    0.05     21   393.00  1179.00     0.0     0.0    59.7   X
  1550  350   401.67    0.07     50   393.00  1179.00     0.0     0.0    60.9    
  1600  300   401.67    0.09    100   393.00  1179.00     0.0     0.0    62.9    
  1600  300   401.67    0.14    101   393.00  1179.00     0.0     0.0    62.9   X
Path relinking result: no improvement.
  1620  280   401.67    0.00    121   393.00  1179.00     0.0     0.0    63.6   P
  1650  250   401.67    0.00    150   393.00  1179.00     0.0     0.0    64.8    
  1680  220   401.67    0.00    181   393.00  1179.00     0.0     0.0    66.0   X
  1700  200   401.67    0.00    200   393.00  1179.00     0.0     0.0    66.8    
  1750  150   401.67    0.00    250   393.00  1179.00     0.0     0.0    68.7    
  1760  140   401.67    0.00    261   393.00  1179.00     0.0     0.0    69.1   X
  1800  100   401.67    0.00    300   393.00  1179.00     0.0     0.0    70.7    
Path relinking result: no improvement.
  1800  100   401.67    0.00    301   393.00  1179.00     0.0     0.0    70.7   P
  1840   60   401.67    0.00    341   393.00  1179.00     0.0     0.0    72.2   X

  Gens  Rem    Local   ElDiv NoImpr             Best solution            Time  Op
                                       Cost     Dist    Tard    TMax 
  1850   50   401.67    0.00    350   393.00  1179.00     0.0     0.0    72.6    
  1900    0   401.67    0.00    400   393.00  1179.00     0.0     0.0    74.5    
Evolutionary process finished.
Solution written to 'solution-10173.txt'.

Sorted sequence of worst to best tardiness value:
Task for patient = 6 with skills = {1,3} and cost = 281.3
   Vehicle #0 = 3, leaving at = 1058.0
   Vehicle #1 = 9, leaving at = 1068.0
   Increment on distance indicator: 6.0
   Increment on tard indicator:     2.0
   Value of tmax indicator:         6.0

Task for patient = 19 with skills = {2,5} and cost = 242.3
   Vehicle #0 = 5, leaving at = 883.0
   Vehicle #1 = 8, leaving at = 887.0
   Increment on distance indicator: 18.0
   Increment on tard indicator:     0.0
   Value of tmax indicator:         18.0

Task for patient = 46 with skills = {5,-1} and cost = 236.3
   Vehicle #0 = 12, leaving at = 899.0
   Vehicle #1 = -1, leaving at = inf
   Increment on distance indicator: 3.0
   Increment on tard indicator:     0.0
   Value of tmax indicator:         3.0

Task for patient = 16 with skills = {2,4} and cost = 235.3
   Vehicle #0 = 3, leaving at = 926.0
   Vehicle #1 = 14, leaving at = 921.0
   Increment on distance indicator: 9.0
   Increment on tard indicator:     0.0
   Value of tmax indicator:         9.0

Task for patient = 35 with skills = {1,4} and cost = 232.3
   Vehicle #0 = 0, leaving at = 860.0
   Vehicle #1 = 14, leaving at = 873.0
   Increment on distance indicator: 14.0
   Increment on tard indicator:     0.0
   Value of tmax indicator:         14.0

Task for patient = 38 with skills = {2,3} and cost = 227.7
   Vehicle #0 = 2, leaving at = 900.0
   Vehicle #1 = 7, leaving at = 924.0
   Increment on distance indicator: 7.0
   Increment on tard indicator:     0.0
   Value of tmax indicator:         7.0

Task for patient = 71 with skills = {2,3} and cost = 225.3
   Vehicle #0 = 3, leaving at = 886.0
   Vehicle #1 = 9, leaving at = 869.0
   Increment on distance indicator: 12.0
   Increment on tard indicator:     0.0
   Value of tmax indicator:         12.0

Task for patient = 40 with skills = {4,-1} and cost = 221.3
   Vehicle #0 = 11, leaving at = 1005.0
   Vehicle #1 = -1, leaving at = inf
   Increment on distance indicator: 3.0
   Increment on tard indicator:     0.0
   Value of tmax indicator:         3.0

Task for patient = 23 with skills = {5,-1} and cost = 220.3
   Vehicle #0 = 12, leaving at = 862.0
   Vehicle #1 = -1, leaving at = inf
   Increment on distance indicator: 6.0
   Increment on tard indicator:     0.0
   Value of tmax indicator:         6.0

Task for patient = 53 with skills = {0,3} and cost = 292.7
   Vehicle #0 = 5, leaving at = 1092.0
   Vehicle #1 = 7, leaving at = 1092.0
   Increment on distance indicator: 7.0
   Increment on tard indicator:     0.0
   Value of tmax indicator:         7.0

Task for patient = 34 with skills = {1,-1} and cost = 208.0
   Vehicle #0 = 3, leaving at = 825.0
   Vehicle #1 = -1, leaving at = inf
   Increment on distance indicator: 2.0
   Increment on tard indicator:     0.0
   Value of tmax indicator:         2.0

Task for patient = 3 with skills = {0,4} and cost = 207.3
   Vehicle #0 = 4, leaving at = 915.0
   Vehicle #1 = 13, leaving at = 906.0
   Increment on distance indicator: 50.0
   Increment on tard indicator:     0.0
   Value of tmax indicator:         50.0

Task for patient = 41 with skills = {3,-1} and cost = 190.7
   Vehicle #0 = 12, leaving at = 667.0
   Vehicle #1 = -1, leaving at = inf
   Increment on distance indicator: 28.0
   Increment on tard indicator:     0.0
   Value of tmax indicator:         28.0

Task for patient = 11 with skills = {3,-1} and cost = 181.3
   Vehicle #0 = 9, leaving at = 743.0
   Vehicle #1 = -1, leaving at = inf
   Increment on distance indicator: 14.0
   Increment on tard indicator:     0.0
   Value of tmax indicator:         14.0

Task for patient = 74 with skills = {2,-1} and cost = 176.7
   Vehicle #0 = 3, leaving at = 768.0
   Vehicle #1 = -1, leaving at = inf
   Increment on distance indicator: 2.0
   Increment on tard indicator:     0.0
   Value of tmax indicator:         2.0

Task for patient = 62 with skills = {3,-1} and cost = 176.0
   Vehicle #0 = 10, leaving at = 751.0
   Vehicle #1 = -1, leaving at = inf
   Increment on distance indicator: 23.0
   Increment on tard indicator:     0.0
   Value of tmax indicator:         23.0

Task for patient = 52 with skills = {5,-1} and cost = 168.3
   Vehicle #0 = 13, leaving at = 840.0
   Vehicle #1 = -1, leaving at = inf
   Increment on distance indicator: 5.0
   Increment on tard indicator:     0.0
   Value of tmax indicator:         5.0

Task for patient = 56 with skills = {4,-1} and cost = 166.7
   Vehicle #0 = 7, leaving at = 897.0
   Vehicle #1 = -1, leaving at = inf
   Increment on distance indicator: 2.0
   Increment on tard indicator:     0.0
   Value of tmax indicator:         2.0

Task for patient = 70 with skills = {0,3} and cost = 218.3
   Vehicle #0 = 4, leaving at = 969.0
   Vehicle #1 = 11, leaving at = 986.0
   Increment on distance indicator: 31.0
   Increment on tard indicator:     0.0
   Value of tmax indicator:         31.0

Task for patient = 20 with skills = {1,3} and cost = 290.3
   Vehicle #0 = 0, leaving at = 1056.0
   Vehicle #1 = 12, leaving at = 1053.0
   Increment on distance indicator: 27.0
   Increment on tard indicator:     0.0
   Value of tmax indicator:         27.0

Task for patient = 42 with skills = {1,4} and cost = 278.3
   Vehicle #0 = 0, leaving at = 1003.0
   Vehicle #1 = 7, leaving at = 1053.0
   Increment on distance indicator: 11.0
   Increment on tard indicator:     0.0
   Value of tmax indicator:         11.0

Task for patient = 8 with skills = {2,-1} and cost = 274.7
   Vehicle #0 = 3, leaving at = 1018.0
   Vehicle #1 = -1, leaving at = inf
   Increment on distance indicator: 5.0
   Increment on tard indicator:     0.0
   Value of tmax indicator:         5.0

Task for patient = 2 with skills = {4,-1} and cost = 273.0
   Vehicle #0 = 14, leaving at = 1019.0
   Vehicle #1 = -1, leaving at = inf
   Increment on distance indicator: 5.0
   Increment on tard indicator:     0.0
   Value of tmax indicator:         5.0

Task for patient = 33 with skills = {4,-1} and cost = 271.3
   Vehicle #0 = 11, leaving at = 1052.0
   Vehicle #1 = -1, leaving at = inf
   Increment on distance indicator: 5.0
   Increment on tard indicator:     0.0
   Value of tmax indicator:         5.0

Task for patient = 72 with skills = {1,3} and cost = 269.7
   Vehicle #0 = 3, leaving at = 981.0
   Vehicle #1 = 9, leaving at = 1016.0
   Increment on distance indicator: 8.0
   Increment on tard indicator:     0.0
   Value of tmax indicator:         8.0

Task for patient = 44 with skills = {1,-1} and cost = 267.0
   Vehicle #0 = 5, leaving at = 1026.0
   Vehicle #1 = -1, leaving at = inf
   Increment on distance indicator: 2.0
   Increment on tard indicator:     0.0
   Value of tmax indicator:         2.0

Task for patient = 1 with skills = {0,4} and cost = 266.3
   Vehicle #0 = 5, leaving at = 991.0
   Vehicle #1 = 14, leaving at = 997.0
   Increment on distance indicator: 13.0
   Increment on tard indicator:     0.0
   Value of tmax indicator:         13.0

Task for patient = 54 with skills = {4,-1} and cost = 243.0
   Vehicle #0 = 7, leaving at = 996.0
   Vehicle #1 = -1, leaving at = inf
   Increment on distance indicator: 2.0
   Increment on tard indicator:     0.0
   Value of tmax indicator:         2.0

Task for patient = 64 with skills = {3,-1} and cost = 259.3
   Vehicle #0 = 9, leaving at = 965.0
   Vehicle #1 = -1, leaving at = inf
   Increment on distance indicator: 4.0
   Increment on tard indicator:     0.0
   Value of tmax indicator:         4.0

Task for patient = 26 with skills = {0,-1} and cost = 258.0
   Vehicle #0 = 2, leaving at = 1037.0
   Vehicle #1 = -1, leaving at = inf
   Increment on distance indicator: 5.0
   Increment on tard indicator:     0.0
   Value of tmax indicator:         5.0

Task for patient = 37 with skills = {2,-1} and cost = 256.3
   Vehicle #0 = 2, leaving at = 994.0
   Vehicle #1 = -1, leaving at = inf
   Increment on distance indicator: 4.0
   Increment on tard indicator:     0.0
   Value of tmax indicator:         4.0

Task for patient = 18 with skills = {5,-1} and cost = 255.0
   Vehicle #0 = 8, leaving at = 997.0
   Vehicle #1 = -1, leaving at = inf
   Increment on distance indicator: 3.0
   Increment on tard indicator:     0.0
   Value of tmax indicator:         3.0

Task for patient = 32 with skills = {1,3} and cost = 254.0
   Vehicle #0 = 0, leaving at = 929.0
   Vehicle #1 = 9, leaving at = 904.0
   Increment on distance indicator: 10.0
   Increment on tard indicator:     0.0
   Value of tmax indicator:         10.0

Task for patient = 30 with skills = {0,5} and cost = 250.7
   Vehicle #0 = 2, leaving at = 972.0
   Vehicle #1 = 8, leaving at = 974.0
   Increment on distance indicator: 16.0
   Increment on tard indicator:     0.0
   Value of tmax indicator:         16.0

Task for patient = 13 with skills = {1,-1} and cost = 245.3
   Vehicle #0 = 2, leaving at = 919.0
   Vehicle #1 = -1, leaving at = inf
   Increment on distance indicator: 2.0
   Increment on tard indicator:     0.0
   Value of tmax indicator:         2.0

Task for patient = 58 with skills = {4,-1} and cost = 244.7
   Vehicle #0 = 14, leaving at = 954.0
   Vehicle #1 = -1, leaving at = inf
   Increment on distance indicator: 5.0
   Increment on tard indicator:     0.0
   Value of tmax indicator:         5.0

Task for patient = 51 with skills = {1,-1} and cost = 262.0
   Vehicle #0 = 0, leaving at = 973.0
   Vehicle #1 = -1, leaving at = inf
   Increment on distance indicator: 8.0
   Increment on tard indicator:     0.0
   Value of tmax indicator:         8.0

Task for patient = 59 with skills = {4,-1} and cost = 117.3
   Vehicle #0 = 13, leaving at = 670.0
   Vehicle #1 = -1, leaving at = inf
   Increment on distance indicator: 3.0
   Increment on tard indicator:     0.0
   Value of tmax indicator:         3.0

Task for patient = 22 with skills = {3,-1} and cost = 116.3
   Vehicle #0 = 13, leaving at = 618.0
   Vehicle #1 = -1, leaving at = inf
   Increment on distance indicator: 4.0
   Increment on tard indicator:     0.0
   Value of tmax indicator:         4.0

Task for patient = 10 with skills = {1,-1} and cost = 115.0
   Vehicle #0 = 0, leaving at = 717.0
   Vehicle #1 = -1, leaving at = inf
   Increment on distance indicator: 5.0
   Increment on tard indicator:     0.0
   Value of tmax indicator:         5.0

Task for patient = 29 with skills = {3,-1} and cost = 113.3
   Vehicle #0 = 13, leaving at = 597.0
   Vehicle #1 = -1, leaving at = inf
   Increment on distance indicator: 3.0
   Increment on tard indicator:     0.0
   Value of tmax indicator:         3.0

Task for patient = 39 with skills = {5,-1} and cost = 112.3
   Vehicle #0 = 8, leaving at = 784.0
   Vehicle #1 = -1, leaving at = inf
   Increment on distance indicator: 6.0
   Increment on tard indicator:     0.0
   Value of tmax indicator:         6.0

Task for patient = 60 with skills = {4,-1} and cost = 110.3
   Vehicle #0 = 11, leaving at = 619.0
   Vehicle #1 = -1, leaving at = inf
   Increment on distance indicator: 5.0
   Increment on tard indicator:     0.0
   Value of tmax indicator:         5.0

Task for patient = 4 with skills = {1,4} and cost = 108.7
   Vehicle #0 = 3, leaving at = 529.0
   Vehicle #1 = 13, leaving at = 564.0
   Increment on distance indicator: 48.0
   Increment on tard indicator:     0.0
   Value of tmax indicator:         48.0

Task for patient = 25 with skills = {2,4} and cost = 92.7
   Vehicle #0 = 2, leaving at = 799.0
   Vehicle #1 = 7, leaving at = 810.0
   Increment on distance indicator: 9.0
   Increment on tard indicator:     0.0
   Value of tmax indicator:         9.0

Task for patient = 47 with skills = {0,-1} and cost = 166.0
   Vehicle #0 = 4, leaving at = 791.0
   Vehicle #1 = -1, leaving at = inf
   Increment on distance indicator: 15.0
   Increment on tard indicator:     0.0
   Value of tmax indicator:         15.0

Task for patient = 73 with skills = {4,-1} and cost = 81.7
   Vehicle #0 = 7, leaving at = 773.0
   Vehicle #1 = -1, leaving at = inf
   Increment on distance indicator: 6.0
   Increment on tard indicator:     0.0
   Value of tmax indicator:         6.0

Task for patient = 57 with skills = {1,-1} and cost = 79.7
   Vehicle #0 = 1, leaving at = 586.0
   Vehicle #1 = -1, leaving at = inf
   Increment on distance indicator: 25.0
   Increment on tard indicator:     0.0
   Value of tmax indicator:         25.0

Task for patient = 61 with skills = {0,3} and cost = 71.3
   Vehicle #0 = 4, leaving at = 633.0
   Vehicle #1 = 9, leaving at = 639.0
   Increment on distance indicator: 33.0
   Increment on tard indicator:     0.0
   Value of tmax indicator:         33.0

Task for patient = 15 with skills = {3,-1} and cost = 60.3
   Vehicle #0 = 9, leaving at = 604.0
   Vehicle #1 = -1, leaving at = inf
   Increment on distance indicator: 32.0
   Increment on tard indicator:     0.0
   Value of tmax indicator:         32.0

Task for patient = 14 with skills = {2,4} and cost = 49.7
   Vehicle #0 = 2, leaving at = 734.0
   Vehicle #1 = 7, leaving at = 716.0
   Increment on distance indicator: 42.0
   Increment on tard indicator:     0.0
   Value of tmax indicator:         42.0

Task for patient = 31 with skills = {0,4} and cost = 35.7
   Vehicle #0 = 2, leaving at = 656.0
   Vehicle #1 = 7, leaving at = 646.0
   Increment on distance indicator: 29.0
   Increment on tard indicator:     0.0
   Value of tmax indicator:         29.0

Task for patient = 43 with skills = {3,-1} and cost = 26.0
   Vehicle #0 = 7, leaving at = 531.0
   Vehicle #1 = -1, leaving at = inf
   Increment on distance indicator: 27.0
   Increment on tard indicator:     0.0
   Value of tmax indicator:         27.0

Task for patient = 65 with skills = {1,5} and cost = 17.0
   Vehicle #0 = 0, leaving at = 694.0
   Vehicle #1 = 8, leaving at = 734.0
   Increment on distance indicator: 27.0
   Increment on tard indicator:     0.0
   Value of tmax indicator:         27.0

Task for patient = 68 with skills = {1,-1} and cost = 8.0
   Vehicle #0 = 0, leaving at = 664.0
   Vehicle #1 = -1, leaving at = inf
   Increment on distance indicator: 24.0
   Increment on tard indicator:     0.0
   Value of tmax indicator:         24.0

Task for patient = 67 with skills = {5,-1} and cost = 89.7
   Vehicle #0 = 11, leaving at = 574.0
   Vehicle #1 = -1, leaving at = inf
   Increment on distance indicator: 24.0
   Increment on tard indicator:     0.0
   Value of tmax indicator:         24.0

Task for patient = 45 with skills = {2,4} and cost = 161.0
   Vehicle #0 = 5, leaving at = 777.0
   Vehicle #1 = 14, leaving at = 805.0
   Increment on distance indicator: 6.0
   Increment on tard indicator:     0.0
   Value of tmax indicator:         6.0

Task for patient = 7 with skills = {0,-1} and cost = 159.0
   Vehicle #0 = 2, leaving at = 869.0
   Vehicle #1 = -1, leaving at = inf
   Increment on distance indicator: 3.0
   Increment on tard indicator:     0.0
   Value of tmax indicator:         3.0

Task for patient = 50 with skills = {2,-1} and cost = 158.0
   Vehicle #0 = 5, leaving at = 743.0
   Vehicle #1 = -1, leaving at = inf
   Increment on distance indicator: 4.0
   Increment on tard indicator:     0.0
   Value of tmax indicator:         4.0

Task for patient = 48 with skills = {4,-1} and cost = 156.7
   Vehicle #0 = 13, leaving at = 797.0
   Vehicle #1 = -1, leaving at = inf
   Increment on distance indicator: 3.0
   Increment on tard indicator:     0.0
   Value of tmax indicator:         3.0

Task for patient = 66 with skills = {4,-1} and cost = 155.7
   Vehicle #0 = 14, leaving at = 746.0
   Vehicle #1 = -1, leaving at = inf
   Increment on distance indicator: 2.0
   Increment on tard indicator:     0.0
   Value of tmax indicator:         2.0

Task for patient = 36 with skills = {4,-1} and cost = 155.0
   Vehicle #0 = 13, leaving at = 750.0
   Vehicle #1 = -1, leaving at = inf
   Increment on distance indicator: 6.0
   Increment on tard indicator:     0.0
   Value of tmax indicator:         6.0

Task for patient = 24 with skills = {2,-1} and cost = 153.0
   Vehicle #0 = 5, leaving at = 696.0
   Vehicle #1 = -1, leaving at = inf
   Increment on distance indicator: 3.0
   Increment on tard indicator:     0.0
   Value of tmax indicator:         3.0

Task for patient = 27 with skills = {2,4} and cost = 152.0
   Vehicle #0 = 5, leaving at = 667.0
   Vehicle #1 = 14, leaving at = 657.0
   Increment on distance indicator: 15.0
   Increment on tard indicator:     0.0
   Value of tmax indicator:         15.0

Task for patient = 63 with skills = {1,-1} and cost = 118.3
   Vehicle #0 = 3, leaving at = 661.0
   Vehicle #1 = -1, leaving at = inf
   Increment on distance indicator: 3.0
   Increment on tard indicator:     0.0
   Value of tmax indicator:         3.0

Task for patient = 17 with skills = {3,-1} and cost = 136.3
   Vehicle #0 = 9, leaving at = 686.0
   Vehicle #1 = -1, leaving at = inf
   Increment on distance indicator: 6.0
   Increment on tard indicator:     0.0
   Value of tmax indicator:         6.0

Task for patient = 28 with skills = {1,-1} and cost = 134.3
   Vehicle #0 = 0, leaving at = 755.0
   Vehicle #1 = -1, leaving at = inf
   Increment on distance indicator: 2.0
   Increment on tard indicator:     0.0
   Value of tmax indicator:         2.0

Task for patient = 55 with skills = {0,-1} and cost = 133.7
   Vehicle #0 = 4, leaving at = 725.0
   Vehicle #1 = -1, leaving at = inf
   Increment on distance indicator: 2.0
   Increment on tard indicator:     0.0
   Value of tmax indicator:         2.0

Task for patient = 69 with skills = {4,-1} and cost = 133.0
   Vehicle #0 = 7, leaving at = 857.0
   Vehicle #1 = -1, leaving at = inf
   Increment on distance indicator: 5.0
   Increment on tard indicator:     0.0
   Value of tmax indicator:         5.0

Task for patient = 12 with skills = {1,-1} and cost = 131.3
   Vehicle #0 = 5, leaving at = 599.0
   Vehicle #1 = -1, leaving at = inf
   Increment on distance indicator: 23.0
   Increment on tard indicator:     0.0
   Value of tmax indicator:         23.0

Task for patient = 49 with skills = {0,-1} and cost = 123.7
   Vehicle #0 = 4, leaving at = 685.0
   Vehicle #1 = -1, leaving at = inf
   Increment on distance indicator: 3.0
   Increment on tard indicator:     0.0
   Value of tmax indicator:         3.0

Task for patient = 5 with skills = {0,3} and cost = 122.7
   Vehicle #0 = 2, leaving at = 828.0
   Vehicle #1 = 7, leaving at = 831.0
   Increment on distance indicator: 4.0
   Increment on tard indicator:     0.0
   Value of tmax indicator:         4.0

Task for patient = 9 with skills = {2,-1} and cost = 121.3
   Vehicle #0 = 3, leaving at = 719.0
   Vehicle #1 = -1, leaving at = inf
   Increment on distance indicator: 3.0
   Increment on tard indicator:     0.0
   Value of tmax indicator:         3.0

Task for patient = 21 with skills = {4,-1} and cost = 120.3
   Vehicle #0 = 13, leaving at = 720.0
   Vehicle #1 = -1, leaving at = inf
   Increment on distance indicator: 6.0
   Increment on tard indicator:     0.0
   Value of tmax indicator:         6.0

Task for patient = 75 with skills = {4,-1} and cost = 147.0
   Vehicle #0 = 14, leaving at = 617.0
   Vehicle #1 = -1, leaving at = inf
   Increment on distance indicator: 32.0
   Increment on tard indicator:     0.0
   Value of tmax indicator:         32.0


Unused vehicle list: 6 (total = 1 out of 15)

---
Search finished.
Total of 1900 generations in 74.5 seconds.
Exchange elite runs: 23
Implicit path relinking runs: 10
Reset attempts: 1

Best solution found:
   Cost: 393.0
   Total travel time: 1179.0
   Total tardiness time: 0.0
   Largest tardiness: 0.0


393.0
