This host is: shiva
--- BRKGA-MP-IPR for HHCRSP ---
Instance: /home/alberto/work/hhcrsp-dataset-2021/dataset2/HHCRSP_100_20_31_1.6_R_C.txt
Seed: 9

Reading data... Problem contains 100 patients  and 20 caregivers.

Summary of supply x demand for each service type:
Skill 0 has supply = 7 and demand = 19, ratio = 0.368421
Skill 1 has supply = 9 and demand = 28, ratio = 0.321429
Skill 2 has supply = 5 and demand = 19, ratio = 0.263158
Skill 3 has supply = 8 and demand = 24, ratio = 0.333333
Skill 4 has supply = 8 and demand = 23, ratio = 0.347826
Skill 5 has supply = 6 and demand = 17, ratio = 0.352941

Reading parameters...
Inferred distance function by PR type: kendall-tau
Building BRKGA data and initializing...
Evolving 1900 generations...

  Gens  Rem    Local   ElDiv NoImpr             Best solution            Time  Op
                                       Cost     Dist    Tard    TMax 
*    0 1900  1431.33  218.82      0  1431.33  2029.00  1967.0   298.0     0.1    
*    2 1898  1393.00  180.52      0  1393.00  2033.00  1908.0   238.0     0.3    
*    4 1896  1280.67  142.24      0  1280.67  2016.00  1217.0   240.0     0.5    
*    5 1895  1157.67  129.35      0  1157.67  2001.00   945.0   218.0     0.6    
*    6 1894  1054.67  125.11      0  1054.67  2044.00   563.0   228.0     0.7    
*    7 1893   945.00  117.16      0   945.00  1985.00   545.0   158.0     0.8    
*    8 1892   896.00  105.55      0   896.00  1870.00   674.0   138.0     0.9    
*    9 1891   894.00   93.07      0   894.00  1870.00   674.0   138.0     1.0    
*   11 1889   780.67   79.09      0   780.67  1996.00   274.0    72.0     1.2    
*   13 1887   746.00   59.71      0   746.00  1997.00    87.0    65.0     1.4    
*   14 1886   716.33   51.99      0   716.33  1997.00    87.0    65.0     1.5    
*   17 1883   665.00   39.90      0   665.00  1910.00    63.0    22.0     1.8    
*   19 1881   637.67   32.17      0   637.67  1847.00    51.0    15.0     2.0    
*   21 1879   624.33   25.60      0   624.33  1847.00    21.0     5.0     2.2    
*   25 1875   622.00   16.36      0   622.00  1748.00    47.0    22.0     2.6    

  Gens  Rem    Local   ElDiv NoImpr             Best solution            Time  Op
                                       Cost     Dist    Tard    TMax 
*   26 1874   605.67   15.73      0   605.67  1729.00     4.0     2.0     2.7    
*   27 1873   578.33   15.64      0   578.33  1729.00     4.0     2.0     2.8    
*   33 1867   570.33   12.51      0   570.33  1696.00    10.0     5.0     3.4    
*   36 1864   567.33   11.42      0   567.33  1614.00    30.0    16.0     3.7    
*   37 1863   553.33   10.94      0   553.33  1614.00    30.0    16.0     3.8    
*   42 1858   548.00   10.10      0   548.00  1612.00    21.0    11.0     4.4    
*   45 1855   537.33   10.34      0   537.33  1603.00     5.0     4.0     4.7    
*   48 1852   522.33   10.67      0   522.33  1520.00    34.0    13.0     5.0    
    50 1850   522.33    9.85      2   522.33  1520.00    34.0    13.0     5.2    
*   55 1845   521.67    9.10      0   521.67  1548.00     9.0     8.0     5.7    
*   63 1837   518.00    7.27      0   518.00  1532.00    18.0     4.0     6.5    
*   66 1834   513.33    7.42      0   513.33  1540.00     0.0     0.0     6.8    
*   68 1832   506.00    7.16      0   506.00  1498.00    14.0     6.0     7.0    
*   73 1827   494.67    7.03      0   494.67  1441.00    30.0    13.0     7.5    
    80 1820   494.67    5.55      8   494.67  1441.00    30.0    13.0     8.2   X
   100 1800   494.67    4.87     27   494.67  1441.00    30.0    13.0    10.2    

  Gens  Rem    Local   ElDiv NoImpr             Best solution            Time  Op
                                       Cost     Dist    Tard    TMax 
*  103 1797   494.00    4.94      0   494.00  1456.00    17.0     9.0    10.5    
*  136 1764   488.00    4.39      0   488.00  1449.00     9.0     6.0    13.8    
*  143 1757   484.67    4.43      0   484.67  1448.00     3.0     3.0    14.5    
   150 1750   484.67    4.30      7   484.67  1448.00     3.0     3.0    15.2    
   160 1740   484.67    3.76     18   484.67  1448.00     3.0     3.0    16.2   X
Path relinking result: best improvement.
   180 1720   481.00    3.99      0   484.67  1448.00     3.0     3.0    18.3   P
*  181 1719   481.00    4.00      0   481.00  1422.00    11.0    10.0    18.4    
*  192 1708   480.00    4.15      0   480.00  1433.00     4.0     3.0    19.5    
   200 1700   480.00    4.22      8   480.00  1433.00     4.0     3.0    20.3    
*  240 1660   479.33    4.36      0   479.33  1428.00     5.0     5.0    24.3    
   240 1660   479.33    4.72      1   479.33  1428.00     5.0     5.0    24.3   X
   250 1650   479.33    4.65     10   479.33  1428.00     5.0     5.0    25.3    
*  267 1633   477.67    4.77      0   477.67  1370.00    49.0    14.0    27.0    
*  287 1613   473.33    4.81      0   473.33  1418.00     1.0     1.0    29.0    
   300 1600   473.33    4.85     13   473.33  1418.00     1.0     1.0    30.3    
   320 1580   473.33    3.91     34   473.33  1418.00     1.0     1.0    32.3   X

  Gens  Rem    Local   ElDiv NoImpr             Best solution            Time  Op
                                       Cost     Dist    Tard    TMax 
   350 1550   473.33    3.71     63   473.33  1418.00     1.0     1.0    35.3    
Path relinking result: elite improvement.
   360 1540   473.33    3.68     74   473.33  1418.00     1.0     1.0    36.4   P
   366 1534      inf  220.56      0   473.33  1418.00     1.0     1.0    37.0   R
   367 1533  1562.67  206.42      0   473.33  1418.00     1.0     1.0    37.1    
   400 1500   589.33   10.97      0   473.33  1418.00     1.0     1.0    40.4    
   400 1500   570.67    8.75      0   473.33  1418.00     1.0     1.0    40.4   X
   450 1450   505.33    6.57      3   473.33  1418.00     1.0     1.0    45.5    
   480 1420   478.67    5.74      8   473.33  1418.00     1.0     1.0    48.5   X
   500 1400   478.33    5.51     17   473.33  1418.00     1.0     1.0    50.5    
Path relinking result: best improvement.
   540 1360   473.67    5.43      0   473.33  1418.00     1.0     1.0    54.5   P
*  548 1352   472.33    5.66      0   472.33  1357.00    24.0    12.0    55.4    
*  549 1351   464.33    5.59      0   464.33  1357.00    24.0    12.0    55.5    
   550 1350   464.33    5.59      1   464.33  1357.00    24.0    12.0    55.6    
   560 1340   464.33    5.04     12   464.33  1357.00    24.0    12.0    56.6   X
   600 1300   464.33    4.59     51   464.33  1357.00    24.0    12.0    60.6    
   628 1272      inf  244.25      0   464.33  1357.00    24.0    12.0    63.4   R

  Gens  Rem    Local   ElDiv NoImpr             Best solution            Time  Op
                                       Cost     Dist    Tard    TMax 
   629 1271  1687.67  201.84      0   464.33  1357.00    24.0    12.0    63.5    
   640 1260   733.67   55.71      3   464.33  1357.00    24.0    12.0    64.7   X
   650 1250   622.67   21.01      1   464.33  1357.00    24.0    12.0    65.7    
   700 1200   500.00    6.59      1   464.33  1357.00    24.0    12.0    70.7    
Path relinking result: best improvement.
   720 1180   474.00    5.84      0   464.33  1357.00    24.0    12.0    72.7  PX
   750 1150   470.33    5.74      4   464.33  1357.00    24.0    12.0    75.7    
*  792 1108   460.67    5.10      0   460.67  1382.00     0.0     0.0    80.0    
*  798 1102   458.00    5.07      0   458.00  1351.00    16.0     7.0    80.6    
   800 1100   458.00    5.03      2   458.00  1351.00    16.0     7.0    80.8    
   800 1100   458.00    3.85      3   458.00  1351.00    16.0     7.0    80.8   X
*  809 1091   455.33    3.94      0   455.33  1364.00     1.0     1.0    81.7    
*  813 1087   450.33    4.19      0   450.33  1351.00     0.0     0.0    82.1    
*  826 1074   449.67    4.63      0   449.67  1349.00     0.0     0.0    83.4    
*  843 1057   447.67    5.21      0   447.67  1343.00     0.0     0.0    85.1    
   850 1050   447.67    5.31      7   447.67  1343.00     0.0     0.0    85.8    
   880 1020   447.67    5.10     38   447.67  1343.00     0.0     0.0    88.8   X

  Gens  Rem    Local   ElDiv NoImpr             Best solution            Time  Op
                                       Cost     Dist    Tard    TMax 
*  883 1017   445.00    5.11      0   445.00  1333.00     1.0     1.0    89.1    
   900 1000   445.00    4.79     17   445.00  1333.00     1.0     1.0    90.8    
Path relinking result: elite improvement.
   900 1000   445.00    4.85     18   445.00  1333.00     1.0     1.0    90.8   P
*  938  962   443.67    3.86      0   443.67  1331.00     0.0     0.0    94.6    
   950  950   443.67    3.69     12   443.67  1331.00     0.0     0.0    95.8    
*  953  947   443.00    3.71      0   443.00  1323.00     4.0     2.0    96.1    
   960  940   443.00    2.14      8   443.00  1323.00     4.0     2.0    96.8   X
*  962  938   441.00    2.17      0   441.00  1323.00     0.0     0.0    97.0    
*  975  925   440.67    2.14      0   440.67  1322.00     0.0     0.0    98.3    
  1000  900   440.67    2.27     25   440.67  1322.00     0.0     0.0   100.8    
* 1001  899   440.33    2.27      0   440.33  1321.00     0.0     0.0   100.9    
* 1007  893   439.00    2.37      0   439.00  1317.00     0.0     0.0   101.5    
  1040  860   439.00    2.00     34   439.00  1317.00     0.0     0.0   104.8   X
* 1047  853   438.67    2.02      0   438.67  1316.00     0.0     0.0   105.5    
  1050  850   438.67    2.02      3   438.67  1316.00     0.0     0.0   105.8    
Path relinking result: elite improvement.
  1080  820   438.67    1.94     34   438.67  1316.00     0.0     0.0   108.8   P

  Gens  Rem    Local   ElDiv NoImpr             Best solution            Time  Op
                                       Cost     Dist    Tard    TMax 
* 1093  807   435.33    1.94      0   435.33  1283.00    13.0    10.0   110.1    
  1100  800   435.33    1.93      7   435.33  1283.00    13.0    10.0   110.8    
  1120  780   435.33    1.30     28   435.33  1283.00    13.0    10.0   112.8   X
  1150  750   435.33    1.26     57   435.33  1283.00    13.0    10.0   115.8    
* 1159  741   434.67    1.31      0   434.67  1304.00     0.0     0.0   116.7    
* 1172  728   433.67    1.33      0   433.67  1301.00     0.0     0.0   118.1    
* 1199  701   427.33    1.47      0   427.33  1265.00    10.0     7.0   120.8    
  1200  700   427.33    1.47      1   427.33  1265.00    10.0     7.0   120.9    
  1200  700   427.33    1.57      2   427.33  1265.00    10.0     7.0   120.9   X
  1250  650   427.33    1.72     51   427.33  1265.00    10.0     7.0   125.9    
Path relinking result: elite improvement.
  1260  640   427.33    1.78     62   427.33  1265.00    10.0     7.0   126.9   P
  1278  622      inf  278.59      0   427.33  1265.00    10.0     7.0   128.7   R
  1279  621  1473.00  216.77      0   427.33  1265.00    10.0     7.0   128.8    
  1280  620  1473.00  154.08      2   427.33  1265.00    10.0     7.0   128.9   X
  1300  600   584.00   20.99      1   427.33  1265.00    10.0     7.0   131.0    
  1350  550   498.67    8.81      1   427.33  1265.00    10.0     7.0   136.0    

  Gens  Rem    Local   ElDiv NoImpr             Best solution            Time  Op
                                       Cost     Dist    Tard    TMax 
  1360  540   497.67    4.59      4   427.33  1265.00    10.0     7.0   137.0   X
  1400  500   480.33    4.94     22   427.33  1265.00    10.0     7.0   141.0    
Path relinking result: best improvement.
  1440  460   478.67    4.89      0   427.33  1265.00    10.0     7.0   145.1  PX
  1450  450   473.33    4.82      2   427.33  1265.00    10.0     7.0   146.1    
  1500  400   458.67    4.12     34   427.33  1265.00    10.0     7.0   151.1    
  1520  380   458.67    3.44     55   427.33  1265.00    10.0     7.0   153.1   X
  1545  355      inf  270.01      0   427.33  1265.00    10.0     7.0   155.7   R
  1546  354  1491.00  221.09      0   427.33  1265.00    10.0     7.0   155.8    
  1550  350  1103.00  160.41      0   427.33  1265.00    10.0     7.0   156.2    
  1600  300   515.00    9.69      1   427.33  1265.00    10.0     7.0   161.2    
  1600  300   515.00    8.57      2   427.33  1265.00    10.0     7.0   161.2   X
Path relinking result: elite improvement.
  1620  280   499.67    7.23      0   427.33  1265.00    10.0     7.0   163.2   P
  1650  250   485.33    5.35      4   427.33  1265.00    10.0     7.0   166.2    
  1680  220   456.00    5.32      5   427.33  1265.00    10.0     7.0   169.3   X
  1700  200   456.00    5.26     24   427.33  1265.00    10.0     7.0   171.3    
  1750  150   452.67    4.74      3   427.33  1265.00    10.0     7.0   176.3    

  Gens  Rem    Local   ElDiv NoImpr             Best solution            Time  Op
                                       Cost     Dist    Tard    TMax 
  1760  140   448.00    5.43      1   427.33  1265.00    10.0     7.0   177.3   X
  1800  100   444.33    4.94      2   427.33  1265.00    10.0     7.0   181.3    
Path relinking result: elite improvement.
  1800  100   444.33    5.00      3   427.33  1265.00    10.0     7.0   181.3   P
  1840   60   441.67    2.34     14   427.33  1265.00    10.0     7.0   185.3   X
  1850   50   441.67    2.32     23   427.33  1265.00    10.0     7.0   186.3    
  1900    0   430.00    2.50      7   427.33  1265.00    10.0     7.0   191.2    
Evolutionary process finished.
Solution written to 'solution-12452.txt'.

Sorted sequence of worst to best tardiness value:
Task for patient = 51 with skills = {0,-1} and cost = 237.7
   Vehicle #0 = 6, leaving at = 976.0
   Vehicle #1 = -1, leaving at = inf
   Increment on distance indicator: 6.0
   Increment on tard indicator:     6.0
   Value of tmax indicator:         6.0

Task for patient = 57 with skills = {0,-1} and cost = 239.3
   Vehicle #0 = 4, leaving at = 1006.0
   Vehicle #1 = -1, leaving at = inf
   Increment on distance indicator: 3.0
   Increment on tard indicator:     0.0
   Value of tmax indicator:         3.0

Task for patient = 32 with skills = {2,-1} and cost = 238.3
   Vehicle #0 = 5, leaving at = 1010.0
   Vehicle #1 = -1, leaving at = inf
   Increment on distance indicator: 2.0
   Increment on tard indicator:     0.0
   Value of tmax indicator:         2.0

Task for patient = 62 with skills = {1,-1} and cost = 231.7
   Vehicle #0 = 1, leaving at = 899.0
   Vehicle #1 = -1, leaving at = inf
   Increment on distance indicator: 9.0
   Increment on tard indicator:     0.0
   Value of tmax indicator:         9.0

Task for patient = 34 with skills = {1,4} and cost = 228.7
   Vehicle #0 = 4, leaving at = 963.0
   Vehicle #1 = 11, leaving at = 978.0
   Increment on distance indicator: 7.0
   Increment on tard indicator:     0.0
   Value of tmax indicator:         7.0

Task for patient = 42 with skills = {2,4} and cost = 226.3
   Vehicle #0 = 6, leaving at = 935.0
   Vehicle #1 = 11, leaving at = 935.0
   Increment on distance indicator: 8.0
   Increment on tard indicator:     0.0
   Value of tmax indicator:         8.0

Task for patient = 35 with skills = {3,-1} and cost = 223.7
   Vehicle #0 = 10, leaving at = 926.0
   Vehicle #1 = -1, leaving at = inf
   Increment on distance indicator: 3.0
   Increment on tard indicator:     0.0
   Value of tmax indicator:         3.0

Task for patient = 16 with skills = {1,4} and cost = 222.7
   Vehicle #0 = 6, leaving at = 880.0
   Vehicle #1 = 11, leaving at = 871.0
   Increment on distance indicator: 7.0
   Increment on tard indicator:     0.0
   Value of tmax indicator:         7.0

Task for patient = 63 with skills = {1,-1} and cost = 220.3
   Vehicle #0 = 6, leaving at = 820.0
   Vehicle #1 = -1, leaving at = inf
   Increment on distance indicator: 3.0
   Increment on tard indicator:     0.0
   Value of tmax indicator:         3.0

Task for patient = 2 with skills = {1,-1} and cost = 219.3
   Vehicle #0 = 1, leaving at = 856.0
   Vehicle #1 = -1, leaving at = inf
   Increment on distance indicator: 5.0
   Increment on tard indicator:     0.0
   Value of tmax indicator:         5.0

Task for patient = 8 with skills = {0,-1} and cost = 217.7
   Vehicle #0 = 2, leaving at = 953.0
   Vehicle #1 = -1, leaving at = inf
   Increment on distance indicator: 8.0
   Increment on tard indicator:     0.0
   Value of tmax indicator:         8.0

Task for patient = 64 with skills = {0,3} and cost = 283.7
   Vehicle #0 = 2, leaving at = 1139.0
   Vehicle #1 = 16, leaving at = 1139.0
   Increment on distance indicator: 12.0
   Increment on tard indicator:     0.0
   Value of tmax indicator:         12.0

Task for patient = 21 with skills = {3,-1} and cost = 212.7
   Vehicle #0 = 16, leaving at = 955.0
   Vehicle #1 = -1, leaving at = inf
   Increment on distance indicator: 3.0
   Increment on tard indicator:     0.0
   Value of tmax indicator:         3.0

Task for patient = 96 with skills = {3,-1} and cost = 211.7
   Vehicle #0 = 13, leaving at = 982.0
   Vehicle #1 = -1, leaving at = inf
   Increment on distance indicator: 2.0
   Increment on tard indicator:     0.0
   Value of tmax indicator:         2.0

Task for patient = 79 with skills = {2,3} and cost = 211.0
   Vehicle #0 = 5, leaving at = 918.0
   Vehicle #1 = 16, leaving at = 923.0
   Increment on distance indicator: 3.0
   Increment on tard indicator:     0.0
   Value of tmax indicator:         3.0

Task for patient = 48 with skills = {5,-1} and cost = 210.0
   Vehicle #0 = 10, leaving at = 882.0
   Vehicle #1 = -1, leaving at = inf
   Increment on distance indicator: 4.0
   Increment on tard indicator:     0.0
   Value of tmax indicator:         4.0

Task for patient = 20 with skills = {3,-1} and cost = 208.7
   Vehicle #0 = 16, leaving at = 905.0
   Vehicle #1 = -1, leaving at = inf
   Increment on distance indicator: 1.0
   Increment on tard indicator:     0.0
   Value of tmax indicator:         1.0

Task for patient = 95 with skills = {5,-1} and cost = 208.3
   Vehicle #0 = 16, leaving at = 831.0
   Vehicle #1 = -1, leaving at = inf
   Increment on distance indicator: 3.0
   Increment on tard indicator:     0.0
   Value of tmax indicator:         3.0

Task for patient = 83 with skills = {4,-1} and cost = 207.3
   Vehicle #0 = 15, leaving at = 866.0
   Vehicle #1 = -1, leaving at = inf
   Increment on distance indicator: 3.0
   Increment on tard indicator:     0.0
   Value of tmax indicator:         3.0

Task for patient = 10 with skills = {1,4} and cost = 206.3
   Vehicle #0 = 1, leaving at = 813.0
   Vehicle #1 = 11, leaving at = 813.0
   Increment on distance indicator: 16.0
   Increment on tard indicator:     0.0
   Value of tmax indicator:         16.0

Task for patient = 88 with skills = {1,-1} and cost = 201.0
   Vehicle #0 = 4, leaving at = 907.0
   Vehicle #1 = -1, leaving at = inf
   Increment on distance indicator: 1.0
   Increment on tard indicator:     0.0
   Value of tmax indicator:         1.0

Task for patient = 27 with skills = {1,-1} and cost = 200.7
   Vehicle #0 = 4, leaving at = 887.0
   Vehicle #1 = -1, leaving at = inf
   Increment on distance indicator: 2.0
   Increment on tard indicator:     0.0
   Value of tmax indicator:         2.0

Task for patient = 47 with skills = {5,-1} and cost = 200.0
   Vehicle #0 = 10, leaving at = 860.0
   Vehicle #1 = -1, leaving at = inf
   Increment on distance indicator: 1.0
   Increment on tard indicator:     0.0
   Value of tmax indicator:         1.0

Task for patient = 4 with skills = {1,-1} and cost = 199.7
   Vehicle #0 = 2, leaving at = 920.0
   Vehicle #1 = -1, leaving at = inf
   Increment on distance indicator: 2.0
   Increment on tard indicator:     0.0
   Value of tmax indicator:         2.0

Task for patient = 23 with skills = {2,4} and cost = 215.0
   Vehicle #0 = 5, leaving at = 951.0
   Vehicle #1 = 15, leaving at = 997.0
   Increment on distance indicator: 7.0
   Increment on tard indicator:     0.0
   Value of tmax indicator:         7.0

Task for patient = 74 with skills = {4,-1} and cost = 279.7
   Vehicle #0 = 13, leaving at = 1129.0
   Vehicle #1 = -1, leaving at = inf
   Increment on distance indicator: 4.0
   Increment on tard indicator:     0.0
   Value of tmax indicator:         4.0

Task for patient = 44 with skills = {0,-1} and cost = 278.3
   Vehicle #0 = 4, leaving at = 1105.0
   Vehicle #1 = -1, leaving at = inf
   Increment on distance indicator: 3.0
   Increment on tard indicator:     0.0
   Value of tmax indicator:         3.0

Task for patient = 76 with skills = {1,-1} and cost = 277.3
   Vehicle #0 = 4, leaving at = 1052.0
   Vehicle #1 = -1, leaving at = inf
   Increment on distance indicator: 3.0
   Increment on tard indicator:     0.0
   Value of tmax indicator:         3.0

Task for patient = 3 with skills = {5,-1} and cost = 276.3
   Vehicle #0 = 10, leaving at = 1090.0
   Vehicle #1 = -1, leaving at = inf
   Increment on distance indicator: 1.0
   Increment on tard indicator:     0.0
   Value of tmax indicator:         1.0

Task for patient = 94 with skills = {4,-1} and cost = 276.0
   Vehicle #0 = 15, leaving at = 1121.0
   Vehicle #1 = -1, leaving at = inf
   Increment on distance indicator: 2.0
   Increment on tard indicator:     0.0
   Value of tmax indicator:         2.0

Task for patient = 30 with skills = {1,4} and cost = 275.3
   Vehicle #0 = 1, leaving at = 1094.0
   Vehicle #1 = 11, leaving at = 1155.0
   Increment on distance indicator: 8.0
   Increment on tard indicator:     0.0
   Value of tmax indicator:         8.0

Task for patient = 29 with skills = {1,-1} and cost = 272.7
   Vehicle #0 = 0, leaving at = 1132.0
   Vehicle #1 = -1, leaving at = inf
   Increment on distance indicator: 5.0
   Increment on tard indicator:     0.0
   Value of tmax indicator:         5.0

Task for patient = 77 with skills = {2,-1} and cost = 271.0
   Vehicle #0 = 5, leaving at = 1112.0
   Vehicle #1 = -1, leaving at = inf
   Increment on distance indicator: 3.0
   Increment on tard indicator:     0.0
   Value of tmax indicator:         3.0

Task for patient = 11 with skills = {3,-1} and cost = 270.0
   Vehicle #0 = 16, leaving at = 1044.0
   Vehicle #1 = -1, leaving at = inf
   Increment on distance indicator: 2.0
   Increment on tard indicator:     0.0
   Value of tmax indicator:         2.0

Task for patient = 12 with skills = {0,4} and cost = 269.3
   Vehicle #0 = 2, leaving at = 1084.0
   Vehicle #1 = 11, leaving at = 1098.0
   Increment on distance indicator: 18.0
   Increment on tard indicator:     0.0
   Value of tmax indicator:         18.0

Task for patient = 86 with skills = {5,-1} and cost = 263.3
   Vehicle #0 = 10, leaving at = 1041.0
   Vehicle #1 = -1, leaving at = inf
   Increment on distance indicator: 4.0
   Increment on tard indicator:     0.0
   Value of tmax indicator:         4.0

Task for patient = 52 with skills = {2,5} and cost = 241.0
   Vehicle #0 = 0, leaving at = 1041.0
   Vehicle #1 = 13, leaving at = 1041.0
   Increment on distance indicator: 5.0
   Increment on tard indicator:     0.0
   Value of tmax indicator:         5.0

Task for patient = 14 with skills = {0,4} and cost = 260.7
   Vehicle #0 = 6, leaving at = 1052.0
   Vehicle #1 = 11, leaving at = 1052.0
   Increment on distance indicator: 20.0
   Increment on tard indicator:     0.0
   Value of tmax indicator:         20.0

Task for patient = 15 with skills = {3,-1} and cost = 254.0
   Vehicle #0 = 13, leaving at = 1073.0
   Vehicle #1 = -1, leaving at = inf
   Increment on distance indicator: 2.0
   Increment on tard indicator:     0.0
   Value of tmax indicator:         2.0

Task for patient = 56 with skills = {1,5} and cost = 253.3
   Vehicle #0 = 2, leaving at = 993.0
   Vehicle #1 = 16, leaving at = 993.0
   Increment on distance indicator: 12.0
   Increment on tard indicator:     0.0
   Value of tmax indicator:         12.0

Task for patient = 5 with skills = {0,-1} and cost = 249.3
   Vehicle #0 = 5, leaving at = 1058.0
   Vehicle #1 = -1, leaving at = inf
   Increment on distance indicator: 1.0
   Increment on tard indicator:     0.0
   Value of tmax indicator:         1.0

Task for patient = 39 with skills = {2,-1} and cost = 249.0
   Vehicle #0 = 1, leaving at = 1011.0
   Vehicle #1 = -1, leaving at = inf
   Increment on distance indicator: 3.0
   Increment on tard indicator:     0.0
   Value of tmax indicator:         3.0

Task for patient = 81 with skills = {1,-1} and cost = 248.0
   Vehicle #0 = 0, leaving at = 1091.0
   Vehicle #1 = -1, leaving at = inf
   Increment on distance indicator: 3.0
   Increment on tard indicator:     0.0
   Value of tmax indicator:         3.0

Task for patient = 41 with skills = {3,-1} and cost = 247.0
   Vehicle #0 = 12, leaving at = 902.0
   Vehicle #1 = -1, leaving at = inf
   Increment on distance indicator: 0.0
   Increment on tard indicator:     0.0
   Value of tmax indicator:         0.0

Task for patient = 67 with skills = {1,-1} and cost = 247.0
   Vehicle #0 = 1, leaving at = 973.0
   Vehicle #1 = -1, leaving at = inf
   Increment on distance indicator: 1.0
   Increment on tard indicator:     0.0
   Value of tmax indicator:         1.0

Task for patient = 59 with skills = {0,-1} and cost = 246.7
   Vehicle #0 = 6, leaving at = 1007.0
   Vehicle #1 = -1, leaving at = inf
   Increment on distance indicator: 5.0
   Increment on tard indicator:     0.0
   Value of tmax indicator:         5.0

Task for patient = 68 with skills = {4,-1} and cost = 245.0
   Vehicle #0 = 11, leaving at = 1006.0
   Vehicle #1 = -1, leaving at = inf
   Increment on distance indicator: 2.0
   Increment on tard indicator:     0.0
   Value of tmax indicator:         2.0

Task for patient = 93 with skills = {3,-1} and cost = 244.3
   Vehicle #0 = 15, leaving at = 1038.0
   Vehicle #1 = -1, leaving at = inf
   Increment on distance indicator: 2.0
   Increment on tard indicator:     0.0
   Value of tmax indicator:         2.0

Task for patient = 78 with skills = {1,5} and cost = 243.7
   Vehicle #0 = 1, leaving at = 940.0
   Vehicle #1 = 10, leaving at = 983.0
   Increment on distance indicator: 8.0
   Increment on tard indicator:     0.0
   Value of tmax indicator:         8.0

Task for patient = 9 with skills = {4,-1} and cost = 262.0
   Vehicle #0 = 15, leaving at = 1062.0
   Vehicle #1 = -1, leaving at = inf
   Increment on distance indicator: 4.0
   Increment on tard indicator:     0.0
   Value of tmax indicator:         4.0

Task for patient = 25 with skills = {2,-1} and cost = 144.0
   Vehicle #0 = 5, leaving at = 702.0
   Vehicle #1 = -1, leaving at = inf
   Increment on distance indicator: 2.0
   Increment on tard indicator:     0.0
   Value of tmax indicator:         2.0

Task for patient = 43 with skills = {5,-1} and cost = 143.3
   Vehicle #0 = 15, leaving at = 708.0
   Vehicle #1 = -1, leaving at = inf
   Increment on distance indicator: 1.0
   Increment on tard indicator:     0.0
   Value of tmax indicator:         1.0

Task for patient = 26 with skills = {0,-1} and cost = 143.0
   Vehicle #0 = 2, leaving at = 825.0
   Vehicle #1 = -1, leaving at = inf
   Increment on distance indicator: 3.0
   Increment on tard indicator:     0.0
   Value of tmax indicator:         3.0

Task for patient = 69 with skills = {1,-1} and cost = 142.0
   Vehicle #0 = 1, leaving at = 568.0
   Vehicle #1 = -1, leaving at = inf
   Increment on distance indicator: 39.0
   Increment on tard indicator:     0.0
   Value of tmax indicator:         39.0

Task for patient = 18 with skills = {2,3} and cost = 129.0
   Vehicle #0 = 5, leaving at = 685.0
   Vehicle #1 = 15, leaving at = 685.0
   Increment on distance indicator: 6.0
   Increment on tard indicator:     0.0
   Value of tmax indicator:         6.0

Task for patient = 40 with skills = {1,3} and cost = 127.0
   Vehicle #0 = 2, leaving at = 773.0
   Vehicle #1 = 10, leaving at = 773.0
   Increment on distance indicator: 6.0
   Increment on tard indicator:     0.0
   Value of tmax indicator:         6.0

Task for patient = 58 with skills = {1,4} and cost = 125.0
   Vehicle #0 = 5, leaving at = 631.0
   Vehicle #1 = 15, leaving at = 637.0
   Increment on distance indicator: 5.0
   Increment on tard indicator:     0.0
   Value of tmax indicator:         5.0

Task for patient = 70 with skills = {4,-1} and cost = 123.3
   Vehicle #0 = 11, leaving at = 688.0
   Vehicle #1 = -1, leaving at = inf
   Increment on distance indicator: 5.0
   Increment on tard indicator:     0.0
   Value of tmax indicator:         5.0

Task for patient = 71 with skills = {4,-1} and cost = 121.7
   Vehicle #0 = 11, leaving at = 633.0
   Vehicle #1 = -1, leaving at = inf
   Increment on distance indicator: 2.0
   Increment on tard indicator:     0.0
   Value of tmax indicator:         2.0

Task for patient = 66 with skills = {2,3} and cost = 121.0
   Vehicle #0 = 0, leaving at = 752.0
   Vehicle #1 = 13, leaving at = 778.0
   Increment on distance indicator: 3.0
   Increment on tard indicator:     0.0
   Value of tmax indicator:         3.0

Task for patient = 80 with skills = {5,-1} and cost = 120.0
   Vehicle #0 = 15, leaving at = 608.0
   Vehicle #1 = -1, leaving at = inf
   Increment on distance indicator: 5.0
   Increment on tard indicator:     0.0
   Value of tmax indicator:         5.0

Task for patient = 6 with skills = {2,-1} and cost = 199.0
   Vehicle #0 = 0, leaving at = 952.0
   Vehicle #1 = -1, leaving at = inf
   Increment on distance indicator: 2.0
   Increment on tard indicator:     0.0
   Value of tmax indicator:         2.0

Task for patient = 75 with skills = {4,-1} and cost = 116.7
   Vehicle #0 = 15, leaving at = 585.0
   Vehicle #1 = -1, leaving at = inf
   Increment on distance indicator: 4.0
   Increment on tard indicator:     0.0
   Value of tmax indicator:         4.0

Task for patient = 84 with skills = {5,-1} and cost = 115.3
   Vehicle #0 = 15, leaving at = 540.0
   Vehicle #1 = -1, leaving at = inf
   Increment on distance indicator: 41.0
   Increment on tard indicator:     0.0
   Value of tmax indicator:         41.0

Task for patient = 90 with skills = {0,4} and cost = 101.7
   Vehicle #0 = 5, leaving at = 525.0
   Vehicle #1 = 11, leaving at = 574.0
   Increment on distance indicator: 43.0
   Increment on tard indicator:     0.0
   Value of tmax indicator:         43.0

Task for patient = 49 with skills = {2,-1} and cost = 87.3
   Vehicle #0 = 0, leaving at = 692.0
   Vehicle #1 = -1, leaving at = inf
   Increment on distance indicator: 2.0
   Increment on tard indicator:     0.0
   Value of tmax indicator:         2.0

Task for patient = 46 with skills = {2,3} and cost = 86.7
   Vehicle #0 = 0, leaving at = 657.0
   Vehicle #1 = 13, leaving at = 702.0
   Increment on distance indicator: 10.0
   Increment on tard indicator:     0.0
   Value of tmax indicator:         10.0

Task for patient = 1 with skills = {1,4} and cost = 83.3
   Vehicle #0 = 4, leaving at = 642.0
   Vehicle #1 = 13, leaving at = 642.0
   Increment on distance indicator: 9.0
   Increment on tard indicator:     0.0
   Value of tmax indicator:         9.0

Task for patient = 100 with skills = {1,-1} and cost = 80.3
   Vehicle #0 = 4, leaving at = 583.0
   Vehicle #1 = -1, leaving at = inf
   Increment on distance indicator: 4.0
   Increment on tard indicator:     0.0
   Value of tmax indicator:         4.0

Task for patient = 73 with skills = {0,5} and cost = 79.0
   Vehicle #0 = 4, leaving at = 560.0
   Vehicle #1 = 13, leaving at = 586.0
   Increment on distance indicator: 78.0
   Increment on tard indicator:     0.0
   Value of tmax indicator:         78.0

Task for patient = 54 with skills = {0,3} and cost = 53.0
   Vehicle #0 = 2, leaving at = 711.0
   Vehicle #1 = 10, leaving at = 711.0
   Increment on distance indicator: 41.0
   Increment on tard indicator:     0.0
   Value of tmax indicator:         41.0

Task for patient = 13 with skills = {5,-1} and cost = 39.3
   Vehicle #0 = 10, leaving at = 658.0
   Vehicle #1 = -1, leaving at = inf
   Increment on distance indicator: 5.0
   Increment on tard indicator:     0.0
   Value of tmax indicator:         5.0

Task for patient = 50 with skills = {1,3} and cost = 37.7
   Vehicle #0 = 0, leaving at = 597.0
   Vehicle #1 = 10, leaving at = 597.0
   Increment on distance indicator: 76.0
   Increment on tard indicator:     0.0
   Value of tmax indicator:         76.0

Task for patient = 19 with skills = {4,-1} and cost = 12.3
   Vehicle #0 = 11, leaving at = 518.0
   Vehicle #1 = -1, leaving at = inf
   Increment on distance indicator: 37.0
   Increment on tard indicator:     0.0
   Value of tmax indicator:         37.0

Task for patient = 36 with skills = {0,3} and cost = 118.3
   Vehicle #0 = 4, leaving at = 759.0
   Vehicle #1 = 13, leaving at = 759.0
   Increment on distance indicator: 5.0
   Increment on tard indicator:     0.0
   Value of tmax indicator:         5.0

Task for patient = 31 with skills = {1,-1} and cost = 198.3
   Vehicle #0 = 5, leaving at = 852.0
   Vehicle #1 = -1, leaving at = inf
   Increment on distance indicator: 2.0
   Increment on tard indicator:     0.0
   Value of tmax indicator:         2.0

Task for patient = 89 with skills = {0,4} and cost = 197.7
   Vehicle #0 = 4, leaving at = 834.0
   Vehicle #1 = 15, leaving at = 835.0
   Increment on distance indicator: 7.0
   Increment on tard indicator:     0.0
   Value of tmax indicator:         7.0

Task for patient = 24 with skills = {2,3} and cost = 195.3
   Vehicle #0 = 6, leaving at = 789.0
   Vehicle #1 = 16, leaving at = 789.0
   Increment on distance indicator: 7.0
   Increment on tard indicator:     0.0
   Value of tmax indicator:         7.0

Task for patient = 60 with skills = {5,-1} and cost = 193.0
   Vehicle #0 = 13, leaving at = 946.0
   Vehicle #1 = -1, leaving at = inf
   Increment on distance indicator: 3.0
   Increment on tard indicator:     0.0
   Value of tmax indicator:         3.0

Task for patient = 17 with skills = {0,-1} and cost = 192.0
   Vehicle #0 = 6, leaving at = 702.0
   Vehicle #1 = -1, leaving at = inf
   Increment on distance indicator: 3.0
   Increment on tard indicator:     0.0
   Value of tmax indicator:         3.0

Task for patient = 92 with skills = {2,5} and cost = 191.0
   Vehicle #0 = 0, leaving at = 906.0
   Vehicle #1 = 13, leaving at = 906.0
   Increment on distance indicator: 4.0
   Increment on tard indicator:     0.0
   Value of tmax indicator:         4.0

Task for patient = 28 with skills = {2,-1} and cost = 189.7
   Vehicle #0 = 5, leaving at = 806.0
   Vehicle #1 = -1, leaving at = inf
   Increment on distance indicator: 4.0
   Increment on tard indicator:     0.0
   Value of tmax indicator:         4.0

Task for patient = 97 with skills = {2,-1} and cost = 188.3
   Vehicle #0 = 6, leaving at = 642.0
   Vehicle #1 = -1, leaving at = inf
   Increment on distance indicator: 2.0
   Increment on tard indicator:     0.0
   Value of tmax indicator:         2.0

Task for patient = 91 with skills = {3,-1} and cost = 187.7
   Vehicle #0 = 10, leaving at = 833.0
   Vehicle #1 = -1, leaving at = inf
   Increment on distance indicator: 1.0
   Increment on tard indicator:     0.0
   Value of tmax indicator:         1.0

Task for patient = 61 with skills = {1,4} and cost = 187.3
   Vehicle #0 = 0, leaving at = 874.0
   Vehicle #1 = 13, leaving at = 874.0
   Increment on distance indicator: 3.0
   Increment on tard indicator:     0.0
   Value of tmax indicator:         3.0

Task for patient = 65 with skills = {0,-1} and cost = 186.3
   Vehicle #0 = 4, leaving at = 780.0
   Vehicle #1 = -1, leaving at = inf
   Increment on distance indicator: 2.0
   Increment on tard indicator:     0.0
   Value of tmax indicator:         2.0

Task for patient = 38 with skills = {1,-1} and cost = 145.0
   Vehicle #0 = 1, leaving at = 605.0
   Vehicle #1 = -1, leaving at = inf
   Increment on distance indicator: 3.0
   Increment on tard indicator:     0.0
   Value of tmax indicator:         3.0

Task for patient = 22 with skills = {1,3} and cost = 185.0
   Vehicle #0 = 1, leaving at = 732.0
   Vehicle #1 = 16, leaving at = 726.0
   Increment on distance indicator: 11.0
   Increment on tard indicator:     0.0
   Value of tmax indicator:         11.0

Task for patient = 53 with skills = {0,-1} and cost = 181.3
   Vehicle #0 = 2, leaving at = 862.0
   Vehicle #1 = -1, leaving at = inf
   Increment on distance indicator: 4.0
   Increment on tard indicator:     0.0
   Value of tmax indicator:         4.0

Task for patient = 99 with skills = {2,-1} and cost = 180.0
   Vehicle #0 = 0, leaving at = 769.0
   Vehicle #1 = -1, leaving at = inf
   Increment on distance indicator: 2.0
   Increment on tard indicator:     0.0
   Value of tmax indicator:         2.0

Task for patient = 98 with skills = {5,-1} and cost = 179.3
   Vehicle #0 = 16, leaving at = 660.0
   Vehicle #1 = -1, leaving at = inf
   Increment on distance indicator: 5.0
   Increment on tard indicator:     0.0
   Value of tmax indicator:         5.0

Task for patient = 55 with skills = {0,-1} and cost = 177.7
   Vehicle #0 = 6, leaving at = 604.0
   Vehicle #1 = -1, leaving at = inf
   Increment on distance indicator: 39.0
   Increment on tard indicator:     0.0
   Value of tmax indicator:         39.0

Task for patient = 33 with skills = {3,-1} and cost = 164.7
   Vehicle #0 = 16, leaving at = 604.0
   Vehicle #1 = -1, leaving at = inf
   Increment on distance indicator: 3.0
   Increment on tard indicator:     0.0
   Value of tmax indicator:         3.0

Task for patient = 72 with skills = {4,-1} and cost = 163.7
   Vehicle #0 = 11, leaving at = 746.0
   Vehicle #1 = -1, leaving at = inf
   Increment on distance indicator: 3.0
   Increment on tard indicator:     0.0
   Value of tmax indicator:         3.0

Task for patient = 85 with skills = {1,-1} and cost = 162.7
   Vehicle #0 = 1, leaving at = 673.0
   Vehicle #1 = -1, leaving at = inf
   Increment on distance indicator: 5.0
   Increment on tard indicator:     0.0
   Value of tmax indicator:         5.0

Task for patient = 45 with skills = {1,-1} and cost = 161.0
   Vehicle #0 = 1, leaving at = 642.0
   Vehicle #1 = -1, leaving at = inf
   Increment on distance indicator: 5.0
   Increment on tard indicator:     0.0
   Value of tmax indicator:         5.0

Task for patient = 82 with skills = {5,-1} and cost = 159.3
   Vehicle #0 = 16, leaving at = 573.0
   Vehicle #1 = -1, leaving at = inf
   Increment on distance indicator: 39.0
   Increment on tard indicator:     0.0
   Value of tmax indicator:         39.0

Task for patient = 7 with skills = {2,3} and cost = 146.3
   Vehicle #0 = 5, leaving at = 758.0
   Vehicle #1 = 15, leaving at = 808.0
   Increment on distance indicator: 2.0
   Increment on tard indicator:     0.0
   Value of tmax indicator:         2.0

Task for patient = 87 with skills = {3,-1} and cost = 145.7
   Vehicle #0 = 15, leaving at = 759.0
   Vehicle #1 = -1, leaving at = inf
   Increment on distance indicator: 2.0
   Increment on tard indicator:     0.0
   Value of tmax indicator:         2.0

Task for patient = 37 with skills = {3,-1} and cost = 185.7
   Vehicle #0 = 13, leaving at = 815.0
   Vehicle #1 = -1, leaving at = inf
   Increment on distance indicator: 2.0
   Increment on tard indicator:     0.0
   Value of tmax indicator:         2.0


Unused vehicle list: 3 7 8 9 14 17 18 19 (total = 8 out of 20)

---
Search finished.
Total of 1900 generations in 191.2 seconds.
Exchange elite runs: 23
Implicit path relinking runs: 10
Reset attempts: 4

Best solution found:
   Cost: 427.3
   Total travel time: 1265.0
   Total tardiness time: 10.0
   Largest tardiness: 7.0


427.3
