This host is: shiva
--- BRKGA-MP-IPR for HHCRSP ---
Instance: /home/alberto/work/hhcrsp-dataset-2021/dataset2/HHCRSP_100_20_44_1.6_R_C.txt
Seed: 6

Reading data... Problem contains 100 patients  and 20 caregivers.

Summary of supply x demand for each service type:
Skill 0 has supply = 7 and demand = 21, ratio = 0.333333
Skill 1 has supply = 6 and demand = 12, ratio = 0.5
Skill 2 has supply = 9 and demand = 31, ratio = 0.290323
Skill 3 has supply = 8 and demand = 26, ratio = 0.307692
Skill 4 has supply = 7 and demand = 21, ratio = 0.333333
Skill 5 has supply = 8 and demand = 19, ratio = 0.421053

Reading parameters...
Inferred distance function by PR type: kendall-tau
Building BRKGA data and initializing...
Evolving 1900 generations...

  Gens  Rem    Local   ElDiv NoImpr             Best solution            Time  Op
                                       Cost     Dist    Tard    TMax 
*    0 1900  1338.00  217.32      0  1338.00  2381.00  1407.0   226.0     0.1    
*    4 1896  1074.67  165.98      0  1074.67  2431.00   685.0   108.0     0.5    
*    8 1892   999.33   99.58      0   999.33  2446.00   380.0    73.0     0.9    
*    9 1891   966.33   84.56      0   966.33  2422.00   138.0    42.0     1.0    
*   10 1890   867.33   76.42      0   867.33  2400.00    28.0    11.0     1.1    
*   11 1889   813.00   77.25      0   813.00  2400.00    28.0    11.0     1.2    
*   14 1886   810.33   58.35      0   810.33  2337.00    18.0    14.0     1.6    
*   15 1885   789.67   51.62      0   789.67  2320.00    32.0    17.0     1.7    
*   18 1882   789.00   30.20      0   789.00  2319.00    36.0    12.0     2.0    
*   20 1880   760.67   24.74      0   760.67  2117.00    77.0    17.0     2.2    
*   21 1879   737.00   22.40      0   737.00  2117.00    77.0    17.0     2.3    
*   24 1876   714.67   17.95      0   714.67  2094.00    32.0    18.0     2.6    
*   30 1870   709.00   15.12      0   709.00  2107.00    10.0    10.0     3.2    
*   33 1867   702.33   14.43      0   702.33  2049.00    24.0    11.0     3.5    
*   34 1866   694.67   14.38      0   694.67  2049.00    24.0    11.0     3.6    

  Gens  Rem    Local   ElDiv NoImpr             Best solution            Time  Op
                                       Cost     Dist    Tard    TMax 
*   36 1864   677.67   13.49      0   677.67  2027.00     4.0     2.0     3.8    
*   40 1860   665.00   12.72      0   665.00  1909.00    67.0    19.0     4.2    
*   47 1853   648.33   10.99      0   648.33  1843.00    73.0    29.0     5.0    
    50 1850   648.33   10.36      3   648.33  1843.00    73.0    29.0     5.3    
*   53 1847   642.67   10.89      0   642.67  1904.00     5.0     3.0     5.6    
*   54 1846   637.33   10.68      0   637.33  1904.00     5.0     3.0     5.7    
*   56 1844   626.00   11.04      0   626.00  1862.00    12.0     4.0     5.9    
*   58 1842   625.00   11.40      0   625.00  1831.00    36.0     8.0     6.1    
*   62 1838   614.33   11.56      0   614.33  1806.00    22.0    15.0     6.5    
*   73 1827   609.33   10.57      0   609.33  1824.00     3.0     1.0     7.6    
    80 1820   596.00    7.03      0   609.33  1824.00     3.0     1.0     8.4   X
*   81 1819   596.00    6.93      0   596.00  1763.00    18.0     7.0     8.5    
*   97 1803   584.00    6.56      0   584.00  1737.00     9.0     6.0    10.1    
   100 1800   584.00    6.68      3   584.00  1737.00     9.0     6.0    10.4    
*  127 1773   582.67    7.30      0   582.67  1744.00     3.0     1.0    13.2    
*  136 1764   582.33    7.54      0   582.33  1713.00    22.0    12.0    14.1    

  Gens  Rem    Local   ElDiv NoImpr             Best solution            Time  Op
                                       Cost     Dist    Tard    TMax 
*  141 1759   578.67    7.58      0   578.67  1728.00     4.0     4.0    14.6    
*  147 1753   565.33    8.08      0   565.33  1667.00    22.0     7.0    15.2    
   150 1750   565.33    7.74      3   565.33  1667.00    22.0     7.0    15.5    
   160 1740   565.33    5.70     14   565.33  1667.00    22.0     7.0    16.6   X
*  162 1738   553.67    5.83      0   553.67  1645.00    11.0     5.0    16.8    
*  173 1727   543.33    6.89      0   543.33  1620.00     6.0     4.0    17.9    
Path relinking result: elite improvement.
   180 1720   543.33    7.12      8   543.33  1620.00     6.0     4.0    18.6   P
   200 1700   543.33    7.76     27   543.33  1620.00     6.0     4.0    20.7    
*  217 1683   542.67    7.34      0   542.67  1622.00     4.0     2.0    22.4    
*  232 1668   540.67    5.98      0   540.67  1620.00     1.0     1.0    24.0    
*  239 1661   538.67    5.47      0   538.67  1606.00     6.0     4.0    24.7    
   240 1660   538.67    3.46      2   538.67  1606.00     6.0     4.0    24.8   X
*  243 1657   535.67    3.46      0   535.67  1607.00     0.0     0.0    25.1    
   250 1650   535.67    3.31      7   535.67  1607.00     0.0     0.0    25.8    
*  275 1625   534.00    3.00      0   534.00  1602.00     0.0     0.0    28.4    
*  289 1611   530.67    2.92      0   530.67  1592.00     0.0     0.0    29.8    

  Gens  Rem    Local   ElDiv NoImpr             Best solution            Time  Op
                                       Cost     Dist    Tard    TMax 
   300 1600   530.67    2.78     11   530.67  1592.00     0.0     0.0    30.9    
   320 1580   530.67    2.33     32   530.67  1592.00     0.0     0.0    33.0   X
*  341 1559   529.33    2.22      0   529.33  1588.00     0.0     0.0    35.1    
   350 1550   529.33    2.18      9   529.33  1588.00     0.0     0.0    36.0    
*  356 1544   527.33    2.23      0   527.33  1552.00    15.0    15.0    36.7    
Path relinking result: elite improvement.
   360 1540   527.33    2.27      5   527.33  1552.00    15.0    15.0    37.1   P
   400 1500   527.33    2.13     44   527.33  1552.00    15.0    15.0    41.2    
   400 1500   527.33    1.90     45   527.33  1552.00    15.0    15.0    41.2   X
   435 1465      inf  251.23      0   527.33  1552.00    15.0    15.0    44.8   R
   436 1464  1382.33  222.87      0   527.33  1552.00    15.0    15.0    44.9    
   450 1450   805.33   53.31      0   527.33  1552.00    15.0    15.0    46.4    
   480 1420   618.00   12.62      1   527.33  1552.00    15.0    15.0    49.5   X
   500 1400   618.00   11.06     20   527.33  1552.00    15.0    15.0    51.5    
Path relinking result: elite improvement.
   540 1360   573.33   11.14      0   527.33  1552.00    15.0    15.0    55.6   P
   550 1350   555.67   11.78      3   527.33  1552.00    15.0    15.0    56.7    
   560 1340   552.67    6.90      3   527.33  1552.00    15.0    15.0    57.7   X

  Gens  Rem    Local   ElDiv NoImpr             Best solution            Time  Op
                                       Cost     Dist    Tard    TMax 
   600 1300   535.00    7.62      3   527.33  1552.00    15.0    15.0    61.8    
*  640 1260   527.00    4.27      0   527.00  1577.00     2.0     2.0    65.9    
   640 1260   527.00    3.01      1   527.00  1577.00     2.0     2.0    65.9   X
*  642 1258   523.67    3.04      0   523.67  1530.00    31.0    10.0    66.1    
   650 1250   523.67    2.78      8   523.67  1530.00    31.0    10.0    66.9    
*  656 1244   515.33    3.19      0   515.33  1524.00    15.0     7.0    67.5    
*  662 1238   504.00    4.23      0   504.00  1505.00     4.0     3.0    68.1    
*  679 1221   501.33    5.75      0   501.33  1504.00     0.0     0.0    69.8    
*  688 1212   501.00    7.03      0   501.00  1497.00     4.0     2.0    70.8    
*  690 1210   496.33    7.75      0   496.33  1489.00     0.0     0.0    71.0    
*  696 1204   495.33    9.03      0   495.33  1486.00     0.0     0.0    71.6    
*  700 1200   492.33    9.92      0   492.33  1477.00     0.0     0.0    72.0    
*  710 1190   491.67    8.76      0   491.67  1474.00     0.0     0.0    73.0    
*  711 1189   491.33    8.57      0   491.33  1470.00     0.0     0.0    73.1    
*  712 1188   490.00    8.37      0   490.00  1470.00     0.0     0.0    73.2    
*  716 1184   489.33    7.02      0   489.33  1465.00     2.0     1.0    73.6    

  Gens  Rem    Local   ElDiv NoImpr             Best solution            Time  Op
                                       Cost     Dist    Tard    TMax 
*  719 1181   488.67    6.26      0   488.67  1466.00     0.0     0.0    73.9    
Path relinking result: elite improvement.
   720 1180   488.67    2.86      2   488.67  1466.00     0.0     0.0    74.0  PX
*  724 1176   487.00    2.25      0   487.00  1461.00     0.0     0.0    74.5    
*  731 1169   486.67    1.30      0   486.67  1460.00     0.0     0.0    75.2    
*  738 1162   486.00    1.34      0   486.00  1458.00     0.0     0.0    75.9    
*  742 1158   485.33    1.32      0   485.33  1455.00     0.0     0.0    76.3    
*  743 1157   485.00    1.33      0   485.00  1455.00     0.0     0.0    76.4    
*  748 1152   484.67    1.42      0   484.67  1454.00     0.0     0.0    76.9    
*  750 1150   484.33    1.51      0   484.33  1453.00     0.0     0.0    77.1    
*  753 1147   484.00    1.42      0   484.00  1452.00     0.0     0.0    77.4    
*  758 1142   483.67    1.31      0   483.67  1451.00     0.0     0.0    77.9    
*  771 1129   483.33    0.78      0   483.33  1450.00     0.0     0.0    79.2    
*  776 1124   482.67    0.57      0   482.67  1448.00     0.0     0.0    79.8    
*  796 1104   482.00    0.26      0   482.00  1446.00     0.0     0.0    81.8    
   800 1100   482.00    0.36      4   482.00  1446.00     0.0     0.0    82.2    
   800 1100   482.00    0.17      5   482.00  1446.00     0.0     0.0    82.2   X

  Gens  Rem    Local   ElDiv NoImpr             Best solution            Time  Op
                                       Cost     Dist    Tard    TMax 
*  812 1088   481.67    0.17      0   481.67  1445.00     0.0     0.0    83.4    
   850 1050   481.67    0.16     38   481.67  1445.00     0.0     0.0    87.3    
   880 1020   481.67    0.20     69   481.67  1445.00     0.0     0.0    90.3   X
*  891 1009   481.33    0.19      0   481.33  1444.00     0.0     0.0    91.5    
*  895 1005   481.00    0.16      0   481.00  1443.00     0.0     0.0    91.9    
   900 1000   481.00    0.25      5   481.00  1443.00     0.0     0.0    92.4    
Path relinking result: elite improvement.
   900 1000   481.00    0.25      6   481.00  1443.00     0.0     0.0    92.4   P
*  909  991   480.67    0.03      0   480.67  1442.00     0.0     0.0    93.3    
*  931  969   479.67    0.17      0   479.67  1439.00     0.0     0.0    95.6    
   950  950   479.67    0.47     19   479.67  1439.00     0.0     0.0    97.5    
   960  940   479.67    0.47     30   479.67  1439.00     0.0     0.0    98.5   X
*  962  938   479.33    0.30      0   479.33  1438.00     0.0     0.0    98.7    
  1000  900   479.33    0.00     38   479.33  1438.00     0.0     0.0   102.6    
  1040  860   479.33    0.00     79   479.33  1438.00     0.0     0.0   106.7   X
  1041  859      inf  274.70      0   479.33  1438.00     0.0     0.0   106.8   R
  1042  858  1621.00  223.56      0   479.33  1438.00     0.0     0.0   106.9    

  Gens  Rem    Local   ElDiv NoImpr             Best solution            Time  Op
                                       Cost     Dist    Tard    TMax 
  1050  850   921.33   98.77      1   479.33  1438.00     0.0     0.0   107.8    
Path relinking result: elite improvement.
  1080  820   664.00   15.07      1   479.33  1438.00     0.0     0.0   110.9   P
  1100  800   630.00   13.34      1   479.33  1438.00     0.0     0.0   112.9    
  1120  780   599.33    6.91      5   479.33  1438.00     0.0     0.0   115.0   X
  1150  750   581.33    6.18      2   479.33  1438.00     0.0     0.0   118.1    
  1200  700   568.33    7.53      6   479.33  1438.00     0.0     0.0   123.2    
  1200  700   568.33    6.85      7   479.33  1438.00     0.0     0.0   123.2   X
  1250  650   543.00    6.28     26   479.33  1438.00     0.0     0.0   128.3    
Path relinking result: elite improvement.
  1260  640   543.00    6.25     37   479.33  1438.00     0.0     0.0   129.4   P
  1280  620   543.00    5.99     57   479.33  1438.00     0.0     0.0   131.4   X
  1300  600   543.00    6.33     76   479.33  1438.00     0.0     0.0   133.4    
  1303  597      inf  238.75      0   479.33  1438.00     0.0     0.0   133.8   R
  1304  596  1610.33  201.19      0   479.33  1438.00     0.0     0.0   133.9    
  1350  550   644.33   12.43      3   479.33  1438.00     0.0     0.0   138.7    
  1360  540   614.67    9.30      2   479.33  1438.00     0.0     0.0   139.7   X
  1400  500   585.67    9.06      9   479.33  1438.00     0.0     0.0   143.8    
Path relinking result: elite improvement.

  Gens  Rem    Local   ElDiv NoImpr             Best solution            Time  Op
                                       Cost     Dist    Tard    TMax 
  1440  460   575.67    6.48      4   479.33  1438.00     0.0     0.0   147.9  PX
  1450  450   569.00    5.73      6   479.33  1438.00     0.0     0.0   148.9    
  1500  400   550.00    5.97      0   479.33  1438.00     0.0     0.0   154.1    
  1520  380   545.67    5.93      7   479.33  1438.00     0.0     0.0   156.1   X
  1550  350   533.00    4.97      1   479.33  1438.00     0.0     0.0   159.2    
  1600  300   528.00    3.41     20   479.33  1438.00     0.0     0.0   164.3    
  1600  300   528.00    2.67     21   479.33  1438.00     0.0     0.0   164.3   X
Path relinking result: elite improvement.
  1620  280   523.67    2.56      7   479.33  1438.00     0.0     0.0   166.3   P
  1650  250   500.67    4.04      1   479.33  1438.00     0.0     0.0   169.4    
  1680  220   490.00    3.26      3   479.33  1438.00     0.0     0.0   172.5   X
  1700  200   488.00    2.16      9   479.33  1438.00     0.0     0.0   174.5    
  1750  150   485.67    1.62     13   479.33  1438.00     0.0     0.0   179.6    
  1760  140   485.33    0.97      1   479.33  1438.00     0.0     0.0   180.6   X
  1800  100   483.33    0.79     17   479.33  1438.00     0.0     0.0   184.7    
Path relinking result: elite improvement.
  1800  100   483.33    0.80     18   479.33  1438.00     0.0     0.0   184.7   P
  1840   60   480.67    0.63      4   479.33  1438.00     0.0     0.0   188.8   X

  Gens  Rem    Local   ElDiv NoImpr             Best solution            Time  Op
                                       Cost     Dist    Tard    TMax 
  1850   50   480.33    0.17      8   479.33  1438.00     0.0     0.0   189.8    
  1900    0   479.33    0.16     41   479.33  1438.00     0.0     0.0   194.8    
Evolutionary process finished.
Solution written to 'solution-13754.txt'.

Sorted sequence of worst to best tardiness value:
Task for patient = 40 with skills = {2,-1} and cost = 273.0
   Vehicle #0 = 3, leaving at = 959.0
   Vehicle #1 = -1, leaving at = inf
   Increment on distance indicator: 3.0
   Increment on tard indicator:     0.0
   Value of tmax indicator:         3.0

Task for patient = 11 with skills = {3,-1} and cost = 272.0
   Vehicle #0 = 11, leaving at = 1004.0
   Vehicle #1 = -1, leaving at = inf
   Increment on distance indicator: 3.0
   Increment on tard indicator:     0.0
   Value of tmax indicator:         3.0

Task for patient = 64 with skills = {4,-1} and cost = 271.0
   Vehicle #0 = 15, leaving at = 959.0
   Vehicle #1 = -1, leaving at = inf
   Increment on distance indicator: 4.0
   Increment on tard indicator:     0.0
   Value of tmax indicator:         4.0

Task for patient = 37 with skills = {5,-1} and cost = 269.7
   Vehicle #0 = 15, leaving at = 908.0
   Vehicle #1 = -1, leaving at = inf
   Increment on distance indicator: 3.0
   Increment on tard indicator:     0.0
   Value of tmax indicator:         3.0

Task for patient = 68 with skills = {1,-1} and cost = 268.7
   Vehicle #0 = 0, leaving at = 1058.0
   Vehicle #1 = -1, leaving at = inf
   Increment on distance indicator: 4.0
   Increment on tard indicator:     0.0
   Value of tmax indicator:         4.0

Task for patient = 2 with skills = {2,4} and cost = 267.3
   Vehicle #0 = 2, leaving at = 1011.0
   Vehicle #1 = 10, leaving at = 1011.0
   Increment on distance indicator: 3.0
   Increment on tard indicator:     0.0
   Value of tmax indicator:         3.0

Task for patient = 90 with skills = {3,-1} and cost = 266.3
   Vehicle #0 = 15, leaving at = 867.0
   Vehicle #1 = -1, leaving at = inf
   Increment on distance indicator: 4.0
   Increment on tard indicator:     0.0
   Value of tmax indicator:         4.0

Task for patient = 72 with skills = {2,-1} and cost = 265.0
   Vehicle #0 = 5, leaving at = 911.0
   Vehicle #1 = -1, leaving at = inf
   Increment on distance indicator: 5.0
   Increment on tard indicator:     0.0
   Value of tmax indicator:         5.0

Task for patient = 32 with skills = {0,-1} and cost = 263.3
   Vehicle #0 = 3, leaving at = 927.0
   Vehicle #1 = -1, leaving at = inf
   Increment on distance indicator: 4.0
   Increment on tard indicator:     0.0
   Value of tmax indicator:         4.0

Task for patient = 13 with skills = {2,5} and cost = 262.0
   Vehicle #0 = 3, leaving at = 875.0
   Vehicle #1 = 12, leaving at = 901.0
   Increment on distance indicator: 7.0
   Increment on tard indicator:     0.0
   Value of tmax indicator:         7.0

Task for patient = 86 with skills = {4,-1} and cost = 259.7
   Vehicle #0 = 14, leaving at = 909.0
   Vehicle #1 = -1, leaving at = inf
   Increment on distance indicator: 2.0
   Increment on tard indicator:     0.0
   Value of tmax indicator:         2.0

Task for patient = 4 with skills = {2,-1} and cost = 302.0
   Vehicle #0 = 5, leaving at = 1141.0
   Vehicle #1 = -1, leaving at = inf
   Increment on distance indicator: 2.0
   Increment on tard indicator:     0.0
   Value of tmax indicator:         2.0

Task for patient = 36 with skills = {2,-1} and cost = 258.0
   Vehicle #0 = 5, leaving at = 886.0
   Vehicle #1 = -1, leaving at = inf
   Increment on distance indicator: 3.0
   Increment on tard indicator:     0.0
   Value of tmax indicator:         3.0

Task for patient = 85 with skills = {3,-1} and cost = 257.0
   Vehicle #0 = 10, leaving at = 947.0
   Vehicle #1 = -1, leaving at = inf
   Increment on distance indicator: 2.0
   Increment on tard indicator:     0.0
   Value of tmax indicator:         2.0

Task for patient = 25 with skills = {0,4} and cost = 256.3
   Vehicle #0 = 4, leaving at = 922.0
   Vehicle #1 = 16, leaving at = 922.0
   Increment on distance indicator: 16.0
   Increment on tard indicator:     0.0
   Value of tmax indicator:         16.0

Task for patient = 15 with skills = {0,3} and cost = 251.0
   Vehicle #0 = 2, leaving at = 960.0
   Vehicle #1 = 11, leaving at = 962.0
   Increment on distance indicator: 4.0
   Increment on tard indicator:     0.0
   Value of tmax indicator:         4.0

Task for patient = 47 with skills = {1,3} and cost = 249.7
   Vehicle #0 = 4, leaving at = 849.0
   Vehicle #1 = 16, leaving at = 874.0
   Increment on distance indicator: 6.0
   Increment on tard indicator:     0.0
   Value of tmax indicator:         6.0

Task for patient = 42 with skills = {2,3} and cost = 247.7
   Vehicle #0 = 5, leaving at = 824.0
   Vehicle #1 = 15, leaving at = 824.0
   Increment on distance indicator: 10.0
   Increment on tard indicator:     0.0
   Value of tmax indicator:         10.0

Task for patient = 22 with skills = {0,-1} and cost = 244.3
   Vehicle #0 = 2, leaving at = 899.0
   Vehicle #1 = -1, leaving at = inf
   Increment on distance indicator: 3.0
   Increment on tard indicator:     0.0
   Value of tmax indicator:         3.0

Task for patient = 34 with skills = {3,-1} and cost = 243.3
   Vehicle #0 = 12, leaving at = 871.0
   Vehicle #1 = -1, leaving at = inf
   Increment on distance indicator: 2.0
   Increment on tard indicator:     0.0
   Value of tmax indicator:         2.0

Task for patient = 79 with skills = {1,-1} and cost = 242.7
   Vehicle #0 = 0, leaving at = 995.0
   Vehicle #1 = -1, leaving at = inf
   Increment on distance indicator: 2.0
   Increment on tard indicator:     0.0
   Value of tmax indicator:         2.0

Task for patient = 82 with skills = {0,3} and cost = 242.0
   Vehicle #0 = 3, leaving at = 833.0
   Vehicle #1 = 12, leaving at = 833.0
   Increment on distance indicator: 5.0
   Increment on tard indicator:     0.0
   Value of tmax indicator:         5.0

Task for patient = 1 with skills = {2,4} and cost = 240.3
   Vehicle #0 = 0, leaving at = 919.0
   Vehicle #1 = 10, leaving at = 919.0
   Increment on distance indicator: 5.0
   Increment on tard indicator:     0.0
   Value of tmax indicator:         5.0

Task for patient = 52 with skills = {3,-1} and cost = 238.7
   Vehicle #0 = 12, leaving at = 795.0
   Vehicle #1 = -1, leaving at = inf
   Increment on distance indicator: 3.0
   Increment on tard indicator:     0.0
   Value of tmax indicator:         3.0

Task for patient = 26 with skills = {4,-1} and cost = 259.0
   Vehicle #0 = 14, leaving at = 867.0
   Vehicle #1 = -1, leaving at = inf
   Increment on distance indicator: 3.0
   Increment on tard indicator:     0.0
   Value of tmax indicator:         3.0

Task for patient = 39 with skills = {3,-1} and cost = 301.3
   Vehicle #0 = 15, leaving at = 1023.0
   Vehicle #1 = -1, leaving at = inf
   Increment on distance indicator: 2.0
   Increment on tard indicator:     0.0
   Value of tmax indicator:         2.0

Task for patient = 55 with skills = {2,-1} and cost = 300.7
   Vehicle #0 = 5, leaving at = 1082.0
   Vehicle #1 = -1, leaving at = inf
   Increment on distance indicator: 1.0
   Increment on tard indicator:     0.0
   Value of tmax indicator:         1.0

Task for patient = 24 with skills = {2,-1} and cost = 300.3
   Vehicle #0 = 0, leaving at = 1113.0
   Vehicle #1 = -1, leaving at = inf
   Increment on distance indicator: 4.0
   Increment on tard indicator:     0.0
   Value of tmax indicator:         4.0

Task for patient = 70 with skills = {2,-1} and cost = 299.0
   Vehicle #0 = 4, leaving at = 1150.0
   Vehicle #1 = -1, leaving at = inf
   Increment on distance indicator: 2.0
   Increment on tard indicator:     0.0
   Value of tmax indicator:         2.0

Task for patient = 45 with skills = {3,-1} and cost = 298.3
   Vehicle #0 = 10, leaving at = 1098.0
   Vehicle #1 = -1, leaving at = inf
   Increment on distance indicator: 2.0
   Increment on tard indicator:     0.0
   Value of tmax indicator:         2.0

Task for patient = 23 with skills = {2,5} and cost = 297.7
   Vehicle #0 = 5, leaving at = 1063.0
   Vehicle #1 = 14, leaving at = 1063.0
   Increment on distance indicator: 5.0
   Increment on tard indicator:     0.0
   Value of tmax indicator:         5.0

Task for patient = 92 with skills = {1,-1} and cost = 296.0
   Vehicle #0 = 4, leaving at = 1112.0
   Vehicle #1 = -1, leaving at = inf
   Increment on distance indicator: 4.0
   Increment on tard indicator:     0.0
   Value of tmax indicator:         4.0

Task for patient = 77 with skills = {0,-1} and cost = 294.7
   Vehicle #0 = 3, leaving at = 1121.0
   Vehicle #1 = -1, leaving at = inf
   Increment on distance indicator: 3.0
   Increment on tard indicator:     0.0
   Value of tmax indicator:         3.0

Task for patient = 96 with skills = {1,-1} and cost = 293.7
   Vehicle #0 = 2, leaving at = 1162.0
   Vehicle #1 = -1, leaving at = inf
   Increment on distance indicator: 1.0
   Increment on tard indicator:     0.0
   Value of tmax indicator:         1.0

Task for patient = 12 with skills = {2,-1} and cost = 293.3
   Vehicle #0 = 2, leaving at = 1121.0
   Vehicle #1 = -1, leaving at = inf
   Increment on distance indicator: 1.0
   Increment on tard indicator:     0.0
   Value of tmax indicator:         1.0

Task for patient = 33 with skills = {2,-1} and cost = 293.0
   Vehicle #0 = 4, leaving at = 1083.0
   Vehicle #1 = -1, leaving at = inf
   Increment on distance indicator: 2.0
   Increment on tard indicator:     0.0
   Value of tmax indicator:         2.0

Task for patient = 66 with skills = {2,3} and cost = 274.7
   Vehicle #0 = 5, leaving at = 977.0
   Vehicle #1 = 15, leaving at = 999.0
   Increment on distance indicator: 5.0
   Increment on tard indicator:     0.0
   Value of tmax indicator:         5.0

Task for patient = 99 with skills = {5,-1} and cost = 291.3
   Vehicle #0 = 16, leaving at = 1020.0
   Vehicle #1 = -1, leaving at = inf
   Increment on distance indicator: 8.0
   Increment on tard indicator:     0.0
   Value of tmax indicator:         8.0

Task for patient = 76 with skills = {0,-1} and cost = 288.7
   Vehicle #0 = 2, leaving at = 1105.0
   Vehicle #1 = -1, leaving at = inf
   Increment on distance indicator: 2.0
   Increment on tard indicator:     0.0
   Value of tmax indicator:         2.0

Task for patient = 53 with skills = {5,-1} and cost = 288.0
   Vehicle #0 = 10, leaving at = 1050.0
   Vehicle #1 = -1, leaving at = inf
   Increment on distance indicator: 3.0
   Increment on tard indicator:     0.0
   Value of tmax indicator:         3.0

Task for patient = 7 with skills = {3,-1} and cost = 287.0
   Vehicle #0 = 16, leaving at = 948.0
   Vehicle #1 = -1, leaving at = inf
   Increment on distance indicator: 1.0
   Increment on tard indicator:     0.0
   Value of tmax indicator:         1.0

Task for patient = 57 with skills = {0,4} and cost = 286.7
   Vehicle #0 = 6, leaving at = 1058.0
   Vehicle #1 = 17, leaving at = 1058.0
   Increment on distance indicator: 0.0
   Increment on tard indicator:     0.0
   Value of tmax indicator:         0.0

Task for patient = 31 with skills = {0,-1} and cost = 286.7
   Vehicle #0 = 4, leaving at = 1031.0
   Vehicle #1 = -1, leaving at = inf
   Increment on distance indicator: 2.0
   Increment on tard indicator:     0.0
   Value of tmax indicator:         2.0

Task for patient = 65 with skills = {2,-1} and cost = 286.0
   Vehicle #0 = 2, leaving at = 1057.0
   Vehicle #1 = -1, leaving at = inf
   Increment on distance indicator: 1.0
   Increment on tard indicator:     0.0
   Value of tmax indicator:         1.0

Task for patient = 93 with skills = {2,-1} and cost = 285.7
   Vehicle #0 = 3, leaving at = 1088.0
   Vehicle #1 = -1, leaving at = inf
   Increment on distance indicator: 4.0
   Increment on tard indicator:     0.0
   Value of tmax indicator:         4.0

Task for patient = 63 with skills = {1,5} and cost = 284.3
   Vehicle #0 = 3, leaving at = 1052.0
   Vehicle #1 = 11, leaving at = 1050.0
   Increment on distance indicator: 8.0
   Increment on tard indicator:     0.0
   Value of tmax indicator:         8.0

Task for patient = 38 with skills = {2,5} and cost = 281.7
   Vehicle #0 = 4, leaving at = 971.0
   Vehicle #1 = 14, leaving at = 967.0
   Increment on distance indicator: 11.0
   Increment on tard indicator:     0.0
   Value of tmax indicator:         11.0

Task for patient = 74 with skills = {2,3} and cost = 278.0
   Vehicle #0 = 3, leaving at = 992.0
   Vehicle #1 = 12, leaving at = 1039.0
   Increment on distance indicator: 9.0
   Increment on tard indicator:     0.0
   Value of tmax indicator:         9.0

Task for patient = 10 with skills = {5,-1} and cost = 275.0
   Vehicle #0 = 12, leaving at = 974.0
   Vehicle #1 = -1, leaving at = inf
   Increment on distance indicator: 1.0
   Increment on tard indicator:     0.0
   Value of tmax indicator:         1.0

Task for patient = 27 with skills = {0,-1} and cost = 292.3
   Vehicle #0 = 5, leaving at = 1004.0
   Vehicle #1 = -1, leaving at = inf
   Increment on distance indicator: 3.0
   Increment on tard indicator:     0.0
   Value of tmax indicator:         3.0

Task for patient = 14 with skills = {4,-1} and cost = 138.0
   Vehicle #0 = 14, leaving at = 704.0
   Vehicle #1 = -1, leaving at = inf
   Increment on distance indicator: 4.0
   Increment on tard indicator:     0.0
   Value of tmax indicator:         4.0

Task for patient = 35 with skills = {1,-1} and cost = 136.7
   Vehicle #0 = 2, leaving at = 820.0
   Vehicle #1 = -1, leaving at = inf
   Increment on distance indicator: 3.0
   Increment on tard indicator:     0.0
   Value of tmax indicator:         3.0

Task for patient = 17 with skills = {0,-1} and cost = 135.7
   Vehicle #0 = 4, leaving at = 750.0
   Vehicle #1 = -1, leaving at = inf
   Increment on distance indicator: 3.0
   Increment on tard indicator:     0.0
   Value of tmax indicator:         3.0

Task for patient = 18 with skills = {0,-1} and cost = 134.7
   Vehicle #0 = 4, leaving at = 698.0
   Vehicle #1 = -1, leaving at = inf
   Increment on distance indicator: 4.0
   Increment on tard indicator:     0.0
   Value of tmax indicator:         4.0

Task for patient = 78 with skills = {1,-1} and cost = 133.3
   Vehicle #0 = 4, leaving at = 642.0
   Vehicle #1 = -1, leaving at = inf
   Increment on distance indicator: 2.0
   Increment on tard indicator:     0.0
   Value of tmax indicator:         2.0

Task for patient = 8 with skills = {0,-1} and cost = 132.7
   Vehicle #0 = 4, leaving at = 578.0
   Vehicle #1 = -1, leaving at = inf
   Increment on distance indicator: 49.0
   Increment on tard indicator:     0.0
   Value of tmax indicator:         49.0

Task for patient = 69 with skills = {4,-1} and cost = 116.3
   Vehicle #0 = 14, leaving at = 650.0
   Vehicle #1 = -1, leaving at = inf
   Increment on distance indicator: 3.0
   Increment on tard indicator:     0.0
   Value of tmax indicator:         3.0

Task for patient = 97 with skills = {4,-1} and cost = 115.3
   Vehicle #0 = 14, leaving at = 599.0
   Vehicle #1 = -1, leaving at = inf
   Increment on distance indicator: 50.0
   Increment on tard indicator:     0.0
   Value of tmax indicator:         50.0

Task for patient = 80 with skills = {3,-1} and cost = 98.7
   Vehicle #0 = 12, leaving at = 632.0
   Vehicle #1 = -1, leaving at = inf
   Increment on distance indicator: 3.0
   Increment on tard indicator:     0.0
   Value of tmax indicator:         3.0

Task for patient = 50 with skills = {5,-1} and cost = 97.7
   Vehicle #0 = 12, leaving at = 569.0
   Vehicle #1 = -1, leaving at = inf
   Increment on distance indicator: 5.0
   Increment on tard indicator:     0.0
   Value of tmax indicator:         5.0

Task for patient = 5 with skills = {5,-1} and cost = 96.0
   Vehicle #0 = 12, leaving at = 525.0
   Vehicle #1 = -1, leaving at = inf
   Increment on distance indicator: 50.0
   Increment on tard indicator:     0.0
   Value of tmax indicator:         50.0

Task for patient = 43 with skills = {2,3} and cost = 237.7
   Vehicle #0 = 5, leaving at = 781.0
   Vehicle #1 = 15, leaving at = 781.0
   Increment on distance indicator: 10.0
   Increment on tard indicator:     0.0
   Value of tmax indicator:         10.0

Task for patient = 20 with skills = {2,4} and cost = 78.7
   Vehicle #0 = 3, leaving at = 760.0
   Vehicle #1 = 11, leaving at = 760.0
   Increment on distance indicator: 4.0
   Increment on tard indicator:     0.0
   Value of tmax indicator:         4.0

Task for patient = 67 with skills = {2,4} and cost = 77.3
   Vehicle #0 = 3, leaving at = 675.0
   Vehicle #1 = 11, leaving at = 718.0
   Increment on distance indicator: 8.0
   Increment on tard indicator:     0.0
   Value of tmax indicator:         8.0

Task for patient = 3 with skills = {2,3} and cost = 74.7
   Vehicle #0 = 3, leaving at = 655.0
   Vehicle #1 = 11, leaving at = 655.0
   Increment on distance indicator: 4.0
   Increment on tard indicator:     0.0
   Value of tmax indicator:         4.0

Task for patient = 9 with skills = {0,3} and cost = 73.3
   Vehicle #0 = 3, leaving at = 573.0
   Vehicle #1 = 11, leaving at = 585.0
   Increment on distance indicator: 48.0
   Increment on tard indicator:     0.0
   Value of tmax indicator:         48.0

Task for patient = 87 with skills = {3,-1} and cost = 57.3
   Vehicle #0 = 11, leaving at = 552.0
   Vehicle #1 = -1, leaving at = inf
   Increment on distance indicator: 46.0
   Increment on tard indicator:     0.0
   Value of tmax indicator:         46.0

Task for patient = 54 with skills = {2,4} and cost = 42.0
   Vehicle #0 = 2, leaving at = 774.0
   Vehicle #1 = 10, leaving at = 774.0
   Increment on distance indicator: 4.0
   Increment on tard indicator:     0.0
   Value of tmax indicator:         4.0

Task for patient = 46 with skills = {0,4} and cost = 40.7
   Vehicle #0 = 2, leaving at = 722.0
   Vehicle #1 = 10, leaving at = 722.0
   Increment on distance indicator: 6.0
   Increment on tard indicator:     0.0
   Value of tmax indicator:         6.0

Task for patient = 59 with skills = {0,5} and cost = 38.7
   Vehicle #0 = 2, leaving at = 670.0
   Vehicle #1 = 10, leaving at = 656.0
   Increment on distance indicator: 8.0
   Increment on tard indicator:     0.0
   Value of tmax indicator:         8.0

Task for patient = 98 with skills = {0,5} and cost = 36.0
   Vehicle #0 = 2, leaving at = 613.0
   Vehicle #1 = 10, leaving at = 625.0
   Increment on distance indicator: 6.0
   Increment on tard indicator:     0.0
   Value of tmax indicator:         6.0

Task for patient = 6 with skills = {1,5} and cost = 34.0
   Vehicle #0 = 2, leaving at = 558.0
   Vehicle #1 = 10, leaving at = 607.0
   Increment on distance indicator: 6.0
   Increment on tard indicator:     0.0
   Value of tmax indicator:         6.0

Task for patient = 71 with skills = {0,-1} and cost = 32.0
   Vehicle #0 = 2, leaving at = 535.0
   Vehicle #1 = -1, leaving at = inf
   Increment on distance indicator: 48.0
   Increment on tard indicator:     0.0
   Value of tmax indicator:         48.0

Task for patient = 83 with skills = {3,-1} and cost = 16.0
   Vehicle #0 = 10, leaving at = 554.0
   Vehicle #1 = -1, leaving at = inf
   Increment on distance indicator: 48.0
   Increment on tard indicator:     0.0
   Value of tmax indicator:         48.0

Task for patient = 62 with skills = {3,-1} and cost = 79.3
   Vehicle #0 = 10, leaving at = 816.0
   Vehicle #1 = -1, leaving at = inf
   Increment on distance indicator: 2.0
   Increment on tard indicator:     0.0
   Value of tmax indicator:         2.0

Task for patient = 28 with skills = {5,-1} and cost = 234.3
   Vehicle #0 = 11, leaving at = 918.0
   Vehicle #1 = -1, leaving at = inf
   Increment on distance indicator: 1.0
   Increment on tard indicator:     0.0
   Value of tmax indicator:         1.0

Task for patient = 29 with skills = {0,4} and cost = 234.0
   Vehicle #0 = 4, leaving at = 810.0
   Vehicle #1 = 16, leaving at = 810.0
   Increment on distance indicator: 8.0
   Increment on tard indicator:     0.0
   Value of tmax indicator:         8.0

Task for patient = 19 with skills = {5,-1} and cost = 231.3
   Vehicle #0 = 14, leaving at = 838.0
   Vehicle #1 = -1, leaving at = inf
   Increment on distance indicator: 2.0
   Increment on tard indicator:     0.0
   Value of tmax indicator:         2.0

Task for patient = 75 with skills = {3,-1} and cost = 230.7
   Vehicle #0 = 11, leaving at = 885.0
   Vehicle #1 = -1, leaving at = inf
   Increment on distance indicator: 2.0
   Increment on tard indicator:     0.0
   Value of tmax indicator:         2.0

Task for patient = 100 with skills = {2,-1} and cost = 230.0
   Vehicle #0 = 5, leaving at = 699.0
   Vehicle #1 = -1, leaving at = inf
   Increment on distance indicator: 4.0
   Increment on tard indicator:     0.0
   Value of tmax indicator:         4.0

Task for patient = 16 with skills = {3,-1} and cost = 228.7
   Vehicle #0 = 12, leaving at = 745.0
   Vehicle #1 = -1, leaving at = inf
   Increment on distance indicator: 7.0
   Increment on tard indicator:     0.0
   Value of tmax indicator:         7.0

Task for patient = 94 with skills = {2,-1} and cost = 226.3
   Vehicle #0 = 5, leaving at = 642.0
   Vehicle #1 = -1, leaving at = inf
   Increment on distance indicator: 6.0
   Increment on tard indicator:     0.0
   Value of tmax indicator:         6.0

Task for patient = 60 with skills = {4,-1} and cost = 224.3
   Vehicle #0 = 15, leaving at = 720.0
   Vehicle #1 = -1, leaving at = inf
   Increment on distance indicator: 8.0
   Increment on tard indicator:     0.0
   Value of tmax indicator:         8.0

Task for patient = 49 with skills = {1,-1} and cost = 221.7
   Vehicle #0 = 3, leaving at = 793.0
   Vehicle #1 = -1, leaving at = inf
   Increment on distance indicator: 2.0
   Increment on tard indicator:     0.0
   Value of tmax indicator:         2.0

Task for patient = 44 with skills = {0,4} and cost = 221.0
   Vehicle #0 = 2, leaving at = 852.0
   Vehicle #1 = 10, leaving at = 867.0
   Increment on distance indicator: 5.0
   Increment on tard indicator:     0.0
   Value of tmax indicator:         5.0

Task for patient = 84 with skills = {2,-1} and cost = 219.3
   Vehicle #0 = 0, leaving at = 862.0
   Vehicle #1 = -1, leaving at = inf
   Increment on distance indicator: 2.0
   Increment on tard indicator:     0.0
   Value of tmax indicator:         2.0

Task for patient = 41 with skills = {2,4} and cost = 168.0
   Vehicle #0 = 0, leaving at = 551.0
   Vehicle #1 = 15, leaving at = 551.0
   Increment on distance indicator: 90.0
   Increment on tard indicator:     0.0
   Value of tmax indicator:         90.0

Task for patient = 91 with skills = {5,-1} and cost = 217.7
   Vehicle #0 = 12, leaving at = 679.0
   Vehicle #1 = -1, leaving at = inf
   Increment on distance indicator: 3.0
   Increment on tard indicator:     0.0
   Value of tmax indicator:         3.0

Task for patient = 89 with skills = {3,-1} and cost = 216.7
   Vehicle #0 = 16, leaving at = 633.0
   Vehicle #1 = -1, leaving at = inf
   Increment on distance indicator: 6.0
   Increment on tard indicator:     0.0
   Value of tmax indicator:         6.0

Task for patient = 58 with skills = {4,-1} and cost = 214.7
   Vehicle #0 = 10, leaving at = 838.0
   Vehicle #1 = -1, leaving at = inf
   Increment on distance indicator: 3.0
   Increment on tard indicator:     0.0
   Value of tmax indicator:         3.0

Task for patient = 88 with skills = {2,5} and cost = 213.7
   Vehicle #0 = 0, leaving at = 818.0
   Vehicle #1 = 11, leaving at = 839.0
   Increment on distance indicator: 2.0
   Increment on tard indicator:     0.0
   Value of tmax indicator:         2.0

Task for patient = 30 with skills = {0,-1} and cost = 213.0
   Vehicle #0 = 5, leaving at = 600.0
   Vehicle #1 = -1, leaving at = inf
   Increment on distance indicator: 49.0
   Increment on tard indicator:     0.0
   Value of tmax indicator:         49.0

Task for patient = 56 with skills = {2,4} and cost = 196.7
   Vehicle #0 = 0, leaving at = 763.0
   Vehicle #1 = 11, leaving at = 803.0
   Increment on distance indicator: 6.0
   Increment on tard indicator:     0.0
   Value of tmax indicator:         6.0

Task for patient = 61 with skills = {5,-1} and cost = 194.7
   Vehicle #0 = 16, leaving at = 527.0
   Vehicle #1 = -1, leaving at = inf
   Increment on distance indicator: 52.0
   Increment on tard indicator:     0.0
   Value of tmax indicator:         52.0

Task for patient = 21 with skills = {1,-1} and cost = 177.3
   Vehicle #0 = 0, leaving at = 720.0
   Vehicle #1 = -1, leaving at = inf
   Increment on distance indicator: 3.0
   Increment on tard indicator:     0.0
   Value of tmax indicator:         3.0

Task for patient = 95 with skills = {3,-1} and cost = 176.3
   Vehicle #0 = 15, leaving at = 653.0
   Vehicle #1 = -1, leaving at = inf
   Increment on distance indicator: 5.0
   Increment on tard indicator:     0.0
   Value of tmax indicator:         5.0

Task for patient = 51 with skills = {5,-1} and cost = 174.7
   Vehicle #0 = 14, leaving at = 733.0
   Vehicle #1 = -1, leaving at = inf
   Increment on distance indicator: 3.0
   Increment on tard indicator:     0.0
   Value of tmax indicator:         3.0

Task for patient = 73 with skills = {2,-1} and cost = 173.7
   Vehicle #0 = 0, leaving at = 690.0
   Vehicle #1 = -1, leaving at = inf
   Increment on distance indicator: 9.0
   Increment on tard indicator:     0.0
   Value of tmax indicator:         9.0

Task for patient = 81 with skills = {1,3} and cost = 170.7
   Vehicle #0 = 0, leaving at = 628.0
   Vehicle #1 = 15, leaving at = 628.0
   Increment on distance indicator: 8.0
   Increment on tard indicator:     0.0
   Value of tmax indicator:         8.0

Task for patient = 48 with skills = {4,-1} and cost = 218.7
   Vehicle #0 = 14, leaving at = 783.0
   Vehicle #1 = -1, leaving at = inf
   Increment on distance indicator: 3.0
   Increment on tard indicator:     0.0
   Value of tmax indicator:         3.0


Unused vehicle list: 1 7 8 9 13 18 19 (total = 7 out of 20)

---
Search finished.
Total of 1900 generations in 194.8 seconds.
Exchange elite runs: 23
Implicit path relinking runs: 10
Reset attempts: 3

Best solution found:
   Cost: 479.3
   Total travel time: 1438.0
   Total tardiness time: 0.0
   Largest tardiness: 0.0


479.3
