This host is: panku
--- BRKGA-MP-IPR for HHCRSP ---
Instance: new-dataset/instances-100/HHCRSP_100_20_11_1.2_R_C.txt
Seed: 10

Reading data... Problem contains 100 patients  and 20 caregivers.

Summary of supply x demand for each service type:
Skill 0 has supply = 7 and demand = 17, ratio = 0.411765
Skill 1 has supply = 7 and demand = 24, ratio = 0.291667
Skill 2 has supply = 6 and demand = 19, ratio = 0.315789
Skill 3 has supply = 4 and demand = 17, ratio = 0.235294
Skill 4 has supply = 7 and demand = 34, ratio = 0.205882
Skill 5 has supply = 4 and demand = 19, ratio = 0.210526

Reading parameters...
Inferred distance function by PR type: kendall-tau
Building BRKGA data and initializing...
Evolving 1900 generations...

  Gens  Rem    Local   ElDiv NoImpr             Best solution            Time  Op
                                       Cost     Dist    Tard    TMax 
*    0 1900  2473.67  241.89      0  2473.67  2586.00  4394.0   441.0     0.1    
*    2 1898  2317.33  230.78      0  2317.33  2611.00  3566.0   313.0     0.1    
*    3 1897  2163.33  207.22      0  2163.33  2621.00  3448.0   278.0     0.2    
*    4 1896  2115.67  181.66      0  2115.67  2592.00  3141.0   282.0     0.2    
*    5 1895  2005.00  190.58      0  2005.00  2480.00  2039.0   330.0     0.3    
*    6 1894  1616.33  172.50      0  1616.33  2480.00  2039.0   330.0     0.3    
*    8 1892  1562.00  152.89      0  1562.00  2546.00  1809.0   331.0     0.5    
*   10 1890  1451.00  122.02      0  1451.00  2664.00  1417.0   272.0     0.6    
*   12 1888  1408.00  107.38      0  1408.00  2683.00   588.0   172.0     0.7    
*   13 1887  1147.67  108.33      0  1147.67  2476.00   626.0    96.0     0.7    
*   14 1886  1066.00  108.75      0  1066.00  2476.00   626.0    96.0     0.8    
*   16 1884  1022.67  100.69      0  1022.67  2496.00   433.0   134.0     0.9    
*   17 1883  1021.00   88.60      0  1021.00  2496.00   433.0   134.0     0.9    
*   20 1880   924.00   65.37      0   924.00  2427.00   170.0    54.0     1.1    
*   21 1879   883.67   62.48      0   883.67  2374.00    73.0    34.0     1.1    

  Gens  Rem    Local   ElDiv NoImpr             Best solution            Time  Op
                                       Cost     Dist    Tard    TMax 
*   22 1878   827.00   55.18      0   827.00  2374.00    73.0    34.0     1.2    
*   28 1872   794.67   37.00      0   794.67  2381.00     2.0     1.0     1.5    
*   31 1869   790.00   28.98      0   790.00  2325.00     8.0     6.0     1.6    
*   32 1868   779.67   27.09      0   779.67  2325.00     8.0     6.0     1.7    
*   35 1865   743.67   21.90      0   743.67  2139.00    70.0    22.0     1.8    
*   39 1861   742.00   17.01      0   742.00  2188.00    25.0    13.0     2.0    
*   41 1859   728.67   15.11      0   728.67  2132.00    41.0    13.0     2.1    
*   46 1854   728.00   13.41      0   728.00  2114.00    49.0    21.0     2.4    
    50 1850   728.00   12.22      4   728.00  2114.00    49.0    21.0     2.6    
*   51 1849   718.33   11.70      0   718.33  2119.00    23.0    13.0     2.6    
*   54 1846   711.33   11.64      0   711.33  2134.00     0.0     0.0     2.8    
*   60 1840   699.67   10.80      0   699.67  2060.00    28.0    11.0     3.1    
*   67 1833   692.67   10.42      0   692.67  2074.00     2.0     2.0     3.4    
*   69 1831   684.67   10.11      0   684.67  2046.00     5.0     3.0     3.5    
*   75 1825   667.67   11.56      0   667.67  1995.00     5.0     3.0     3.8    
*   79 1821   660.33   12.71      0   660.33  1949.00    21.0    11.0     4.1    

  Gens  Rem    Local   ElDiv NoImpr             Best solution            Time  Op
                                       Cost     Dist    Tard    TMax 
    80 1820   660.33    9.48      2   660.33  1949.00    21.0    11.0     4.1   X
*   92 1808   650.00    8.51      0   650.00  1943.00     4.0     3.0     4.8    
   100 1800   650.00   10.57      8   650.00  1943.00     4.0     3.0     5.2    
*  101 1799   649.00   10.61      0   649.00  1933.00    10.0     4.0     5.2    
*  106 1794   645.67   12.70      0   645.67  1928.00     0.0     0.0     5.5    
*  107 1793   642.67   13.18      0   642.67  1905.00     0.0     0.0     5.6    
*  108 1792   635.00   13.42      0   635.00  1905.00     0.0     0.0     5.6    
*  114 1786   632.67   15.13      0   632.67  1883.00    10.0     5.0     5.9    
*  116 1784   629.00   15.87      0   629.00  1882.00     3.0     2.0     6.0    
*  119 1781   613.67   16.71      0   613.67  1830.00     6.0     5.0     6.2    
*  132 1768   606.00   17.96      0   606.00  1818.00     0.0     0.0     6.8    
*  137 1763   599.00   18.76      0   599.00  1797.00     0.0     0.0     7.1    
*  148 1752   597.67   16.24      0   597.67  1790.00     2.0     1.0     7.6    
*  150 1750   596.33   15.09      0   596.33  1789.00     0.0     0.0     7.7    
*  153 1747   594.00   14.35      0   594.00  1768.00     7.0     7.0     7.9    
*  159 1741   593.00   12.75      0   593.00  1775.00     3.0     1.0     8.2    

  Gens  Rem    Local   ElDiv NoImpr             Best solution            Time  Op
                                       Cost     Dist    Tard    TMax 
   160 1740   588.67    3.48      0   593.00  1775.00     3.0     1.0     8.2   X
*  161 1739   588.67    3.39      0   588.67  1763.00     2.0     1.0     8.3    
*  167 1733   588.00    2.94      0   588.00  1760.00     3.0     1.0     8.6    
*  169 1731   587.67    2.95      0   587.67  1753.00     3.0     1.0     8.7    
*  170 1730   585.67    2.97      0   585.67  1748.00     3.0     1.0     8.7    
*  171 1729   584.00    3.07      0   584.00  1748.00     3.0     1.0     8.8    
*  176 1724   583.33    2.84      0   583.33  1748.00     1.0     1.0     9.0    
*  178 1722   582.33    2.48      0   582.33  1744.00     2.0     1.0     9.1    
*  180 1720   582.00    2.32      0   582.00  1744.00     1.0     1.0     9.2    
Path relinking result: elite improvement.
   180 1720   582.00    2.31      1   582.00  1744.00     1.0     1.0     9.3   P
*  183 1717   581.67    1.74      0   581.67  1740.00     3.0     1.0     9.4    
*  184 1716   581.33    1.53      0   581.33  1739.00     3.0     1.0     9.5    
*  185 1715   581.00    1.37      0   581.00  1739.00     3.0     1.0     9.5    
*  188 1712   580.67    1.10      0   580.67  1738.00     3.0     1.0     9.7    
*  191 1709   580.33    0.74      0   580.33  1739.00     1.0     1.0     9.8    
*  194 1706   579.33    0.39      0   579.33  1738.00     0.0     0.0    10.0    

  Gens  Rem    Local   ElDiv NoImpr             Best solution            Time  Op
                                       Cost     Dist    Tard    TMax 
   200 1700   579.33    0.42      6   579.33  1738.00     0.0     0.0    10.3    
*  207 1693   579.00    0.43      0   579.00  1735.00     1.0     1.0    10.6    
*  213 1687   570.33    0.70      0   570.33  1694.00    12.0     5.0    10.9    
   240 1660   570.33    1.80     28   570.33  1694.00    12.0     5.0    12.2   X
*  242 1658   569.00    1.95      0   569.00  1691.00    11.0     5.0    12.3    
*  245 1655   565.33    2.26      0   565.33  1694.00     1.0     1.0    12.5    
*  249 1651   565.00    2.74      0   565.00  1695.00     0.0     0.0    12.7    
   250 1650   565.00    2.73      1   565.00  1695.00     0.0     0.0    12.7    
*  255 1645   564.67    2.42      0   564.67  1692.00     1.0     1.0    13.0    
*  258 1642   563.33    2.34      0   563.33  1690.00     0.0     0.0    13.1    
*  267 1633   562.67    0.45      0   562.67  1688.00     0.0     0.0    13.6    
*  271 1629   562.33    0.44      0   562.33  1683.00     0.0     0.0    13.8    
*  272 1628   561.00    0.35      0   561.00  1683.00     0.0     0.0    13.8    
*  274 1626   560.67    0.47      0   560.67  1682.00     0.0     0.0    13.9    
*  289 1611   560.33    0.92      0   560.33  1681.00     0.0     0.0    14.7    
   300 1600   560.33    0.42     11   560.33  1681.00     0.0     0.0    15.2    

  Gens  Rem    Local   ElDiv NoImpr             Best solution            Time  Op
                                       Cost     Dist    Tard    TMax 
*  302 1598   560.00    0.43      0   560.00  1680.00     0.0     0.0    15.3    
   320 1580   560.00    0.16     19   560.00  1680.00     0.0     0.0    16.2   X
   350 1550   560.00    0.00     48   560.00  1680.00     0.0     0.0    17.7    
Path relinking result: no improvement.
   360 1540   560.00    0.00     59   560.00  1680.00     0.0     0.0    18.2   P
   400 1500   560.00    0.00     98   560.00  1680.00     0.0     0.0    20.2    
   400 1500   560.00    0.00     99   560.00  1680.00     0.0     0.0    20.2   X
*  445 1455   559.67    0.02      0   559.67  1679.00     0.0     0.0    22.4    
   450 1450   559.67    0.02      5   559.67  1679.00     0.0     0.0    22.7    
   480 1420   559.67    0.12     36   559.67  1679.00     0.0     0.0    24.2   X
   500 1400   559.67    0.00     55   559.67  1679.00     0.0     0.0    25.2    
Path relinking result: no improvement.
   540 1360   559.67    0.00     96   559.67  1679.00     0.0     0.0    27.2   P
   550 1350   559.67    0.02    105   559.67  1679.00     0.0     0.0    27.7    
*  551 1349   559.33    0.03      0   559.33  1678.00     0.0     0.0    27.7    
   560 1340   559.33    0.13     10   559.33  1678.00     0.0     0.0    28.2   X
   600 1300   559.33    0.00     49   559.33  1678.00     0.0     0.0    30.1    
   640 1260   559.33    0.00     90   559.33  1678.00     0.0     0.0    32.1   X

  Gens  Rem    Local   ElDiv NoImpr             Best solution            Time  Op
                                       Cost     Dist    Tard    TMax 
   650 1250   559.33    0.00     99   559.33  1678.00     0.0     0.0    32.6    
   700 1200   559.33    0.00    149   559.33  1678.00     0.0     0.0    35.1    
Path relinking result: no improvement.
   720 1180   559.33    0.00    170   559.33  1678.00     0.0     0.0    36.1  PX
*  729 1171   558.00    0.08      0   558.00  1674.00     0.0     0.0    36.6    
*  738 1162   557.67    0.63      0   557.67  1673.00     0.0     0.0    37.0    
*  740 1160   555.33    0.68      0   555.33  1664.00     1.0     1.0    37.1    
*  746 1154   555.00    0.95      0   555.00  1663.00     1.0     1.0    37.4    
   750 1150   555.00    1.53      4   555.00  1663.00     1.0     1.0    37.6    
*  752 1148   553.67    2.06      0   553.67  1659.00     1.0     1.0    37.7    
*  757 1143   553.33    2.68      0   553.33  1658.00     1.0     1.0    38.0    
   800 1100   553.33    2.83     43   553.33  1658.00     1.0     1.0    40.1    
   800 1100   553.33    2.83     44   553.33  1658.00     1.0     1.0    40.1   X
   850 1050   553.33    0.00     93   553.33  1658.00     1.0     1.0    42.6    
   880 1020   553.33    0.00    124   553.33  1658.00     1.0     1.0    44.1   X
*  886 1014   552.33    0.06      0   552.33  1640.00    12.0     5.0    44.4    
*  898 1002   550.33    0.50      0   550.33  1640.00     8.0     3.0    45.0    

  Gens  Rem    Local   ElDiv NoImpr             Best solution            Time  Op
                                       Cost     Dist    Tard    TMax 
   900 1000   550.33    0.58      2   550.33  1640.00     8.0     3.0    45.1    
Path relinking result: elite improvement.
   900 1000   550.33    0.59      3   550.33  1640.00     8.0     3.0    45.1   P
*  904  996   549.33    1.36      0   549.33  1641.00     5.0     2.0    45.3    
*  912  988   548.67    1.23      0   548.67  1638.00     5.0     2.0    45.7    
*  913  987   548.33    1.15      0   548.33  1638.00     5.0     2.0    45.7    
*  918  982   547.67    0.94      0   547.67  1637.00     4.0     2.0    45.9    
*  928  972   545.67    0.80      0   545.67  1637.00     0.0     0.0    46.4    
*  944  956   545.00    1.19      0   545.00  1628.00     5.0     2.0    47.2    
   950  950   545.00    0.61      6   545.00  1628.00     5.0     2.0    47.5    
*  951  949   543.67    0.69      0   543.67  1626.00     0.0     0.0    47.6    
*  952  948   542.00    0.76      0   542.00  1626.00     0.0     0.0    47.6    
   960  940   542.00    0.79      9   542.00  1626.00     0.0     0.0    48.0   X
*  979  921   540.00    0.12      0   540.00  1620.00     0.0     0.0    48.9    
  1000  900   540.00    0.94     21   540.00  1620.00     0.0     0.0    50.0    
  1040  860   540.00    0.94     62   540.00  1620.00     0.0     0.0    52.0   X
  1050  850   540.00    0.00     71   540.00  1620.00     0.0     0.0    52.4    

  Gens  Rem    Local   ElDiv NoImpr             Best solution            Time  Op
                                       Cost     Dist    Tard    TMax 
* 1064  836   539.67    0.02      0   539.67  1619.00     0.0     0.0    53.2    
* 1074  826   539.33    0.05      0   539.33  1615.00     2.0     1.0    53.7    
Path relinking result: no improvement.
  1080  820   539.33    0.05      7   539.33  1615.00     2.0     1.0    54.0   P
  1100  800   539.33    0.10     26   539.33  1615.00     2.0     1.0    54.9    
  1120  780   539.33    0.11     47   539.33  1615.00     2.0     1.0    55.9   X
* 1122  778   539.00    0.11      0   539.00  1613.00     2.0     1.0    56.0    
* 1123  777   538.67    0.16      0   538.67  1613.00     2.0     1.0    56.1    
  1150  750   538.67    0.00     27   538.67  1613.00     2.0     1.0    57.4    
  1200  700   538.67    0.00     77   538.67  1613.00     2.0     1.0    59.9    
  1200  700   538.67    0.00     78   538.67  1613.00     2.0     1.0    59.9   X
* 1248  652   538.00    0.04      0   538.00  1611.00     2.0     1.0    62.3    
  1250  650   538.00    0.04      2   538.00  1611.00     2.0     1.0    62.4    
Path relinking result: no improvement.
  1260  640   538.00    0.08     13   538.00  1611.00     2.0     1.0    62.9   P
  1280  620   538.00    0.30     33   538.00  1611.00     2.0     1.0    63.8   X
* 1290  610   537.00    0.07      0   537.00  1608.00     2.0     1.0    64.3    
  1300  600   537.00    0.47     10   537.00  1608.00     2.0     1.0    64.8    

  Gens  Rem    Local   ElDiv NoImpr             Best solution            Time  Op
                                       Cost     Dist    Tard    TMax 
  1350  550   537.00    0.00     60   537.00  1608.00     2.0     1.0    67.3    
  1360  540   537.00    0.00     71   537.00  1608.00     2.0     1.0    67.8   X
  1400  500   537.00    0.00    110   537.00  1608.00     2.0     1.0    69.8    
Path relinking result: no improvement.
  1440  460   537.00    0.00    151   537.00  1608.00     2.0     1.0    71.8  PX
  1450  450   537.00    0.00    160   537.00  1608.00     2.0     1.0    72.3    
  1500  400   537.00    0.00    210   537.00  1608.00     2.0     1.0    74.8    
  1520  380   537.00    0.00    231   537.00  1608.00     2.0     1.0    75.8   X
  1550  350   537.00    0.00    260   537.00  1608.00     2.0     1.0    77.2    
  1600  300   537.00    0.00    310   537.00  1608.00     2.0     1.0    79.8    
  1600  300   537.00    0.00    311   537.00  1608.00     2.0     1.0    79.8   X
Path relinking result: no improvement.
  1620  280   537.00    0.00    331   537.00  1608.00     2.0     1.0    80.8   P
  1650  250   537.00    0.00    360   537.00  1608.00     2.0     1.0    82.3    
  1680  220   537.00    0.00    391   537.00  1608.00     2.0     1.0    83.8   X
  1700  200   537.00    0.00    410   537.00  1608.00     2.0     1.0    84.7    
  1750  150   537.00    0.00    460   537.00  1608.00     2.0     1.0    87.2    
  1760  140   537.00    0.00    471   537.00  1608.00     2.0     1.0    87.7   X

  Gens  Rem    Local   ElDiv NoImpr             Best solution            Time  Op
                                       Cost     Dist    Tard    TMax 
  1800  100   537.00    0.00    510   537.00  1608.00     2.0     1.0    89.7    
Path relinking result: no improvement.
  1800  100   537.00    0.00    511   537.00  1608.00     2.0     1.0    89.7   P
  1840   60   537.00    0.00    551   537.00  1608.00     2.0     1.0    91.7   X
  1850   50   537.00    0.00    560   537.00  1608.00     2.0     1.0    92.2    
  1900    0   537.00    0.00    610   537.00  1608.00     2.0     1.0    94.6    
Evolutionary process finished.
Solution written to 'solution-28577.txt'.

Sorted sequence of worst to best tardiness value:
Task for patient = 84 with skills = {2,4} and cost = 352.7
   Vehicle #0 = 1, leaving at = 989.0
   Vehicle #1 = 13, leaving at = 994.0
   Increment on distance indicator: 12.0
   Increment on tard indicator:     2.0
   Value of tmax indicator:         12.0

Task for patient = 89 with skills = {0,-1} and cost = 306.7
   Vehicle #0 = 2, leaving at = 941.0
   Vehicle #1 = -1, leaving at = inf
   Increment on distance indicator: 10.0
   Increment on tard indicator:     0.0
   Value of tmax indicator:         10.0

Task for patient = 95 with skills = {5,-1} and cost = 303.3
   Vehicle #0 = 15, leaving at = 954.0
   Vehicle #1 = -1, leaving at = inf
   Increment on distance indicator: 3.0
   Increment on tard indicator:     0.0
   Value of tmax indicator:         3.0

Task for patient = 10 with skills = {3,-1} and cost = 302.3
   Vehicle #0 = 19, leaving at = 840.0
   Vehicle #1 = -1, leaving at = inf
   Increment on distance indicator: 8.0
   Increment on tard indicator:     0.0
   Value of tmax indicator:         8.0

Task for patient = 12 with skills = {1,4} and cost = 299.7
   Vehicle #0 = 7, leaving at = 909.0
   Vehicle #1 = 18, leaving at = 909.0
   Increment on distance indicator: 12.0
   Increment on tard indicator:     0.0
   Value of tmax indicator:         12.0

Task for patient = 76 with skills = {0,-1} and cost = 295.7
   Vehicle #0 = 0, leaving at = 865.0
   Vehicle #1 = -1, leaving at = inf
   Increment on distance indicator: 3.0
   Increment on tard indicator:     0.0
   Value of tmax indicator:         3.0

Task for patient = 25 with skills = {2,-1} and cost = 294.7
   Vehicle #0 = 1, leaving at = 893.0
   Vehicle #1 = -1, leaving at = inf
   Increment on distance indicator: 2.0
   Increment on tard indicator:     0.0
   Value of tmax indicator:         2.0

Task for patient = 90 with skills = {4,-1} and cost = 294.0
   Vehicle #0 = 11, leaving at = 897.0
   Vehicle #1 = -1, leaving at = inf
   Increment on distance indicator: 7.0
   Increment on tard indicator:     0.0
   Value of tmax indicator:         7.0

Task for patient = 68 with skills = {1,4} and cost = 291.7
   Vehicle #0 = 2, leaving at = 881.0
   Vehicle #1 = 13, leaving at = 913.0
   Increment on distance indicator: 28.0
   Increment on tard indicator:     0.0
   Value of tmax indicator:         28.0

Task for patient = 47 with skills = {1,4} and cost = 282.3
   Vehicle #0 = 7, leaving at = 840.0
   Vehicle #1 = 18, leaving at = 854.0
   Increment on distance indicator: 8.0
   Increment on tard indicator:     0.0
   Value of tmax indicator:         8.0

Task for patient = 100 with skills = {0,4} and cost = 279.7
   Vehicle #0 = 2, leaving at = 817.0
   Vehicle #1 = 13, leaving at = 824.0
   Increment on distance indicator: 8.0
   Increment on tard indicator:     0.0
   Value of tmax indicator:         8.0

Task for patient = 91 with skills = {1,5} and cost = 277.0
   Vehicle #0 = 4, leaving at = 945.0
   Vehicle #1 = 15, leaving at = 934.0
   Increment on distance indicator: 12.0
   Increment on tard indicator:     0.0
   Value of tmax indicator:         12.0

Task for patient = 98 with skills = {5,-1} and cost = 310.0
   Vehicle #0 = 12, leaving at = 863.0
   Vehicle #1 = -1, leaving at = inf
   Increment on distance indicator: 10.0
   Increment on tard indicator:     0.0
   Value of tmax indicator:         10.0

Task for patient = 83 with skills = {0,-1} and cost = 271.3
   Vehicle #0 = 4, leaving at = 894.0
   Vehicle #1 = -1, leaving at = inf
   Increment on distance indicator: 1.0
   Increment on tard indicator:     0.0
   Value of tmax indicator:         1.0

Task for patient = 50 with skills = {3,-1} and cost = 271.0
   Vehicle #0 = 10, leaving at = 925.0
   Vehicle #1 = -1, leaving at = inf
   Increment on distance indicator: 4.0
   Increment on tard indicator:     0.0
   Value of tmax indicator:         4.0

Task for patient = 60 with skills = {2,4} and cost = 269.7
   Vehicle #0 = 0, leaving at = 814.0
   Vehicle #1 = 11, leaving at = 834.0
   Increment on distance indicator: 15.0
   Increment on tard indicator:     0.0
   Value of tmax indicator:         15.0

Task for patient = 11 with skills = {4,-1} and cost = 264.7
   Vehicle #0 = 15, leaving at = 883.0
   Vehicle #1 = -1, leaving at = inf
   Increment on distance indicator: 2.0
   Increment on tard indicator:     0.0
   Value of tmax indicator:         2.0

Task for patient = 80 with skills = {1,-1} and cost = 264.0
   Vehicle #0 = 5, leaving at = 906.0
   Vehicle #1 = -1, leaving at = inf
   Increment on distance indicator: 6.0
   Increment on tard indicator:     0.0
   Value of tmax indicator:         6.0

Task for patient = 15 with skills = {2,-1} and cost = 262.0
   Vehicle #0 = 1, leaving at = 862.0
   Vehicle #1 = -1, leaving at = inf
   Increment on distance indicator: 7.0
   Increment on tard indicator:     0.0
   Value of tmax indicator:         7.0

Task for patient = 18 with skills = {0,5} and cost = 259.7
   Vehicle #0 = 0, leaving at = 732.0
   Vehicle #1 = 19, leaving at = 732.0
   Increment on distance indicator: 4.0
   Increment on tard indicator:     0.0
   Value of tmax indicator:         4.0

Task for patient = 66 with skills = {0,4} and cost = 258.3
   Vehicle #0 = 5, leaving at = 848.0
   Vehicle #1 = 10, leaving at = 866.0
   Increment on distance indicator: 4.0
   Increment on tard indicator:     0.0
   Value of tmax indicator:         4.0

Task for patient = 65 with skills = {4,-1} and cost = 257.0
   Vehicle #0 = 13, leaving at = 642.0
   Vehicle #1 = -1, leaving at = inf
   Increment on distance indicator: 4.0
   Increment on tard indicator:     0.0
   Value of tmax indicator:         4.0

Task for patient = 88 with skills = {2,4} and cost = 255.7
   Vehicle #0 = 4, leaving at = 802.0
   Vehicle #1 = 15, leaving at = 847.0
   Increment on distance indicator: 12.0
   Increment on tard indicator:     0.0
   Value of tmax indicator:         12.0

Task for patient = 61 with skills = {0,3} and cost = 251.7
   Vehicle #0 = 5, leaving at = 767.0
   Vehicle #1 = 10, leaving at = 805.0
   Increment on distance indicator: 4.0
   Increment on tard indicator:     0.0
   Value of tmax indicator:         4.0

Task for patient = 69 with skills = {4,-1} and cost = 273.0
   Vehicle #0 = 10, leaving at = 983.0
   Vehicle #1 = -1, leaving at = inf
   Increment on distance indicator: 5.0
   Increment on tard indicator:     0.0
   Value of tmax indicator:         5.0

Task for patient = 23 with skills = {3,-1} and cost = 379.7
   Vehicle #0 = 19, leaving at = 1074.0
   Vehicle #1 = -1, leaving at = inf
   Increment on distance indicator: 5.0
   Increment on tard indicator:     0.0
   Value of tmax indicator:         5.0

Task for patient = 58 with skills = {1,-1} and cost = 378.0
   Vehicle #0 = 4, leaving at = 1080.0
   Vehicle #1 = -1, leaving at = inf
   Increment on distance indicator: 6.0
   Increment on tard indicator:     0.0
   Value of tmax indicator:         6.0

Task for patient = 28 with skills = {0,4} and cost = 376.0
   Vehicle #0 = 5, leaving at = 1019.0
   Vehicle #1 = 13, leaving at = 1054.0
   Increment on distance indicator: 34.0
   Increment on tard indicator:     0.0
   Value of tmax indicator:         34.0

Task for patient = 94 with skills = {2,-1} and cost = 364.7
   Vehicle #0 = 0, leaving at = 1014.0
   Vehicle #1 = -1, leaving at = inf
   Increment on distance indicator: 10.0
   Increment on tard indicator:     0.0
   Value of tmax indicator:         10.0

Task for patient = 20 with skills = {4,-1} and cost = 361.3
   Vehicle #0 = 15, leaving at = 1052.0
   Vehicle #1 = -1, leaving at = inf
   Increment on distance indicator: 2.0
   Increment on tard indicator:     0.0
   Value of tmax indicator:         2.0

Task for patient = 36 with skills = {4,-1} and cost = 360.7
   Vehicle #0 = 15, leaving at = 1006.0
   Vehicle #1 = -1, leaving at = inf
   Increment on distance indicator: 6.0
   Increment on tard indicator:     0.0
   Value of tmax indicator:         6.0

Task for patient = 52 with skills = {2,3} and cost = 358.7
   Vehicle #0 = 4, leaving at = 1017.0
   Vehicle #1 = 10, leaving at = 1066.0
   Increment on distance indicator: 11.0
   Increment on tard indicator:     0.0
   Value of tmax indicator:         11.0

Task for patient = 86 with skills = {2,4} and cost = 355.0
   Vehicle #0 = 4, leaving at = 975.0
   Vehicle #1 = 11, leaving at = 1023.0
   Increment on distance indicator: 4.0
   Increment on tard indicator:     0.0
   Value of tmax indicator:         4.0

Task for patient = 24 with skills = {3,-1} and cost = 353.7
   Vehicle #0 = 10, leaving at = 1016.0
   Vehicle #1 = -1, leaving at = inf
   Increment on distance indicator: 3.0
   Increment on tard indicator:     0.0
   Value of tmax indicator:         3.0

Task for patient = 55 with skills = {1,3} and cost = 347.7
   Vehicle #0 = 7, leaving at = 1033.0
   Vehicle #1 = 19, leaving at = 1021.0
   Increment on distance indicator: 13.0
   Increment on tard indicator:     0.0
   Value of tmax indicator:         13.0

Task for patient = 49 with skills = {4,-1} and cost = 343.3
   Vehicle #0 = 11, leaving at = 970.0
   Vehicle #1 = -1, leaving at = inf
   Increment on distance indicator: 3.0
   Increment on tard indicator:     0.0
   Value of tmax indicator:         3.0

Task for patient = 45 with skills = {3,-1} and cost = 310.7
   Vehicle #0 = 17, leaving at = 833.0
   Vehicle #1 = -1, leaving at = inf
   Increment on distance indicator: 2.0
   Increment on tard indicator:     0.0
   Value of tmax indicator:         2.0

Task for patient = 29 with skills = {5,-1} and cost = 340.3
   Vehicle #0 = 15, leaving at = 980.0
   Vehicle #1 = -1, leaving at = inf
   Increment on distance indicator: 11.0
   Increment on tard indicator:     0.0
   Value of tmax indicator:         11.0

Task for patient = 64 with skills = {4,-1} and cost = 336.7
   Vehicle #0 = 13, leaving at = 962.0
   Vehicle #1 = -1, leaving at = inf
   Increment on distance indicator: 10.0
   Increment on tard indicator:     0.0
   Value of tmax indicator:         10.0

Task for patient = 16 with skills = {5,-1} and cost = 333.3
   Vehicle #0 = 19, leaving at = 991.0
   Vehicle #1 = -1, leaving at = inf
   Increment on distance indicator: 7.0
   Increment on tard indicator:     0.0
   Value of tmax indicator:         7.0

Task for patient = 73 with skills = {4,-1} and cost = 331.0
   Vehicle #0 = 18, leaving at = 1007.0
   Vehicle #1 = -1, leaving at = inf
   Increment on distance indicator: 6.0
   Increment on tard indicator:     0.0
   Value of tmax indicator:         6.0

Task for patient = 54 with skills = {0,4} and cost = 329.0
   Vehicle #0 = 0, leaving at = 962.0
   Vehicle #1 = 18, leaving at = 966.0
   Increment on distance indicator: 19.0
   Increment on tard indicator:     0.0
   Value of tmax indicator:         19.0

Task for patient = 8 with skills = {2,-1} and cost = 322.7
   Vehicle #0 = 1, leaving at = 958.0
   Vehicle #1 = -1, leaving at = inf
   Increment on distance indicator: 10.0
   Increment on tard indicator:     0.0
   Value of tmax indicator:         10.0

Task for patient = 92 with skills = {1,-1} and cost = 319.3
   Vehicle #0 = 2, leaving at = 999.0
   Vehicle #1 = -1, leaving at = inf
   Increment on distance indicator: 6.0
   Increment on tard indicator:     0.0
   Value of tmax indicator:         6.0

Task for patient = 31 with skills = {2,-1} and cost = 317.3
   Vehicle #0 = 1, leaving at = 924.0
   Vehicle #1 = -1, leaving at = inf
   Increment on distance indicator: 5.0
   Increment on tard indicator:     0.0
   Value of tmax indicator:         5.0

Task for patient = 34 with skills = {2,-1} and cost = 315.7
   Vehicle #0 = 0, leaving at = 902.0
   Vehicle #1 = -1, leaving at = inf
   Increment on distance indicator: 6.0
   Increment on tard indicator:     0.0
   Value of tmax indicator:         6.0

Task for patient = 96 with skills = {4,-1} and cost = 313.7
   Vehicle #0 = 11, leaving at = 939.0
   Vehicle #1 = -1, leaving at = inf
   Increment on distance indicator: 2.0
   Increment on tard indicator:     0.0
   Value of tmax indicator:         2.0

Task for patient = 32 with skills = {5,-1} and cost = 313.0
   Vehicle #0 = 19, leaving at = 931.0
   Vehicle #1 = -1, leaving at = inf
   Increment on distance indicator: 7.0
   Increment on tard indicator:     0.0
   Value of tmax indicator:         7.0

Task for patient = 62 with skills = {4,-1} and cost = 383.0
   Vehicle #0 = 13, leaving at = 1114.0
   Vehicle #1 = -1, leaving at = inf
   Increment on distance indicator: 10.0
   Increment on tard indicator:     0.0
   Value of tmax indicator:         10.0

Task for patient = 46 with skills = {1,-1} and cost = 342.3
   Vehicle #0 = 7, leaving at = 979.0
   Vehicle #1 = -1, leaving at = inf
   Increment on distance indicator: 6.0
   Increment on tard indicator:     0.0
   Value of tmax indicator:         6.0

Task for patient = 79 with skills = {3,-1} and cost = 155.3
   Vehicle #0 = 17, leaving at = 648.0
   Vehicle #1 = -1, leaving at = inf
   Increment on distance indicator: 3.0
   Increment on tard indicator:     0.0
   Value of tmax indicator:         3.0

Task for patient = 3 with skills = {4,-1} and cost = 154.3
   Vehicle #0 = 18, leaving at = 690.0
   Vehicle #1 = -1, leaving at = inf
   Increment on distance indicator: 5.0
   Increment on tard indicator:     0.0
   Value of tmax indicator:         5.0

Task for patient = 56 with skills = {2,3} and cost = 152.7
   Vehicle #0 = 1, leaving at = 612.0
   Vehicle #1 = 17, leaving at = 613.0
   Increment on distance indicator: 36.0
   Increment on tard indicator:     0.0
   Value of tmax indicator:         36.0

Task for patient = 74 with skills = {1,-1} and cost = 140.7
   Vehicle #0 = 6, leaving at = 923.0
   Vehicle #1 = -1, leaving at = inf
   Increment on distance indicator: 0.0
   Increment on tard indicator:     0.0
   Value of tmax indicator:         0.0

Task for patient = 1 with skills = {1,-1} and cost = 140.7
   Vehicle #0 = 5, leaving at = 562.0
   Vehicle #1 = -1, leaving at = inf
   Increment on distance indicator: 34.0
   Increment on tard indicator:     0.0
   Value of tmax indicator:         34.0

Task for patient = 27 with skills = {2,-1} and cost = 129.3
   Vehicle #0 = 1, leaving at = 546.0
   Vehicle #1 = -1, leaving at = inf
   Increment on distance indicator: 33.0
   Increment on tard indicator:     0.0
   Value of tmax indicator:         33.0

Task for patient = 93 with skills = {5,-1} and cost = 118.3
   Vehicle #0 = 15, leaving at = 734.0
   Vehicle #1 = -1, leaving at = inf
   Increment on distance indicator: 4.0
   Increment on tard indicator:     0.0
   Value of tmax indicator:         4.0

Task for patient = 48 with skills = {2,-1} and cost = 117.0
   Vehicle #0 = 0, leaving at = 685.0
   Vehicle #1 = -1, leaving at = inf
   Increment on distance indicator: 4.0
   Increment on tard indicator:     0.0
   Value of tmax indicator:         4.0

Task for patient = 5 with skills = {0,-1} and cost = 115.7
   Vehicle #0 = 0, leaving at = 665.0
   Vehicle #1 = -1, leaving at = inf
   Increment on distance indicator: 9.0
   Increment on tard indicator:     0.0
   Value of tmax indicator:         9.0

Task for patient = 81 with skills = {0,5} and cost = 112.7
   Vehicle #0 = 0, leaving at = 621.0
   Vehicle #1 = 18, leaving at = 615.0
   Increment on distance indicator: 11.0
   Increment on tard indicator:     0.0
   Value of tmax indicator:         11.0

Task for patient = 75 with skills = {0,-1} and cost = 109.0
   Vehicle #0 = 0, leaving at = 590.0
   Vehicle #1 = -1, leaving at = inf
   Increment on distance indicator: 6.0
   Increment on tard indicator:     0.0
   Value of tmax indicator:         6.0

Task for patient = 33 with skills = {5,-1} and cost = 250.3
   Vehicle #0 = 12, leaving at = 812.0
   Vehicle #1 = -1, leaving at = inf
   Increment on distance indicator: 6.0
   Increment on tard indicator:     0.0
   Value of tmax indicator:         6.0

Task for patient = 13 with skills = {2,4} and cost = 80.3
   Vehicle #0 = 4, leaving at = 717.0
   Vehicle #1 = 15, leaving at = 712.0
   Increment on distance indicator: 5.0
   Increment on tard indicator:     0.0
   Value of tmax indicator:         5.0

Task for patient = 4 with skills = {5,-1} and cost = 78.7
   Vehicle #0 = 15, leaving at = 659.0
   Vehicle #1 = -1, leaving at = inf
   Increment on distance indicator: 3.0
   Increment on tard indicator:     0.0
   Value of tmax indicator:         3.0

Task for patient = 19 with skills = {4,-1} and cost = 77.7
   Vehicle #0 = 15, leaving at = 632.0
   Vehicle #1 = -1, leaving at = inf
   Increment on distance indicator: 2.0
   Increment on tard indicator:     0.0
   Value of tmax indicator:         2.0

Task for patient = 72 with skills = {0,3} and cost = 77.0
   Vehicle #0 = 4, leaving at = 685.0
   Vehicle #1 = 10, leaving at = 705.0
   Increment on distance indicator: 5.0
   Increment on tard indicator:     0.0
   Value of tmax indicator:         5.0

Task for patient = 78 with skills = {0,-1} and cost = 75.3
   Vehicle #0 = 4, leaving at = 640.0
   Vehicle #1 = -1, leaving at = inf
   Increment on distance indicator: 5.0
   Increment on tard indicator:     0.0
   Value of tmax indicator:         5.0

Task for patient = 37 with skills = {5,-1} and cost = 73.7
   Vehicle #0 = 15, leaving at = 613.0
   Vehicle #1 = -1, leaving at = inf
   Increment on distance indicator: 4.0
   Increment on tard indicator:     0.0
   Value of tmax indicator:         4.0

Task for patient = 7 with skills = {0,-1} and cost = 72.3
   Vehicle #0 = 4, leaving at = 597.0
   Vehicle #1 = -1, leaving at = inf
   Increment on distance indicator: 6.0
   Increment on tard indicator:     0.0
   Value of tmax indicator:         6.0

Task for patient = 82 with skills = {1,5} and cost = 70.3
   Vehicle #0 = 4, leaving at = 541.0
   Vehicle #1 = 15, leaving at = 549.0
   Increment on distance indicator: 86.0
   Increment on tard indicator:     0.0
   Value of tmax indicator:         86.0

Task for patient = 87 with skills = {1,5} and cost = 41.7
   Vehicle #0 = 2, leaving at = 663.0
   Vehicle #1 = 12, leaving at = 654.0
   Increment on distance indicator: 29.0
   Increment on tard indicator:     0.0
   Value of tmax indicator:         29.0

Task for patient = 51 with skills = {1,4} and cost = 32.0
   Vehicle #0 = 2, leaving at = 554.0
   Vehicle #1 = 11, leaving at = 572.0
   Increment on distance indicator: 50.0
   Increment on tard indicator:     0.0
   Value of tmax indicator:         50.0

Task for patient = 6 with skills = {3,-1} and cost = 15.3
   Vehicle #0 = 10, leaving at = 645.0
   Vehicle #1 = -1, leaving at = inf
   Increment on distance indicator: 4.0
   Increment on tard indicator:     0.0
   Value of tmax indicator:         4.0

Task for patient = 71 with skills = {4,-1} and cost = 14.0
   Vehicle #0 = 10, leaving at = 526.0
   Vehicle #1 = -1, leaving at = inf
   Increment on distance indicator: 42.0
   Increment on tard indicator:     0.0
   Value of tmax indicator:         42.0

Task for patient = 42 with skills = {2,5} and cost = 107.0
   Vehicle #0 = 0, leaving at = 542.0
   Vehicle #1 = 18, leaving at = 531.0
   Increment on distance indicator: 80.0
   Increment on tard indicator:     0.0
   Value of tmax indicator:         80.0

Task for patient = 2 with skills = {4,-1} and cost = 248.3
   Vehicle #0 = 11, leaving at = 786.0
   Vehicle #1 = -1, leaving at = inf
   Increment on distance indicator: 1.0
   Increment on tard indicator:     0.0
   Value of tmax indicator:         1.0

Task for patient = 9 with skills = {1,5} and cost = 248.0
   Vehicle #0 = 7, leaving at = 793.0
   Vehicle #1 = 18, leaving at = 792.0
   Increment on distance indicator: 16.0
   Increment on tard indicator:     0.0
   Value of tmax indicator:         16.0

Task for patient = 39 with skills = {2,3} and cost = 242.7
   Vehicle #0 = 1, leaving at = 828.0
   Vehicle #1 = 17, leaving at = 798.0
   Increment on distance indicator: 12.0
   Increment on tard indicator:     0.0
   Value of tmax indicator:         12.0

Task for patient = 63 with skills = {1,-1} and cost = 238.7
   Vehicle #0 = 7, leaving at = 720.0
   Vehicle #1 = -1, leaving at = inf
   Increment on distance indicator: 11.0
   Increment on tard indicator:     0.0
   Value of tmax indicator:         11.0

Task for patient = 30 with skills = {4,-1} and cost = 235.0
   Vehicle #0 = 11, leaving at = 740.0
   Vehicle #1 = -1, leaving at = inf
   Increment on distance indicator: 4.0
   Increment on tard indicator:     0.0
   Value of tmax indicator:         4.0

Task for patient = 22 with skills = {4,-1} and cost = 233.7
   Vehicle #0 = 10, leaving at = 752.0
   Vehicle #1 = -1, leaving at = inf
   Increment on distance indicator: 2.0
   Increment on tard indicator:     0.0
   Value of tmax indicator:         2.0

Task for patient = 35 with skills = {1,-1} and cost = 233.0
   Vehicle #0 = 7, leaving at = 654.0
   Vehicle #1 = -1, leaving at = inf
   Increment on distance indicator: 4.0
   Increment on tard indicator:     0.0
   Value of tmax indicator:         4.0

Task for patient = 59 with skills = {4,-1} and cost = 231.7
   Vehicle #0 = 13, leaving at = 581.0
   Vehicle #1 = -1, leaving at = inf
   Increment on distance indicator: 26.0
   Increment on tard indicator:     0.0
   Value of tmax indicator:         26.0

Task for patient = 67 with skills = {1,-1} and cost = 223.0
   Vehicle #0 = 5, leaving at = 729.0
   Vehicle #1 = -1, leaving at = inf
   Increment on distance indicator: 2.0
   Increment on tard indicator:     0.0
   Value of tmax indicator:         2.0

Task for patient = 44 with skills = {3,-1} and cost = 222.3
   Vehicle #0 = 17, leaving at = 761.0
   Vehicle #1 = -1, leaving at = inf
   Increment on distance indicator: 17.0
   Increment on tard indicator:     0.0
   Value of tmax indicator:         17.0

Task for patient = 14 with skills = {2,-1} and cost = 216.7
   Vehicle #0 = 7, leaving at = 600.0
   Vehicle #1 = -1, leaving at = inf
   Increment on distance indicator: 5.0
   Increment on tard indicator:     0.0
   Value of tmax indicator:         5.0

Task for patient = 53 with skills = {4,-1} and cost = 157.0
   Vehicle #0 = 11, leaving at = 623.0
   Vehicle #1 = -1, leaving at = inf
   Increment on distance indicator: 5.0
   Increment on tard indicator:     0.0
   Value of tmax indicator:         5.0

Task for patient = 43 with skills = {1,-1} and cost = 213.3
   Vehicle #0 = 7, leaving at = 554.0
   Vehicle #1 = -1, leaving at = inf
   Increment on distance indicator: 42.0
   Increment on tard indicator:     0.0
   Value of tmax indicator:         42.0

Task for patient = 40 with skills = {0,-1} and cost = 199.3
   Vehicle #0 = 5, leaving at = 674.0
   Vehicle #1 = -1, leaving at = inf
   Increment on distance indicator: 1.0
   Increment on tard indicator:     0.0
   Value of tmax indicator:         1.0

Task for patient = 70 with skills = {4,-1} and cost = 199.0
   Vehicle #0 = 11, leaving at = 720.0
   Vehicle #1 = -1, leaving at = inf
   Increment on distance indicator: 8.0
   Increment on tard indicator:     0.0
   Value of tmax indicator:         8.0

Task for patient = 97 with skills = {3,-1} and cost = 196.3
   Vehicle #0 = 17, leaving at = 713.0
   Vehicle #1 = -1, leaving at = inf
   Increment on distance indicator: 6.0
   Increment on tard indicator:     0.0
   Value of tmax indicator:         6.0

Task for patient = 41 with skills = {1,-1} and cost = 194.3
   Vehicle #0 = 5, leaving at = 649.0
   Vehicle #1 = -1, leaving at = inf
   Increment on distance indicator: 5.0
   Increment on tard indicator:     0.0
   Value of tmax indicator:         5.0

Task for patient = 26 with skills = {1,-1} and cost = 192.7
   Vehicle #0 = 5, leaving at = 616.0
   Vehicle #1 = -1, leaving at = inf
   Increment on distance indicator: 14.0
   Increment on tard indicator:     0.0
   Value of tmax indicator:         14.0

Task for patient = 99 with skills = {0,3} and cost = 188.0
   Vehicle #0 = 5, leaving at = 586.0
   Vehicle #1 = 19, leaving at = 629.0
   Increment on distance indicator: 48.0
   Increment on tard indicator:     0.0
   Value of tmax indicator:         48.0

Task for patient = 21 with skills = {1,5} and cost = 172.0
   Vehicle #0 = 4, leaving at = 771.0
   Vehicle #1 = 15, leaving at = 760.0
   Increment on distance indicator: 7.0
   Increment on tard indicator:     0.0
   Value of tmax indicator:         7.0

Task for patient = 77 with skills = {4,-1} and cost = 169.7
   Vehicle #0 = 11, leaving at = 674.0
   Vehicle #1 = -1, leaving at = inf
   Increment on distance indicator: 13.0
   Increment on tard indicator:     0.0
   Value of tmax indicator:         13.0

Task for patient = 38 with skills = {3,-1} and cost = 165.3
   Vehicle #0 = 18, leaving at = 745.0
   Vehicle #1 = -1, leaving at = inf
   Increment on distance indicator: 2.0
   Increment on tard indicator:     0.0
   Value of tmax indicator:         2.0

Task for patient = 57 with skills = {2,5} and cost = 164.7
   Vehicle #0 = 1, leaving at = 732.0
   Vehicle #1 = 12, leaving at = 754.0
   Increment on distance indicator: 11.0
   Increment on tard indicator:     0.0
   Value of tmax indicator:         11.0

Task for patient = 85 with skills = {1,5} and cost = 161.0
   Vehicle #0 = 2, leaving at = 725.0
   Vehicle #1 = 12, leaving at = 696.0
   Increment on distance indicator: 12.0
   Increment on tard indicator:     0.0
   Value of tmax indicator:         12.0

Task for patient = 17 with skills = {1,-1} and cost = 215.0
   Vehicle #0 = 2, leaving at = 788.0
   Vehicle #1 = -1, leaving at = inf
   Increment on distance indicator: 5.0
   Increment on tard indicator:     0.0
   Value of tmax indicator:         5.0


Unused vehicle list: 3 8 9 14 16 (total = 5 out of 20)

---
Search finished.
Total of 1900 generations in 94.6 seconds.
Exchange elite runs: 23
Implicit path relinking runs: 10
Reset attempts: 0

Best solution found:
   Cost: 537.0
   Total travel time: 1608.0
   Total tardiness time: 2.0
   Largest tardiness: 1.0


537.0
