This host is: shiva
--- BRKGA-MP-IPR for HHCRSP ---
Instance: /home/alberto/work/hhcrsp-dataset-2021/dataset2/HHCRSP_200_40_87_0.8_C_R.txt
Seed: 16

Reading data... Problem contains 200 patients  and 40 caregivers.

Summary of supply x demand for each service type:
Skill 0 has supply = 13 and demand = 36, ratio = 0.361111
Skill 1 has supply = 13 and demand = 47, ratio = 0.276596
Skill 2 has supply = 14 and demand = 48, ratio = 0.291667
Skill 3 has supply = 16 and demand = 49, ratio = 0.326531
Skill 4 has supply = 19 and demand = 55, ratio = 0.345455
Skill 5 has supply = 12 and demand = 25, ratio = 0.48

Reading parameters...
Inferred distance function by PR type: kendall-tau
Building BRKGA data and initializing...
Evolving 1900 generations...

  Gens  Rem    Local   ElDiv NoImpr             Best solution            Time  Op
                                       Cost     Dist    Tard    TMax 
*    0 1900  5300.00  356.71      0  5300.00  4373.00 11119.0   408.0     0.3    
*    2 1898  4724.67  292.80      0  4724.67  4442.00  9376.0   356.0     1.0    
*    4 1896  4047.00  308.10      0  4047.00  4502.00  5246.0   392.0     1.6    
*    5 1895  3380.00  300.50      0  3380.00  4502.00  5246.0   392.0     2.0    
*    7 1893  3146.00  255.20      0  3146.00  4245.00  3742.0   284.0     2.6    
*    8 1892  2757.00  229.80      0  2757.00  4245.00  3742.0   284.0     3.0    
*   11 1889  2360.00  206.82      0  2360.00  4479.00  2352.0   249.0     3.9    
*   16 1884  2178.00  132.97      0  2178.00  4223.00  1518.0   200.0     5.6    
*   17 1883  1980.33  136.33      0  1980.33  4165.00  1327.0   172.0     5.9    
*   18 1882  1888.00  131.09      0  1888.00  4156.00   930.0   334.0     6.2    
*   19 1881  1806.67  121.43      0  1806.67  4156.00   930.0   334.0     6.6    
*   21 1879  1763.00  102.66      0  1763.00  4191.00   451.0   151.0     7.2    
*   22 1878  1597.67   95.37      0  1597.67  4191.00   451.0   151.0     7.6    
*   26 1874  1534.33   72.29      0  1534.33  4148.00   292.0    47.0     8.9    
*   27 1873  1495.67   63.15      0  1495.67  4159.00   218.0    64.0     9.2    

  Gens  Rem    Local   ElDiv NoImpr             Best solution            Time  Op
                                       Cost     Dist    Tard    TMax 
*   28 1872  1480.33   51.16      0  1480.33  4159.00   218.0    64.0     9.5    
*   32 1868  1392.33   40.55      0  1392.33  3887.00   185.0    50.0    10.9    
*   33 1867  1374.00   38.83      0  1374.00  3887.00   114.0    41.0    11.2    
*   34 1866  1347.33   37.46      0  1347.33  4013.00    21.0     4.0    11.5    
*   35 1865  1346.00   35.36      0  1346.00  4013.00    21.0     4.0    11.8    
*   38 1862  1331.67   27.12      0  1331.67  3880.00    81.0    34.0    12.8    
*   41 1859  1288.67   21.67      0  1288.67  3820.00    39.0     7.0    13.8    
*   43 1857  1286.67   19.30      0  1286.67  3787.00    57.0    16.0    14.5    
*   45 1855  1280.33   18.81      0  1280.33  3774.00    57.0    10.0    15.1    
*   49 1851  1261.67   16.34      0  1261.67  3764.00    15.0     6.0    16.5    
    50 1850  1261.67   16.55      1  1261.67  3764.00    15.0     6.0    16.8    
*   51 1849  1260.67   15.88      0  1260.67  3758.00    20.0     4.0    17.1    
*   54 1846  1249.33   14.40      0  1249.33  3703.00    33.0    12.0    18.1    
*   56 1844  1230.67   13.81      0  1230.67  3636.00    42.0    14.0    18.8    
*   65 1835  1222.00   12.83      0  1222.00  3639.00    21.0     6.0    21.7    
*   67 1833  1218.67   12.79      0  1218.67  3619.00    32.0     5.0    22.4    

  Gens  Rem    Local   ElDiv NoImpr             Best solution            Time  Op
                                       Cost     Dist    Tard    TMax 
*   75 1825  1212.67   10.34      0  1212.67  3592.00    30.0    13.0    25.0    
*   76 1824  1211.67   10.23      0  1211.67  3563.00    23.0     5.0    25.4    
*   77 1823  1197.00    9.98      0  1197.00  3563.00    23.0     5.0    25.7    
    80 1820  1197.00    7.35      4  1197.00  3563.00    23.0     5.0    26.7   X
*   87 1813  1196.00    7.44      0  1196.00  3501.00    41.0    11.0    29.0    
*   88 1812  1184.33    7.42      0  1184.33  3501.00    41.0    11.0    29.3    
   100 1800  1184.33    8.18     12  1184.33  3501.00    41.0    11.0    33.3    
*  111 1789  1181.67    8.30      0  1181.67  3543.00     1.0     1.0    36.9    
*  121 1779  1177.00    8.95      0  1177.00  3507.00     7.0     4.0    40.2    
*  122 1778  1172.67    8.95      0  1172.67  3507.00     7.0     4.0    40.6    
*  128 1772  1168.67    9.06      0  1168.67  3484.00    17.0     5.0    42.5    
*  134 1766  1164.67    9.39      0  1164.67  3494.00     0.0     0.0    44.5    
*  136 1764  1164.00   10.11      0  1164.00  3431.00    23.0     7.0    45.2    
*  137 1763  1153.67   10.31      0  1153.67  3431.00    23.0     7.0    45.5    
   150 1750  1153.67    9.78     13  1153.67  3431.00    23.0     7.0    49.8    
*  154 1746  1151.67    9.72      0  1151.67  3436.00    15.0     4.0    51.1    

  Gens  Rem    Local   ElDiv NoImpr             Best solution            Time  Op
                                       Cost     Dist    Tard    TMax 
*  156 1744  1141.67   10.17      0  1141.67  3416.00     6.0     3.0    51.8    
   160 1740  1141.67    7.73      5  1141.67  3416.00     6.0     3.0    53.1   X
*  169 1731  1137.33    7.56      0  1137.33  3385.00    21.0     6.0    56.1    
*  175 1725  1134.00    7.54      0  1134.00  3373.00    19.0    10.0    58.1    
*  177 1723  1129.33    7.65      0  1129.33  3354.00    24.0    10.0    58.8    
Path relinking result: best improvement.
   180 1720  1123.67    8.26      0  1129.33  3354.00    24.0    10.0    60.0   P
*  181 1719  1123.67    8.26      0  1123.67  3366.00     3.0     2.0    60.3    
*  183 1717  1119.00    8.65      0  1119.00  3353.00     2.0     2.0    61.0    
   200 1700  1119.00    7.87     17  1119.00  3353.00     2.0     2.0    66.6    
*  220 1680  1117.33    8.05      0  1117.33  3289.00     2.0     2.0    73.2    
*  221 1679  1097.67    8.12      0  1097.67  3289.00     2.0     2.0    73.5    
*  240 1660  1095.00    9.67      0  1095.00  3267.00    10.0     5.0    79.8    
   240 1660  1094.00    8.26      0  1095.00  3267.00    10.0     5.0    79.8   X
*  241 1659  1094.00    8.07      0  1094.00  3267.00    10.0     5.0    80.2    
*  245 1655  1076.33    7.88      0  1076.33  3218.00     9.0     2.0    81.5    
   250 1650  1076.33    7.81      5  1076.33  3218.00     9.0     2.0    83.1    

  Gens  Rem    Local   ElDiv NoImpr             Best solution            Time  Op
                                       Cost     Dist    Tard    TMax 
*  269 1631  1069.33    8.06      0  1069.33  3170.00    31.0     7.0    89.4    
*  283 1617  1065.33    7.64      0  1065.33  3185.00     8.0     3.0    94.1    
*  289 1611  1060.33    7.91      0  1060.33  3177.00     2.0     2.0    96.0    
*  291 1609  1060.00    7.86      0  1060.00  3151.00    23.0     6.0    96.7    
*  293 1607  1058.67    8.23      0  1058.67  3137.00    18.0     5.0    97.4    
*  294 1606  1053.33    8.57      0  1053.33  3141.00     2.0     2.0    97.7    
*  295 1605  1048.33    8.72      0  1048.33  3141.00     2.0     2.0    98.0    
*  300 1600  1046.00    8.43      0  1046.00  3138.00     0.0     0.0    99.7    
*  304 1596  1041.00    8.27      0  1041.00  3120.00     2.0     1.0   101.0    
*  307 1593  1038.33    8.77      0  1038.33  3082.00     6.0     3.0   102.0    
*  308 1592  1030.33    8.64      0  1030.33  3082.00     6.0     3.0   102.3    
*  318 1582  1024.67    8.44      0  1024.67  3074.00     0.0     0.0   105.7    
   320 1580  1024.67    6.49      3  1024.67  3074.00     0.0     0.0   106.3   X
*  325 1575  1023.67    6.37      0  1023.67  3061.00     6.0     4.0   108.0    
*  328 1572  1018.00    6.45      0  1018.00  3029.00    15.0     6.0   109.0    
*  329 1571  1016.67    6.95      0  1016.67  3014.00     1.0     1.0   109.3    

  Gens  Rem    Local   ElDiv NoImpr             Best solution            Time  Op
                                       Cost     Dist    Tard    TMax 
*  330 1570  1005.33    6.84      0  1005.33  3014.00     1.0     1.0   109.6    
*  339 1561  1002.33    6.60      0  1002.33  2990.00    13.0     4.0   112.6    
   350 1550  1002.33    7.12     11  1002.33  2990.00    13.0     4.0   116.2    
*  354 1546   994.00    7.33      0   994.00  2976.00     4.0     2.0   117.6    
Path relinking result: best improvement.
   360 1540   985.67    7.80      0   994.00  2976.00     4.0     2.0   119.8   P
*  361 1539   985.67    7.68      0   985.67  2943.00    11.0     3.0   120.1    
*  382 1518   969.00    7.13      0   969.00  2898.00     6.0     3.0   127.0    
   400 1500   969.00    5.97     18   969.00  2898.00     6.0     3.0   133.0    
   400 1500   969.00    3.95     19   969.00  2898.00     6.0     3.0   133.0   X
*  424 1476   962.00    3.92      0   962.00  2880.00     3.0     3.0   140.9    
*  430 1470   957.00    4.33      0   957.00  2871.00     0.0     0.0   142.9    
*  442 1458   954.67    4.60      0   954.67  2864.00     0.0     0.0   146.8    
*  446 1454   948.00    5.21      0   948.00  2841.00     2.0     1.0   148.1    
   450 1450   948.00    5.08      4   948.00  2841.00     2.0     1.0   149.5    
*  451 1449   947.00    4.88      0   947.00  2841.00     0.0     0.0   149.8    
*  456 1444   940.00    4.29      0   940.00  2820.00     0.0     0.0   151.4    

  Gens  Rem    Local   ElDiv NoImpr             Best solution            Time  Op
                                       Cost     Dist    Tard    TMax 
*  461 1439   937.33    4.28      0   937.33  2810.00     1.0     1.0   153.1    
*  468 1432   935.67    3.19      0   935.67  2803.00     2.0     2.0   155.4    
*  473 1427   935.00    2.24      0   935.00  2805.00     0.0     0.0   157.0    
*  477 1423   934.00    1.85      0   934.00  2802.00     0.0     0.0   158.3    
*  480 1420   933.67    1.60      0   933.67  2795.00     1.0     1.0   159.3    
   480 1420   932.33    0.88      0   933.67  2795.00     1.0     1.0   159.3   X
*  481 1419   932.33    0.89      0   932.33  2795.00     1.0     1.0   159.7    
*  483 1417   931.67    1.04      0   931.67  2795.00     0.0     0.0   160.3    
*  485 1415   928.33    1.31      0   928.33  2782.00     0.0     0.0   161.0    
*  486 1414   927.33    1.33      0   927.33  2782.00     0.0     0.0   161.3    
*  493 1407   927.00    1.45      0   927.00  2781.00     0.0     0.0   163.6    
*  496 1404   924.67    1.49      0   924.67  2774.00     0.0     0.0   164.6    
*  499 1401   923.67    1.29      0   923.67  2771.00     0.0     0.0   165.6    
   500 1400   923.67    1.34      1   923.67  2771.00     0.0     0.0   165.9    
*  505 1395   923.33    0.93      0   923.33  2767.00     0.0     0.0   167.5    
*  506 1394   922.33    0.83      0   922.33  2767.00     0.0     0.0   167.9    

  Gens  Rem    Local   ElDiv NoImpr             Best solution            Time  Op
                                       Cost     Dist    Tard    TMax 
*  508 1392   921.67    0.66      0   921.67  2765.00     0.0     0.0   168.5    
*  510 1390   921.00    0.70      0   921.00  2760.00     0.0     0.0   169.2    
*  511 1389   920.00    0.71      0   920.00  2760.00     0.0     0.0   169.5    
*  516 1384   919.67    0.74      0   919.67  2759.00     0.0     0.0   171.1    
*  519 1381   919.33    0.55      0   919.33  2758.00     0.0     0.0   172.1    
*  521 1379   918.33    0.61      0   918.33  2755.00     0.0     0.0   172.8    
*  523 1377   918.00    0.80      0   918.00  2754.00     0.0     0.0   173.4    
*  526 1374   917.67    0.87      0   917.67  2752.00     0.0     0.0   174.4    
*  527 1373   917.33    0.80      0   917.33  2752.00     0.0     0.0   174.8    
*  533 1367   917.00    0.64      0   917.00  2751.00     0.0     0.0   176.7    
Path relinking result: elite improvement.
   540 1360   916.67    0.77      0   917.00  2751.00     0.0     0.0   179.2   P
*  541 1359   916.67    0.78      0   916.67  2749.00     0.0     0.0   179.6    
*  542 1358   916.33    0.72      0   916.33  2748.00     0.0     0.0   179.9    
*  543 1357   916.00    0.70      0   916.00  2748.00     0.0     0.0   180.2    
*  548 1352   915.33    0.57      0   915.33  2746.00     0.0     0.0   181.8    
*  550 1350   915.00    0.43      0   915.00  2742.00     0.0     0.0   182.5    

  Gens  Rem    Local   ElDiv NoImpr             Best solution            Time  Op
                                       Cost     Dist    Tard    TMax 
*  551 1349   914.00    0.36      0   914.00  2742.00     0.0     0.0   182.8    
*  557 1343   913.33    0.62      0   913.33  2740.00     0.0     0.0   184.8    
   560 1340   913.33    0.51      4   913.33  2740.00     0.0     0.0   185.8   X
*  563 1337   913.00    0.57      0   913.00  2739.00     0.0     0.0   186.8    
*  566 1334   912.67    0.62      0   912.67  2738.00     0.0     0.0   187.7    
*  571 1329   912.33    0.55      0   912.33  2735.00     0.0     0.0   189.4    
*  572 1328   911.67    0.57      0   911.67  2735.00     0.0     0.0   189.7    
*  579 1321   911.00    0.28      0   911.00  2733.00     0.0     0.0   192.0    
*  581 1319   910.67    0.32      0   910.67  2732.00     0.0     0.0   192.7    
*  588 1312   910.33    0.55      0   910.33  2729.00     0.0     0.0   195.0    
*  589 1311   909.67    0.63      0   909.67  2729.00     0.0     0.0   195.3    
*  591 1309   909.33    0.85      0   909.33  2728.00     0.0     0.0   195.9    
*  593 1307   909.00    0.99      0   909.00  2727.00     0.0     0.0   196.6    
*  595 1305   908.67    1.18      0   908.67  2726.00     0.0     0.0   197.2    
   600 1300   908.67    1.66      5   908.67  2726.00     0.0     0.0   198.9    
*  611 1289   908.00    1.89      0   908.00  2724.00     0.0     0.0   202.5    

  Gens  Rem    Local   ElDiv NoImpr             Best solution            Time  Op
                                       Cost     Dist    Tard    TMax 
   640 1260   908.00    0.00     30   908.00  2724.00     0.0     0.0   212.0   X
*  650 1250   907.33    0.04      0   907.33  2722.00     0.0     0.0   215.3    
*  671 1229   907.00    0.17      0   907.00  2721.00     0.0     0.0   222.1    
   700 1200   907.00    0.20     29   907.00  2721.00     0.0     0.0   231.6    
Path relinking result: elite improvement.
   720 1180   907.00    0.43     50   907.00  2721.00     0.0     0.0   238.3  PX
*  740 1160   905.67    0.08      0   905.67  2717.00     0.0     0.0   244.8    
   750 1150   905.67    0.63     10   905.67  2717.00     0.0     0.0   248.1    
*  795 1105   905.00    0.63      0   905.00  2715.00     0.0     0.0   262.8    
   800 1100   905.00    0.64      5   905.00  2715.00     0.0     0.0   264.5    
   800 1100   905.00    0.11      6   905.00  2715.00     0.0     0.0   264.5   X
*  816 1084   904.00    0.11      0   904.00  2712.00     0.0     0.0   269.7    
*  822 1078   903.33    0.49      0   903.33  2710.00     0.0     0.0   271.7    
*  832 1068   903.00    0.79      0   903.00  2709.00     0.0     0.0   274.9    
   850 1050   903.00    0.16     18   903.00  2709.00     0.0     0.0   280.8    
*  870 1030   902.67    0.03      0   902.67  2708.00     0.0     0.0   287.4    
   880 1020   902.67    0.16     11   902.67  2708.00     0.0     0.0   290.7   X

  Gens  Rem    Local   ElDiv NoImpr             Best solution            Time  Op
                                       Cost     Dist    Tard    TMax 
*  896 1004   901.67    0.11      0   901.67  2705.00     0.0     0.0   295.9    
   900 1000   901.67    0.30      4   901.67  2705.00     0.0     0.0   297.2    
Path relinking result: no improvement.
   900 1000   901.67    0.30      5   901.67  2705.00     0.0     0.0   297.4   P
   950  950   901.67    0.47     54   901.67  2705.00     0.0     0.0   313.7    
   960  940   901.67    0.31     65   901.67  2705.00     0.0     0.0   317.0   X
*  962  938   901.33    0.02      0   901.33  2704.00     0.0     0.0   317.7    
  1000  900   901.33    0.16     38   901.33  2704.00     0.0     0.0   330.1    
  1040  860   901.33    0.16     79   901.33  2704.00     0.0     0.0   343.2   X
  1041  859      inf  386.34      0   901.33  2704.00     0.0     0.0   343.8   R
  1042  858  5014.67  354.66      0   901.33  2704.00     0.0     0.0   344.1    
  1050  850  3561.00  236.43      2   901.33  2704.00     0.0     0.0   346.8    
Path relinking result: elite improvement.
  1080  820  1302.33   35.23      0   901.33  2704.00     0.0     0.0   356.9   P
  1100  800  1245.00   21.61      3   901.33  2704.00     0.0     0.0   363.5    
  1120  780  1198.00    8.36      1   901.33  2704.00     0.0     0.0   370.1   X
  1150  750  1175.00    7.74     13   901.33  2704.00     0.0     0.0   380.1    
  1200  700  1132.33   11.01     10   901.33  2704.00     0.0     0.0   396.6    

  Gens  Rem    Local   ElDiv NoImpr             Best solution            Time  Op
                                       Cost     Dist    Tard    TMax 
  1200  700  1132.33    7.78     11   901.33  2704.00     0.0     0.0   396.6   X
  1250  650  1087.67    9.20      3   901.33  2704.00     0.0     0.0   413.2    
Path relinking result: best improvement.
  1260  640  1072.33    9.73      0   901.33  2704.00     0.0     0.0   416.8   P
  1280  620  1061.67    7.07      0   901.33  2704.00     0.0     0.0   423.4   X
  1300  600  1053.00    6.52      4   901.33  2704.00     0.0     0.0   430.0    
  1350  550  1016.33    8.65      9   901.33  2704.00     0.0     0.0   446.6    
  1360  540  1000.00    5.06      3   901.33  2704.00     0.0     0.0   449.9   X
  1400  500   968.67    7.63      6   901.33  2704.00     0.0     0.0   463.1    
Path relinking result: elite improvement.
  1440  460   946.67    2.33      1   901.33  2704.00     0.0     0.0   476.6  PX
  1450  450   941.33    2.95      2   901.33  2704.00     0.0     0.0   479.9    
  1500  400   932.33    4.61      7   901.33  2704.00     0.0     0.0   496.4    
  1520  380   929.33    0.73      1   901.33  2704.00     0.0     0.0   503.0   X
  1550  350   929.33    0.10     30   901.33  2704.00     0.0     0.0   512.8    
  1600  300   928.33    0.19     30   901.33  2704.00     0.0     0.0   529.2    
  1600  300   928.33    0.33     31   901.33  2704.00     0.0     0.0   529.2   X
Path relinking result: no improvement.
  1620  280   928.33    0.54     51   901.33  2704.00     0.0     0.0   536.0   P

  Gens  Rem    Local   ElDiv NoImpr             Best solution            Time  Op
                                       Cost     Dist    Tard    TMax 
  1649  251      inf  420.61      0   901.33  2704.00     0.0     0.0   545.8   R
  1650  250  4914.33  377.94      0   901.33  2704.00     0.0     0.0   546.1    
  1680  220  1414.67   44.36      1   901.33  2704.00     0.0     0.0   556.0   X
  1700  200  1255.33   16.71      0   901.33  2704.00     0.0     0.0   562.6    
  1750  150  1171.00   10.84      0   901.33  2704.00     0.0     0.0   579.2    
  1760  140  1171.00    7.55     11   901.33  2704.00     0.0     0.0   582.5   X
  1800  100  1148.33    9.16      5   901.33  2704.00     0.0     0.0   595.7    
Path relinking result: best improvement.
  1800  100  1142.67    9.75      0   901.33  2704.00     0.0     0.0   595.9   P
  1840   60  1131.33    6.40     12   901.33  2704.00     0.0     0.0   609.2   X
  1850   50  1118.67    6.91      1   901.33  2704.00     0.0     0.0   612.5    
  1900    0  1092.33    7.79      4   901.33  2704.00     0.0     0.0   628.6    
Evolutionary process finished.
Solution written to 'solution-30679.txt'.

Sorted sequence of worst to best tardiness value:
Task for patient = 70 with skills = {4,-1} and cost = 368.7
   Vehicle #0 = 32, leaving at = 633.0
   Vehicle #1 = -1, leaving at = inf
   Increment on distance indicator: 12.0
   Increment on tard indicator:     4.0
   Value of tmax indicator:         12.0

Task for patient = 191 with skills = {4,-1} and cost = 120.7
   Vehicle #0 = 22, leaving at = 725.0
   Vehicle #1 = -1, leaving at = inf
   Increment on distance indicator: 8.0
   Increment on tard indicator:     3.0
   Value of tmax indicator:         8.0

Task for patient = 60 with skills = {0,3} and cost = 662.3
   Vehicle #0 = 7, leaving at = 903.0
   Vehicle #1 = 28, leaving at = 918.0
   Increment on distance indicator: 21.0
   Increment on tard indicator:     1.0
   Value of tmax indicator:         21.0

Task for patient = 73 with skills = {2,4} and cost = 587.0
   Vehicle #0 = 11, leaving at = 822.0
   Vehicle #1 = 34, leaving at = 822.0
   Increment on distance indicator: 8.0
   Increment on tard indicator:     0.0
   Value of tmax indicator:         8.0

Task for patient = 90 with skills = {4,-1} and cost = 589.7
   Vehicle #0 = 36, leaving at = 832.0
   Vehicle #1 = -1, leaving at = inf
   Increment on distance indicator: 8.0
   Increment on tard indicator:     0.0
   Value of tmax indicator:         8.0

Task for patient = 31 with skills = {0,3} and cost = 592.3
   Vehicle #0 = 13, leaving at = 931.0
   Vehicle #1 = 22, leaving at = 931.0
   Increment on distance indicator: 8.0
   Increment on tard indicator:     0.0
   Value of tmax indicator:         8.0

Task for patient = 123 with skills = {2,4} and cost = 595.3
   Vehicle #0 = 8, leaving at = 859.0
   Vehicle #1 = 27, leaving at = 862.0
   Increment on distance indicator: 9.0
   Increment on tard indicator:     0.0
   Value of tmax indicator:         9.0

Task for patient = 192 with skills = {1,-1} and cost = 597.3
   Vehicle #0 = 8, leaving at = 887.0
   Vehicle #1 = -1, leaving at = inf
   Increment on distance indicator: 6.0
   Increment on tard indicator:     0.0
   Value of tmax indicator:         6.0

Task for patient = 122 with skills = {0,-1} and cost = 599.3
   Vehicle #0 = 16, leaving at = 893.0
   Vehicle #1 = -1, leaving at = inf
   Increment on distance indicator: 6.0
   Increment on tard indicator:     0.0
   Value of tmax indicator:         6.0

Task for patient = 88 with skills = {4,-1} and cost = 601.0
   Vehicle #0 = 26, leaving at = 903.0
   Vehicle #1 = -1, leaving at = inf
   Increment on distance indicator: 5.0
   Increment on tard indicator:     0.0
   Value of tmax indicator:         5.0

Task for patient = 33 with skills = {2,3} and cost = 603.0
   Vehicle #0 = 13, leaving at = 978.0
   Vehicle #1 = 22, leaving at = 978.0
   Increment on distance indicator: 6.0
   Increment on tard indicator:     0.0
   Value of tmax indicator:         6.0

Task for patient = 109 with skills = {3,-1} and cost = 606.3
   Vehicle #0 = 28, leaving at = 892.0
   Vehicle #1 = -1, leaving at = inf
   Increment on distance indicator: 10.0
   Increment on tard indicator:     0.0
   Value of tmax indicator:         10.0

Task for patient = 173 with skills = {3,-1} and cost = 609.0
   Vehicle #0 = 35, leaving at = 809.0
   Vehicle #1 = -1, leaving at = inf
   Increment on distance indicator: 8.0
   Increment on tard indicator:     0.0
   Value of tmax indicator:         8.0

Task for patient = 140 with skills = {2,-1} and cost = 611.0
   Vehicle #0 = 6, leaving at = 953.0
   Vehicle #1 = -1, leaving at = inf
   Increment on distance indicator: 6.0
   Increment on tard indicator:     0.0
   Value of tmax indicator:         6.0

Task for patient = 141 with skills = {2,-1} and cost = 494.0
   Vehicle #0 = 14, leaving at = 772.0
   Vehicle #1 = -1, leaving at = inf
   Increment on distance indicator: 2.0
   Increment on tard indicator:     0.0
   Value of tmax indicator:         2.0

Task for patient = 95 with skills = {1,-1} and cost = 618.7
   Vehicle #0 = 8, leaving at = 982.0
   Vehicle #1 = -1, leaving at = inf
   Increment on distance indicator: 11.0
   Increment on tard indicator:     0.0
   Value of tmax indicator:         11.0

Task for patient = 113 with skills = {3,-1} and cost = 620.0
   Vehicle #0 = 34, leaving at = 893.0
   Vehicle #1 = -1, leaving at = inf
   Increment on distance indicator: 4.0
   Increment on tard indicator:     0.0
   Value of tmax indicator:         4.0

Task for patient = 132 with skills = {1,-1} and cost = 624.0
   Vehicle #0 = 18, leaving at = 877.0
   Vehicle #1 = -1, leaving at = inf
   Increment on distance indicator: 12.0
   Increment on tard indicator:     0.0
   Value of tmax indicator:         12.0

Task for patient = 4 with skills = {2,4} and cost = 636.0
   Vehicle #0 = 17, leaving at = 785.0
   Vehicle #1 = 29, leaving at = 822.0
   Increment on distance indicator: 36.0
   Increment on tard indicator:     0.0
   Value of tmax indicator:         36.0

Task for patient = 152 with skills = {2,-1} and cost = 638.7
   Vehicle #0 = 1, leaving at = 994.0
   Vehicle #1 = -1, leaving at = inf
   Increment on distance indicator: 8.0
   Increment on tard indicator:     0.0
   Value of tmax indicator:         8.0

Task for patient = 133 with skills = {4,-1} and cost = 642.3
   Vehicle #0 = 24, leaving at = 976.0
   Vehicle #1 = -1, leaving at = inf
   Increment on distance indicator: 11.0
   Increment on tard indicator:     0.0
   Value of tmax indicator:         11.0

Task for patient = 136 with skills = {1,4} and cost = 645.3
   Vehicle #0 = 16, leaving at = 924.0
   Vehicle #1 = 27, leaving at = 956.0
   Increment on distance indicator: 9.0
   Increment on tard indicator:     0.0
   Value of tmax indicator:         9.0

Task for patient = 117 with skills = {2,4} and cost = 652.0
   Vehicle #0 = 11, leaving at = 917.0
   Vehicle #1 = 34, leaving at = 961.0
   Increment on distance indicator: 20.0
   Increment on tard indicator:     0.0
   Value of tmax indicator:         20.0

Task for patient = 153 with skills = {1,3} and cost = 655.0
   Vehicle #0 = 6, leaving at = 1011.0
   Vehicle #1 = 24, leaving at = 1011.0
   Increment on distance indicator: 9.0
   Increment on tard indicator:     0.0
   Value of tmax indicator:         9.0

Task for patient = 134 with skills = {4,-1} and cost = 665.0
   Vehicle #0 = 29, leaving at = 864.0
   Vehicle #1 = -1, leaving at = inf
   Increment on distance indicator: 8.0
   Increment on tard indicator:     0.0
   Value of tmax indicator:         8.0

Task for patient = 196 with skills = {2,4} and cost = 615.0
   Vehicle #0 = 11, leaving at = 860.0
   Vehicle #1 = 34, leaving at = 860.0
   Increment on distance indicator: 12.0
   Increment on tard indicator:     0.0
   Value of tmax indicator:         12.0

Task for patient = 160 with skills = {3,-1} and cost = 495.7
   Vehicle #0 = 34, leaving at = 766.0
   Vehicle #1 = -1, leaving at = inf
   Increment on distance indicator: 5.0
   Increment on tard indicator:     0.0
   Value of tmax indicator:         5.0

Task for patient = 22 with skills = {3,-1} and cost = 498.0
   Vehicle #0 = 28, leaving at = 813.0
   Vehicle #1 = -1, leaving at = inf
   Increment on distance indicator: 7.0
   Increment on tard indicator:     0.0
   Value of tmax indicator:         7.0

Task for patient = 83 with skills = {2,5} and cost = 508.3
   Vehicle #0 = 14, leaving at = 856.0
   Vehicle #1 = 24, leaving at = 882.0
   Increment on distance indicator: 31.0
   Increment on tard indicator:     0.0
   Value of tmax indicator:         31.0

Task for patient = 5 with skills = {0,4} and cost = 515.0
   Vehicle #0 = 2, leaving at = 903.0
   Vehicle #1 = 30, leaving at = 911.0
   Increment on distance indicator: 20.0
   Increment on tard indicator:     0.0
   Value of tmax indicator:         20.0

Task for patient = 71 with skills = {0,-1} and cost = 517.3
   Vehicle #0 = 16, leaving at = 859.0
   Vehicle #1 = -1, leaving at = inf
   Increment on distance indicator: 7.0
   Increment on tard indicator:     0.0
   Value of tmax indicator:         7.0

Task for patient = 91 with skills = {3,-1} and cost = 520.0
   Vehicle #0 = 24, leaving at = 931.0
   Vehicle #1 = -1, leaving at = inf
   Increment on distance indicator: 8.0
   Increment on tard indicator:     0.0
   Value of tmax indicator:         8.0

Task for patient = 72 with skills = {3,-1} and cost = 521.7
   Vehicle #0 = 32, leaving at = 964.0
   Vehicle #1 = -1, leaving at = inf
   Increment on distance indicator: 5.0
   Increment on tard indicator:     0.0
   Value of tmax indicator:         5.0

Task for patient = 81 with skills = {5,-1} and cost = 523.3
   Vehicle #0 = 23, leaving at = 901.0
   Vehicle #1 = -1, leaving at = inf
   Increment on distance indicator: 5.0
   Increment on tard indicator:     0.0
   Value of tmax indicator:         5.0

Task for patient = 9 with skills = {1,-1} and cost = 528.7
   Vehicle #0 = 5, leaving at = 820.0
   Vehicle #1 = -1, leaving at = inf
   Increment on distance indicator: 16.0
   Increment on tard indicator:     0.0
   Value of tmax indicator:         16.0

Task for patient = 6 with skills = {0,-1} and cost = 529.7
   Vehicle #0 = 10, leaving at = 861.0
   Vehicle #1 = -1, leaving at = inf
   Increment on distance indicator: 3.0
   Increment on tard indicator:     0.0
   Value of tmax indicator:         3.0

Task for patient = 50 with skills = {1,-1} and cost = 533.0
   Vehicle #0 = 0, leaving at = 945.0
   Vehicle #1 = -1, leaving at = inf
   Increment on distance indicator: 10.0
   Increment on tard indicator:     0.0
   Value of tmax indicator:         10.0

Task for patient = 67 with skills = {0,-1} and cost = 584.3
   Vehicle #0 = 18, leaving at = 765.0
   Vehicle #1 = -1, leaving at = inf
   Increment on distance indicator: 20.0
   Increment on tard indicator:     0.0
   Value of tmax indicator:         20.0

Task for patient = 112 with skills = {0,5} and cost = 543.3
   Vehicle #0 = 1, leaving at = 896.0
   Vehicle #1 = 39, leaving at = 896.0
   Increment on distance indicator: 28.0
   Increment on tard indicator:     0.0
   Value of tmax indicator:         28.0

Task for patient = 121 with skills = {2,4} and cost = 550.3
   Vehicle #0 = 7, leaving at = 867.0
   Vehicle #1 = 28, leaving at = 863.0
   Increment on distance indicator: 21.0
   Increment on tard indicator:     0.0
   Value of tmax indicator:         21.0

Task for patient = 193 with skills = {2,-1} and cost = 551.3
   Vehicle #0 = 13, leaving at = 870.0
   Vehicle #1 = -1, leaving at = inf
   Increment on distance indicator: 3.0
   Increment on tard indicator:     0.0
   Value of tmax indicator:         3.0

Task for patient = 195 with skills = {5,-1} and cost = 552.0
   Vehicle #0 = 39, leaving at = 915.0
   Vehicle #1 = -1, leaving at = inf
   Increment on distance indicator: 2.0
   Increment on tard indicator:     0.0
   Value of tmax indicator:         2.0

Task for patient = 142 with skills = {4,-1} and cost = 553.7
   Vehicle #0 = 21, leaving at = 880.0
   Vehicle #1 = -1, leaving at = inf
   Increment on distance indicator: 5.0
   Increment on tard indicator:     0.0
   Value of tmax indicator:         5.0

Task for patient = 30 with skills = {0,-1} and cost = 555.7
   Vehicle #0 = 1, leaving at = 959.0
   Vehicle #1 = -1, leaving at = inf
   Increment on distance indicator: 6.0
   Increment on tard indicator:     0.0
   Value of tmax indicator:         6.0

Task for patient = 68 with skills = {2,5} and cost = 557.7
   Vehicle #0 = 15, leaving at = 885.0
   Vehicle #1 = 33, leaving at = 885.0
   Increment on distance indicator: 6.0
   Increment on tard indicator:     0.0
   Value of tmax indicator:         6.0

Task for patient = 65 with skills = {0,4} and cost = 564.7
   Vehicle #0 = 3, leaving at = 888.0
   Vehicle #1 = 26, leaving at = 883.0
   Increment on distance indicator: 21.0
   Increment on tard indicator:     0.0
   Value of tmax indicator:         21.0

Task for patient = 11 with skills = {5,-1} and cost = 567.7
   Vehicle #0 = 23, leaving at = 958.0
   Vehicle #1 = -1, leaving at = inf
   Increment on distance indicator: 9.0
   Increment on tard indicator:     0.0
   Value of tmax indicator:         9.0

Task for patient = 126 with skills = {2,-1} and cost = 572.0
   Vehicle #0 = 6, leaving at = 930.0
   Vehicle #1 = -1, leaving at = inf
   Increment on distance indicator: 13.0
   Increment on tard indicator:     0.0
   Value of tmax indicator:         13.0

Task for patient = 182 with skills = {3,-1} and cost = 573.0
   Vehicle #0 = 31, leaving at = 886.0
   Vehicle #1 = -1, leaving at = inf
   Increment on distance indicator: 3.0
   Increment on tard indicator:     0.0
   Value of tmax indicator:         3.0

Task for patient = 129 with skills = {4,-1} and cost = 577.7
   Vehicle #0 = 31, leaving at = 960.0
   Vehicle #1 = -1, leaving at = inf
   Increment on distance indicator: 14.0
   Increment on tard indicator:     0.0
   Value of tmax indicator:         14.0

Task for patient = 18 with skills = {4,-1} and cost = 534.0
   Vehicle #0 = 32, leaving at = 1009.0
   Vehicle #1 = -1, leaving at = inf
   Increment on distance indicator: 3.0
   Increment on tard indicator:     0.0
   Value of tmax indicator:         3.0

Task for patient = 100 with skills = {2,3} and cost = 740.3
   Vehicle #0 = 7, leaving at = 1035.0
   Vehicle #1 = 35, leaving at = 1035.0
   Increment on distance indicator: 6.0
   Increment on tard indicator:     0.0
   Value of tmax indicator:         6.0

Task for patient = 13 with skills = {2,3} and cost = 745.3
   Vehicle #0 = 10, leaving at = 961.0
   Vehicle #1 = 30, leaving at = 961.0
   Increment on distance indicator: 15.0
   Increment on tard indicator:     0.0
   Value of tmax indicator:         15.0

Task for patient = 180 with skills = {2,-1} and cost = 747.7
   Vehicle #0 = 17, leaving at = 933.0
   Vehicle #1 = -1, leaving at = inf
   Increment on distance indicator: 7.0
   Increment on tard indicator:     0.0
   Value of tmax indicator:         7.0

Task for patient = 54 with skills = {5,-1} and cost = 750.3
   Vehicle #0 = 34, leaving at = 1011.0
   Vehicle #1 = -1, leaving at = inf
   Increment on distance indicator: 8.0
   Increment on tard indicator:     0.0
   Value of tmax indicator:         8.0

Task for patient = 39 with skills = {4,-1} and cost = 751.3
   Vehicle #0 = 24, leaving at = 1068.0
   Vehicle #1 = -1, leaving at = inf
   Increment on distance indicator: 3.0
   Increment on tard indicator:     0.0
   Value of tmax indicator:         3.0

Task for patient = 45 with skills = {2,-1} and cost = 754.7
   Vehicle #0 = 19, leaving at = 916.0
   Vehicle #1 = -1, leaving at = inf
   Increment on distance indicator: 10.0
   Increment on tard indicator:     0.0
   Value of tmax indicator:         10.0

Task for patient = 102 with skills = {0,-1} and cost = 757.3
   Vehicle #0 = 16, leaving at = 1040.0
   Vehicle #1 = -1, leaving at = inf
   Increment on distance indicator: 8.0
   Increment on tard indicator:     0.0
   Value of tmax indicator:         8.0

Task for patient = 143 with skills = {0,5} and cost = 762.3
   Vehicle #0 = 2, leaving at = 999.0
   Vehicle #1 = 26, leaving at = 1054.0
   Increment on distance indicator: 15.0
   Increment on tard indicator:     0.0
   Value of tmax indicator:         15.0

Task for patient = 74 with skills = {1,-1} and cost = 764.0
   Vehicle #0 = 4, leaving at = 919.0
   Vehicle #1 = -1, leaving at = inf
   Increment on distance indicator: 5.0
   Increment on tard indicator:     0.0
   Value of tmax indicator:         5.0

Task for patient = 172 with skills = {1,-1} and cost = 766.3
   Vehicle #0 = 3, leaving at = 1028.0
   Vehicle #1 = -1, leaving at = inf
   Increment on distance indicator: 7.0
   Increment on tard indicator:     0.0
   Value of tmax indicator:         7.0

Task for patient = 198 with skills = {5,-1} and cost = 767.7
   Vehicle #0 = 28, leaving at = 959.0
   Vehicle #1 = -1, leaving at = inf
   Increment on distance indicator: 4.0
   Increment on tard indicator:     0.0
   Value of tmax indicator:         4.0

Task for patient = 190 with skills = {1,-1} and cost = 666.0
   Vehicle #0 = 0, leaving at = 990.0
   Vehicle #1 = -1, leaving at = inf
   Increment on distance indicator: 3.0
   Increment on tard indicator:     0.0
   Value of tmax indicator:         3.0

Task for patient = 98 with skills = {1,3} and cost = 776.7
   Vehicle #0 = 0, leaving at = 1020.0
   Vehicle #1 = 20, leaving at = 1042.0
   Increment on distance indicator: 24.0
   Increment on tard indicator:     0.0
   Value of tmax indicator:         24.0

Task for patient = 124 with skills = {1,4} and cost = 784.3
   Vehicle #0 = 3, leaving at = 1083.0
   Vehicle #1 = 34, leaving at = 1083.0
   Increment on distance indicator: 23.0
   Increment on tard indicator:     0.0
   Value of tmax indicator:         23.0

Task for patient = 75 with skills = {0,3} and cost = 790.7
   Vehicle #0 = 9, leaving at = 1015.0
   Vehicle #1 = 32, leaving at = 1049.0
   Increment on distance indicator: 19.0
   Increment on tard indicator:     0.0
   Value of tmax indicator:         19.0

Task for patient = 188 with skills = {5,-1} and cost = 795.0
   Vehicle #0 = 32, leaving at = 1114.0
   Vehicle #1 = -1, leaving at = inf
   Increment on distance indicator: 13.0
   Increment on tard indicator:     0.0
   Value of tmax indicator:         13.0

Task for patient = 177 with skills = {0,-1} and cost = 798.7
   Vehicle #0 = 10, leaving at = 996.0
   Vehicle #1 = -1, leaving at = inf
   Increment on distance indicator: 11.0
   Increment on tard indicator:     0.0
   Value of tmax indicator:         11.0

Task for patient = 184 with skills = {0,-1} and cost = 801.7
   Vehicle #0 = 13, leaving at = 1067.0
   Vehicle #1 = -1, leaving at = inf
   Increment on distance indicator: 9.0
   Increment on tard indicator:     0.0
   Value of tmax indicator:         9.0

Task for patient = 66 with skills = {0,-1} and cost = 802.0
   Vehicle #0 = 7, leaving at = 1082.0
   Vehicle #1 = -1, leaving at = inf
   Increment on distance indicator: 1.0
   Increment on tard indicator:     0.0
   Value of tmax indicator:         1.0

Task for patient = 178 with skills = {4,-1} and cost = 804.0
   Vehicle #0 = 23, leaving at = 1055.0
   Vehicle #1 = -1, leaving at = inf
   Increment on distance indicator: 6.0
   Increment on tard indicator:     0.0
   Value of tmax indicator:         6.0

Task for patient = 110 with skills = {1,-1} and cost = 807.0
   Vehicle #0 = 4, leaving at = 1078.0
   Vehicle #1 = -1, leaving at = inf
   Increment on distance indicator: 9.0
   Increment on tard indicator:     0.0
   Value of tmax indicator:         9.0

Task for patient = 89 with skills = {0,-1} and cost = 809.3
   Vehicle #0 = 10, leaving at = 1050.0
   Vehicle #1 = -1, leaving at = inf
   Increment on distance indicator: 7.0
   Increment on tard indicator:     0.0
   Value of tmax indicator:         7.0

Task for patient = 131 with skills = {1,-1} and cost = 816.7
   Vehicle #0 = 6, leaving at = 1048.0
   Vehicle #1 = -1, leaving at = inf
   Increment on distance indicator: 22.0
   Increment on tard indicator:     0.0
   Value of tmax indicator:         22.0

Task for patient = 156 with skills = {2,-1} and cost = 819.3
   Vehicle #0 = 6, leaving at = 1077.0
   Vehicle #1 = -1, leaving at = inf
   Increment on distance indicator: 8.0
   Increment on tard indicator:     0.0
   Value of tmax indicator:         8.0

Task for patient = 161 with skills = {4,-1} and cost = 768.7
   Vehicle #0 = 29, leaving at = 955.0
   Vehicle #1 = -1, leaving at = inf
   Increment on distance indicator: 3.0
   Increment on tard indicator:     0.0
   Value of tmax indicator:         3.0

Task for patient = 97 with skills = {2,-1} and cost = 667.3
   Vehicle #0 = 11, leaving at = 1002.0
   Vehicle #1 = -1, leaving at = inf
   Increment on distance indicator: 4.0
   Increment on tard indicator:     0.0
   Value of tmax indicator:         4.0

Task for patient = 24 with skills = {4,-1} and cost = 668.7
   Vehicle #0 = 36, leaving at = 896.0
   Vehicle #1 = -1, leaving at = inf
   Increment on distance indicator: 4.0
   Increment on tard indicator:     0.0
   Value of tmax indicator:         4.0

Task for patient = 28 with skills = {1,-1} and cost = 670.0
   Vehicle #0 = 8, leaving at = 1014.0
   Vehicle #1 = -1, leaving at = inf
   Increment on distance indicator: 4.0
   Increment on tard indicator:     0.0
   Value of tmax indicator:         4.0

Task for patient = 148 with skills = {1,4} and cost = 679.0
   Vehicle #0 = 14, leaving at = 946.0
   Vehicle #1 = 21, leaving at = 946.0
   Increment on distance indicator: 27.0
   Increment on tard indicator:     0.0
   Value of tmax indicator:         27.0

Task for patient = 197 with skills = {1,3} and cost = 682.3
   Vehicle #0 = 14, leaving at = 1006.0
   Vehicle #1 = 21, leaving at = 1006.0
   Increment on distance indicator: 10.0
   Increment on tard indicator:     0.0
   Value of tmax indicator:         10.0

Task for patient = 15 with skills = {1,4} and cost = 688.0
   Vehicle #0 = 12, leaving at = 986.0
   Vehicle #1 = 23, leaving at = 1007.0
   Increment on distance indicator: 17.0
   Increment on tard indicator:     0.0
   Value of tmax indicator:         17.0

Task for patient = 175 with skills = {1,-1} and cost = 693.0
   Vehicle #0 = 16, leaving at = 974.0
   Vehicle #1 = -1, leaving at = inf
   Increment on distance indicator: 15.0
   Increment on tard indicator:     0.0
   Value of tmax indicator:         15.0

Task for patient = 86 with skills = {2,-1} and cost = 695.3
   Vehicle #0 = 17, leaving at = 872.0
   Vehicle #1 = -1, leaving at = inf
   Increment on distance indicator: 7.0
   Increment on tard indicator:     0.0
   Value of tmax indicator:         7.0

Task for patient = 84 with skills = {4,-1} and cost = 699.0
   Vehicle #0 = 29, leaving at = 932.0
   Vehicle #1 = -1, leaving at = inf
   Increment on distance indicator: 11.0
   Increment on tard indicator:     0.0
   Value of tmax indicator:         11.0

Task for patient = 181 with skills = {3,-1} and cost = 701.0
   Vehicle #0 = 27, leaving at = 991.0
   Vehicle #1 = -1, leaving at = inf
   Increment on distance indicator: 6.0
   Increment on tard indicator:     0.0
   Value of tmax indicator:         6.0

Task for patient = 114 with skills = {4,-1} and cost = 702.0
   Vehicle #0 = 35, leaving at = 920.0
   Vehicle #1 = -1, leaving at = inf
   Increment on distance indicator: 3.0
   Increment on tard indicator:     0.0
   Value of tmax indicator:         3.0

Task for patient = 116 with skills = {2,-1} and cost = 738.3
   Vehicle #0 = 10, leaving at = 901.0
   Vehicle #1 = -1, leaving at = inf
   Increment on distance indicator: 3.0
   Increment on tard indicator:     0.0
   Value of tmax indicator:         3.0

Task for patient = 189 with skills = {2,-1} and cost = 707.0
   Vehicle #0 = 11, leaving at = 1053.0
   Vehicle #1 = -1, leaving at = inf
   Increment on distance indicator: 6.0
   Increment on tard indicator:     0.0
   Value of tmax indicator:         6.0

Task for patient = 2 with skills = {0,3} and cost = 714.0
   Vehicle #0 = 7, leaving at = 941.0
   Vehicle #1 = 35, leaving at = 977.0
   Increment on distance indicator: 21.0
   Increment on tard indicator:     0.0
   Value of tmax indicator:         21.0

Task for patient = 59 with skills = {1,3} and cost = 719.0
   Vehicle #0 = 3, leaving at = 919.0
   Vehicle #1 = 26, leaving at = 950.0
   Increment on distance indicator: 15.0
   Increment on tard indicator:     0.0
   Value of tmax indicator:         15.0

Task for patient = 137 with skills = {1,-1} and cost = 721.0
   Vehicle #0 = 5, leaving at = 1066.0
   Vehicle #1 = -1, leaving at = inf
   Increment on distance indicator: 6.0
   Increment on tard indicator:     0.0
   Value of tmax indicator:         6.0

Task for patient = 154 with skills = {0,-1} and cost = 721.3
   Vehicle #0 = 2, leaving at = 920.0
   Vehicle #1 = -1, leaving at = inf
   Increment on distance indicator: 1.0
   Increment on tard indicator:     0.0
   Value of tmax indicator:         1.0

Task for patient = 108 with skills = {3,-1} and cost = 724.0
   Vehicle #0 = 22, leaving at = 1035.0
   Vehicle #1 = -1, leaving at = inf
   Increment on distance indicator: 8.0
   Increment on tard indicator:     0.0
   Value of tmax indicator:         8.0

Task for patient = 94 with skills = {4,-1} and cost = 726.0
   Vehicle #0 = 20, leaving at = 932.0
   Vehicle #1 = -1, leaving at = inf
   Increment on distance indicator: 6.0
   Increment on tard indicator:     0.0
   Value of tmax indicator:         6.0

Task for patient = 158 with skills = {2,-1} and cost = 727.0
   Vehicle #0 = 13, leaving at = 1031.0
   Vehicle #1 = -1, leaving at = inf
   Increment on distance indicator: 3.0
   Increment on tard indicator:     0.0
   Value of tmax indicator:         3.0

Task for patient = 42 with skills = {5,-1} and cost = 730.7
   Vehicle #0 = 26, leaving at = 993.0
   Vehicle #1 = -1, leaving at = inf
   Increment on distance indicator: 11.0
   Increment on tard indicator:     0.0
   Value of tmax indicator:         11.0

Task for patient = 165 with skills = {1,-1} and cost = 733.7
   Vehicle #0 = 3, leaving at = 961.0
   Vehicle #1 = -1, leaving at = inf
   Increment on distance indicator: 9.0
   Increment on tard indicator:     0.0
   Value of tmax indicator:         9.0

Task for patient = 147 with skills = {2,-1} and cost = 734.7
   Vehicle #0 = 1, leaving at = 1047.0
   Vehicle #1 = -1, leaving at = inf
   Increment on distance indicator: 3.0
   Increment on tard indicator:     0.0
   Value of tmax indicator:         3.0

Task for patient = 150 with skills = {0,5} and cost = 737.3
   Vehicle #0 = 14, leaving at = 1063.0
   Vehicle #1 = 21, leaving at = 1074.0
   Increment on distance indicator: 8.0
   Increment on tard indicator:     0.0
   Value of tmax indicator:         8.0

Task for patient = 111 with skills = {1,3} and cost = 705.0
   Vehicle #0 = 8, leaving at = 1051.0
   Vehicle #1 = 39, leaving at = 1098.0
   Increment on distance indicator: 9.0
   Increment on tard indicator:     0.0
   Value of tmax indicator:         9.0

Task for patient = 183 with skills = {2,-1} and cost = 213.3
   Vehicle #0 = 10, leaving at = 615.0
   Vehicle #1 = -1, leaving at = inf
   Increment on distance indicator: 26.0
   Increment on tard indicator:     0.0
   Value of tmax indicator:         26.0

Task for patient = 107 with skills = {5,-1} and cost = 217.3
   Vehicle #0 = 24, leaving at = 769.0
   Vehicle #1 = -1, leaving at = inf
   Increment on distance indicator: 12.0
   Increment on tard indicator:     0.0
   Value of tmax indicator:         12.0

Task for patient = 47 with skills = {0,-1} and cost = 221.3
   Vehicle #0 = 9, leaving at = 771.0
   Vehicle #1 = -1, leaving at = inf
   Increment on distance indicator: 12.0
   Increment on tard indicator:     0.0
   Value of tmax indicator:         12.0

Task for patient = 179 with skills = {2,-1} and cost = 224.7
   Vehicle #0 = 1, leaving at = 793.0
   Vehicle #1 = -1, leaving at = inf
   Increment on distance indicator: 10.0
   Increment on tard indicator:     0.0
   Value of tmax indicator:         10.0

Task for patient = 145 with skills = {4,-1} and cost = 226.0
   Vehicle #0 = 26, leaving at = 733.0
   Vehicle #1 = -1, leaving at = inf
   Increment on distance indicator: 4.0
   Increment on tard indicator:     0.0
   Value of tmax indicator:         4.0

Task for patient = 120 with skills = {3,-1} and cost = 227.7
   Vehicle #0 = 23, leaving at = 656.0
   Vehicle #1 = -1, leaving at = inf
   Increment on distance indicator: 5.0
   Increment on tard indicator:     0.0
   Value of tmax indicator:         5.0

Task for patient = 8 with skills = {2,3} and cost = 230.3
   Vehicle #0 = 10, leaving at = 804.0
   Vehicle #1 = 30, leaving at = 818.0
   Increment on distance indicator: 8.0
   Increment on tard indicator:     0.0
   Value of tmax indicator:         8.0

Task for patient = 85 with skills = {2,4} and cost = 236.0
   Vehicle #0 = 8, leaving at = 674.0
   Vehicle #1 = 27, leaving at = 674.0
   Increment on distance indicator: 17.0
   Increment on tard indicator:     0.0
   Value of tmax indicator:         17.0

Task for patient = 135 with skills = {1,-1} and cost = 237.3
   Vehicle #0 = 5, leaving at = 730.0
   Vehicle #1 = -1, leaving at = inf
   Increment on distance indicator: 4.0
   Increment on tard indicator:     0.0
   Value of tmax indicator:         4.0

Task for patient = 87 with skills = {3,-1} and cost = 243.7
   Vehicle #0 = 31, leaving at = 558.0
   Vehicle #1 = -1, leaving at = inf
   Increment on distance indicator: 19.0
   Increment on tard indicator:     0.0
   Value of tmax indicator:         19.0

Task for patient = 69 with skills = {5,-1} and cost = 245.7
   Vehicle #0 = 23, leaving at = 680.0
   Vehicle #1 = -1, leaving at = inf
   Increment on distance indicator: 6.0
   Increment on tard indicator:     0.0
   Value of tmax indicator:         6.0

Task for patient = 41 with skills = {0,-1} and cost = 493.3
   Vehicle #0 = 0, leaving at = 913.0
   Vehicle #1 = -1, leaving at = inf
   Increment on distance indicator: 4.0
   Increment on tard indicator:     0.0
   Value of tmax indicator:         4.0

Task for patient = 40 with skills = {3,-1} and cost = 252.0
   Vehicle #0 = 31, leaving at = 619.0
   Vehicle #1 = -1, leaving at = inf
   Increment on distance indicator: 4.0
   Increment on tard indicator:     0.0
   Value of tmax indicator:         4.0

Task for patient = 118 with skills = {3,-1} and cost = 258.7
   Vehicle #0 = 31, leaving at = 675.0
   Vehicle #1 = -1, leaving at = inf
   Increment on distance indicator: 20.0
   Increment on tard indicator:     0.0
   Value of tmax indicator:         20.0

Task for patient = 105 with skills = {4,-1} and cost = 260.3
   Vehicle #0 = 22, leaving at = 775.0
   Vehicle #1 = -1, leaving at = inf
   Increment on distance indicator: 5.0
   Increment on tard indicator:     0.0
   Value of tmax indicator:         5.0

Task for patient = 49 with skills = {4,-1} and cost = 267.3
   Vehicle #0 = 28, leaving at = 652.0
   Vehicle #1 = -1, leaving at = inf
   Increment on distance indicator: 21.0
   Increment on tard indicator:     0.0
   Value of tmax indicator:         21.0

Task for patient = 53 with skills = {1,-1} and cost = 269.3
   Vehicle #0 = 8, leaving at = 727.0
   Vehicle #1 = -1, leaving at = inf
   Increment on distance indicator: 6.0
   Increment on tard indicator:     0.0
   Value of tmax indicator:         6.0

Task for patient = 23 with skills = {4,-1} and cost = 270.3
   Vehicle #0 = 26, leaving at = 777.0
   Vehicle #1 = -1, leaving at = inf
   Increment on distance indicator: 3.0
   Increment on tard indicator:     0.0
   Value of tmax indicator:         3.0

Task for patient = 79 with skills = {1,4} and cost = 284.0
   Vehicle #0 = 12, leaving at = 608.0
   Vehicle #1 = 29, leaving at = 636.0
   Increment on distance indicator: 41.0
   Increment on tard indicator:     0.0
   Value of tmax indicator:         41.0

Task for patient = 21 with skills = {4,-1} and cost = 291.3
   Vehicle #0 = 32, leaving at = 525.0
   Vehicle #1 = -1, leaving at = inf
   Increment on distance indicator: 22.0
   Increment on tard indicator:     0.0
   Value of tmax indicator:         22.0

Task for patient = 115 with skills = {1,3} and cost = 297.3
   Vehicle #0 = 7, leaving at = 658.0
   Vehicle #1 = 28, leaving at = 698.0
   Increment on distance indicator: 18.0
   Increment on tard indicator:     0.0
   Value of tmax indicator:         18.0

Task for patient = 162 with skills = {4,-1} and cost = 299.0
   Vehicle #0 = 28, leaving at = 755.0
   Vehicle #1 = -1, leaving at = inf
   Increment on distance indicator: 5.0
   Increment on tard indicator:     0.0
   Value of tmax indicator:         5.0

Task for patient = 27 with skills = {3,-1} and cost = 302.7
   Vehicle #0 = 33, leaving at = 521.0
   Vehicle #1 = -1, leaving at = inf
   Increment on distance indicator: 11.0
   Increment on tard indicator:     0.0
   Value of tmax indicator:         11.0

Task for patient = 14 with skills = {2,-1} and cost = 250.7
   Vehicle #0 = 11, leaving at = 569.0
   Vehicle #1 = -1, leaving at = inf
   Increment on distance indicator: 15.0
   Increment on tard indicator:     0.0
   Value of tmax indicator:         15.0

Task for patient = 44 with skills = {1,4} and cost = 10.7
   Vehicle #0 = 0, leaving at = 644.0
   Vehicle #1 = 20, leaving at = 650.0
   Increment on distance indicator: 32.0
   Increment on tard indicator:     0.0
   Value of tmax indicator:         32.0

Task for patient = 62 with skills = {2,5} and cost = 16.7
   Vehicle #0 = 0, leaving at = 684.0
   Vehicle #1 = 20, leaving at = 704.0
   Increment on distance indicator: 18.0
   Increment on tard indicator:     0.0
   Value of tmax indicator:         18.0

Task for patient = 185 with skills = {0,4} and cost = 24.7
   Vehicle #0 = 0, leaving at = 772.0
   Vehicle #1 = 20, leaving at = 772.0
   Increment on distance indicator: 24.0
   Increment on tard indicator:     0.0
   Value of tmax indicator:         24.0

Task for patient = 96 with skills = {3,-1} and cost = 37.0
   Vehicle #0 = 21, leaving at = 640.0
   Vehicle #1 = -1, leaving at = inf
   Increment on distance indicator: 37.0
   Increment on tard indicator:     0.0
   Value of tmax indicator:         37.0

Task for patient = 138 with skills = {1,3} and cost = 48.3
   Vehicle #0 = 3, leaving at = 587.0
   Vehicle #1 = 22, leaving at = 587.0
   Increment on distance indicator: 34.0
   Increment on tard indicator:     0.0
   Value of tmax indicator:         34.0

Task for patient = 186 with skills = {1,5} and cost = 63.7
   Vehicle #0 = 4, leaving at = 630.0
   Vehicle #1 = 23, leaving at = 630.0
   Increment on distance indicator: 46.0
   Increment on tard indicator:     0.0
   Value of tmax indicator:         46.0

Task for patient = 29 with skills = {1,4} and cost = 73.0
   Vehicle #0 = 3, leaving at = 684.0
   Vehicle #1 = 22, leaving at = 684.0
   Increment on distance indicator: 28.0
   Increment on tard indicator:     0.0
   Value of tmax indicator:         28.0

Task for patient = 51 with skills = {0,4} and cost = 87.0
   Vehicle #0 = 1, leaving at = 661.0
   Vehicle #1 = 24, leaving at = 661.0
   Increment on distance indicator: 42.0
   Increment on tard indicator:     0.0
   Value of tmax indicator:         42.0

Task for patient = 171 with skills = {2,-1} and cost = 96.0
   Vehicle #0 = 6, leaving at = 529.0
   Vehicle #1 = -1, leaving at = inf
   Increment on distance indicator: 27.0
   Increment on tard indicator:     0.0
   Value of tmax indicator:         27.0

Task for patient = 35 with skills = {0,4} and cost = 116.0
   Vehicle #0 = 2, leaving at = 544.0
   Vehicle #1 = 26, leaving at = 544.0
   Increment on distance indicator: 60.0
   Increment on tard indicator:     0.0
   Value of tmax indicator:         60.0

Task for patient = 200 with skills = {2,4} and cost = 133.7
   Vehicle #0 = 7, leaving at = 630.0
   Vehicle #1 = 26, leaving at = 617.0
   Increment on distance indicator: 39.0
   Increment on tard indicator:     0.0
   Value of tmax indicator:         39.0

Task for patient = 19 with skills = {1,-1} and cost = 204.7
   Vehicle #0 = 8, leaving at = 629.0
   Vehicle #1 = -1, leaving at = inf
   Increment on distance indicator: 11.0
   Increment on tard indicator:     0.0
   Value of tmax indicator:         11.0

Task for patient = 36 with skills = {3,-1} and cost = 140.7
   Vehicle #0 = 26, leaving at = 675.0
   Vehicle #1 = -1, leaving at = inf
   Increment on distance indicator: 6.0
   Increment on tard indicator:     0.0
   Value of tmax indicator:         6.0

Task for patient = 194 with skills = {5,-1} and cost = 144.3
   Vehicle #0 = 24, leaving at = 727.0
   Vehicle #1 = -1, leaving at = inf
   Increment on distance indicator: 11.0
   Increment on tard indicator:     0.0
   Value of tmax indicator:         11.0

Task for patient = 38 with skills = {1,3} and cost = 144.3
   Vehicle #0 = 5, leaving at = 706.0
   Vehicle #1 = 25, leaving at = 706.0
   Increment on distance indicator: 0.0
   Increment on tard indicator:     0.0
   Value of tmax indicator:         0.0

Task for patient = 57 with skills = {1,3} and cost = 152.7
   Vehicle #0 = 6, leaving at = 778.0
   Vehicle #1 = 21, leaving at = 778.0
   Increment on distance indicator: 25.0
   Increment on tard indicator:     0.0
   Value of tmax indicator:         25.0

Task for patient = 167 with skills = {1,5} and cost = 157.3
   Vehicle #0 = 8, leaving at = 592.0
   Vehicle #1 = 28, leaving at = 607.0
   Increment on distance indicator: 14.0
   Increment on tard indicator:     0.0
   Value of tmax indicator:         14.0

Task for patient = 144 with skills = {2,-1} and cost = 159.3
   Vehicle #0 = 3, leaving at = 715.0
   Vehicle #1 = -1, leaving at = inf
   Increment on distance indicator: 6.0
   Increment on tard indicator:     0.0
   Value of tmax indicator:         6.0

Task for patient = 139 with skills = {1,-1} and cost = 166.3
   Vehicle #0 = 12, leaving at = 506.0
   Vehicle #1 = -1, leaving at = inf
   Increment on distance indicator: 21.0
   Increment on tard indicator:     0.0
   Value of tmax indicator:         21.0

Task for patient = 37 with skills = {1,-1} and cost = 171.7
   Vehicle #0 = 3, leaving at = 780.0
   Vehicle #1 = -1, leaving at = inf
   Increment on distance indicator: 16.0
   Increment on tard indicator:     0.0
   Value of tmax indicator:         16.0

Task for patient = 7 with skills = {2,4} and cost = 183.7
   Vehicle #0 = 10, leaving at = 573.0
   Vehicle #1 = 27, leaving at = 606.0
   Increment on distance indicator: 36.0
   Increment on tard indicator:     0.0
   Value of tmax indicator:         36.0

Task for patient = 16 with skills = {1,3} and cost = 194.3
   Vehicle #0 = 12, leaving at = 570.0
   Vehicle #1 = 30, leaving at = 570.0
   Increment on distance indicator: 32.0
   Increment on tard indicator:     0.0
   Value of tmax indicator:         32.0

Task for patient = 10 with skills = {0,3} and cost = 198.7
   Vehicle #0 = 2, leaving at = 716.0
   Vehicle #1 = 30, leaving at = 716.0
   Increment on distance indicator: 13.0
   Increment on tard indicator:     0.0
   Value of tmax indicator:         13.0

Task for patient = 125 with skills = {5,-1} and cost = 201.0
   Vehicle #0 = 20, leaving at = 800.0
   Vehicle #1 = -1, leaving at = inf
   Increment on distance indicator: 7.0
   Increment on tard indicator:     0.0
   Value of tmax indicator:         7.0

Task for patient = 170 with skills = {0,-1} and cost = 138.7
   Vehicle #0 = 1, leaving at = 764.0
   Vehicle #1 = -1, leaving at = inf
   Increment on distance indicator: 15.0
   Increment on tard indicator:     0.0
   Value of tmax indicator:         15.0

Task for patient = 93 with skills = {3,-1} and cost = 421.0
   Vehicle #0 = 24, leaving at = 791.0
   Vehicle #1 = -1, leaving at = inf
   Increment on distance indicator: 6.0
   Increment on tard indicator:     0.0
   Value of tmax indicator:         6.0

Task for patient = 25 with skills = {5,-1} and cost = 422.0
   Vehicle #0 = 23, leaving at = 779.0
   Vehicle #1 = -1, leaving at = inf
   Increment on distance indicator: 3.0
   Increment on tard indicator:     0.0
   Value of tmax indicator:         3.0

Task for patient = 82 with skills = {3,-1} and cost = 423.3
   Vehicle #0 = 33, leaving at = 664.0
   Vehicle #1 = -1, leaving at = inf
   Increment on distance indicator: 4.0
   Increment on tard indicator:     0.0
   Value of tmax indicator:         4.0

Task for patient = 48 with skills = {0,-1} and cost = 425.0
   Vehicle #0 = 16, leaving at = 822.0
   Vehicle #1 = -1, leaving at = inf
   Increment on distance indicator: 5.0
   Increment on tard indicator:     0.0
   Value of tmax indicator:         5.0

Task for patient = 151 with skills = {0,-1} and cost = 427.0
   Vehicle #0 = 8, leaving at = 764.0
   Vehicle #1 = -1, leaving at = inf
   Increment on distance indicator: 6.0
   Increment on tard indicator:     0.0
   Value of tmax indicator:         6.0

Task for patient = 1 with skills = {3,-1} and cost = 437.3
   Vehicle #0 = 34, leaving at = 536.0
   Vehicle #1 = -1, leaving at = inf
   Increment on distance indicator: 31.0
   Increment on tard indicator:     0.0
   Value of tmax indicator:         31.0

Task for patient = 12 with skills = {0,-1} and cost = 439.7
   Vehicle #0 = 1, leaving at = 860.0
   Vehicle #1 = -1, leaving at = inf
   Increment on distance indicator: 7.0
   Increment on tard indicator:     0.0
   Value of tmax indicator:         7.0

Task for patient = 26 with skills = {3,-1} and cost = 441.3
   Vehicle #0 = 27, leaving at = 821.0
   Vehicle #1 = -1, leaving at = inf
   Increment on distance indicator: 5.0
   Increment on tard indicator:     0.0
   Value of tmax indicator:         5.0

Task for patient = 199 with skills = {2,4} and cost = 446.7
   Vehicle #0 = 0, leaving at = 878.0
   Vehicle #1 = 20, leaving at = 878.0
   Increment on distance indicator: 16.0
   Increment on tard indicator:     0.0
   Value of tmax indicator:         16.0

Task for patient = 149 with skills = {2,3} and cost = 453.0
   Vehicle #0 = 15, leaving at = 718.0
   Vehicle #1 = 33, leaving at = 718.0
   Increment on distance indicator: 19.0
   Increment on tard indicator:     0.0
   Value of tmax indicator:         19.0

Task for patient = 104 with skills = {1,-1} and cost = 456.7
   Vehicle #0 = 5, leaving at = 779.0
   Vehicle #1 = -1, leaving at = inf
   Increment on distance indicator: 11.0
   Increment on tard indicator:     0.0
   Value of tmax indicator:         11.0

Task for patient = 187 with skills = {2,-1} and cost = 305.0
   Vehicle #0 = 11, leaving at = 651.0
   Vehicle #1 = -1, leaving at = inf
   Increment on distance indicator: 7.0
   Increment on tard indicator:     0.0
   Value of tmax indicator:         7.0

Task for patient = 155 with skills = {5,-1} and cost = 464.0
   Vehicle #0 = 23, leaving at = 823.0
   Vehicle #1 = -1, leaving at = inf
   Increment on distance indicator: 6.0
   Increment on tard indicator:     0.0
   Value of tmax indicator:         6.0

Task for patient = 157 with skills = {0,-1} and cost = 467.0
   Vehicle #0 = 13, leaving at = 842.0
   Vehicle #1 = -1, leaving at = inf
   Increment on distance indicator: 9.0
   Increment on tard indicator:     0.0
   Value of tmax indicator:         9.0

Task for patient = 101 with skills = {4,-1} and cost = 469.3
   Vehicle #0 = 35, leaving at = 731.0
   Vehicle #1 = -1, leaving at = inf
   Increment on distance indicator: 7.0
   Increment on tard indicator:     0.0
   Value of tmax indicator:         7.0

Task for patient = 169 with skills = {2,-1} and cost = 471.0
   Vehicle #0 = 10, leaving at = 825.0
   Vehicle #1 = -1, leaving at = inf
   Increment on distance indicator: 5.0
   Increment on tard indicator:     0.0
   Value of tmax indicator:         5.0

Task for patient = 61 with skills = {5,-1} and cost = 474.3
   Vehicle #0 = 23, leaving at = 869.0
   Vehicle #1 = -1, leaving at = inf
   Increment on distance indicator: 10.0
   Increment on tard indicator:     0.0
   Value of tmax indicator:         10.0

Task for patient = 168 with skills = {5,-1} and cost = 477.3
   Vehicle #0 = 24, leaving at = 823.0
   Vehicle #1 = -1, leaving at = inf
   Increment on distance indicator: 9.0
   Increment on tard indicator:     0.0
   Value of tmax indicator:         9.0

Task for patient = 119 with skills = {3,-1} and cost = 478.3
   Vehicle #0 = 31, leaving at = 824.0
   Vehicle #1 = -1, leaving at = inf
   Increment on distance indicator: 3.0
   Increment on tard indicator:     0.0
   Value of tmax indicator:         3.0

Task for patient = 174 with skills = {0,-1} and cost = 479.7
   Vehicle #0 = 6, leaving at = 865.0
   Vehicle #1 = -1, leaving at = inf
   Increment on distance indicator: 4.0
   Increment on tard indicator:     0.0
   Value of tmax indicator:         4.0

Task for patient = 63 with skills = {1,4} and cost = 489.0
   Vehicle #0 = 15, leaving at = 806.0
   Vehicle #1 = 33, leaving at = 834.0
   Increment on distance indicator: 28.0
   Increment on tard indicator:     0.0
   Value of tmax indicator:         28.0

Task for patient = 20 with skills = {1,-1} and cost = 491.7
   Vehicle #0 = 6, leaving at = 893.0
   Vehicle #1 = -1, leaving at = inf
   Increment on distance indicator: 8.0
   Increment on tard indicator:     0.0
   Value of tmax indicator:         8.0

Task for patient = 106 with skills = {2,-1} and cost = 492.0
   Vehicle #0 = 8, leaving at = 816.0
   Vehicle #1 = -1, leaving at = inf
   Increment on distance indicator: 1.0
   Increment on tard indicator:     0.0
   Value of tmax indicator:         1.0

Task for patient = 163 with skills = {1,5} and cost = 824.3
   Vehicle #0 = 5, leaving at = 1135.0
   Vehicle #1 = 24, leaving at = 1135.0
   Increment on distance indicator: 15.0
   Increment on tard indicator:     0.0
   Value of tmax indicator:         15.0

Task for patient = 46 with skills = {4,-1} and cost = 462.0
   Vehicle #0 = 34, leaving at = 586.0
   Vehicle #1 = -1, leaving at = inf
   Increment on distance indicator: 16.0
   Increment on tard indicator:     0.0
   Value of tmax indicator:         16.0

Task for patient = 55 with skills = {0,4} and cost = 309.0
   Vehicle #0 = 0, leaving at = 809.0
   Vehicle #1 = 20, leaving at = 827.0
   Increment on distance indicator: 12.0
   Increment on tard indicator:     0.0
   Value of tmax indicator:         12.0

Task for patient = 166 with skills = {4,-1} and cost = 311.3
   Vehicle #0 = 33, leaving at = 555.0
   Vehicle #1 = -1, leaving at = inf
   Increment on distance indicator: 7.0
   Increment on tard indicator:     0.0
   Value of tmax indicator:         7.0

Task for patient = 164 with skills = {1,-1} and cost = 312.3
   Vehicle #0 = 7, leaving at = 720.0
   Vehicle #1 = -1, leaving at = inf
   Increment on distance indicator: 3.0
   Increment on tard indicator:     0.0
   Value of tmax indicator:         3.0

Task for patient = 43 with skills = {2,-1} and cost = 321.0
   Vehicle #0 = 13, leaving at = 554.0
   Vehicle #1 = -1, leaving at = inf
   Increment on distance indicator: 26.0
   Increment on tard indicator:     0.0
   Value of tmax indicator:         26.0

Task for patient = 17 with skills = {4,-1} and cost = 325.7
   Vehicle #0 = 32, leaving at = 597.0
   Vehicle #1 = -1, leaving at = inf
   Increment on distance indicator: 14.0
   Increment on tard indicator:     0.0
   Value of tmax indicator:         14.0

Task for patient = 92 with skills = {2,-1} and cost = 333.3
   Vehicle #0 = 14, leaving at = 619.0
   Vehicle #1 = -1, leaving at = inf
   Increment on distance indicator: 23.0
   Increment on tard indicator:     0.0
   Value of tmax indicator:         23.0

Task for patient = 3 with skills = {3,-1} and cost = 336.7
   Vehicle #0 = 22, leaving at = 834.0
   Vehicle #1 = -1, leaving at = inf
   Increment on distance indicator: 10.0
   Increment on tard indicator:     0.0
   Value of tmax indicator:         10.0

Task for patient = 103 with skills = {1,4} and cost = 339.7
   Vehicle #0 = 4, leaving at = 858.0
   Vehicle #1 = 30, leaving at = 867.0
   Increment on distance indicator: 9.0
   Increment on tard indicator:     0.0
   Value of tmax indicator:         9.0

Task for patient = 80 with skills = {2,-1} and cost = 341.3
   Vehicle #0 = 11, leaving at = 675.0
   Vehicle #1 = -1, leaving at = inf
   Increment on distance indicator: 5.0
   Increment on tard indicator:     0.0
   Value of tmax indicator:         5.0

Task for patient = 56 with skills = {2,3} and cost = 349.3
   Vehicle #0 = 14, leaving at = 744.0
   Vehicle #1 = 31, leaving at = 744.0
   Increment on distance indicator: 24.0
   Increment on tard indicator:     0.0
   Value of tmax indicator:         24.0

Task for patient = 99 with skills = {1,-1} and cost = 352.3
   Vehicle #0 = 12, leaving at = 655.0
   Vehicle #1 = -1, leaving at = inf
   Increment on distance indicator: 9.0
   Increment on tard indicator:     0.0
   Value of tmax indicator:         9.0

Task for patient = 78 with skills = {2,3} and cost = 419.0
   Vehicle #0 = 6, leaving at = 815.0
   Vehicle #1 = 21, leaving at = 815.0
   Increment on distance indicator: 10.0
   Increment on tard indicator:     0.0
   Value of tmax indicator:         10.0

Task for patient = 64 with skills = {0,4} and cost = 358.7
   Vehicle #0 = 13, leaving at = 732.0
   Vehicle #1 = 23, leaving at = 732.0
   Increment on distance indicator: 10.0
   Increment on tard indicator:     0.0
   Value of tmax indicator:         10.0

Task for patient = 128 with skills = {3,-1} and cost = 359.3
   Vehicle #0 = 31, leaving at = 795.0
   Vehicle #1 = -1, leaving at = inf
   Increment on distance indicator: 2.0
   Increment on tard indicator:     0.0
   Value of tmax indicator:         2.0

Task for patient = 32 with skills = {4,-1} and cost = 363.0
   Vehicle #0 = 29, leaving at = 775.0
   Vehicle #1 = -1, leaving at = inf
   Increment on distance indicator: 11.0
   Increment on tard indicator:     0.0
   Value of tmax indicator:         11.0

Task for patient = 34 with skills = {0,-1} and cost = 374.3
   Vehicle #0 = 16, leaving at = 577.0
   Vehicle #1 = -1, leaving at = inf
   Increment on distance indicator: 17.0
   Increment on tard indicator:     0.0
   Value of tmax indicator:         17.0

Task for patient = 76 with skills = {2,4} and cost = 379.0
   Vehicle #0 = 11, leaving at = 733.0
   Vehicle #1 = 32, leaving at = 736.0
   Increment on distance indicator: 14.0
   Increment on tard indicator:     0.0
   Value of tmax indicator:         14.0

Task for patient = 146 with skills = {1,-1} and cost = 381.7
   Vehicle #0 = 16, leaving at = 759.0
   Vehicle #1 = -1, leaving at = inf
   Increment on distance indicator: 8.0
   Increment on tard indicator:     0.0
   Value of tmax indicator:         8.0

Task for patient = 58 with skills = {0,4} and cost = 385.0
   Vehicle #0 = 13, leaving at = 794.0
   Vehicle #1 = 32, leaving at = 794.0
   Increment on distance indicator: 10.0
   Increment on tard indicator:     0.0
   Value of tmax indicator:         10.0

Task for patient = 130 with skills = {2,-1} and cost = 394.7
   Vehicle #0 = 15, leaving at = 614.0
   Vehicle #1 = -1, leaving at = inf
   Increment on distance indicator: 29.0
   Increment on tard indicator:     0.0
   Value of tmax indicator:         29.0

Task for patient = 127 with skills = {3,-1} and cost = 397.0
   Vehicle #0 = 22, leaving at = 869.0
   Vehicle #1 = -1, leaving at = inf
   Increment on distance indicator: 7.0
   Increment on tard indicator:     0.0
   Value of tmax indicator:         7.0

Task for patient = 159 with skills = {2,-1} and cost = 403.3
   Vehicle #0 = 15, leaving at = 651.0
   Vehicle #1 = -1, leaving at = inf
   Increment on distance indicator: 19.0
   Increment on tard indicator:     0.0
   Value of tmax indicator:         19.0

Task for patient = 77 with skills = {5,-1} and cost = 411.0
   Vehicle #0 = 33, leaving at = 644.0
   Vehicle #1 = -1, leaving at = inf
   Increment on distance indicator: 23.0
   Increment on tard indicator:     0.0
   Value of tmax indicator:         23.0

Task for patient = 176 with skills = {1,3} and cost = 415.7
   Vehicle #0 = 7, leaving at = 798.0
   Vehicle #1 = 26, leaving at = 843.0
   Increment on distance indicator: 14.0
   Increment on tard indicator:     0.0
   Value of tmax indicator:         14.0

Task for patient = 52 with skills = {3,-1} and cost = 355.3
   Vehicle #0 = 27, leaving at = 731.0
   Vehicle #1 = -1, leaving at = inf
   Increment on distance indicator: 9.0
   Increment on tard indicator:     0.0
   Value of tmax indicator:         9.0


Unused vehicle list: 37 38 (total = 2 out of 40)

---
Search finished.
Total of 1900 generations in 628.6 seconds.
Exchange elite runs: 23
Implicit path relinking runs: 10
Reset attempts: 2

Best solution found:
   Cost: 901.3
   Total travel time: 2704.0
   Total tardiness time: 0.0
   Largest tardiness: 0.0


901.3
