This host is: panku
--- BRKGA-MP-IPR for HHCRSP ---
Instance: new-dataset/instances-200/HHCRSP_200_40_30_1.6_R_C.txt
Seed: 13

Reading data... Problem contains 200 patients  and 40 caregivers.

Summary of supply x demand for each service type:
Skill 0 has supply = 10 and demand = 43, ratio = 0.232558
Skill 1 has supply = 9 and demand = 38, ratio = 0.236842
Skill 2 has supply = 16 and demand = 38, ratio = 0.421053
Skill 3 has supply = 13 and demand = 42, ratio = 0.309524
Skill 4 has supply = 16 and demand = 55, ratio = 0.290909
Skill 5 has supply = 12 and demand = 44, ratio = 0.272727

Reading parameters...
Inferred distance function by PR type: kendall-tau
Building BRKGA data and initializing...
Evolving 1900 generations...

  Gens  Rem    Local   ElDiv NoImpr             Best solution            Time  Op
                                       Cost     Dist    Tard    TMax 
*    0 1900  3702.67  275.27      0  3702.67  4932.00  5756.0   420.0     0.2    
*    2 1898  3464.67  242.47      0  3464.67  4964.00  4466.0   410.0     0.5    
*    3 1897  3280.00  247.07      0  3280.00  4956.00  4010.0   299.0     0.6    
*    4 1896  3088.33  210.78      0  3088.33  4956.00  4010.0   299.0     0.8    
*    6 1894  2807.67  212.76      0  2807.67  4989.00  2838.0   301.0     1.1    
*    7 1893  2709.33  195.83      0  2709.33  5042.00  2541.0   387.0     1.2    
*    8 1892  2656.67  177.00      0  2656.67  5042.00  2541.0   387.0     1.4    
*   10 1890  2323.67  161.96      0  2323.67  4714.00  2051.0   206.0     1.6    
*   12 1888  2249.33  135.36      0  2249.33  4788.00  1766.0   194.0     1.9    
*   14 1886  2019.67  128.27      0  2019.67  4766.00  1044.0   249.0     2.2    
*   16 1884  1984.33  112.28      0  1984.33  4932.00   704.0   172.0     2.5    
*   17 1883  1936.00  111.80      0  1936.00  4728.00   487.0   207.0     2.7    
*   18 1882  1807.33  103.62      0  1807.33  4728.00   487.0   207.0     2.8    
*   20 1880  1735.00   96.07      0  1735.00  4778.00   335.0    92.0     3.1    
*   23 1877  1634.67   80.27      0  1634.67  4728.00   133.0    43.0     3.6    

  Gens  Rem    Local   ElDiv NoImpr             Best solution            Time  Op
                                       Cost     Dist    Tard    TMax 
*   27 1873  1598.67   59.39      0  1598.67  4670.00   100.0    26.0     4.2    
*   29 1871  1595.33   49.40      0  1595.33  4652.00   113.0    17.0     4.5    
*   30 1870  1594.00   47.08      0  1594.00  4516.00   155.0    31.0     4.6    
*   31 1869  1567.33   43.77      0  1567.33  4545.00   120.0    17.0     4.8    
*   32 1868  1560.67   38.74      0  1560.67  4545.00   120.0    17.0     4.9    
*   34 1866  1543.33   32.82      0  1543.33  4475.00    69.0    15.0     5.2    
*   35 1865  1519.67   30.30      0  1519.67  4475.00    69.0    15.0     5.4    
*   38 1862  1499.00   27.02      0  1499.00  4439.00    45.0    13.0     5.8    
*   40 1860  1491.67   26.25      0  1491.67  4312.00    72.0    14.0     6.1    
*   41 1859  1466.00   24.53      0  1466.00  4312.00    72.0    14.0     6.3    
*   46 1854  1445.00   19.51      0  1445.00  4267.00    51.0    17.0     7.0    
    50 1850  1445.00   17.63      4  1445.00  4267.00    51.0    17.0     7.6    
*   52 1848  1438.00   16.96      0  1438.00  4193.00    83.0    38.0     7.9    
*   54 1846  1414.33   16.87      0  1414.33  4135.00    91.0    17.0     8.2    
*   58 1842  1411.67   15.72      0  1411.67  4168.00    50.0    17.0     8.8    
*   61 1839  1410.00   15.54      0  1410.00  4098.00    81.0     9.0     9.2    

  Gens  Rem    Local   ElDiv NoImpr             Best solution            Time  Op
                                       Cost     Dist    Tard    TMax 
*   62 1838  1396.00   15.35      0  1396.00  4098.00    81.0     9.0     9.4    
*   68 1832  1380.00   13.19      0  1380.00  4060.00    62.0    18.0    10.3    
*   70 1830  1369.00   13.90      0  1369.00  4048.00    13.0     5.0    10.6    
*   71 1829  1355.33   13.67      0  1355.33  4048.00    13.0     5.0    10.7    
*   76 1824  1354.00   12.89      0  1354.00  3978.00    70.0    14.0    11.4    
*   78 1822  1335.33   13.36      0  1335.33  3968.00    30.0     8.0    11.7    
    80 1820  1335.33   11.16      3  1335.33  3968.00    30.0     8.0    12.0   X
*   92 1808  1331.00   12.54      0  1331.00  3807.00    31.0     9.0    13.8    
*   93 1807  1282.33   12.47      0  1282.33  3807.00    31.0     9.0    13.9    
   100 1800  1282.33   13.26      7  1282.33  3807.00    31.0     9.0    15.0    
*  144 1756  1269.67   13.48      0  1269.67  3739.00    52.0    18.0    21.5    
   150 1750  1269.67   14.49      6  1269.67  3739.00    52.0    18.0    22.4    
*  160 1740  1258.33   13.23      0  1258.33  3767.00     6.0     2.0    23.9    
   160 1740  1258.33   12.76      1  1258.33  3767.00     6.0     2.0    23.9   X
*  165 1735  1250.67   12.97      0  1250.67  3644.00    91.0    17.0    24.6    
*  174 1726  1246.00   12.26      0  1246.00  3686.00    42.0    10.0    26.0    
Path relinking result: best improvement.

  Gens  Rem    Local   ElDiv NoImpr             Best solution            Time  Op
                                       Cost     Dist    Tard    TMax 
   180 1720  1228.33   12.11      0  1246.00  3686.00    42.0    10.0    27.0   P
*  181 1719  1228.33   12.15      0  1228.33  3570.00    92.0    23.0    27.2    
*  188 1712  1228.00   11.94      0  1228.00  3659.00    18.0     7.0    28.2    
   200 1700  1228.00   11.30     12  1228.00  3659.00    18.0     7.0    30.0    
*  206 1694  1215.33   10.68      0  1215.33  3612.00    23.0    11.0    30.9    
*  210 1690  1213.00   11.33      0  1213.00  3556.00    71.0    12.0    31.4    
*  220 1680  1206.33   12.05      0  1206.33  3550.00    52.0    17.0    33.0    
*  228 1672  1196.67   11.63      0  1196.67  3575.00    11.0     4.0    34.1    
*  233 1667  1193.33   11.81      0  1193.33  3523.00    42.0    15.0    34.9    
*  240 1660  1192.33   11.75      0  1192.33  3507.00    60.0    10.0    35.9    
   240 1660  1192.33    9.36      1  1192.33  3507.00    60.0    10.0    35.9   X
*  242 1658  1184.33    9.20      0  1184.33  3534.00    13.0     6.0    36.2    
*  244 1656  1177.00    9.42      0  1177.00  3449.00    68.0    14.0    36.5    
*  248 1652  1162.33    9.69      0  1162.33  3433.00    47.0     7.0    37.1    
   250 1650  1162.33   10.36      2  1162.33  3433.00    47.0     7.0    37.4    
*  261 1639  1157.67   11.27      0  1157.67  3460.00    10.0     3.0    39.0    

  Gens  Rem    Local   ElDiv NoImpr             Best solution            Time  Op
                                       Cost     Dist    Tard    TMax 
*  274 1626  1152.33   10.79      0  1152.33  3440.00    13.0     4.0    40.9    
*  280 1620  1138.00   11.08      0  1138.00  3369.00    36.0     9.0    41.8    
*  282 1618  1137.00   11.63      0  1137.00  3401.00     6.0     4.0    42.1    
*  287 1613  1133.00   12.30      0  1133.00  3356.00    30.0    13.0    42.8    
*  295 1605  1127.00   12.89      0  1127.00  3373.00     6.0     2.0    44.0    
   300 1600  1127.00   12.05      5  1127.00  3373.00     6.0     2.0    44.8    
*  304 1596  1110.67   12.34      0  1110.67  3306.00    21.0     5.0    45.4    
   320 1580  1110.67    7.94     17  1110.67  3306.00    21.0     5.0    47.7   X
*  324 1576  1098.67    7.65      0  1098.67  3253.00    30.0    13.0    48.3    
*  328 1572  1089.00    8.27      0  1089.00  3153.00    51.0    16.0    48.8    
*  329 1571  1073.33    8.23      0  1073.33  3153.00    51.0    16.0    49.0    
   350 1550  1073.33    9.45     21  1073.33  3153.00    51.0    16.0    52.1    
*  357 1543  1069.00    9.35      0  1069.00  3189.00    11.0     7.0    53.1    
Path relinking result: elite improvement.
   360 1540  1069.00    9.94      4  1069.00  3189.00    11.0     7.0    53.7   P
*  365 1535  1068.67    9.56      0  1068.67  3186.00    11.0     9.0    54.4    
*  368 1532  1055.00    9.63      0  1055.00  3139.00    22.0     4.0    54.8    

  Gens  Rem    Local   ElDiv NoImpr             Best solution            Time  Op
                                       Cost     Dist    Tard    TMax 
*  392 1508  1054.00    7.19      0  1054.00  3132.00    26.0     4.0    58.3    
*  395 1505  1050.67    7.04      0  1050.67  3120.00    21.0     5.0    58.8    
*  396 1504  1048.67    6.75      0  1048.67  3120.00    21.0     5.0    58.9    
*  398 1502  1044.33    6.86      0  1044.33  3120.00     9.0     4.0    59.2    
   400 1500  1044.33    6.68      2  1044.33  3120.00     9.0     4.0    59.5    
   400 1500  1044.33    5.91      3  1044.33  3120.00     9.0     4.0    59.5   X
*  402 1498  1036.67    6.34      0  1036.67  3049.00    48.0    13.0    59.8    
*  411 1489  1032.33    5.64      0  1032.33  3074.00    10.0     3.0    61.2    
*  412 1488  1029.00    5.41      0  1029.00  3074.00    10.0     3.0    61.3    
*  419 1481  1025.33    5.46      0  1025.33  3056.00    15.0     5.0    62.4    
*  422 1478  1024.33    5.49      0  1024.33  3014.00    51.0     8.0    62.8    
*  433 1467  1016.33    5.53      0  1016.33  3037.00     8.0     2.0    64.4    
*  434 1466  1015.67    5.37      0  1015.67  3037.00     8.0     2.0    64.5    
*  445 1455  1013.67    4.57      0  1013.67  3024.00    12.0     5.0    66.2    
   450 1450  1013.67    4.56      5  1013.67  3024.00    12.0     5.0    66.9    
*  452 1448  1012.67    4.48      0  1012.67  3030.00     2.0     1.0    67.2    

  Gens  Rem    Local   ElDiv NoImpr             Best solution            Time  Op
                                       Cost     Dist    Tard    TMax 
*  453 1447  1011.00    4.50      0  1011.00  3030.00     2.0     1.0    67.3    
*  462 1438  1008.00    3.96      0  1008.00  3006.00    12.0     6.0    68.7    
*  465 1435  1006.33    4.09      0  1006.33  2985.00    13.0     5.0    69.1    
*  466 1434  1001.00    4.21      0  1001.00  2985.00    13.0     5.0    69.2    
*  477 1423   997.67    4.12      0   997.67  2966.00    23.0     4.0    70.8    
   480 1420   997.67    3.18      4   997.67  2966.00    23.0     4.0    71.3   X
*  482 1418   996.00    3.21      0   996.00  2984.00     3.0     1.0    71.6    
*  484 1416   995.33    3.24      0   995.33  2962.00    19.0     5.0    71.9    
*  492 1408   992.67    3.36      0   992.67  2956.00    17.0     5.0    73.0    
*  500 1400   991.67    3.44      0   991.67  2964.00     6.0     5.0    74.2    
*  509 1391   987.00    3.52      0   987.00  2952.00     6.0     3.0    75.6    
*  514 1386   980.67    3.79      0   980.67  2940.00     1.0     1.0    76.3    
*  526 1374   978.00    4.57      0   978.00  2931.00     2.0     1.0    78.0    
*  533 1367   974.00    5.02      0   974.00  2919.00     2.0     1.0    79.0    
Path relinking result: elite improvement.
   540 1360   974.00    4.86      8   974.00  2919.00     2.0     1.0    80.1   P
*  543 1357   971.67    4.98      0   971.67  2913.00     1.0     1.0    80.6    

  Gens  Rem    Local   ElDiv NoImpr             Best solution            Time  Op
                                       Cost     Dist    Tard    TMax 
*  549 1351   970.67    4.82      0   970.67  2909.00     2.0     1.0    81.5    
   550 1350   970.67    4.95      1   970.67  2909.00     2.0     1.0    81.6    
*  558 1342   970.00    5.13      0   970.00  2902.00     5.0     2.0    82.8    
*  559 1341   969.67    5.06      0   969.67  2902.00     5.0     2.0    83.0    
   560 1340   969.33    3.39      0   969.67  2902.00     5.0     2.0    83.1   X
*  561 1339   969.33    3.25      0   969.33  2899.00     4.0     1.0    83.3    
*  562 1338   968.00    2.85      0   968.00  2899.00     4.0     1.0    83.4    
*  564 1336   967.00    2.19      0   967.00  2897.00     3.0     1.0    83.7    
*  566 1334   966.67    1.62      0   966.67  2895.00     3.0     2.0    84.0    
*  569 1331   966.33    1.31      0   966.33  2897.00     1.0     1.0    84.4    
*  576 1324   966.00    1.19      0   966.00  2889.00     2.0     1.0    85.4    
*  577 1323   964.00    1.15      0   964.00  2889.00     2.0     1.0    85.6    
*  582 1318   963.67    1.06      0   963.67  2886.00     3.0     2.0    86.3    
*  584 1316   962.67    1.12      0   962.67  2883.00     3.0     2.0    86.6    
*  588 1312   961.33    1.17      0   961.33  2879.00     3.0     2.0    87.2    
*  592 1308   961.00    1.01      0   961.00  2878.00     3.0     2.0    87.8    

  Gens  Rem    Local   ElDiv NoImpr             Best solution            Time  Op
                                       Cost     Dist    Tard    TMax 
*  594 1306   960.67    1.07      0   960.67  2877.00     3.0     2.0    88.1    
*  596 1304   959.67    1.17      0   959.67  2873.00     4.0     2.0    88.3    
*  598 1302   959.33    1.28      0   959.33  2872.00     3.0     2.0    88.6    
*  599 1301   959.00    1.27      0   959.00  2872.00     3.0     2.0    88.8    
   600 1300   959.00    1.27      1   959.00  2872.00     3.0     2.0    88.9    
*  601 1299   958.67    1.27      0   958.67  2869.00     4.0     2.0    89.1    
*  602 1298   958.33    1.26      0   958.33  2869.00     4.0     2.0    89.2    
*  608 1292   958.00    1.19      0   958.00  2868.00     4.0     2.0    90.1    
*  611 1289   957.67    1.11      0   957.67  2868.00     3.0     2.0    90.5    
*  617 1283   957.33    0.88      0   957.33  2867.00     3.0     2.0    91.4    
*  623 1277   957.00    0.57      0   957.00  2866.00     3.0     2.0    92.3    
*  626 1274   956.67    0.36      0   956.67  2865.00     3.0     2.0    92.8    
*  630 1270   956.00    0.22      0   956.00  2863.00     3.0     2.0    93.4    
*  637 1263   955.67    0.51      0   955.67  2859.00     3.0     2.0    94.4    
*  638 1262   954.67    0.47      0   954.67  2859.00     3.0     2.0    94.6    
   640 1260   954.67    0.26      3   954.67  2859.00     3.0     2.0    94.9   X

  Gens  Rem    Local   ElDiv NoImpr             Best solution            Time  Op
                                       Cost     Dist    Tard    TMax 
*  643 1257   954.33    0.30      0   954.33  2858.00     3.0     2.0    95.3    
*  650 1250   954.00    0.44      0   954.00  2856.00     4.0     2.0    96.4    
*  652 1248   953.67    0.52      0   953.67  2855.00     4.0     2.0    96.6    
*  659 1241   952.33    0.56      0   952.33  2851.00     4.0     2.0    97.7    
*  668 1232   951.33    0.88      0   951.33  2847.00     4.0     2.0    99.0    
*  669 1231   951.00    0.89      0   951.00  2847.00     4.0     2.0    99.1    
   700 1200   951.00    0.78     31   951.00  2847.00     4.0     2.0   103.7    
*  703 1197   950.67    0.78      0   950.67  2846.00     4.0     2.0   104.2    
Path relinking result: elite improvement.
   720 1180   950.67    0.16     18   950.67  2846.00     4.0     2.0   106.7  PX
*  722 1178   950.33    0.15      0   950.33  2845.00     4.0     2.0   107.0    
   750 1150   950.33    0.00     28   950.33  2845.00     4.0     2.0   111.1    
*  791 1109   949.67    0.04      0   949.67  2843.00     4.0     2.0   117.1    
   800 1100   949.67    0.08      9   949.67  2843.00     4.0     2.0   118.5    
   800 1100   949.67    0.13     10   949.67  2843.00     4.0     2.0   118.5   X
   850 1050   949.67    0.00     59   949.67  2843.00     4.0     2.0   125.9    
   880 1020   949.67    0.00     90   949.67  2843.00     4.0     2.0   130.3   X

  Gens  Rem    Local   ElDiv NoImpr             Best solution            Time  Op
                                       Cost     Dist    Tard    TMax 
   900 1000   949.67    0.00    109   949.67  2843.00     4.0     2.0   133.2    
Path relinking result: no improvement.
   900 1000   949.67    0.00    110   949.67  2843.00     4.0     2.0   133.2   P
   950  950   949.67    0.00    159   949.67  2843.00     4.0     2.0   140.6    
   960  940   949.67    0.00    170   949.67  2843.00     4.0     2.0   142.0   X
  1000  900   949.67    0.00    209   949.67  2843.00     4.0     2.0   147.9    
  1040  860   949.67    0.00    250   949.67  2843.00     4.0     2.0   153.8   X
  1050  850   949.67    0.00    259   949.67  2843.00     4.0     2.0   155.3    
Path relinking result: no improvement.
  1080  820   949.67    0.00    290   949.67  2843.00     4.0     2.0   159.7   P
  1100  800   949.67    0.00    309   949.67  2843.00     4.0     2.0   162.6    
  1120  780   949.67    0.00    330   949.67  2843.00     4.0     2.0   165.6   X
  1150  750   949.67    0.00    359   949.67  2843.00     4.0     2.0   170.0    
  1200  700   949.67    0.00    409   949.67  2843.00     4.0     2.0   177.3    
  1200  700   949.67    0.00    410   949.67  2843.00     4.0     2.0   177.3   X
  1250  650   949.67    0.00    459   949.67  2843.00     4.0     2.0   184.7    
Path relinking result: no improvement.
  1260  640   949.67    0.00    470   949.67  2843.00     4.0     2.0   186.3   P
  1280  620   949.67    0.00    490   949.67  2843.00     4.0     2.0   189.2   X

  Gens  Rem    Local   ElDiv NoImpr             Best solution            Time  Op
                                       Cost     Dist    Tard    TMax 
  1300  600   949.67    0.00    509   949.67  2843.00     4.0     2.0   192.2    
  1350  550   949.67    0.00    559   949.67  2843.00     4.0     2.0   199.5    
  1360  540   949.67    0.00    570   949.67  2843.00     4.0     2.0   201.0   X
  1400  500   949.67    0.00    609   949.67  2843.00     4.0     2.0   206.8    
Path relinking result: no improvement.
  1440  460   949.67    0.00    650   949.67  2843.00     4.0     2.0   212.8  PX
  1450  450   949.67    0.00    659   949.67  2843.00     4.0     2.0   214.2    
  1490  410      inf  303.92      0   949.67  2843.00     4.0     2.0   220.2   R
  1491  409  3218.00  307.53      0   949.67  2843.00     4.0     2.0   220.3    
  1500  400  2452.67  163.28      1   949.67  2843.00     4.0     2.0   221.6    
  1520  380  1547.00   34.20      1   949.67  2843.00     4.0     2.0   224.6   X
  1550  350  1383.00   16.73      2   949.67  2843.00     4.0     2.0   229.1    
  1600  300  1258.67   15.06     13   949.67  2843.00     4.0     2.0   236.4    
  1600  300  1258.67   11.43     14   949.67  2843.00     4.0     2.0   236.4   X
Path relinking result: best improvement.
  1620  280  1247.67   10.65      0   949.67  2843.00     4.0     2.0   239.5   P
  1650  250  1224.67    9.97      2   949.67  2843.00     4.0     2.0   244.0    
  1680  220  1203.67    7.94      3   949.67  2843.00     4.0     2.0   248.5   X

  Gens  Rem    Local   ElDiv NoImpr             Best solution            Time  Op
                                       Cost     Dist    Tard    TMax 
  1700  200  1182.33    8.31      3   949.67  2843.00     4.0     2.0   251.4    
  1750  150  1137.67   14.58      0   949.67  2843.00     4.0     2.0   258.9    
  1760  140  1124.00   11.67      3   949.67  2843.00     4.0     2.0   260.3   X
  1800  100  1086.33   10.52      5   949.67  2843.00     4.0     2.0   266.2    
Path relinking result: best improvement.
  1800  100  1075.67   11.37      0   949.67  2843.00     4.0     2.0   266.3   P
  1840   60  1067.67    7.43      0   949.67  2843.00     4.0     2.0   272.1   X
  1850   50  1049.67    7.14      3   949.67  2843.00     4.0     2.0   273.6    
  1900    0  1030.33    7.35      5   949.67  2843.00     4.0     2.0   280.9    
Evolutionary process finished.
Solution written to 'solution-3612.txt'.

Sorted sequence of worst to best tardiness value:
Task for patient = 148 with skills = {5,-1} and cost = 290.0
   Vehicle #0 = 29, leaving at = 666.0
   Vehicle #1 = -1, leaving at = inf
   Increment on distance indicator: 3.0
   Increment on tard indicator:     10.0
   Value of tmax indicator:         3.0

Task for patient = 77 with skills = {0,3} and cost = 338.7
   Vehicle #0 = 5, leaving at = 656.0
   Vehicle #1 = 31, leaving at = 652.0
   Increment on distance indicator: 10.0
   Increment on tard indicator:     8.0
   Value of tmax indicator:         10.0

Task for patient = 108 with skills = {0,3} and cost = 475.3
   Vehicle #0 = 7, leaving at = 897.0
   Vehicle #1 = 28, leaving at = 898.0
   Increment on distance indicator: 5.0
   Increment on tard indicator:     8.0
   Value of tmax indicator:         5.0

Task for patient = 129 with skills = {2,3} and cost = 680.0
   Vehicle #0 = 7, leaving at = 1083.0
   Vehicle #1 = 24, leaving at = 1081.0
   Increment on distance indicator: 11.0
   Increment on tard indicator:     4.0
   Value of tmax indicator:         11.0

Task for patient = 128 with skills = {0,-1} and cost = 485.7
   Vehicle #0 = 5, leaving at = 786.0
   Vehicle #1 = -1, leaving at = inf
   Increment on distance indicator: 5.0
   Increment on tard indicator:     1.0
   Value of tmax indicator:         5.0

Task for patient = 189 with skills = {5,-1} and cost = 541.3
   Vehicle #0 = 24, leaving at = 895.0
   Vehicle #1 = -1, leaving at = inf
   Increment on distance indicator: 2.0
   Increment on tard indicator:     0.0
   Value of tmax indicator:         2.0

Task for patient = 79 with skills = {2,-1} and cost = 554.3
   Vehicle #0 = 1, leaving at = 674.0
   Vehicle #1 = -1, leaving at = inf
   Increment on distance indicator: 39.0
   Increment on tard indicator:     0.0
   Value of tmax indicator:         39.0

Task for patient = 192 with skills = {5,-1} and cost = 556.0
   Vehicle #0 = 26, leaving at = 901.0
   Vehicle #1 = -1, leaving at = inf
   Increment on distance indicator: 5.0
   Increment on tard indicator:     0.0
   Value of tmax indicator:         5.0

Task for patient = 45 with skills = {1,-1} and cost = 556.7
   Vehicle #0 = 7, leaving at = 914.0
   Vehicle #1 = -1, leaving at = inf
   Increment on distance indicator: 2.0
   Increment on tard indicator:     0.0
   Value of tmax indicator:         2.0

Task for patient = 83 with skills = {0,-1} and cost = 560.7
   Vehicle #0 = 13, leaving at = 770.0
   Vehicle #1 = -1, leaving at = inf
   Increment on distance indicator: 12.0
   Increment on tard indicator:     0.0
   Value of tmax indicator:         12.0

Task for patient = 73 with skills = {3,-1} and cost = 563.0
   Vehicle #0 = 34, leaving at = 861.0
   Vehicle #1 = -1, leaving at = inf
   Increment on distance indicator: 7.0
   Increment on tard indicator:     0.0
   Value of tmax indicator:         7.0

Task for patient = 191 with skills = {5,-1} and cost = 565.0
   Vehicle #0 = 24, leaving at = 938.0
   Vehicle #1 = -1, leaving at = inf
   Increment on distance indicator: 6.0
   Increment on tard indicator:     0.0
   Value of tmax indicator:         6.0

Task for patient = 142 with skills = {0,-1} and cost = 565.7
   Vehicle #0 = 5, leaving at = 920.0
   Vehicle #1 = -1, leaving at = inf
   Increment on distance indicator: 2.0
   Increment on tard indicator:     0.0
   Value of tmax indicator:         2.0

Task for patient = 184 with skills = {2,-1} and cost = 567.0
   Vehicle #0 = 1, leaving at = 731.0
   Vehicle #1 = -1, leaving at = inf
   Increment on distance indicator: 4.0
   Increment on tard indicator:     0.0
   Value of tmax indicator:         4.0

Task for patient = 107 with skills = {2,4} and cost = 569.3
   Vehicle #0 = 4, leaving at = 916.0
   Vehicle #1 = 25, leaving at = 937.0
   Increment on distance indicator: 7.0
   Increment on tard indicator:     0.0
   Value of tmax indicator:         7.0

Task for patient = 170 with skills = {4,-1} and cost = 570.3
   Vehicle #0 = 20, leaving at = 926.0
   Vehicle #1 = -1, leaving at = inf
   Increment on distance indicator: 3.0
   Increment on tard indicator:     0.0
   Value of tmax indicator:         3.0

Task for patient = 74 with skills = {2,3} and cost = 540.7
   Vehicle #0 = 0, leaving at = 844.0
   Vehicle #1 = 32, leaving at = 842.0
   Increment on distance indicator: 10.0
   Increment on tard indicator:     0.0
   Value of tmax indicator:         10.0

Task for patient = 97 with skills = {3,-1} and cost = 572.3
   Vehicle #0 = 34, leaving at = 890.0
   Vehicle #1 = -1, leaving at = inf
   Increment on distance indicator: 4.0
   Increment on tard indicator:     0.0
   Value of tmax indicator:         4.0

Task for patient = 10 with skills = {1,-1} and cost = 573.0
   Vehicle #0 = 4, leaving at = 972.0
   Vehicle #1 = -1, leaving at = inf
   Increment on distance indicator: 2.0
   Increment on tard indicator:     0.0
   Value of tmax indicator:         2.0

Task for patient = 140 with skills = {3,-1} and cost = 574.7
   Vehicle #0 = 34, leaving at = 927.0
   Vehicle #1 = -1, leaving at = inf
   Increment on distance indicator: 5.0
   Increment on tard indicator:     0.0
   Value of tmax indicator:         5.0

Task for patient = 178 with skills = {1,-1} and cost = 577.0
   Vehicle #0 = 2, leaving at = 914.0
   Vehicle #1 = -1, leaving at = inf
   Increment on distance indicator: 7.0
   Increment on tard indicator:     0.0
   Value of tmax indicator:         7.0

Task for patient = 147 with skills = {3,-1} and cost = 578.0
   Vehicle #0 = 32, leaving at = 882.0
   Vehicle #1 = -1, leaving at = inf
   Increment on distance indicator: 3.0
   Increment on tard indicator:     0.0
   Value of tmax indicator:         3.0

Task for patient = 175 with skills = {2,-1} and cost = 579.0
   Vehicle #0 = 1, leaving at = 782.0
   Vehicle #1 = -1, leaving at = inf
   Increment on distance indicator: 3.0
   Increment on tard indicator:     0.0
   Value of tmax indicator:         3.0

Task for patient = 44 with skills = {1,4} and cost = 581.0
   Vehicle #0 = 12, leaving at = 855.0
   Vehicle #1 = 30, leaving at = 857.0
   Increment on distance indicator: 6.0
   Increment on tard indicator:     0.0
   Value of tmax indicator:         6.0

Task for patient = 161 with skills = {1,4} and cost = 582.0
   Vehicle #0 = 7, leaving at = 971.0
   Vehicle #1 = 28, leaving at = 937.0
   Increment on distance indicator: 3.0
   Increment on tard indicator:     0.0
   Value of tmax indicator:         3.0

Task for patient = 199 with skills = {2,-1} and cost = 584.0
   Vehicle #0 = 1, leaving at = 848.0
   Vehicle #1 = -1, leaving at = inf
   Increment on distance indicator: 6.0
   Increment on tard indicator:     0.0
   Value of tmax indicator:         6.0

Task for patient = 93 with skills = {3,-1} and cost = 571.0
   Vehicle #0 = 23, leaving at = 923.0
   Vehicle #1 = -1, leaving at = inf
   Increment on distance indicator: 2.0
   Increment on tard indicator:     0.0
   Value of tmax indicator:         2.0

Task for patient = 56 with skills = {3,-1} and cost = 494.7
   Vehicle #0 = 31, leaving at = 842.0
   Vehicle #1 = -1, leaving at = inf
   Increment on distance indicator: 6.0
   Increment on tard indicator:     0.0
   Value of tmax indicator:         6.0

Task for patient = 130 with skills = {0,-1} and cost = 496.0
   Vehicle #0 = 3, leaving at = 897.0
   Vehicle #1 = -1, leaving at = inf
   Increment on distance indicator: 4.0
   Increment on tard indicator:     0.0
   Value of tmax indicator:         4.0

Task for patient = 31 with skills = {2,-1} and cost = 496.7
   Vehicle #0 = 4, leaving at = 831.0
   Vehicle #1 = -1, leaving at = inf
   Increment on distance indicator: 2.0
   Increment on tard indicator:     0.0
   Value of tmax indicator:         2.0

Task for patient = 182 with skills = {4,-1} and cost = 498.7
   Vehicle #0 = 34, leaving at = 821.0
   Vehicle #1 = -1, leaving at = inf
   Increment on distance indicator: 6.0
   Increment on tard indicator:     0.0
   Value of tmax indicator:         6.0

Task for patient = 194 with skills = {4,-1} and cost = 499.0
   Vehicle #0 = 30, leaving at = 834.0
   Vehicle #1 = -1, leaving at = inf
   Increment on distance indicator: 1.0
   Increment on tard indicator:     0.0
   Value of tmax indicator:         1.0

Task for patient = 18 with skills = {4,-1} and cost = 500.0
   Vehicle #0 = 23, leaving at = 889.0
   Vehicle #1 = -1, leaving at = inf
   Increment on distance indicator: 3.0
   Increment on tard indicator:     0.0
   Value of tmax indicator:         3.0

Task for patient = 7 with skills = {1,5} and cost = 501.3
   Vehicle #0 = 4, leaving at = 889.0
   Vehicle #1 = 21, leaving at = 875.0
   Increment on distance indicator: 4.0
   Increment on tard indicator:     0.0
   Value of tmax indicator:         4.0

Task for patient = 16 with skills = {5,-1} and cost = 501.7
   Vehicle #0 = 29, leaving at = 789.0
   Vehicle #1 = -1, leaving at = inf
   Increment on distance indicator: 1.0
   Increment on tard indicator:     0.0
   Value of tmax indicator:         1.0

Task for patient = 66 with skills = {1,-1} and cost = 505.7
   Vehicle #0 = 2, leaving at = 878.0
   Vehicle #1 = -1, leaving at = inf
   Increment on distance indicator: 12.0
   Increment on tard indicator:     0.0
   Value of tmax indicator:         12.0

Task for patient = 151 with skills = {0,4} and cost = 509.7
   Vehicle #0 = 5, leaving at = 819.0
   Vehicle #1 = 26, leaving at = 843.0
   Increment on distance indicator: 12.0
   Increment on tard indicator:     0.0
   Value of tmax indicator:         12.0

Task for patient = 119 with skills = {5,-1} and cost = 511.0
   Vehicle #0 = 31, leaving at = 868.0
   Vehicle #1 = -1, leaving at = inf
   Increment on distance indicator: 4.0
   Increment on tard indicator:     0.0
   Value of tmax indicator:         4.0

Task for patient = 43 with skills = {1,-1} and cost = 536.7
   Vehicle #0 = 6, leaving at = 885.0
   Vehicle #1 = -1, leaving at = inf
   Increment on distance indicator: 2.0
   Increment on tard indicator:     0.0
   Value of tmax indicator:         2.0

Task for patient = 197 with skills = {0,5} and cost = 516.3
   Vehicle #0 = 10, leaving at = 875.0
   Vehicle #1 = 29, leaving at = 870.0
   Increment on distance indicator: 6.0
   Increment on tard indicator:     0.0
   Value of tmax indicator:         6.0

Task for patient = 85 with skills = {3,-1} and cost = 518.7
   Vehicle #0 = 32, leaving at = 733.0
   Vehicle #1 = -1, leaving at = inf
   Increment on distance indicator: 7.0
   Increment on tard indicator:     0.0
   Value of tmax indicator:         7.0

Task for patient = 72 with skills = {5,-1} and cost = 519.3
   Vehicle #0 = 31, leaving at = 930.0
   Vehicle #1 = -1, leaving at = inf
   Increment on distance indicator: 2.0
   Increment on tard indicator:     0.0
   Value of tmax indicator:         2.0

Task for patient = 38 with skills = {1,3} and cost = 524.7
   Vehicle #0 = 8, leaving at = 838.0
   Vehicle #1 = 27, leaving at = 868.0
   Increment on distance indicator: 16.0
   Increment on tard indicator:     0.0
   Value of tmax indicator:         16.0

Task for patient = 155 with skills = {0,-1} and cost = 526.7
   Vehicle #0 = 5, leaving at = 868.0
   Vehicle #1 = -1, leaving at = inf
   Increment on distance indicator: 6.0
   Increment on tard indicator:     0.0
   Value of tmax indicator:         6.0

Task for patient = 167 with skills = {2,-1} and cost = 527.3
   Vehicle #0 = 0, leaving at = 769.0
   Vehicle #1 = -1, leaving at = inf
   Increment on distance indicator: 2.0
   Increment on tard indicator:     0.0
   Value of tmax indicator:         2.0

Task for patient = 1 with skills = {1,-1} and cost = 529.0
   Vehicle #0 = 12, leaving at = 797.0
   Vehicle #1 = -1, leaving at = inf
   Increment on distance indicator: 5.0
   Increment on tard indicator:     0.0
   Value of tmax indicator:         5.0

Task for patient = 34 with skills = {0,-1} and cost = 529.3
   Vehicle #0 = 12, leaving at = 836.0
   Vehicle #1 = -1, leaving at = inf
   Increment on distance indicator: 1.0
   Increment on tard indicator:     0.0
   Value of tmax indicator:         1.0

Task for patient = 33 with skills = {5,-1} and cost = 531.0
   Vehicle #0 = 25, leaving at = 834.0
   Vehicle #1 = -1, leaving at = inf
   Increment on distance indicator: 5.0
   Increment on tard indicator:     0.0
   Value of tmax indicator:         5.0

Task for patient = 160 with skills = {2,3} and cost = 536.0
   Vehicle #0 = 0, leaving at = 795.0
   Vehicle #1 = 32, leaving at = 814.0
   Increment on distance indicator: 15.0
   Increment on tard indicator:     0.0
   Value of tmax indicator:         15.0

Task for patient = 23 with skills = {3,-1} and cost = 584.7
   Vehicle #0 = 23, leaving at = 948.0
   Vehicle #1 = -1, leaving at = inf
   Increment on distance indicator: 2.0
   Increment on tard indicator:     0.0
   Value of tmax indicator:         2.0

Task for patient = 112 with skills = {4,-1} and cost = 537.3
   Vehicle #0 = 31, leaving at = 954.0
   Vehicle #1 = -1, leaving at = inf
   Increment on distance indicator: 2.0
   Increment on tard indicator:     0.0
   Value of tmax indicator:         2.0

Task for patient = 70 with skills = {0,3} and cost = 514.3
   Vehicle #0 = 12, leaving at = 756.0
   Vehicle #1 = 27, leaving at = 804.0
   Increment on distance indicator: 10.0
   Increment on tard indicator:     0.0
   Value of tmax indicator:         10.0

Task for patient = 150 with skills = {2,-1} and cost = 636.0
   Vehicle #0 = 10, leaving at = 1034.0
   Vehicle #1 = -1, leaving at = inf
   Increment on distance indicator: 4.0
   Increment on tard indicator:     0.0
   Value of tmax indicator:         4.0

Task for patient = 153 with skills = {2,5} and cost = 640.0
   Vehicle #0 = 1, leaving at = 1006.0
   Vehicle #1 = 23, leaving at = 1002.0
   Increment on distance indicator: 12.0
   Increment on tard indicator:     0.0
   Value of tmax indicator:         12.0

Task for patient = 109 with skills = {1,-1} and cost = 640.0
   Vehicle #0 = 11, leaving at = 858.0
   Vehicle #1 = -1, leaving at = inf
   Increment on distance indicator: 0.0
   Increment on tard indicator:     0.0
   Value of tmax indicator:         0.0

Task for patient = 48 with skills = {0,5} and cost = 640.7
   Vehicle #0 = 5, leaving at = 988.0
   Vehicle #1 = 31, leaving at = 1017.0
   Increment on distance indicator: 2.0
   Increment on tard indicator:     0.0
   Value of tmax indicator:         2.0

Task for patient = 183 with skills = {1,-1} and cost = 641.0
   Vehicle #0 = 8, leaving at = 983.0
   Vehicle #1 = -1, leaving at = inf
   Increment on distance indicator: 1.0
   Increment on tard indicator:     0.0
   Value of tmax indicator:         1.0

Task for patient = 123 with skills = {3,-1} and cost = 643.0
   Vehicle #0 = 26, leaving at = 1005.0
   Vehicle #1 = -1, leaving at = inf
   Increment on distance indicator: 6.0
   Increment on tard indicator:     0.0
   Value of tmax indicator:         6.0

Task for patient = 121 with skills = {4,-1} and cost = 644.3
   Vehicle #0 = 28, leaving at = 1060.0
   Vehicle #1 = -1, leaving at = inf
   Increment on distance indicator: 4.0
   Increment on tard indicator:     0.0
   Value of tmax indicator:         4.0

Task for patient = 67 with skills = {2,3} and cost = 646.0
   Vehicle #0 = 10, leaving at = 1076.0
   Vehicle #1 = 27, leaving at = 1101.0
   Increment on distance indicator: 5.0
   Increment on tard indicator:     0.0
   Value of tmax indicator:         5.0

Task for patient = 76 with skills = {1,4} and cost = 650.7
   Vehicle #0 = 2, leaving at = 1007.0
   Vehicle #1 = 29, leaving at = 1068.0
   Increment on distance indicator: 14.0
   Increment on tard indicator:     0.0
   Value of tmax indicator:         14.0

Task for patient = 195 with skills = {0,3} and cost = 658.3
   Vehicle #0 = 3, leaving at = 1010.0
   Vehicle #1 = 34, leaving at = 996.0
   Increment on distance indicator: 23.0
   Increment on tard indicator:     0.0
   Value of tmax indicator:         23.0

Task for patient = 102 with skills = {2,5} and cost = 662.3
   Vehicle #0 = 12, leaving at = 1045.0
   Vehicle #1 = 20, leaving at = 1034.0
   Increment on distance indicator: 12.0
   Increment on tard indicator:     0.0
   Value of tmax indicator:         12.0

Task for patient = 28 with skills = {2,4} and cost = 591.7
   Vehicle #0 = 10, leaving at = 951.0
   Vehicle #1 = 29, leaving at = 936.0
   Increment on distance indicator: 8.0
   Increment on tard indicator:     0.0
   Value of tmax indicator:         8.0

Task for patient = 46 with skills = {5,-1} and cost = 666.0
   Vehicle #0 = 26, leaving at = 1051.0
   Vehicle #1 = -1, leaving at = inf
   Increment on distance indicator: 6.0
   Increment on tard indicator:     0.0
   Value of tmax indicator:         6.0

Task for patient = 146 with skills = {4,-1} and cost = 667.0
   Vehicle #0 = 30, leaving at = 998.0
   Vehicle #1 = -1, leaving at = inf
   Increment on distance indicator: 3.0
   Increment on tard indicator:     0.0
   Value of tmax indicator:         3.0

Task for patient = 36 with skills = {1,-1} and cost = 668.3
   Vehicle #0 = 8, leaving at = 1005.0
   Vehicle #1 = -1, leaving at = inf
   Increment on distance indicator: 4.0
   Increment on tard indicator:     0.0
   Value of tmax indicator:         4.0

Task for patient = 162 with skills = {5,-1} and cost = 669.0
   Vehicle #0 = 24, leaving at = 1023.0
   Vehicle #1 = -1, leaving at = inf
   Increment on distance indicator: 2.0
   Increment on tard indicator:     0.0
   Value of tmax indicator:         2.0

Task for patient = 78 with skills = {3,-1} and cost = 670.3
   Vehicle #0 = 23, leaving at = 1045.0
   Vehicle #1 = -1, leaving at = inf
   Increment on distance indicator: 4.0
   Increment on tard indicator:     0.0
   Value of tmax indicator:         4.0

Task for patient = 49 with skills = {2,4} and cost = 674.0
   Vehicle #0 = 2, leaving at = 1034.0
   Vehicle #1 = 22, leaving at = 1066.0
   Increment on distance indicator: 11.0
   Increment on tard indicator:     0.0
   Value of tmax indicator:         11.0

Task for patient = 118 with skills = {4,-1} and cost = 675.0
   Vehicle #0 = 23, leaving at = 1081.0
   Vehicle #1 = -1, leaving at = inf
   Increment on distance indicator: 3.0
   Increment on tard indicator:     0.0
   Value of tmax indicator:         3.0

Task for patient = 127 with skills = {2,-1} and cost = 682.3
   Vehicle #0 = 1, leaving at = 1119.0
   Vehicle #1 = -1, leaving at = inf
   Increment on distance indicator: 7.0
   Increment on tard indicator:     0.0
   Value of tmax indicator:         7.0

Task for patient = 154 with skills = {1,-1} and cost = 684.0
   Vehicle #0 = 8, leaving at = 1049.0
   Vehicle #1 = -1, leaving at = inf
   Increment on distance indicator: 5.0
   Increment on tard indicator:     0.0
   Value of tmax indicator:         5.0

Task for patient = 62 with skills = {4,-1} and cost = 684.3
   Vehicle #0 = 31, leaving at = 1074.0
   Vehicle #1 = -1, leaving at = inf
   Increment on distance indicator: 1.0
   Increment on tard indicator:     0.0
   Value of tmax indicator:         1.0

Task for patient = 87 with skills = {1,5} and cost = 686.3
   Vehicle #0 = 6, leaving at = 1012.0
   Vehicle #1 = 25, leaving at = 1010.0
   Increment on distance indicator: 6.0
   Increment on tard indicator:     0.0
   Value of tmax indicator:         6.0

Task for patient = 94 with skills = {4,-1} and cost = 689.3
   Vehicle #0 = 20, leaving at = 1067.0
   Vehicle #1 = -1, leaving at = inf
   Increment on distance indicator: 5.0
   Increment on tard indicator:     0.0
   Value of tmax indicator:         5.0

Task for patient = 35 with skills = {2,-1} and cost = 664.0
   Vehicle #0 = 1, leaving at = 1059.0
   Vehicle #1 = -1, leaving at = inf
   Increment on distance indicator: 5.0
   Increment on tard indicator:     0.0
   Value of tmax indicator:         5.0

Task for patient = 2 with skills = {0,4} and cost = 589.0
   Vehicle #0 = 3, leaving at = 957.0
   Vehicle #1 = 22, leaving at = 956.0
   Increment on distance indicator: 13.0
   Increment on tard indicator:     0.0
   Value of tmax indicator:         13.0

Task for patient = 55 with skills = {4,-1} and cost = 492.7
   Vehicle #0 = 30, leaving at = 776.0
   Vehicle #1 = -1, leaving at = inf
   Increment on distance indicator: 6.0
   Increment on tard indicator:     0.0
   Value of tmax indicator:         6.0

Task for patient = 40 with skills = {4,-1} and cost = 592.7
   Vehicle #0 = 23, leaving at = 972.0
   Vehicle #1 = -1, leaving at = inf
   Increment on distance indicator: 3.0
   Increment on tard indicator:     0.0
   Value of tmax indicator:         3.0

Task for patient = 166 with skills = {4,-1} and cost = 593.3
   Vehicle #0 = 34, leaving at = 964.0
   Vehicle #1 = -1, leaving at = inf
   Increment on distance indicator: 2.0
   Increment on tard indicator:     0.0
   Value of tmax indicator:         2.0

Task for patient = 131 with skills = {2,-1} and cost = 595.0
   Vehicle #0 = 2, leaving at = 958.0
   Vehicle #1 = -1, leaving at = inf
   Increment on distance indicator: 5.0
   Increment on tard indicator:     0.0
   Value of tmax indicator:         5.0

Task for patient = 63 with skills = {0,4} and cost = 597.7
   Vehicle #0 = 6, leaving at = 910.0
   Vehicle #1 = 30, leaving at = 938.0
   Increment on distance indicator: 8.0
   Increment on tard indicator:     0.0
   Value of tmax indicator:         8.0

Task for patient = 101 with skills = {5,-1} and cost = 599.3
   Vehicle #0 = 20, leaving at = 951.0
   Vehicle #1 = -1, leaving at = inf
   Increment on distance indicator: 5.0
   Increment on tard indicator:     0.0
   Value of tmax indicator:         5.0

Task for patient = 117 with skills = {1,-1} and cost = 600.0
   Vehicle #0 = 2, leaving at = 983.0
   Vehicle #1 = -1, leaving at = inf
   Increment on distance indicator: 2.0
   Increment on tard indicator:     0.0
   Value of tmax indicator:         2.0

Task for patient = 144 with skills = {0,3} and cost = 601.3
   Vehicle #0 = 5, leaving at = 969.0
   Vehicle #1 = 31, leaving at = 996.0
   Increment on distance indicator: 4.0
   Increment on tard indicator:     0.0
   Value of tmax indicator:         4.0

Task for patient = 3 with skills = {0,5} and cost = 606.0
   Vehicle #0 = 6, leaving at = 938.0
   Vehicle #1 = 21, leaving at = 981.0
   Increment on distance indicator: 14.0
   Increment on tard indicator:     0.0
   Value of tmax indicator:         14.0

Task for patient = 25 with skills = {0,5} and cost = 611.0
   Vehicle #0 = 12, leaving at = 915.0
   Vehicle #1 = 26, leaving at = 929.0
   Increment on distance indicator: 15.0
   Increment on tard indicator:     0.0
   Value of tmax indicator:         15.0

Task for patient = 163 with skills = {2,5} and cost = 634.7
   Vehicle #0 = 0, leaving at = 1049.0
   Vehicle #1 = 21, leaving at = 1005.0
   Increment on distance indicator: 11.0
   Increment on tard indicator:     0.0
   Value of tmax indicator:         11.0

Task for patient = 143 with skills = {2,5} and cost = 614.7
   Vehicle #0 = 0, leaving at = 970.0
   Vehicle #1 = 24, leaving at = 959.0
   Increment on distance indicator: 6.0
   Increment on tard indicator:     0.0
   Value of tmax indicator:         6.0

Task for patient = 120 with skills = {2,-1} and cost = 616.0
   Vehicle #0 = 10, leaving at = 985.0
   Vehicle #1 = -1, leaving at = inf
   Increment on distance indicator: 4.0
   Increment on tard indicator:     0.0
   Value of tmax indicator:         4.0

Task for patient = 15 with skills = {1,-1} and cost = 616.7
   Vehicle #0 = 6, leaving at = 965.0
   Vehicle #1 = -1, leaving at = inf
   Increment on distance indicator: 2.0
   Increment on tard indicator:     0.0
   Value of tmax indicator:         2.0

Task for patient = 190 with skills = {2,-1} and cost = 618.7
   Vehicle #0 = 1, leaving at = 893.0
   Vehicle #1 = -1, leaving at = inf
   Increment on distance indicator: 6.0
   Increment on tard indicator:     0.0
   Value of tmax indicator:         6.0

Task for patient = 180 with skills = {1,3} and cost = 620.0
   Vehicle #0 = 4, leaving at = 1032.0
   Vehicle #1 = 28, leaving at = 1039.0
   Increment on distance indicator: 4.0
   Increment on tard indicator:     0.0
   Value of tmax indicator:         4.0

Task for patient = 58 with skills = {3,-1} and cost = 620.7
   Vehicle #0 = 24, leaving at = 999.0
   Vehicle #1 = -1, leaving at = inf
   Increment on distance indicator: 2.0
   Increment on tard indicator:     0.0
   Value of tmax indicator:         2.0

Task for patient = 185 with skills = {0,4} and cost = 623.7
   Vehicle #0 = 13, leaving at = 961.0
   Vehicle #1 = 20, leaving at = 1007.0
   Increment on distance indicator: 9.0
   Increment on tard indicator:     0.0
   Value of tmax indicator:         9.0

Task for patient = 169 with skills = {4,-1} and cost = 625.3
   Vehicle #0 = 22, leaving at = 1001.0
   Vehicle #1 = -1, leaving at = inf
   Increment on distance indicator: 5.0
   Increment on tard indicator:     0.0
   Value of tmax indicator:         5.0

Task for patient = 24 with skills = {4,-1} and cost = 627.0
   Vehicle #0 = 26, leaving at = 954.0
   Vehicle #1 = -1, leaving at = inf
   Increment on distance indicator: 5.0
   Increment on tard indicator:     0.0
   Value of tmax indicator:         5.0

Task for patient = 106 with skills = {3,-1} and cost = 628.3
   Vehicle #0 = 27, leaving at = 1005.0
   Vehicle #1 = -1, leaving at = inf
   Increment on distance indicator: 4.0
   Increment on tard indicator:     0.0
   Value of tmax indicator:         4.0

Task for patient = 29 with skills = {4,-1} and cost = 629.0
   Vehicle #0 = 29, leaving at = 954.0
   Vehicle #1 = -1, leaving at = inf
   Increment on distance indicator: 2.0
   Increment on tard indicator:     0.0
   Value of tmax indicator:         2.0

Task for patient = 59 with skills = {1,-1} and cost = 631.0
   Vehicle #0 = 8, leaving at = 957.0
   Vehicle #1 = -1, leaving at = inf
   Increment on distance indicator: 6.0
   Increment on tard indicator:     0.0
   Value of tmax indicator:         6.0

Task for patient = 42 with skills = {2,-1} and cost = 612.7
   Vehicle #0 = 0, leaving at = 885.0
   Vehicle #1 = -1, leaving at = inf
   Increment on distance indicator: 5.0
   Increment on tard indicator:     0.0
   Value of tmax indicator:         5.0

Task for patient = 152 with skills = {5,-1} and cost = 203.0
   Vehicle #0 = 25, leaving at = 674.0
   Vehicle #1 = -1, leaving at = inf
   Increment on distance indicator: 3.0
   Increment on tard indicator:     0.0
   Value of tmax indicator:         3.0

Task for patient = 104 with skills = {1,4} and cost = 229.0
   Vehicle #0 = 7, leaving at = 556.0
   Vehicle #1 = 28, leaving at = 538.0
   Increment on distance indicator: 78.0
   Increment on tard indicator:     0.0
   Value of tmax indicator:         78.0

Task for patient = 165 with skills = {1,-1} and cost = 230.0
   Vehicle #0 = 7, leaving at = 577.0
   Vehicle #1 = -1, leaving at = inf
   Increment on distance indicator: 3.0
   Increment on tard indicator:     0.0
   Value of tmax indicator:         3.0

Task for patient = 6 with skills = {1,4} and cost = 232.7
   Vehicle #0 = 7, leaving at = 619.0
   Vehicle #1 = 28, leaving at = 636.0
   Increment on distance indicator: 8.0
   Increment on tard indicator:     0.0
   Value of tmax indicator:         8.0

Task for patient = 145 with skills = {1,5} and cost = 246.3
   Vehicle #0 = 7, leaving at = 661.0
   Vehicle #1 = 21, leaving at = 647.0
   Increment on distance indicator: 41.0
   Increment on tard indicator:     0.0
   Value of tmax indicator:         41.0

Task for patient = 159 with skills = {1,4} and cost = 247.3
   Vehicle #0 = 2, leaving at = 785.0
   Vehicle #1 = 23, leaving at = 761.0
   Increment on distance indicator: 3.0
   Increment on tard indicator:     0.0
   Value of tmax indicator:         3.0

Task for patient = 186 with skills = {0,5} and cost = 248.0
   Vehicle #0 = 6, leaving at = 746.0
   Vehicle #1 = 24, leaving at = 804.0
   Increment on distance indicator: 2.0
   Increment on tard indicator:     0.0
   Value of tmax indicator:         2.0

Task for patient = 126 with skills = {4,-1} and cost = 248.7
   Vehicle #0 = 25, leaving at = 704.0
   Vehicle #1 = -1, leaving at = inf
   Increment on distance indicator: 2.0
   Increment on tard indicator:     0.0
   Value of tmax indicator:         2.0

Task for patient = 122 with skills = {0,5} and cost = 279.3
   Vehicle #0 = 10, leaving at = 528.0
   Vehicle #1 = 29, leaving at = 548.0
   Increment on distance indicator: 92.0
   Increment on tard indicator:     0.0
   Value of tmax indicator:         92.0

Task for patient = 111 with skills = {0,3} and cost = 281.3
   Vehicle #0 = 10, leaving at = 607.0
   Vehicle #1 = 29, leaving at = 610.0
   Increment on distance indicator: 6.0
   Increment on tard indicator:     0.0
   Value of tmax indicator:         6.0

Task for patient = 187 with skills = {0,-1} and cost = 282.3
   Vehicle #0 = 10, leaving at = 671.0
   Vehicle #1 = -1, leaving at = inf
   Increment on distance indicator: 3.0
   Increment on tard indicator:     0.0
   Value of tmax indicator:         3.0

Task for patient = 181 with skills = {4,-1} and cost = 687.7
   Vehicle #0 = 25, leaving at = 1041.0
   Vehicle #1 = -1, leaving at = inf
   Increment on distance indicator: 4.0
   Increment on tard indicator:     0.0
   Value of tmax indicator:         4.0

Task for patient = 64 with skills = {0,3} and cost = 296.0
   Vehicle #0 = 7, leaving at = 684.0
   Vehicle #1 = 28, leaving at = 711.0
   Increment on distance indicator: 6.0
   Increment on tard indicator:     0.0
   Value of tmax indicator:         6.0

Task for patient = 37 with skills = {5,-1} and cost = 307.7
   Vehicle #0 = 31, leaving at = 509.0
   Vehicle #1 = -1, leaving at = inf
   Increment on distance indicator: 35.0
   Increment on tard indicator:     0.0
   Value of tmax indicator:         35.0

Task for patient = 134 with skills = {2,-1} and cost = 312.7
   Vehicle #0 = 0, leaving at = 573.0
   Vehicle #1 = -1, leaving at = inf
   Increment on distance indicator: 15.0
   Increment on tard indicator:     0.0
   Value of tmax indicator:         15.0

Task for patient = 5 with skills = {1,4} and cost = 327.0
   Vehicle #0 = 8, leaving at = 521.0
   Vehicle #1 = 31, leaving at = 546.0
   Increment on distance indicator: 43.0
   Increment on tard indicator:     0.0
   Value of tmax indicator:         43.0

Task for patient = 90 with skills = {5,-1} and cost = 327.7
   Vehicle #0 = 22, leaving at = 745.0
   Vehicle #1 = -1, leaving at = inf
   Increment on distance indicator: 2.0
   Increment on tard indicator:     0.0
   Value of tmax indicator:         2.0

Task for patient = 84 with skills = {3,-1} and cost = 328.7
   Vehicle #0 = 28, leaving at = 734.0
   Vehicle #1 = -1, leaving at = inf
   Increment on distance indicator: 3.0
   Increment on tard indicator:     0.0
   Value of tmax indicator:         3.0

Task for patient = 20 with skills = {2,-1} and cost = 329.0
   Vehicle #0 = 7, leaving at = 717.0
   Vehicle #1 = -1, leaving at = inf
   Increment on distance indicator: 1.0
   Increment on tard indicator:     0.0
   Value of tmax indicator:         1.0

Task for patient = 198 with skills = {3,-1} and cost = 330.7
   Vehicle #0 = 31, leaving at = 604.0
   Vehicle #1 = -1, leaving at = inf
   Increment on distance indicator: 5.0
   Increment on tard indicator:     0.0
   Value of tmax indicator:         5.0

Task for patient = 14 with skills = {0,-1} and cost = 332.7
   Vehicle #0 = 5, leaving at = 630.0
   Vehicle #1 = -1, leaving at = inf
   Increment on distance indicator: 6.0
   Increment on tard indicator:     0.0
   Value of tmax indicator:         6.0

Task for patient = 99 with skills = {3,-1} and cost = 339.7
   Vehicle #0 = 29, leaving at = 695.0
   Vehicle #1 = -1, leaving at = inf
   Increment on distance indicator: 3.0
   Increment on tard indicator:     0.0
   Value of tmax indicator:         3.0

Task for patient = 4 with skills = {2,-1} and cost = 341.7
   Vehicle #0 = 3, leaving at = 707.0
   Vehicle #1 = -1, leaving at = inf
   Increment on distance indicator: 6.0
   Increment on tard indicator:     0.0
   Value of tmax indicator:         6.0

Task for patient = 54 with skills = {0,5} and cost = 294.0
   Vehicle #0 = 10, leaving at = 727.0
   Vehicle #1 = 26, leaving at = 742.0
   Increment on distance indicator: 12.0
   Increment on tard indicator:     0.0
   Value of tmax indicator:         12.0

Task for patient = 103 with skills = {5,-1} and cost = 12.3
   Vehicle #0 = 20, leaving at = 608.0
   Vehicle #1 = -1, leaving at = inf
   Increment on distance indicator: 37.0
   Increment on tard indicator:     0.0
   Value of tmax indicator:         37.0

Task for patient = 98 with skills = {0,4} and cost = 25.0
   Vehicle #0 = 3, leaving at = 684.0
   Vehicle #1 = 20, leaving at = 673.0
   Increment on distance indicator: 38.0
   Increment on tard indicator:     0.0
   Value of tmax indicator:         38.0

Task for patient = 91 with skills = {4,-1} and cost = 37.0
   Vehicle #0 = 22, leaving at = 528.0
   Vehicle #1 = -1, leaving at = inf
   Increment on distance indicator: 36.0
   Increment on tard indicator:     0.0
   Value of tmax indicator:         36.0

Task for patient = 132 with skills = {1,3} and cost = 61.0
   Vehicle #0 = 2, leaving at = 670.0
   Vehicle #1 = 23, leaving at = 657.0
   Increment on distance indicator: 72.0
   Increment on tard indicator:     0.0
   Value of tmax indicator:         72.0

Task for patient = 188 with skills = {1,-1} and cost = 75.3
   Vehicle #0 = 4, leaving at = 524.0
   Vehicle #1 = -1, leaving at = inf
   Increment on distance indicator: 43.0
   Increment on tard indicator:     0.0
   Value of tmax indicator:         43.0

Task for patient = 21 with skills = {2,4} and cost = 76.7
   Vehicle #0 = 2, leaving at = 723.0
   Vehicle #1 = 20, leaving at = 691.0
   Increment on distance indicator: 4.0
   Increment on tard indicator:     0.0
   Value of tmax indicator:         4.0

Task for patient = 158 with skills = {4,-1} and cost = 77.0
   Vehicle #0 = 22, leaving at = 578.0
   Vehicle #1 = -1, leaving at = inf
   Increment on distance indicator: 1.0
   Increment on tard indicator:     0.0
   Value of tmax indicator:         1.0

Task for patient = 51 with skills = {2,3} and cost = 91.7
   Vehicle #0 = 4, leaving at = 546.0
   Vehicle #1 = 24, leaving at = 544.0
   Increment on distance indicator: 44.0
   Increment on tard indicator:     0.0
   Value of tmax indicator:         44.0

Task for patient = 89 with skills = {2,3} and cost = 93.7
   Vehicle #0 = 4, leaving at = 591.0
   Vehicle #1 = 24, leaving at = 590.0
   Increment on distance indicator: 6.0
   Increment on tard indicator:     0.0
   Value of tmax indicator:         6.0

Task for patient = 115 with skills = {5,-1} and cost = 95.3
   Vehicle #0 = 22, leaving at = 628.0
   Vehicle #1 = -1, leaving at = inf
   Increment on distance indicator: 5.0
   Increment on tard indicator:     0.0
   Value of tmax indicator:         5.0

Task for patient = 168 with skills = {0,-1} and cost = 107.0
   Vehicle #0 = 5, leaving at = 598.0
   Vehicle #1 = -1, leaving at = inf
   Increment on distance indicator: 35.0
   Increment on tard indicator:     0.0
   Value of tmax indicator:         35.0

Task for patient = 71 with skills = {5,-1} and cost = 202.0
   Vehicle #0 = 25, leaving at = 650.0
   Vehicle #1 = -1, leaving at = inf
   Increment on distance indicator: 2.0
   Increment on tard indicator:     0.0
   Value of tmax indicator:         2.0

Task for patient = 86 with skills = {4,-1} and cost = 111.7
   Vehicle #0 = 24, leaving at = 700.0
   Vehicle #1 = -1, leaving at = inf
   Increment on distance indicator: 8.0
   Increment on tard indicator:     0.0
   Value of tmax indicator:         8.0

Task for patient = 179 with skills = {3,-1} and cost = 125.0
   Vehicle #0 = 26, leaving at = 513.0
   Vehicle #1 = -1, leaving at = inf
   Increment on distance indicator: 40.0
   Increment on tard indicator:     0.0
   Value of tmax indicator:         40.0

Task for patient = 177 with skills = {1,-1} and cost = 136.3
   Vehicle #0 = 6, leaving at = 563.0
   Vehicle #1 = -1, leaving at = inf
   Increment on distance indicator: 34.0
   Increment on tard indicator:     0.0
   Value of tmax indicator:         34.0

Task for patient = 110 with skills = {2,3} and cost = 145.3
   Vehicle #0 = 6, leaving at = 629.0
   Vehicle #1 = 26, leaving at = 637.0
   Increment on distance indicator: 27.0
   Increment on tard indicator:     0.0
   Value of tmax indicator:         27.0

Task for patient = 12 with skills = {5,-1} and cost = 146.3
   Vehicle #0 = 26, leaving at = 709.0
   Vehicle #1 = -1, leaving at = inf
   Increment on distance indicator: 3.0
   Increment on tard indicator:     0.0
   Value of tmax indicator:         3.0

Task for patient = 88 with skills = {2,-1} and cost = 150.0
   Vehicle #0 = 4, leaving at = 711.0
   Vehicle #1 = -1, leaving at = inf
   Increment on distance indicator: 11.0
   Increment on tard indicator:     0.0
   Value of tmax indicator:         11.0

Task for patient = 164 with skills = {0,3} and cost = 169.0
   Vehicle #0 = 6, leaving at = 668.0
   Vehicle #1 = 27, leaving at = 683.0
   Increment on distance indicator: 57.0
   Increment on tard indicator:     0.0
   Value of tmax indicator:         57.0

Task for patient = 113 with skills = {5,-1} and cost = 170.3
   Vehicle #0 = 22, leaving at = 668.0
   Vehicle #1 = -1, leaving at = inf
   Increment on distance indicator: 4.0
   Increment on tard indicator:     0.0
   Value of tmax indicator:         4.0

Task for patient = 39 with skills = {5,-1} and cost = 171.0
   Vehicle #0 = 22, leaving at = 701.0
   Vehicle #1 = -1, leaving at = inf
   Increment on distance indicator: 2.0
   Increment on tard indicator:     0.0
   Value of tmax indicator:         2.0

Task for patient = 26 with skills = {0,4} and cost = 174.7
   Vehicle #0 = 6, leaving at = 728.0
   Vehicle #1 = 24, leaving at = 724.0
   Increment on distance indicator: 11.0
   Increment on tard indicator:     0.0
   Value of tmax indicator:         11.0

Task for patient = 133 with skills = {2,-1} and cost = 188.7
   Vehicle #0 = 0, leaving at = 541.0
   Vehicle #1 = -1, leaving at = inf
   Increment on distance indicator: 42.0
   Increment on tard indicator:     0.0
   Value of tmax indicator:         42.0

Task for patient = 196 with skills = {4,-1} and cost = 201.3
   Vehicle #0 = 25, leaving at = 559.0
   Vehicle #1 = -1, leaving at = inf
   Increment on distance indicator: 38.0
   Increment on tard indicator:     0.0
   Value of tmax indicator:         38.0

Task for patient = 137 with skills = {1,3} and cost = 109.0
   Vehicle #0 = 4, leaving at = 642.0
   Vehicle #1 = 24, leaving at = 652.0
   Increment on distance indicator: 6.0
   Increment on tard indicator:     0.0
   Value of tmax indicator:         6.0

Task for patient = 124 with skills = {1,-1} and cost = 418.7
   Vehicle #0 = 8, leaving at = 604.0
   Vehicle #1 = -1, leaving at = inf
   Increment on distance indicator: 6.0
   Increment on tard indicator:     0.0
   Value of tmax indicator:         6.0

Task for patient = 53 with skills = {5,-1} and cost = 419.3
   Vehicle #0 = 20, leaving at = 779.0
   Vehicle #1 = -1, leaving at = inf
   Increment on distance indicator: 2.0
   Increment on tard indicator:     0.0
   Value of tmax indicator:         2.0

Task for patient = 75 with skills = {1,-1} and cost = 422.7
   Vehicle #0 = 12, leaving at = 737.0
   Vehicle #1 = -1, leaving at = inf
   Increment on distance indicator: 10.0
   Increment on tard indicator:     0.0
   Value of tmax indicator:         10.0

Task for patient = 138 with skills = {1,-1} and cost = 426.7
   Vehicle #0 = 8, leaving at = 648.0
   Vehicle #1 = -1, leaving at = inf
   Increment on distance indicator: 12.0
   Increment on tard indicator:     0.0
   Value of tmax indicator:         12.0

Task for patient = 96 with skills = {0,4} and cost = 428.3
   Vehicle #0 = 3, leaving at = 790.0
   Vehicle #1 = 20, leaving at = 818.0
   Increment on distance indicator: 5.0
   Increment on tard indicator:     0.0
   Value of tmax indicator:         5.0

Task for patient = 52 with skills = {0,4} and cost = 441.0
   Vehicle #0 = 13, leaving at = 572.0
   Vehicle #1 = 30, leaving at = 602.0
   Increment on distance indicator: 38.0
   Increment on tard indicator:     0.0
   Value of tmax indicator:         38.0

Task for patient = 193 with skills = {0,5} and cost = 442.7
   Vehicle #0 = 7, leaving at = 780.0
   Vehicle #1 = 21, leaving at = 783.0
   Increment on distance indicator: 5.0
   Increment on tard indicator:     0.0
   Value of tmax indicator:         5.0

Task for patient = 105 with skills = {4,-1} and cost = 448.0
   Vehicle #0 = 30, leaving at = 640.0
   Vehicle #1 = -1, leaving at = inf
   Increment on distance indicator: 16.0
   Increment on tard indicator:     0.0
   Value of tmax indicator:         16.0

Task for patient = 41 with skills = {1,4} and cost = 449.7
   Vehicle #0 = 8, leaving at = 759.0
   Vehicle #1 = 29, leaving at = 753.0
   Increment on distance indicator: 5.0
   Increment on tard indicator:     0.0
   Value of tmax indicator:         5.0

Task for patient = 125 with skills = {0,4} and cost = 451.7
   Vehicle #0 = 3, leaving at = 847.0
   Vehicle #1 = 31, leaving at = 820.0
   Increment on distance indicator: 6.0
   Increment on tard indicator:     0.0
   Value of tmax indicator:         6.0

Task for patient = 8 with skills = {0,-1} and cost = 453.3
   Vehicle #0 = 13, leaving at = 599.0
   Vehicle #1 = -1, leaving at = inf
   Increment on distance indicator: 5.0
   Increment on tard indicator:     0.0
   Value of tmax indicator:         5.0

Task for patient = 157 with skills = {3,-1} and cost = 343.0
   Vehicle #0 = 26, leaving at = 761.0
   Vehicle #1 = -1, leaving at = inf
   Increment on distance indicator: 4.0
   Increment on tard indicator:     0.0
   Value of tmax indicator:         4.0

Task for patient = 139 with skills = {0,-1} and cost = 456.7
   Vehicle #0 = 10, leaving at = 750.0
   Vehicle #1 = -1, leaving at = inf
   Increment on distance indicator: 3.0
   Increment on tard indicator:     0.0
   Value of tmax indicator:         3.0

Task for patient = 68 with skills = {0,-1} and cost = 461.0
   Vehicle #0 = 13, leaving at = 629.0
   Vehicle #1 = -1, leaving at = inf
   Increment on distance indicator: 13.0
   Increment on tard indicator:     0.0
   Value of tmax indicator:         13.0

Task for patient = 174 with skills = {1,-1} and cost = 462.0
   Vehicle #0 = 7, leaving at = 836.0
   Vehicle #1 = -1, leaving at = inf
   Increment on distance indicator: 3.0
   Increment on tard indicator:     0.0
   Value of tmax indicator:         3.0

Task for patient = 65 with skills = {1,-1} and cost = 463.0
   Vehicle #0 = 4, leaving at = 796.0
   Vehicle #1 = -1, leaving at = inf
   Increment on distance indicator: 3.0
   Increment on tard indicator:     0.0
   Value of tmax indicator:         3.0

Task for patient = 176 with skills = {1,5} and cost = 468.3
   Vehicle #0 = 2, leaving at = 816.0
   Vehicle #1 = 22, leaving at = 853.0
   Increment on distance indicator: 16.0
   Increment on tard indicator:     0.0
   Value of tmax indicator:         16.0

Task for patient = 141 with skills = {0,4} and cost = 471.0
   Vehicle #0 = 10, leaving at = 815.0
   Vehicle #1 = 26, leaving at = 793.0
   Increment on distance indicator: 8.0
   Increment on tard indicator:     0.0
   Value of tmax indicator:         8.0

Task for patient = 116 with skills = {5,-1} and cost = 476.3
   Vehicle #0 = 20, leaving at = 866.0
   Vehicle #1 = -1, leaving at = inf
   Increment on distance indicator: 3.0
   Increment on tard indicator:     0.0
   Value of tmax indicator:         3.0

Task for patient = 27 with skills = {5,-1} and cost = 477.7
   Vehicle #0 = 25, leaving at = 814.0
   Vehicle #1 = -1, leaving at = inf
   Increment on distance indicator: 4.0
   Increment on tard indicator:     0.0
   Value of tmax indicator:         4.0

Task for patient = 135 with skills = {4,-1} and cost = 482.0
   Vehicle #0 = 30, leaving at = 745.0
   Vehicle #1 = -1, leaving at = inf
   Increment on distance indicator: 13.0
   Increment on tard indicator:     0.0
   Value of tmax indicator:         13.0

Task for patient = 81 with skills = {3,-1} and cost = 483.7
   Vehicle #0 = 34, leaving at = 759.0
   Vehicle #1 = -1, leaving at = inf
   Increment on distance indicator: 5.0
   Increment on tard indicator:     0.0
   Value of tmax indicator:         5.0

Task for patient = 95 with skills = {2,-1} and cost = 490.7
   Vehicle #0 = 0, leaving at = 664.0
   Vehicle #1 = -1, leaving at = inf
   Increment on distance indicator: 15.0
   Increment on tard indicator:     0.0
   Value of tmax indicator:         15.0

Task for patient = 61 with skills = {4,-1} and cost = 455.7
   Vehicle #0 = 30, leaving at = 685.0
   Vehicle #1 = -1, leaving at = inf
   Increment on distance indicator: 7.0
   Increment on tard indicator:     0.0
   Value of tmax indicator:         7.0

Task for patient = 200 with skills = {3,-1} and cost = 343.7
   Vehicle #0 = 31, leaving at = 676.0
   Vehicle #1 = -1, leaving at = inf
   Increment on distance indicator: 2.0
   Increment on tard indicator:     0.0
   Value of tmax indicator:         2.0

Task for patient = 57 with skills = {0,-1} and cost = 345.0
   Vehicle #0 = 5, leaving at = 689.0
   Vehicle #1 = -1, leaving at = inf
   Increment on distance indicator: 4.0
   Increment on tard indicator:     0.0
   Value of tmax indicator:         4.0

Task for patient = 13 with skills = {0,5} and cost = 346.7
   Vehicle #0 = 7, leaving at = 753.0
   Vehicle #1 = 25, leaving at = 776.0
   Increment on distance indicator: 5.0
   Increment on tard indicator:     0.0
   Value of tmax indicator:         5.0

Task for patient = 156 with skills = {4,-1} and cost = 347.3
   Vehicle #0 = 29, leaving at = 731.0
   Vehicle #1 = -1, leaving at = inf
   Increment on distance indicator: 2.0
   Increment on tard indicator:     0.0
   Value of tmax indicator:         2.0

Task for patient = 171 with skills = {4,-1} and cost = 348.7
   Vehicle #0 = 31, leaving at = 728.0
   Vehicle #1 = -1, leaving at = inf
   Increment on distance indicator: 4.0
   Increment on tard indicator:     0.0
   Value of tmax indicator:         4.0

Task for patient = 50 with skills = {5,-1} and cost = 360.7
   Vehicle #0 = 34, leaving at = 514.0
   Vehicle #1 = -1, leaving at = inf
   Increment on distance indicator: 36.0
   Increment on tard indicator:     0.0
   Value of tmax indicator:         36.0

Task for patient = 17 with skills = {3,-1} and cost = 362.0
   Vehicle #0 = 34, leaving at = 558.0
   Vehicle #1 = -1, leaving at = inf
   Increment on distance indicator: 4.0
   Increment on tard indicator:     0.0
   Value of tmax indicator:         4.0

Task for patient = 149 with skills = {5,-1} and cost = 363.0
   Vehicle #0 = 21, leaving at = 688.0
   Vehicle #1 = -1, leaving at = inf
   Increment on distance indicator: 3.0
   Increment on tard indicator:     0.0
   Value of tmax indicator:         3.0

Task for patient = 136 with skills = {0,-1} and cost = 363.3
   Vehicle #0 = 6, leaving at = 780.0
   Vehicle #1 = -1, leaving at = inf
   Increment on distance indicator: 1.0
   Increment on tard indicator:     0.0
   Value of tmax indicator:         1.0

Task for patient = 80 with skills = {2,-1} and cost = 365.3
   Vehicle #0 = 3, leaving at = 758.0
   Vehicle #1 = -1, leaving at = inf
   Increment on distance indicator: 6.0
   Increment on tard indicator:     0.0
   Value of tmax indicator:         6.0

Task for patient = 11 with skills = {4,-1} and cost = 366.3
   Vehicle #0 = 23, leaving at = 804.0
   Vehicle #1 = -1, leaving at = inf
   Increment on distance indicator: 3.0
   Increment on tard indicator:     0.0
   Value of tmax indicator:         3.0

Task for patient = 92 with skills = {5,-1} and cost = 416.7
   Vehicle #0 = 31, leaving at = 758.0
   Vehicle #1 = -1, leaving at = inf
   Increment on distance indicator: 4.0
   Increment on tard indicator:     0.0
   Value of tmax indicator:         4.0

Task for patient = 47 with skills = {3,-1} and cost = 369.3
   Vehicle #0 = 34, leaving at = 670.0
   Vehicle #1 = -1, leaving at = inf
   Increment on distance indicator: 6.0
   Increment on tard indicator:     0.0
   Value of tmax indicator:         6.0

Task for patient = 69 with skills = {4,-1} and cost = 370.0
   Vehicle #0 = 23, leaving at = 830.0
   Vehicle #1 = -1, leaving at = inf
   Increment on distance indicator: 2.0
   Increment on tard indicator:     0.0
   Value of tmax indicator:         2.0

Task for patient = 32 with skills = {0,-1} and cost = 372.0
   Vehicle #0 = 5, leaving at = 754.0
   Vehicle #1 = -1, leaving at = inf
   Increment on distance indicator: 6.0
   Increment on tard indicator:     0.0
   Value of tmax indicator:         6.0

Task for patient = 100 with skills = {0,4} and cost = 394.7
   Vehicle #0 = 12, leaving at = 534.0
   Vehicle #1 = 30, leaving at = 533.0
   Increment on distance indicator: 68.0
   Increment on tard indicator:     0.0
   Value of tmax indicator:         68.0

Task for patient = 172 with skills = {3,-1} and cost = 407.7
   Vehicle #0 = 32, leaving at = 512.0
   Vehicle #1 = -1, leaving at = inf
   Increment on distance indicator: 39.0
   Increment on tard indicator:     0.0
   Value of tmax indicator:         39.0

Task for patient = 173 with skills = {4,-1} and cost = 409.0
   Vehicle #0 = 34, leaving at = 698.0
   Vehicle #1 = -1, leaving at = inf
   Increment on distance indicator: 4.0
   Increment on tard indicator:     0.0
   Value of tmax indicator:         4.0

Task for patient = 30 with skills = {4,-1} and cost = 409.3
   Vehicle #0 = 28, leaving at = 795.0
   Vehicle #1 = -1, leaving at = inf
   Increment on distance indicator: 1.0
   Increment on tard indicator:     0.0
   Value of tmax indicator:         1.0

Task for patient = 60 with skills = {2,-1} and cost = 411.0
   Vehicle #0 = 12, leaving at = 663.0
   Vehicle #1 = -1, leaving at = inf
   Increment on distance indicator: 5.0
   Increment on tard indicator:     0.0
   Value of tmax indicator:         5.0

Task for patient = 22 with skills = {4,-1} and cost = 411.3
   Vehicle #0 = 20, leaving at = 746.0
   Vehicle #1 = -1, leaving at = inf
   Increment on distance indicator: 1.0
   Increment on tard indicator:     0.0
   Value of tmax indicator:         1.0

Task for patient = 9 with skills = {2,-1} and cost = 412.0
   Vehicle #0 = 4, leaving at = 760.0
   Vehicle #1 = -1, leaving at = inf
   Increment on distance indicator: 2.0
   Increment on tard indicator:     0.0
   Value of tmax indicator:         2.0

Task for patient = 114 with skills = {2,-1} and cost = 414.3
   Vehicle #0 = 12, leaving at = 692.0
   Vehicle #1 = -1, leaving at = inf
   Increment on distance indicator: 7.0
   Increment on tard indicator:     0.0
   Value of tmax indicator:         7.0

Task for patient = 82 with skills = {1,3} and cost = 415.3
   Vehicle #0 = 6, leaving at = 855.0
   Vehicle #1 = 24, leaving at = 849.0
   Increment on distance indicator: 3.0
   Increment on tard indicator:     0.0
   Value of tmax indicator:         3.0

Task for patient = 19 with skills = {5,-1} and cost = 367.3
   Vehicle #0 = 34, leaving at = 604.0
   Vehicle #1 = -1, leaving at = inf
   Increment on distance indicator: 3.0
   Increment on tard indicator:     0.0
   Value of tmax indicator:         3.0


Unused vehicle list: 9 14 15 16 17 18 19 33 35 36 37 38 39 (total = 13 out of 40)

---
Search finished.
Total of 1900 generations in 280.9 seconds.
Exchange elite runs: 23
Implicit path relinking runs: 10
Reset attempts: 1

Best solution found:
   Cost: 949.7
   Total travel time: 2843.0
   Total tardiness time: 4.0
   Largest tardiness: 2.0


949.7
