This host is: panku
--- BRKGA-MP-IPR for HHCRSP ---
Instance: new-dataset/instances-75/HHCRSP_75_15_84_0.8_R_RC.txt
Seed: 13

Reading data... Problem contains 75 patients  and 15 caregivers.

Summary of supply x demand for each service type:
Skill 0 has supply = 4 and demand = 19, ratio = 0.210526
Skill 1 has supply = 5 and demand = 20, ratio = 0.25
Skill 2 has supply = 5 and demand = 12, ratio = 0.416667
Skill 3 has supply = 3 and demand = 11, ratio = 0.272727
Skill 4 has supply = 6 and demand = 17, ratio = 0.352941
Skill 5 has supply = 5 and demand = 20, ratio = 0.25

Reading parameters...
Inferred distance function by PR type: kendall-tau
Building BRKGA data and initializing...
Evolving 1900 generations...

  Gens  Rem    Local   ElDiv NoImpr             Best solution            Time  Op
                                       Cost     Dist    Tard    TMax 
*    0 1900  2448.00  255.52      0  2448.00  1895.00  5100.0   349.0     0.0    
*    2 1898  2123.33  200.57      0  2123.33  1831.00  3804.0   290.0     0.1    
*    3 1897  1975.00  192.65      0  1975.00  1742.00  2944.0   342.0     0.2    
*    4 1896  1676.00  180.14      0  1676.00  1773.00  2706.0   428.0     0.2    
*    5 1895  1635.67  166.69      0  1635.67  1735.00  2032.0   148.0     0.3    
*    6 1894  1305.00  155.37      0  1305.00  1735.00  2032.0   148.0     0.3    
*    9 1891  1062.00  112.71      0  1062.00  1823.00  1010.0   184.0     0.4    
*   10 1890  1005.67  110.67      0  1005.67  1767.00   590.0   186.0     0.5    
*   11 1889   847.67   96.35      0   847.67  1767.00   590.0   186.0     0.5    
*   13 1887   751.00   71.82      0   751.00  1821.00   323.0    69.0     0.6    
*   14 1886   737.67   69.09      0   737.67  1742.00   308.0   112.0     0.6    
*   15 1885   720.67   61.37      0   720.67  1694.00   196.0    64.0     0.7    
*   16 1884   651.33   53.91      0   651.33  1791.00    57.0    14.0     0.7    
*   17 1883   620.67   52.22      0   620.67  1565.00    64.0    32.0     0.8    
*   18 1882   553.67   50.14      0   553.67  1565.00    64.0    32.0     0.8    

  Gens  Rem    Local   ElDiv NoImpr             Best solution            Time  Op
                                       Cost     Dist    Tard    TMax 
*   23 1877   546.00   27.77      0   546.00  1634.00     2.0     2.0     1.0    
*   27 1873   534.67   18.00      0   534.67  1602.00     1.0     1.0     1.2    
*   30 1870   524.00   12.03      0   524.00  1572.00     0.0     0.0     1.3    
*   32 1868   506.33   10.64      0   506.33  1512.00     4.0     3.0     1.4    
*   34 1866   504.00   10.14      0   504.00  1502.00     6.0     4.0     1.5    
*   39 1861   501.33    8.58      0   501.33  1500.00     0.0     0.0     1.7    
*   40 1860   500.00    8.18      0   500.00  1500.00     0.0     0.0     1.7    
*   42 1858   488.67    8.07      0   488.67  1431.00    19.0    16.0     1.8    
*   50 1850   478.00    6.74      0   478.00  1432.00     1.0     1.0     2.1    
*   52 1848   477.00    6.98      0   477.00  1431.00     0.0     0.0     2.2    
*   55 1845   476.00    7.59      0   476.00  1428.00     0.0     0.0     2.3    
*   58 1842   474.00    7.84      0   474.00  1411.00     0.0     0.0     2.5    
*   59 1841   470.33    7.81      0   470.33  1389.00     0.0     0.0     2.5    
*   60 1840   463.00    8.11      0   463.00  1389.00     0.0     0.0     2.5    
*   72 1828   460.33    9.18      0   460.33  1351.00    14.0     9.0     3.0    
*   73 1827   458.00   10.01      0   458.00  1351.00    14.0     9.0     3.0    

  Gens  Rem    Local   ElDiv NoImpr             Best solution            Time  Op
                                       Cost     Dist    Tard    TMax 
*   75 1825   456.33   10.41      0   456.33  1364.00     3.0     2.0     3.1    
*   79 1821   454.67   11.00      0   454.67  1348.00     8.0     8.0     3.3    
    80 1820   443.00    9.30      0   454.67  1348.00     8.0     8.0     3.3   X
*   81 1819   443.00    9.48      0   443.00  1327.00     1.0     1.0     3.4    
*   87 1813   436.00   10.02      0   436.00  1304.00     2.0     2.0     3.6    
*   93 1807   435.33    8.81      0   435.33  1304.00     1.0     1.0     3.9    
*   95 1805   433.67    8.03      0   433.67  1287.00     7.0     7.0     3.9    
   100 1800   433.67    6.03      5   433.67  1287.00     7.0     7.0     4.1    
*  102 1798   433.00    5.44      0   433.00  1297.00     1.0     1.0     4.2    
*  104 1796   432.00    4.88      0   432.00  1291.00     3.0     2.0     4.3    
*  115 1785   428.00    3.50      0   428.00  1282.00     1.0     1.0     4.8    
*  121 1779   425.67    3.37      0   425.67  1275.00     1.0     1.0     5.0    
*  125 1775   425.33    3.29      0   425.33  1274.00     1.0     1.0     5.2    
*  127 1773   422.33    3.62      0   422.33  1262.00     3.0     2.0     5.2    
*  130 1770   421.33    3.94      0   421.33  1261.00     2.0     1.0     5.4    
*  132 1768   418.33    4.08      0   418.33  1251.00     2.0     2.0     5.4    

  Gens  Rem    Local   ElDiv NoImpr             Best solution            Time  Op
                                       Cost     Dist    Tard    TMax 
*  134 1766   417.00    4.37      0   417.00  1249.00     1.0     1.0     5.5    
*  139 1761   416.33    4.32      0   416.33  1247.00     1.0     1.0     5.7    
*  141 1759   414.00    4.16      0   414.00  1240.00     1.0     1.0     5.8    
*  146 1754   412.33    3.83      0   412.33  1231.00     1.0     1.0     6.0    
*  147 1753   411.00    3.93      0   411.00  1231.00     1.0     1.0     6.0    
   150 1750   411.00    4.21      3   411.00  1231.00     1.0     1.0     6.2    
*  151 1749   410.00    4.21      0   410.00  1226.00     1.0     1.0     6.2    
*  152 1748   409.33    4.39      0   409.33  1226.00     1.0     1.0     6.2    
*  155 1745   409.00    4.67      0   409.00  1225.00     1.0     1.0     6.4    
*  157 1743   408.33    4.77      0   408.33  1223.00     0.0     0.0     6.4    
*  158 1742   407.67    4.76      0   407.67  1223.00     0.0     0.0     6.5    
   160 1740   406.67    0.51      0   407.67  1223.00     0.0     0.0     6.6   X
*  161 1739   406.67    0.50      0   406.67  1220.00     0.0     0.0     6.6    
*  173 1727   406.00    0.28      0   406.00  1216.00     1.0     1.0     7.1    
Path relinking result: elite improvement.
   180 1720   406.00    0.28      8   406.00  1216.00     1.0     1.0     7.4   P
*  186 1714   405.67    0.29      0   405.67  1215.00     1.0     1.0     7.6    

  Gens  Rem    Local   ElDiv NoImpr             Best solution            Time  Op
                                       Cost     Dist    Tard    TMax 
   200 1700   405.67    0.28     14   405.67  1215.00     1.0     1.0     8.2    
*  221 1679   405.33    0.32      0   405.33  1214.00     1.0     1.0     9.1    
   240 1660   404.67    0.17      0   405.33  1214.00     1.0     1.0     9.8   X
*  241 1659   404.67    0.16      0   404.67  1212.00     1.0     1.0     9.8    
*  244 1656   404.33    0.14      0   404.33  1211.00     1.0     1.0    10.0    
   250 1650   404.33    0.34      6   404.33  1211.00     1.0     1.0    10.2    
   300 1600   404.33    0.00     56   404.33  1211.00     1.0     1.0    12.2    
   320 1580   404.33    0.00     77   404.33  1211.00     1.0     1.0    13.0   X
   350 1550   404.33    0.00    106   404.33  1211.00     1.0     1.0    14.3    
Path relinking result: no improvement.
   360 1540   404.33    0.00    117   404.33  1211.00     1.0     1.0    14.7   P
   400 1500   404.33    0.00    156   404.33  1211.00     1.0     1.0    16.3    
   400 1500   404.33    0.00    157   404.33  1211.00     1.0     1.0    16.3   X
   450 1450   404.33    0.00    206   404.33  1211.00     1.0     1.0    18.3    
   480 1420   404.33    0.00    237   404.33  1211.00     1.0     1.0    19.5   X
   500 1400   404.33    0.00    256   404.33  1211.00     1.0     1.0    20.3    
Path relinking result: no improvement.
   540 1360   404.33    0.00    297   404.33  1211.00     1.0     1.0    21.9   P

  Gens  Rem    Local   ElDiv NoImpr             Best solution            Time  Op
                                       Cost     Dist    Tard    TMax 
   550 1350   404.33    0.00    306   404.33  1211.00     1.0     1.0    22.3    
   560 1340   404.33    0.00    317   404.33  1211.00     1.0     1.0    22.7   X
   600 1300   404.33    0.00    356   404.33  1211.00     1.0     1.0    24.3    
   640 1260   404.33    0.00    397   404.33  1211.00     1.0     1.0    25.9   X
   650 1250   404.33    0.00    406   404.33  1211.00     1.0     1.0    26.3    
   700 1200   404.33    0.00    456   404.33  1211.00     1.0     1.0    28.3    
Path relinking result: no improvement.
   720 1180   404.33    0.00    477   404.33  1211.00     1.0     1.0    29.1  PX
   750 1150   404.33    0.00    506   404.33  1211.00     1.0     1.0    30.3    
   800 1100   404.33    0.00    556   404.33  1211.00     1.0     1.0    32.3    
   800 1100   404.33    0.00    557   404.33  1211.00     1.0     1.0    32.3   X
   850 1050   404.33    0.00    606   404.33  1211.00     1.0     1.0    34.3    
   880 1020   404.33    0.00    637   404.33  1211.00     1.0     1.0    35.5   X
   900 1000   404.33    0.00    656   404.33  1211.00     1.0     1.0    36.3    
Path relinking result: no improvement.
   900 1000   404.33    0.00    657   404.33  1211.00     1.0     1.0    36.3   P
   943  957      inf  303.04      0   404.33  1211.00     1.0     1.0    38.1   R
   944  956  2199.33  264.17      0   404.33  1211.00     1.0     1.0    38.1    

  Gens  Rem    Local   ElDiv NoImpr             Best solution            Time  Op
                                       Cost     Dist    Tard    TMax 
   950  950  1337.33  154.49      2   404.33  1211.00     1.0     1.0    38.3    
   960  940   665.33   40.78      1   404.33  1211.00     1.0     1.0    38.7   X
  1000  900   464.00    8.50      0   404.33  1211.00     1.0     1.0    40.4    
  1040  860   426.67    7.17      0   404.33  1211.00     1.0     1.0    42.0   X
  1050  850   421.00    8.90      3   404.33  1211.00     1.0     1.0    42.4    
Path relinking result: elite improvement.
  1080  820   409.67    4.97      1   404.33  1211.00     1.0     1.0    43.6   P
  1100  800   409.00    2.74      1   404.33  1211.00     1.0     1.0    44.4    
  1120  780   406.00    0.74     10   404.33  1211.00     1.0     1.0    45.2   X
  1150  750   405.00    0.02      3   404.33  1211.00     1.0     1.0    46.4    
  1200  700   405.00    0.17     53   404.33  1211.00     1.0     1.0    48.5    
  1200  700   405.00    0.09     54   404.33  1211.00     1.0     1.0    48.5   X
  1250  650   404.67    0.00     47   404.33  1211.00     1.0     1.0    50.5    
Path relinking result: no improvement.
  1260  640   404.67    0.00     58   404.33  1211.00     1.0     1.0    50.9   P
  1280  620   404.67    0.00     78   404.33  1211.00     1.0     1.0    51.7   X
  1300  600   404.67    0.00     97   404.33  1211.00     1.0     1.0    52.5    
  1350  550   404.67    0.00    147   404.33  1211.00     1.0     1.0    54.6    

  Gens  Rem    Local   ElDiv NoImpr             Best solution            Time  Op
                                       Cost     Dist    Tard    TMax 
  1360  540   404.67    0.00    158   404.33  1211.00     1.0     1.0    55.0   X
  1400  500   404.67    0.00    197   404.33  1211.00     1.0     1.0    56.6    
Path relinking result: no improvement.
  1440  460   404.67    0.00    238   404.33  1211.00     1.0     1.0    58.2  PX
  1450  450   404.67    0.00    247   404.33  1211.00     1.0     1.0    58.6    
  1500  400   404.67    0.00    297   404.33  1211.00     1.0     1.0    60.6    
  1520  380   404.67    0.00    318   404.33  1211.00     1.0     1.0    61.4   X
  1550  350   404.67    0.00    347   404.33  1211.00     1.0     1.0    62.6    
  1600  300   404.67    0.00    397   404.33  1211.00     1.0     1.0    64.6    
  1600  300   404.67    0.00    398   404.33  1211.00     1.0     1.0    64.6   X
Path relinking result: no improvement.
  1620  280   404.67    0.00    418   404.33  1211.00     1.0     1.0    65.4   P
  1650  250   404.67    0.00    447   404.33  1211.00     1.0     1.0    66.6    
  1680  220   404.67    0.00    478   404.33  1211.00     1.0     1.0    67.8   X
  1700  200   404.67    0.00    497   404.33  1211.00     1.0     1.0    68.6    
  1750  150   404.67    0.00    547   404.33  1211.00     1.0     1.0    70.6    
  1760  140   404.67    0.00    558   404.33  1211.00     1.0     1.0    71.0   X
  1800  100   404.67    0.00    597   404.33  1211.00     1.0     1.0    72.6    
Path relinking result: no improvement.

  Gens  Rem    Local   ElDiv NoImpr             Best solution            Time  Op
                                       Cost     Dist    Tard    TMax 
  1800  100   404.67    0.00    598   404.33  1211.00     1.0     1.0    72.6   P
  1840   60   404.67    0.00    638   404.33  1211.00     1.0     1.0    74.2   X
  1850   50   404.67    0.00    647   404.33  1211.00     1.0     1.0    74.6    
  1900    0   404.67    0.00    697   404.33  1211.00     1.0     1.0    76.6    
Evolutionary process finished.
Solution written to 'solution-27769.txt'.

Sorted sequence of worst to best tardiness value:
Task for patient = 26 with skills = {2,-1} and cost = 237.3
   Vehicle #0 = 0, leaving at = 844.0
   Vehicle #1 = -1, leaving at = inf
   Increment on distance indicator: 14.0
   Increment on tard indicator:     0.0
   Value of tmax indicator:         14.0

Task for patient = 2 with skills = {5,-1} and cost = 232.7
   Vehicle #0 = 8, leaving at = 940.0
   Vehicle #1 = -1, leaving at = inf
   Increment on distance indicator: 8.0
   Increment on tard indicator:     0.0
   Value of tmax indicator:         8.0

Task for patient = 18 with skills = {2,-1} and cost = 230.0
   Vehicle #0 = 0, leaving at = 812.0
   Vehicle #1 = -1, leaving at = inf
   Increment on distance indicator: 6.0
   Increment on tard indicator:     0.0
   Value of tmax indicator:         6.0

Task for patient = 44 with skills = {3,-1} and cost = 228.0
   Vehicle #0 = 12, leaving at = 912.0
   Vehicle #1 = -1, leaving at = inf
   Increment on distance indicator: 21.0
   Increment on tard indicator:     0.0
   Value of tmax indicator:         21.0

Task for patient = 48 with skills = {1,4} and cost = 221.0
   Vehicle #0 = 4, leaving at = 925.0
   Vehicle #1 = 14, leaving at = 934.0
   Increment on distance indicator: 11.0
   Increment on tard indicator:     0.0
   Value of tmax indicator:         11.0

Task for patient = 8 with skills = {0,-1} and cost = 217.3
   Vehicle #0 = 1, leaving at = 1002.0
   Vehicle #1 = -1, leaving at = inf
   Increment on distance indicator: 8.0
   Increment on tard indicator:     0.0
   Value of tmax indicator:         8.0

Task for patient = 71 with skills = {5,-1} and cost = 214.7
   Vehicle #0 = 13, leaving at = 901.0
   Vehicle #1 = -1, leaving at = inf
   Increment on distance indicator: 6.0
   Increment on tard indicator:     0.0
   Value of tmax indicator:         6.0

Task for patient = 24 with skills = {5,-1} and cost = 212.7
   Vehicle #0 = 11, leaving at = 816.0
   Vehicle #1 = -1, leaving at = inf
   Increment on distance indicator: 8.0
   Increment on tard indicator:     0.0
   Value of tmax indicator:         8.0

Task for patient = 1 with skills = {4,-1} and cost = 318.3
   Vehicle #0 = 11, leaving at = 1090.0
   Vehicle #1 = -1, leaving at = inf
   Increment on distance indicator: 2.0
   Increment on tard indicator:     0.0
   Value of tmax indicator:         2.0

Task for patient = 43 with skills = {1,3} and cost = 207.7
   Vehicle #0 = 6, leaving at = 828.0
   Vehicle #1 = 12, leaving at = 839.0
   Increment on distance indicator: 20.0
   Increment on tard indicator:     0.0
   Value of tmax indicator:         20.0

Task for patient = 9 with skills = {1,3} and cost = 201.0
   Vehicle #0 = 1, leaving at = 936.0
   Vehicle #1 = 8, leaving at = 907.0
   Increment on distance indicator: 10.0
   Increment on tard indicator:     0.0
   Value of tmax indicator:         10.0

Task for patient = 12 with skills = {0,4} and cost = 197.7
   Vehicle #0 = 5, leaving at = 908.0
   Vehicle #1 = 10, leaving at = 926.0
   Increment on distance indicator: 14.0
   Increment on tard indicator:     0.0
   Value of tmax indicator:         14.0

Task for patient = 6 with skills = {1,3} and cost = 193.0
   Vehicle #0 = 6, leaving at = 770.0
   Vehicle #1 = 12, leaving at = 800.0
   Increment on distance indicator: 11.0
   Increment on tard indicator:     0.0
   Value of tmax indicator:         11.0

Task for patient = 65 with skills = {2,-1} and cost = 189.3
   Vehicle #0 = 0, leaving at = 776.0
   Vehicle #1 = -1, leaving at = inf
   Increment on distance indicator: 4.0
   Increment on tard indicator:     0.0
   Value of tmax indicator:         4.0

Task for patient = 50 with skills = {2,-1} and cost = 188.0
   Vehicle #0 = 4, leaving at = 706.0
   Vehicle #1 = -1, leaving at = inf
   Increment on distance indicator: 6.0
   Increment on tard indicator:     0.0
   Value of tmax indicator:         6.0

Task for patient = 19 with skills = {0,4} and cost = 186.0
   Vehicle #0 = 5, leaving at = 845.0
   Vehicle #1 = 10, leaving at = 850.0
   Increment on distance indicator: 23.0
   Increment on tard indicator:     0.0
   Value of tmax indicator:         23.0

Task for patient = 55 with skills = {4,-1} and cost = 178.3
   Vehicle #0 = 11, leaving at = 763.0
   Vehicle #1 = -1, leaving at = inf
   Increment on distance indicator: 3.0
   Increment on tard indicator:     0.0
   Value of tmax indicator:         3.0

Task for patient = 21 with skills = {4,-1} and cost = 210.0
   Vehicle #0 = 7, leaving at = 958.0
   Vehicle #1 = -1, leaving at = inf
   Increment on distance indicator: 7.0
   Increment on tard indicator:     0.0
   Value of tmax indicator:         7.0

Task for patient = 30 with skills = {1,-1} and cost = 317.7
   Vehicle #0 = 3, leaving at = 1007.0
   Vehicle #1 = -1, leaving at = inf
   Increment on distance indicator: 11.0
   Increment on tard indicator:     0.0
   Value of tmax indicator:         11.0

Task for patient = 54 with skills = {2,4} and cost = 314.0
   Vehicle #0 = 2, leaving at = 1063.0
   Vehicle #1 = 12, leaving at = 1056.0
   Increment on distance indicator: 36.0
   Increment on tard indicator:     0.0
   Value of tmax indicator:         36.0

Task for patient = 45 with skills = {0,5} and cost = 302.0
   Vehicle #0 = 6, leaving at = 1076.0
   Vehicle #1 = 8, leaving at = 1112.0
   Increment on distance indicator: 18.0
   Increment on tard indicator:     0.0
   Value of tmax indicator:         18.0

Task for patient = 62 with skills = {0,-1} and cost = 296.0
   Vehicle #0 = 5, leaving at = 1011.0
   Vehicle #1 = -1, leaving at = inf
   Increment on distance indicator: 5.0
   Increment on tard indicator:     0.0
   Value of tmax indicator:         5.0

Task for patient = 57 with skills = {1,4} and cost = 294.3
   Vehicle #0 = 1, leaving at = 1056.0
   Vehicle #1 = 11, leaving at = 1034.0
   Increment on distance indicator: 21.0
   Increment on tard indicator:     0.0
   Value of tmax indicator:         21.0

Task for patient = 35 with skills = {0,-1} and cost = 287.3
   Vehicle #0 = 6, leaving at = 1036.0
   Vehicle #1 = -1, leaving at = inf
   Increment on distance indicator: 10.0
   Increment on tard indicator:     0.0
   Value of tmax indicator:         10.0

Task for patient = 28 with skills = {2,-1} and cost = 284.0
   Vehicle #0 = 0, leaving at = 869.0
   Vehicle #1 = -1, leaving at = inf
   Increment on distance indicator: 8.0
   Increment on tard indicator:     0.0
   Value of tmax indicator:         8.0

Task for patient = 70 with skills = {1,-1} and cost = 281.3
   Vehicle #0 = 6, leaving at = 966.0
   Vehicle #1 = -1, leaving at = inf
   Increment on distance indicator: 14.0
   Increment on tard indicator:     0.0
   Value of tmax indicator:         14.0

Task for patient = 73 with skills = {4,-1} and cost = 239.3
   Vehicle #0 = 13, leaving at = 935.0
   Vehicle #1 = -1, leaving at = inf
   Increment on distance indicator: 6.0
   Increment on tard indicator:     0.0
   Value of tmax indicator:         6.0

Task for patient = 4 with skills = {3,-1} and cost = 269.3
   Vehicle #0 = 9, leaving at = 1031.0
   Vehicle #1 = -1, leaving at = inf
   Increment on distance indicator: 6.0
   Increment on tard indicator:     0.0
   Value of tmax indicator:         6.0

Task for patient = 47 with skills = {5,-1} and cost = 267.3
   Vehicle #0 = 11, leaving at = 1001.0
   Vehicle #1 = -1, leaving at = inf
   Increment on distance indicator: 5.0
   Increment on tard indicator:     0.0
   Value of tmax indicator:         5.0

Task for patient = 17 with skills = {0,-1} and cost = 265.7
   Vehicle #0 = 5, leaving at = 965.0
   Vehicle #1 = -1, leaving at = inf
   Increment on distance indicator: 7.0
   Increment on tard indicator:     0.0
   Value of tmax indicator:         7.0

Task for patient = 46 with skills = {1,-1} and cost = 263.3
   Vehicle #0 = 4, leaving at = 1063.0
   Vehicle #1 = -1, leaving at = inf
   Increment on distance indicator: 3.0
   Increment on tard indicator:     0.0
   Value of tmax indicator:         3.0

Task for patient = 11 with skills = {2,-1} and cost = 262.3
   Vehicle #0 = 3, leaving at = 955.0
   Vehicle #1 = -1, leaving at = inf
   Increment on distance indicator: 7.0
   Increment on tard indicator:     0.0
   Value of tmax indicator:         7.0

Task for patient = 33 with skills = {1,-1} and cost = 260.0
   Vehicle #0 = 4, leaving at = 1004.0
   Vehicle #1 = -1, leaving at = inf
   Increment on distance indicator: 4.0
   Increment on tard indicator:     0.0
   Value of tmax indicator:         4.0

Task for patient = 22 with skills = {0,4} and cost = 258.7
   Vehicle #0 = 6, leaving at = 920.0
   Vehicle #1 = 11, leaving at = 945.0
   Increment on distance indicator: 32.0
   Increment on tard indicator:     0.0
   Value of tmax indicator:         32.0

Task for patient = 59 with skills = {1,3} and cost = 248.0
   Vehicle #0 = 4, leaving at = 952.0
   Vehicle #1 = 9, leaving at = 968.0
   Increment on distance indicator: 12.0
   Increment on tard indicator:     0.0
   Value of tmax indicator:         12.0

Task for patient = 42 with skills = {0,-1} and cost = 244.0
   Vehicle #0 = 6, leaving at = 884.0
   Vehicle #1 = -1, leaving at = inf
   Increment on distance indicator: 14.0
   Increment on tard indicator:     0.0
   Value of tmax indicator:         14.0

Task for patient = 75 with skills = {0,3} and cost = 276.7
   Vehicle #0 = 2, leaving at = 990.0
   Vehicle #1 = 12, leaving at = 1014.0
   Increment on distance indicator: 22.0
   Increment on tard indicator:     0.0
   Value of tmax indicator:         22.0

Task for patient = 37 with skills = {0,-1} and cost = 101.7
   Vehicle #0 = 1, leaving at = 738.0
   Vehicle #1 = -1, leaving at = inf
   Increment on distance indicator: 4.0
   Increment on tard indicator:     0.0
   Value of tmax indicator:         4.0

Task for patient = 74 with skills = {4,-1} and cost = 100.3
   Vehicle #0 = 12, leaving at = 658.0
   Vehicle #1 = -1, leaving at = inf
   Increment on distance indicator: 11.0
   Increment on tard indicator:     0.0
   Value of tmax indicator:         11.0

Task for patient = 20 with skills = {5,-1} and cost = 96.7
   Vehicle #0 = 13, leaving at = 649.0
   Vehicle #1 = -1, leaving at = inf
   Increment on distance indicator: 10.0
   Increment on tard indicator:     0.0
   Value of tmax indicator:         10.0

Task for patient = 5 with skills = {5,-1} and cost = 93.3
   Vehicle #0 = 11, leaving at = 631.0
   Vehicle #1 = -1, leaving at = inf
   Increment on distance indicator: 15.0
   Increment on tard indicator:     0.0
   Value of tmax indicator:         15.0

Task for patient = 10 with skills = {5,-1} and cost = 88.3
   Vehicle #0 = 7, leaving at = 707.0
   Vehicle #1 = -1, leaving at = inf
   Increment on distance indicator: 17.0
   Increment on tard indicator:     0.0
   Value of tmax indicator:         17.0

Task for patient = 32 with skills = {2,5} and cost = 82.7
   Vehicle #0 = 1, leaving at = 717.0
   Vehicle #1 = 8, leaving at = 711.0
   Increment on distance indicator: 27.0
   Increment on tard indicator:     0.0
   Value of tmax indicator:         27.0

Task for patient = 38 with skills = {5,-1} and cost = 73.7
   Vehicle #0 = 11, leaving at = 557.0
   Vehicle #1 = -1, leaving at = inf
   Increment on distance indicator: 14.0
   Increment on tard indicator:     0.0
   Value of tmax indicator:         14.0

Task for patient = 49 with skills = {1,-1} and cost = 69.0
   Vehicle #0 = 2, leaving at = 738.0
   Vehicle #1 = -1, leaving at = inf
   Increment on distance indicator: 3.0
   Increment on tard indicator:     0.0
   Value of tmax indicator:         3.0

Task for patient = 61 with skills = {1,-1} and cost = 177.3
   Vehicle #0 = 6, leaving at = 718.0
   Vehicle #1 = -1, leaving at = inf
   Increment on distance indicator: 14.0
   Increment on tard indicator:     0.0
   Value of tmax indicator:         14.0

Task for patient = 63 with skills = {1,4} and cost = 57.3
   Vehicle #0 = 3, leaving at = 685.0
   Vehicle #1 = 10, leaving at = 688.0
   Increment on distance indicator: 6.0
   Increment on tard indicator:     0.0
   Value of tmax indicator:         6.0

Task for patient = 23 with skills = {0,5} and cost = 55.3
   Vehicle #0 = 5, leaving at = 556.0
   Vehicle #1 = 8, leaving at = 576.0
   Increment on distance indicator: 14.0
   Increment on tard indicator:     0.0
   Value of tmax indicator:         14.0

Task for patient = 15 with skills = {1,4} and cost = 50.7
   Vehicle #0 = 3, leaving at = 607.0
   Vehicle #1 = 10, leaving at = 626.0
   Increment on distance indicator: 22.0
   Increment on tard indicator:     0.0
   Value of tmax indicator:         22.0

Task for patient = 64 with skills = {0,5} and cost = 43.3
   Vehicle #0 = 2, leaving at = 696.0
   Vehicle #1 = 7, leaving at = 673.0
   Increment on distance indicator: 12.0
   Increment on tard indicator:     0.0
   Value of tmax indicator:         12.0

Task for patient = 34 with skills = {0,-1} and cost = 39.3
   Vehicle #0 = 2, leaving at = 633.0
   Vehicle #1 = -1, leaving at = inf
   Increment on distance indicator: 2.0
   Increment on tard indicator:     0.0
   Value of tmax indicator:         2.0

Task for patient = 13 with skills = {2,-1} and cost = 38.7
   Vehicle #0 = 2, leaving at = 581.0
   Vehicle #1 = -1, leaving at = inf
   Increment on distance indicator: 3.0
   Increment on tard indicator:     0.0
   Value of tmax indicator:         3.0

Task for patient = 51 with skills = {0,5} and cost = 37.7
   Vehicle #0 = 2, leaving at = 552.0
   Vehicle #1 = 7, leaving at = 568.0
   Increment on distance indicator: 42.0
   Increment on tard indicator:     0.0
   Value of tmax indicator:         42.0

Task for patient = 52 with skills = {1,-1} and cost = 23.7
   Vehicle #0 = 1, leaving at = 638.0
   Vehicle #1 = -1, leaving at = inf
   Increment on distance indicator: 11.0
   Increment on tard indicator:     0.0
   Value of tmax indicator:         11.0

Task for patient = 3 with skills = {0,5} and cost = 20.0
   Vehicle #0 = 1, leaving at = 561.0
   Vehicle #1 = 7, leaving at = 522.0
   Increment on distance indicator: 60.0
   Increment on tard indicator:     0.0
   Value of tmax indicator:         60.0

Task for patient = 58 with skills = {5,-1} and cost = 68.0
   Vehicle #0 = 8, leaving at = 664.0
   Vehicle #1 = -1, leaving at = inf
   Increment on distance indicator: 32.0
   Increment on tard indicator:     0.0
   Value of tmax indicator:         32.0

Task for patient = 72 with skills = {1,4} and cost = 172.7
   Vehicle #0 = 3, leaving at = 836.0
   Vehicle #1 = 13, leaving at = 846.0
   Increment on distance indicator: 21.0
   Increment on tard indicator:     0.0
   Value of tmax indicator:         21.0

Task for patient = 41 with skills = {1,-1} and cost = 165.7
   Vehicle #0 = 3, leaving at = 783.0
   Vehicle #1 = -1, leaving at = inf
   Increment on distance indicator: 2.0
   Increment on tard indicator:     0.0
   Value of tmax indicator:         2.0

Task for patient = 53 with skills = {1,5} and cost = 165.0
   Vehicle #0 = 3, leaving at = 751.0
   Vehicle #1 = 13, leaving at = 766.0
   Increment on distance indicator: 2.0
   Increment on tard indicator:     0.0
   Value of tmax indicator:         2.0

Task for patient = 25 with skills = {4,-1} and cost = 164.3
   Vehicle #0 = 7, leaving at = 902.0
   Vehicle #1 = -1, leaving at = inf
   Increment on distance indicator: 9.0
   Increment on tard indicator:     0.0
   Value of tmax indicator:         9.0

Task for patient = 14 with skills = {1,5} and cost = 161.3
   Vehicle #0 = 4, leaving at = 620.0
   Vehicle #1 = 14, leaving at = 630.0
   Increment on distance indicator: 12.0
   Increment on tard indicator:     0.0
   Value of tmax indicator:         12.0

Task for patient = 40 with skills = {2,-1} and cost = 157.3
   Vehicle #0 = 0, leaving at = 757.0
   Vehicle #1 = -1, leaving at = inf
   Increment on distance indicator: 6.0
   Increment on tard indicator:     0.0
   Value of tmax indicator:         6.0

Task for patient = 31 with skills = {5,-1} and cost = 155.3
   Vehicle #0 = 11, leaving at = 703.0
   Vehicle #1 = -1, leaving at = inf
   Increment on distance indicator: 14.0
   Increment on tard indicator:     0.0
   Value of tmax indicator:         14.0

Task for patient = 39 with skills = {2,-1} and cost = 150.7
   Vehicle #0 = 0, leaving at = 693.0
   Vehicle #1 = -1, leaving at = inf
   Increment on distance indicator: 29.0
   Increment on tard indicator:     0.0
   Value of tmax indicator:         29.0

Task for patient = 69 with skills = {0,-1} and cost = 105.7
   Vehicle #0 = 6, leaving at = 687.0
   Vehicle #1 = -1, leaving at = inf
   Increment on distance indicator: 12.0
   Increment on tard indicator:     0.0
   Value of tmax indicator:         12.0

Task for patient = 68 with skills = {3,-1} and cost = 138.0
   Vehicle #0 = 8, leaving at = 872.0
   Vehicle #1 = -1, leaving at = inf
   Increment on distance indicator: 3.0
   Increment on tard indicator:     0.0
   Value of tmax indicator:         3.0

Task for patient = 66 with skills = {0,5} and cost = 137.0
   Vehicle #0 = 5, leaving at = 810.0
   Vehicle #1 = 7, leaving at = 783.0
   Increment on distance indicator: 23.0
   Increment on tard indicator:     0.0
   Value of tmax indicator:         23.0

Task for patient = 16 with skills = {2,-1} and cost = 129.3
   Vehicle #0 = 2, leaving at = 804.0
   Vehicle #1 = -1, leaving at = inf
   Increment on distance indicator: 17.0
   Increment on tard indicator:     0.0
   Value of tmax indicator:         17.0

Task for patient = 60 with skills = {3,-1} and cost = 123.7
   Vehicle #0 = 12, leaving at = 742.0
   Vehicle #1 = -1, leaving at = inf
   Increment on distance indicator: 26.0
   Increment on tard indicator:     0.0
   Value of tmax indicator:         26.0

Task for patient = 36 with skills = {1,5} and cost = 115.0
   Vehicle #0 = 3, leaving at = 714.0
   Vehicle #1 = 13, leaving at = 737.0
   Increment on distance indicator: 4.0
   Increment on tard indicator:     0.0
   Value of tmax indicator:         4.0

Task for patient = 29 with skills = {4,-1} and cost = 113.7
   Vehicle #0 = 7, leaving at = 745.0
   Vehicle #1 = -1, leaving at = inf
   Increment on distance indicator: 6.0
   Increment on tard indicator:     0.0
   Value of tmax indicator:         6.0

Task for patient = 7 with skills = {3,-1} and cost = 111.7
   Vehicle #0 = 8, leaving at = 852.0
   Vehicle #1 = -1, leaving at = inf
   Increment on distance indicator: 5.0
   Increment on tard indicator:     0.0
   Value of tmax indicator:         5.0

Task for patient = 67 with skills = {0,-1} and cost = 110.0
   Vehicle #0 = 1, leaving at = 802.0
   Vehicle #1 = -1, leaving at = inf
   Increment on distance indicator: 7.0
   Increment on tard indicator:     0.0
   Value of tmax indicator:         7.0

Task for patient = 56 with skills = {3,-1} and cost = 107.7
   Vehicle #0 = 12, leaving at = 686.0
   Vehicle #1 = -1, leaving at = inf
   Increment on distance indicator: 6.0
   Increment on tard indicator:     0.0
   Value of tmax indicator:         6.0

Task for patient = 27 with skills = {4,-1} and cost = 141.0
   Vehicle #0 = 7, leaving at = 833.0
   Vehicle #1 = -1, leaving at = inf
   Increment on distance indicator: 9.0
   Increment on tard indicator:     0.0
   Value of tmax indicator:         9.0


Unused vehicle list: (total = 0 out of 15)

---
Search finished.
Total of 1900 generations in 76.6 seconds.
Exchange elite runs: 23
Implicit path relinking runs: 10
Reset attempts: 1

Best solution found:
   Cost: 404.3
   Total travel time: 1211.0
   Total tardiness time: 1.0
   Largest tardiness: 1.0


404.3
