This host is: panku
--- BRKGA-MP-IPR for HHCRSP ---
Instance: new-dataset/instances-10/HHCRSP_10_3_56_1.2_R_RC.txt
Seed: 16

Reading data... Problem contains 10 patients  and 3 caregivers.

Summary of supply x demand for each service type:
Skill 0 has supply = 1 and demand = 2, ratio = 0.5
Skill 1 has supply = 1 and demand = 6, ratio = 0.166667
Skill 2 has supply = 1 and demand = 1, ratio = 1
Skill 3 has supply = 2 and demand = 4, ratio = 0.5
Skill 4 has supply = 2 and demand = 0, ratio = inf
Skill 5 has supply = 1 and demand = 1, ratio = 1

Reading parameters...
Inferred distance function by PR type: kendall-tau
Building BRKGA data and initializing...
Evolving 1900 generations...

  Gens  Rem    Local   ElDiv NoImpr             Best solution            Time  Op
                                       Cost     Dist    Tard    TMax 
*    0 1900   133.67   82.29      0   133.67   295.00    58.0    48.0     0.0    
*    3 1897   103.67   30.30      0   103.67   277.00     0.0     0.0     0.1    
*    4 1896    92.33   25.34      0    92.33   277.00     0.0     0.0     0.1    
    50 1850    92.33    0.00     46    92.33   277.00     0.0     0.0     1.4    
    80 1820    92.33    0.00     77    92.33   277.00     0.0     0.0     2.3   X
   100 1800    92.33    0.00     96    92.33   277.00     0.0     0.0     2.9    
   150 1750    92.33    0.00    146    92.33   277.00     0.0     0.0     4.3    
   160 1740    92.33    0.00    157    92.33   277.00     0.0     0.0     4.5   X
Path relinking result: no improvement.
   180 1720    92.33    0.00    177    92.33   277.00     0.0     0.0     5.1   P
   200 1700    92.33    0.00    196    92.33   277.00     0.0     0.0     5.7    
   240 1660    92.33    0.00    237    92.33   277.00     0.0     0.0     6.8   X
   250 1650    92.33    0.00    246    92.33   277.00     0.0     0.0     7.2    
   300 1600    92.33    0.00    296    92.33   277.00     0.0     0.0     9.2    
   320 1580    92.33    0.00    317    92.33   277.00     0.0     0.0     9.8   X
   350 1550    92.33    0.00    346    92.33   277.00     0.0     0.0    10.6    
Path relinking result: no improvement.

  Gens  Rem    Local   ElDiv NoImpr             Best solution            Time  Op
                                       Cost     Dist    Tard    TMax 
   360 1540    92.33    0.00    357    92.33   277.00     0.0     0.0    10.9   P
   400 1500    92.33    0.00    396    92.33   277.00     0.0     0.0    12.1    
   400 1500    92.33    0.00    397    92.33   277.00     0.0     0.0    12.1   X
   450 1450    92.33    0.00    446    92.33   277.00     0.0     0.0    13.2    
   480 1420    92.33    0.00    477    92.33   277.00     0.0     0.0    13.9   X
   500 1400    92.33    0.00    496    92.33   277.00     0.0     0.0    14.4    
Path relinking result: no improvement.
   540 1360    92.33    0.00    537    92.33   277.00     0.0     0.0    15.3   P
   550 1350    92.33    0.00    546    92.33   277.00     0.0     0.0    15.5    
   560 1340    92.33    0.00    557    92.33   277.00     0.0     0.0    15.8   X
   600 1300    92.33    0.00    596    92.33   277.00     0.0     0.0    16.7    
   640 1260    92.33    0.00    637    92.33   277.00     0.0     0.0    17.7   X
   650 1250    92.33    0.00    646    92.33   277.00     0.0     0.0    17.9    
   700 1200    92.33    0.00    696    92.33   277.00     0.0     0.0    19.1    
   703 1197      inf   92.43      0    92.33   277.00     0.0     0.0    19.1   R
   704 1196   106.67   79.70      0    92.33   277.00     0.0     0.0    19.2    
Path relinking result: no improvement.
   720 1180    92.33    0.00     13    92.33   277.00     0.0     0.0    19.5  PX

  Gens  Rem    Local   ElDiv NoImpr             Best solution            Time  Op
                                       Cost     Dist    Tard    TMax 
   750 1150    92.33    0.00     42    92.33   277.00     0.0     0.0    20.2    
   800 1100    92.33    0.00     92    92.33   277.00     0.0     0.0    21.4    
   800 1100    92.33    0.00     93    92.33   277.00     0.0     0.0    21.4   X
   850 1050    92.33    0.00    142    92.33   277.00     0.0     0.0    22.5    
   880 1020    92.33    0.00    173    92.33   277.00     0.0     0.0    23.2   X
   900 1000    92.33    0.00    192    92.33   277.00     0.0     0.0    23.7    
Path relinking result: no improvement.
   900 1000    92.33    0.00    193    92.33   277.00     0.0     0.0    23.7   P
   950  950    92.33    0.00    242    92.33   277.00     0.0     0.0    24.8    
   960  940    92.33    0.00    253    92.33   277.00     0.0     0.0    25.1   X
  1000  900    92.33    0.00    292    92.33   277.00     0.0     0.0    26.0    
  1040  860    92.33    0.00    333    92.33   277.00     0.0     0.0    26.9   X
  1050  850    92.33    0.00    342    92.33   277.00     0.0     0.0    27.2    
Path relinking result: no improvement.
  1080  820    92.33    0.00    373    92.33   277.00     0.0     0.0    27.9   P
  1100  800    92.33    0.00    392    92.33   277.00     0.0     0.0    28.3    
  1120  780    92.33    0.00    413    92.33   277.00     0.0     0.0    28.8   X
  1150  750    92.33    0.00    442    92.33   277.00     0.0     0.0    29.5    

  Gens  Rem    Local   ElDiv NoImpr             Best solution            Time  Op
                                       Cost     Dist    Tard    TMax 
  1200  700    92.33    0.00    492    92.33   277.00     0.0     0.0    30.6    
  1200  700    92.33    0.00    493    92.33   277.00     0.0     0.0    30.6   X
  1250  650    92.33    0.00    542    92.33   277.00     0.0     0.0    31.8    
Path relinking result: no improvement.
  1260  640    92.33    0.00    553    92.33   277.00     0.0     0.0    32.0   P
  1280  620    92.33    0.00    573    92.33   277.00     0.0     0.0    32.5   X
  1300  600    92.33    0.00    592    92.33   277.00     0.0     0.0    32.9    
  1350  550    92.33    0.00    642    92.33   277.00     0.0     0.0    34.1    
  1360  540    92.33    0.00    653    92.33   277.00     0.0     0.0    34.3   X
  1400  500    92.33    0.00    692    92.33   277.00     0.0     0.0    35.2    
  1407  493      inf  102.30      0    92.33   277.00     0.0     0.0    35.4   R
  1408  492   153.33   74.25      0    92.33   277.00     0.0     0.0    35.4    
Path relinking result: no improvement.
  1440  460    92.33    0.00     30    92.33   277.00     0.0     0.0    36.1  PX
  1450  450    92.33    0.00     39    92.33   277.00     0.0     0.0    36.4    
  1500  400    92.33    0.00     89    92.33   277.00     0.0     0.0    37.5    
  1520  380    92.33    0.00    110    92.33   277.00     0.0     0.0    38.0   X
  1550  350    92.33    0.00    139    92.33   277.00     0.0     0.0    38.7    

  Gens  Rem    Local   ElDiv NoImpr             Best solution            Time  Op
                                       Cost     Dist    Tard    TMax 
  1600  300    92.33    0.00    189    92.33   277.00     0.0     0.0    39.8    
  1600  300    92.33    0.00    190    92.33   277.00     0.0     0.0    39.8   X
Path relinking result: no improvement.
  1620  280    92.33    0.00    210    92.33   277.00     0.0     0.0    40.3   P
  1650  250    92.33    0.00    239    92.33   277.00     0.0     0.0    41.0    
  1680  220    92.33    0.00    270    92.33   277.00     0.0     0.0    41.8   X
  1700  200    92.33    0.00    289    92.33   277.00     0.0     0.0    42.2    
  1750  150    92.33    0.00    339    92.33   277.00     0.0     0.0    43.4    
  1760  140    92.33    0.00    350    92.33   277.00     0.0     0.0    43.6   X
  1800  100    92.33    0.00    389    92.33   277.00     0.0     0.0    44.5    
Path relinking result: no improvement.
  1800  100    92.33    0.00    390    92.33   277.00     0.0     0.0    44.5   P
  1840   60    92.33    0.00    430    92.33   277.00     0.0     0.0    45.4   X
  1850   50    92.33    0.00    439    92.33   277.00     0.0     0.0    45.7    
  1900    0    92.33    0.00    489    92.33   277.00     0.0     0.0    46.8    
Evolutionary process finished.
Solution written to 'solution-16893.txt'.

Sorted sequence of worst to best tardiness value:
Task for patient = 2 with skills = {1,-1} and cost = 3.3
   Vehicle #0 = 0, leaving at = 521.0
   Vehicle #1 = -1, leaving at = inf
   Increment on distance indicator: 10.0
   Increment on tard indicator:     0.0
   Value of tmax indicator:         10.0

Task for patient = 3 with skills = {0,-1} and cost = 14.3
   Vehicle #0 = 0, leaving at = 608.0
   Vehicle #1 = -1, leaving at = inf
   Increment on distance indicator: 33.0
   Increment on tard indicator:     0.0
   Value of tmax indicator:         33.0

Task for patient = 8 with skills = {1,3} and cost = 30.7
   Vehicle #0 = 0, leaving at = 691.0
   Vehicle #1 = 1, leaving at = 706.0
   Increment on distance indicator: 49.0
   Increment on tard indicator:     0.0
   Value of tmax indicator:         49.0

Task for patient = 1 with skills = {1,-1} and cost = 34.7
   Vehicle #0 = 0, leaving at = 765.0
   Vehicle #1 = -1, leaving at = inf
   Increment on distance indicator: 12.0
   Increment on tard indicator:     0.0
   Value of tmax indicator:         12.0

Task for patient = 9 with skills = {1,3} and cost = 45.0
   Vehicle #0 = 0, leaving at = 819.0
   Vehicle #1 = 1, leaving at = 828.0
   Increment on distance indicator: 31.0
   Increment on tard indicator:     0.0
   Value of tmax indicator:         31.0

Task for patient = 5 with skills = {0,3} and cost = 48.3
   Vehicle #0 = 0, leaving at = 843.0
   Vehicle #1 = 1, leaving at = 898.0
   Increment on distance indicator: 10.0
   Increment on tard indicator:     0.0
   Value of tmax indicator:         10.0

Task for patient = 10 with skills = {5,-1} and cost = 57.0
   Vehicle #0 = 2, leaving at = 818.0
   Vehicle #1 = -1, leaving at = inf
   Increment on distance indicator: 26.0
   Increment on tard indicator:     0.0
   Value of tmax indicator:         26.0

Task for patient = 7 with skills = {1,-1} and cost = 62.0
   Vehicle #0 = 0, leaving at = 881.0
   Vehicle #1 = -1, leaving at = inf
   Increment on distance indicator: 15.0
   Increment on tard indicator:     0.0
   Value of tmax indicator:         15.0

Task for patient = 4 with skills = {1,3} and cost = 70.7
   Vehicle #0 = 0, leaving at = 936.0
   Vehicle #1 = 2, leaving at = 955.0
   Increment on distance indicator: 26.0
   Increment on tard indicator:     0.0
   Value of tmax indicator:         26.0

Task for patient = 6 with skills = {2,-1} and cost = 76.0
   Vehicle #0 = 0, leaving at = 1000.0
   Vehicle #1 = -1, leaving at = inf
   Increment on distance indicator: 16.0
   Increment on tard indicator:     0.0
   Value of tmax indicator:         16.0


Unused vehicle list: (total = 0 out of 3)

---
Search finished.
Total of 1900 generations in 46.8 seconds.
Exchange elite runs: 23
Implicit path relinking runs: 10
Reset attempts: 2

Best solution found:
   Cost: 92.3
   Total travel time: 277.0
   Total tardiness time: 0.0
   Largest tardiness: 0.0


92.3
