This host is: panku
--- BRKGA-MP-IPR for HHCRSP ---
Instance: new-dataset/instances-300/HHCRSP_300_60_46_0.4_R_C.txt
Seed: 1

Reading data... Problem contains 300 patients  and 60 caregivers.

Summary of supply x demand for each service type:
Skill 0 has supply = 16 and demand = 59, ratio = 0.271186
Skill 1 has supply = 22 and demand = 66, ratio = 0.333333
Skill 2 has supply = 18 and demand = 52, ratio = 0.346154
Skill 3 has supply = 22 and demand = 69, ratio = 0.318841
Skill 4 has supply = 21 and demand = 67, ratio = 0.313433
Skill 5 has supply = 24 and demand = 77, ratio = 0.311688

Reading parameters...
Inferred distance function by PR type: kendall-tau
Building BRKGA data and initializing...
Evolving 1900 generations...

  Gens  Rem    Local   ElDiv NoImpr             Best solution            Time  Op
                                       Cost     Dist    Tard    TMax 
*    0 1900  6634.33  396.53      0  6634.33  5310.00 14218.0   375.0     0.4    
*    2 1898  6521.67  362.38      0  6521.67  5275.00 12663.0   398.0     1.2    
*    3 1897  6112.00  318.45      0  6112.00  5196.00 11987.0   382.0     1.6    
*    4 1896  5855.00  338.60      0  5855.00  5383.00  9784.0   335.0     2.1    
*    5 1895  5167.33  319.35      0  5167.33  5383.00  9784.0   335.0     2.5    
*    7 1893  5095.67  300.33      0  5095.67  5385.00  7774.0   365.0     3.3    
*    8 1892  4508.00  288.80      0  4508.00  5361.00  7364.0   286.0     3.7    
*    9 1891  4337.00  272.22      0  4337.00  5350.00  7027.0   378.0     4.1    
*   10 1890  4251.67  251.74      0  4251.67  5223.00  6287.0   345.0     4.5    
*   11 1889  3951.67  238.08      0  3951.67  5296.00  6191.0   315.0     5.0    
*   12 1888  3934.00  220.68      0  3934.00  5169.00  5733.0   392.0     5.4    
*   13 1887  3764.67  203.15      0  3764.67  5405.00  4061.0   371.0     5.8    
*   14 1886  3279.00  211.07      0  3279.00  5203.00  3883.0   288.0     6.2    
*   15 1885  3124.67  203.43      0  3124.67  5119.00  3150.0   259.0     6.6    
*   16 1884  2842.67  175.80      0  2842.67  5119.00  3150.0   259.0     7.0    

  Gens  Rem    Local   ElDiv NoImpr             Best solution            Time  Op
                                       Cost     Dist    Tard    TMax 
*   19 1881  2816.67  178.48      0  2816.67  4975.00  2360.0   320.0     8.2    
*   20 1880  2551.67  156.73      0  2551.67  4889.00  2372.0   293.0     8.6    
*   21 1879  2518.00  180.06      0  2518.00  5028.00  1445.0   176.0     9.0    
*   22 1878  2216.33  163.30      0  2216.33  5028.00  1445.0   176.0     9.4    
*   24 1876  2145.00  147.23      0  2145.00  5024.00  1164.0   189.0    10.2    
*   25 1875  2125.67  131.67      0  2125.67  5024.00  1164.0   189.0    10.6    
*   27 1873  2059.00  101.91      0  2059.00  4948.00   632.0   146.0    11.5    
*   28 1872  1908.67   94.05      0  1908.67  4755.00   714.0   209.0    11.9    
*   29 1871  1892.67   89.96      0  1892.67  4976.00   546.0   143.0    12.3    
*   30 1870  1888.33   81.84      0  1888.33  4911.00   328.0   138.0    12.7    
*   31 1869  1792.33   74.86      0  1792.33  4987.00   210.0    57.0    13.1    
*   32 1868  1751.33   68.69      0  1751.33  4987.00   210.0    57.0    13.6    
*   35 1865  1731.00   50.29      0  1731.00  4922.00   167.0    42.0    14.8    
*   36 1864  1710.33   51.53      0  1710.33  4752.00   173.0    41.0    15.2    
*   37 1863  1655.33   48.60      0  1655.33  4669.00   165.0    70.0    15.7    
*   38 1862  1634.67   44.64      0  1634.67  4700.00    91.0    26.0    16.1    

  Gens  Rem    Local   ElDiv NoImpr             Best solution            Time  Op
                                       Cost     Dist    Tard    TMax 
*   39 1861  1605.67   42.86      0  1605.67  4700.00    91.0    26.0    16.5    
*   45 1855  1596.33   25.27      0  1596.33  4643.00    93.0    53.0    19.0    
*   47 1853  1576.33   23.00      0  1576.33  4685.00     8.0     3.0    19.8    
*   48 1852  1565.33   22.01      0  1565.33  4636.00    29.0     6.0    20.2    
*   49 1851  1557.00   21.98      0  1557.00  4575.00    20.0     5.0    20.7    
*   50 1850  1533.33   21.55      0  1533.33  4575.00    20.0     5.0    21.1    
*   54 1846  1529.33   19.22      0  1529.33  4568.00     3.0     1.0    22.7    
*   55 1845  1524.00   19.89      0  1524.00  4490.00    14.0     7.0    23.1    
*   56 1844  1503.67   18.57      0  1503.67  4490.00    14.0     7.0    23.5    
*   61 1839  1502.67   15.19      0  1502.67  4447.00    50.0    11.0    25.6    
*   64 1836  1497.33   13.34      0  1497.33  4407.00    49.0    36.0    26.8    
*   66 1834  1494.33   13.42      0  1494.33  4474.00     7.0     2.0    27.6    
*   68 1832  1494.00   12.96      0  1494.00  4448.00     4.0     1.0    28.4    
*   69 1831  1484.33   13.26      0  1484.33  4390.00    14.0     3.0    28.9    
*   70 1830  1469.00   12.80      0  1469.00  4390.00    14.0     3.0    29.4    
*   74 1826  1462.00   12.38      0  1462.00  4358.00    20.0     8.0    31.0    

  Gens  Rem    Local   ElDiv NoImpr             Best solution            Time  Op
                                       Cost     Dist    Tard    TMax 
*   78 1822  1457.00   13.40      0  1457.00  4341.00    21.0     4.0    32.6    
*   79 1821  1455.33   13.75      0  1455.33  4332.00    22.0     5.0    33.0    
*   80 1820  1453.00   14.05      0  1453.00  4332.00    22.0     5.0    33.5    
    80 1820  1453.00    9.71      1  1453.00  4332.00    22.0     5.0    33.5   X
*   82 1818  1452.00    9.39      0  1452.00  4329.00    22.0     5.0    34.3    
*   86 1814  1448.33    8.63      0  1448.33  4322.00    18.0     5.0    36.0    
*   90 1810  1447.00    8.17      0  1447.00  4294.00    40.0     7.0    37.6    
*   92 1808  1443.67    8.25      0  1443.67  4307.00    21.0     3.0    38.5    
*   98 1802  1426.00    9.13      0  1426.00  4251.00    21.0     6.0    41.0    
   100 1800  1426.00    9.24      2  1426.00  4251.00    21.0     6.0    41.8    
*  102 1798  1422.00    9.43      0  1422.00  4232.00    24.0    10.0    42.6    
*  105 1795  1406.67    9.82      0  1406.67  4201.00    15.0     4.0    43.8    
*  116 1784  1404.33   12.23      0  1404.33  4153.00    41.0    19.0    48.2    
*  118 1782  1404.00   12.14      0  1404.00  4205.00     5.0     2.0    49.0    
*  125 1775  1402.67   11.81      0  1402.67  4199.00     7.0     2.0    51.9    
*  127 1773  1398.33   11.61      0  1398.33  4178.00     9.0     8.0    52.7    

  Gens  Rem    Local   ElDiv NoImpr             Best solution            Time  Op
                                       Cost     Dist    Tard    TMax 
*  134 1766  1393.67   12.11      0  1393.67  4163.00    13.0     5.0    55.6    
*  136 1764  1391.00   11.98      0  1391.00  4137.00    30.0     6.0    56.4    
*  140 1760  1374.67   12.20      0  1374.67  4099.00    21.0     4.0    58.1    
   150 1750  1374.67   13.23     10  1374.67  4099.00    21.0     4.0    62.2    
*  154 1746  1372.67   13.71      0  1372.67  4031.00    30.0    10.0    63.8    
*  155 1745  1357.00   13.68      0  1357.00  4031.00    30.0    10.0    64.3    
*  157 1743  1353.33   13.99      0  1353.33  4037.00    19.0     4.0    65.2    
   160 1740  1353.33    7.93      4  1353.33  4037.00    19.0     4.0    66.4   X
*  180 1720  1352.67    6.92      0  1352.67  4023.00    17.0     4.0    74.6    
Path relinking result: best improvement.
   180 1720  1325.67    8.02      0  1352.67  4023.00    17.0     4.0    75.3   P
*  181 1719  1325.67    7.94      0  1325.67  3955.00    17.0     5.0    75.7    
   200 1700  1325.67    6.75     19  1325.67  3955.00    17.0     5.0    83.4    
*  213 1687  1324.33    7.94      0  1324.33  3970.00     2.0     1.0    88.7    
*  231 1669  1323.67    7.22      0  1323.67  3953.00    13.0     5.0    96.1    
*  236 1664  1316.67    7.29      0  1316.67  3945.00     3.0     2.0    98.1    
   240 1660  1316.67    6.19      5  1316.67  3945.00     3.0     2.0    99.8   X

  Gens  Rem    Local   ElDiv NoImpr             Best solution            Time  Op
                                       Cost     Dist    Tard    TMax 
*  245 1655  1315.33    6.32      0  1315.33  3939.00     4.0     3.0   101.8    
*  247 1653  1307.00    6.53      0  1307.00  3919.00     1.0     1.0   102.6    
   250 1650  1307.00    6.51      3  1307.00  3919.00     1.0     1.0   103.8    
*  279 1621  1299.33    5.81      0  1299.33  3889.00     7.0     2.0   115.6    
*  294 1606  1297.00    6.19      0  1297.00  3876.00    11.0     4.0   121.7    
*  296 1604  1292.67    6.53      0  1292.67  3875.00     2.0     1.0   122.6    
   300 1600  1292.67    6.68      4  1292.67  3875.00     2.0     1.0   124.3    
   320 1580  1292.67    5.63     25  1292.67  3875.00     2.0     1.0   132.3   X
*  337 1563  1285.67    5.54      0  1285.67  3841.00    11.0     5.0   139.3    
*  339 1561  1266.67    5.97      0  1266.67  3789.00     7.0     4.0   140.1    
   350 1550  1266.67    6.33     11  1266.67  3789.00     7.0     4.0   144.6    
Path relinking result: best improvement.
   360 1540  1256.00    7.30      0  1266.67  3789.00     7.0     4.0   149.3   P
*  361 1539  1256.00    7.24      0  1256.00  3764.00     3.0     1.0   149.7    
   400 1500  1256.00    7.00     39  1256.00  3764.00     3.0     1.0   165.6    
   400 1500  1256.00    6.83     40  1256.00  3764.00     3.0     1.0   165.6   X
*  412 1488  1252.67    6.64      0  1252.67  3747.00     8.0     3.0   170.6    

  Gens  Rem    Local   ElDiv NoImpr             Best solution            Time  Op
                                       Cost     Dist    Tard    TMax 
*  441 1459  1229.67    6.68      0  1229.67  3664.00    20.0     5.0   182.2    
   450 1450  1229.67    6.98      9  1229.67  3664.00    20.0     5.0   185.9    
*  476 1424  1224.00    7.33      0  1224.00  3650.00    16.0     6.0   196.5    
   480 1420  1224.00    6.29      5  1224.00  3650.00    16.0     6.0   198.2   X
*  500 1400  1223.67    6.06      0  1223.67  3668.00     2.0     1.0   206.4    
*  507 1393  1223.33    6.07      0  1223.33  3665.00     3.0     2.0   209.3    
*  515 1385  1222.67    5.99      0  1222.67  3664.00     3.0     1.0   212.6    
*  524 1376  1214.33    5.83      0  1214.33  3613.00    24.0     6.0   216.2    
*  538 1362  1210.33    6.04      0  1210.33  3628.00     2.0     1.0   221.8    
Path relinking result: elite improvement.
   540 1360  1210.33    6.37      3  1210.33  3628.00     2.0     1.0   223.3   P
   550 1350  1210.33    6.37     12  1210.33  3628.00     2.0     1.0   227.5    
*  555 1345  1208.00    6.71      0  1208.00  3577.00     7.0     3.0   229.6    
*  556 1344  1195.67    6.70      0  1195.67  3577.00     7.0     3.0   229.9    
   560 1340  1195.67    6.03      5  1195.67  3577.00     7.0     3.0   231.6   X
*  570 1330  1194.33    5.68      0  1194.33  3579.00     3.0     1.0   235.8    
   600 1300  1194.33    5.19     30  1194.33  3579.00     3.0     1.0   248.3    

  Gens  Rem    Local   ElDiv NoImpr             Best solution            Time  Op
                                       Cost     Dist    Tard    TMax 
*  619 1281  1190.33    5.00      0  1190.33  3563.00     5.0     3.0   256.0    
   640 1260  1185.00    4.16      0  1190.33  3563.00     5.0     3.0   264.6   X
*  641 1259  1185.00    4.20      0  1185.00  3551.00     3.0     1.0   265.0    
*  648 1252  1183.67    4.18      0  1183.67  3542.00     7.0     2.0   267.8    
   650 1250  1183.67    4.16      2  1183.67  3542.00     7.0     2.0   268.7    
*  652 1248  1180.33    4.21      0  1180.33  3522.00    14.0     5.0   269.5    
*  676 1224  1164.33    4.97      0  1164.33  3489.00     2.0     2.0   279.4    
   700 1200  1164.33    5.20     24  1164.33  3489.00     2.0     2.0   289.3    
*  711 1189  1163.33    5.50      0  1163.33  3487.00     2.0     1.0   293.7    
Path relinking result: best improvement.
   720 1180  1158.33    5.26      0  1163.33  3487.00     2.0     1.0   298.2  PX
*  721 1179  1158.33    5.14      0  1158.33  3475.00     0.0     0.0   298.6    
*  733 1167  1157.67    4.80      0  1157.67  3473.00     0.0     0.0   303.6    
*  737 1163  1157.33    4.67      0  1157.33  3469.00     2.0     1.0   305.2    
*  739 1161  1148.00    4.71      0  1148.00  3439.00     4.0     1.0   306.0    
   750 1150  1148.00    3.99     11  1148.00  3439.00     4.0     1.0   310.4    
*  756 1144  1139.67    4.32      0  1139.67  3415.00     2.0     2.0   312.9    

  Gens  Rem    Local   ElDiv NoImpr             Best solution            Time  Op
                                       Cost     Dist    Tard    TMax 
*  766 1134  1133.33    4.32      0  1133.33  3400.00     0.0     0.0   316.9    
*  793 1107  1128.33    3.05      0  1128.33  3377.00     6.0     2.0   328.0    
*  798 1102  1127.33    3.04      0  1127.33  3380.00     1.0     1.0   330.0    
   800 1100  1127.33    3.07      2  1127.33  3380.00     1.0     1.0   330.8    
   800 1100  1127.33    2.03      3  1127.33  3380.00     1.0     1.0   330.9   X
*  802 1098  1126.67    1.95      0  1126.67  3377.00     2.0     1.0   331.7    
*  807 1093  1125.00    1.94      0  1125.00  3373.00     1.0     1.0   333.7    
*  817 1083  1124.00    1.60      0  1124.00  3370.00     1.0     1.0   337.7    
*  822 1078  1123.67    1.38      0  1123.67  3368.00     2.0     1.0   339.8    
*  827 1073  1123.33    1.32      0  1123.33  3367.00     2.0     1.0   341.8    
*  829 1071  1123.00    1.29      0  1123.00  3366.00     2.0     1.0   342.7    
*  831 1069  1122.67    1.22      0  1122.67  3365.00     2.0     1.0   343.5    
*  833 1067  1122.00    1.13      0  1122.00  3364.00     1.0     1.0   344.3    
*  835 1065  1121.67    1.00      0  1121.67  3362.00     2.0     1.0   345.1    
*  838 1062  1121.33    0.93      0  1121.33  3361.00     2.0     1.0   346.4    
*  840 1060  1121.00    0.93      0  1121.00  3360.00     2.0     1.0   347.2    

  Gens  Rem    Local   ElDiv NoImpr             Best solution            Time  Op
                                       Cost     Dist    Tard    TMax 
*  845 1055  1120.67    0.76      0  1120.67  3359.00     2.0     1.0   349.2    
*  849 1051  1119.67    0.74      0  1119.67  3356.00     2.0     1.0   350.9    
   850 1050  1119.67    0.73      1  1119.67  3356.00     2.0     1.0   351.3    
*  852 1048  1119.00    0.78      0  1119.00  3354.00     2.0     1.0   352.1    
*  861 1039  1118.67    0.59      0  1118.67  3353.00     2.0     1.0   355.8    
*  867 1033  1118.33    0.61      0  1118.33  3350.00     2.0     1.0   358.3    
*  868 1032  1117.67    0.59      0  1117.67  3350.00     2.0     1.0   358.7    
*  870 1030  1117.33    0.62      0  1117.33  3348.00     2.0     1.0   359.6    
*  871 1029  1117.00    0.67      0  1117.00  3348.00     2.0     1.0   360.0    
*  874 1026  1116.33    0.80      0  1116.33  3346.00     2.0     1.0   361.2    
*  876 1024  1115.00    0.92      0  1115.00  3342.00     2.0     1.0   362.1    
   880 1020  1115.00    1.17      5  1115.00  3342.00     2.0     1.0   363.8   X
*  883 1017  1114.33    0.86      0  1114.33  3340.00     2.0     1.0   365.0    
*  886 1014  1114.00    0.71      0  1114.00  3336.00     2.0     1.0   366.3    
*  887 1013  1113.00    0.72      0  1113.00  3336.00     2.0     1.0   366.7    
*  892 1008  1112.33    0.68      0  1112.33  3334.00     2.0     1.0   368.8    

  Gens  Rem    Local   ElDiv NoImpr             Best solution            Time  Op
                                       Cost     Dist    Tard    TMax 
*  894 1006  1112.00    0.68      0  1112.00  3333.00     2.0     1.0   369.7    
*  900 1000  1111.33    0.61      0  1111.33  3331.00     2.0     1.0   372.1    
Path relinking result: elite improvement.
   900 1000  1111.33    0.61      1  1111.33  3331.00     2.0     1.0   372.8   P
*  904  996  1110.67    0.56      0  1110.67  3328.00     2.0     1.0   374.4    
*  905  995  1110.33    0.56      0  1110.33  3328.00     2.0     1.0   374.9    
*  913  987  1109.67    0.37      0  1109.67  3326.00     2.0     1.0   378.2    
*  916  984  1109.33    0.30      0  1109.33  3325.00     2.0     1.0   379.4    
*  918  982  1108.67    0.42      0  1108.67  3323.00     2.0     1.0   380.2    
*  922  978  1108.33    0.30      0  1108.33  3322.00     2.0     1.0   381.8    
*  935  965  1108.00    0.44      0  1108.00  3321.00     2.0     1.0   387.2    
*  938  962  1107.67    0.44      0  1107.67  3320.00     2.0     1.0   388.4    
*  943  957  1106.67    0.29      0  1106.67  3317.00     2.0     1.0   390.4    
   950  950  1106.67    0.56      7  1106.67  3317.00     2.0     1.0   393.4    
   960  940  1106.67    0.47     18  1106.67  3317.00     2.0     1.0   397.6   X
*  962  938  1105.00    0.49      0  1105.00  3312.00     2.0     1.0   398.4    
*  964  936  1104.67    0.37      0  1104.67  3311.00     2.0     1.0   399.3    

  Gens  Rem    Local   ElDiv NoImpr             Best solution            Time  Op
                                       Cost     Dist    Tard    TMax 
*  979  921  1104.33    0.16      0  1104.33  3310.00     2.0     1.0   405.5    
*  987  913  1102.00    0.16      0  1102.00  3303.00     2.0     1.0   408.9    
*  996  904  1101.67    0.98      0  1101.67  3302.00     2.0     1.0   412.6    
  1000  900  1101.67    1.11      4  1101.67  3302.00     2.0     1.0   414.3    
  1040  860  1101.67    1.26     45  1101.67  3302.00     2.0     1.0   430.7   X
  1050  850  1101.67    0.00     54  1101.67  3302.00     2.0     1.0   434.8    
* 1071  829  1101.33    0.02      0  1101.33  3301.00     2.0     1.0   443.6    
Path relinking result: no improvement.
  1080  820  1101.33    0.03     10  1101.33  3301.00     2.0     1.0   447.8   P
* 1086  814  1100.67    0.07      0  1100.67  3299.00     2.0     1.0   450.3    
  1100  800  1100.67    0.17     14  1100.67  3299.00     2.0     1.0   456.1    
  1120  780  1100.67    0.09     35  1100.67  3299.00     2.0     1.0   464.4   X
* 1124  776  1100.00    0.20      0  1100.00  3297.00     2.0     1.0   466.0    
* 1133  767  1099.67    0.17      0  1099.67  3296.00     2.0     1.0   469.8    
* 1145  755  1099.00    0.39      0  1099.00  3294.00     2.0     1.0   474.7    
  1150  750  1099.00    0.52      5  1099.00  3294.00     2.0     1.0   476.7    
  1200  700  1099.00    0.03     55  1099.00  3294.00     2.0     1.0   497.3    

  Gens  Rem    Local   ElDiv NoImpr             Best solution            Time  Op
                                       Cost     Dist    Tard    TMax 
  1200  700  1098.67    0.05      0  1099.00  3294.00     2.0     1.0   497.3   X
* 1201  699  1098.67    0.05      0  1098.67  3293.00     2.0     1.0   497.7    
  1250  650  1098.67    0.00     49  1098.67  3293.00     2.0     1.0   517.8    
Path relinking result: no improvement.
  1260  640  1098.67    0.00     60  1098.67  3293.00     2.0     1.0   522.4   P
  1280  620  1098.67    0.00     80  1098.67  3293.00     2.0     1.0   530.5   X
  1300  600  1098.67    0.00     99  1098.67  3293.00     2.0     1.0   538.8    
  1350  550  1098.67    0.00    149  1098.67  3293.00     2.0     1.0   559.6    
  1360  540  1098.67    0.00    160  1098.67  3293.00     2.0     1.0   563.7   X
  1400  500  1098.67    0.00    199  1098.67  3293.00     2.0     1.0   580.2    
Path relinking result: no improvement.
  1440  460  1098.67    0.00    240  1098.67  3293.00     2.0     1.0   597.4  PX
* 1446  454  1097.67    0.06      0  1097.67  3289.00     3.0     1.0   599.9    
  1450  450  1097.67    0.08      4  1097.67  3289.00     3.0     1.0   601.5    
* 1461  439  1097.33    0.20      0  1097.33  3288.00     3.0     1.0   606.0    
* 1480  420  1096.00    0.55      0  1096.00  3283.00     2.0     1.0   613.9    
* 1481  419  1095.33    0.56      0  1095.33  3283.00     2.0     1.0   614.3    
* 1488  412  1095.00    0.82      0  1095.00  3282.00     2.0     1.0   617.3    

  Gens  Rem    Local   ElDiv NoImpr             Best solution            Time  Op
                                       Cost     Dist    Tard    TMax 
* 1494  406  1094.67    1.39      0  1094.67  3281.00     2.0     1.0   619.7    
  1500  400  1094.67    1.70      6  1094.67  3281.00     2.0     1.0   622.3    
  1520  380  1094.67    1.41     27  1094.67  3281.00     2.0     1.0   630.5   X
* 1522  378  1093.67    1.20      0  1093.67  3278.00     2.0     1.0   631.4    
  1550  350  1093.67    0.47     28  1093.67  3278.00     2.0     1.0   642.9    
* 1569  331  1093.33    0.46      0  1093.33  3276.00     3.0     1.0   650.7    
  1600  300  1093.33    0.16     31  1093.33  3276.00     3.0     1.0   663.5    
  1600  300  1093.33    0.16     32  1093.33  3276.00     3.0     1.0   663.5   X
Path relinking result: no improvement.
  1620  280  1093.33    0.00     52  1093.33  3276.00     3.0     1.0   672.1   P
  1650  250  1093.33    0.00     81  1093.33  3276.00     3.0     1.0   684.6    
  1680  220  1093.33    0.00    112  1093.33  3276.00     3.0     1.0   696.8   X
  1700  200  1093.33    0.00    131  1093.33  3276.00     3.0     1.0   705.0    
  1750  150  1093.33    0.00    181  1093.33  3276.00     3.0     1.0   725.6    
  1760  140  1093.33    0.00    192  1093.33  3276.00     3.0     1.0   729.8   X
  1800  100  1093.33    0.00    231  1093.33  3276.00     3.0     1.0   746.6    
Path relinking result: no improvement.
  1800  100  1093.33    0.00    232  1093.33  3276.00     3.0     1.0   747.1   P

  Gens  Rem    Local   ElDiv NoImpr             Best solution            Time  Op
                                       Cost     Dist    Tard    TMax 
  1840   60  1093.33    0.00    272  1093.33  3276.00     3.0     1.0   764.0   X
  1850   50  1093.33    0.00    281  1093.33  3276.00     3.0     1.0   768.1    
  1900    0  1093.33    0.00    331  1093.33  3276.00     3.0     1.0   788.7    
Evolutionary process finished.
Solution written to 'solution-13740.txt'.

Sorted sequence of worst to best tardiness value:
Task for patient = 127 with skills = {4,-1} and cost = 444.7
   Vehicle #0 = 52, leaving at = 775.0
   Vehicle #1 = -1, leaving at = inf
   Increment on distance indicator: 3.0
   Increment on tard indicator:     1.0
   Value of tmax indicator:         3.0

Task for patient = 16 with skills = {2,4} and cost = 180.0
   Vehicle #0 = 11, leaving at = 694.0
   Vehicle #1 = 32, leaving at = 705.0
   Increment on distance indicator: 17.0
   Increment on tard indicator:     1.0
   Value of tmax indicator:         17.0

Task for patient = 55 with skills = {0,-1} and cost = 708.3
   Vehicle #0 = 18, leaving at = 985.0
   Vehicle #1 = -1, leaving at = inf
   Increment on distance indicator: 5.0
   Increment on tard indicator:     1.0
   Value of tmax indicator:         5.0

Task for patient = 226 with skills = {5,-1} and cost = 604.3
   Vehicle #0 = 42, leaving at = 903.0
   Vehicle #1 = -1, leaving at = inf
   Increment on distance indicator: 6.0
   Increment on tard indicator:     0.0
   Value of tmax indicator:         6.0

Task for patient = 115 with skills = {2,5} and cost = 602.3
   Vehicle #0 = 22, leaving at = 866.0
   Vehicle #1 = 48, leaving at = 862.0
   Increment on distance indicator: 10.0
   Increment on tard indicator:     0.0
   Value of tmax indicator:         10.0

Task for patient = 232 with skills = {5,-1} and cost = 599.0
   Vehicle #0 = 41, leaving at = 909.0
   Vehicle #1 = -1, leaving at = inf
   Increment on distance indicator: 11.0
   Increment on tard indicator:     0.0
   Value of tmax indicator:         11.0

Task for patient = 66 with skills = {1,-1} and cost = 595.3
   Vehicle #0 = 1, leaving at = 835.0
   Vehicle #1 = -1, leaving at = inf
   Increment on distance indicator: 5.0
   Increment on tard indicator:     0.0
   Value of tmax indicator:         5.0

Task for patient = 28 with skills = {5,-1} and cost = 593.7
   Vehicle #0 = 46, leaving at = 972.0
   Vehicle #1 = -1, leaving at = inf
   Increment on distance indicator: 7.0
   Increment on tard indicator:     0.0
   Value of tmax indicator:         7.0

Task for patient = 195 with skills = {4,-1} and cost = 591.3
   Vehicle #0 = 55, leaving at = 929.0
   Vehicle #1 = -1, leaving at = inf
   Increment on distance indicator: 1.0
   Increment on tard indicator:     0.0
   Value of tmax indicator:         1.0

Task for patient = 45 with skills = {5,-1} and cost = 605.3
   Vehicle #0 = 43, leaving at = 893.0
   Vehicle #1 = -1, leaving at = inf
   Increment on distance indicator: 3.0
   Increment on tard indicator:     0.0
   Value of tmax indicator:         3.0

Task for patient = 198 with skills = {4,-1} and cost = 586.0
   Vehicle #0 = 56, leaving at = 879.0
   Vehicle #1 = -1, leaving at = inf
   Increment on distance indicator: 14.0
   Increment on tard indicator:     0.0
   Value of tmax indicator:         14.0

Task for patient = 156 with skills = {0,-1} and cost = 581.3
   Vehicle #0 = 3, leaving at = 893.0
   Vehicle #1 = -1, leaving at = inf
   Increment on distance indicator: 3.0
   Increment on tard indicator:     0.0
   Value of tmax indicator:         3.0

Task for patient = 166 with skills = {1,-1} and cost = 580.3
   Vehicle #0 = 10, leaving at = 785.0
   Vehicle #1 = -1, leaving at = inf
   Increment on distance indicator: 4.0
   Increment on tard indicator:     0.0
   Value of tmax indicator:         4.0

Task for patient = 252 with skills = {3,-1} and cost = 579.0
   Vehicle #0 = 33, leaving at = 877.0
   Vehicle #1 = -1, leaving at = inf
   Increment on distance indicator: 3.0
   Increment on tard indicator:     0.0
   Value of tmax indicator:         3.0

Task for patient = 72 with skills = {4,-1} and cost = 578.0
   Vehicle #0 = 47, leaving at = 968.0
   Vehicle #1 = -1, leaving at = inf
   Increment on distance indicator: 3.0
   Increment on tard indicator:     0.0
   Value of tmax indicator:         3.0

Task for patient = 122 with skills = {5,-1} and cost = 577.0
   Vehicle #0 = 52, leaving at = 865.0
   Vehicle #1 = -1, leaving at = inf
   Increment on distance indicator: 5.0
   Increment on tard indicator:     0.0
   Value of tmax indicator:         5.0

Task for patient = 98 with skills = {0,-1} and cost = 575.3
   Vehicle #0 = 8, leaving at = 816.0
   Vehicle #1 = -1, leaving at = inf
   Increment on distance indicator: 7.0
   Increment on tard indicator:     0.0
   Value of tmax indicator:         7.0

Task for patient = 63 with skills = {0,-1} and cost = 573.0
   Vehicle #0 = 12, leaving at = 914.0
   Vehicle #1 = -1, leaving at = inf
   Increment on distance indicator: 2.0
   Increment on tard indicator:     0.0
   Value of tmax indicator:         2.0

Task for patient = 137 with skills = {0,3} and cost = 591.0
   Vehicle #0 = 14, leaving at = 901.0
   Vehicle #1 = 55, leaving at = 903.0
   Increment on distance indicator: 15.0
   Increment on tard indicator:     0.0
   Value of tmax indicator:         15.0

Task for patient = 277 with skills = {2,4} and cost = 652.0
   Vehicle #0 = 22, leaving at = 913.0
   Vehicle #1 = 38, leaving at = 917.0
   Increment on distance indicator: 16.0
   Increment on tard indicator:     0.0
   Value of tmax indicator:         16.0

Task for patient = 237 with skills = {0,5} and cost = 646.7
   Vehicle #0 = 14, leaving at = 961.0
   Vehicle #1 = 55, leaving at = 958.0
   Increment on distance indicator: 10.0
   Increment on tard indicator:     0.0
   Value of tmax indicator:         10.0

Task for patient = 254 with skills = {5,-1} and cost = 643.3
   Vehicle #0 = 44, leaving at = 955.0
   Vehicle #1 = -1, leaving at = inf
   Increment on distance indicator: 3.0
   Increment on tard indicator:     0.0
   Value of tmax indicator:         3.0

Task for patient = 112 with skills = {2,5} and cost = 642.3
   Vehicle #0 = 27, leaving at = 817.0
   Vehicle #1 = 54, leaving at = 824.0
   Increment on distance indicator: 19.0
   Increment on tard indicator:     0.0
   Value of tmax indicator:         19.0

Task for patient = 300 with skills = {2,4} and cost = 636.0
   Vehicle #0 = 0, leaving at = 926.0
   Vehicle #1 = 33, leaving at = 950.0
   Increment on distance indicator: 13.0
   Increment on tard indicator:     0.0
   Value of tmax indicator:         13.0

Task for patient = 207 with skills = {3,-1} and cost = 631.7
   Vehicle #0 = 59, leaving at = 898.0
   Vehicle #1 = -1, leaving at = inf
   Increment on distance indicator: 4.0
   Increment on tard indicator:     0.0
   Value of tmax indicator:         4.0

Task for patient = 292 with skills = {5,-1} and cost = 630.3
   Vehicle #0 = 52, leaving at = 942.0
   Vehicle #1 = -1, leaving at = inf
   Increment on distance indicator: 1.0
   Increment on tard indicator:     0.0
   Value of tmax indicator:         1.0

Task for patient = 83 with skills = {2,5} and cost = 630.0
   Vehicle #0 = 11, leaving at = 906.0
   Vehicle #1 = 32, leaving at = 889.0
   Increment on distance indicator: 11.0
   Increment on tard indicator:     0.0
   Value of tmax indicator:         11.0

Task for patient = 175 with skills = {4,-1} and cost = 607.3
   Vehicle #0 = 56, leaving at = 978.0
   Vehicle #1 = -1, leaving at = inf
   Increment on distance indicator: 6.0
   Increment on tard indicator:     0.0
   Value of tmax indicator:         6.0

Task for patient = 17 with skills = {1,-1} and cost = 624.0
   Vehicle #0 = 16, leaving at = 804.0
   Vehicle #1 = -1, leaving at = inf
   Increment on distance indicator: 3.0
   Increment on tard indicator:     0.0
   Value of tmax indicator:         3.0

Task for patient = 147 with skills = {5,-1} and cost = 623.0
   Vehicle #0 = 51, leaving at = 893.0
   Vehicle #1 = -1, leaving at = inf
   Increment on distance indicator: 4.0
   Increment on tard indicator:     0.0
   Value of tmax indicator:         4.0

Task for patient = 164 with skills = {2,5} and cost = 621.7
   Vehicle #0 = 5, leaving at = 918.0
   Vehicle #1 = 30, leaving at = 911.0
   Increment on distance indicator: 12.0
   Increment on tard indicator:     0.0
   Value of tmax indicator:         12.0

Task for patient = 30 with skills = {2,5} and cost = 617.7
   Vehicle #0 = 10, leaving at = 905.0
   Vehicle #1 = 52, leaving at = 889.0
   Increment on distance indicator: 9.0
   Increment on tard indicator:     0.0
   Value of tmax indicator:         9.0

Task for patient = 106 with skills = {1,3} and cost = 614.7
   Vehicle #0 = 15, leaving at = 887.0
   Vehicle #1 = 33, leaving at = 906.0
   Increment on distance indicator: 6.0
   Increment on tard indicator:     0.0
   Value of tmax indicator:         6.0

Task for patient = 213 with skills = {3,-1} and cost = 612.7
   Vehicle #0 = 44, leaving at = 875.0
   Vehicle #1 = -1, leaving at = inf
   Increment on distance indicator: 2.0
   Increment on tard indicator:     0.0
   Value of tmax indicator:         2.0

Task for patient = 64 with skills = {4,-1} and cost = 612.0
   Vehicle #0 = 42, leaving at = 930.0
   Vehicle #1 = -1, leaving at = inf
   Increment on distance indicator: 3.0
   Increment on tard indicator:     0.0
   Value of tmax indicator:         3.0

Task for patient = 199 with skills = {0,4} and cost = 611.0
   Vehicle #0 = 8, leaving at = 876.0
   Vehicle #1 = 36, leaving at = 875.0
   Increment on distance indicator: 11.0
   Increment on tard indicator:     0.0
   Value of tmax indicator:         11.0

Task for patient = 299 with skills = {0,-1} and cost = 572.3
   Vehicle #0 = 9, leaving at = 862.0
   Vehicle #1 = -1, leaving at = inf
   Increment on distance indicator: 3.0
   Increment on tard indicator:     0.0
   Value of tmax indicator:         3.0

Task for patient = 143 with skills = {3,-1} and cost = 626.3
   Vehicle #0 = 44, leaving at = 924.0
   Vehicle #1 = -1, leaving at = inf
   Increment on distance indicator: 7.0
   Increment on tard indicator:     0.0
   Value of tmax indicator:         7.0

Task for patient = 94 with skills = {1,-1} and cost = 527.0
   Vehicle #0 = 22, leaving at = 737.0
   Vehicle #1 = -1, leaving at = inf
   Increment on distance indicator: 1.0
   Increment on tard indicator:     0.0
   Value of tmax indicator:         1.0

Task for patient = 92 with skills = {0,-1} and cost = 526.7
   Vehicle #0 = 4, leaving at = 965.0
   Vehicle #1 = -1, leaving at = inf
   Increment on distance indicator: 5.0
   Increment on tard indicator:     0.0
   Value of tmax indicator:         5.0

Task for patient = 243 with skills = {4,-1} and cost = 525.0
   Vehicle #0 = 38, leaving at = 887.0
   Vehicle #1 = -1, leaving at = inf
   Increment on distance indicator: 3.0
   Increment on tard indicator:     0.0
   Value of tmax indicator:         3.0

Task for patient = 296 with skills = {0,-1} and cost = 524.0
   Vehicle #0 = 19, leaving at = 992.0
   Vehicle #1 = -1, leaving at = inf
   Increment on distance indicator: 10.0
   Increment on tard indicator:     0.0
   Value of tmax indicator:         10.0

Task for patient = 14 with skills = {1,-1} and cost = 520.7
   Vehicle #0 = 20, leaving at = 669.0
   Vehicle #1 = -1, leaving at = inf
   Increment on distance indicator: 8.0
   Increment on tard indicator:     0.0
   Value of tmax indicator:         8.0

Task for patient = 111 with skills = {1,4} and cost = 518.0
   Vehicle #0 = 21, leaving at = 907.0
   Vehicle #1 = 40, leaving at = 895.0
   Increment on distance indicator: 26.0
   Increment on tard indicator:     0.0
   Value of tmax indicator:         26.0

Task for patient = 179 with skills = {4,-1} and cost = 509.3
   Vehicle #0 = 59, leaving at = 801.0
   Vehicle #1 = -1, leaving at = inf
   Increment on distance indicator: 2.0
   Increment on tard indicator:     0.0
   Value of tmax indicator:         2.0

Task for patient = 36 with skills = {5,-1} and cost = 508.7
   Vehicle #0 = 48, leaving at = 806.0
   Vehicle #1 = -1, leaving at = inf
   Increment on distance indicator: 4.0
   Increment on tard indicator:     0.0
   Value of tmax indicator:         4.0

Task for patient = 84 with skills = {0,4} and cost = 571.3
   Vehicle #0 = 5, leaving at = 866.0
   Vehicle #1 = 39, leaving at = 914.0
   Increment on distance indicator: 13.0
   Increment on tard indicator:     0.0
   Value of tmax indicator:         13.0

Task for patient = 125 with skills = {1,4} and cost = 500.7
   Vehicle #0 = 21, leaving at = 830.0
   Vehicle #1 = 40, leaving at = 841.0
   Increment on distance indicator: 16.0
   Increment on tard indicator:     0.0
   Value of tmax indicator:         16.0

Task for patient = 270 with skills = {0,3} and cost = 495.3
   Vehicle #0 = 3, leaving at = 777.0
   Vehicle #1 = 51, leaving at = 763.0
   Increment on distance indicator: 6.0
   Increment on tard indicator:     0.0
   Value of tmax indicator:         6.0

Task for patient = 236 with skills = {1,-1} and cost = 493.3
   Vehicle #0 = 19, leaving at = 890.0
   Vehicle #1 = -1, leaving at = inf
   Increment on distance indicator: 2.0
   Increment on tard indicator:     0.0
   Value of tmax indicator:         2.0

Task for patient = 93 with skills = {4,-1} and cost = 492.7
   Vehicle #0 = 56, leaving at = 773.0
   Vehicle #1 = -1, leaving at = inf
   Increment on distance indicator: 6.0
   Increment on tard indicator:     0.0
   Value of tmax indicator:         6.0

Task for patient = 62 with skills = {4,-1} and cost = 490.7
   Vehicle #0 = 53, leaving at = 854.0
   Vehicle #1 = -1, leaving at = inf
   Increment on distance indicator: 2.0
   Increment on tard indicator:     0.0
   Value of tmax indicator:         2.0

Task for patient = 244 with skills = {2,4} and cost = 490.0
   Vehicle #0 = 0, leaving at = 861.0
   Vehicle #1 = 53, leaving at = 834.0
   Increment on distance indicator: 11.0
   Increment on tard indicator:     0.0
   Value of tmax indicator:         11.0

Task for patient = 8 with skills = {0,-1} and cost = 486.3
   Vehicle #0 = 18, leaving at = 878.0
   Vehicle #1 = -1, leaving at = inf
   Increment on distance indicator: 8.0
   Increment on tard indicator:     0.0
   Value of tmax indicator:         8.0

Task for patient = 246 with skills = {0,-1} and cost = 483.7
   Vehicle #0 = 7, leaving at = 934.0
   Vehicle #1 = -1, leaving at = inf
   Increment on distance indicator: 7.0
   Increment on tard indicator:     0.0
   Value of tmax indicator:         7.0

Task for patient = 262 with skills = {5,-1} and cost = 481.3
   Vehicle #0 = 45, leaving at = 849.0
   Vehicle #1 = -1, leaving at = inf
   Increment on distance indicator: 5.0
   Increment on tard indicator:     0.0
   Value of tmax indicator:         5.0

Task for patient = 272 with skills = {4,-1} and cost = 507.3
   Vehicle #0 = 47, leaving at = 701.0
   Vehicle #1 = -1, leaving at = inf
   Increment on distance indicator: 20.0
   Increment on tard indicator:     0.0
   Value of tmax indicator:         20.0

Task for patient = 88 with skills = {4,-1} and cost = 653.3
   Vehicle #0 = 36, leaving at = 934.0
   Vehicle #1 = -1, leaving at = inf
   Increment on distance indicator: 4.0
   Increment on tard indicator:     0.0
   Value of tmax indicator:         4.0

Task for patient = 212 with skills = {0,3} and cost = 567.0
   Vehicle #0 = 4, leaving at = 1023.0
   Vehicle #1 = 31, leaving at = 1026.0
   Increment on distance indicator: 9.0
   Increment on tard indicator:     0.0
   Value of tmax indicator:         9.0

Task for patient = 278 with skills = {3,-1} and cost = 564.0
   Vehicle #0 = 40, leaving at = 916.0
   Vehicle #1 = -1, leaving at = inf
   Increment on distance indicator: 5.0
   Increment on tard indicator:     0.0
   Value of tmax indicator:         5.0

Task for patient = 133 with skills = {1,-1} and cost = 562.3
   Vehicle #0 = 20, leaving at = 860.0
   Vehicle #1 = -1, leaving at = inf
   Increment on distance indicator: 5.0
   Increment on tard indicator:     0.0
   Value of tmax indicator:         5.0

Task for patient = 95 with skills = {3,-1} and cost = 560.7
   Vehicle #0 = 31, leaving at = 885.0
   Vehicle #1 = -1, leaving at = inf
   Increment on distance indicator: 1.0
   Increment on tard indicator:     0.0
   Value of tmax indicator:         1.0

Task for patient = 119 with skills = {4,-1} and cost = 560.3
   Vehicle #0 = 41, leaving at = 851.0
   Vehicle #1 = -1, leaving at = inf
   Increment on distance indicator: 5.0
   Increment on tard indicator:     0.0
   Value of tmax indicator:         5.0

Task for patient = 259 with skills = {5,-1} and cost = 558.7
   Vehicle #0 = 32, leaving at = 850.0
   Vehicle #1 = -1, leaving at = inf
   Increment on distance indicator: 6.0
   Increment on tard indicator:     0.0
   Value of tmax indicator:         6.0

Task for patient = 158 with skills = {5,-1} and cost = 556.7
   Vehicle #0 = 56, leaving at = 826.0
   Vehicle #1 = -1, leaving at = inf
   Increment on distance indicator: 3.0
   Increment on tard indicator:     0.0
   Value of tmax indicator:         3.0

Task for patient = 180 with skills = {1,5} and cost = 529.7
   Vehicle #0 = 15, leaving at = 851.0
   Vehicle #1 = 33, leaving at = 859.0
   Increment on distance indicator: 8.0
   Increment on tard indicator:     0.0
   Value of tmax indicator:         8.0

Task for patient = 245 with skills = {4,-1} and cost = 553.7
   Vehicle #0 = 52, leaving at = 811.0
   Vehicle #1 = -1, leaving at = inf
   Increment on distance indicator: 6.0
   Increment on tard indicator:     0.0
   Value of tmax indicator:         6.0

Task for patient = 248 with skills = {4,-1} and cost = 551.7
   Vehicle #0 = 36, leaving at = 839.0
   Vehicle #1 = -1, leaving at = inf
   Increment on distance indicator: 8.0
   Increment on tard indicator:     0.0
   Value of tmax indicator:         8.0

Task for patient = 86 with skills = {2,3} and cost = 549.0
   Vehicle #0 = 25, leaving at = 806.0
   Vehicle #1 = 47, leaving at = 821.0
   Increment on distance indicator: 4.0
   Increment on tard indicator:     0.0
   Value of tmax indicator:         4.0

Task for patient = 217 with skills = {2,4} and cost = 547.7
   Vehicle #0 = 22, leaving at = 818.0
   Vehicle #1 = 39, leaving at = 824.0
   Increment on distance indicator: 7.0
   Increment on tard indicator:     0.0
   Value of tmax indicator:         7.0

Task for patient = 165 with skills = {4,-1} and cost = 545.3
   Vehicle #0 = 41, leaving at = 817.0
   Vehicle #1 = -1, leaving at = inf
   Increment on distance indicator: 4.0
   Increment on tard indicator:     0.0
   Value of tmax indicator:         4.0

Task for patient = 187 with skills = {1,4} and cost = 544.0
   Vehicle #0 = 0, leaving at = 902.0
   Vehicle #1 = 53, leaving at = 894.0
   Increment on distance indicator: 16.0
   Increment on tard indicator:     0.0
   Value of tmax indicator:         16.0

Task for patient = 89 with skills = {1,5} and cost = 538.7
   Vehicle #0 = 20, leaving at = 833.0
   Vehicle #1 = 43, leaving at = 849.0
   Increment on distance indicator: 11.0
   Increment on tard indicator:     0.0
   Value of tmax indicator:         11.0

Task for patient = 289 with skills = {1,-1} and cost = 535.0
   Vehicle #0 = 27, leaving at = 785.0
   Vehicle #1 = -1, leaving at = inf
   Increment on distance indicator: 14.0
   Increment on tard indicator:     0.0
   Value of tmax indicator:         14.0

Task for patient = 37 with skills = {3,-1} and cost = 530.3
   Vehicle #0 = 46, leaving at = 806.0
   Vehicle #1 = -1, leaving at = inf
   Increment on distance indicator: 2.0
   Increment on tard indicator:     0.0
   Value of tmax indicator:         2.0

Task for patient = 181 with skills = {5,-1} and cost = 555.7
   Vehicle #0 = 46, leaving at = 924.0
   Vehicle #1 = -1, leaving at = inf
   Increment on distance indicator: 6.0
   Increment on tard indicator:     0.0
   Value of tmax indicator:         6.0

Task for patient = 9 with skills = {5,-1} and cost = 766.0
   Vehicle #0 = 46, leaving at = 1089.0
   Vehicle #1 = -1, leaving at = inf
   Increment on distance indicator: 3.0
   Increment on tard indicator:     0.0
   Value of tmax indicator:         3.0

Task for patient = 1 with skills = {2,4} and cost = 765.0
   Vehicle #0 = 2, leaving at = 968.0
   Vehicle #1 = 40, leaving at = 1010.0
   Increment on distance indicator: 16.0
   Increment on tard indicator:     0.0
   Value of tmax indicator:         16.0

Task for patient = 109 with skills = {0,-1} and cost = 759.7
   Vehicle #0 = 12, leaving at = 966.0
   Vehicle #1 = -1, leaving at = inf
   Increment on distance indicator: 4.0
   Increment on tard indicator:     0.0
   Value of tmax indicator:         4.0

Task for patient = 189 with skills = {1,-1} and cost = 758.3
   Vehicle #0 = 11, leaving at = 1042.0
   Vehicle #1 = -1, leaving at = inf
   Increment on distance indicator: 5.0
   Increment on tard indicator:     0.0
   Value of tmax indicator:         5.0

Task for patient = 200 with skills = {0,-1} and cost = 756.7
   Vehicle #0 = 18, leaving at = 1014.0
   Vehicle #1 = -1, leaving at = inf
   Increment on distance indicator: 5.0
   Increment on tard indicator:     0.0
   Value of tmax indicator:         5.0

Task for patient = 154 with skills = {4,-1} and cost = 755.0
   Vehicle #0 = 56, leaving at = 1031.0
   Vehicle #1 = -1, leaving at = inf
   Increment on distance indicator: 5.0
   Increment on tard indicator:     0.0
   Value of tmax indicator:         5.0

Task for patient = 130 with skills = {5,-1} and cost = 753.3
   Vehicle #0 = 53, leaving at = 956.0
   Vehicle #1 = -1, leaving at = inf
   Increment on distance indicator: 5.0
   Increment on tard indicator:     0.0
   Value of tmax indicator:         5.0

Task for patient = 239 with skills = {1,-1} and cost = 751.7
   Vehicle #0 = 27, leaving at = 961.0
   Vehicle #1 = -1, leaving at = inf
   Increment on distance indicator: 8.0
   Increment on tard indicator:     0.0
   Value of tmax indicator:         8.0

Task for patient = 129 with skills = {2,-1} and cost = 656.3
   Vehicle #0 = 25, leaving at = 860.0
   Vehicle #1 = -1, leaving at = inf
   Increment on distance indicator: 9.0
   Increment on tard indicator:     0.0
   Value of tmax indicator:         9.0

Task for patient = 116 with skills = {4,-1} and cost = 748.3
   Vehicle #0 = 44, leaving at = 997.0
   Vehicle #1 = -1, leaving at = inf
   Increment on distance indicator: 2.0
   Increment on tard indicator:     0.0
   Value of tmax indicator:         2.0

Task for patient = 2 with skills = {5,-1} and cost = 747.7
   Vehicle #0 = 45, leaving at = 1030.0
   Vehicle #1 = -1, leaving at = inf
   Increment on distance indicator: 1.0
   Increment on tard indicator:     0.0
   Value of tmax indicator:         1.0

Task for patient = 177 with skills = {4,-1} and cost = 747.3
   Vehicle #0 = 41, leaving at = 968.0
   Vehicle #1 = -1, leaving at = inf
   Increment on distance indicator: 9.0
   Increment on tard indicator:     0.0
   Value of tmax indicator:         9.0

Task for patient = 298 with skills = {1,-1} and cost = 744.3
   Vehicle #0 = 0, leaving at = 994.0
   Vehicle #1 = -1, leaving at = inf
   Increment on distance indicator: 4.0
   Increment on tard indicator:     0.0
   Value of tmax indicator:         4.0

Task for patient = 117 with skills = {2,-1} and cost = 743.0
   Vehicle #0 = 9, leaving at = 963.0
   Vehicle #1 = -1, leaving at = inf
   Increment on distance indicator: 4.0
   Increment on tard indicator:     0.0
   Value of tmax indicator:         4.0

Task for patient = 142 with skills = {2,-1} and cost = 741.7
   Vehicle #0 = 2, leaving at = 927.0
   Vehicle #1 = -1, leaving at = inf
   Increment on distance indicator: 12.0
   Increment on tard indicator:     0.0
   Value of tmax indicator:         12.0

Task for patient = 104 with skills = {1,5} and cost = 737.7
   Vehicle #0 = 12, leaving at = 945.0
   Vehicle #1 = 48, leaving at = 989.0
   Increment on distance indicator: 5.0
   Increment on tard indicator:     0.0
   Value of tmax indicator:         5.0

Task for patient = 284 with skills = {5,-1} and cost = 736.0
   Vehicle #0 = 43, leaving at = 990.0
   Vehicle #1 = -1, leaving at = inf
   Increment on distance indicator: 1.0
   Increment on tard indicator:     0.0
   Value of tmax indicator:         1.0

Task for patient = 22 with skills = {1,-1} and cost = 749.0
   Vehicle #0 = 20, leaving at = 1046.0
   Vehicle #1 = -1, leaving at = inf
   Increment on distance indicator: 2.0
   Increment on tard indicator:     0.0
   Value of tmax indicator:         2.0

Task for patient = 60 with skills = {1,5} and cost = 819.0
   Vehicle #0 = 7, leaving at = 1032.0
   Vehicle #1 = 42, leaving at = 1004.0
   Increment on distance indicator: 11.0
   Increment on tard indicator:     0.0
   Value of tmax indicator:         11.0

Task for patient = 128 with skills = {2,3} and cost = 815.3
   Vehicle #0 = 1, leaving at = 1088.0
   Vehicle #1 = 45, leaving at = 1052.0
   Increment on distance indicator: 5.0
   Increment on tard indicator:     0.0
   Value of tmax indicator:         5.0

Task for patient = 85 with skills = {1,3} and cost = 813.7
   Vehicle #0 = 25, leaving at = 1047.0
   Vehicle #1 = 34, leaving at = 1040.0
   Increment on distance indicator: 14.0
   Increment on tard indicator:     0.0
   Value of tmax indicator:         14.0

Task for patient = 168 with skills = {3,-1} and cost = 809.0
   Vehicle #0 = 37, leaving at = 1055.0
   Vehicle #1 = -1, leaving at = inf
   Increment on distance indicator: 9.0
   Increment on tard indicator:     0.0
   Value of tmax indicator:         9.0

Task for patient = 52 with skills = {3,-1} and cost = 806.0
   Vehicle #0 = 53, leaving at = 988.0
   Vehicle #1 = -1, leaving at = inf
   Increment on distance indicator: 6.0
   Increment on tard indicator:     0.0
   Value of tmax indicator:         6.0

Task for patient = 71 with skills = {2,4} and cost = 804.0
   Vehicle #0 = 11, leaving at = 1106.0
   Vehicle #1 = 32, leaving at = 1095.0
   Increment on distance indicator: 11.0
   Increment on tard indicator:     0.0
   Value of tmax indicator:         11.0

Task for patient = 240 with skills = {0,3} and cost = 800.3
   Vehicle #0 = 3, leaving at = 1040.0
   Vehicle #1 = 47, leaving at = 1046.0
   Increment on distance indicator: 6.0
   Increment on tard indicator:     0.0
   Value of tmax indicator:         6.0

Task for patient = 4 with skills = {0,3} and cost = 798.3
   Vehicle #0 = 8, leaving at = 1010.0
   Vehicle #1 = 38, leaving at = 1005.0
   Increment on distance indicator: 8.0
   Increment on tard indicator:     0.0
   Value of tmax indicator:         8.0

Task for patient = 58 with skills = {2,-1} and cost = 767.7
   Vehicle #0 = 2, leaving at = 1000.0
   Vehicle #1 = -1, leaving at = inf
   Increment on distance indicator: 5.0
   Increment on tard indicator:     0.0
   Value of tmax indicator:         5.0

Task for patient = 138 with skills = {1,-1} and cost = 792.0
   Vehicle #0 = 9, leaving at = 1025.0
   Vehicle #1 = -1, leaving at = inf
   Increment on distance indicator: 16.0
   Increment on tard indicator:     0.0
   Value of tmax indicator:         16.0

Task for patient = 271 with skills = {2,5} and cost = 786.7
   Vehicle #0 = 19, leaving at = 1041.0
   Vehicle #1 = 51, leaving at = 1060.0
   Increment on distance indicator: 12.0
   Increment on tard indicator:     0.0
   Value of tmax indicator:         12.0

Task for patient = 24 with skills = {0,4} and cost = 782.7
   Vehicle #0 = 8, leaving at = 967.0
   Vehicle #1 = 52, leaving at = 975.0
   Increment on distance indicator: 12.0
   Increment on tard indicator:     0.0
   Value of tmax indicator:         12.0

Task for patient = 174 with skills = {2,-1} and cost = 778.7
   Vehicle #0 = 10, leaving at = 994.0
   Vehicle #1 = -1, leaving at = inf
   Increment on distance indicator: 4.0
   Increment on tard indicator:     0.0
   Value of tmax indicator:         4.0

Task for patient = 50 with skills = {2,-1} and cost = 777.3
   Vehicle #0 = 18, leaving at = 1063.0
   Vehicle #1 = -1, leaving at = inf
   Increment on distance indicator: 1.0
   Increment on tard indicator:     0.0
   Value of tmax indicator:         1.0

Task for patient = 263 with skills = {1,4} and cost = 777.0
   Vehicle #0 = 21, leaving at = 1064.0
   Vehicle #1 = 40, leaving at = 1059.0
   Increment on distance indicator: 12.0
   Increment on tard indicator:     0.0
   Value of tmax indicator:         12.0

Task for patient = 136 with skills = {5,-1} and cost = 773.0
   Vehicle #0 = 41, leaving at = 1015.0
   Vehicle #1 = -1, leaving at = inf
   Increment on distance indicator: 3.0
   Increment on tard indicator:     0.0
   Value of tmax indicator:         3.0

Task for patient = 275 with skills = {1,5} and cost = 772.0
   Vehicle #0 = 12, leaving at = 1010.0
   Vehicle #1 = 43, leaving at = 1016.0
   Increment on distance indicator: 7.0
   Increment on tard indicator:     0.0
   Value of tmax indicator:         7.0

Task for patient = 282 with skills = {4,-1} and cost = 769.7
   Vehicle #0 = 32, leaving at = 1062.0
   Vehicle #1 = -1, leaving at = inf
   Increment on distance indicator: 6.0
   Increment on tard indicator:     0.0
   Value of tmax indicator:         6.0

Task for patient = 141 with skills = {2,-1} and cost = 795.7
   Vehicle #0 = 2, leaving at = 1026.0
   Vehicle #1 = -1, leaving at = inf
   Increment on distance indicator: 11.0
   Increment on tard indicator:     0.0
   Value of tmax indicator:         11.0

Task for patient = 155 with skills = {1,-1} and cost = 693.0
   Vehicle #0 = 15, leaving at = 926.0
   Vehicle #1 = -1, leaving at = inf
   Increment on distance indicator: 2.0
   Increment on tard indicator:     0.0
   Value of tmax indicator:         2.0

Task for patient = 73 with skills = {1,-1} and cost = 692.3
   Vehicle #0 = 21, leaving at = 1017.0
   Vehicle #1 = -1, leaving at = inf
   Increment on distance indicator: 7.0
   Increment on tard indicator:     0.0
   Value of tmax indicator:         7.0

Task for patient = 5 with skills = {1,3} and cost = 690.0
   Vehicle #0 = 21, leaving at = 967.0
   Vehicle #1 = 40, leaving at = 946.0
   Increment on distance indicator: 8.0
   Increment on tard indicator:     0.0
   Value of tmax indicator:         8.0

Task for patient = 18 with skills = {2,3} and cost = 687.3
   Vehicle #0 = 11, leaving at = 948.0
   Vehicle #1 = 35, leaving at = 977.0
   Increment on distance indicator: 12.0
   Increment on tard indicator:     0.0
   Value of tmax indicator:         12.0

Task for patient = 25 with skills = {4,-1} and cost = 683.3
   Vehicle #0 = 45, leaving at = 979.0
   Vehicle #1 = -1, leaving at = inf
   Increment on distance indicator: 3.0
   Increment on tard indicator:     0.0
   Value of tmax indicator:         3.0

Task for patient = 43 with skills = {1,-1} and cost = 682.3
   Vehicle #0 = 7, leaving at = 962.0
   Vehicle #1 = -1, leaving at = inf
   Increment on distance indicator: 2.0
   Increment on tard indicator:     0.0
   Value of tmax indicator:         2.0

Task for patient = 81 with skills = {2,4} and cost = 681.7
   Vehicle #0 = 1, leaving at = 946.0
   Vehicle #1 = 45, leaving at = 925.0
   Increment on distance indicator: 6.0
   Increment on tard indicator:     0.0
   Value of tmax indicator:         6.0

Task for patient = 193 with skills = {0,-1} and cost = 679.7
   Vehicle #0 = 18, leaving at = 925.0
   Vehicle #1 = -1, leaving at = inf
   Increment on distance indicator: 5.0
   Increment on tard indicator:     0.0
   Value of tmax indicator:         5.0

Task for patient = 90 with skills = {1,4} and cost = 735.7
   Vehicle #0 = 23, leaving at = 971.0
   Vehicle #1 = 36, leaving at = 980.0
   Increment on distance indicator: 10.0
   Increment on tard indicator:     0.0
   Value of tmax indicator:         10.0

Task for patient = 139 with skills = {2,3} and cost = 676.7
   Vehicle #0 = 22, leaving at = 933.0
   Vehicle #1 = 38, leaving at = 984.0
   Increment on distance indicator: 8.0
   Increment on tard indicator:     0.0
   Value of tmax indicator:         8.0

Task for patient = 241 with skills = {0,-1} and cost = 674.0
   Vehicle #0 = 27, leaving at = 886.0
   Vehicle #1 = -1, leaving at = inf
   Increment on distance indicator: 9.0
   Increment on tard indicator:     0.0
   Value of tmax indicator:         9.0

Task for patient = 51 with skills = {2,5} and cost = 671.0
   Vehicle #0 = 25, leaving at = 933.0
   Vehicle #1 = 51, leaving at = 947.0
   Increment on distance indicator: 8.0
   Increment on tard indicator:     0.0
   Value of tmax indicator:         8.0

Task for patient = 169 with skills = {5,-1} and cost = 668.3
   Vehicle #0 = 32, leaving at = 956.0
   Vehicle #1 = -1, leaving at = inf
   Increment on distance indicator: 3.0
   Increment on tard indicator:     0.0
   Value of tmax indicator:         3.0

Task for patient = 144 with skills = {0,3} and cost = 667.3
   Vehicle #0 = 14, leaving at = 1017.0
   Vehicle #1 = 55, leaving at = 1003.0
   Increment on distance indicator: 9.0
   Increment on tard indicator:     0.0
   Value of tmax indicator:         9.0

Task for patient = 186 with skills = {0,3} and cost = 664.3
   Vehicle #0 = 20, leaving at = 915.0
   Vehicle #1 = 35, leaving at = 922.0
   Increment on distance indicator: 8.0
   Increment on tard indicator:     0.0
   Value of tmax indicator:         8.0

Task for patient = 140 with skills = {1,5} and cost = 661.7
   Vehicle #0 = 1, leaving at = 876.0
   Vehicle #1 = 45, leaving at = 894.0
   Increment on distance indicator: 12.0
   Increment on tard indicator:     0.0
   Value of tmax indicator:         12.0

Task for patient = 39 with skills = {5,-1} and cost = 657.7
   Vehicle #0 = 55, leaving at = 978.0
   Vehicle #1 = -1, leaving at = inf
   Increment on distance indicator: 4.0
   Increment on tard indicator:     0.0
   Value of tmax indicator:         4.0

Task for patient = 233 with skills = {4,-1} and cost = 479.7
   Vehicle #0 = 56, leaving at = 716.0
   Vehicle #1 = -1, leaving at = inf
   Increment on distance indicator: 9.0
   Increment on tard indicator:     0.0
   Value of tmax indicator:         9.0

Task for patient = 12 with skills = {2,5} and cost = 678.0
   Vehicle #0 = 5, leaving at = 948.0
   Vehicle #1 = 30, leaving at = 947.0
   Increment on distance indicator: 4.0
   Increment on tard indicator:     0.0
   Value of tmax indicator:         4.0

Task for patient = 44 with skills = {5,-1} and cost = 732.3
   Vehicle #0 = 49, leaving at = 953.0
   Vehicle #1 = -1, leaving at = inf
   Increment on distance indicator: 5.0
   Increment on tard indicator:     0.0
   Value of tmax indicator:         5.0

Task for patient = 70 with skills = {1,4} and cost = 730.7
   Vehicle #0 = 23, leaving at = 851.0
   Vehicle #1 = 49, leaving at = 822.0
   Increment on distance indicator: 14.0
   Increment on tard indicator:     0.0
   Value of tmax indicator:         14.0

Task for patient = 124 with skills = {1,-1} and cost = 726.0
   Vehicle #0 = 25, leaving at = 998.0
   Vehicle #1 = -1, leaving at = inf
   Increment on distance indicator: 5.0
   Increment on tard indicator:     0.0
   Value of tmax indicator:         5.0

Task for patient = 288 with skills = {4,-1} and cost = 724.3
   Vehicle #0 = 47, leaving at = 1011.0
   Vehicle #1 = -1, leaving at = inf
   Increment on distance indicator: 5.0
   Increment on tard indicator:     0.0
   Value of tmax indicator:         5.0

Task for patient = 235 with skills = {2,-1} and cost = 722.7
   Vehicle #0 = 10, leaving at = 962.0
   Vehicle #1 = -1, leaving at = inf
   Increment on distance indicator: 4.0
   Increment on tard indicator:     0.0
   Value of tmax indicator:         4.0

Task for patient = 294 with skills = {3,-1} and cost = 721.3
   Vehicle #0 = 51, leaving at = 1010.0
   Vehicle #1 = -1, leaving at = inf
   Increment on distance indicator: 7.0
   Increment on tard indicator:     0.0
   Value of tmax indicator:         7.0

Task for patient = 260 with skills = {0,5} and cost = 719.0
   Vehicle #0 = 20, leaving at = 1015.0
   Vehicle #1 = 56, leaving at = 999.0
   Increment on distance indicator: 7.0
   Increment on tard indicator:     0.0
   Value of tmax indicator:         7.0

Task for patient = 273 with skills = {3,-1} and cost = 716.7
   Vehicle #0 = 46, leaving at = 1030.0
   Vehicle #1 = -1, leaving at = inf
   Increment on distance indicator: 3.0
   Increment on tard indicator:     0.0
   Value of tmax indicator:         3.0

Task for patient = 11 with skills = {5,-1} and cost = 695.0
   Vehicle #0 = 39, leaving at = 970.0
   Vehicle #1 = -1, leaving at = inf
   Increment on distance indicator: 6.0
   Increment on tard indicator:     0.0
   Value of tmax indicator:         6.0

Task for patient = 101 with skills = {3,-1} and cost = 715.3
   Vehicle #0 = 37, leaving at = 990.0
   Vehicle #1 = -1, leaving at = inf
   Increment on distance indicator: 6.0
   Increment on tard indicator:     0.0
   Value of tmax indicator:         6.0

Task for patient = 269 with skills = {5,-1} and cost = 713.3
   Vehicle #0 = 33, leaving at = 1017.0
   Vehicle #1 = -1, leaving at = inf
   Increment on distance indicator: 5.0
   Increment on tard indicator:     0.0
   Value of tmax indicator:         5.0

Task for patient = 279 with skills = {2,-1} and cost = 711.7
   Vehicle #0 = 1, leaving at = 990.0
   Vehicle #1 = -1, leaving at = inf
   Increment on distance indicator: 3.0
   Increment on tard indicator:     0.0
   Value of tmax indicator:         3.0

Task for patient = 91 with skills = {5,-1} and cost = 710.7
   Vehicle #0 = 43, leaving at = 918.0
   Vehicle #1 = -1, leaving at = inf
   Increment on distance indicator: 7.0
   Increment on tard indicator:     0.0
   Value of tmax indicator:         7.0

Task for patient = 228 with skills = {2,-1} and cost = 706.3
   Vehicle #0 = 27, leaving at = 930.0
   Vehicle #1 = -1, leaving at = inf
   Increment on distance indicator: 7.0
   Increment on tard indicator:     0.0
   Value of tmax indicator:         7.0

Task for patient = 204 with skills = {5,-1} and cost = 704.0
   Vehicle #0 = 48, leaving at = 886.0
   Vehicle #1 = -1, leaving at = inf
   Increment on distance indicator: 8.0
   Increment on tard indicator:     0.0
   Value of tmax indicator:         8.0

Task for patient = 126 with skills = {5,-1} and cost = 701.3
   Vehicle #0 = 42, leaving at = 969.0
   Vehicle #1 = -1, leaving at = inf
   Increment on distance indicator: 4.0
   Increment on tard indicator:     0.0
   Value of tmax indicator:         4.0

Task for patient = 167 with skills = {1,4} and cost = 700.0
   Vehicle #0 = 0, leaving at = 970.0
   Vehicle #1 = 33, leaving at = 997.0
   Increment on distance indicator: 4.0
   Increment on tard indicator:     0.0
   Value of tmax indicator:         4.0

Task for patient = 261 with skills = {1,5} and cost = 698.7
   Vehicle #0 = 11, leaving at = 993.0
   Vehicle #1 = 32, leaving at = 1011.0
   Increment on distance indicator: 11.0
   Increment on tard indicator:     0.0
   Value of tmax indicator:         11.0

Task for patient = 34 with skills = {5,-1} and cost = 715.7
   Vehicle #0 = 39, leaving at = 1008.0
   Vehicle #1 = -1, leaving at = inf
   Increment on distance indicator: 1.0
   Increment on tard indicator:     0.0
   Value of tmax indicator:         1.0

Task for patient = 276 with skills = {1,5} and cost = 220.7
   Vehicle #0 = 15, leaving at = 630.0
   Vehicle #1 = 46, leaving at = 649.0
   Increment on distance indicator: 10.0
   Increment on tard indicator:     0.0
   Value of tmax indicator:         10.0

Task for patient = 234 with skills = {0,4} and cost = 217.3
   Vehicle #0 = 19, leaving at = 647.0
   Vehicle #1 = 45, leaving at = 671.0
   Increment on distance indicator: 10.0
   Increment on tard indicator:     0.0
   Value of tmax indicator:         10.0

Task for patient = 107 with skills = {2,3} and cost = 214.0
   Vehicle #0 = 18, leaving at = 629.0
   Vehicle #1 = 35, leaving at = 642.0
   Increment on distance indicator: 17.0
   Increment on tard indicator:     0.0
   Value of tmax indicator:         17.0

Task for patient = 224 with skills = {1,-1} and cost = 208.3
   Vehicle #0 = 0, leaving at = 774.0
   Vehicle #1 = -1, leaving at = inf
   Increment on distance indicator: 2.0
   Increment on tard indicator:     0.0
   Value of tmax indicator:         2.0

Task for patient = 295 with skills = {3,-1} and cost = 207.7
   Vehicle #0 = 35, leaving at = 595.0
   Vehicle #1 = -1, leaving at = inf
   Increment on distance indicator: 1.0
   Increment on tard indicator:     0.0
   Value of tmax indicator:         1.0

Task for patient = 15 with skills = {2,3} and cost = 207.3
   Vehicle #0 = 19, leaving at = 620.0
   Vehicle #1 = 45, leaving at = 612.0
   Increment on distance indicator: 6.0
   Increment on tard indicator:     0.0
   Value of tmax indicator:         6.0

Task for patient = 163 with skills = {0,3} and cost = 205.3
   Vehicle #0 = 19, leaving at = 543.0
   Vehicle #1 = 45, leaving at = 585.0
   Increment on distance indicator: 16.0
   Increment on tard indicator:     0.0
   Value of tmax indicator:         16.0

Task for patient = 87 with skills = {4,-1} and cost = 200.0
   Vehicle #0 = 40, leaving at = 644.0
   Vehicle #1 = -1, leaving at = inf
   Increment on distance indicator: 1.0
   Increment on tard indicator:     0.0
   Value of tmax indicator:         1.0

Task for patient = 120 with skills = {0,-1} and cost = 476.7
   Vehicle #0 = 19, leaving at = 772.0
   Vehicle #1 = -1, leaving at = inf
   Increment on distance indicator: 2.0
   Increment on tard indicator:     0.0
   Value of tmax indicator:         2.0

Task for patient = 57 with skills = {5,-1} and cost = 187.0
   Vehicle #0 = 43, leaving at = 533.0
   Vehicle #1 = -1, leaving at = inf
   Increment on distance indicator: 21.0
   Increment on tard indicator:     0.0
   Value of tmax indicator:         21.0

Task for patient = 75 with skills = {2,4} and cost = 173.7
   Vehicle #0 = 12, leaving at = 685.0
   Vehicle #1 = 38, leaving at = 713.0
   Increment on distance indicator: 15.0
   Increment on tard indicator:     0.0
   Value of tmax indicator:         15.0

Task for patient = 194 with skills = {5,-1} and cost = 168.7
   Vehicle #0 = 40, leaving at = 609.0
   Vehicle #1 = -1, leaving at = inf
   Increment on distance indicator: 9.0
   Increment on tard indicator:     0.0
   Value of tmax indicator:         9.0

Task for patient = 61 with skills = {2,-1} and cost = 165.7
   Vehicle #0 = 6, leaving at = 712.0
   Vehicle #1 = -1, leaving at = inf
   Increment on distance indicator: 7.0
   Increment on tard indicator:     0.0
   Value of tmax indicator:         7.0

Task for patient = 47 with skills = {3,-1} and cost = 163.3
   Vehicle #0 = 34, leaving at = 694.0
   Vehicle #1 = -1, leaving at = inf
   Increment on distance indicator: 6.0
   Increment on tard indicator:     0.0
   Value of tmax indicator:         6.0

Task for patient = 113 with skills = {1,-1} and cost = 161.3
   Vehicle #0 = 5, leaving at = 843.0
   Vehicle #1 = -1, leaving at = inf
   Increment on distance indicator: 7.0
   Increment on tard indicator:     0.0
   Value of tmax indicator:         7.0

Task for patient = 132 with skills = {1,4} and cost = 159.0
   Vehicle #0 = 14, leaving at = 793.0
   Vehicle #1 = 36, leaving at = 792.0
   Increment on distance indicator: 12.0
   Increment on tard indicator:     0.0
   Value of tmax indicator:         12.0

Task for patient = 255 with skills = {0,-1} and cost = 155.0
   Vehicle #0 = 11, leaving at = 653.0
   Vehicle #1 = -1, leaving at = inf
   Increment on distance indicator: 2.0
   Increment on tard indicator:     0.0
   Value of tmax indicator:         2.0

Task for patient = 251 with skills = {2,4} and cost = 199.7
   Vehicle #0 = 18, leaving at = 576.0
   Vehicle #1 = 44, leaving at = 632.0
   Increment on distance indicator: 38.0
   Increment on tard indicator:     0.0
   Value of tmax indicator:         38.0

Task for patient = 131 with skills = {0,-1} and cost = 299.0
   Vehicle #0 = 27, leaving at = 565.0
   Vehicle #1 = -1, leaving at = inf
   Increment on distance indicator: 12.0
   Increment on tard indicator:     0.0
   Value of tmax indicator:         12.0

Task for patient = 10 with skills = {0,3} and cost = 295.0
   Vehicle #0 = 11, leaving at = 719.0
   Vehicle #1 = 32, leaving at = 768.0
   Increment on distance indicator: 14.0
   Increment on tard indicator:     0.0
   Value of tmax indicator:         14.0

Task for patient = 148 with skills = {1,3} and cost = 290.3
   Vehicle #0 = 7, leaving at = 728.0
   Vehicle #1 = 42, leaving at = 743.0
   Increment on distance indicator: 5.0
   Increment on tard indicator:     0.0
   Value of tmax indicator:         5.0

Task for patient = 191 with skills = {3,-1} and cost = 288.7
   Vehicle #0 = 51, leaving at = 499.0
   Vehicle #1 = -1, leaving at = inf
   Increment on distance indicator: 20.0
   Increment on tard indicator:     0.0
   Value of tmax indicator:         20.0

Task for patient = 192 with skills = {0,-1} and cost = 282.0
   Vehicle #0 = 25, leaving at = 513.0
   Vehicle #1 = -1, leaving at = inf
   Increment on distance indicator: 16.0
   Increment on tard indicator:     0.0
   Value of tmax indicator:         16.0

Task for patient = 214 with skills = {0,-1} and cost = 276.7
   Vehicle #0 = 7, leaving at = 701.0
   Vehicle #1 = -1, leaving at = inf
   Increment on distance indicator: 1.0
   Increment on tard indicator:     0.0
   Value of tmax indicator:         1.0

Task for patient = 178 with skills = {5,-1} and cost = 276.3
   Vehicle #0 = 49, leaving at = 717.0
   Vehicle #1 = -1, leaving at = inf
   Increment on distance indicator: 2.0
   Increment on tard indicator:     0.0
   Value of tmax indicator:         2.0

Task for patient = 123 with skills = {5,-1} and cost = 275.7
   Vehicle #0 = 40, leaving at = 731.0
   Vehicle #1 = -1, leaving at = inf
   Increment on distance indicator: 4.0
   Increment on tard indicator:     0.0
   Value of tmax indicator:         4.0

Task for patient = 183 with skills = {0,-1} and cost = 224.0
   Vehicle #0 = 9, leaving at = 616.0
   Vehicle #1 = -1, leaving at = inf
   Increment on distance indicator: 10.0
   Increment on tard indicator:     0.0
   Value of tmax indicator:         10.0

Task for patient = 152 with skills = {4,-1} and cost = 268.7
   Vehicle #0 = 40, leaving at = 695.0
   Vehicle #1 = -1, leaving at = inf
   Increment on distance indicator: 6.0
   Increment on tard indicator:     0.0
   Value of tmax indicator:         6.0

Task for patient = 185 with skills = {3,-1} and cost = 266.7
   Vehicle #0 = 34, leaving at = 733.0
   Vehicle #1 = -1, leaving at = inf
   Increment on distance indicator: 8.0
   Increment on tard indicator:     0.0
   Value of tmax indicator:         8.0

Task for patient = 78 with skills = {1,-1} and cost = 264.0
   Vehicle #0 = 20, leaving at = 518.0
   Vehicle #1 = -1, leaving at = inf
   Increment on distance indicator: 24.0
   Increment on tard indicator:     0.0
   Value of tmax indicator:         24.0

Task for patient = 266 with skills = {1,3} and cost = 256.0
   Vehicle #0 = 17, leaving at = 637.0
   Vehicle #1 = 47, leaving at = 627.0
   Increment on distance indicator: 63.0
   Increment on tard indicator:     0.0
   Value of tmax indicator:         63.0

Task for patient = 286 with skills = {1,3} and cost = 235.0
   Vehicle #0 = 18, leaving at = 685.0
   Vehicle #1 = 35, leaving at = 669.0
   Increment on distance indicator: 4.0
   Increment on tard indicator:     0.0
   Value of tmax indicator:         4.0

Task for patient = 77 with skills = {3,-1} and cost = 233.7
   Vehicle #0 = 47, leaving at = 571.0
   Vehicle #1 = -1, leaving at = inf
   Increment on distance indicator: 10.0
   Increment on tard indicator:     0.0
   Value of tmax indicator:         10.0

Task for patient = 96 with skills = {1,-1} and cost = 230.3
   Vehicle #0 = 16, leaving at = 717.0
   Vehicle #1 = -1, leaving at = inf
   Increment on distance indicator: 7.0
   Increment on tard indicator:     0.0
   Value of tmax indicator:         7.0

Task for patient = 105 with skills = {3,-1} and cost = 228.0
   Vehicle #0 = 46, leaving at = 676.0
   Vehicle #1 = -1, leaving at = inf
   Increment on distance indicator: 8.0
   Increment on tard indicator:     0.0
   Value of tmax indicator:         8.0

Task for patient = 49 with skills = {3,-1} and cost = 225.3
   Vehicle #0 = 38, leaving at = 809.0
   Vehicle #1 = -1, leaving at = inf
   Increment on distance indicator: 4.0
   Increment on tard indicator:     0.0
   Value of tmax indicator:         4.0

Task for patient = 23 with skills = {0,3} and cost = 274.3
   Vehicle #0 = 13, leaving at = 703.0
   Vehicle #1 = 49, leaving at = 682.0
   Increment on distance indicator: 17.0
   Increment on tard indicator:     0.0
   Value of tmax indicator:         17.0

Task for patient = 76 with skills = {1,5} and cost = 79.0
   Vehicle #0 = 9, leaving at = 568.0
   Vehicle #1 = 41, leaving at = 596.0
   Increment on distance indicator: 28.0
   Increment on tard indicator:     0.0
   Value of tmax indicator:         28.0

Task for patient = 80 with skills = {0,-1} and cost = 69.7
   Vehicle #0 = 7, leaving at = 580.0
   Vehicle #1 = -1, leaving at = inf
   Increment on distance indicator: 9.0
   Increment on tard indicator:     0.0
   Value of tmax indicator:         9.0

Task for patient = 210 with skills = {0,5} and cost = 66.7
   Vehicle #0 = 4, leaving at = 699.0
   Vehicle #1 = 33, leaving at = 728.0
   Increment on distance indicator: 12.0
   Increment on tard indicator:     0.0
   Value of tmax indicator:         12.0

Task for patient = 38 with skills = {5,-1} and cost = 62.7
   Vehicle #0 = 34, leaving at = 665.0
   Vehicle #1 = -1, leaving at = inf
   Increment on distance indicator: 2.0
   Increment on tard indicator:     0.0
   Value of tmax indicator:         2.0

Task for patient = 202 with skills = {2,-1} and cost = 62.0
   Vehicle #0 = 5, leaving at = 787.0
   Vehicle #1 = -1, leaving at = inf
   Increment on distance indicator: 8.0
   Increment on tard indicator:     0.0
   Value of tmax indicator:         8.0

Task for patient = 230 with skills = {4,-1} and cost = 59.3
   Vehicle #0 = 39, leaving at = 720.0
   Vehicle #1 = -1, leaving at = inf
   Increment on distance indicator: 10.0
   Increment on tard indicator:     0.0
   Value of tmax indicator:         10.0

Task for patient = 216 with skills = {5,-1} and cost = 56.0
   Vehicle #0 = 40, leaving at = 540.0
   Vehicle #1 = -1, leaving at = inf
   Increment on distance indicator: 8.0
   Increment on tard indicator:     0.0
   Value of tmax indicator:         8.0

Task for patient = 290 with skills = {0,5} and cost = 53.3
   Vehicle #0 = 4, leaving at = 654.0
   Vehicle #1 = 39, leaving at = 677.0
   Increment on distance indicator: 10.0
   Increment on tard indicator:     0.0
   Value of tmax indicator:         10.0

Task for patient = 265 with skills = {4,-1} and cost = 154.3
   Vehicle #0 = 40, leaving at = 578.0
   Vehicle #1 = -1, leaving at = inf
   Increment on distance indicator: 7.0
   Increment on tard indicator:     0.0
   Value of tmax indicator:         7.0

Task for patient = 74 with skills = {2,-1} and cost = 41.7
   Vehicle #0 = 2, leaving at = 734.0
   Vehicle #1 = -1, leaving at = inf
   Increment on distance indicator: 19.0
   Increment on tard indicator:     0.0
   Value of tmax indicator:         19.0

Task for patient = 176 with skills = {3,-1} and cost = 35.3
   Vehicle #0 = 33, leaving at = 652.0
   Vehicle #1 = -1, leaving at = inf
   Increment on distance indicator: 9.0
   Increment on tard indicator:     0.0
   Value of tmax indicator:         9.0

Task for patient = 42 with skills = {1,3} and cost = 32.3
   Vehicle #0 = 1, leaving at = 670.0
   Vehicle #1 = 32, leaving at = 644.0
   Increment on distance indicator: 38.0
   Increment on tard indicator:     0.0
   Value of tmax indicator:         38.0

Task for patient = 219 with skills = {0,-1} and cost = 19.7
   Vehicle #0 = 3, leaving at = 655.0
   Vehicle #1 = -1, leaving at = inf
   Increment on distance indicator: 11.0
   Increment on tard indicator:     0.0
   Value of tmax indicator:         11.0

Task for patient = 99 with skills = {0,-1} and cost = 16.0
   Vehicle #0 = 3, leaving at = 586.0
   Vehicle #1 = -1, leaving at = inf
   Increment on distance indicator: 8.0
   Increment on tard indicator:     0.0
   Value of tmax indicator:         8.0

Task for patient = 41 with skills = {2,5} and cost = 13.3
   Vehicle #0 = 0, leaving at = 743.0
   Vehicle #1 = 31, leaving at = 748.0
   Increment on distance indicator: 24.0
   Increment on tard indicator:     0.0
   Value of tmax indicator:         24.0

Task for patient = 146 with skills = {2,-1} and cost = 5.3
   Vehicle #0 = 0, leaving at = 694.0
   Vehicle #1 = -1, leaving at = inf
   Increment on distance indicator: 13.0
   Increment on tard indicator:     0.0
   Value of tmax indicator:         13.0

Task for patient = 161 with skills = {5,-1} and cost = 1.0
   Vehicle #0 = 30, leaving at = 806.0
   Vehicle #1 = -1, leaving at = inf
   Increment on distance indicator: 3.0
   Increment on tard indicator:     0.0
   Value of tmax indicator:         3.0

Task for patient = 145 with skills = {5,-1} and cost = 50.0
   Vehicle #0 = 34, leaving at = 520.0
   Vehicle #1 = -1, leaving at = inf
   Increment on distance indicator: 25.0
   Increment on tard indicator:     0.0
   Value of tmax indicator:         25.0

Task for patient = 26 with skills = {3,-1} and cost = 152.0
   Vehicle #0 = 37, leaving at = 518.0
   Vehicle #1 = -1, leaving at = inf
   Increment on distance indicator: 15.0
   Increment on tard indicator:     0.0
   Value of tmax indicator:         15.0

Task for patient = 134 with skills = {0,-1} and cost = 147.0
   Vehicle #0 = 13, leaving at = 628.0
   Vehicle #1 = -1, leaving at = inf
   Increment on distance indicator: 10.0
   Increment on tard indicator:     0.0
   Value of tmax indicator:         10.0

Task for patient = 149 with skills = {4,-1} and cost = 143.7
   Vehicle #0 = 38, leaving at = 655.0
   Vehicle #1 = -1, leaving at = inf
   Increment on distance indicator: 5.0
   Increment on tard indicator:     0.0
   Value of tmax indicator:         5.0

Task for patient = 65 with skills = {1,4} and cost = 142.0
   Vehicle #0 = 12, leaving at = 646.0
   Vehicle #1 = 38, leaving at = 632.0
   Increment on distance indicator: 7.0
   Increment on tard indicator:     0.0
   Value of tmax indicator:         7.0

Task for patient = 100 with skills = {0,-1} and cost = 139.7
   Vehicle #0 = 12, leaving at = 527.0
   Vehicle #1 = -1, leaving at = inf
   Increment on distance indicator: 12.0
   Increment on tard indicator:     0.0
   Value of tmax indicator:         12.0

Task for patient = 31 with skills = {2,-1} and cost = 135.7
   Vehicle #0 = 11, leaving at = 624.0
   Vehicle #1 = -1, leaving at = inf
   Increment on distance indicator: 5.0
   Increment on tard indicator:     0.0
   Value of tmax indicator:         5.0

Task for patient = 102 with skills = {0,4} and cost = 134.0
   Vehicle #0 = 11, leaving at = 539.0
   Vehicle #1 = 38, leaving at = 567.0
   Increment on distance indicator: 26.0
   Increment on tard indicator:     0.0
   Value of tmax indicator:         26.0

Task for patient = 253 with skills = {0,4} and cost = 125.3
   Vehicle #0 = 8, leaving at = 759.0
   Vehicle #1 = 36, leaving at = 761.0
   Increment on distance indicator: 0.0
   Increment on tard indicator:     0.0
   Value of tmax indicator:         0.0

Task for patient = 160 with skills = {5,-1} and cost = 82.0
   Vehicle #0 = 42, leaving at = 539.0
   Vehicle #1 = -1, leaving at = inf
   Increment on distance indicator: 9.0
   Increment on tard indicator:     0.0
   Value of tmax indicator:         9.0

Task for patient = 274 with skills = {0,4} and cost = 121.0
   Vehicle #0 = 4, leaving at = 752.0
   Vehicle #1 = 31, leaving at = 782.0
   Increment on distance indicator: 12.0
   Increment on tard indicator:     0.0
   Value of tmax indicator:         12.0

Task for patient = 35 with skills = {5,-1} and cost = 117.0
   Vehicle #0 = 32, leaving at = 667.0
   Vehicle #1 = -1, leaving at = inf
   Increment on distance indicator: 5.0
   Increment on tard indicator:     0.0
   Value of tmax indicator:         5.0

Task for patient = 157 with skills = {0,5} and cost = 115.3
   Vehicle #0 = 7, leaving at = 656.0
   Vehicle #1 = 42, leaving at = 706.0
   Increment on distance indicator: 13.0
   Increment on tard indicator:     0.0
   Value of tmax indicator:         13.0

Task for patient = 188 with skills = {4,-1} and cost = 111.0
   Vehicle #0 = 42, leaving at = 631.0
   Vehicle #1 = -1, leaving at = inf
   Increment on distance indicator: 5.0
   Increment on tard indicator:     0.0
   Value of tmax indicator:         5.0

Task for patient = 135 with skills = {5,-1} and cost = 109.3
   Vehicle #0 = 42, leaving at = 572.0
   Vehicle #1 = -1, leaving at = inf
   Increment on distance indicator: 18.0
   Increment on tard indicator:     0.0
   Value of tmax indicator:         18.0

Task for patient = 227 with skills = {1,-1} and cost = 103.3
   Vehicle #0 = 10, leaving at = 601.0
   Vehicle #1 = -1, leaving at = inf
   Increment on distance indicator: 16.0
   Increment on tard indicator:     0.0
   Value of tmax indicator:         16.0

Task for patient = 162 with skills = {1,-1} and cost = 98.0
   Vehicle #0 = 7, leaving at = 628.0
   Vehicle #1 = -1, leaving at = inf
   Increment on distance indicator: 21.0
   Increment on tard indicator:     0.0
   Value of tmax indicator:         21.0

Task for patient = 285 with skills = {3,-1} and cost = 91.0
   Vehicle #0 = 41, leaving at = 677.0
   Vehicle #1 = -1, leaving at = inf
   Increment on distance indicator: 24.0
   Increment on tard indicator:     0.0
   Value of tmax indicator:         24.0

Task for patient = 205 with skills = {3,-1} and cost = 83.0
   Vehicle #0 = 39, leaving at = 755.0
   Vehicle #1 = -1, leaving at = inf
   Increment on distance indicator: 3.0
   Increment on tard indicator:     0.0
   Value of tmax indicator:         3.0

Task for patient = 203 with skills = {3,-1} and cost = 125.3
   Vehicle #0 = 35, leaving at = 557.0
   Vehicle #1 = -1, leaving at = inf
   Increment on distance indicator: 13.0
   Increment on tard indicator:     0.0
   Value of tmax indicator:         13.0

Task for patient = 221 with skills = {5,-1} and cost = 438.7
   Vehicle #0 = 34, leaving at = 858.0
   Vehicle #1 = -1, leaving at = inf
   Increment on distance indicator: 6.0
   Increment on tard indicator:     0.0
   Value of tmax indicator:         6.0

Task for patient = 225 with skills = {1,-1} and cost = 436.7
   Vehicle #0 = 10, leaving at = 724.0
   Vehicle #1 = -1, leaving at = inf
   Increment on distance indicator: 6.0
   Increment on tard indicator:     0.0
   Value of tmax indicator:         6.0

Task for patient = 222 with skills = {0,4} and cost = 434.7
   Vehicle #0 = 19, leaving at = 713.0
   Vehicle #1 = 52, leaving at = 733.0
   Increment on distance indicator: 10.0
   Increment on tard indicator:     0.0
   Value of tmax indicator:         10.0

Task for patient = 238 with skills = {3,-1} and cost = 431.3
   Vehicle #0 = 45, leaving at = 804.0
   Vehicle #1 = -1, leaving at = inf
   Increment on distance indicator: 4.0
   Increment on tard indicator:     0.0
   Value of tmax indicator:         4.0

Task for patient = 29 with skills = {3,-1} and cost = 430.0
   Vehicle #0 = 40, leaving at = 798.0
   Vehicle #1 = -1, leaving at = inf
   Increment on distance indicator: 8.0
   Increment on tard indicator:     0.0
   Value of tmax indicator:         8.0

Task for patient = 97 with skills = {4,-1} and cost = 427.3
   Vehicle #0 = 56, leaving at = 657.0
   Vehicle #1 = -1, leaving at = inf
   Increment on distance indicator: 3.0
   Increment on tard indicator:     0.0
   Value of tmax indicator:         3.0

Task for patient = 3 with skills = {5,-1} and cost = 426.3
   Vehicle #0 = 39, leaving at = 784.0
   Vehicle #1 = -1, leaving at = inf
   Increment on distance indicator: 1.0
   Increment on tard indicator:     0.0
   Value of tmax indicator:         1.0

Task for patient = 171 with skills = {1,5} and cost = 426.0
   Vehicle #0 = 22, leaving at = 692.0
   Vehicle #1 = 48, leaving at = 695.0
   Increment on distance indicator: 8.0
   Increment on tard indicator:     0.0
   Value of tmax indicator:         8.0

Task for patient = 27 with skills = {3,-1} and cost = 300.3
   Vehicle #0 = 37, leaving at = 758.0
   Vehicle #1 = -1, leaving at = inf
   Increment on distance indicator: 4.0
   Increment on tard indicator:     0.0
   Value of tmax indicator:         4.0

Task for patient = 151 with skills = {1,5} and cost = 422.7
   Vehicle #0 = 11, leaving at = 763.0
   Vehicle #1 = 43, leaving at = 750.0
   Increment on distance indicator: 15.0
   Increment on tard indicator:     0.0
   Value of tmax indicator:         15.0

Task for patient = 201 with skills = {5,-1} and cost = 417.7
   Vehicle #0 = 33, leaving at = 834.0
   Vehicle #1 = -1, leaving at = inf
   Increment on distance indicator: 1.0
   Increment on tard indicator:     0.0
   Value of tmax indicator:         1.0

Task for patient = 291 with skills = {1,5} and cost = 417.3
   Vehicle #0 = 12, leaving at = 816.0
   Vehicle #1 = 53, leaving at = 809.0
   Increment on distance indicator: 10.0
   Increment on tard indicator:     0.0
   Value of tmax indicator:         10.0

Task for patient = 103 with skills = {2,-1} and cost = 414.0
   Vehicle #0 = 27, leaving at = 714.0
   Vehicle #1 = -1, leaving at = inf
   Increment on distance indicator: 7.0
   Increment on tard indicator:     0.0
   Value of tmax indicator:         7.0

Task for patient = 7 with skills = {0,4} and cost = 411.7
   Vehicle #0 = 18, leaving at = 763.0
   Vehicle #1 = 44, leaving at = 746.0
   Increment on distance indicator: 7.0
   Increment on tard indicator:     0.0
   Value of tmax indicator:         7.0

Task for patient = 208 with skills = {1,-1} and cost = 409.3
   Vehicle #0 = 16, leaving at = 743.0
   Vehicle #1 = -1, leaving at = inf
   Increment on distance indicator: 6.0
   Increment on tard indicator:     0.0
   Value of tmax indicator:         6.0

Task for patient = 249 with skills = {4,-1} and cost = 407.3
   Vehicle #0 = 54, leaving at = 609.0
   Vehicle #1 = -1, leaving at = inf
   Increment on distance indicator: 2.0
   Increment on tard indicator:     0.0
   Value of tmax indicator:         2.0

Task for patient = 67 with skills = {3,-1} and cost = 406.7
   Vehicle #0 = 34, leaving at = 774.0
   Vehicle #1 = -1, leaving at = inf
   Increment on distance indicator: 2.0
   Increment on tard indicator:     0.0
   Value of tmax indicator:         2.0

Task for patient = 114 with skills = {5,-1} and cost = 423.3
   Vehicle #0 = 45, leaving at = 735.0
   Vehicle #1 = -1, leaving at = inf
   Increment on distance indicator: 2.0
   Increment on tard indicator:     0.0
   Value of tmax indicator:         2.0

Task for patient = 281 with skills = {1,-1} and cost = 821.7
   Vehicle #0 = 20, leaving at = 1108.0
   Vehicle #1 = -1, leaving at = inf
   Increment on distance indicator: 8.0
   Increment on tard indicator:     0.0
   Value of tmax indicator:         8.0

Task for patient = 220 with skills = {3,-1} and cost = 476.0
   Vehicle #0 = 51, leaving at = 734.0
   Vehicle #1 = -1, leaving at = inf
   Increment on distance indicator: 3.0
   Increment on tard indicator:     0.0
   Value of tmax indicator:         3.0

Task for patient = 209 with skills = {4,-1} and cost = 475.0
   Vehicle #0 = 54, leaving at = 683.0
   Vehicle #1 = -1, leaving at = inf
   Increment on distance indicator: 13.0
   Increment on tard indicator:     0.0
   Value of tmax indicator:         13.0

Task for patient = 54 with skills = {3,-1} and cost = 470.7
   Vehicle #0 = 55, leaving at = 863.0
   Vehicle #1 = -1, leaving at = inf
   Increment on distance indicator: 5.0
   Increment on tard indicator:     0.0
   Value of tmax indicator:         5.0

Task for patient = 108 with skills = {3,-1} and cost = 469.0
   Vehicle #0 = 59, leaving at = 724.0
   Vehicle #1 = -1, leaving at = inf
   Increment on distance indicator: 5.0
   Increment on tard indicator:     0.0
   Value of tmax indicator:         5.0

Task for patient = 6 with skills = {2,-1} and cost = 467.3
   Vehicle #0 = 2, leaving at = 873.0
   Vehicle #1 = -1, leaving at = inf
   Increment on distance indicator: 4.0
   Increment on tard indicator:     0.0
   Value of tmax indicator:         4.0

Task for patient = 118 with skills = {2,4} and cost = 466.0
   Vehicle #0 = 7, leaving at = 893.0
   Vehicle #1 = 42, leaving at = 873.0
   Increment on distance indicator: 4.0
   Increment on tard indicator:     0.0
   Value of tmax indicator:         4.0

Task for patient = 283 with skills = {4,-1} and cost = 464.7
   Vehicle #0 = 49, leaving at = 763.0
   Vehicle #1 = -1, leaving at = inf
   Increment on distance indicator: 3.0
   Increment on tard indicator:     0.0
   Value of tmax indicator:         3.0

Task for patient = 159 with skills = {2,-1} and cost = 439.3
   Vehicle #0 = 1, leaving at = 708.0
   Vehicle #1 = -1, leaving at = inf
   Increment on distance indicator: 2.0
   Increment on tard indicator:     0.0
   Value of tmax indicator:         2.0

Task for patient = 250 with skills = {4,-1} and cost = 459.3
   Vehicle #0 = 46, leaving at = 757.0
   Vehicle #1 = -1, leaving at = inf
   Increment on distance indicator: 9.0
   Increment on tard indicator:     0.0
   Value of tmax indicator:         9.0

Task for patient = 59 with skills = {5,-1} and cost = 456.3
   Vehicle #0 = 48, leaving at = 750.0
   Vehicle #1 = -1, leaving at = inf
   Increment on distance indicator: 7.0
   Increment on tard indicator:     0.0
   Value of tmax indicator:         7.0

Task for patient = 46 with skills = {0,-1} and cost = 454.0
   Vehicle #0 = 11, leaving at = 843.0
   Vehicle #1 = -1, leaving at = inf
   Increment on distance indicator: 3.0
   Increment on tard indicator:     0.0
   Value of tmax indicator:         3.0

Task for patient = 32 with skills = {3,-1} and cost = 453.0
   Vehicle #0 = 46, leaving at = 726.0
   Vehicle #1 = -1, leaving at = inf
   Increment on distance indicator: 5.0
   Increment on tard indicator:     0.0
   Value of tmax indicator:         5.0

Task for patient = 110 with skills = {0,-1} and cost = 451.3
   Vehicle #0 = 12, leaving at = 877.0
   Vehicle #1 = -1, leaving at = inf
   Increment on distance indicator: 6.0
   Increment on tard indicator:     0.0
   Value of tmax indicator:         6.0

Task for patient = 223 with skills = {1,5} and cost = 449.3
   Vehicle #0 = 11, leaving at = 786.0
   Vehicle #1 = 43, leaving at = 798.0
   Increment on distance indicator: 4.0
   Increment on tard indicator:     0.0
   Value of tmax indicator:         4.0

Task for patient = 218 with skills = {1,5} and cost = 448.0
   Vehicle #0 = 18, leaving at = 812.0
   Vehicle #1 = 44, leaving at = 816.0
   Increment on distance indicator: 10.0
   Increment on tard indicator:     0.0
   Value of tmax indicator:         10.0

Task for patient = 170 with skills = {3,-1} and cost = 443.3
   Vehicle #0 = 55, leaving at = 685.0
   Vehicle #1 = -1, leaving at = inf
   Increment on distance indicator: 4.0
   Increment on tard indicator:     0.0
   Value of tmax indicator:         4.0

Task for patient = 297 with skills = {3,-1} and cost = 442.0
   Vehicle #0 = 35, leaving at = 733.0
   Vehicle #1 = -1, leaving at = inf
   Increment on distance indicator: 8.0
   Increment on tard indicator:     0.0
   Value of tmax indicator:         8.0

Task for patient = 258 with skills = {0,-1} and cost = 463.7
   Vehicle #0 = 13, leaving at = 739.0
   Vehicle #1 = -1, leaving at = inf
   Increment on distance indicator: 13.0
   Increment on tard indicator:     0.0
   Value of tmax indicator:         13.0

Task for patient = 280 with skills = {0,-1} and cost = 356.7
   Vehicle #0 = 4, leaving at = 902.0
   Vehicle #1 = -1, leaving at = inf
   Increment on distance indicator: 6.0
   Increment on tard indicator:     0.0
   Value of tmax indicator:         6.0

Task for patient = 33 with skills = {4,-1} and cost = 354.7
   Vehicle #0 = 52, leaving at = 497.0
   Vehicle #1 = -1, leaving at = inf
   Increment on distance indicator: 10.0
   Increment on tard indicator:     0.0
   Value of tmax indicator:         10.0

Task for patient = 264 with skills = {0,-1} and cost = 351.3
   Vehicle #0 = 27, leaving at = 682.0
   Vehicle #1 = -1, leaving at = inf
   Increment on distance indicator: 10.0
   Increment on tard indicator:     0.0
   Value of tmax indicator:         10.0

Task for patient = 206 with skills = {2,3} and cost = 348.0
   Vehicle #0 = 2, leaving at = 828.0
   Vehicle #1 = 37, leaving at = 854.0
   Increment on distance indicator: 10.0
   Increment on tard indicator:     0.0
   Value of tmax indicator:         10.0

Task for patient = 173 with skills = {0,3} and cost = 344.7
   Vehicle #0 = 4, leaving at = 846.0
   Vehicle #1 = 31, leaving at = 811.0
   Increment on distance indicator: 10.0
   Increment on tard indicator:     0.0
   Value of tmax indicator:         10.0

Task for patient = 293 with skills = {0,3} and cost = 341.3
   Vehicle #0 = 25, leaving at = 677.0
   Vehicle #1 = 51, leaving at = 647.0
   Increment on distance indicator: 4.0
   Increment on tard indicator:     0.0
   Value of tmax indicator:         4.0

Task for patient = 21 with skills = {2,-1} and cost = 340.0
   Vehicle #0 = 25, leaving at = 628.0
   Vehicle #1 = -1, leaving at = inf
   Increment on distance indicator: 3.0
   Increment on tard indicator:     0.0
   Value of tmax indicator:         3.0

Task for patient = 172 with skills = {2,-1} and cost = 339.0
   Vehicle #0 = 25, leaving at = 610.0
   Vehicle #1 = -1, leaving at = inf
   Increment on distance indicator: 5.0
   Increment on tard indicator:     0.0
   Value of tmax indicator:         5.0

Task for patient = 40 with skills = {2,5} and cost = 406.0
   Vehicle #0 = 10, leaving at = 681.0
   Vehicle #1 = 52, leaving at = 699.0
   Increment on distance indicator: 15.0
   Increment on tard indicator:     0.0
   Value of tmax indicator:         15.0

Task for patient = 82 with skills = {1,5} and cost = 331.3
   Vehicle #0 = 9, leaving at = 714.0
   Vehicle #1 = 41, leaving at = 726.0
   Increment on distance indicator: 19.0
   Increment on tard indicator:     0.0
   Value of tmax indicator:         19.0

Task for patient = 268 with skills = {3,-1} and cost = 325.0
   Vehicle #0 = 33, leaving at = 761.0
   Vehicle #1 = -1, leaving at = inf
   Increment on distance indicator: 1.0
   Increment on tard indicator:     0.0
   Value of tmax indicator:         1.0

Task for patient = 53 with skills = {1,-1} and cost = 324.7
   Vehicle #0 = 27, leaving at = 618.0
   Vehicle #1 = -1, leaving at = inf
   Increment on distance indicator: 5.0
   Increment on tard indicator:     0.0
   Value of tmax indicator:         5.0

Task for patient = 190 with skills = {1,-1} and cost = 323.0
   Vehicle #0 = 21, leaving at = 566.0
   Vehicle #1 = -1, leaving at = inf
   Increment on distance indicator: 23.0
   Increment on tard indicator:     0.0
   Value of tmax indicator:         23.0

Task for patient = 184 with skills = {1,-1} and cost = 315.3
   Vehicle #0 = 20, leaving at = 577.0
   Vehicle #1 = -1, leaving at = inf
   Increment on distance indicator: 4.0
   Increment on tard indicator:     0.0
   Value of tmax indicator:         4.0

Task for patient = 19 with skills = {0,-1} and cost = 314.0
   Vehicle #0 = 7, leaving at = 754.0
   Vehicle #1 = -1, leaving at = inf
   Increment on distance indicator: 10.0
   Increment on tard indicator:     0.0
   Value of tmax indicator:         10.0

Task for patient = 287 with skills = {4,-1} and cost = 310.7
   Vehicle #0 = 42, leaving at = 803.0
   Vehicle #1 = -1, leaving at = inf
   Increment on distance indicator: 5.0
   Increment on tard indicator:     0.0
   Value of tmax indicator:         5.0

Task for patient = 182 with skills = {0,-1} and cost = 309.0
   Vehicle #0 = 9, leaving at = 665.0
   Vehicle #1 = -1, leaving at = inf
   Increment on distance indicator: 6.0
   Increment on tard indicator:     0.0
   Value of tmax indicator:         6.0

Task for patient = 150 with skills = {1,3} and cost = 307.0
   Vehicle #0 = 15, leaving at = 698.0
   Vehicle #1 = 53, leaving at = 699.0
   Increment on distance indicator: 20.0
   Increment on tard indicator:     0.0
   Value of tmax indicator:         20.0

Task for patient = 247 with skills = {1,5} and cost = 337.3
   Vehicle #0 = 22, leaving at = 596.0
   Vehicle #1 = 48, leaving at = 582.0
   Increment on distance indicator: 18.0
   Increment on tard indicator:     0.0
   Value of tmax indicator:         18.0

Task for patient = 211 with skills = {3,-1} and cost = 401.0
   Vehicle #0 = 56, leaving at = 531.0
   Vehicle #1 = -1, leaving at = inf
   Increment on distance indicator: 14.0
   Increment on tard indicator:     0.0
   Value of tmax indicator:         14.0

Task for patient = 79 with skills = {3,-1} and cost = 396.3
   Vehicle #0 = 55, leaving at = 634.0
   Vehicle #1 = -1, leaving at = inf
   Increment on distance indicator: 8.0
   Increment on tard indicator:     0.0
   Value of tmax indicator:         8.0

Task for patient = 196 with skills = {1,3} and cost = 393.7
   Vehicle #0 = 7, leaving at = 819.0
   Vehicle #1 = 42, leaving at = 842.0
   Increment on distance indicator: 3.0
   Increment on tard indicator:     0.0
   Value of tmax indicator:         3.0

Task for patient = 256 with skills = {1,-1} and cost = 392.7
   Vehicle #0 = 10, leaving at = 634.0
   Vehicle #1 = -1, leaving at = inf
   Increment on distance indicator: 7.0
   Increment on tard indicator:     0.0
   Value of tmax indicator:         7.0

Task for patient = 257 with skills = {2,-1} and cost = 390.3
   Vehicle #0 = 22, leaving at = 650.0
   Vehicle #1 = -1, leaving at = inf
   Increment on distance indicator: 5.0
   Increment on tard indicator:     0.0
   Value of tmax indicator:         5.0

Task for patient = 231 with skills = {3,-1} and cost = 388.7
   Vehicle #0 = 54, leaving at = 551.0
   Vehicle #1 = -1, leaving at = inf
   Increment on distance indicator: 16.0
   Increment on tard indicator:     0.0
   Value of tmax indicator:         16.0

Task for patient = 68 with skills = {0,3} and cost = 383.3
   Vehicle #0 = 9, leaving at = 787.0
   Vehicle #1 = 41, leaving at = 766.0
   Increment on distance indicator: 4.0
   Increment on tard indicator:     0.0
   Value of tmax indicator:         4.0

Task for patient = 215 with skills = {3,-1} and cost = 382.0
   Vehicle #0 = 45, leaving at = 704.0
   Vehicle #1 = -1, leaving at = inf
   Increment on distance indicator: 4.0
   Increment on tard indicator:     0.0
   Value of tmax indicator:         4.0

Task for patient = 13 with skills = {4,-1} and cost = 359.3
   Vehicle #0 = 52, leaving at = 573.0
   Vehicle #1 = -1, leaving at = inf
   Increment on distance indicator: 8.0
   Increment on tard indicator:     0.0
   Value of tmax indicator:         8.0

Task for patient = 20 with skills = {3,-1} and cost = 378.3
   Vehicle #0 = 31, leaving at = 835.0
   Vehicle #1 = -1, leaving at = inf
   Increment on distance indicator: 4.0
   Increment on tard indicator:     0.0
   Value of tmax indicator:         4.0

Task for patient = 242 with skills = {1,-1} and cost = 377.0
   Vehicle #0 = 21, leaving at = 641.0
   Vehicle #1 = -1, leaving at = inf
   Increment on distance indicator: 13.0
   Increment on tard indicator:     0.0
   Value of tmax indicator:         13.0

Task for patient = 229 with skills = {2,-1} and cost = 372.7
   Vehicle #0 = 25, leaving at = 714.0
   Vehicle #1 = -1, leaving at = inf
   Increment on distance indicator: 3.0
   Increment on tard indicator:     0.0
   Value of tmax indicator:         3.0

Task for patient = 267 with skills = {2,-1} and cost = 371.7
   Vehicle #0 = 7, leaving at = 800.0
   Vehicle #1 = -1, leaving at = inf
   Increment on distance indicator: 7.0
   Increment on tard indicator:     0.0
   Value of tmax indicator:         7.0

Task for patient = 48 with skills = {4,-1} and cost = 369.3
   Vehicle #0 = 44, leaving at = 670.0
   Vehicle #1 = -1, leaving at = inf
   Increment on distance indicator: 5.0
   Increment on tard indicator:     0.0
   Value of tmax indicator:         5.0

Task for patient = 121 with skills = {1,5} and cost = 367.7
   Vehicle #0 = 20, leaving at = 609.0
   Vehicle #1 = 43, leaving at = 627.0
   Increment on distance indicator: 10.0
   Increment on tard indicator:     0.0
   Value of tmax indicator:         10.0

Task for patient = 56 with skills = {5,-1} and cost = 364.3
   Vehicle #0 = 51, leaving at = 694.0
   Vehicle #1 = -1, leaving at = inf
   Increment on distance indicator: 6.0
   Increment on tard indicator:     0.0
   Value of tmax indicator:         6.0

Task for patient = 69 with skills = {2,-1} and cost = 362.3
   Vehicle #0 = 19, leaving at = 690.0
   Vehicle #1 = -1, leaving at = inf
   Increment on distance indicator: 4.0
   Increment on tard indicator:     0.0
   Value of tmax indicator:         4.0

Task for patient = 197 with skills = {5,-1} and cost = 361.0
   Vehicle #0 = 52, leaving at = 625.0
   Vehicle #1 = -1, leaving at = inf
   Increment on distance indicator: 5.0
   Increment on tard indicator:     0.0
   Value of tmax indicator:         5.0

Task for patient = 153 with skills = {0,-1} and cost = 380.7
   Vehicle #0 = 18, leaving at = 711.0
   Vehicle #1 = -1, leaving at = inf
   Increment on distance indicator: 7.0
   Increment on tard indicator:     0.0
   Value of tmax indicator:         7.0


Unused vehicle list: 24 26 28 29 50 57 58 (total = 7 out of 60)

---
Search finished.
Total of 1900 generations in 788.7 seconds.
Exchange elite runs: 23
Implicit path relinking runs: 10
Reset attempts: 0

Best solution found:
   Cost: 1093.3
   Total travel time: 3276.0
   Total tardiness time: 3.0
   Largest tardiness: 1.0


1093.3
