This host is: malboro
--- BRKGA-MP-IPR for HHCRSP ---
Instance: /home/alberto/work/hhcrsp-dataset-2021/dataset2/HHCRSP_300_60_25_0.4_C_R.txt
Seed: 1

Reading data... Problem contains 300 patients  and 60 caregivers.

Summary of supply x demand for each service type:
Skill 0 has supply = 18 and demand = 59, ratio = 0.305085
Skill 1 has supply = 18 and demand = 71, ratio = 0.253521
Skill 2 has supply = 16 and demand = 57, ratio = 0.280702
Skill 3 has supply = 23 and demand = 74, ratio = 0.310811
Skill 4 has supply = 20 and demand = 65, ratio = 0.307692
Skill 5 has supply = 19 and demand = 64, ratio = 0.296875

Reading parameters...
Inferred distance function by PR type: kendall-tau
Building BRKGA data and initializing...
Evolving 1900 generations...

  Gens  Rem    Local   ElDiv NoImpr             Best solution            Time  Op
                                       Cost     Dist    Tard    TMax 
*    0 1900  7378.67  509.53      0  7378.67  6515.00 15182.0   439.0     0.7    
*    2 1898  7368.00  413.71      0  7368.00  6580.00 14796.0   444.0     2.2    
*    3 1897  7273.33  402.66      0  7273.33  6402.00 12382.0   351.0     3.0    
*    4 1896  6378.33  419.72      0  6378.33  6302.00 11802.0   367.0     3.7    
*    5 1895  6157.00  382.19      0  6157.00  6302.00 11802.0   367.0     4.5    
*    7 1893  5034.67  359.71      0  5034.67  6237.00  8431.0   436.0     6.0    
*    9 1891  4904.33  289.65      0  4904.33  6467.00  7316.0   379.0     7.5    
*   10 1890  4720.67  310.52      0  4720.67  6149.00  6129.0   314.0     8.2    
*   11 1889  4197.33  274.52      0  4197.33  6149.00  6129.0   314.0     9.0    
*   13 1887  3896.33  268.18      0  3896.33  6281.00  4547.0   266.0    10.5    
*   14 1886  3698.00  236.66      0  3698.00  6324.00  4283.0   361.0    11.2    
*   15 1885  3656.00  229.39      0  3656.00  6059.00  3706.0   355.0    12.0    
*   16 1884  3373.33  227.07      0  3373.33  6053.00  3612.0   309.0    12.7    
*   17 1883  3324.67  208.40      0  3324.67  6090.00  3339.0   230.0    13.5    
*   18 1882  3219.67  205.36      0  3219.67  6068.00  1690.0   238.0    14.2    

  Gens  Rem    Local   ElDiv NoImpr             Best solution            Time  Op
                                       Cost     Dist    Tard    TMax 
*   19 1881  2665.33  188.34      0  2665.33  6068.00  1690.0   238.0    15.0    
*   22 1878  2499.33  161.70      0  2499.33  5994.00  1305.0   199.0    17.2    
*   25 1875  2417.33  132.96      0  2417.33  6094.00   985.0   146.0    19.4    
*   26 1874  2408.33  119.29      0  2408.33  5801.00   579.0    86.0    20.2    
*   27 1873  2155.33  105.82      0  2155.33  5801.00   579.0    86.0    20.9    
*   29 1871  2136.67   95.64      0  2136.67  5851.00   399.0   160.0    22.4    
*   31 1869  2099.67   87.85      0  2099.67  5877.00   338.0    84.0    23.9    
*   33 1867  2044.00   70.93      0  2044.00  5815.00   153.0    67.0    25.4    
*   34 1866  2011.67   65.02      0  2011.67  5759.00   191.0    76.0    26.2    
*   35 1865  2008.67   58.49      0  2008.67  5759.00   191.0    76.0    26.9    
*   37 1863  1980.33   51.27      0  1980.33  5830.00    17.0     5.0    28.4    
*   38 1862  1950.67   48.71      0  1950.67  5648.00   102.0    57.0    29.2    
*   39 1861  1935.67   45.11      0  1935.67  5648.00   102.0    57.0    29.9    
*   41 1859  1927.33   43.13      0  1927.33  5649.00    86.0    27.0    31.4    
*   42 1858  1920.67   39.28      0  1920.67  5688.00    34.0     9.0    32.2    
*   43 1857  1910.33   39.25      0  1910.33  5555.00    96.0    42.0    32.9    

  Gens  Rem    Local   ElDiv NoImpr             Best solution            Time  Op
                                       Cost     Dist    Tard    TMax 
*   44 1856  1897.67   37.16      0  1897.67  5622.00    56.0    13.0    33.7    
*   45 1855  1897.00   34.80      0  1897.00  5584.00    11.0     4.0    34.4    
*   46 1854  1866.33   31.19      0  1866.33  5584.00    11.0     4.0    35.2    
*   48 1852  1840.67   25.62      0  1840.67  5503.00    16.0     3.0    36.7    
    50 1850  1840.67   22.34      2  1840.67  5503.00    16.0     3.0    38.2    
*   52 1848  1838.00   18.37      0  1838.00  5471.00    35.0     8.0    39.7    
*   54 1846  1819.00   17.77      0  1819.00  5403.00    34.0     8.0    41.2    
*   55 1845  1815.00   16.05      0  1815.00  5403.00    34.0     8.0    41.9    
*   58 1842  1806.67   15.32      0  1806.67  5397.00    19.0     4.0    44.2    
*   60 1840  1781.00   14.65      0  1781.00  5297.00    36.0    10.0    45.7    
*   64 1836  1754.67   13.79      0  1754.67  5215.00    40.0     9.0    48.7    
*   75 1825  1734.00   11.40      0  1734.00  5173.00    22.0     7.0    56.9    
    80 1820  1734.00    8.65      6  1734.00  5173.00    22.0     7.0    60.7   X
*   83 1817  1728.33    9.68      0  1728.33  5108.00    68.0     9.0    62.9    
*   97 1803  1726.33    9.84      0  1726.33  5130.00    41.0     8.0    73.4    
   100 1800  1726.33    9.86      3  1726.33  5130.00    41.0     8.0    75.7    

  Gens  Rem    Local   ElDiv NoImpr             Best solution            Time  Op
                                       Cost     Dist    Tard    TMax 
*  103 1797  1695.33    9.82      0  1695.33  5055.00    22.0     9.0    77.9    
*  123 1777  1692.00    9.88      0  1692.00  4995.00    70.0    11.0    92.9    
*  126 1774  1690.67    9.89      0  1690.67  5015.00    47.0    10.0    95.2    
*  128 1772  1688.00    9.86      0  1688.00  5024.00    33.0     7.0    96.7    
*  132 1768  1687.67    9.86      0  1687.67  5047.00    13.0     3.0    99.7    
*  134 1766  1684.33   10.16      0  1684.33  5034.00     3.0     1.0   101.2    
*  135 1765  1679.33    9.87      0  1679.33  5034.00     3.0     1.0   101.9    
*  142 1758  1659.00    9.74      0  1659.00  4955.00    16.0     6.0   107.2    
*  147 1753  1644.33   10.02      0  1644.33  4919.00     9.0     5.0   111.0    
   150 1750  1644.33   10.66      3  1644.33  4919.00     9.0     5.0   113.2    
*  154 1746  1636.67   11.05      0  1636.67  4894.00    11.0     5.0   116.2    
*  156 1744  1625.67   11.31      0  1625.67  4860.00    13.0     4.0   117.7    
   160 1740  1625.67    8.62      5  1625.67  4860.00    13.0     4.0   120.7   X
*  180 1720  1617.00    7.84      0  1617.00  4837.00    11.0     3.0   135.7    
Path relinking result: best improvement.
   180 1720  1591.67    9.07      0  1617.00  4837.00    11.0     3.0   136.8   P
*  181 1719  1591.67    9.20      0  1591.67  4760.00     8.0     7.0   137.5    

  Gens  Rem    Local   ElDiv NoImpr             Best solution            Time  Op
                                       Cost     Dist    Tard    TMax 
   200 1700  1591.67    8.32     19  1591.67  4760.00     8.0     7.0   151.2    
*  212 1688  1587.67    9.02      0  1587.67  4717.00    32.0    14.0   159.8    
*  215 1685  1579.00    9.73      0  1579.00  4732.00     4.0     1.0   162.0    
*  233 1667  1564.00    9.95      0  1564.00  4680.00     9.0     3.0   174.9    
   240 1660  1564.00    7.97      8  1564.00  4680.00     9.0     3.0   179.9   X
*  242 1658  1557.00    8.27      0  1557.00  4649.00    16.0     6.0   181.4    
   250 1650  1557.00    8.40      8  1557.00  4649.00    16.0     6.0   187.1    
*  252 1648  1551.00    8.40      0  1551.00  4648.00     3.0     2.0   188.5    
*  266 1634  1538.67    8.36      0  1538.67  4609.00     5.0     2.0   198.6    
*  277 1623  1532.33    8.50      0  1532.33  4592.00     4.0     1.0   206.5    
*  283 1617  1529.67    8.90      0  1529.67  4566.00    19.0     4.0   210.8    
*  292 1608  1520.00    9.63      0  1520.00  4526.00    27.0     7.0   217.2    
   300 1600  1520.00   10.38      8  1520.00  4526.00    27.0     7.0   223.0    
*  305 1595  1516.33   10.64      0  1516.33  4545.00     3.0     1.0   226.6    
*  308 1592  1512.00   11.47      0  1512.00  4529.00     5.0     2.0   228.7    
   320 1580  1512.00    7.45     13  1512.00  4529.00     5.0     2.0   237.3   X

  Gens  Rem    Local   ElDiv NoImpr             Best solution            Time  Op
                                       Cost     Dist    Tard    TMax 
*  322 1578  1509.33    7.19      0  1509.33  4520.00     5.0     3.0   238.8    
*  327 1573  1503.00    6.72      0  1503.00  4482.00    21.0     6.0   242.4    
*  335 1565  1502.67    6.29      0  1502.67  4497.00     8.0     3.0   248.1    
*  342 1558  1502.33    6.13      0  1502.33  4450.00    15.0     3.0   253.1    
*  343 1557  1489.33    6.57      0  1489.33  4437.00    12.0     4.0   253.8    
*  344 1556  1484.33    6.38      0  1484.33  4437.00    12.0     4.0   254.6    
   350 1550  1484.33    6.63      6  1484.33  4437.00    12.0     4.0   258.9    
*  352 1548  1479.33    6.86      0  1479.33  4423.00    10.0     5.0   260.3    
Path relinking result: best improvement.
   360 1540  1478.33    7.56      0  1479.33  4423.00    10.0     5.0   267.1   P
*  361 1539  1478.33    7.73      0  1478.33  4386.00    42.0     7.0   267.8    
*  370 1530  1468.67    8.36      0  1468.67  4399.00     4.0     3.0   274.3    
*  394 1506  1457.33    8.49      0  1457.33  4351.00    17.0     4.0   291.5    
   400 1500  1457.33    8.15      6  1457.33  4351.00    17.0     4.0   295.8    
   400 1500  1457.33    6.12      7  1457.33  4351.00    17.0     4.0   295.8   X
*  404 1496  1448.33    6.18      0  1448.33  4319.00    19.0     7.0   298.6    
*  426 1474  1444.67    6.62      0  1444.67  4321.00     1.0     1.0   314.4    

  Gens  Rem    Local   ElDiv NoImpr             Best solution            Time  Op
                                       Cost     Dist    Tard    TMax 
*  427 1473  1441.00    6.52      0  1441.00  4321.00     1.0     1.0   315.1    
*  448 1452  1431.67    7.01      0  1431.67  4286.00     6.0     3.0   330.2    
   450 1450  1431.67    7.16      2  1431.67  4286.00     6.0     3.0   331.6    
*  460 1440  1431.33    7.10      0  1431.33  4290.00     2.0     2.0   338.7    
*  462 1438  1430.67    7.42      0  1430.67  4283.00     7.0     2.0   340.2    
*  465 1435  1427.33    7.31      0  1427.33  4279.00     2.0     1.0   342.3    
*  473 1427  1418.00    6.91      0  1418.00  4252.00     1.0     1.0   348.1    
   480 1420  1418.00    5.02      8  1418.00  4252.00     1.0     1.0   353.1   X
*  483 1417  1416.33    5.30      0  1416.33  4221.00     3.0     2.0   355.2    
*  484 1416  1408.67    5.42      0  1408.67  4221.00     3.0     2.0   355.9    
*  495 1405  1403.33    5.88      0  1403.33  4206.00     3.0     1.0   363.8    
   500 1400  1403.33    5.78      5  1403.33  4206.00     3.0     1.0   367.4    
*  507 1393  1393.00    6.05      0  1393.00  4170.00     6.0     3.0   372.4    
*  517 1383  1386.00    6.35      0  1386.00  4139.00    14.0     5.0   379.6    
*  532 1368  1384.33    5.99      0  1384.33  4144.00     6.0     3.0   390.3    
*  535 1365  1374.33    5.85      0  1374.33  4117.00     4.0     2.0   392.4    
Path relinking result: elite improvement.

  Gens  Rem    Local   ElDiv NoImpr             Best solution            Time  Op
                                       Cost     Dist    Tard    TMax 
   540 1360  1374.33    5.80      6  1374.33  4117.00     4.0     2.0   397.1   P
*  550 1350  1371.33    5.31      0  1371.33  4112.00     1.0     1.0   404.2    
*  557 1343  1369.00    5.35      0  1369.00  4105.00     1.0     1.0   409.2    
   560 1340  1369.00    3.91      4  1369.00  4105.00     1.0     1.0   411.4   X
*  562 1338  1365.67    3.96      0  1365.67  4093.00     3.0     1.0   412.8    
*  564 1336  1363.67    3.96      0  1363.67  4081.00     7.0     3.0   414.2    
*  569 1331  1362.67    3.94      0  1362.67  4084.00     3.0     1.0   417.8    
*  574 1326  1362.33    3.89      0  1362.33  4081.00     4.0     2.0   421.4    
*  577 1323  1361.00    3.87      0  1361.00  4081.00     1.0     1.0   423.6    
*  579 1321  1349.67    4.09      0  1349.67  4047.00     1.0     1.0   425.0    
   600 1300  1349.67    4.49     21  1349.67  4047.00     1.0     1.0   440.0    
*  601 1299  1349.33    4.38      0  1349.33  4045.00     2.0     1.0   440.7    
*  606 1294  1345.33    4.53      0  1345.33  4017.00    11.0     8.0   444.3    
*  609 1291  1338.67    5.03      0  1338.67  4012.00     3.0     1.0   446.5    
*  613 1287  1336.67    5.65      0  1336.67  4006.00     3.0     1.0   449.3    
*  624 1276  1331.33    6.29      0  1331.33  3992.00     1.0     1.0   457.2    

  Gens  Rem    Local   ElDiv NoImpr             Best solution            Time  Op
                                       Cost     Dist    Tard    TMax 
*  629 1271  1331.00    7.07      0  1331.00  3985.00     5.0     2.0   460.8    
*  630 1270  1330.67    7.28      0  1330.67  3985.00     5.0     2.0   461.5    
*  633 1267  1328.67    7.53      0  1328.67  3978.00     6.0     2.0   463.6    
*  639 1261  1327.67    8.05      0  1327.67  3977.00     1.0     1.0   467.9    
*  640 1260  1326.33    8.28      0  1326.33  3977.00     1.0     1.0   468.7    
   640 1260  1326.33    5.46      1  1326.33  3977.00     1.0     1.0   468.7   X
*  642 1258  1324.33    5.34      0  1324.33  3970.00     2.0     1.0   470.1    
*  644 1256  1324.00    4.58      0  1324.00  3970.00     1.0     1.0   471.5    
*  647 1253  1323.00    3.83      0  1323.00  3965.00     1.0     1.0   473.7    
*  648 1252  1322.33    3.48      0  1322.33  3962.00     1.0     1.0   474.4    
*  649 1251  1321.33    3.27      0  1321.33  3962.00     1.0     1.0   475.1    
   650 1250  1321.33    3.15      1  1321.33  3962.00     1.0     1.0   475.8    
*  653 1247  1320.33    2.99      0  1320.33  3959.00     1.0     1.0   478.0    
*  660 1240  1320.00    1.90      0  1320.00  3957.00     2.0     1.0   483.0    
*  664 1236  1319.67    1.18      0  1319.67  3956.00     2.0     1.0   485.8    
*  666 1234  1319.33    1.04      0  1319.33  3955.00     2.0     1.0   487.3    

  Gens  Rem    Local   ElDiv NoImpr             Best solution            Time  Op
                                       Cost     Dist    Tard    TMax 
*  668 1232  1318.67    0.91      0  1318.67  3954.00     1.0     1.0   488.7    
*  672 1228  1318.33    0.79      0  1318.33  3952.00     1.0     1.0   491.6    
*  673 1227  1318.00    0.73      0  1318.00  3952.00     1.0     1.0   492.3    
*  678 1222  1317.67    0.57      0  1317.67  3946.00     2.0     1.0   495.8    
*  679 1221  1316.33    0.54      0  1316.33  3946.00     2.0     1.0   496.6    
*  686 1214  1315.00    0.59      0  1315.00  3942.00     2.0     1.0   501.6    
*  688 1212  1314.33    0.56      0  1314.33  3940.00     2.0     1.0   503.0    
*  691 1209  1314.00    0.52      0  1314.00  3939.00     2.0     1.0   505.1    
*  694 1206  1313.67    0.63      0  1313.67  3938.00     2.0     1.0   507.3    
*  700 1200  1313.33    1.31      0  1313.33  3935.00     4.0     1.0   511.6    
*  709 1191  1313.00    0.89      0  1313.00  3931.00     5.0     3.0   518.0    
*  711 1189  1312.67    0.72      0  1312.67  3930.00     5.0     3.0   519.5    
Path relinking result: best improvement.
   720 1180  1312.33    0.48      0  1312.67  3930.00     5.0     3.0   526.8  PX
*  721 1179  1312.33    0.46      0  1312.33  3932.00     2.0     1.0   527.5    
*  722 1178  1311.67    0.39      0  1311.67  3932.00     2.0     1.0   528.3    
*  726 1174  1311.33    0.40      0  1311.33  3926.00     5.0     3.0   531.1    

  Gens  Rem    Local   ElDiv NoImpr             Best solution            Time  Op
                                       Cost     Dist    Tard    TMax 
*  736 1164  1311.00    0.28      0  1311.00  3925.00     5.0     3.0   538.3    
*  739 1161  1310.00    0.25      0  1310.00  3922.00     5.0     3.0   540.4    
*  742 1158  1309.67    0.46      0  1309.67  3923.00     2.0     1.0   542.5    
*  743 1157  1308.67    0.56      0  1308.67  3923.00     2.0     1.0   543.3    
*  746 1154  1308.33    0.90      0  1308.33  3921.00     2.0     1.0   545.4    
*  747 1153  1308.00    1.02      0  1308.00  3921.00     2.0     1.0   546.1    
*  750 1150  1307.67    1.38      0  1307.67  3919.00     2.0     1.0   548.3    
*  751 1149  1307.33    1.39      0  1307.33  3919.00     2.0     1.0   549.0    
*  759 1141  1306.67    1.65      0  1306.67  3917.00     2.0     1.0   554.7    
*  761 1139  1306.33    1.68      0  1306.33  3916.00     2.0     1.0   556.1    
*  777 1123  1306.00    0.77      0  1306.00  3915.00     2.0     1.0   567.5    
*  779 1121  1305.67    0.52      0  1305.67  3913.00     2.0     1.0   569.0    
*  780 1120  1305.33    0.42      0  1305.33  3913.00     2.0     1.0   569.7    
   800 1100  1305.33    0.46     20  1305.33  3913.00     2.0     1.0   583.9    
   800 1100  1305.33    0.26     21  1305.33  3913.00     2.0     1.0   583.9   X
*  802 1098  1304.67    0.20      0  1304.67  3911.00     2.0     1.0   585.4    

  Gens  Rem    Local   ElDiv NoImpr             Best solution            Time  Op
                                       Cost     Dist    Tard    TMax 
*  804 1096  1304.33    0.25      0  1304.33  3910.00     2.0     1.0   586.8    
*  818 1082  1303.67    0.17      0  1303.67  3908.00     2.0     1.0   596.8    
*  827 1073  1303.33    0.17      0  1303.33  3907.00     2.0     1.0   603.2    
   850 1050  1303.33    0.47     23  1303.33  3907.00     2.0     1.0   619.6    
*  878 1022  1302.67    0.48      0  1302.67  3905.00     2.0     1.0   639.6    
   880 1020  1302.67    0.13      3  1302.67  3905.00     2.0     1.0   641.0   X
   900 1000  1302.67    0.00     22  1302.67  3905.00     2.0     1.0   655.3    
Path relinking result: no improvement.
   900 1000  1302.67    0.00     23  1302.67  3905.00     2.0     1.0   656.2   P
*  915  985  1302.33    0.02      0  1302.33  3904.00     2.0     1.0   666.9    
   950  950  1302.33    0.03     35  1302.33  3904.00     2.0     1.0   691.9    
   960  940  1302.33    0.05     46  1302.33  3904.00     2.0     1.0   699.0   X
   994  906      inf  593.83      0  1302.33  3904.00     2.0     1.0   724.0   R
   995  905  7587.33  507.67      0  1302.33  3904.00     2.0     1.0   724.7    
  1000  900  6469.67  342.24      0  1302.33  3904.00     2.0     1.0   728.2    
  1040  860  1869.67   19.65      3  1302.33  3904.00     2.0     1.0   756.9   X
  1050  850  1824.33   15.97      0  1302.33  3904.00     2.0     1.0   764.0    
Path relinking result: best improvement.

  Gens  Rem    Local   ElDiv NoImpr             Best solution            Time  Op
                                       Cost     Dist    Tard    TMax 
  1080  820  1711.33   12.06      0  1302.33  3904.00     2.0     1.0   786.6   P
  1100  800  1692.33   10.73      3  1302.33  3904.00     2.0     1.0   801.0    
  1120  780  1641.33    9.96      5  1302.33  3904.00     2.0     1.0   815.3   X
  1150  750  1636.67    8.60      4  1302.33  3904.00     2.0     1.0   836.8    
  1200  700  1586.67   10.79     12  1302.33  3904.00     2.0     1.0   872.6    
  1200  700  1586.67    8.02     13  1302.33  3904.00     2.0     1.0   872.6   X
  1250  650  1541.33    8.09     10  1302.33  3904.00     2.0     1.0   908.5    
Path relinking result: best improvement.
  1260  640  1528.33    9.39      0  1302.33  3904.00     2.0     1.0   916.7   P
  1280  620  1528.33    9.68     20  1302.33  3904.00     2.0     1.0   931.0   X
  1300  600  1528.33    8.74     39  1302.33  3904.00     2.0     1.0   945.4    
  1350  550  1500.67    7.97     16  1302.33  3904.00     2.0     1.0   981.2    
  1360  540  1488.00    7.91      0  1302.33  3904.00     2.0     1.0   988.4   X
  1400  500  1486.67    7.77      4  1302.33  3904.00     2.0     1.0  1017.0    
Path relinking result: best improvement.
  1440  460  1461.00    8.34      0  1302.33  3904.00     2.0     1.0  1046.8  PX
  1450  450  1459.00    7.49      1  1302.33  3904.00     2.0     1.0  1053.9    
  1500  400  1430.67    8.50      8  1302.33  3904.00     2.0     1.0  1089.7    

  Gens  Rem    Local   ElDiv NoImpr             Best solution            Time  Op
                                       Cost     Dist    Tard    TMax 
  1520  380  1419.00    5.48      9  1302.33  3904.00     2.0     1.0  1104.0   X
  1550  350  1397.00    5.97     11  1302.33  3904.00     2.0     1.0  1125.5    
  1600  300  1363.67    4.43     16  1302.33  3904.00     2.0     1.0  1161.3    
  1600  300  1363.67    3.59     17  1302.33  3904.00     2.0     1.0  1161.3   X
Path relinking result: best improvement.
  1620  280  1356.67    3.88      0  1302.33  3904.00     2.0     1.0  1176.6   P
  1650  250  1344.00    3.26     11  1302.33  3904.00     2.0     1.0  1198.0    
  1680  220  1337.33    2.26      4  1302.33  3904.00     2.0     1.0  1219.5   X
  1700  200  1334.33    1.99     18  1302.33  3904.00     2.0     1.0  1233.8    
  1750  150  1325.33    2.79      1  1302.33  3904.00     2.0     1.0  1269.6    
  1760  140  1323.67    0.61      7  1302.33  3904.00     2.0     1.0  1276.7   X
  1800  100  1317.67    0.90      3  1302.33  3904.00     2.0     1.0  1305.3    
Path relinking result: elite improvement.
  1800  100  1317.67    0.90      4  1302.33  3904.00     2.0     1.0  1306.2   P
  1840   60  1315.00    0.18      1  1302.33  3904.00     2.0     1.0  1334.8   X
  1850   50  1313.67    0.23      0  1302.33  3904.00     2.0     1.0  1341.9    
  1900    0  1312.67    0.72     17  1302.33  3904.00     2.0     1.0  1377.0    
Evolutionary process finished.
Solution written to 'solution-18914.txt'.

Sorted sequence of worst to best tardiness value:
Task for patient = 149 with skills = {1,-1} and cost = 609.7
   Vehicle #0 = 11, leaving at = 756.0
   Vehicle #1 = -1, leaving at = inf
   Increment on distance indicator: 8.0
   Increment on tard indicator:     1.0
   Value of tmax indicator:         8.0

Task for patient = 172 with skills = {1,-1} and cost = 741.3
   Vehicle #0 = 11, leaving at = 1012.0
   Vehicle #1 = -1, leaving at = inf
   Increment on distance indicator: 5.0
   Increment on tard indicator:     0.0
   Value of tmax indicator:         5.0

Task for patient = 104 with skills = {3,-1} and cost = 739.7
   Vehicle #0 = 42, leaving at = 993.0
   Vehicle #1 = -1, leaving at = inf
   Increment on distance indicator: 10.0
   Increment on tard indicator:     0.0
   Value of tmax indicator:         10.0

Task for patient = 4 with skills = {1,-1} and cost = 736.3
   Vehicle #0 = 14, leaving at = 857.0
   Vehicle #1 = -1, leaving at = inf
   Increment on distance indicator: 3.0
   Increment on tard indicator:     0.0
   Value of tmax indicator:         3.0

Task for patient = 28 with skills = {2,4} and cost = 735.3
   Vehicle #0 = 2, leaving at = 910.0
   Vehicle #1 = 31, leaving at = 933.0
   Increment on distance indicator: 13.0
   Increment on tard indicator:     0.0
   Value of tmax indicator:         13.0

Task for patient = 237 with skills = {4,-1} and cost = 731.0
   Vehicle #0 = 31, leaving at = 822.0
   Vehicle #1 = -1, leaving at = inf
   Increment on distance indicator: 14.0
   Increment on tard indicator:     0.0
   Value of tmax indicator:         14.0

Task for patient = 270 with skills = {1,3} and cost = 726.3
   Vehicle #0 = 17, leaving at = 852.0
   Vehicle #1 = 33, leaving at = 829.0
   Increment on distance indicator: 4.0
   Increment on tard indicator:     0.0
   Value of tmax indicator:         4.0

Task for patient = 257 with skills = {0,-1} and cost = 725.0
   Vehicle #0 = 19, leaving at = 885.0
   Vehicle #1 = -1, leaving at = inf
   Increment on distance indicator: 8.0
   Increment on tard indicator:     0.0
   Value of tmax indicator:         8.0

Task for patient = 249 with skills = {0,3} and cost = 722.3
   Vehicle #0 = 20, leaving at = 866.0
   Vehicle #1 = 50, leaving at = 866.0
   Increment on distance indicator: 7.0
   Increment on tard indicator:     0.0
   Value of tmax indicator:         7.0

Task for patient = 283 with skills = {2,5} and cost = 747.0
   Vehicle #0 = 2, leaving at = 937.0
   Vehicle #1 = 40, leaving at = 970.0
   Increment on distance indicator: 17.0
   Increment on tard indicator:     0.0
   Value of tmax indicator:         17.0

Task for patient = 48 with skills = {0,5} and cost = 718.3
   Vehicle #0 = 17, leaving at = 799.0
   Vehicle #1 = 33, leaving at = 799.0
   Increment on distance indicator: 8.0
   Increment on tard indicator:     0.0
   Value of tmax indicator:         8.0

Task for patient = 155 with skills = {1,5} and cost = 715.7
   Vehicle #0 = 9, leaving at = 906.0
   Vehicle #1 = 48, leaving at = 922.0
   Increment on distance indicator: 11.0
   Increment on tard indicator:     0.0
   Value of tmax indicator:         11.0

Task for patient = 69 with skills = {1,3} and cost = 712.0
   Vehicle #0 = 11, leaving at = 882.0
   Vehicle #1 = 39, leaving at = 892.0
   Increment on distance indicator: 12.0
   Increment on tard indicator:     0.0
   Value of tmax indicator:         12.0

Task for patient = 67 with skills = {2,-1} and cost = 708.0
   Vehicle #0 = 18, leaving at = 922.0
   Vehicle #1 = -1, leaving at = inf
   Increment on distance indicator: 4.0
   Increment on tard indicator:     0.0
   Value of tmax indicator:         4.0

Task for patient = 231 with skills = {5,-1} and cost = 706.7
   Vehicle #0 = 44, leaving at = 1018.0
   Vehicle #1 = -1, leaving at = inf
   Increment on distance indicator: 5.0
   Increment on tard indicator:     0.0
   Value of tmax indicator:         5.0

Task for patient = 217 with skills = {0,-1} and cost = 705.0
   Vehicle #0 = 20, leaving at = 777.0
   Vehicle #1 = -1, leaving at = inf
   Increment on distance indicator: 5.0
   Increment on tard indicator:     0.0
   Value of tmax indicator:         5.0

Task for patient = 30 with skills = {3,-1} and cost = 703.3
   Vehicle #0 = 42, leaving at = 931.0
   Vehicle #1 = -1, leaving at = inf
   Increment on distance indicator: 4.0
   Increment on tard indicator:     0.0
   Value of tmax indicator:         4.0

Task for patient = 266 with skills = {0,-1} and cost = 702.0
   Vehicle #0 = 20, leaving at = 712.0
   Vehicle #1 = -1, leaving at = inf
   Increment on distance indicator: 19.0
   Increment on tard indicator:     0.0
   Value of tmax indicator:         19.0

Task for patient = 150 with skills = {5,-1} and cost = 720.0
   Vehicle #0 = 37, leaving at = 994.0
   Vehicle #1 = -1, leaving at = inf
   Increment on distance indicator: 5.0
   Increment on tard indicator:     0.0
   Value of tmax indicator:         5.0

Task for patient = 122 with skills = {0,-1} and cost = 794.7
   Vehicle #0 = 12, leaving at = 991.0
   Vehicle #1 = -1, leaving at = inf
   Increment on distance indicator: 5.0
   Increment on tard indicator:     0.0
   Value of tmax indicator:         5.0

Task for patient = 107 with skills = {2,5} and cost = 793.0
   Vehicle #0 = 6, leaving at = 971.0
   Vehicle #1 = 36, leaving at = 956.0
   Increment on distance indicator: 10.0
   Increment on tard indicator:     0.0
   Value of tmax indicator:         10.0

Task for patient = 68 with skills = {3,-1} and cost = 789.7
   Vehicle #0 = 32, leaving at = 1057.0
   Vehicle #1 = -1, leaving at = inf
   Increment on distance indicator: 6.0
   Increment on tard indicator:     0.0
   Value of tmax indicator:         6.0

Task for patient = 66 with skills = {1,3} and cost = 787.7
   Vehicle #0 = 8, leaving at = 897.0
   Vehicle #1 = 49, leaving at = 897.0
   Increment on distance indicator: 27.0
   Increment on tard indicator:     0.0
   Value of tmax indicator:         27.0

Task for patient = 101 with skills = {1,-1} and cost = 778.7
   Vehicle #0 = 5, leaving at = 916.0
   Vehicle #1 = -1, leaving at = inf
   Increment on distance indicator: 6.0
   Increment on tard indicator:     0.0
   Value of tmax indicator:         6.0

Task for patient = 279 with skills = {1,-1} and cost = 776.7
   Vehicle #0 = 15, leaving at = 985.0
   Vehicle #1 = -1, leaving at = inf
   Increment on distance indicator: 7.0
   Increment on tard indicator:     0.0
   Value of tmax indicator:         7.0

Task for patient = 161 with skills = {1,-1} and cost = 774.3
   Vehicle #0 = 5, leaving at = 862.0
   Vehicle #1 = -1, leaving at = inf
   Increment on distance indicator: 5.0
   Increment on tard indicator:     0.0
   Value of tmax indicator:         5.0

Task for patient = 105 with skills = {4,-1} and cost = 772.7
   Vehicle #0 = 39, leaving at = 983.0
   Vehicle #1 = -1, leaving at = inf
   Increment on distance indicator: 9.0
   Increment on tard indicator:     0.0
   Value of tmax indicator:         9.0

Task for patient = 154 with skills = {2,-1} and cost = 748.0
   Vehicle #0 = 12, leaving at = 952.0
   Vehicle #1 = -1, leaving at = inf
   Increment on distance indicator: 3.0
   Increment on tard indicator:     0.0
   Value of tmax indicator:         3.0

Task for patient = 87 with skills = {3,-1} and cost = 767.3
   Vehicle #0 = 39, leaving at = 947.0
   Vehicle #1 = -1, leaving at = inf
   Increment on distance indicator: 5.0
   Increment on tard indicator:     0.0
   Value of tmax indicator:         5.0

Task for patient = 2 with skills = {4,-1} and cost = 765.7
   Vehicle #0 = 45, leaving at = 931.0
   Vehicle #1 = -1, leaving at = inf
   Increment on distance indicator: 6.0
   Increment on tard indicator:     0.0
   Value of tmax indicator:         6.0

Task for patient = 206 with skills = {3,-1} and cost = 763.7
   Vehicle #0 = 33, leaving at = 868.0
   Vehicle #1 = -1, leaving at = inf
   Increment on distance indicator: 4.0
   Increment on tard indicator:     0.0
   Value of tmax indicator:         4.0

Task for patient = 284 with skills = {5,-1} and cost = 762.3
   Vehicle #0 = 49, leaving at = 732.0
   Vehicle #1 = -1, leaving at = inf
   Increment on distance indicator: 19.0
   Increment on tard indicator:     0.0
   Value of tmax indicator:         19.0

Task for patient = 82 with skills = {3,-1} and cost = 756.0
   Vehicle #0 = 32, leaving at = 1015.0
   Vehicle #1 = -1, leaving at = inf
   Increment on distance indicator: 8.0
   Increment on tard indicator:     0.0
   Value of tmax indicator:         8.0

Task for patient = 264 with skills = {2,-1} and cost = 753.3
   Vehicle #0 = 7, leaving at = 981.0
   Vehicle #1 = -1, leaving at = inf
   Increment on distance indicator: 9.0
   Increment on tard indicator:     0.0
   Value of tmax indicator:         9.0

Task for patient = 166 with skills = {0,3} and cost = 750.3
   Vehicle #0 = 20, leaving at = 897.0
   Vehicle #1 = 50, leaving at = 943.0
   Increment on distance indicator: 4.0
   Increment on tard indicator:     0.0
   Value of tmax indicator:         4.0

Task for patient = 132 with skills = {1,-1} and cost = 749.0
   Vehicle #0 = 15, leaving at = 935.0
   Vehicle #1 = -1, leaving at = inf
   Increment on distance indicator: 3.0
   Increment on tard indicator:     0.0
   Value of tmax indicator:         3.0

Task for patient = 142 with skills = {5,-1} and cost = 994.0
   Vehicle #0 = 44, leaving at = 1148.0
   Vehicle #1 = -1, leaving at = inf
   Increment on distance indicator: 4.0
   Increment on tard indicator:     0.0
   Value of tmax indicator:         4.0

Task for patient = 159 with skills = {5,-1} and cost = 769.7
   Vehicle #0 = 52, leaving at = 954.0
   Vehicle #1 = -1, leaving at = inf
   Increment on distance indicator: 7.0
   Increment on tard indicator:     0.0
   Value of tmax indicator:         7.0

Task for patient = 140 with skills = {1,-1} and cost = 641.0
   Vehicle #0 = 5, leaving at = 835.0
   Vehicle #1 = -1, leaving at = inf
   Increment on distance indicator: 4.0
   Increment on tard indicator:     0.0
   Value of tmax indicator:         4.0

Task for patient = 33 with skills = {0,-1} and cost = 639.7
   Vehicle #0 = 10, leaving at = 956.0
   Vehicle #1 = -1, leaving at = inf
   Increment on distance indicator: 9.0
   Increment on tard indicator:     0.0
   Value of tmax indicator:         9.0

Task for patient = 46 with skills = {1,-1} and cost = 636.7
   Vehicle #0 = 9, leaving at = 853.0
   Vehicle #1 = -1, leaving at = inf
   Increment on distance indicator: 4.0
   Increment on tard indicator:     0.0
   Value of tmax indicator:         4.0

Task for patient = 81 with skills = {1,-1} and cost = 635.3
   Vehicle #0 = 15, leaving at = 761.0
   Vehicle #1 = -1, leaving at = inf
   Increment on distance indicator: 12.0
   Increment on tard indicator:     0.0
   Value of tmax indicator:         12.0

Task for patient = 61 with skills = {0,3} and cost = 631.3
   Vehicle #0 = 13, leaving at = 891.0
   Vehicle #1 = 45, leaving at = 891.0
   Increment on distance indicator: 13.0
   Increment on tard indicator:     0.0
   Value of tmax indicator:         13.0

Task for patient = 290 with skills = {1,5} and cost = 627.0
   Vehicle #0 = 9, leaving at = 828.0
   Vehicle #1 = 48, leaving at = 808.0
   Increment on distance indicator: 11.0
   Increment on tard indicator:     0.0
   Value of tmax indicator:         11.0

Task for patient = 300 with skills = {0,3} and cost = 623.3
   Vehicle #0 = 2, leaving at = 847.0
   Vehicle #1 = 42, leaving at = 847.0
   Increment on distance indicator: 15.0
   Increment on tard indicator:     0.0
   Value of tmax indicator:         15.0

Task for patient = 93 with skills = {5,-1} and cost = 618.3
   Vehicle #0 = 44, leaving at = 910.0
   Vehicle #1 = -1, leaving at = inf
   Increment on distance indicator: 6.0
   Increment on tard indicator:     0.0
   Value of tmax indicator:         6.0

Task for patient = 286 with skills = {1,5} and cost = 695.7
   Vehicle #0 = 15, leaving at = 896.0
   Vehicle #1 = 51, leaving at = 896.0
   Increment on distance indicator: 18.0
   Increment on tard indicator:     0.0
   Value of tmax indicator:         18.0

Task for patient = 295 with skills = {0,3} and cost = 611.7
   Vehicle #0 = 19, leaving at = 853.0
   Vehicle #1 = 44, leaving at = 867.0
   Increment on distance indicator: 6.0
   Increment on tard indicator:     0.0
   Value of tmax indicator:         6.0

Task for patient = 223 with skills = {5,-1} and cost = 606.3
   Vehicle #0 = 50, leaving at = 750.0
   Vehicle #1 = -1, leaving at = inf
   Increment on distance indicator: 3.0
   Increment on tard indicator:     0.0
   Value of tmax indicator:         3.0

Task for patient = 253 with skills = {5,-1} and cost = 605.3
   Vehicle #0 = 50, leaving at = 695.0
   Vehicle #1 = -1, leaving at = inf
   Increment on distance indicator: 22.0
   Increment on tard indicator:     0.0
   Value of tmax indicator:         22.0

Task for patient = 50 with skills = {1,-1} and cost = 598.0
   Vehicle #0 = 0, leaving at = 1000.0
   Vehicle #1 = -1, leaving at = inf
   Increment on distance indicator: 11.0
   Increment on tard indicator:     0.0
   Value of tmax indicator:         11.0

Task for patient = 222 with skills = {3,-1} and cost = 594.3
   Vehicle #0 = 30, leaving at = 890.0
   Vehicle #1 = -1, leaving at = inf
   Increment on distance indicator: 5.0
   Increment on tard indicator:     0.0
   Value of tmax indicator:         5.0

Task for patient = 255 with skills = {5,-1} and cost = 592.7
   Vehicle #0 = 36, leaving at = 887.0
   Vehicle #1 = -1, leaving at = inf
   Increment on distance indicator: 7.0
   Increment on tard indicator:     0.0
   Value of tmax indicator:         7.0

Task for patient = 151 with skills = {2,4} and cost = 590.3
   Vehicle #0 = 2, leaving at = 788.0
   Vehicle #1 = 36, leaving at = 836.0
   Increment on distance indicator: 19.0
   Increment on tard indicator:     0.0
   Value of tmax indicator:         19.0

Task for patient = 165 with skills = {4,-1} and cost = 584.0
   Vehicle #0 = 47, leaving at = 679.0
   Vehicle #1 = -1, leaving at = inf
   Increment on distance indicator: 1.0
   Increment on tard indicator:     0.0
   Value of tmax indicator:         1.0

Task for patient = 216 with skills = {2,-1} and cost = 616.3
   Vehicle #0 = 10, leaving at = 887.0
   Vehicle #1 = -1, leaving at = inf
   Increment on distance indicator: 14.0
   Increment on tard indicator:     0.0
   Value of tmax indicator:         14.0

Task for patient = 241 with skills = {5,-1} and cost = 689.7
   Vehicle #0 = 50, leaving at = 775.0
   Vehicle #1 = -1, leaving at = inf
   Increment on distance indicator: 10.0
   Increment on tard indicator:     0.0
   Value of tmax indicator:         10.0

Task for patient = 126 with skills = {0,4} and cost = 686.3
   Vehicle #0 = 7, leaving at = 929.0
   Vehicle #1 = 32, leaving at = 960.0
   Increment on distance indicator: 12.0
   Increment on tard indicator:     0.0
   Value of tmax indicator:         12.0

Task for patient = 90 with skills = {3,-1} and cost = 682.3
   Vehicle #0 = 44, leaving at = 963.0
   Vehicle #1 = -1, leaving at = inf
   Increment on distance indicator: 1.0
   Increment on tard indicator:     0.0
   Value of tmax indicator:         1.0

Task for patient = 296 with skills = {4,-1} and cost = 682.0
   Vehicle #0 = 38, leaving at = 871.0
   Vehicle #1 = -1, leaving at = inf
   Increment on distance indicator: 8.0
   Increment on tard indicator:     0.0
   Value of tmax indicator:         8.0

Task for patient = 247 with skills = {0,4} and cost = 679.3
   Vehicle #0 = 12, leaving at = 891.0
   Vehicle #1 = 30, leaving at = 940.0
   Increment on distance indicator: 15.0
   Increment on tard indicator:     0.0
   Value of tmax indicator:         15.0

Task for patient = 129 with skills = {5,-1} and cost = 674.3
   Vehicle #0 = 35, leaving at = 920.0
   Vehicle #1 = -1, leaving at = inf
   Increment on distance indicator: 11.0
   Increment on tard indicator:     0.0
   Value of tmax indicator:         11.0

Task for patient = 179 with skills = {4,-1} and cost = 670.7
   Vehicle #0 = 37, leaving at = 970.0
   Vehicle #1 = -1, leaving at = inf
   Increment on distance indicator: 3.0
   Increment on tard indicator:     0.0
   Value of tmax indicator:         3.0

Task for patient = 250 with skills = {2,4} and cost = 669.7
   Vehicle #0 = 4, leaving at = 748.0
   Vehicle #1 = 47, leaving at = 748.0
   Increment on distance indicator: 15.0
   Increment on tard indicator:     0.0
   Value of tmax indicator:         15.0

Task for patient = 246 with skills = {0,3} and cost = 643.3
   Vehicle #0 = 21, leaving at = 943.0
   Vehicle #1 = 46, leaving at = 958.0
   Increment on distance indicator: 7.0
   Increment on tard indicator:     0.0
   Value of tmax indicator:         7.0

Task for patient = 43 with skills = {4,-1} and cost = 661.7
   Vehicle #0 = 37, leaving at = 932.0
   Vehicle #1 = -1, leaving at = inf
   Increment on distance indicator: 6.0
   Increment on tard indicator:     0.0
   Value of tmax indicator:         6.0

Task for patient = 62 with skills = {1,-1} and cost = 659.7
   Vehicle #0 = 15, leaving at = 832.0
   Vehicle #1 = -1, leaving at = inf
   Increment on distance indicator: 1.0
   Increment on tard indicator:     0.0
   Value of tmax indicator:         1.0

Task for patient = 252 with skills = {3,-1} and cost = 659.3
   Vehicle #0 = 33, leaving at = 745.0
   Vehicle #1 = -1, leaving at = inf
   Increment on distance indicator: 6.0
   Increment on tard indicator:     0.0
   Value of tmax indicator:         6.0

Task for patient = 27 with skills = {3,-1} and cost = 657.3
   Vehicle #0 = 42, leaving at = 910.0
   Vehicle #1 = -1, leaving at = inf
   Increment on distance indicator: 6.0
   Increment on tard indicator:     0.0
   Value of tmax indicator:         6.0

Task for patient = 269 with skills = {5,-1} and cost = 655.3
   Vehicle #0 = 40, leaving at = 888.0
   Vehicle #1 = -1, leaving at = inf
   Increment on distance indicator: 3.0
   Increment on tard indicator:     0.0
   Value of tmax indicator:         3.0

Task for patient = 73 with skills = {2,4} and cost = 654.3
   Vehicle #0 = 16, leaving at = 935.0
   Vehicle #1 = 52, leaving at = 917.0
   Increment on distance indicator: 10.0
   Increment on tard indicator:     0.0
   Value of tmax indicator:         10.0

Task for patient = 200 with skills = {4,-1} and cost = 651.0
   Vehicle #0 = 41, leaving at = 879.0
   Vehicle #1 = -1, leaving at = inf
   Increment on distance indicator: 1.0
   Increment on tard indicator:     0.0
   Value of tmax indicator:         1.0

Task for patient = 282 with skills = {5,-1} and cost = 650.7
   Vehicle #0 = 32, leaving at = 904.0
   Vehicle #1 = -1, leaving at = inf
   Increment on distance indicator: 2.0
   Increment on tard indicator:     0.0
   Value of tmax indicator:         2.0

Task for patient = 210 with skills = {2,5} and cost = 650.0
   Vehicle #0 = 16, leaving at = 779.0
   Vehicle #1 = 52, leaving at = 779.0
   Increment on distance indicator: 20.0
   Increment on tard indicator:     0.0
   Value of tmax indicator:         20.0

Task for patient = 35 with skills = {0,3} and cost = 664.7
   Vehicle #0 = 7, leaving at = 871.0
   Vehicle #1 = 48, leaving at = 871.0
   Increment on distance indicator: 9.0
   Increment on tard indicator:     0.0
   Value of tmax indicator:         9.0

Task for patient = 54 with skills = {2,5} and cost = 944.7
   Vehicle #0 = 20, leaving at = 1071.0
   Vehicle #1 = 50, leaving at = 1071.0
   Increment on distance indicator: 6.0
   Increment on tard indicator:     0.0
   Value of tmax indicator:         6.0

Task for patient = 41 with skills = {0,4} and cost = 942.7
   Vehicle #0 = 18, leaving at = 1043.0
   Vehicle #1 = 37, leaving at = 1080.0
   Increment on distance indicator: 7.0
   Increment on tard indicator:     0.0
   Value of tmax indicator:         7.0

Task for patient = 77 with skills = {3,-1} and cost = 940.3
   Vehicle #0 = 42, leaving at = 1032.0
   Vehicle #1 = -1, leaving at = inf
   Increment on distance indicator: 7.0
   Increment on tard indicator:     0.0
   Value of tmax indicator:         7.0

Task for patient = 299 with skills = {1,-1} and cost = 938.0
   Vehicle #0 = 1, leaving at = 1102.0
   Vehicle #1 = -1, leaving at = inf
   Increment on distance indicator: 6.0
   Increment on tard indicator:     0.0
   Value of tmax indicator:         6.0

Task for patient = 197 with skills = {0,-1} and cost = 936.0
   Vehicle #0 = 5, leaving at = 1037.0
   Vehicle #1 = -1, leaving at = inf
   Increment on distance indicator: 4.0
   Increment on tard indicator:     0.0
   Value of tmax indicator:         4.0

Task for patient = 221 with skills = {5,-1} and cost = 934.7
   Vehicle #0 = 50, leaving at = 1025.0
   Vehicle #1 = -1, leaving at = inf
   Increment on distance indicator: 5.0
   Increment on tard indicator:     0.0
   Value of tmax indicator:         5.0

Task for patient = 196 with skills = {5,-1} and cost = 933.0
   Vehicle #0 = 44, leaving at = 1096.0
   Vehicle #1 = -1, leaving at = inf
   Increment on distance indicator: 5.0
   Increment on tard indicator:     0.0
   Value of tmax indicator:         5.0

Task for patient = 40 with skills = {2,5} and cost = 931.3
   Vehicle #0 = 26, leaving at = 985.0
   Vehicle #1 = 49, leaving at = 999.0
   Increment on distance indicator: 19.0
   Increment on tard indicator:     0.0
   Value of tmax indicator:         19.0

Task for patient = 60 with skills = {2,5} and cost = 800.7
   Vehicle #0 = 4, leaving at = 1006.0
   Vehicle #1 = 33, leaving at = 1006.0
   Increment on distance indicator: 18.0
   Increment on tard indicator:     0.0
   Value of tmax indicator:         18.0

Task for patient = 263 with skills = {2,-1} and cost = 924.3
   Vehicle #0 = 20, leaving at = 1004.0
   Vehicle #1 = -1, leaving at = inf
   Increment on distance indicator: 7.0
   Increment on tard indicator:     0.0
   Value of tmax indicator:         7.0

Task for patient = 145 with skills = {4,-1} and cost = 922.0
   Vehicle #0 = 34, leaving at = 1062.0
   Vehicle #1 = -1, leaving at = inf
   Increment on distance indicator: 6.0
   Increment on tard indicator:     0.0
   Value of tmax indicator:         6.0

Task for patient = 193 with skills = {1,-1} and cost = 920.0
   Vehicle #0 = 15, leaving at = 1076.0
   Vehicle #1 = -1, leaving at = inf
   Increment on distance indicator: 4.0
   Increment on tard indicator:     0.0
   Value of tmax indicator:         4.0

Task for patient = 220 with skills = {1,-1} and cost = 918.7
   Vehicle #0 = 19, leaving at = 1044.0
   Vehicle #1 = -1, leaving at = inf
   Increment on distance indicator: 9.0
   Increment on tard indicator:     0.0
   Value of tmax indicator:         9.0

Task for patient = 12 with skills = {1,3} and cost = 915.7
   Vehicle #0 = 12, leaving at = 1047.0
   Vehicle #1 = 44, leaving at = 1069.0
   Increment on distance indicator: 9.0
   Increment on tard indicator:     0.0
   Value of tmax indicator:         9.0

Task for patient = 267 with skills = {1,3} and cost = 912.7
   Vehicle #0 = 3, leaving at = 973.0
   Vehicle #1 = 41, leaving at = 973.0
   Increment on distance indicator: 16.0
   Increment on tard indicator:     0.0
   Value of tmax indicator:         16.0

Task for patient = 9 with skills = {4,-1} and cost = 907.3
   Vehicle #0 = 31, leaving at = 1030.0
   Vehicle #1 = -1, leaving at = inf
   Increment on distance indicator: 6.0
   Increment on tard indicator:     0.0
   Value of tmax indicator:         6.0

Task for patient = 228 with skills = {5,-1} and cost = 905.3
   Vehicle #0 = 51, leaving at = 1007.0
   Vehicle #1 = -1, leaving at = inf
   Increment on distance indicator: 8.0
   Increment on tard indicator:     0.0
   Value of tmax indicator:         8.0

Task for patient = 17 with skills = {3,-1} and cost = 925.0
   Vehicle #0 = 32, leaving at = 1106.0
   Vehicle #1 = -1, leaving at = inf
   Increment on distance indicator: 2.0
   Increment on tard indicator:     0.0
   Value of tmax indicator:         2.0

Task for patient = 281 with skills = {3,-1} and cost = 992.7
   Vehicle #0 = 41, leaving at = 1120.0
   Vehicle #1 = -1, leaving at = inf
   Increment on distance indicator: 5.0
   Increment on tard indicator:     0.0
   Value of tmax indicator:         5.0

Task for patient = 209 with skills = {3,-1} and cost = 991.0
   Vehicle #0 = 41, leaving at = 1088.0
   Vehicle #1 = -1, leaving at = inf
   Increment on distance indicator: 3.0
   Increment on tard indicator:     0.0
   Value of tmax indicator:         3.0

Task for patient = 45 with skills = {0,-1} and cost = 990.0
   Vehicle #0 = 20, leaving at = 1103.0
   Vehicle #1 = -1, leaving at = inf
   Increment on distance indicator: 4.0
   Increment on tard indicator:     0.0
   Value of tmax indicator:         4.0

Task for patient = 75 with skills = {2,-1} and cost = 988.7
   Vehicle #0 = 7, leaving at = 1130.0
   Vehicle #1 = -1, leaving at = inf
   Increment on distance indicator: 7.0
   Increment on tard indicator:     0.0
   Value of tmax indicator:         7.0

Task for patient = 236 with skills = {0,3} and cost = 986.3
   Vehicle #0 = 24, leaving at = 940.0
   Vehicle #1 = 54, leaving at = 940.0
   Increment on distance indicator: 0.0
   Increment on tard indicator:     0.0
   Value of tmax indicator:         0.0

Task for patient = 127 with skills = {1,3} and cost = 986.3
   Vehicle #0 = 14, leaving at = 1072.0
   Vehicle #1 = 38, leaving at = 1135.0
   Increment on distance indicator: 15.0
   Increment on tard indicator:     0.0
   Value of tmax indicator:         15.0

Task for patient = 174 with skills = {0,3} and cost = 981.3
   Vehicle #0 = 8, leaving at = 1051.0
   Vehicle #1 = 38, leaving at = 1067.0
   Increment on distance indicator: 7.0
   Increment on tard indicator:     0.0
   Value of tmax indicator:         7.0

Task for patient = 182 with skills = {1,4} and cost = 979.0
   Vehicle #0 = 12, leaving at = 1090.0
   Vehicle #1 = 39, leaving at = 1121.0
   Increment on distance indicator: 11.0
   Increment on tard indicator:     0.0
   Value of tmax indicator:         11.0

Task for patient = 203 with skills = {2,-1} and cost = 947.0
   Vehicle #0 = 7, leaving at = 1107.0
   Vehicle #1 = -1, leaving at = inf
   Increment on distance indicator: 7.0
   Increment on tard indicator:     0.0
   Value of tmax indicator:         7.0

Task for patient = 225 with skills = {1,4} and cost = 973.3
   Vehicle #0 = 9, leaving at = 1110.0
   Vehicle #1 = 32, leaving at = 1151.0
   Increment on distance indicator: 9.0
   Increment on tard indicator:     0.0
   Value of tmax indicator:         9.0

Task for patient = 31 with skills = {5,-1} and cost = 970.3
   Vehicle #0 = 42, leaving at = 1089.0
   Vehicle #1 = -1, leaving at = inf
   Increment on distance indicator: 1.0
   Increment on tard indicator:     0.0
   Value of tmax indicator:         1.0

Task for patient = 86 with skills = {5,-1} and cost = 970.0
   Vehicle #0 = 33, leaving at = 1086.0
   Vehicle #1 = -1, leaving at = inf
   Increment on distance indicator: 5.0
   Increment on tard indicator:     0.0
   Value of tmax indicator:         5.0

Task for patient = 22 with skills = {2,3} and cost = 968.3
   Vehicle #0 = 26, leaving at = 1063.0
   Vehicle #1 = 49, leaving at = 1063.0
   Increment on distance indicator: 30.0
   Increment on tard indicator:     0.0
   Value of tmax indicator:         30.0

Task for patient = 180 with skills = {4,-1} and cost = 958.3
   Vehicle #0 = 36, leaving at = 1003.0
   Vehicle #1 = -1, leaving at = inf
   Increment on distance indicator: 4.0
   Increment on tard indicator:     0.0
   Value of tmax indicator:         4.0

Task for patient = 134 with skills = {0,-1} and cost = 957.0
   Vehicle #0 = 22, leaving at = 974.0
   Vehicle #1 = -1, leaving at = inf
   Increment on distance indicator: 6.0
   Increment on tard indicator:     0.0
   Value of tmax indicator:         6.0

Task for patient = 234 with skills = {4,-1} and cost = 955.0
   Vehicle #0 = 41, leaving at = 1035.0
   Vehicle #1 = -1, leaving at = inf
   Increment on distance indicator: 5.0
   Increment on tard indicator:     0.0
   Value of tmax indicator:         5.0

Task for patient = 277 with skills = {4,-1} and cost = 953.3
   Vehicle #0 = 39, leaving at = 1092.0
   Vehicle #1 = -1, leaving at = inf
   Increment on distance indicator: 11.0
   Increment on tard indicator:     0.0
   Value of tmax indicator:         11.0

Task for patient = 130 with skills = {1,3} and cost = 949.7
   Vehicle #0 = 11, leaving at = 1105.0
   Vehicle #1 = 48, leaving at = 1094.0
   Increment on distance indicator: 8.0
   Increment on tard indicator:     0.0
   Value of tmax indicator:         8.0

Task for patient = 175 with skills = {5,-1} and cost = 975.3
   Vehicle #0 = 36, leaving at = 1054.0
   Vehicle #1 = -1, leaving at = inf
   Increment on distance indicator: 6.0
   Increment on tard indicator:     0.0
   Value of tmax indicator:         6.0

Task for patient = 287 with skills = {1,-1} and cost = 856.3
   Vehicle #0 = 9, leaving at = 933.0
   Vehicle #1 = -1, leaving at = inf
   Increment on distance indicator: 4.0
   Increment on tard indicator:     0.0
   Value of tmax indicator:         4.0

Task for patient = 59 with skills = {4,-1} and cost = 855.0
   Vehicle #0 = 40, leaving at = 1057.0
   Vehicle #1 = -1, leaving at = inf
   Increment on distance indicator: 9.0
   Increment on tard indicator:     0.0
   Value of tmax indicator:         9.0

Task for patient = 212 with skills = {5,-1} and cost = 852.0
   Vehicle #0 = 35, leaving at = 988.0
   Vehicle #1 = -1, leaving at = inf
   Increment on distance indicator: 8.0
   Increment on tard indicator:     0.0
   Value of tmax indicator:         8.0

Task for patient = 76 with skills = {2,-1} and cost = 849.3
   Vehicle #0 = 14, leaving at = 959.0
   Vehicle #1 = -1, leaving at = inf
   Increment on distance indicator: 5.0
   Increment on tard indicator:     0.0
   Value of tmax indicator:         5.0

Task for patient = 156 with skills = {2,4} and cost = 847.7
   Vehicle #0 = 14, leaving at = 936.0
   Vehicle #1 = 38, leaving at = 936.0
   Increment on distance indicator: 23.0
   Increment on tard indicator:     0.0
   Value of tmax indicator:         23.0

Task for patient = 190 with skills = {0,-1} and cost = 840.0
   Vehicle #0 = 5, leaving at = 954.0
   Vehicle #1 = -1, leaving at = inf
   Increment on distance indicator: 4.0
   Increment on tard indicator:     0.0
   Value of tmax indicator:         4.0

Task for patient = 298 with skills = {0,5} and cost = 838.7
   Vehicle #0 = 10, leaving at = 1027.0
   Vehicle #1 = 34, leaving at = 1027.0
   Increment on distance indicator: 34.0
   Increment on tard indicator:     0.0
   Value of tmax indicator:         34.0

Task for patient = 191 with skills = {2,-1} and cost = 827.3
   Vehicle #0 = 6, leaving at = 1060.0
   Vehicle #1 = -1, leaving at = inf
   Increment on distance indicator: 8.0
   Increment on tard indicator:     0.0
   Value of tmax indicator:         8.0

Task for patient = 245 with skills = {1,4} and cost = 902.7
   Vehicle #0 = 3, leaving at = 926.0
   Vehicle #1 = 41, leaving at = 920.0
   Increment on distance indicator: 14.0
   Increment on tard indicator:     0.0
   Value of tmax indicator:         14.0

Task for patient = 199 with skills = {5,-1} and cost = 823.0
   Vehicle #0 = 33, leaving at = 1043.0
   Vehicle #1 = -1, leaving at = inf
   Increment on distance indicator: 10.0
   Increment on tard indicator:     0.0
   Value of tmax indicator:         10.0

Task for patient = 56 with skills = {0,-1} and cost = 819.7
   Vehicle #0 = 7, leaving at = 1013.0
   Vehicle #1 = -1, leaving at = inf
   Increment on distance indicator: 9.0
   Increment on tard indicator:     0.0
   Value of tmax indicator:         9.0

Task for patient = 11 with skills = {5,-1} and cost = 816.7
   Vehicle #0 = 34, leaving at = 937.0
   Vehicle #1 = -1, leaving at = inf
   Increment on distance indicator: 7.0
   Increment on tard indicator:     0.0
   Value of tmax indicator:         7.0

Task for patient = 188 with skills = {2,-1} and cost = 814.3
   Vehicle #0 = 18, leaving at = 985.0
   Vehicle #1 = -1, leaving at = inf
   Increment on distance indicator: 3.0
   Increment on tard indicator:     0.0
   Value of tmax indicator:         3.0

Task for patient = 74 with skills = {2,-1} and cost = 813.3
   Vehicle #0 = 27, leaving at = 676.0
   Vehicle #1 = -1, leaving at = inf
   Increment on distance indicator: 9.0
   Increment on tard indicator:     0.0
   Value of tmax indicator:         9.0

Task for patient = 128 with skills = {3,-1} and cost = 810.3
   Vehicle #0 = 48, leaving at = 981.0
   Vehicle #1 = -1, leaving at = inf
   Increment on distance indicator: 7.0
   Increment on tard indicator:     0.0
   Value of tmax indicator:         7.0

Task for patient = 94 with skills = {2,-1} and cost = 808.0
   Vehicle #0 = 6, leaving at = 1025.0
   Vehicle #1 = -1, leaving at = inf
   Increment on distance indicator: 6.0
   Increment on tard indicator:     0.0
   Value of tmax indicator:         6.0

Task for patient = 37 with skills = {2,4} and cost = 806.0
   Vehicle #0 = 2, leaving at = 1009.0
   Vehicle #1 = 40, leaving at = 1006.0
   Increment on distance indicator: 14.0
   Increment on tard indicator:     0.0
   Value of tmax indicator:         14.0

Task for patient = 258 with skills = {1,-1} and cost = 801.3
   Vehicle #0 = 19, leaving at = 944.0
   Vehicle #1 = -1, leaving at = inf
   Increment on distance indicator: 2.0
   Increment on tard indicator:     0.0
   Value of tmax indicator:         2.0

Task for patient = 53 with skills = {1,5} and cost = 824.7
   Vehicle #0 = 15, leaving at = 1021.0
   Vehicle #1 = 37, leaving at = 1022.0
   Increment on distance indicator: 5.0
   Increment on tard indicator:     0.0
   Value of tmax indicator:         5.0

Task for patient = 121 with skills = {3,-1} and cost = 898.0
   Vehicle #0 = 50, leaving at = 964.0
   Vehicle #1 = -1, leaving at = inf
   Increment on distance indicator: 3.0
   Increment on tard indicator:     0.0
   Value of tmax indicator:         3.0

Task for patient = 265 with skills = {2,5} and cost = 897.0
   Vehicle #0 = 21, leaving at = 1049.0
   Vehicle #1 = 35, leaving at = 1071.0
   Increment on distance indicator: 11.0
   Increment on tard indicator:     0.0
   Value of tmax indicator:         11.0

Task for patient = 229 with skills = {2,-1} and cost = 893.3
   Vehicle #0 = 20, leaving at = 973.0
   Vehicle #1 = -1, leaving at = inf
   Increment on distance indicator: 3.0
   Increment on tard indicator:     0.0
   Value of tmax indicator:         3.0

Task for patient = 139 with skills = {1,-1} and cost = 892.3
   Vehicle #0 = 8, leaving at = 991.0
   Vehicle #1 = -1, leaving at = inf
   Increment on distance indicator: 3.0
   Increment on tard indicator:     0.0
   Value of tmax indicator:         3.0

Task for patient = 278 with skills = {2,5} and cost = 891.3
   Vehicle #0 = 7, leaving at = 1064.0
   Vehicle #1 = 48, leaving at = 1064.0
   Increment on distance indicator: 11.0
   Increment on tard indicator:     0.0
   Value of tmax indicator:         11.0

Task for patient = 79 with skills = {0,-1} and cost = 887.7
   Vehicle #0 = 5, leaving at = 998.0
   Vehicle #1 = -1, leaving at = inf
   Increment on distance indicator: 7.0
   Increment on tard indicator:     0.0
   Value of tmax indicator:         7.0

Task for patient = 292 with skills = {4,-1} and cost = 885.3
   Vehicle #0 = 39, leaving at = 1034.0
   Vehicle #1 = -1, leaving at = inf
   Increment on distance indicator: 3.0
   Increment on tard indicator:     0.0
   Value of tmax indicator:         3.0

Task for patient = 152 with skills = {0,-1} and cost = 884.3
   Vehicle #0 = 4, leaving at = 1084.0
   Vehicle #1 = -1, leaving at = inf
   Increment on distance indicator: 2.0
   Increment on tard indicator:     0.0
   Value of tmax indicator:         2.0

Task for patient = 227 with skills = {2,3} and cost = 859.0
   Vehicle #0 = 4, leaving at = 1065.0
   Vehicle #1 = 43, leaving at = 1065.0
   Increment on distance indicator: 8.0
   Increment on tard indicator:     0.0
   Value of tmax indicator:         8.0

Task for patient = 18 with skills = {0,-1} and cost = 882.7
   Vehicle #0 = 8, leaving at = 939.0
   Vehicle #1 = -1, leaving at = inf
   Increment on distance indicator: 15.0
   Increment on tard indicator:     0.0
   Value of tmax indicator:         15.0

Task for patient = 242 with skills = {1,-1} and cost = 877.7
   Vehicle #0 = 15, leaving at = 1051.0
   Vehicle #1 = -1, leaving at = inf
   Increment on distance indicator: 3.0
   Increment on tard indicator:     0.0
   Value of tmax indicator:         3.0

Task for patient = 153 with skills = {0,3} and cost = 876.7
   Vehicle #0 = 21, leaving at = 998.0
   Vehicle #1 = 45, leaving at = 1005.0
   Increment on distance indicator: 7.0
   Increment on tard indicator:     0.0
   Value of tmax indicator:         7.0

Task for patient = 99 with skills = {0,5} and cost = 874.3
   Vehicle #0 = 13, leaving at = 957.0
   Vehicle #1 = 51, leaving at = 957.0
   Increment on distance indicator: 9.0
   Increment on tard indicator:     0.0
   Value of tmax indicator:         9.0

Task for patient = 185 with skills = {1,-1} and cost = 871.3
   Vehicle #0 = 14, leaving at = 994.0
   Vehicle #1 = -1, leaving at = inf
   Increment on distance indicator: 4.0
   Increment on tard indicator:     0.0
   Value of tmax indicator:         4.0

Task for patient = 235 with skills = {4,-1} and cost = 870.0
   Vehicle #0 = 31, leaving at = 1001.0
   Vehicle #1 = -1, leaving at = inf
   Increment on distance indicator: 9.0
   Increment on tard indicator:     0.0
   Value of tmax indicator:         9.0

Task for patient = 226 with skills = {2,4} and cost = 867.0
   Vehicle #0 = 19, leaving at = 1004.0
   Vehicle #1 = 39, leaving at = 1012.0
   Increment on distance indicator: 9.0
   Increment on tard indicator:     0.0
   Value of tmax indicator:         9.0

Task for patient = 189 with skills = {2,4} and cost = 864.0
   Vehicle #0 = 2, leaving at = 1072.0
   Vehicle #1 = 30, leaving at = 1072.0
   Increment on distance indicator: 11.0
   Increment on tard indicator:     0.0
   Value of tmax indicator:         11.0

Task for patient = 202 with skills = {4,-1} and cost = 860.3
   Vehicle #0 = 30, leaving at = 1000.0
   Vehicle #1 = -1, leaving at = inf
   Increment on distance indicator: 4.0
   Increment on tard indicator:     0.0
   Value of tmax indicator:         4.0

Task for patient = 256 with skills = {0,-1} and cost = 883.7
   Vehicle #0 = 2, leaving at = 1092.0
   Vehicle #1 = -1, leaving at = inf
   Increment on distance indicator: 3.0
   Increment on tard indicator:     0.0
   Value of tmax indicator:         3.0

Task for patient = 137 with skills = {1,5} and cost = 293.3
   Vehicle #0 = 12, leaving at = 681.0
   Vehicle #1 = 40, leaving at = 717.0
   Increment on distance indicator: 8.0
   Increment on tard indicator:     0.0
   Value of tmax indicator:         8.0

Task for patient = 198 with skills = {4,-1} and cost = 290.7
   Vehicle #0 = 30, leaving at = 715.0
   Vehicle #1 = -1, leaving at = inf
   Increment on distance indicator: 2.0
   Increment on tard indicator:     0.0
   Value of tmax indicator:         2.0

Task for patient = 186 with skills = {4,-1} and cost = 290.0
   Vehicle #0 = 38, leaving at = 692.0
   Vehicle #1 = -1, leaving at = inf
   Increment on distance indicator: 5.0
   Increment on tard indicator:     0.0
   Value of tmax indicator:         5.0

Task for patient = 168 with skills = {3,-1} and cost = 288.3
   Vehicle #0 = 45, leaving at = 649.0
   Vehicle #1 = -1, leaving at = inf
   Increment on distance indicator: 3.0
   Increment on tard indicator:     0.0
   Value of tmax indicator:         3.0

Task for patient = 55 with skills = {0,-1} and cost = 287.3
   Vehicle #0 = 12, leaving at = 658.0
   Vehicle #1 = -1, leaving at = inf
   Increment on distance indicator: 7.0
   Increment on tard indicator:     0.0
   Value of tmax indicator:         7.0

Task for patient = 1 with skills = {2,-1} and cost = 285.0
   Vehicle #0 = 10, leaving at = 769.0
   Vehicle #1 = -1, leaving at = inf
   Increment on distance indicator: 11.0
   Increment on tard indicator:     0.0
   Value of tmax indicator:         11.0

Task for patient = 80 with skills = {4,-1} and cost = 281.3
   Vehicle #0 = 45, leaving at = 545.0
   Vehicle #1 = -1, leaving at = inf
   Increment on distance indicator: 17.0
   Increment on tard indicator:     0.0
   Value of tmax indicator:         17.0

Task for patient = 135 with skills = {2,-1} and cost = 275.7
   Vehicle #0 = 17, leaving at = 532.0
   Vehicle #1 = -1, leaving at = inf
   Increment on distance indicator: 22.0
   Increment on tard indicator:     0.0
   Value of tmax indicator:         22.0

Task for patient = 120 with skills = {4,-1} and cost = 583.7
   Vehicle #0 = 35, leaving at = 856.0
   Vehicle #1 = -1, leaving at = inf
   Increment on distance indicator: 4.0
   Increment on tard indicator:     0.0
   Value of tmax indicator:         4.0

Task for patient = 232 with skills = {4,-1} and cost = 267.0
   Vehicle #0 = 41, leaving at = 573.0
   Vehicle #1 = -1, leaving at = inf
   Increment on distance indicator: 23.0
   Increment on tard indicator:     0.0
   Value of tmax indicator:         23.0

Task for patient = 97 with skills = {1,3} and cost = 259.3
   Vehicle #0 = 9, leaving at = 727.0
   Vehicle #1 = 39, leaving at = 735.0
   Increment on distance indicator: 8.0
   Increment on tard indicator:     0.0
   Value of tmax indicator:         8.0

Task for patient = 112 with skills = {1,5} and cost = 256.7
   Vehicle #0 = 11, leaving at = 577.0
   Vehicle #1 = 42, leaving at = 577.0
   Increment on distance indicator: 42.0
   Increment on tard indicator:     0.0
   Value of tmax indicator:         42.0

Task for patient = 117 with skills = {5,-1} and cost = 242.7
   Vehicle #0 = 35, leaving at = 816.0
   Vehicle #1 = -1, leaving at = inf
   Increment on distance indicator: 4.0
   Increment on tard indicator:     0.0
   Value of tmax indicator:         4.0

Task for patient = 176 with skills = {4,-1} and cost = 241.3
   Vehicle #0 = 39, leaving at = 618.0
   Vehicle #1 = -1, leaving at = inf
   Increment on distance indicator: 10.0
   Increment on tard indicator:     0.0
   Value of tmax indicator:         10.0

Task for patient = 195 with skills = {2,-1} and cost = 238.0
   Vehicle #0 = 16, leaving at = 722.0
   Vehicle #1 = -1, leaving at = inf
   Increment on distance indicator: 6.0
   Increment on tard indicator:     0.0
   Value of tmax indicator:         6.0

Task for patient = 5 with skills = {5,-1} and cost = 236.0
   Vehicle #0 = 40, leaving at = 649.0
   Vehicle #1 = -1, leaving at = inf
   Increment on distance indicator: 7.0
   Increment on tard indicator:     0.0
   Value of tmax indicator:         7.0

Task for patient = 224 with skills = {1,-1} and cost = 233.7
   Vehicle #0 = 8, leaving at = 680.0
   Vehicle #1 = -1, leaving at = inf
   Increment on distance indicator: 2.0
   Increment on tard indicator:     0.0
   Value of tmax indicator:         2.0

Task for patient = 85 with skills = {0,-1} and cost = 268.3
   Vehicle #0 = 4, leaving at = 663.0
   Vehicle #1 = -1, leaving at = inf
   Increment on distance indicator: 4.0
   Increment on tard indicator:     0.0
   Value of tmax indicator:         4.0

Task for patient = 162 with skills = {0,-1} and cost = 357.3
   Vehicle #0 = 19, leaving at = 518.0
   Vehicle #1 = -1, leaving at = inf
   Increment on distance indicator: 17.0
   Increment on tard indicator:     0.0
   Value of tmax indicator:         17.0

Task for patient = 98 with skills = {0,-1} and cost = 351.7
   Vehicle #0 = 2, leaving at = 710.0
   Vehicle #1 = -1, leaving at = inf
   Increment on distance indicator: 5.0
   Increment on tard indicator:     0.0
   Value of tmax indicator:         5.0

Task for patient = 29 with skills = {3,-1} and cost = 350.0
   Vehicle #0 = 41, leaving at = 679.0
   Vehicle #1 = -1, leaving at = inf
   Increment on distance indicator: 10.0
   Increment on tard indicator:     0.0
   Value of tmax indicator:         10.0

Task for patient = 88 with skills = {3,-1} and cost = 346.7
   Vehicle #0 = 37, leaving at = 812.0
   Vehicle #1 = -1, leaving at = inf
   Increment on distance indicator: 4.0
   Increment on tard indicator:     0.0
   Value of tmax indicator:         4.0

Task for patient = 95 with skills = {2,-1} and cost = 345.3
   Vehicle #0 = 18, leaving at = 687.0
   Vehicle #1 = -1, leaving at = inf
   Increment on distance indicator: 2.0
   Increment on tard indicator:     0.0
   Value of tmax indicator:         2.0

Task for patient = 108 with skills = {0,3} and cost = 344.7
   Vehicle #0 = 13, leaving at = 687.0
   Vehicle #1 = 45, leaving at = 724.0
   Increment on distance indicator: 9.0
   Increment on tard indicator:     0.0
   Value of tmax indicator:         9.0

Task for patient = 294 with skills = {1,3} and cost = 341.7
   Vehicle #0 = 17, leaving at = 655.0
   Vehicle #1 = 43, leaving at = 657.0
   Increment on distance indicator: 6.0
   Increment on tard indicator:     0.0
   Value of tmax indicator:         6.0

Task for patient = 100 with skills = {3,-1} and cost = 339.7
   Vehicle #0 = 46, leaving at = 714.0
   Vehicle #1 = -1, leaving at = inf
   Increment on distance indicator: 4.0
   Increment on tard indicator:     0.0
   Value of tmax indicator:         4.0

Task for patient = 13 with skills = {0,3} and cost = 301.3
   Vehicle #0 = 17, leaving at = 591.0
   Vehicle #1 = 43, leaving at = 591.0
   Increment on distance indicator: 24.0
   Increment on tard indicator:     0.0
   Value of tmax indicator:         24.0

Task for patient = 272 with skills = {2,4} and cost = 329.0
   Vehicle #0 = 18, leaving at = 652.0
   Vehicle #1 = 46, leaving at = 652.0
   Increment on distance indicator: 24.0
   Increment on tard indicator:     0.0
   Value of tmax indicator:         24.0

Task for patient = 21 with skills = {4,-1} and cost = 321.0
   Vehicle #0 = 38, leaving at = 769.0
   Vehicle #1 = -1, leaving at = inf
   Increment on distance indicator: 1.0
   Increment on tard indicator:     0.0
   Value of tmax indicator:         1.0

Task for patient = 213 with skills = {4,-1} and cost = 320.7
   Vehicle #0 = 41, leaving at = 629.0
   Vehicle #1 = -1, leaving at = inf
   Increment on distance indicator: 6.0
   Increment on tard indicator:     0.0
   Value of tmax indicator:         6.0

Task for patient = 96 with skills = {4,-1} and cost = 318.7
   Vehicle #0 = 32, leaving at = 810.0
   Vehicle #1 = -1, leaving at = inf
   Increment on distance indicator: 7.0
   Increment on tard indicator:     0.0
   Value of tmax indicator:         7.0

Task for patient = 106 with skills = {1,4} and cost = 316.3
   Vehicle #0 = 8, leaving at = 746.0
   Vehicle #1 = 38, leaving at = 746.0
   Increment on distance indicator: 6.0
   Increment on tard indicator:     0.0
   Value of tmax indicator:         6.0

Task for patient = 15 with skills = {3,-1} and cost = 314.3
   Vehicle #0 = 43, leaving at = 620.0
   Vehicle #1 = -1, leaving at = inf
   Increment on distance indicator: 4.0
   Increment on tard indicator:     0.0
   Value of tmax indicator:         4.0

Task for patient = 20 with skills = {0,4} and cost = 313.0
   Vehicle #0 = 13, leaving at = 591.0
   Vehicle #1 = 46, leaving at = 591.0
   Increment on distance indicator: 28.0
   Increment on tard indicator:     0.0
   Value of tmax indicator:         28.0

Task for patient = 144 with skills = {3,-1} and cost = 303.7
   Vehicle #0 = 42, leaving at = 651.0
   Vehicle #1 = -1, leaving at = inf
   Increment on distance indicator: 3.0
   Increment on tard indicator:     0.0
   Value of tmax indicator:         3.0

Task for patient = 276 with skills = {3,-1} and cost = 302.7
   Vehicle #0 = 45, leaving at = 692.0
   Vehicle #1 = -1, leaving at = inf
   Increment on distance indicator: 4.0
   Increment on tard indicator:     0.0
   Value of tmax indicator:         4.0

Task for patient = 215 with skills = {3,-1} and cost = 338.3
   Vehicle #0 = 44, leaving at = 528.0
   Vehicle #1 = -1, leaving at = inf
   Increment on distance indicator: 28.0
   Increment on tard indicator:     0.0
   Value of tmax indicator:         28.0

Task for patient = 240 with skills = {3,-1} and cost = 145.0
   Vehicle #0 = 38, leaving at = 595.0
   Vehicle #1 = -1, leaving at = inf
   Increment on distance indicator: 16.0
   Increment on tard indicator:     0.0
   Value of tmax indicator:         16.0

Task for patient = 181 with skills = {1,4} and cost = 139.7
   Vehicle #0 = 3, leaving at = 627.0
   Vehicle #1 = 35, leaving at = 649.0
   Increment on distance indicator: 20.0
   Increment on tard indicator:     0.0
   Value of tmax indicator:         20.0

Task for patient = 16 with skills = {2,4} and cost = 133.0
   Vehicle #0 = 10, leaving at = 551.0
   Vehicle #1 = 37, leaving at = 551.0
   Increment on distance indicator: 24.0
   Increment on tard indicator:     0.0
   Value of tmax indicator:         24.0

Task for patient = 123 with skills = {0,5} and cost = 125.0
   Vehicle #0 = 8, leaving at = 625.0
   Vehicle #1 = 34, leaving at = 656.0
   Increment on distance indicator: 19.0
   Increment on tard indicator:     0.0
   Value of tmax indicator:         19.0

Task for patient = 183 with skills = {0,4} and cost = 118.7
   Vehicle #0 = 7, leaving at = 503.0
   Vehicle #1 = 36, leaving at = 519.0
   Increment on distance indicator: 64.0
   Increment on tard indicator:     0.0
   Value of tmax indicator:         64.0

Task for patient = 288 with skills = {1,5} and cost = 97.3
   Vehicle #0 = 3, leaving at = 594.0
   Vehicle #1 = 35, leaving at = 596.0
   Increment on distance indicator: 42.0
   Increment on tard indicator:     0.0
   Value of tmax indicator:         42.0

Task for patient = 6 with skills = {0,-1} and cost = 83.3
   Vehicle #0 = 5, leaving at = 706.0
   Vehicle #1 = -1, leaving at = inf
   Increment on distance indicator: 5.0
   Increment on tard indicator:     0.0
   Value of tmax indicator:         5.0

Task for patient = 72 with skills = {2,4} and cost = 81.7
   Vehicle #0 = 6, leaving at = 675.0
   Vehicle #1 = 31, leaving at = 675.0
   Increment on distance indicator: 7.0
   Increment on tard indicator:     0.0
   Value of tmax indicator:         7.0

Task for patient = 297 with skills = {5,-1} and cost = 233.0
   Vehicle #0 = 35, leaving at = 767.0
   Vehicle #1 = -1, leaving at = inf
   Increment on distance indicator: 5.0
   Increment on tard indicator:     0.0
   Value of tmax indicator:         5.0

Task for patient = 116 with skills = {4,-1} and cost = 69.3
   Vehicle #0 = 31, leaving at = 615.0
   Vehicle #1 = -1, leaving at = inf
   Increment on distance indicator: 5.0
   Increment on tard indicator:     0.0
   Value of tmax indicator:         5.0

Task for patient = 102 with skills = {2,4} and cost = 67.7
   Vehicle #0 = 6, leaving at = 552.0
   Vehicle #1 = 31, leaving at = 552.0
   Increment on distance indicator: 42.0
   Increment on tard indicator:     0.0
   Value of tmax indicator:         42.0

Task for patient = 138 with skills = {1,4} and cost = 53.7
   Vehicle #0 = 5, leaving at = 668.0
   Vehicle #1 = 30, leaving at = 657.0
   Increment on distance indicator: 7.0
   Increment on tard indicator:     0.0
   Value of tmax indicator:         7.0

Task for patient = 238 with skills = {0,-1} and cost = 51.3
   Vehicle #0 = 5, leaving at = 616.0
   Vehicle #1 = -1, leaving at = inf
   Increment on distance indicator: 6.0
   Increment on tard indicator:     0.0
   Value of tmax indicator:         6.0

Task for patient = 147 with skills = {0,3} and cost = 49.3
   Vehicle #0 = 5, leaving at = 537.0
   Vehicle #1 = 30, leaving at = 537.0
   Increment on distance indicator: 50.0
   Increment on tard indicator:     0.0
   Value of tmax indicator:         50.0

Task for patient = 44 with skills = {2,5} and cost = 32.7
   Vehicle #0 = 4, leaving at = 629.0
   Vehicle #1 = 33, leaving at = 651.0
   Increment on distance indicator: 28.0
   Increment on tard indicator:     0.0
   Value of tmax indicator:         28.0

Task for patient = 34 with skills = {3,-1} and cost = 23.3
   Vehicle #0 = 32, leaving at = 765.0
   Vehicle #1 = -1, leaving at = inf
   Increment on distance indicator: 2.0
   Increment on tard indicator:     0.0
   Value of tmax indicator:         2.0

Task for patient = 214 with skills = {0,5} and cost = 22.7
   Vehicle #0 = 2, leaving at = 678.0
   Vehicle #1 = 32, leaving at = 705.0
   Increment on distance indicator: 54.0
   Increment on tard indicator:     0.0
   Value of tmax indicator:         54.0

Task for patient = 84 with skills = {0,-1} and cost = 4.7
   Vehicle #0 = 1, leaving at = 784.0
   Vehicle #1 = -1, leaving at = inf
   Increment on distance indicator: 14.0
   Increment on tard indicator:     0.0
   Value of tmax indicator:         14.0

Task for patient = 47 with skills = {1,5} and cost = 79.3
   Vehicle #0 = 0, leaving at = 570.0
   Vehicle #1 = 34, leaving at = 570.0
   Increment on distance indicator: 30.0
   Increment on tard indicator:     0.0
   Value of tmax indicator:         30.0

Task for patient = 64 with skills = {3,-1} and cost = 231.3
   Vehicle #0 = 39, leaving at = 575.0
   Vehicle #1 = -1, leaving at = inf
   Increment on distance indicator: 22.0
   Increment on tard indicator:     0.0
   Value of tmax indicator:         22.0

Task for patient = 32 with skills = {2,-1} and cost = 224.0
   Vehicle #0 = 16, leaving at = 550.0
   Vehicle #1 = -1, leaving at = inf
   Increment on distance indicator: 13.0
   Increment on tard indicator:     0.0
   Value of tmax indicator:         13.0

Task for patient = 103 with skills = {1,-1} and cost = 219.7
   Vehicle #0 = 14, leaving at = 632.0
   Vehicle #1 = -1, leaving at = inf
   Increment on distance indicator: 5.0
   Increment on tard indicator:     0.0
   Value of tmax indicator:         5.0

Task for patient = 274 with skills = {1,-1} and cost = 218.0
   Vehicle #0 = 11, leaving at = 505.0
   Vehicle #1 = -1, leaving at = inf
   Increment on distance indicator: 20.0
   Increment on tard indicator:     0.0
   Value of tmax indicator:         20.0

Task for patient = 57 with skills = {2,4} and cost = 211.3
   Vehicle #0 = 10, leaving at = 727.0
   Vehicle #1 = 37, leaving at = 727.0
   Increment on distance indicator: 10.0
   Increment on tard indicator:     0.0
   Value of tmax indicator:         10.0

Task for patient = 289 with skills = {2,-1} and cost = 208.0
   Vehicle #0 = 14, leaving at = 607.0
   Vehicle #1 = -1, leaving at = inf
   Increment on distance indicator: 18.0
   Increment on tard indicator:     0.0
   Value of tmax indicator:         18.0

Task for patient = 219 with skills = {0,-1} and cost = 202.0
   Vehicle #0 = 7, leaving at = 628.0
   Vehicle #1 = -1, leaving at = inf
   Increment on distance indicator: 10.0
   Increment on tard indicator:     0.0
   Value of tmax indicator:         10.0

Task for patient = 146 with skills = {1,4} and cost = 198.7
   Vehicle #0 = 0, leaving at = 680.0
   Vehicle #1 = 37, leaving at = 680.0
   Increment on distance indicator: 16.0
   Increment on tard indicator:     0.0
   Value of tmax indicator:         16.0

Task for patient = 25 with skills = {3,-1} and cost = 146.3
   Vehicle #0 = 33, leaving at = 681.0
   Vehicle #1 = -1, leaving at = inf
   Increment on distance indicator: 4.0
   Increment on tard indicator:     0.0
   Value of tmax indicator:         4.0

Task for patient = 71 with skills = {4,-1} and cost = 188.0
   Vehicle #0 = 31, leaving at = 708.0
   Vehicle #1 = -1, leaving at = inf
   Increment on distance indicator: 11.0
   Increment on tard indicator:     0.0
   Value of tmax indicator:         11.0

Task for patient = 14 with skills = {0,5} and cost = 184.3
   Vehicle #0 = 12, leaving at = 579.0
   Vehicle #1 = 40, leaving at = 568.0
   Increment on distance indicator: 36.0
   Increment on tard indicator:     0.0
   Value of tmax indicator:         36.0

Task for patient = 244 with skills = {1,4} and cost = 172.3
   Vehicle #0 = 9, leaving at = 687.0
   Vehicle #1 = 36, leaving at = 687.0
   Increment on distance indicator: 23.0
   Increment on tard indicator:     0.0
   Value of tmax indicator:         23.0

Task for patient = 52 with skills = {3,-1} and cost = 164.7
   Vehicle #0 = 35, leaving at = 707.0
   Vehicle #1 = -1, leaving at = inf
   Increment on distance indicator: 10.0
   Increment on tard indicator:     0.0
   Value of tmax indicator:         10.0

Task for patient = 110 with skills = {1,-1} and cost = 161.3
   Vehicle #0 = 8, leaving at = 648.0
   Vehicle #1 = -1, leaving at = inf
   Increment on distance indicator: 4.0
   Increment on tard indicator:     0.0
   Value of tmax indicator:         4.0

Task for patient = 291 with skills = {1,3} and cost = 160.0
   Vehicle #0 = 0, leaving at = 593.0
   Vehicle #1 = 37, leaving at = 623.0
   Increment on distance indicator: 15.0
   Increment on tard indicator:     0.0
   Value of tmax indicator:         15.0

Task for patient = 178 with skills = {0,5} and cost = 155.0
   Vehicle #0 = 7, leaving at = 575.0
   Vehicle #1 = 36, leaving at = 575.0
   Increment on distance indicator: 6.0
   Increment on tard indicator:     0.0
   Value of tmax indicator:         6.0

Task for patient = 114 with skills = {5,-1} and cost = 153.0
   Vehicle #0 = 38, leaving at = 643.0
   Vehicle #1 = -1, leaving at = inf
   Increment on distance indicator: 4.0
   Increment on tard indicator:     0.0
   Value of tmax indicator:         4.0

Task for patient = 160 with skills = {1,-1} and cost = 151.7
   Vehicle #0 = 9, leaving at = 607.0
   Vehicle #1 = -1, leaving at = inf
   Increment on distance indicator: 16.0
   Increment on tard indicator:     0.0
   Value of tmax indicator:         16.0

Task for patient = 83 with skills = {1,5} and cost = 193.3
   Vehicle #0 = 12, leaving at = 621.0
   Vehicle #1 = 40, leaving at = 621.0
   Increment on distance indicator: 16.0
   Increment on tard indicator:     0.0
   Value of tmax indicator:         16.0

Task for patient = 163 with skills = {3,-1} and cost = 547.0
   Vehicle #0 = 51, leaving at = 556.0
   Vehicle #1 = -1, leaving at = inf
   Increment on distance indicator: 3.0
   Increment on tard indicator:     0.0
   Value of tmax indicator:         3.0

Task for patient = 173 with skills = {3,-1} and cost = 546.0
   Vehicle #0 = 32, leaving at = 865.0
   Vehicle #1 = -1, leaving at = inf
   Increment on distance indicator: 4.0
   Increment on tard indicator:     0.0
   Value of tmax indicator:         4.0

Task for patient = 164 with skills = {3,-1} and cost = 544.7
   Vehicle #0 = 51, leaving at = 517.0
   Vehicle #1 = -1, leaving at = inf
   Increment on distance indicator: 14.0
   Increment on tard indicator:     0.0
   Value of tmax indicator:         14.0

Task for patient = 233 with skills = {2,5} and cost = 540.0
   Vehicle #0 = 20, leaving at = 625.0
   Vehicle #1 = 50, leaving at = 625.0
   Increment on distance indicator: 60.0
   Increment on tard indicator:     0.0
   Value of tmax indicator:         60.0

Task for patient = 273 with skills = {5,-1} and cost = 520.0
   Vehicle #0 = 48, leaving at = 712.0
   Vehicle #1 = -1, leaving at = inf
   Increment on distance indicator: 2.0
   Increment on tard indicator:     0.0
   Value of tmax indicator:         2.0

Task for patient = 42 with skills = {1,-1} and cost = 519.3
   Vehicle #0 = 15, leaving at = 593.0
   Vehicle #1 = -1, leaving at = inf
   Increment on distance indicator: 9.0
   Increment on tard indicator:     0.0
   Value of tmax indicator:         9.0

Task for patient = 148 with skills = {1,4} and cost = 516.3
   Vehicle #0 = 26, leaving at = 621.0
   Vehicle #1 = 49, leaving at = 639.0
   Increment on distance indicator: 34.0
   Increment on tard indicator:     0.0
   Value of tmax indicator:         34.0

Task for patient = 70 with skills = {2,-1} and cost = 505.0
   Vehicle #0 = 7, leaving at = 751.0
   Vehicle #1 = -1, leaving at = inf
   Increment on distance indicator: 6.0
   Increment on tard indicator:     0.0
   Value of tmax indicator:         6.0

Task for patient = 141 with skills = {0,5} and cost = 369.0
   Vehicle #0 = 19, leaving at = 578.0
   Vehicle #1 = 44, leaving at = 577.0
   Increment on distance indicator: 35.0
   Increment on tard indicator:     0.0
   Value of tmax indicator:         35.0

Task for patient = 3 with skills = {2,-1} and cost = 502.0
   Vehicle #0 = 21, leaving at = 787.0
   Vehicle #1 = -1, leaving at = inf
   Increment on distance indicator: 7.0
   Increment on tard indicator:     0.0
   Value of tmax indicator:         7.0

Task for patient = 204 with skills = {3,-1} and cost = 499.7
   Vehicle #0 = 37, leaving at = 891.0
   Vehicle #1 = -1, leaving at = inf
   Increment on distance indicator: 3.0
   Increment on tard indicator:     0.0
   Value of tmax indicator:         3.0

Task for patient = 275 with skills = {3,-1} and cost = 498.7
   Vehicle #0 = 49, leaving at = 598.0
   Vehicle #1 = -1, leaving at = inf
   Increment on distance indicator: 19.0
   Increment on tard indicator:     0.0
   Value of tmax indicator:         19.0

Task for patient = 65 with skills = {3,-1} and cost = 492.3
   Vehicle #0 = 41, leaving at = 763.0
   Vehicle #1 = -1, leaving at = inf
   Increment on distance indicator: 7.0
   Increment on tard indicator:     0.0
   Value of tmax indicator:         7.0

Task for patient = 177 with skills = {1,-1} and cost = 490.0
   Vehicle #0 = 0, leaving at = 746.0
   Vehicle #1 = -1, leaving at = inf
   Increment on distance indicator: 7.0
   Increment on tard indicator:     0.0
   Value of tmax indicator:         7.0

Task for patient = 271 with skills = {4,-1} and cost = 487.7
   Vehicle #0 = 47, leaving at = 641.0
   Vehicle #1 = -1, leaving at = inf
   Increment on distance indicator: 9.0
   Increment on tard indicator:     0.0
   Value of tmax indicator:         9.0

Task for patient = 280 with skills = {1,4} and cost = 484.7
   Vehicle #0 = 12, leaving at = 851.0
   Vehicle #1 = 40, leaving at = 851.0
   Increment on distance indicator: 10.0
   Increment on tard indicator:     0.0
   Value of tmax indicator:         10.0

Task for patient = 51 with skills = {2,3} and cost = 481.3
   Vehicle #0 = 6, leaving at = 916.0
   Vehicle #1 = 46, leaving at = 916.0
   Increment on distance indicator: 10.0
   Increment on tard indicator:     0.0
   Value of tmax indicator:         10.0

Task for patient = 124 with skills = {5,-1} and cost = 503.0
   Vehicle #0 = 34, leaving at = 875.0
   Vehicle #1 = -1, leaving at = inf
   Increment on distance indicator: 3.0
   Increment on tard indicator:     0.0
   Value of tmax indicator:         3.0

Task for patient = 8 with skills = {5,-1} and cost = 582.3
   Vehicle #0 = 52, leaving at = 737.0
   Vehicle #1 = -1, leaving at = inf
   Increment on distance indicator: 3.0
   Increment on tard indicator:     0.0
   Value of tmax indicator:         3.0

Task for patient = 230 with skills = {3,-1} and cost = 581.3
   Vehicle #0 = 30, leaving at = 809.0
   Vehicle #1 = -1, leaving at = inf
   Increment on distance indicator: 5.0
   Increment on tard indicator:     0.0
   Value of tmax indicator:         5.0

Task for patient = 19 with skills = {0,-1} and cost = 579.7
   Vehicle #0 = 8, leaving at = 820.0
   Vehicle #1 = -1, leaving at = inf
   Increment on distance indicator: 3.0
   Increment on tard indicator:     0.0
   Value of tmax indicator:         3.0

Task for patient = 38 with skills = {0,3} and cost = 578.7
   Vehicle #0 = 19, leaving at = 791.0
   Vehicle #1 = 44, leaving at = 791.0
   Increment on distance indicator: 12.0
   Increment on tard indicator:     0.0
   Value of tmax indicator:         12.0

Task for patient = 89 with skills = {0,-1} and cost = 574.7
   Vehicle #0 = 1, leaving at = 1044.0
   Vehicle #1 = -1, leaving at = inf
   Increment on distance indicator: 11.0
   Increment on tard indicator:     0.0
   Value of tmax indicator:         11.0

Task for patient = 125 with skills = {3,-1} and cost = 571.0
   Vehicle #0 = 42, leaving at = 780.0
   Vehicle #1 = -1, leaving at = inf
   Increment on distance indicator: 9.0
   Increment on tard indicator:     0.0
   Value of tmax indicator:         9.0

Task for patient = 194 with skills = {5,-1} and cost = 568.0
   Vehicle #0 = 51, leaving at = 731.0
   Vehicle #1 = -1, leaving at = inf
   Increment on distance indicator: 2.0
   Increment on tard indicator:     0.0
   Value of tmax indicator:         2.0

Task for patient = 268 with skills = {4,-1} and cost = 567.3
   Vehicle #0 = 31, leaving at = 767.0
   Vehicle #1 = -1, leaving at = inf
   Increment on distance indicator: 5.0
   Increment on tard indicator:     0.0
   Value of tmax indicator:         5.0

Task for patient = 111 with skills = {1,-1} and cost = 548.7
   Vehicle #0 = 13, leaving at = 841.0
   Vehicle #1 = -1, leaving at = inf
   Increment on distance indicator: 5.0
   Increment on tard indicator:     0.0
   Value of tmax indicator:         5.0

Task for patient = 49 with skills = {4,-1} and cost = 564.3
   Vehicle #0 = 34, leaving at = 912.0
   Vehicle #1 = -1, leaving at = inf
   Increment on distance indicator: 5.0
   Increment on tard indicator:     0.0
   Value of tmax indicator:         5.0

Task for patient = 115 with skills = {4,-1} and cost = 562.7
   Vehicle #0 = 39, leaving at = 841.0
   Vehicle #1 = -1, leaving at = inf
   Increment on distance indicator: 4.0
   Increment on tard indicator:     0.0
   Value of tmax indicator:         4.0

Task for patient = 78 with skills = {1,5} and cost = 561.3
   Vehicle #0 = 17, leaving at = 712.0
   Vehicle #1 = 33, leaving at = 712.0
   Increment on distance indicator: 15.0
   Increment on tard indicator:     0.0
   Value of tmax indicator:         15.0

Task for patient = 119 with skills = {1,-1} and cost = 556.3
   Vehicle #0 = 0, leaving at = 948.0
   Vehicle #1 = -1, leaving at = inf
   Increment on distance indicator: 5.0
   Increment on tard indicator:     0.0
   Value of tmax indicator:         5.0

Task for patient = 167 with skills = {2,3} and cost = 554.7
   Vehicle #0 = 7, leaving at = 785.0
   Vehicle #1 = 48, leaving at = 785.0
   Increment on distance indicator: 4.0
   Increment on tard indicator:     0.0
   Value of tmax indicator:         4.0

Task for patient = 248 with skills = {3,-1} and cost = 553.3
   Vehicle #0 = 48, leaving at = 752.0
   Vehicle #1 = -1, leaving at = inf
   Increment on distance indicator: 1.0
   Increment on tard indicator:     0.0
   Value of tmax indicator:         1.0

Task for patient = 205 with skills = {3,-1} and cost = 553.0
   Vehicle #0 = 51, leaving at = 623.0
   Vehicle #1 = -1, leaving at = inf
   Increment on distance indicator: 4.0
   Increment on tard indicator:     0.0
   Value of tmax indicator:         4.0

Task for patient = 158 with skills = {0,-1} and cost = 551.7
   Vehicle #0 = 4, leaving at = 695.0
   Vehicle #1 = -1, leaving at = inf
   Increment on distance indicator: 4.0
   Increment on tard indicator:     0.0
   Value of tmax indicator:         4.0

Task for patient = 91 with skills = {2,-1} and cost = 550.3
   Vehicle #0 = 21, leaving at = 849.0
   Vehicle #1 = -1, leaving at = inf
   Increment on distance indicator: 5.0
   Increment on tard indicator:     0.0
   Value of tmax indicator:         5.0

Task for patient = 58 with skills = {1,-1} and cost = 565.7
   Vehicle #0 = 15, leaving at = 721.0
   Vehicle #1 = -1, leaving at = inf
   Increment on distance indicator: 4.0
   Increment on tard indicator:     0.0
   Value of tmax indicator:         4.0

Task for patient = 39 with skills = {1,-1} and cost = 418.3
   Vehicle #0 = 17, leaving at = 677.0
   Vehicle #1 = -1, leaving at = inf
   Increment on distance indicator: 3.0
   Increment on tard indicator:     0.0
   Value of tmax indicator:         3.0

Task for patient = 254 with skills = {3,-1} and cost = 417.3
   Vehicle #0 = 30, leaving at = 763.0
   Vehicle #1 = -1, leaving at = inf
   Increment on distance indicator: 5.0
   Increment on tard indicator:     0.0
   Value of tmax indicator:         5.0

Task for patient = 24 with skills = {1,5} and cost = 415.7
   Vehicle #0 = 9, leaving at = 771.0
   Vehicle #1 = 36, leaving at = 771.0
   Increment on distance indicator: 12.0
   Increment on tard indicator:     0.0
   Value of tmax indicator:         12.0

Task for patient = 293 with skills = {2,-1} and cost = 411.7
   Vehicle #0 = 6, leaving at = 818.0
   Vehicle #1 = -1, leaving at = inf
   Increment on distance indicator: 4.0
   Increment on tard indicator:     0.0
   Value of tmax indicator:         4.0

Task for patient = 187 with skills = {2,-1} and cost = 410.3
   Vehicle #0 = 18, leaving at = 810.0
   Vehicle #1 = -1, leaving at = inf
   Increment on distance indicator: 6.0
   Increment on tard indicator:     0.0
   Value of tmax indicator:         6.0

Task for patient = 36 with skills = {3,-1} and cost = 408.3
   Vehicle #0 = 44, leaving at = 726.0
   Vehicle #1 = -1, leaving at = inf
   Increment on distance indicator: 5.0
   Increment on tard indicator:     0.0
   Value of tmax indicator:         5.0

Task for patient = 211 with skills = {2,-1} and cost = 406.7
   Vehicle #0 = 12, leaving at = 795.0
   Vehicle #1 = -1, leaving at = inf
   Increment on distance indicator: 7.0
   Increment on tard indicator:     0.0
   Value of tmax indicator:         7.0

Task for patient = 10 with skills = {1,-1} and cost = 404.3
   Vehicle #0 = 13, leaving at = 740.0
   Vehicle #1 = -1, leaving at = inf
   Increment on distance indicator: 5.0
   Increment on tard indicator:     0.0
   Value of tmax indicator:         5.0

Task for patient = 169 with skills = {0,-1} and cost = 478.0
   Vehicle #0 = 7, leaving at = 729.0
   Vehicle #1 = -1, leaving at = inf
   Increment on distance indicator: 8.0
   Increment on tard indicator:     0.0
   Value of tmax indicator:         8.0

Task for patient = 201 with skills = {1,3} and cost = 400.3
   Vehicle #0 = 5, leaving at = 765.0
   Vehicle #1 = 46, leaving at = 765.0
   Increment on distance indicator: 18.0
   Increment on tard indicator:     0.0
   Value of tmax indicator:         18.0

Task for patient = 7 with skills = {2,-1} and cost = 394.3
   Vehicle #0 = 21, leaving at = 547.0
   Vehicle #1 = -1, leaving at = inf
   Increment on distance indicator: 12.0
   Increment on tard indicator:     0.0
   Value of tmax indicator:         12.0

Task for patient = 63 with skills = {1,5} and cost = 390.3
   Vehicle #0 = 12, leaving at = 751.0
   Vehicle #1 = 40, leaving at = 783.0
   Increment on distance indicator: 12.0
   Increment on tard indicator:     0.0
   Value of tmax indicator:         12.0

Task for patient = 157 with skills = {2,-1} and cost = 386.3
   Vehicle #0 = 20, leaving at = 541.0
   Vehicle #1 = -1, leaving at = inf
   Increment on distance indicator: 28.0
   Increment on tard indicator:     0.0
   Value of tmax indicator:         28.0

Task for patient = 133 with skills = {4,-1} and cost = 377.0
   Vehicle #0 = 34, leaving at = 788.0
   Vehicle #1 = -1, leaving at = inf
   Increment on distance indicator: 3.0
   Increment on tard indicator:     0.0
   Value of tmax indicator:         3.0

Task for patient = 218 with skills = {0,-1} and cost = 376.0
   Vehicle #0 = 18, leaving at = 779.0
   Vehicle #1 = -1, leaving at = inf
   Increment on distance indicator: 3.0
   Increment on tard indicator:     0.0
   Value of tmax indicator:         3.0

Task for patient = 243 with skills = {0,3} and cost = 375.0
   Vehicle #0 = 7, leaving at = 662.0
   Vehicle #1 = 44, leaving at = 662.0
   Increment on distance indicator: 10.0
   Increment on tard indicator:     0.0
   Value of tmax indicator:         10.0

Task for patient = 261 with skills = {1,-1} and cost = 371.7
   Vehicle #0 = 19, leaving at = 633.0
   Vehicle #1 = -1, leaving at = inf
   Increment on distance indicator: 5.0
   Increment on tard indicator:     0.0
   Value of tmax indicator:         5.0

Task for patient = 143 with skills = {2,-1} and cost = 370.0
   Vehicle #0 = 18, leaving at = 709.0
   Vehicle #1 = -1, leaving at = inf
   Increment on distance indicator: 3.0
   Increment on tard indicator:     0.0
   Value of tmax indicator:         3.0

Task for patient = 259 with skills = {5,-1} and cost = 402.7
   Vehicle #0 = 42, leaving at = 691.0
   Vehicle #1 = -1, leaving at = inf
   Increment on distance indicator: 7.0
   Increment on tard indicator:     0.0
   Value of tmax indicator:         7.0

Task for patient = 26 with skills = {0,-1} and cost = 475.3
   Vehicle #0 = 21, leaving at = 731.0
   Vehicle #1 = -1, leaving at = inf
   Increment on distance indicator: 6.0
   Increment on tard indicator:     0.0
   Value of tmax indicator:         6.0

Task for patient = 171 with skills = {3,-1} and cost = 473.3
   Vehicle #0 = 48, leaving at = 668.0
   Vehicle #1 = -1, leaving at = inf
   Increment on distance indicator: 6.0
   Increment on tard indicator:     0.0
   Value of tmax indicator:         6.0

Task for patient = 239 with skills = {4,-1} and cost = 471.3
   Vehicle #0 = 39, leaving at = 779.0
   Vehicle #1 = -1, leaving at = inf
   Increment on distance indicator: 2.0
   Increment on tard indicator:     0.0
   Value of tmax indicator:         2.0

Task for patient = 208 with skills = {1,-1} and cost = 470.7
   Vehicle #0 = 15, leaving at = 568.0
   Vehicle #1 = -1, leaving at = inf
   Increment on distance indicator: 6.0
   Increment on tard indicator:     0.0
   Value of tmax indicator:         6.0

Task for patient = 23 with skills = {2,-1} and cost = 468.7
   Vehicle #0 = 26, leaving at = 536.0
   Vehicle #1 = -1, leaving at = inf
   Increment on distance indicator: 16.0
   Increment on tard indicator:     0.0
   Value of tmax indicator:         16.0

Task for patient = 109 with skills = {0,4} and cost = 463.3
   Vehicle #0 = 19, leaving at = 725.0
   Vehicle #1 = 41, leaving at = 725.0
   Increment on distance indicator: 12.0
   Increment on tard indicator:     0.0
   Value of tmax indicator:         12.0

Task for patient = 170 with skills = {4,-1} and cost = 459.3
   Vehicle #0 = 40, leaving at = 807.0
   Vehicle #1 = -1, leaving at = inf
   Increment on distance indicator: 4.0
   Increment on tard indicator:     0.0
   Value of tmax indicator:         4.0

Task for patient = 192 with skills = {1,-1} and cost = 458.0
   Vehicle #0 = 5, leaving at = 799.0
   Vehicle #1 = -1, leaving at = inf
   Increment on distance indicator: 6.0
   Increment on tard indicator:     0.0
   Value of tmax indicator:         6.0

Task for patient = 184 with skills = {5,-1} and cost = 420.7
   Vehicle #0 = 37, leaving at = 855.0
   Vehicle #1 = -1, leaving at = inf
   Increment on distance indicator: 7.0
   Increment on tard indicator:     0.0
   Value of tmax indicator:         7.0

Task for patient = 285 with skills = {1,-1} and cost = 446.7
   Vehicle #0 = 11, leaving at = 695.0
   Vehicle #1 = -1, leaving at = inf
   Increment on distance indicator: 7.0
   Increment on tard indicator:     0.0
   Value of tmax indicator:         7.0

Task for patient = 136 with skills = {5,-1} and cost = 444.3
   Vehicle #0 = 42, leaving at = 725.0
   Vehicle #1 = -1, leaving at = inf
   Increment on distance indicator: 5.0
   Increment on tard indicator:     0.0
   Value of tmax indicator:         5.0

Task for patient = 262 with skills = {0,-1} and cost = 442.7
   Vehicle #0 = 19, leaving at = 678.0
   Vehicle #1 = -1, leaving at = inf
   Increment on distance indicator: 8.0
   Increment on tard indicator:     0.0
   Value of tmax indicator:         8.0

Task for patient = 118 with skills = {0,-1} and cost = 440.0
   Vehicle #0 = 2, leaving at = 759.0
   Vehicle #1 = -1, leaving at = inf
   Increment on distance indicator: 4.0
   Increment on tard indicator:     0.0
   Value of tmax indicator:         4.0

Task for patient = 92 with skills = {1,-1} and cost = 438.7
   Vehicle #0 = 11, leaving at = 638.0
   Vehicle #1 = -1, leaving at = inf
   Increment on distance indicator: 16.0
   Increment on tard indicator:     0.0
   Value of tmax indicator:         16.0

Task for patient = 113 with skills = {1,-1} and cost = 433.3
   Vehicle #0 = 1, leaving at = 849.0
   Vehicle #1 = -1, leaving at = inf
   Increment on distance indicator: 6.0
   Increment on tard indicator:     0.0
   Value of tmax indicator:         6.0

Task for patient = 131 with skills = {4,-1} and cost = 431.3
   Vehicle #0 = 47, leaving at = 616.0
   Vehicle #1 = -1, leaving at = inf
   Increment on distance indicator: 17.0
   Increment on tard indicator:     0.0
   Value of tmax indicator:         17.0

Task for patient = 251 with skills = {2,3} and cost = 425.7
   Vehicle #0 = 14, leaving at = 812.0
   Vehicle #1 = 38, leaving at = 812.0
   Increment on distance indicator: 11.0
   Increment on tard indicator:     0.0
   Value of tmax indicator:         11.0

Task for patient = 260 with skills = {3,-1} and cost = 422.0
   Vehicle #0 = 46, leaving at = 820.0
   Vehicle #1 = -1, leaving at = inf
   Increment on distance indicator: 4.0
   Increment on tard indicator:     0.0
   Value of tmax indicator:         4.0

Task for patient = 207 with skills = {5,-1} and cost = 456.0
   Vehicle #0 = 48, leaving at = 607.0
   Vehicle #1 = -1, leaving at = inf
   Increment on distance indicator: 28.0
   Increment on tard indicator:     0.0
   Value of tmax indicator:         28.0


Unused vehicle list: 23 25 28 29 53 55 56 57 58 59 (total = 10 out of 60)

---
Search finished.
Total of 1900 generations in 1377.0 seconds.
Exchange elite runs: 23
Implicit path relinking runs: 10
Reset attempts: 1

Best solution found:
   Cost: 1302.3
   Total travel time: 3904.0
   Total tardiness time: 2.0
   Largest tardiness: 1.0


1302.3
