This host is: panku
--- BRKGA-MP-IPR for HHCRSP ---
Instance: new-dataset/instances-25/HHCRSP_25_5_42_0.8_C_RC.txt
Seed: 2

Reading data... Problem contains 25 patients  and 5 caregivers.

Summary of supply x demand for each service type:
Skill 0 has supply = 1 and demand = 3, ratio = 0.333333
Skill 1 has supply = 1 and demand = 11, ratio = 0.0909091
Skill 2 has supply = 1 and demand = 5, ratio = 0.2
Skill 3 has supply = 2 and demand = 4, ratio = 0.5
Skill 4 has supply = 2 and demand = 4, ratio = 0.5
Skill 5 has supply = 2 and demand = 6, ratio = 0.333333

Reading parameters...
Inferred distance function by PR type: kendall-tau
Building BRKGA data and initializing...
Evolving 1900 generations...

  Gens  Rem    Local   ElDiv NoImpr             Best solution            Time  Op
                                       Cost     Dist    Tard    TMax 
*    0 1900   906.00  140.58      0   906.00   611.00  1801.0   306.0     0.0    
*    2 1898   808.00  111.13      0   808.00   684.00  1081.0   218.0     0.1    
*    3 1897   661.00  103.07      0   661.00   582.00   880.0   160.0     0.1    
*    4 1896   540.67   86.46      0   540.67   582.00   880.0   160.0     0.1    
*    7 1893   523.33   61.09      0   523.33   669.00   614.0   118.0     0.2    
*    8 1892   467.00   50.38      0   467.00   635.00   547.0    84.0     0.2    
*    9 1891   422.00   44.60      0   422.00   553.00   548.0   110.0     0.3    
*   10 1890   403.67   42.71      0   403.67   553.00   548.0   110.0     0.3    
*   12 1888   373.67   34.59      0   373.67   587.00   417.0    92.0     0.3    
*   13 1887   365.33   31.20      0   365.33   582.00   371.0   130.0     0.4    
*   14 1886   361.00   25.90      0   361.00   570.00   417.0    85.0     0.4    
*   15 1885   357.33   23.42      0   357.33   569.00   373.0    75.0     0.4    
*   16 1884   339.00   20.41      0   339.00   581.00   298.0    61.0     0.4    
*   17 1883   313.33   19.79      0   313.33   581.00   298.0    61.0     0.5    
*   19 1881   307.00   19.38      0   307.00   544.00   317.0    60.0     0.5    

  Gens  Rem    Local   ElDiv NoImpr             Best solution            Time  Op
                                       Cost     Dist    Tard    TMax 
*   21 1879   306.33   17.87      0   306.33   529.00   291.0    76.0     0.6    
*   22 1878   298.67   16.03      0   298.67   522.00   280.0    76.0     0.6    
*   23 1877   292.67   14.62      0   292.67   522.00   280.0    76.0     0.6    
*   25 1875   289.67   13.07      0   289.67   550.00   244.0    75.0     0.7    
*   28 1872   289.00    8.01      0   289.00   545.00   245.0    75.0     0.7    
*   29 1871   288.33    5.78      0   288.33   513.00   275.0    75.0     0.8    
*   30 1870   287.67    3.27      0   287.67   513.00   275.0    75.0     0.8    
    50 1850   287.67    0.00     20   287.67   513.00   275.0    75.0     1.3    
    80 1820   287.67    0.00     51   287.67   513.00   275.0    75.0     2.1   X
   100 1800   287.67    0.00     70   287.67   513.00   275.0    75.0     2.6    
   150 1750   287.67    0.00    120   287.67   513.00   275.0    75.0     3.9    
   160 1740   287.67    0.00    131   287.67   513.00   275.0    75.0     4.1   X
Path relinking result: no improvement.
   180 1720   287.67    0.00    151   287.67   513.00   275.0    75.0     4.6   P
   200 1700   287.67    0.00    170   287.67   513.00   275.0    75.0     5.1    
   240 1660   287.67    0.00    211   287.67   513.00   275.0    75.0     6.2   X
   250 1650   287.67    0.00    220   287.67   513.00   275.0    75.0     6.4    

  Gens  Rem    Local   ElDiv NoImpr             Best solution            Time  Op
                                       Cost     Dist    Tard    TMax 
   300 1600   287.67    0.00    270   287.67   513.00   275.0    75.0     7.7    
   320 1580   287.67    0.00    291   287.67   513.00   275.0    75.0     8.3   X
   350 1550   287.67    0.00    320   287.67   513.00   275.0    75.0     9.1    
Path relinking result: no improvement.
   360 1540   287.67    0.00    331   287.67   513.00   275.0    75.0     9.3   P
   400 1500   287.67    0.00    370   287.67   513.00   275.0    75.0    10.4    
   400 1500   287.67    0.00    371   287.67   513.00   275.0    75.0    10.4   X
   450 1450   287.67    0.00    420   287.67   513.00   275.0    75.0    11.8    
   480 1420   287.67    0.00    451   287.67   513.00   275.0    75.0    12.6   X
   500 1400   287.67    0.00    470   287.67   513.00   275.0    75.0    13.2    
Path relinking result: no improvement.
   540 1360   287.67    0.00    511   287.67   513.00   275.0    75.0    14.2   P
   550 1350   287.67    0.00    520   287.67   513.00   275.0    75.0    14.5    
   560 1340   287.67    0.00    531   287.67   513.00   275.0    75.0    14.8   X
   600 1300   287.67    0.00    570   287.67   513.00   275.0    75.0    15.8    
   640 1260   287.67    0.00    611   287.67   513.00   275.0    75.0    16.9   X
   650 1250   287.67    0.00    620   287.67   513.00   275.0    75.0    17.1    
   700 1200   287.67    0.00    670   287.67   513.00   275.0    75.0    18.4    
Path relinking result: no improvement.

  Gens  Rem    Local   ElDiv NoImpr             Best solution            Time  Op
                                       Cost     Dist    Tard    TMax 
   720 1180   287.67    0.00    691   287.67   513.00   275.0    75.0    18.9  PX
   729 1171      inf  159.82      0   287.67   513.00   275.0    75.0    19.2   R
   730 1170   811.67  130.56      0   287.67   513.00   275.0    75.0    19.2    
   750 1150   293.67   17.63      1   287.67   513.00   275.0    75.0    19.7    
   800 1100   287.67    0.00     33   287.67   513.00   275.0    75.0    21.1    
   800 1100   287.67    0.00     34   287.67   513.00   275.0    75.0    21.1   X
   850 1050   287.67    0.00     83   287.67   513.00   275.0    75.0    22.3    
   880 1020   287.67    0.00    114   287.67   513.00   275.0    75.0    23.1   X
   900 1000   287.67    0.00    133   287.67   513.00   275.0    75.0    23.6    
Path relinking result: no improvement.
   900 1000   287.67    0.00    134   287.67   513.00   275.0    75.0    23.6   P
   950  950   287.67    0.00    183   287.67   513.00   275.0    75.0    24.9    
   960  940   287.67    0.00    194   287.67   513.00   275.0    75.0    25.2   X
  1000  900   287.67    0.00    233   287.67   513.00   275.0    75.0    26.2    
  1040  860   287.67    0.00    274   287.67   513.00   275.0    75.0    27.3   X
  1050  850   287.67    0.00    283   287.67   513.00   275.0    75.0    27.5    
Path relinking result: no improvement.
  1080  820   287.67    0.00    314   287.67   513.00   275.0    75.0    28.3   P

  Gens  Rem    Local   ElDiv NoImpr             Best solution            Time  Op
                                       Cost     Dist    Tard    TMax 
  1100  800   287.67    0.00    333   287.67   513.00   275.0    75.0    28.8    
  1120  780   287.67    0.00    354   287.67   513.00   275.0    75.0    29.3   X
  1150  750   287.67    0.00    383   287.67   513.00   275.0    75.0    30.2    
  1200  700   287.67    0.00    433   287.67   513.00   275.0    75.0    31.5    
  1200  700   287.67    0.00    434   287.67   513.00   275.0    75.0    31.5   X
  1250  650   287.67    0.00    483   287.67   513.00   275.0    75.0    32.8    
Path relinking result: no improvement.
  1260  640   287.67    0.00    494   287.67   513.00   275.0    75.0    33.1   P
  1280  620   287.67    0.00    514   287.67   513.00   275.0    75.0    33.6   X
  1300  600   287.67    0.00    533   287.67   513.00   275.0    75.0    34.1    
  1350  550   287.67    0.00    583   287.67   513.00   275.0    75.0    35.4    
  1360  540   287.67    0.00    594   287.67   513.00   275.0    75.0    35.7   X
  1400  500   287.67    0.00    633   287.67   513.00   275.0    75.0    36.7    
Path relinking result: no improvement.
  1440  460   287.67    0.00    674   287.67   513.00   275.0    75.0    37.7  PX
  1450  450   287.67    0.00    683   287.67   513.00   275.0    75.0    38.0    
  1466  434      inf  171.89      0   287.67   513.00   275.0    75.0    38.4   R
  1467  433   847.00  126.23      0   287.67   513.00   275.0    75.0    38.4    

  Gens  Rem    Local   ElDiv NoImpr             Best solution            Time  Op
                                       Cost     Dist    Tard    TMax 
  1500  400   287.67    1.61      2   287.67   513.00   275.0    75.0    39.3    
  1520  380   287.67    0.31     23   287.67   513.00   275.0    75.0    39.8   X
  1550  350   287.67    0.00     52   287.67   513.00   275.0    75.0    40.6    
  1600  300   287.67    0.00    102   287.67   513.00   275.0    75.0    41.8    
  1600  300   287.67    0.00    103   287.67   513.00   275.0    75.0    41.8   X
Path relinking result: no improvement.
  1620  280   287.67    0.00    123   287.67   513.00   275.0    75.0    42.4   P
  1650  250   287.67    0.00    152   287.67   513.00   275.0    75.0    43.1    
  1680  220   287.67    0.00    183   287.67   513.00   275.0    75.0    43.9   X
  1700  200   287.67    0.00    202   287.67   513.00   275.0    75.0    44.4    
  1750  150   287.67    0.00    252   287.67   513.00   275.0    75.0    45.7    
  1760  140   287.67    0.00    263   287.67   513.00   275.0    75.0    46.0   X
  1800  100   287.67    0.00    302   287.67   513.00   275.0    75.0    47.0    
Path relinking result: no improvement.
  1800  100   287.67    0.00    303   287.67   513.00   275.0    75.0    47.0   P
  1840   60   287.67    0.00    343   287.67   513.00   275.0    75.0    48.0   X
  1850   50   287.67    0.00    352   287.67   513.00   275.0    75.0    48.3    
  1900    0   287.67    0.00    402   287.67   513.00   275.0    75.0    49.6    
Evolutionary process finished.
Solution written to 'solution-7397.txt'.

Sorted sequence of worst to best tardiness value:
Task for patient = 12 with skills = {1,-1} and cost = 128.0
   Vehicle #0 = 0, leaving at = 798.0
   Vehicle #1 = -1, leaving at = inf
   Increment on distance indicator: 9.0
   Increment on tard indicator:     75.0
   Value of tmax indicator:         9.0

Task for patient = 10 with skills = {2,-1} and cost = 204.3
   Vehicle #0 = 1, leaving at = 912.0
   Vehicle #1 = -1, leaving at = inf
   Increment on distance indicator: 10.0
   Increment on tard indicator:     52.0
   Value of tmax indicator:         10.0

Task for patient = 15 with skills = {1,5} and cost = 268.7
   Vehicle #0 = 0, leaving at = 1080.0
   Vehicle #1 = 4, leaving at = 1082.0
   Increment on distance indicator: 41.0
   Increment on tard indicator:     48.0
   Value of tmax indicator:         41.0

Task for patient = 7 with skills = {1,-1} and cost = 224.3
   Vehicle #0 = 0, leaving at = 967.0
   Vehicle #1 = -1, leaving at = inf
   Increment on distance indicator: 14.0
   Increment on tard indicator:     46.0
   Value of tmax indicator:         14.0

Task for patient = 19 with skills = {2,-1} and cost = 177.7
   Vehicle #0 = 1, leaving at = 850.0
   Vehicle #1 = -1, leaving at = inf
   Increment on distance indicator: 25.0
   Increment on tard indicator:     12.0
   Value of tmax indicator:         25.0

Task for patient = 4 with skills = {1,4} and cost = 239.0
   Vehicle #0 = 0, leaving at = 1027.0
   Vehicle #1 = 3, leaving at = 1050.0
   Increment on distance indicator: 33.0
   Increment on tard indicator:     11.0
   Value of tmax indicator:         33.0

Task for patient = 23 with skills = {4,-1} and cost = 183.7
   Vehicle #0 = 4, leaving at = 917.0
   Vehicle #1 = -1, leaving at = inf
   Increment on distance indicator: 18.0
   Increment on tard indicator:     0.0
   Value of tmax indicator:         18.0

Task for patient = 2 with skills = {5,-1} and cost = 165.3
   Vehicle #0 = 3, leaving at = 900.0
   Vehicle #1 = -1, leaving at = inf
   Increment on distance indicator: 7.0
   Increment on tard indicator:     0.0
   Value of tmax indicator:         7.0

Task for patient = 13 with skills = {1,-1} and cost = 163.0
   Vehicle #0 = 0, leaving at = 898.0
   Vehicle #1 = -1, leaving at = inf
   Increment on distance indicator: 14.0
   Increment on tard indicator:     0.0
   Value of tmax indicator:         14.0

Task for patient = 22 with skills = {1,-1} and cost = 158.3
   Vehicle #0 = 0, leaving at = 858.0
   Vehicle #1 = -1, leaving at = inf
   Increment on distance indicator: 7.0
   Increment on tard indicator:     0.0
   Value of tmax indicator:         7.0

Task for patient = 17 with skills = {0,4} and cost = 156.0
   Vehicle #0 = 1, leaving at = 804.0
   Vehicle #1 = 3, leaving at = 842.0
   Increment on distance indicator: 12.0
   Increment on tard indicator:     0.0
   Value of tmax indicator:         12.0

Task for patient = 25 with skills = {3,-1} and cost = 152.0
   Vehicle #0 = 4, leaving at = 870.0
   Vehicle #1 = -1, leaving at = inf
   Increment on distance indicator: 15.0
   Increment on tard indicator:     0.0
   Value of tmax indicator:         15.0

Task for patient = 14 with skills = {5,-1} and cost = 269.0
   Vehicle #0 = 3, leaving at = 1086.0
   Vehicle #1 = -1, leaving at = inf
   Increment on distance indicator: 1.0
   Increment on tard indicator:     0.0
   Value of tmax indicator:         1.0

Task for patient = 3 with skills = {2,-1} and cost = 75.0
   Vehicle #0 = 1, leaving at = 709.0
   Vehicle #1 = -1, leaving at = inf
   Increment on distance indicator: 28.0
   Increment on tard indicator:     0.0
   Value of tmax indicator:         28.0

Task for patient = 1 with skills = {1,5} and cost = 65.7
   Vehicle #0 = 0, leaving at = 770.0
   Vehicle #1 = 4, leaving at = 817.0
   Increment on distance indicator: 22.0
   Increment on tard indicator:     0.0
   Value of tmax indicator:         22.0

Task for patient = 21 with skills = {1,-1} and cost = 58.3
   Vehicle #0 = 0, leaving at = 738.0
   Vehicle #1 = -1, leaving at = inf
   Increment on distance indicator: 11.0
   Increment on tard indicator:     0.0
   Value of tmax indicator:         11.0

Task for patient = 16 with skills = {1,3} and cost = 54.7
   Vehicle #0 = 0, leaving at = 705.0
   Vehicle #1 = 2, leaving at = 740.0
   Increment on distance indicator: 30.0
   Increment on tard indicator:     0.0
   Value of tmax indicator:         30.0

Task for patient = 18 with skills = {5,-1} and cost = 44.7
   Vehicle #0 = 4, leaving at = 737.0
   Vehicle #1 = -1, leaving at = inf
   Increment on distance indicator: 14.0
   Increment on tard indicator:     0.0
   Value of tmax indicator:         14.0

Task for patient = 6 with skills = {3,-1} and cost = 40.0
   Vehicle #0 = 4, leaving at = 689.0
   Vehicle #1 = -1, leaving at = inf
   Increment on distance indicator: 7.0
   Increment on tard indicator:     0.0
   Value of tmax indicator:         7.0

Task for patient = 20 with skills = {0,-1} and cost = 37.7
   Vehicle #0 = 1, leaving at = 662.0
   Vehicle #1 = -1, leaving at = inf
   Increment on distance indicator: 16.0
   Increment on tard indicator:     0.0
   Value of tmax indicator:         16.0

Task for patient = 9 with skills = {1,3} and cost = 32.3
   Vehicle #0 = 0, leaving at = 668.0
   Vehicle #1 = 2, leaving at = 634.0
   Increment on distance indicator: 38.0
   Increment on tard indicator:     0.0
   Value of tmax indicator:         38.0

Task for patient = 24 with skills = {0,5} and cost = 19.7
   Vehicle #0 = 1, leaving at = 596.0
   Vehicle #1 = 3, leaving at = 608.0
   Increment on distance indicator: 31.0
   Increment on tard indicator:     0.0
   Value of tmax indicator:         31.0

Task for patient = 8 with skills = {2,-1} and cost = 9.3
   Vehicle #0 = 1, leaving at = 538.0
   Vehicle #1 = -1, leaving at = inf
   Increment on distance indicator: 14.0
   Increment on tard indicator:     0.0
   Value of tmax indicator:         14.0

Task for patient = 5 with skills = {1,-1} and cost = 4.7
   Vehicle #0 = 0, leaving at = 588.0
   Vehicle #1 = -1, leaving at = inf
   Increment on distance indicator: 14.0
   Increment on tard indicator:     0.0
   Value of tmax indicator:         14.0

Task for patient = 11 with skills = {2,4} and cost = 147.0
   Vehicle #0 = 1, leaving at = 774.0
   Vehicle #1 = 3, leaving at = 768.0
   Increment on distance indicator: 57.0
   Increment on tard indicator:     0.0
   Value of tmax indicator:         57.0


Unused vehicle list: (total = 0 out of 5)

---
Search finished.
Total of 1900 generations in 49.6 seconds.
Exchange elite runs: 23
Implicit path relinking runs: 10
Reset attempts: 2

Best solution found:
   Cost: 287.7
   Total travel time: 513.0
   Total tardiness time: 275.0
   Largest tardiness: 75.0


287.7
