This host is: shiva
--- BRKGA-MP-IPR for HHCRSP ---
Instance: /home/alberto/work/hhcrsp-dataset-2021/dataset2/HHCRSP_10_3_12_0.4_C_R.txt
Seed: 9

Reading data... Problem contains 10 patients  and 3 caregivers.

Summary of supply x demand for each service type:
Skill 0 has supply = 1 and demand = 2, ratio = 0.5
Skill 1 has supply = 1 and demand = 2, ratio = 0.5
Skill 2 has supply = 1 and demand = 4, ratio = 0.25
Skill 3 has supply = 1 and demand = 4, ratio = 0.25
Skill 4 has supply = 1 and demand = 0, ratio = inf
Skill 5 has supply = 2 and demand = 2, ratio = 1

Reading parameters...
Inferred distance function by PR type: kendall-tau
Building BRKGA data and initializing...
Evolving 1900 generations...

  Gens  Rem    Local   ElDiv NoImpr             Best solution            Time  Op
                                       Cost     Dist    Tard    TMax 
*    0 1900   189.67   90.59      0   189.67   410.00    94.0    65.0     0.0    
*    3 1897   142.67   35.05      0   142.67   396.00    16.0    16.0     0.2    
*   12 1888   141.00    0.48      0   141.00   391.00    16.0    16.0     0.6    
    50 1850   141.00    0.00     38   141.00   391.00    16.0    16.0     2.4    
    80 1820   141.00    0.00     69   141.00   391.00    16.0    16.0     3.8   X
    91 1809      inf  125.69      0   141.00   391.00    16.0    16.0     4.3   R
    92 1808   144.33   92.30      0   141.00   391.00    16.0    16.0     4.4    
   100 1800   142.67   15.37      1   141.00   391.00    16.0    16.0     4.8    
   150 1750   141.00    0.00     44   141.00   391.00    16.0    16.0     7.1    
   160 1740   141.00    0.00     55   141.00   391.00    16.0    16.0     7.6   X
Path relinking result: too homogeneous.
   180 1720   141.00    0.00     75   141.00   391.00    16.0    16.0     8.5   P
   185 1715      inf  113.86      0   141.00   391.00    16.0    16.0     8.8   R
   186 1714   196.67   90.82      0   141.00   391.00    16.0    16.0     8.8    
   200 1700   141.00    0.71      6   141.00   391.00    16.0    16.0     9.5    
   240 1660   141.00    0.00     47   141.00   391.00    16.0    16.0    11.4   X

  Gens  Rem    Local   ElDiv NoImpr             Best solution            Time  Op
                                       Cost     Dist    Tard    TMax 
   250 1650   141.00    0.00     56   141.00   391.00    16.0    16.0    11.9    
   273 1627      inf  122.62      0   141.00   391.00    16.0    16.0    12.9   R
   274 1626   203.33   92.85      0   141.00   391.00    16.0    16.0    13.0    
   300 1600   141.00    0.70     17   141.00   391.00    16.0    16.0    14.2    
   320 1580   141.00    0.00     38   141.00   391.00    16.0    16.0    15.2   X
   350 1550   141.00    0.00     67   141.00   391.00    16.0    16.0    16.6    
Path relinking result: too homogeneous.
   360 1540   141.00    0.00     78   141.00   391.00    16.0    16.0    17.0   P
   362 1538      inf  121.03      0   141.00   391.00    16.0    16.0    17.1   R
   363 1537   144.33   87.00      0   141.00   391.00    16.0    16.0    17.2    
   400 1500   141.00    0.78     35   141.00   391.00    16.0    16.0    18.9    
   400 1500   141.00    0.00     36   141.00   391.00    16.0    16.0    18.9   X
   444 1456      inf  119.57      0   141.00   391.00    16.0    16.0    21.0   R
   445 1455   144.33   91.77      0   141.00   391.00    16.0    16.0    21.1    
   450 1450   144.33   21.82      5   141.00   391.00    16.0    16.0    21.3    
   480 1420   141.00    0.74     24   141.00   391.00    16.0    16.0    22.7   X
   500 1400   141.00    0.00     43   141.00   391.00    16.0    16.0    23.7    

  Gens  Rem    Local   ElDiv NoImpr             Best solution            Time  Op
                                       Cost     Dist    Tard    TMax 
   536 1364      inf  123.63      0   141.00   391.00    16.0    16.0    25.4   R
   537 1363   151.00   86.26      0   141.00   391.00    16.0    16.0    25.4    
Path relinking result: elite improvement.
   540 1360   149.33   33.25      1   141.00   391.00    16.0    16.0    25.5   P
   550 1350   141.00    0.50      1   141.00   391.00    16.0    16.0    26.0    
   560 1340   141.00    0.53     12   141.00   391.00    16.0    16.0    26.5   X
   600 1300   141.00    0.00     51   141.00   391.00    16.0    16.0    28.4    
   628 1272      inf  112.36      0   141.00   391.00    16.0    16.0    29.7   R
   629 1271   157.67   94.14      0   141.00   391.00    16.0    16.0    29.7    
   640 1260   141.00    0.55      0   141.00   391.00    16.0    16.0    30.3   X
   650 1250   141.00    0.59      9   141.00   391.00    16.0    16.0    30.7    
   700 1200   141.00    0.00     59   141.00   391.00    16.0    16.0    33.1    
Path relinking result: too homogeneous.
   720 1180      inf  115.04      0   141.00   391.00    16.0    16.0    34.0 PXR
   721 1179   201.67   88.12      0   141.00   391.00    16.0    16.0    34.1    
   750 1150   141.00    0.00     19   141.00   391.00    16.0    16.0    35.5    
   800 1100   141.00    0.00     69   141.00   391.00    16.0    16.0    37.8    
   800 1100   141.00    0.00     70   141.00   391.00    16.0    16.0    37.8   X

  Gens  Rem    Local   ElDiv NoImpr             Best solution            Time  Op
                                       Cost     Dist    Tard    TMax 
   810 1090      inf  127.41      0   141.00   391.00    16.0    16.0    38.3   R
   811 1089   198.00   88.07      0   141.00   391.00    16.0    16.0    38.3    
   850 1050   141.00    0.00     25   141.00   391.00    16.0    16.0    40.2    
   880 1020   141.00    0.00     56   141.00   391.00    16.0    16.0    41.6   X
   900 1000   141.00    0.00     75   141.00   391.00    16.0    16.0    42.5    
Path relinking result: too homogeneous.
   900 1000   141.00    0.00     76   141.00   391.00    16.0    16.0    42.5   P
   904  996      inf  115.36      0   141.00   391.00    16.0    16.0    42.7   R
   905  995   207.67   89.92      0   141.00   391.00    16.0    16.0    42.8    
   950  950   141.00    0.00     39   141.00   391.00    16.0    16.0    44.9    
   960  940   141.00    0.00     50   141.00   391.00    16.0    16.0    45.4   X
   990  910      inf  114.20      0   141.00   391.00    16.0    16.0    46.8   R
   991  909   201.67   85.24      0   141.00   391.00    16.0    16.0    46.8    
  1000  900   142.67    3.39      1   141.00   391.00    16.0    16.0    47.3    
  1040  860   141.00    0.00     36   141.00   391.00    16.0    16.0    49.1   X
  1050  850   141.00    0.00     45   141.00   391.00    16.0    16.0    49.6    
Path relinking result: too homogeneous.
  1080  820   141.00    0.00     76   141.00   391.00    16.0    16.0    51.0   P

  Gens  Rem    Local   ElDiv NoImpr             Best solution            Time  Op
                                       Cost     Dist    Tard    TMax 
  1084  816      inf  115.22      0   141.00   391.00    16.0    16.0    51.2   R
  1085  815   204.00   86.81      0   141.00   391.00    16.0    16.0    51.3    
  1100  800   142.67    0.57      5   141.00   391.00    16.0    16.0    52.0    
  1120  780   141.00    0.00     17   141.00   391.00    16.0    16.0    52.9   X
  1150  750   141.00    0.00     46   141.00   391.00    16.0    16.0    54.3    
  1183  717      inf  122.76      0   141.00   391.00    16.0    16.0    55.9   R
  1184  716   204.00   89.18      0   141.00   391.00    16.0    16.0    55.9    
  1200  700   141.00    0.61      5   141.00   391.00    16.0    16.0    56.7    
  1200  700   141.00    0.91      6   141.00   391.00    16.0    16.0    56.7   X
  1250  650   141.00    0.00     55   141.00   391.00    16.0    16.0    59.1    
Path relinking result: too homogeneous.
  1260  640   141.00    0.00     66   141.00   391.00    16.0    16.0    59.5   P
  1274  626      inf  133.63      0   141.00   391.00    16.0    16.0    60.2   R
  1275  625   184.00   96.10      0   141.00   391.00    16.0    16.0    60.2    
  1280  620   144.33   17.59      3   141.00   391.00    16.0    16.0    60.5   X
  1300  600   142.67    0.55     14   141.00   391.00    16.0    16.0    61.4    
  1350  550   141.00    0.79     38   141.00   391.00    16.0    16.0    63.8    

  Gens  Rem    Local   ElDiv NoImpr             Best solution            Time  Op
                                       Cost     Dist    Tard    TMax 
  1360  540   141.00    0.00     49   141.00   391.00    16.0    16.0    64.3   X
  1391  509      inf  116.81      0   141.00   391.00    16.0    16.0    65.7   R
  1392  508   190.00   86.99      0   141.00   391.00    16.0    16.0    65.8    
  1400  500   144.33   16.08      5   141.00   391.00    16.0    16.0    66.1    
Path relinking result: too homogeneous.
  1440  460   141.00    0.00     36   141.00   391.00    16.0    16.0    68.0  PX
  1450  450   141.00    0.00     45   141.00   391.00    16.0    16.0    68.5    
  1484  416      inf  115.18      0   141.00   391.00    16.0    16.0    70.1   R
  1485  415   240.33   87.47      0   141.00   391.00    16.0    16.0    70.2    
  1500  400   141.00    0.61      4   141.00   391.00    16.0    16.0    70.9    
  1520  380   141.00    0.00     25   141.00   391.00    16.0    16.0    71.8   X
  1550  350   141.00    0.00     54   141.00   391.00    16.0    16.0    73.2    
  1575  325      inf  124.71      0   141.00   391.00    16.0    16.0    74.4   R
  1576  324   190.00   90.07      0   141.00   391.00    16.0    16.0    74.4    
  1600  300   141.00    0.66      6   141.00   391.00    16.0    16.0    75.6    
  1600  300   141.00    0.82      7   141.00   391.00    16.0    16.0    75.6   X
Path relinking result: too homogeneous.
  1620  280   141.00    0.00     27   141.00   391.00    16.0    16.0    76.5   P

  Gens  Rem    Local   ElDiv NoImpr             Best solution            Time  Op
                                       Cost     Dist    Tard    TMax 
  1650  250   141.00    0.00     56   141.00   391.00    16.0    16.0    77.9    
  1673  227      inf  111.43      0   141.00   391.00    16.0    16.0    79.0   R
  1674  226   144.33   94.97      0   141.00   391.00    16.0    16.0    79.1    
  1680  220   142.67   18.36      0   141.00   391.00    16.0    16.0    79.4   X
  1700  200   141.00    0.00     16   141.00   391.00    16.0    16.0    80.3    
  1750  150   141.00    0.00     66   141.00   391.00    16.0    16.0    82.7    
  1760  140   141.00    0.00     77   141.00   391.00    16.0    16.0    83.1   X
  1763  137      inf  125.53      0   141.00   391.00    16.0    16.0    83.3   R
  1764  136   189.67   97.10      0   141.00   391.00    16.0    16.0    83.3    
  1800  100   141.00    0.00     29   141.00   391.00    16.0    16.0    85.0    
Path relinking result: too homogeneous.
  1800  100   141.00    0.00     30   141.00   391.00    16.0    16.0    85.0   P
  1840   60   141.00    0.00     70   141.00   391.00    16.0    16.0    86.9   X
  1850   50   141.00    0.00     79   141.00   391.00    16.0    16.0    87.4    
  1850   50      inf  109.00      0   141.00   391.00    16.0    16.0    87.4   R
  1851   49   151.00   90.43      0   141.00   391.00    16.0    16.0    87.4    
  1900    0   141.00    0.00     32   141.00   391.00    16.0    16.0    89.7    
Evolutionary process finished.
Solution written to 'solution-16636.txt'.

Sorted sequence of worst to best tardiness value:
Task for patient = 6 with skills = {2,3} and cost = 128.0
   Vehicle #0 = 0, leaving at = 1090.0
   Vehicle #1 = 2, leaving at = 1121.0
   Increment on distance indicator: 46.0
   Increment on tard indicator:     16.0
   Value of tmax indicator:         46.0

Task for patient = 10 with skills = {5,-1} and cost = 7.0
   Vehicle #0 = 1, leaving at = 1002.0
   Vehicle #1 = -1, leaving at = inf
   Increment on distance indicator: 21.0
   Increment on tard indicator:     0.0
   Value of tmax indicator:         21.0

Task for patient = 1 with skills = {5,-1} and cost = 14.0
   Vehicle #0 = 2, leaving at = 593.0
   Vehicle #1 = -1, leaving at = inf
   Increment on distance indicator: 21.0
   Increment on tard indicator:     0.0
   Value of tmax indicator:         21.0

Task for patient = 5 with skills = {1,3} and cost = 29.3
   Vehicle #0 = 0, leaving at = 667.0
   Vehicle #1 = 2, leaving at = 667.0
   Increment on distance indicator: 46.0
   Increment on tard indicator:     0.0
   Value of tmax indicator:         46.0

Task for patient = 8 with skills = {0,-1} and cost = 39.0
   Vehicle #0 = 0, leaving at = 716.0
   Vehicle #1 = -1, leaving at = inf
   Increment on distance indicator: 29.0
   Increment on tard indicator:     0.0
   Value of tmax indicator:         29.0

Task for patient = 9 with skills = {2,3} and cost = 64.0
   Vehicle #0 = 0, leaving at = 810.0
   Vehicle #1 = 2, leaving at = 837.0
   Increment on distance indicator: 75.0
   Increment on tard indicator:     0.0
   Value of tmax indicator:         75.0

Task for patient = 3 with skills = {2,-1} and cost = 66.3
   Vehicle #0 = 0, leaving at = 879.0
   Vehicle #1 = -1, leaving at = inf
   Increment on distance indicator: 7.0
   Increment on tard indicator:     0.0
   Value of tmax indicator:         7.0

Task for patient = 7 with skills = {2,-1} and cost = 74.7
   Vehicle #0 = 0, leaving at = 928.0
   Vehicle #1 = -1, leaving at = inf
   Increment on distance indicator: 25.0
   Increment on tard indicator:     0.0
   Value of tmax indicator:         25.0

Task for patient = 4 with skills = {0,-1} and cost = 82.3
   Vehicle #0 = 0, leaving at = 988.0
   Vehicle #1 = -1, leaving at = inf
   Increment on distance indicator: 23.0
   Increment on tard indicator:     0.0
   Value of tmax indicator:         23.0

Task for patient = 2 with skills = {1,3} and cost = 102.0
   Vehicle #0 = 0, leaving at = 1039.0
   Vehicle #1 = 2, leaving at = 1039.0
   Increment on distance indicator: 59.0
   Increment on tard indicator:     0.0
   Value of tmax indicator:         59.0


Unused vehicle list: (total = 0 out of 3)

---
Search finished.
Total of 1900 generations in 89.7 seconds.
Exchange elite runs: 23
Implicit path relinking runs: 10
Reset attempts: 20

Best solution found:
   Cost: 141.0
   Total travel time: 391.0
   Total tardiness time: 16.0
   Largest tardiness: 16.0


141.0
