This host is: panku
--- BRKGA-MP-IPR for HHCRSP ---
Instance: new-dataset/instances-100/HHCRSP_100_20_39_1.6_R_C.txt
Seed: 18

Reading data... Problem contains 100 patients  and 20 caregivers.

Summary of supply x demand for each service type:
Skill 0 has supply = 8 and demand = 16, ratio = 0.5
Skill 1 has supply = 6 and demand = 27, ratio = 0.222222
Skill 2 has supply = 8 and demand = 26, ratio = 0.307692
Skill 3 has supply = 5 and demand = 20, ratio = 0.25
Skill 4 has supply = 4 and demand = 14, ratio = 0.285714
Skill 5 has supply = 8 and demand = 27, ratio = 0.296296

Reading parameters...
Inferred distance function by PR type: kendall-tau
Building BRKGA data and initializing...
Evolving 1900 generations...

  Gens  Rem    Local   ElDiv NoImpr             Best solution            Time  Op
                                       Cost     Dist    Tard    TMax 
*    0 1900  2486.67  213.39      0  2486.67  2857.00  4237.0   366.0     0.1    
*    2 1898  2443.67  191.08      0  2443.67  2995.00  3575.0   305.0     0.2    
*    3 1897  2291.67  177.76      0  2291.67  3002.00  2569.0   281.0     0.2    
*    4 1896  1950.67  163.21      0  1950.67  3002.00  2569.0   281.0     0.3    
*    6 1894  1707.67  148.86      0  1707.67  2766.00  2055.0   237.0     0.4    
*    7 1893  1686.00  141.10      0  1686.00  2901.00  1747.0   248.0     0.4    
*    8 1892  1632.00  129.69      0  1632.00  2870.00  1372.0   194.0     0.5    
*    9 1891  1478.67  117.84      0  1478.67  2741.00  1408.0   216.0     0.5    
*   10 1890  1455.00  114.04      0  1455.00  2568.00   950.0   183.0     0.6    
*   11 1889  1233.67  101.14      0  1233.67  2568.00   950.0   183.0     0.6    
*   14 1886  1114.00   77.40      0  1114.00  2702.00   380.0   121.0     0.8    
*   15 1885  1067.67   68.95      0  1067.67  2622.00   413.0    66.0     0.8    
*   16 1884  1033.67   62.13      0  1033.67  2622.00   413.0    66.0     0.9    
*   18 1882  1005.00   52.09      0  1005.00  2473.00   316.0   113.0     1.0    
*   19 1881   967.33   46.38      0   967.33  2473.00   316.0   113.0     1.1    

  Gens  Rem    Local   ElDiv NoImpr             Best solution            Time  Op
                                       Cost     Dist    Tard    TMax 
*   21 1879   906.67   38.11      0   906.67  2525.00   156.0    39.0     1.2    
*   23 1877   868.33   38.45      0   868.33  2495.00    85.0    25.0     1.3    
*   27 1873   849.00   26.34      0   849.00  2456.00    74.0    15.0     1.5    
*   28 1872   848.33   25.19      0   848.33  2333.00   180.0    27.0     1.5    
*   29 1871   846.67   24.97      0   846.67  2295.00   144.0    20.0     1.6    
*   30 1870   819.67   22.97      0   819.67  2295.00   144.0    20.0     1.7    
*   32 1868   803.67   19.44      0   803.67  2297.00    95.0    19.0     1.8    
*   39 1861   791.00   16.08      0   791.00  2314.00    43.0    16.0     2.1    
*   41 1859   785.67   15.64      0   785.67  2284.00    44.0    18.0     2.2    
*   42 1858   782.00   14.91      0   782.00  2284.00    44.0    18.0     2.3    
*   45 1855   762.33   14.10      0   762.33  2159.00    97.0    31.0     2.5    
*   47 1853   757.00   14.27      0   757.00  2173.00    71.0    27.0     2.6    
    50 1850   757.00   13.79      3   757.00  2173.00    71.0    27.0     2.7    
*   53 1847   733.67   14.51      0   733.67  2181.00    13.0     7.0     2.9    
*   56 1844   725.33   15.15      0   725.33  2115.00    42.0    19.0     3.0    
*   69 1831   714.33   13.50      0   714.33  2134.00     6.0     3.0     3.7    

  Gens  Rem    Local   ElDiv NoImpr             Best solution            Time  Op
                                       Cost     Dist    Tard    TMax 
*   71 1829   710.00   13.21      0   710.00  2070.00    34.0    26.0     3.8    
*   73 1827   701.00   13.32      0   701.00  2060.00    34.0     9.0     3.9    
    80 1820   701.00    7.74      8   701.00  2060.00    34.0     9.0     4.3   X
   100 1800   701.00    7.38     27   701.00  2060.00    34.0     9.0     5.4    
*  109 1791   698.67    7.32      0   698.67  2030.00    55.0    11.0     5.8    
*  123 1777   698.33    7.11      0   698.33  2048.00    33.0    14.0     6.6    
*  137 1763   696.33    7.12      0   696.33  2065.00    14.0    10.0     7.3    
*  140 1760   690.00    7.22      0   690.00  2042.00    15.0    13.0     7.5    
   150 1750   690.00    7.11     10   690.00  2042.00    15.0    13.0     8.0    
   160 1740   690.00    5.55     21   690.00  2042.00    15.0    13.0     8.5   X
Path relinking result: best improvement.
   180 1720   685.00    5.93      0   690.00  2042.00    15.0    13.0     9.6   P
*  181 1719   685.00    5.91      0   685.00  2053.00     1.0     1.0     9.6    
   200 1700   685.00    5.89     19   685.00  2053.00     1.0     1.0    10.6    
   240 1660   685.00    4.86     60   685.00  2053.00     1.0     1.0    12.7   X
   250 1650   685.00    4.85     69   685.00  2053.00     1.0     1.0    13.2    
   300 1600   685.00    4.78    119   685.00  2053.00     1.0     1.0    15.9    

  Gens  Rem    Local   ElDiv NoImpr             Best solution            Time  Op
                                       Cost     Dist    Tard    TMax 
   320 1580   685.00    4.35    140   685.00  2053.00     1.0     1.0    16.9   X
   350 1550   685.00    4.26    169   685.00  2053.00     1.0     1.0    18.5    
Path relinking result: best improvement.
   360 1540   673.00    4.53      0   685.00  2053.00     1.0     1.0    19.0   P
*  361 1539   673.00    4.52      0   673.00  1998.00    14.0     7.0    19.1    
   400 1500   673.00    4.65     39   673.00  1998.00    14.0     7.0    21.1    
   400 1500   673.00    3.83     40   673.00  1998.00    14.0     7.0    21.1   X
*  435 1465   667.67    4.06      0   667.67  2003.00     0.0     0.0    23.0    
   450 1450   667.67    4.08     15   667.67  2003.00     0.0     0.0    23.7    
   480 1420   667.67    4.02     46   667.67  2003.00     0.0     0.0    25.3   X
   500 1400   667.67    4.09     65   667.67  2003.00     0.0     0.0    26.3    
*  514 1386   664.33    4.21      0   664.33  1986.00     6.0     1.0    27.1    
Path relinking result: best improvement.
   540 1360   655.00    4.51      0   664.33  1986.00     6.0     1.0    28.4   P
*  541 1359   655.00    4.51      0   655.00  1949.00    11.0     5.0    28.5    
   550 1350   655.00    4.48      9   655.00  1949.00    11.0     5.0    29.0    
   560 1340   655.00    5.81     20   655.00  1949.00    11.0     5.0    29.5   X
   600 1300   655.00    5.76     59   655.00  1949.00    11.0     5.0    31.6    

  Gens  Rem    Local   ElDiv NoImpr             Best solution            Time  Op
                                       Cost     Dist    Tard    TMax 
   640 1260   655.00    4.39    100   655.00  1949.00    11.0     5.0    33.7   X
   650 1250   655.00    4.39    109   655.00  1949.00    11.0     5.0    34.2    
   700 1200   655.00    4.38    159   655.00  1949.00    11.0     5.0    36.9    
Path relinking result: elite improvement.
   720 1180   655.00    5.34    180   655.00  1949.00    11.0     5.0    37.9  PX
   750 1150   655.00    5.33    209   655.00  1949.00    11.0     5.0    39.4    
   800 1100   655.00    5.34    259   655.00  1949.00    11.0     5.0    42.0    
   800 1100   655.00    4.89    260   655.00  1949.00    11.0     5.0    42.0   X
*  810 1090   647.67    4.91      0   647.67  1913.00    20.0    10.0    42.5    
*  842 1058   631.67    5.16      0   631.67  1871.00    18.0     6.0    44.2    
   850 1050   631.67    5.13      8   631.67  1871.00    18.0     6.0    44.6    
   880 1020   631.67    2.88     39   631.67  1871.00    18.0     6.0    46.2   X
*  886 1014   627.33    5.65      0   627.33  1870.00    10.0     2.0    46.6    
*  890 1010   626.33    3.84      0   626.33  1867.00     7.0     3.0    46.8    
*  891 1009   625.67    3.16      0   625.67  1864.00     2.0     2.0    46.8    
*  892 1008   622.67    2.66      0   622.67  1864.00     2.0     2.0    46.9    
*  895 1005   620.67    1.73      0   620.67  1858.00     2.0     2.0    47.0    

  Gens  Rem    Local   ElDiv NoImpr             Best solution            Time  Op
                                       Cost     Dist    Tard    TMax 
*  898 1002   620.00    1.57      0   620.00  1847.00     3.0     2.0    47.2    
*  899 1001   617.33    1.47      0   617.33  1847.00     3.0     2.0    47.2    
   900 1000   617.33    1.39      1   617.33  1847.00     3.0     2.0    47.3    
Path relinking result: elite improvement.
   900 1000   617.33    1.39      2   617.33  1847.00     3.0     2.0    47.3   P
*  902  998   616.33    1.29      0   616.33  1841.00     6.0     2.0    47.4    
*  905  995   614.33    1.14      0   614.33  1839.00     2.0     2.0    47.6    
*  907  993   613.00    1.22      0   613.00  1819.00     9.0     3.0    47.7    
*  908  992   610.33    1.19      0   610.33  1819.00     9.0     3.0    47.8    
*  910  990   605.67    1.45      0   605.67  1809.00     6.0     2.0    47.9    
*  914  986   605.00    2.92      0   605.00  1801.00     6.0     2.0    48.1    
*  915  985   603.00    3.39      0   603.00  1801.00     6.0     2.0    48.2    
*  918  982   602.00    4.06      0   602.00  1798.00     6.0     2.0    48.3    
*  922  978   601.33    4.20      0   601.33  1796.00     6.0     2.0    48.6    
*  925  975   601.00    3.99      0   601.00  1799.00     2.0     2.0    48.8    
*  927  973   600.67    3.49      0   600.67  1794.00     6.0     2.0    48.9    
*  930  970   600.33    3.28      0   600.33  1796.00     2.0     2.0    49.0    

  Gens  Rem    Local   ElDiv NoImpr             Best solution            Time  Op
                                       Cost     Dist    Tard    TMax 
*  931  969   600.00    3.24      0   600.00  1790.00     6.0     2.0    49.1    
*  932  968   599.33    3.18      0   599.33  1791.00     2.0     2.0    49.1    
*  933  967   598.33    2.97      0   598.33  1791.00     2.0     2.0    49.2    
*  938  962   598.00    2.97      0   598.00  1790.00     2.0     2.0    49.4    
*  943  957   597.33    2.59      0   597.33  1788.00     2.0     2.0    49.7    
*  948  952   597.00    2.61      0   597.00  1787.00     2.0     2.0    50.0    
   950  950   597.00    2.65      2   597.00  1787.00     2.0     2.0    50.1    
   960  940   597.00    1.34     13   597.00  1787.00     2.0     2.0    50.7   X
*  972  928   596.67    0.03      0   596.67  1785.00     3.0     2.0    51.3    
  1000  900   596.67    0.16     28   596.67  1785.00     3.0     2.0    52.8    
  1040  860   596.67    0.00     69   596.67  1785.00     3.0     2.0    54.8   X
* 1042  858   596.33    0.13      0   596.33  1784.00     3.0     2.0    54.9    
  1050  850   596.33    0.16      8   596.33  1784.00     3.0     2.0    55.3    
Path relinking result: elite improvement.
  1080  820   596.33    0.16     39   596.33  1784.00     3.0     2.0    56.9   P
  1100  800   596.33    0.15     58   596.33  1784.00     3.0     2.0    57.9    
  1120  780   596.33    0.00     79   596.33  1784.00     3.0     2.0    58.9   X

  Gens  Rem    Local   ElDiv NoImpr             Best solution            Time  Op
                                       Cost     Dist    Tard    TMax 
  1150  750   596.33    0.00    108   596.33  1784.00     3.0     2.0    60.5    
* 1158  742   595.67    0.04      0   595.67  1782.00     3.0     2.0    60.9    
  1200  700   595.67    0.31     42   595.67  1782.00     3.0     2.0    63.1    
  1200  700   595.67    0.31     43   595.67  1782.00     3.0     2.0    63.1   X
  1250  650   595.67    0.00     92   595.67  1782.00     3.0     2.0    65.7    
Path relinking result: no improvement.
  1260  640   595.67    0.00    103   595.67  1782.00     3.0     2.0    66.2   P
  1280  620   595.67    0.00    123   595.67  1782.00     3.0     2.0    67.2   X
  1300  600   595.67    0.00    142   595.67  1782.00     3.0     2.0    68.2    
  1350  550   595.67    0.00    192   595.67  1782.00     3.0     2.0    70.8    
  1360  540   595.67    0.00    203   595.67  1782.00     3.0     2.0    71.3   X
* 1389  511   586.33    0.76      0   586.33  1754.00     3.0     2.0    72.8    
  1400  500   586.33    1.84     11   586.33  1754.00     3.0     2.0    73.4    
* 1407  493   585.67    4.41      0   585.67  1752.00     3.0     2.0    73.8    
* 1410  490   585.33    4.49      0   585.33  1751.00     3.0     2.0    73.9    
* 1419  481   585.00    4.93      0   585.00  1750.00     3.0     2.0    74.4    
* 1429  471   584.67    5.03      0   584.67  1750.00     2.0     2.0    74.9    

  Gens  Rem    Local   ElDiv NoImpr             Best solution            Time  Op
                                       Cost     Dist    Tard    TMax 
* 1435  465   584.33    5.19      0   584.33  1749.00     2.0     2.0    75.2    
Path relinking result: elite improvement.
  1440  460   584.33    5.29      6   584.33  1749.00     2.0     2.0    75.5  PX
  1450  450   584.33    0.00     15   584.33  1749.00     2.0     2.0    76.0    
  1500  400   584.33    0.00     65   584.33  1749.00     2.0     2.0    78.6    
  1520  380   584.33    0.00     86   584.33  1749.00     2.0     2.0    79.6   X
  1550  350   584.33    0.00    115   584.33  1749.00     2.0     2.0    81.2    
* 1597  303   584.00    0.03      0   584.00  1748.00     2.0     2.0    83.6    
  1600  300   584.00    0.12      3   584.00  1748.00     2.0     2.0    83.8    
  1600  300   584.00    0.16      4   584.00  1748.00     2.0     2.0    83.8   X
* 1603  297   583.00    0.20      0   583.00  1745.00     2.0     2.0    83.9    
Path relinking result: no improvement.
  1620  280   583.00    0.00     18   583.00  1745.00     2.0     2.0    84.8   P
  1650  250   583.00    0.00     47   583.00  1745.00     2.0     2.0    86.3    
* 1653  247   582.67    0.05      0   582.67  1744.00     2.0     2.0    86.5    
  1680  220   582.67    0.00     28   582.67  1744.00     2.0     2.0    88.0   X
  1700  200   582.67    0.00     47   582.67  1744.00     2.0     2.0    89.0    
  1750  150   582.67    0.00     97   582.67  1744.00     2.0     2.0    91.6    

  Gens  Rem    Local   ElDiv NoImpr             Best solution            Time  Op
                                       Cost     Dist    Tard    TMax 
  1760  140   582.67    0.00    108   582.67  1744.00     2.0     2.0    92.1   X
  1800  100   582.67    0.00    147   582.67  1744.00     2.0     2.0    94.2    
Path relinking result: no improvement.
  1800  100   582.67    0.00    148   582.67  1744.00     2.0     2.0    94.2   P
  1840   60   582.67    0.00    188   582.67  1744.00     2.0     2.0    96.2   X
  1850   50   582.67    0.00    197   582.67  1744.00     2.0     2.0    96.8    
  1900    0   582.67    0.00    247   582.67  1744.00     2.0     2.0    99.3    
Evolutionary process finished.
Solution written to 'solution-22105.txt'.

Sorted sequence of worst to best tardiness value:
Task for patient = 69 with skills = {1,-1} and cost = 158.0
   Vehicle #0 = 3, leaving at = 717.0
   Vehicle #1 = -1, leaving at = inf
   Increment on distance indicator: 1.0
   Increment on tard indicator:     2.0
   Value of tmax indicator:         1.0

Task for patient = 95 with skills = {5,-1} and cost = 342.3
   Vehicle #0 = 14, leaving at = 804.0
   Vehicle #1 = -1, leaving at = inf
   Increment on distance indicator: 6.0
   Increment on tard indicator:     0.0
   Value of tmax indicator:         6.0

Task for patient = 52 with skills = {2,5} and cost = 340.3
   Vehicle #0 = 0, leaving at = 868.0
   Vehicle #1 = 10, leaving at = 909.0
   Increment on distance indicator: 34.0
   Increment on tard indicator:     0.0
   Value of tmax indicator:         34.0

Task for patient = 85 with skills = {2,-1} and cost = 329.0
   Vehicle #0 = 4, leaving at = 892.0
   Vehicle #1 = -1, leaving at = inf
   Increment on distance indicator: 3.0
   Increment on tard indicator:     0.0
   Value of tmax indicator:         3.0

Task for patient = 93 with skills = {2,3} and cost = 328.0
   Vehicle #0 = 5, leaving at = 902.0
   Vehicle #1 = 15, leaving at = 937.0
   Increment on distance indicator: 8.0
   Increment on tard indicator:     0.0
   Value of tmax indicator:         8.0

Task for patient = 48 with skills = {2,-1} and cost = 325.3
   Vehicle #0 = 5, leaving at = 833.0
   Vehicle #1 = -1, leaving at = inf
   Increment on distance indicator: 1.0
   Increment on tard indicator:     0.0
   Value of tmax indicator:         1.0

Task for patient = 33 with skills = {5,-1} and cost = 325.0
   Vehicle #0 = 16, leaving at = 886.0
   Vehicle #1 = -1, leaving at = inf
   Increment on distance indicator: 4.0
   Increment on tard indicator:     0.0
   Value of tmax indicator:         4.0

Task for patient = 55 with skills = {0,-1} and cost = 323.7
   Vehicle #0 = 2, leaving at = 876.0
   Vehicle #1 = -1, leaving at = inf
   Increment on distance indicator: 4.0
   Increment on tard indicator:     0.0
   Value of tmax indicator:         4.0

Task for patient = 27 with skills = {1,-1} and cost = 322.3
   Vehicle #0 = 5, leaving at = 788.0
   Vehicle #1 = -1, leaving at = inf
   Increment on distance indicator: 3.0
   Increment on tard indicator:     0.0
   Value of tmax indicator:         3.0

Task for patient = 5 with skills = {1,-1} and cost = 321.3
   Vehicle #0 = 2, leaving at = 824.0
   Vehicle #1 = -1, leaving at = inf
   Increment on distance indicator: 4.0
   Increment on tard indicator:     0.0
   Value of tmax indicator:         4.0

Task for patient = 1 with skills = {2,4} and cost = 320.0
   Vehicle #0 = 1, leaving at = 910.0
   Vehicle #1 = 13, leaving at = 893.0
   Increment on distance indicator: 6.0
   Increment on tard indicator:     0.0
   Value of tmax indicator:         6.0

Task for patient = 58 with skills = {2,-1} and cost = 343.3
   Vehicle #0 = 4, leaving at = 911.0
   Vehicle #1 = -1, leaving at = inf
   Increment on distance indicator: 3.0
   Increment on tard indicator:     0.0
   Value of tmax indicator:         3.0

Task for patient = 24 with skills = {5,-1} and cost = 316.3
   Vehicle #0 = 14, leaving at = 772.0
   Vehicle #1 = -1, leaving at = inf
   Increment on distance indicator: 1.0
   Increment on tard indicator:     0.0
   Value of tmax indicator:         1.0

Task for patient = 41 with skills = {0,-1} and cost = 316.0
   Vehicle #0 = 2, leaving at = 761.0
   Vehicle #1 = -1, leaving at = inf
   Increment on distance indicator: 5.0
   Increment on tard indicator:     0.0
   Value of tmax indicator:         5.0

Task for patient = 88 with skills = {5,-1} and cost = 314.3
   Vehicle #0 = 11, leaving at = 852.0
   Vehicle #1 = -1, leaving at = inf
   Increment on distance indicator: 7.0
   Increment on tard indicator:     0.0
   Value of tmax indicator:         7.0

Task for patient = 96 with skills = {2,3} and cost = 312.0
   Vehicle #0 = 8, leaving at = 857.0
   Vehicle #1 = 12, leaving at = 872.0
   Increment on distance indicator: 9.0
   Increment on tard indicator:     0.0
   Value of tmax indicator:         9.0

Task for patient = 50 with skills = {1,3} and cost = 309.0
   Vehicle #0 = 1, leaving at = 858.0
   Vehicle #1 = 13, leaving at = 868.0
   Increment on distance indicator: 6.0
   Increment on tard indicator:     0.0
   Value of tmax indicator:         6.0

Task for patient = 98 with skills = {2,3} and cost = 307.0
   Vehicle #0 = 4, leaving at = 871.0
   Vehicle #1 = 15, leaving at = 885.0
   Increment on distance indicator: 3.0
   Increment on tard indicator:     0.0
   Value of tmax indicator:         3.0

Task for patient = 17 with skills = {3,-1} and cost = 306.0
   Vehicle #0 = 10, leaving at = 836.0
   Vehicle #1 = -1, leaving at = inf
   Increment on distance indicator: 13.0
   Increment on tard indicator:     0.0
   Value of tmax indicator:         13.0

Task for patient = 2 with skills = {0,-1} and cost = 301.7
   Vehicle #0 = 0, leaving at = 827.0
   Vehicle #1 = -1, leaving at = inf
   Increment on distance indicator: 10.0
   Increment on tard indicator:     0.0
   Value of tmax indicator:         10.0

Task for patient = 68 with skills = {5,-1} and cost = 298.3
   Vehicle #0 = 14, leaving at = 672.0
   Vehicle #1 = -1, leaving at = inf
   Increment on distance indicator: 5.0
   Increment on tard indicator:     0.0
   Value of tmax indicator:         5.0

Task for patient = 64 with skills = {2,-1} and cost = 296.7
   Vehicle #0 = 0, leaving at = 759.0
   Vehicle #1 = -1, leaving at = inf
   Increment on distance indicator: 2.0
   Increment on tard indicator:     0.0
   Value of tmax indicator:         2.0

Task for patient = 26 with skills = {2,4} and cost = 296.0
   Vehicle #0 = 8, leaving at = 814.0
   Vehicle #1 = 11, leaving at = 812.0
   Increment on distance indicator: 17.0
   Increment on tard indicator:     0.0
   Value of tmax indicator:         17.0

Task for patient = 34 with skills = {5,-1} and cost = 290.3
   Vehicle #0 = 10, leaving at = 777.0
   Vehicle #1 = -1, leaving at = inf
   Increment on distance indicator: 11.0
   Increment on tard indicator:     0.0
   Value of tmax indicator:         11.0

Task for patient = 84 with skills = {1,-1} and cost = 318.0
   Vehicle #0 = 3, leaving at = 887.0
   Vehicle #1 = -1, leaving at = inf
   Increment on distance indicator: 5.0
   Increment on tard indicator:     0.0
   Value of tmax indicator:         5.0

Task for patient = 31 with skills = {2,4} and cost = 388.0
   Vehicle #0 = 5, leaving at = 1032.0
   Vehicle #1 = 16, leaving at = 1062.0
   Increment on distance indicator: 6.0
   Increment on tard indicator:     0.0
   Value of tmax indicator:         6.0

Task for patient = 32 with skills = {1,3} and cost = 386.0
   Vehicle #0 = 3, leaving at = 1038.0
   Vehicle #1 = 10, leaving at = 1044.0
   Increment on distance indicator: 16.0
   Increment on tard indicator:     0.0
   Value of tmax indicator:         16.0

Task for patient = 18 with skills = {0,3} and cost = 380.7
   Vehicle #0 = 3, leaving at = 992.0
   Vehicle #1 = 10, leaving at = 991.0
   Increment on distance indicator: 12.0
   Increment on tard indicator:     0.0
   Value of tmax indicator:         12.0

Task for patient = 60 with skills = {5,-1} and cost = 376.7
   Vehicle #0 = 11, leaving at = 974.0
   Vehicle #1 = -1, leaving at = inf
   Increment on distance indicator: 5.0
   Increment on tard indicator:     0.0
   Value of tmax indicator:         5.0

Task for patient = 100 with skills = {2,-1} and cost = 375.0
   Vehicle #0 = 0, leaving at = 960.0
   Vehicle #1 = -1, leaving at = inf
   Increment on distance indicator: 3.0
   Increment on tard indicator:     0.0
   Value of tmax indicator:         3.0

Task for patient = 53 with skills = {5,-1} and cost = 374.0
   Vehicle #0 = 14, leaving at = 962.0
   Vehicle #1 = -1, leaving at = inf
   Increment on distance indicator: 4.0
   Increment on tard indicator:     0.0
   Value of tmax indicator:         4.0

Task for patient = 36 with skills = {2,3} and cost = 372.7
   Vehicle #0 = 8, leaving at = 1032.0
   Vehicle #1 = 13, leaving at = 1023.0
   Increment on distance indicator: 10.0
   Increment on tard indicator:     0.0
   Value of tmax indicator:         10.0

Task for patient = 70 with skills = {3,-1} and cost = 369.3
   Vehicle #0 = 13, leaving at = 982.0
   Vehicle #1 = -1, leaving at = inf
   Increment on distance indicator: 3.0
   Increment on tard indicator:     0.0
   Value of tmax indicator:         3.0

Task for patient = 43 with skills = {4,-1} and cost = 368.3
   Vehicle #0 = 13, leaving at = 961.0
   Vehicle #1 = -1, leaving at = inf
   Increment on distance indicator: 3.0
   Increment on tard indicator:     0.0
   Value of tmax indicator:         3.0

Task for patient = 19 with skills = {1,-1} and cost = 367.3
   Vehicle #0 = 8, leaving at = 979.0
   Vehicle #1 = -1, leaving at = inf
   Increment on distance indicator: 4.0
   Increment on tard indicator:     0.0
   Value of tmax indicator:         4.0

Task for patient = 9 with skills = {3,-1} and cost = 366.0
   Vehicle #0 = 15, leaving at = 991.0
   Vehicle #1 = -1, leaving at = inf
   Increment on distance indicator: 4.0
   Increment on tard indicator:     0.0
   Value of tmax indicator:         4.0

Task for patient = 63 with skills = {1,-1} and cost = 345.0
   Vehicle #0 = 4, leaving at = 973.0
   Vehicle #1 = -1, leaving at = inf
   Increment on distance indicator: 5.0
   Increment on tard indicator:     0.0
   Value of tmax indicator:         5.0

Task for patient = 74 with skills = {2,5} and cost = 363.3
   Vehicle #0 = 4, leaving at = 1007.0
   Vehicle #1 = 16, leaving at = 1004.0
   Increment on distance indicator: 10.0
   Increment on tard indicator:     0.0
   Value of tmax indicator:         10.0

Task for patient = 77 with skills = {1,-1} and cost = 360.0
   Vehicle #0 = 3, leaving at = 909.0
   Vehicle #1 = -1, leaving at = inf
   Increment on distance indicator: 3.0
   Increment on tard indicator:     0.0
   Value of tmax indicator:         3.0

Task for patient = 23 with skills = {2,-1} and cost = 359.0
   Vehicle #0 = 6, leaving at = 892.0
   Vehicle #1 = -1, leaving at = inf
   Increment on distance indicator: 0.0
   Increment on tard indicator:     0.0
   Value of tmax indicator:         0.0

Task for patient = 42 with skills = {0,-1} and cost = 359.0
   Vehicle #0 = 0, leaving at = 920.0
   Vehicle #1 = -1, leaving at = inf
   Increment on distance indicator: 5.0
   Increment on tard indicator:     0.0
   Value of tmax indicator:         5.0

Task for patient = 49 with skills = {5,-1} and cost = 357.3
   Vehicle #0 = 11, leaving at = 916.0
   Vehicle #1 = -1, leaving at = inf
   Increment on distance indicator: 3.0
   Increment on tard indicator:     0.0
   Value of tmax indicator:         3.0

Task for patient = 61 with skills = {2,-1} and cost = 356.3
   Vehicle #0 = 8, leaving at = 929.0
   Vehicle #1 = -1, leaving at = inf
   Increment on distance indicator: 3.0
   Increment on tard indicator:     0.0
   Value of tmax indicator:         3.0

Task for patient = 11 with skills = {3,-1} and cost = 355.3
   Vehicle #0 = 12, leaving at = 937.0
   Vehicle #1 = -1, leaving at = inf
   Increment on distance indicator: 11.0
   Increment on tard indicator:     0.0
   Value of tmax indicator:         11.0

Task for patient = 46 with skills = {2,5} and cost = 351.7
   Vehicle #0 = 5, leaving at = 929.0
   Vehicle #1 = 16, leaving at = 978.0
   Increment on distance indicator: 4.0
   Increment on tard indicator:     0.0
   Value of tmax indicator:         4.0

Task for patient = 65 with skills = {0,5} and cost = 350.3
   Vehicle #0 = 1, leaving at = 941.0
   Vehicle #1 = 13, leaving at = 932.0
   Increment on distance indicator: 2.0
   Increment on tard indicator:     0.0
   Value of tmax indicator:         2.0

Task for patient = 87 with skills = {1,5} and cost = 349.7
   Vehicle #0 = 8, leaving at = 880.0
   Vehicle #1 = 11, leaving at = 890.0
   Increment on distance indicator: 7.0
   Increment on tard indicator:     0.0
   Value of tmax indicator:         7.0

Task for patient = 92 with skills = {1,-1} and cost = 347.3
   Vehicle #0 = 2, leaving at = 913.0
   Vehicle #1 = -1, leaving at = inf
   Increment on distance indicator: 7.0
   Increment on tard indicator:     0.0
   Value of tmax indicator:         7.0

Task for patient = 14 with skills = {1,-1} and cost = 286.7
   Vehicle #0 = 5, leaving at = 769.0
   Vehicle #1 = -1, leaving at = inf
   Increment on distance indicator: 1.0
   Increment on tard indicator:     0.0
   Value of tmax indicator:         1.0

Task for patient = 44 with skills = {5,-1} and cost = 364.7
   Vehicle #0 = 10, leaving at = 960.0
   Vehicle #1 = -1, leaving at = inf
   Increment on distance indicator: 4.0
   Increment on tard indicator:     0.0
   Value of tmax indicator:         4.0

Task for patient = 16 with skills = {1,-1} and cost = 239.3
   Vehicle #0 = 4, leaving at = 736.0
   Vehicle #1 = -1, leaving at = inf
   Increment on distance indicator: 3.0
   Increment on tard indicator:     0.0
   Value of tmax indicator:         3.0

Task for patient = 78 with skills = {2,-1} and cost = 238.3
   Vehicle #0 = 5, leaving at = 596.0
   Vehicle #1 = -1, leaving at = inf
   Increment on distance indicator: 3.0
   Increment on tard indicator:     0.0
   Value of tmax indicator:         3.0

Task for patient = 45 with skills = {0,3} and cost = 237.3
   Vehicle #0 = 5, leaving at = 519.0
   Vehicle #1 = 15, leaving at = 523.0
   Increment on distance indicator: 110.0
   Increment on tard indicator:     0.0
   Value of tmax indicator:         110.0

Task for patient = 25 with skills = {5,-1} and cost = 200.7
   Vehicle #0 = 14, leaving at = 607.0
   Vehicle #1 = -1, leaving at = inf
   Increment on distance indicator: 10.0
   Increment on tard indicator:     0.0
   Value of tmax indicator:         10.0

Task for patient = 86 with skills = {3,-1} and cost = 197.3
   Vehicle #0 = 12, leaving at = 656.0
   Vehicle #1 = -1, leaving at = inf
   Increment on distance indicator: 6.0
   Increment on tard indicator:     0.0
   Value of tmax indicator:         6.0

Task for patient = 57 with skills = {1,-1} and cost = 195.3
   Vehicle #0 = 4, leaving at = 693.0
   Vehicle #1 = -1, leaving at = inf
   Increment on distance indicator: 36.0
   Increment on tard indicator:     0.0
   Value of tmax indicator:         36.0

Task for patient = 82 with skills = {1,-1} and cost = 183.3
   Vehicle #0 = 4, leaving at = 614.0
   Vehicle #1 = -1, leaving at = inf
   Increment on distance indicator: 3.0
   Increment on tard indicator:     0.0
   Value of tmax indicator:         3.0

Task for patient = 4 with skills = {5,-1} and cost = 182.3
   Vehicle #0 = 14, leaving at = 550.0
   Vehicle #1 = -1, leaving at = inf
   Increment on distance indicator: 32.0
   Increment on tard indicator:     0.0
   Value of tmax indicator:         32.0

Task for patient = 22 with skills = {2,3} and cost = 171.7
   Vehicle #0 = 4, leaving at = 596.0
   Vehicle #1 = 12, leaving at = 601.0
   Increment on distance indicator: 41.0
   Increment on tard indicator:     0.0
   Value of tmax indicator:         41.0

Task for patient = 99 with skills = {0,-1} and cost = 156.3
   Vehicle #0 = 1, leaving at = 711.0
   Vehicle #1 = -1, leaving at = inf
   Increment on distance indicator: 6.0
   Increment on tard indicator:     0.0
   Value of tmax indicator:         6.0

Task for patient = 30 with skills = {1,3} and cost = 154.3
   Vehicle #0 = 3, leaving at = 659.0
   Vehicle #1 = 10, leaving at = 672.0
   Increment on distance indicator: 6.0
   Increment on tard indicator:     0.0
   Value of tmax indicator:         6.0

Task for patient = 38 with skills = {1,-1} and cost = 286.3
   Vehicle #0 = 3, leaving at = 834.0
   Vehicle #1 = -1, leaving at = inf
   Increment on distance indicator: 4.0
   Increment on tard indicator:     0.0
   Value of tmax indicator:         4.0

Task for patient = 39 with skills = {1,3} and cost = 140.7
   Vehicle #0 = 3, leaving at = 626.0
   Vehicle #1 = 10, leaving at = 611.0
   Increment on distance indicator: 84.0
   Increment on tard indicator:     0.0
   Value of tmax indicator:         84.0

Task for patient = 59 with skills = {4,-1} and cost = 112.7
   Vehicle #0 = 16, leaving at = 602.0
   Vehicle #1 = -1, leaving at = inf
   Increment on distance indicator: 54.0
   Increment on tard indicator:     0.0
   Value of tmax indicator:         54.0

Task for patient = 91 with skills = {1,4} and cost = 94.7
   Vehicle #0 = 2, leaving at = 709.0
   Vehicle #1 = 11, leaving at = 692.0
   Increment on distance indicator: 29.0
   Increment on tard indicator:     0.0
   Value of tmax indicator:         29.0

Task for patient = 94 with skills = {1,-1} and cost = 85.0
   Vehicle #0 = 2, leaving at = 647.0
   Vehicle #1 = -1, leaving at = inf
   Increment on distance indicator: 14.0
   Increment on tard indicator:     0.0
   Value of tmax indicator:         14.0

Task for patient = 29 with skills = {0,-1} and cost = 80.3
   Vehicle #0 = 2, leaving at = 584.0
   Vehicle #1 = -1, leaving at = inf
   Increment on distance indicator: 41.0
   Increment on tard indicator:     0.0
   Value of tmax indicator:         41.0

Task for patient = 89 with skills = {2,4} and cost = 66.7
   Vehicle #0 = 1, leaving at = 666.0
   Vehicle #1 = 13, leaving at = 718.0
   Increment on distance indicator: 6.0
   Increment on tard indicator:     0.0
   Value of tmax indicator:         6.0

Task for patient = 10 with skills = {0,5} and cost = 64.7
   Vehicle #0 = 1, leaving at = 636.0
   Vehicle #1 = 13, leaving at = 668.0
   Increment on distance indicator: 6.0
   Increment on tard indicator:     0.0
   Value of tmax indicator:         6.0

Task for patient = 81 with skills = {0,4} and cost = 62.7
   Vehicle #0 = 0, leaving at = 666.0
   Vehicle #1 = 11, leaving at = 633.0
   Increment on distance indicator: 20.0
   Increment on tard indicator:     0.0
   Value of tmax indicator:         20.0

Task for patient = 80 with skills = {1,5} and cost = 56.0
   Vehicle #0 = 1, leaving at = 599.0
   Vehicle #1 = 13, leaving at = 614.0
   Increment on distance indicator: 19.0
   Increment on tard indicator:     0.0
   Value of tmax indicator:         19.0

Task for patient = 76 with skills = {5,-1} and cost = 49.7
   Vehicle #0 = 13, leaving at = 562.0
   Vehicle #1 = -1, leaving at = inf
   Increment on distance indicator: 7.0
   Increment on tard indicator:     0.0
   Value of tmax indicator:         7.0

Task for patient = 54 with skills = {1,4} and cost = 47.3
   Vehicle #0 = 1, leaving at = 509.0
   Vehicle #1 = 13, leaving at = 534.0
   Increment on distance indicator: 62.0
   Increment on tard indicator:     0.0
   Value of tmax indicator:         62.0

Task for patient = 97 with skills = {0,4} and cost = 26.7
   Vehicle #0 = 0, leaving at = 596.0
   Vehicle #1 = 11, leaving at = 605.0
   Increment on distance indicator: 80.0
   Increment on tard indicator:     0.0
   Value of tmax indicator:         80.0

Task for patient = 20 with skills = {1,-1} and cost = 152.3
   Vehicle #0 = 4, leaving at = 554.0
   Vehicle #1 = -1, leaving at = inf
   Increment on distance indicator: 35.0
   Increment on tard indicator:     0.0
   Value of tmax indicator:         35.0

Task for patient = 6 with skills = {4,-1} and cost = 389.7
   Vehicle #0 = 11, leaving at = 1039.0
   Vehicle #1 = -1, leaving at = inf
   Increment on distance indicator: 5.0
   Increment on tard indicator:     0.0
   Value of tmax indicator:         5.0

Task for patient = 83 with skills = {2,-1} and cost = 285.0
   Vehicle #0 = 8, leaving at = 758.0
   Vehicle #1 = -1, leaving at = inf
   Increment on distance indicator: 3.0
   Increment on tard indicator:     0.0
   Value of tmax indicator:         3.0

Task for patient = 75 with skills = {5,-1} and cost = 284.0
   Vehicle #0 = 16, leaving at = 826.0
   Vehicle #1 = -1, leaving at = inf
   Increment on distance indicator: 2.0
   Increment on tard indicator:     0.0
   Value of tmax indicator:         2.0

Task for patient = 56 with skills = {1,3} and cost = 283.3
   Vehicle #0 = 1, leaving at = 803.0
   Vehicle #1 = 13, leaving at = 841.0
   Increment on distance indicator: 8.0
   Increment on tard indicator:     0.0
   Value of tmax indicator:         8.0

Task for patient = 47 with skills = {4,-1} and cost = 280.7
   Vehicle #0 = 16, leaving at = 782.0
   Vehicle #1 = -1, leaving at = inf
   Increment on distance indicator: 3.0
   Increment on tard indicator:     0.0
   Value of tmax indicator:         3.0

Task for patient = 8 with skills = {5,-1} and cost = 279.7
   Vehicle #0 = 10, leaving at = 721.0
   Vehicle #1 = -1, leaving at = inf
   Increment on distance indicator: 3.0
   Increment on tard indicator:     0.0
   Value of tmax indicator:         3.0

Task for patient = 66 with skills = {2,3} and cost = 278.7
   Vehicle #0 = 8, leaving at = 719.0
   Vehicle #1 = 12, leaving at = 756.0
   Increment on distance indicator: 10.0
   Increment on tard indicator:     0.0
   Value of tmax indicator:         10.0

Task for patient = 37 with skills = {0,-1} and cost = 275.3
   Vehicle #0 = 1, leaving at = 756.0
   Vehicle #1 = -1, leaving at = inf
   Increment on distance indicator: 1.0
   Increment on tard indicator:     0.0
   Value of tmax indicator:         1.0

Task for patient = 3 with skills = {2,-1} and cost = 275.0
   Vehicle #0 = 8, leaving at = 655.0
   Vehicle #1 = -1, leaving at = inf
   Increment on distance indicator: 3.0
   Increment on tard indicator:     0.0
   Value of tmax indicator:         3.0

Task for patient = 67 with skills = {5,-1} and cost = 274.0
   Vehicle #0 = 13, leaving at = 781.0
   Vehicle #1 = -1, leaving at = inf
   Increment on distance indicator: 7.0
   Increment on tard indicator:     0.0
   Value of tmax indicator:         7.0

Task for patient = 71 with skills = {5,-1} and cost = 271.7
   Vehicle #0 = 13, leaving at = 747.0
   Vehicle #1 = -1, leaving at = inf
   Increment on distance indicator: 3.0
   Increment on tard indicator:     0.0
   Value of tmax indicator:         3.0

Task for patient = 15 with skills = {4,-1} and cost = 242.3
   Vehicle #0 = 11, leaving at = 748.0
   Vehicle #1 = -1, leaving at = inf
   Increment on distance indicator: 9.0
   Increment on tard indicator:     0.0
   Value of tmax indicator:         9.0

Task for patient = 21 with skills = {2,-1} and cost = 269.7
   Vehicle #0 = 4, leaving at = 838.0
   Vehicle #1 = -1, leaving at = inf
   Increment on distance indicator: 2.0
   Increment on tard indicator:     0.0
   Value of tmax indicator:         2.0

Task for patient = 62 with skills = {2,-1} and cost = 269.0
   Vehicle #0 = 0, leaving at = 718.0
   Vehicle #1 = -1, leaving at = inf
   Increment on distance indicator: 8.0
   Increment on tard indicator:     0.0
   Value of tmax indicator:         8.0

Task for patient = 12 with skills = {2,-1} and cost = 266.3
   Vehicle #0 = 5, leaving at = 732.0
   Vehicle #1 = -1, leaving at = inf
   Increment on distance indicator: 4.0
   Increment on tard indicator:     0.0
   Value of tmax indicator:         4.0

Task for patient = 90 with skills = {5,-1} and cost = 265.0
   Vehicle #0 = 16, leaving at = 760.0
   Vehicle #1 = -1, leaving at = inf
   Increment on distance indicator: 2.0
   Increment on tard indicator:     0.0
   Value of tmax indicator:         2.0

Task for patient = 7 with skills = {0,4} and cost = 264.3
   Vehicle #0 = 5, leaving at = 688.0
   Vehicle #1 = 16, leaving at = 708.0
   Increment on distance indicator: 6.0
   Increment on tard indicator:     0.0
   Value of tmax indicator:         6.0

Task for patient = 72 with skills = {1,-1} and cost = 262.3
   Vehicle #0 = 3, leaving at = 751.0
   Vehicle #1 = -1, leaving at = inf
   Increment on distance indicator: 3.0
   Increment on tard indicator:     0.0
   Value of tmax indicator:         3.0

Task for patient = 28 with skills = {0,-1} and cost = 261.3
   Vehicle #0 = 8, leaving at = 625.0
   Vehicle #1 = -1, leaving at = inf
   Increment on distance indicator: 6.0
   Increment on tard indicator:     0.0
   Value of tmax indicator:         6.0

Task for patient = 51 with skills = {3,-1} and cost = 259.3
   Vehicle #0 = 12, leaving at = 708.0
   Vehicle #1 = -1, leaving at = inf
   Increment on distance indicator: 10.0
   Increment on tard indicator:     0.0
   Value of tmax indicator:         10.0

Task for patient = 79 with skills = {0,5} and cost = 256.0
   Vehicle #0 = 5, leaving at = 645.0
   Vehicle #1 = 16, leaving at = 639.0
   Increment on distance indicator: 8.0
   Increment on tard indicator:     0.0
   Value of tmax indicator:         8.0

Task for patient = 13 with skills = {1,-1} and cost = 253.3
   Vehicle #0 = 4, leaving at = 793.0
   Vehicle #1 = -1, leaving at = inf
   Increment on distance indicator: 1.0
   Increment on tard indicator:     0.0
   Value of tmax indicator:         1.0

Task for patient = 35 with skills = {1,-1} and cost = 253.0
   Vehicle #0 = 8, leaving at = 576.0
   Vehicle #1 = -1, leaving at = inf
   Increment on distance indicator: 31.0
   Increment on tard indicator:     0.0
   Value of tmax indicator:         31.0

Task for patient = 40 with skills = {5,-1} and cost = 242.7
   Vehicle #0 = 14, leaving at = 637.0
   Vehicle #1 = -1, leaving at = inf
   Increment on distance indicator: 1.0
   Increment on tard indicator:     0.0
   Value of tmax indicator:         1.0

Task for patient = 73 with skills = {3,-1} and cost = 270.7
   Vehicle #0 = 15, leaving at = 767.0
   Vehicle #1 = -1, leaving at = inf
   Increment on distance indicator: 3.0
   Increment on tard indicator:     0.0
   Value of tmax indicator:         3.0


Unused vehicle list: 7 9 17 18 19 (total = 5 out of 20)

---
Search finished.
Total of 1900 generations in 99.3 seconds.
Exchange elite runs: 23
Implicit path relinking runs: 10
Reset attempts: 0

Best solution found:
   Cost: 582.7
   Total travel time: 1744.0
   Total tardiness time: 2.0
   Largest tardiness: 2.0


582.7
