This host is: panku
--- BRKGA-MP-IPR for HHCRSP ---
Instance: new-dataset/instances-75/HHCRSP_75_15_32_1.2_R_RC.txt
Seed: 16

Reading data... Problem contains 75 patients  and 15 caregivers.

Summary of supply x demand for each service type:
Skill 0 has supply = 6 and demand = 18, ratio = 0.333333
Skill 1 has supply = 3 and demand = 16, ratio = 0.1875
Skill 2 has supply = 4 and demand = 10, ratio = 0.4
Skill 3 has supply = 4 and demand = 22, ratio = 0.181818
Skill 4 has supply = 4 and demand = 17, ratio = 0.235294
Skill 5 has supply = 6 and demand = 16, ratio = 0.375

Reading parameters...
Inferred distance function by PR type: kendall-tau
Building BRKGA data and initializing...
Evolving 1900 generations...

  Gens  Rem    Local   ElDiv NoImpr             Best solution            Time  Op
                                       Cost     Dist    Tard    TMax 
*    0 1900  2006.00  282.85      0  2006.00  1601.00  4015.0   402.0     0.0    
*    3 1897  1803.00  207.98      0  1803.00  1622.00  3346.0   441.0     0.2    
*    5 1895  1686.33  157.46      0  1686.33  1643.00  2591.0   401.0     0.2    
*    6 1894  1545.00  140.26      0  1545.00  1716.00  2231.0   253.0     0.3    
*    7 1893  1400.00  144.31      0  1400.00  1595.00  1901.0   364.0     0.3    
*    8 1892  1286.67  138.93      0  1286.67  1545.00  1169.0   331.0     0.4    
*    9 1891  1015.00  127.67      0  1015.00  1545.00  1169.0   331.0     0.4    
*   11 1889   892.33  106.00      0   892.33  1524.00   636.0   193.0     0.5    
*   12 1888   784.33  105.50      0   784.33  1524.00   636.0   193.0     0.5    
*   14 1886   668.33   95.08      0   668.33  1549.00   268.0    58.0     0.6    
*   15 1885   625.00   84.45      0   625.00  1549.00   268.0    58.0     0.6    
*   17 1883   574.00   63.72      0   574.00  1494.00   172.0    56.0     0.7    
*   19 1881   545.00   51.44      0   545.00  1386.00   122.0    27.0     0.8    
*   20 1880   511.67   46.58      0   511.67  1386.00   122.0    27.0     0.8    
*   24 1876   509.00   31.06      0   509.00  1479.00    31.0    17.0     1.0    

  Gens  Rem    Local   ElDiv NoImpr             Best solution            Time  Op
                                       Cost     Dist    Tard    TMax 
*   26 1874   479.00   27.77      0   479.00  1418.00    14.0     5.0     1.1    
*   28 1872   470.67   21.47      0   470.67  1319.00    71.0    22.0     1.2    
*   32 1868   430.00   16.88      0   430.00  1285.00     3.0     2.0     1.3    
*   41 1859   428.67   12.87      0   428.67  1213.00    28.0    20.0     1.7    
*   42 1858   420.33   11.96      0   420.33  1213.00    28.0    20.0     1.7    
*   45 1855   412.33   11.92      0   412.33  1231.00     3.0     3.0     1.8    
    50 1850   412.33   10.62      5   412.33  1231.00     3.0     3.0     2.0    
*   56 1844   407.33    8.35      0   407.33  1222.00     0.0     0.0     2.3    
*   60 1840   404.33    7.58      0   404.33  1200.00     7.0     6.0     2.4    
*   62 1838   400.33    7.52      0   400.33  1186.00     9.0     6.0     2.5    
*   64 1836   399.00    7.97      0   399.00  1197.00     0.0     0.0     2.6    
*   68 1832   396.67    7.78      0   396.67  1178.00     8.0     4.0     2.8    
*   71 1829   395.33    7.61      0   395.33  1179.00     4.0     3.0     2.9    
*   73 1827   394.33    7.91      0   394.33  1158.00    14.0     7.0     3.0    
*   74 1826   393.00    7.84      0   393.00  1138.00    14.0     5.0     3.0    
*   75 1825   385.67    7.89      0   385.67  1138.00    14.0     5.0     3.1    

  Gens  Rem    Local   ElDiv NoImpr             Best solution            Time  Op
                                       Cost     Dist    Tard    TMax 
    80 1820   383.33    3.37      0   385.67  1138.00    14.0     5.0     3.3   X
*   81 1819   383.33    3.35      0   383.33  1150.00     0.0     0.0     3.3    
   100 1800   383.33    3.22     19   383.33  1150.00     0.0     0.0     4.1    
   150 1750   383.33    3.10     69   383.33  1150.00     0.0     0.0     6.0    
   160 1740   383.33    2.42     80   383.33  1150.00     0.0     0.0     6.4   X
*  162 1738   383.00    2.42      0   383.00  1149.00     0.0     0.0     6.5    
*  168 1732   380.67    2.36      0   380.67  1140.00     1.0     1.0     6.8    
*  170 1730   378.33    2.42      0   378.33  1135.00     0.0     0.0     6.8    
*  179 1721   377.00    2.53      0   377.00  1131.00     0.0     0.0     7.2    
Path relinking result: elite improvement.
   180 1720   374.33    2.82      0   377.00  1131.00     0.0     0.0     7.2   P
*  181 1719   374.33    2.74      0   374.33  1123.00     0.0     0.0     7.3    
*  185 1715   373.67    2.75      0   373.67  1112.00     0.0     0.0     7.5    
*  186 1714   370.67    2.74      0   370.67  1112.00     0.0     0.0     7.5    
*  188 1712   370.33    2.80      0   370.33  1111.00     0.0     0.0     7.6    
*  193 1707   369.67    1.69      0   369.67  1109.00     0.0     0.0     7.8    
*  196 1704   368.00    1.41      0   368.00  1104.00     0.0     0.0     7.9    

  Gens  Rem    Local   ElDiv NoImpr             Best solution            Time  Op
                                       Cost     Dist    Tard    TMax 
*  199 1701   365.33    1.15      0   365.33  1096.00     0.0     0.0     8.0    
   200 1700   365.33    1.11      1   365.33  1096.00     0.0     0.0     8.1    
*  207 1693   365.00    1.41      0   365.00  1095.00     0.0     0.0     8.3    
*  211 1689   364.67    1.49      0   364.67  1094.00     0.0     0.0     8.5    
*  215 1685   363.67    1.12      0   363.67  1091.00     0.0     0.0     8.7    
*  218 1682   363.33    0.77      0   363.33  1090.00     0.0     0.0     8.8    
*  225 1675   363.00    0.72      0   363.00  1089.00     0.0     0.0     9.1    
*  236 1664   362.67    0.06      0   362.67  1088.00     0.0     0.0     9.5    
*  240 1660   361.67    0.13      0   361.67  1085.00     0.0     0.0     9.7    
   240 1660   361.67    0.21      1   361.67  1085.00     0.0     0.0     9.7   X
*  247 1653   361.33    0.55      0   361.33  1084.00     0.0     0.0    10.0    
   250 1650   361.33    0.72      3   361.33  1084.00     0.0     0.0    10.1    
   300 1600   361.33    0.00     53   361.33  1084.00     0.0     0.0    12.2    
   320 1580   361.33    0.00     74   361.33  1084.00     0.0     0.0    13.0   X
   350 1550   361.33    0.00    103   361.33  1084.00     0.0     0.0    14.2    
Path relinking result: no improvement.
   360 1540   361.33    0.00    114   361.33  1084.00     0.0     0.0    14.6   P

  Gens  Rem    Local   ElDiv NoImpr             Best solution            Time  Op
                                       Cost     Dist    Tard    TMax 
   400 1500   361.33    0.00    153   361.33  1084.00     0.0     0.0    16.2    
   400 1500   361.33    0.00    154   361.33  1084.00     0.0     0.0    16.2   X
   450 1450   361.33    0.00    203   361.33  1084.00     0.0     0.0    18.2    
   480 1420   361.33    0.00    234   361.33  1084.00     0.0     0.0    19.4   X
   500 1400   361.33    0.00    253   361.33  1084.00     0.0     0.0    20.2    
Path relinking result: no improvement.
   540 1360   361.33    0.00    294   361.33  1084.00     0.0     0.0    21.8   P
   550 1350   361.33    0.00    303   361.33  1084.00     0.0     0.0    22.2    
   560 1340   361.33    0.00    314   361.33  1084.00     0.0     0.0    22.6   X
   600 1300   361.33    0.00    353   361.33  1084.00     0.0     0.0    24.2    
   640 1260   361.33    0.00    394   361.33  1084.00     0.0     0.0    25.8   X
   650 1250   361.33    0.00    403   361.33  1084.00     0.0     0.0    26.2    
   700 1200   361.33    0.00    453   361.33  1084.00     0.0     0.0    28.2    
*  704 1196   359.33    0.12      0   359.33  1078.00     0.0     0.0    28.3    
Path relinking result: no improvement.
   720 1180   359.33    0.28     17   359.33  1078.00     0.0     0.0    29.0  PX
   750 1150   359.33    0.94     46   359.33  1078.00     0.0     0.0    30.2    
   800 1100   359.33    0.00     96   359.33  1078.00     0.0     0.0    32.2    

  Gens  Rem    Local   ElDiv NoImpr             Best solution            Time  Op
                                       Cost     Dist    Tard    TMax 
   800 1100   359.33    0.00     97   359.33  1078.00     0.0     0.0    32.2   X
   850 1050   359.33    0.00    146   359.33  1078.00     0.0     0.0    34.2    
   880 1020   359.33    0.00    177   359.33  1078.00     0.0     0.0    35.4   X
   900 1000   359.33    0.00    196   359.33  1078.00     0.0     0.0    36.2    
Path relinking result: no improvement.
   900 1000   359.33    0.00    197   359.33  1078.00     0.0     0.0    36.2   P
   950  950   359.33    0.00    246   359.33  1078.00     0.0     0.0    38.2    
   960  940   359.33    0.00    257   359.33  1078.00     0.0     0.0    38.6   X
  1000  900   359.33    0.00    296   359.33  1078.00     0.0     0.0    40.2    
  1040  860   359.33    0.00    337   359.33  1078.00     0.0     0.0    41.8   X
  1050  850   359.33    0.00    346   359.33  1078.00     0.0     0.0    42.2    
Path relinking result: no improvement.
  1080  820   359.33    0.00    377   359.33  1078.00     0.0     0.0    43.4   P
  1100  800   359.33    0.00    396   359.33  1078.00     0.0     0.0    44.2    
  1120  780   359.33    0.00    417   359.33  1078.00     0.0     0.0    45.0   X
  1150  750   359.33    0.00    446   359.33  1078.00     0.0     0.0    46.2    
  1200  700   359.33    0.00    496   359.33  1078.00     0.0     0.0    48.2    
  1200  700   359.33    0.00    497   359.33  1078.00     0.0     0.0    48.2   X

  Gens  Rem    Local   ElDiv NoImpr             Best solution            Time  Op
                                       Cost     Dist    Tard    TMax 
  1250  650   359.33    0.00    546   359.33  1078.00     0.0     0.0    50.2    
Path relinking result: no improvement.
  1260  640   359.33    0.00    557   359.33  1078.00     0.0     0.0    50.6   P
  1280  620   359.33    0.00    577   359.33  1078.00     0.0     0.0    51.4   X
  1300  600   359.33    0.00    596   359.33  1078.00     0.0     0.0    52.2    
  1350  550   359.33    0.00    646   359.33  1078.00     0.0     0.0    54.2    
  1360  540   359.33    0.00    657   359.33  1078.00     0.0     0.0    54.6   X
  1400  500   359.33    0.00    696   359.33  1078.00     0.0     0.0    56.2    
  1403  497      inf  286.47      0   359.33  1078.00     0.0     0.0    56.3   R
  1404  496  2378.33  266.82      0   359.33  1078.00     0.0     0.0    56.4    
Path relinking result: elite improvement.
  1440  460   448.00    8.09      0   359.33  1078.00     0.0     0.0    57.8  PX
  1450  450   432.00    6.58      3   359.33  1078.00     0.0     0.0    58.2    
  1500  400   379.33    5.84      5   359.33  1078.00     0.0     0.0    60.3    
  1520  380   372.00    2.39     11   359.33  1078.00     0.0     0.0    61.1   X
  1550  350   365.67    4.01      2   359.33  1078.00     0.0     0.0    62.3    
  1600  300   360.00    1.15      3   359.33  1078.00     0.0     0.0    64.3    
  1600  300   360.00    0.23      4   359.33  1078.00     0.0     0.0    64.3   X
Path relinking result: elite improvement.

  Gens  Rem    Local   ElDiv NoImpr             Best solution            Time  Op
                                       Cost     Dist    Tard    TMax 
  1620  280   360.00    0.23     24   359.33  1078.00     0.0     0.0    65.1   P
  1650  250   359.67    0.32     28   359.33  1078.00     0.0     0.0    66.3    
* 1674  226   359.00    0.57      0   359.00  1070.00     4.0     3.0    67.2    
  1680  220   359.00    0.24      7   359.00  1070.00     4.0     3.0    67.4   X
* 1691  209   358.67    0.03      0   358.67  1069.00     4.0     3.0    67.9    
  1700  200   358.67    0.16      9   358.67  1069.00     4.0     3.0    68.2    
  1750  150   358.67    0.16     59   358.67  1069.00     4.0     3.0    70.2    
  1760  140   358.67    0.00     70   358.67  1069.00     4.0     3.0    70.6   X
  1800  100   358.67    0.00    109   358.67  1069.00     4.0     3.0    72.2    
Path relinking result: no improvement.
  1800  100   358.67    0.00    110   358.67  1069.00     4.0     3.0    72.2   P
  1840   60   358.67    0.00    150   358.67  1069.00     4.0     3.0    73.8   X
  1850   50   358.67    0.00    159   358.67  1069.00     4.0     3.0    74.2    
  1900    0   358.67    0.00    209   358.67  1069.00     4.0     3.0    76.2    
Evolutionary process finished.
Solution written to 'solution-32196.txt'.

Sorted sequence of worst to best tardiness value:
Task for patient = 51 with skills = {2,-1} and cost = 238.7
   Vehicle #0 = 1, leaving at = 848.0
   Vehicle #1 = -1, leaving at = inf
   Increment on distance indicator: 21.0
   Increment on tard indicator:     3.0
   Value of tmax indicator:         21.0

Task for patient = 65 with skills = {1,-1} and cost = 204.3
   Vehicle #0 = 0, leaving at = 997.0
   Vehicle #1 = -1, leaving at = inf
   Increment on distance indicator: 7.0
   Increment on tard indicator:     1.0
   Value of tmax indicator:         7.0

Task for patient = 68 with skills = {4,-1} and cost = 212.0
   Vehicle #0 = 13, leaving at = 932.0
   Vehicle #1 = -1, leaving at = inf
   Increment on distance indicator: 7.0
   Increment on tard indicator:     0.0
   Value of tmax indicator:         7.0

Task for patient = 66 with skills = {1,5} and cost = 209.7
   Vehicle #0 = 5, leaving at = 902.0
   Vehicle #1 = 14, leaving at = 930.0
   Increment on distance indicator: 16.0
   Increment on tard indicator:     0.0
   Value of tmax indicator:         16.0

Task for patient = 28 with skills = {0,-1} and cost = 201.3
   Vehicle #0 = 2, leaving at = 807.0
   Vehicle #1 = -1, leaving at = inf
   Increment on distance indicator: 8.0
   Increment on tard indicator:     0.0
   Value of tmax indicator:         8.0

Task for patient = 31 with skills = {5,-1} and cost = 198.7
   Vehicle #0 = 14, leaving at = 889.0
   Vehicle #1 = -1, leaving at = inf
   Increment on distance indicator: 3.0
   Increment on tard indicator:     0.0
   Value of tmax indicator:         3.0

Task for patient = 3 with skills = {2,4} and cost = 197.7
   Vehicle #0 = 0, leaving at = 935.0
   Vehicle #1 = 7, leaving at = 933.0
   Increment on distance indicator: 15.0
   Increment on tard indicator:     0.0
   Value of tmax indicator:         15.0

Task for patient = 36 with skills = {1,-1} and cost = 192.7
   Vehicle #0 = 0, leaving at = 879.0
   Vehicle #1 = -1, leaving at = inf
   Increment on distance indicator: 8.0
   Increment on tard indicator:     0.0
   Value of tmax indicator:         8.0

Task for patient = 4 with skills = {2,5} and cost = 303.7
   Vehicle #0 = 4, leaving at = 1060.0
   Vehicle #1 = 12, leaving at = 1090.0
   Increment on distance indicator: 23.0
   Increment on tard indicator:     0.0
   Value of tmax indicator:         23.0

Task for patient = 44 with skills = {3,-1} and cost = 185.7
   Vehicle #0 = 10, leaving at = 959.0
   Vehicle #1 = -1, leaving at = inf
   Increment on distance indicator: 10.0
   Increment on tard indicator:     0.0
   Value of tmax indicator:         10.0

Task for patient = 27 with skills = {3,-1} and cost = 182.3
   Vehicle #0 = 10, leaving at = 921.0
   Vehicle #1 = -1, leaving at = inf
   Increment on distance indicator: 10.0
   Increment on tard indicator:     0.0
   Value of tmax indicator:         10.0

Task for patient = 18 with skills = {0,-1} and cost = 179.0
   Vehicle #0 = 6, leaving at = 776.0
   Vehicle #1 = -1, leaving at = inf
   Increment on distance indicator: 7.0
   Increment on tard indicator:     0.0
   Value of tmax indicator:         7.0

Task for patient = 42 with skills = {3,-1} and cost = 176.7
   Vehicle #0 = 10, leaving at = 849.0
   Vehicle #1 = -1, leaving at = inf
   Increment on distance indicator: 8.0
   Increment on tard indicator:     0.0
   Value of tmax indicator:         8.0

Task for patient = 48 with skills = {4,-1} and cost = 174.0
   Vehicle #0 = 9, leaving at = 855.0
   Vehicle #1 = -1, leaving at = inf
   Increment on distance indicator: 6.0
   Increment on tard indicator:     0.0
   Value of tmax indicator:         6.0

Task for patient = 13 with skills = {0,-1} and cost = 172.0
   Vehicle #0 = 2, leaving at = 774.0
   Vehicle #1 = -1, leaving at = inf
   Increment on distance indicator: 6.0
   Increment on tard indicator:     0.0
   Value of tmax indicator:         6.0

Task for patient = 60 with skills = {0,4} and cost = 170.0
   Vehicle #0 = 3, leaving at = 833.0
   Vehicle #1 = 11, leaving at = 812.0
   Increment on distance indicator: 7.0
   Increment on tard indicator:     0.0
   Value of tmax indicator:         7.0

Task for patient = 37 with skills = {2,-1} and cost = 167.7
   Vehicle #0 = 0, leaving at = 846.0
   Vehicle #1 = -1, leaving at = inf
   Increment on distance indicator: 18.0
   Increment on tard indicator:     0.0
   Value of tmax indicator:         18.0

Task for patient = 32 with skills = {2,5} and cost = 161.7
   Vehicle #0 = 3, leaving at = 789.0
   Vehicle #1 = 14, leaving at = 838.0
   Increment on distance indicator: 12.0
   Increment on tard indicator:     0.0
   Value of tmax indicator:         12.0

Task for patient = 47 with skills = {4,-1} and cost = 190.0
   Vehicle #0 = 7, leaving at = 894.0
   Vehicle #1 = -1, leaving at = inf
   Increment on distance indicator: 13.0
   Increment on tard indicator:     0.0
   Value of tmax indicator:         13.0

Task for patient = 67 with skills = {1,3} and cost = 296.0
   Vehicle #0 = 0, leaving at = 1078.0
   Vehicle #1 = 10, leaving at = 1069.0
   Increment on distance indicator: 28.0
   Increment on tard indicator:     0.0
   Value of tmax indicator:         28.0

Task for patient = 15 with skills = {0,-1} and cost = 286.7
   Vehicle #0 = 1, leaving at = 1066.0
   Vehicle #1 = -1, leaving at = inf
   Increment on distance indicator: 3.0
   Increment on tard indicator:     0.0
   Value of tmax indicator:         3.0

Task for patient = 59 with skills = {0,5} and cost = 285.7
   Vehicle #0 = 1, leaving at = 1029.0
   Vehicle #1 = 12, leaving at = 1026.0
   Increment on distance indicator: 4.0
   Increment on tard indicator:     0.0
   Value of tmax indicator:         4.0

Task for patient = 35 with skills = {0,5} and cost = 284.3
   Vehicle #0 = 1, leaving at = 958.0
   Vehicle #1 = 12, leaving at = 976.0
   Increment on distance indicator: 24.0
   Increment on tard indicator:     0.0
   Value of tmax indicator:         24.0

Task for patient = 11 with skills = {0,3} and cost = 276.3
   Vehicle #0 = 6, leaving at = 1073.0
   Vehicle #1 = 8, leaving at = 1092.0
   Increment on distance indicator: 12.0
   Increment on tard indicator:     0.0
   Value of tmax indicator:         12.0

Task for patient = 19 with skills = {0,-1} and cost = 272.3
   Vehicle #0 = 6, leaving at = 1033.0
   Vehicle #1 = -1, leaving at = inf
   Increment on distance indicator: 8.0
   Increment on tard indicator:     0.0
   Value of tmax indicator:         8.0

Task for patient = 74 with skills = {1,4} and cost = 269.7
   Vehicle #0 = 5, leaving at = 1042.0
   Vehicle #1 = 9, leaving at = 1013.0
   Increment on distance indicator: 14.0
   Increment on tard indicator:     0.0
   Value of tmax indicator:         14.0

Task for patient = 62 with skills = {4,-1} and cost = 265.0
   Vehicle #0 = 13, leaving at = 1024.0
   Vehicle #1 = -1, leaving at = inf
   Increment on distance indicator: 9.0
   Increment on tard indicator:     0.0
   Value of tmax indicator:         9.0

Task for patient = 24 with skills = {3,-1} and cost = 214.3
   Vehicle #0 = 7, leaving at = 977.0
   Vehicle #1 = -1, leaving at = inf
   Increment on distance indicator: 7.0
   Increment on tard indicator:     0.0
   Value of tmax indicator:         7.0

Task for patient = 73 with skills = {1,3} and cost = 259.7
   Vehicle #0 = 6, leaving at = 1004.0
   Vehicle #1 = 8, leaving at = 1009.0
   Increment on distance indicator: 42.0
   Increment on tard indicator:     0.0
   Value of tmax indicator:         42.0

Task for patient = 5 with skills = {1,3} and cost = 245.7
   Vehicle #0 = 5, leaving at = 976.0
   Vehicle #1 = 9, leaving at = 984.0
   Increment on distance indicator: 16.0
   Increment on tard indicator:     0.0
   Value of tmax indicator:         16.0

Task for patient = 34 with skills = {3,-1} and cost = 240.3
   Vehicle #0 = 10, leaving at = 1010.0
   Vehicle #1 = -1, leaving at = inf
   Increment on distance indicator: 5.0
   Increment on tard indicator:     0.0
   Value of tmax indicator:         5.0

Task for patient = 6 with skills = {2,-1} and cost = 230.0
   Vehicle #0 = 4, leaving at = 943.0
   Vehicle #1 = -1, leaving at = inf
   Increment on distance indicator: 4.0
   Increment on tard indicator:     0.0
   Value of tmax indicator:         4.0

Task for patient = 57 with skills = {3,-1} and cost = 228.7
   Vehicle #0 = 8, leaving at = 933.0
   Vehicle #1 = -1, leaving at = inf
   Increment on distance indicator: 2.0
   Increment on tard indicator:     0.0
   Value of tmax indicator:         2.0

Task for patient = 23 with skills = {0,3} and cost = 228.0
   Vehicle #0 = 3, leaving at = 921.0
   Vehicle #1 = 9, leaving at = 930.0
   Increment on distance indicator: 28.0
   Increment on tard indicator:     0.0
   Value of tmax indicator:         28.0

Task for patient = 63 with skills = {0,5} and cost = 218.7
   Vehicle #0 = 0, leaving at = 1031.0
   Vehicle #1 = 7, leaving at = 1055.0
   Increment on distance indicator: 6.0
   Increment on tard indicator:     0.0
   Value of tmax indicator:         6.0

Task for patient = 9 with skills = {3,-1} and cost = 216.7
   Vehicle #0 = 7, leaving at = 1018.0
   Vehicle #1 = -1, leaving at = inf
   Increment on distance indicator: 7.0
   Increment on tard indicator:     0.0
   Value of tmax indicator:         7.0

Task for patient = 10 with skills = {4,-1} and cost = 262.0
   Vehicle #0 = 13, leaving at = 976.0
   Vehicle #1 = -1, leaving at = inf
   Increment on distance indicator: 7.0
   Increment on tard indicator:     0.0
   Value of tmax indicator:         7.0

Task for patient = 55 with skills = {5,-1} and cost = 89.7
   Vehicle #0 = 13, leaving at = 583.0
   Vehicle #1 = -1, leaving at = inf
   Increment on distance indicator: 13.0
   Increment on tard indicator:     0.0
   Value of tmax indicator:         13.0

Task for patient = 20 with skills = {2,3} and cost = 85.3
   Vehicle #0 = 0, leaving at = 694.0
   Vehicle #1 = 10, leaving at = 695.0
   Increment on distance indicator: 28.0
   Increment on tard indicator:     0.0
   Value of tmax indicator:         28.0

Task for patient = 61 with skills = {0,-1} and cost = 76.0
   Vehicle #0 = 2, leaving at = 720.0
   Vehicle #1 = -1, leaving at = inf
   Increment on distance indicator: 0.0
   Increment on tard indicator:     0.0
   Value of tmax indicator:         0.0

Task for patient = 53 with skills = {0,-1} and cost = 76.0
   Vehicle #0 = 5, leaving at = 606.0
   Vehicle #1 = -1, leaving at = inf
   Increment on distance indicator: 3.0
   Increment on tard indicator:     0.0
   Value of tmax indicator:         3.0

Task for patient = 12 with skills = {3,-1} and cost = 75.0
   Vehicle #0 = 10, leaving at = 626.0
   Vehicle #1 = -1, leaving at = inf
   Increment on distance indicator: 11.0
   Increment on tard indicator:     0.0
   Value of tmax indicator:         11.0

Task for patient = 17 with skills = {5,-1} and cost = 71.3
   Vehicle #0 = 12, leaving at = 655.0
   Vehicle #1 = -1, leaving at = inf
   Increment on distance indicator: 10.0
   Increment on tard indicator:     0.0
   Value of tmax indicator:         10.0

Task for patient = 58 with skills = {3,-1} and cost = 68.0
   Vehicle #0 = 10, leaving at = 592.0
   Vehicle #1 = -1, leaving at = inf
   Increment on distance indicator: 9.0
   Increment on tard indicator:     0.0
   Value of tmax indicator:         9.0

Task for patient = 56 with skills = {3,-1} and cost = 65.0
   Vehicle #0 = 7, leaving at = 699.0
   Vehicle #1 = -1, leaving at = inf
   Increment on distance indicator: 6.0
   Increment on tard indicator:     0.0
   Value of tmax indicator:         6.0

Task for patient = 40 with skills = {5,-1} and cost = 157.7
   Vehicle #0 = 14, leaving at = 789.0
   Vehicle #1 = -1, leaving at = inf
   Increment on distance indicator: 10.0
   Increment on tard indicator:     0.0
   Value of tmax indicator:         10.0

Task for patient = 75 with skills = {3,-1} and cost = 61.3
   Vehicle #0 = 8, leaving at = 620.0
   Vehicle #1 = -1, leaving at = inf
   Increment on distance indicator: 11.0
   Increment on tard indicator:     0.0
   Value of tmax indicator:         11.0

Task for patient = 29 with skills = {0,-1} and cost = 57.7
   Vehicle #0 = 6, leaving at = 633.0
   Vehicle #1 = -1, leaving at = inf
   Increment on distance indicator: 4.0
   Increment on tard indicator:     0.0
   Value of tmax indicator:         4.0

Task for patient = 45 with skills = {1,-1} and cost = 56.3
   Vehicle #0 = 6, leaving at = 590.0
   Vehicle #1 = -1, leaving at = inf
   Increment on distance indicator: 6.0
   Increment on tard indicator:     0.0
   Value of tmax indicator:         6.0

Task for patient = 8 with skills = {1,4} and cost = 54.3
   Vehicle #0 = 5, leaving at = 577.0
   Vehicle #1 = 11, leaving at = 554.0
   Increment on distance indicator: 14.0
   Increment on tard indicator:     0.0
   Value of tmax indicator:         14.0

Task for patient = 54 with skills = {2,5} and cost = 49.7
   Vehicle #0 = 1, leaving at = 541.0
   Vehicle #1 = 8, leaving at = 557.0
   Increment on distance indicator: 48.0
   Increment on tard indicator:     0.0
   Value of tmax indicator:         48.0

Task for patient = 38 with skills = {4,-1} and cost = 33.7
   Vehicle #0 = 9, leaving at = 604.0
   Vehicle #1 = -1, leaving at = inf
   Increment on distance indicator: 15.0
   Increment on tard indicator:     0.0
   Value of tmax indicator:         15.0

Task for patient = 41 with skills = {1,4} and cost = 28.7
   Vehicle #0 = 0, leaving at = 603.0
   Vehicle #1 = 7, leaving at = 630.0
   Increment on distance indicator: 38.0
   Increment on tard indicator:     0.0
   Value of tmax indicator:         38.0

Task for patient = 70 with skills = {1,-1} and cost = 16.0
   Vehicle #0 = 0, leaving at = 529.0
   Vehicle #1 = -1, leaving at = inf
   Increment on distance indicator: 23.0
   Increment on tard indicator:     0.0
   Value of tmax indicator:         23.0

Task for patient = 2 with skills = {4,-1} and cost = 8.3
   Vehicle #0 = 7, leaving at = 565.0
   Vehicle #1 = -1, leaving at = inf
   Increment on distance indicator: 25.0
   Increment on tard indicator:     0.0
   Value of tmax indicator:         25.0

Task for patient = 25 with skills = {5,-1} and cost = 63.0
   Vehicle #0 = 7, leaving at = 665.0
   Vehicle #1 = -1, leaving at = inf
   Increment on distance indicator: 5.0
   Increment on tard indicator:     0.0
   Value of tmax indicator:         5.0

Task for patient = 26 with skills = {4,-1} and cost = 154.3
   Vehicle #0 = 7, leaving at = 844.0
   Vehicle #1 = -1, leaving at = inf
   Increment on distance indicator: 15.0
   Increment on tard indicator:     0.0
   Value of tmax indicator:         15.0

Task for patient = 33 with skills = {0,3} and cost = 149.3
   Vehicle #0 = 1, leaving at = 803.0
   Vehicle #1 = 9, leaving at = 803.0
   Increment on distance indicator: 25.0
   Increment on tard indicator:     0.0
   Value of tmax indicator:         25.0

Task for patient = 52 with skills = {0,-1} and cost = 141.0
   Vehicle #0 = 5, leaving at = 741.0
   Vehicle #1 = -1, leaving at = inf
   Increment on distance indicator: 12.0
   Increment on tard indicator:     0.0
   Value of tmax indicator:         12.0

Task for patient = 50 with skills = {3,-1} and cost = 137.0
   Vehicle #0 = 10, leaving at = 817.0
   Vehicle #1 = -1, leaving at = inf
   Increment on distance indicator: 2.0
   Increment on tard indicator:     0.0
   Value of tmax indicator:         2.0

Task for patient = 71 with skills = {5,-1} and cost = 136.3
   Vehicle #0 = 7, leaving at = 781.0
   Vehicle #1 = -1, leaving at = inf
   Increment on distance indicator: 7.0
   Increment on tard indicator:     0.0
   Value of tmax indicator:         7.0

Task for patient = 69 with skills = {4,-1} and cost = 134.0
   Vehicle #0 = 13, leaving at = 810.0
   Vehicle #1 = -1, leaving at = inf
   Increment on distance indicator: 8.0
   Increment on tard indicator:     0.0
   Value of tmax indicator:         8.0

Task for patient = 43 with skills = {1,4} and cost = 131.3
   Vehicle #0 = 6, leaving at = 746.0
   Vehicle #1 = 13, leaving at = 761.0
   Increment on distance indicator: 3.0
   Increment on tard indicator:     0.0
   Value of tmax indicator:         3.0

Task for patient = 39 with skills = {1,-1} and cost = 130.3
   Vehicle #0 = 0, leaving at = 783.0
   Vehicle #1 = -1, leaving at = inf
   Increment on distance indicator: 7.0
   Increment on tard indicator:     0.0
   Value of tmax indicator:         7.0

Task for patient = 22 with skills = {5,-1} and cost = 91.0
   Vehicle #0 = 13, leaving at = 617.0
   Vehicle #1 = -1, leaving at = inf
   Increment on distance indicator: 4.0
   Increment on tard indicator:     0.0
   Value of tmax indicator:         4.0

Task for patient = 14 with skills = {1,-1} and cost = 124.7
   Vehicle #0 = 0, leaving at = 725.0
   Vehicle #1 = -1, leaving at = inf
   Increment on distance indicator: 2.0
   Increment on tard indicator:     0.0
   Value of tmax indicator:         2.0

Task for patient = 72 with skills = {1,-1} and cost = 124.0
   Vehicle #0 = 6, leaving at = 722.0
   Vehicle #1 = -1, leaving at = inf
   Increment on distance indicator: 2.0
   Increment on tard indicator:     0.0
   Value of tmax indicator:         2.0

Task for patient = 1 with skills = {0,4} and cost = 123.3
   Vehicle #0 = 6, leaving at = 686.0
   Vehicle #1 = 13, leaving at = 706.0
   Increment on distance indicator: 15.0
   Increment on tard indicator:     0.0
   Value of tmax indicator:         15.0

Task for patient = 21 with skills = {4,-1} and cost = 118.3
   Vehicle #0 = 13, leaving at = 655.0
   Vehicle #1 = -1, leaving at = inf
   Increment on distance indicator: 12.0
   Increment on tard indicator:     0.0
   Value of tmax indicator:         12.0

Task for patient = 49 with skills = {2,5} and cost = 114.3
   Vehicle #0 = 3, leaving at = 710.0
   Vehicle #1 = 14, leaving at = 733.0
   Increment on distance indicator: 10.0
   Increment on tard indicator:     0.0
   Value of tmax indicator:         10.0

Task for patient = 30 with skills = {3,-1} and cost = 111.0
   Vehicle #0 = 7, leaving at = 755.0
   Vehicle #1 = -1, leaving at = inf
   Increment on distance indicator: 3.0
   Increment on tard indicator:     0.0
   Value of tmax indicator:         3.0

Task for patient = 16 with skills = {2,5} and cost = 110.0
   Vehicle #0 = 1, leaving at = 722.0
   Vehicle #1 = 8, leaving at = 738.0
   Increment on distance indicator: 23.0
   Increment on tard indicator:     0.0
   Value of tmax indicator:         23.0

Task for patient = 64 with skills = {0,-1} and cost = 102.3
   Vehicle #0 = 3, leaving at = 607.0
   Vehicle #1 = -1, leaving at = inf
   Increment on distance indicator: 8.0
   Increment on tard indicator:     0.0
   Value of tmax indicator:         8.0

Task for patient = 46 with skills = {1,3} and cost = 99.7
   Vehicle #0 = 5, leaving at = 693.0
   Vehicle #1 = 9, leaving at = 654.0
   Increment on distance indicator: 26.0
   Increment on tard indicator:     0.0
   Value of tmax indicator:         26.0

Task for patient = 7 with skills = {3,-1} and cost = 128.0
   Vehicle #0 = 10, leaving at = 757.0
   Vehicle #1 = -1, leaving at = inf
   Increment on distance indicator: 10.0
   Increment on tard indicator:     0.0
   Value of tmax indicator:         10.0


Unused vehicle list: (total = 0 out of 15)

---
Search finished.
Total of 1900 generations in 76.2 seconds.
Exchange elite runs: 23
Implicit path relinking runs: 10
Reset attempts: 1

Best solution found:
   Cost: 358.7
   Total travel time: 1069.0
   Total tardiness time: 4.0
   Largest tardiness: 3.0


358.7
