This host is: ifrit
--- BRKGA-MP-IPR for HHCRSP ---
Instance: /home/alberto/work/hhcrsp-dataset-2021/dataset2/HHCRSP_100_20_19_1.0_R_C.txt
Seed: 7

Reading data... Problem contains 100 patients  and 20 caregivers.

Summary of supply x demand for each service type:
Skill 0 has supply = 8 and demand = 24, ratio = 0.333333
Skill 1 has supply = 7 and demand = 29, ratio = 0.241379
Skill 2 has supply = 4 and demand = 7, ratio = 0.571429
Skill 3 has supply = 8 and demand = 28, ratio = 0.285714
Skill 4 has supply = 6 and demand = 21, ratio = 0.285714
Skill 5 has supply = 6 and demand = 21, ratio = 0.285714

Reading parameters...
Inferred distance function by PR type: kendall-tau
Building BRKGA data and initializing...
Evolving 1900 generations...

  Gens  Rem    Local   ElDiv NoImpr             Best solution            Time  Op
                                       Cost     Dist    Tard    TMax 
*    0 1900  1188.00  232.10      0  1188.00  2062.00  1277.0   225.0     0.1    
*    5 1895  1128.00  127.05      0  1128.00  2087.00   826.0   180.0     0.6    
*    6 1894  1031.00  122.52      0  1031.00  2008.00   673.0   141.0     0.7    
*    7 1893   940.67  125.47      0   940.67  1998.00   274.0   108.0     0.8    
*    8 1892   793.33  117.16      0   793.33  1998.00   274.0   108.0     0.9    
*   11 1889   757.00   85.82      0   757.00  2060.00   180.0    31.0     1.3    
*   14 1886   725.33   55.58      0   725.33  1961.00    59.0    20.0     1.6    
*   15 1885   680.00   51.97      0   680.00  1911.00    58.0    22.0     1.7    
*   16 1884   663.67   47.29      0   663.67  1911.00    58.0    22.0     1.8    
*   20 1880   629.00   35.26      0   629.00  1819.00    50.0    18.0     2.2    
*   23 1877   610.67   24.73      0   610.67  1782.00    28.0    22.0     2.5    
*   28 1872   603.33   17.63      0   603.33  1708.00    73.0    24.0     3.0    
*   29 1871   601.67   17.18      0   601.67  1708.00    73.0    24.0     3.1    
*   32 1868   600.67   14.74      0   600.67  1782.00    10.0    10.0     3.5    
*   34 1866   596.67   12.81      0   596.67  1769.00     8.0     3.0     3.7    

  Gens  Rem    Local   ElDiv NoImpr             Best solution            Time  Op
                                       Cost     Dist    Tard    TMax 
*   35 1865   593.33   11.99      0   593.33  1769.00     8.0     3.0     3.8    
*   38 1862   585.33   11.54      0   585.33  1708.00    20.0    18.0     4.1    
*   39 1861   582.00   11.03      0   582.00  1708.00    20.0    18.0     4.2    
*   41 1859   572.00   11.64      0   572.00  1658.00    44.0    14.0     4.4    
*   44 1856   569.67   10.95      0   569.67  1661.00    30.0    18.0     4.7    
*   47 1853   560.33   10.48      0   560.33  1544.00    91.0    32.0     5.0    
*   48 1852   555.67   10.08      0   555.67  1544.00    91.0    32.0     5.1    
*   50 1850   550.00    9.79      0   550.00  1638.00     6.0     6.0     5.3    
*   54 1846   548.67   10.06      0   548.67  1624.00    13.0     9.0     5.8    
*   56 1844   532.00   10.88      0   532.00  1552.00     0.0     0.0     6.0    
*   57 1843   517.33   10.69      0   517.33  1552.00     0.0     0.0     6.1    
*   70 1830   517.00    9.05      0   517.00  1549.00     1.0     1.0     7.4    
*   75 1825   500.67    8.96      0   500.67  1472.00    20.0    10.0     8.0    
    80 1820   500.67    6.97      6   500.67  1472.00    20.0    10.0     8.5   X
   100 1800   500.67    6.06     25   500.67  1472.00    20.0    10.0    10.6    
*  128 1772   498.67    5.31      0   498.67  1420.00    55.0    21.0    13.5    

  Gens  Rem    Local   ElDiv NoImpr             Best solution            Time  Op
                                       Cost     Dist    Tard    TMax 
*  133 1767   496.00    5.48      0   496.00  1471.00    10.0     7.0    14.0    
*  141 1759   493.00    5.79      0   493.00  1479.00     0.0     0.0    14.8    
   150 1750   493.00    5.68      9   493.00  1479.00     0.0     0.0    15.8    
*  154 1746   491.33    5.79      0   491.33  1474.00     0.0     0.0    16.2    
   160 1740   491.33    5.78      7   491.33  1474.00     0.0     0.0    16.8   X
*  164 1736   481.00    6.01      0   481.00  1433.00     7.0     3.0    17.2    
*  178 1722   477.33    6.18      0   477.33  1421.00     8.0     3.0    18.7    
Path relinking result: elite improvement.
   180 1720   477.33    6.36      3   477.33  1421.00     8.0     3.0    18.9   P
   200 1700   477.33    5.86     22   477.33  1421.00     8.0     3.0    21.0    
*  203 1697   473.33    5.94      0   473.33  1410.00     6.0     4.0    21.3    
*  216 1684   464.00    5.96      0   464.00  1392.00     0.0     0.0    22.7    
   240 1660   464.00    4.88     25   464.00  1392.00     0.0     0.0    25.2   X
   250 1650   464.00    4.90     34   464.00  1392.00     0.0     0.0    26.2    
*  256 1644   463.33    5.31      0   463.33  1368.00    12.0    10.0    26.8    
*  260 1640   459.00    5.32      0   459.00  1350.00    17.0    10.0    27.2    
*  267 1633   453.00    5.52      0   453.00  1335.00    16.0     8.0    28.0    

  Gens  Rem    Local   ElDiv NoImpr             Best solution            Time  Op
                                       Cost     Dist    Tard    TMax 
*  292 1608   448.67    5.50      0   448.67  1312.00    20.0    14.0    30.6    
   300 1600   448.67    5.13      8   448.67  1312.00    20.0    14.0    31.4    
   320 1580   447.33    3.54      0   448.67  1312.00    20.0    14.0    33.5   X
*  321 1579   447.33    3.53      0   447.33  1312.00    16.0    14.0    33.6    
*  338 1562   445.00    3.56      0   445.00  1318.00    10.0     7.0    35.3    
   350 1550   445.00    3.85     12   445.00  1318.00    10.0     7.0    36.6    
Path relinking result: elite improvement.
   360 1540   445.00    4.09     23   445.00  1318.00    10.0     7.0    37.6   P
*  372 1528   443.67    4.43      0   443.67  1313.00     6.0     4.0    38.9    
*  373 1527   441.00    4.40      0   441.00  1313.00     6.0     4.0    39.0    
*  380 1520   440.33    4.67      0   440.33  1319.00     1.0     1.0    39.7    
*  386 1514   439.33    4.71      0   439.33  1305.00     9.0     4.0    40.3    
*  393 1507   438.67    5.10      0   438.67  1312.00     2.0     1.0    41.1    
*  394 1506   438.33    5.11      0   438.33  1312.00     2.0     1.0    41.2    
   400 1500   438.33    5.18      6   438.33  1312.00     2.0     1.0    41.8    
   400 1500   438.33    4.50      7   438.33  1312.00     2.0     1.0    41.8   X
*  402 1498   437.33    4.48      0   437.33  1312.00     0.0     0.0    42.0    

  Gens  Rem    Local   ElDiv NoImpr             Best solution            Time  Op
                                       Cost     Dist    Tard    TMax 
*  412 1488   431.67    4.44      0   431.67  1295.00     0.0     0.0    43.0    
*  429 1471   431.33    4.27      0   431.33  1290.00     2.0     2.0    44.8    
   450 1450   431.33    4.02     21   431.33  1290.00     2.0     2.0    47.0    
*  454 1446   428.33    4.09      0   428.33  1285.00     0.0     0.0    47.4    
   480 1420   428.33    2.26     27   428.33  1285.00     0.0     0.0    50.1   X
*  483 1417   427.67    2.25      0   427.67  1281.00     1.0     1.0    50.4    
*  487 1413   427.33    2.24      0   427.33  1282.00     0.0     0.0    50.8    
*  494 1406   427.00    2.36      0   427.00  1281.00     0.0     0.0    51.5    
*  496 1404   425.33    2.37      0   425.33  1276.00     0.0     0.0    51.7    
*  498 1402   424.33    2.55      0   424.33  1263.00     0.0     0.0    51.9    
*  499 1401   421.00    2.55      0   421.00  1263.00     0.0     0.0    52.0    
   500 1400   421.00    2.55      1   421.00  1263.00     0.0     0.0    52.1    
*  532 1368   420.67    2.19      0   420.67  1262.00     0.0     0.0    55.5    
*  534 1366   419.67    2.19      0   419.67  1257.00     1.0     1.0    55.7    
*  539 1361   418.67    2.44      0   418.67  1252.00     0.0     0.0    56.2    
*  540 1360   417.33    2.61      0   417.33  1248.00     0.0     0.0    56.3    
Path relinking result: elite improvement.

  Gens  Rem    Local   ElDiv NoImpr             Best solution            Time  Op
                                       Cost     Dist    Tard    TMax 
   540 1360   416.00    2.62      0   417.33  1248.00     0.0     0.0    56.3   P
*  541 1359   416.00    2.77      0   416.00  1247.00     0.0     0.0    56.4    
*  542 1358   415.67    2.81      0   415.67  1247.00     0.0     0.0    56.5    
*  545 1355   414.67    3.03      0   414.67  1244.00     0.0     0.0    56.8    
   550 1350   414.67    3.25      5   414.67  1244.00     0.0     0.0    57.3    
*  552 1348   414.00    3.37      0   414.00  1240.00     0.0     0.0    57.5    
*  553 1347   413.33    3.41      0   413.33  1240.00     0.0     0.0    57.6    
*  555 1345   413.00    3.57      0   413.00  1238.00     0.0     0.0    57.9    
*  556 1344   412.67    3.63      0   412.67  1237.00     0.0     0.0    58.0    
*  557 1343   412.33    3.56      0   412.33  1237.00     0.0     0.0    58.1    
   560 1340   412.00    2.81      0   412.33  1237.00     0.0     0.0    58.4   X
*  561 1339   412.00    2.68      0   412.00  1236.00     0.0     0.0    58.5    
*  563 1337   411.33    2.25      0   411.33  1234.00     0.0     0.0    58.7    
*  571 1329   410.67    0.95      0   410.67  1231.00     0.0     0.0    59.5    
*  572 1328   410.33    0.91      0   410.33  1231.00     0.0     0.0    59.6    
*  574 1326   410.00    0.84      0   410.00  1230.00     0.0     0.0    59.8    

  Gens  Rem    Local   ElDiv NoImpr             Best solution            Time  Op
                                       Cost     Dist    Tard    TMax 
*  579 1321   409.67    0.62      0   409.67  1229.00     0.0     0.0    60.3    
*  581 1319   409.33    0.58      0   409.33  1228.00     0.0     0.0    60.5    
*  584 1316   409.00    0.43      0   409.00  1227.00     0.0     0.0    60.9    
*  587 1313   408.67    0.44      0   408.67  1226.00     0.0     0.0    61.2    
*  591 1309   408.33    0.35      0   408.33  1224.00     0.0     0.0    61.6    
*  592 1308   408.00    0.28      0   408.00  1224.00     0.0     0.0    61.7    
*  599 1301   407.67    0.28      0   407.67  1223.00     0.0     0.0    62.4    
   600 1300   407.67    0.31      1   407.67  1223.00     0.0     0.0    62.5    
*  606 1294   407.00    0.32      0   407.00  1221.00     0.0     0.0    63.1    
*  610 1290   406.33    0.42      0   406.33  1219.00     0.0     0.0    63.5    
*  631 1269   405.67    0.28      0   405.67  1217.00     0.0     0.0    65.7    
*  638 1262   405.00    0.20      0   405.00  1215.00     0.0     0.0    66.4    
   640 1260   405.00    0.34      3   405.00  1215.00     0.0     0.0    66.6   X
*  643 1257   404.67    0.52      0   404.67  1214.00     0.0     0.0    67.0    
*  646 1254   404.33    0.72      0   404.33  1213.00     0.0     0.0    67.3    
   650 1250   404.33    0.30      4   404.33  1213.00     0.0     0.0    67.7    

  Gens  Rem    Local   ElDiv NoImpr             Best solution            Time  Op
                                       Cost     Dist    Tard    TMax 
   700 1200   404.33    0.00     54   404.33  1213.00     0.0     0.0    72.8    
*  717 1183   404.00    0.02      0   404.00  1212.00     0.0     0.0    74.6    
Path relinking result: elite improvement.
   720 1180   404.00    0.12      4   404.00  1212.00     0.0     0.0    74.9  PX
*  722 1178   403.67    0.12      0   403.67  1211.00     0.0     0.0    75.1    
*  736 1164   403.33    0.02      0   403.33  1210.00     0.0     0.0    76.6    
   750 1150   403.33    0.15     14   403.33  1210.00     0.0     0.0    78.0    
   800 1100   403.33    0.00     64   403.33  1210.00     0.0     0.0    83.2    
   800 1100   403.33    0.00     65   403.33  1210.00     0.0     0.0    83.2   X
   815 1085      inf  245.72      0   403.33  1210.00     0.0     0.0    84.8   R
   816 1084  1231.33  211.83      0   403.33  1210.00     0.0     0.0    84.9    
   850 1050   588.33   13.38      2   403.33  1210.00     0.0     0.0    88.5    
   880 1020   533.00    6.13      1   403.33  1210.00     0.0     0.0    91.6   X
   900 1000   499.00    7.14      7   403.33  1210.00     0.0     0.0    93.7    
Path relinking result: best improvement.
   900 1000   495.00    7.63      0   403.33  1210.00     0.0     0.0    93.7   P
   950  950   477.33    6.63     16   403.33  1210.00     0.0     0.0    98.9    
   960  940   474.00    5.57      2   403.33  1210.00     0.0     0.0   100.0   X

  Gens  Rem    Local   ElDiv NoImpr             Best solution            Time  Op
                                       Cost     Dist    Tard    TMax 
  1000  900   459.33    5.38      1   403.33  1210.00     0.0     0.0   104.1    
  1040  860   459.33    4.78     42   403.33  1210.00     0.0     0.0   108.3   X
  1050  850   459.33    4.72     51   403.33  1210.00     0.0     0.0   109.3    
Path relinking result: best improvement.
  1080  820   451.00    5.47      0   403.33  1210.00     0.0     0.0   112.4   P
  1100  800   434.33    5.94     16   403.33  1210.00     0.0     0.0   114.5    
  1120  780   434.33    4.34     37   403.33  1210.00     0.0     0.0   116.6   X
  1150  750   427.00    5.32      2   403.33  1210.00     0.0     0.0   119.7    
  1200  700   413.67    2.34      2   403.33  1210.00     0.0     0.0   124.9    
  1200  700   413.67    1.58      3   403.33  1210.00     0.0     0.0   124.9   X
  1250  650   406.33    1.58      5   403.33  1210.00     0.0     0.0   130.0    
Path relinking result: elite improvement.
  1260  640   406.00    0.60     10   403.33  1210.00     0.0     0.0   131.1   P
  1280  620   405.33    0.03      6   403.33  1210.00     0.0     0.0   133.1   X
  1300  600   405.33    0.16     25   403.33  1210.00     0.0     0.0   135.2    
  1350  550   405.00    0.16     37   403.33  1210.00     0.0     0.0   140.4    
  1360  540   404.67    0.12      2   403.33  1210.00     0.0     0.0   141.4   X
  1400  500   404.33    0.00     37   403.33  1210.00     0.0     0.0   145.5    
Path relinking result: elite improvement.

  Gens  Rem    Local   ElDiv NoImpr             Best solution            Time  Op
                                       Cost     Dist    Tard    TMax 
  1440  460   403.67    0.26      9   403.33  1210.00     0.0     0.0   149.7  PX
* 1443  457   403.00    0.13      0   403.00  1209.00     0.0     0.0   150.0    
  1450  450   403.00    0.20      7   403.00  1209.00     0.0     0.0   150.7    
  1500  400   403.00    0.00     57   403.00  1209.00     0.0     0.0   155.9    
  1520  380   403.00    0.00     78   403.00  1209.00     0.0     0.0   157.9   X
  1522  378      inf  236.29      0   403.00  1209.00     0.0     0.0   158.2   R
  1523  377  1192.67  216.75      0   403.00  1209.00     0.0     0.0   158.3    
  1550  350   620.00   17.57      1   403.00  1209.00     0.0     0.0   161.1    
  1600  300   513.00   13.35      7   403.00  1209.00     0.0     0.0   166.3    
  1600  300   505.33    9.22      0   403.00  1209.00     0.0     0.0   166.3   X
Path relinking result: elite improvement.
  1620  280   505.33    8.03     20   403.00  1209.00     0.0     0.0   168.4   P
  1650  250   483.67    9.03      0   403.00  1209.00     0.0     0.0   171.6    
  1680  220   443.67   10.09     11   403.00  1209.00     0.0     0.0   174.7   X
  1700  200   432.33    7.03      1   403.00  1209.00     0.0     0.0   176.8    
  1750  150   418.00    2.57     10   403.00  1209.00     0.0     0.0   181.9    
  1760  140   415.67    1.02      6   403.00  1209.00     0.0     0.0   182.9   X

  Gens  Rem    Local   ElDiv NoImpr             Best solution            Time  Op
                                       Cost     Dist    Tard    TMax 
  1800  100   409.67    0.82      1   403.00  1209.00     0.0     0.0   187.1    
Path relinking result: elite improvement.
  1800  100   409.67    0.82      2   403.00  1209.00     0.0     0.0   187.1   P
  1840   60   407.00    0.46      5   403.00  1209.00     0.0     0.0   191.2   X
  1850   50   407.00    0.00     14   403.00  1209.00     0.0     0.0   192.2    
  1900    0   407.00    0.00     64   403.00  1209.00     0.0     0.0   197.3    
Evolutionary process finished.
Solution written to 'solution-23789.txt'.

Sorted sequence of worst to best tardiness value:
Task for patient = 83 with skills = {1,5} and cost = 228.3
   Vehicle #0 = 4, leaving at = 933.0
   Vehicle #1 = 11, leaving at = 972.0
   Increment on distance indicator: 7.0
   Increment on tard indicator:     0.0
   Value of tmax indicator:         7.0

Task for patient = 78 with skills = {3,-1} and cost = 226.0
   Vehicle #0 = 15, leaving at = 948.0
   Vehicle #1 = -1, leaving at = inf
   Increment on distance indicator: 2.0
   Increment on tard indicator:     0.0
   Value of tmax indicator:         2.0

Task for patient = 44 with skills = {0,-1} and cost = 225.3
   Vehicle #0 = 4, leaving at = 897.0
   Vehicle #1 = -1, leaving at = inf
   Increment on distance indicator: 3.0
   Increment on tard indicator:     0.0
   Value of tmax indicator:         3.0

Task for patient = 84 with skills = {0,-1} and cost = 224.3
   Vehicle #0 = 3, leaving at = 909.0
   Vehicle #1 = -1, leaving at = inf
   Increment on distance indicator: 2.0
   Increment on tard indicator:     0.0
   Value of tmax indicator:         2.0

Task for patient = 9 with skills = {4,-1} and cost = 223.7
   Vehicle #0 = 16, leaving at = 945.0
   Vehicle #1 = -1, leaving at = inf
   Increment on distance indicator: 1.0
   Increment on tard indicator:     0.0
   Value of tmax indicator:         1.0

Task for patient = 55 with skills = {1,3} and cost = 223.3
   Vehicle #0 = 4, leaving at = 855.0
   Vehicle #1 = 15, leaving at = 855.0
   Increment on distance indicator: 8.0
   Increment on tard indicator:     0.0
   Value of tmax indicator:         8.0

Task for patient = 18 with skills = {3,-1} and cost = 220.7
   Vehicle #0 = 11, leaving at = 913.0
   Vehicle #1 = -1, leaving at = inf
   Increment on distance indicator: 4.0
   Increment on tard indicator:     0.0
   Value of tmax indicator:         4.0

Task for patient = 71 with skills = {3,-1} and cost = 219.3
   Vehicle #0 = 12, leaving at = 898.0
   Vehicle #1 = -1, leaving at = inf
   Increment on distance indicator: 2.0
   Increment on tard indicator:     0.0
   Value of tmax indicator:         2.0

Task for patient = 16 with skills = {0,-1} and cost = 218.7
   Vehicle #0 = 0, leaving at = 1051.0
   Vehicle #1 = -1, leaving at = inf
   Increment on distance indicator: 2.0
   Increment on tard indicator:     0.0
   Value of tmax indicator:         2.0

Task for patient = 46 with skills = {4,-1} and cost = 218.0
   Vehicle #0 = 10, leaving at = 943.0
   Vehicle #1 = -1, leaving at = inf
   Increment on distance indicator: 2.0
   Increment on tard indicator:     0.0
   Value of tmax indicator:         2.0

Task for patient = 91 with skills = {2,-1} and cost = 217.3
   Vehicle #0 = 0, leaving at = 1025.0
   Vehicle #1 = -1, leaving at = inf
   Increment on distance indicator: 3.0
   Increment on tard indicator:     0.0
   Value of tmax indicator:         3.0

Task for patient = 24 with skills = {1,4} and cost = 253.3
   Vehicle #0 = 3, leaving at = 1185.0
   Vehicle #1 = 15, leaving at = 1185.0
   Increment on distance indicator: 7.0
   Increment on tard indicator:     0.0
   Value of tmax indicator:         7.0

Task for patient = 72 with skills = {0,3} and cost = 216.0
   Vehicle #0 = 3, leaving at = 852.0
   Vehicle #1 = 16, leaving at = 884.0
   Increment on distance indicator: 7.0
   Increment on tard indicator:     0.0
   Value of tmax indicator:         7.0

Task for patient = 28 with skills = {4,-1} and cost = 213.7
   Vehicle #0 = 15, leaving at = 790.0
   Vehicle #1 = -1, leaving at = inf
   Increment on distance indicator: 2.0
   Increment on tard indicator:     0.0
   Value of tmax indicator:         2.0

Task for patient = 50 with skills = {5,-1} and cost = 213.0
   Vehicle #0 = 11, leaving at = 871.0
   Vehicle #1 = -1, leaving at = inf
   Increment on distance indicator: 2.0
   Increment on tard indicator:     0.0
   Value of tmax indicator:         2.0

Task for patient = 74 with skills = {1,-1} and cost = 212.3
   Vehicle #0 = 1, leaving at = 897.0
   Vehicle #1 = -1, leaving at = inf
   Increment on distance indicator: 2.0
   Increment on tard indicator:     0.0
   Value of tmax indicator:         2.0

Task for patient = 67 with skills = {1,4} and cost = 211.7
   Vehicle #0 = 0, leaving at = 901.0
   Vehicle #1 = 10, leaving at = 889.0
   Increment on distance indicator: 4.0
   Increment on tard indicator:     0.0
   Value of tmax indicator:         4.0

Task for patient = 66 with skills = {1,5} and cost = 210.3
   Vehicle #0 = 2, leaving at = 855.0
   Vehicle #1 = 12, leaving at = 855.0
   Increment on distance indicator: 4.0
   Increment on tard indicator:     0.0
   Value of tmax indicator:         4.0

Task for patient = 64 with skills = {4,-1} and cost = 209.0
   Vehicle #0 = 17, leaving at = 721.0
   Vehicle #1 = -1, leaving at = inf
   Increment on distance indicator: 1.0
   Increment on tard indicator:     0.0
   Value of tmax indicator:         1.0

Task for patient = 96 with skills = {1,-1} and cost = 208.7
   Vehicle #0 = 4, leaving at = 821.0
   Vehicle #1 = -1, leaving at = inf
   Increment on distance indicator: 3.0
   Increment on tard indicator:     0.0
   Value of tmax indicator:         3.0

Task for patient = 54 with skills = {2,-1} and cost = 207.7
   Vehicle #0 = 1, leaving at = 864.0
   Vehicle #1 = -1, leaving at = inf
   Increment on distance indicator: 2.0
   Increment on tard indicator:     0.0
   Value of tmax indicator:         2.0

Task for patient = 90 with skills = {1,5} and cost = 207.0
   Vehicle #0 = 4, leaving at = 792.0
   Vehicle #1 = 12, leaving at = 801.0
   Increment on distance indicator: 5.0
   Increment on tard indicator:     0.0
   Value of tmax indicator:         5.0

Task for patient = 39 with skills = {2,4} and cost = 205.3
   Vehicle #0 = 0, leaving at = 810.0
   Vehicle #1 = 10, leaving at = 869.0
   Increment on distance indicator: 6.0
   Increment on tard indicator:     0.0
   Value of tmax indicator:         6.0

Task for patient = 20 with skills = {0,-1} and cost = 203.3
   Vehicle #0 = 1, leaving at = 817.0
   Vehicle #1 = -1, leaving at = inf
   Increment on distance indicator: 4.0
   Increment on tard indicator:     0.0
   Value of tmax indicator:         4.0

Task for patient = 19 with skills = {1,-1} and cost = 216.3
   Vehicle #0 = 0, leaving at = 972.0
   Vehicle #1 = -1, leaving at = inf
   Increment on distance indicator: 1.0
   Increment on tard indicator:     0.0
   Value of tmax indicator:         1.0

Task for patient = 8 with skills = {0,5} and cost = 251.0
   Vehicle #0 = 3, leaving at = 1123.0
   Vehicle #1 = 12, leaving at = 1148.0
   Increment on distance indicator: 4.0
   Increment on tard indicator:     0.0
   Value of tmax indicator:         4.0

Task for patient = 1 with skills = {1,-1} and cost = 249.7
   Vehicle #0 = 4, leaving at = 1063.0
   Vehicle #1 = -1, leaving at = inf
   Increment on distance indicator: 1.0
   Increment on tard indicator:     0.0
   Value of tmax indicator:         1.0

Task for patient = 11 with skills = {5,-1} and cost = 249.3
   Vehicle #0 = 10, leaving at = 1095.0
   Vehicle #1 = -1, leaving at = inf
   Increment on distance indicator: 6.0
   Increment on tard indicator:     0.0
   Value of tmax indicator:         6.0

Task for patient = 34 with skills = {0,3} and cost = 247.3
   Vehicle #0 = 3, leaving at = 1080.0
   Vehicle #1 = 12, leaving at = 1080.0
   Increment on distance indicator: 3.0
   Increment on tard indicator:     0.0
   Value of tmax indicator:         3.0

Task for patient = 14 with skills = {5,-1} and cost = 246.3
   Vehicle #0 = 12, leaving at = 1036.0
   Vehicle #1 = -1, leaving at = inf
   Increment on distance indicator: 2.0
   Increment on tard indicator:     0.0
   Value of tmax indicator:         2.0

Task for patient = 97 with skills = {0,-1} and cost = 245.7
   Vehicle #0 = 2, leaving at = 1142.0
   Vehicle #1 = -1, leaving at = inf
   Increment on distance indicator: 8.0
   Increment on tard indicator:     0.0
   Value of tmax indicator:         8.0

Task for patient = 29 with skills = {3,-1} and cost = 243.0
   Vehicle #0 = 12, leaving at = 1019.0
   Vehicle #1 = -1, leaving at = inf
   Increment on distance indicator: 1.0
   Increment on tard indicator:     0.0
   Value of tmax indicator:         1.0

Task for patient = 13 with skills = {4,-1} and cost = 242.7
   Vehicle #0 = 16, leaving at = 1148.0
   Vehicle #1 = -1, leaving at = inf
   Increment on distance indicator: 6.0
   Increment on tard indicator:     0.0
   Value of tmax indicator:         6.0

Task for patient = 7 with skills = {1,4} and cost = 240.7
   Vehicle #0 = 2, leaving at = 1102.0
   Vehicle #1 = 16, leaving at = 1103.0
   Increment on distance indicator: 4.0
   Increment on tard indicator:     0.0
   Value of tmax indicator:         4.0

Task for patient = 40 with skills = {1,-1} and cost = 239.3
   Vehicle #0 = 3, leaving at = 1050.0
   Vehicle #1 = -1, leaving at = inf
   Increment on distance indicator: 2.0
   Increment on tard indicator:     0.0
   Value of tmax indicator:         2.0

Task for patient = 80 with skills = {3,-1} and cost = 238.7
   Vehicle #0 = 11, leaving at = 1022.0
   Vehicle #1 = -1, leaving at = inf
   Increment on distance indicator: 2.0
   Increment on tard indicator:     0.0
   Value of tmax indicator:         2.0

Task for patient = 69 with skills = {5,-1} and cost = 229.0
   Vehicle #0 = 12, leaving at = 938.0
   Vehicle #1 = -1, leaving at = inf
   Increment on distance indicator: 2.0
   Increment on tard indicator:     0.0
   Value of tmax indicator:         2.0

Task for patient = 41 with skills = {3,-1} and cost = 237.3
   Vehicle #0 = 10, leaving at = 1046.0
   Vehicle #1 = -1, leaving at = inf
   Increment on distance indicator: 2.0
   Increment on tard indicator:     0.0
   Value of tmax indicator:         2.0

Task for patient = 93 with skills = {0,4} and cost = 236.7
   Vehicle #0 = 3, leaving at = 1004.0
   Vehicle #1 = 17, leaving at = 1004.0
   Increment on distance indicator: 2.0
   Increment on tard indicator:     0.0
   Value of tmax indicator:         2.0

Task for patient = 47 with skills = {0,4} and cost = 236.0
   Vehicle #0 = 3, leaving at = 959.0
   Vehicle #1 = 17, leaving at = 959.0
   Increment on distance indicator: 5.0
   Increment on tard indicator:     0.0
   Value of tmax indicator:         5.0

Task for patient = 94 with skills = {1,-1} and cost = 234.3
   Vehicle #0 = 2, leaving at = 1029.0
   Vehicle #1 = -1, leaving at = inf
   Increment on distance indicator: 1.0
   Increment on tard indicator:     0.0
   Value of tmax indicator:         1.0

Task for patient = 43 with skills = {1,4} and cost = 234.0
   Vehicle #0 = 2, leaving at = 912.0
   Vehicle #1 = 17, leaving at = 912.0
   Increment on distance indicator: 2.0
   Increment on tard indicator:     0.0
   Value of tmax indicator:         2.0

Task for patient = 68 with skills = {1,-1} and cost = 233.3
   Vehicle #0 = 4, leaving at = 1004.0
   Vehicle #1 = -1, leaving at = inf
   Increment on distance indicator: 1.0
   Increment on tard indicator:     0.0
   Value of tmax indicator:         1.0

Task for patient = 37 with skills = {0,-1} and cost = 233.0
   Vehicle #0 = 0, leaving at = 1092.0
   Vehicle #1 = -1, leaving at = inf
   Increment on distance indicator: 2.0
   Increment on tard indicator:     0.0
   Value of tmax indicator:         2.0

Task for patient = 85 with skills = {4,-1} and cost = 232.3
   Vehicle #0 = 10, leaving at = 1002.0
   Vehicle #1 = -1, leaving at = inf
   Increment on distance indicator: 2.0
   Increment on tard indicator:     0.0
   Value of tmax indicator:         2.0

Task for patient = 75 with skills = {5,-1} and cost = 231.7
   Vehicle #0 = 12, leaving at = 979.0
   Vehicle #1 = -1, leaving at = inf
   Increment on distance indicator: 2.0
   Increment on tard indicator:     0.0
   Value of tmax indicator:         2.0

Task for patient = 25 with skills = {1,-1} and cost = 231.0
   Vehicle #0 = 4, leaving at = 963.0
   Vehicle #1 = -1, leaving at = inf
   Increment on distance indicator: 3.0
   Increment on tard indicator:     0.0
   Value of tmax indicator:         3.0

Task for patient = 31 with skills = {5,-1} and cost = 230.0
   Vehicle #0 = 16, leaving at = 1031.0
   Vehicle #1 = -1, leaving at = inf
   Increment on distance indicator: 1.0
   Increment on tard indicator:     0.0
   Value of tmax indicator:         1.0

Task for patient = 32 with skills = {4,-1} and cost = 229.7
   Vehicle #0 = 16, leaving at = 984.0
   Vehicle #1 = -1, leaving at = inf
   Increment on distance indicator: 2.0
   Increment on tard indicator:     0.0
   Value of tmax indicator:         2.0

Task for patient = 26 with skills = {5,-1} and cost = 238.0
   Vehicle #0 = 16, leaving at = 1055.0
   Vehicle #1 = -1, leaving at = inf
   Increment on distance indicator: 2.0
   Increment on tard indicator:     0.0
   Value of tmax indicator:         2.0

Task for patient = 42 with skills = {1,-1} and cost = 135.0
   Vehicle #0 = 1, leaving at = 798.0
   Vehicle #1 = -1, leaving at = inf
   Increment on distance indicator: 1.0
   Increment on tard indicator:     0.0
   Value of tmax indicator:         1.0

Task for patient = 63 with skills = {1,-1} and cost = 134.7
   Vehicle #0 = 3, leaving at = 622.0
   Vehicle #1 = -1, leaving at = inf
   Increment on distance indicator: 1.0
   Increment on tard indicator:     0.0
   Value of tmax indicator:         1.0

Task for patient = 22 with skills = {0,3} and cost = 134.3
   Vehicle #0 = 3, leaving at = 570.0
   Vehicle #1 = 16, leaving at = 624.0
   Increment on distance indicator: 46.0
   Increment on tard indicator:     0.0
   Value of tmax indicator:         46.0

Task for patient = 12 with skills = {0,-1} and cost = 119.0
   Vehicle #0 = 1, leaving at = 738.0
   Vehicle #1 = -1, leaving at = inf
   Increment on distance indicator: 1.0
   Increment on tard indicator:     0.0
   Value of tmax indicator:         1.0

Task for patient = 88 with skills = {3,-1} and cost = 118.7
   Vehicle #0 = 11, leaving at = 758.0
   Vehicle #1 = -1, leaving at = inf
   Increment on distance indicator: 3.0
   Increment on tard indicator:     0.0
   Value of tmax indicator:         3.0

Task for patient = 21 with skills = {1,-1} and cost = 117.7
   Vehicle #0 = 2, leaving at = 764.0
   Vehicle #1 = -1, leaving at = inf
   Increment on distance indicator: 2.0
   Increment on tard indicator:     0.0
   Value of tmax indicator:         2.0

Task for patient = 36 with skills = {3,-1} and cost = 117.0
   Vehicle #0 = 10, leaving at = 788.0
   Vehicle #1 = -1, leaving at = inf
   Increment on distance indicator: 2.0
   Increment on tard indicator:     0.0
   Value of tmax indicator:         2.0

Task for patient = 82 with skills = {0,3} and cost = 116.3
   Vehicle #0 = 2, leaving at = 722.0
   Vehicle #1 = 11, leaving at = 722.0
   Increment on distance indicator: 2.0
   Increment on tard indicator:     0.0
   Value of tmax indicator:         2.0

Task for patient = 76 with skills = {0,3} and cost = 115.7
   Vehicle #0 = 2, leaving at = 692.0
   Vehicle #1 = 11, leaving at = 692.0
   Increment on distance indicator: 4.0
   Increment on tard indicator:     0.0
   Value of tmax indicator:         4.0

Task for patient = 57 with skills = {1,3} and cost = 114.3
   Vehicle #0 = 2, leaving at = 625.0
   Vehicle #1 = 11, leaving at = 625.0
   Increment on distance indicator: 8.0
   Increment on tard indicator:     0.0
   Value of tmax indicator:         8.0

Task for patient = 48 with skills = {0,4} and cost = 111.7
   Vehicle #0 = 2, leaving at = 557.0
   Vehicle #1 = 16, leaving at = 572.0
   Increment on distance indicator: 76.0
   Increment on tard indicator:     0.0
   Value of tmax indicator:         76.0

Task for patient = 45 with skills = {1,-1} and cost = 202.0
   Vehicle #0 = 4, leaving at = 765.0
   Vehicle #1 = -1, leaving at = inf
   Increment on distance indicator: 6.0
   Increment on tard indicator:     0.0
   Value of tmax indicator:         6.0

Task for patient = 65 with skills = {3,-1} and cost = 84.7
   Vehicle #0 = 15, leaving at = 645.0
   Vehicle #1 = -1, leaving at = inf
   Increment on distance indicator: 4.0
   Increment on tard indicator:     0.0
   Value of tmax indicator:         4.0

Task for patient = 60 with skills = {1,-1} and cost = 83.3
   Vehicle #0 = 1, leaving at = 658.0
   Vehicle #1 = -1, leaving at = inf
   Increment on distance indicator: 4.0
   Increment on tard indicator:     0.0
   Value of tmax indicator:         4.0

Task for patient = 81 with skills = {2,4} and cost = 82.0
   Vehicle #0 = 1, leaving at = 613.0
   Vehicle #1 = 15, leaving at = 613.0
   Increment on distance indicator: 47.0
   Increment on tard indicator:     0.0
   Value of tmax indicator:         47.0

Task for patient = 15 with skills = {2,5} and cost = 66.3
   Vehicle #0 = 0, leaving at = 752.0
   Vehicle #1 = 10, leaving at = 767.0
   Increment on distance indicator: 7.0
   Increment on tard indicator:     0.0
   Value of tmax indicator:         7.0

Task for patient = 58 with skills = {3,-1} and cost = 64.0
   Vehicle #0 = 11, leaving at = 567.0
   Vehicle #1 = -1, leaving at = inf
   Increment on distance indicator: 3.0
   Increment on tard indicator:     0.0
   Value of tmax indicator:         3.0

Task for patient = 52 with skills = {5,-1} and cost = 63.0
   Vehicle #0 = 10, leaving at = 706.0
   Vehicle #1 = -1, leaving at = inf
   Increment on distance indicator: 1.0
   Increment on tard indicator:     0.0
   Value of tmax indicator:         1.0

Task for patient = 98 with skills = {5,-1} and cost = 62.7
   Vehicle #0 = 11, leaving at = 542.0
   Vehicle #1 = -1, leaving at = inf
   Increment on distance indicator: 41.0
   Increment on tard indicator:     0.0
   Value of tmax indicator:         41.0

Task for patient = 53 with skills = {2,-1} and cost = 49.0
   Vehicle #0 = 1, leaving at = 512.0
   Vehicle #1 = -1, leaving at = inf
   Increment on distance indicator: 43.0
   Increment on tard indicator:     0.0
   Value of tmax indicator:         43.0

Task for patient = 99 with skills = {0,5} and cost = 34.7
   Vehicle #0 = 0, leaving at = 688.0
   Vehicle #1 = 10, leaving at = 688.0
   Increment on distance indicator: 6.0
   Increment on tard indicator:     0.0
   Value of tmax indicator:         6.0

Task for patient = 6 with skills = {0,3} and cost = 32.7
   Vehicle #0 = 0, leaving at = 653.0
   Vehicle #1 = 10, leaving at = 653.0
   Increment on distance indicator: 6.0
   Increment on tard indicator:     0.0
   Value of tmax indicator:         6.0

Task for patient = 17 with skills = {1,3} and cost = 30.7
   Vehicle #0 = 0, leaving at = 623.0
   Vehicle #1 = 10, leaving at = 623.0
   Increment on distance indicator: 12.0
   Increment on tard indicator:     0.0
   Value of tmax indicator:         12.0

Task for patient = 95 with skills = {2,3} and cost = 26.7
   Vehicle #0 = 0, leaving at = 569.0
   Vehicle #1 = 10, leaving at = 569.0
   Increment on distance indicator: 80.0
   Increment on tard indicator:     0.0
   Value of tmax indicator:         80.0

Task for patient = 30 with skills = {0,3} and cost = 86.3
   Vehicle #0 = 1, leaving at = 684.0
   Vehicle #1 = 15, leaving at = 718.0
   Increment on distance indicator: 5.0
   Increment on tard indicator:     0.0
   Value of tmax indicator:         5.0

Task for patient = 3 with skills = {4,-1} and cost = 200.0
   Vehicle #0 = 16, leaving at = 839.0
   Vehicle #1 = -1, leaving at = inf
   Increment on distance indicator: 2.0
   Increment on tard indicator:     0.0
   Value of tmax indicator:         2.0

Task for patient = 56 with skills = {0,-1} and cost = 199.3
   Vehicle #0 = 4, leaving at = 724.0
   Vehicle #1 = -1, leaving at = inf
   Increment on distance indicator: 5.0
   Increment on tard indicator:     0.0
   Value of tmax indicator:         5.0

Task for patient = 2 with skills = {1,-1} and cost = 197.7
   Vehicle #0 = 6, leaving at = 710.0
   Vehicle #1 = -1, leaving at = inf
   Increment on distance indicator: 0.0
   Increment on tard indicator:     0.0
   Value of tmax indicator:         0.0

Task for patient = 59 with skills = {3,-1} and cost = 197.7
   Vehicle #0 = 11, leaving at = 850.0
   Vehicle #1 = -1, leaving at = inf
   Increment on distance indicator: 2.0
   Increment on tard indicator:     0.0
   Value of tmax indicator:         2.0

Task for patient = 61 with skills = {4,-1} and cost = 197.0
   Vehicle #0 = 17, leaving at = 695.0
   Vehicle #1 = -1, leaving at = inf
   Increment on distance indicator: 1.0
   Increment on tard indicator:     0.0
   Value of tmax indicator:         1.0

Task for patient = 4 with skills = {3,-1} and cost = 196.7
   Vehicle #0 = 12, leaving at = 768.0
   Vehicle #1 = -1, leaving at = inf
   Increment on distance indicator: 1.0
   Increment on tard indicator:     0.0
   Value of tmax indicator:         1.0

Task for patient = 51 with skills = {0,-1} and cost = 196.3
   Vehicle #0 = 4, leaving at = 685.0
   Vehicle #1 = -1, leaving at = inf
   Increment on distance indicator: 8.0
   Increment on tard indicator:     0.0
   Value of tmax indicator:         8.0

Task for patient = 73 with skills = {5,-1} and cost = 193.7
   Vehicle #0 = 12, leaving at = 719.0
   Vehicle #1 = -1, leaving at = inf
   Increment on distance indicator: 5.0
   Increment on tard indicator:     0.0
   Value of tmax indicator:         5.0

Task for patient = 100 with skills = {3,-1} and cost = 192.0
   Vehicle #0 = 11, leaving at = 807.0
   Vehicle #1 = -1, leaving at = inf
   Increment on distance indicator: 2.0
   Increment on tard indicator:     0.0
   Value of tmax indicator:         2.0

Task for patient = 79 with skills = {0,5} and cost = 191.3
   Vehicle #0 = 3, leaving at = 799.0
   Vehicle #1 = 16, leaving at = 818.0
   Increment on distance indicator: 6.0
   Increment on tard indicator:     0.0
   Value of tmax indicator:         6.0

Task for patient = 86 with skills = {0,-1} and cost = 189.3
   Vehicle #0 = 2, leaving at = 817.0
   Vehicle #1 = -1, leaving at = inf
   Increment on distance indicator: 2.0
   Increment on tard indicator:     0.0
   Value of tmax indicator:         2.0

Task for patient = 10 with skills = {1,3} and cost = 136.7
   Vehicle #0 = 3, leaving at = 655.0
   Vehicle #1 = 16, leaving at = 689.0
   Increment on distance indicator: 5.0
   Increment on tard indicator:     0.0
   Value of tmax indicator:         5.0

Task for patient = 92 with skills = {5,-1} and cost = 186.7
   Vehicle #0 = 12, leaving at = 626.0
   Vehicle #1 = -1, leaving at = inf
   Increment on distance indicator: 2.0
   Increment on tard indicator:     0.0
   Value of tmax indicator:         2.0

Task for patient = 5 with skills = {4,-1} and cost = 186.0
   Vehicle #0 = 17, leaving at = 614.0
   Vehicle #1 = -1, leaving at = inf
   Increment on distance indicator: 4.0
   Increment on tard indicator:     0.0
   Value of tmax indicator:         4.0

Task for patient = 23 with skills = {1,-1} and cost = 184.7
   Vehicle #0 = 4, leaving at = 616.0
   Vehicle #1 = -1, leaving at = inf
   Increment on distance indicator: 14.0
   Increment on tard indicator:     0.0
   Value of tmax indicator:         14.0

Task for patient = 87 with skills = {4,-1} and cost = 180.0
   Vehicle #0 = 17, leaving at = 537.0
   Vehicle #1 = -1, leaving at = inf
   Increment on distance indicator: 41.0
   Increment on tard indicator:     0.0
   Value of tmax indicator:         41.0

Task for patient = 27 with skills = {5,-1} and cost = 166.3
   Vehicle #0 = 12, leaving at = 583.0
   Vehicle #1 = -1, leaving at = inf
   Increment on distance indicator: 1.0
   Increment on tard indicator:     0.0
   Value of tmax indicator:         1.0

Task for patient = 33 with skills = {0,-1} and cost = 166.0
   Vehicle #0 = 4, leaving at = 564.0
   Vehicle #1 = -1, leaving at = inf
   Increment on distance indicator: 37.0
   Increment on tard indicator:     0.0
   Value of tmax indicator:         37.0

Task for patient = 38 with skills = {3,-1} and cost = 153.7
   Vehicle #0 = 16, leaving at = 778.0
   Vehicle #1 = -1, leaving at = inf
   Increment on distance indicator: 1.0
   Increment on tard indicator:     0.0
   Value of tmax indicator:         1.0

Task for patient = 49 with skills = {5,-1} and cost = 153.3
   Vehicle #0 = 12, leaving at = 534.0
   Vehicle #1 = -1, leaving at = inf
   Increment on distance indicator: 42.0
   Increment on tard indicator:     0.0
   Value of tmax indicator:         42.0

Task for patient = 77 with skills = {1,5} and cost = 139.3
   Vehicle #0 = 3, leaving at = 750.0
   Vehicle #1 = 16, leaving at = 761.0
   Increment on distance indicator: 2.0
   Increment on tard indicator:     0.0
   Value of tmax indicator:         2.0

Task for patient = 70 with skills = {1,-1} and cost = 138.7
   Vehicle #0 = 0, leaving at = 778.0
   Vehicle #1 = -1, leaving at = inf
   Increment on distance indicator: 1.0
   Increment on tard indicator:     0.0
   Value of tmax indicator:         1.0

Task for patient = 35 with skills = {4,-1} and cost = 138.3
   Vehicle #0 = 10, leaving at = 807.0
   Vehicle #1 = -1, leaving at = inf
   Increment on distance indicator: 1.0
   Increment on tard indicator:     0.0
   Value of tmax indicator:         1.0

Task for patient = 62 with skills = {1,3} and cost = 138.0
   Vehicle #0 = 3, leaving at = 699.0
   Vehicle #1 = 16, leaving at = 734.0
   Increment on distance indicator: 4.0
   Increment on tard indicator:     0.0
   Value of tmax indicator:         4.0

Task for patient = 89 with skills = {3,-1} and cost = 188.7
   Vehicle #0 = 12, leaving at = 677.0
   Vehicle #1 = -1, leaving at = inf
   Increment on distance indicator: 6.0
   Increment on tard indicator:     0.0
   Value of tmax indicator:         6.0


Unused vehicle list: 5 7 8 9 13 14 18 19 (total = 8 out of 20)

---
Search finished.
Total of 1900 generations in 197.3 seconds.
Exchange elite runs: 23
Implicit path relinking runs: 10
Reset attempts: 2

Best solution found:
   Cost: 403.0
   Total travel time: 1209.0
   Total tardiness time: 0.0
   Largest tardiness: 0.0


403.0
