This host is: ifrit
--- BRKGA-MP-IPR for HHCRSP ---
Instance: /home/alberto/work/hhcrsp-dataset-2021/dataset2/HHCRSP_25_5_86_1.0_C_C.txt
Seed: 6

Reading data... Problem contains 25 patients  and 5 caregivers.

Summary of supply x demand for each service type:
Skill 0 has supply = 2 and demand = 2, ratio = 1
Skill 1 has supply = 2 and demand = 7, ratio = 0.285714
Skill 2 has supply = 1 and demand = 6, ratio = 0.166667
Skill 3 has supply = 2 and demand = 10, ratio = 0.2
Skill 4 has supply = 2 and demand = 5, ratio = 0.4
Skill 5 has supply = 2 and demand = 3, ratio = 0.666667

Reading parameters...
Inferred distance function by PR type: kendall-tau
Building BRKGA data and initializing...
Evolving 1900 generations...

  Gens  Rem    Local   ElDiv NoImpr             Best solution            Time  Op
                                       Cost     Dist    Tard    TMax 
*    0 1900   299.00  132.79      0   299.00   271.00   508.0   118.0     0.1    
*    5 1895   149.33   56.65      0   149.33   258.00   100.0    90.0     0.3    
*    7 1893   125.33   43.35      0   125.33   239.00    60.0    60.0     0.4    
*    8 1892   119.67   34.04      0   119.67   250.00    63.0    31.0     0.5    
*    9 1891   114.67   31.32      0   114.67   237.00     3.0     3.0     0.6    
*   10 1890    81.00   25.85      0    81.00   237.00     3.0     3.0     0.6    
*   13 1887    80.33   13.11      0    80.33   241.00     0.0     0.0     0.8    
*   15 1885    76.67    4.24      0    76.67   230.00     0.0     0.0     0.9    
*   19 1881    75.67    1.31      0    75.67   227.00     0.0     0.0     1.1    
*   21 1879    73.00    1.12      0    73.00   219.00     0.0     0.0     1.2    
*   33 1867    72.67    0.73      0    72.67   218.00     0.0     0.0     1.9    
    50 1850    72.67    0.00     17    72.67   218.00     0.0     0.0     2.8    
    80 1820    72.67    0.00     48    72.67   218.00     0.0     0.0     4.5   X
   100 1800    72.67    0.00     67    72.67   218.00     0.0     0.0     5.6    
   112 1788      inf  181.65      0    72.67   218.00     0.0     0.0     6.2   R

  Gens  Rem    Local   ElDiv NoImpr             Best solution            Time  Op
                                       Cost     Dist    Tard    TMax 
   113 1787   467.00  134.33      0    72.67   218.00     0.0     0.0     6.3    
   150 1750    72.67    0.36      9    72.67   218.00     0.0     0.0     8.3    
   160 1740    72.67    0.00     20    72.67   218.00     0.0     0.0     8.9   X
Path relinking result: no improvement.
   180 1720    72.67    0.00     40    72.67   218.00     0.0     0.0    10.0   P
   200 1700    72.67    0.00     59    72.67   218.00     0.0     0.0    11.1    
   220 1680      inf  162.15      0    72.67   218.00     0.0     0.0    12.2   R
   221 1679   592.67  126.84      0    72.67   218.00     0.0     0.0    12.3    
   240 1660    75.00    1.22      4    72.67   218.00     0.0     0.0    13.3   X
   250 1650    73.33    0.68      7    72.67   218.00     0.0     0.0    13.9    
   300 1600    72.67    0.31     40    72.67   218.00     0.0     0.0    16.6    
   320 1580    72.67    0.00     61    72.67   218.00     0.0     0.0    17.7   X
   339 1561      inf  154.63      0    72.67   218.00     0.0     0.0    18.8   R
   340 1560   431.33  132.87      0    72.67   218.00     0.0     0.0    18.8    
   350 1550    82.67   26.08      0    72.67   218.00     0.0     0.0    19.4    
Path relinking result: elite improvement.
   360 1540    74.67    1.37      3    72.67   218.00     0.0     0.0    19.9   P
   400 1500    72.67    0.32     27    72.67   218.00     0.0     0.0    22.1    

  Gens  Rem    Local   ElDiv NoImpr             Best solution            Time  Op
                                       Cost     Dist    Tard    TMax 
   400 1500    72.67    0.29     28    72.67   218.00     0.0     0.0    22.1   X
*  428 1472    72.33    0.02      0    72.33   217.00     0.0     0.0    23.7    
   450 1450    72.33    0.03     22    72.33   217.00     0.0     0.0    24.9    
   480 1420    72.33    0.08     53    72.33   217.00     0.0     0.0    26.6   X
   500 1400    72.33    0.14     72    72.33   217.00     0.0     0.0    27.7    
   507 1393      inf  175.92      0    72.33   217.00     0.0     0.0    28.0   R
   508 1392   460.33  142.15      0    72.33   217.00     0.0     0.0    28.1    
Path relinking result: elite improvement.
   540 1360    73.00    0.81      5    72.33   217.00     0.0     0.0    29.9   P
   550 1350    72.67    0.09      7    72.33   217.00     0.0     0.0    30.4    
   560 1340    72.67    0.30     18    72.33   217.00     0.0     0.0    31.0   X
   600 1300    72.33    0.02     23    72.33   217.00     0.0     0.0    33.2    
   640 1260    72.33    0.03     64    72.33   217.00     0.0     0.0    35.4   X
   650 1250    72.33    0.04     73    72.33   217.00     0.0     0.0    35.9    
   656 1244      inf  162.43      0    72.33   217.00     0.0     0.0    36.3   R
   657 1243   528.67  125.85      0    72.33   217.00     0.0     0.0    36.3    
   700 1200    72.67    0.25     13    72.33   217.00     0.0     0.0    38.7    
Path relinking result: elite improvement.

  Gens  Rem    Local   ElDiv NoImpr             Best solution            Time  Op
                                       Cost     Dist    Tard    TMax 
   720 1180    72.67    0.30     34    72.33   217.00     0.0     0.0    39.8  PX
   750 1150    72.67    0.00     63    72.33   217.00     0.0     0.0    41.5    
   766 1134      inf  158.60      0    72.33   217.00     0.0     0.0    42.3   R
   767 1133   342.67  128.97      0    72.33   217.00     0.0     0.0    42.4    
   800 1100    73.33    0.90      5    72.33   217.00     0.0     0.0    44.2    
   800 1100    73.33    0.24      6    72.33   217.00     0.0     0.0    44.2   X
   850 1050    72.67    0.00     48    72.33   217.00     0.0     0.0    47.0    
   880 1020    72.67    0.00     79    72.33   217.00     0.0     0.0    48.6   X
   881 1019      inf  153.30      0    72.33   217.00     0.0     0.0    48.7   R
   882 1018   504.00  129.41      0    72.33   217.00     0.0     0.0    48.7    
   900 1000    77.33    1.65      2    72.33   217.00     0.0     0.0    49.7    
Path relinking result: elite improvement.
   900 1000    76.33    1.66      0    72.33   217.00     0.0     0.0    49.7   P
   950  950    72.67    0.31     35    72.33   217.00     0.0     0.0    52.5    
   960  940    72.67    0.00     46    72.33   217.00     0.0     0.0    53.0   X
   994  906      inf  157.69      0    72.33   217.00     0.0     0.0    54.9   R
   995  905   402.00  123.02      0    72.33   217.00     0.0     0.0    55.0    

  Gens  Rem    Local   ElDiv NoImpr             Best solution            Time  Op
                                       Cost     Dist    Tard    TMax 
  1000  900   133.33   59.05      0    72.33   217.00     0.0     0.0    55.3    
  1040  860    72.67    0.07     12    72.33   217.00     0.0     0.0    57.5   X
  1050  850    72.67    0.08     21    72.33   217.00     0.0     0.0    58.0    
Path relinking result: elite improvement.
  1080  820    72.67    0.23     52    72.33   217.00     0.0     0.0    59.7   P
  1100  800    72.67    0.32     71    72.33   217.00     0.0     0.0    60.8    
  1108  792      inf  142.43      0    72.33   217.00     0.0     0.0    61.2   R
  1109  791   531.67  119.29      0    72.33   217.00     0.0     0.0    61.3    
  1120  780    81.67   12.15      0    72.33   217.00     0.0     0.0    61.9   X
  1150  750    72.67    0.25     12    72.33   217.00     0.0     0.0    63.5    
  1200  700    72.67    0.00     62    72.33   217.00     0.0     0.0    66.3    
  1200  700    72.67    0.00     63    72.33   217.00     0.0     0.0    66.3   X
  1217  683      inf  149.11      0    72.33   217.00     0.0     0.0    67.2   R
  1218  682   494.00  124.89      0    72.33   217.00     0.0     0.0    67.3    
* 1249  651    71.67    0.99      0    71.67   215.00     0.0     0.0    69.0    
  1250  650    71.67    0.88      1    71.67   215.00     0.0     0.0    69.1    
Path relinking result: elite improvement.
  1260  640    71.67    0.33     12    71.67   215.00     0.0     0.0    69.6   P

  Gens  Rem    Local   ElDiv NoImpr             Best solution            Time  Op
                                       Cost     Dist    Tard    TMax 
  1280  620    71.67    0.10     32    71.67   215.00     0.0     0.0    70.7   X
  1300  600    71.67    0.10     51    71.67   215.00     0.0     0.0    71.8    
  1328  572      inf  166.58      0    71.67   215.00     0.0     0.0    73.4   R
  1329  571   470.00  137.97      0    71.67   215.00     0.0     0.0    73.4    
  1350  550    74.67    1.41      2    71.67   215.00     0.0     0.0    74.6    
  1360  540    73.33    0.26      7    71.67   215.00     0.0     0.0    75.1   X
  1400  500    72.67    0.07     24    71.67   215.00     0.0     0.0    77.3    
Path relinking result: no improvement.
  1440  460    72.67    0.19     65    71.67   215.00     0.0     0.0    79.5  PX
  1450  450    72.67    0.19     74    71.67   215.00     0.0     0.0    80.1    
  1455  445      inf  157.50      0    71.67   215.00     0.0     0.0    80.4   R
  1456  444   551.00  126.89      0    71.67   215.00     0.0     0.0    80.4    
  1500  400    72.67    0.29     12    71.67   215.00     0.0     0.0    82.9    
  1520  380    72.67    0.28     33    71.67   215.00     0.0     0.0    84.0   X
  1550  350    72.67    0.00     62    71.67   215.00     0.0     0.0    85.6    
  1567  333      inf  149.49      0    71.67   215.00     0.0     0.0    86.6   R
  1568  332   453.67  129.33      0    71.67   215.00     0.0     0.0    86.6    

  Gens  Rem    Local   ElDiv NoImpr             Best solution            Time  Op
                                       Cost     Dist    Tard    TMax 
  1600  300    72.67    0.69      1    71.67   215.00     0.0     0.0    88.4    
  1600  300    72.67    0.32      2    71.67   215.00     0.0     0.0    88.4   X
Path relinking result: elite improvement.
  1620  280    72.67    0.33     22    71.67   215.00     0.0     0.0    89.5   P
  1650  250    72.67    0.00     51    71.67   215.00     0.0     0.0    91.1    
  1678  222      inf  158.42      0    71.67   215.00     0.0     0.0    92.7   R
  1679  221   402.00  140.34      0    71.67   215.00     0.0     0.0    92.7    
  1680  220   353.67   90.63      0    71.67   215.00     0.0     0.0    92.8   X
  1700  200    75.00    1.16      0    71.67   215.00     0.0     0.0    93.9    
  1750  150    72.33    0.31      4    71.67   215.00     0.0     0.0    96.7    
  1760  140    72.33    0.09     15    71.67   215.00     0.0     0.0    97.2   X
  1800  100    72.33    0.16     54    71.67   215.00     0.0     0.0    99.4    
Path relinking result: elite improvement.
  1800  100    72.33    0.16     55    71.67   215.00     0.0     0.0    99.4   P
  1825   75      inf  176.94      0    71.67   215.00     0.0     0.0   100.8   R
  1826   74   425.00  132.21      0    71.67   215.00     0.0     0.0   100.9    
  1840   60    75.67    2.11      1    71.67   215.00     0.0     0.0   101.6   X
  1850   50    74.33    0.93      5    71.67   215.00     0.0     0.0   102.2    

  Gens  Rem    Local   ElDiv NoImpr             Best solution            Time  Op
                                       Cost     Dist    Tard    TMax 
  1900    0    72.67    0.05     12    71.67   215.00     0.0     0.0   104.9    
Evolutionary process finished.
Solution written to 'solution-3829.txt'.

Sorted sequence of worst to best tardiness value:
Task for patient = 4 with skills = {1,-1} and cost = 61.3
   Vehicle #0 = 0, leaving at = 1004.0
   Vehicle #1 = -1, leaving at = inf
   Increment on distance indicator: 3.0
   Increment on tard indicator:     0.0
   Value of tmax indicator:         3.0

Task for patient = 9 with skills = {1,5} and cost = 60.3
   Vehicle #0 = 1, leaving at = 1033.0
   Vehicle #1 = 2, leaving at = 1077.0
   Increment on distance indicator: 12.0
   Increment on tard indicator:     0.0
   Value of tmax indicator:         12.0

Task for patient = 25 with skills = {5,-1} and cost = 56.3
   Vehicle #0 = 3, leaving at = 1029.0
   Vehicle #1 = -1, leaving at = inf
   Increment on distance indicator: 5.0
   Increment on tard indicator:     0.0
   Value of tmax indicator:         5.0

Task for patient = 14 with skills = {3,-1} and cost = 54.7
   Vehicle #0 = 4, leaving at = 997.0
   Vehicle #1 = -1, leaving at = inf
   Increment on distance indicator: 9.0
   Increment on tard indicator:     0.0
   Value of tmax indicator:         9.0

Task for patient = 23 with skills = {3,-1} and cost = 51.7
   Vehicle #0 = 2, leaving at = 1031.0
   Vehicle #1 = -1, leaving at = inf
   Increment on distance indicator: 3.0
   Increment on tard indicator:     0.0
   Value of tmax indicator:         3.0

Task for patient = 17 with skills = {0,4} and cost = 50.7
   Vehicle #0 = 0, leaving at = 986.0
   Vehicle #1 = 3, leaving at = 986.0
   Increment on distance indicator: 8.0
   Increment on tard indicator:     0.0
   Value of tmax indicator:         8.0

Task for patient = 6 with skills = {5,-1} and cost = 48.0
   Vehicle #0 = 3, leaving at = 931.0
   Vehicle #1 = -1, leaving at = inf
   Increment on distance indicator: 5.0
   Increment on tard indicator:     0.0
   Value of tmax indicator:         5.0

Task for patient = 20 with skills = {1,3} and cost = 46.3
   Vehicle #0 = 1, leaving at = 916.0
   Vehicle #1 = 2, leaving at = 928.0
   Increment on distance indicator: 14.0
   Increment on tard indicator:     0.0
   Value of tmax indicator:         14.0

Task for patient = 22 with skills = {3,-1} and cost = 41.7
   Vehicle #0 = 2, leaving at = 903.0
   Vehicle #1 = -1, leaving at = inf
   Increment on distance indicator: 7.0
   Increment on tard indicator:     0.0
   Value of tmax indicator:         7.0

Task for patient = 21 with skills = {1,4} and cost = 39.3
   Vehicle #0 = 0, leaving at = 895.0
   Vehicle #1 = 3, leaving at = 895.0
   Increment on distance indicator: 10.0
   Increment on tard indicator:     0.0
   Value of tmax indicator:         10.0

Task for patient = 3 with skills = {2,-1} and cost = 36.0
   Vehicle #0 = 0, leaving at = 840.0
   Vehicle #1 = -1, leaving at = inf
   Increment on distance indicator: 5.0
   Increment on tard indicator:     0.0
   Value of tmax indicator:         5.0

Task for patient = 24 with skills = {2,-1} and cost = 64.0
   Vehicle #0 = 0, leaving at = 1060.0
   Vehicle #1 = -1, leaving at = inf
   Increment on distance indicator: 8.0
   Increment on tard indicator:     0.0
   Value of tmax indicator:         8.0

Task for patient = 8 with skills = {1,4} and cost = 33.3
   Vehicle #0 = 1, leaving at = 732.0
   Vehicle #1 = 3, leaving at = 732.0
   Increment on distance indicator: 9.0
   Increment on tard indicator:     0.0
   Value of tmax indicator:         9.0

Task for patient = 15 with skills = {3,-1} and cost = 30.3
   Vehicle #0 = 4, leaving at = 844.0
   Vehicle #1 = -1, leaving at = inf
   Increment on distance indicator: 4.0
   Increment on tard indicator:     0.0
   Value of tmax indicator:         4.0

Task for patient = 1 with skills = {2,4} and cost = 29.0
   Vehicle #0 = 0, leaving at = 814.0
   Vehicle #1 = 4, leaving at = 816.0
   Increment on distance indicator: 14.0
   Increment on tard indicator:     0.0
   Value of tmax indicator:         14.0

Task for patient = 5 with skills = {1,-1} and cost = 24.3
   Vehicle #0 = 0, leaving at = 765.0
   Vehicle #1 = -1, leaving at = inf
   Increment on distance indicator: 13.0
   Increment on tard indicator:     0.0
   Value of tmax indicator:         13.0

Task for patient = 12 with skills = {2,-1} and cost = 20.0
   Vehicle #0 = 0, leaving at = 732.0
   Vehicle #1 = -1, leaving at = inf
   Increment on distance indicator: 6.0
   Increment on tard indicator:     0.0
   Value of tmax indicator:         6.0

Task for patient = 16 with skills = {3,-1} and cost = 18.0
   Vehicle #0 = 2, leaving at = 736.0
   Vehicle #1 = -1, leaving at = inf
   Increment on distance indicator: 4.0
   Increment on tard indicator:     0.0
   Value of tmax indicator:         4.0

Task for patient = 11 with skills = {3,-1} and cost = 16.7
   Vehicle #0 = 4, leaving at = 746.0
   Vehicle #1 = -1, leaving at = inf
   Increment on distance indicator: 4.0
   Increment on tard indicator:     0.0
   Value of tmax indicator:         4.0

Task for patient = 2 with skills = {0,3} and cost = 15.3
   Vehicle #0 = 1, leaving at = 655.0
   Vehicle #1 = 2, leaving at = 655.0
   Increment on distance indicator: 9.0
   Increment on tard indicator:     0.0
   Value of tmax indicator:         9.0

Task for patient = 18 with skills = {1,-1} and cost = 12.3
   Vehicle #0 = 1, leaving at = 594.0
   Vehicle #1 = -1, leaving at = inf
   Increment on distance indicator: 7.0
   Increment on tard indicator:     0.0
   Value of tmax indicator:         7.0

Task for patient = 13 with skills = {2,4} and cost = 10.0
   Vehicle #0 = 0, leaving at = 668.0
   Vehicle #1 = 3, leaving at = 685.0
   Increment on distance indicator: 15.0
   Increment on tard indicator:     0.0
   Value of tmax indicator:         15.0

Task for patient = 19 with skills = {3,-1} and cost = 5.0
   Vehicle #0 = 2, leaving at = 507.0
   Vehicle #1 = -1, leaving at = inf
   Increment on distance indicator: 8.0
   Increment on tard indicator:     0.0
   Value of tmax indicator:         8.0

Task for patient = 7 with skills = {2,-1} and cost = 2.3
   Vehicle #0 = 0, leaving at = 615.0
   Vehicle #1 = -1, leaving at = inf
   Increment on distance indicator: 7.0
   Increment on tard indicator:     0.0
   Value of tmax indicator:         7.0

Task for patient = 10 with skills = {3,-1} and cost = 34.3
   Vehicle #0 = 2, leaving at = 841.0
   Vehicle #1 = -1, leaving at = inf
   Increment on distance indicator: 3.0
   Increment on tard indicator:     0.0
   Value of tmax indicator:         3.0


Unused vehicle list: (total = 0 out of 5)

---
Search finished.
Total of 1900 generations in 104.9 seconds.
Exchange elite runs: 23
Implicit path relinking runs: 10
Reset attempts: 15

Best solution found:
   Cost: 71.7
   Total travel time: 215.0
   Total tardiness time: 0.0
   Largest tardiness: 0.0


71.7
