This host is: panku
--- BRKGA-MP-IPR for HHCRSP ---
Instance: new-dataset/instances-300/HHCRSP_300_60_46_0.4_R_C.txt
Seed: 18

Reading data... Problem contains 300 patients  and 60 caregivers.

Summary of supply x demand for each service type:
Skill 0 has supply = 16 and demand = 59, ratio = 0.271186
Skill 1 has supply = 22 and demand = 66, ratio = 0.333333
Skill 2 has supply = 18 and demand = 52, ratio = 0.346154
Skill 3 has supply = 22 and demand = 69, ratio = 0.318841
Skill 4 has supply = 21 and demand = 67, ratio = 0.313433
Skill 5 has supply = 24 and demand = 77, ratio = 0.311688

Reading parameters...
Inferred distance function by PR type: kendall-tau
Building BRKGA data and initializing...
Evolving 1900 generations...

  Gens  Rem    Local   ElDiv NoImpr             Best solution            Time  Op
                                       Cost     Dist    Tard    TMax 
*    0 1900  6103.00  403.04      0  6103.00  5422.00 12475.0   412.0     0.4    
*    3 1897  5972.33  308.42      0  5972.33  5423.00 12002.0   359.0     1.7    
*    4 1896  5928.00  310.29      0  5928.00  5393.00 10865.0   438.0     2.1    
*    5 1895  5565.33  312.18      0  5565.33  5370.00 10310.0   394.0     2.5    
*    6 1894  5358.00  296.03      0  5358.00  5472.00  9102.0   438.0     3.0    
*    7 1893  5004.00  243.21      0  5004.00  5285.00  9180.0   323.0     3.4    
*    8 1892  4929.33  282.75      0  4929.33  5406.00  6365.0   350.0     3.8    
*    9 1891  4040.33  290.47      0  4040.33  5406.00  6365.0   350.0     4.3    
*   11 1889  3666.67  273.23      0  3666.67  5291.00  5263.0   335.0     5.1    
*   12 1888  3629.67  232.77      0  3629.67  5291.00  5263.0   335.0     5.5    
*   14 1886  3352.33  224.17      0  3352.33  5297.00  3402.0   254.0     6.3    
*   15 1885  2984.33  217.74      0  2984.33  5067.00  3158.0   274.0     6.8    
*   16 1884  2833.00  212.36      0  2833.00  5045.00  2684.0   394.0     7.2    
*   17 1883  2707.67  210.52      0  2707.67  4896.00  2663.0   164.0     7.6    
*   18 1882  2574.33  189.49      0  2574.33  4896.00  2663.0   164.0     8.0    

  Gens  Rem    Local   ElDiv NoImpr             Best solution            Time  Op
                                       Cost     Dist    Tard    TMax 
*   20 1880  2520.33  164.05      0  2520.33  4893.00  2071.0   291.0     8.9    
*   21 1879  2418.33  155.22      0  2418.33  5141.00  1699.0   244.0     9.3    
*   22 1878  2361.33  140.01      0  2361.33  5191.00  1527.0   202.0     9.7    
*   23 1877  2306.67  129.32      0  2306.67  4981.00  1321.0   212.0    10.1    
*   24 1876  2171.33  129.71      0  2171.33  4954.00  1230.0   190.0    10.5    
*   25 1875  2124.67  119.66      0  2124.67  5074.00  1054.0   108.0    11.0    
*   26 1874  2078.67  119.59      0  2078.67  5097.00   408.0    97.0    11.4    
*   27 1873  1867.33  121.53      0  1867.33  5059.00   341.0    47.0    11.8    
*   28 1872  1815.67  110.10      0  1815.67  5059.00   341.0    47.0    12.3    
*   30 1870  1788.33   87.07      0  1788.33  4904.00   328.0   133.0    13.1    
*   32 1868  1777.33   72.92      0  1777.33  4939.00   317.0    76.0    13.9    
*   34 1866  1740.67   64.11      0  1740.67  4771.00   296.0    73.0    14.8    
*   35 1865  1713.33   59.14      0  1713.33  4771.00   296.0    73.0    15.2    
*   37 1863  1712.00   52.77      0  1712.00  4755.00   192.0    34.0    16.0    
*   38 1862  1660.33   52.98      0  1660.33  4781.00    94.0    46.0    16.4    
*   39 1861  1640.33   47.38      0  1640.33  4772.00    46.0    26.0    16.9    

  Gens  Rem    Local   ElDiv NoImpr             Best solution            Time  Op
                                       Cost     Dist    Tard    TMax 
*   40 1860  1614.67   42.39      0  1614.67  4772.00    46.0    26.0    17.3    
*   42 1858  1578.33   35.97      0  1578.33  4702.00    24.0     9.0    18.1    
*   46 1854  1552.33   29.00      0  1552.33  4555.00    73.0    29.0    19.7    
    50 1850  1552.33   22.87      4  1552.33  4555.00    73.0    29.0    21.3    
*   51 1849  1536.33   20.36      0  1536.33  4559.00    35.0    15.0    21.7    
*   54 1846  1534.00   16.59      0  1534.00  4568.00    26.0     8.0    23.0    
*   56 1844  1519.00   15.66      0  1519.00  4525.00    26.0     6.0    23.8    
*   58 1842  1516.00   14.19      0  1516.00  4413.00    45.0     9.0    24.6    
*   59 1841  1489.00   14.32      0  1489.00  4413.00    45.0     9.0    25.1    
*   67 1833  1488.00   13.81      0  1488.00  4406.00    31.0     9.0    28.5    
*   68 1832  1482.00   13.05      0  1482.00  4406.00    31.0     9.0    28.8    
*   73 1827  1460.00   12.22      0  1460.00  4372.00     6.0     2.0    30.9    
*   80 1820  1454.67   12.23      0  1454.67  4352.00     9.0     3.0    33.9    
    80 1820  1454.67    9.29      1  1454.67  4352.00     9.0     3.0    33.9   X
*   86 1814  1453.00    8.73      0  1453.00  4328.00    24.0     7.0    36.5    
*   90 1810  1437.00    8.85      0  1437.00  4281.00    18.0    12.0    38.1    

  Gens  Rem    Local   ElDiv NoImpr             Best solution            Time  Op
                                       Cost     Dist    Tard    TMax 
   100 1800  1437.00    8.66     10  1437.00  4281.00    18.0    12.0    42.4    
*  106 1794  1435.67    8.56      0  1435.67  4297.00     8.0     2.0    44.9    
*  111 1789  1418.00    8.91      0  1418.00  4238.00    14.0     2.0    47.0    
*  124 1776  1413.67    9.49      0  1413.67  4215.00    19.0     7.0    52.5    
*  129 1771  1413.33    9.48      0  1413.33  4231.00     6.0     3.0    54.6    
*  144 1756  1407.00    7.88      0  1407.00  4195.00    21.0     5.0    60.9    
*  149 1751  1383.67    8.43      0  1383.67  4133.00    15.0     3.0    63.0    
   150 1750  1383.67    8.50      1  1383.67  4133.00    15.0     3.0    63.4    
   160 1740  1383.67    7.13     12  1383.67  4133.00    15.0     3.0    67.5   X
*  180 1720  1383.00    6.60      0  1383.00  4138.00     8.0     3.0    76.0    
Path relinking result: best improvement.
   180 1720  1358.67    7.67      0  1383.00  4138.00     8.0     3.0    76.7   P
*  181 1719  1358.67    7.75      0  1358.67  4076.00     0.0     0.0    77.1    
*  183 1717  1355.00    8.14      0  1355.00  4060.00     3.0     2.0    77.9    
   200 1700  1355.00    7.57     17  1355.00  4060.00     3.0     2.0    85.0    
*  204 1696  1353.33    7.63      0  1353.33  4038.00    16.0     6.0    86.7    
*  215 1685  1352.00    7.78      0  1352.00  4056.00     0.0     0.0    91.3    

  Gens  Rem    Local   ElDiv NoImpr             Best solution            Time  Op
                                       Cost     Dist    Tard    TMax 
*  217 1683  1349.67    7.90      0  1349.67  4020.00    20.0     9.0    92.1    
*  229 1671  1345.67    7.90      0  1345.67  4021.00    11.0     5.0    97.2    
*  236 1664  1338.67    7.85      0  1338.67  4016.00     0.0     0.0   100.1    
*  238 1662  1325.67    8.04      0  1325.67  3957.00    15.0     5.0   101.0    
   240 1660  1325.67    7.92      3  1325.67  3957.00    15.0     5.0   101.8   X
   250 1650  1325.67    7.27     12  1325.67  3957.00    15.0     5.0   106.1    
*  277 1623  1321.33    6.67      0  1321.33  3954.00     5.0     5.0   117.6    
*  280 1620  1321.00    6.79      0  1321.00  3963.00     0.0     0.0   118.9    
*  283 1617  1319.00    7.15      0  1319.00  3955.00     1.0     1.0   120.2    
*  290 1610  1283.33    7.84      0  1283.33  3846.00     2.0     2.0   123.1    
   300 1600  1283.33    7.85     10  1283.33  3846.00     2.0     2.0   127.3    
   320 1580  1283.33    7.77     31  1283.33  3846.00     2.0     2.0   135.5   X
*  348 1552  1282.67    7.75      0  1282.67  3821.00    17.0    10.0   147.1    
   350 1550  1282.67    7.70      2  1282.67  3821.00    17.0    10.0   148.0    
Path relinking result: best improvement.
   360 1540  1281.00    7.78      0  1282.67  3821.00    17.0    10.0   152.9   P
*  361 1539  1281.00    7.68      0  1281.00  3837.00     3.0     3.0   153.3    

  Gens  Rem    Local   ElDiv NoImpr             Best solution            Time  Op
                                       Cost     Dist    Tard    TMax 
*  375 1525  1279.33    7.65      0  1279.33  3834.00     3.0     1.0   159.2    
*  380 1520  1275.00    7.76      0  1275.00  3795.00    25.0     5.0   161.3    
*  386 1514  1272.33    7.73      0  1272.33  3811.00     4.0     2.0   163.7    
   400 1500  1272.33    7.17     14  1272.33  3811.00     4.0     2.0   169.7    
   400 1500  1272.33    5.23     15  1272.33  3811.00     4.0     2.0   169.8   X
*  403 1497  1256.33    5.43      0  1256.33  3755.00    11.0     3.0   171.0    
*  440 1460  1254.33    6.47      0  1254.33  3753.00     7.0     3.0   186.6    
*  447 1453  1252.33    6.74      0  1252.33  3748.00     5.0     2.0   189.5    
*  448 1452  1251.67    6.79      0  1251.67  3748.00     5.0     2.0   189.9    
   450 1450  1251.67    6.98      2  1251.67  3748.00     5.0     2.0   190.8    
*  451 1449  1245.00    7.13      0  1245.00  3716.00    14.0     5.0   191.2    
*  454 1446  1237.67    7.61      0  1237.67  3702.00     7.0     4.0   192.4    
*  469 1431  1229.33    9.19      0  1229.33  3688.00     0.0     0.0   198.7    
   480 1420  1216.67    9.47      0  1229.33  3688.00     0.0     0.0   203.4   X
*  481 1419  1216.67    9.37      0  1216.67  3626.00    19.0     5.0   203.8    
*  491 1409  1213.67    7.54      0  1213.67  3631.00     6.0     4.0   207.9    

  Gens  Rem    Local   ElDiv NoImpr             Best solution            Time  Op
                                       Cost     Dist    Tard    TMax 
   500 1400  1213.67    7.25      9  1213.67  3631.00     6.0     4.0   211.7    
*  505 1395  1203.67    8.12      0  1203.67  3601.00     7.0     3.0   213.9    
*  520 1380  1202.67    8.03      0  1202.67  3605.00     2.0     1.0   220.2    
*  539 1361  1196.33    7.32      0  1196.33  3582.00     4.0     3.0   228.1    
Path relinking result: best improvement.
   540 1360  1195.67    7.65      0  1196.33  3582.00     4.0     3.0   229.1   P
*  541 1359  1195.67    7.59      0  1195.67  3585.00     1.0     1.0   229.5    
*  550 1350  1189.33    7.61      0  1189.33  3568.00     0.0     0.0   233.3    
*  559 1341  1177.67    8.56      0  1177.67  3527.00     3.0     3.0   237.1    
   560 1340  1177.67    7.24      2  1177.67  3527.00     3.0     3.0   237.5   X
*  567 1333  1171.67    6.09      0  1171.67  3515.00     0.0     0.0   240.5    
*  594 1306  1169.33    5.97      0  1169.33  3508.00     0.0     0.0   251.6    
   600 1300  1169.33    5.48      6  1169.33  3508.00     0.0     0.0   254.2    
*  603 1297  1165.67    5.62      0  1165.67  3496.00     0.0     0.0   255.4    
*  604 1296  1165.33    5.51      0  1165.33  3496.00     0.0     0.0   255.8    
*  606 1294  1163.00    5.55      0  1163.00  3487.00     1.0     1.0   256.6    
*  609 1291  1154.33    6.02      0  1154.33  3463.00     0.0     0.0   257.9    

  Gens  Rem    Local   ElDiv NoImpr             Best solution            Time  Op
                                       Cost     Dist    Tard    TMax 
*  617 1283  1151.00    5.95      0  1151.00  3453.00     0.0     0.0   261.2    
   640 1260  1149.33    3.67      0  1151.00  3453.00     0.0     0.0   270.9   X
*  641 1259  1149.33    3.67      0  1149.33  3442.00     4.0     2.0   271.3    
*  643 1257  1147.67    3.71      0  1147.67  3438.00     2.0     2.0   272.1    
*  644 1256  1147.33    3.71      0  1147.33  3438.00     2.0     2.0   272.6    
*  646 1254  1142.33    3.79      0  1142.33  3425.00     1.0     1.0   273.4    
   650 1250  1142.33    3.66      4  1142.33  3425.00     1.0     1.0   275.1    
*  660 1240  1136.67    3.59      0  1136.67  3399.00     9.0     2.0   279.3    
*  678 1222  1136.33    3.61      0  1136.33  3409.00     0.0     0.0   286.9    
*  684 1216  1133.00    4.00      0  1133.00  3399.00     0.0     0.0   289.4    
*  692 1208  1132.00    4.06      0  1132.00  3396.00     0.0     0.0   292.8    
*  700 1200  1127.33    4.52      0  1127.33  3378.00     2.0     2.0   296.2    
*  705 1195  1126.33    5.15      0  1126.33  3375.00     2.0     2.0   298.3    
*  708 1192  1125.00    5.24      0  1125.00  3369.00     4.0     2.0   299.5    
*  720 1180  1122.00    5.01      0  1122.00  3362.00     2.0     2.0   304.4    
Path relinking result: best improvement.
   720 1180  1115.33    4.27      0  1122.00  3362.00     2.0     2.0   305.1  PX

  Gens  Rem    Local   ElDiv NoImpr             Best solution            Time  Op
                                       Cost     Dist    Tard    TMax 
*  721 1179  1115.33    4.35      0  1115.33  3336.00     2.0     2.0   305.5    
*  722 1178  1113.33    4.20      0  1113.33  3336.00     2.0     2.0   305.9    
*  746 1154  1110.00    3.21      0  1110.00  3326.00     2.0     2.0   316.0    
   750 1150  1110.00    3.28      4  1110.00  3326.00     2.0     2.0   317.6    
*  751 1149  1108.67    3.15      0  1108.67  3317.00     6.0     3.0   318.0    
*  756 1144  1106.33    3.25      0  1106.33  3301.00     3.0     2.0   320.1    
*  757 1143  1102.00    3.12      0  1102.00  3301.00     3.0     2.0   320.5    
*  773 1127  1101.67    2.54      0  1101.67  3296.00     6.0     3.0   327.2    
*  775 1125  1101.00    2.39      0  1101.00  3294.00     6.0     3.0   328.0    
*  777 1123  1100.33    2.08      0  1100.33  3292.00     6.0     3.0   328.8    
*  779 1121  1099.67    1.74      0  1099.67  3290.00     6.0     3.0   329.7    
*  785 1115  1099.33    0.93      0  1099.33  3285.00     6.0     3.0   332.2    
*  786 1114  1098.00    0.88      0  1098.00  3285.00     6.0     3.0   332.6    
*  790 1110  1097.67    0.69      0  1097.67  3284.00     6.0     3.0   334.3    
*  792 1108  1097.00    0.67      0  1097.00  3282.00     6.0     3.0   335.1    
*  796 1104  1096.67    0.70      0  1096.67  3279.00     6.0     3.0   336.8    

  Gens  Rem    Local   ElDiv NoImpr             Best solution            Time  Op
                                       Cost     Dist    Tard    TMax 
*  797 1103  1096.00    0.72      0  1096.00  3279.00     6.0     3.0   337.2    
*  799 1101  1095.00    0.77      0  1095.00  3273.00     6.0     3.0   338.0    
*  800 1100  1094.00    0.76      0  1094.00  3273.00     6.0     3.0   338.5    
   800 1100  1094.00    0.63      1  1094.00  3273.00     6.0     3.0   338.5   X
*  805 1095  1093.67    0.75      0  1093.67  3263.00     7.0     3.0   340.6    
*  806 1094  1091.00    0.77      0  1091.00  3263.00     7.0     3.0   341.0    
*  818 1082  1088.67    1.05      0  1088.67  3254.00     9.0     3.0   346.0    
*  825 1075  1088.00    0.82      0  1088.00  3252.00     9.0     3.0   348.9    
*  829 1071  1087.33    0.67      0  1087.33  3250.00     9.0     3.0   350.5    
*  834 1066  1086.67    0.61      0  1086.67  3250.00     7.0     3.0   352.6    
*  844 1056  1086.00    0.76      0  1086.00  3248.00     7.0     3.0   356.7    
   850 1050  1086.00    0.68      6  1086.00  3248.00     7.0     3.0   359.2    
*  852 1048  1085.33    0.69      0  1085.33  3246.00     7.0     3.0   360.1    
*  854 1046  1085.00    0.60      0  1085.00  3245.00     7.0     3.0   360.9    
*  862 1038  1084.00    0.83      0  1084.00  3242.00     7.0     3.0   364.2    
*  870 1030  1083.67    1.00      0  1083.67  3241.00     7.0     3.0   367.5    

  Gens  Rem    Local   ElDiv NoImpr             Best solution            Time  Op
                                       Cost     Dist    Tard    TMax 
   880 1020  1083.67    0.27     11  1083.67  3241.00     7.0     3.0   371.7   X
*  882 1018  1083.00    0.30      0  1083.00  3239.00     7.0     3.0   372.6    
*  885 1015  1082.33    0.38      0  1082.33  3237.00     7.0     3.0   373.9    
*  888 1012  1082.00    0.50      0  1082.00  3236.00     7.0     3.0   375.1    
*  897 1003  1081.33    0.28      0  1081.33  3235.00     6.0     3.0   378.9    
*  900 1000  1081.00    0.13      0  1081.00  3233.00     7.0     3.0   380.1    
Path relinking result: elite improvement.
   900 1000  1081.00    0.13      1  1081.00  3233.00     7.0     3.0   380.8   P
*  918  982  1080.67    0.41      0  1080.67  3232.00     7.0     3.0   388.4    
*  944  956  1080.33    0.42      0  1080.33  3231.00     7.0     3.0   399.3    
   950  950  1080.33    0.45      6  1080.33  3231.00     7.0     3.0   401.7    
*  960  940  1079.33    0.55      0  1079.33  3228.00     7.0     3.0   405.8    
   960  940  1079.33    0.34      1  1079.33  3228.00     7.0     3.0   405.9   X
*  963  937  1079.00    0.42      0  1079.00  3227.00     7.0     3.0   407.1    
*  969  931  1078.33    0.13      0  1078.33  3225.00     7.0     3.0   409.6    
*  976  924  1078.00    0.07      0  1078.00  3224.00     7.0     3.0   412.4    
*  992  908  1077.67    0.15      0  1077.67  3223.00     7.0     3.0   419.1    

  Gens  Rem    Local   ElDiv NoImpr             Best solution            Time  Op
                                       Cost     Dist    Tard    TMax 
  1000  900  1077.67    0.20      8  1077.67  3223.00     7.0     3.0   422.5    
  1040  860  1077.67    0.00     49  1077.67  3223.00     7.0     3.0   439.4   X
  1050  850  1077.67    0.00     58  1077.67  3223.00     7.0     3.0   443.6    
* 1074  826  1076.67    0.06      0  1076.67  3220.00     7.0     3.0   453.7    
* 1076  824  1076.33    0.12      0  1076.33  3219.00     7.0     3.0   454.5    
Path relinking result: elite improvement.
  1080  820  1076.33    0.16      5  1076.33  3219.00     7.0     3.0   456.8   P
  1100  800  1076.33    0.63     24  1076.33  3219.00     7.0     3.0   465.2    
* 1102  798  1075.00    0.65      0  1075.00  3215.00     7.0     3.0   466.0    
  1120  780  1075.00    0.95     19  1075.00  3215.00     7.0     3.0   473.6   X
* 1137  763  1074.00    0.06      0  1074.00  3212.00     7.0     3.0   480.7    
  1150  750  1074.00    0.08     13  1074.00  3212.00     7.0     3.0   486.1    
  1200  700  1074.00    0.16     63  1074.00  3212.00     7.0     3.0   507.1    
  1200  700  1074.00    0.27     64  1074.00  3212.00     7.0     3.0   507.1   X
  1250  650  1074.00    0.00    113  1074.00  3212.00     7.0     3.0   528.0    
Path relinking result: no improvement.
  1260  640  1074.00    0.00    124  1074.00  3212.00     7.0     3.0   532.6   P
  1280  620  1074.00    0.00    144  1074.00  3212.00     7.0     3.0   541.0   X

  Gens  Rem    Local   ElDiv NoImpr             Best solution            Time  Op
                                       Cost     Dist    Tard    TMax 
  1300  600  1074.00    0.00    163  1074.00  3212.00     7.0     3.0   549.4    
* 1347  553  1073.67    0.02      0  1073.67  3211.00     7.0     3.0   569.1    
  1350  550  1073.67    0.02      3  1073.67  3211.00     7.0     3.0   570.3    
  1360  540  1073.67    0.03     14  1073.67  3211.00     7.0     3.0   574.4   X
* 1393  507  1073.00    0.17      0  1073.00  3209.00     7.0     3.0   588.0    
  1400  500  1073.00    0.27      7  1073.00  3209.00     7.0     3.0   590.9    
Path relinking result: elite improvement.
  1440  460  1073.00    0.00     48  1073.00  3209.00     7.0     3.0   608.2  PX
* 1442  458  1072.00    0.14      0  1072.00  3206.00     7.0     3.0   609.0    
  1450  450  1072.00    0.46      8  1072.00  3206.00     7.0     3.0   612.3    
* 1465  435  1071.67    0.16      0  1071.67  3205.00     7.0     3.0   618.6    
* 1485  415  1071.33    0.15      0  1071.33  3204.00     7.0     3.0   626.9    
* 1497  403  1071.00    0.32      0  1071.00  3207.00     4.0     2.0   631.9    
  1500  400  1071.00    0.32      3  1071.00  3207.00     4.0     2.0   633.1    
* 1512  388  1070.67    0.35      0  1070.67  3206.00     4.0     2.0   638.1    
  1520  380  1070.67    0.46      9  1070.67  3206.00     4.0     2.0   641.5   X
* 1527  373  1070.33    0.16      0  1070.33  3201.00     7.0     3.0   644.3    

  Gens  Rem    Local   ElDiv NoImpr             Best solution            Time  Op
                                       Cost     Dist    Tard    TMax 
* 1537  363  1070.00    0.10      0  1070.00  3204.00     4.0     2.0   648.5    
* 1547  353  1069.67    0.29      0  1069.67  3203.00     4.0     2.0   652.7    
* 1550  350  1069.33    0.36      0  1069.33  3202.00     4.0     2.0   653.9    
* 1556  344  1069.00    0.45      0  1069.00  3201.00     4.0     2.0   656.5    
  1600  300  1069.00    0.47     44  1069.00  3201.00     4.0     2.0   674.8    
  1600  300  1069.00    0.47     45  1069.00  3201.00     4.0     2.0   674.8   X
Path relinking result: no improvement.
  1620  280  1069.00    0.00     65  1069.00  3201.00     4.0     2.0   683.7   P
  1650  250  1069.00    0.00     94  1069.00  3201.00     4.0     2.0   696.2    
  1680  220  1069.00    0.00    125  1069.00  3201.00     4.0     2.0   708.8   X
  1700  200  1069.00    0.00    144  1069.00  3201.00     4.0     2.0   717.3    
  1750  150  1069.00    0.00    194  1069.00  3201.00     4.0     2.0   738.2    
  1760  140  1069.00    0.00    205  1069.00  3201.00     4.0     2.0   742.4   X
  1800  100  1069.00    0.00    244  1069.00  3201.00     4.0     2.0   759.2    
Path relinking result: no improvement.
  1800  100  1069.00    0.00    245  1069.00  3201.00     4.0     2.0   759.7   P
  1840   60  1069.00    0.00    285  1069.00  3201.00     4.0     2.0   776.7   X
  1850   50  1069.00    0.00    294  1069.00  3201.00     4.0     2.0   780.9    

  Gens  Rem    Local   ElDiv NoImpr             Best solution            Time  Op
                                       Cost     Dist    Tard    TMax 
  1900    0  1069.00    0.00    344  1069.00  3201.00     4.0     2.0   801.4    
Evolutionary process finished.
Solution written to 'solution-15041.txt'.

Sorted sequence of worst to best tardiness value:
Task for patient = 67 with skills = {3,-1} and cost = 492.7
   Vehicle #0 = 34, leaving at = 818.0
   Vehicle #1 = -1, leaving at = inf
   Increment on distance indicator: 2.0
   Increment on tard indicator:     2.0
   Value of tmax indicator:         2.0

Task for patient = 90 with skills = {1,4} and cost = 695.7
   Vehicle #0 = 15, leaving at = 986.0
   Vehicle #1 = 36, leaving at = 995.0
   Increment on distance indicator: 10.0
   Increment on tard indicator:     1.0
   Value of tmax indicator:         10.0

Task for patient = 201 with skills = {5,-1} and cost = 615.7
   Vehicle #0 = 30, leaving at = 955.0
   Vehicle #1 = -1, leaving at = inf
   Increment on distance indicator: 4.0
   Increment on tard indicator:     1.0
   Value of tmax indicator:         4.0

Task for patient = 8 with skills = {0,-1} and cost = 583.0
   Vehicle #0 = 13, leaving at = 939.0
   Vehicle #1 = -1, leaving at = inf
   Increment on distance indicator: 4.0
   Increment on tard indicator:     0.0
   Value of tmax indicator:         4.0

Task for patient = 25 with skills = {4,-1} and cost = 581.7
   Vehicle #0 = 59, leaving at = 954.0
   Vehicle #1 = -1, leaving at = inf
   Increment on distance indicator: 3.0
   Increment on tard indicator:     0.0
   Value of tmax indicator:         3.0

Task for patient = 174 with skills = {2,-1} and cost = 580.7
   Vehicle #0 = 10, leaving at = 899.0
   Vehicle #1 = -1, leaving at = inf
   Increment on distance indicator: 3.0
   Increment on tard indicator:     0.0
   Value of tmax indicator:         3.0

Task for patient = 279 with skills = {2,-1} and cost = 579.7
   Vehicle #0 = 25, leaving at = 965.0
   Vehicle #1 = -1, leaving at = inf
   Increment on distance indicator: 3.0
   Increment on tard indicator:     0.0
   Value of tmax indicator:         3.0

Task for patient = 81 with skills = {2,4} and cost = 578.7
   Vehicle #0 = 25, leaving at = 921.0
   Vehicle #1 = 59, leaving at = 900.0
   Increment on distance indicator: 6.0
   Increment on tard indicator:     0.0
   Value of tmax indicator:         6.0

Task for patient = 140 with skills = {1,5} and cost = 576.7
   Vehicle #0 = 25, leaving at = 851.0
   Vehicle #1 = 59, leaving at = 869.0
   Increment on distance indicator: 11.0
   Increment on tard indicator:     0.0
   Value of tmax indicator:         11.0

Task for patient = 133 with skills = {1,-1} and cost = 573.0
   Vehicle #0 = 17, leaving at = 860.0
   Vehicle #1 = -1, leaving at = inf
   Increment on distance indicator: 4.0
   Increment on tard indicator:     0.0
   Value of tmax indicator:         4.0

Task for patient = 126 with skills = {5,-1} and cost = 571.7
   Vehicle #0 = 54, leaving at = 895.0
   Vehicle #1 = -1, leaving at = inf
   Increment on distance indicator: 4.0
   Increment on tard indicator:     0.0
   Value of tmax indicator:         4.0

Task for patient = 236 with skills = {1,-1} and cost = 585.0
   Vehicle #0 = 14, leaving at = 942.0
   Vehicle #1 = -1, leaving at = inf
   Increment on distance indicator: 6.0
   Increment on tard indicator:     0.0
   Value of tmax indicator:         6.0

Task for patient = 62 with skills = {4,-1} and cost = 568.7
   Vehicle #0 = 52, leaving at = 861.0
   Vehicle #1 = -1, leaving at = inf
   Increment on distance indicator: 2.0
   Increment on tard indicator:     0.0
   Value of tmax indicator:         2.0

Task for patient = 218 with skills = {1,5} and cost = 568.0
   Vehicle #0 = 25, leaving at = 810.0
   Vehicle #1 = 39, leaving at = 817.0
   Increment on distance indicator: 3.0
   Increment on tard indicator:     0.0
   Value of tmax indicator:         3.0

Task for patient = 232 with skills = {5,-1} and cost = 567.0
   Vehicle #0 = 32, leaving at = 907.0
   Vehicle #1 = -1, leaving at = inf
   Increment on distance indicator: 11.0
   Increment on tard indicator:     0.0
   Value of tmax indicator:         11.0

Task for patient = 189 with skills = {1,-1} and cost = 563.3
   Vehicle #0 = 0, leaving at = 983.0
   Vehicle #1 = -1, leaving at = inf
   Increment on distance indicator: 4.0
   Increment on tard indicator:     0.0
   Value of tmax indicator:         4.0

Task for patient = 86 with skills = {2,3} and cost = 562.0
   Vehicle #0 = 19, leaving at = 806.0
   Vehicle #1 = 38, leaving at = 821.0
   Increment on distance indicator: 4.0
   Increment on tard indicator:     0.0
   Value of tmax indicator:         4.0

Task for patient = 199 with skills = {0,4} and cost = 560.7
   Vehicle #0 = 14, leaving at = 892.0
   Vehicle #1 = 36, leaving at = 890.0
   Increment on distance indicator: 10.0
   Increment on tard indicator:     0.0
   Value of tmax indicator:         10.0

Task for patient = 223 with skills = {1,5} and cost = 557.3
   Vehicle #0 = 17, leaving at = 834.0
   Vehicle #1 = 45, leaving at = 848.0
   Increment on distance indicator: 14.0
   Increment on tard indicator:     0.0
   Value of tmax indicator:         14.0

Task for patient = 46 with skills = {0,-1} and cost = 570.3
   Vehicle #0 = 20, leaving at = 839.0
   Vehicle #1 = -1, leaving at = inf
   Increment on distance indicator: 5.0
   Increment on tard indicator:     0.0
   Value of tmax indicator:         5.0

Task for patient = 299 with skills = {0,-1} and cost = 625.7
   Vehicle #0 = 5, leaving at = 862.0
   Vehicle #1 = -1, leaving at = inf
   Increment on distance indicator: 2.0
   Increment on tard indicator:     0.0
   Value of tmax indicator:         2.0

Task for patient = 72 with skills = {4,-1} and cost = 625.0
   Vehicle #0 = 38, leaving at = 968.0
   Vehicle #1 = -1, leaving at = inf
   Increment on distance indicator: 3.0
   Increment on tard indicator:     0.0
   Value of tmax indicator:         3.0

Task for patient = 115 with skills = {2,5} and cost = 624.0
   Vehicle #0 = 2, leaving at = 842.0
   Vehicle #1 = 43, leaving at = 838.0
   Increment on distance indicator: 12.0
   Increment on tard indicator:     0.0
   Value of tmax indicator:         12.0

Task for patient = 175 with skills = {4,-1} and cost = 620.0
   Vehicle #0 = 31, leaving at = 978.0
   Vehicle #1 = -1, leaving at = inf
   Increment on distance indicator: 6.0
   Increment on tard indicator:     0.0
   Value of tmax indicator:         6.0

Task for patient = 156 with skills = {0,-1} and cost = 618.0
   Vehicle #0 = 8, leaving at = 893.0
   Vehicle #1 = -1, leaving at = inf
   Increment on distance indicator: 3.0
   Increment on tard indicator:     0.0
   Value of tmax indicator:         3.0

Task for patient = 12 with skills = {2,5} and cost = 617.0
   Vehicle #0 = 6, leaving at = 923.0
   Vehicle #1 = 48, leaving at = 922.0
   Increment on distance indicator: 4.0
   Increment on tard indicator:     0.0
   Value of tmax indicator:         4.0

Task for patient = 116 with skills = {4,-1} and cost = 614.0
   Vehicle #0 = 39, leaving at = 931.0
   Vehicle #1 = -1, leaving at = inf
   Increment on distance indicator: 2.0
   Increment on tard indicator:     0.0
   Value of tmax indicator:         2.0

Task for patient = 164 with skills = {2,5} and cost = 613.3
   Vehicle #0 = 6, leaving at = 893.0
   Vehicle #1 = 48, leaving at = 886.0
   Increment on distance indicator: 11.0
   Increment on tard indicator:     0.0
   Value of tmax indicator:         11.0

Task for patient = 254 with skills = {5,-1} and cost = 587.0
   Vehicle #0 = 39, leaving at = 851.0
   Vehicle #1 = -1, leaving at = inf
   Increment on distance indicator: 6.0
   Increment on tard indicator:     0.0
   Value of tmax indicator:         6.0

Task for patient = 83 with skills = {2,5} and cost = 607.7
   Vehicle #0 = 20, leaving at = 902.0
   Vehicle #1 = 45, leaving at = 885.0
   Increment on distance indicator: 9.0
   Increment on tard indicator:     0.0
   Value of tmax indicator:         9.0

Task for patient = 294 with skills = {3,-1} and cost = 604.7
   Vehicle #0 = 40, leaving at = 904.0
   Vehicle #1 = -1, leaving at = inf
   Increment on distance indicator: 4.0
   Increment on tard indicator:     0.0
   Value of tmax indicator:         4.0

Task for patient = 5 with skills = {1,3} and cost = 603.3
   Vehicle #0 = 9, leaving at = 1022.0
   Vehicle #1 = 49, leaving at = 1001.0
   Increment on distance indicator: 8.0
   Increment on tard indicator:     0.0
   Value of tmax indicator:         8.0

Task for patient = 73 with skills = {1,-1} and cost = 600.7
   Vehicle #0 = 22, leaving at = 933.0
   Vehicle #1 = -1, leaving at = inf
   Increment on distance indicator: 6.0
   Increment on tard indicator:     0.0
   Value of tmax indicator:         6.0

Task for patient = 187 with skills = {1,4} and cost = 598.7
   Vehicle #0 = 24, leaving at = 909.0
   Vehicle #1 = 52, leaving at = 901.0
   Increment on distance indicator: 16.0
   Increment on tard indicator:     0.0
   Value of tmax indicator:         16.0

Task for patient = 252 with skills = {3,-1} and cost = 593.3
   Vehicle #0 = 35, leaving at = 826.0
   Vehicle #1 = -1, leaving at = inf
   Increment on distance indicator: 5.0
   Increment on tard indicator:     0.0
   Value of tmax indicator:         5.0

Task for patient = 84 with skills = {0,4} and cost = 591.7
   Vehicle #0 = 4, leaving at = 849.0
   Vehicle #1 = 53, leaving at = 897.0
   Increment on distance indicator: 14.0
   Increment on tard indicator:     0.0
   Value of tmax indicator:         14.0

Task for patient = 28 with skills = {5,-1} and cost = 629.0
   Vehicle #0 = 41, leaving at = 958.0
   Vehicle #1 = -1, leaving at = inf
   Increment on distance indicator: 10.0
   Increment on tard indicator:     0.0
   Value of tmax indicator:         10.0

Task for patient = 280 with skills = {0,-1} and cost = 609.7
   Vehicle #0 = 3, leaving at = 861.0
   Vehicle #1 = -1, leaving at = inf
   Increment on distance indicator: 6.0
   Increment on tard indicator:     0.0
   Value of tmax indicator:         6.0

Task for patient = 17 with skills = {1,-1} and cost = 503.7
   Vehicle #0 = 18, leaving at = 860.0
   Vehicle #1 = -1, leaving at = inf
   Increment on distance indicator: 4.0
   Increment on tard indicator:     0.0
   Value of tmax indicator:         4.0

Task for patient = 198 with skills = {4,-1} and cost = 502.3
   Vehicle #0 = 31, leaving at = 799.0
   Vehicle #1 = -1, leaving at = inf
   Increment on distance indicator: 10.0
   Increment on tard indicator:     0.0
   Value of tmax indicator:         10.0

Task for patient = 27 with skills = {3,-1} and cost = 499.0
   Vehicle #0 = 41, leaving at = 802.0
   Vehicle #1 = -1, leaving at = inf
   Increment on distance indicator: 5.0
   Increment on tard indicator:     0.0
   Value of tmax indicator:         5.0

Task for patient = 113 with skills = {1,-1} and cost = 497.3
   Vehicle #0 = 22, leaving at = 723.0
   Vehicle #1 = -1, leaving at = inf
   Increment on distance indicator: 5.0
   Increment on tard indicator:     0.0
   Value of tmax indicator:         5.0

Task for patient = 246 with skills = {0,-1} and cost = 495.7
   Vehicle #0 = 13, leaving at = 877.0
   Vehicle #1 = -1, leaving at = inf
   Increment on distance indicator: 3.0
   Increment on tard indicator:     0.0
   Value of tmax indicator:         3.0

Task for patient = 259 with skills = {5,-1} and cost = 494.7
   Vehicle #0 = 54, leaving at = 856.0
   Vehicle #1 = -1, leaving at = inf
   Increment on distance indicator: 6.0
   Increment on tard indicator:     0.0
   Value of tmax indicator:         6.0

Task for patient = 66 with skills = {1,-1} and cost = 490.7
   Vehicle #0 = 0, leaving at = 913.0
   Vehicle #1 = -1, leaving at = inf
   Increment on distance indicator: 5.0
   Increment on tard indicator:     0.0
   Value of tmax indicator:         5.0

Task for patient = 91 with skills = {5,-1} and cost = 489.0
   Vehicle #0 = 44, leaving at = 871.0
   Vehicle #1 = -1, leaving at = inf
   Increment on distance indicator: 4.0
   Increment on tard indicator:     0.0
   Value of tmax indicator:         4.0

Task for patient = 293 with skills = {0,3} and cost = 552.7
   Vehicle #0 = 19, leaving at = 724.0
   Vehicle #1 = 38, leaving at = 694.0
   Increment on distance indicator: 6.0
   Increment on tard indicator:     0.0
   Value of tmax indicator:         6.0

Task for patient = 195 with skills = {4,-1} and cost = 486.3
   Vehicle #0 = 47, leaving at = 885.0
   Vehicle #1 = -1, leaving at = inf
   Increment on distance indicator: 9.0
   Increment on tard indicator:     0.0
   Value of tmax indicator:         9.0

Task for patient = 75 with skills = {2,4} and cost = 483.3
   Vehicle #0 = 24, leaving at = 669.0
   Vehicle #1 = 52, leaving at = 697.0
   Increment on distance indicator: 30.0
   Increment on tard indicator:     0.0
   Value of tmax indicator:         30.0

Task for patient = 142 with skills = {2,-1} and cost = 473.3
   Vehicle #0 = 9, leaving at = 971.0
   Vehicle #1 = -1, leaving at = inf
   Increment on distance indicator: 5.0
   Increment on tard indicator:     0.0
   Value of tmax indicator:         5.0

Task for patient = 119 with skills = {4,-1} and cost = 471.7
   Vehicle #0 = 32, leaving at = 849.0
   Vehicle #1 = -1, leaving at = inf
   Increment on distance indicator: 5.0
   Increment on tard indicator:     0.0
   Value of tmax indicator:         5.0

Task for patient = 193 with skills = {0,-1} and cost = 470.0
   Vehicle #0 = 13, leaving at = 840.0
   Vehicle #1 = -1, leaving at = inf
   Increment on distance indicator: 5.0
   Increment on tard indicator:     0.0
   Value of tmax indicator:         5.0

Task for patient = 14 with skills = {1,-1} and cost = 468.3
   Vehicle #0 = 17, leaving at = 669.0
   Vehicle #1 = -1, leaving at = inf
   Increment on distance indicator: 8.0
   Increment on tard indicator:     0.0
   Value of tmax indicator:         8.0

Task for patient = 111 with skills = {1,4} and cost = 465.7
   Vehicle #0 = 9, leaving at = 924.0
   Vehicle #1 = 49, leaving at = 912.0
   Increment on distance indicator: 18.0
   Increment on tard indicator:     0.0
   Value of tmax indicator:         18.0

Task for patient = 129 with skills = {2,-1} and cost = 459.7
   Vehicle #0 = 2, leaving at = 792.0
   Vehicle #1 = -1, leaving at = inf
   Increment on distance indicator: 7.0
   Increment on tard indicator:     0.0
   Value of tmax indicator:         7.0

Task for patient = 170 with skills = {3,-1} and cost = 487.7
   Vehicle #0 = 51, leaving at = 685.0
   Vehicle #1 = -1, leaving at = inf
   Increment on distance indicator: 4.0
   Increment on tard indicator:     0.0
   Value of tmax indicator:         4.0

Task for patient = 94 with skills = {1,-1} and cost = 550.7
   Vehicle #0 = 15, leaving at = 755.0
   Vehicle #1 = -1, leaving at = inf
   Increment on distance indicator: 1.0
   Increment on tard indicator:     0.0
   Value of tmax indicator:         1.0

Task for patient = 228 with skills = {2,-1} and cost = 550.3
   Vehicle #0 = 11, leaving at = 837.0
   Vehicle #1 = -1, leaving at = inf
   Increment on distance indicator: 7.0
   Increment on tard indicator:     0.0
   Value of tmax indicator:         7.0

Task for patient = 112 with skills = {2,5} and cost = 548.0
   Vehicle #0 = 7, leaving at = 817.0
   Vehicle #1 = 56, leaving at = 824.0
   Increment on distance indicator: 19.0
   Increment on tard indicator:     0.0
   Value of tmax indicator:         19.0

Task for patient = 6 with skills = {2,-1} and cost = 541.7
   Vehicle #0 = 22, leaving at = 884.0
   Vehicle #1 = -1, leaving at = inf
   Increment on distance indicator: 4.0
   Increment on tard indicator:     0.0
   Value of tmax indicator:         4.0

Task for patient = 137 with skills = {0,3} and cost = 540.3
   Vehicle #0 = 18, leaving at = 916.0
   Vehicle #1 = 47, leaving at = 918.0
   Increment on distance indicator: 8.0
   Increment on tard indicator:     0.0
   Value of tmax indicator:         8.0

Task for patient = 283 with skills = {4,-1} and cost = 537.7
   Vehicle #0 = 55, leaving at = 823.0
   Vehicle #1 = -1, leaving at = inf
   Increment on distance indicator: 3.0
   Increment on tard indicator:     0.0
   Value of tmax indicator:         3.0

Task for patient = 206 with skills = {2,3} and cost = 536.7
   Vehicle #0 = 22, leaving at = 839.0
   Vehicle #1 = 41, leaving at = 865.0
   Increment on distance indicator: 14.0
   Increment on tard indicator:     0.0
   Value of tmax indicator:         14.0

Task for patient = 55 with skills = {0,-1} and cost = 532.0
   Vehicle #0 = 12, leaving at = 962.0
   Vehicle #1 = -1, leaving at = inf
   Increment on distance indicator: 6.0
   Increment on tard indicator:     0.0
   Value of tmax indicator:         6.0

Task for patient = 30 with skills = {2,5} and cost = 506.7
   Vehicle #0 = 1, leaving at = 883.0
   Vehicle #1 = 30, leaving at = 867.0
   Increment on distance indicator: 9.0
   Increment on tard indicator:     0.0
   Value of tmax indicator:         9.0

Task for patient = 49 with skills = {3,-1} and cost = 529.7
   Vehicle #0 = 44, leaving at = 921.0
   Vehicle #1 = -1, leaving at = inf
   Increment on distance indicator: 6.0
   Increment on tard indicator:     0.0
   Value of tmax indicator:         6.0

Task for patient = 244 with skills = {2,4} and cost = 527.7
   Vehicle #0 = 24, leaving at = 868.0
   Vehicle #1 = 52, leaving at = 841.0
   Increment on distance indicator: 10.0
   Increment on tard indicator:     0.0
   Value of tmax indicator:         10.0

Task for patient = 217 with skills = {2,4} and cost = 524.3
   Vehicle #0 = 6, leaving at = 838.0
   Vehicle #1 = 40, leaving at = 844.0
   Increment on distance indicator: 9.0
   Increment on tard indicator:     0.0
   Value of tmax indicator:         9.0

Task for patient = 89 with skills = {1,5} and cost = 521.3
   Vehicle #0 = 17, leaving at = 806.0
   Vehicle #1 = 45, leaving at = 822.0
   Increment on distance indicator: 3.0
   Increment on tard indicator:     0.0
   Value of tmax indicator:         3.0

Task for patient = 291 with skills = {1,5} and cost = 520.3
   Vehicle #0 = 24, leaving at = 816.0
   Vehicle #1 = 52, leaving at = 809.0
   Increment on distance indicator: 4.0
   Increment on tard indicator:     0.0
   Value of tmax indicator:         4.0

Task for patient = 98 with skills = {0,-1} and cost = 519.0
   Vehicle #0 = 4, leaving at = 816.0
   Vehicle #1 = -1, leaving at = inf
   Increment on distance indicator: 7.0
   Increment on tard indicator:     0.0
   Value of tmax indicator:         7.0

Task for patient = 272 with skills = {4,-1} and cost = 516.7
   Vehicle #0 = 38, leaving at = 663.0
   Vehicle #1 = -1, leaving at = inf
   Increment on distance indicator: 20.0
   Increment on tard indicator:     0.0
   Value of tmax indicator:         20.0

Task for patient = 196 with skills = {1,3} and cost = 510.0
   Vehicle #0 = 12, leaving at = 901.0
   Vehicle #1 = 42, leaving at = 924.0
   Increment on distance indicator: 4.0
   Increment on tard indicator:     0.0
   Value of tmax indicator:         4.0

Task for patient = 171 with skills = {1,5} and cost = 508.7
   Vehicle #0 = 15, leaving at = 729.0
   Vehicle #1 = 48, leaving at = 732.0
   Increment on distance indicator: 6.0
   Increment on tard indicator:     0.0
   Value of tmax indicator:         6.0

Task for patient = 292 with skills = {5,-1} and cost = 530.0
   Vehicle #0 = 30, leaving at = 920.0
   Vehicle #1 = -1, leaving at = inf
   Increment on distance indicator: 1.0
   Increment on tard indicator:     0.0
   Value of tmax indicator:         1.0

Task for patient = 44 with skills = {5,-1} and cost = 748.7
   Vehicle #0 = 55, leaving at = 953.0
   Vehicle #1 = -1, leaving at = inf
   Increment on distance indicator: 5.0
   Increment on tard indicator:     0.0
   Value of tmax indicator:         5.0

Task for patient = 43 with skills = {1,-1} and cost = 747.0
   Vehicle #0 = 17, leaving at = 1027.0
   Vehicle #1 = -1, leaving at = inf
   Increment on distance indicator: 8.0
   Increment on tard indicator:     0.0
   Value of tmax indicator:         8.0

Task for patient = 50 with skills = {2,-1} and cost = 744.3
   Vehicle #0 = 12, leaving at = 1040.0
   Vehicle #1 = -1, leaving at = inf
   Increment on distance indicator: 1.0
   Increment on tard indicator:     0.0
   Value of tmax indicator:         1.0

Task for patient = 9 with skills = {5,-1} and cost = 744.0
   Vehicle #0 = 41, leaving at = 1075.0
   Vehicle #1 = -1, leaving at = inf
   Increment on distance indicator: 3.0
   Increment on tard indicator:     0.0
   Value of tmax indicator:         3.0

Task for patient = 241 with skills = {0,-1} and cost = 743.0
   Vehicle #0 = 7, leaving at = 886.0
   Vehicle #1 = -1, leaving at = inf
   Increment on distance indicator: 9.0
   Increment on tard indicator:     0.0
   Value of tmax indicator:         9.0

Task for patient = 71 with skills = {2,4} and cost = 740.0
   Vehicle #0 = 0, leaving at = 1106.0
   Vehicle #1 = 45, leaving at = 1095.0
   Increment on distance indicator: 8.0
   Increment on tard indicator:     0.0
   Value of tmax indicator:         8.0

Task for patient = 141 with skills = {2,-1} and cost = 737.3
   Vehicle #0 = 5, leaving at = 996.0
   Vehicle #1 = -1, leaving at = inf
   Increment on distance indicator: 18.0
   Increment on tard indicator:     0.0
   Value of tmax indicator:         18.0

Task for patient = 288 with skills = {4,-1} and cost = 731.3
   Vehicle #0 = 38, leaving at = 1011.0
   Vehicle #1 = -1, leaving at = inf
   Increment on distance indicator: 5.0
   Increment on tard indicator:     0.0
   Value of tmax indicator:         5.0

Task for patient = 273 with skills = {3,-1} and cost = 630.0
   Vehicle #0 = 41, leaving at = 1016.0
   Vehicle #1 = -1, leaving at = inf
   Increment on distance indicator: 3.0
   Increment on tard indicator:     0.0
   Value of tmax indicator:         3.0

Task for patient = 282 with skills = {4,-1} and cost = 727.7
   Vehicle #0 = 45, leaving at = 1062.0
   Vehicle #1 = -1, leaving at = inf
   Increment on distance indicator: 6.0
   Increment on tard indicator:     0.0
   Value of tmax indicator:         6.0

Task for patient = 58 with skills = {2,-1} and cost = 725.7
   Vehicle #0 = 9, leaving at = 1058.0
   Vehicle #1 = -1, leaving at = inf
   Increment on distance indicator: 9.0
   Increment on tard indicator:     0.0
   Value of tmax indicator:         9.0

Task for patient = 161 with skills = {5,-1} and cost = 722.7
   Vehicle #0 = 50, leaving at = 806.0
   Vehicle #1 = -1, leaving at = inf
   Increment on distance indicator: 3.0
   Increment on tard indicator:     0.0
   Value of tmax indicator:         3.0

Task for patient = 261 with skills = {1,5} and cost = 721.7
   Vehicle #0 = 17, leaving at = 993.0
   Vehicle #1 = 45, leaving at = 1011.0
   Increment on distance indicator: 9.0
   Increment on tard indicator:     0.0
   Value of tmax indicator:         9.0

Task for patient = 167 with skills = {1,4} and cost = 718.7
   Vehicle #0 = 24, leaving at = 1018.0
   Vehicle #1 = 52, leaving at = 1045.0
   Increment on distance indicator: 4.0
   Increment on tard indicator:     0.0
   Value of tmax indicator:         4.0

Task for patient = 110 with skills = {0,-1} and cost = 717.3
   Vehicle #0 = 11, leaving at = 971.0
   Vehicle #1 = -1, leaving at = inf
   Increment on distance indicator: 2.0
   Increment on tard indicator:     0.0
   Value of tmax indicator:         2.0

Task for patient = 51 with skills = {2,5} and cost = 716.7
   Vehicle #0 = 19, leaving at = 978.0
   Vehicle #1 = 34, leaving at = 992.0
   Increment on distance indicator: 6.0
   Increment on tard indicator:     0.0
   Value of tmax indicator:         6.0

Task for patient = 136 with skills = {5,-1} and cost = 714.7
   Vehicle #0 = 32, leaving at = 1013.0
   Vehicle #1 = -1, leaving at = inf
   Increment on distance indicator: 3.0
   Increment on tard indicator:     0.0
   Value of tmax indicator:         3.0

Task for patient = 269 with skills = {5,-1} and cost = 729.7
   Vehicle #0 = 30, leaving at = 1021.0
   Vehicle #1 = -1, leaving at = inf
   Increment on distance indicator: 6.0
   Increment on tard indicator:     0.0
   Value of tmax indicator:         6.0

Task for patient = 212 with skills = {0,3} and cost = 808.0
   Vehicle #0 = 13, leaving at = 1018.0
   Vehicle #1 = 39, leaving at = 1023.0
   Increment on distance indicator: 16.0
   Increment on tard indicator:     0.0
   Value of tmax indicator:         16.0

Task for patient = 39 with skills = {5,-1} and cost = 802.7
   Vehicle #0 = 56, leaving at = 970.0
   Vehicle #1 = -1, leaving at = inf
   Increment on distance indicator: 5.0
   Increment on tard indicator:     0.0
   Value of tmax indicator:         5.0

Task for patient = 54 with skills = {3,-1} and cost = 801.0
   Vehicle #0 = 56, leaving at = 901.0
   Vehicle #1 = -1, leaving at = inf
   Increment on distance indicator: 22.0
   Increment on tard indicator:     0.0
   Value of tmax indicator:         22.0

Task for patient = 60 with skills = {1,5} and cost = 793.7
   Vehicle #0 = 17, leaving at = 1089.0
   Vehicle #1 = 42, leaving at = 1061.0
   Increment on distance indicator: 14.0
   Increment on tard indicator:     0.0
   Value of tmax indicator:         14.0

Task for patient = 128 with skills = {2,3} and cost = 789.0
   Vehicle #0 = 12, leaving at = 1103.0
   Vehicle #1 = 59, leaving at = 1067.0
   Increment on distance indicator: 9.0
   Increment on tard indicator:     0.0
   Value of tmax indicator:         9.0

Task for patient = 101 with skills = {3,-1} and cost = 786.0
   Vehicle #0 = 53, leaving at = 1070.0
   Vehicle #1 = -1, leaving at = inf
   Increment on distance indicator: 7.0
   Increment on tard indicator:     0.0
   Value of tmax indicator:         7.0

Task for patient = 181 with skills = {5,-1} and cost = 783.7
   Vehicle #0 = 53, leaving at = 1021.0
   Vehicle #1 = -1, leaving at = inf
   Increment on distance indicator: 6.0
   Increment on tard indicator:     0.0
   Value of tmax indicator:         6.0

Task for patient = 298 with skills = {1,-1} and cost = 781.7
   Vehicle #0 = 24, leaving at = 1042.0
   Vehicle #1 = -1, leaving at = inf
   Increment on distance indicator: 4.0
   Increment on tard indicator:     0.0
   Value of tmax indicator:         4.0

Task for patient = 104 with skills = {1,5} and cost = 749.7
   Vehicle #0 = 10, leaving at = 974.0
   Vehicle #1 = 43, leaving at = 1018.0
   Increment on distance indicator: 3.0
   Increment on tard indicator:     0.0
   Value of tmax indicator:         3.0

Task for patient = 271 with skills = {2,5} and cost = 778.7
   Vehicle #0 = 2, leaving at = 948.0
   Vehicle #1 = 40, leaving at = 967.0
   Increment on distance indicator: 11.0
   Increment on tard indicator:     0.0
   Value of tmax indicator:         11.0

Task for patient = 85 with skills = {1,3} and cost = 775.0
   Vehicle #0 = 25, leaving at = 1043.0
   Vehicle #1 = 34, leaving at = 1036.0
   Increment on distance indicator: 14.0
   Increment on tard indicator:     0.0
   Value of tmax indicator:         14.0

Task for patient = 45 with skills = {5,-1} and cost = 770.3
   Vehicle #0 = 54, leaving at = 974.0
   Vehicle #1 = -1, leaving at = inf
   Increment on distance indicator: 10.0
   Increment on tard indicator:     0.0
   Value of tmax indicator:         10.0

Task for patient = 168 with skills = {3,-1} and cost = 767.0
   Vehicle #0 = 53, leaving at = 966.0
   Vehicle #1 = -1, leaving at = inf
   Increment on distance indicator: 13.0
   Increment on tard indicator:     0.0
   Value of tmax indicator:         13.0

Task for patient = 296 with skills = {0,-1} and cost = 762.7
   Vehicle #0 = 19, leaving at = 1039.0
   Vehicle #1 = -1, leaving at = inf
   Increment on distance indicator: 8.0
   Increment on tard indicator:     0.0
   Value of tmax indicator:         8.0

Task for patient = 275 with skills = {1,5} and cost = 760.0
   Vehicle #0 = 11, leaving at = 1013.0
   Vehicle #1 = 44, leaving at = 1013.0
   Increment on distance indicator: 7.0
   Increment on tard indicator:     0.0
   Value of tmax indicator:         7.0

Task for patient = 240 with skills = {0,3} and cost = 757.7
   Vehicle #0 = 8, leaving at = 1040.0
   Vehicle #1 = 38, leaving at = 1046.0
   Increment on distance indicator: 6.0
   Increment on tard indicator:     0.0
   Value of tmax indicator:         6.0

Task for patient = 64 with skills = {4,-1} and cost = 755.7
   Vehicle #0 = 54, leaving at = 923.0
   Vehicle #1 = -1, leaving at = inf
   Increment on distance indicator: 4.0
   Increment on tard indicator:     0.0
   Value of tmax indicator:         4.0

Task for patient = 1 with skills = {2,4} and cost = 754.3
   Vehicle #0 = 22, leaving at = 1024.0
   Vehicle #1 = 49, leaving at = 1066.0
   Increment on distance indicator: 14.0
   Increment on tard indicator:     0.0
   Value of tmax indicator:         14.0

Task for patient = 154 with skills = {4,-1} and cost = 780.3
   Vehicle #0 = 31, leaving at = 1031.0
   Vehicle #1 = -1, leaving at = inf
   Increment on distance indicator: 5.0
   Increment on tard indicator:     0.0
   Value of tmax indicator:         5.0

Task for patient = 284 with skills = {5,-1} and cost = 668.0
   Vehicle #0 = 30, leaving at = 1000.0
   Vehicle #1 = -1, leaving at = inf
   Increment on distance indicator: 6.0
   Increment on tard indicator:     0.0
   Value of tmax indicator:         6.0

Task for patient = 2 with skills = {5,-1} and cost = 666.0
   Vehicle #0 = 59, leaving at = 1005.0
   Vehicle #1 = -1, leaving at = inf
   Increment on distance indicator: 1.0
   Increment on tard indicator:     0.0
   Value of tmax indicator:         1.0

Task for patient = 4 with skills = {0,3} and cost = 665.7
   Vehicle #0 = 14, leaving at = 998.0
   Vehicle #1 = 37, leaving at = 993.0
   Increment on distance indicator: 8.0
   Increment on tard indicator:     0.0
   Value of tmax indicator:         8.0

Task for patient = 117 with skills = {2,-1} and cost = 663.0
   Vehicle #0 = 5, leaving at = 963.0
   Vehicle #1 = -1, leaving at = inf
   Increment on distance indicator: 4.0
   Increment on tard indicator:     0.0
   Value of tmax indicator:         4.0

Task for patient = 130 with skills = {5,-1} and cost = 661.7
   Vehicle #0 = 52, leaving at = 963.0
   Vehicle #1 = -1, leaving at = inf
   Increment on distance indicator: 5.0
   Increment on tard indicator:     0.0
   Value of tmax indicator:         5.0

Task for patient = 70 with skills = {1,4} and cost = 660.0
   Vehicle #0 = 15, leaving at = 890.0
   Vehicle #1 = 55, leaving at = 861.0
   Increment on distance indicator: 13.0
   Increment on tard indicator:     0.0
   Value of tmax indicator:         13.0

Task for patient = 204 with skills = {5,-1} and cost = 655.7
   Vehicle #0 = 43, leaving at = 862.0
   Vehicle #1 = -1, leaving at = inf
   Increment on distance indicator: 8.0
   Increment on tard indicator:     0.0
   Value of tmax indicator:         8.0

Task for patient = 186 with skills = {0,3} and cost = 653.0
   Vehicle #0 = 20, leaving at = 975.0
   Vehicle #1 = 33, leaving at = 982.0
   Increment on distance indicator: 13.0
   Increment on tard indicator:     0.0
   Value of tmax indicator:         13.0

Task for patient = 147 with skills = {5,-1} and cost = 713.7
   Vehicle #0 = 34, leaving at = 919.0
   Vehicle #1 = -1, leaving at = inf
   Increment on distance indicator: 9.0
   Increment on tard indicator:     0.0
   Value of tmax indicator:         9.0

Task for patient = 106 with skills = {1,3} and cost = 647.0
   Vehicle #0 = 1, leaving at = 920.0
   Vehicle #1 = 35, leaving at = 938.0
   Increment on distance indicator: 7.0
   Increment on tard indicator:     0.0
   Value of tmax indicator:         7.0

Task for patient = 177 with skills = {4,-1} and cost = 644.7
   Vehicle #0 = 32, leaving at = 966.0
   Vehicle #1 = -1, leaving at = inf
   Increment on distance indicator: 9.0
   Increment on tard indicator:     0.0
   Value of tmax indicator:         9.0

Task for patient = 92 with skills = {0,-1} and cost = 641.7
   Vehicle #0 = 3, leaving at = 924.0
   Vehicle #1 = -1, leaving at = inf
   Increment on distance indicator: 5.0
   Increment on tard indicator:     0.0
   Value of tmax indicator:         5.0

Task for patient = 144 with skills = {0,3} and cost = 640.0
   Vehicle #0 = 18, leaving at = 1004.0
   Vehicle #1 = 51, leaving at = 985.0
   Increment on distance indicator: 6.0
   Increment on tard indicator:     0.0
   Value of tmax indicator:         6.0

Task for patient = 24 with skills = {0,4} and cost = 638.0
   Vehicle #0 = 14, leaving at = 966.0
   Vehicle #1 = 46, leaving at = 974.0
   Increment on distance indicator: 10.0
   Increment on tard indicator:     0.0
   Value of tmax indicator:         10.0

Task for patient = 237 with skills = {0,5} and cost = 634.7
   Vehicle #0 = 18, leaving at = 948.0
   Vehicle #1 = 51, leaving at = 945.0
   Increment on distance indicator: 8.0
   Increment on tard indicator:     0.0
   Value of tmax indicator:         8.0

Task for patient = 169 with skills = {5,-1} and cost = 632.0
   Vehicle #0 = 45, leaving at = 956.0
   Vehicle #1 = -1, leaving at = inf
   Increment on distance indicator: 3.0
   Increment on tard indicator:     0.0
   Value of tmax indicator:         3.0

Task for patient = 143 with skills = {3,-1} and cost = 631.0
   Vehicle #0 = 39, leaving at = 976.0
   Vehicle #1 = -1, leaving at = inf
   Increment on distance indicator: 3.0
   Increment on tard indicator:     0.0
   Value of tmax indicator:         3.0

Task for patient = 263 with skills = {1,4} and cost = 814.7
   Vehicle #0 = 22, leaving at = 1069.0
   Vehicle #1 = 32, leaving at = 1064.0
   Increment on distance indicator: 20.0
   Increment on tard indicator:     0.0
   Value of tmax indicator:         20.0

Task for patient = 11 with skills = {5,-1} and cost = 648.7
   Vehicle #0 = 48, leaving at = 977.0
   Vehicle #1 = -1, leaving at = inf
   Increment on distance indicator: 5.0
   Increment on tard indicator:     0.0
   Value of tmax indicator:         5.0

Task for patient = 22 with skills = {1,-1} and cost = 710.7
   Vehicle #0 = 20, leaving at = 1046.0
   Vehicle #1 = -1, leaving at = inf
   Increment on distance indicator: 2.0
   Increment on tard indicator:     0.0
   Value of tmax indicator:         2.0

Task for patient = 300 with skills = {2,4} and cost = 710.0
   Vehicle #0 = 24, leaving at = 972.0
   Vehicle #1 = 52, leaving at = 998.0
   Increment on distance indicator: 14.0
   Increment on tard indicator:     0.0
   Value of tmax indicator:         14.0

Task for patient = 277 with skills = {2,4} and cost = 705.3
   Vehicle #0 = 10, leaving at = 945.0
   Vehicle #1 = 47, leaving at = 949.0
   Increment on distance indicator: 16.0
   Increment on tard indicator:     0.0
   Value of tmax indicator:         16.0

Task for patient = 235 with skills = {2,-1} and cost = 700.0
   Vehicle #0 = 1, leaving at = 976.0
   Vehicle #1 = -1, leaving at = inf
   Increment on distance indicator: 3.0
   Increment on tard indicator:     0.0
   Value of tmax indicator:         3.0

Task for patient = 138 with skills = {1,-1} and cost = 699.0
   Vehicle #0 = 22, leaving at = 985.0
   Vehicle #1 = -1, leaving at = inf
   Increment on distance indicator: 6.0
   Increment on tard indicator:     0.0
   Value of tmax indicator:         6.0

Task for patient = 281 with skills = {1,-1} and cost = 697.0
   Vehicle #0 = 0, leaving at = 1041.0
   Vehicle #1 = -1, leaving at = inf
   Increment on distance indicator: 4.0
   Increment on tard indicator:     0.0
   Value of tmax indicator:         4.0

Task for patient = 226 with skills = {5,-1} and cost = 692.0
   Vehicle #0 = 42, leaving at = 953.0
   Vehicle #1 = -1, leaving at = inf
   Increment on distance indicator: 5.0
   Increment on tard indicator:     0.0
   Value of tmax indicator:         5.0

Task for patient = 207 with skills = {3,-1} and cost = 690.3
   Vehicle #0 = 51, leaving at = 1006.0
   Vehicle #1 = -1, leaving at = inf
   Increment on distance indicator: 6.0
   Increment on tard indicator:     0.0
   Value of tmax indicator:         6.0

Task for patient = 88 with skills = {4,-1} and cost = 669.3
   Vehicle #0 = 36, leaving at = 949.0
   Vehicle #1 = -1, leaving at = inf
   Increment on distance indicator: 4.0
   Increment on tard indicator:     0.0
   Value of tmax indicator:         4.0

Task for patient = 221 with skills = {5,-1} and cost = 684.7
   Vehicle #0 = 34, leaving at = 858.0
   Vehicle #1 = -1, leaving at = inf
   Increment on distance indicator: 6.0
   Increment on tard indicator:     0.0
   Value of tmax indicator:         6.0

Task for patient = 239 with skills = {1,-1} and cost = 682.7
   Vehicle #0 = 11, leaving at = 868.0
   Vehicle #1 = -1, leaving at = inf
   Increment on distance indicator: 8.0
   Increment on tard indicator:     0.0
   Value of tmax indicator:         8.0

Task for patient = 260 with skills = {0,5} and cost = 680.0
   Vehicle #0 = 20, leaving at = 1015.0
   Vehicle #1 = 31, leaving at = 999.0
   Increment on distance indicator: 7.0
   Increment on tard indicator:     0.0
   Value of tmax indicator:         7.0

Task for patient = 243 with skills = {4,-1} and cost = 677.7
   Vehicle #0 = 44, leaving at = 954.0
   Vehicle #1 = -1, leaving at = inf
   Increment on distance indicator: 3.0
   Increment on tard indicator:     0.0
   Value of tmax indicator:         3.0

Task for patient = 124 with skills = {1,-1} and cost = 676.7
   Vehicle #0 = 19, leaving at = 949.0
   Vehicle #1 = -1, leaving at = inf
   Increment on distance indicator: 7.0
   Increment on tard indicator:     0.0
   Value of tmax indicator:         7.0

Task for patient = 52 with skills = {3,-1} and cost = 674.3
   Vehicle #0 = 35, leaving at = 966.0
   Vehicle #1 = -1, leaving at = inf
   Increment on distance indicator: 2.0
   Increment on tard indicator:     0.0
   Value of tmax indicator:         2.0

Task for patient = 200 with skills = {0,-1} and cost = 673.7
   Vehicle #0 = 12, leaving at = 991.0
   Vehicle #1 = -1, leaving at = inf
   Increment on distance indicator: 5.0
   Increment on tard indicator:     0.0
   Value of tmax indicator:         5.0

Task for patient = 34 with skills = {5,-1} and cost = 672.0
   Vehicle #0 = 48, leaving at = 1015.0
   Vehicle #1 = -1, leaving at = inf
   Increment on distance indicator: 1.0
   Increment on tard indicator:     0.0
   Value of tmax indicator:         1.0

Task for patient = 109 with skills = {0,-1} and cost = 671.7
   Vehicle #0 = 3, leaving at = 948.0
   Vehicle #1 = -1, leaving at = inf
   Increment on distance indicator: 7.0
   Increment on tard indicator:     0.0
   Value of tmax indicator:         7.0

Task for patient = 63 with skills = {0,-1} and cost = 688.3
   Vehicle #0 = 11, leaving at = 914.0
   Vehicle #1 = -1, leaving at = inf
   Increment on distance indicator: 11.0
   Increment on tard indicator:     0.0
   Value of tmax indicator:         11.0

Task for patient = 227 with skills = {1,-1} and cost = 209.0
   Vehicle #0 = 14, leaving at = 601.0
   Vehicle #1 = -1, leaving at = inf
   Increment on distance indicator: 16.0
   Increment on tard indicator:     0.0
   Value of tmax indicator:         16.0

Task for patient = 270 with skills = {0,3} and cost = 203.7
   Vehicle #0 = 8, leaving at = 757.0
   Vehicle #1 = 34, leaving at = 743.0
   Increment on distance indicator: 9.0
   Increment on tard indicator:     0.0
   Value of tmax indicator:         9.0

Task for patient = 65 with skills = {1,4} and cost = 200.7
   Vehicle #0 = 10, leaving at = 708.0
   Vehicle #1 = 45, leaving at = 694.0
   Increment on distance indicator: 15.0
   Increment on tard indicator:     0.0
   Value of tmax indicator:         15.0

Task for patient = 102 with skills = {0,4} and cost = 195.7
   Vehicle #0 = 13, leaving at = 539.0
   Vehicle #1 = 45, leaving at = 567.0
   Increment on distance indicator: 26.0
   Increment on tard indicator:     0.0
   Value of tmax indicator:         26.0

Task for patient = 97 with skills = {4,-1} and cost = 187.0
   Vehicle #0 = 44, leaving at = 677.0
   Vehicle #1 = -1, leaving at = inf
   Increment on distance indicator: 7.0
   Increment on tard indicator:     0.0
   Value of tmax indicator:         7.0

Task for patient = 148 with skills = {1,3} and cost = 184.7
   Vehicle #0 = 12, leaving at = 657.0
   Vehicle #1 = 42, leaving at = 680.0
   Increment on distance indicator: 21.0
   Increment on tard indicator:     0.0
   Value of tmax indicator:         21.0

Task for patient = 250 with skills = {4,-1} and cost = 177.7
   Vehicle #0 = 41, leaving at = 665.0
   Vehicle #1 = -1, leaving at = inf
   Increment on distance indicator: 1.0
   Increment on tard indicator:     0.0
   Value of tmax indicator:         1.0

Task for patient = 188 with skills = {4,-1} and cost = 177.3
   Vehicle #0 = 42, leaving at = 647.0
   Vehicle #1 = -1, leaving at = inf
   Increment on distance indicator: 5.0
   Increment on tard indicator:     0.0
   Value of tmax indicator:         5.0

Task for patient = 166 with skills = {1,-1} and cost = 457.3
   Vehicle #0 = 14, leaving at = 835.0
   Vehicle #1 = -1, leaving at = inf
   Increment on distance indicator: 6.0
   Increment on tard indicator:     0.0
   Value of tmax indicator:         6.0

Task for patient = 158 with skills = {5,-1} and cost = 168.3
   Vehicle #0 = 33, leaving at = 813.0
   Vehicle #1 = -1, leaving at = inf
   Increment on distance indicator: 3.0
   Increment on tard indicator:     0.0
   Value of tmax indicator:         3.0

Task for patient = 47 with skills = {3,-1} and cost = 167.3
   Vehicle #0 = 39, leaving at = 668.0
   Vehicle #1 = -1, leaving at = inf
   Increment on distance indicator: 5.0
   Increment on tard indicator:     0.0
   Value of tmax indicator:         5.0

Task for patient = 42 with skills = {1,3} and cost = 165.7
   Vehicle #0 = 0, leaving at = 786.0
   Vehicle #1 = 33, leaving at = 760.0
   Increment on distance indicator: 6.0
   Increment on tard indicator:     0.0
   Value of tmax indicator:         6.0

Task for patient = 208 with skills = {1,-1} and cost = 163.7
   Vehicle #0 = 10, leaving at = 661.0
   Vehicle #1 = -1, leaving at = inf
   Increment on distance indicator: 11.0
   Increment on tard indicator:     0.0
   Value of tmax indicator:         11.0

Task for patient = 135 with skills = {5,-1} and cost = 160.0
   Vehicle #0 = 42, leaving at = 588.0
   Vehicle #1 = -1, leaving at = inf
   Increment on distance indicator: 16.0
   Increment on tard indicator:     0.0
   Value of tmax indicator:         16.0

Task for patient = 159 with skills = {2,-1} and cost = 154.7
   Vehicle #0 = 0, leaving at = 725.0
   Vehicle #1 = -1, leaving at = inf
   Increment on distance indicator: 5.0
   Increment on tard indicator:     0.0
   Value of tmax indicator:         5.0

Task for patient = 122 with skills = {5,-1} and cost = 153.0
   Vehicle #0 = 30, leaving at = 823.0
   Vehicle #1 = -1, leaving at = inf
   Increment on distance indicator: 5.0
   Increment on tard indicator:     0.0
   Value of tmax indicator:         5.0

Task for patient = 68 with skills = {0,3} and cost = 151.3
   Vehicle #0 = 5, leaving at = 712.0
   Vehicle #1 = 32, leaving at = 691.0
   Increment on distance indicator: 15.0
   Increment on tard indicator:     0.0
   Value of tmax indicator:         15.0

Task for patient = 150 with skills = {1,3} and cost = 175.7
   Vehicle #0 = 12, leaving at = 616.0
   Vehicle #1 = 44, leaving at = 617.0
   Increment on distance indicator: 22.0
   Increment on tard indicator:     0.0
   Value of tmax indicator:         22.0

Task for patient = 274 with skills = {0,4} and cost = 281.0
   Vehicle #0 = 3, leaving at = 719.0
   Vehicle #1 = 44, leaving at = 729.0
   Increment on distance indicator: 8.0
   Increment on tard indicator:     0.0
   Value of tmax indicator:         8.0

Task for patient = 289 with skills = {1,-1} and cost = 278.3
   Vehicle #0 = 7, leaving at = 785.0
   Vehicle #1 = -1, leaving at = inf
   Increment on distance indicator: 14.0
   Increment on tard indicator:     0.0
   Value of tmax indicator:         14.0

Task for patient = 19 with skills = {0,-1} and cost = 273.7
   Vehicle #0 = 12, leaving at = 687.0
   Vehicle #1 = -1, leaving at = inf
   Increment on distance indicator: 10.0
   Increment on tard indicator:     0.0
   Value of tmax indicator:         10.0

Task for patient = 202 with skills = {2,-1} and cost = 270.3
   Vehicle #0 = 6, leaving at = 787.0
   Vehicle #1 = -1, leaving at = inf
   Increment on distance indicator: 8.0
   Increment on tard indicator:     0.0
   Value of tmax indicator:         8.0

Task for patient = 78 with skills = {1,-1} and cost = 267.7
   Vehicle #0 = 17, leaving at = 518.0
   Vehicle #1 = -1, leaving at = inf
   Increment on distance indicator: 24.0
   Increment on tard indicator:     0.0
   Value of tmax indicator:         24.0

Task for patient = 149 with skills = {4,-1} and cost = 259.7
   Vehicle #0 = 45, leaving at = 717.0
   Vehicle #1 = -1, leaving at = inf
   Increment on distance indicator: 5.0
   Increment on tard indicator:     0.0
   Value of tmax indicator:         5.0

Task for patient = 13 with skills = {4,-1} and cost = 258.0
   Vehicle #0 = 46, leaving at = 680.0
   Vehicle #1 = -1, leaving at = inf
   Increment on distance indicator: 3.0
   Increment on tard indicator:     0.0
   Value of tmax indicator:         3.0

Task for patient = 132 with skills = {1,4} and cost = 257.0
   Vehicle #0 = 18, leaving at = 701.0
   Vehicle #1 = 47, leaving at = 697.0
   Increment on distance indicator: 10.0
   Increment on tard indicator:     0.0
   Value of tmax indicator:         10.0

Task for patient = 183 with skills = {0,-1} and cost = 212.3
   Vehicle #0 = 9, leaving at = 616.0
   Vehicle #1 = -1, leaving at = inf
   Increment on distance indicator: 10.0
   Increment on tard indicator:     0.0
   Value of tmax indicator:         10.0

Task for patient = 216 with skills = {5,-1} and cost = 235.0
   Vehicle #0 = 49, leaving at = 540.0
   Vehicle #1 = -1, leaving at = inf
   Increment on distance indicator: 8.0
   Increment on tard indicator:     0.0
   Value of tmax indicator:         8.0

Task for patient = 127 with skills = {4,-1} and cost = 232.3
   Vehicle #0 = 46, leaving at = 654.0
   Vehicle #1 = -1, leaving at = inf
   Increment on distance indicator: 7.0
   Increment on tard indicator:     0.0
   Value of tmax indicator:         7.0

Task for patient = 276 with skills = {1,5} and cost = 230.0
   Vehicle #0 = 15, leaving at = 630.0
   Vehicle #1 = 48, leaving at = 649.0
   Increment on distance indicator: 10.0
   Increment on tard indicator:     0.0
   Value of tmax indicator:         10.0

Task for patient = 155 with skills = {1,-1} and cost = 226.7
   Vehicle #0 = 10, leaving at = 811.0
   Vehicle #1 = -1, leaving at = inf
   Increment on distance indicator: 3.0
   Increment on tard indicator:     0.0
   Value of tmax indicator:         3.0

Task for patient = 33 with skills = {4,-1} and cost = 225.7
   Vehicle #0 = 46, leaving at = 497.0
   Vehicle #1 = -1, leaving at = inf
   Increment on distance indicator: 10.0
   Increment on tard indicator:     0.0
   Value of tmax indicator:         10.0

Task for patient = 256 with skills = {1,-1} and cost = 222.3
   Vehicle #0 = 14, leaving at = 634.0
   Vehicle #1 = -1, leaving at = inf
   Increment on distance indicator: 7.0
   Increment on tard indicator:     0.0
   Value of tmax indicator:         7.0

Task for patient = 190 with skills = {1,-1} and cost = 220.0
   Vehicle #0 = 9, leaving at = 649.0
   Vehicle #1 = -1, leaving at = inf
   Increment on distance indicator: 7.0
   Increment on tard indicator:     0.0
   Value of tmax indicator:         7.0

Task for patient = 290 with skills = {0,5} and cost = 217.7
   Vehicle #0 = 18, leaving at = 654.0
   Vehicle #1 = 43, leaving at = 677.0
   Increment on distance indicator: 10.0
   Increment on tard indicator:     0.0
   Value of tmax indicator:         10.0

Task for patient = 255 with skills = {0,-1} and cost = 214.3
   Vehicle #0 = 13, leaving at = 619.0
   Vehicle #1 = -1, leaving at = inf
   Increment on distance indicator: 6.0
   Increment on tard indicator:     0.0
   Value of tmax indicator:         6.0

Task for patient = 266 with skills = {1,3} and cost = 253.7
   Vehicle #0 = 16, leaving at = 558.0
   Vehicle #1 = 38, leaving at = 548.0
   Increment on distance indicator: 56.0
   Increment on tard indicator:     0.0
   Value of tmax indicator:         56.0

Task for patient = 108 with skills = {3,-1} and cost = 65.7
   Vehicle #0 = 37, leaving at = 724.0
   Vehicle #1 = -1, leaving at = inf
   Increment on distance indicator: 5.0
   Increment on tard indicator:     0.0
   Value of tmax indicator:         5.0

Task for patient = 146 with skills = {2,-1} and cost = 64.0
   Vehicle #0 = 1, leaving at = 702.0
   Vehicle #1 = -1, leaving at = inf
   Increment on distance indicator: 3.0
   Increment on tard indicator:     0.0
   Value of tmax indicator:         3.0

Task for patient = 176 with skills = {3,-1} and cost = 63.0
   Vehicle #0 = 35, leaving at = 652.0
   Vehicle #1 = -1, leaving at = inf
   Increment on distance indicator: 9.0
   Increment on tard indicator:     0.0
   Value of tmax indicator:         9.0

Task for patient = 56 with skills = {5,-1} and cost = 60.0
   Vehicle #0 = 34, leaving at = 712.0
   Vehicle #1 = -1, leaving at = inf
   Increment on distance indicator: 3.0
   Increment on tard indicator:     0.0
   Value of tmax indicator:         3.0

Task for patient = 220 with skills = {3,-1} and cost = 59.0
   Vehicle #0 = 34, leaving at = 668.0
   Vehicle #1 = -1, leaving at = inf
   Increment on distance indicator: 9.0
   Increment on tard indicator:     0.0
   Value of tmax indicator:         9.0

Task for patient = 69 with skills = {2,-1} and cost = 56.0
   Vehicle #0 = 1, leaving at = 665.0
   Vehicle #1 = -1, leaving at = inf
   Increment on distance indicator: 6.0
   Increment on tard indicator:     0.0
   Value of tmax indicator:         6.0

Task for patient = 35 with skills = {5,-1} and cost = 54.0
   Vehicle #0 = 31, leaving at = 691.0
   Vehicle #1 = -1, leaving at = inf
   Increment on distance indicator: 1.0
   Increment on tard indicator:     0.0
   Value of tmax indicator:         1.0

Task for patient = 15 with skills = {2,3} and cost = 53.7
   Vehicle #0 = 1, leaving at = 620.0
   Vehicle #1 = 34, leaving at = 612.0
   Increment on distance indicator: 15.0
   Increment on tard indicator:     0.0
   Value of tmax indicator:         15.0

Task for patient = 134 with skills = {0,-1} and cost = 146.3
   Vehicle #0 = 11, leaving at = 628.0
   Vehicle #1 = -1, leaving at = inf
   Increment on distance indicator: 10.0
   Increment on tard indicator:     0.0
   Value of tmax indicator:         10.0

Task for patient = 286 with skills = {1,3} and cost = 45.7
   Vehicle #0 = 0, leaving at = 684.0
   Vehicle #1 = 33, leaving at = 668.0
   Increment on distance indicator: 4.0
   Increment on tard indicator:     0.0
   Value of tmax indicator:         4.0

Task for patient = 107 with skills = {2,3} and cost = 44.3
   Vehicle #0 = 0, leaving at = 628.0
   Vehicle #1 = 33, leaving at = 631.0
   Increment on distance indicator: 9.0
   Increment on tard indicator:     0.0
   Value of tmax indicator:         9.0

Task for patient = 57 with skills = {5,-1} and cost = 41.3
   Vehicle #0 = 33, leaving at = 533.0
   Vehicle #1 = -1, leaving at = inf
   Increment on distance indicator: 21.0
   Increment on tard indicator:     0.0
   Value of tmax indicator:         21.0

Task for patient = 210 with skills = {0,5} and cost = 34.3
   Vehicle #0 = 3, leaving at = 685.0
   Vehicle #1 = 30, leaving at = 714.0
   Increment on distance indicator: 22.0
   Increment on tard indicator:     0.0
   Value of tmax indicator:         22.0

Task for patient = 285 with skills = {3,-1} and cost = 27.0
   Vehicle #0 = 32, leaving at = 621.0
   Vehicle #1 = -1, leaving at = inf
   Increment on distance indicator: 21.0
   Increment on tard indicator:     0.0
   Value of tmax indicator:         21.0

Task for patient = 48 with skills = {4,-1} and cost = 20.0
   Vehicle #0 = 31, leaving at = 672.0
   Vehicle #1 = -1, leaving at = inf
   Increment on distance indicator: 5.0
   Increment on tard indicator:     0.0
   Value of tmax indicator:         5.0

Task for patient = 26 with skills = {3,-1} and cost = 18.3
   Vehicle #0 = 32, leaving at = 518.0
   Vehicle #1 = -1, leaving at = inf
   Increment on distance indicator: 15.0
   Increment on tard indicator:     0.0
   Value of tmax indicator:         15.0

Task for patient = 251 with skills = {2,4} and cost = 13.3
   Vehicle #0 = 0, leaving at = 576.0
   Vehicle #1 = 31, leaving at = 634.0
   Increment on distance indicator: 27.0
   Increment on tard indicator:     0.0
   Value of tmax indicator:         27.0

Task for patient = 295 with skills = {3,-1} and cost = 4.3
   Vehicle #0 = 31, leaving at = 567.0
   Vehicle #1 = -1, leaving at = inf
   Increment on distance indicator: 13.0
   Increment on tard indicator:     0.0
   Value of tmax indicator:         13.0

Task for patient = 160 with skills = {5,-1} and cost = 48.7
   Vehicle #0 = 34, leaving at = 539.0
   Vehicle #1 = -1, leaving at = inf
   Increment on distance indicator: 9.0
   Increment on tard indicator:     0.0
   Value of tmax indicator:         9.0

Task for patient = 248 with skills = {4,-1} and cost = 143.0
   Vehicle #0 = 36, leaving at = 808.0
   Vehicle #1 = -1, leaving at = inf
   Increment on distance indicator: 8.0
   Increment on tard indicator:     0.0
   Value of tmax indicator:         8.0

Task for patient = 224 with skills = {1,-1} and cost = 140.3
   Vehicle #0 = 1, leaving at = 795.0
   Vehicle #1 = -1, leaving at = inf
   Increment on distance indicator: 2.0
   Increment on tard indicator:     0.0
   Value of tmax indicator:         2.0

Task for patient = 203 with skills = {3,-1} and cost = 139.7
   Vehicle #0 = 42, leaving at = 557.0
   Vehicle #1 = -1, leaving at = inf
   Increment on distance indicator: 13.0
   Increment on tard indicator:     0.0
   Value of tmax indicator:         13.0

Task for patient = 76 with skills = {1,5} and cost = 135.3
   Vehicle #0 = 9, leaving at = 568.0
   Vehicle #1 = 41, leaving at = 596.0
   Increment on distance indicator: 28.0
   Increment on tard indicator:     0.0
   Value of tmax indicator:         28.0

Task for patient = 145 with skills = {5,-1} and cost = 126.0
   Vehicle #0 = 39, leaving at = 640.0
   Vehicle #1 = -1, leaving at = inf
   Increment on distance indicator: 10.0
   Increment on tard indicator:     0.0
   Value of tmax indicator:         10.0

Task for patient = 41 with skills = {2,5} and cost = 122.7
   Vehicle #0 = 1, leaving at = 764.0
   Vehicle #1 = 30, leaving at = 769.0
   Increment on distance indicator: 15.0
   Increment on tard indicator:     0.0
   Value of tmax indicator:         15.0

Task for patient = 230 with skills = {4,-1} and cost = 117.7
   Vehicle #0 = 40, leaving at = 684.0
   Vehicle #1 = -1, leaving at = inf
   Increment on distance indicator: 7.0
   Increment on tard indicator:     0.0
   Value of tmax indicator:         7.0

Task for patient = 234 with skills = {0,4} and cost = 115.3
   Vehicle #0 = 8, leaving at = 615.0
   Vehicle #1 = 40, leaving at = 639.0
   Increment on distance indicator: 14.0
   Increment on tard indicator:     0.0
   Value of tmax indicator:         14.0

Task for patient = 191 with skills = {3,-1} and cost = 72.3
   Vehicle #0 = 38, leaving at = 499.0
   Vehicle #1 = -1, leaving at = inf
   Increment on distance indicator: 20.0
   Increment on tard indicator:     0.0
   Value of tmax indicator:         20.0

Task for patient = 80 with skills = {0,-1} and cost = 108.3
   Vehicle #0 = 8, leaving at = 580.0
   Vehicle #1 = -1, leaving at = inf
   Increment on distance indicator: 2.0
   Increment on tard indicator:     0.0
   Value of tmax indicator:         2.0

Task for patient = 163 with skills = {0,3} and cost = 107.7
   Vehicle #0 = 8, leaving at = 543.0
   Vehicle #1 = 40, leaving at = 585.0
   Increment on distance indicator: 16.0
   Increment on tard indicator:     0.0
   Value of tmax indicator:         16.0

Task for patient = 264 with skills = {0,-1} and cost = 102.3
   Vehicle #0 = 7, leaving at = 682.0
   Vehicle #1 = -1, leaving at = inf
   Increment on distance indicator: 10.0
   Increment on tard indicator:     0.0
   Value of tmax indicator:         10.0

Task for patient = 40 with skills = {2,5} and cost = 99.0
   Vehicle #0 = 2, leaving at = 582.0
   Vehicle #1 = 39, leaving at = 600.0
   Increment on distance indicator: 34.0
   Increment on tard indicator:     0.0
   Value of tmax indicator:         34.0

Task for patient = 53 with skills = {1,-1} and cost = 87.7
   Vehicle #0 = 7, leaving at = 618.0
   Vehicle #1 = -1, leaving at = inf
   Increment on distance indicator: 5.0
   Increment on tard indicator:     0.0
   Value of tmax indicator:         5.0

Task for patient = 131 with skills = {0,-1} and cost = 86.0
   Vehicle #0 = 7, leaving at = 565.0
   Vehicle #1 = -1, leaving at = inf
   Increment on distance indicator: 12.0
   Increment on tard indicator:     0.0
   Value of tmax indicator:         12.0

Task for patient = 268 with skills = {3,-1} and cost = 82.0
   Vehicle #0 = 35, leaving at = 706.0
   Vehicle #1 = -1, leaving at = inf
   Increment on distance indicator: 4.0
   Increment on tard indicator:     0.0
   Value of tmax indicator:         4.0

Task for patient = 242 with skills = {1,-1} and cost = 80.7
   Vehicle #0 = 5, leaving at = 641.0
   Vehicle #1 = -1, leaving at = inf
   Increment on distance indicator: 25.0
   Increment on tard indicator:     0.0
   Value of tmax indicator:         25.0

Task for patient = 253 with skills = {0,4} and cost = 72.3
   Vehicle #0 = 4, leaving at = 759.0
   Vehicle #1 = 36, leaving at = 761.0
   Increment on distance indicator: 0.0
   Increment on tard indicator:     0.0
   Value of tmax indicator:         0.0

Task for patient = 103 with skills = {2,-1} and cost = 110.7
   Vehicle #0 = 7, leaving at = 714.0
   Vehicle #1 = -1, leaving at = inf
   Increment on distance indicator: 7.0
   Increment on tard indicator:     0.0
   Value of tmax indicator:         7.0

Task for patient = 178 with skills = {5,-1} and cost = 414.7
   Vehicle #0 = 55, leaving at = 777.0
   Vehicle #1 = -1, leaving at = inf
   Increment on distance indicator: 2.0
   Increment on tard indicator:     0.0
   Value of tmax indicator:         2.0

Task for patient = 287 with skills = {4,-1} and cost = 414.0
   Vehicle #0 = 42, leaving at = 829.0
   Vehicle #1 = -1, leaving at = inf
   Increment on distance indicator: 5.0
   Increment on tard indicator:     0.0
   Value of tmax indicator:         5.0

Task for patient = 238 with skills = {3,-1} and cost = 412.3
   Vehicle #0 = 46, leaving at = 804.0
   Vehicle #1 = -1, leaving at = inf
   Increment on distance indicator: 1.0
   Increment on tard indicator:     0.0
   Value of tmax indicator:         1.0

Task for patient = 29 with skills = {3,-1} and cost = 412.0
   Vehicle #0 = 49, leaving at = 798.0
   Vehicle #1 = -1, leaving at = inf
   Increment on distance indicator: 8.0
   Increment on tard indicator:     0.0
   Value of tmax indicator:         8.0

Task for patient = 185 with skills = {3,-1} and cost = 409.3
   Vehicle #0 = 34, leaving at = 777.0
   Vehicle #1 = -1, leaving at = inf
   Increment on distance indicator: 3.0
   Increment on tard indicator:     0.0
   Value of tmax indicator:         3.0

Task for patient = 151 with skills = {1,5} and cost = 408.3
   Vehicle #0 = 20, leaving at = 730.0
   Vehicle #1 = 54, leaving at = 717.0
   Increment on distance indicator: 6.0
   Increment on tard indicator:     0.0
   Value of tmax indicator:         6.0

Task for patient = 77 with skills = {3,-1} and cost = 406.3
   Vehicle #0 = 59, leaving at = 571.0
   Vehicle #1 = -1, leaving at = inf
   Increment on distance indicator: 10.0
   Increment on tard indicator:     0.0
   Value of tmax indicator:         10.0

Task for patient = 249 with skills = {4,-1} and cost = 403.0
   Vehicle #0 = 56, leaving at = 609.0
   Vehicle #1 = -1, leaving at = inf
   Increment on distance indicator: 2.0
   Increment on tard indicator:     0.0
   Value of tmax indicator:         2.0

Task for patient = 95 with skills = {3,-1} and cost = 282.3
   Vehicle #0 = 44, leaving at = 782.0
   Vehicle #1 = -1, leaving at = inf
   Increment on distance indicator: 4.0
   Increment on tard indicator:     0.0
   Value of tmax indicator:         4.0

Task for patient = 3 with skills = {5,-1} and cost = 401.7
   Vehicle #0 = 40, leaving at = 748.0
   Vehicle #1 = -1, leaving at = inf
   Increment on distance indicator: 1.0
   Increment on tard indicator:     0.0
   Value of tmax indicator:         1.0

Task for patient = 231 with skills = {3,-1} and cost = 401.3
   Vehicle #0 = 56, leaving at = 551.0
   Vehicle #1 = -1, leaving at = inf
   Increment on distance indicator: 16.0
   Increment on tard indicator:     0.0
   Value of tmax indicator:         16.0

Task for patient = 74 with skills = {2,-1} and cost = 396.0
   Vehicle #0 = 9, leaving at = 751.0
   Vehicle #1 = -1, leaving at = inf
   Increment on distance indicator: 4.0
   Increment on tard indicator:     0.0
   Value of tmax indicator:         4.0

Task for patient = 247 with skills = {1,5} and cost = 394.7
   Vehicle #0 = 15, leaving at = 689.0
   Vehicle #1 = 48, leaving at = 675.0
   Increment on distance indicator: 10.0
   Increment on tard indicator:     0.0
   Value of tmax indicator:         10.0

Task for patient = 38 with skills = {5,-1} and cost = 391.3
   Vehicle #0 = 39, leaving at = 729.0
   Vehicle #1 = -1, leaving at = inf
   Increment on distance indicator: 8.0
   Increment on tard indicator:     0.0
   Value of tmax indicator:         8.0

Task for patient = 20 with skills = {3,-1} and cost = 388.7
   Vehicle #0 = 44, leaving at = 803.0
   Vehicle #1 = -1, leaving at = inf
   Increment on distance indicator: 1.0
   Increment on tard indicator:     0.0
   Value of tmax indicator:         1.0

Task for patient = 123 with skills = {5,-1} and cost = 388.3
   Vehicle #0 = 49, leaving at = 731.0
   Vehicle #1 = -1, leaving at = inf
   Increment on distance indicator: 4.0
   Increment on tard indicator:     0.0
   Value of tmax indicator:         4.0

Task for patient = 23 with skills = {0,3} and cost = 387.0
   Vehicle #0 = 11, leaving at = 763.0
   Vehicle #1 = 55, leaving at = 742.0
   Increment on distance indicator: 17.0
   Increment on tard indicator:     0.0
   Value of tmax indicator:         17.0

Task for patient = 120 with skills = {0,-1} and cost = 402.3
   Vehicle #0 = 14, leaving at = 772.0
   Vehicle #1 = -1, leaving at = inf
   Increment on distance indicator: 2.0
   Increment on tard indicator:     0.0
   Value of tmax indicator:         2.0

Task for patient = 245 with skills = {4,-1} and cost = 455.3
   Vehicle #0 = 59, leaving at = 818.0
   Vehicle #1 = -1, leaving at = inf
   Increment on distance indicator: 5.0
   Increment on tard indicator:     0.0
   Value of tmax indicator:         5.0

Task for patient = 180 with skills = {1,5} and cost = 453.7
   Vehicle #0 = 10, leaving at = 842.0
   Vehicle #1 = 44, leaving at = 849.0
   Increment on distance indicator: 8.0
   Increment on tard indicator:     0.0
   Value of tmax indicator:         8.0

Task for patient = 32 with skills = {3,-1} and cost = 451.0
   Vehicle #0 = 53, leaving at = 726.0
   Vehicle #1 = -1, leaving at = inf
   Increment on distance indicator: 5.0
   Increment on tard indicator:     0.0
   Value of tmax indicator:         5.0

Task for patient = 262 with skills = {5,-1} and cost = 449.3
   Vehicle #0 = 59, leaving at = 783.0
   Vehicle #1 = -1, leaving at = inf
   Increment on distance indicator: 4.0
   Increment on tard indicator:     0.0
   Value of tmax indicator:         4.0

Task for patient = 209 with skills = {4,-1} and cost = 448.0
   Vehicle #0 = 56, leaving at = 683.0
   Vehicle #1 = -1, leaving at = inf
   Increment on distance indicator: 13.0
   Increment on tard indicator:     0.0
   Value of tmax indicator:         13.0

Task for patient = 18 with skills = {2,3} and cost = 443.7
   Vehicle #0 = 0, leaving at = 890.0
   Vehicle #1 = 33, leaving at = 919.0
   Increment on distance indicator: 6.0
   Increment on tard indicator:     0.0
   Value of tmax indicator:         6.0

Task for patient = 197 with skills = {5,-1} and cost = 441.7
   Vehicle #0 = 59, leaving at = 739.0
   Vehicle #1 = -1, leaving at = inf
   Increment on distance indicator: 4.0
   Increment on tard indicator:     0.0
   Value of tmax indicator:         4.0

Task for patient = 278 with skills = {3,-1} and cost = 440.3
   Vehicle #0 = 49, leaving at = 866.0
   Vehicle #1 = -1, leaving at = inf
   Increment on distance indicator: 9.0
   Increment on tard indicator:     0.0
   Value of tmax indicator:         9.0

Task for patient = 118 with skills = {2,4} and cost = 416.3
   Vehicle #0 = 12, leaving at = 881.0
   Vehicle #1 = 42, leaving at = 861.0
   Increment on distance indicator: 5.0
   Increment on tard indicator:     0.0
   Value of tmax indicator:         5.0

Task for patient = 258 with skills = {0,-1} and cost = 436.3
   Vehicle #0 = 11, leaving at = 793.0
   Vehicle #1 = -1, leaving at = inf
   Increment on distance indicator: 13.0
   Increment on tard indicator:     0.0
   Value of tmax indicator:         13.0

Task for patient = 179 with skills = {4,-1} and cost = 432.0
   Vehicle #0 = 47, leaving at = 801.0
   Vehicle #1 = -1, leaving at = inf
   Increment on distance indicator: 3.0
   Increment on tard indicator:     0.0
   Value of tmax indicator:         3.0

Task for patient = 215 with skills = {3,-1} and cost = 431.0
   Vehicle #0 = 59, leaving at = 688.0
   Vehicle #1 = -1, leaving at = inf
   Increment on distance indicator: 3.0
   Increment on tard indicator:     0.0
   Value of tmax indicator:         3.0

Task for patient = 93 with skills = {4,-1} and cost = 430.0
   Vehicle #0 = 33, leaving at = 867.0
   Vehicle #1 = -1, leaving at = inf
   Increment on distance indicator: 3.0
   Increment on tard indicator:     0.0
   Value of tmax indicator:         3.0

Task for patient = 10 with skills = {0,3} and cost = 429.0
   Vehicle #0 = 20, leaving at = 754.0
   Vehicle #1 = 54, leaving at = 803.0
   Increment on distance indicator: 12.0
   Increment on tard indicator:     0.0
   Value of tmax indicator:         12.0

Task for patient = 36 with skills = {5,-1} and cost = 425.0
   Vehicle #0 = 43, leaving at = 785.0
   Vehicle #1 = -1, leaving at = inf
   Increment on distance indicator: 4.0
   Increment on tard indicator:     0.0
   Value of tmax indicator:         4.0

Task for patient = 125 with skills = {1,4} and cost = 423.7
   Vehicle #0 = 9, leaving at = 830.0
   Vehicle #1 = 49, leaving at = 841.0
   Increment on distance indicator: 13.0
   Increment on tard indicator:     0.0
   Value of tmax indicator:         13.0

Task for patient = 213 with skills = {3,-1} and cost = 419.3
   Vehicle #0 = 39, leaving at = 788.0
   Vehicle #1 = -1, leaving at = inf
   Increment on distance indicator: 2.0
   Increment on tard indicator:     0.0
   Value of tmax indicator:         2.0

Task for patient = 114 with skills = {5,-1} and cost = 418.7
   Vehicle #0 = 59, leaving at = 629.0
   Vehicle #1 = -1, leaving at = inf
   Increment on distance indicator: 7.0
   Increment on tard indicator:     0.0
   Value of tmax indicator:         7.0

Task for patient = 165 with skills = {4,-1} and cost = 437.3
   Vehicle #0 = 32, leaving at = 815.0
   Vehicle #1 = -1, leaving at = inf
   Increment on distance indicator: 3.0
   Increment on tard indicator:     0.0
   Value of tmax indicator:         3.0

Task for patient = 214 with skills = {0,-1} and cost = 318.7
   Vehicle #0 = 13, leaving at = 711.0
   Vehicle #1 = -1, leaving at = inf
   Increment on distance indicator: 1.0
   Increment on tard indicator:     0.0
   Value of tmax indicator:         1.0

Task for patient = 37 with skills = {3,-1} and cost = 318.3
   Vehicle #0 = 41, leaving at = 744.0
   Vehicle #1 = -1, leaving at = inf
   Increment on distance indicator: 2.0
   Increment on tard indicator:     0.0
   Value of tmax indicator:         2.0

Task for patient = 87 with skills = {4,-1} and cost = 317.7
   Vehicle #0 = 49, leaving at = 644.0
   Vehicle #1 = -1, leaving at = inf
   Increment on distance indicator: 1.0
   Increment on tard indicator:     0.0
   Value of tmax indicator:         1.0

Task for patient = 79 with skills = {3,-1} and cost = 317.3
   Vehicle #0 = 51, leaving at = 634.0
   Vehicle #1 = -1, leaving at = inf
   Increment on distance indicator: 8.0
   Increment on tard indicator:     0.0
   Value of tmax indicator:         8.0

Task for patient = 233 with skills = {4,-1} and cost = 314.7
   Vehicle #0 = 31, leaving at = 750.0
   Vehicle #1 = -1, leaving at = inf
   Increment on distance indicator: 9.0
   Increment on tard indicator:     0.0
   Value of tmax indicator:         9.0

Task for patient = 21 with skills = {2,-1} and cost = 311.7
   Vehicle #0 = 19, leaving at = 636.0
   Vehicle #1 = -1, leaving at = inf
   Increment on distance indicator: 5.0
   Increment on tard indicator:     0.0
   Value of tmax indicator:         5.0

Task for patient = 219 with skills = {0,-1} and cost = 310.0
   Vehicle #0 = 19, leaving at = 616.0
   Vehicle #1 = -1, leaving at = inf
   Increment on distance indicator: 3.0
   Increment on tard indicator:     0.0
   Value of tmax indicator:         3.0

Task for patient = 139 with skills = {2,3} and cost = 309.0
   Vehicle #0 = 18, leaving at = 836.0
   Vehicle #1 = 37, leaving at = 887.0
   Increment on distance indicator: 6.0
   Increment on tard indicator:     0.0
   Value of tmax indicator:         6.0

Task for patient = 173 with skills = {0,3} and cost = 381.3
   Vehicle #0 = 3, leaving at = 797.0
   Vehicle #1 = 35, leaving at = 762.0
   Increment on distance indicator: 10.0
   Increment on tard indicator:     0.0
   Value of tmax indicator:         10.0

Task for patient = 297 with skills = {3,-1} and cost = 304.0
   Vehicle #0 = 45, leaving at = 779.0
   Vehicle #1 = -1, leaving at = inf
   Increment on distance indicator: 6.0
   Increment on tard indicator:     0.0
   Value of tmax indicator:         6.0

Task for patient = 96 with skills = {1,-1} and cost = 302.0
   Vehicle #0 = 18, leaving at = 761.0
   Vehicle #1 = -1, leaving at = inf
   Increment on distance indicator: 4.0
   Increment on tard indicator:     0.0
   Value of tmax indicator:         4.0

Task for patient = 192 with skills = {0,-1} and cost = 300.7
   Vehicle #0 = 19, leaving at = 513.0
   Vehicle #1 = -1, leaving at = inf
   Increment on distance indicator: 16.0
   Increment on tard indicator:     0.0
   Value of tmax indicator:         16.0

Task for patient = 205 with skills = {3,-1} and cost = 295.3
   Vehicle #0 = 40, leaving at = 719.0
   Vehicle #1 = -1, leaving at = inf
   Increment on distance indicator: 3.0
   Increment on tard indicator:     0.0
   Value of tmax indicator:         3.0

Task for patient = 184 with skills = {1,-1} and cost = 294.3
   Vehicle #0 = 17, leaving at = 577.0
   Vehicle #1 = -1, leaving at = inf
   Increment on distance indicator: 4.0
   Increment on tard indicator:     0.0
   Value of tmax indicator:         4.0

Task for patient = 157 with skills = {0,5} and cost = 293.0
   Vehicle #0 = 13, leaving at = 681.0
   Vehicle #1 = 42, leaving at = 732.0
   Increment on distance indicator: 15.0
   Increment on tard indicator:     0.0
   Value of tmax indicator:         15.0

Task for patient = 225 with skills = {1,-1} and cost = 288.0
   Vehicle #0 = 14, leaving at = 677.0
   Vehicle #1 = -1, leaving at = inf
   Increment on distance indicator: 6.0
   Increment on tard indicator:     0.0
   Value of tmax indicator:         6.0

Task for patient = 265 with skills = {4,-1} and cost = 286.0
   Vehicle #0 = 49, leaving at = 578.0
   Vehicle #1 = -1, leaving at = inf
   Increment on distance indicator: 7.0
   Increment on tard indicator:     0.0
   Value of tmax indicator:         7.0

Task for patient = 82 with skills = {1,5} and cost = 283.7
   Vehicle #0 = 5, leaving at = 747.0
   Vehicle #1 = 32, leaving at = 759.0
   Increment on distance indicator: 4.0
   Increment on tard indicator:     0.0
   Value of tmax indicator:         4.0

Task for patient = 194 with skills = {5,-1} and cost = 307.0
   Vehicle #0 = 49, leaving at = 609.0
   Vehicle #1 = -1, leaving at = inf
   Increment on distance indicator: 9.0
   Increment on tard indicator:     0.0
   Value of tmax indicator:         9.0

Task for patient = 162 with skills = {1,-1} and cost = 378.0
   Vehicle #0 = 25, leaving at = 570.0
   Vehicle #1 = -1, leaving at = inf
   Increment on distance indicator: 16.0
   Increment on tard indicator:     0.0
   Value of tmax indicator:         16.0

Task for patient = 16 with skills = {2,4} and cost = 372.7
   Vehicle #0 = 20, leaving at = 678.0
   Vehicle #1 = 54, leaving at = 689.0
   Increment on distance indicator: 19.0
   Increment on tard indicator:     0.0
   Value of tmax indicator:         19.0

Task for patient = 267 with skills = {2,-1} and cost = 366.3
   Vehicle #0 = 12, leaving at = 778.0
   Vehicle #1 = -1, leaving at = inf
   Increment on distance indicator: 7.0
   Increment on tard indicator:     0.0
   Value of tmax indicator:         7.0

Task for patient = 100 with skills = {0,-1} and cost = 364.0
   Vehicle #0 = 25, leaving at = 527.0
   Vehicle #1 = -1, leaving at = inf
   Increment on distance indicator: 12.0
   Increment on tard indicator:     0.0
   Value of tmax indicator:         12.0

Task for patient = 182 with skills = {0,-1} and cost = 360.0
   Vehicle #0 = 9, leaving at = 699.0
   Vehicle #1 = -1, leaving at = inf
   Increment on distance indicator: 7.0
   Increment on tard indicator:     0.0
   Value of tmax indicator:         7.0

Task for patient = 222 with skills = {0,4} and cost = 357.7
   Vehicle #0 = 14, leaving at = 699.0
   Vehicle #1 = 46, leaving at = 719.0
   Increment on distance indicator: 7.0
   Increment on tard indicator:     0.0
   Value of tmax indicator:         7.0

Task for patient = 121 with skills = {1,5} and cost = 355.3
   Vehicle #0 = 17, leaving at = 609.0
   Vehicle #1 = 54, leaving at = 627.0
   Increment on distance indicator: 17.0
   Increment on tard indicator:     0.0
   Value of tmax indicator:         17.0

Task for patient = 211 with skills = {3,-1} and cost = 349.7
   Vehicle #0 = 54, leaving at = 531.0
   Vehicle #1 = -1, leaving at = inf
   Increment on distance indicator: 14.0
   Increment on tard indicator:     0.0
   Value of tmax indicator:         14.0

Task for patient = 59 with skills = {5,-1} and cost = 320.0
   Vehicle #0 = 43, leaving at = 729.0
   Vehicle #1 = -1, leaving at = inf
   Increment on distance indicator: 4.0
   Increment on tard indicator:     0.0
   Value of tmax indicator:         4.0

Task for patient = 172 with skills = {2,-1} and cost = 341.0
   Vehicle #0 = 2, leaving at = 627.0
   Vehicle #1 = -1, leaving at = inf
   Increment on distance indicator: 5.0
   Increment on tard indicator:     0.0
   Value of tmax indicator:         5.0

Task for patient = 105 with skills = {3,-1} and cost = 339.3
   Vehicle #0 = 53, leaving at = 602.0
   Vehicle #1 = -1, leaving at = inf
   Increment on distance indicator: 12.0
   Increment on tard indicator:     0.0
   Value of tmax indicator:         12.0

Task for patient = 7 with skills = {0,4} and cost = 335.3
   Vehicle #0 = 13, leaving at = 786.0
   Vehicle #1 = 42, leaving at = 769.0
   Increment on distance indicator: 6.0
   Increment on tard indicator:     0.0
   Value of tmax indicator:         6.0

Task for patient = 61 with skills = {2,-1} and cost = 333.3
   Vehicle #0 = 11, leaving at = 712.0
   Vehicle #1 = -1, leaving at = inf
   Increment on distance indicator: 7.0
   Increment on tard indicator:     0.0
   Value of tmax indicator:         7.0

Task for patient = 31 with skills = {2,-1} and cost = 331.0
   Vehicle #0 = 20, leaving at = 637.0
   Vehicle #1 = -1, leaving at = inf
   Increment on distance indicator: 11.0
   Increment on tard indicator:     0.0
   Value of tmax indicator:         11.0

Task for patient = 229 with skills = {2,-1} and cost = 327.3
   Vehicle #0 = 19, leaving at = 674.0
   Vehicle #1 = -1, leaving at = inf
   Increment on distance indicator: 4.0
   Increment on tard indicator:     0.0
   Value of tmax indicator:         4.0

Task for patient = 152 with skills = {4,-1} and cost = 326.0
   Vehicle #0 = 49, leaving at = 695.0
   Vehicle #1 = -1, leaving at = inf
   Increment on distance indicator: 6.0
   Increment on tard indicator:     0.0
   Value of tmax indicator:         6.0

Task for patient = 153 with skills = {0,-1} and cost = 324.0
   Vehicle #0 = 13, leaving at = 734.0
   Vehicle #1 = -1, leaving at = inf
   Increment on distance indicator: 4.0
   Increment on tard indicator:     0.0
   Value of tmax indicator:         4.0

Task for patient = 99 with skills = {0,-1} and cost = 322.7
   Vehicle #0 = 20, leaving at = 586.0
   Vehicle #1 = -1, leaving at = inf
   Increment on distance indicator: 8.0
   Increment on tard indicator:     0.0
   Value of tmax indicator:         8.0

Task for patient = 257 with skills = {2,-1} and cost = 345.0
   Vehicle #0 = 22, leaving at = 634.0
   Vehicle #1 = -1, leaving at = inf
   Increment on distance indicator: 12.0
   Increment on tard indicator:     0.0
   Value of tmax indicator:         12.0


Unused vehicle list: 21 23 26 27 28 29 57 58 (total = 8 out of 60)

---
Search finished.
Total of 1900 generations in 801.4 seconds.
Exchange elite runs: 23
Implicit path relinking runs: 10
Reset attempts: 0

Best solution found:
   Cost: 1069.0
   Total travel time: 3201.0
   Total tardiness time: 4.0
   Largest tardiness: 2.0


1069.0
