This host is: shiva
--- BRKGA-MP-IPR for HHCRSP ---
Instance: /home/alberto/work/hhcrsp-dataset-2021/dataset2/HHCRSP_10_3_75_1.2_R_C.txt
Seed: 18

Reading data... Problem contains 10 patients  and 3 caregivers.

Summary of supply x demand for each service type:
Skill 0 has supply = 1 and demand = 3, ratio = 0.333333
Skill 1 has supply = 1 and demand = 2, ratio = 0.5
Skill 2 has supply = 1 and demand = 1, ratio = 1
Skill 3 has supply = 1 and demand = 3, ratio = 0.333333
Skill 4 has supply = 2 and demand = 2, ratio = 1
Skill 5 has supply = 2 and demand = 3, ratio = 0.666667

Reading parameters...
Inferred distance function by PR type: kendall-tau
Building BRKGA data and initializing...
Evolving 1900 generations...

  Gens  Rem    Local   ElDiv NoImpr             Best solution            Time  Op
                                       Cost     Dist    Tard    TMax 
*    0 1900    90.67   76.74      0    90.67   272.00     0.0     0.0     0.1    
    50 1850    90.67    0.00     50    90.67   272.00     0.0     0.0     2.4    
    79 1821      inf  129.61      0    90.67   272.00     0.0     0.0     3.8   R
    80 1820    91.00   90.28      0    90.67   272.00     0.0     0.0     3.8    
    80 1820    91.00   43.48      1    90.67   272.00     0.0     0.0     3.8   X
   100 1800    90.67    0.00     17    90.67   272.00     0.0     0.0     4.8    
   150 1750    90.67    0.00     67    90.67   272.00     0.0     0.0     7.2    
   160 1740    90.67    0.00     78    90.67   272.00     0.0     0.0     7.6   X
   162 1738      inf  139.53      0    90.67   272.00     0.0     0.0     7.7   R
   163 1737    91.00   84.03      0    90.67   272.00     0.0     0.0     7.8    
Path relinking result: no improvement.
   180 1720    90.67    0.00     12    90.67   272.00     0.0     0.0     8.6   P
   200 1700    90.67    0.00     31    90.67   272.00     0.0     0.0     9.5    
   240 1660    90.67    0.00     72    90.67   272.00     0.0     0.0    11.4   X
   248 1652      inf  131.78      0    90.67   272.00     0.0     0.0    11.8   R
   249 1651    91.33   87.63      0    90.67   272.00     0.0     0.0    11.8    

  Gens  Rem    Local   ElDiv NoImpr             Best solution            Time  Op
                                       Cost     Dist    Tard    TMax 
   250 1650    91.33   46.40      1    90.67   272.00     0.0     0.0    11.9    
   300 1600    90.67    0.00     46    90.67   272.00     0.0     0.0    14.2    
   320 1580    90.67    0.00     67    90.67   272.00     0.0     0.0    15.2   X
   333 1567      inf  128.28      0    90.67   272.00     0.0     0.0    15.8   R
   334 1566    91.00   89.92      0    90.67   272.00     0.0     0.0    15.8    
   350 1550    90.67    0.07     11    90.67   272.00     0.0     0.0    16.6    
Path relinking result: no improvement.
   360 1540    90.67    0.00     22    90.67   272.00     0.0     0.0    17.1   P
   400 1500    90.67    0.00     61    90.67   272.00     0.0     0.0    18.9    
   400 1500    90.67    0.00     62    90.67   272.00     0.0     0.0    18.9   X
   418 1482      inf  125.98      0    90.67   272.00     0.0     0.0    19.8   R
   419 1481    91.33   93.45      0    90.67   272.00     0.0     0.0    19.8    
   450 1450    90.67    0.00     29    90.67   272.00     0.0     0.0    21.3    
   480 1420    90.67    0.00     60    90.67   272.00     0.0     0.0    22.7   X
   500 1400    90.67    0.00     79    90.67   272.00     0.0     0.0    23.7    
   500 1400      inf  142.08      0    90.67   272.00     0.0     0.0    23.7   R
   501 1399    90.67   82.11      0    90.67   272.00     0.0     0.0    23.7    
Path relinking result: no improvement.

  Gens  Rem    Local   ElDiv NoImpr             Best solution            Time  Op
                                       Cost     Dist    Tard    TMax 
   540 1360    90.67    0.00     40    90.67   272.00     0.0     0.0    25.6   P
   550 1350    90.67    0.00     49    90.67   272.00     0.0     0.0    26.1    
   560 1340    90.67    0.00     60    90.67   272.00     0.0     0.0    26.5   X
   580 1320      inf  125.25      0    90.67   272.00     0.0     0.0    27.5   R
   581 1319    91.33   90.17      0    90.67   272.00     0.0     0.0    27.5    
   600 1300    90.67    0.04     17    90.67   272.00     0.0     0.0    28.4    
   640 1260    90.67    0.00     58    90.67   272.00     0.0     0.0    30.3   X
   650 1250    90.67    0.00     67    90.67   272.00     0.0     0.0    30.8    
   662 1238      inf  136.72      0    90.67   272.00     0.0     0.0    31.4   R
   663 1237    91.67   89.45      0    90.67   272.00     0.0     0.0    31.4    
   700 1200    90.67    0.00     33    90.67   272.00     0.0     0.0    33.2    
Path relinking result: no improvement.
   720 1180    90.67    0.00     54    90.67   272.00     0.0     0.0    34.1  PX
   746 1154      inf  128.59      0    90.67   272.00     0.0     0.0    35.3   R
   747 1153    91.00   82.74      0    90.67   272.00     0.0     0.0    35.4    
   750 1150    90.67   13.44      0    90.67   272.00     0.0     0.0    35.5    
   800 1100    90.67    0.00     50    90.67   272.00     0.0     0.0    37.9    

  Gens  Rem    Local   ElDiv NoImpr             Best solution            Time  Op
                                       Cost     Dist    Tard    TMax 
   800 1100    90.67    0.00     51    90.67   272.00     0.0     0.0    37.9   X
   829 1071      inf  134.99      0    90.67   272.00     0.0     0.0    39.3   R
   830 1070    91.00   88.45      0    90.67   272.00     0.0     0.0    39.3    
   850 1050    90.67    0.00     14    90.67   272.00     0.0     0.0    40.2    
   880 1020    90.67    0.00     45    90.67   272.00     0.0     0.0    41.7   X
   900 1000    90.67    0.00     64    90.67   272.00     0.0     0.0    42.6    
Path relinking result: no improvement.
   900 1000    90.67    0.00     65    90.67   272.00     0.0     0.0    42.6   P
   915  985      inf  128.17      0    90.67   272.00     0.0     0.0    43.3   R
   916  984    90.67   86.01      0    90.67   272.00     0.0     0.0    43.4    
   950  950    90.67    0.00     34    90.67   272.00     0.0     0.0    45.0    
   960  940    90.67    0.00     45    90.67   272.00     0.0     0.0    45.4   X
   995  905      inf  136.89      0    90.67   272.00     0.0     0.0    47.1   R
   996  904    91.00   84.62      0    90.67   272.00     0.0     0.0    47.1    
  1000  900    90.67    6.12      0    90.67   272.00     0.0     0.0    47.3    
  1040  860    90.67    0.00     41    90.67   272.00     0.0     0.0    49.2   X
  1050  850    90.67    0.00     50    90.67   272.00     0.0     0.0    49.7    

  Gens  Rem    Local   ElDiv NoImpr             Best solution            Time  Op
                                       Cost     Dist    Tard    TMax 
  1079  821      inf  128.72      0    90.67   272.00     0.0     0.0    51.0   R
  1080  820    91.00   89.32      0    90.67   272.00     0.0     0.0    51.1    
Path relinking result: elite improvement.
  1080  820    91.00   88.76      1    90.67   272.00     0.0     0.0    51.1   P
  1100  800    90.67    0.00     15    90.67   272.00     0.0     0.0    52.0    
  1120  780    90.67    0.00     36    90.67   272.00     0.0     0.0    53.0   X
  1150  750    90.67    0.00     65    90.67   272.00     0.0     0.0    54.4    
  1164  736      inf  134.43      0    90.67   272.00     0.0     0.0    55.1   R
  1165  735    90.67   78.48      0    90.67   272.00     0.0     0.0    55.1    
  1200  700    90.67    0.00     35    90.67   272.00     0.0     0.0    56.8    
  1200  700    90.67    0.00     36    90.67   272.00     0.0     0.0    56.8   X
  1244  656      inf  137.37      0    90.67   272.00     0.0     0.0    58.8   R
  1245  655    91.67   87.13      0    90.67   272.00     0.0     0.0    58.9    
  1250  650    90.67    0.60      0    90.67   272.00     0.0     0.0    59.1    
Path relinking result: no improvement.
  1260  640    90.67    0.11     11    90.67   272.00     0.0     0.0    59.6   P
  1280  620    90.67    0.00     31    90.67   272.00     0.0     0.0    60.5   X
  1300  600    90.67    0.00     50    90.67   272.00     0.0     0.0    61.5    

  Gens  Rem    Local   ElDiv NoImpr             Best solution            Time  Op
                                       Cost     Dist    Tard    TMax 
  1329  571      inf  134.92      0    90.67   272.00     0.0     0.0    62.8   R
  1330  570    91.33   89.49      0    90.67   272.00     0.0     0.0    62.9    
  1350  550    90.67    0.00     16    90.67   272.00     0.0     0.0    63.8    
  1360  540    90.67    0.00     27    90.67   272.00     0.0     0.0    64.3   X
  1400  500    90.67    0.00     66    90.67   272.00     0.0     0.0    66.2    
  1413  487      inf  123.54      0    90.67   272.00     0.0     0.0    66.8   R
  1414  486    90.67   79.35      0    90.67   272.00     0.0     0.0    66.8    
Path relinking result: no improvement.
  1440  460    90.67    0.00     27    90.67   272.00     0.0     0.0    68.1  PX
  1450  450    90.67    0.00     36    90.67   272.00     0.0     0.0    68.6    
  1493  407      inf  130.76      0    90.67   272.00     0.0     0.0    70.6   R
  1494  406    91.33   88.99      0    90.67   272.00     0.0     0.0    70.6    
  1500  400    90.67    0.27      2    90.67   272.00     0.0     0.0    70.9    
  1520  380    90.67    0.00     23    90.67   272.00     0.0     0.0    71.9   X
  1550  350    90.67    0.00     52    90.67   272.00     0.0     0.0    73.3    
  1577  323      inf  133.92      0    90.67   272.00     0.0     0.0    74.5   R
  1578  322    92.00   91.03      0    90.67   272.00     0.0     0.0    74.6    

  Gens  Rem    Local   ElDiv NoImpr             Best solution            Time  Op
                                       Cost     Dist    Tard    TMax 
  1600  300    90.67    0.00     19    90.67   272.00     0.0     0.0    75.6    
  1600  300    90.67    0.00     20    90.67   272.00     0.0     0.0    75.6   X
Path relinking result: no improvement.
  1620  280    90.67    0.00     40    90.67   272.00     0.0     0.0    76.6   P
  1650  250    90.67    0.00     69    90.67   272.00     0.0     0.0    78.0    
  1660  240      inf  130.51      0    90.67   272.00     0.0     0.0    78.5   R
  1661  239    92.33   85.61      0    90.67   272.00     0.0     0.0    78.5    
  1680  220    90.67    0.00     17    90.67   272.00     0.0     0.0    79.4   X
  1700  200    90.67    0.00     36    90.67   272.00     0.0     0.0    80.4    
  1743  157      inf  134.22      0    90.67   272.00     0.0     0.0    82.4   R
  1744  156    91.33   73.43      0    90.67   272.00     0.0     0.0    82.4    
  1750  150    90.67    0.25      3    90.67   272.00     0.0     0.0    82.7    
  1760  140    90.67    0.00     14    90.67   272.00     0.0     0.0    83.2   X
  1800  100    90.67    0.00     53    90.67   272.00     0.0     0.0    85.1    
Path relinking result: no improvement.
  1800  100    90.67    0.00     54    90.67   272.00     0.0     0.0    85.1   P
  1826   74      inf  133.55      0    90.67   272.00     0.0     0.0    86.3   R
  1827   73    92.00   87.19      0    90.67   272.00     0.0     0.0    86.3    

  Gens  Rem    Local   ElDiv NoImpr             Best solution            Time  Op
                                       Cost     Dist    Tard    TMax 
  1840   60    90.67    0.11     11    90.67   272.00     0.0     0.0    87.0   X
  1850   50    90.67    0.00     20    90.67   272.00     0.0     0.0    87.4    
  1900    0    90.67    0.00     70    90.67   272.00     0.0     0.0    89.7    
Evolutionary process finished.
Solution written to 'solution-8189.txt'.

Sorted sequence of worst to best tardiness value:
Task for patient = 10 with skills = {0,4} and cost = 27.3
   Vehicle #0 = 0, leaving at = 561.0
   Vehicle #1 = 1, leaving at = 596.0
   Increment on distance indicator: 82.0
   Increment on tard indicator:     0.0
   Value of tmax indicator:         82.0

Task for patient = 9 with skills = {3,-1} and cost = 40.7
   Vehicle #0 = 2, leaving at = 618.0
   Vehicle #1 = -1, leaving at = inf
   Increment on distance indicator: 40.0
   Increment on tard indicator:     0.0
   Value of tmax indicator:         40.0

Task for patient = 8 with skills = {1,5} and cost = 42.7
   Vehicle #0 = 0, leaving at = 645.0
   Vehicle #1 = 2, leaving at = 656.0
   Increment on distance indicator: 6.0
   Increment on tard indicator:     0.0
   Value of tmax indicator:         6.0

Task for patient = 7 with skills = {1,4} and cost = 45.0
   Vehicle #0 = 0, leaving at = 686.0
   Vehicle #1 = 1, leaving at = 686.0
   Increment on distance indicator: 7.0
   Increment on tard indicator:     0.0
   Value of tmax indicator:         7.0

Task for patient = 6 with skills = {0,3} and cost = 47.0
   Vehicle #0 = 0, leaving at = 719.0
   Vehicle #1 = 2, leaving at = 719.0
   Increment on distance indicator: 6.0
   Increment on tard indicator:     0.0
   Value of tmax indicator:         6.0

Task for patient = 4 with skills = {3,-1} and cost = 60.7
   Vehicle #0 = 2, leaving at = 818.0
   Vehicle #1 = -1, leaving at = inf
   Increment on distance indicator: 41.0
   Increment on tard indicator:     0.0
   Value of tmax indicator:         41.0

Task for patient = 1 with skills = {5,-1} and cost = 61.0
   Vehicle #0 = 1, leaving at = 820.0
   Vehicle #1 = -1, leaving at = inf
   Increment on distance indicator: 1.0
   Increment on tard indicator:     0.0
   Value of tmax indicator:         1.0

Task for patient = 3 with skills = {2,-1} and cost = 61.7
   Vehicle #0 = 0, leaving at = 1022.0
   Vehicle #1 = -1, leaving at = inf
   Increment on distance indicator: 2.0
   Increment on tard indicator:     0.0
   Value of tmax indicator:         2.0

Task for patient = 5 with skills = {0,-1} and cost = 62.0
   Vehicle #0 = 0, leaving at = 1063.0
   Vehicle #1 = -1, leaving at = inf
   Increment on distance indicator: 1.0
   Increment on tard indicator:     0.0
   Value of tmax indicator:         1.0

Task for patient = 2 with skills = {5,-1} and cost = 63.7
   Vehicle #0 = 1, leaving at = 958.0
   Vehicle #1 = -1, leaving at = inf
   Increment on distance indicator: 5.0
   Increment on tard indicator:     0.0
   Value of tmax indicator:         5.0


Unused vehicle list: (total = 0 out of 3)

---
Search finished.
Total of 1900 generations in 89.7 seconds.
Exchange elite runs: 23
Implicit path relinking runs: 10
Reset attempts: 22

Best solution found:
   Cost: 90.7
   Total travel time: 272.0
   Total tardiness time: 0.0
   Largest tardiness: 0.0


90.7
