This host is: panku
--- BRKGA-MP-IPR for HHCRSP ---
Instance: new-dataset/instances-100/HHCRSP_100_20_99_0.4_C_RC.txt
Seed: 16

Reading data... Problem contains 100 patients  and 20 caregivers.

Summary of supply x demand for each service type:
Skill 0 has supply = 7 and demand = 23, ratio = 0.304348
Skill 1 has supply = 5 and demand = 16, ratio = 0.3125
Skill 2 has supply = 8 and demand = 36, ratio = 0.222222
Skill 3 has supply = 6 and demand = 13, ratio = 0.461538
Skill 4 has supply = 7 and demand = 12, ratio = 0.583333
Skill 5 has supply = 8 and demand = 30, ratio = 0.266667

Reading parameters...
Inferred distance function by PR type: kendall-tau
Building BRKGA data and initializing...
Evolving 1900 generations...

  Gens  Rem    Local   ElDiv NoImpr             Best solution            Time  Op
                                       Cost     Dist    Tard    TMax 
*    0 1900  2850.67  261.68      0  2850.67  2279.00  5874.0   399.0     0.1    
*    2 1898  2273.67  228.87      0  2273.67  2266.00  4189.0   366.0     0.2    
*    4 1896  2183.00  211.00      0  2183.00  2261.00  2833.0   270.0     0.3    
*    5 1895  1788.00  177.85      0  1788.00  2261.00  2833.0   270.0     0.3    
*    7 1893  1748.00  165.68      0  1748.00  2143.00  2507.0   288.0     0.4    
*    8 1892  1646.00  138.88      0  1646.00  2115.00  2067.0   254.0     0.5    
*    9 1891  1478.67  122.20      0  1478.67  2142.00  1769.0   239.0     0.5    
*   10 1890  1383.33  123.03      0  1383.33  2038.00  1400.0   186.0     0.6    
*   11 1889  1208.00  129.13      0  1208.00  2133.00  1152.0   170.0     0.7    
*   12 1888  1151.67  118.04      0  1151.67  2144.00   731.0   129.0     0.7    
*   13 1887  1001.33  111.33      0  1001.33  2155.00   623.0   171.0     0.8    
*   14 1886   983.00  100.24      0   983.00  2160.00   229.0    90.0     0.8    
*   15 1885   826.33   88.46      0   826.33  2160.00   229.0    90.0     0.9    
*   18 1882   782.00   63.09      0   782.00  2026.00   206.0   114.0     1.1    
*   20 1880   745.00   59.90      0   745.00  2099.00    70.0    38.0     1.2    

  Gens  Rem    Local   ElDiv NoImpr             Best solution            Time  Op
                                       Cost     Dist    Tard    TMax 
*   21 1879   735.67   56.66      0   735.67  1910.00   190.0    64.0     1.2    
*   22 1878   721.33   52.05      0   721.33  2027.00    49.0    40.0     1.3    
*   23 1877   705.33   45.34      0   705.33  1913.00    90.0    52.0     1.3    
*   24 1876   685.00   37.95      0   685.00  1973.00    35.0    13.0     1.4    
*   25 1875   673.67   36.57      0   673.67  1939.00    43.0    28.0     1.4    
*   26 1874   670.00   32.27      0   670.00  1939.00    43.0    28.0     1.5    
*   28 1872   653.33   25.28      0   653.33  1929.00    17.0     9.0     1.6    
*   29 1871   651.67   23.09      0   651.67  1874.00    36.0    34.0     1.7    
*   30 1870   648.00   20.95      0   648.00  1904.00    20.0    10.0     1.7    
*   31 1869   644.67   18.77      0   644.67  1904.00    20.0    10.0     1.8    
*   34 1866   637.33   16.53      0   637.33  1849.00    44.0    19.0     1.9    
*   36 1864   607.67   15.67      0   607.67  1794.00    16.0    13.0     2.1    
*   44 1856   601.00   11.65      0   601.00  1782.00     7.0     7.0     2.5    
*   45 1855   598.67   11.81      0   598.67  1772.00     6.0     3.0     2.6    
*   46 1854   593.67   11.42      0   593.67  1772.00     6.0     3.0     2.6    
    50 1850   593.67   10.07      4   593.67  1772.00     6.0     3.0     2.9    

  Gens  Rem    Local   ElDiv NoImpr             Best solution            Time  Op
                                       Cost     Dist    Tard    TMax 
*   58 1842   592.00    7.99      0   592.00  1769.00     4.0     3.0     3.3    
*   60 1840   590.33    7.38      0   590.33  1767.00     2.0     2.0     3.4    
*   62 1838   584.33    7.66      0   584.33  1710.00    11.0     5.0     3.5    
*   63 1837   575.33    7.44      0   575.33  1710.00    11.0     5.0     3.6    
*   67 1833   574.00    6.96      0   574.00  1713.00     5.0     4.0     3.8    
*   75 1825   571.00    6.52      0   571.00  1707.00     4.0     2.0     4.3    
*   80 1820   568.33    6.37      0   568.33  1687.00     1.0     1.0     4.5    
    80 1820   563.00    4.15      0   568.33  1687.00     1.0     1.0     4.5   X
*   81 1819   563.00    4.18      0   563.00  1687.00     1.0     1.0     4.6    
   100 1800   563.00    3.98     19   563.00  1687.00     1.0     1.0     5.7    
*  102 1798   560.33    4.08      0   560.33  1672.00     6.0     3.0     5.8    
*  142 1758   558.00    4.03      0   558.00  1666.00     5.0     3.0     8.1    
   150 1750   558.00    4.01      8   558.00  1666.00     5.0     3.0     8.5    
   160 1740   558.00    3.41     19   558.00  1666.00     5.0     3.0     9.1   X
*  166 1734   554.33    3.53      0   554.33  1663.00     0.0     0.0     9.5    
*  172 1728   552.67    3.59      0   552.67  1656.00     1.0     1.0     9.8    

  Gens  Rem    Local   ElDiv NoImpr             Best solution            Time  Op
                                       Cost     Dist    Tard    TMax 
*  178 1722   552.33    3.71      0   552.33  1653.00     2.0     2.0    10.1    
Path relinking result: elite improvement.
   180 1720   552.33    3.74      3   552.33  1653.00     2.0     2.0    10.3   P
*  200 1700   551.67    3.92      0   551.67  1632.00     2.0     2.0    11.5    
*  201 1699   545.33    3.97      0   545.33  1632.00     2.0     2.0    11.5    
*  209 1691   544.00    4.02      0   544.00  1632.00     0.0     0.0    12.0    
*  219 1681   543.00    4.20      0   543.00  1625.00     2.0     2.0    12.5    
*  224 1676   535.67    4.88      0   535.67  1603.00     2.0     2.0    12.8    
*  229 1671   535.00    5.36      0   535.00  1583.00    14.0     8.0    13.1    
*  232 1668   534.00    5.64      0   534.00  1602.00     0.0     0.0    13.3    
   240 1660   534.00    4.31      9   534.00  1602.00     0.0     0.0    13.8   X
*  242 1658   533.67    4.10      0   533.67  1591.00     5.0     5.0    13.9    
*  244 1656   532.00    4.02      0   532.00  1594.00     1.0     1.0    14.0    
*  247 1653   531.67    3.89      0   531.67  1595.00     0.0     0.0    14.2    
*  249 1651   530.33    3.80      0   530.33  1591.00     0.0     0.0    14.3    
   250 1650   530.33    3.90      1   530.33  1591.00     0.0     0.0    14.4    
*  251 1649   526.00    3.78      0   526.00  1570.00     4.0     4.0    14.4    

  Gens  Rem    Local   ElDiv NoImpr             Best solution            Time  Op
                                       Cost     Dist    Tard    TMax 
*  257 1643   522.00    3.60      0   522.00  1566.00     0.0     0.0    14.7    
*  266 1634   520.33    3.44      0   520.33  1561.00     0.0     0.0    15.3    
*  268 1632   518.33    3.62      0   518.33  1550.00     0.0     0.0    15.4    
*  269 1631   516.67    3.58      0   516.67  1550.00     0.0     0.0    15.4    
*  271 1629   514.67    3.57      0   514.67  1540.00     2.0     2.0    15.5    
*  277 1623   512.33    3.01      0   512.33  1536.00     0.0     0.0    15.9    
*  278 1622   512.00    3.00      0   512.00  1536.00     0.0     0.0    15.9    
*  281 1619   511.00    3.27      0   511.00  1533.00     0.0     0.0    16.1    
*  284 1616   508.00    3.30      0   508.00  1524.00     0.0     0.0    16.3    
*  292 1608   506.67    3.06      0   506.67  1519.00     0.0     0.0    16.7    
*  293 1607   506.33    3.00      0   506.33  1519.00     0.0     0.0    16.8    
*  296 1604   506.00    2.95      0   506.00  1515.00     0.0     0.0    17.0    
*  297 1603   505.00    3.02      0   505.00  1512.00     0.0     0.0    17.0    
*  298 1602   504.00    3.12      0   504.00  1512.00     0.0     0.0    17.1    
   300 1600   504.00    3.03      2   504.00  1512.00     0.0     0.0    17.2    
*  301 1599   503.67    3.13      0   503.67  1506.00     0.0     0.0    17.2    

  Gens  Rem    Local   ElDiv NoImpr             Best solution            Time  Op
                                       Cost     Dist    Tard    TMax 
*  302 1598   502.00    3.22      0   502.00  1504.00     0.0     0.0    17.3    
*  303 1597   501.33    3.30      0   501.33  1504.00     0.0     0.0    17.4    
*  305 1595   501.00    3.42      0   501.00  1503.00     0.0     0.0    17.5    
*  310 1590   500.00    3.72      0   500.00  1498.00     0.0     0.0    17.8    
*  311 1589   499.33    3.76      0   499.33  1498.00     0.0     0.0    17.8    
*  314 1586   498.67    3.90      0   498.67  1496.00     0.0     0.0    18.0    
*  316 1584   498.33    4.06      0   498.33  1495.00     0.0     0.0    18.1    
*  318 1582   498.00    4.07      0   498.00  1492.00     0.0     0.0    18.2    
*  319 1581   497.33    4.02      0   497.33  1492.00     0.0     0.0    18.3    
   320 1580   497.00    0.68      0   497.33  1492.00     0.0     0.0    18.4   X
*  321 1579   497.00    0.64      0   497.00  1491.00     0.0     0.0    18.4    
*  323 1577   496.67    0.60      0   496.67  1490.00     0.0     0.0    18.5    
*  335 1565   496.33    0.54      0   496.33  1489.00     0.0     0.0    19.2    
*  347 1553   496.00    0.55      0   496.00  1488.00     0.0     0.0    19.9    
*  349 1551   494.33    0.57      0   494.33  1483.00     0.0     0.0    20.0    
   350 1550   494.33    0.62      1   494.33  1483.00     0.0     0.0    20.1    

  Gens  Rem    Local   ElDiv NoImpr             Best solution            Time  Op
                                       Cost     Dist    Tard    TMax 
*  351 1549   493.00    0.61      0   493.00  1479.00     0.0     0.0    20.1    
*  359 1541   492.67    0.63      0   492.67  1478.00     0.0     0.0    20.6    
Path relinking result: no improvement.
   360 1540   492.67    0.62      2   492.67  1478.00     0.0     0.0    20.6   P
*  386 1514   492.00    1.46      0   492.00  1476.00     0.0     0.0    22.1    
   400 1500   492.00    0.55     14   492.00  1476.00     0.0     0.0    22.8    
   400 1500   492.00    0.31     15   492.00  1476.00     0.0     0.0    22.8   X
*  405 1495   491.67    0.07      0   491.67  1475.00     0.0     0.0    23.1    
*  418 1482   491.33    0.06      0   491.33  1474.00     0.0     0.0    23.8    
   450 1450   491.33    0.31     32   491.33  1474.00     0.0     0.0    25.7    
*  455 1445   490.67    0.32      0   490.67  1472.00     0.0     0.0    26.0    
   480 1420   490.67    0.13     26   490.67  1472.00     0.0     0.0    27.4   X
   500 1400   490.67    0.18     45   490.67  1472.00     0.0     0.0    28.5    
Path relinking result: elite improvement.
   540 1360   490.67    0.31     86   490.67  1472.00     0.0     0.0    30.8   P
   550 1350   490.67    0.31     95   490.67  1472.00     0.0     0.0    31.3    
   560 1340   490.67    0.00    106   490.67  1472.00     0.0     0.0    31.9   X
   600 1300   490.67    0.00    145   490.67  1472.00     0.0     0.0    34.2    

  Gens  Rem    Local   ElDiv NoImpr             Best solution            Time  Op
                                       Cost     Dist    Tard    TMax 
*  632 1268   490.33    0.02      0   490.33  1471.00     0.0     0.0    35.9    
   640 1260   490.33    0.07      9   490.33  1471.00     0.0     0.0    36.4   X
   650 1250   490.33    0.00     18   490.33  1471.00     0.0     0.0    36.9    
   700 1200   490.33    0.00     68   490.33  1471.00     0.0     0.0    39.8    
Path relinking result: no improvement.
   720 1180   490.33    0.00     89   490.33  1471.00     0.0     0.0    41.0  PX
   750 1150   490.33    0.00    118   490.33  1471.00     0.0     0.0    42.7    
   800 1100   490.33    0.00    168   490.33  1471.00     0.0     0.0    45.6    
   800 1100   490.33    0.00    169   490.33  1471.00     0.0     0.0    45.6   X
   850 1050   490.33    0.00    218   490.33  1471.00     0.0     0.0    48.4    
   880 1020   490.33    0.00    249   490.33  1471.00     0.0     0.0    50.1   X
   900 1000   490.33    0.00    268   490.33  1471.00     0.0     0.0    51.3    
Path relinking result: no improvement.
   900 1000   490.33    0.00    269   490.33  1471.00     0.0     0.0    51.3   P
   950  950   490.33    0.00    318   490.33  1471.00     0.0     0.0    54.1    
   960  940   490.33    0.00    329   490.33  1471.00     0.0     0.0    54.6   X
  1000  900   490.33    0.00    368   490.33  1471.00     0.0     0.0    56.9    
  1040  860   490.33    0.00    409   490.33  1471.00     0.0     0.0    59.2   X

  Gens  Rem    Local   ElDiv NoImpr             Best solution            Time  Op
                                       Cost     Dist    Tard    TMax 
  1050  850   490.33    0.00    418   490.33  1471.00     0.0     0.0    59.7    
Path relinking result: no improvement.
  1080  820   490.33    0.00    449   490.33  1471.00     0.0     0.0    61.4   P
  1100  800   490.33    0.00    468   490.33  1471.00     0.0     0.0    62.5    
  1120  780   490.33    0.00    489   490.33  1471.00     0.0     0.0    63.7   X
  1150  750   490.33    0.00    518   490.33  1471.00     0.0     0.0    65.3    
  1200  700   490.33    0.00    568   490.33  1471.00     0.0     0.0    68.2    
  1200  700   490.33    0.00    569   490.33  1471.00     0.0     0.0    68.2   X
  1250  650   490.33    0.00    618   490.33  1471.00     0.0     0.0    71.0    
Path relinking result: no improvement.
  1260  640   490.33    0.00    629   490.33  1471.00     0.0     0.0    71.6   P
* 1270  630   489.67    0.04      0   489.67  1469.00     0.0     0.0    72.2    
  1280  620   489.67    0.07     11   489.67  1469.00     0.0     0.0    72.8   X
* 1297  603   489.33    0.22      0   489.33  1468.00     0.0     0.0    73.7    
  1300  600   489.33    0.33      3   489.33  1468.00     0.0     0.0    73.9    
  1350  550   489.33    0.00     53   489.33  1468.00     0.0     0.0    76.7    
  1360  540   489.33    0.00     64   489.33  1468.00     0.0     0.0    77.3   X
  1400  500   489.33    0.00    103   489.33  1468.00     0.0     0.0    79.5    
Path relinking result: no improvement.

  Gens  Rem    Local   ElDiv NoImpr             Best solution            Time  Op
                                       Cost     Dist    Tard    TMax 
  1440  460   489.33    0.00    144   489.33  1468.00     0.0     0.0    81.8  PX
  1450  450   489.33    0.00    153   489.33  1468.00     0.0     0.0    82.4    
  1500  400   489.33    0.00    203   489.33  1468.00     0.0     0.0    85.2    
  1520  380   489.33    0.00    224   489.33  1468.00     0.0     0.0    86.3   X
  1550  350   489.33    0.00    253   489.33  1468.00     0.0     0.0    88.0    
  1600  300   489.33    0.00    303   489.33  1468.00     0.0     0.0    90.8    
  1600  300   489.33    0.00    304   489.33  1468.00     0.0     0.0    90.8   X
Path relinking result: no improvement.
  1620  280   489.33    0.00    324   489.33  1468.00     0.0     0.0    91.9   P
  1650  250   489.33    0.00    353   489.33  1468.00     0.0     0.0    93.6    
  1680  220   489.33    0.00    384   489.33  1468.00     0.0     0.0    95.3   X
  1700  200   489.33    0.00    403   489.33  1468.00     0.0     0.0    96.5    
  1750  150   489.33    0.00    453   489.33  1468.00     0.0     0.0    99.3    
  1760  140   489.33    0.00    464   489.33  1468.00     0.0     0.0    99.9   X
  1800  100   489.33    0.00    503   489.33  1468.00     0.0     0.0   102.1    
Path relinking result: no improvement.
  1800  100   489.33    0.00    504   489.33  1468.00     0.0     0.0   102.1   P
  1840   60   489.33    0.00    544   489.33  1468.00     0.0     0.0   104.4   X

  Gens  Rem    Local   ElDiv NoImpr             Best solution            Time  Op
                                       Cost     Dist    Tard    TMax 
  1850   50   489.33    0.00    553   489.33  1468.00     0.0     0.0   104.9    
  1900    0   489.33    0.00    603   489.33  1468.00     0.0     0.0   107.7    
Evolutionary process finished.
Solution written to 'solution-13984.txt'.

Sorted sequence of worst to best tardiness value:
Task for patient = 4 with skills = {5,-1} and cost = 289.0
   Vehicle #0 = 17, leaving at = 927.0
   Vehicle #1 = -1, leaving at = inf
   Increment on distance indicator: 4.0
   Increment on tard indicator:     0.0
   Value of tmax indicator:         4.0

Task for patient = 30 with skills = {3,-1} and cost = 287.7
   Vehicle #0 = 11, leaving at = 836.0
   Vehicle #1 = -1, leaving at = inf
   Increment on distance indicator: 1.0
   Increment on tard indicator:     0.0
   Value of tmax indicator:         1.0

Task for patient = 9 with skills = {5,-1} and cost = 287.3
   Vehicle #0 = 14, leaving at = 741.0
   Vehicle #1 = -1, leaving at = inf
   Increment on distance indicator: 4.0
   Increment on tard indicator:     0.0
   Value of tmax indicator:         4.0

Task for patient = 15 with skills = {0,-1} and cost = 286.0
   Vehicle #0 = 3, leaving at = 863.0
   Vehicle #1 = -1, leaving at = inf
   Increment on distance indicator: 8.0
   Increment on tard indicator:     0.0
   Value of tmax indicator:         8.0

Task for patient = 78 with skills = {2,-1} and cost = 283.3
   Vehicle #0 = 4, leaving at = 839.0
   Vehicle #1 = -1, leaving at = inf
   Increment on distance indicator: 4.0
   Increment on tard indicator:     0.0
   Value of tmax indicator:         4.0

Task for patient = 100 with skills = {2,5} and cost = 282.0
   Vehicle #0 = 1, leaving at = 911.0
   Vehicle #1 = 10, leaving at = 906.0
   Increment on distance indicator: 9.0
   Increment on tard indicator:     0.0
   Value of tmax indicator:         9.0

Task for patient = 53 with skills = {2,-1} and cost = 279.0
   Vehicle #0 = 4, leaving at = 789.0
   Vehicle #1 = -1, leaving at = inf
   Increment on distance indicator: 10.0
   Increment on tard indicator:     0.0
   Value of tmax indicator:         10.0

Task for patient = 76 with skills = {1,-1} and cost = 275.7
   Vehicle #0 = 2, leaving at = 905.0
   Vehicle #1 = -1, leaving at = inf
   Increment on distance indicator: 5.0
   Increment on tard indicator:     0.0
   Value of tmax indicator:         5.0

Task for patient = 68 with skills = {1,-1} and cost = 274.0
   Vehicle #0 = 9, leaving at = 909.0
   Vehicle #1 = -1, leaving at = inf
   Increment on distance indicator: 9.0
   Increment on tard indicator:     0.0
   Value of tmax indicator:         9.0

Task for patient = 3 with skills = {1,-1} and cost = 271.0
   Vehicle #0 = 6, leaving at = 936.0
   Vehicle #1 = -1, leaving at = inf
   Increment on distance indicator: 6.0
   Increment on tard indicator:     0.0
   Value of tmax indicator:         6.0

Task for patient = 84 with skills = {2,-1} and cost = 269.0
   Vehicle #0 = 6, leaving at = 915.0
   Vehicle #1 = -1, leaving at = inf
   Increment on distance indicator: 4.0
   Increment on tard indicator:     0.0
   Value of tmax indicator:         4.0

Task for patient = 49 with skills = {2,-1} and cost = 383.3
   Vehicle #0 = 1, leaving at = 1078.0
   Vehicle #1 = -1, leaving at = inf
   Increment on distance indicator: 14.0
   Increment on tard indicator:     0.0
   Value of tmax indicator:         14.0

Task for patient = 67 with skills = {2,-1} and cost = 266.7
   Vehicle #0 = 1, leaving at = 870.0
   Vehicle #1 = -1, leaving at = inf
   Increment on distance indicator: 3.0
   Increment on tard indicator:     0.0
   Value of tmax indicator:         3.0

Task for patient = 19 with skills = {1,-1} and cost = 265.7
   Vehicle #0 = 2, leaving at = 868.0
   Vehicle #1 = -1, leaving at = inf
   Increment on distance indicator: 11.0
   Increment on tard indicator:     0.0
   Value of tmax indicator:         11.0

Task for patient = 88 with skills = {0,3} and cost = 262.0
   Vehicle #0 = 6, leaving at = 881.0
   Vehicle #1 = 17, leaving at = 866.0
   Increment on distance indicator: 17.0
   Increment on tard indicator:     0.0
   Value of tmax indicator:         17.0

Task for patient = 92 with skills = {3,-1} and cost = 256.3
   Vehicle #0 = 10, leaving at = 849.0
   Vehicle #1 = -1, leaving at = inf
   Increment on distance indicator: 7.0
   Increment on tard indicator:     0.0
   Value of tmax indicator:         7.0

Task for patient = 54 with skills = {5,-1} and cost = 254.0
   Vehicle #0 = 16, leaving at = 924.0
   Vehicle #1 = -1, leaving at = inf
   Increment on distance indicator: 6.0
   Increment on tard indicator:     0.0
   Value of tmax indicator:         6.0

Task for patient = 8 with skills = {2,-1} and cost = 252.0
   Vehicle #0 = 7, leaving at = 891.0
   Vehicle #1 = -1, leaving at = inf
   Increment on distance indicator: 6.0
   Increment on tard indicator:     0.0
   Value of tmax indicator:         6.0

Task for patient = 91 with skills = {1,5} and cost = 250.0
   Vehicle #0 = 2, leaving at = 828.0
   Vehicle #1 = 16, leaving at = 887.0
   Increment on distance indicator: 27.0
   Increment on tard indicator:     0.0
   Value of tmax indicator:         27.0

Task for patient = 17 with skills = {5,-1} and cost = 241.0
   Vehicle #0 = 15, leaving at = 774.0
   Vehicle #1 = -1, leaving at = inf
   Increment on distance indicator: 7.0
   Increment on tard indicator:     0.0
   Value of tmax indicator:         7.0

Task for patient = 64 with skills = {0,5} and cost = 238.7
   Vehicle #0 = 8, leaving at = 833.0
   Vehicle #1 = 19, leaving at = 857.0
   Increment on distance indicator: 4.0
   Increment on tard indicator:     0.0
   Value of tmax indicator:         4.0

Task for patient = 61 with skills = {0,3} and cost = 237.3
   Vehicle #0 = 9, leaving at = 843.0
   Vehicle #1 = 17, leaving at = 837.0
   Increment on distance indicator: 19.0
   Increment on tard indicator:     0.0
   Value of tmax indicator:         19.0

Task for patient = 55 with skills = {2,3} and cost = 231.0
   Vehicle #0 = 8, leaving at = 796.0
   Vehicle #1 = 19, leaving at = 827.0
   Increment on distance indicator: 18.0
   Increment on tard indicator:     0.0
   Value of tmax indicator:         18.0

Task for patient = 70 with skills = {4,-1} and cost = 225.0
   Vehicle #0 = 12, leaving at = 949.0
   Vehicle #1 = -1, leaving at = inf
   Increment on distance indicator: 7.0
   Increment on tard indicator:     0.0
   Value of tmax indicator:         7.0

Task for patient = 80 with skills = {5,-1} and cost = 267.7
   Vehicle #0 = 19, leaving at = 911.0
   Vehicle #1 = -1, leaving at = inf
   Increment on distance indicator: 3.0
   Increment on tard indicator:     0.0
   Value of tmax indicator:         3.0

Task for patient = 94 with skills = {1,5} and cost = 378.7
   Vehicle #0 = 2, leaving at = 1118.0
   Vehicle #1 = 16, leaving at = 1079.0
   Increment on distance indicator: 13.0
   Increment on tard indicator:     0.0
   Value of tmax indicator:         13.0

Task for patient = 73 with skills = {2,5} and cost = 374.3
   Vehicle #0 = 5, leaving at = 966.0
   Vehicle #1 = 15, leaving at = 985.0
   Increment on distance indicator: 17.0
   Increment on tard indicator:     0.0
   Value of tmax indicator:         17.0

Task for patient = 16 with skills = {2,-1} and cost = 368.7
   Vehicle #0 = 1, leaving at = 1017.0
   Vehicle #1 = -1, leaving at = inf
   Increment on distance indicator: 10.0
   Increment on tard indicator:     0.0
   Value of tmax indicator:         10.0

Task for patient = 82 with skills = {2,-1} and cost = 365.3
   Vehicle #0 = 4, leaving at = 953.0
   Vehicle #1 = -1, leaving at = inf
   Increment on distance indicator: 12.0
   Increment on tard indicator:     0.0
   Value of tmax indicator:         12.0

Task for patient = 85 with skills = {1,-1} and cost = 361.3
   Vehicle #0 = 0, leaving at = 864.0
   Vehicle #1 = -1, leaving at = inf
   Increment on distance indicator: 23.0
   Increment on tard indicator:     0.0
   Value of tmax indicator:         23.0

Task for patient = 74 with skills = {5,-1} and cost = 353.7
   Vehicle #0 = 16, leaving at = 1056.0
   Vehicle #1 = -1, leaving at = inf
   Increment on distance indicator: 12.0
   Increment on tard indicator:     0.0
   Value of tmax indicator:         12.0

Task for patient = 46 with skills = {1,5} and cost = 349.7
   Vehicle #0 = 2, leaving at = 1007.0
   Vehicle #1 = 16, leaving at = 1007.0
   Increment on distance indicator: 6.0
   Increment on tard indicator:     0.0
   Value of tmax indicator:         6.0

Task for patient = 25 with skills = {2,5} and cost = 347.7
   Vehicle #0 = 6, leaving at = 1059.0
   Vehicle #1 = 17, leaving at = 1088.0
   Increment on distance indicator: 10.0
   Increment on tard indicator:     0.0
   Value of tmax indicator:         10.0

Task for patient = 43 with skills = {1,5} and cost = 344.3
   Vehicle #0 = 6, leaving at = 1035.0
   Vehicle #1 = 17, leaving at = 1020.0
   Increment on distance indicator: 5.0
   Increment on tard indicator:     0.0
   Value of tmax indicator:         5.0

Task for patient = 51 with skills = {5,-1} and cost = 342.7
   Vehicle #0 = 10, leaving at = 1053.0
   Vehicle #1 = -1, leaving at = inf
   Increment on distance indicator: 10.0
   Increment on tard indicator:     0.0
   Value of tmax indicator:         10.0

Task for patient = 27 with skills = {4,-1} and cost = 339.3
   Vehicle #0 = 17, leaving at = 989.0
   Vehicle #1 = -1, leaving at = inf
   Increment on distance indicator: 7.0
   Increment on tard indicator:     0.0
   Value of tmax indicator:         7.0

Task for patient = 14 with skills = {2,-1} and cost = 291.7
   Vehicle #0 = 5, leaving at = 868.0
   Vehicle #1 = -1, leaving at = inf
   Increment on distance indicator: 8.0
   Increment on tard indicator:     0.0
   Value of tmax indicator:         8.0

Task for patient = 48 with skills = {0,5} and cost = 333.3
   Vehicle #0 = 3, leaving at = 997.0
   Vehicle #1 = 10, leaving at = 987.0
   Increment on distance indicator: 16.0
   Increment on tard indicator:     0.0
   Value of tmax indicator:         16.0

Task for patient = 71 with skills = {1,-1} and cost = 328.0
   Vehicle #0 = 6, leaving at = 990.0
   Vehicle #1 = -1, leaving at = inf
   Increment on distance indicator: 4.0
   Increment on tard indicator:     0.0
   Value of tmax indicator:         4.0

Task for patient = 32 with skills = {2,-1} and cost = 326.7
   Vehicle #0 = 8, leaving at = 878.0
   Vehicle #1 = -1, leaving at = inf
   Increment on distance indicator: 5.0
   Increment on tard indicator:     0.0
   Value of tmax indicator:         5.0

Task for patient = 59 with skills = {0,-1} and cost = 325.0
   Vehicle #0 = 1, leaving at = 971.0
   Vehicle #1 = -1, leaving at = inf
   Increment on distance indicator: 6.0
   Increment on tard indicator:     0.0
   Value of tmax indicator:         6.0

Task for patient = 97 with skills = {2,3} and cost = 323.0
   Vehicle #0 = 2, leaving at = 960.0
   Vehicle #1 = 10, leaving at = 937.0
   Increment on distance indicator: 18.0
   Increment on tard indicator:     0.0
   Value of tmax indicator:         18.0

Task for patient = 31 with skills = {3,-1} and cost = 317.0
   Vehicle #0 = 16, leaving at = 986.0
   Vehicle #1 = -1, leaving at = inf
   Increment on distance indicator: 6.0
   Increment on tard indicator:     0.0
   Value of tmax indicator:         6.0

Task for patient = 23 with skills = {0,-1} and cost = 315.0
   Vehicle #0 = 3, leaving at = 883.0
   Vehicle #1 = -1, leaving at = inf
   Increment on distance indicator: 4.0
   Increment on tard indicator:     0.0
   Value of tmax indicator:         4.0

Task for patient = 57 with skills = {2,-1} and cost = 313.7
   Vehicle #0 = 9, leaving at = 1001.0
   Vehicle #1 = -1, leaving at = inf
   Increment on distance indicator: 2.0
   Increment on tard indicator:     0.0
   Value of tmax indicator:         2.0

Task for patient = 89 with skills = {1,5} and cost = 313.0
   Vehicle #0 = 0, leaving at = 820.0
   Vehicle #1 = 14, leaving at = 819.0
   Increment on distance indicator: 27.0
   Increment on tard indicator:     0.0
   Value of tmax indicator:         27.0

Task for patient = 44 with skills = {2,4} and cost = 304.0
   Vehicle #0 = 9, leaving at = 976.0
   Vehicle #1 = 11, leaving at = 978.0
   Increment on distance indicator: 22.0
   Increment on tard indicator:     0.0
   Value of tmax indicator:         22.0

Task for patient = 6 with skills = {2,-1} and cost = 296.7
   Vehicle #0 = 7, leaving at = 946.0
   Vehicle #1 = -1, leaving at = inf
   Increment on distance indicator: 8.0
   Increment on tard indicator:     0.0
   Value of tmax indicator:         8.0

Task for patient = 20 with skills = {5,-1} and cost = 294.0
   Vehicle #0 = 11, leaving at = 862.0
   Vehicle #1 = -1, leaving at = inf
   Increment on distance indicator: 7.0
   Increment on tard indicator:     0.0
   Value of tmax indicator:         7.0

Task for patient = 11 with skills = {2,5} and cost = 337.0
   Vehicle #0 = 9, leaving at = 1049.0
   Vehicle #1 = 11, leaving at = 1061.0
   Increment on distance indicator: 11.0
   Increment on tard indicator:     0.0
   Value of tmax indicator:         11.0

Task for patient = 47 with skills = {1,-1} and cost = 145.7
   Vehicle #0 = 3, leaving at = 648.0
   Vehicle #1 = -1, leaving at = inf
   Increment on distance indicator: 19.0
   Increment on tard indicator:     0.0
   Value of tmax indicator:         19.0

Task for patient = 39 with skills = {2,5} and cost = 139.3
   Vehicle #0 = 4, leaving at = 715.0
   Vehicle #1 = 11, leaving at = 733.0
   Increment on distance indicator: 28.0
   Increment on tard indicator:     0.0
   Value of tmax indicator:         28.0

Task for patient = 56 with skills = {5,-1} and cost = 130.0
   Vehicle #0 = 17, leaving at = 608.0
   Vehicle #1 = -1, leaving at = inf
   Increment on distance indicator: 2.0
   Increment on tard indicator:     0.0
   Value of tmax indicator:         2.0

Task for patient = 87 with skills = {2,3} and cost = 129.3
   Vehicle #0 = 5, leaving at = 557.0
   Vehicle #1 = 17, leaving at = 573.0
   Increment on distance indicator: 32.0
   Increment on tard indicator:     0.0
   Value of tmax indicator:         32.0

Task for patient = 2 with skills = {2,-1} and cost = 118.7
   Vehicle #0 = 7, leaving at = 629.0
   Vehicle #1 = -1, leaving at = inf
   Increment on distance indicator: 8.0
   Increment on tard indicator:     0.0
   Value of tmax indicator:         8.0

Task for patient = 40 with skills = {4,-1} and cost = 116.0
   Vehicle #0 = 12, leaving at = 624.0
   Vehicle #1 = -1, leaving at = inf
   Increment on distance indicator: 12.0
   Increment on tard indicator:     0.0
   Value of tmax indicator:         12.0

Task for patient = 95 with skills = {0,-1} and cost = 112.0
   Vehicle #0 = 7, leaving at = 579.0
   Vehicle #1 = -1, leaving at = inf
   Increment on distance indicator: 7.0
   Increment on tard indicator:     0.0
   Value of tmax indicator:         7.0

Task for patient = 28 with skills = {2,5} and cost = 109.7
   Vehicle #0 = 8, leaving at = 707.0
   Vehicle #1 = 14, leaving at = 702.0
   Increment on distance indicator: 23.0
   Increment on tard indicator:     0.0
   Value of tmax indicator:         23.0

Task for patient = 41 with skills = {0,-1} and cost = 102.0
   Vehicle #0 = 6, leaving at = 701.0
   Vehicle #1 = -1, leaving at = inf
   Increment on distance indicator: 7.0
   Increment on tard indicator:     0.0
   Value of tmax indicator:         7.0

Task for patient = 98 with skills = {0,-1} and cost = 99.7
   Vehicle #0 = 8, leaving at = 640.0
   Vehicle #1 = -1, leaving at = inf
   Increment on distance indicator: 9.0
   Increment on tard indicator:     0.0
   Value of tmax indicator:         9.0

Task for patient = 21 with skills = {2,-1} and cost = 96.7
   Vehicle #0 = 1, leaving at = 673.0
   Vehicle #1 = -1, leaving at = inf
   Increment on distance indicator: 4.0
   Increment on tard indicator:     0.0
   Value of tmax indicator:         4.0

Task for patient = 5 with skills = {2,3} and cost = 222.7
   Vehicle #0 = 6, leaving at = 757.0
   Vehicle #1 = 10, leaving at = 798.0
   Increment on distance indicator: 12.0
   Increment on tard indicator:     0.0
   Value of tmax indicator:         12.0

Task for patient = 77 with skills = {4,-1} and cost = 93.7
   Vehicle #0 = 10, leaving at = 743.0
   Vehicle #1 = -1, leaving at = inf
   Increment on distance indicator: 6.0
   Increment on tard indicator:     0.0
   Value of tmax indicator:         6.0

Task for patient = 24 with skills = {0,3} and cost = 91.7
   Vehicle #0 = 7, leaving at = 515.0
   Vehicle #1 = 16, leaving at = 547.0
   Increment on distance indicator: 62.0
   Increment on tard indicator:     0.0
   Value of tmax indicator:         62.0

Task for patient = 50 with skills = {1,5} and cost = 71.0
   Vehicle #0 = 6, leaving at = 645.0
   Vehicle #1 = 10, leaving at = 677.0
   Increment on distance indicator: 31.0
   Increment on tard indicator:     0.0
   Value of tmax indicator:         31.0

Task for patient = 38 with skills = {2,-1} and cost = 60.7
   Vehicle #0 = 4, leaving at = 602.0
   Vehicle #1 = -1, leaving at = inf
   Increment on distance indicator: 16.0
   Increment on tard indicator:     0.0
   Value of tmax indicator:         16.0

Task for patient = 75 with skills = {0,4} and cost = 55.3
   Vehicle #0 = 3, leaving at = 590.0
   Vehicle #1 = 12, leaving at = 577.0
   Increment on distance indicator: 40.0
   Increment on tard indicator:     0.0
   Value of tmax indicator:         40.0

Task for patient = 63 with skills = {0,-1} and cost = 42.0
   Vehicle #0 = 3, leaving at = 513.0
   Vehicle #1 = -1, leaving at = inf
   Increment on distance indicator: 0.0
   Increment on tard indicator:     0.0
   Value of tmax indicator:         0.0

Task for patient = 52 with skills = {2,5} and cost = 42.0
   Vehicle #0 = 2, leaving at = 679.0
   Vehicle #1 = 11, leaving at = 668.0
   Increment on distance indicator: 20.0
   Increment on tard indicator:     0.0
   Value of tmax indicator:         20.0

Task for patient = 10 with skills = {2,5} and cost = 35.3
   Vehicle #0 = 2, leaving at = 600.0
   Vehicle #1 = 11, leaving at = 586.0
   Increment on distance indicator: 34.0
   Increment on tard indicator:     0.0
   Value of tmax indicator:         34.0

Task for patient = 29 with skills = {1,-1} and cost = 24.0
   Vehicle #0 = 0, leaving at = 714.0
   Vehicle #1 = -1, leaving at = inf
   Increment on distance indicator: 15.0
   Increment on tard indicator:     0.0
   Value of tmax indicator:         15.0

Task for patient = 83 with skills = {2,4} and cost = 19.0
   Vehicle #0 = 1, leaving at = 613.0
   Vehicle #1 = 10, leaving at = 620.0
   Increment on distance indicator: 19.0
   Increment on tard indicator:     0.0
   Value of tmax indicator:         19.0

Task for patient = 58 with skills = {5,-1} and cost = 12.7
   Vehicle #0 = 10, leaving at = 561.0
   Vehicle #1 = -1, leaving at = inf
   Increment on distance indicator: 16.0
   Increment on tard indicator:     0.0
   Value of tmax indicator:         16.0

Task for patient = 35 with skills = {0,-1} and cost = 7.3
   Vehicle #0 = 1, leaving at = 526.0
   Vehicle #1 = -1, leaving at = inf
   Increment on distance indicator: 22.0
   Increment on tard indicator:     0.0
   Value of tmax indicator:         22.0

Task for patient = 96 with skills = {2,-1} and cost = 95.3
   Vehicle #0 = 2, leaving at = 710.0
   Vehicle #1 = -1, leaving at = inf
   Increment on distance indicator: 5.0
   Increment on tard indicator:     0.0
   Value of tmax indicator:         5.0

Task for patient = 65 with skills = {1,-1} and cost = 218.7
   Vehicle #0 = 0, leaving at = 775.0
   Vehicle #1 = -1, leaving at = inf
   Increment on distance indicator: 19.0
   Increment on tard indicator:     0.0
   Value of tmax indicator:         19.0

Task for patient = 79 with skills = {0,5} and cost = 212.3
   Vehicle #0 = 7, leaving at = 837.0
   Vehicle #1 = 16, leaving at = 832.0
   Increment on distance indicator: 15.0
   Increment on tard indicator:     0.0
   Value of tmax indicator:         15.0

Task for patient = 86 with skills = {2,-1} and cost = 207.3
   Vehicle #0 = 9, leaving at = 760.0
   Vehicle #1 = -1, leaving at = inf
   Increment on distance indicator: 8.0
   Increment on tard indicator:     0.0
   Value of tmax indicator:         8.0

Task for patient = 13 with skills = {5,-1} and cost = 204.7
   Vehicle #0 = 17, leaving at = 804.0
   Vehicle #1 = -1, leaving at = inf
   Increment on distance indicator: 9.0
   Increment on tard indicator:     0.0
   Value of tmax indicator:         9.0

Task for patient = 12 with skills = {4,-1} and cost = 201.7
   Vehicle #0 = 16, leaving at = 801.0
   Vehicle #1 = -1, leaving at = inf
   Increment on distance indicator: 6.0
   Increment on tard indicator:     0.0
   Value of tmax indicator:         6.0

Task for patient = 18 with skills = {2,-1} and cost = 199.7
   Vehicle #0 = 6, leaving at = 728.0
   Vehicle #1 = -1, leaving at = inf
   Increment on distance indicator: 4.0
   Increment on tard indicator:     0.0
   Value of tmax indicator:         4.0

Task for patient = 62 with skills = {0,-1} and cost = 198.3
   Vehicle #0 = 1, leaving at = 835.0
   Vehicle #1 = -1, leaving at = inf
   Increment on distance indicator: 5.0
   Increment on tard indicator:     0.0
   Value of tmax indicator:         5.0

Task for patient = 37 with skills = {5,-1} and cost = 196.7
   Vehicle #0 = 11, leaving at = 780.0
   Vehicle #1 = -1, leaving at = inf
   Increment on distance indicator: 9.0
   Increment on tard indicator:     0.0
   Value of tmax indicator:         9.0

Task for patient = 66 with skills = {1,4} and cost = 193.7
   Vehicle #0 = 9, leaving at = 715.0
   Vehicle #1 = 17, leaving at = 768.0
   Increment on distance indicator: 22.0
   Increment on tard indicator:     0.0
   Value of tmax indicator:         22.0

Task for patient = 42 with skills = {0,-1} and cost = 186.3
   Vehicle #0 = 1, leaving at = 780.0
   Vehicle #1 = -1, leaving at = inf
   Increment on distance indicator: 8.0
   Increment on tard indicator:     0.0
   Value of tmax indicator:         8.0

Task for patient = 81 with skills = {2,-1} and cost = 183.7
   Vehicle #0 = 2, leaving at = 739.0
   Vehicle #1 = -1, leaving at = inf
   Increment on distance indicator: 10.0
   Increment on tard indicator:     0.0
   Value of tmax indicator:         10.0

Task for patient = 72 with skills = {3,-1} and cost = 146.7
   Vehicle #0 = 12, leaving at = 675.0
   Vehicle #1 = -1, leaving at = inf
   Increment on distance indicator: 3.0
   Increment on tard indicator:     0.0
   Value of tmax indicator:         3.0

Task for patient = 93 with skills = {3,-1} and cost = 175.0
   Vehicle #0 = 12, leaving at = 721.0
   Vehicle #1 = -1, leaving at = inf
   Increment on distance indicator: 9.0
   Increment on tard indicator:     0.0
   Value of tmax indicator:         9.0

Task for patient = 7 with skills = {5,-1} and cost = 172.0
   Vehicle #0 = 17, leaving at = 702.0
   Vehicle #1 = -1, leaving at = inf
   Increment on distance indicator: 10.0
   Increment on tard indicator:     0.0
   Value of tmax indicator:         10.0

Task for patient = 90 with skills = {0,-1} and cost = 168.7
   Vehicle #0 = 1, leaving at = 752.0
   Vehicle #1 = -1, leaving at = inf
   Increment on distance indicator: 4.0
   Increment on tard indicator:     0.0
   Value of tmax indicator:         4.0

Task for patient = 26 with skills = {2,-1} and cost = 167.3
   Vehicle #0 = 5, leaving at = 618.0
   Vehicle #1 = -1, leaving at = inf
   Increment on distance indicator: 4.0
   Increment on tard indicator:     0.0
   Value of tmax indicator:         4.0

Task for patient = 36 with skills = {0,-1} and cost = 166.0
   Vehicle #0 = 3, leaving at = 704.0
   Vehicle #1 = -1, leaving at = inf
   Increment on distance indicator: 3.0
   Increment on tard indicator:     0.0
   Value of tmax indicator:         3.0

Task for patient = 69 with skills = {0,4} and cost = 165.0
   Vehicle #0 = 7, leaving at = 768.0
   Vehicle #1 = 16, leaving at = 762.0
   Increment on distance indicator: 10.0
   Increment on tard indicator:     0.0
   Value of tmax indicator:         10.0

Task for patient = 60 with skills = {2,-1} and cost = 161.7
   Vehicle #0 = 9, leaving at = 631.0
   Vehicle #1 = -1, leaving at = inf
   Increment on distance indicator: 4.0
   Increment on tard indicator:     0.0
   Value of tmax indicator:         4.0

Task for patient = 22 with skills = {2,-1} and cost = 160.3
   Vehicle #0 = 7, leaving at = 696.0
   Vehicle #1 = -1, leaving at = inf
   Increment on distance indicator: 7.0
   Increment on tard indicator:     0.0
   Value of tmax indicator:         7.0

Task for patient = 45 with skills = {4,-1} and cost = 158.0
   Vehicle #0 = 16, leaving at = 709.0
   Vehicle #1 = -1, leaving at = inf
   Increment on distance indicator: 4.0
   Increment on tard indicator:     0.0
   Value of tmax indicator:         4.0

Task for patient = 34 with skills = {0,-1} and cost = 156.7
   Vehicle #0 = 1, leaving at = 719.0
   Vehicle #1 = -1, leaving at = inf
   Increment on distance indicator: 5.0
   Increment on tard indicator:     0.0
   Value of tmax indicator:         5.0

Task for patient = 1 with skills = {4,-1} and cost = 155.0
   Vehicle #0 = 17, leaving at = 666.0
   Vehicle #1 = -1, leaving at = inf
   Increment on distance indicator: 11.0
   Increment on tard indicator:     0.0
   Value of tmax indicator:         11.0

Task for patient = 99 with skills = {0,-1} and cost = 151.3
   Vehicle #0 = 9, leaving at = 574.0
   Vehicle #1 = -1, leaving at = inf
   Increment on distance indicator: 14.0
   Increment on tard indicator:     0.0
   Value of tmax indicator:         14.0

Task for patient = 33 with skills = {0,3} and cost = 180.3
   Vehicle #0 = 8, leaving at = 769.0
   Vehicle #1 = 12, leaving at = 770.0
   Increment on distance indicator: 16.0
   Increment on tard indicator:     0.0
   Value of tmax indicator:         16.0


Unused vehicle list: 13 18 (total = 2 out of 20)

---
Search finished.
Total of 1900 generations in 107.7 seconds.
Exchange elite runs: 23
Implicit path relinking runs: 10
Reset attempts: 0

Best solution found:
   Cost: 489.3
   Total travel time: 1468.0
   Total tardiness time: 0.0
   Largest tardiness: 0.0


489.3
