This host is: panku
--- BRKGA-MP-IPR for HHCRSP ---
Instance: new-dataset/instances-300/HHCRSP_300_60_75_1.2_C_RC.txt
Seed: 3

Reading data... Problem contains 300 patients  and 60 caregivers.

Summary of supply x demand for each service type:
Skill 0 has supply = 21 and demand = 47, ratio = 0.446809
Skill 1 has supply = 21 and demand = 85, ratio = 0.247059
Skill 2 has supply = 18 and demand = 63, ratio = 0.285714
Skill 3 has supply = 20 and demand = 59, ratio = 0.338983
Skill 4 has supply = 19 and demand = 69, ratio = 0.275362
Skill 5 has supply = 21 and demand = 67, ratio = 0.313433

Reading parameters...
Inferred distance function by PR type: kendall-tau
Building BRKGA data and initializing...
Evolving 1900 generations...

  Gens  Rem    Local   ElDiv NoImpr             Best solution            Time  Op
                                       Cost     Dist    Tard    TMax 
*    0 1900  4961.00  376.86      0  4961.00  5523.00  9045.0   315.0     0.4    
*    5 1895  4687.33  280.51      0  4687.33  5333.00  7961.0   434.0     2.4    
*    6 1894  4576.00  259.92      0  4576.00  5368.00  7247.0   348.0     2.8    
*    7 1893  4321.00  272.37      0  4321.00  5402.00  5083.0   303.0     3.2    
*    8 1892  3596.00  251.43      0  3596.00  5402.00  5083.0   303.0     3.6    
*   10 1890  3392.33  257.06      0  3392.33  5503.00  4370.0   304.0     4.4    
*   13 1887  2954.00  218.83      0  2954.00  5380.00  2766.0   209.0     5.6    
*   14 1886  2785.00  206.09      0  2785.00  5506.00  2246.0   285.0     6.0    
*   15 1885  2679.00  200.42      0  2679.00  5506.00  2246.0   285.0     6.4    
*   17 1883  2632.67  163.85      0  2632.67  5394.00  2274.0   230.0     7.2    
*   19 1881  2453.67  134.02      0  2453.67  5523.00  1517.0   201.0     8.0    
*   20 1880  2413.67  131.08      0  2413.67  5204.00  1273.0   189.0     8.4    
*   21 1879  2222.00  120.35      0  2222.00  5245.00  1208.0   181.0     8.8    
*   22 1878  2211.33  123.44      0  2211.33  5342.00   769.0   133.0     9.2    
*   23 1877  2081.33  115.76      0  2081.33  5342.00   769.0   133.0     9.6    

  Gens  Rem    Local   ElDiv NoImpr             Best solution            Time  Op
                                       Cost     Dist    Tard    TMax 
*   25 1875  2046.67   95.85      0  2046.67  5102.00   367.0    94.0    10.4    
*   26 1874  1854.33   99.26      0  1854.33  5102.00   367.0    94.0    10.8    
*   28 1872  1796.33   91.57      0  1796.33  5061.00   269.0    59.0    11.6    
*   32 1868  1782.67   60.70      0  1782.67  5009.00   217.0    64.0    13.2    
*   33 1867  1763.33   56.34      0  1763.33  5017.00   184.0    46.0    13.6    
*   34 1866  1749.00   51.17      0  1749.00  5017.00   184.0    46.0    14.0    
*   36 1864  1745.00   42.80      0  1745.00  4980.00    28.0     4.0    14.8    
*   37 1863  1670.67   39.69      0  1670.67  4980.00    28.0     4.0    15.2    
*   42 1858  1666.67   31.74      0  1666.67  4872.00    25.0     7.0    17.2    
*   43 1857  1634.67   28.35      0  1634.67  4872.00    25.0     7.0    17.6    
*   48 1852  1630.33   20.89      0  1630.33  4858.00    24.0     9.0    19.7    
    50 1850  1630.33   20.36      2  1630.33  4858.00    24.0     9.0    20.5    
*   51 1849  1613.67   19.71      0  1613.67  4833.00     6.0     2.0    20.9    
*   57 1843  1606.00   13.82      0  1606.00  4740.00     8.0     5.0    23.3    
*   58 1842  1584.33   13.39      0  1584.33  4740.00     8.0     5.0    23.7    
*   61 1839  1564.00   14.08      0  1564.00  4666.00    20.0     6.0    24.9    

  Gens  Rem    Local   ElDiv NoImpr             Best solution            Time  Op
                                       Cost     Dist    Tard    TMax 
*   68 1832  1556.33   12.65      0  1556.33  4657.00     7.0     5.0    27.7    
*   78 1822  1551.67   11.70      0  1551.67  4582.00    31.0     6.0    31.7    
*   79 1821  1539.67   11.72      0  1539.67  4582.00    31.0     6.0    32.1    
    80 1820  1526.67    9.05      0  1539.67  4582.00    31.0     6.0    32.5   X
*   81 1819  1526.67    9.06      0  1526.67  4524.00    48.0     8.0    32.9    
*   83 1817  1521.33    9.03      0  1521.33  4501.00    49.0    14.0    33.7    
*   87 1813  1516.00    9.42      0  1516.00  4523.00    21.0     4.0    35.4    
*   96 1804  1513.67    9.78      0  1513.67  4504.00    30.0     7.0    39.1    
   100 1800  1513.67   10.57      4  1513.67  4504.00    30.0     7.0    40.7    
*  101 1799  1497.33   10.46      0  1497.33  4463.00    24.0     5.0    41.1    
*  109 1791  1491.00   11.18      0  1491.00  4424.00    38.0    11.0    44.3    
*  124 1776  1486.33   13.08      0  1486.33  4402.00    44.0    13.0    50.3    
*  126 1774  1475.00   13.10      0  1475.00  4380.00    39.0     6.0    51.1    
*  135 1765  1470.33   12.93      0  1470.33  4394.00    13.0     4.0    54.7    
*  138 1762  1464.33   13.41      0  1464.33  4376.00    13.0     4.0    56.0    
*  148 1752  1464.00   12.56      0  1464.00  4344.00    31.0    17.0    60.0    

  Gens  Rem    Local   ElDiv NoImpr             Best solution            Time  Op
                                       Cost     Dist    Tard    TMax 
   150 1750  1464.00   12.84      2  1464.00  4344.00    31.0    17.0    60.8    
*  151 1749  1462.00   12.77      0  1462.00  4353.00     6.0     3.0    61.2    
*  152 1748  1454.00   12.91      0  1454.00  4353.00     6.0     3.0    61.6    
*  154 1746  1448.33   13.32      0  1448.33  4327.00    12.0     6.0    62.4    
*  158 1742  1447.00   14.02      0  1447.00  4337.00     3.0     1.0    64.0    
   160 1740  1447.00    7.59      3  1447.00  4337.00     3.0     1.0    64.9   X
*  162 1738  1436.33    7.73      0  1436.33  4283.00    20.0     6.0    65.7    
*  175 1725  1421.33    7.71      0  1421.33  4239.00    21.0     4.0    70.9    
Path relinking result: best improvement.
   180 1720  1409.67    8.53      0  1421.33  4239.00    21.0     4.0    73.5   P
*  181 1719  1409.67    8.57      0  1409.67  4218.00     9.0     2.0    73.9    
   200 1700  1409.67   10.02     19  1409.67  4218.00     9.0     2.0    81.3    
*  201 1699  1397.33    9.86      0  1397.33  4155.00    31.0     6.0    81.8    
*  206 1694  1395.33    9.98      0  1395.33  4159.00    22.0     5.0    83.7    
*  222 1678  1382.33    8.65      0  1382.33  4128.00    10.0     9.0    90.0    
*  238 1662  1377.33    8.70      0  1377.33  4091.00    32.0     9.0    96.4    
   240 1660  1377.33    7.73      3  1377.33  4091.00    32.0     9.0    97.2   X

  Gens  Rem    Local   ElDiv NoImpr             Best solution            Time  Op
                                       Cost     Dist    Tard    TMax 
*  243 1657  1374.33    7.84      0  1374.33  4055.00    52.0    16.0    98.4    
*  245 1655  1373.67    7.99      0  1373.67  4103.00    14.0     4.0    99.2    
   250 1650  1373.67    7.76      5  1373.67  4103.00    14.0     4.0   101.2    
*  255 1645  1362.67    8.16      0  1362.67  4079.00     7.0     2.0   103.2    
*  275 1625  1350.00    7.50      0  1350.00  4044.00     3.0     3.0   111.1    
*  282 1618  1342.00    7.86      0  1342.00  4017.00     6.0     3.0   113.8    
*  293 1607  1335.33    8.43      0  1335.33  3990.00    11.0     5.0   118.2    
   300 1600  1335.33    8.39      7  1335.33  3990.00    11.0     5.0   120.9    
   320 1580  1335.33    9.35     28  1335.33  3990.00    11.0     5.0   129.0   X
*  340 1560  1334.33    8.86      0  1334.33  3980.00    15.0     8.0   137.0    
   350 1550  1334.33    8.59     10  1334.33  3980.00    15.0     8.0   140.9    
Path relinking result: best improvement.
   360 1540  1302.33    9.19      0  1334.33  3980.00    15.0     8.0   145.5   P
*  361 1539  1302.33    9.12      0  1302.33  3874.00    23.0    10.0   145.8    
   400 1500  1302.33    8.01     39  1302.33  3874.00    23.0    10.0   161.5    
   400 1500  1302.33    7.75     40  1302.33  3874.00    23.0    10.0   161.5   X
*  435 1465  1295.67    7.34      0  1295.67  3877.00     7.0     3.0   175.4    

  Gens  Rem    Local   ElDiv NoImpr             Best solution            Time  Op
                                       Cost     Dist    Tard    TMax 
   450 1450  1295.67    7.16     15  1295.67  3877.00     7.0     3.0   181.3    
*  475 1425  1293.33    7.50      0  1293.33  3867.00     7.0     6.0   191.2    
   480 1420  1293.33    8.71      6  1293.33  3867.00     7.0     6.0   193.2   X
*  485 1415  1289.67    8.86      0  1289.67  3841.00    20.0     8.0   195.1    
   500 1400  1289.67    8.60     15  1289.67  3841.00    20.0     8.0   201.2    
*  514 1386  1289.00    8.66      0  1289.00  3867.00     0.0     0.0   206.7    
Path relinking result: best improvement.
   540 1360  1264.00    9.41      0  1289.00  3867.00     0.0     0.0   217.9   P
*  541 1359  1264.00    9.40      0  1264.00  3767.00    19.0     6.0   218.3    
   550 1350  1264.00    9.18      9  1264.00  3767.00    19.0     6.0   221.9    
   560 1340  1264.00    8.16     20  1264.00  3767.00    19.0     6.0   225.9   X
   600 1300  1264.00    7.53     59  1264.00  3767.00    19.0     6.0   241.9    
   640 1260  1264.00    6.66    100  1264.00  3767.00    19.0     6.0   257.8   X
   650 1250  1264.00    6.55    109  1264.00  3767.00    19.0     6.0   261.7    
   700 1200  1264.00    6.59    159  1264.00  3767.00    19.0     6.0   281.8    
Path relinking result: best improvement.
   720 1180  1249.00    7.69      0  1264.00  3767.00    19.0     6.0   290.4  PX
*  721 1179  1249.00    7.68      0  1249.00  3742.00     3.0     2.0   290.8    

  Gens  Rem    Local   ElDiv NoImpr             Best solution            Time  Op
                                       Cost     Dist    Tard    TMax 
*  726 1174  1244.00    7.96      0  1244.00  3720.00     9.0     3.0   292.7    
   750 1150  1244.00    7.48     24  1244.00  3720.00     9.0     3.0   302.4    
   800 1100  1244.00    6.65     74  1244.00  3720.00     9.0     3.0   322.2    
   800 1100  1244.00    5.27     75  1244.00  3720.00     9.0     3.0   322.2   X
   850 1050  1244.00    5.01    124  1244.00  3720.00     9.0     3.0   342.0    
   880 1020  1244.00    5.39    155  1244.00  3720.00     9.0     3.0   354.0   X
   900 1000  1244.00    5.37    174  1244.00  3720.00     9.0     3.0   361.9    
Path relinking result: best improvement.
   900 1000  1230.67    5.75      0  1244.00  3720.00     9.0     3.0   362.6   P
*  901  999  1230.67    5.76      0  1230.67  3675.00    10.0     7.0   363.0    
   950  950  1230.67    5.91     49  1230.67  3675.00    10.0     7.0   382.2    
   960  940  1230.67    4.72     60  1230.67  3675.00    10.0     7.0   386.2   X
  1000  900  1230.67    4.59     99  1230.67  3675.00    10.0     7.0   402.2    
* 1009  891  1230.00    4.73      0  1230.00  3678.00     7.0     5.0   405.8    
  1040  860  1230.00    4.06     32  1230.00  3678.00     7.0     5.0   418.2   X
  1050  850  1230.00    4.06     41  1230.00  3678.00     7.0     5.0   422.2    
Path relinking result: best improvement.
  1080  820  1226.33    4.29      0  1230.00  3678.00     7.0     5.0   434.7   P

  Gens  Rem    Local   ElDiv NoImpr             Best solution            Time  Op
                                       Cost     Dist    Tard    TMax 
* 1081  819  1226.33    4.29      0  1226.33  3667.00     9.0     3.0   435.1    
  1100  800  1226.33    4.29     19  1226.33  3667.00     9.0     3.0   442.7    
  1120  780  1226.33    4.74     40  1226.33  3667.00     9.0     3.0   450.8   X
  1150  750  1226.33    4.75     69  1226.33  3667.00     9.0     3.0   462.9    
  1200  700  1226.33    4.75    119  1226.33  3667.00     9.0     3.0   482.9    
  1200  700  1226.33    5.42    120  1226.33  3667.00     9.0     3.0   482.9   X
  1250  650  1226.33    5.33    169  1226.33  3667.00     9.0     3.0   502.8    
Path relinking result: best improvement.
  1260  640  1212.67    5.70      0  1226.33  3667.00     9.0     3.0   507.5   P
* 1261  639  1212.67    5.69      0  1212.67  3628.00     5.0     5.0   507.9    
  1280  620  1212.67    3.02     20  1212.67  3628.00     5.0     5.0   515.4   X
  1300  600  1212.67    3.02     39  1212.67  3628.00     5.0     5.0   523.4    
  1350  550  1212.67    3.02     89  1212.67  3628.00     5.0     5.0   543.3    
  1360  540  1212.67    4.58    100  1212.67  3628.00     5.0     5.0   547.3   X
  1400  500  1212.67    4.58    139  1212.67  3628.00     5.0     5.0   563.0    
Path relinking result: best improvement.
  1440  460  1210.33    5.74      0  1212.67  3628.00     5.0     5.0   579.3  PX
* 1441  459  1210.33    5.74      0  1210.33  3623.00     5.0     3.0   579.8    

  Gens  Rem    Local   ElDiv NoImpr             Best solution            Time  Op
                                       Cost     Dist    Tard    TMax 
  1450  450  1210.33    5.72      9  1210.33  3623.00     5.0     3.0   583.3    
* 1474  426  1207.67    5.73      0  1207.67  3612.00     8.0     3.0   592.8    
  1500  400  1207.67    5.60     26  1207.67  3612.00     8.0     3.0   603.1    
  1520  380  1207.67    1.48     47  1207.67  3612.00     8.0     3.0   611.0   X
  1550  350  1207.67    1.48     76  1207.67  3612.00     8.0     3.0   622.9    
  1600  300  1207.67    1.48    126  1207.67  3612.00     8.0     3.0   642.7    
  1600  300  1207.67    1.22    127  1207.67  3612.00     8.0     3.0   642.7   X
Path relinking result: best improvement.
  1620  280  1197.33    1.79      0  1207.67  3612.00     8.0     3.0   651.2   P
* 1621  279  1197.33    1.79      0  1197.33  3582.00     7.0     3.0   651.6    
  1650  250  1197.33    1.79     29  1197.33  3582.00     7.0     3.0   663.0    
  1680  220  1197.33    2.61     60  1197.33  3582.00     7.0     3.0   674.9   X
  1700  200  1197.33    2.66     79  1197.33  3582.00     7.0     3.0   682.8    
* 1741  159  1196.33    2.84      0  1196.33  3576.00     9.0     4.0   699.3    
* 1748  152  1193.33    3.36      0  1193.33  3570.00     7.0     3.0   702.1    
  1750  150  1193.33    3.52      2  1193.33  3570.00     7.0     3.0   702.9    
* 1755  145  1192.67    3.75      0  1192.67  3570.00     5.0     3.0   704.9    

  Gens  Rem    Local   ElDiv NoImpr             Best solution            Time  Op
                                       Cost     Dist    Tard    TMax 
* 1759  141  1189.00    3.84      0  1189.00  3557.00     7.0     3.0   706.4    
  1760  140  1189.00    2.52      2  1189.00  3557.00     7.0     3.0   706.8   X
* 1763  137  1187.67    2.27      0  1187.67  3547.00     5.0     3.0   708.0    
* 1764  136  1185.00    2.41      0  1185.00  3547.00     5.0     3.0   708.4    
* 1769  131  1183.33    2.52      0  1183.33  3532.00     9.0     3.0   710.4    
* 1770  130  1181.33    2.47      0  1181.33  3532.00     9.0     3.0   710.8    
* 1779  121  1179.67    1.72      0  1179.67  3527.00     8.0     3.0   714.4    
* 1780  120  1179.33    1.64      0  1179.33  3526.00     7.0     3.0   714.8    
* 1781  119  1178.67    1.60      0  1178.67  3526.00     7.0     3.0   715.1    
* 1784  116  1178.00    1.24      0  1178.00  3523.00     8.0     3.0   716.4    
* 1786  114  1177.00    1.18      0  1177.00  3521.00     7.0     3.0   717.1    
* 1788  112  1176.00    1.14      0  1176.00  3517.00     7.0     3.0   717.9    
* 1789  111  1175.67    1.18      0  1175.67  3517.00     7.0     3.0   718.4    
* 1791  109  1173.67    1.33      0  1173.67  3510.00     6.0     3.0   719.1    
* 1792  108  1173.00    1.30      0  1173.00  3510.00     6.0     3.0   719.6    
* 1794  106  1172.00    1.20      0  1172.00  3509.00     4.0     3.0   720.4    

  Gens  Rem    Local   ElDiv NoImpr             Best solution            Time  Op
                                       Cost     Dist    Tard    TMax 
* 1798  102  1171.67    1.17      0  1171.67  3507.00     4.0     3.0   722.0    
* 1799  101  1171.33    1.27      0  1171.33  3502.00     6.0     3.0   722.4    
* 1800  100  1170.33    1.39      0  1170.33  3502.00     6.0     3.0   722.8    
Path relinking result: elite improvement.
  1800  100  1170.33    1.41      1  1170.33  3502.00     6.0     3.0   723.3   P
* 1802   98  1168.33    1.46      0  1168.33  3498.00     4.0     3.0   724.1    
* 1804   96  1167.00    1.62      0  1167.00  3491.00     4.0     3.0   724.9    
* 1805   95  1166.00    1.59      0  1166.00  3491.00     4.0     3.0   725.3    
* 1808   92  1165.00    1.75      0  1165.00  3493.00     1.0     1.0   726.5    
* 1814   86  1163.00    1.89      0  1163.00  3480.00     4.0     3.0   728.9    
* 1815   85  1162.33    1.92      0  1162.33  3480.00     4.0     3.0   729.2    
* 1822   78  1162.00    1.96      0  1162.00  3484.00     1.0     1.0   732.0    
* 1826   74  1161.00    2.19      0  1161.00  3476.00     1.0     1.0   733.5    
* 1827   73  1159.33    2.35      0  1159.33  3475.00     1.0     1.0   734.0    
* 1828   72  1159.00    2.38      0  1159.00  3475.00     1.0     1.0   734.3    
* 1830   70  1158.67    2.72      0  1158.67  3469.00     1.0     1.0   735.2    
* 1831   69  1157.00    2.88      0  1157.00  3469.00     1.0     1.0   735.6    

  Gens  Rem    Local   ElDiv NoImpr             Best solution            Time  Op
                                       Cost     Dist    Tard    TMax 
* 1836   64  1156.33    3.18      0  1156.33  3467.00     1.0     1.0   737.6    
  1840   60  1156.00    3.25      0  1156.33  3467.00     1.0     1.0   739.1   X
* 1841   59  1156.00    3.14      0  1156.00  3465.00     1.0     1.0   739.5    
* 1842   58  1155.67    2.67      0  1155.67  3465.00     1.0     1.0   739.9    
* 1844   56  1155.33    1.60      0  1155.33  3463.00     1.0     1.0   740.7    
* 1845   55  1155.00    1.41      0  1155.00  3461.00     1.0     1.0   741.1    
* 1846   54  1154.33    1.32      0  1154.33  3461.00     1.0     1.0   741.5    
* 1849   51  1152.67    1.38      0  1152.67  3456.00     1.0     1.0   742.7    
  1850   50  1152.67    1.39      1  1152.67  3456.00     1.0     1.0   743.1    
* 1859   41  1152.00    0.42      0  1152.00  3454.00     1.0     1.0   746.6    
* 1865   35  1151.67    0.41      0  1151.67  3453.00     1.0     1.0   749.0    
* 1874   26  1149.67    0.62      0  1149.67  3447.00     1.0     1.0   752.5    
* 1884   16  1149.33    1.15      0  1149.33  3444.00     1.0     1.0   756.4    
* 1885   15  1148.67    1.24      0  1148.67  3444.00     1.0     1.0   756.8    
* 1889   11  1148.00    1.47      0  1148.00  3442.00     1.0     1.0   758.5    
* 1891    9  1147.67    1.66      0  1147.67  3439.00     1.0     1.0   759.2    

  Gens  Rem    Local   ElDiv NoImpr             Best solution            Time  Op
                                       Cost     Dist    Tard    TMax 
* 1892    8  1147.00    1.78      0  1147.00  3439.00     1.0     1.0   759.6    
* 1897    3  1146.67    2.23      0  1146.67  3438.00     1.0     1.0   761.6    
  1900    0  1146.67    2.41      3  1146.67  3438.00     1.0     1.0   762.3    
Evolutionary process finished.
Solution written to 'solution-9883.txt'.

Sorted sequence of worst to best tardiness value:
Task for patient = 83 with skills = {5,-1} and cost = 293.0
   Vehicle #0 = 39, leaving at = 772.0
   Vehicle #1 = -1, leaving at = inf
   Increment on distance indicator: 6.0
   Increment on tard indicator:     1.0
   Value of tmax indicator:         6.0

Task for patient = 244 with skills = {5,-1} and cost = 650.7
   Vehicle #0 = 51, leaving at = 955.0
   Vehicle #1 = -1, leaving at = inf
   Increment on distance indicator: 3.0
   Increment on tard indicator:     0.0
   Value of tmax indicator:         3.0

Task for patient = 140 with skills = {4,-1} and cost = 649.7
   Vehicle #0 = 38, leaving at = 908.0
   Vehicle #1 = -1, leaving at = inf
   Increment on distance indicator: 6.0
   Increment on tard indicator:     0.0
   Value of tmax indicator:         6.0

Task for patient = 156 with skills = {1,-1} and cost = 647.7
   Vehicle #0 = 24, leaving at = 865.0
   Vehicle #1 = -1, leaving at = inf
   Increment on distance indicator: 4.0
   Increment on tard indicator:     0.0
   Value of tmax indicator:         4.0

Task for patient = 44 with skills = {5,-1} and cost = 646.3
   Vehicle #0 = 46, leaving at = 874.0
   Vehicle #1 = -1, leaving at = inf
   Increment on distance indicator: 13.0
   Increment on tard indicator:     0.0
   Value of tmax indicator:         13.0

Task for patient = 24 with skills = {5,-1} and cost = 642.0
   Vehicle #0 = 41, leaving at = 924.0
   Vehicle #1 = -1, leaving at = inf
   Increment on distance indicator: 10.0
   Increment on tard indicator:     0.0
   Value of tmax indicator:         10.0

Task for patient = 104 with skills = {4,-1} and cost = 638.7
   Vehicle #0 = 39, leaving at = 956.0
   Vehicle #1 = -1, leaving at = inf
   Increment on distance indicator: 3.0
   Increment on tard indicator:     0.0
   Value of tmax indicator:         3.0

Task for patient = 204 with skills = {0,-1} and cost = 637.7
   Vehicle #0 = 8, leaving at = 864.0
   Vehicle #1 = -1, leaving at = inf
   Increment on distance indicator: 4.0
   Increment on tard indicator:     0.0
   Value of tmax indicator:         4.0

Task for patient = 159 with skills = {2,-1} and cost = 636.3
   Vehicle #0 = 23, leaving at = 837.0
   Vehicle #1 = -1, leaving at = inf
   Increment on distance indicator: 2.0
   Increment on tard indicator:     0.0
   Value of tmax indicator:         2.0

Task for patient = 103 with skills = {0,3} and cost = 692.3
   Vehicle #0 = 9, leaving at = 947.0
   Vehicle #1 = 33, leaving at = 974.0
   Increment on distance indicator: 17.0
   Increment on tard indicator:     0.0
   Value of tmax indicator:         17.0

Task for patient = 106 with skills = {2,-1} and cost = 635.0
   Vehicle #0 = 3, leaving at = 935.0
   Vehicle #1 = -1, leaving at = inf
   Increment on distance indicator: 9.0
   Increment on tard indicator:     0.0
   Value of tmax indicator:         9.0

Task for patient = 7 with skills = {2,4} and cost = 632.0
   Vehicle #0 = 24, leaving at = 796.0
   Vehicle #1 = 50, leaving at = 798.0
   Increment on distance indicator: 27.0
   Increment on tard indicator:     0.0
   Value of tmax indicator:         27.0

Task for patient = 69 with skills = {2,5} and cost = 623.0
   Vehicle #0 = 6, leaving at = 886.0
   Vehicle #1 = 39, leaving at = 921.0
   Increment on distance indicator: 9.0
   Increment on tard indicator:     0.0
   Value of tmax indicator:         9.0

Task for patient = 268 with skills = {3,-1} and cost = 620.0
   Vehicle #0 = 51, leaving at = 933.0
   Vehicle #1 = -1, leaving at = inf
   Increment on distance indicator: 6.0
   Increment on tard indicator:     0.0
   Value of tmax indicator:         6.0

Task for patient = 115 with skills = {2,-1} and cost = 618.0
   Vehicle #0 = 11, leaving at = 947.0
   Vehicle #1 = -1, leaving at = inf
   Increment on distance indicator: 4.0
   Increment on tard indicator:     0.0
   Value of tmax indicator:         4.0

Task for patient = 50 with skills = {0,5} and cost = 616.7
   Vehicle #0 = 3, leaving at = 887.0
   Vehicle #1 = 31, leaving at = 904.0
   Increment on distance indicator: 6.0
   Increment on tard indicator:     0.0
   Value of tmax indicator:         6.0

Task for patient = 67 with skills = {1,-1} and cost = 614.7
   Vehicle #0 = 18, leaving at = 947.0
   Vehicle #1 = -1, leaving at = inf
   Increment on distance indicator: 6.0
   Increment on tard indicator:     0.0
   Value of tmax indicator:         6.0

Task for patient = 163 with skills = {2,4} and cost = 612.7
   Vehicle #0 = 12, leaving at = 865.0
   Vehicle #1 = 41, leaving at = 882.0
   Increment on distance indicator: 3.0
   Increment on tard indicator:     0.0
   Value of tmax indicator:         3.0

Task for patient = 199 with skills = {1,-1} and cost = 635.7
   Vehicle #0 = 5, leaving at = 950.0
   Vehicle #1 = -1, leaving at = inf
   Increment on distance indicator: 2.0
   Increment on tard indicator:     0.0
   Value of tmax indicator:         2.0

Task for patient = 288 with skills = {3,-1} and cost = 686.7
   Vehicle #0 = 47, leaving at = 895.0
   Vehicle #1 = -1, leaving at = inf
   Increment on distance indicator: 3.0
   Increment on tard indicator:     0.0
   Value of tmax indicator:         3.0

Task for patient = 242 with skills = {3,-1} and cost = 685.7
   Vehicle #0 = 50, leaving at = 849.0
   Vehicle #1 = -1, leaving at = inf
   Increment on distance indicator: 3.0
   Increment on tard indicator:     0.0
   Value of tmax indicator:         3.0

Task for patient = 245 with skills = {4,-1} and cost = 684.7
   Vehicle #0 = 32, leaving at = 1011.0
   Vehicle #1 = -1, leaving at = inf
   Increment on distance indicator: 3.0
   Increment on tard indicator:     0.0
   Value of tmax indicator:         3.0

Task for patient = 48 with skills = {5,-1} and cost = 683.7
   Vehicle #0 = 30, leaving at = 969.0
   Vehicle #1 = -1, leaving at = inf
   Increment on distance indicator: 4.0
   Increment on tard indicator:     0.0
   Value of tmax indicator:         4.0

Task for patient = 11 with skills = {1,3} and cost = 682.3
   Vehicle #0 = 16, leaving at = 957.0
   Vehicle #1 = 36, leaving at = 980.0
   Increment on distance indicator: 6.0
   Increment on tard indicator:     0.0
   Value of tmax indicator:         6.0

Task for patient = 85 with skills = {2,-1} and cost = 680.3
   Vehicle #0 = 12, leaving at = 926.0
   Vehicle #1 = -1, leaving at = inf
   Increment on distance indicator: 8.0
   Increment on tard indicator:     0.0
   Value of tmax indicator:         8.0

Task for patient = 54 with skills = {1,5} and cost = 677.7
   Vehicle #0 = 5, leaving at = 1012.0
   Vehicle #1 = 31, leaving at = 1055.0
   Increment on distance indicator: 8.0
   Increment on tard indicator:     0.0
   Value of tmax indicator:         8.0

Task for patient = 30 with skills = {1,-1} and cost = 675.0
   Vehicle #0 = 11, leaving at = 966.0
   Vehicle #1 = -1, leaving at = inf
   Increment on distance indicator: 4.0
   Increment on tard indicator:     0.0
   Value of tmax indicator:         4.0

Task for patient = 290 with skills = {1,-1} and cost = 652.0
   Vehicle #0 = 1, leaving at = 939.0
   Vehicle #1 = -1, leaving at = inf
   Increment on distance indicator: 4.0
   Increment on tard indicator:     0.0
   Value of tmax indicator:         4.0

Task for patient = 184 with skills = {1,-1} and cost = 668.7
   Vehicle #0 = 17, leaving at = 896.0
   Vehicle #1 = -1, leaving at = inf
   Increment on distance indicator: 3.0
   Increment on tard indicator:     0.0
   Value of tmax indicator:         3.0

Task for patient = 20 with skills = {2,-1} and cost = 667.7
   Vehicle #0 = 15, leaving at = 1015.0
   Vehicle #1 = -1, leaving at = inf
   Increment on distance indicator: 4.0
   Increment on tard indicator:     0.0
   Value of tmax indicator:         4.0

Task for patient = 281 with skills = {1,4} and cost = 666.3
   Vehicle #0 = 5, leaving at = 975.0
   Vehicle #1 = 31, leaving at = 987.0
   Increment on distance indicator: 10.0
   Increment on tard indicator:     0.0
   Value of tmax indicator:         10.0

Task for patient = 39 with skills = {2,5} and cost = 663.0
   Vehicle #0 = 20, leaving at = 948.0
   Vehicle #1 = 54, leaving at = 948.0
   Increment on distance indicator: 8.0
   Increment on tard indicator:     0.0
   Value of tmax indicator:         8.0

Task for patient = 226 with skills = {3,-1} and cost = 660.3
   Vehicle #0 = 38, leaving at = 948.0
   Vehicle #1 = -1, leaving at = inf
   Increment on distance indicator: 2.0
   Increment on tard indicator:     0.0
   Value of tmax indicator:         2.0

Task for patient = 233 with skills = {0,-1} and cost = 659.7
   Vehicle #0 = 19, leaving at = 884.0
   Vehicle #1 = -1, leaving at = inf
   Increment on distance indicator: 16.0
   Increment on tard indicator:     0.0
   Value of tmax indicator:         16.0

Task for patient = 108 with skills = {2,-1} and cost = 654.3
   Vehicle #0 = 15, leaving at = 967.0
   Vehicle #1 = -1, leaving at = inf
   Increment on distance indicator: 4.0
   Increment on tard indicator:     0.0
   Value of tmax indicator:         4.0

Task for patient = 84 with skills = {3,-1} and cost = 653.0
   Vehicle #0 = 36, leaving at = 820.0
   Vehicle #1 = -1, leaving at = inf
   Increment on distance indicator: 3.0
   Increment on tard indicator:     0.0
   Value of tmax indicator:         3.0

Task for patient = 215 with skills = {4,-1} and cost = 673.7
   Vehicle #0 = 34, leaving at = 822.0
   Vehicle #1 = -1, leaving at = inf
   Increment on distance indicator: 15.0
   Increment on tard indicator:     0.0
   Value of tmax indicator:         15.0

Task for patient = 32 with skills = {2,4} and cost = 557.0
   Vehicle #0 = 11, leaving at = 904.0
   Vehicle #1 = 43, leaving at = 917.0
   Increment on distance indicator: 3.0
   Increment on tard indicator:     0.0
   Value of tmax indicator:         3.0

Task for patient = 274 with skills = {1,5} and cost = 556.0
   Vehicle #0 = 4, leaving at = 791.0
   Vehicle #1 = 49, leaving at = 815.0
   Increment on distance indicator: 11.0
   Increment on tard indicator:     0.0
   Value of tmax indicator:         11.0

Task for patient = 210 with skills = {1,-1} and cost = 552.3
   Vehicle #0 = 0, leaving at = 966.0
   Vehicle #1 = -1, leaving at = inf
   Increment on distance indicator: 2.0
   Increment on tard indicator:     0.0
   Value of tmax indicator:         2.0

Task for patient = 129 with skills = {2,-1} and cost = 551.7
   Vehicle #0 = 1, leaving at = 864.0
   Vehicle #1 = -1, leaving at = inf
   Increment on distance indicator: 4.0
   Increment on tard indicator:     0.0
   Value of tmax indicator:         4.0

Task for patient = 76 with skills = {0,-1} and cost = 550.3
   Vehicle #0 = 14, leaving at = 812.0
   Vehicle #1 = -1, leaving at = inf
   Increment on distance indicator: 10.0
   Increment on tard indicator:     0.0
   Value of tmax indicator:         10.0

Task for patient = 279 with skills = {2,-1} and cost = 547.0
   Vehicle #0 = 16, leaving at = 873.0
   Vehicle #1 = -1, leaving at = inf
   Increment on distance indicator: 4.0
   Increment on tard indicator:     0.0
   Value of tmax indicator:         4.0

Task for patient = 225 with skills = {2,-1} and cost = 545.7
   Vehicle #0 = 20, leaving at = 727.0
   Vehicle #1 = -1, leaving at = inf
   Increment on distance indicator: 6.0
   Increment on tard indicator:     0.0
   Value of tmax indicator:         6.0

Task for patient = 100 with skills = {1,5} and cost = 543.7
   Vehicle #0 = 2, leaving at = 835.0
   Vehicle #1 = 51, leaving at = 851.0
   Increment on distance indicator: 12.0
   Increment on tard indicator:     0.0
   Value of tmax indicator:         12.0

Task for patient = 90 with skills = {0,3} and cost = 611.7
   Vehicle #0 = 20, leaving at = 887.0
   Vehicle #1 = 54, leaving at = 878.0
   Increment on distance indicator: 12.0
   Increment on tard indicator:     0.0
   Value of tmax indicator:         12.0

Task for patient = 271 with skills = {3,-1} and cost = 537.7
   Vehicle #0 = 37, leaving at = 846.0
   Vehicle #1 = -1, leaving at = inf
   Increment on distance indicator: 6.0
   Increment on tard indicator:     0.0
   Value of tmax indicator:         6.0

Task for patient = 28 with skills = {4,-1} and cost = 535.7
   Vehicle #0 = 37, leaving at = 780.0
   Vehicle #1 = -1, leaving at = inf
   Increment on distance indicator: 6.0
   Increment on tard indicator:     0.0
   Value of tmax indicator:         6.0

Task for patient = 236 with skills = {2,4} and cost = 533.7
   Vehicle #0 = 18, leaving at = 845.0
   Vehicle #1 = 33, leaving at = 848.0
   Increment on distance indicator: 9.0
   Increment on tard indicator:     0.0
   Value of tmax indicator:         9.0

Task for patient = 113 with skills = {1,-1} and cost = 530.7
   Vehicle #0 = 24, leaving at = 615.0
   Vehicle #1 = -1, leaving at = inf
   Increment on distance indicator: 11.0
   Increment on tard indicator:     0.0
   Value of tmax indicator:         11.0

Task for patient = 38 with skills = {4,-1} and cost = 527.0
   Vehicle #0 = 32, leaving at = 990.0
   Vehicle #1 = -1, leaving at = inf
   Increment on distance indicator: 4.0
   Increment on tard indicator:     0.0
   Value of tmax indicator:         4.0

Task for patient = 286 with skills = {0,-1} and cost = 525.7
   Vehicle #0 = 16, leaving at = 817.0
   Vehicle #1 = -1, leaving at = inf
   Increment on distance indicator: 1.0
   Increment on tard indicator:     0.0
   Value of tmax indicator:         1.0

Task for patient = 16 with skills = {2,-1} and cost = 525.3
   Vehicle #0 = 12, leaving at = 846.0
   Vehicle #1 = -1, leaving at = inf
   Increment on distance indicator: 2.0
   Increment on tard indicator:     0.0
   Value of tmax indicator:         2.0

Task for patient = 212 with skills = {0,-1} and cost = 524.7
   Vehicle #0 = 20, leaving at = 661.0
   Vehicle #1 = -1, leaving at = inf
   Increment on distance indicator: 4.0
   Increment on tard indicator:     0.0
   Value of tmax indicator:         4.0

Task for patient = 97 with skills = {0,4} and cost = 523.3
   Vehicle #0 = 20, leaving at = 636.0
   Vehicle #1 = 54, leaving at = 657.0
   Increment on distance indicator: 22.0
   Increment on tard indicator:     0.0
   Value of tmax indicator:         22.0

Task for patient = 277 with skills = {2,-1} and cost = 539.7
   Vehicle #0 = 19, leaving at = 822.0
   Vehicle #1 = -1, leaving at = inf
   Increment on distance indicator: 6.0
   Increment on tard indicator:     0.0
   Value of tmax indicator:         6.0

Task for patient = 31 with skills = {2,4} and cost = 607.7
   Vehicle #0 = 1, leaving at = 914.0
   Vehicle #1 = 33, leaving at = 911.0
   Increment on distance indicator: 13.0
   Increment on tard indicator:     0.0
   Value of tmax indicator:         13.0

Task for patient = 185 with skills = {0,5} and cost = 603.3
   Vehicle #0 = 13, leaving at = 816.0
   Vehicle #1 = 42, leaving at = 795.0
   Increment on distance indicator: 7.0
   Increment on tard indicator:     0.0
   Value of tmax indicator:         7.0

Task for patient = 92 with skills = {0,3} and cost = 601.0
   Vehicle #0 = 20, leaving at = 826.0
   Vehicle #1 = 54, leaving at = 831.0
   Increment on distance indicator: 20.0
   Increment on tard indicator:     0.0
   Value of tmax indicator:         20.0

Task for patient = 168 with skills = {2,3} and cost = 594.3
   Vehicle #0 = 20, leaving at = 765.0
   Vehicle #1 = 54, leaving at = 769.0
   Increment on distance indicator: 19.0
   Increment on tard indicator:     0.0
   Value of tmax indicator:         19.0

Task for patient = 47 with skills = {1,-1} and cost = 588.0
   Vehicle #0 = 14, leaving at = 920.0
   Vehicle #1 = -1, leaving at = inf
   Increment on distance indicator: 5.0
   Increment on tard indicator:     0.0
   Value of tmax indicator:         5.0

Task for patient = 269 with skills = {2,-1} and cost = 586.3
   Vehicle #0 = 18, leaving at = 925.0
   Vehicle #1 = -1, leaving at = inf
   Increment on distance indicator: 3.0
   Increment on tard indicator:     0.0
   Value of tmax indicator:         3.0

Task for patient = 296 with skills = {3,-1} and cost = 585.3
   Vehicle #0 = 46, leaving at = 802.0
   Vehicle #1 = -1, leaving at = inf
   Increment on distance indicator: 2.0
   Increment on tard indicator:     0.0
   Value of tmax indicator:         2.0

Task for patient = 81 with skills = {0,-1} and cost = 584.7
   Vehicle #0 = 18, leaving at = 895.0
   Vehicle #1 = -1, leaving at = inf
   Increment on distance indicator: 6.0
   Increment on tard indicator:     0.0
   Value of tmax indicator:         6.0

Task for patient = 138 with skills = {1,-1} and cost = 560.3
   Vehicle #0 = 14, leaving at = 871.0
   Vehicle #1 = -1, leaving at = inf
   Increment on distance indicator: 10.0
   Increment on tard indicator:     0.0
   Value of tmax indicator:         10.0

Task for patient = 213 with skills = {1,-1} and cost = 581.0
   Vehicle #0 = 13, leaving at = 773.0
   Vehicle #1 = -1, leaving at = inf
   Increment on distance indicator: 13.0
   Increment on tard indicator:     0.0
   Value of tmax indicator:         13.0

Task for patient = 161 with skills = {2,-1} and cost = 576.7
   Vehicle #0 = 5, leaving at = 910.0
   Vehicle #1 = -1, leaving at = inf
   Increment on distance indicator: 4.0
   Increment on tard indicator:     0.0
   Value of tmax indicator:         4.0

Task for patient = 152 with skills = {5,-1} and cost = 575.3
   Vehicle #0 = 42, leaving at = 760.0
   Vehicle #1 = -1, leaving at = inf
   Increment on distance indicator: 7.0
   Increment on tard indicator:     0.0
   Value of tmax indicator:         7.0

Task for patient = 172 with skills = {1,-1} and cost = 573.0
   Vehicle #0 = 17, leaving at = 787.0
   Vehicle #1 = -1, leaving at = inf
   Increment on distance indicator: 9.0
   Increment on tard indicator:     0.0
   Value of tmax indicator:         9.0

Task for patient = 243 with skills = {1,-1} and cost = 570.0
   Vehicle #0 = 9, leaving at = 873.0
   Vehicle #1 = -1, leaving at = inf
   Increment on distance indicator: 4.0
   Increment on tard indicator:     0.0
   Value of tmax indicator:         4.0

Task for patient = 120 with skills = {2,-1} and cost = 568.7
   Vehicle #0 = 24, leaving at = 643.0
   Vehicle #1 = -1, leaving at = inf
   Increment on distance indicator: 7.0
   Increment on tard indicator:     0.0
   Value of tmax indicator:         7.0

Task for patient = 237 with skills = {1,5} and cost = 566.3
   Vehicle #0 = 16, leaving at = 926.0
   Vehicle #1 = 30, leaving at = 920.0
   Increment on distance indicator: 4.0
   Increment on tard indicator:     0.0
   Value of tmax indicator:         4.0

Task for patient = 280 with skills = {1,3} and cost = 565.0
   Vehicle #0 = 2, leaving at = 908.0
   Vehicle #1 = 51, leaving at = 890.0
   Increment on distance indicator: 8.0
   Increment on tard indicator:     0.0
   Value of tmax indicator:         8.0

Task for patient = 99 with skills = {3,-1} and cost = 562.3
   Vehicle #0 = 35, leaving at = 820.0
   Vehicle #1 = -1, leaving at = inf
   Increment on distance indicator: 6.0
   Increment on tard indicator:     0.0
   Value of tmax indicator:         6.0

Task for patient = 107 with skills = {1,-1} and cost = 582.7
   Vehicle #0 = 15, leaving at = 938.0
   Vehicle #1 = -1, leaving at = inf
   Increment on distance indicator: 5.0
   Increment on tard indicator:     0.0
   Value of tmax indicator:         5.0

Task for patient = 241 with skills = {2,-1} and cost = 810.7
   Vehicle #0 = 6, leaving at = 1081.0
   Vehicle #1 = -1, leaving at = inf
   Increment on distance indicator: 9.0
   Increment on tard indicator:     0.0
   Value of tmax indicator:         9.0

Task for patient = 195 with skills = {1,-1} and cost = 807.7
   Vehicle #0 = 9, leaving at = 1041.0
   Vehicle #1 = -1, leaving at = inf
   Increment on distance indicator: 2.0
   Increment on tard indicator:     0.0
   Value of tmax indicator:         2.0

Task for patient = 19 with skills = {4,-1} and cost = 807.0
   Vehicle #0 = 51, leaving at = 1060.0
   Vehicle #1 = -1, leaving at = inf
   Increment on distance indicator: 8.0
   Increment on tard indicator:     0.0
   Value of tmax indicator:         8.0

Task for patient = 9 with skills = {4,-1} and cost = 804.3
   Vehicle #0 = 54, leaving at = 1087.0
   Vehicle #1 = -1, leaving at = inf
   Increment on distance indicator: 5.0
   Increment on tard indicator:     0.0
   Value of tmax indicator:         5.0

Task for patient = 291 with skills = {1,-1} and cost = 802.7
   Vehicle #0 = 18, leaving at = 990.0
   Vehicle #1 = -1, leaving at = inf
   Increment on distance indicator: 5.0
   Increment on tard indicator:     0.0
   Value of tmax indicator:         5.0

Task for patient = 127 with skills = {1,-1} and cost = 801.0
   Vehicle #0 = 0, leaving at = 986.0
   Vehicle #1 = -1, leaving at = inf
   Increment on distance indicator: 5.0
   Increment on tard indicator:     0.0
   Value of tmax indicator:         5.0

Task for patient = 70 with skills = {3,-1} and cost = 799.3
   Vehicle #0 = 46, leaving at = 982.0
   Vehicle #1 = -1, leaving at = inf
   Increment on distance indicator: 5.0
   Increment on tard indicator:     0.0
   Value of tmax indicator:         5.0

Task for patient = 260 with skills = {5,-1} and cost = 797.7
   Vehicle #0 = 48, leaving at = 972.0
   Vehicle #1 = -1, leaving at = inf
   Increment on distance indicator: 1.0
   Increment on tard indicator:     0.0
   Value of tmax indicator:         1.0

Task for patient = 218 with skills = {5,-1} and cost = 693.3
   Vehicle #0 = 45, leaving at = 746.0
   Vehicle #1 = -1, leaving at = inf
   Increment on distance indicator: 3.0
   Increment on tard indicator:     0.0
   Value of tmax indicator:         3.0

Task for patient = 1 with skills = {1,3} and cost = 796.7
   Vehicle #0 = 24, leaving at = 921.0
   Vehicle #1 = 50, leaving at = 987.0
   Increment on distance indicator: 8.0
   Increment on tard indicator:     0.0
   Value of tmax indicator:         8.0

Task for patient = 73 with skills = {2,4} and cost = 794.0
   Vehicle #0 = 9, leaving at = 1008.0
   Vehicle #1 = 33, leaving at = 1042.0
   Increment on distance indicator: 5.0
   Increment on tard indicator:     0.0
   Value of tmax indicator:         5.0

Task for patient = 94 with skills = {5,-1} and cost = 792.3
   Vehicle #0 = 54, leaving at = 1059.0
   Vehicle #1 = -1, leaving at = inf
   Increment on distance indicator: 6.0
   Increment on tard indicator:     0.0
   Value of tmax indicator:         6.0

Task for patient = 202 with skills = {1,4} and cost = 790.3
   Vehicle #0 = 23, leaving at = 1011.0
   Vehicle #1 = 51, leaving at = 1032.0
   Increment on distance indicator: 15.0
   Increment on tard indicator:     0.0
   Value of tmax indicator:         15.0

Task for patient = 299 with skills = {1,-1} and cost = 785.3
   Vehicle #0 = 2, leaving at = 1020.0
   Vehicle #1 = -1, leaving at = inf
   Increment on distance indicator: 9.0
   Increment on tard indicator:     0.0
   Value of tmax indicator:         9.0

Task for patient = 60 with skills = {0,-1} and cost = 782.3
   Vehicle #0 = 7, leaving at = 1043.0
   Vehicle #1 = -1, leaving at = inf
   Increment on distance indicator: 3.0
   Increment on tard indicator:     0.0
   Value of tmax indicator:         3.0

Task for patient = 33 with skills = {2,-1} and cost = 781.3
   Vehicle #0 = 16, leaving at = 991.0
   Vehicle #1 = -1, leaving at = inf
   Increment on distance indicator: 3.0
   Increment on tard indicator:     0.0
   Value of tmax indicator:         3.0

Task for patient = 130 with skills = {2,-1} and cost = 780.3
   Vehicle #0 = 23, leaving at = 932.0
   Vehicle #1 = -1, leaving at = inf
   Increment on distance indicator: 2.0
   Increment on tard indicator:     0.0
   Value of tmax indicator:         2.0

Task for patient = 22 with skills = {2,3} and cost = 797.3
   Vehicle #0 = 3, leaving at = 1084.0
   Vehicle #1 = 35, leaving at = 1078.0
   Increment on distance indicator: 2.0
   Increment on tard indicator:     0.0
   Value of tmax indicator:         2.0

Task for patient = 135 with skills = {1,-1} and cost = 859.0
   Vehicle #0 = 18, leaving at = 1042.0
   Vehicle #1 = -1, leaving at = inf
   Increment on distance indicator: 3.0
   Increment on tard indicator:     0.0
   Value of tmax indicator:         3.0

Task for patient = 194 with skills = {3,-1} and cost = 858.0
   Vehicle #0 = 40, leaving at = 991.0
   Vehicle #1 = -1, leaving at = inf
   Increment on distance indicator: 13.0
   Increment on tard indicator:     0.0
   Value of tmax indicator:         13.0

Task for patient = 131 with skills = {5,-1} and cost = 853.7
   Vehicle #0 = 33, leaving at = 1085.0
   Vehicle #1 = -1, leaving at = inf
   Increment on distance indicator: 6.0
   Increment on tard indicator:     0.0
   Value of tmax indicator:         6.0

Task for patient = 144 with skills = {2,3} and cost = 851.7
   Vehicle #0 = 19, leaving at = 997.0
   Vehicle #1 = 53, leaving at = 999.0
   Increment on distance indicator: 32.0
   Increment on tard indicator:     0.0
   Value of tmax indicator:         32.0

Task for patient = 180 with skills = {1,-1} and cost = 841.0
   Vehicle #0 = 23, leaving at = 1068.0
   Vehicle #1 = -1, leaving at = inf
   Increment on distance indicator: 6.0
   Increment on tard indicator:     0.0
   Value of tmax indicator:         6.0

Task for patient = 61 with skills = {1,-1} and cost = 839.0
   Vehicle #0 = 9, leaving at = 1077.0
   Vehicle #1 = -1, leaving at = inf
   Increment on distance indicator: 5.0
   Increment on tard indicator:     0.0
   Value of tmax indicator:         5.0

Task for patient = 134 with skills = {1,-1} and cost = 837.3
   Vehicle #0 = 17, leaving at = 972.0
   Vehicle #1 = -1, leaving at = inf
   Increment on distance indicator: 4.0
   Increment on tard indicator:     0.0
   Value of tmax indicator:         4.0

Task for patient = 283 with skills = {0,3} and cost = 836.0
   Vehicle #0 = 8, leaving at = 999.0
   Vehicle #1 = 36, leaving at = 1036.0
   Increment on distance indicator: 8.0
   Increment on tard indicator:     0.0
   Value of tmax indicator:         8.0

Task for patient = 142 with skills = {5,-1} and cost = 813.3
   Vehicle #0 = 34, leaving at = 928.0
   Vehicle #1 = -1, leaving at = inf
   Increment on distance indicator: 8.0
   Increment on tard indicator:     0.0
   Value of tmax indicator:         8.0

Task for patient = 181 with skills = {5,-1} and cost = 831.7
   Vehicle #0 = 48, leaving at = 1035.0
   Vehicle #1 = -1, leaving at = inf
   Increment on distance indicator: 4.0
   Increment on tard indicator:     0.0
   Value of tmax indicator:         4.0

Task for patient = 46 with skills = {4,-1} and cost = 830.3
   Vehicle #0 = 37, leaving at = 1084.0
   Vehicle #1 = -1, leaving at = inf
   Increment on distance indicator: 5.0
   Increment on tard indicator:     0.0
   Value of tmax indicator:         5.0

Task for patient = 87 with skills = {1,-1} and cost = 828.7
   Vehicle #0 = 16, leaving at = 1031.0
   Vehicle #1 = -1, leaving at = inf
   Increment on distance indicator: 2.0
   Increment on tard indicator:     0.0
   Value of tmax indicator:         2.0

Task for patient = 55 with skills = {4,-1} and cost = 828.0
   Vehicle #0 = 34, leaving at = 962.0
   Vehicle #1 = -1, leaving at = inf
   Increment on distance indicator: 12.0
   Increment on tard indicator:     0.0
   Value of tmax indicator:         12.0

Task for patient = 17 with skills = {1,-1} and cost = 824.0
   Vehicle #0 = 14, leaving at = 1016.0
   Vehicle #1 = -1, leaving at = inf
   Increment on distance indicator: 7.0
   Increment on tard indicator:     0.0
   Value of tmax indicator:         7.0

Task for patient = 294 with skills = {1,3} and cost = 821.7
   Vehicle #0 = 1, leaving at = 1082.0
   Vehicle #1 = 38, leaving at = 1078.0
   Increment on distance indicator: 11.0
   Increment on tard indicator:     0.0
   Value of tmax indicator:         11.0

Task for patient = 292 with skills = {0,-1} and cost = 818.0
   Vehicle #0 = 10, leaving at = 892.0
   Vehicle #1 = -1, leaving at = inf
   Increment on distance indicator: 3.0
   Increment on tard indicator:     0.0
   Value of tmax indicator:         3.0

Task for patient = 232 with skills = {2,-1} and cost = 817.0
   Vehicle #0 = 11, leaving at = 1056.0
   Vehicle #1 = -1, leaving at = inf
   Increment on distance indicator: 4.0
   Increment on tard indicator:     0.0
   Value of tmax indicator:         4.0

Task for patient = 200 with skills = {2,-1} and cost = 815.7
   Vehicle #0 = 14, leaving at = 976.0
   Vehicle #1 = -1, leaving at = inf
   Increment on distance indicator: 7.0
   Increment on tard indicator:     0.0
   Value of tmax indicator:         7.0

Task for patient = 125 with skills = {1,-1} and cost = 833.3
   Vehicle #0 = 2, leaving at = 1046.0
   Vehicle #1 = -1, leaving at = inf
   Increment on distance indicator: 5.0
   Increment on tard indicator:     0.0
   Value of tmax indicator:         5.0

Task for patient = 105 with skills = {2,-1} and cost = 731.3
   Vehicle #0 = 3, leaving at = 963.0
   Vehicle #1 = -1, leaving at = inf
   Increment on distance indicator: 8.0
   Increment on tard indicator:     0.0
   Value of tmax indicator:         8.0

Task for patient = 123 with skills = {2,-1} and cost = 728.7
   Vehicle #0 = 20, leaving at = 1006.0
   Vehicle #1 = -1, leaving at = inf
   Increment on distance indicator: 12.0
   Increment on tard indicator:     0.0
   Value of tmax indicator:         12.0

Task for patient = 229 with skills = {3,-1} and cost = 724.7
   Vehicle #0 = 44, leaving at = 1011.0
   Vehicle #1 = -1, leaving at = inf
   Increment on distance indicator: 3.0
   Increment on tard indicator:     0.0
   Value of tmax indicator:         3.0

Task for patient = 297 with skills = {1,-1} and cost = 723.7
   Vehicle #0 = 19, leaving at = 942.0
   Vehicle #1 = -1, leaving at = inf
   Increment on distance indicator: 1.0
   Increment on tard indicator:     0.0
   Value of tmax indicator:         1.0

Task for patient = 151 with skills = {3,-1} and cost = 723.3
   Vehicle #0 = 46, leaving at = 911.0
   Vehicle #1 = -1, leaving at = inf
   Increment on distance indicator: 9.0
   Increment on tard indicator:     0.0
   Value of tmax indicator:         9.0

Task for patient = 143 with skills = {1,5} and cost = 720.3
   Vehicle #0 = 1, leaving at = 989.0
   Vehicle #1 = 41, leaving at = 972.0
   Increment on distance indicator: 12.0
   Increment on tard indicator:     0.0
   Value of tmax indicator:         12.0

Task for patient = 78 with skills = {4,-1} and cost = 716.3
   Vehicle #0 = 38, leaving at = 1023.0
   Vehicle #1 = -1, leaving at = inf
   Increment on distance indicator: 3.0
   Increment on tard indicator:     0.0
   Value of tmax indicator:         3.0

Task for patient = 205 with skills = {5,-1} and cost = 715.3
   Vehicle #0 = 32, leaving at = 1033.0
   Vehicle #1 = -1, leaving at = inf
   Increment on distance indicator: 6.0
   Increment on tard indicator:     0.0
   Value of tmax indicator:         6.0

Task for patient = 98 with skills = {4,-1} and cost = 779.7
   Vehicle #0 = 43, leaving at = 1019.0
   Vehicle #1 = -1, leaving at = inf
   Increment on distance indicator: 2.0
   Increment on tard indicator:     0.0
   Value of tmax indicator:         2.0

Task for patient = 203 with skills = {5,-1} and cost = 709.7
   Vehicle #0 = 38, leaving at = 997.0
   Vehicle #1 = -1, leaving at = inf
   Increment on distance indicator: 9.0
   Increment on tard indicator:     0.0
   Value of tmax indicator:         9.0

Task for patient = 59 with skills = {3,-1} and cost = 706.7
   Vehicle #0 = 40, leaving at = 942.0
   Vehicle #1 = -1, leaving at = inf
   Increment on distance indicator: 8.0
   Increment on tard indicator:     0.0
   Value of tmax indicator:         8.0

Task for patient = 14 with skills = {0,4} and cost = 704.0
   Vehicle #0 = 6, leaving at = 986.0
   Vehicle #1 = 39, leaving at = 986.0
   Increment on distance indicator: 6.0
   Increment on tard indicator:     0.0
   Value of tmax indicator:         6.0

Task for patient = 124 with skills = {0,-1} and cost = 702.0
   Vehicle #0 = 5, leaving at = 1071.0
   Vehicle #1 = -1, leaving at = inf
   Increment on distance indicator: 3.0
   Increment on tard indicator:     0.0
   Value of tmax indicator:         3.0

Task for patient = 187 with skills = {4,-1} and cost = 701.0
   Vehicle #0 = 33, leaving at = 1011.0
   Vehicle #1 = -1, leaving at = inf
   Increment on distance indicator: 2.0
   Increment on tard indicator:     0.0
   Value of tmax indicator:         2.0

Task for patient = 5 with skills = {1,3} and cost = 700.3
   Vehicle #0 = 11, leaving at = 1011.0
   Vehicle #1 = 47, leaving at = 1017.0
   Increment on distance indicator: 7.0
   Increment on tard indicator:     0.0
   Value of tmax indicator:         7.0

Task for patient = 53 with skills = {1,-1} and cost = 698.0
   Vehicle #0 = 7, leaving at = 937.0
   Vehicle #1 = -1, leaving at = inf
   Increment on distance indicator: 7.0
   Increment on tard indicator:     0.0
   Value of tmax indicator:         7.0

Task for patient = 165 with skills = {4,-1} and cost = 695.7
   Vehicle #0 = 48, leaving at = 827.0
   Vehicle #1 = -1, leaving at = inf
   Increment on distance indicator: 7.0
   Increment on tard indicator:     0.0
   Value of tmax indicator:         7.0

Task for patient = 211 with skills = {1,5} and cost = 516.0
   Vehicle #0 = 0, leaving at = 921.0
   Vehicle #1 = 32, leaving at = 942.0
   Increment on distance indicator: 3.0
   Increment on tard indicator:     0.0
   Value of tmax indicator:         3.0

Task for patient = 23 with skills = {0,-1} and cost = 713.3
   Vehicle #0 = 13, leaving at = 858.0
   Vehicle #1 = -1, leaving at = inf
   Increment on distance indicator: 11.0
   Increment on tard indicator:     0.0
   Value of tmax indicator:         11.0

Task for patient = 147 with skills = {4,-1} and cost = 779.0
   Vehicle #0 = 39, leaving at = 1009.0
   Vehicle #1 = -1, leaving at = inf
   Increment on distance indicator: 8.0
   Increment on tard indicator:     0.0
   Value of tmax indicator:         8.0

Task for patient = 160 with skills = {2,3} and cost = 776.3
   Vehicle #0 = 11, leaving at = 1031.0
   Vehicle #1 = 47, leaving at = 1065.0
   Increment on distance indicator: 4.0
   Increment on tard indicator:     0.0
   Value of tmax indicator:         4.0

Task for patient = 238 with skills = {5,-1} and cost = 775.0
   Vehicle #0 = 46, leaving at = 947.0
   Vehicle #1 = -1, leaving at = inf
   Increment on distance indicator: 2.0
   Increment on tard indicator:     0.0
   Value of tmax indicator:         2.0

Task for patient = 74 with skills = {1,4} and cost = 774.3
   Vehicle #0 = 7, leaving at = 995.0
   Vehicle #1 = 43, leaving at = 991.0
   Increment on distance indicator: 5.0
   Increment on tard indicator:     0.0
   Value of tmax indicator:         5.0

Task for patient = 91 with skills = {2,4} and cost = 772.7
   Vehicle #0 = 20, leaving at = 1081.0
   Vehicle #1 = 45, leaving at = 1064.0
   Increment on distance indicator: 14.0
   Increment on tard indicator:     0.0
   Value of tmax indicator:         14.0

Task for patient = 149 with skills = {2,-1} and cost = 768.0
   Vehicle #0 = 20, leaving at = 1032.0
   Vehicle #1 = -1, leaving at = inf
   Increment on distance indicator: 3.0
   Increment on tard indicator:     0.0
   Value of tmax indicator:         3.0

Task for patient = 256 with skills = {2,4} and cost = 767.0
   Vehicle #0 = 1, leaving at = 1030.0
   Vehicle #1 = 41, leaving at = 1016.0
   Increment on distance indicator: 12.0
   Increment on tard indicator:     0.0
   Value of tmax indicator:         12.0

Task for patient = 10 with skills = {0,-1} and cost = 763.0
   Vehicle #0 = 10, leaving at = 846.0
   Vehicle #1 = -1, leaving at = inf
   Increment on distance indicator: 7.0
   Increment on tard indicator:     0.0
   Value of tmax indicator:         7.0

Task for patient = 183 with skills = {1,4} and cost = 733.7
   Vehicle #0 = 15, leaving at = 1073.0
   Vehicle #1 = 44, leaving at = 1057.0
   Increment on distance indicator: 7.0
   Increment on tard indicator:     0.0
   Value of tmax indicator:         7.0

Task for patient = 300 with skills = {2,3} and cost = 759.0
   Vehicle #0 = 3, leaving at = 1041.0
   Vehicle #1 = 35, leaving at = 1043.0
   Increment on distance indicator: 11.0
   Increment on tard indicator:     0.0
   Value of tmax indicator:         11.0

Task for patient = 178 with skills = {0,3} and cost = 755.3
   Vehicle #0 = 2, leaving at = 981.0
   Vehicle #1 = 51, leaving at = 1001.0
   Increment on distance indicator: 8.0
   Increment on tard indicator:     0.0
   Value of tmax indicator:         8.0

Task for patient = 228 with skills = {4,-1} and cost = 752.7
   Vehicle #0 = 54, leaving at = 1031.0
   Vehicle #1 = -1, leaving at = inf
   Increment on distance indicator: 4.0
   Increment on tard indicator:     0.0
   Value of tmax indicator:         4.0

Task for patient = 150 with skills = {0,4} and cost = 751.3
   Vehicle #0 = 3, leaving at = 996.0
   Vehicle #1 = 37, leaving at = 1024.0
   Increment on distance indicator: 12.0
   Increment on tard indicator:     0.0
   Value of tmax indicator:         12.0

Task for patient = 214 with skills = {1,-1} and cost = 747.3
   Vehicle #0 = 6, leaving at = 1022.0
   Vehicle #1 = -1, leaving at = inf
   Increment on distance indicator: 5.0
   Increment on tard indicator:     0.0
   Value of tmax indicator:         5.0

Task for patient = 190 with skills = {4,-1} and cost = 745.7
   Vehicle #0 = 54, leaving at = 982.0
   Vehicle #1 = -1, leaving at = inf
   Increment on distance indicator: 6.0
   Increment on tard indicator:     0.0
   Value of tmax indicator:         6.0

Task for patient = 189 with skills = {0,3} and cost = 743.7
   Vehicle #0 = 8, leaving at = 927.0
   Vehicle #1 = 48, leaving at = 919.0
   Increment on distance indicator: 9.0
   Increment on tard indicator:     0.0
   Value of tmax indicator:         9.0

Task for patient = 266 with skills = {0,-1} and cost = 740.7
   Vehicle #0 = 4, leaving at = 825.0
   Vehicle #1 = -1, leaving at = inf
   Increment on distance indicator: 6.0
   Increment on tard indicator:     0.0
   Value of tmax indicator:         6.0

Task for patient = 64 with skills = {1,4} and cost = 738.7
   Vehicle #0 = 24, leaving at = 901.0
   Vehicle #1 = 50, leaving at = 900.0
   Increment on distance indicator: 15.0
   Increment on tard indicator:     0.0
   Value of tmax indicator:         15.0

Task for patient = 118 with skills = {0,-1} and cost = 760.7
   Vehicle #0 = 13, leaving at = 914.0
   Vehicle #1 = -1, leaving at = inf
   Increment on distance indicator: 5.0
   Increment on tard indicator:     0.0
   Value of tmax indicator:         5.0

Task for patient = 80 with skills = {0,-1} and cost = 255.0
   Vehicle #0 = 7, leaving at = 782.0
   Vehicle #1 = -1, leaving at = inf
   Increment on distance indicator: 5.0
   Increment on tard indicator:     0.0
   Value of tmax indicator:         5.0

Task for patient = 273 with skills = {1,-1} and cost = 253.3
   Vehicle #0 = 5, leaving at = 764.0
   Vehicle #1 = -1, leaving at = inf
   Increment on distance indicator: 16.0
   Increment on tard indicator:     0.0
   Value of tmax indicator:         16.0

Task for patient = 197 with skills = {1,5} and cost = 248.0
   Vehicle #0 = 13, leaving at = 607.0
   Vehicle #1 = 34, leaving at = 599.0
   Increment on distance indicator: 25.0
   Increment on tard indicator:     0.0
   Value of tmax indicator:         25.0

Task for patient = 278 with skills = {0,5} and cost = 239.7
   Vehicle #0 = 7, leaving at = 725.0
   Vehicle #1 = 43, leaving at = 734.0
   Increment on distance indicator: 4.0
   Increment on tard indicator:     0.0
   Value of tmax indicator:         4.0

Task for patient = 179 with skills = {5,-1} and cost = 238.3
   Vehicle #0 = 43, leaving at = 711.0
   Vehicle #1 = -1, leaving at = inf
   Increment on distance indicator: 2.0
   Increment on tard indicator:     0.0
   Value of tmax indicator:         2.0

Task for patient = 51 with skills = {0,-1} and cost = 237.7
   Vehicle #0 = 6, leaving at = 711.0
   Vehicle #1 = -1, leaving at = inf
   Increment on distance indicator: 7.0
   Increment on tard indicator:     0.0
   Value of tmax indicator:         7.0

Task for patient = 102 with skills = {2,-1} and cost = 235.3
   Vehicle #0 = 6, leaving at = 683.0
   Vehicle #1 = -1, leaving at = inf
   Increment on distance indicator: 7.0
   Increment on tard indicator:     0.0
   Value of tmax indicator:         7.0

Task for patient = 219 with skills = {4,-1} and cost = 233.0
   Vehicle #0 = 43, leaving at = 662.0
   Vehicle #1 = -1, leaving at = inf
   Increment on distance indicator: 2.0
   Increment on tard indicator:     0.0
   Value of tmax indicator:         2.0

Task for patient = 174 with skills = {5,-1} and cost = 515.0
   Vehicle #0 = 30, leaving at = 886.0
   Vehicle #1 = -1, leaving at = inf
   Increment on distance indicator: 1.0
   Increment on tard indicator:     0.0
   Value of tmax indicator:         1.0

Task for patient = 249 with skills = {2,-1} and cost = 231.7
   Vehicle #0 = 12, leaving at = 536.0
   Vehicle #1 = -1, leaving at = inf
   Increment on distance indicator: 15.0
   Increment on tard indicator:     0.0
   Value of tmax indicator:         15.0

Task for patient = 250 with skills = {0,4} and cost = 226.7
   Vehicle #0 = 11, leaving at = 764.0
   Vehicle #1 = 32, leaving at = 752.0
   Increment on distance indicator: 6.0
   Increment on tard indicator:     0.0
   Value of tmax indicator:         6.0

Task for patient = 207 with skills = {1,-1} and cost = 224.7
   Vehicle #0 = 13, leaving at = 553.0
   Vehicle #1 = -1, leaving at = inf
   Increment on distance indicator: 14.0
   Increment on tard indicator:     0.0
   Value of tmax indicator:         14.0

Task for patient = 173 with skills = {0,4} and cost = 220.0
   Vehicle #0 = 7, leaving at = 574.0
   Vehicle #1 = 44, leaving at = 583.0
   Increment on distance indicator: 6.0
   Increment on tard indicator:     0.0
   Value of tmax indicator:         6.0

Task for patient = 65 with skills = {1,4} and cost = 218.0
   Vehicle #0 = 11, leaving at = 709.0
   Vehicle #1 = 32, leaving at = 730.0
   Increment on distance indicator: 4.0
   Increment on tard indicator:     0.0
   Value of tmax indicator:         4.0

Task for patient = 276 with skills = {2,-1} and cost = 216.7
   Vehicle #0 = 11, leaving at = 580.0
   Vehicle #1 = -1, leaving at = inf
   Increment on distance indicator: 2.0
   Increment on tard indicator:     0.0
   Value of tmax indicator:         2.0

Task for patient = 295 with skills = {0,-1} and cost = 216.0
   Vehicle #0 = 4, leaving at = 736.0
   Vehicle #1 = -1, leaving at = inf
   Increment on distance indicator: 3.0
   Increment on tard indicator:     0.0
   Value of tmax indicator:         3.0

Task for patient = 206 with skills = {2,3} and cost = 215.0
   Vehicle #0 = 11, leaving at = 535.0
   Vehicle #1 = 44, leaving at = 562.0
   Increment on distance indicator: 34.0
   Increment on tard indicator:     0.0
   Value of tmax indicator:         34.0

Task for patient = 42 with skills = {2,-1} and cost = 232.3
   Vehicle #0 = 12, leaving at = 588.0
   Vehicle #1 = -1, leaving at = inf
   Increment on distance indicator: 2.0
   Increment on tard indicator:     0.0
   Value of tmax indicator:         2.0

Task for patient = 63 with skills = {5,-1} and cost = 301.0
   Vehicle #0 = 30, leaving at = 768.0
   Vehicle #1 = -1, leaving at = inf
   Increment on distance indicator: 1.0
   Increment on tard indicator:     0.0
   Value of tmax indicator:         1.0

Task for patient = 198 with skills = {5,-1} and cost = 300.7
   Vehicle #0 = 42, leaving at = 650.0
   Vehicle #1 = -1, leaving at = inf
   Increment on distance indicator: 9.0
   Increment on tard indicator:     0.0
   Value of tmax indicator:         9.0

Task for patient = 155 with skills = {1,3} and cost = 297.7
   Vehicle #0 = 15, leaving at = 838.0
   Vehicle #1 = 44, leaving at = 822.0
   Increment on distance indicator: 4.0
   Increment on tard indicator:     0.0
   Value of tmax indicator:         4.0

Task for patient = 12 with skills = {1,3} and cost = 296.3
   Vehicle #0 = 0, leaving at = 779.0
   Vehicle #1 = 36, leaving at = 775.0
   Increment on distance indicator: 4.0
   Increment on tard indicator:     0.0
   Value of tmax indicator:         4.0

Task for patient = 139 with skills = {3,-1} and cost = 295.0
   Vehicle #0 = 40, leaving at = 642.0
   Vehicle #1 = -1, leaving at = inf
   Increment on distance indicator: 6.0
   Increment on tard indicator:     0.0
   Value of tmax indicator:         6.0

Task for patient = 116 with skills = {4,-1} and cost = 290.3
   Vehicle #0 = 31, leaving at = 718.0
   Vehicle #1 = -1, leaving at = inf
   Increment on distance indicator: 4.0
   Increment on tard indicator:     0.0
   Value of tmax indicator:         4.0

Task for patient = 235 with skills = {2,3} and cost = 289.0
   Vehicle #0 = 15, leaving at = 747.0
   Vehicle #1 = 44, leaving at = 717.0
   Increment on distance indicator: 20.0
   Increment on tard indicator:     0.0
   Value of tmax indicator:         20.0

Task for patient = 176 with skills = {2,4} and cost = 282.3
   Vehicle #0 = 12, leaving at = 799.0
   Vehicle #1 = 41, leaving at = 798.0
   Increment on distance indicator: 6.0
   Increment on tard indicator:     0.0
   Value of tmax indicator:         6.0

Task for patient = 171 with skills = {2,4} and cost = 256.0
   Vehicle #0 = 12, leaving at = 746.0
   Vehicle #1 = 41, leaving at = 725.0
   Increment on distance indicator: 3.0
   Increment on tard indicator:     0.0
   Value of tmax indicator:         3.0

Task for patient = 254 with skills = {3,-1} and cost = 278.7
   Vehicle #0 = 44, leaving at = 685.0
   Vehicle #1 = -1, leaving at = inf
   Increment on distance indicator: 2.0
   Increment on tard indicator:     0.0
   Value of tmax indicator:         2.0

Task for patient = 221 with skills = {0,-1} and cost = 278.0
   Vehicle #0 = 8, leaving at = 688.0
   Vehicle #1 = -1, leaving at = inf
   Increment on distance indicator: 3.0
   Increment on tard indicator:     0.0
   Value of tmax indicator:         3.0

Task for patient = 259 with skills = {2,-1} and cost = 277.0
   Vehicle #0 = 9, leaving at = 726.0
   Vehicle #1 = -1, leaving at = inf
   Increment on distance indicator: 4.0
   Increment on tard indicator:     0.0
   Value of tmax indicator:         4.0

Task for patient = 246 with skills = {4,-1} and cost = 275.7
   Vehicle #0 = 44, leaving at = 642.0
   Vehicle #1 = -1, leaving at = inf
   Increment on distance indicator: 2.0
   Increment on tard indicator:     0.0
   Value of tmax indicator:         2.0

Task for patient = 93 with skills = {5,-1} and cost = 275.0
   Vehicle #0 = 42, leaving at = 516.0
   Vehicle #1 = -1, leaving at = inf
   Increment on distance indicator: 15.0
   Increment on tard indicator:     0.0
   Value of tmax indicator:         15.0

Task for patient = 272 with skills = {1,-1} and cost = 270.0
   Vehicle #0 = 14, leaving at = 617.0
   Vehicle #1 = -1, leaving at = inf
   Increment on distance indicator: 15.0
   Increment on tard indicator:     0.0
   Value of tmax indicator:         15.0

Task for patient = 25 with skills = {4,-1} and cost = 265.0
   Vehicle #0 = 37, leaving at = 699.0
   Vehicle #1 = -1, leaving at = inf
   Increment on distance indicator: 4.0
   Increment on tard indicator:     0.0
   Value of tmax indicator:         4.0

Task for patient = 15 with skills = {0,4} and cost = 263.7
   Vehicle #0 = 8, leaving at = 632.0
   Vehicle #1 = 44, leaving at = 624.0
   Increment on distance indicator: 18.0
   Increment on tard indicator:     0.0
   Value of tmax indicator:         18.0

Task for patient = 247 with skills = {1,-1} and cost = 257.7
   Vehicle #0 = 7, leaving at = 819.0
   Vehicle #1 = -1, leaving at = inf
   Increment on distance indicator: 5.0
   Increment on tard indicator:     0.0
   Value of tmax indicator:         5.0

Task for patient = 248 with skills = {2,-1} and cost = 280.3
   Vehicle #0 = 1, leaving at = 803.0
   Vehicle #1 = -1, leaving at = inf
   Increment on distance indicator: 5.0
   Increment on tard indicator:     0.0
   Value of tmax indicator:         5.0

Task for patient = 231 with skills = {5,-1} and cost = 102.3
   Vehicle #0 = 38, leaving at = 511.0
   Vehicle #1 = -1, leaving at = inf
   Increment on distance indicator: 19.0
   Increment on tard indicator:     0.0
   Value of tmax indicator:         19.0

Task for patient = 252 with skills = {1,3} and cost = 96.0
   Vehicle #0 = 0, leaving at = 736.0
   Vehicle #1 = 36, leaving at = 729.0
   Increment on distance indicator: 7.0
   Increment on tard indicator:     0.0
   Value of tmax indicator:         7.0

Task for patient = 239 with skills = {1,-1} and cost = 93.7
   Vehicle #0 = 4, leaving at = 570.0
   Vehicle #1 = -1, leaving at = inf
   Increment on distance indicator: 20.0
   Increment on tard indicator:     0.0
   Value of tmax indicator:         20.0

Task for patient = 253 with skills = {4,-1} and cost = 87.0
   Vehicle #0 = 31, leaving at = 696.0
   Vehicle #1 = -1, leaving at = inf
   Increment on distance indicator: 6.0
   Increment on tard indicator:     0.0
   Value of tmax indicator:         6.0

Task for patient = 275 with skills = {4,-1} and cost = 85.0
   Vehicle #0 = 37, leaving at = 538.0
   Vehicle #1 = -1, leaving at = inf
   Increment on distance indicator: 14.0
   Increment on tard indicator:     0.0
   Value of tmax indicator:         14.0

Task for patient = 223 with skills = {1,-1} and cost = 80.3
   Vehicle #0 = 0, leaving at = 706.0
   Vehicle #1 = -1, leaving at = inf
   Increment on distance indicator: 5.0
   Increment on tard indicator:     0.0
   Value of tmax indicator:         5.0

Task for patient = 122 with skills = {1,4} and cost = 78.7
   Vehicle #0 = 1, leaving at = 745.0
   Vehicle #1 = 33, leaving at = 737.0
   Increment on distance indicator: 17.0
   Increment on tard indicator:     0.0
   Value of tmax indicator:         17.0

Task for patient = 182 with skills = {5,-1} and cost = 73.0
   Vehicle #0 = 34, leaving at = 522.0
   Vehicle #1 = -1, leaving at = inf
   Increment on distance indicator: 17.0
   Increment on tard indicator:     0.0
   Value of tmax indicator:         17.0

Task for patient = 255 with skills = {2,-1} and cost = 203.7
   Vehicle #0 = 5, leaving at = 657.0
   Vehicle #1 = -1, leaving at = inf
   Increment on distance indicator: 11.0
   Increment on tard indicator:     0.0
   Value of tmax indicator:         11.0

Task for patient = 68 with skills = {0,3} and cost = 63.0
   Vehicle #0 = 3, leaving at = 628.0
   Vehicle #1 = 35, leaving at = 644.0
   Increment on distance indicator: 28.0
   Increment on tard indicator:     0.0
   Value of tmax indicator:         28.0

Task for patient = 230 with skills = {1,-1} and cost = 53.7
   Vehicle #0 = 1, leaving at = 560.0
   Vehicle #1 = -1, leaving at = inf
   Increment on distance indicator: 20.0
   Increment on tard indicator:     0.0
   Value of tmax indicator:         20.0

Task for patient = 119 with skills = {1,5} and cost = 47.0
   Vehicle #0 = 0, leaving at = 685.0
   Vehicle #1 = 32, leaving at = 677.0
   Increment on distance indicator: 17.0
   Increment on tard indicator:     0.0
   Value of tmax indicator:         17.0

Task for patient = 88 with skills = {0,-1} and cost = 41.3
   Vehicle #0 = 2, leaving at = 692.0
   Vehicle #1 = -1, leaving at = inf
   Increment on distance indicator: 20.0
   Increment on tard indicator:     0.0
   Value of tmax indicator:         20.0

Task for patient = 26 with skills = {5,-1} and cost = 34.7
   Vehicle #0 = 33, leaving at = 690.0
   Vehicle #1 = -1, leaving at = inf
   Increment on distance indicator: 10.0
   Increment on tard indicator:     0.0
   Value of tmax indicator:         10.0

Task for patient = 154 with skills = {4,-1} and cost = 31.3
   Vehicle #0 = 31, leaving at = 648.0
   Vehicle #1 = -1, leaving at = inf
   Increment on distance indicator: 16.0
   Increment on tard indicator:     0.0
   Value of tmax indicator:         16.0

Task for patient = 240 with skills = {5,-1} and cost = 26.0
   Vehicle #0 = 30, leaving at = 716.0
   Vehicle #1 = -1, leaving at = inf
   Increment on distance indicator: 2.0
   Increment on tard indicator:     0.0
   Value of tmax indicator:         2.0

Task for patient = 82 with skills = {0,3} and cost = 25.3
   Vehicle #0 = 2, leaving at = 648.0
   Vehicle #1 = 33, leaving at = 635.0
   Increment on distance indicator: 44.0
   Increment on tard indicator:     0.0
   Value of tmax indicator:         44.0

Task for patient = 35 with skills = {1,5} and cost = 10.7
   Vehicle #0 = 0, leaving at = 636.0
   Vehicle #1 = 30, leaving at = 646.0
   Increment on distance indicator: 32.0
   Increment on tard indicator:     0.0
   Value of tmax indicator:         32.0

Task for patient = 41 with skills = {3,-1} and cost = 67.3
   Vehicle #0 = 36, leaving at = 686.0
   Vehicle #1 = -1, leaving at = inf
   Increment on distance indicator: 13.0
   Increment on tard indicator:     0.0
   Value of tmax indicator:         13.0

Task for patient = 77 with skills = {4,-1} and cost = 200.0
   Vehicle #0 = 33, leaving at = 804.0
   Vehicle #1 = -1, leaving at = inf
   Increment on distance indicator: 7.0
   Increment on tard indicator:     0.0
   Value of tmax indicator:         7.0

Task for patient = 40 with skills = {3,-1} and cost = 197.7
   Vehicle #0 = 43, leaving at = 643.0
   Vehicle #1 = -1, leaving at = inf
   Increment on distance indicator: 6.0
   Increment on tard indicator:     0.0
   Value of tmax indicator:         6.0

Task for patient = 201 with skills = {1,-1} and cost = 195.7
   Vehicle #0 = 9, leaving at = 671.0
   Vehicle #1 = -1, leaving at = inf
   Increment on distance indicator: 3.0
   Increment on tard indicator:     0.0
   Value of tmax indicator:         3.0

Task for patient = 3 with skills = {0,4} and cost = 194.7
   Vehicle #0 = 7, leaving at = 525.0
   Vehicle #1 = 43, leaving at = 586.0
   Increment on distance indicator: 36.0
   Increment on tard indicator:     0.0
   Value of tmax indicator:         36.0

Task for patient = 285 with skills = {5,-1} and cost = 182.7
   Vehicle #0 = 39, leaving at = 708.0
   Vehicle #1 = -1, leaving at = inf
   Increment on distance indicator: 16.0
   Increment on tard indicator:     0.0
   Value of tmax indicator:         16.0

Task for patient = 293 with skills = {0,-1} and cost = 177.3
   Vehicle #0 = 4, leaving at = 685.0
   Vehicle #1 = -1, leaving at = inf
   Increment on distance indicator: 1.0
   Increment on tard indicator:     0.0
   Value of tmax indicator:         1.0

Task for patient = 128 with skills = {0,-1} and cost = 177.0
   Vehicle #0 = 3, leaving at = 795.0
   Vehicle #1 = -1, leaving at = inf
   Increment on distance indicator: 6.0
   Increment on tard indicator:     0.0
   Value of tmax indicator:         6.0

Task for patient = 66 with skills = {0,5} and cost = 175.0
   Vehicle #0 = 4, leaving at = 626.0
   Vehicle #1 = 41, leaving at = 637.0
   Increment on distance indicator: 21.0
   Increment on tard indicator:     0.0
   Value of tmax indicator:         21.0

Task for patient = 145 with skills = {4,-1} and cost = 103.0
   Vehicle #0 = 37, leaving at = 592.0
   Vehicle #1 = -1, leaving at = inf
   Increment on distance indicator: 2.0
   Increment on tard indicator:     0.0
   Value of tmax indicator:         2.0

Task for patient = 263 with skills = {1,4} and cost = 165.3
   Vehicle #0 = 9, leaving at = 607.0
   Vehicle #1 = 39, leaving at = 623.0
   Increment on distance indicator: 7.0
   Increment on tard indicator:     0.0
   Value of tmax indicator:         7.0

Task for patient = 216 with skills = {2,-1} and cost = 163.0
   Vehicle #0 = 3, leaving at = 734.0
   Vehicle #1 = -1, leaving at = inf
   Increment on distance indicator: 6.0
   Increment on tard indicator:     0.0
   Value of tmax indicator:         6.0

Task for patient = 89 with skills = {5,-1} and cost = 161.0
   Vehicle #0 = 38, leaving at = 707.0
   Vehicle #1 = -1, leaving at = inf
   Increment on distance indicator: 10.0
   Increment on tard indicator:     0.0
   Value of tmax indicator:         10.0

Task for patient = 132 with skills = {2,3} and cost = 157.7
   Vehicle #0 = 3, leaving at = 698.0
   Vehicle #1 = 35, leaving at = 712.0
   Increment on distance indicator: 10.0
   Increment on tard indicator:     0.0
   Value of tmax indicator:         10.0

Task for patient = 146 with skills = {4,-1} and cost = 154.3
   Vehicle #0 = 39, leaving at = 555.0
   Vehicle #1 = -1, leaving at = inf
   Increment on distance indicator: 25.0
   Increment on tard indicator:     0.0
   Value of tmax indicator:         25.0

Task for patient = 101 with skills = {2,3} and cost = 146.0
   Vehicle #0 = 9, leaving at = 565.0
   Vehicle #1 = 40, leaving at = 545.0
   Increment on distance indicator: 50.0
   Increment on tard indicator:     0.0
   Value of tmax indicator:         50.0

Task for patient = 208 with skills = {2,5} and cost = 129.3
   Vehicle #0 = 6, leaving at = 628.0
   Vehicle #1 = 38, leaving at = 638.0
   Increment on distance indicator: 53.0
   Increment on tard indicator:     0.0
   Value of tmax indicator:         53.0

Task for patient = 111 with skills = {2,4} and cost = 111.7
   Vehicle #0 = 5, leaving at = 609.0
   Vehicle #1 = 37, leaving at = 645.0
   Increment on distance indicator: 18.0
   Increment on tard indicator:     0.0
   Value of tmax indicator:         18.0

Task for patient = 157 with skills = {2,4} and cost = 105.7
   Vehicle #0 = 3, leaving at = 675.0
   Vehicle #1 = 35, leaving at = 673.0
   Increment on distance indicator: 8.0
   Increment on tard indicator:     0.0
   Value of tmax indicator:         8.0

Task for patient = 217 with skills = {1,5} and cost = 168.0
   Vehicle #0 = 9, leaving at = 646.0
   Vehicle #1 = 39, leaving at = 669.0
   Increment on distance indicator: 8.0
   Increment on tard indicator:     0.0
   Value of tmax indicator:         8.0

Task for patient = 264 with skills = {3,-1} and cost = 474.3
   Vehicle #0 = 46, leaving at = 779.0
   Vehicle #1 = -1, leaving at = inf
   Increment on distance indicator: 5.0
   Increment on tard indicator:     0.0
   Value of tmax indicator:         5.0

Task for patient = 57 with skills = {3,-1} and cost = 472.7
   Vehicle #0 = 46, leaving at = 714.0
   Vehicle #1 = -1, leaving at = inf
   Increment on distance indicator: 11.0
   Increment on tard indicator:     0.0
   Value of tmax indicator:         11.0

Task for patient = 79 with skills = {2,5} and cost = 469.0
   Vehicle #0 = 23, leaving at = 782.0
   Vehicle #1 = 51, leaving at = 754.0
   Increment on distance indicator: 4.0
   Increment on tard indicator:     0.0
   Value of tmax indicator:         4.0

Task for patient = 167 with skills = {2,4} and cost = 467.7
   Vehicle #0 = 16, leaving at = 729.0
   Vehicle #1 = 47, leaving at = 735.0
   Increment on distance indicator: 3.0
   Increment on tard indicator:     0.0
   Value of tmax indicator:         3.0

Task for patient = 298 with skills = {1,5} and cost = 466.7
   Vehicle #0 = 23, leaving at = 718.0
   Vehicle #1 = 51, leaving at = 723.0
   Increment on distance indicator: 18.0
   Increment on tard indicator:     0.0
   Value of tmax indicator:         18.0

Task for patient = 261 with skills = {0,5} and cost = 460.7
   Vehicle #0 = 23, leaving at = 658.0
   Vehicle #1 = 51, leaving at = 657.0
   Increment on distance indicator: 25.0
   Increment on tard indicator:     0.0
   Value of tmax indicator:         25.0

Task for patient = 43 with skills = {1,4} and cost = 452.3
   Vehicle #0 = 17, leaving at = 732.0
   Vehicle #1 = 37, leaving at = 757.0
   Increment on distance indicator: 14.0
   Increment on tard indicator:     0.0
   Value of tmax indicator:         14.0

Task for patient = 141 with skills = {4,-1} and cost = 447.7
   Vehicle #0 = 48, leaving at = 757.0
   Vehicle #1 = -1, leaving at = inf
   Increment on distance indicator: 5.0
   Increment on tard indicator:     0.0
   Value of tmax indicator:         5.0

Task for patient = 36 with skills = {0,5} and cost = 302.3
   Vehicle #0 = 8, leaving at = 742.0
   Vehicle #1 = 43, leaving at = 752.0
   Increment on distance indicator: 4.0
   Increment on tard indicator:     0.0
   Value of tmax indicator:         4.0

Task for patient = 56 with skills = {2,4} and cost = 444.7
   Vehicle #0 = 9, leaving at = 794.0
   Vehicle #1 = 38, leaving at = 822.0
   Increment on distance indicator: 14.0
   Increment on tard indicator:     0.0
   Value of tmax indicator:         14.0

Task for patient = 227 with skills = {1,5} and cost = 440.0
   Vehicle #0 = 23, leaving at = 549.0
   Vehicle #1 = 51, leaving at = 559.0
   Increment on distance indicator: 40.0
   Increment on tard indicator:     0.0
   Value of tmax indicator:         40.0

Task for patient = 166 with skills = {4,-1} and cost = 426.7
   Vehicle #0 = 34, leaving at = 670.0
   Vehicle #1 = -1, leaving at = inf
   Increment on distance indicator: 2.0
   Increment on tard indicator:     0.0
   Value of tmax indicator:         2.0

Task for patient = 251 with skills = {3,-1} and cost = 426.0
   Vehicle #0 = 46, leaving at = 682.0
   Vehicle #1 = -1, leaving at = inf
   Increment on distance indicator: 7.0
   Increment on tard indicator:     0.0
   Value of tmax indicator:         7.0

Task for patient = 220 with skills = {5,-1} and cost = 423.7
   Vehicle #0 = 46, leaving at = 620.0
   Vehicle #1 = -1, leaving at = inf
   Increment on distance indicator: 10.0
   Increment on tard indicator:     0.0
   Value of tmax indicator:         10.0

Task for patient = 52 with skills = {1,-1} and cost = 420.3
   Vehicle #0 = 0, leaving at = 867.0
   Vehicle #1 = -1, leaving at = inf
   Increment on distance indicator: 2.0
   Increment on tard indicator:     0.0
   Value of tmax indicator:         2.0

Task for patient = 58 with skills = {3,-1} and cost = 419.7
   Vehicle #0 = 49, leaving at = 692.0
   Vehicle #1 = -1, leaving at = inf
   Increment on distance indicator: 0.0
   Increment on tard indicator:     0.0
   Value of tmax indicator:         0.0

Task for patient = 162 with skills = {1,4} and cost = 419.7
   Vehicle #0 = 0, leaving at = 814.0
   Vehicle #1 = 32, leaving at = 847.0
   Increment on distance indicator: 6.0
   Increment on tard indicator:     0.0
   Value of tmax indicator:         6.0

Task for patient = 258 with skills = {4,-1} and cost = 446.0
   Vehicle #0 = 51, leaving at = 591.0
   Vehicle #1 = -1, leaving at = inf
   Increment on distance indicator: 4.0
   Increment on tard indicator:     0.0
   Value of tmax indicator:         4.0

Task for patient = 137 with skills = {3,-1} and cost = 860.3
   Vehicle #0 = 46, leaving at = 1003.0
   Vehicle #1 = -1, leaving at = inf
   Increment on distance indicator: 4.0
   Increment on tard indicator:     0.0
   Value of tmax indicator:         4.0

Task for patient = 18 with skills = {3,-1} and cost = 514.7
   Vehicle #0 = 44, leaving at = 966.0
   Vehicle #1 = -1, leaving at = inf
   Increment on distance indicator: 1.0
   Increment on tard indicator:     0.0
   Value of tmax indicator:         1.0

Task for patient = 136 with skills = {1,3} and cost = 514.3
   Vehicle #0 = 19, leaving at = 793.0
   Vehicle #1 = 53, leaving at = 808.0
   Increment on distance indicator: 20.0
   Increment on tard indicator:     0.0
   Value of tmax indicator:         20.0

Task for patient = 209 with skills = {5,-1} and cost = 507.7
   Vehicle #0 = 54, leaving at = 597.0
   Vehicle #1 = -1, leaving at = inf
   Increment on distance indicator: 21.0
   Increment on tard indicator:     0.0
   Value of tmax indicator:         21.0

Task for patient = 8 with skills = {5,-1} and cost = 500.7
   Vehicle #0 = 49, leaving at = 756.0
   Vehicle #1 = -1, leaving at = inf
   Increment on distance indicator: 10.0
   Increment on tard indicator:     0.0
   Value of tmax indicator:         10.0

Task for patient = 112 with skills = {1,5} and cost = 497.3
   Vehicle #0 = 19, leaving at = 729.0
   Vehicle #1 = 34, leaving at = 712.0
   Increment on distance indicator: 4.0
   Increment on tard indicator:     0.0
   Value of tmax indicator:         4.0

Task for patient = 196 with skills = {1,-1} and cost = 496.0
   Vehicle #0 = 18, leaving at = 734.0
   Vehicle #1 = -1, leaving at = inf
   Increment on distance indicator: 4.0
   Increment on tard indicator:     0.0
   Value of tmax indicator:         4.0

Task for patient = 117 with skills = {4,-1} and cost = 494.7
   Vehicle #0 = 44, leaving at = 884.0
   Vehicle #1 = -1, leaving at = inf
   Increment on distance indicator: 4.0
   Increment on tard indicator:     0.0
   Value of tmax indicator:         4.0

Task for patient = 21 with skills = {3,-1} and cost = 475.0
   Vehicle #0 = 47, leaving at = 787.0
   Vehicle #1 = -1, leaving at = inf
   Increment on distance indicator: 2.0
   Increment on tard indicator:     0.0
   Value of tmax indicator:         2.0

Task for patient = 2 with skills = {5,-1} and cost = 492.0
   Vehicle #0 = 51, leaving at = 805.0
   Vehicle #1 = -1, leaving at = inf
   Increment on distance indicator: 5.0
   Increment on tard indicator:     0.0
   Value of tmax indicator:         5.0

Task for patient = 222 with skills = {3,-1} and cost = 490.3
   Vehicle #0 = 47, leaving at = 856.0
   Vehicle #1 = -1, leaving at = inf
   Increment on distance indicator: 2.0
   Increment on tard indicator:     0.0
   Value of tmax indicator:         2.0

Task for patient = 175 with skills = {1,-1} and cost = 489.7
   Vehicle #0 = 0, leaving at = 889.0
   Vehicle #1 = -1, leaving at = inf
   Increment on distance indicator: 3.0
   Increment on tard indicator:     0.0
   Value of tmax indicator:         3.0

Task for patient = 188 with skills = {4,-1} and cost = 488.7
   Vehicle #0 = 48, leaving at = 781.0
   Vehicle #1 = -1, leaving at = inf
   Increment on distance indicator: 3.0
   Increment on tard indicator:     0.0
   Value of tmax indicator:         3.0

Task for patient = 191 with skills = {1,-1} and cost = 487.7
   Vehicle #0 = 15, leaving at = 881.0
   Vehicle #1 = -1, leaving at = inf
   Increment on distance indicator: 7.0
   Increment on tard indicator:     0.0
   Value of tmax indicator:         7.0

Task for patient = 4 with skills = {0,-1} and cost = 485.3
   Vehicle #0 = 19, leaving at = 619.0
   Vehicle #1 = -1, leaving at = inf
   Increment on distance indicator: 3.0
   Increment on tard indicator:     0.0
   Value of tmax indicator:         3.0

Task for patient = 109 with skills = {3,-1} and cost = 484.3
   Vehicle #0 = 50, leaving at = 545.0
   Vehicle #1 = -1, leaving at = inf
   Increment on distance indicator: 12.0
   Increment on tard indicator:     0.0
   Value of tmax indicator:         12.0

Task for patient = 282 with skills = {1,3} and cost = 480.3
   Vehicle #0 = 6, leaving at = 851.0
   Vehicle #1 = 40, leaving at = 886.0
   Increment on distance indicator: 10.0
   Increment on tard indicator:     0.0
   Value of tmax indicator:         10.0

Task for patient = 34 with skills = {1,5} and cost = 477.0
   Vehicle #0 = 9, leaving at = 845.0
   Vehicle #1 = 38, leaving at = 880.0
   Increment on distance indicator: 6.0
   Increment on tard indicator:     0.0
   Value of tmax indicator:         6.0

Task for patient = 114 with skills = {4,-1} and cost = 493.3
   Vehicle #0 = 39, leaving at = 874.0
   Vehicle #1 = -1, leaving at = inf
   Increment on distance indicator: 4.0
   Increment on tard indicator:     0.0
   Value of tmax indicator:         4.0

Task for patient = 126 with skills = {3,-1} and cost = 358.0
   Vehicle #0 = 40, leaving at = 744.0
   Vehicle #1 = -1, leaving at = inf
   Increment on distance indicator: 4.0
   Increment on tard indicator:     0.0
   Value of tmax indicator:         4.0

Task for patient = 6 with skills = {5,-1} and cost = 356.7
   Vehicle #0 = 46, leaving at = 585.0
   Vehicle #1 = -1, leaving at = inf
   Increment on distance indicator: 11.0
   Increment on tard indicator:     0.0
   Value of tmax indicator:         11.0

Task for patient = 110 with skills = {1,-1} and cost = 353.0
   Vehicle #0 = 17, leaving at = 524.0
   Vehicle #1 = -1, leaving at = inf
   Increment on distance indicator: 15.0
   Increment on tard indicator:     0.0
   Value of tmax indicator:         15.0

Task for patient = 287 with skills = {2,-1} and cost = 348.0
   Vehicle #0 = 5, leaving at = 803.0
   Vehicle #1 = -1, leaving at = inf
   Increment on distance indicator: 6.0
   Increment on tard indicator:     0.0
   Value of tmax indicator:         6.0

Task for patient = 169 with skills = {1,-1} and cost = 346.0
   Vehicle #0 = 6, leaving at = 769.0
   Vehicle #1 = -1, leaving at = inf
   Increment on distance indicator: 1.0
   Increment on tard indicator:     0.0
   Value of tmax indicator:         1.0

Task for patient = 224 with skills = {0,4} and cost = 345.7
   Vehicle #0 = 13, leaving at = 677.0
   Vehicle #1 = 34, leaving at = 651.0
   Increment on distance indicator: 28.0
   Increment on tard indicator:     0.0
   Value of tmax indicator:         28.0

Task for patient = 27 with skills = {3,-1} and cost = 336.3
   Vehicle #0 = 47, leaving at = 706.0
   Vehicle #1 = -1, leaving at = inf
   Increment on distance indicator: 2.0
   Increment on tard indicator:     0.0
   Value of tmax indicator:         2.0

Task for patient = 37 with skills = {5,-1} and cost = 335.7
   Vehicle #0 = 42, leaving at = 681.0
   Vehicle #1 = -1, leaving at = inf
   Increment on distance indicator: 7.0
   Increment on tard indicator:     0.0
   Value of tmax indicator:         7.0

Task for patient = 72 with skills = {1,-1} and cost = 417.7
   Vehicle #0 = 19, leaving at = 545.0
   Vehicle #1 = -1, leaving at = inf
   Increment on distance indicator: 17.0
   Increment on tard indicator:     0.0
   Value of tmax indicator:         17.0

Task for patient = 186 with skills = {2,-1} and cost = 331.7
   Vehicle #0 = 14, leaving at = 728.0
   Vehicle #1 = -1, leaving at = inf
   Increment on distance indicator: 4.0
   Increment on tard indicator:     0.0
   Value of tmax indicator:         4.0

Task for patient = 148 with skills = {5,-1} and cost = 330.3
   Vehicle #0 = 32, leaving at = 803.0
   Vehicle #1 = -1, leaving at = inf
   Increment on distance indicator: 1.0
   Increment on tard indicator:     0.0
   Value of tmax indicator:         1.0

Task for patient = 234 with skills = {3,-1} and cost = 330.0
   Vehicle #0 = 47, leaving at = 658.0
   Vehicle #1 = -1, leaving at = inf
   Increment on distance indicator: 4.0
   Increment on tard indicator:     0.0
   Value of tmax indicator:         4.0

Task for patient = 153 with skills = {1,4} and cost = 328.7
   Vehicle #0 = 16, leaving at = 643.0
   Vehicle #1 = 47, leaving at = 620.0
   Increment on distance indicator: 28.0
   Increment on tard indicator:     0.0
   Value of tmax indicator:         28.0

Task for patient = 49 with skills = {5,-1} and cost = 319.3
   Vehicle #0 = 40, leaving at = 681.0
   Vehicle #1 = -1, leaving at = inf
   Increment on distance indicator: 4.0
   Increment on tard indicator:     0.0
   Value of tmax indicator:         4.0

Task for patient = 193 with skills = {2,-1} and cost = 318.0
   Vehicle #0 = 11, leaving at = 818.0
   Vehicle #1 = -1, leaving at = inf
   Increment on distance indicator: 4.0
   Increment on tard indicator:     0.0
   Value of tmax indicator:         4.0

Task for patient = 177 with skills = {2,-1} and cost = 316.7
   Vehicle #0 = 14, leaving at = 664.0
   Vehicle #1 = -1, leaving at = inf
   Increment on distance indicator: 19.0
   Increment on tard indicator:     0.0
   Value of tmax indicator:         19.0

Task for patient = 121 with skills = {5,-1} and cost = 310.3
   Vehicle #0 = 30, leaving at = 813.0
   Vehicle #1 = -1, leaving at = inf
   Increment on distance indicator: 2.0
   Increment on tard indicator:     0.0
   Value of tmax indicator:         2.0

Task for patient = 164 with skills = {4,-1} and cost = 309.7
   Vehicle #0 = 45, leaving at = 523.0
   Vehicle #1 = -1, leaving at = inf
   Increment on distance indicator: 22.0
   Increment on tard indicator:     0.0
   Value of tmax indicator:         22.0

Task for patient = 158 with skills = {4,-1} and cost = 333.3
   Vehicle #0 = 39, leaving at = 818.0
   Vehicle #1 = -1, leaving at = inf
   Increment on distance indicator: 5.0
   Increment on tard indicator:     0.0
   Value of tmax indicator:         5.0

Task for patient = 13 with skills = {3,-1} and cost = 412.0
   Vehicle #0 = 43, leaving at = 856.0
   Vehicle #1 = -1, leaving at = inf
   Increment on distance indicator: 2.0
   Increment on tard indicator:     0.0
   Value of tmax indicator:         2.0

Task for patient = 265 with skills = {0,4} and cost = 411.3
   Vehicle #0 = 7, leaving at = 873.0
   Vehicle #1 = 41, leaving at = 839.0
   Increment on distance indicator: 8.0
   Increment on tard indicator:     0.0
   Value of tmax indicator:         8.0

Task for patient = 29 with skills = {1,-1} and cost = 408.7
   Vehicle #0 = 18, leaving at = 665.0
   Vehicle #1 = -1, leaving at = inf
   Increment on distance indicator: 6.0
   Increment on tard indicator:     0.0
   Value of tmax indicator:         6.0

Task for patient = 95 with skills = {5,-1} and cost = 406.7
   Vehicle #0 = 43, leaving at = 803.0
   Vehicle #1 = -1, leaving at = inf
   Increment on distance indicator: 4.0
   Increment on tard indicator:     0.0
   Value of tmax indicator:         4.0

Task for patient = 289 with skills = {1,5} and cost = 405.3
   Vehicle #0 = 17, leaving at = 681.0
   Vehicle #1 = 48, leaving at = 726.0
   Increment on distance indicator: 13.0
   Increment on tard indicator:     0.0
   Value of tmax indicator:         13.0

Task for patient = 71 with skills = {5,-1} and cost = 401.0
   Vehicle #0 = 40, leaving at = 847.0
   Vehicle #1 = -1, leaving at = inf
   Increment on distance indicator: 8.0
   Increment on tard indicator:     0.0
   Value of tmax indicator:         8.0

Task for patient = 86 with skills = {1,-1} and cost = 398.3
   Vehicle #0 = 5, leaving at = 825.0
   Vehicle #1 = -1, leaving at = inf
   Increment on distance indicator: 2.0
   Increment on tard indicator:     0.0
   Value of tmax indicator:         2.0

Task for patient = 62 with skills = {5,-1} and cost = 397.7
   Vehicle #0 = 39, leaving at = 851.0
   Vehicle #1 = -1, leaving at = inf
   Increment on distance indicator: 3.0
   Increment on tard indicator:     0.0
   Value of tmax indicator:         3.0

Task for patient = 257 with skills = {5,-1} and cost = 362.0
   Vehicle #0 = 48, leaving at = 610.0
   Vehicle #1 = -1, leaving at = inf
   Increment on distance indicator: 12.0
   Increment on tard indicator:     0.0
   Value of tmax indicator:         12.0

Task for patient = 45 with skills = {2,5} and cost = 392.7
   Vehicle #0 = 3, leaving at = 831.0
   Vehicle #1 = 31, leaving at = 850.0
   Increment on distance indicator: 15.0
   Increment on tard indicator:     0.0
   Value of tmax indicator:         15.0

Task for patient = 170 with skills = {1,-1} and cost = 387.7
   Vehicle #0 = 18, leaving at = 607.0
   Vehicle #1 = -1, leaving at = inf
   Increment on distance indicator: 5.0
   Increment on tard indicator:     0.0
   Value of tmax indicator:         5.0

Task for patient = 284 with skills = {2,-1} and cost = 386.0
   Vehicle #0 = 14, leaving at = 763.0
   Vehicle #1 = -1, leaving at = inf
   Increment on distance indicator: 6.0
   Increment on tard indicator:     0.0
   Value of tmax indicator:         6.0

Task for patient = 75 with skills = {0,-1} and cost = 384.0
   Vehicle #0 = 18, leaving at = 520.0
   Vehicle #1 = -1, leaving at = inf
   Increment on distance indicator: 25.0
   Increment on tard indicator:     0.0
   Value of tmax indicator:         25.0

Task for patient = 270 with skills = {1,3} and cost = 375.7
   Vehicle #0 = 13, leaving at = 715.0
   Vehicle #1 = 45, leaving at = 726.0
   Increment on distance indicator: 17.0
   Increment on tard indicator:     0.0
   Value of tmax indicator:         17.0

Task for patient = 192 with skills = {1,-1} and cost = 370.0
   Vehicle #0 = 17, leaving at = 573.0
   Vehicle #1 = -1, leaving at = inf
   Increment on distance indicator: 3.0
   Increment on tard indicator:     0.0
   Value of tmax indicator:         3.0

Task for patient = 262 with skills = {0,-1} and cost = 369.0
   Vehicle #0 = 16, leaving at = 695.0
   Vehicle #1 = -1, leaving at = inf
   Increment on distance indicator: 4.0
   Increment on tard indicator:     0.0
   Value of tmax indicator:         4.0

Task for patient = 267 with skills = {5,-1} and cost = 367.7
   Vehicle #0 = 30, leaving at = 837.0
   Vehicle #1 = -1, leaving at = inf
   Increment on distance indicator: 1.0
   Increment on tard indicator:     0.0
   Value of tmax indicator:         1.0

Task for patient = 96 with skills = {0,5} and cost = 367.3
   Vehicle #0 = 10, leaving at = 663.0
   Vehicle #1 = 48, leaving at = 664.0
   Increment on distance indicator: 16.0
   Increment on tard indicator:     0.0
   Value of tmax indicator:         16.0

Task for patient = 133 with skills = {1,3} and cost = 396.7
   Vehicle #0 = 6, leaving at = 803.0
   Vehicle #1 = 40, leaving at = 814.0
   Increment on distance indicator: 12.0
   Increment on tard indicator:     0.0
   Value of tmax indicator:         12.0


Unused vehicle list: 21 22 25 26 27 28 29 52 55 56 57 58 59 (total = 13 out of 60)

---
Search finished.
Total of 1900 generations in 762.3 seconds.
Exchange elite runs: 23
Implicit path relinking runs: 10
Reset attempts: 0

Best solution found:
   Cost: 1146.7
   Total travel time: 3438.0
   Total tardiness time: 1.0
   Largest tardiness: 1.0


1146.7
