This host is: malboro
--- BRKGA-MP-IPR for HHCRSP ---
Instance: /home/alberto/work/hhcrsp-dataset-2021/dataset2/HHCRSP_100_20_36_1.6_C_R.txt
Seed: 20

Reading data... Problem contains 100 patients  and 20 caregivers.

Summary of supply x demand for each service type:
Skill 0 has supply = 8 and demand = 30, ratio = 0.266667
Skill 1 has supply = 7 and demand = 25, ratio = 0.28
Skill 2 has supply = 5 and demand = 12, ratio = 0.416667
Skill 3 has supply = 6 and demand = 27, ratio = 0.222222
Skill 4 has supply = 5 and demand = 20, ratio = 0.25
Skill 5 has supply = 6 and demand = 16, ratio = 0.375

Reading parameters...
Inferred distance function by PR type: kendall-tau
Building BRKGA data and initializing...
Evolving 1900 generations...

  Gens  Rem    Local   ElDiv NoImpr             Best solution            Time  Op
                                       Cost     Dist    Tard    TMax 
*    0 1900  2868.00  296.82      0  2868.00  2368.00  5781.0   455.0     0.1    
*    2 1898  2334.33  274.76      0  2334.33  2259.00  4425.0   319.0     0.3    
*    5 1895  2071.67  229.26      0  2071.67  2341.00  3093.0   343.0     0.6    
*    6 1894  1925.67  188.61      0  1925.67  2401.00  2526.0   360.0     0.7    
*    7 1893  1762.33  174.34      0  1762.33  2432.00  2156.0   337.0     0.8    
*    8 1892  1641.67  158.99      0  1641.67  2442.00  1905.0   211.0     0.9    
*    9 1891  1519.33  136.73      0  1519.33  2407.00  1451.0   346.0     1.0    
*   10 1890  1401.33  126.12      0  1401.33  2274.00   987.0   192.0     1.1    
*   11 1889  1151.00  122.07      0  1151.00  2169.00   775.0   128.0     1.2    
*   12 1888  1024.00  113.50      0  1024.00  2169.00   775.0   128.0     1.3    
*   14 1886   985.67   95.63      0   985.67  2163.00   550.0   169.0     1.5    
*   15 1885   960.67   88.91      0   960.67  2326.00   237.0    43.0     1.6    
*   16 1884   868.67   76.85      0   868.67  2326.00   237.0    43.0     1.7    
*   18 1882   817.33   62.18      0   817.33  2307.00   105.0    40.0     1.9    
*   22 1878   802.33   40.30      0   802.33  2133.00   119.0    41.0     2.3    

  Gens  Rem    Local   ElDiv NoImpr             Best solution            Time  Op
                                       Cost     Dist    Tard    TMax 
*   23 1877   764.33   34.35      0   764.33  2115.00   103.0    15.0     2.4    
*   24 1876   744.33   29.31      0   744.33  2187.00    18.0    16.0     2.5    
*   25 1875   740.33   29.28      0   740.33  2053.00    26.0     8.0     2.7    
*   26 1874   695.67   27.85      0   695.67  2053.00    26.0     8.0     2.8    
*   32 1868   684.33   17.29      0   684.33  2036.00     1.0     1.0     3.4    
*   33 1867   679.33   15.77      0   679.33  2036.00     1.0     1.0     3.5    
*   36 1864   656.33   12.84      0   656.33  1969.00     0.0     0.0     3.8    
*   40 1860   655.67   10.57      0   655.67  1944.00    16.0     7.0     4.2    
*   42 1858   651.00   10.40      0   651.00  1930.00    17.0     6.0     4.4    
*   45 1855   639.67   11.18      0   639.67  1893.00    16.0    10.0     4.7    
*   49 1851   625.33   11.32      0   625.33  1876.00     0.0     0.0     5.1    
    50 1850   625.33   11.18      1   625.33  1876.00     0.0     0.0     5.2    
*   56 1844   621.67   12.01      0   621.67  1857.00     0.0     0.0     5.8    
*   57 1843   619.00   11.99      0   619.00  1826.00     2.0     2.0     5.9    
*   58 1842   610.00   12.00      0   610.00  1826.00     2.0     2.0     6.0    
*   64 1836   608.33   11.56      0   608.33  1800.00    19.0     6.0     6.6    

  Gens  Rem    Local   ElDiv NoImpr             Best solution            Time  Op
                                       Cost     Dist    Tard    TMax 
*   68 1832   603.67   11.19      0   603.67  1809.00     1.0     1.0     7.0    
*   74 1826   595.33   10.47      0   595.33  1774.00     8.0     4.0     7.6    
*   78 1822   591.00   10.03      0   591.00  1773.00     0.0     0.0     8.0    
    80 1820   591.00    5.26      3   591.00  1773.00     0.0     0.0     8.2   X
*   91 1809   587.33    5.12      0   587.33  1734.00    13.0    11.0     9.4    
*   92 1808   586.00    5.16      0   586.00  1757.00     0.0     0.0     9.5    
*   93 1807   585.67    5.15      0   585.67  1757.00     0.0     0.0     9.6    
*   95 1805   583.67    5.81      0   583.67  1722.00     0.0     0.0     9.8    
*   96 1804   574.00    6.06      0   574.00  1722.00     0.0     0.0     9.9    
   100 1800   574.00    6.38      4   574.00  1722.00     0.0     0.0    10.3    
*  106 1794   569.33    7.02      0   569.33  1708.00     0.0     0.0    10.9    
*  110 1790   565.67    6.57      0   565.67  1687.00     6.0     4.0    11.3    
*  113 1787   559.33    6.73      0   559.33  1663.00     0.0     0.0    11.6    
*  114 1786   554.33    6.57      0   554.33  1663.00     0.0     0.0    11.7    
*  120 1780   550.67    7.02      0   550.67  1652.00     0.0     0.0    12.3    
*  125 1775   548.33    7.43      0   548.33  1634.00     0.0     0.0    12.8    

  Gens  Rem    Local   ElDiv NoImpr             Best solution            Time  Op
                                       Cost     Dist    Tard    TMax 
*  126 1774   544.67    7.78      0   544.67  1622.00     0.0     0.0    12.9    
*  127 1773   540.67    8.41      0   540.67  1606.00     0.0     0.0    13.0    
*  128 1772   535.33    8.70      0   535.33  1601.00     0.0     0.0    13.1    
*  129 1771   533.67    8.96      0   533.67  1601.00     0.0     0.0    13.2    
*  134 1766   527.00    9.74      0   527.00  1577.00     2.0     2.0    13.7    
*  141 1759   526.33    8.60      0   526.33  1575.00     2.0     2.0    14.4    
*  147 1753   525.67    5.68      0   525.67  1577.00     0.0     0.0    15.0    
*  149 1751   525.00    4.73      0   525.00  1570.00     2.0     2.0    15.2    
*  150 1750   524.67    4.59      0   524.67  1569.00     2.0     2.0    15.3    
*  151 1749   524.33    4.18      0   524.33  1569.00     2.0     2.0    15.4    
*  153 1747   524.00    3.66      0   524.00  1572.00     0.0     0.0    15.6    
*  155 1745   523.00    3.20      0   523.00  1565.00     2.0     2.0    15.8    
*  160 1740   522.33    2.15      0   522.33  1563.00     2.0     2.0    16.4    
   160 1740   522.33    0.91      1   522.33  1563.00     2.0     2.0    16.4   X
*  163 1737   522.00    0.80      0   522.00  1561.00     2.0     2.0    16.7    
*  164 1736   521.67    0.70      0   521.67  1561.00     2.0     2.0    16.8    

  Gens  Rem    Local   ElDiv NoImpr             Best solution            Time  Op
                                       Cost     Dist    Tard    TMax 
*  167 1733   521.00    0.65      0   521.00  1558.00     2.0     2.0    17.1    
*  168 1732   520.67    0.63      0   520.67  1560.00     0.0     0.0    17.2    
*  169 1731   520.00    0.59      0   520.00  1560.00     0.0     0.0    17.3    
*  176 1724   519.33    0.13      0   519.33  1554.00     2.0     2.0    18.0    
Path relinking result: elite improvement.
   180 1720   519.33    0.40      5   519.33  1554.00     2.0     2.0    18.4   P
   200 1700   519.33    0.31     24   519.33  1554.00     2.0     2.0    20.4    
   240 1660   519.33    0.00     65   519.33  1554.00     2.0     2.0    24.5   X
   250 1650   519.33    0.00     74   519.33  1554.00     2.0     2.0    25.5    
   255 1645      inf  342.75      0   519.33  1554.00     2.0     2.0    26.0   R
   256 1644  2708.00  329.30      0   519.33  1554.00     2.0     2.0    26.1    
   300 1600   651.00   10.53      3   519.33  1554.00     2.0     2.0    30.6    
   320 1580   615.67    6.99      0   519.33  1554.00     2.0     2.0    32.6   X
   350 1550   607.00    5.15      4   519.33  1554.00     2.0     2.0    35.7    
Path relinking result: best improvement.
   360 1540   602.67    5.50      0   519.33  1554.00     2.0     2.0    36.7   P
   400 1500   567.67    5.16      4   519.33  1554.00     2.0     2.0    40.8    
   400 1500   567.67    4.31      5   519.33  1554.00     2.0     2.0    40.8   X

  Gens  Rem    Local   ElDiv NoImpr             Best solution            Time  Op
                                       Cost     Dist    Tard    TMax 
   450 1450   544.67    3.72      6   519.33  1554.00     2.0     2.0    45.9    
   480 1420   530.33    1.01      0   519.33  1554.00     2.0     2.0    48.9   X
   500 1400   525.67    2.34      2   519.33  1554.00     2.0     2.0    50.9    
Path relinking result: elite improvement.
   540 1360   524.33    0.97     13   519.33  1554.00     2.0     2.0    55.0   P
   550 1350   523.67    0.95      2   519.33  1554.00     2.0     2.0    56.0    
   560 1340   522.33    0.62      9   519.33  1554.00     2.0     2.0    57.0   X
   600 1300   521.33    0.16     19   519.33  1554.00     2.0     2.0    61.1    
   640 1260   521.33    0.00     60   519.33  1554.00     2.0     2.0    65.1   X
   650 1250   521.33    0.00     69   519.33  1554.00     2.0     2.0    66.1    
   660 1240      inf  348.07      0   519.33  1554.00     2.0     2.0    67.2   R
   661 1239  3214.33  290.07      0   519.33  1554.00     2.0     2.0    67.3    
   700 1200   658.33    9.94      3   519.33  1554.00     2.0     2.0    71.3    
Path relinking result: best improvement.
   720 1180   618.67    6.36      0   519.33  1554.00     2.0     2.0    73.3  PX
   750 1150   607.00    5.87      4   519.33  1554.00     2.0     2.0    76.4    
   800 1100   554.00    6.53      7   519.33  1554.00     2.0     2.0    81.4    
   800 1100   554.00    2.91      8   519.33  1554.00     2.0     2.0    81.4   X

  Gens  Rem    Local   ElDiv NoImpr             Best solution            Time  Op
                                       Cost     Dist    Tard    TMax 
   850 1050   527.33    4.85      4   519.33  1554.00     2.0     2.0    86.5    
   880 1020   520.00    1.58      0   519.33  1554.00     2.0     2.0    89.5   X
   900 1000   519.33    0.08      8   519.33  1554.00     2.0     2.0    91.6    
Path relinking result: no improvement.
   900 1000   519.33    0.08      9   519.33  1554.00     2.0     2.0    91.6   P
   950  950   519.33    0.30     58   519.33  1554.00     2.0     2.0    96.6    
   960  940   519.33    0.00     69   519.33  1554.00     2.0     2.0    97.6   X
*  962  938   518.67    0.10      0   518.67  1556.00     0.0     0.0    97.8    
  1000  900   518.67    0.31     38   518.67  1556.00     0.0     0.0   101.7    
  1040  860   518.67    0.00     79   518.67  1556.00     0.0     0.0   105.7   X
  1041  859      inf  321.71      0   518.67  1556.00     0.0     0.0   105.9   R
  1042  858  3023.67  298.75      0   518.67  1556.00     0.0     0.0   106.0    
  1050  850  1517.67  158.66      0   518.67  1556.00     0.0     0.0   106.8    
Path relinking result: best improvement.
  1080  820   660.00   11.53      0   518.67  1556.00     0.0     0.0   109.9   P
  1100  800   621.33   10.29      2   518.67  1556.00     0.0     0.0   111.9    
  1120  780   597.67    6.43      4   518.67  1556.00     0.0     0.0   113.9   X
  1150  750   562.33   12.02      2   518.67  1556.00     0.0     0.0   117.0    

  Gens  Rem    Local   ElDiv NoImpr             Best solution            Time  Op
                                       Cost     Dist    Tard    TMax 
  1200  700   528.67   13.86      7   518.67  1556.00     0.0     0.0   122.1    
  1200  700   528.67    8.92      8   518.67  1556.00     0.0     0.0   122.1   X
* 1222  678   517.67    2.19      0   517.67  1551.00     1.0     1.0   124.3    
* 1229  671   517.33    3.76      0   517.33  1547.00     3.0     2.0   125.0    
  1250  650   517.33    3.14     21   517.33  1547.00     3.0     2.0   127.1    
Path relinking result: elite improvement.
  1260  640   517.33    1.49     32   517.33  1547.00     3.0     2.0   128.1   P
  1280  620   517.33    0.00     52   517.33  1547.00     3.0     2.0   130.2   X
  1300  600   517.33    0.00     71   517.33  1547.00     3.0     2.0   132.2    
  1308  592      inf  378.56      0   517.33  1547.00     3.0     2.0   133.0   R
  1309  591  2897.33  308.87      0   517.33  1547.00     3.0     2.0   133.1    
  1350  550   658.00    9.48      1   517.33  1547.00     3.0     2.0   137.3    
  1360  540   636.33    5.41      5   517.33  1547.00     3.0     2.0   138.3   X
  1400  500   597.33    7.70      0   517.33  1547.00     3.0     2.0   142.4    
Path relinking result: elite improvement.
  1440  460   571.67    5.56      0   517.33  1547.00     3.0     2.0   146.5  PX
  1450  450   571.33    4.70      0   517.33  1547.00     3.0     2.0   147.5    
  1500  400   546.33    6.72      4   517.33  1547.00     3.0     2.0   152.5    

  Gens  Rem    Local   ElDiv NoImpr             Best solution            Time  Op
                                       Cost     Dist    Tard    TMax 
  1520  380   542.33    1.78      9   517.33  1547.00     3.0     2.0   154.6   X
  1550  350   541.00    0.31     28   517.33  1547.00     3.0     2.0   157.6    
  1600  300   536.33    2.18      6   517.33  1547.00     3.0     2.0   162.6    
  1600  300   536.33    0.94      7   517.33  1547.00     3.0     2.0   162.6   X
Path relinking result: no improvement.
  1620  280   534.67    0.04     12   517.33  1547.00     3.0     2.0   164.7   P
  1650  250   534.67    0.06     41   517.33  1547.00     3.0     2.0   167.7    
  1680  220   534.67    0.10     72   517.33  1547.00     3.0     2.0   170.7   X
  1688  212      inf  373.37      0   517.33  1547.00     3.0     2.0   171.6   R
  1689  211  3083.67  303.95      0   517.33  1547.00     3.0     2.0   171.7    
  1700  200  1250.67  117.48      2   517.33  1547.00     3.0     2.0   172.8    
  1750  150   617.67    7.47      0   517.33  1547.00     3.0     2.0   177.9    
  1760  140   607.33    5.03      5   517.33  1547.00     3.0     2.0   178.9   X
  1800  100   572.00   11.18      1   517.33  1547.00     3.0     2.0   183.0    
Path relinking result: elite improvement.
  1800  100   570.67   11.27      0   517.33  1547.00     3.0     2.0   183.0   P
  1840   60   536.67    7.32      2   517.33  1547.00     3.0     2.0   187.1   X
  1850   50   533.67    1.44      0   517.33  1547.00     3.0     2.0   188.1    

  Gens  Rem    Local   ElDiv NoImpr             Best solution            Time  Op
                                       Cost     Dist    Tard    TMax 
  1900    0   530.00    0.47     34   517.33  1547.00     3.0     2.0   193.1    
Evolutionary process finished.
Solution written to 'solution-28898.txt'.

Sorted sequence of worst to best tardiness value:
Task for patient = 1 with skills = {1,-1} and cost = 335.0
   Vehicle #0 = 0, leaving at = 1035.0
   Vehicle #1 = -1, leaving at = inf
   Increment on distance indicator: 2.0
   Increment on tard indicator:     0.0
   Value of tmax indicator:         2.0

Task for patient = 62 with skills = {1,5} and cost = 334.3
   Vehicle #0 = 5, leaving at = 889.0
   Vehicle #1 = 14, leaving at = 889.0
   Increment on distance indicator: 21.0
   Increment on tard indicator:     0.0
   Value of tmax indicator:         21.0

Task for patient = 54 with skills = {2,5} and cost = 327.3
   Vehicle #0 = 2, leaving at = 922.0
   Vehicle #1 = 16, leaving at = 969.0
   Increment on distance indicator: 16.0
   Increment on tard indicator:     0.0
   Value of tmax indicator:         16.0

Task for patient = 38 with skills = {1,-1} and cost = 322.0
   Vehicle #0 = 0, leaving at = 941.0
   Vehicle #1 = -1, leaving at = inf
   Increment on distance indicator: 7.0
   Increment on tard indicator:     0.0
   Value of tmax indicator:         7.0

Task for patient = 45 with skills = {0,-1} and cost = 319.7
   Vehicle #0 = 5, leaving at = 809.0
   Vehicle #1 = -1, leaving at = inf
   Increment on distance indicator: 4.0
   Increment on tard indicator:     0.0
   Value of tmax indicator:         4.0

Task for patient = 49 with skills = {1,-1} and cost = 318.3
   Vehicle #0 = 1, leaving at = 893.0
   Vehicle #1 = -1, leaving at = inf
   Increment on distance indicator: 14.0
   Increment on tard indicator:     0.0
   Value of tmax indicator:         14.0

Task for patient = 84 with skills = {1,-1} and cost = 313.7
   Vehicle #0 = 0, leaving at = 903.0
   Vehicle #1 = -1, leaving at = inf
   Increment on distance indicator: 9.0
   Increment on tard indicator:     0.0
   Value of tmax indicator:         9.0

Task for patient = 23 with skills = {5,-1} and cost = 310.7
   Vehicle #0 = 16, leaving at = 903.0
   Vehicle #1 = -1, leaving at = inf
   Increment on distance indicator: 4.0
   Increment on tard indicator:     0.0
   Value of tmax indicator:         4.0

Task for patient = 4 with skills = {0,3} and cost = 309.3
   Vehicle #0 = 0, leaving at = 872.0
   Vehicle #1 = 12, leaving at = 904.0
   Increment on distance indicator: 50.0
   Increment on tard indicator:     0.0
   Value of tmax indicator:         50.0

Task for patient = 36 with skills = {0,-1} and cost = 292.7
   Vehicle #0 = 8, leaving at = 803.0
   Vehicle #1 = -1, leaving at = inf
   Increment on distance indicator: 12.0
   Increment on tard indicator:     0.0
   Value of tmax indicator:         12.0

Task for patient = 86 with skills = {1,-1} and cost = 288.7
   Vehicle #0 = 8, leaving at = 748.0
   Vehicle #1 = -1, leaving at = inf
   Increment on distance indicator: 4.0
   Increment on tard indicator:     0.0
   Value of tmax indicator:         4.0

Task for patient = 26 with skills = {2,-1} and cost = 420.3
   Vehicle #0 = 0, leaving at = 1113.0
   Vehicle #1 = -1, leaving at = inf
   Increment on distance indicator: 6.0
   Increment on tard indicator:     0.0
   Value of tmax indicator:         6.0

Task for patient = 32 with skills = {3,-1} and cost = 281.0
   Vehicle #0 = 12, leaving at = 830.0
   Vehicle #1 = -1, leaving at = inf
   Increment on distance indicator: 19.0
   Increment on tard indicator:     0.0
   Value of tmax indicator:         19.0

Task for patient = 27 with skills = {0,5} and cost = 274.7
   Vehicle #0 = 0, leaving at = 798.0
   Vehicle #1 = 13, leaving at = 798.0
   Increment on distance indicator: 42.0
   Increment on tard indicator:     0.0
   Value of tmax indicator:         42.0

Task for patient = 66 with skills = {0,-1} and cost = 260.7
   Vehicle #0 = 7, leaving at = 925.0
   Vehicle #1 = -1, leaving at = inf
   Increment on distance indicator: 1.0
   Increment on tard indicator:     0.0
   Value of tmax indicator:         1.0

Task for patient = 67 with skills = {4,-1} and cost = 260.3
   Vehicle #0 = 16, leaving at = 869.0
   Vehicle #1 = -1, leaving at = inf
   Increment on distance indicator: 6.0
   Increment on tard indicator:     0.0
   Value of tmax indicator:         6.0

Task for patient = 52 with skills = {5,-1} and cost = 258.3
   Vehicle #0 = 14, leaving at = 793.0
   Vehicle #1 = -1, leaving at = inf
   Increment on distance indicator: 9.0
   Increment on tard indicator:     0.0
   Value of tmax indicator:         9.0

Task for patient = 78 with skills = {0,-1} and cost = 255.3
   Vehicle #0 = 4, leaving at = 912.0
   Vehicle #1 = -1, leaving at = inf
   Increment on distance indicator: 5.0
   Increment on tard indicator:     0.0
   Value of tmax indicator:         5.0

Task for patient = 8 with skills = {3,-1} and cost = 253.7
   Vehicle #0 = 16, leaving at = 840.0
   Vehicle #1 = -1, leaving at = inf
   Increment on distance indicator: 11.0
   Increment on tard indicator:     0.0
   Value of tmax indicator:         11.0

Task for patient = 43 with skills = {0,-1} and cost = 250.0
   Vehicle #0 = 4, leaving at = 790.0
   Vehicle #1 = -1, leaving at = inf
   Increment on distance indicator: 3.0
   Increment on tard indicator:     0.0
   Value of tmax indicator:         3.0

Task for patient = 20 with skills = {0,3} and cost = 249.0
   Vehicle #0 = 3, leaving at = 969.0
   Vehicle #1 = 19, leaving at = 991.0
   Increment on distance indicator: 20.0
   Increment on tard indicator:     0.0
   Value of tmax indicator:         20.0

Task for patient = 24 with skills = {5,-1} and cost = 242.3
   Vehicle #0 = 13, leaving at = 720.0
   Vehicle #1 = -1, leaving at = inf
   Increment on distance indicator: 9.0
   Increment on tard indicator:     0.0
   Value of tmax indicator:         9.0

Task for patient = 16 with skills = {1,3} and cost = 239.3
   Vehicle #0 = 3, leaving at = 894.0
   Vehicle #1 = 19, leaving at = 906.0
   Increment on distance indicator: 5.0
   Increment on tard indicator:     0.0
   Value of tmax indicator:         5.0

Task for patient = 95 with skills = {2,-1} and cost = 237.7
   Vehicle #0 = 2, leaving at = 741.0
   Vehicle #1 = -1, leaving at = inf
   Increment on distance indicator: 17.0
   Increment on tard indicator:     0.0
   Value of tmax indicator:         17.0

Task for patient = 63 with skills = {1,4} and cost = 287.3
   Vehicle #0 = 1, leaving at = 853.0
   Vehicle #1 = 15, leaving at = 869.0
   Increment on distance indicator: 19.0
   Increment on tard indicator:     0.0
   Value of tmax indicator:         19.0

Task for patient = 35 with skills = {1,-1} and cost = 418.3
   Vehicle #0 = 3, leaving at = 1086.0
   Vehicle #1 = -1, leaving at = inf
   Increment on distance indicator: 2.0
   Increment on tard indicator:     0.0
   Value of tmax indicator:         2.0

Task for patient = 75 with skills = {1,3} and cost = 417.7
   Vehicle #0 = 8, leaving at = 1113.0
   Vehicle #1 = 11, leaving at = 1113.0
   Increment on distance indicator: 17.0
   Increment on tard indicator:     0.0
   Value of tmax indicator:         17.0

Task for patient = 40 with skills = {2,-1} and cost = 412.0
   Vehicle #0 = 7, leaving at = 1111.0
   Vehicle #1 = -1, leaving at = inf
   Increment on distance indicator: 17.0
   Increment on tard indicator:     0.0
   Value of tmax indicator:         17.0

Task for patient = 11 with skills = {0,-1} and cost = 406.3
   Vehicle #0 = 1, leaving at = 1105.0
   Vehicle #1 = -1, leaving at = inf
   Increment on distance indicator: 4.0
   Increment on tard indicator:     0.0
   Value of tmax indicator:         4.0

Task for patient = 64 with skills = {3,-1} and cost = 405.0
   Vehicle #0 = 11, leaving at = 1049.0
   Vehicle #1 = -1, leaving at = inf
   Increment on distance indicator: 20.0
   Increment on tard indicator:     0.0
   Value of tmax indicator:         20.0

Task for patient = 56 with skills = {2,-1} and cost = 398.3
   Vehicle #0 = 0, leaving at = 1073.0
   Vehicle #1 = -1, leaving at = inf
   Increment on distance indicator: 12.0
   Increment on tard indicator:     0.0
   Value of tmax indicator:         12.0

Task for patient = 60 with skills = {0,4} and cost = 394.3
   Vehicle #0 = 5, leaving at = 1062.0
   Vehicle #1 = 14, leaving at = 1084.0
   Increment on distance indicator: 11.0
   Increment on tard indicator:     0.0
   Value of tmax indicator:         11.0

Task for patient = 55 with skills = {0,3} and cost = 390.7
   Vehicle #0 = 7, leaving at = 1038.0
   Vehicle #1 = 12, leaving at = 1038.0
   Increment on distance indicator: 7.0
   Increment on tard indicator:     0.0
   Value of tmax indicator:         7.0

Task for patient = 44 with skills = {4,-1} and cost = 388.3
   Vehicle #0 = 14, leaving at = 1055.0
   Vehicle #1 = -1, leaving at = inf
   Increment on distance indicator: 7.0
   Increment on tard indicator:     0.0
   Value of tmax indicator:         7.0

Task for patient = 58 with skills = {3,-1} and cost = 386.0
   Vehicle #0 = 13, leaving at = 1084.0
   Vehicle #1 = -1, leaving at = inf
   Increment on distance indicator: 5.0
   Increment on tard indicator:     0.0
   Value of tmax indicator:         5.0

Task for patient = 71 with skills = {1,3} and cost = 384.3
   Vehicle #0 = 1, leaving at = 1080.0
   Vehicle #1 = 19, leaving at = 1088.0
   Increment on distance indicator: 10.0
   Increment on tard indicator:     0.0
   Value of tmax indicator:         10.0

Task for patient = 79 with skills = {0,3} and cost = 338.7
   Vehicle #0 = 1, leaving at = 997.0
   Vehicle #1 = 19, leaving at = 1026.0
   Increment on distance indicator: 11.0
   Increment on tard indicator:     0.0
   Value of tmax indicator:         11.0

Task for patient = 31 with skills = {2,-1} and cost = 373.7
   Vehicle #0 = 1, leaving at = 1027.0
   Vehicle #1 = -1, leaving at = inf
   Increment on distance indicator: 5.0
   Increment on tard indicator:     0.0
   Value of tmax indicator:         5.0

Task for patient = 88 with skills = {4,-1} and cost = 372.0
   Vehicle #0 = 15, leaving at = 999.0
   Vehicle #1 = -1, leaving at = inf
   Increment on distance indicator: 4.0
   Increment on tard indicator:     0.0
   Value of tmax indicator:         4.0

Task for patient = 61 with skills = {4,-1} and cost = 370.7
   Vehicle #0 = 12, leaving at = 982.0
   Vehicle #1 = -1, leaving at = inf
   Increment on distance indicator: 13.0
   Increment on tard indicator:     0.0
   Value of tmax indicator:         13.0

Task for patient = 41 with skills = {1,-1} and cost = 366.3
   Vehicle #0 = 5, leaving at = 1036.0
   Vehicle #1 = -1, leaving at = inf
   Increment on distance indicator: 6.0
   Increment on tard indicator:     0.0
   Value of tmax indicator:         6.0

Task for patient = 10 with skills = {4,-1} and cost = 364.3
   Vehicle #0 = 16, leaving at = 999.0
   Vehicle #1 = -1, leaving at = inf
   Increment on distance indicator: 4.0
   Increment on tard indicator:     0.0
   Value of tmax indicator:         4.0

Task for patient = 14 with skills = {5,-1} and cost = 363.0
   Vehicle #0 = 13, leaving at = 1030.0
   Vehicle #1 = -1, leaving at = inf
   Increment on distance indicator: 8.0
   Increment on tard indicator:     0.0
   Value of tmax indicator:         8.0

Task for patient = 19 with skills = {0,-1} and cost = 360.3
   Vehicle #0 = 3, leaving at = 1024.0
   Vehicle #1 = -1, leaving at = inf
   Increment on distance indicator: 4.0
   Increment on tard indicator:     0.0
   Value of tmax indicator:         4.0

Task for patient = 72 with skills = {0,4} and cost = 359.0
   Vehicle #0 = 4, leaving at = 948.0
   Vehicle #1 = 15, leaving at = 980.0
   Increment on distance indicator: 15.0
   Increment on tard indicator:     0.0
   Value of tmax indicator:         15.0

Task for patient = 100 with skills = {1,4} and cost = 354.0
   Vehicle #0 = 5, leaving at = 1009.0
   Vehicle #1 = 14, leaving at = 1009.0
   Increment on distance indicator: 8.0
   Increment on tard indicator:     0.0
   Value of tmax indicator:         8.0

Task for patient = 97 with skills = {1,5} and cost = 351.3
   Vehicle #0 = 5, leaving at = 926.0
   Vehicle #1 = 14, leaving at = 926.0
   Increment on distance indicator: 16.0
   Increment on tard indicator:     0.0
   Value of tmax indicator:         16.0

Task for patient = 5 with skills = {3,-1} and cost = 346.0
   Vehicle #0 = 13, leaving at = 880.0
   Vehicle #1 = -1, leaving at = inf
   Increment on distance indicator: 8.0
   Increment on tard indicator:     0.0
   Value of tmax indicator:         8.0

Task for patient = 6 with skills = {1,-1} and cost = 343.3
   Vehicle #0 = 7, leaving at = 966.0
   Vehicle #1 = -1, leaving at = inf
   Increment on distance indicator: 14.0
   Increment on tard indicator:     0.0
   Value of tmax indicator:         14.0

Task for patient = 70 with skills = {0,3} and cost = 381.0
   Vehicle #0 = 4, leaving at = 1073.0
   Vehicle #1 = 16, leaving at = 1082.0
   Increment on distance indicator: 22.0
   Increment on tard indicator:     0.0
   Value of tmax indicator:         22.0

Task for patient = 13 with skills = {3,-1} and cost = 141.7
   Vehicle #0 = 11, leaving at = 787.0
   Vehicle #1 = -1, leaving at = inf
   Increment on distance indicator: 22.0
   Increment on tard indicator:     0.0
   Value of tmax indicator:         22.0

Task for patient = 21 with skills = {5,-1} and cost = 134.3
   Vehicle #0 = 16, leaving at = 714.0
   Vehicle #1 = -1, leaving at = inf
   Increment on distance indicator: 4.0
   Increment on tard indicator:     0.0
   Value of tmax indicator:         4.0

Task for patient = 80 with skills = {0,-1} and cost = 133.0
   Vehicle #0 = 4, leaving at = 660.0
   Vehicle #1 = -1, leaving at = inf
   Increment on distance indicator: 12.0
   Increment on tard indicator:     0.0
   Value of tmax indicator:         12.0

Task for patient = 59 with skills = {1,-1} and cost = 129.0
   Vehicle #0 = 5, leaving at = 578.0
   Vehicle #1 = -1, leaving at = inf
   Increment on distance indicator: 4.0
   Increment on tard indicator:     0.0
   Value of tmax indicator:         4.0

Task for patient = 9 with skills = {0,4} and cost = 127.7
   Vehicle #0 = 4, leaving at = 630.0
   Vehicle #1 = 17, leaving at = 630.0
   Increment on distance indicator: 8.0
   Increment on tard indicator:     0.0
   Value of tmax indicator:         8.0

Task for patient = 69 with skills = {3,-1} and cost = 125.0
   Vehicle #0 = 16, leaving at = 659.0
   Vehicle #1 = -1, leaving at = inf
   Increment on distance indicator: 8.0
   Increment on tard indicator:     0.0
   Value of tmax indicator:         8.0

Task for patient = 99 with skills = {0,-1} and cost = 122.3
   Vehicle #0 = 7, leaving at = 651.0
   Vehicle #1 = -1, leaving at = inf
   Increment on distance indicator: 9.0
   Increment on tard indicator:     0.0
   Value of tmax indicator:         9.0

Task for patient = 46 with skills = {1,-1} and cost = 119.3
   Vehicle #0 = 7, leaving at = 598.0
   Vehicle #1 = -1, leaving at = inf
   Increment on distance indicator: 18.0
   Increment on tard indicator:     0.0
   Value of tmax indicator:         18.0

Task for patient = 2 with skills = {3,-1} and cost = 113.3
   Vehicle #0 = 13, leaving at = 678.0
   Vehicle #1 = -1, leaving at = inf
   Increment on distance indicator: 9.0
   Increment on tard indicator:     0.0
   Value of tmax indicator:         9.0

Task for patient = 81 with skills = {0,3} and cost = 110.3
   Vehicle #0 = 4, leaving at = 590.0
   Vehicle #1 = 17, leaving at = 586.0
   Increment on distance indicator: 10.0
   Increment on tard indicator:     0.0
   Value of tmax indicator:         10.0

Task for patient = 42 with skills = {2,-1} and cost = 107.0
   Vehicle #0 = 2, leaving at = 693.0
   Vehicle #1 = -1, leaving at = inf
   Increment on distance indicator: 10.0
   Increment on tard indicator:     0.0
   Value of tmax indicator:         10.0

Task for patient = 37 with skills = {2,4} and cost = 232.0
   Vehicle #0 = 7, leaving at = 897.0
   Vehicle #1 = 17, leaving at = 897.0
   Increment on distance indicator: 21.0
   Increment on tard indicator:     0.0
   Value of tmax indicator:         21.0

Task for patient = 65 with skills = {4,-1} and cost = 85.0
   Vehicle #0 = 16, leaving at = 608.0
   Vehicle #1 = -1, leaving at = inf
   Increment on distance indicator: 9.0
   Increment on tard indicator:     0.0
   Value of tmax indicator:         9.0

Task for patient = 90 with skills = {1,3} and cost = 82.0
   Vehicle #0 = 5, leaving at = 536.0
   Vehicle #1 = 16, leaving at = 570.0
   Increment on distance indicator: 56.0
   Increment on tard indicator:     0.0
   Value of tmax indicator:         56.0

Task for patient = 33 with skills = {0,3} and cost = 63.3
   Vehicle #0 = 3, leaving at = 697.0
   Vehicle #1 = 11, leaving at = 701.0
   Increment on distance indicator: 24.0
   Increment on tard indicator:     0.0
   Value of tmax indicator:         24.0

Task for patient = 76 with skills = {5,-1} and cost = 55.3
   Vehicle #0 = 14, leaving at = 608.0
   Vehicle #1 = -1, leaving at = inf
   Increment on distance indicator: 3.0
   Increment on tard indicator:     0.0
   Value of tmax indicator:         3.0

Task for patient = 50 with skills = {0,-1} and cost = 54.3
   Vehicle #0 = 1, leaving at = 661.0
   Vehicle #1 = -1, leaving at = inf
   Increment on distance indicator: 19.0
   Increment on tard indicator:     0.0
   Value of tmax indicator:         19.0

Task for patient = 22 with skills = {1,4} and cost = 48.0
   Vehicle #0 = 3, leaving at = 644.0
   Vehicle #1 = 15, leaving at = 644.0
   Increment on distance indicator: 18.0
   Increment on tard indicator:     0.0
   Value of tmax indicator:         18.0

Task for patient = 83 with skills = {2,3} and cost = 42.0
   Vehicle #0 = 2, leaving at = 633.0
   Vehicle #1 = 13, leaving at = 633.0
   Increment on distance indicator: 34.0
   Increment on tard indicator:     0.0
   Value of tmax indicator:         34.0

Task for patient = 30 with skills = {4,-1} and cost = 30.7
   Vehicle #0 = 14, leaving at = 543.0
   Vehicle #1 = -1, leaving at = inf
   Increment on distance indicator: 25.0
   Increment on tard indicator:     0.0
   Value of tmax indicator:         25.0

Task for patient = 93 with skills = {2,3} and cost = 22.3
   Vehicle #0 = 1, leaving at = 612.0
   Vehicle #1 = 11, leaving at = 612.0
   Increment on distance indicator: 31.0
   Increment on tard indicator:     0.0
   Value of tmax indicator:         31.0

Task for patient = 94 with skills = {5,-1} and cost = 12.0
   Vehicle #0 = 10, leaving at = 562.0
   Vehicle #1 = -1, leaving at = inf
   Increment on distance indicator: 14.0
   Increment on tard indicator:     0.0
   Value of tmax indicator:         14.0

Task for patient = 96 with skills = {0,-1} and cost = 7.3
   Vehicle #0 = 1, leaving at = 551.0
   Vehicle #1 = -1, leaving at = inf
   Increment on distance indicator: 22.0
   Increment on tard indicator:     0.0
   Value of tmax indicator:         22.0

Task for patient = 92 with skills = {0,4} and cost = 0.0
   Vehicle #0 = 0, leaving at = 719.0
   Vehicle #1 = 12, leaving at = 719.0
   Increment on distance indicator: 0.0
   Increment on tard indicator:     0.0
   Value of tmax indicator:         0.0

Task for patient = 87 with skills = {0,3} and cost = 103.7
   Vehicle #0 = 4, leaving at = 538.0
   Vehicle #1 = 17, leaving at = 528.0
   Increment on distance indicator: 56.0
   Increment on tard indicator:     0.0
   Value of tmax indicator:         56.0

Task for patient = 17 with skills = {1,-1} and cost = 225.0
   Vehicle #0 = 1, leaving at = 774.0
   Vehicle #1 = -1, leaving at = inf
   Increment on distance indicator: 14.0
   Increment on tard indicator:     0.0
   Value of tmax indicator:         14.0

Task for patient = 57 with skills = {0,-1} and cost = 220.3
   Vehicle #0 = 4, leaving at = 722.0
   Vehicle #1 = -1, leaving at = inf
   Increment on distance indicator: 11.0
   Increment on tard indicator:     0.0
   Value of tmax indicator:         11.0

Task for patient = 47 with skills = {5,-1} and cost = 216.7
   Vehicle #0 = 10, leaving at = 981.0
   Vehicle #1 = -1, leaving at = inf
   Increment on distance indicator: 7.0
   Increment on tard indicator:     0.0
   Value of tmax indicator:         7.0

Task for patient = 25 with skills = {4,-1} and cost = 214.3
   Vehicle #0 = 12, leaving at = 753.0
   Vehicle #1 = -1, leaving at = inf
   Increment on distance indicator: 7.0
   Increment on tard indicator:     0.0
   Value of tmax indicator:         7.0

Task for patient = 29 with skills = {4,-1} and cost = 212.0
   Vehicle #0 = 17, leaving at = 783.0
   Vehicle #1 = -1, leaving at = inf
   Increment on distance indicator: 24.0
   Increment on tard indicator:     0.0
   Value of tmax indicator:         24.0

Task for patient = 85 with skills = {3,-1} and cost = 204.0
   Vehicle #0 = 16, leaving at = 814.0
   Vehicle #1 = -1, leaving at = inf
   Increment on distance indicator: 2.0
   Increment on tard indicator:     0.0
   Value of tmax indicator:         2.0

Task for patient = 98 with skills = {2,-1} and cost = 203.3
   Vehicle #0 = 7, leaving at = 844.0
   Vehicle #1 = -1, leaving at = inf
   Increment on distance indicator: 8.0
   Increment on tard indicator:     0.0
   Value of tmax indicator:         8.0

Task for patient = 48 with skills = {3,-1} and cost = 200.7
   Vehicle #0 = 19, leaving at = 680.0
   Vehicle #1 = -1, leaving at = inf
   Increment on distance indicator: 10.0
   Increment on tard indicator:     0.0
   Value of tmax indicator:         10.0

Task for patient = 53 with skills = {2,-1} and cost = 197.3
   Vehicle #0 = 1, leaving at = 729.0
   Vehicle #1 = -1, leaving at = inf
   Increment on distance indicator: 6.0
   Increment on tard indicator:     0.0
   Value of tmax indicator:         6.0

Task for patient = 18 with skills = {1,4} and cost = 195.3
   Vehicle #0 = 8, leaving at = 684.0
   Vehicle #1 = 14, leaving at = 735.0
   Increment on distance indicator: 19.0
   Increment on tard indicator:     0.0
   Value of tmax indicator:         19.0

Task for patient = 15 with skills = {1,4} and cost = 189.0
   Vehicle #0 = 3, leaving at = 824.0
   Vehicle #1 = 15, leaving at = 824.0
   Increment on distance indicator: 12.0
   Increment on tard indicator:     0.0
   Value of tmax indicator:         12.0

Task for patient = 7 with skills = {3,-1} and cost = 144.0
   Vehicle #0 = 17, leaving at = 652.0
   Vehicle #1 = -1, leaving at = inf
   Increment on distance indicator: 7.0
   Increment on tard indicator:     0.0
   Value of tmax indicator:         7.0

Task for patient = 34 with skills = {5,-1} and cost = 181.7
   Vehicle #0 = 16, leaving at = 772.0
   Vehicle #1 = -1, leaving at = inf
   Increment on distance indicator: 4.0
   Increment on tard indicator:     0.0
   Value of tmax indicator:         4.0

Task for patient = 51 with skills = {0,-1} and cost = 180.3
   Vehicle #0 = 4, leaving at = 682.0
   Vehicle #1 = -1, leaving at = inf
   Increment on distance indicator: 3.0
   Increment on tard indicator:     0.0
   Value of tmax indicator:         3.0

Task for patient = 68 with skills = {1,4} and cost = 179.3
   Vehicle #0 = 3, leaving at = 765.0
   Vehicle #1 = 15, leaving at = 765.0
   Increment on distance indicator: 19.0
   Increment on tard indicator:     0.0
   Value of tmax indicator:         19.0

Task for patient = 74 with skills = {0,-1} and cost = 173.0
   Vehicle #0 = 5, leaving at = 668.0
   Vehicle #1 = -1, leaving at = inf
   Increment on distance indicator: 2.0
   Increment on tard indicator:     0.0
   Value of tmax indicator:         2.0

Task for patient = 12 with skills = {5,-1} and cost = 172.3
   Vehicle #0 = 14, leaving at = 660.0
   Vehicle #1 = -1, leaving at = inf
   Increment on distance indicator: 12.0
   Increment on tard indicator:     0.0
   Value of tmax indicator:         12.0

Task for patient = 39 with skills = {1,-1} and cost = 168.3
   Vehicle #0 = 8, leaving at = 651.0
   Vehicle #1 = -1, leaving at = inf
   Increment on distance indicator: 21.0
   Increment on tard indicator:     0.0
   Value of tmax indicator:         21.0

Task for patient = 91 with skills = {0,-1} and cost = 161.3
   Vehicle #0 = 1, leaving at = 684.0
   Vehicle #1 = -1, leaving at = inf
   Increment on distance indicator: 5.0
   Increment on tard indicator:     0.0
   Value of tmax indicator:         5.0

Task for patient = 3 with skills = {0,-1} and cost = 159.7
   Vehicle #0 = 7, leaving at = 693.0
   Vehicle #1 = -1, leaving at = inf
   Increment on distance indicator: 8.0
   Increment on tard indicator:     0.0
   Value of tmax indicator:         8.0

Task for patient = 73 with skills = {1,3} and cost = 157.0
   Vehicle #0 = 8, leaving at = 589.0
   Vehicle #1 = 19, leaving at = 589.0
   Increment on distance indicator: 24.0
   Increment on tard indicator:     0.0
   Value of tmax indicator:         24.0

Task for patient = 77 with skills = {5,-1} and cost = 149.0
   Vehicle #0 = 10, leaving at = 746.0
   Vehicle #1 = -1, leaving at = inf
   Increment on distance indicator: 2.0
   Increment on tard indicator:     0.0
   Value of tmax indicator:         2.0

Task for patient = 28 with skills = {5,-1} and cost = 148.3
   Vehicle #0 = 10, leaving at = 620.0
   Vehicle #1 = -1, leaving at = inf
   Increment on distance indicator: 9.0
   Increment on tard indicator:     0.0
   Value of tmax indicator:         9.0

Task for patient = 89 with skills = {0,-1} and cost = 145.3
   Vehicle #0 = 5, leaving at = 624.0
   Vehicle #1 = -1, leaving at = inf
   Increment on distance indicator: 4.0
   Increment on tard indicator:     0.0
   Value of tmax indicator:         4.0

Task for patient = 82 with skills = {3,-1} and cost = 185.0
   Vehicle #0 = 17, leaving at = 711.0
   Vehicle #1 = -1, leaving at = inf
   Increment on distance indicator: 10.0
   Increment on tard indicator:     0.0
   Value of tmax indicator:         10.0


Unused vehicle list: 6 9 18 (total = 3 out of 20)

---
Search finished.
Total of 1900 generations in 193.1 seconds.
Exchange elite runs: 23
Implicit path relinking runs: 10
Reset attempts: 5

Best solution found:
   Cost: 517.3
   Total travel time: 1547.0
   Total tardiness time: 3.0
   Largest tardiness: 2.0


517.3
