This host is: panku
--- BRKGA-MP-IPR for HHCRSP ---
Instance: new-dataset/instances-200/HHCRSP_200_40_17_1.6_C_C.txt
Seed: 17

Reading data... Problem contains 200 patients  and 40 caregivers.

Summary of supply x demand for each service type:
Skill 0 has supply = 16 and demand = 47, ratio = 0.340426
Skill 1 has supply = 16 and demand = 47, ratio = 0.340426
Skill 2 has supply = 10 and demand = 44, ratio = 0.227273
Skill 3 has supply = 16 and demand = 52, ratio = 0.307692
Skill 4 has supply = 15 and demand = 41, ratio = 0.365854
Skill 5 has supply = 14 and demand = 29, ratio = 0.482759

Reading parameters...
Inferred distance function by PR type: kendall-tau
Building BRKGA data and initializing...
Evolving 1900 generations...

  Gens  Rem    Local   ElDiv NoImpr             Best solution            Time  Op
                                       Cost     Dist    Tard    TMax 
*    0 1900  3177.33  317.53      0  3177.33  3283.00  5930.0   319.0     0.2    
*    2 1898  3119.00  301.82      0  3119.00  3322.00  5764.0   271.0     0.6    
*    4 1896  2919.67  271.92      0  2919.67  3083.00  4574.0   370.0     0.9    
*    5 1895  2675.67  270.12      0  2675.67  3442.00  4047.0   320.0     1.1    
*    6 1894  2603.00  246.48      0  2603.00  3110.00  4231.0   266.0     1.3    
*    7 1893  2535.67  221.66      0  2535.67  3285.00  3033.0   344.0     1.5    
*    8 1892  2220.67  196.17      0  2220.67  3047.00  3035.0   283.0     1.7    
*    9 1891  2121.67  193.71      0  2121.67  3205.00  2319.0   213.0     1.8    
*   10 1890  1912.33  172.65      0  1912.33  2858.00  2554.0   308.0     2.0    
*   11 1889  1906.67  161.63      0  1906.67  3064.00  2028.0   255.0     2.2    
*   12 1888  1782.33  157.36      0  1782.33  3061.00  1538.0   252.0     2.4    
*   13 1887  1617.00  147.65      0  1617.00  3124.00  1114.0   140.0     2.5    
*   14 1886  1459.33  130.54      0  1459.33  3124.00  1114.0   140.0     2.7    
*   16 1884  1290.33  111.38      0  1290.33  2864.00   898.0   109.0     3.1    
*   18 1882  1246.00   90.33      0  1246.00  2926.00   529.0   120.0     3.5    

  Gens  Rem    Local   ElDiv NoImpr             Best solution            Time  Op
                                       Cost     Dist    Tard    TMax 
*   19 1881  1191.67   80.92      0  1191.67  2926.00   529.0   120.0     3.7    
*   21 1879  1105.33   75.00      0  1105.33  2843.00   218.0    75.0     4.0    
*   22 1878  1045.33   70.37      0  1045.33  2780.00   151.0    53.0     4.2    
*   23 1877   994.67   61.25      0   994.67  2780.00   151.0    53.0     4.4    
*   27 1873   933.00   44.73      0   933.00  2712.00    65.0    22.0     5.1    
*   29 1871   932.33   33.53      0   932.33  2710.00    66.0    21.0     5.5    
*   32 1868   922.00   25.01      0   922.00  2695.00     9.0     8.0     6.1    
*   33 1867   904.00   23.78      0   904.00  2652.00    29.0    10.0     6.3    
*   34 1866   897.00   23.47      0   897.00  2679.00     2.0     2.0     6.5    
*   35 1865   894.33   22.01      0   894.33  2627.00     0.0     0.0     6.6    
*   36 1864   875.67   20.58      0   875.67  2573.00     8.0     3.0     6.8    
*   37 1863   861.33   19.28      0   861.33  2500.00    61.0    17.0     7.0    
*   38 1862   859.33   18.79      0   859.33  2500.00    61.0    17.0     7.2    
*   40 1860   848.67   17.23      0   848.67  2457.00    32.0     9.0     7.6    
*   41 1859   832.67   17.51      0   832.67  2430.00    30.0    12.0     7.8    
*   42 1858   824.00   17.78      0   824.00  2430.00    30.0    12.0     7.9    

  Gens  Rem    Local   ElDiv NoImpr             Best solution            Time  Op
                                       Cost     Dist    Tard    TMax 
    50 1850   824.00   14.97      8   824.00  2430.00    30.0    12.0     9.4    
*   51 1849   814.00   14.89      0   814.00  2413.00    22.0     7.0     9.6    
*   56 1844   807.33   12.97      0   807.33  2377.00    33.0    12.0    10.5    
*   58 1842   804.00   12.83      0   804.00  2369.00    14.0     6.0    10.8    
*   59 1841   796.33   12.75      0   796.33  2369.00    14.0     6.0    11.0    
*   64 1836   787.33   12.56      0   787.33  2356.00     0.0     0.0    11.9    
*   65 1835   785.33   12.37      0   785.33  2356.00     0.0     0.0    12.1    
*   69 1831   766.67   12.10      0   766.67  2267.00    23.0    10.0    12.8    
*   72 1828   760.67   11.82      0   760.67  2244.00    27.0    11.0    13.4    
*   78 1822   757.67   11.68      0   757.67  2222.00    37.0     8.0    14.5    
*   79 1821   755.67   11.41      0   755.67  2222.00    37.0     8.0    14.6    
    80 1820   755.67    8.81      2   755.67  2222.00    37.0     8.0    14.8   X
*   99 1801   744.00    8.43      0   744.00  2214.00    12.0     6.0    18.3    
   100 1800   744.00    8.36      1   744.00  2214.00    12.0     6.0    18.5    
*  119 1781   742.67    6.84      0   742.67  2226.00     1.0     1.0    21.9    
*  125 1775   739.33    6.60      0   739.33  2199.00    15.0     4.0    23.0    

  Gens  Rem    Local   ElDiv NoImpr             Best solution            Time  Op
                                       Cost     Dist    Tard    TMax 
*  130 1770   734.33    6.60      0   734.33  2186.00    12.0     4.0    23.9    
*  131 1769   734.00    6.59      0   734.00  2186.00    12.0     4.0    24.1    
*  138 1762   731.00    6.36      0   731.00  2165.00    20.0     8.0    25.3    
*  141 1759   730.33    6.50      0   730.33  2177.00     8.0     6.0    25.9    
*  144 1756   728.33    6.58      0   728.33  2165.00    14.0     6.0    26.4    
*  147 1753   727.33    6.46      0   727.33  2178.00     2.0     2.0    26.9    
   150 1750   727.33    6.37      3   727.33  2178.00     2.0     2.0    27.5    
*  153 1747   724.00    6.57      0   724.00  2107.00    10.0     4.0    28.0    
*  154 1746   707.00    6.85      0   707.00  2107.00    10.0     4.0    28.2    
   160 1740   707.00    5.53      7   707.00  2107.00    10.0     4.0    29.2   X
Path relinking result: best improvement.
   180 1720   690.00    6.26      0   707.00  2107.00    10.0     4.0    33.0   P
*  181 1719   690.00    6.13      0   690.00  2060.00     7.0     3.0    33.1    
   200 1700   690.00    6.09     19   690.00  2060.00     7.0     3.0    36.6    
*  217 1683   686.67    5.62      0   686.67  2060.00     0.0     0.0    39.6    
*  227 1673   684.00    5.29      0   684.00  2039.00     8.0     5.0    41.4    
*  240 1660   682.00    5.10      0   682.00  2018.00    15.0     4.0    43.7    

  Gens  Rem    Local   ElDiv NoImpr             Best solution            Time  Op
                                       Cost     Dist    Tard    TMax 
   240 1660   679.00    4.40      0   682.00  2018.00    15.0     4.0    43.8   X
*  241 1659   679.00    4.36      0   679.00  2018.00    15.0     4.0    43.9    
*  246 1654   677.33    4.44      0   677.33  2011.00    16.0     5.0    44.8    
*  249 1651   673.33    4.55      0   673.33  2014.00     4.0     2.0    45.3    
   250 1650   673.33    4.65      1   673.33  2014.00     4.0     2.0    45.5    
*  258 1642   666.33    4.67      0   666.33  1982.00    10.0     7.0    46.9    
*  299 1601   663.67    4.71      0   663.67  1991.00     0.0     0.0    54.4    
   300 1600   663.67    4.60      1   663.67  1991.00     0.0     0.0    54.6    
*  314 1586   660.67    4.46      0   660.67  1982.00     0.0     0.0    57.1    
*  320 1580   658.00    4.42      0   658.00  1956.00    12.0     6.0    58.1    
   320 1580   658.00    3.96      1   658.00  1956.00    12.0     6.0    58.2   X
*  323 1577   652.67    4.03      0   652.67  1958.00     0.0     0.0    58.7    
*  336 1564   650.67    4.33      0   650.67  1949.00     2.0     1.0    61.1    
   350 1550   650.67    4.30     14   650.67  1949.00     2.0     1.0    63.6    
Path relinking result: elite improvement.
   360 1540   650.67    4.33     25   650.67  1949.00     2.0     1.0    65.6   P
*  366 1534   644.67    4.27      0   644.67  1934.00     0.0     0.0    66.7    

  Gens  Rem    Local   ElDiv NoImpr             Best solution            Time  Op
                                       Cost     Dist    Tard    TMax 
   400 1500   644.67    3.82     34   644.67  1934.00     0.0     0.0    72.9    
   400 1500   644.67    3.21     35   644.67  1934.00     0.0     0.0    72.9   X
*  406 1494   642.00    3.33      0   642.00  1926.00     0.0     0.0    74.0    
*  420 1480   637.00    3.53      0   637.00  1901.00     7.0     3.0    76.6    
*  426 1474   633.00    3.60      0   633.00  1895.00     3.0     1.0    77.6    
   450 1450   633.00    4.11     24   633.00  1895.00     3.0     1.0    81.9    
*  463 1437   631.67    4.09      0   631.67  1883.00     8.0     4.0    84.2    
   480 1420   631.67    3.01     18   631.67  1883.00     8.0     4.0    87.2   X
*  485 1415   629.00    3.11      0   629.00  1859.00    23.0     5.0    88.1    
   500 1400   629.00    2.78     15   629.00  1859.00    23.0     5.0    90.8    
*  520 1380   628.67    2.78      0   628.67  1876.00     6.0     4.0    94.4    
*  523 1377   627.67    2.87      0   627.67  1869.00    10.0     4.0    94.9    
*  528 1372   626.67    2.91      0   626.67  1880.00     0.0     0.0    95.8    
Path relinking result: best improvement.
   540 1360   619.67    3.12      0   626.67  1880.00     0.0     0.0    98.1   P
*  541 1359   619.67    3.12      0   619.67  1859.00     0.0     0.0    98.3    
   550 1350   619.67    2.93      9   619.67  1859.00     0.0     0.0    99.9    

  Gens  Rem    Local   ElDiv NoImpr             Best solution            Time  Op
                                       Cost     Dist    Tard    TMax 
   560 1340   619.67    2.16     20   619.67  1859.00     0.0     0.0   101.8   X
*  566 1334   616.00    2.33      0   616.00  1844.00     2.0     2.0   102.8    
*  593 1307   606.00    3.11      0   606.00  1818.00     0.0     0.0   107.7    
   600 1300   606.00    3.30      7   606.00  1818.00     0.0     0.0   109.0    
*  626 1274   605.00    5.46      0   605.00  1813.00     1.0     1.0   113.6    
*  631 1269   604.00    6.11      0   604.00  1812.00     0.0     0.0   114.5    
*  639 1261   603.00    6.67      0   603.00  1809.00     0.0     0.0   116.0    
   640 1260   602.33    3.77      0   603.00  1809.00     0.0     0.0   116.2   X
*  641 1259   602.33    3.57      0   602.33  1806.00     0.0     0.0   116.4    
*  642 1258   602.00    3.38      0   602.00  1805.00     0.0     0.0   116.6    
*  643 1257   601.67    3.07      0   601.67  1799.00     0.0     0.0   116.7    
*  644 1256   599.67    2.83      0   599.67  1799.00     0.0     0.0   116.9    
*  648 1252   597.33    2.03      0   597.33  1792.00     0.0     0.0   117.6    
*  650 1250   596.33    1.99      0   596.33  1787.00     1.0     1.0   118.0    
*  659 1241   593.00    1.54      0   593.00  1779.00     0.0     0.0   119.6    
*  680 1220   592.67    1.04      0   592.67  1776.00     1.0     1.0   123.4    

  Gens  Rem    Local   ElDiv NoImpr             Best solution            Time  Op
                                       Cost     Dist    Tard    TMax 
*  687 1213   592.33    0.78      0   592.33  1774.00     0.0     0.0   124.6    
*  688 1212   591.33    0.72      0   591.33  1774.00     0.0     0.0   124.8    
*  692 1208   590.33    0.79      0   590.33  1771.00     0.0     0.0   125.5    
*  694 1206   590.00    0.83      0   590.00  1770.00     0.0     0.0   125.9    
*  697 1203   589.67    0.83      0   589.67  1769.00     0.0     0.0   126.4    
*  699 1201   589.00    0.93      0   589.00  1767.00     0.0     0.0   126.8    
   700 1200   589.00    0.96      1   589.00  1767.00     0.0     0.0   127.0    
*  705 1195   588.67    1.07      0   588.67  1766.00     0.0     0.0   127.9    
*  709 1191   588.33    1.00      0   588.33  1765.00     0.0     0.0   128.6    
*  714 1186   588.00    0.97      0   588.00  1764.00     0.0     0.0   129.5    
Path relinking result: elite improvement.
   720 1180   588.00    0.72      7   588.00  1764.00     0.0     0.0   130.8  PX
*  722 1178   586.67    0.84      0   586.67  1759.00     0.0     0.0   131.1    
*  723 1177   586.33    0.97      0   586.33  1759.00     0.0     0.0   131.3    
*  726 1174   586.00    1.09      0   586.00  1758.00     0.0     0.0   131.8    
*  728 1172   585.67    0.97      0   585.67  1757.00     0.0     0.0   132.2    
*  736 1164   585.33    0.27      0   585.33  1756.00     0.0     0.0   133.6    

  Gens  Rem    Local   ElDiv NoImpr             Best solution            Time  Op
                                       Cost     Dist    Tard    TMax 
*  742 1158   585.00    0.25      0   585.00  1755.00     0.0     0.0   134.7    
*  748 1152   584.67    0.39      0   584.67  1754.00     0.0     0.0   135.8    
   750 1150   584.67    0.41      2   584.67  1754.00     0.0     0.0   136.1    
*  752 1148   584.33    0.33      0   584.33  1753.00     0.0     0.0   136.5    
*  762 1138   584.00    0.31      0   584.00  1752.00     0.0     0.0   138.3    
*  769 1131   583.67    0.32      0   583.67  1751.00     0.0     0.0   139.5    
*  771 1129   582.67    0.41      0   582.67  1748.00     0.0     0.0   139.9    
*  784 1116   582.00    0.35      0   582.00  1746.00     0.0     0.0   142.2    
   800 1100   582.00    0.27     16   582.00  1746.00     0.0     0.0   145.1    
   800 1100   582.00    0.25     17   582.00  1746.00     0.0     0.0   145.1   X
*  802 1098   581.67    0.26      0   581.67  1745.00     0.0     0.0   145.5    
*  804 1096   581.33    0.31      0   581.33  1744.00     0.0     0.0   145.8    
*  811 1089   581.00    0.36      0   581.00  1742.00     0.0     0.0   147.0    
*  812 1088   580.67    0.35      0   580.67  1742.00     0.0     0.0   147.2    
   850 1050   580.67    0.14     38   580.67  1742.00     0.0     0.0   154.0    
*  854 1046   580.33    0.02      0   580.33  1741.00     0.0     0.0   154.8    

  Gens  Rem    Local   ElDiv NoImpr             Best solution            Time  Op
                                       Cost     Dist    Tard    TMax 
   880 1020   580.33    0.16     27   580.33  1741.00     0.0     0.0   159.4   X
*  894 1006   580.00    0.04      0   580.00  1740.00     0.0     0.0   162.0    
   900 1000   580.00    0.16      6   580.00  1740.00     0.0     0.0   163.0    
Path relinking result: elite improvement.
   900 1000   580.00    0.16      7   580.00  1740.00     0.0     0.0   163.1   P
   950  950   580.00    0.00     56   580.00  1740.00     0.0     0.0   172.0    
   960  940   580.00    0.00     67   580.00  1740.00     0.0     0.0   173.8   X
  1000  900   580.00    0.00    106   580.00  1740.00     0.0     0.0   181.0    
  1040  860   580.00    0.00    147   580.00  1740.00     0.0     0.0   188.1   X
  1050  850   580.00    0.00    156   580.00  1740.00     0.0     0.0   189.9    
Path relinking result: no improvement.
  1080  820   580.00    0.00    187   580.00  1740.00     0.0     0.0   195.4   P
  1100  800   580.00    0.00    206   580.00  1740.00     0.0     0.0   199.0    
  1120  780   580.00    0.00    227   580.00  1740.00     0.0     0.0   202.6   X
  1150  750   580.00    0.00    256   580.00  1740.00     0.0     0.0   208.0    
  1200  700   580.00    0.00    306   580.00  1740.00     0.0     0.0   216.9    
  1200  700   580.00    0.00    307   580.00  1740.00     0.0     0.0   216.9   X
* 1231  669   579.67    0.02      0   579.67  1739.00     0.0     0.0   222.5    

  Gens  Rem    Local   ElDiv NoImpr             Best solution            Time  Op
                                       Cost     Dist    Tard    TMax 
  1250  650   579.67    0.02     19   579.67  1739.00     0.0     0.0   225.9    
Path relinking result: no improvement.
  1260  640   579.67    0.02     30   579.67  1739.00     0.0     0.0   227.8   P
  1280  620   579.67    0.03     50   579.67  1739.00     0.0     0.0   231.3   X
  1300  600   579.67    0.04     69   579.67  1739.00     0.0     0.0   235.0    
  1350  550   579.67    0.06    119   579.67  1739.00     0.0     0.0   243.9    
  1360  540   579.67    0.10    130   579.67  1739.00     0.0     0.0   245.7   X
  1400  500   579.67    0.00    169   579.67  1739.00     0.0     0.0   252.9    
Path relinking result: no improvement.
  1440  460   579.67    0.00    210   579.67  1739.00     0.0     0.0   260.1  PX
  1450  450   579.67    0.00    219   579.67  1739.00     0.0     0.0   261.9    
  1500  400   579.67    0.00    269   579.67  1739.00     0.0     0.0   270.8    
  1520  380   579.67    0.00    290   579.67  1739.00     0.0     0.0   274.4   X
  1550  350   579.67    0.00    319   579.67  1739.00     0.0     0.0   279.8    
  1600  300   579.67    0.00    369   579.67  1739.00     0.0     0.0   288.7    
  1600  300   579.67    0.00    370   579.67  1739.00     0.0     0.0   288.7   X
Path relinking result: no improvement.
  1620  280   579.67    0.00    390   579.67  1739.00     0.0     0.0   292.4   P
  1650  250   579.67    0.00    419   579.67  1739.00     0.0     0.0   297.7    

  Gens  Rem    Local   ElDiv NoImpr             Best solution            Time  Op
                                       Cost     Dist    Tard    TMax 
  1680  220   579.67    0.00    450   579.67  1739.00     0.0     0.0   303.1   X
  1700  200   579.67    0.00    469   579.67  1739.00     0.0     0.0   306.6    
  1750  150   579.67    0.00    519   579.67  1739.00     0.0     0.0   315.6    
  1760  140   579.67    0.00    530   579.67  1739.00     0.0     0.0   317.4   X
  1800  100   579.67    0.00    569   579.67  1739.00     0.0     0.0   324.6    
Path relinking result: no improvement.
  1800  100   579.67    0.00    570   579.67  1739.00     0.0     0.0   324.7   P
  1840   60   579.67    0.00    610   579.67  1739.00     0.0     0.0   331.9   X
  1850   50   579.67    0.00    619   579.67  1739.00     0.0     0.0   333.6    
  1900    0   579.67    0.00    669   579.67  1739.00     0.0     0.0   342.3    
Evolutionary process finished.
Solution written to 'solution-26888.txt'.

Sorted sequence of worst to best tardiness value:
Task for patient = 59 with skills = {1,-1} and cost = 307.7
   Vehicle #0 = 8, leaving at = 774.0
   Vehicle #1 = -1, leaving at = inf
   Increment on distance indicator: 8.0
   Increment on tard indicator:     0.0
   Value of tmax indicator:         8.0

Task for patient = 9 with skills = {0,-1} and cost = 308.0
   Vehicle #0 = 5, leaving at = 863.0
   Vehicle #1 = -1, leaving at = inf
   Increment on distance indicator: 1.0
   Increment on tard indicator:     0.0
   Value of tmax indicator:         1.0

Task for patient = 178 with skills = {1,-1} and cost = 312.0
   Vehicle #0 = 15, leaving at = 795.0
   Vehicle #1 = -1, leaving at = inf
   Increment on distance indicator: 12.0
   Increment on tard indicator:     0.0
   Value of tmax indicator:         12.0

Task for patient = 112 with skills = {0,4} and cost = 314.7
   Vehicle #0 = 0, leaving at = 831.0
   Vehicle #1 = 29, leaving at = 841.0
   Increment on distance indicator: 8.0
   Increment on tard indicator:     0.0
   Value of tmax indicator:         8.0

Task for patient = 192 with skills = {1,-1} and cost = 315.3
   Vehicle #0 = 1, leaving at = 850.0
   Vehicle #1 = -1, leaving at = inf
   Increment on distance indicator: 2.0
   Increment on tard indicator:     0.0
   Value of tmax indicator:         2.0

Task for patient = 173 with skills = {0,5} and cost = 316.7
   Vehicle #0 = 4, leaving at = 875.0
   Vehicle #1 = 32, leaving at = 920.0
   Increment on distance indicator: 4.0
   Increment on tard indicator:     0.0
   Value of tmax indicator:         4.0

Task for patient = 64 with skills = {2,-1} and cost = 318.3
   Vehicle #0 = 14, leaving at = 837.0
   Vehicle #1 = -1, leaving at = inf
   Increment on distance indicator: 5.0
   Increment on tard indicator:     0.0
   Value of tmax indicator:         5.0

Task for patient = 162 with skills = {1,-1} and cost = 321.7
   Vehicle #0 = 8, leaving at = 800.0
   Vehicle #1 = -1, leaving at = inf
   Increment on distance indicator: 10.0
   Increment on tard indicator:     0.0
   Value of tmax indicator:         10.0

Task for patient = 200 with skills = {4,-1} and cost = 322.7
   Vehicle #0 = 33, leaving at = 887.0
   Vehicle #1 = -1, leaving at = inf
   Increment on distance indicator: 3.0
   Increment on tard indicator:     0.0
   Value of tmax indicator:         3.0

Task for patient = 122 with skills = {0,5} and cost = 324.0
   Vehicle #0 = 7, leaving at = 929.0
   Vehicle #1 = 28, leaving at = 905.0
   Increment on distance indicator: 4.0
   Increment on tard indicator:     0.0
   Value of tmax indicator:         4.0

Task for patient = 13 with skills = {2,-1} and cost = 324.3
   Vehicle #0 = 8, leaving at = 843.0
   Vehicle #1 = -1, leaving at = inf
   Increment on distance indicator: 1.0
   Increment on tard indicator:     0.0
   Value of tmax indicator:         1.0

Task for patient = 143 with skills = {1,-1} and cost = 411.3
   Vehicle #0 = 15, leaving at = 1013.0
   Vehicle #1 = -1, leaving at = inf
   Increment on distance indicator: 7.0
   Increment on tard indicator:     0.0
   Value of tmax indicator:         7.0

Task for patient = 21 with skills = {0,-1} and cost = 326.0
   Vehicle #0 = 8, leaving at = 876.0
   Vehicle #1 = -1, leaving at = inf
   Increment on distance indicator: 3.0
   Increment on tard indicator:     0.0
   Value of tmax indicator:         3.0

Task for patient = 7 with skills = {0,4} and cost = 327.7
   Vehicle #0 = 8, leaving at = 923.0
   Vehicle #1 = 33, leaving at = 908.0
   Increment on distance indicator: 5.0
   Increment on tard indicator:     0.0
   Value of tmax indicator:         5.0

Task for patient = 167 with skills = {1,-1} and cost = 328.7
   Vehicle #0 = 3, leaving at = 913.0
   Vehicle #1 = -1, leaving at = inf
   Increment on distance indicator: 3.0
   Increment on tard indicator:     0.0
   Value of tmax indicator:         3.0

Task for patient = 166 with skills = {2,-1} and cost = 330.7
   Vehicle #0 = 10, leaving at = 889.0
   Vehicle #1 = -1, leaving at = inf
   Increment on distance indicator: 6.0
   Increment on tard indicator:     0.0
   Value of tmax indicator:         6.0

Task for patient = 158 with skills = {1,-1} and cost = 331.3
   Vehicle #0 = 3, leaving at = 957.0
   Vehicle #1 = -1, leaving at = inf
   Increment on distance indicator: 2.0
   Increment on tard indicator:     0.0
   Value of tmax indicator:         2.0

Task for patient = 10 with skills = {1,-1} and cost = 333.7
   Vehicle #0 = 15, leaving at = 850.0
   Vehicle #1 = -1, leaving at = inf
   Increment on distance indicator: 7.0
   Increment on tard indicator:     0.0
   Value of tmax indicator:         7.0

Task for patient = 80 with skills = {2,3} and cost = 335.7
   Vehicle #0 = 10, leaving at = 948.0
   Vehicle #1 = 27, leaving at = 944.0
   Increment on distance indicator: 6.0
   Increment on tard indicator:     0.0
   Value of tmax indicator:         6.0

Task for patient = 39 with skills = {3,-1} and cost = 336.7
   Vehicle #0 = 22, leaving at = 875.0
   Vehicle #1 = -1, leaving at = inf
   Increment on distance indicator: 3.0
   Increment on tard indicator:     0.0
   Value of tmax indicator:         3.0

Task for patient = 111 with skills = {0,4} and cost = 338.0
   Vehicle #0 = 7, leaving at = 953.0
   Vehicle #1 = 33, leaving at = 962.0
   Increment on distance indicator: 4.0
   Increment on tard indicator:     0.0
   Value of tmax indicator:         4.0

Task for patient = 124 with skills = {0,-1} and cost = 338.3
   Vehicle #0 = 7, leaving at = 973.0
   Vehicle #1 = -1, leaving at = inf
   Increment on distance indicator: 1.0
   Increment on tard indicator:     0.0
   Value of tmax indicator:         1.0

Task for patient = 121 with skills = {5,-1} and cost = 340.7
   Vehicle #0 = 28, leaving at = 967.0
   Vehicle #1 = -1, leaving at = inf
   Increment on distance indicator: 7.0
   Increment on tard indicator:     0.0
   Value of tmax indicator:         7.0

Task for patient = 107 with skills = {2,-1} and cost = 342.3
   Vehicle #0 = 15, leaving at = 882.0
   Vehicle #1 = -1, leaving at = inf
   Increment on distance indicator: 5.0
   Increment on tard indicator:     0.0
   Value of tmax indicator:         5.0

Task for patient = 36 with skills = {0,3} and cost = 325.0
   Vehicle #0 = 1, leaving at = 881.0
   Vehicle #1 = 20, leaving at = 906.0
   Increment on distance indicator: 2.0
   Increment on tard indicator:     0.0
   Value of tmax indicator:         2.0

Task for patient = 172 with skills = {2,5} and cost = 270.0
   Vehicle #0 = 14, leaving at = 795.0
   Vehicle #1 = 22, leaving at = 826.0
   Increment on distance indicator: 9.0
   Increment on tard indicator:     0.0
   Value of tmax indicator:         9.0

Task for patient = 163 with skills = {5,-1} and cost = 271.3
   Vehicle #0 = 23, leaving at = 824.0
   Vehicle #1 = -1, leaving at = inf
   Increment on distance indicator: 4.0
   Increment on tard indicator:     0.0
   Value of tmax indicator:         4.0

Task for patient = 156 with skills = {0,4} and cost = 272.7
   Vehicle #0 = 4, leaving at = 844.0
   Vehicle #1 = 32, leaving at = 842.0
   Increment on distance indicator: 4.0
   Increment on tard indicator:     0.0
   Value of tmax indicator:         4.0

Task for patient = 62 with skills = {5,-1} and cost = 273.0
   Vehicle #0 = 30, leaving at = 814.0
   Vehicle #1 = -1, leaving at = inf
   Increment on distance indicator: 1.0
   Increment on tard indicator:     0.0
   Value of tmax indicator:         1.0

Task for patient = 115 with skills = {5,-1} and cost = 273.3
   Vehicle #0 = 28, leaving at = 642.0
   Vehicle #1 = -1, leaving at = inf
   Increment on distance indicator: 1.0
   Increment on tard indicator:     0.0
   Value of tmax indicator:         1.0

Task for patient = 149 with skills = {0,4} and cost = 275.0
   Vehicle #0 = 2, leaving at = 783.0
   Vehicle #1 = 21, leaving at = 787.0
   Increment on distance indicator: 5.0
   Increment on tard indicator:     0.0
   Value of tmax indicator:         5.0

Task for patient = 126 with skills = {3,-1} and cost = 275.7
   Vehicle #0 = 29, leaving at = 767.0
   Vehicle #1 = -1, leaving at = inf
   Increment on distance indicator: 2.0
   Increment on tard indicator:     0.0
   Value of tmax indicator:         2.0

Task for patient = 3 with skills = {5,-1} and cost = 276.3
   Vehicle #0 = 24, leaving at = 838.0
   Vehicle #1 = -1, leaving at = inf
   Increment on distance indicator: 2.0
   Increment on tard indicator:     0.0
   Value of tmax indicator:         2.0

Task for patient = 120 with skills = {1,5} and cost = 278.0
   Vehicle #0 = 6, leaving at = 857.0
   Vehicle #1 = 30, leaving at = 849.0
   Increment on distance indicator: 5.0
   Increment on tard indicator:     0.0
   Value of tmax indicator:         5.0

Task for patient = 154 with skills = {1,-1} and cost = 281.0
   Vehicle #0 = 16, leaving at = 752.0
   Vehicle #1 = -1, leaving at = inf
   Increment on distance indicator: 9.0
   Increment on tard indicator:     0.0
   Value of tmax indicator:         9.0

Task for patient = 72 with skills = {0,3} and cost = 287.0
   Vehicle #0 = 8, leaving at = 729.0
   Vehicle #1 = 33, leaving at = 782.0
   Increment on distance indicator: 18.0
   Increment on tard indicator:     0.0
   Value of tmax indicator:         18.0

Task for patient = 88 with skills = {5,-1} and cost = 305.0
   Vehicle #0 = 26, leaving at = 969.0
   Vehicle #1 = -1, leaving at = inf
   Increment on distance indicator: 2.0
   Increment on tard indicator:     0.0
   Value of tmax indicator:         2.0

Task for patient = 49 with skills = {0,-1} and cost = 289.7
   Vehicle #0 = 2, leaving at = 867.0
   Vehicle #1 = -1, leaving at = inf
   Increment on distance indicator: 3.0
   Increment on tard indicator:     0.0
   Value of tmax indicator:         3.0

Task for patient = 66 with skills = {1,4} and cost = 292.0
   Vehicle #0 = 7, leaving at = 804.0
   Vehicle #1 = 33, leaving at = 835.0
   Increment on distance indicator: 7.0
   Increment on tard indicator:     0.0
   Value of tmax indicator:         7.0

Task for patient = 180 with skills = {5,-1} and cost = 292.3
   Vehicle #0 = 31, leaving at = 853.0
   Vehicle #1 = -1, leaving at = inf
   Increment on distance indicator: 1.0
   Increment on tard indicator:     0.0
   Value of tmax indicator:         1.0

Task for patient = 174 with skills = {2,-1} and cost = 293.3
   Vehicle #0 = 16, leaving at = 805.0
   Vehicle #1 = -1, leaving at = inf
   Increment on distance indicator: 3.0
   Increment on tard indicator:     0.0
   Value of tmax indicator:         3.0

Task for patient = 127 with skills = {0,3} and cost = 297.0
   Vehicle #0 = 0, leaving at = 787.0
   Vehicle #1 = 29, leaving at = 796.0
   Increment on distance indicator: 11.0
   Increment on tard indicator:     0.0
   Value of tmax indicator:         11.0

Task for patient = 186 with skills = {0,4} and cost = 298.3
   Vehicle #0 = 7, leaving at = 877.0
   Vehicle #1 = 33, leaving at = 866.0
   Increment on distance indicator: 4.0
   Increment on tard indicator:     0.0
   Value of tmax indicator:         4.0

Task for patient = 48 with skills = {1,-1} and cost = 298.7
   Vehicle #0 = 6, leaving at = 886.0
   Vehicle #1 = -1, leaving at = inf
   Increment on distance indicator: 1.0
   Increment on tard indicator:     0.0
   Value of tmax indicator:         1.0

Task for patient = 6 with skills = {0,3} and cost = 300.3
   Vehicle #0 = 3, leaving at = 882.0
   Vehicle #1 = 31, leaving at = 905.0
   Increment on distance indicator: 5.0
   Increment on tard indicator:     0.0
   Value of tmax indicator:         5.0

Task for patient = 1 with skills = {2,-1} and cost = 301.3
   Vehicle #0 = 2, leaving at = 904.0
   Vehicle #1 = -1, leaving at = inf
   Increment on distance indicator: 3.0
   Increment on tard indicator:     0.0
   Value of tmax indicator:         3.0

Task for patient = 184 with skills = {4,-1} and cost = 302.0
   Vehicle #0 = 24, leaving at = 904.0
   Vehicle #1 = -1, leaving at = inf
   Increment on distance indicator: 2.0
   Increment on tard indicator:     0.0
   Value of tmax indicator:         2.0

Task for patient = 148 with skills = {3,-1} and cost = 302.7
   Vehicle #0 = 27, leaving at = 831.0
   Vehicle #1 = -1, leaving at = inf
   Increment on distance indicator: 2.0
   Increment on tard indicator:     0.0
   Value of tmax indicator:         2.0

Task for patient = 28 with skills = {3,-1} and cost = 304.3
   Vehicle #0 = 30, leaving at = 879.0
   Vehicle #1 = -1, leaving at = inf
   Increment on distance indicator: 5.0
   Increment on tard indicator:     0.0
   Value of tmax indicator:         5.0

Task for patient = 168 with skills = {1,-1} and cost = 288.7
   Vehicle #0 = 2, leaving at = 846.0
   Vehicle #1 = -1, leaving at = inf
   Increment on distance indicator: 5.0
   Increment on tard indicator:     0.0
   Value of tmax indicator:         5.0

Task for patient = 183 with skills = {4,-1} and cost = 378.0
   Vehicle #0 = 32, leaving at = 1022.0
   Vehicle #1 = -1, leaving at = inf
   Increment on distance indicator: 5.0
   Increment on tard indicator:     0.0
   Value of tmax indicator:         5.0

Task for patient = 74 with skills = {2,4} and cost = 379.0
   Vehicle #0 = 8, leaving at = 1041.0
   Vehicle #1 = 33, leaving at = 1049.0
   Increment on distance indicator: 3.0
   Increment on tard indicator:     0.0
   Value of tmax indicator:         3.0

Task for patient = 189 with skills = {1,-1} and cost = 380.3
   Vehicle #0 = 3, leaving at = 1017.0
   Vehicle #1 = -1, leaving at = inf
   Increment on distance indicator: 4.0
   Increment on tard indicator:     0.0
   Value of tmax indicator:         4.0

Task for patient = 114 with skills = {2,-1} and cost = 383.7
   Vehicle #0 = 14, leaving at = 940.0
   Vehicle #1 = -1, leaving at = inf
   Increment on distance indicator: 10.0
   Increment on tard indicator:     0.0
   Value of tmax indicator:         10.0

Task for patient = 136 with skills = {5,-1} and cost = 385.7
   Vehicle #0 = 28, leaving at = 991.0
   Vehicle #1 = -1, leaving at = inf
   Increment on distance indicator: 6.0
   Increment on tard indicator:     0.0
   Value of tmax indicator:         6.0

Task for patient = 153 with skills = {1,-1} and cost = 386.0
   Vehicle #0 = 1, leaving at = 1009.0
   Vehicle #1 = -1, leaving at = inf
   Increment on distance indicator: 1.0
   Increment on tard indicator:     0.0
   Value of tmax indicator:         1.0

Task for patient = 30 with skills = {2,3} and cost = 387.7
   Vehicle #0 = 2, leaving at = 1038.0
   Vehicle #1 = 26, leaving at = 1028.0
   Increment on distance indicator: 5.0
   Increment on tard indicator:     0.0
   Value of tmax indicator:         5.0

Task for patient = 142 with skills = {0,-1} and cost = 388.0
   Vehicle #0 = 16, leaving at = 1020.0
   Vehicle #1 = -1, leaving at = inf
   Increment on distance indicator: 1.0
   Increment on tard indicator:     0.0
   Value of tmax indicator:         1.0

Task for patient = 33 with skills = {1,-1} and cost = 389.0
   Vehicle #0 = 10, leaving at = 1008.0
   Vehicle #1 = -1, leaving at = inf
   Increment on distance indicator: 3.0
   Increment on tard indicator:     0.0
   Value of tmax indicator:         3.0

Task for patient = 41 with skills = {2,5} and cost = 390.0
   Vehicle #0 = 1, leaving at = 1043.0
   Vehicle #1 = 20, leaving at = 1064.0
   Increment on distance indicator: 3.0
   Increment on tard indicator:     0.0
   Value of tmax indicator:         3.0

Task for patient = 195 with skills = {0,-1} and cost = 392.0
   Vehicle #0 = 0, leaving at = 868.0
   Vehicle #1 = -1, leaving at = inf
   Increment on distance indicator: 6.0
   Increment on tard indicator:     0.0
   Value of tmax indicator:         6.0

Task for patient = 169 with skills = {0,3} and cost = 343.0
   Vehicle #0 = 1, leaving at = 927.0
   Vehicle #1 = 20, leaving at = 937.0
   Increment on distance indicator: 2.0
   Increment on tard indicator:     0.0
   Value of tmax indicator:         2.0

Task for patient = 22 with skills = {2,4} and cost = 393.3
   Vehicle #0 = 16, leaving at = 1082.0
   Vehicle #1 = 24, leaving at = 1052.0
   Increment on distance indicator: 3.0
   Increment on tard indicator:     0.0
   Value of tmax indicator:         3.0

Task for patient = 55 with skills = {2,-1} and cost = 393.7
   Vehicle #0 = 8, leaving at = 1057.0
   Vehicle #1 = -1, leaving at = inf
   Increment on distance indicator: 1.0
   Increment on tard indicator:     0.0
   Value of tmax indicator:         1.0

Task for patient = 140 with skills = {0,4} and cost = 395.7
   Vehicle #0 = 2, leaving at = 1092.0
   Vehicle #1 = 21, leaving at = 1077.0
   Increment on distance indicator: 6.0
   Increment on tard indicator:     0.0
   Value of tmax indicator:         6.0

Task for patient = 131 with skills = {2,4} and cost = 396.7
   Vehicle #0 = 5, leaving at = 1089.0
   Vehicle #1 = 29, leaving at = 1062.0
   Increment on distance indicator: 3.0
   Increment on tard indicator:     0.0
   Value of tmax indicator:         3.0

Task for patient = 170 with skills = {0,5} and cost = 399.0
   Vehicle #0 = 3, leaving at = 1077.0
   Vehicle #1 = 31, leaving at = 1095.0
   Increment on distance indicator: 7.0
   Increment on tard indicator:     0.0
   Value of tmax indicator:         7.0

Task for patient = 160 with skills = {2,4} and cost = 399.0
   Vehicle #0 = 17, leaving at = 592.0
   Vehicle #1 = 34, leaving at = 625.0
   Increment on distance indicator: 0.0
   Increment on tard indicator:     0.0
   Value of tmax indicator:         0.0

Task for patient = 87 with skills = {0,-1} and cost = 402.7
   Vehicle #0 = 6, leaving at = 1039.0
   Vehicle #1 = -1, leaving at = inf
   Increment on distance indicator: 11.0
   Increment on tard indicator:     0.0
   Value of tmax indicator:         11.0

Task for patient = 14 with skills = {1,3} and cost = 404.3
   Vehicle #0 = 7, leaving at = 1056.0
   Vehicle #1 = 26, leaving at = 1077.0
   Increment on distance indicator: 5.0
   Increment on tard indicator:     0.0
   Value of tmax indicator:         5.0

Task for patient = 31 with skills = {1,-1} and cost = 406.7
   Vehicle #0 = 15, leaving at = 921.0
   Vehicle #1 = -1, leaving at = inf
   Increment on distance indicator: 7.0
   Increment on tard indicator:     0.0
   Value of tmax indicator:         7.0

Task for patient = 138 with skills = {2,-1} and cost = 407.0
   Vehicle #0 = 14, leaving at = 999.0
   Vehicle #1 = -1, leaving at = inf
   Increment on distance indicator: 1.0
   Increment on tard indicator:     0.0
   Value of tmax indicator:         1.0

Task for patient = 70 with skills = {2,-1} and cost = 408.0
   Vehicle #0 = 1, leaving at = 1091.0
   Vehicle #1 = -1, leaving at = inf
   Increment on distance indicator: 3.0
   Increment on tard indicator:     0.0
   Value of tmax indicator:         3.0

Task for patient = 61 with skills = {5,-1} and cost = 409.0
   Vehicle #0 = 23, leaving at = 958.0
   Vehicle #1 = -1, leaving at = inf
   Increment on distance indicator: 3.0
   Increment on tard indicator:     0.0
   Value of tmax indicator:         3.0

Task for patient = 116 with skills = {3,-1} and cost = 392.3
   Vehicle #0 = 29, leaving at = 1032.0
   Vehicle #1 = -1, leaving at = inf
   Increment on distance indicator: 1.0
   Increment on tard indicator:     0.0
   Value of tmax indicator:         1.0

Task for patient = 196 with skills = {3,-1} and cost = 345.3
   Vehicle #0 = 29, leaving at = 885.0
   Vehicle #1 = -1, leaving at = inf
   Increment on distance indicator: 7.0
   Increment on tard indicator:     0.0
   Value of tmax indicator:         7.0

Task for patient = 53 with skills = {3,-1} and cost = 346.3
   Vehicle #0 = 25, leaving at = 969.0
   Vehicle #1 = -1, leaving at = inf
   Increment on distance indicator: 3.0
   Increment on tard indicator:     0.0
   Value of tmax indicator:         3.0

Task for patient = 45 with skills = {4,-1} and cost = 347.7
   Vehicle #0 = 23, leaving at = 883.0
   Vehicle #1 = -1, leaving at = inf
   Increment on distance indicator: 4.0
   Increment on tard indicator:     0.0
   Value of tmax indicator:         4.0

Task for patient = 85 with skills = {1,3} and cost = 349.0
   Vehicle #0 = 6, leaving at = 937.0
   Vehicle #1 = 24, leaving at = 940.0
   Increment on distance indicator: 4.0
   Increment on tard indicator:     0.0
   Value of tmax indicator:         4.0

Task for patient = 113 with skills = {2,-1} and cost = 350.3
   Vehicle #0 = 5, leaving at = 920.0
   Vehicle #1 = -1, leaving at = inf
   Increment on distance indicator: 4.0
   Increment on tard indicator:     0.0
   Value of tmax indicator:         4.0

Task for patient = 18 with skills = {3,-1} and cost = 352.0
   Vehicle #0 = 29, leaving at = 936.0
   Vehicle #1 = -1, leaving at = inf
   Increment on distance indicator: 5.0
   Increment on tard indicator:     0.0
   Value of tmax indicator:         5.0

Task for patient = 97 with skills = {0,3} and cost = 353.0
   Vehicle #0 = 16, leaving at = 965.0
   Vehicle #1 = 24, leaving at = 956.0
   Increment on distance indicator: 3.0
   Increment on tard indicator:     0.0
   Value of tmax indicator:         3.0

Task for patient = 44 with skills = {4,-1} and cost = 353.7
   Vehicle #0 = 25, leaving at = 1001.0
   Vehicle #1 = -1, leaving at = inf
   Increment on distance indicator: 2.0
   Increment on tard indicator:     0.0
   Value of tmax indicator:         2.0

Task for patient = 77 with skills = {0,4} and cost = 354.3
   Vehicle #0 = 6, leaving at = 976.0
   Vehicle #1 = 24, leaving at = 981.0
   Increment on distance indicator: 2.0
   Increment on tard indicator:     0.0
   Value of tmax indicator:         2.0

Task for patient = 137 with skills = {2,-1} and cost = 355.3
   Vehicle #0 = 5, leaving at = 968.0
   Vehicle #1 = -1, leaving at = inf
   Increment on distance indicator: 3.0
   Increment on tard indicator:     0.0
   Value of tmax indicator:         3.0

Task for patient = 93 with skills = {2,-1} and cost = 356.0
   Vehicle #0 = 8, leaving at = 969.0
   Vehicle #1 = -1, leaving at = inf
   Increment on distance indicator: 2.0
   Increment on tard indicator:     0.0
   Value of tmax indicator:         2.0

Task for patient = 4 with skills = {0,-1} and cost = 376.3
   Vehicle #0 = 4, leaving at = 988.0
   Vehicle #1 = -1, leaving at = inf
   Increment on distance indicator: 5.0
   Increment on tard indicator:     0.0
   Value of tmax indicator:         5.0

Task for patient = 2 with skills = {0,-1} and cost = 358.0
   Vehicle #0 = 7, leaving at = 999.0
   Vehicle #1 = -1, leaving at = inf
   Increment on distance indicator: 2.0
   Increment on tard indicator:     0.0
   Value of tmax indicator:         2.0

Task for patient = 125 with skills = {0,4} and cost = 360.7
   Vehicle #0 = 2, leaving at = 944.0
   Vehicle #1 = 21, leaving at = 978.0
   Increment on distance indicator: 8.0
   Increment on tard indicator:     0.0
   Value of tmax indicator:         8.0

Task for patient = 16 with skills = {0,-1} and cost = 361.7
   Vehicle #0 = 2, leaving at = 988.0
   Vehicle #1 = -1, leaving at = inf
   Increment on distance indicator: 3.0
   Increment on tard indicator:     0.0
   Value of tmax indicator:         3.0

Task for patient = 103 with skills = {1,-1} and cost = 362.3
   Vehicle #0 = 8, leaving at = 991.0
   Vehicle #1 = -1, leaving at = inf
   Increment on distance indicator: 2.0
   Increment on tard indicator:     0.0
   Value of tmax indicator:         2.0

Task for patient = 146 with skills = {2,4} and cost = 365.3
   Vehicle #0 = 14, leaving at = 913.0
   Vehicle #1 = 22, leaving at = 931.0
   Increment on distance indicator: 9.0
   Increment on tard indicator:     0.0
   Value of tmax indicator:         9.0

Task for patient = 94 with skills = {5,-1} and cost = 367.0
   Vehicle #0 = 30, leaving at = 911.0
   Vehicle #1 = -1, leaving at = inf
   Increment on distance indicator: 5.0
   Increment on tard indicator:     0.0
   Value of tmax indicator:         5.0

Task for patient = 119 with skills = {5,-1} and cost = 368.0
   Vehicle #0 = 33, leaving at = 1008.0
   Vehicle #1 = -1, leaving at = inf
   Increment on distance indicator: 3.0
   Increment on tard indicator:     0.0
   Value of tmax indicator:         3.0

Task for patient = 188 with skills = {3,-1} and cost = 369.0
   Vehicle #0 = 29, leaving at = 983.0
   Vehicle #1 = -1, leaving at = inf
   Increment on distance indicator: 3.0
   Increment on tard indicator:     0.0
   Value of tmax indicator:         3.0

Task for patient = 24 with skills = {1,-1} and cost = 369.3
   Vehicle #0 = 8, leaving at = 1013.0
   Vehicle #1 = -1, leaving at = inf
   Increment on distance indicator: 1.0
   Increment on tard indicator:     0.0
   Value of tmax indicator:         1.0

Task for patient = 81 with skills = {1,3} and cost = 372.0
   Vehicle #0 = 4, leaving at = 941.0
   Vehicle #1 = 32, leaving at = 959.0
   Increment on distance indicator: 8.0
   Increment on tard indicator:     0.0
   Value of tmax indicator:         8.0

Task for patient = 89 with skills = {0,3} and cost = 373.3
   Vehicle #0 = 1, leaving at = 960.0
   Vehicle #1 = 20, leaving at = 980.0
   Increment on distance indicator: 4.0
   Increment on tard indicator:     0.0
   Value of tmax indicator:         4.0

Task for patient = 161 with skills = {0,3} and cost = 374.7
   Vehicle #0 = 6, leaving at = 1010.0
   Vehicle #1 = 24, leaving at = 1032.0
   Increment on distance indicator: 4.0
   Increment on tard indicator:     0.0
   Value of tmax indicator:         4.0

Task for patient = 155 with skills = {4,-1} and cost = 357.3
   Vehicle #0 = 23, leaving at = 916.0
   Vehicle #1 = -1, leaving at = inf
   Increment on distance indicator: 4.0
   Increment on tard indicator:     0.0
   Value of tmax indicator:         4.0

Task for patient = 194 with skills = {5,-1} and cost = 122.7
   Vehicle #0 = 25, leaving at = 740.0
   Vehicle #1 = -1, leaving at = inf
   Increment on distance indicator: 1.0
   Increment on tard indicator:     0.0
   Value of tmax indicator:         1.0

Task for patient = 128 with skills = {3,-1} and cost = 123.3
   Vehicle #0 = 20, leaving at = 725.0
   Vehicle #1 = -1, leaving at = inf
   Increment on distance indicator: 2.0
   Increment on tard indicator:     0.0
   Value of tmax indicator:         2.0

Task for patient = 141 with skills = {3,-1} and cost = 125.3
   Vehicle #0 = 27, leaving at = 587.0
   Vehicle #1 = -1, leaving at = inf
   Increment on distance indicator: 6.0
   Increment on tard indicator:     0.0
   Value of tmax indicator:         6.0

Task for patient = 191 with skills = {4,-1} and cost = 126.0
   Vehicle #0 = 21, leaving at = 705.0
   Vehicle #1 = -1, leaving at = inf
   Increment on distance indicator: 2.0
   Increment on tard indicator:     0.0
   Value of tmax indicator:         2.0

Task for patient = 181 with skills = {5,-1} and cost = 127.3
   Vehicle #0 = 23, leaving at = 681.0
   Vehicle #1 = -1, leaving at = inf
   Increment on distance indicator: 4.0
   Increment on tard indicator:     0.0
   Value of tmax indicator:         4.0

Task for patient = 65 with skills = {1,-1} and cost = 129.0
   Vehicle #0 = 8, leaving at = 700.0
   Vehicle #1 = -1, leaving at = inf
   Increment on distance indicator: 5.0
   Increment on tard indicator:     0.0
   Value of tmax indicator:         5.0

Task for patient = 171 with skills = {2,-1} and cost = 130.3
   Vehicle #0 = 5, leaving at = 743.0
   Vehicle #1 = -1, leaving at = inf
   Increment on distance indicator: 4.0
   Increment on tard indicator:     0.0
   Value of tmax indicator:         4.0

Task for patient = 165 with skills = {3,-1} and cost = 131.3
   Vehicle #0 = 25, leaving at = 777.0
   Vehicle #1 = -1, leaving at = inf
   Increment on distance indicator: 3.0
   Increment on tard indicator:     0.0
   Value of tmax indicator:         3.0

Task for patient = 177 with skills = {0,-1} and cost = 132.3
   Vehicle #0 = 10, leaving at = 636.0
   Vehicle #1 = -1, leaving at = inf
   Increment on distance indicator: 3.0
   Increment on tard indicator:     0.0
   Value of tmax indicator:         3.0

Task for patient = 34 with skills = {0,3} and cost = 134.3
   Vehicle #0 = 2, leaving at = 693.0
   Vehicle #1 = 26, leaving at = 696.0
   Increment on distance indicator: 6.0
   Increment on tard indicator:     0.0
   Value of tmax indicator:         6.0

Task for patient = 139 with skills = {0,-1} and cost = 135.3
   Vehicle #0 = 6, leaving at = 598.0
   Vehicle #1 = -1, leaving at = inf
   Increment on distance indicator: 3.0
   Increment on tard indicator:     0.0
   Value of tmax indicator:         3.0

Task for patient = 51 with skills = {0,-1} and cost = 267.0
   Vehicle #0 = 7, leaving at = 729.0
   Vehicle #1 = -1, leaving at = inf
   Increment on distance indicator: 2.0
   Increment on tard indicator:     0.0
   Value of tmax indicator:         2.0

Task for patient = 8 with skills = {1,5} and cost = 144.7
   Vehicle #0 = 7, leaving at = 544.0
   Vehicle #1 = 28, leaving at = 561.0
   Increment on distance indicator: 26.0
   Increment on tard indicator:     0.0
   Value of tmax indicator:         26.0

Task for patient = 123 with skills = {2,4} and cost = 154.0
   Vehicle #0 = 14, leaving at = 512.0
   Vehicle #1 = 29, leaving at = 512.0
   Increment on distance indicator: 28.0
   Increment on tard indicator:     0.0
   Value of tmax indicator:         28.0

Task for patient = 198 with skills = {4,-1} and cost = 154.7
   Vehicle #0 = 24, leaving at = 666.0
   Vehicle #1 = -1, leaving at = inf
   Increment on distance indicator: 2.0
   Increment on tard indicator:     0.0
   Value of tmax indicator:         2.0

Task for patient = 67 with skills = {5,-1} and cost = 155.3
   Vehicle #0 = 28, leaving at = 597.0
   Vehicle #1 = -1, leaving at = inf
   Increment on distance indicator: 2.0
   Increment on tard indicator:     0.0
   Value of tmax indicator:         2.0

Task for patient = 110 with skills = {5,-1} and cost = 155.7
   Vehicle #0 = 25, leaving at = 799.0
   Vehicle #1 = -1, leaving at = inf
   Increment on distance indicator: 1.0
   Increment on tard indicator:     0.0
   Value of tmax indicator:         1.0

Task for patient = 152 with skills = {2,3} and cost = 159.0
   Vehicle #0 = 14, leaving at = 624.0
   Vehicle #1 = 29, leaving at = 621.0
   Increment on distance indicator: 10.0
   Increment on tard indicator:     0.0
   Value of tmax indicator:         10.0

Task for patient = 46 with skills = {3,-1} and cost = 159.3
   Vehicle #0 = 24, leaving at = 753.0
   Vehicle #1 = -1, leaving at = inf
   Increment on distance indicator: 1.0
   Increment on tard indicator:     0.0
   Value of tmax indicator:         1.0

Task for patient = 182 with skills = {0,4} and cost = 161.0
   Vehicle #0 = 6, leaving at = 757.0
   Vehicle #1 = 20, leaving at = 751.0
   Increment on distance indicator: 5.0
   Increment on tard indicator:     0.0
   Value of tmax indicator:         5.0

Task for patient = 117 with skills = {3,-1} and cost = 161.3
   Vehicle #0 = 26, leaving at = 740.0
   Vehicle #1 = -1, leaving at = inf
   Increment on distance indicator: 1.0
   Increment on tard indicator:     0.0
   Value of tmax indicator:         1.0

Task for patient = 69 with skills = {5,-1} and cost = 168.3
   Vehicle #0 = 30, leaving at = 560.0
   Vehicle #1 = -1, leaving at = inf
   Increment on distance indicator: 21.0
   Increment on tard indicator:     0.0
   Value of tmax indicator:         21.0

Task for patient = 197 with skills = {0,-1} and cost = 169.0
   Vehicle #0 = 3, leaving at = 638.0
   Vehicle #1 = -1, leaving at = inf
   Increment on distance indicator: 2.0
   Increment on tard indicator:     0.0
   Value of tmax indicator:         2.0

Task for patient = 86 with skills = {3,-1} and cost = 172.3
   Vehicle #0 = 27, leaving at = 622.0
   Vehicle #1 = -1, leaving at = inf
   Increment on distance indicator: 10.0
   Increment on tard indicator:     0.0
   Value of tmax indicator:         10.0

Task for patient = 19 with skills = {0,-1} and cost = 136.0
   Vehicle #0 = 10, leaving at = 693.0
   Vehicle #1 = -1, leaving at = inf
   Increment on distance indicator: 2.0
   Increment on tard indicator:     0.0
   Value of tmax indicator:         2.0

Task for patient = 104 with skills = {2,3} and cost = 17.3
   Vehicle #0 = 1, leaving at = 550.0
   Vehicle #1 = 20, leaving at = 572.0
   Increment on distance indicator: 52.0
   Increment on tard indicator:     0.0
   Value of tmax indicator:         52.0

Task for patient = 176 with skills = {2,-1} and cost = 18.0
   Vehicle #0 = 1, leaving at = 600.0
   Vehicle #1 = -1, leaving at = inf
   Increment on distance indicator: 2.0
   Increment on tard indicator:     0.0
   Value of tmax indicator:         2.0

Task for patient = 56 with skills = {4,-1} and cost = 21.7
   Vehicle #0 = 21, leaving at = 561.0
   Vehicle #1 = -1, leaving at = inf
   Increment on distance indicator: 11.0
   Increment on tard indicator:     0.0
   Value of tmax indicator:         11.0

Task for patient = 151 with skills = {2,4} and cost = 26.3
   Vehicle #0 = 2, leaving at = 572.0
   Vehicle #1 = 21, leaving at = 615.0
   Increment on distance indicator: 14.0
   Increment on tard indicator:     0.0
   Value of tmax indicator:         14.0

Task for patient = 105 with skills = {3,-1} and cost = 26.7
   Vehicle #0 = 20, leaving at = 632.0
   Vehicle #1 = -1, leaving at = inf
   Increment on distance indicator: 1.0
   Increment on tard indicator:     0.0
   Value of tmax indicator:         1.0

Task for patient = 179 with skills = {1,-1} and cost = 27.7
   Vehicle #0 = 2, leaving at = 600.0
   Vehicle #1 = -1, leaving at = inf
   Increment on distance indicator: 3.0
   Increment on tard indicator:     0.0
   Value of tmax indicator:         3.0

Task for patient = 83 with skills = {2,4} and cost = 31.0
   Vehicle #0 = 2, leaving at = 657.0
   Vehicle #1 = 21, leaving at = 677.0
   Increment on distance indicator: 10.0
   Increment on tard indicator:     0.0
   Value of tmax indicator:         10.0

Task for patient = 43 with skills = {3,-1} and cost = 41.7
   Vehicle #0 = 22, leaving at = 577.0
   Vehicle #1 = -1, leaving at = inf
   Increment on distance indicator: 32.0
   Increment on tard indicator:     0.0
   Value of tmax indicator:         32.0

Task for patient = 99 with skills = {1,3} and cost = 53.0
   Vehicle #0 = 3, leaving at = 611.0
   Vehicle #1 = 22, leaving at = 632.0
   Increment on distance indicator: 34.0
   Increment on tard indicator:     0.0
   Value of tmax indicator:         34.0

Task for patient = 75 with skills = {2,-1} and cost = 54.0
   Vehicle #0 = 1, leaving at = 620.0
   Vehicle #1 = -1, leaving at = inf
   Increment on distance indicator: 3.0
   Increment on tard indicator:     0.0
   Value of tmax indicator:         3.0

Task for patient = 90 with skills = {0,-1} and cost = 60.7
   Vehicle #0 = 0, leaving at = 553.0
   Vehicle #1 = -1, leaving at = inf
   Increment on distance indicator: 20.0
   Increment on tard indicator:     0.0
   Value of tmax indicator:         20.0

Task for patient = 129 with skills = {2,5} and cost = 122.3
   Vehicle #0 = 10, leaving at = 520.0
   Vehicle #1 = 26, leaving at = 519.0
   Increment on distance indicator: 24.0
   Increment on tard indicator:     0.0
   Value of tmax indicator:         24.0

Task for patient = 147 with skills = {2,-1} and cost = 69.3
   Vehicle #0 = 4, leaving at = 591.0
   Vehicle #1 = -1, leaving at = inf
   Increment on distance indicator: 23.0
   Increment on tard indicator:     0.0
   Value of tmax indicator:         23.0

Task for patient = 47 with skills = {2,-1} and cost = 71.0
   Vehicle #0 = 4, leaving at = 634.0
   Vehicle #1 = -1, leaving at = inf
   Increment on distance indicator: 5.0
   Increment on tard indicator:     0.0
   Value of tmax indicator:         5.0

Task for patient = 164 with skills = {2,-1} and cost = 76.7
   Vehicle #0 = 5, leaving at = 542.0
   Vehicle #1 = -1, leaving at = inf
   Increment on distance indicator: 17.0
   Increment on tard indicator:     0.0
   Value of tmax indicator:         17.0

Task for patient = 145 with skills = {4,-1} and cost = 82.7
   Vehicle #0 = 23, leaving at = 599.0
   Vehicle #1 = -1, leaving at = inf
   Increment on distance indicator: 18.0
   Increment on tard indicator:     0.0
   Value of tmax indicator:         18.0

Task for patient = 82 with skills = {2,-1} and cost = 86.0
   Vehicle #0 = 8, leaving at = 547.0
   Vehicle #1 = -1, leaving at = inf
   Increment on distance indicator: 10.0
   Increment on tard indicator:     0.0
   Value of tmax indicator:         10.0

Task for patient = 159 with skills = {0,5} and cost = 88.7
   Vehicle #0 = 5, leaving at = 614.0
   Vehicle #1 = 23, leaving at = 635.0
   Increment on distance indicator: 8.0
   Increment on tard indicator:     0.0
   Value of tmax indicator:         8.0

Task for patient = 17 with skills = {3,-1} and cost = 96.3
   Vehicle #0 = 24, leaving at = 560.0
   Vehicle #1 = -1, leaving at = inf
   Increment on distance indicator: 23.0
   Increment on tard indicator:     0.0
   Value of tmax indicator:         23.0

Task for patient = 35 with skills = {1,3} and cost = 105.3
   Vehicle #0 = 6, leaving at = 568.0
   Vehicle #1 = 24, leaving at = 623.0
   Increment on distance indicator: 27.0
   Increment on tard indicator:     0.0
   Value of tmax indicator:         27.0

Task for patient = 130 with skills = {1,4} and cost = 111.3
   Vehicle #0 = 8, leaving at = 597.0
   Vehicle #1 = 25, leaving at = 602.0
   Increment on distance indicator: 18.0
   Increment on tard indicator:     0.0
   Value of tmax indicator:         18.0

Task for patient = 193 with skills = {2,-1} and cost = 111.7
   Vehicle #0 = 1, leaving at = 714.0
   Vehicle #1 = -1, leaving at = inf
   Increment on distance indicator: 1.0
   Increment on tard indicator:     0.0
   Value of tmax indicator:         1.0

Task for patient = 98 with skills = {1,5} and cost = 113.0
   Vehicle #0 = 8, leaving at = 641.0
   Vehicle #1 = 25, leaving at = 644.0
   Increment on distance indicator: 4.0
   Increment on tard indicator:     0.0
   Value of tmax indicator:         4.0

Task for patient = 52 with skills = {0,3} and cost = 114.3
   Vehicle #0 = 8, leaving at = 669.0
   Vehicle #1 = 25, leaving at = 712.0
   Increment on distance indicator: 4.0
   Increment on tard indicator:     0.0
   Value of tmax indicator:         4.0

Task for patient = 76 with skills = {1,4} and cost = 61.7
   Vehicle #0 = 1, leaving at = 666.0
   Vehicle #1 = 20, leaving at = 673.0
   Increment on distance indicator: 3.0
   Increment on tard indicator:     0.0
   Value of tmax indicator:         3.0

Task for patient = 150 with skills = {1,-1} and cost = 228.0
   Vehicle #0 = 5, leaving at = 767.0
   Vehicle #1 = -1, leaving at = inf
   Increment on distance indicator: 2.0
   Increment on tard indicator:     0.0
   Value of tmax indicator:         2.0

Task for patient = 79 with skills = {1,-1} and cost = 229.0
   Vehicle #0 = 7, leaving at = 585.0
   Vehicle #1 = -1, leaving at = inf
   Increment on distance indicator: 3.0
   Increment on tard indicator:     0.0
   Value of tmax indicator:         3.0

Task for patient = 190 with skills = {3,-1} and cost = 229.7
   Vehicle #0 = 27, leaving at = 812.0
   Vehicle #1 = -1, leaving at = inf
   Increment on distance indicator: 2.0
   Increment on tard indicator:     0.0
   Value of tmax indicator:         2.0

Task for patient = 157 with skills = {1,-1} and cost = 230.7
   Vehicle #0 = 3, leaving at = 767.0
   Vehicle #1 = -1, leaving at = inf
   Increment on distance indicator: 3.0
   Increment on tard indicator:     0.0
   Value of tmax indicator:         3.0

Task for patient = 118 with skills = {2,4} and cost = 243.3
   Vehicle #0 = 16, leaving at = 605.0
   Vehicle #1 = 32, leaving at = 635.0
   Increment on distance indicator: 38.0
   Increment on tard indicator:     0.0
   Value of tmax indicator:         38.0

Task for patient = 27 with skills = {1,-1} and cost = 245.7
   Vehicle #0 = 16, leaving at = 660.0
   Vehicle #1 = -1, leaving at = inf
   Increment on distance indicator: 7.0
   Increment on tard indicator:     0.0
   Value of tmax indicator:         7.0

Task for patient = 12 with skills = {2,-1} and cost = 246.3
   Vehicle #0 = 5, leaving at = 822.0
   Vehicle #1 = -1, leaving at = inf
   Increment on distance indicator: 2.0
   Increment on tard indicator:     0.0
   Value of tmax indicator:         2.0

Task for patient = 38 with skills = {3,-1} and cost = 247.0
   Vehicle #0 = 20, leaving at = 790.0
   Vehicle #1 = -1, leaving at = inf
   Increment on distance indicator: 2.0
   Increment on tard indicator:     0.0
   Value of tmax indicator:         2.0

Task for patient = 5 with skills = {0,3} and cost = 250.3
   Vehicle #0 = 10, leaving at = 838.0
   Vehicle #1 = 25, leaving at = 858.0
   Increment on distance indicator: 10.0
   Increment on tard indicator:     0.0
   Value of tmax indicator:         10.0

Task for patient = 26 with skills = {2,4} and cost = 252.7
   Vehicle #0 = 14, leaving at = 745.0
   Vehicle #1 = 31, leaving at = 764.0
   Increment on distance indicator: 7.0
   Increment on tard indicator:     0.0
   Value of tmax indicator:         7.0

Task for patient = 25 with skills = {2,-1} and cost = 253.0
   Vehicle #0 = 15, leaving at = 722.0
   Vehicle #1 = -1, leaving at = inf
   Increment on distance indicator: 1.0
   Increment on tard indicator:     0.0
   Value of tmax indicator:         1.0

Task for patient = 37 with skills = {2,3} and cost = 180.0
   Vehicle #0 = 14, leaving at = 664.0
   Vehicle #1 = 22, leaving at = 721.0
   Increment on distance indicator: 23.0
   Increment on tard indicator:     0.0
   Value of tmax indicator:         23.0

Task for patient = 101 with skills = {1,-1} and cost = 255.0
   Vehicle #0 = 7, leaving at = 629.0
   Vehicle #1 = -1, leaving at = inf
   Increment on distance indicator: 3.0
   Increment on tard indicator:     0.0
   Value of tmax indicator:         3.0

Task for patient = 63 with skills = {3,-1} and cost = 256.0
   Vehicle #0 = 30, leaving at = 740.0
   Vehicle #1 = -1, leaving at = inf
   Increment on distance indicator: 3.0
   Increment on tard indicator:     0.0
   Value of tmax indicator:         3.0

Task for patient = 23 with skills = {4,-1} and cost = 257.0
   Vehicle #0 = 25, leaving at = 904.0
   Vehicle #1 = -1, leaving at = inf
   Increment on distance indicator: 3.0
   Increment on tard indicator:     0.0
   Value of tmax indicator:         3.0

Task for patient = 42 with skills = {1,-1} and cost = 257.3
   Vehicle #0 = 7, leaving at = 648.0
   Vehicle #1 = -1, leaving at = inf
   Increment on distance indicator: 1.0
   Increment on tard indicator:     0.0
   Value of tmax indicator:         1.0

Task for patient = 95 with skills = {2,-1} and cost = 258.3
   Vehicle #0 = 4, leaving at = 729.0
   Vehicle #1 = -1, leaving at = inf
   Increment on distance indicator: 3.0
   Increment on tard indicator:     0.0
   Value of tmax indicator:         3.0

Task for patient = 100 with skills = {0,-1} and cost = 260.0
   Vehicle #0 = 0, leaving at = 698.0
   Vehicle #1 = -1, leaving at = inf
   Increment on distance indicator: 5.0
   Increment on tard indicator:     0.0
   Value of tmax indicator:         5.0

Task for patient = 96 with skills = {1,-1} and cost = 260.7
   Vehicle #0 = 7, leaving at = 708.0
   Vehicle #1 = -1, leaving at = inf
   Increment on distance indicator: 2.0
   Increment on tard indicator:     0.0
   Value of tmax indicator:         2.0

Task for patient = 40 with skills = {1,-1} and cost = 262.0
   Vehicle #0 = 3, leaving at = 811.0
   Vehicle #1 = -1, leaving at = inf
   Increment on distance indicator: 4.0
   Increment on tard indicator:     0.0
   Value of tmax indicator:         4.0

Task for patient = 15 with skills = {1,4} and cost = 264.3
   Vehicle #0 = 4, leaving at = 787.0
   Vehicle #1 = 32, leaving at = 797.0
   Increment on distance indicator: 7.0
   Increment on tard indicator:     0.0
   Value of tmax indicator:         7.0

Task for patient = 58 with skills = {5,-1} and cost = 265.0
   Vehicle #0 = 20, leaving at = 838.0
   Vehicle #1 = -1, leaving at = inf
   Increment on distance indicator: 2.0
   Increment on tard indicator:     0.0
   Value of tmax indicator:         2.0

Task for patient = 187 with skills = {1,-1} and cost = 266.0
   Vehicle #0 = 15, leaving at = 763.0
   Vehicle #1 = -1, leaving at = inf
   Increment on distance indicator: 3.0
   Increment on tard indicator:     0.0
   Value of tmax indicator:         3.0

Task for patient = 134 with skills = {3,-1} and cost = 266.3
   Vehicle #0 = 25, leaving at = 947.0
   Vehicle #1 = -1, leaving at = inf
   Increment on distance indicator: 1.0
   Increment on tard indicator:     0.0
   Value of tmax indicator:         1.0

Task for patient = 144 with skills = {1,3} and cost = 254.0
   Vehicle #0 = 1, leaving at = 832.0
   Vehicle #1 = 20, leaving at = 812.0
   Increment on distance indicator: 3.0
   Increment on tard indicator:     0.0
   Value of tmax indicator:         3.0

Task for patient = 91 with skills = {2,-1} and cost = 184.7
   Vehicle #0 = 15, leaving at = 551.0
   Vehicle #1 = -1, leaving at = inf
   Increment on distance indicator: 14.0
   Increment on tard indicator:     0.0
   Value of tmax indicator:         14.0

Task for patient = 92 with skills = {1,4} and cost = 185.7
   Vehicle #0 = 1, leaving at = 759.0
   Vehicle #1 = 24, leaving at = 814.0
   Increment on distance indicator: 3.0
   Increment on tard indicator:     0.0
   Value of tmax indicator:         3.0

Task for patient = 50 with skills = {0,-1} and cost = 186.0
   Vehicle #0 = 10, leaving at = 712.0
   Vehicle #1 = -1, leaving at = inf
   Increment on distance indicator: 1.0
   Increment on tard indicator:     0.0
   Value of tmax indicator:         1.0

Task for patient = 60 with skills = {4,-1} and cost = 187.3
   Vehicle #0 = 23, leaving at = 732.0
   Vehicle #1 = -1, leaving at = inf
   Increment on distance indicator: 4.0
   Increment on tard indicator:     0.0
   Value of tmax indicator:         4.0

Task for patient = 135 with skills = {2,-1} and cost = 188.7
   Vehicle #0 = 15, leaving at = 573.0
   Vehicle #1 = -1, leaving at = inf
   Increment on distance indicator: 4.0
   Increment on tard indicator:     0.0
   Value of tmax indicator:         4.0

Task for patient = 84 with skills = {1,3} and cost = 190.0
   Vehicle #0 = 2, leaving at = 744.0
   Vehicle #1 = 26, leaving at = 777.0
   Increment on distance indicator: 4.0
   Increment on tard indicator:     0.0
   Value of tmax indicator:         4.0

Task for patient = 11 with skills = {4,-1} and cost = 191.0
   Vehicle #0 = 29, leaving at = 671.0
   Vehicle #1 = -1, leaving at = inf
   Increment on distance indicator: 3.0
   Increment on tard indicator:     0.0
   Value of tmax indicator:         3.0

Task for patient = 71 with skills = {4,-1} and cost = 196.3
   Vehicle #0 = 31, leaving at = 574.0
   Vehicle #1 = -1, leaving at = inf
   Increment on distance indicator: 16.0
   Increment on tard indicator:     0.0
   Value of tmax indicator:         16.0

Task for patient = 175 with skills = {3,-1} and cost = 197.3
   Vehicle #0 = 27, leaving at = 665.0
   Vehicle #1 = -1, leaving at = inf
   Increment on distance indicator: 3.0
   Increment on tard indicator:     0.0
   Value of tmax indicator:         3.0

Task for patient = 20 with skills = {3,-1} and cost = 199.3
   Vehicle #0 = 27, leaving at = 702.0
   Vehicle #1 = -1, leaving at = inf
   Increment on distance indicator: 6.0
   Increment on tard indicator:     0.0
   Value of tmax indicator:         6.0

Task for patient = 78 with skills = {1,-1} and cost = 200.3
   Vehicle #0 = 3, leaving at = 662.0
   Vehicle #1 = -1, leaving at = inf
   Increment on distance indicator: 3.0
   Increment on tard indicator:     0.0
   Value of tmax indicator:         3.0

Task for patient = 73 with skills = {0,-1} and cost = 227.3
   Vehicle #0 = 0, leaving at = 648.0
   Vehicle #1 = -1, leaving at = inf
   Increment on distance indicator: 2.0
   Increment on tard indicator:     0.0
   Value of tmax indicator:         2.0

Task for patient = 133 with skills = {0,-1} and cost = 203.3
   Vehicle #0 = 0, leaving at = 614.0
   Vehicle #1 = -1, leaving at = inf
   Increment on distance indicator: 3.0
   Increment on tard indicator:     0.0
   Value of tmax indicator:         3.0

Task for patient = 54 with skills = {5,-1} and cost = 205.0
   Vehicle #0 = 31, leaving at = 606.0
   Vehicle #1 = -1, leaving at = inf
   Increment on distance indicator: 5.0
   Increment on tard indicator:     0.0
   Value of tmax indicator:         5.0

Task for patient = 109 with skills = {3,-1} and cost = 206.0
   Vehicle #0 = 30, leaving at = 614.0
   Vehicle #1 = -1, leaving at = inf
   Increment on distance indicator: 3.0
   Increment on tard indicator:     0.0
   Value of tmax indicator:         3.0

Task for patient = 68 with skills = {1,-1} and cost = 207.7
   Vehicle #0 = 10, leaving at = 766.0
   Vehicle #1 = -1, leaving at = inf
   Increment on distance indicator: 5.0
   Increment on tard indicator:     0.0
   Value of tmax indicator:         5.0

Task for patient = 108 with skills = {1,-1} and cost = 208.3
   Vehicle #0 = 1, leaving at = 778.0
   Vehicle #1 = -1, leaving at = inf
   Increment on distance indicator: 2.0
   Increment on tard indicator:     0.0
   Value of tmax indicator:         2.0

Task for patient = 106 with skills = {4,-1} and cost = 210.7
   Vehicle #0 = 22, leaving at = 781.0
   Vehicle #1 = -1, leaving at = inf
   Increment on distance indicator: 7.0
   Increment on tard indicator:     0.0
   Value of tmax indicator:         7.0

Task for patient = 29 with skills = {3,-1} and cost = 212.0
   Vehicle #0 = 27, leaving at = 786.0
   Vehicle #1 = -1, leaving at = inf
   Increment on distance indicator: 4.0
   Increment on tard indicator:     0.0
   Value of tmax indicator:         4.0

Task for patient = 185 with skills = {5,-1} and cost = 219.3
   Vehicle #0 = 31, leaving at = 648.0
   Vehicle #1 = -1, leaving at = inf
   Increment on distance indicator: 22.0
   Increment on tard indicator:     0.0
   Value of tmax indicator:         22.0

Task for patient = 102 with skills = {1,3} and cost = 221.0
   Vehicle #0 = 3, leaving at = 690.0
   Vehicle #1 = 31, leaving at = 702.0
   Increment on distance indicator: 5.0
   Increment on tard indicator:     0.0
   Value of tmax indicator:         5.0

Task for patient = 32 with skills = {0,3} and cost = 223.7
   Vehicle #0 = 4, leaving at = 689.0
   Vehicle #1 = 30, leaving at = 683.0
   Increment on distance indicator: 8.0
   Increment on tard indicator:     0.0
   Value of tmax indicator:         8.0

Task for patient = 199 with skills = {0,-1} and cost = 225.7
   Vehicle #0 = 3, leaving at = 712.0
   Vehicle #1 = -1, leaving at = inf
   Increment on distance indicator: 6.0
   Increment on tard indicator:     0.0
   Value of tmax indicator:         6.0

Task for patient = 57 with skills = {4,-1} and cost = 226.7
   Vehicle #0 = 26, leaving at = 826.0
   Vehicle #1 = -1, leaving at = inf
   Increment on distance indicator: 3.0
   Increment on tard indicator:     0.0
   Value of tmax indicator:         3.0

Task for patient = 132 with skills = {3,-1} and cost = 202.3
   Vehicle #0 = 27, leaving at = 752.0
   Vehicle #1 = -1, leaving at = inf
   Increment on distance indicator: 6.0
   Increment on tard indicator:     0.0
   Value of tmax indicator:         6.0


Unused vehicle list: 9 11 12 13 18 19 35 36 37 38 39 (total = 11 out of 40)

---
Search finished.
Total of 1900 generations in 342.3 seconds.
Exchange elite runs: 23
Implicit path relinking runs: 10
Reset attempts: 0

Best solution found:
   Cost: 579.7
   Total travel time: 1739.0
   Total tardiness time: 0.0
   Largest tardiness: 0.0


579.7
