This host is: malboro
--- BRKGA-MP-IPR for HHCRSP ---
Instance: /home/alberto/work/hhcrsp-dataset-2021/dataset2/HHCRSP_300_60_81_1.2_R_C.txt
Seed: 18

Reading data... Problem contains 300 patients  and 60 caregivers.

Summary of supply x demand for each service type:
Skill 0 has supply = 20 and demand = 71, ratio = 0.28169
Skill 1 has supply = 22 and demand = 65, ratio = 0.338462
Skill 2 has supply = 18 and demand = 54, ratio = 0.333333
Skill 3 has supply = 17 and demand = 54, ratio = 0.314815
Skill 4 has supply = 21 and demand = 62, ratio = 0.33871
Skill 5 has supply = 24 and demand = 84, ratio = 0.285714

Reading parameters...
Inferred distance function by PR type: kendall-tau
Building BRKGA data and initializing...
Evolving 1900 generations...

  Gens  Rem    Local   ElDiv NoImpr             Best solution            Time  Op
                                       Cost     Dist    Tard    TMax 
*    0 1900  3173.67  276.06      0  3173.67  7640.00  1661.0   220.0     0.8    
*    3 1897  3021.67  195.70      0  3021.67  7483.00  1166.0   277.0     3.3    
*    4 1896  2975.33  200.10      0  2975.33  7640.00   853.0   152.0     4.2    
*    5 1895  2881.67  176.88      0  2881.67  7640.00   853.0   152.0     5.0    
*    7 1893  2716.00  163.77      0  2716.00  7525.00   575.0    48.0     6.7    
*    9 1891  2585.00  143.45      0  2585.00  7614.00   113.0    28.0     8.4    
*   11 1889  2445.33  130.22      0  2445.33  7076.00   224.0    36.0    10.0    
*   20 1880  2430.67   47.80      0  2430.67  7152.00    86.0    22.0    17.5    
*   21 1879  2420.00   45.26      0  2420.00  7152.00    86.0    22.0    18.4    
*   23 1877  2404.33   39.69      0  2404.33  6861.00   255.0    97.0    20.0    
*   26 1874  2386.33   32.06      0  2386.33  7016.00   122.0    16.0    22.5    
*   27 1873  2384.67   30.85      0  2384.67  6937.00    92.0    16.0    23.4    
*   28 1872  2348.33   31.82      0  2348.33  6731.00   142.0    23.0    24.2    
*   29 1871  2298.67   31.27      0  2298.67  6731.00   142.0    23.0    25.0    
*   34 1866  2291.67   31.22      0  2291.67  6713.00   135.0    27.0    29.2    

  Gens  Rem    Local   ElDiv NoImpr             Best solution            Time  Op
                                       Cost     Dist    Tard    TMax 
*   36 1864  2290.00   30.86      0  2290.00  6619.00   182.0    36.0    30.9    
*   37 1863  2279.00   29.32      0  2279.00  6409.00   317.0    28.0    31.7    
*   38 1862  2251.33   28.65      0  2251.33  6409.00   317.0    28.0    32.5    
*   41 1859  2233.00   24.86      0  2233.00  6517.00   156.0    26.0    35.0    
*   45 1855  2229.33   22.26      0  2229.33  6610.00    57.0    21.0    38.4    
*   48 1852  2210.00   24.82      0  2210.00  6324.00   160.0    30.0    40.9    
*   49 1851  2171.33   23.94      0  2171.33  6324.00   160.0    30.0    41.7    
    50 1850  2171.33   25.61      1  2171.33  6324.00   160.0    30.0    42.5    
*   51 1849  2101.67   25.70      0  2101.67  6196.00    93.0    16.0    43.4    
*   63 1837  2044.33   25.52      0  2044.33  5871.00   226.0    36.0    53.3    
*   79 1821  2000.67   21.01      0  2000.67  5833.00   142.0    27.0    66.6    
    80 1820  2000.67   18.32      2  2000.67  5833.00   142.0    27.0    67.4   X
*   87 1813  2000.33   18.67      0  2000.33  5687.00   284.0    30.0    73.2    
   100 1800  2000.33   17.81     13  2000.33  5687.00   284.0    30.0    84.0    
*  101 1799  1990.00   17.61      0  1990.00  5796.00   149.0    25.0    84.8    
*  103 1797  1977.00   17.97      0  1977.00  5817.00    85.0    29.0    86.5    

  Gens  Rem    Local   ElDiv NoImpr             Best solution            Time  Op
                                       Cost     Dist    Tard    TMax 
*  113 1787  1959.33   18.54      0  1959.33  5729.00   127.0    22.0    94.8    
*  125 1775  1950.67   18.20      0  1950.67  5597.00   225.0    30.0   104.7    
*  127 1773  1874.00   19.99      0  1874.00  5526.00    82.0    14.0   106.3    
   150 1750  1874.00   20.32     23  1874.00  5526.00    82.0    14.0   125.4    
*  160 1740  1863.67   19.43      0  1863.67  5442.00   119.0    30.0   133.6    
   160 1740  1863.67   17.90      1  1863.67  5442.00   119.0    30.0   133.6   X
*  171 1729  1846.00   16.69      0  1846.00  5475.00    51.0    12.0   142.7    
*  180 1720  1836.00   16.17      0  1836.00  5433.00    61.0    14.0   150.1    
Path relinking result: best improvement.
   180 1720  1817.67   18.05      0  1836.00  5433.00    61.0    14.0   151.3   P
*  181 1719  1817.67   17.71      0  1817.67  5251.00   169.0    33.0   152.1    
*  186 1714  1810.00   18.29      0  1810.00  5304.00   104.0    22.0   156.1    
*  196 1704  1805.33   18.73      0  1805.33  5322.00    78.0    16.0   164.0    
   200 1700  1805.33   17.78      4  1805.33  5322.00    78.0    16.0   167.2    
*  238 1662  1799.33   15.04      0  1799.33  5268.00   109.0    21.0   197.2    
   240 1660  1799.33   12.63      3  1799.33  5268.00   109.0    21.0   198.8   X
*  243 1657  1791.67   12.87      0  1791.67  5195.00   159.0    21.0   201.2    

  Gens  Rem    Local   ElDiv NoImpr             Best solution            Time  Op
                                       Cost     Dist    Tard    TMax 
   250 1650  1791.67   12.47      7  1791.67  5195.00   159.0    21.0   206.7    
*  273 1627  1781.33   11.68      0  1781.33  5186.00   135.0    23.0   224.9    
*  293 1607  1775.33   12.21      0  1775.33  5190.00   113.0    23.0   240.7    
*  298 1602  1772.00   13.15      0  1772.00  5112.00   155.0    34.0   244.6    
*  299 1601  1767.00   13.10      0  1767.00  5112.00   155.0    34.0   245.4    
   300 1600  1767.00   13.00      1  1767.00  5112.00   155.0    34.0   246.2    
*  319 1581  1758.33   13.10      0  1758.33  5159.00    99.0    17.0   261.2    
   320 1580  1758.33   11.40      2  1758.33  5159.00    99.0    17.0   262.0   X
*  342 1558  1733.33   11.63      0  1733.33  5118.00    68.0    14.0   279.3    
*  347 1553  1731.00   12.02      0  1731.00  5100.00    71.0    22.0   283.3    
   350 1550  1731.00   12.08      3  1731.00  5100.00    71.0    22.0   285.7    
Path relinking result: best improvement.
   360 1540  1726.00   12.98      0  1731.00  5100.00    71.0    22.0   294.8   P
*  361 1539  1726.00   12.91      0  1726.00  4939.00   201.0    38.0   295.6    
   400 1500  1726.00   12.59     39  1726.00  4939.00   201.0    38.0   326.3    
   400 1500  1726.00   12.17     40  1726.00  4939.00   201.0    38.0   326.3   X
   440 1460      inf  320.49      0  1726.00  4939.00   201.0    38.0   358.7   R

  Gens  Rem    Local   ElDiv NoImpr             Best solution            Time  Op
                                       Cost     Dist    Tard    TMax 
   441 1459  3366.00  266.07      0  1726.00  4939.00   201.0    38.0   359.5    
   450 1450  2770.00  127.73      0  1726.00  4939.00   201.0    38.0   366.7    
   480 1420  2200.00   26.50      0  1726.00  4939.00   201.0    38.0   390.7   X
   500 1400  2086.00   22.26      3  1726.00  4939.00   201.0    38.0   406.6    
Path relinking result: best improvement.
   540 1360  1869.67   24.20      0  1726.00  4939.00   201.0    38.0   439.6   P
   550 1350  1869.67   22.37      9  1726.00  4939.00   201.0    38.0   447.5    
   560 1340  1869.67   16.93     20  1726.00  4939.00   201.0    38.0   455.4   X
   600 1300  1846.33   18.26     10  1726.00  4939.00   201.0    38.0   487.1    
   640 1260  1774.67   15.86      2  1726.00  4939.00   201.0    38.0   518.8   X
   650 1250  1774.67   15.37     11  1726.00  4939.00   201.0    38.0   526.7    
   700 1200  1726.33   15.69      7  1726.00  4939.00   201.0    38.0   566.2    
Path relinking result: best improvement.
   720 1180  1692.33   15.04      0  1726.00  4939.00   201.0    38.0   583.2  PX
*  721 1179  1692.33   15.02      0  1692.33  5049.00    22.0     6.0   584.0    
   750 1150  1692.33   13.23     29  1692.33  5049.00    22.0     6.0   606.8    
*  761 1139  1651.67   14.05      0  1651.67  4896.00    49.0    10.0   615.5    
   800 1100  1651.67   14.70     39  1651.67  4896.00    49.0    10.0   646.3    

  Gens  Rem    Local   ElDiv NoImpr             Best solution            Time  Op
                                       Cost     Dist    Tard    TMax 
   800 1100  1651.67   15.43     40  1651.67  4896.00    49.0    10.0   646.3   X
   840 1060      inf  330.03      0  1651.67  4896.00    49.0    10.0   678.6   R
   841 1059  2926.00  312.98      0  1651.67  4896.00    49.0    10.0   679.4    
   850 1050  2632.33  115.14      0  1651.67  4896.00    49.0    10.0   686.6    
   880 1020  2248.33   20.69      1  1651.67  4896.00    49.0    10.0   710.6   X
   900 1000  2105.00   25.94      4  1651.67  4896.00    49.0    10.0   726.5    
Path relinking result: best improvement.
   900 1000  2083.67   28.55      0  1651.67  4896.00    49.0    10.0   727.7   P
   950  950  1947.33   17.55      0  1651.67  4896.00    49.0    10.0   767.4    
   960  940  1920.33   16.69      2  1651.67  4896.00    49.0    10.0   775.4   X
  1000  900  1860.00   18.28     14  1651.67  4896.00    49.0    10.0   807.1    
  1040  860  1788.67   17.15      3  1651.67  4896.00    49.0    10.0   838.7   X
  1050  850  1788.67   15.11     12  1651.67  4896.00    49.0    10.0   846.6    
Path relinking result: best improvement.
  1080  820  1712.33   17.37      0  1651.67  4896.00    49.0    10.0   871.5   P
  1100  800  1712.33   15.98     19  1651.67  4896.00    49.0    10.0   887.3    
  1120  780  1712.33   16.43     40  1651.67  4896.00    49.0    10.0   903.1   X
  1150  750  1712.33   15.34     69  1651.67  4896.00    49.0    10.0   926.8    

  Gens  Rem    Local   ElDiv NoImpr             Best solution            Time  Op
                                       Cost     Dist    Tard    TMax 
  1160  740      inf  355.51      0  1651.67  4896.00    49.0    10.0   935.5   R
  1161  739  3352.67  283.04      0  1651.67  4896.00    49.0    10.0   936.3    
  1200  700  2254.33   23.03      1  1651.67  4896.00    49.0    10.0   967.5    
  1200  700  2254.33   18.48      2  1651.67  4896.00    49.0    10.0   967.5   X
  1250  650  1999.33   22.74      5  1651.67  4896.00    49.0    10.0  1007.3    
Path relinking result: best improvement.
  1260  640  1924.33   27.02      0  1651.67  4896.00    49.0    10.0  1016.5   P
  1280  620  1907.00   17.42      1  1651.67  4896.00    49.0    10.0  1032.3   X
  1300  600  1853.33   17.74      3  1651.67  4896.00    49.0    10.0  1048.2    
  1350  550  1827.67   16.18      3  1651.67  4896.00    49.0    10.0  1087.7    
  1360  540  1822.67    9.52      4  1651.67  4896.00    49.0    10.0  1095.6   X
  1400  500  1744.33   14.54      5  1651.67  4896.00    49.0    10.0  1127.2    
Path relinking result: best improvement.
  1440  460  1679.67   15.18      0  1651.67  4896.00    49.0    10.0  1159.9  PX
  1450  450  1679.67   14.03      9  1651.67  4896.00    49.0    10.0  1167.8    
  1500  400  1679.67   12.62     59  1651.67  4896.00    49.0    10.0  1207.2    
  1520  380  1675.33   11.66      2  1651.67  4896.00    49.0    10.0  1223.0   X
  1550  350  1675.33   11.74     31  1651.67  4896.00    49.0    10.0  1246.6    

  Gens  Rem    Local   ElDiv NoImpr             Best solution            Time  Op
                                       Cost     Dist    Tard    TMax 
  1598  302      inf  310.82      0  1651.67  4896.00    49.0    10.0  1285.2   R
  1599  301  3603.67  245.20      0  1651.67  4896.00    49.0    10.0  1286.0    
  1600  300  3603.67  236.16      1  1651.67  4896.00    49.0    10.0  1286.8    
  1600  300  3174.33  186.39      0  1651.67  4896.00    49.0    10.0  1286.8   X
Path relinking result: best improvement.
  1620  280  2301.33   46.93      0  1651.67  4896.00    49.0    10.0  1304.1   P
  1650  250  2106.00   25.37      0  1651.67  4896.00    49.0    10.0  1328.0    
  1680  220  1990.67   19.08      1  1651.67  4896.00    49.0    10.0  1351.9   X
  1700  200  1963.33   17.65      1  1651.67  4896.00    49.0    10.0  1367.8    
  1750  150  1876.00   16.79      7  1651.67  4896.00    49.0    10.0  1407.5    
  1760  140  1876.00   12.96     18  1651.67  4896.00    49.0    10.0  1415.5   X
  1800  100  1826.00   14.52     29  1651.67  4896.00    49.0    10.0  1447.2    
Path relinking result: best improvement.
  1800  100  1807.67   16.31      0  1651.67  4896.00    49.0    10.0  1448.4   P
  1840   60  1791.33   16.12     13  1651.67  4896.00    49.0    10.0  1480.1   X
  1850   50  1762.67   16.19      3  1651.67  4896.00    49.0    10.0  1488.0    
  1900    0  1762.67   13.49     53  1651.67  4896.00    49.0    10.0  1526.8    
Evolutionary process finished.
Solution written to 'solution-1451.txt'.

Sorted sequence of worst to best tardiness value:
Task for patient = 142 with skills = {2,5} and cost = 485.0
   Vehicle #0 = 11, leaving at = 762.0
   Vehicle #1 = 35, leaving at = 762.0
   Increment on distance indicator: 16.0
   Increment on tard indicator:     2.0
   Value of tmax indicator:         16.0

Task for patient = 30 with skills = {1,5} and cost = 329.7
   Vehicle #0 = 4, leaving at = 659.0
   Vehicle #1 = 37, leaving at = 664.0
   Increment on distance indicator: 55.0
   Increment on tard indicator:     1.0
   Value of tmax indicator:         55.0

Task for patient = 3 with skills = {1,-1} and cost = 845.7
   Vehicle #0 = 17, leaving at = 833.0
   Vehicle #1 = -1, leaving at = inf
   Increment on distance indicator: 2.0
   Increment on tard indicator:     1.0
   Value of tmax indicator:         2.0

Task for patient = 226 with skills = {4,-1} and cost = 655.3
   Vehicle #0 = 44, leaving at = 706.0
   Vehicle #1 = -1, leaving at = inf
   Increment on distance indicator: 5.0
   Increment on tard indicator:     1.0
   Value of tmax indicator:         5.0

Task for patient = 157 with skills = {5,-1} and cost = 479.0
   Vehicle #0 = 42, leaving at = 721.0
   Vehicle #1 = -1, leaving at = inf
   Increment on distance indicator: 2.0
   Increment on tard indicator:     1.0
   Value of tmax indicator:         2.0

Task for patient = 171 with skills = {2,-1} and cost = 943.7
   Vehicle #0 = 14, leaving at = 943.0
   Vehicle #1 = -1, leaving at = inf
   Increment on distance indicator: 3.0
   Increment on tard indicator:     0.0
   Value of tmax indicator:         3.0

Task for patient = 184 with skills = {3,-1} and cost = 942.0
   Vehicle #0 = 34, leaving at = 1006.0
   Vehicle #1 = -1, leaving at = inf
   Increment on distance indicator: 2.0
   Increment on tard indicator:     0.0
   Value of tmax indicator:         2.0

Task for patient = 139 with skills = {5,-1} and cost = 941.3
   Vehicle #0 = 48, leaving at = 822.0
   Vehicle #1 = -1, leaving at = inf
   Increment on distance indicator: 4.0
   Increment on tard indicator:     0.0
   Value of tmax indicator:         4.0

Task for patient = 173 with skills = {5,-1} and cost = 940.0
   Vehicle #0 = 34, leaving at = 983.0
   Vehicle #1 = -1, leaving at = inf
   Increment on distance indicator: 2.0
   Increment on tard indicator:     0.0
   Value of tmax indicator:         2.0

Task for patient = 289 with skills = {5,-1} and cost = 939.3
   Vehicle #0 = 48, leaving at = 759.0
   Vehicle #1 = -1, leaving at = inf
   Increment on distance indicator: 12.0
   Increment on tard indicator:     0.0
   Value of tmax indicator:         12.0

Task for patient = 1 with skills = {3,-1} and cost = 935.3
   Vehicle #0 = 31, leaving at = 1119.0
   Vehicle #1 = -1, leaving at = inf
   Increment on distance indicator: 2.0
   Increment on tard indicator:     0.0
   Value of tmax indicator:         2.0

Task for patient = 90 with skills = {4,-1} and cost = 934.7
   Vehicle #0 = 47, leaving at = 944.0
   Vehicle #1 = -1, leaving at = inf
   Increment on distance indicator: 2.0
   Increment on tard indicator:     0.0
   Value of tmax indicator:         2.0

Task for patient = 17 with skills = {0,-1} and cost = 934.0
   Vehicle #0 = 9, leaving at = 944.0
   Vehicle #1 = -1, leaving at = inf
   Increment on distance indicator: 2.0
   Increment on tard indicator:     0.0
   Value of tmax indicator:         2.0

Task for patient = 194 with skills = {5,-1} and cost = 933.3
   Vehicle #0 = 34, leaving at = 889.0
   Vehicle #1 = -1, leaving at = inf
   Increment on distance indicator: 7.0
   Increment on tard indicator:     0.0
   Value of tmax indicator:         7.0

Task for patient = 163 with skills = {4,-1} and cost = 931.0
   Vehicle #0 = 36, leaving at = 853.0
   Vehicle #1 = -1, leaving at = inf
   Increment on distance indicator: 4.0
   Increment on tard indicator:     0.0
   Value of tmax indicator:         4.0

Task for patient = 120 with skills = {5,-1} and cost = 929.7
   Vehicle #0 = 43, leaving at = 877.0
   Vehicle #1 = -1, leaving at = inf
   Increment on distance indicator: 3.0
   Increment on tard indicator:     0.0
   Value of tmax indicator:         3.0

Task for patient = 121 with skills = {4,-1} and cost = 928.7
   Vehicle #0 = 46, leaving at = 1037.0
   Vehicle #1 = -1, leaving at = inf
   Increment on distance indicator: 1.0
   Increment on tard indicator:     0.0
   Value of tmax indicator:         1.0

Task for patient = 217 with skills = {0,-1} and cost = 928.3
   Vehicle #0 = 9, leaving at = 912.0
   Vehicle #1 = -1, leaving at = inf
   Increment on distance indicator: 2.0
   Increment on tard indicator:     0.0
   Value of tmax indicator:         2.0

Task for patient = 111 with skills = {1,4} and cost = 927.7
   Vehicle #0 = 7, leaving at = 873.0
   Vehicle #1 = 47, leaving at = 910.0
   Increment on distance indicator: 4.0
   Increment on tard indicator:     0.0
   Value of tmax indicator:         4.0

Task for patient = 182 with skills = {1,-1} and cost = 926.3
   Vehicle #0 = 8, leaving at = 881.0
   Vehicle #1 = -1, leaving at = inf
   Increment on distance indicator: 4.0
   Increment on tard indicator:     0.0
   Value of tmax indicator:         4.0

Task for patient = 106 with skills = {3,-1} and cost = 942.7
   Vehicle #0 = 47, leaving at = 1001.0
   Vehicle #1 = -1, leaving at = inf
   Increment on distance indicator: 2.0
   Increment on tard indicator:     0.0
   Value of tmax indicator:         2.0

Task for patient = 107 with skills = {2,3} and cost = 968.7
   Vehicle #0 = 11, leaving at = 970.0
   Vehicle #1 = 41, leaving at = 977.0
   Increment on distance indicator: 9.0
   Increment on tard indicator:     0.0
   Value of tmax indicator:         9.0

Task for patient = 73 with skills = {0,3} and cost = 965.7
   Vehicle #0 = 14, leaving at = 996.0
   Vehicle #1 = 43, leaving at = 988.0
   Increment on distance indicator: 4.0
   Increment on tard indicator:     0.0
   Value of tmax indicator:         4.0

Task for patient = 264 with skills = {4,-1} and cost = 964.3
   Vehicle #0 = 41, leaving at = 939.0
   Vehicle #1 = -1, leaving at = inf
   Increment on distance indicator: 3.0
   Increment on tard indicator:     0.0
   Value of tmax indicator:         3.0

Task for patient = 153 with skills = {1,-1} and cost = 963.3
   Vehicle #0 = 13, leaving at = 807.0
   Vehicle #1 = -1, leaving at = inf
   Increment on distance indicator: 4.0
   Increment on tard indicator:     0.0
   Value of tmax indicator:         4.0

Task for patient = 87 with skills = {1,-1} and cost = 962.0
   Vehicle #0 = 7, leaving at = 965.0
   Vehicle #1 = -1, leaving at = inf
   Increment on distance indicator: 2.0
   Increment on tard indicator:     0.0
   Value of tmax indicator:         2.0

Task for patient = 13 with skills = {1,-1} and cost = 961.3
   Vehicle #0 = 15, leaving at = 744.0
   Vehicle #1 = -1, leaving at = inf
   Increment on distance indicator: 6.0
   Increment on tard indicator:     0.0
   Value of tmax indicator:         6.0

Task for patient = 94 with skills = {1,-1} and cost = 959.3
   Vehicle #0 = 7, leaving at = 948.0
   Vehicle #1 = -1, leaving at = inf
   Increment on distance indicator: 2.0
   Increment on tard indicator:     0.0
   Value of tmax indicator:         2.0

Task for patient = 187 with skills = {5,-1} and cost = 958.7
   Vehicle #0 = 32, leaving at = 1019.0
   Vehicle #1 = -1, leaving at = inf
   Increment on distance indicator: 1.0
   Increment on tard indicator:     0.0
   Value of tmax indicator:         1.0

Task for patient = 222 with skills = {5,-1} and cost = 944.0
   Vehicle #0 = 46, leaving at = 1078.0
   Vehicle #1 = -1, leaving at = inf
   Increment on distance indicator: 1.0
   Increment on tard indicator:     0.0
   Value of tmax indicator:         1.0

Task for patient = 277 with skills = {1,-1} and cost = 955.3
   Vehicle #0 = 7, leaving at = 904.0
   Vehicle #1 = -1, leaving at = inf
   Increment on distance indicator: 2.0
   Increment on tard indicator:     0.0
   Value of tmax indicator:         2.0

Task for patient = 86 with skills = {2,5} and cost = 954.7
   Vehicle #0 = 12, leaving at = 1047.0
   Vehicle #1 = 38, leaving at = 1047.0
   Increment on distance indicator: 4.0
   Increment on tard indicator:     0.0
   Value of tmax indicator:         4.0

Task for patient = 193 with skills = {1,-1} and cost = 953.3
   Vehicle #0 = 2, leaving at = 991.0
   Vehicle #1 = -1, leaving at = inf
   Increment on distance indicator: 3.0
   Increment on tard indicator:     0.0
   Value of tmax indicator:         3.0

Task for patient = 148 with skills = {2,3} and cost = 952.3
   Vehicle #0 = 3, leaving at = 1037.0
   Vehicle #1 = 34, leaving at = 1062.0
   Increment on distance indicator: 4.0
   Increment on tard indicator:     0.0
   Value of tmax indicator:         4.0

Task for patient = 287 with skills = {0,-1} and cost = 951.0
   Vehicle #0 = 4, leaving at = 1010.0
   Vehicle #1 = -1, leaving at = inf
   Increment on distance indicator: 4.0
   Increment on tard indicator:     0.0
   Value of tmax indicator:         4.0

Task for patient = 16 with skills = {1,4} and cost = 949.7
   Vehicle #0 = 11, leaving at = 917.0
   Vehicle #1 = 35, leaving at = 917.0
   Increment on distance indicator: 4.0
   Increment on tard indicator:     0.0
   Value of tmax indicator:         4.0

Task for patient = 151 with skills = {0,-1} and cost = 948.3
   Vehicle #0 = 10, leaving at = 810.0
   Vehicle #1 = -1, leaving at = inf
   Increment on distance indicator: 13.0
   Increment on tard indicator:     0.0
   Value of tmax indicator:         13.0

Task for patient = 155 with skills = {5,-1} and cost = 925.0
   Vehicle #0 = 36, leaving at = 823.0
   Vehicle #1 = -1, leaving at = inf
   Increment on distance indicator: 6.0
   Increment on tard indicator:     0.0
   Value of tmax indicator:         6.0

Task for patient = 244 with skills = {5,-1} and cost = 958.3
   Vehicle #0 = 35, leaving at = 969.0
   Vehicle #1 = -1, leaving at = inf
   Increment on distance indicator: 9.0
   Increment on tard indicator:     0.0
   Value of tmax indicator:         9.0

Task for patient = 6 with skills = {4,-1} and cost = 862.7
   Vehicle #0 = 35, leaving at = 819.0
   Vehicle #1 = -1, leaving at = inf
   Increment on distance indicator: 6.0
   Increment on tard indicator:     0.0
   Value of tmax indicator:         6.0

Task for patient = 180 with skills = {3,-1} and cost = 860.7
   Vehicle #0 = 31, leaving at = 1088.0
   Vehicle #1 = -1, leaving at = inf
   Increment on distance indicator: 2.0
   Increment on tard indicator:     0.0
   Value of tmax indicator:         2.0

Task for patient = 92 with skills = {4,-1} and cost = 860.0
   Vehicle #0 = 48, leaving at = 637.0
   Vehicle #1 = -1, leaving at = inf
   Increment on distance indicator: 1.0
   Increment on tard indicator:     0.0
   Value of tmax indicator:         1.0

Task for patient = 66 with skills = {5,-1} and cost = 859.7
   Vehicle #0 = 34, leaving at = 867.0
   Vehicle #1 = -1, leaving at = inf
   Increment on distance indicator: 5.0
   Increment on tard indicator:     0.0
   Value of tmax indicator:         5.0

Task for patient = 224 with skills = {0,-1} and cost = 858.0
   Vehicle #0 = 4, leaving at = 957.0
   Vehicle #1 = -1, leaving at = inf
   Increment on distance indicator: 3.0
   Increment on tard indicator:     0.0
   Value of tmax indicator:         3.0

Task for patient = 178 with skills = {1,5} and cost = 857.0
   Vehicle #0 = 13, leaving at = 607.0
   Vehicle #1 = 48, leaving at = 607.0
   Increment on distance indicator: 14.0
   Increment on tard indicator:     0.0
   Value of tmax indicator:         14.0

Task for patient = 77 with skills = {2,5} and cost = 852.3
   Vehicle #0 = 5, leaving at = 973.0
   Vehicle #1 = 44, leaving at = 983.0
   Increment on distance indicator: 2.0
   Increment on tard indicator:     0.0
   Value of tmax indicator:         2.0

Task for patient = 140 with skills = {1,-1} and cost = 851.7
   Vehicle #0 = 17, leaving at = 872.0
   Vehicle #1 = -1, leaving at = inf
   Increment on distance indicator: 3.0
   Increment on tard indicator:     0.0
   Value of tmax indicator:         3.0

Task for patient = 147 with skills = {1,-1} and cost = 923.0
   Vehicle #0 = 12, leaving at = 944.0
   Vehicle #1 = -1, leaving at = inf
   Increment on distance indicator: 2.0
   Increment on tard indicator:     0.0
   Value of tmax indicator:         2.0

Task for patient = 204 with skills = {2,-1} and cost = 850.0
   Vehicle #0 = 2, leaving at = 878.0
   Vehicle #1 = -1, leaving at = inf
   Increment on distance indicator: 5.0
   Increment on tard indicator:     0.0
   Value of tmax indicator:         5.0

Task for patient = 215 with skills = {1,4} and cost = 848.3
   Vehicle #0 = 8, leaving at = 818.0
   Vehicle #1 = 41, leaving at = 867.0
   Increment on distance indicator: 4.0
   Increment on tard indicator:     0.0
   Value of tmax indicator:         4.0

Task for patient = 48 with skills = {5,-1} and cost = 847.0
   Vehicle #0 = 47, leaving at = 815.0
   Vehicle #1 = -1, leaving at = inf
   Increment on distance indicator: 2.0
   Increment on tard indicator:     0.0
   Value of tmax indicator:         2.0

Task for patient = 10 with skills = {0,-1} and cost = 846.3
   Vehicle #0 = 9, leaving at = 888.0
   Vehicle #1 = -1, leaving at = inf
   Increment on distance indicator: 2.0
   Increment on tard indicator:     0.0
   Value of tmax indicator:         2.0

Task for patient = 88 with skills = {1,-1} and cost = 844.7
   Vehicle #0 = 16, leaving at = 925.0
   Vehicle #1 = -1, leaving at = inf
   Increment on distance indicator: 1.0
   Increment on tard indicator:     0.0
   Value of tmax indicator:         1.0

Task for patient = 12 with skills = {3,-1} and cost = 844.3
   Vehicle #0 = 31, leaving at = 1028.0
   Vehicle #1 = -1, leaving at = inf
   Increment on distance indicator: 1.0
   Increment on tard indicator:     0.0
   Value of tmax indicator:         1.0

Task for patient = 36 with skills = {1,-1} and cost = 844.0
   Vehicle #0 = 13, leaving at = 540.0
   Vehicle #1 = -1, leaving at = inf
   Increment on distance indicator: 53.0
   Increment on tard indicator:     0.0
   Value of tmax indicator:         53.0

Task for patient = 100 with skills = {4,-1} and cost = 826.3
   Vehicle #0 = 40, leaving at = 969.0
   Vehicle #1 = -1, leaving at = inf
   Increment on distance indicator: 4.0
   Increment on tard indicator:     0.0
   Value of tmax indicator:         4.0

Task for patient = 230 with skills = {0,-1} and cost = 825.0
   Vehicle #0 = 9, leaving at = 763.0
   Vehicle #1 = -1, leaving at = inf
   Increment on distance indicator: 8.0
   Increment on tard indicator:     0.0
   Value of tmax indicator:         8.0

Task for patient = 56 with skills = {3,-1} and cost = 850.7
   Vehicle #0 = 31, leaving at = 1069.0
   Vehicle #1 = -1, leaving at = inf
   Increment on distance indicator: 2.0
   Increment on tard indicator:     0.0
   Value of tmax indicator:         2.0

Task for patient = 51 with skills = {2,-1} and cost = 969.7
   Vehicle #0 = 2, leaving at = 1016.0
   Vehicle #1 = -1, leaving at = inf
   Increment on distance indicator: 3.0
   Increment on tard indicator:     0.0
   Value of tmax indicator:         3.0

Task for patient = 138 with skills = {0,-1} and cost = 922.3
   Vehicle #0 = 0, leaving at = 822.0
   Vehicle #1 = -1, leaving at = inf
   Increment on distance indicator: 4.0
   Increment on tard indicator:     0.0
   Value of tmax indicator:         4.0

Task for patient = 116 with skills = {0,5} and cost = 921.0
   Vehicle #0 = 11, leaving at = 850.0
   Vehicle #1 = 35, leaving at = 858.0
   Increment on distance indicator: 9.0
   Increment on tard indicator:     0.0
   Value of tmax indicator:         9.0

Task for patient = 31 with skills = {1,-1} and cost = 918.0
   Vehicle #0 = 13, leaving at = 751.0
   Vehicle #1 = -1, leaving at = inf
   Increment on distance indicator: 1.0
   Increment on tard indicator:     0.0
   Value of tmax indicator:         1.0

Task for patient = 79 with skills = {5,-1} and cost = 917.7
   Vehicle #0 = 43, leaving at = 841.0
   Vehicle #1 = -1, leaving at = inf
   Increment on distance indicator: 3.0
   Increment on tard indicator:     0.0
   Value of tmax indicator:         3.0

Task for patient = 156 with skills = {1,-1} and cost = 916.7
   Vehicle #0 = 2, leaving at = 967.0
   Vehicle #1 = -1, leaving at = inf
   Increment on distance indicator: 4.0
   Increment on tard indicator:     0.0
   Value of tmax indicator:         4.0

Task for patient = 99 with skills = {1,-1} and cost = 915.3
   Vehicle #0 = 15, leaving at = 576.0
   Vehicle #1 = -1, leaving at = inf
   Increment on distance indicator: 54.0
   Increment on tard indicator:     0.0
   Value of tmax indicator:         54.0

Task for patient = 297 with skills = {2,-1} and cost = 897.3
   Vehicle #0 = 22, leaving at = 764.0
   Vehicle #1 = -1, leaving at = inf
   Increment on distance indicator: 10.0
   Increment on tard indicator:     0.0
   Value of tmax indicator:         10.0

Task for patient = 134 with skills = {5,-1} and cost = 863.0
   Vehicle #0 = 38, leaving at = 951.0
   Vehicle #1 = -1, leaving at = inf
   Increment on distance indicator: 1.0
   Increment on tard indicator:     0.0
   Value of tmax indicator:         1.0

Task for patient = 275 with skills = {0,5} and cost = 893.3
   Vehicle #0 = 22, leaving at = 726.0
   Vehicle #1 = 48, leaving at = 726.0
   Increment on distance indicator: 58.0
   Increment on tard indicator:     0.0
   Value of tmax indicator:         58.0

Task for patient = 91 with skills = {5,-1} and cost = 874.0
   Vehicle #0 = 48, leaving at = 676.0
   Vehicle #1 = -1, leaving at = inf
   Increment on distance indicator: 12.0
   Increment on tard indicator:     0.0
   Value of tmax indicator:         12.0

Task for patient = 23 with skills = {5,-1} and cost = 870.0
   Vehicle #0 = 37, leaving at = 1056.0
   Vehicle #1 = -1, leaving at = inf
   Increment on distance indicator: 2.0
   Increment on tard indicator:     0.0
   Value of tmax indicator:         2.0

Task for patient = 52 with skills = {5,-1} and cost = 869.3
   Vehicle #0 = 38, leaving at = 994.0
   Vehicle #1 = -1, leaving at = inf
   Increment on distance indicator: 2.0
   Increment on tard indicator:     0.0
   Value of tmax indicator:         2.0

Task for patient = 103 with skills = {1,-1} and cost = 868.7
   Vehicle #0 = 13, leaving at = 698.0
   Vehicle #1 = -1, leaving at = inf
   Increment on distance indicator: 3.0
   Increment on tard indicator:     0.0
   Value of tmax indicator:         3.0

Task for patient = 167 with skills = {0,5} and cost = 867.7
   Vehicle #0 = 20, leaving at = 970.0
   Vehicle #1 = 42, leaving at = 970.0
   Increment on distance indicator: 4.0
   Increment on tard indicator:     0.0
   Value of tmax indicator:         4.0

Task for patient = 19 with skills = {2,-1} and cost = 866.3
   Vehicle #0 = 12, leaving at = 892.0
   Vehicle #1 = -1, leaving at = inf
   Increment on distance indicator: 4.0
   Increment on tard indicator:     0.0
   Value of tmax indicator:         4.0

Task for patient = 137 with skills = {2,4} and cost = 865.0
   Vehicle #0 = 2, leaving at = 909.0
   Vehicle #1 = 41, leaving at = 909.0
   Increment on distance indicator: 5.0
   Increment on tard indicator:     0.0
   Value of tmax indicator:         5.0

Task for patient = 141 with skills = {5,-1} and cost = 863.3
   Vehicle #0 = 37, leaving at = 995.0
   Vehicle #1 = -1, leaving at = inf
   Increment on distance indicator: 1.0
   Increment on tard indicator:     0.0
   Value of tmax indicator:         1.0

Task for patient = 189 with skills = {4,-1} and cost = 894.0
   Vehicle #0 = 46, leaving at = 1000.0
   Vehicle #1 = -1, leaving at = inf
   Increment on distance indicator: 2.0
   Increment on tard indicator:     0.0
   Value of tmax indicator:         2.0

Task for patient = 232 with skills = {3,-1} and cost = 1046.3
   Vehicle #0 = 41, leaving at = 1166.0
   Vehicle #1 = -1, leaving at = inf
   Increment on distance indicator: 3.0
   Increment on tard indicator:     0.0
   Value of tmax indicator:         3.0

Task for patient = 183 with skills = {0,5} and cost = 1045.3
   Vehicle #0 = 4, leaving at = 1039.0
   Vehicle #1 = 48, leaving at = 1074.0
   Increment on distance indicator: 7.0
   Increment on tard indicator:     0.0
   Value of tmax indicator:         7.0

Task for patient = 245 with skills = {5,-1} and cost = 1043.0
   Vehicle #0 = 30, leaving at = 1043.0
   Vehicle #1 = -1, leaving at = inf
   Increment on distance indicator: 1.0
   Increment on tard indicator:     0.0
   Value of tmax indicator:         1.0

Task for patient = 228 with skills = {0,3} and cost = 1042.7
   Vehicle #0 = 14, leaving at = 1119.0
   Vehicle #1 = 41, leaving at = 1119.0
   Increment on distance indicator: 6.0
   Increment on tard indicator:     0.0
   Value of tmax indicator:         6.0

Task for patient = 172 with skills = {4,-1} and cost = 1040.7
   Vehicle #0 = 48, leaving at = 1001.0
   Vehicle #1 = -1, leaving at = inf
   Increment on distance indicator: 2.0
   Increment on tard indicator:     0.0
   Value of tmax indicator:         2.0

Task for patient = 132 with skills = {2,5} and cost = 1040.0
   Vehicle #0 = 6, leaving at = 1140.0
   Vehicle #1 = 47, leaving at = 1140.0
   Increment on distance indicator: 3.0
   Increment on tard indicator:     0.0
   Value of tmax indicator:         3.0

Task for patient = 191 with skills = {5,-1} and cost = 1039.0
   Vehicle #0 = 46, leaving at = 1177.0
   Vehicle #1 = -1, leaving at = inf
   Increment on distance indicator: 1.0
   Increment on tard indicator:     0.0
   Value of tmax indicator:         1.0

Task for patient = 223 with skills = {1,3} and cost = 1038.7
   Vehicle #0 = 7, leaving at = 1065.0
   Vehicle #1 = 47, leaving at = 1098.0
   Increment on distance indicator: 5.0
   Increment on tard indicator:     0.0
   Value of tmax indicator:         5.0

Task for patient = 59 with skills = {0,4} and cost = 973.3
   Vehicle #0 = 14, leaving at = 1023.0
   Vehicle #1 = 32, leaving at = 1067.0
   Increment on distance indicator: 7.0
   Increment on tard indicator:     0.0
   Value of tmax indicator:         7.0

Task for patient = 288 with skills = {0,-1} and cost = 1035.7
   Vehicle #0 = 16, leaving at = 1067.0
   Vehicle #1 = -1, leaving at = inf
   Increment on distance indicator: 1.0
   Increment on tard indicator:     0.0
   Value of tmax indicator:         1.0

Task for patient = 109 with skills = {3,-1} and cost = 1035.3
   Vehicle #0 = 44, leaving at = 1102.0
   Vehicle #1 = -1, leaving at = inf
   Increment on distance indicator: 3.0
   Increment on tard indicator:     0.0
   Value of tmax indicator:         3.0

Task for patient = 247 with skills = {1,-1} and cost = 1034.3
   Vehicle #0 = 16, leaving at = 1024.0
   Vehicle #1 = -1, leaving at = inf
   Increment on distance indicator: 3.0
   Increment on tard indicator:     0.0
   Value of tmax indicator:         3.0

Task for patient = 63 with skills = {2,3} and cost = 1033.3
   Vehicle #0 = 9, leaving at = 1075.0
   Vehicle #1 = 33, leaving at = 1083.0
   Increment on distance indicator: 2.0
   Increment on tard indicator:     0.0
   Value of tmax indicator:         2.0

Task for patient = 46 with skills = {3,-1} and cost = 1032.7
   Vehicle #0 = 43, leaving at = 1113.0
   Vehicle #1 = -1, leaving at = inf
   Increment on distance indicator: 4.0
   Increment on tard indicator:     0.0
   Value of tmax indicator:         4.0

Task for patient = 75 with skills = {2,-1} and cost = 1031.3
   Vehicle #0 = 20, leaving at = 1025.0
   Vehicle #1 = -1, leaving at = inf
   Increment on distance indicator: 1.0
   Increment on tard indicator:     0.0
   Value of tmax indicator:         1.0

Task for patient = 266 with skills = {0,4} and cost = 1031.0
   Vehicle #0 = 22, leaving at = 984.0
   Vehicle #1 = 40, leaving at = 1014.0
   Increment on distance indicator: 6.0
   Increment on tard indicator:     0.0
   Value of tmax indicator:         6.0

Task for patient = 131 with skills = {1,5} and cost = 1029.0
   Vehicle #0 = 3, leaving at = 1155.0
   Vehicle #1 = 38, leaving at = 1155.0
   Increment on distance indicator: 3.0
   Increment on tard indicator:     0.0
   Value of tmax indicator:         3.0

Task for patient = 135 with skills = {5,-1} and cost = 1037.0
   Vehicle #0 = 32, leaving at = 1122.0
   Vehicle #1 = -1, leaving at = inf
   Increment on distance indicator: 4.0
   Increment on tard indicator:     0.0
   Value of tmax indicator:         4.0

Task for patient = 252 with skills = {1,-1} and cost = 1086.0
   Vehicle #0 = 13, leaving at = 977.0
   Vehicle #1 = -1, leaving at = inf
   Increment on distance indicator: 4.0
   Increment on tard indicator:     0.0
   Value of tmax indicator:         4.0

Task for patient = 233 with skills = {2,5} and cost = 1084.7
   Vehicle #0 = 14, leaving at = 1176.0
   Vehicle #1 = 37, leaving at = 1176.0
   Increment on distance indicator: 5.0
   Increment on tard indicator:     0.0
   Value of tmax indicator:         5.0

Task for patient = 255 with skills = {0,4} and cost = 1083.0
   Vehicle #0 = 10, leaving at = 1100.0
   Vehicle #1 = 45, leaving at = 1100.0
   Increment on distance indicator: 12.0
   Increment on tard indicator:     0.0
   Value of tmax indicator:         12.0

Task for patient = 28 with skills = {0,-1} and cost = 1079.0
   Vehicle #0 = 16, leaving at = 1118.0
   Vehicle #1 = -1, leaving at = inf
   Increment on distance indicator: 2.0
   Increment on tard indicator:     0.0
   Value of tmax indicator:         2.0

Task for patient = 295 with skills = {0,-1} and cost = 1078.3
   Vehicle #0 = 0, leaving at = 1052.0
   Vehicle #1 = -1, leaving at = inf
   Increment on distance indicator: 4.0
   Increment on tard indicator:     0.0
   Value of tmax indicator:         4.0

Task for patient = 273 with skills = {0,4} and cost = 1077.0
   Vehicle #0 = 0, leaving at = 994.0
   Vehicle #1 = 35, leaving at = 1028.0
   Increment on distance indicator: 21.0
   Increment on tard indicator:     0.0
   Value of tmax indicator:         21.0

Task for patient = 196 with skills = {5,-1} and cost = 1070.0
   Vehicle #0 = 48, leaving at = 1150.0
   Vehicle #1 = -1, leaving at = inf
   Increment on distance indicator: 6.0
   Increment on tard indicator:     0.0
   Value of tmax indicator:         6.0

Task for patient = 54 with skills = {0,5} and cost = 1068.0
   Vehicle #0 = 1, leaving at = 1132.0
   Vehicle #1 = 44, leaving at = 1132.0
   Increment on distance indicator: 4.0
   Increment on tard indicator:     0.0
   Value of tmax indicator:         4.0

Task for patient = 41 with skills = {5,-1} and cost = 1048.0
   Vehicle #0 = 39, leaving at = 1017.0
   Vehicle #1 = -1, leaving at = inf
   Increment on distance indicator: 5.0
   Increment on tard indicator:     0.0
   Value of tmax indicator:         5.0

Task for patient = 229 with skills = {1,-1} and cost = 1064.0
   Vehicle #0 = 8, leaving at = 994.0
   Vehicle #1 = -1, leaving at = inf
   Increment on distance indicator: 4.0
   Increment on tard indicator:     0.0
   Value of tmax indicator:         4.0

Task for patient = 250 with skills = {3,-1} and cost = 1062.7
   Vehicle #0 = 45, leaving at = 1018.0
   Vehicle #1 = -1, leaving at = inf
   Increment on distance indicator: 10.0
   Increment on tard indicator:     0.0
   Value of tmax indicator:         10.0

Task for patient = 115 with skills = {0,-1} and cost = 1059.3
   Vehicle #0 = 20, leaving at = 1148.0
   Vehicle #1 = -1, leaving at = inf
   Increment on distance indicator: 1.0
   Increment on tard indicator:     0.0
   Value of tmax indicator:         1.0

Task for patient = 283 with skills = {1,-1} and cost = 1059.0
   Vehicle #0 = 8, leaving at = 933.0
   Vehicle #1 = -1, leaving at = inf
   Increment on distance indicator: 4.0
   Increment on tard indicator:     0.0
   Value of tmax indicator:         4.0

Task for patient = 101 with skills = {5,-1} and cost = 1057.7
   Vehicle #0 = 48, leaving at = 1096.0
   Vehicle #1 = -1, leaving at = inf
   Increment on distance indicator: 3.0
   Increment on tard indicator:     0.0
   Value of tmax indicator:         3.0

Task for patient = 294 with skills = {0,5} and cost = 1056.7
   Vehicle #0 = 11, leaving at = 1082.0
   Vehicle #1 = 39, leaving at = 1082.0
   Increment on distance indicator: 13.0
   Increment on tard indicator:     0.0
   Value of tmax indicator:         13.0

Task for patient = 150 with skills = {2,-1} and cost = 1052.3
   Vehicle #0 = 2, leaving at = 1093.0
   Vehicle #1 = -1, leaving at = inf
   Increment on distance indicator: 3.0
   Increment on tard indicator:     0.0
   Value of tmax indicator:         3.0

Task for patient = 119 with skills = {2,4} and cost = 1051.3
   Vehicle #0 = 20, leaving at = 1096.0
   Vehicle #1 = 33, leaving at = 1141.0
   Increment on distance indicator: 5.0
   Increment on tard indicator:     0.0
   Value of tmax indicator:         5.0

Task for patient = 65 with skills = {1,4} and cost = 1049.7
   Vehicle #0 = 7, leaving at = 1095.0
   Vehicle #1 = 30, leaving at = 1144.0
   Increment on distance indicator: 5.0
   Increment on tard indicator:     0.0
   Value of tmax indicator:         5.0

Task for patient = 282 with skills = {0,4} and cost = 1066.7
   Vehicle #0 = 22, leaving at = 1016.0
   Vehicle #1 = 40, leaving at = 1066.0
   Increment on distance indicator: 8.0
   Increment on tard indicator:     0.0
   Value of tmax indicator:         8.0

Task for patient = 80 with skills = {0,5} and cost = 1002.3
   Vehicle #0 = 10, leaving at = 936.0
   Vehicle #1 = 48, leaving at = 936.0
   Increment on distance indicator: 4.0
   Increment on tard indicator:     0.0
   Value of tmax indicator:         4.0

Task for patient = 254 with skills = {0,-1} and cost = 1001.0
   Vehicle #0 = 22, leaving at = 870.0
   Vehicle #1 = -1, leaving at = inf
   Increment on distance indicator: 4.0
   Increment on tard indicator:     0.0
   Value of tmax indicator:         4.0

Task for patient = 27 with skills = {0,4} and cost = 999.7
   Vehicle #0 = 9, leaving at = 974.0
   Vehicle #1 = 44, leaving at = 1032.0
   Increment on distance indicator: 7.0
   Increment on tard indicator:     0.0
   Value of tmax indicator:         7.0

Task for patient = 96 with skills = {1,-1} and cost = 997.3
   Vehicle #0 = 2, leaving at = 1064.0
   Vehicle #1 = -1, leaving at = inf
   Increment on distance indicator: 3.0
   Increment on tard indicator:     0.0
   Value of tmax indicator:         3.0

Task for patient = 192 with skills = {1,-1} and cost = 996.3
   Vehicle #0 = 14, leaving at = 1068.0
   Vehicle #1 = -1, leaving at = inf
   Increment on distance indicator: 3.0
   Increment on tard indicator:     0.0
   Value of tmax indicator:         3.0

Task for patient = 154 with skills = {3,-1} and cost = 995.3
   Vehicle #0 = 45, leaving at = 874.0
   Vehicle #1 = -1, leaving at = inf
   Increment on distance indicator: 11.0
   Increment on tard indicator:     0.0
   Value of tmax indicator:         11.0

Task for patient = 67 with skills = {1,-1} and cost = 991.7
   Vehicle #0 = 2, leaving at = 1044.0
   Vehicle #1 = -1, leaving at = inf
   Increment on distance indicator: 4.0
   Increment on tard indicator:     0.0
   Value of tmax indicator:         4.0

Task for patient = 39 with skills = {0,-1} and cost = 990.3
   Vehicle #0 = 1, leaving at = 884.0
   Vehicle #1 = -1, leaving at = inf
   Increment on distance indicator: 3.0
   Increment on tard indicator:     0.0
   Value of tmax indicator:         3.0

Task for patient = 102 with skills = {0,3} and cost = 1028.0
   Vehicle #0 = 9, leaving at = 1043.0
   Vehicle #1 = 33, leaving at = 1062.0
   Increment on distance indicator: 5.0
   Increment on tard indicator:     0.0
   Value of tmax indicator:         5.0

Task for patient = 236 with skills = {1,5} and cost = 985.7
   Vehicle #0 = 13, leaving at = 878.0
   Vehicle #1 = 39, leaving at = 910.0
   Increment on distance indicator: 8.0
   Increment on tard indicator:     0.0
   Value of tmax indicator:         8.0

Task for patient = 169 with skills = {1,-1} and cost = 983.0
   Vehicle #0 = 15, leaving at = 1001.0
   Vehicle #1 = -1, leaving at = inf
   Increment on distance indicator: 3.0
   Increment on tard indicator:     0.0
   Value of tmax indicator:         3.0

Task for patient = 8 with skills = {4,-1} and cost = 982.0
   Vehicle #0 = 36, leaving at = 944.0
   Vehicle #1 = -1, leaving at = inf
   Increment on distance indicator: 1.0
   Increment on tard indicator:     0.0
   Value of tmax indicator:         1.0

Task for patient = 261 with skills = {0,5} and cost = 981.7
   Vehicle #0 = 10, leaving at = 889.0
   Vehicle #1 = 48, leaving at = 889.0
   Increment on distance indicator: 5.0
   Increment on tard indicator:     0.0
   Value of tmax indicator:         5.0

Task for patient = 32 with skills = {1,-1} and cost = 980.0
   Vehicle #0 = 17, leaving at = 935.0
   Vehicle #1 = -1, leaving at = inf
   Increment on distance indicator: 3.0
   Increment on tard indicator:     0.0
   Value of tmax indicator:         3.0

Task for patient = 299 with skills = {1,5} and cost = 979.0
   Vehicle #0 = 15, leaving at = 877.0
   Vehicle #1 = 36, leaving at = 882.0
   Increment on distance indicator: 14.0
   Increment on tard indicator:     0.0
   Value of tmax indicator:         14.0

Task for patient = 24 with skills = {0,-1} and cost = 974.3
   Vehicle #0 = 10, leaving at = 833.0
   Vehicle #1 = -1, leaving at = inf
   Increment on distance indicator: 3.0
   Increment on tard indicator:     0.0
   Value of tmax indicator:         3.0

Task for patient = 9 with skills = {0,4} and cost = 822.3
   Vehicle #0 = 0, leaving at = 774.0
   Vehicle #1 = 45, leaving at = 757.0
   Increment on distance indicator: 15.0
   Increment on tard indicator:     0.0
   Value of tmax indicator:         15.0

Task for patient = 263 with skills = {1,5} and cost = 971.0
   Vehicle #0 = 5, leaving at = 1031.0
   Vehicle #1 = 42, leaving at = 1031.0
   Increment on distance indicator: 4.0
   Increment on tard indicator:     0.0
   Value of tmax indicator:         4.0

Task for patient = 207 with skills = {1,4} and cost = 989.3
   Vehicle #0 = 22, leaving at = 833.0
   Vehicle #1 = 45, leaving at = 833.0
   Increment on distance indicator: 11.0
   Increment on tard indicator:     0.0
   Value of tmax indicator:         11.0

Task for patient = 112 with skills = {0,-1} and cost = 1026.3
   Vehicle #0 = 0, leaving at = 931.0
   Vehicle #1 = -1, leaving at = inf
   Increment on distance indicator: 8.0
   Increment on tard indicator:     0.0
   Value of tmax indicator:         8.0

Task for patient = 34 with skills = {4,-1} and cost = 1023.7
   Vehicle #0 = 41, leaving at = 1014.0
   Vehicle #1 = -1, leaving at = inf
   Increment on distance indicator: 2.0
   Increment on tard indicator:     0.0
   Value of tmax indicator:         2.0

Task for patient = 221 with skills = {2,5} and cost = 1023.0
   Vehicle #0 = 1, leaving at = 956.0
   Vehicle #1 = 48, leaving at = 980.0
   Increment on distance indicator: 7.0
   Increment on tard indicator:     0.0
   Value of tmax indicator:         7.0

Task for patient = 68 with skills = {2,4} and cost = 1020.7
   Vehicle #0 = 12, leaving at = 1134.0
   Vehicle #1 = 42, leaving at = 1134.0
   Increment on distance indicator: 3.0
   Increment on tard indicator:     0.0
   Value of tmax indicator:         3.0

Task for patient = 4 with skills = {4,-1} and cost = 1019.7
   Vehicle #0 = 33, leaving at = 1031.0
   Vehicle #1 = -1, leaving at = inf
   Increment on distance indicator: 3.0
   Increment on tard indicator:     0.0
   Value of tmax indicator:         3.0

Task for patient = 218 with skills = {0,3} and cost = 1018.7
   Vehicle #0 = 5, leaving at = 1073.0
   Vehicle #1 = 42, leaving at = 1073.0
   Increment on distance indicator: 4.0
   Increment on tard indicator:     0.0
   Value of tmax indicator:         4.0

Task for patient = 265 with skills = {1,5} and cost = 1017.3
   Vehicle #0 = 10, leaving at = 1036.0
   Vehicle #1 = 43, leaving at = 1055.0
   Increment on distance indicator: 4.0
   Increment on tard indicator:     0.0
   Value of tmax indicator:         4.0

Task for patient = 238 with skills = {1,5} and cost = 1016.0
   Vehicle #0 = 13, leaving at = 941.0
   Vehicle #1 = 39, leaving at = 941.0
   Increment on distance indicator: 10.0
   Increment on tard indicator:     0.0
   Value of tmax indicator:         10.0

Task for patient = 43 with skills = {0,3} and cost = 1004.3
   Vehicle #0 = 6, leaving at = 1004.0
   Vehicle #1 = 43, leaving at = 1038.0
   Increment on distance indicator: 6.0
   Increment on tard indicator:     0.0
   Value of tmax indicator:         6.0

Task for patient = 160 with skills = {0,4} and cost = 1012.3
   Vehicle #0 = 10, leaving at = 987.0
   Vehicle #1 = 33, leaving at = 984.0
   Increment on distance indicator: 6.0
   Increment on tard indicator:     0.0
   Value of tmax indicator:         6.0

Task for patient = 251 with skills = {4,-1} and cost = 1010.3
   Vehicle #0 = 37, leaving at = 1115.0
   Vehicle #1 = -1, leaving at = inf
   Increment on distance indicator: 2.0
   Increment on tard indicator:     0.0
   Value of tmax indicator:         2.0

Task for patient = 267 with skills = {5,-1} and cost = 1009.7
   Vehicle #0 = 44, leaving at = 1048.0
   Vehicle #1 = -1, leaving at = inf
   Increment on distance indicator: 1.0
   Increment on tard indicator:     0.0
   Value of tmax indicator:         1.0

Task for patient = 270 with skills = {1,5} and cost = 1009.3
   Vehicle #0 = 3, leaving at = 1110.0
   Vehicle #1 = 34, leaving at = 1110.0
   Increment on distance indicator: 2.0
   Increment on tard indicator:     0.0
   Value of tmax indicator:         2.0

Task for patient = 162 with skills = {0,5} and cost = 1008.7
   Vehicle #0 = 23, leaving at = 754.0
   Vehicle #1 = 49, leaving at = 754.0
   Increment on distance indicator: 0.0
   Increment on tard indicator:     0.0
   Value of tmax indicator:         0.0

Task for patient = 129 with skills = {1,-1} and cost = 1008.7
   Vehicle #0 = 17, leaving at = 978.0
   Vehicle #1 = -1, leaving at = inf
   Increment on distance indicator: 6.0
   Increment on tard indicator:     0.0
   Value of tmax indicator:         6.0

Task for patient = 72 with skills = {1,-1} and cost = 1006.7
   Vehicle #0 = 16, leaving at = 962.0
   Vehicle #1 = -1, leaving at = inf
   Increment on distance indicator: 3.0
   Increment on tard indicator:     0.0
   Value of tmax indicator:         3.0

Task for patient = 200 with skills = {4,-1} and cost = 1005.7
   Vehicle #0 = 46, leaving at = 1122.0
   Vehicle #1 = -1, leaving at = inf
   Increment on distance indicator: 1.0
   Increment on tard indicator:     0.0
   Value of tmax indicator:         1.0

Task for patient = 21 with skills = {2,-1} and cost = 1005.3
   Vehicle #0 = 9, leaving at = 1010.0
   Vehicle #1 = -1, leaving at = inf
   Increment on distance indicator: 3.0
   Increment on tard indicator:     0.0
   Value of tmax indicator:         3.0

Task for patient = 83 with skills = {1,-1} and cost = 1012.7
   Vehicle #0 = 7, leaving at = 1032.0
   Vehicle #1 = -1, leaving at = inf
   Increment on distance indicator: 1.0
   Increment on tard indicator:     0.0
   Value of tmax indicator:         1.0

Task for patient = 260 with skills = {1,4} and cost = 443.0
   Vehicle #0 = 5, leaving at = 843.0
   Vehicle #1 = 37, leaving at = 843.0
   Increment on distance indicator: 3.0
   Increment on tard indicator:     0.0
   Value of tmax indicator:         3.0

Task for patient = 2 with skills = {1,-1} and cost = 442.0
   Vehicle #0 = 4, leaving at = 754.0
   Vehicle #1 = -1, leaving at = inf
   Increment on distance indicator: 3.0
   Increment on tard indicator:     0.0
   Value of tmax indicator:         3.0

Task for patient = 259 with skills = {3,-1} and cost = 441.0
   Vehicle #0 = 41, leaving at = 609.0
   Vehicle #1 = -1, leaving at = inf
   Increment on distance indicator: 53.0
   Increment on tard indicator:     0.0
   Value of tmax indicator:         53.0

Task for patient = 188 with skills = {0,-1} and cost = 423.3
   Vehicle #0 = 11, leaving at = 613.0
   Vehicle #1 = -1, leaving at = inf
   Increment on distance indicator: 10.0
   Increment on tard indicator:     0.0
   Value of tmax indicator:         10.0

Task for patient = 35 with skills = {5,-1} and cost = 420.0
   Vehicle #0 = 37, leaving at = 788.0
   Vehicle #1 = -1, leaving at = inf
   Increment on distance indicator: 1.0
   Increment on tard indicator:     0.0
   Value of tmax indicator:         1.0

Task for patient = 166 with skills = {0,-1} and cost = 419.7
   Vehicle #0 = 4, leaving at = 713.0
   Vehicle #1 = -1, leaving at = inf
   Increment on distance indicator: 2.0
   Increment on tard indicator:     0.0
   Value of tmax indicator:         2.0

Task for patient = 64 with skills = {4,-1} and cost = 419.0
   Vehicle #0 = 40, leaving at = 561.0
   Vehicle #1 = -1, leaving at = inf
   Increment on distance indicator: 52.0
   Increment on tard indicator:     0.0
   Value of tmax indicator:         52.0

Task for patient = 49 with skills = {5,-1} and cost = 401.7
   Vehicle #0 = 38, leaving at = 634.0
   Vehicle #1 = -1, leaving at = inf
   Increment on distance indicator: 2.0
   Increment on tard indicator:     0.0
   Value of tmax indicator:         2.0

Task for patient = 60 with skills = {2,3} and cost = 816.7
   Vehicle #0 = 20, leaving at = 917.0
   Vehicle #1 = 42, leaving at = 917.0
   Increment on distance indicator: 5.0
   Increment on tard indicator:     0.0
   Value of tmax indicator:         5.0

Task for patient = 84 with skills = {1,-1} and cost = 397.0
   Vehicle #0 = 2, leaving at = 768.0
   Vehicle #1 = -1, leaving at = inf
   Increment on distance indicator: 2.0
   Increment on tard indicator:     0.0
   Value of tmax indicator:         2.0

Task for patient = 281 with skills = {4,-1} and cost = 396.3
   Vehicle #0 = 36, leaving at = 709.0
   Vehicle #1 = -1, leaving at = inf
   Increment on distance indicator: 4.0
   Increment on tard indicator:     0.0
   Value of tmax indicator:         4.0

Task for patient = 98 with skills = {4,-1} and cost = 395.0
   Vehicle #0 = 37, leaving at = 709.0
   Vehicle #1 = -1, leaving at = inf
   Increment on distance indicator: 2.0
   Increment on tard indicator:     0.0
   Value of tmax indicator:         2.0

Task for patient = 175 with skills = {0,-1} and cost = 394.3
   Vehicle #0 = 6, leaving at = 806.0
   Vehicle #1 = -1, leaving at = inf
   Increment on distance indicator: 2.0
   Increment on tard indicator:     0.0
   Value of tmax indicator:         2.0

Task for patient = 179 with skills = {0,5} and cost = 393.7
   Vehicle #0 = 11, leaving at = 541.0
   Vehicle #1 = 38, leaving at = 541.0
   Increment on distance indicator: 110.0
   Increment on tard indicator:     0.0
   Value of tmax indicator:         110.0

Task for patient = 26 with skills = {4,-1} and cost = 357.0
   Vehicle #0 = 30, leaving at = 882.0
   Vehicle #1 = -1, leaving at = inf
   Increment on distance indicator: 2.0
   Increment on tard indicator:     0.0
   Value of tmax indicator:         2.0

Task for patient = 209 with skills = {0,4} and cost = 356.3
   Vehicle #0 = 10, leaving at = 706.0
   Vehicle #1 = 35, leaving at = 699.0
   Increment on distance indicator: 22.0
   Increment on tard indicator:     0.0
   Value of tmax indicator:         22.0

Task for patient = 15 with skills = {2,-1} and cost = 349.0
   Vehicle #0 = 10, leaving at = 588.0
   Vehicle #1 = -1, leaving at = inf
   Increment on distance indicator: 6.0
   Increment on tard indicator:     0.0
   Value of tmax indicator:         6.0

Task for patient = 271 with skills = {5,-1} and cost = 401.0
   Vehicle #0 = 38, leaving at = 586.0
   Vehicle #1 = -1, leaving at = inf
   Increment on distance indicator: 12.0
   Increment on tard indicator:     0.0
   Value of tmax indicator:         12.0

Task for patient = 47 with skills = {2,-1} and cost = 543.3
   Vehicle #0 = 14, leaving at = 598.0
   Vehicle #1 = -1, leaving at = inf
   Increment on distance indicator: 52.0
   Increment on tard indicator:     0.0
   Value of tmax indicator:         52.0

Task for patient = 225 with skills = {2,-1} and cost = 526.0
   Vehicle #0 = 12, leaving at = 783.0
   Vehicle #1 = -1, leaving at = inf
   Increment on distance indicator: 4.0
   Increment on tard indicator:     0.0
   Value of tmax indicator:         4.0

Task for patient = 22 with skills = {5,-1} and cost = 524.7
   Vehicle #0 = 41, leaving at = 730.0
   Vehicle #1 = -1, leaving at = inf
   Increment on distance indicator: 4.0
   Increment on tard indicator:     0.0
   Value of tmax indicator:         4.0

Task for patient = 257 with skills = {0,5} and cost = 523.3
   Vehicle #0 = 4, leaving at = 822.0
   Vehicle #1 = 32, leaving at = 861.0
   Increment on distance indicator: 4.0
   Increment on tard indicator:     0.0
   Value of tmax indicator:         4.0

Task for patient = 272 with skills = {1,-1} and cost = 522.0
   Vehicle #0 = 7, leaving at = 515.0
   Vehicle #1 = -1, leaving at = inf
   Increment on distance indicator: 52.0
   Increment on tard indicator:     0.0
   Value of tmax indicator:         52.0

Task for patient = 208 with skills = {2,-1} and cost = 504.7
   Vehicle #0 = 12, leaving at = 749.0
   Vehicle #1 = -1, leaving at = inf
   Increment on distance indicator: 4.0
   Increment on tard indicator:     0.0
   Value of tmax indicator:         4.0

Task for patient = 202 with skills = {3,-1} and cost = 503.3
   Vehicle #0 = 34, leaving at = 810.0
   Vehicle #1 = -1, leaving at = inf
   Increment on distance indicator: 4.0
   Increment on tard indicator:     0.0
   Value of tmax indicator:         4.0

Task for patient = 74 with skills = {3,-1} and cost = 502.0
   Vehicle #0 = 33, leaving at = 869.0
   Vehicle #1 = -1, leaving at = inf
   Increment on distance indicator: 1.0
   Increment on tard indicator:     0.0
   Value of tmax indicator:         1.0

Task for patient = 146 with skills = {2,-1} and cost = 443.7
   Vehicle #0 = 6, leaving at = 851.0
   Vehicle #1 = -1, leaving at = inf
   Increment on distance indicator: 2.0
   Increment on tard indicator:     0.0
   Value of tmax indicator:         2.0

Task for patient = 5 with skills = {4,-1} and cost = 478.0
   Vehicle #0 = 40, leaving at = 589.0
   Vehicle #1 = -1, leaving at = inf
   Increment on distance indicator: 5.0
   Increment on tard indicator:     0.0
   Value of tmax indicator:         5.0

Task for patient = 130 with skills = {0,4} and cost = 476.3
   Vehicle #0 = 11, leaving at = 646.0
   Vehicle #1 = 42, leaving at = 693.0
   Increment on distance indicator: 6.0
   Increment on tard indicator:     0.0
   Value of tmax indicator:         6.0

Task for patient = 239 with skills = {3,-1} and cost = 474.3
   Vehicle #0 = 42, leaving at = 525.0
   Vehicle #1 = -1, leaving at = inf
   Increment on distance indicator: 52.0
   Increment on tard indicator:     0.0
   Value of tmax indicator:         52.0

Task for patient = 214 with skills = {0,-1} and cost = 457.0
   Vehicle #0 = 5, leaving at = 889.0
   Vehicle #1 = -1, leaving at = inf
   Increment on distance indicator: 2.0
   Increment on tard indicator:     0.0
   Value of tmax indicator:         2.0

Task for patient = 164 with skills = {2,-1} and cost = 456.3
   Vehicle #0 = 1, leaving at = 834.0
   Vehicle #1 = -1, leaving at = inf
   Increment on distance indicator: 4.0
   Increment on tard indicator:     0.0
   Value of tmax indicator:         4.0

Task for patient = 25 with skills = {0,5} and cost = 455.0
   Vehicle #0 = 4, leaving at = 803.0
   Vehicle #1 = 38, leaving at = 803.0
   Increment on distance indicator: 3.0
   Increment on tard indicator:     0.0
   Value of tmax indicator:         3.0

Task for patient = 243 with skills = {3,-1} and cost = 454.0
   Vehicle #0 = 41, leaving at = 668.0
   Vehicle #1 = -1, leaving at = inf
   Increment on distance indicator: 14.0
   Increment on tard indicator:     0.0
   Value of tmax indicator:         14.0

Task for patient = 126 with skills = {3,-1} and cost = 449.3
   Vehicle #0 = 31, leaving at = 874.0
   Vehicle #1 = -1, leaving at = inf
   Increment on distance indicator: 2.0
   Increment on tard indicator:     0.0
   Value of tmax indicator:         2.0

Task for patient = 269 with skills = {2,3} and cost = 448.7
   Vehicle #0 = 9, leaving at = 729.0
   Vehicle #1 = 36, leaving at = 764.0
   Increment on distance indicator: 15.0
   Increment on tard indicator:     0.0
   Value of tmax indicator:         15.0

Task for patient = 296 with skills = {2,-1} and cost = 501.7
   Vehicle #0 = 12, leaving at = 530.0
   Vehicle #1 = -1, leaving at = inf
   Increment on distance indicator: 50.0
   Increment on tard indicator:     0.0
   Value of tmax indicator:         50.0

Task for patient = 161 with skills = {3,-1} and cost = 162.7
   Vehicle #0 = 33, leaving at = 801.0
   Vehicle #1 = -1, leaving at = inf
   Increment on distance indicator: 5.0
   Increment on tard indicator:     0.0
   Value of tmax indicator:         5.0

Task for patient = 89 with skills = {2,5} and cost = 161.0
   Vehicle #0 = 3, leaving at = 785.0
   Vehicle #1 = 30, leaving at = 785.0
   Increment on distance indicator: 4.0
   Increment on tard indicator:     0.0
   Value of tmax indicator:         4.0

Task for patient = 159 with skills = {0,3} and cost = 159.7
   Vehicle #0 = 1, leaving at = 770.0
   Vehicle #1 = 33, leaving at = 770.0
   Increment on distance indicator: 7.0
   Increment on tard indicator:     0.0
   Value of tmax indicator:         7.0

Task for patient = 279 with skills = {0,-1} and cost = 157.3
   Vehicle #0 = 1, leaving at = 707.0
   Vehicle #1 = -1, leaving at = inf
   Increment on distance indicator: 2.0
   Increment on tard indicator:     0.0
   Value of tmax indicator:         2.0

Task for patient = 58 with skills = {3,-1} and cost = 156.7
   Vehicle #0 = 33, leaving at = 597.0
   Vehicle #1 = -1, leaving at = inf
   Increment on distance indicator: 52.0
   Increment on tard indicator:     0.0
   Value of tmax indicator:         52.0

Task for patient = 246 with skills = {0,-1} and cost = 139.3
   Vehicle #0 = 1, leaving at = 646.0
   Vehicle #1 = -1, leaving at = inf
   Increment on distance indicator: 5.0
   Increment on tard indicator:     0.0
   Value of tmax indicator:         5.0

Task for patient = 114 with skills = {0,-1} and cost = 137.7
   Vehicle #0 = 0, leaving at = 646.0
   Vehicle #1 = -1, leaving at = inf
   Increment on distance indicator: 9.0
   Increment on tard indicator:     0.0
   Value of tmax indicator:         9.0

Task for patient = 293 with skills = {0,4} and cost = 134.7
   Vehicle #0 = 1, leaving at = 584.0
   Vehicle #1 = 32, leaving at = 584.0
   Increment on distance indicator: 13.0
   Increment on tard indicator:     0.0
   Value of tmax indicator:         13.0

Task for patient = 82 with skills = {0,-1} and cost = 347.0
   Vehicle #0 = 10, leaving at = 546.0
   Vehicle #1 = -1, leaving at = inf
   Increment on distance indicator: 52.0
   Increment on tard indicator:     0.0
   Value of tmax indicator:         52.0

Task for patient = 45 with skills = {1,-1} and cost = 128.7
   Vehicle #0 = 3, leaving at = 578.0
   Vehicle #1 = -1, leaving at = inf
   Increment on distance indicator: 52.0
   Increment on tard indicator:     0.0
   Value of tmax indicator:         52.0

Task for patient = 185 with skills = {2,3} and cost = 111.3
   Vehicle #0 = 2, leaving at = 695.0
   Vehicle #1 = 31, leaving at = 718.0
   Increment on distance indicator: 6.0
   Increment on tard indicator:     0.0
   Value of tmax indicator:         6.0

Task for patient = 42 with skills = {5,-1} and cost = 109.3
   Vehicle #0 = 32, leaving at = 533.0
   Vehicle #1 = -1, leaving at = inf
   Increment on distance indicator: 55.0
   Increment on tard indicator:     0.0
   Value of tmax indicator:         55.0

Task for patient = 213 with skills = {3,-1} and cost = 91.0
   Vehicle #0 = 31, leaving at = 639.0
   Vehicle #1 = -1, leaving at = inf
   Increment on distance indicator: 53.0
   Increment on tard indicator:     0.0
   Value of tmax indicator:         53.0

Task for patient = 186 with skills = {2,-1} and cost = 73.3
   Vehicle #0 = 1, leaving at = 526.0
   Vehicle #1 = -1, leaving at = inf
   Increment on distance indicator: 53.0
   Increment on tard indicator:     0.0
   Value of tmax indicator:         53.0

Task for patient = 113 with skills = {1,5} and cost = 55.7
   Vehicle #0 = 2, leaving at = 654.0
   Vehicle #1 = 30, leaving at = 663.0
   Increment on distance indicator: 56.0
   Increment on tard indicator:     0.0
   Value of tmax indicator:         56.0

Task for patient = 143 with skills = {5,-1} and cost = 37.0
   Vehicle #0 = 30, leaving at = 611.0
   Vehicle #1 = -1, leaving at = inf
   Increment on distance indicator: 5.0
   Increment on tard indicator:     0.0
   Value of tmax indicator:         5.0

Task for patient = 40 with skills = {0,5} and cost = 35.3
   Vehicle #0 = 0, leaving at = 593.0
   Vehicle #1 = 30, leaving at = 584.0
   Increment on distance indicator: 106.0
   Increment on tard indicator:     0.0
   Value of tmax indicator:         106.0

Task for patient = 118 with skills = {2,5} and cost = 130.3
   Vehicle #0 = 3, leaving at = 725.0
   Vehicle #1 = 30, leaving at = 725.0
   Increment on distance indicator: 5.0
   Increment on tard indicator:     0.0
   Value of tmax indicator:         5.0

Task for patient = 128 with skills = {0,-1} and cost = 310.7
   Vehicle #0 = 1, leaving at = 788.0
   Vehicle #1 = -1, leaving at = inf
   Increment on distance indicator: 3.0
   Increment on tard indicator:     0.0
   Value of tmax indicator:         3.0

Task for patient = 133 with skills = {5,-1} and cost = 309.7
   Vehicle #0 = 30, leaving at = 840.0
   Vehicle #1 = -1, leaving at = inf
   Increment on distance indicator: 2.0
   Increment on tard indicator:     0.0
   Value of tmax indicator:         2.0

Task for patient = 210 with skills = {0,5} and cost = 309.0
   Vehicle #0 = 0, leaving at = 688.0
   Vehicle #1 = 36, leaving at = 688.0
   Increment on distance indicator: 8.0
   Increment on tard indicator:     0.0
   Value of tmax indicator:         8.0

Task for patient = 181 with skills = {2,-1} and cost = 306.3
   Vehicle #0 = 9, leaving at = 688.0
   Vehicle #1 = -1, leaving at = inf
   Increment on distance indicator: 2.0
   Increment on tard indicator:     0.0
   Value of tmax indicator:         2.0

Task for patient = 123 with skills = {2,5} and cost = 305.7
   Vehicle #0 = 6, leaving at = 754.0
   Vehicle #1 = 34, leaving at = 754.0
   Increment on distance indicator: 7.0
   Increment on tard indicator:     0.0
   Value of tmax indicator:         7.0

Task for patient = 158 with skills = {3,-1} and cost = 303.3
   Vehicle #0 = 36, leaving at = 638.0
   Vehicle #1 = -1, leaving at = inf
   Increment on distance indicator: 7.0
   Increment on tard indicator:     0.0
   Value of tmax indicator:         7.0

Task for patient = 117 with skills = {2,3} and cost = 301.0
   Vehicle #0 = 9, leaving at = 643.0
   Vehicle #1 = 34, leaving at = 643.0
   Increment on distance indicator: 6.0
   Increment on tard indicator:     0.0
   Value of tmax indicator:         6.0

Task for patient = 190 with skills = {2,-1} and cost = 299.0
   Vehicle #0 = 6, leaving at = 719.0
   Vehicle #1 = -1, leaving at = inf
   Increment on distance indicator: 2.0
   Increment on tard indicator:     0.0
   Value of tmax indicator:         2.0

Task for patient = 33 with skills = {2,-1} and cost = 180.0
   Vehicle #0 = 5, leaving at = 575.0
   Vehicle #1 = -1, leaving at = inf
   Increment on distance indicator: 52.0
   Increment on tard indicator:     0.0
   Value of tmax indicator:         52.0

Task for patient = 268 with skills = {2,4} and cost = 296.3
   Vehicle #0 = 9, leaving at = 557.0
   Vehicle #1 = 36, leaving at = 571.0
   Increment on distance indicator: 106.0
   Increment on tard indicator:     0.0
   Value of tmax indicator:         106.0

Task for patient = 136 with skills = {2,4} and cost = 261.0
   Vehicle #0 = 6, leaving at = 669.0
   Vehicle #1 = 35, leaving at = 669.0
   Increment on distance indicator: 102.0
   Increment on tard indicator:     0.0
   Value of tmax indicator:         102.0

Task for patient = 125 with skills = {2,-1} and cost = 227.0
   Vehicle #0 = 3, leaving at = 864.0
   Vehicle #1 = -1, leaving at = inf
   Increment on distance indicator: 2.0
   Increment on tard indicator:     0.0
   Value of tmax indicator:         2.0

Task for patient = 284 with skills = {2,3} and cost = 226.3
   Vehicle #0 = 3, leaving at = 813.0
   Vehicle #1 = 31, leaving at = 848.0
   Increment on distance indicator: 7.0
   Increment on tard indicator:     0.0
   Value of tmax indicator:         7.0

Task for patient = 76 with skills = {0,4} and cost = 224.0
   Vehicle #0 = 5, leaving at = 773.0
   Vehicle #1 = 32, leaving at = 773.0
   Increment on distance indicator: 5.0
   Increment on tard indicator:     0.0
   Value of tmax indicator:         5.0

Task for patient = 212 with skills = {3,-1} and cost = 222.3
   Vehicle #0 = 33, leaving at = 837.0
   Vehicle #1 = -1, leaving at = inf
   Increment on distance indicator: 4.0
   Increment on tard indicator:     0.0
   Value of tmax indicator:         4.0

Task for patient = 170 with skills = {2,4} and cost = 221.0
   Vehicle #0 = 2, leaving at = 749.0
   Vehicle #1 = 32, leaving at = 725.0
   Increment on distance indicator: 8.0
   Increment on tard indicator:     0.0
   Value of tmax indicator:         8.0

Task for patient = 71 with skills = {1,5} and cost = 218.3
   Vehicle #0 = 4, leaving at = 529.0
   Vehicle #1 = 34, leaving at = 542.0
   Increment on distance indicator: 108.0
   Increment on tard indicator:     0.0
   Value of tmax indicator:         108.0

Task for patient = 108 with skills = {0,5} and cost = 182.3
   Vehicle #0 = 5, leaving at = 637.0
   Vehicle #1 = 32, leaving at = 652.0
   Increment on distance indicator: 7.0
   Increment on tard indicator:     0.0
   Value of tmax indicator:         7.0

Task for patient = 234 with skills = {1,3} and cost = 298.3
   Vehicle #0 = 4, leaving at = 603.0
   Vehicle #1 = 34, leaving at = 603.0
   Increment on distance indicator: 6.0
   Increment on tard indicator:     0.0
   Value of tmax indicator:         6.0

Task for patient = 144 with skills = {3,-1} and cost = 743.0
   Vehicle #0 = 43, leaving at = 795.0
   Vehicle #1 = -1, leaving at = inf
   Increment on distance indicator: 2.0
   Increment on tard indicator:     0.0
   Value of tmax indicator:         2.0

Task for patient = 97 with skills = {0,-1} and cost = 742.3
   Vehicle #0 = 16, leaving at = 792.0
   Vehicle #1 = -1, leaving at = inf
   Increment on distance indicator: 4.0
   Increment on tard indicator:     0.0
   Value of tmax indicator:         4.0

Task for patient = 29 with skills = {4,-1} and cost = 741.0
   Vehicle #0 = 42, leaving at = 881.0
   Vehicle #1 = -1, leaving at = inf
   Increment on distance indicator: 3.0
   Increment on tard indicator:     0.0
   Value of tmax indicator:         3.0

Task for patient = 227 with skills = {2,3} and cost = 740.0
   Vehicle #0 = 3, leaving at = 946.0
   Vehicle #1 = 44, leaving at = 946.0
   Increment on distance indicator: 3.0
   Increment on tard indicator:     0.0
   Value of tmax indicator:         3.0

Task for patient = 50 with skills = {2,-1} and cost = 739.0
   Vehicle #0 = 3, leaving at = 911.0
   Vehicle #1 = -1, leaving at = inf
   Increment on distance indicator: 1.0
   Increment on tard indicator:     0.0
   Value of tmax indicator:         1.0

Task for patient = 253 with skills = {1,-1} and cost = 738.7
   Vehicle #0 = 8, leaving at = 606.0
   Vehicle #1 = -1, leaving at = inf
   Increment on distance indicator: 52.0
   Increment on tard indicator:     0.0
   Value of tmax indicator:         52.0

Task for patient = 69 with skills = {5,-1} and cost = 721.3
   Vehicle #0 = 43, leaving at = 742.0
   Vehicle #1 = -1, leaving at = inf
   Increment on distance indicator: 11.0
   Increment on tard indicator:     0.0
   Value of tmax indicator:         11.0

Task for patient = 177 with skills = {4,-1} and cost = 717.7
   Vehicle #0 = 45, leaving at = 691.0
   Vehicle #1 = -1, leaving at = inf
   Increment on distance indicator: 7.0
   Increment on tard indicator:     0.0
   Value of tmax indicator:         7.0

Task for patient = 286 with skills = {3,-1} and cost = 543.7
   Vehicle #0 = 33, leaving at = 897.0
   Vehicle #1 = -1, leaving at = inf
   Increment on distance indicator: 1.0
   Increment on tard indicator:     0.0
   Value of tmax indicator:         1.0

Task for patient = 18 with skills = {0,5} and cost = 714.3
   Vehicle #0 = 4, leaving at = 895.0
   Vehicle #1 = 39, leaving at = 884.0
   Increment on distance indicator: 4.0
   Increment on tard indicator:     0.0
   Value of tmax indicator:         4.0

Task for patient = 205 with skills = {3,-1} and cost = 713.0
   Vehicle #0 = 37, leaving at = 892.0
   Vehicle #1 = -1, leaving at = inf
   Increment on distance indicator: 1.0
   Increment on tard indicator:     0.0
   Value of tmax indicator:         1.0

Task for patient = 44 with skills = {0,-1} and cost = 712.7
   Vehicle #0 = 4, leaving at = 842.0
   Vehicle #1 = -1, leaving at = inf
   Increment on distance indicator: 2.0
   Increment on tard indicator:     0.0
   Value of tmax indicator:         2.0

Task for patient = 95 with skills = {3,-1} and cost = 712.0
   Vehicle #0 = 44, leaving at = 857.0
   Vehicle #1 = -1, leaving at = inf
   Increment on distance indicator: 2.0
   Increment on tard indicator:     0.0
   Value of tmax indicator:         2.0

Task for patient = 248 with skills = {1,-1} and cost = 711.3
   Vehicle #0 = 17, leaving at = 776.0
   Vehicle #1 = -1, leaving at = inf
   Increment on distance indicator: 1.0
   Increment on tard indicator:     0.0
   Value of tmax indicator:         1.0

Task for patient = 122 with skills = {4,-1} and cost = 711.0
   Vehicle #0 = 30, leaving at = 939.0
   Vehicle #1 = -1, leaving at = inf
   Increment on distance indicator: 1.0
   Increment on tard indicator:     0.0
   Value of tmax indicator:         1.0

Task for patient = 110 with skills = {5,-1} and cost = 710.7
   Vehicle #0 = 44, leaving at = 816.0
   Vehicle #1 = -1, leaving at = inf
   Increment on distance indicator: 3.0
   Increment on tard indicator:     0.0
   Value of tmax indicator:         3.0

Task for patient = 149 with skills = {1,-1} and cost = 709.7
   Vehicle #0 = 17, leaving at = 730.0
   Vehicle #1 = -1, leaving at = inf
   Increment on distance indicator: 3.0
   Increment on tard indicator:     0.0
   Value of tmax indicator:         3.0

Task for patient = 240 with skills = {2,-1} and cost = 715.3
   Vehicle #0 = 12, leaving at = 865.0
   Vehicle #1 = -1, leaving at = inf
   Increment on distance indicator: 3.0
   Increment on tard indicator:     0.0
   Value of tmax indicator:         3.0

Task for patient = 195 with skills = {5,-1} and cost = 817.3
   Vehicle #0 = 30, leaving at = 1013.0
   Vehicle #1 = -1, leaving at = inf
   Increment on distance indicator: 2.0
   Increment on tard indicator:     0.0
   Value of tmax indicator:         2.0

Task for patient = 278 with skills = {3,-1} and cost = 1087.0
   Vehicle #0 = 31, leaving at = 1181.0
   Vehicle #1 = -1, leaving at = inf
   Increment on distance indicator: 3.0
   Increment on tard indicator:     0.0
   Value of tmax indicator:         3.0

Task for patient = 55 with skills = {1,3} and cost = 815.0
   Vehicle #0 = 8, leaving at = 795.0
   Vehicle #1 = 47, leaving at = 795.0
   Increment on distance indicator: 8.0
   Increment on tard indicator:     0.0
   Value of tmax indicator:         8.0

Task for patient = 78 with skills = {5,-1} and cost = 812.3
   Vehicle #0 = 32, leaving at = 984.0
   Vehicle #1 = -1, leaving at = inf
   Increment on distance indicator: 3.0
   Increment on tard indicator:     0.0
   Value of tmax indicator:         3.0

Task for patient = 38 with skills = {4,-1} and cost = 811.3
   Vehicle #0 = 45, leaving at = 718.0
   Vehicle #1 = -1, leaving at = inf
   Increment on distance indicator: 8.0
   Increment on tard indicator:     0.0
   Value of tmax indicator:         8.0

Task for patient = 201 with skills = {3,-1} and cost = 808.7
   Vehicle #0 = 33, leaving at = 941.0
   Vehicle #1 = -1, leaving at = inf
   Increment on distance indicator: 2.0
   Increment on tard indicator:     0.0
   Value of tmax indicator:         2.0

Task for patient = 280 with skills = {2,-1} and cost = 808.0
   Vehicle #0 = 17, leaving at = 815.0
   Vehicle #1 = -1, leaving at = inf
   Increment on distance indicator: 2.0
   Increment on tard indicator:     0.0
   Value of tmax indicator:         2.0

Task for patient = 62 with skills = {4,-1} and cost = 807.3
   Vehicle #0 = 48, leaving at = 575.0
   Vehicle #1 = -1, leaving at = inf
   Increment on distance indicator: 54.0
   Increment on tard indicator:     0.0
   Value of tmax indicator:         54.0

Task for patient = 220 with skills = {5,-1} and cost = 743.7
   Vehicle #0 = 43, leaving at = 820.0
   Vehicle #1 = -1, leaving at = inf
   Increment on distance indicator: 2.0
   Increment on tard indicator:     0.0
   Value of tmax indicator:         2.0

Task for patient = 242 with skills = {5,-1} and cost = 788.3
   Vehicle #0 = 30, leaving at = 972.0
   Vehicle #1 = -1, leaving at = inf
   Increment on distance indicator: 2.0
   Increment on tard indicator:     0.0
   Value of tmax indicator:         2.0

Task for patient = 206 with skills = {1,-1} and cost = 787.7
   Vehicle #0 = 8, leaving at = 717.0
   Vehicle #1 = -1, leaving at = inf
   Increment on distance indicator: 3.0
   Increment on tard indicator:     0.0
   Value of tmax indicator:         3.0

Task for patient = 258 with skills = {2,5} and cost = 786.7
   Vehicle #0 = 14, leaving at = 896.0
   Vehicle #1 = 38, leaving at = 896.0
   Increment on distance indicator: 3.0
   Increment on tard indicator:     0.0
   Value of tmax indicator:         3.0

Task for patient = 249 with skills = {4,-1} and cost = 785.7
   Vehicle #0 = 47, leaving at = 734.0
   Vehicle #1 = -1, leaving at = inf
   Increment on distance indicator: 4.0
   Increment on tard indicator:     0.0
   Value of tmax indicator:         4.0

Task for patient = 70 with skills = {1,4} and cost = 784.3
   Vehicle #0 = 8, leaving at = 693.0
   Vehicle #1 = 47, leaving at = 693.0
   Increment on distance indicator: 6.0
   Increment on tard indicator:     0.0
   Value of tmax indicator:         6.0

Task for patient = 211 with skills = {1,5} and cost = 782.3
   Vehicle #0 = 8, leaving at = 656.0
   Vehicle #1 = 47, leaving at = 656.0
   Increment on distance indicator: 57.0
   Increment on tard indicator:     0.0
   Value of tmax indicator:         57.0

Task for patient = 216 with skills = {1,4} and cost = 763.3
   Vehicle #0 = 16, leaving at = 891.0
   Vehicle #1 = 32, leaving at = 891.0
   Increment on distance indicator: 3.0
   Increment on tard indicator:     0.0
   Value of tmax indicator:         3.0

Task for patient = 219 with skills = {5,-1} and cost = 762.3
   Vehicle #0 = 46, leaving at = 674.0
   Vehicle #1 = -1, leaving at = inf
   Increment on distance indicator: 52.0
   Increment on tard indicator:     0.0
   Value of tmax indicator:         52.0

Task for patient = 105 with skills = {0,-1} and cost = 745.0
   Vehicle #0 = 0, leaving at = 717.0
   Vehicle #1 = -1, leaving at = inf
   Increment on distance indicator: 4.0
   Increment on tard indicator:     0.0
   Value of tmax indicator:         4.0

Task for patient = 124 with skills = {4,-1} and cost = 789.3
   Vehicle #0 = 46, leaving at = 723.0
   Vehicle #1 = -1, leaving at = inf
   Increment on distance indicator: 3.0
   Increment on tard indicator:     0.0
   Value of tmax indicator:         3.0

Task for patient = 93 with skills = {0,-1} and cost = 610.0
   Vehicle #0 = 16, leaving at = 763.0
   Vehicle #1 = -1, leaving at = inf
   Increment on distance indicator: 1.0
   Increment on tard indicator:     0.0
   Value of tmax indicator:         1.0

Task for patient = 274 with skills = {1,-1} and cost = 609.7
   Vehicle #0 = 7, leaving at = 710.0
   Vehicle #1 = -1, leaving at = inf
   Increment on distance indicator: 2.0
   Increment on tard indicator:     0.0
   Value of tmax indicator:         2.0

Task for patient = 300 with skills = {4,-1} and cost = 609.0
   Vehicle #0 = 44, leaving at = 580.0
   Vehicle #1 = -1, leaving at = inf
   Increment on distance indicator: 54.0
   Increment on tard indicator:     0.0
   Value of tmax indicator:         54.0

Task for patient = 241 with skills = {2,4} and cost = 591.0
   Vehicle #0 = 12, leaving at = 839.0
   Vehicle #1 = 40, leaving at = 850.0
   Increment on distance indicator: 5.0
   Increment on tard indicator:     0.0
   Value of tmax indicator:         5.0

Task for patient = 104 with skills = {4,-1} and cost = 589.3
   Vehicle #0 = 41, leaving at = 818.0
   Vehicle #1 = -1, leaving at = inf
   Increment on distance indicator: 3.0
   Increment on tard indicator:     0.0
   Value of tmax indicator:         3.0

Task for patient = 57 with skills = {5,-1} and cost = 588.3
   Vehicle #0 = 39, leaving at = 692.0
   Vehicle #1 = -1, leaving at = inf
   Increment on distance indicator: 2.0
   Increment on tard indicator:     0.0
   Value of tmax indicator:         2.0

Task for patient = 197 with skills = {2,3} and cost = 587.7
   Vehicle #0 = 3, leaving at = 888.0
   Vehicle #1 = 31, leaving at = 936.0
   Increment on distance indicator: 4.0
   Increment on tard indicator:     0.0
   Value of tmax indicator:         4.0

Task for patient = 298 with skills = {2,-1} and cost = 586.3
   Vehicle #0 = 16, leaving at = 547.0
   Vehicle #1 = -1, leaving at = inf
   Increment on distance indicator: 54.0
   Increment on tard indicator:     0.0
   Value of tmax indicator:         54.0

Task for patient = 174 with skills = {5,-1} and cost = 708.7
   Vehicle #0 = 44, leaving at = 762.0
   Vehicle #1 = -1, leaving at = inf
   Increment on distance indicator: 4.0
   Increment on tard indicator:     0.0
   Value of tmax indicator:         4.0

Task for patient = 145 with skills = {0,-1} and cost = 567.7
   Vehicle #0 = 14, leaving at = 721.0
   Vehicle #1 = -1, leaving at = inf
   Increment on distance indicator: 1.0
   Increment on tard indicator:     0.0
   Value of tmax indicator:         1.0

Task for patient = 262 with skills = {4,-1} and cost = 567.3
   Vehicle #0 = 33, leaving at = 923.0
   Vehicle #1 = -1, leaving at = inf
   Increment on distance indicator: 2.0
   Increment on tard indicator:     0.0
   Value of tmax indicator:         2.0

Task for patient = 11 with skills = {3,-1} and cost = 566.7
   Vehicle #0 = 41, leaving at = 785.0
   Vehicle #1 = -1, leaving at = inf
   Increment on distance indicator: 2.0
   Increment on tard indicator:     0.0
   Value of tmax indicator:         2.0

Task for patient = 61 with skills = {5,-1} and cost = 566.0
   Vehicle #0 = 39, leaving at = 632.0
   Vehicle #1 = -1, leaving at = inf
   Increment on distance indicator: 2.0
   Increment on tard indicator:     0.0
   Value of tmax indicator:         2.0

Task for patient = 235 with skills = {5,-1} and cost = 565.3
   Vehicle #0 = 39, leaving at = 577.0
   Vehicle #1 = -1, leaving at = inf
   Increment on distance indicator: 52.0
   Increment on tard indicator:     0.0
   Value of tmax indicator:         52.0

Task for patient = 85 with skills = {1,-1} and cost = 548.0
   Vehicle #0 = 7, leaving at = 567.0
   Vehicle #1 = -1, leaving at = inf
   Increment on distance indicator: 2.0
   Increment on tard indicator:     0.0
   Value of tmax indicator:         2.0

Task for patient = 198 with skills = {0,4} and cost = 547.3
   Vehicle #0 = 14, leaving at = 694.0
   Vehicle #1 = 40, leaving at = 699.0
   Increment on distance indicator: 7.0
   Increment on tard indicator:     0.0
   Value of tmax indicator:         7.0

Task for patient = 290 with skills = {0,-1} and cost = 545.0
   Vehicle #0 = 14, leaving at = 631.0
   Vehicle #1 = -1, leaving at = inf
   Increment on distance indicator: 4.0
   Increment on tard indicator:     0.0
   Value of tmax indicator:         4.0

Task for patient = 152 with skills = {0,-1} and cost = 568.3
   Vehicle #0 = 14, leaving at = 782.0
   Vehicle #1 = -1, leaving at = inf
   Increment on distance indicator: 2.0
   Increment on tard indicator:     0.0
   Value of tmax indicator:         2.0

Task for patient = 291 with skills = {5,-1} and cost = 707.3
   Vehicle #0 = 35, leaving at = 790.0
   Vehicle #1 = -1, leaving at = inf
   Increment on distance indicator: 3.0
   Increment on tard indicator:     0.0
   Value of tmax indicator:         3.0

Task for patient = 81 with skills = {0,-1} and cost = 706.3
   Vehicle #0 = 10, leaving at = 745.0
   Vehicle #1 = -1, leaving at = inf
   Increment on distance indicator: 2.0
   Increment on tard indicator:     0.0
   Value of tmax indicator:         2.0

Task for patient = 237 with skills = {4,-1} and cost = 705.7
   Vehicle #0 = 40, leaving at = 883.0
   Vehicle #1 = -1, leaving at = inf
   Increment on distance indicator: 2.0
   Increment on tard indicator:     0.0
   Value of tmax indicator:         2.0

Task for patient = 168 with skills = {3,-1} and cost = 705.0
   Vehicle #0 = 42, leaving at = 834.0
   Vehicle #1 = -1, leaving at = inf
   Increment on distance indicator: 2.0
   Increment on tard indicator:     0.0
   Value of tmax indicator:         2.0

Task for patient = 256 with skills = {1,-1} and cost = 704.3
   Vehicle #0 = 17, leaving at = 707.0
   Vehicle #1 = -1, leaving at = inf
   Increment on distance indicator: 6.0
   Increment on tard indicator:     0.0
   Value of tmax indicator:         6.0

Task for patient = 53 with skills = {4,-1} and cost = 702.3
   Vehicle #0 = 45, leaving at = 630.0
   Vehicle #1 = -1, leaving at = inf
   Increment on distance indicator: 2.0
   Increment on tard indicator:     0.0
   Value of tmax indicator:         2.0

Task for patient = 285 with skills = {3,-1} and cost = 701.7
   Vehicle #0 = 45, leaving at = 541.0
   Vehicle #1 = -1, leaving at = inf
   Increment on distance indicator: 54.0
   Increment on tard indicator:     0.0
   Value of tmax indicator:         54.0

Task for patient = 165 with skills = {1,4} and cost = 683.7
   Vehicle #0 = 20, leaving at = 757.0
   Vehicle #1 = 42, leaving at = 777.0
   Increment on distance indicator: 7.0
   Increment on tard indicator:     0.0
   Value of tmax indicator:         7.0

Task for patient = 276 with skills = {2,4} and cost = 630.0
   Vehicle #0 = 17, leaving at = 581.0
   Vehicle #1 = 44, leaving at = 605.0
   Increment on distance indicator: 60.0
   Increment on tard indicator:     0.0
   Value of tmax indicator:         60.0

Task for patient = 176 with skills = {1,5} and cost = 678.0
   Vehicle #0 = 7, leaving at = 844.0
   Vehicle #1 = 38, leaving at = 844.0
   Increment on distance indicator: 4.0
   Increment on tard indicator:     0.0
   Value of tmax indicator:         4.0

Task for patient = 292 with skills = {2,-1} and cost = 676.7
   Vehicle #0 = 6, leaving at = 885.0
   Vehicle #1 = -1, leaving at = inf
   Increment on distance indicator: 3.0
   Increment on tard indicator:     0.0
   Value of tmax indicator:         3.0

Task for patient = 203 with skills = {3,-1} and cost = 675.7
   Vehicle #0 = 31, leaving at = 971.0
   Vehicle #1 = -1, leaving at = inf
   Increment on distance indicator: 1.0
   Increment on tard indicator:     0.0
   Value of tmax indicator:         1.0

Task for patient = 37 with skills = {2,3} and cost = 675.3
   Vehicle #0 = 17, leaving at = 644.0
   Vehicle #1 = 43, leaving at = 644.0
   Increment on distance indicator: 60.0
   Increment on tard indicator:     0.0
   Value of tmax indicator:         60.0

Task for patient = 199 with skills = {0,-1} and cost = 653.3
   Vehicle #0 = 20, leaving at = 623.0
   Vehicle #1 = -1, leaving at = inf
   Increment on distance indicator: 3.0
   Increment on tard indicator:     0.0
   Value of tmax indicator:         3.0

Task for patient = 127 with skills = {0,-1} and cost = 652.3
   Vehicle #0 = 20, leaving at = 581.0
   Vehicle #1 = -1, leaving at = inf
   Increment on distance indicator: 5.0
   Increment on tard indicator:     0.0
   Value of tmax indicator:         5.0

Task for patient = 14 with skills = {1,5} and cost = 650.7
   Vehicle #0 = 2, leaving at = 820.0
   Vehicle #1 = 39, leaving at = 820.0
   Increment on distance indicator: 6.0
   Increment on tard indicator:     0.0
   Value of tmax indicator:         6.0

Task for patient = 20 with skills = {0,-1} and cost = 648.7
   Vehicle #0 = 20, leaving at = 555.0
   Vehicle #1 = -1, leaving at = inf
   Increment on distance indicator: 53.0
   Increment on tard indicator:     0.0
   Value of tmax indicator:         53.0

Task for patient = 231 with skills = {3,-1} and cost = 631.0
   Vehicle #0 = 44, leaving at = 664.0
   Vehicle #1 = -1, leaving at = inf
   Increment on distance indicator: 3.0
   Increment on tard indicator:     0.0
   Value of tmax indicator:         3.0

Task for patient = 7 with skills = {3,-1} and cost = 681.3
   Vehicle #0 = 43, leaving at = 712.0
   Vehicle #1 = -1, leaving at = inf
   Increment on distance indicator: 10.0
   Increment on tard indicator:     0.0
   Value of tmax indicator:         10.0


Unused vehicle list: 18 19 21 24 25 26 27 28 29 50 51 52 53 54 55 56 57 58 59 (total = 19 out of 60)

---
Search finished.
Total of 1900 generations in 1526.8 seconds.
Exchange elite runs: 23
Implicit path relinking runs: 10
Reset attempts: 4

Best solution found:
   Cost: 1651.7
   Total travel time: 4896.0
   Total tardiness time: 49.0
   Largest tardiness: 10.0


1651.7
