This host is: panku
--- BRKGA-MP-IPR for HHCRSP ---
Instance: new-dataset/instances-200/HHCRSP_200_40_40_1.0_R_C.txt
Seed: 19

Reading data... Problem contains 200 patients  and 40 caregivers.

Summary of supply x demand for each service type:
Skill 0 has supply = 14 and demand = 56, ratio = 0.25
Skill 1 has supply = 8 and demand = 26, ratio = 0.307692
Skill 2 has supply = 12 and demand = 37, ratio = 0.324324
Skill 3 has supply = 14 and demand = 51, ratio = 0.27451
Skill 4 has supply = 16 and demand = 45, ratio = 0.355556
Skill 5 has supply = 13 and demand = 45, ratio = 0.288889

Reading parameters...
Inferred distance function by PR type: kendall-tau
Building BRKGA data and initializing...
Evolving 1900 generations...

  Gens  Rem    Local   ElDiv NoImpr             Best solution            Time  Op
                                       Cost     Dist    Tard    TMax 
*    0 1900  3229.00  303.53      0  3229.00  4553.00  4790.0   344.0     0.2    
*    2 1898  2805.67  285.99      0  2805.67  4651.00  3379.0   387.0     0.5    
*    5 1895  2730.33  220.48      0  2730.33  4532.00  2891.0   316.0     1.0    
*    6 1894  2579.67  201.23      0  2579.67  4650.00  2292.0   251.0     1.1    
*    7 1893  2397.67  190.25      0  2397.67  4650.00  2292.0   251.0     1.3    
*    9 1891  2304.67  147.27      0  2304.67  4545.00  1920.0   244.0     1.6    
*   10 1890  2236.33  156.36      0  2236.33  4538.00  1471.0   211.0     1.7    
*   11 1889  2073.33  142.80      0  2073.33  4651.00   859.0   339.0     1.9    
*   12 1888  1949.67  130.96      0  1949.67  4474.00  1113.0   180.0     2.0    
*   13 1887  1922.33  124.59      0  1922.33  4467.00   680.0   126.0     2.2    
*   14 1886  1757.67  116.69      0  1757.67  4467.00   680.0   126.0     2.3    
*   16 1884  1733.00   99.97      0  1733.00  4652.00   254.0    82.0     2.7    
*   17 1883  1662.67   93.42      0  1662.67  4652.00   254.0    82.0     2.8    
*   20 1880  1600.00   79.02      0  1600.00  4455.00   258.0    87.0     3.3    
*   22 1878  1570.33   65.80      0  1570.33  4346.00   147.0    34.0     3.6    

  Gens  Rem    Local   ElDiv NoImpr             Best solution            Time  Op
                                       Cost     Dist    Tard    TMax 
*   23 1877  1509.00   58.03      0  1509.00  4247.00    33.0     7.0     3.8    
*   24 1876  1429.00   50.80      0  1429.00  4247.00    33.0     7.0     3.9    
*   35 1865  1416.00   23.45      0  1416.00  4160.00    74.0    14.0     5.6    
*   37 1863  1411.00   20.31      0  1411.00  4085.00   114.0    34.0     5.9    
*   40 1860  1391.33   19.25      0  1391.33  4089.00    60.0    25.0     6.4    
*   43 1857  1385.67   17.69      0  1385.67  4141.00    10.0     5.0     6.9    
*   44 1856  1385.33   17.70      0  1385.33  4051.00    31.0    11.0     7.0    
*   45 1855  1364.33   17.24      0  1364.33  4051.00    31.0    11.0     7.2    
*   50 1850  1353.33   14.55      0  1353.33  3975.00    68.0    17.0     8.0    
*   52 1848  1351.33   13.75      0  1351.33  4047.00     5.0     2.0     8.2    
*   55 1845  1336.33   13.02      0  1336.33  3974.00    26.0     9.0     8.7    
*   61 1839  1331.67   12.81      0  1331.67  3974.00    14.0     7.0     9.6    
*   67 1833  1326.00   11.27      0  1326.00  3958.00    13.0     5.0    10.6    
*   68 1832  1325.33   12.24      0  1325.33  3882.00     9.0     8.0    10.7    
*   69 1831  1299.67   12.75      0  1299.67  3882.00     9.0     8.0    10.9    
*   75 1825  1298.00   13.01      0  1298.00  3880.00    11.0     3.0    11.8    

  Gens  Rem    Local   ElDiv NoImpr             Best solution            Time  Op
                                       Cost     Dist    Tard    TMax 
*   78 1822  1295.67   13.36      0  1295.67  3813.00    25.0    11.0    12.3    
*   79 1821  1283.00   13.59      0  1283.00  3813.00    25.0    11.0    12.4    
    80 1820  1283.00    9.37      2  1283.00  3813.00    25.0    11.0    12.6   X
*   92 1808  1273.67    8.15      0  1273.67  3757.00    53.0    11.0    14.5    
   100 1800  1273.67    8.17      8  1273.67  3757.00    53.0    11.0    15.7    
*  104 1796  1267.33    8.63      0  1267.33  3736.00    54.0    12.0    16.3    
*  118 1782  1261.00    9.44      0  1261.00  3716.00    57.0    10.0    18.6    
*  125 1775  1244.33    9.92      0  1244.33  3713.00    15.0     5.0    19.7    
*  142 1758  1237.67   11.98      0  1237.67  3653.00    44.0    16.0    22.3    
*  145 1755  1224.00   13.88      0  1224.00  3612.00    42.0    18.0    22.7    
*  147 1753  1219.67   14.76      0  1219.67  3650.00     7.0     2.0    23.0    
   150 1750  1219.67   15.50      3  1219.67  3650.00     7.0     2.0    23.5    
*  154 1746  1209.00   16.38      0  1209.00  3570.00    47.0    10.0    24.1    
*  159 1741  1193.67   16.98      0  1193.67  3520.00    48.0    13.0    24.9    
   160 1740  1193.67    9.97      2  1193.67  3520.00    48.0    13.0    25.0   X
*  164 1736  1165.00   10.40      0  1165.00  3485.00     6.0     4.0    25.7    
Path relinking result: elite improvement.

  Gens  Rem    Local   ElDiv NoImpr             Best solution            Time  Op
                                       Cost     Dist    Tard    TMax 
   180 1720  1165.00   10.66     17  1165.00  3485.00     6.0     4.0    28.3   P
   200 1700  1165.00    9.08     36  1165.00  3485.00     6.0     4.0    31.4    
*  212 1688  1154.00    8.87      0  1154.00  3438.00    18.0     6.0    33.3    
*  231 1669  1150.67    7.83      0  1150.67  3403.00    13.0     5.0    36.1    
*  232 1668  1140.33    7.87      0  1140.33  3403.00    13.0     5.0    36.3    
*  238 1662  1124.33    8.72      0  1124.33  3318.00    43.0    12.0    37.3    
   240 1660  1124.33    7.85      3  1124.33  3318.00    43.0    12.0    37.6   X
   250 1650  1124.33    7.70     12  1124.33  3318.00    43.0    12.0    39.1    
*  252 1648  1123.00    7.76      0  1123.00  3336.00    27.0     6.0    39.5    
*  257 1643  1120.00    7.77      0  1120.00  3322.00    30.0     8.0    40.2    
*  277 1623  1118.00    6.89      0  1118.00  3322.00    25.0     7.0    43.4    
*  282 1618  1106.00    7.08      0  1106.00  3316.00     1.0     1.0    44.2    
*  295 1605  1094.67    8.02      0  1094.67  3282.00     1.0     1.0    46.2    
   300 1600  1094.67    7.74      5  1094.67  3282.00     1.0     1.0    46.9    
*  307 1593  1094.00    7.83      0  1094.00  3261.00    17.0     4.0    48.0    
*  313 1587  1076.00    8.11      0  1076.00  3210.00    15.0     3.0    49.0    

  Gens  Rem    Local   ElDiv NoImpr             Best solution            Time  Op
                                       Cost     Dist    Tard    TMax 
   320 1580  1076.00    7.44      8  1076.00  3210.00    15.0     3.0    50.1   X
   350 1550  1076.00    7.45     37  1076.00  3210.00    15.0     3.0    54.8    
*  358 1542  1073.67    7.37      0  1073.67  3172.00    38.0    11.0    56.0    
Path relinking result: best improvement.
   360 1540  1066.33    7.80      0  1073.67  3172.00    38.0    11.0    56.4   P
*  361 1539  1066.33    7.83      0  1066.33  3143.00    42.0    14.0    56.6    
*  374 1526  1061.00    7.39      0  1061.00  3131.00    40.0    12.0    58.6    
*  380 1520  1058.67    7.43      0  1058.67  3146.00    20.0    10.0    59.6    
*  390 1510  1057.67    7.58      0  1057.67  3160.00    10.0     3.0    61.1    
*  394 1506  1055.00    7.86      0  1055.00  3152.00     8.0     5.0    61.8    
*  397 1503  1042.00    8.11      0  1042.00  3107.00    10.0     9.0    62.2    
   400 1500  1042.00    7.96      3  1042.00  3107.00    10.0     9.0    62.7    
   400 1500  1042.00    6.97      4  1042.00  3107.00    10.0     9.0    62.7   X
*  410 1490  1039.00    7.20      0  1039.00  3105.00     7.0     5.0    64.2    
*  420 1480  1036.67    6.77      0  1036.67  3088.00    17.0     5.0    65.8    
*  428 1472  1033.00    6.78      0  1033.00  3081.00    13.0     5.0    67.1    
*  443 1457  1027.00    6.21      0  1027.00  3042.00    33.0     6.0    69.3    

  Gens  Rem    Local   ElDiv NoImpr             Best solution            Time  Op
                                       Cost     Dist    Tard    TMax 
   450 1450  1027.00    6.68      7  1027.00  3042.00    33.0     6.0    70.4    
*  451 1449  1022.33    6.89      0  1022.33  3058.00     7.0     2.0    70.6    
*  457 1443  1021.33    7.25      0  1021.33  3044.00    15.0     5.0    71.6    
*  460 1440  1019.00    7.29      0  1019.00  3051.00     4.0     2.0    72.0    
*  478 1422  1012.00    6.52      0  1012.00  3004.00    22.0    10.0    74.9    
*  480 1420  1009.33    7.00      0  1009.33  2996.00    23.0     6.0    75.2    
   480 1420  1008.33    6.38      0  1009.33  2996.00    23.0     6.0    75.2   X
*  481 1419  1008.33    6.37      0  1008.33  2996.00    23.0     6.0    75.4    
   500 1400  1008.33    5.99     19  1008.33  2996.00    23.0     6.0    78.3    
*  505 1395  1002.33    5.99      0  1002.33  2970.00    29.0     8.0    79.0    
*  538 1362   995.67    4.92      0   995.67  2970.00    13.0     4.0    84.1    
Path relinking result: best improvement.
   540 1360   995.33    5.31      0   995.67  2970.00    13.0     4.0    84.6   P
*  541 1359   995.33    5.29      0   995.33  2979.00     4.0     3.0    84.7    
   550 1350   995.33    5.18      9   995.33  2979.00     4.0     3.0    86.2    
   560 1340   995.33    4.28     20   995.33  2979.00     4.0     3.0    87.8   X
*  563 1337   993.67    4.38      0   993.67  2958.00    17.0     6.0    88.2    

  Gens  Rem    Local   ElDiv NoImpr             Best solution            Time  Op
                                       Cost     Dist    Tard    TMax 
   600 1300   993.67    4.04     37   993.67  2958.00    17.0     6.0    94.0    
*  619 1281   991.00    4.28      0   991.00  2954.00    14.0     5.0    96.9    
*  632 1268   988.67    4.63      0   988.67  2959.00     5.0     2.0    98.9    
*  636 1264   986.33    4.81      0   986.33  2951.00     5.0     3.0    99.5    
   640 1260   986.33    3.94      5   986.33  2951.00     5.0     3.0   100.1   X
*  643 1257   985.33    3.94      0   985.33  2951.00     3.0     2.0   100.6    
   650 1250   985.33    3.91      7   985.33  2951.00     3.0     2.0   101.6    
*  682 1218   980.33    3.71      0   980.33  2916.00    16.0     9.0   106.5    
   700 1200   980.33    3.76     18   980.33  2916.00    16.0     9.0   109.3    
*  714 1186   978.00    3.68      0   978.00  2915.00    14.0     5.0   111.4    
*  716 1184   977.33    3.78      0   977.33  2918.00    11.0     3.0   111.8    
Path relinking result: elite improvement.
   720 1180   977.33    3.71      5   977.33  2918.00    11.0     3.0   112.5  PX
*  725 1175   975.67    3.80      0   975.67  2925.00     1.0     1.0   113.3    
*  728 1172   973.67    3.96      0   973.67  2913.00     6.0     2.0   113.8    
   750 1150   973.67    3.90     22   973.67  2913.00     6.0     2.0   117.2    
*  790 1110   971.00    3.74      0   971.00  2909.00     2.0     2.0   123.4    

  Gens  Rem    Local   ElDiv NoImpr             Best solution            Time  Op
                                       Cost     Dist    Tard    TMax 
   800 1100   971.00    3.69     10   971.00  2909.00     2.0     2.0   125.0    
   800 1100   971.00    3.34     11   971.00  2909.00     2.0     2.0   125.0   X
   850 1050   971.00    2.91     60   971.00  2909.00     2.0     2.0   132.7    
*  856 1044   969.67    2.86      0   969.67  2896.00    10.0     3.0   133.6    
   880 1020   969.67    2.08     25   969.67  2896.00    10.0     3.0   137.4   X
*  900 1000   965.00    2.15      0   965.00  2885.00     8.0     2.0   140.4    
Path relinking result: elite improvement.
   900 1000   965.00    2.21      1   965.00  2885.00     8.0     2.0   140.6   P
*  922  978   963.33    2.32      0   963.33  2888.00     1.0     1.0   144.1    
*  950  950   962.00    2.81      0   962.00  2880.00     4.0     2.0   148.5    
*  953  947   961.00    2.97      0   961.00  2878.00     3.0     2.0   148.9    
*  957  943   960.00    2.98      0   960.00  2872.00     6.0     2.0   149.6    
   960  940   960.00    2.60      4   960.00  2872.00     6.0     2.0   150.0   X
*  963  937   959.67    2.57      0   959.67  2877.00     1.0     1.0   150.5    
*  967  933   957.67    2.53      0   957.67  2871.00     1.0     1.0   151.1    
*  981  919   956.67    2.37      0   956.67  2862.00     6.0     2.0   153.3    
*  991  909   953.33    2.38      0   953.33  2860.00     0.0     0.0   154.8    

  Gens  Rem    Local   ElDiv NoImpr             Best solution            Time  Op
                                       Cost     Dist    Tard    TMax 
  1000  900   953.33    2.38      9   953.33  2860.00     0.0     0.0   156.2    
* 1025  875   950.33    2.06      0   950.33  2851.00     0.0     0.0   160.1    
* 1039  861   950.00    2.73      0   950.00  2848.00     0.0     0.0   162.2    
* 1040  860   949.33    2.76      0   949.33  2848.00     0.0     0.0   162.4    
  1040  860   949.33    1.63      1   949.33  2848.00     0.0     0.0   162.4   X
* 1046  854   949.00    1.12      0   949.00  2847.00     0.0     0.0   163.4    
* 1048  852   948.00    1.12      0   948.00  2844.00     0.0     0.0   163.7    
* 1050  850   947.67    1.11      0   947.67  2841.00     0.0     0.0   164.0    
* 1051  849   947.00    1.13      0   947.00  2839.00     0.0     0.0   164.1    
* 1052  848   946.33    1.11      0   946.33  2839.00     0.0     0.0   164.3    
* 1055  845   945.67    1.29      0   945.67  2835.00     0.0     0.0   164.8    
* 1056  844   945.00    1.43      0   945.00  2835.00     0.0     0.0   164.9    
* 1060  840   944.33    1.94      0   944.33  2833.00     0.0     0.0   165.6    
* 1063  837   943.67    1.96      0   943.67  2831.00     0.0     0.0   166.0    
* 1066  834   943.33    1.70      0   943.33  2829.00     0.0     0.0   166.4    
* 1067  833   943.00    1.58      0   943.00  2829.00     0.0     0.0   166.6    

  Gens  Rem    Local   ElDiv NoImpr             Best solution            Time  Op
                                       Cost     Dist    Tard    TMax 
* 1069  831   942.67    1.24      0   942.67  2828.00     0.0     0.0   166.9    
* 1071  829   942.33    1.05      0   942.33  2827.00     0.0     0.0   167.2    
* 1076  824   942.00    0.59      0   942.00  2826.00     0.0     0.0   168.0    
* 1079  821   941.67    0.66      0   941.67  2823.00     0.0     0.0   168.5    
* 1080  820   941.00    0.72      0   941.00  2823.00     0.0     0.0   168.6    
Path relinking result: elite improvement.
  1080  820   941.00    0.72      1   941.00  2823.00     0.0     0.0   168.7   P
* 1084  816   940.33    0.88      0   940.33  2821.00     0.0     0.0   169.3    
* 1087  813   939.67    0.81      0   939.67  2819.00     0.0     0.0   169.8    
* 1091  809   938.67    0.70      0   938.67  2816.00     0.0     0.0   170.4    
* 1094  806   938.00    0.75      0   938.00  2814.00     0.0     0.0   170.9    
* 1100  800   937.33    0.70      0   937.33  2812.00     0.0     0.0   171.8    
* 1102  798   937.00    0.73      0   937.00  2811.00     0.0     0.0   172.1    
* 1107  793   936.33    1.04      0   936.33  2808.00     0.0     0.0   172.9    
* 1108  792   936.00    1.09      0   936.00  2808.00     0.0     0.0   173.0    
* 1113  787   935.67    1.03      0   935.67  2807.00     0.0     0.0   173.8    
* 1116  784   935.33    1.10      0   935.33  2806.00     0.0     0.0   174.2    

  Gens  Rem    Local   ElDiv NoImpr             Best solution            Time  Op
                                       Cost     Dist    Tard    TMax 
* 1118  782   935.00    0.98      0   935.00  2804.00     0.0     0.0   174.5    
* 1119  781   934.67    0.67      0   934.67  2802.00     0.0     0.0   174.7    
* 1120  780   934.00    0.62      0   934.00  2802.00     0.0     0.0   174.8    
  1120  780   934.00    0.46      1   934.00  2802.00     0.0     0.0   174.8   X
* 1122  778   933.00    0.59      0   933.00  2797.00     0.0     0.0   175.2    
* 1123  777   932.33    0.65      0   932.33  2797.00     0.0     0.0   175.3    
* 1132  768   932.00    0.13      0   932.00  2796.00     0.0     0.0   176.7    
* 1146  754   931.33    0.17      0   931.33  2792.00     1.0     1.0   178.9    
  1150  750   931.33    0.17      4   931.33  2792.00     1.0     1.0   179.5    
* 1170  730   931.00    0.30      0   931.00  2791.00     1.0     1.0   182.5    
  1200  700   931.00    0.16     30   931.00  2791.00     1.0     1.0   187.1    
  1200  700   931.00    0.12     31   931.00  2791.00     1.0     1.0   187.1   X
* 1203  697   930.67    0.09      0   930.67  2790.00     1.0     1.0   187.6    
* 1210  690   930.33    0.16      0   930.33  2789.00     1.0     1.0   188.6    
* 1213  687   930.00    0.23      0   930.00  2788.00     1.0     1.0   189.1    
* 1221  679   929.67    0.28      0   929.67  2787.00     1.0     1.0   190.4    

  Gens  Rem    Local   ElDiv NoImpr             Best solution            Time  Op
                                       Cost     Dist    Tard    TMax 
* 1227  673   928.00    0.47      0   928.00  2781.00     2.0     1.0   191.3    
  1250  650   928.00    1.10     23   928.00  2781.00     2.0     1.0   194.9    
Path relinking result: elite improvement.
  1260  640   928.00    1.05     34   928.00  2781.00     2.0     1.0   196.5   P
* 1262  638   927.67    1.01      0   927.67  2779.00     2.0     1.0   196.8    
* 1263  637   927.33    1.01      0   927.33  2779.00     2.0     1.0   197.0    
* 1269  631   927.00    0.86      0   927.00  2778.00     2.0     1.0   197.9    
  1280  620   927.00    0.33     12   927.00  2778.00     2.0     1.0   199.6   X
* 1282  618   926.67    0.27      0   926.67  2777.00     2.0     1.0   199.9    
  1300  600   926.67    0.15     18   926.67  2777.00     2.0     1.0   202.7    
* 1318  582   926.00    0.04      0   926.00  2776.00     1.0     1.0   205.5    
  1350  550   926.00    0.31     32   926.00  2776.00     1.0     1.0   210.5    
  1360  540   926.00    0.31     43   926.00  2776.00     1.0     1.0   212.1   X
  1400  500   926.00    0.00     82   926.00  2776.00     1.0     1.0   218.2    
* 1403  497   925.67    0.02      0   925.67  2775.00     1.0     1.0   218.7    
Path relinking result: elite improvement.
  1440  460   925.67    0.00     38   925.67  2775.00     1.0     1.0   224.5  PX
* 1442  458   925.33    0.13      0   925.33  2774.00     1.0     1.0   224.8    

  Gens  Rem    Local   ElDiv NoImpr             Best solution            Time  Op
                                       Cost     Dist    Tard    TMax 
  1450  450   925.33    0.15      8   925.33  2774.00     1.0     1.0   226.1    
  1500  400   925.33    0.00     58   925.33  2774.00     1.0     1.0   233.9    
  1520  380   925.33    0.00     79   925.33  2774.00     1.0     1.0   237.1   X
  1550  350   925.33    0.00    108   925.33  2774.00     1.0     1.0   241.7    
* 1590  310   925.00    0.02      0   925.00  2773.00     1.0     1.0   247.9    
  1600  300   925.00    0.05     10   925.00  2773.00     1.0     1.0   249.4    
  1600  300   925.00    0.08     11   925.00  2773.00     1.0     1.0   249.4   X
Path relinking result: no improvement.
  1620  280   925.00    0.00     31   925.00  2773.00     1.0     1.0   252.6   P
  1650  250   925.00    0.00     60   925.00  2773.00     1.0     1.0   257.3    
  1680  220   925.00    0.00     91   925.00  2773.00     1.0     1.0   261.9   X
  1700  200   925.00    0.00    110   925.00  2773.00     1.0     1.0   265.1    
  1750  150   925.00    0.00    160   925.00  2773.00     1.0     1.0   272.8    
  1760  140   925.00    0.00    171   925.00  2773.00     1.0     1.0   274.4   X
  1800  100   925.00    0.00    210   925.00  2773.00     1.0     1.0   280.5    
Path relinking result: no improvement.
  1800  100   925.00    0.00    211   925.00  2773.00     1.0     1.0   280.6   P
  1840   60   925.00    0.00    251   925.00  2773.00     1.0     1.0   286.9   X

  Gens  Rem    Local   ElDiv NoImpr             Best solution            Time  Op
                                       Cost     Dist    Tard    TMax 
  1850   50   925.00    0.00    260   925.00  2773.00     1.0     1.0   288.4    
  1900    0   925.00    0.00    310   925.00  2773.00     1.0     1.0   295.9    
Evolutionary process finished.
Solution written to 'solution-11212.txt'.

Sorted sequence of worst to best tardiness value:
Task for patient = 85 with skills = {0,-1} and cost = 552.7
   Vehicle #0 = 10, leaving at = 1035.0
   Vehicle #1 = -1, leaving at = inf
   Increment on distance indicator: 6.0
   Increment on tard indicator:     1.0
   Value of tmax indicator:         6.0

Task for patient = 26 with skills = {4,-1} and cost = 469.0
   Vehicle #0 = 26, leaving at = 804.0
   Vehicle #1 = -1, leaving at = inf
   Increment on distance indicator: 3.0
   Increment on tard indicator:     0.0
   Value of tmax indicator:         3.0

Task for patient = 126 with skills = {2,5} and cost = 472.3
   Vehicle #0 = 0, leaving at = 865.0
   Vehicle #1 = 21, leaving at = 880.0
   Increment on distance indicator: 10.0
   Increment on tard indicator:     0.0
   Value of tmax indicator:         10.0

Task for patient = 200 with skills = {2,4} and cost = 474.3
   Vehicle #0 = 1, leaving at = 863.0
   Vehicle #1 = 22, leaving at = 866.0
   Increment on distance indicator: 6.0
   Increment on tard indicator:     0.0
   Value of tmax indicator:         6.0

Task for patient = 186 with skills = {2,-1} and cost = 476.0
   Vehicle #0 = 1, leaving at = 896.0
   Vehicle #1 = -1, leaving at = inf
   Increment on distance indicator: 5.0
   Increment on tard indicator:     0.0
   Value of tmax indicator:         5.0

Task for patient = 13 with skills = {1,4} and cost = 481.7
   Vehicle #0 = 8, leaving at = 841.0
   Vehicle #1 = 36, leaving at = 873.0
   Increment on distance indicator: 17.0
   Increment on tard indicator:     0.0
   Value of tmax indicator:         17.0

Task for patient = 41 with skills = {0,5} and cost = 485.7
   Vehicle #0 = 5, leaving at = 821.0
   Vehicle #1 = 37, leaving at = 816.0
   Increment on distance indicator: 12.0
   Increment on tard indicator:     0.0
   Value of tmax indicator:         12.0

Task for patient = 131 with skills = {0,3} and cost = 488.0
   Vehicle #0 = 3, leaving at = 914.0
   Vehicle #1 = 22, leaving at = 912.0
   Increment on distance indicator: 7.0
   Increment on tard indicator:     0.0
   Value of tmax indicator:         7.0

Task for patient = 166 with skills = {4,-1} and cost = 488.7
   Vehicle #0 = 20, leaving at = 939.0
   Vehicle #1 = -1, leaving at = inf
   Increment on distance indicator: 2.0
   Increment on tard indicator:     0.0
   Value of tmax indicator:         2.0

Task for patient = 180 with skills = {0,4} and cost = 493.0
   Vehicle #0 = 10, leaving at = 870.0
   Vehicle #1 = 37, leaving at = 875.0
   Increment on distance indicator: 13.0
   Increment on tard indicator:     0.0
   Value of tmax indicator:         13.0

Task for patient = 193 with skills = {4,-1} and cost = 493.7
   Vehicle #0 = 21, leaving at = 907.0
   Vehicle #1 = -1, leaving at = inf
   Increment on distance indicator: 2.0
   Increment on tard indicator:     0.0
   Value of tmax indicator:         2.0

Task for patient = 114 with skills = {3,-1} and cost = 496.7
   Vehicle #0 = 29, leaving at = 856.0
   Vehicle #1 = -1, leaving at = inf
   Increment on distance indicator: 9.0
   Increment on tard indicator:     0.0
   Value of tmax indicator:         9.0

Task for patient = 33 with skills = {2,4} and cost = 528.7
   Vehicle #0 = 0, leaving at = 892.0
   Vehicle #1 = 32, leaving at = 923.0
   Increment on distance indicator: 16.0
   Increment on tard indicator:     0.0
   Value of tmax indicator:         16.0

Task for patient = 134 with skills = {3,-1} and cost = 500.0
   Vehicle #0 = 20, leaving at = 971.0
   Vehicle #1 = -1, leaving at = inf
   Increment on distance indicator: 4.0
   Increment on tard indicator:     0.0
   Value of tmax indicator:         4.0

Task for patient = 124 with skills = {4,-1} and cost = 501.3
   Vehicle #0 = 27, leaving at = 898.0
   Vehicle #1 = -1, leaving at = inf
   Increment on distance indicator: 4.0
   Increment on tard indicator:     0.0
   Value of tmax indicator:         4.0

Task for patient = 14 with skills = {0,-1} and cost = 503.0
   Vehicle #0 = 12, leaving at = 1021.0
   Vehicle #1 = -1, leaving at = inf
   Increment on distance indicator: 5.0
   Increment on tard indicator:     0.0
   Value of tmax indicator:         5.0

Task for patient = 110 with skills = {3,-1} and cost = 503.7
   Vehicle #0 = 23, leaving at = 957.0
   Vehicle #1 = -1, leaving at = inf
   Increment on distance indicator: 2.0
   Increment on tard indicator:     0.0
   Value of tmax indicator:         2.0

Task for patient = 178 with skills = {0,4} and cost = 506.7
   Vehicle #0 = 5, leaving at = 880.0
   Vehicle #1 = 26, leaving at = 871.0
   Increment on distance indicator: 9.0
   Increment on tard indicator:     0.0
   Value of tmax indicator:         9.0

Task for patient = 163 with skills = {5,-1} and cost = 507.3
   Vehicle #0 = 31, leaving at = 845.0
   Vehicle #1 = -1, leaving at = inf
   Increment on distance indicator: 2.0
   Increment on tard indicator:     0.0
   Value of tmax indicator:         2.0

Task for patient = 36 with skills = {0,5} and cost = 510.0
   Vehicle #0 = 10, leaving at = 944.0
   Vehicle #1 = 37, leaving at = 984.0
   Increment on distance indicator: 8.0
   Increment on tard indicator:     0.0
   Value of tmax indicator:         8.0

Task for patient = 139 with skills = {2,-1} and cost = 511.0
   Vehicle #0 = 10, leaving at = 966.0
   Vehicle #1 = -1, leaving at = inf
   Increment on distance indicator: 3.0
   Increment on tard indicator:     0.0
   Value of tmax indicator:         3.0

Task for patient = 115 with skills = {1,-1} and cost = 513.7
   Vehicle #0 = 8, leaving at = 908.0
   Vehicle #1 = -1, leaving at = inf
   Increment on distance indicator: 8.0
   Increment on tard indicator:     0.0
   Value of tmax indicator:         8.0

Task for patient = 111 with skills = {0,4} and cost = 518.0
   Vehicle #0 = 2, leaving at = 849.0
   Vehicle #1 = 31, leaving at = 885.0
   Increment on distance indicator: 13.0
   Increment on tard indicator:     0.0
   Value of tmax indicator:         13.0

Task for patient = 145 with skills = {1,5} and cost = 523.3
   Vehicle #0 = 14, leaving at = 940.0
   Vehicle #1 = 22, leaving at = 941.0
   Increment on distance indicator: 16.0
   Increment on tard indicator:     0.0
   Value of tmax indicator:         16.0

Task for patient = 189 with skills = {0,4} and cost = 498.7
   Vehicle #0 = 10, leaving at = 898.0
   Vehicle #1 = 37, leaving at = 943.0
   Increment on distance indicator: 6.0
   Increment on tard indicator:     0.0
   Value of tmax indicator:         6.0

Task for patient = 148 with skills = {3,-1} and cost = 433.0
   Vehicle #0 = 36, leaving at = 799.0
   Vehicle #1 = -1, leaving at = inf
   Increment on distance indicator: 8.0
   Increment on tard indicator:     0.0
   Value of tmax indicator:         8.0

Task for patient = 162 with skills = {1,-1} and cost = 435.3
   Vehicle #0 = 14, leaving at = 882.0
   Vehicle #1 = -1, leaving at = inf
   Increment on distance indicator: 7.0
   Increment on tard indicator:     0.0
   Value of tmax indicator:         7.0

Task for patient = 8 with skills = {0,5} and cost = 438.7
   Vehicle #0 = 4, leaving at = 881.0
   Vehicle #1 = 20, leaving at = 902.0
   Increment on distance indicator: 10.0
   Increment on tard indicator:     0.0
   Value of tmax indicator:         10.0

Task for patient = 170 with skills = {0,-1} and cost = 439.7
   Vehicle #0 = 12, leaving at = 904.0
   Vehicle #1 = -1, leaving at = inf
   Increment on distance indicator: 3.0
   Increment on tard indicator:     0.0
   Value of tmax indicator:         3.0

Task for patient = 53 with skills = {5,-1} and cost = 441.0
   Vehicle #0 = 33, leaving at = 810.0
   Vehicle #1 = -1, leaving at = inf
   Increment on distance indicator: 4.0
   Increment on tard indicator:     0.0
   Value of tmax indicator:         4.0

Task for patient = 195 with skills = {3,-1} and cost = 442.0
   Vehicle #0 = 22, leaving at = 832.0
   Vehicle #1 = -1, leaving at = inf
   Increment on distance indicator: 3.0
   Increment on tard indicator:     0.0
   Value of tmax indicator:         3.0

Task for patient = 128 with skills = {0,-1} and cost = 443.0
   Vehicle #0 = 5, leaving at = 675.0
   Vehicle #1 = -1, leaving at = inf
   Increment on distance indicator: 3.0
   Increment on tard indicator:     0.0
   Value of tmax indicator:         3.0

Task for patient = 179 with skills = {0,-1} and cost = 443.3
   Vehicle #0 = 4, leaving at = 903.0
   Vehicle #1 = -1, leaving at = inf
   Increment on distance indicator: 1.0
   Increment on tard indicator:     0.0
   Value of tmax indicator:         1.0

Task for patient = 43 with skills = {3,-1} and cost = 445.0
   Vehicle #0 = 36, leaving at = 828.0
   Vehicle #1 = -1, leaving at = inf
   Increment on distance indicator: 5.0
   Increment on tard indicator:     0.0
   Value of tmax indicator:         5.0

Task for patient = 153 with skills = {5,-1} and cost = 445.7
   Vehicle #0 = 25, leaving at = 716.0
   Vehicle #1 = -1, leaving at = inf
   Increment on distance indicator: 2.0
   Increment on tard indicator:     0.0
   Value of tmax indicator:         2.0

Task for patient = 44 with skills = {1,-1} and cost = 448.7
   Vehicle #0 = 8, leaving at = 815.0
   Vehicle #1 = -1, leaving at = inf
   Increment on distance indicator: 9.0
   Increment on tard indicator:     0.0
   Value of tmax indicator:         9.0

Task for patient = 35 with skills = {0,3} and cost = 468.0
   Vehicle #0 = 10, leaving at = 834.0
   Vehicle #1 = 21, leaving at = 844.0
   Increment on distance indicator: 7.0
   Increment on tard indicator:     0.0
   Value of tmax indicator:         7.0

Task for patient = 198 with skills = {0,-1} and cost = 450.7
   Vehicle #0 = 5, leaving at = 758.0
   Vehicle #1 = -1, leaving at = inf
   Increment on distance indicator: 3.0
   Increment on tard indicator:     0.0
   Value of tmax indicator:         3.0

Task for patient = 68 with skills = {2,-1} and cost = 452.7
   Vehicle #0 = 11, leaving at = 832.0
   Vehicle #1 = -1, leaving at = inf
   Increment on distance indicator: 6.0
   Increment on tard indicator:     0.0
   Value of tmax indicator:         6.0

Task for patient = 169 with skills = {2,3} and cost = 455.7
   Vehicle #0 = 7, leaving at = 776.0
   Vehicle #1 = 29, leaving at = 805.0
   Increment on distance indicator: 9.0
   Increment on tard indicator:     0.0
   Value of tmax indicator:         9.0

Task for patient = 167 with skills = {3,-1} and cost = 456.7
   Vehicle #0 = 25, leaving at = 764.0
   Vehicle #1 = -1, leaving at = inf
   Increment on distance indicator: 3.0
   Increment on tard indicator:     0.0
   Value of tmax indicator:         3.0

Task for patient = 197 with skills = {1,-1} and cost = 458.3
   Vehicle #0 = 12, leaving at = 926.0
   Vehicle #1 = -1, leaving at = inf
   Increment on distance indicator: 5.0
   Increment on tard indicator:     0.0
   Value of tmax indicator:         5.0

Task for patient = 45 with skills = {5,-1} and cost = 459.7
   Vehicle #0 = 27, leaving at = 801.0
   Vehicle #1 = -1, leaving at = inf
   Increment on distance indicator: 4.0
   Increment on tard indicator:     0.0
   Value of tmax indicator:         4.0

Task for patient = 39 with skills = {2,-1} and cost = 460.7
   Vehicle #0 = 11, leaving at = 877.0
   Vehicle #1 = -1, leaving at = inf
   Increment on distance indicator: 3.0
   Increment on tard indicator:     0.0
   Value of tmax indicator:         3.0

Task for patient = 74 with skills = {5,-1} and cost = 463.0
   Vehicle #0 = 25, leaving at = 804.0
   Vehicle #1 = -1, leaving at = inf
   Increment on distance indicator: 7.0
   Increment on tard indicator:     0.0
   Value of tmax indicator:         7.0

Task for patient = 93 with skills = {0,-1} and cost = 463.7
   Vehicle #0 = 12, leaving at = 968.0
   Vehicle #1 = -1, leaving at = inf
   Increment on distance indicator: 2.0
   Increment on tard indicator:     0.0
   Value of tmax indicator:         2.0

Task for patient = 6 with skills = {3,-1} and cost = 464.0
   Vehicle #0 = 33, leaving at = 864.0
   Vehicle #1 = -1, leaving at = inf
   Increment on distance indicator: 1.0
   Increment on tard indicator:     0.0
   Value of tmax indicator:         1.0

Task for patient = 83 with skills = {3,-1} and cost = 464.7
   Vehicle #0 = 25, leaving at = 854.0
   Vehicle #1 = -1, leaving at = inf
   Increment on distance indicator: 2.0
   Increment on tard indicator:     0.0
   Value of tmax indicator:         2.0

Task for patient = 119 with skills = {5,-1} and cost = 465.7
   Vehicle #0 = 37, leaving at = 734.0
   Vehicle #1 = -1, leaving at = inf
   Increment on distance indicator: 3.0
   Increment on tard indicator:     0.0
   Value of tmax indicator:         3.0

Task for patient = 118 with skills = {0,-1} and cost = 449.7
   Vehicle #0 = 2, leaving at = 823.0
   Vehicle #1 = -1, leaving at = inf
   Increment on distance indicator: 3.0
   Increment on tard indicator:     0.0
   Value of tmax indicator:         3.0

Task for patient = 190 with skills = {3,-1} and cost = 582.7
   Vehicle #0 = 20, leaving at = 1026.0
   Vehicle #1 = -1, leaving at = inf
   Increment on distance indicator: 6.0
   Increment on tard indicator:     0.0
   Value of tmax indicator:         6.0

Task for patient = 76 with skills = {0,4} and cost = 586.3
   Vehicle #0 = 4, leaving at = 1016.0
   Vehicle #1 = 24, leaving at = 1023.0
   Increment on distance indicator: 11.0
   Increment on tard indicator:     0.0
   Value of tmax indicator:         11.0

Task for patient = 19 with skills = {1,3} and cost = 587.7
   Vehicle #0 = 9, leaving at = 1022.0
   Vehicle #1 = 33, leaving at = 1065.0
   Increment on distance indicator: 4.0
   Increment on tard indicator:     0.0
   Value of tmax indicator:         4.0

Task for patient = 122 with skills = {2,3} and cost = 593.0
   Vehicle #0 = 1, leaving at = 1030.0
   Vehicle #1 = 25, leaving at = 1028.0
   Increment on distance indicator: 16.0
   Increment on tard indicator:     0.0
   Value of tmax indicator:         16.0

Task for patient = 20 with skills = {2,-1} and cost = 594.0
   Vehicle #0 = 0, leaving at = 1004.0
   Vehicle #1 = -1, leaving at = inf
   Increment on distance indicator: 3.0
   Increment on tard indicator:     0.0
   Value of tmax indicator:         3.0

Task for patient = 49 with skills = {5,-1} and cost = 595.3
   Vehicle #0 = 21, leaving at = 1004.0
   Vehicle #1 = -1, leaving at = inf
   Increment on distance indicator: 4.0
   Increment on tard indicator:     0.0
   Value of tmax indicator:         4.0

Task for patient = 96 with skills = {0,-1} and cost = 597.0
   Vehicle #0 = 3, leaving at = 960.0
   Vehicle #1 = -1, leaving at = inf
   Increment on distance indicator: 5.0
   Increment on tard indicator:     0.0
   Value of tmax indicator:         5.0

Task for patient = 2 with skills = {4,-1} and cost = 599.0
   Vehicle #0 = 37, leaving at = 1062.0
   Vehicle #1 = -1, leaving at = inf
   Increment on distance indicator: 6.0
   Increment on tard indicator:     0.0
   Value of tmax indicator:         6.0

Task for patient = 28 with skills = {1,5} and cost = 603.7
   Vehicle #0 = 14, leaving at = 1052.0
   Vehicle #1 = 23, leaving at = 1041.0
   Increment on distance indicator: 14.0
   Increment on tard indicator:     0.0
   Value of tmax indicator:         14.0

Task for patient = 9 with skills = {0,-1} and cost = 606.0
   Vehicle #0 = 3, leaving at = 1026.0
   Vehicle #1 = -1, leaving at = inf
   Increment on distance indicator: 7.0
   Increment on tard indicator:     0.0
   Value of tmax indicator:         7.0

Task for patient = 133 with skills = {3,-1} and cost = 607.0
   Vehicle #0 = 24, leaving at = 1042.0
   Vehicle #1 = -1, leaving at = inf
   Increment on distance indicator: 3.0
   Increment on tard indicator:     0.0
   Value of tmax indicator:         3.0

Task for patient = 177 with skills = {0,3} and cost = 531.0
   Vehicle #0 = 4, leaving at = 960.0
   Vehicle #1 = 36, leaving at = 934.0
   Increment on distance indicator: 7.0
   Increment on tard indicator:     0.0
   Value of tmax indicator:         7.0

Task for patient = 18 with skills = {0,-1} and cost = 611.0
   Vehicle #0 = 11, leaving at = 1023.0
   Vehicle #1 = -1, leaving at = inf
   Increment on distance indicator: 1.0
   Increment on tard indicator:     0.0
   Value of tmax indicator:         1.0

Task for patient = 3 with skills = {1,4} and cost = 614.0
   Vehicle #0 = 8, leaving at = 1042.0
   Vehicle #1 = 21, leaving at = 1076.0
   Increment on distance indicator: 9.0
   Increment on tard indicator:     0.0
   Value of tmax indicator:         9.0

Task for patient = 164 with skills = {0,-1} and cost = 617.3
   Vehicle #0 = 10, leaving at = 1103.0
   Vehicle #1 = -1, leaving at = inf
   Increment on distance indicator: 10.0
   Increment on tard indicator:     0.0
   Value of tmax indicator:         10.0

Task for patient = 66 with skills = {0,4} and cost = 618.7
   Vehicle #0 = 0, leaving at = 1036.0
   Vehicle #1 = 22, leaving at = 1053.0
   Increment on distance indicator: 4.0
   Increment on tard indicator:     0.0
   Value of tmax indicator:         4.0

Task for patient = 168 with skills = {3,-1} and cost = 620.7
   Vehicle #0 = 20, leaving at = 1085.0
   Vehicle #1 = -1, leaving at = inf
   Increment on distance indicator: 6.0
   Increment on tard indicator:     0.0
   Value of tmax indicator:         6.0

Task for patient = 63 with skills = {5,-1} and cost = 622.3
   Vehicle #0 = 23, leaving at = 1094.0
   Vehicle #1 = -1, leaving at = inf
   Increment on distance indicator: 5.0
   Increment on tard indicator:     0.0
   Value of tmax indicator:         5.0

Task for patient = 7 with skills = {3,-1} and cost = 623.7
   Vehicle #0 = 36, leaving at = 977.0
   Vehicle #1 = -1, leaving at = inf
   Increment on distance indicator: 4.0
   Increment on tard indicator:     0.0
   Value of tmax indicator:         4.0

Task for patient = 4 with skills = {4,-1} and cost = 625.0
   Vehicle #0 = 31, leaving at = 1043.0
   Vehicle #1 = -1, leaving at = inf
   Increment on distance indicator: 4.0
   Increment on tard indicator:     0.0
   Value of tmax indicator:         4.0

Task for patient = 73 with skills = {1,-1} and cost = 628.7
   Vehicle #0 = 9, leaving at = 1086.0
   Vehicle #1 = -1, leaving at = inf
   Increment on distance indicator: 11.0
   Increment on tard indicator:     0.0
   Value of tmax indicator:         11.0

Task for patient = 181 with skills = {0,3} and cost = 632.0
   Vehicle #0 = 12, leaving at = 1060.0
   Vehicle #1 = 27, leaving at = 1098.0
   Increment on distance indicator: 10.0
   Increment on tard indicator:     0.0
   Value of tmax indicator:         10.0

Task for patient = 75 with skills = {1,-1} and cost = 635.3
   Vehicle #0 = 14, leaving at = 1077.0
   Vehicle #1 = -1, leaving at = inf
   Increment on distance indicator: 10.0
   Increment on tard indicator:     0.0
   Value of tmax indicator:         10.0

Task for patient = 191 with skills = {2,-1} and cost = 636.7
   Vehicle #0 = 12, leaving at = 1087.0
   Vehicle #1 = -1, leaving at = inf
   Increment on distance indicator: 4.0
   Increment on tard indicator:     0.0
   Value of tmax indicator:         4.0

Task for patient = 89 with skills = {0,4} and cost = 610.7
   Vehicle #0 = 3, leaving at = 1044.0
   Vehicle #1 = 26, leaving at = 1073.0
   Increment on distance indicator: 11.0
   Increment on tard indicator:     0.0
   Value of tmax indicator:         11.0

Task for patient = 86 with skills = {3,-1} and cost = 637.7
   Vehicle #0 = 25, leaving at = 1068.0
   Vehicle #1 = -1, leaving at = inf
   Increment on distance indicator: 3.0
   Increment on tard indicator:     0.0
   Value of tmax indicator:         3.0

Task for patient = 29 with skills = {2,3} and cost = 535.0
   Vehicle #0 = 7, leaving at = 905.0
   Vehicle #1 = 29, leaving at = 912.0
   Increment on distance indicator: 12.0
   Increment on tard indicator:     0.0
   Value of tmax indicator:         12.0

Task for patient = 116 with skills = {3,-1} and cost = 536.3
   Vehicle #0 = 33, leaving at = 903.0
   Vehicle #1 = -1, leaving at = inf
   Increment on distance indicator: 4.0
   Increment on tard indicator:     0.0
   Value of tmax indicator:         4.0

Task for patient = 82 with skills = {5,-1} and cost = 538.3
   Vehicle #0 = 31, leaving at = 936.0
   Vehicle #1 = -1, leaving at = inf
   Increment on distance indicator: 6.0
   Increment on tard indicator:     0.0
   Value of tmax indicator:         6.0

Task for patient = 57 with skills = {0,4} and cost = 541.3
   Vehicle #0 = 2, leaving at = 973.0
   Vehicle #1 = 27, leaving at = 952.0
   Increment on distance indicator: 9.0
   Increment on tard indicator:     0.0
   Value of tmax indicator:         9.0

Task for patient = 99 with skills = {5,-1} and cost = 541.7
   Vehicle #0 = 33, leaving at = 935.0
   Vehicle #1 = -1, leaving at = inf
   Increment on distance indicator: 1.0
   Increment on tard indicator:     0.0
   Value of tmax indicator:         1.0

Task for patient = 199 with skills = {0,3} and cost = 544.3
   Vehicle #0 = 5, leaving at = 942.0
   Vehicle #1 = 25, leaving at = 924.0
   Increment on distance indicator: 8.0
   Increment on tard indicator:     0.0
   Value of tmax indicator:         8.0

Task for patient = 123 with skills = {1,-1} and cost = 546.3
   Vehicle #0 = 8, leaving at = 954.0
   Vehicle #1 = -1, leaving at = inf
   Increment on distance indicator: 6.0
   Increment on tard indicator:     0.0
   Value of tmax indicator:         6.0

Task for patient = 175 with skills = {0,-1} and cost = 547.0
   Vehicle #0 = 10, leaving at = 989.0
   Vehicle #1 = -1, leaving at = inf
   Increment on distance indicator: 2.0
   Increment on tard indicator:     0.0
   Value of tmax indicator:         2.0

Task for patient = 138 with skills = {3,-1} and cost = 548.3
   Vehicle #0 = 23, leaving at = 992.0
   Vehicle #1 = -1, leaving at = inf
   Increment on distance indicator: 4.0
   Increment on tard indicator:     0.0
   Value of tmax indicator:         4.0

Task for patient = 154 with skills = {4,-1} and cost = 549.0
   Vehicle #0 = 37, leaving at = 1010.0
   Vehicle #1 = -1, leaving at = inf
   Increment on distance indicator: 2.0
   Increment on tard indicator:     0.0
   Value of tmax indicator:         2.0

Task for patient = 37 with skills = {0,4} and cost = 580.7
   Vehicle #0 = 5, leaving at = 1012.0
   Vehicle #1 = 33, leaving at = 1009.0
   Increment on distance indicator: 5.0
   Increment on tard indicator:     0.0
   Value of tmax indicator:         5.0

Task for patient = 196 with skills = {1,5} and cost = 556.3
   Vehicle #0 = 14, leaving at = 998.0
   Vehicle #1 = 31, leaving at = 976.0
   Increment on distance indicator: 11.0
   Increment on tard indicator:     0.0
   Value of tmax indicator:         11.0

Task for patient = 92 with skills = {0,3} and cost = 557.0
   Vehicle #0 = 0, leaving at = 965.0
   Vehicle #1 = 32, leaving at = 976.0
   Increment on distance indicator: 2.0
   Increment on tard indicator:     0.0
   Value of tmax indicator:         2.0

Task for patient = 88 with skills = {4,-1} and cost = 557.3
   Vehicle #0 = 26, leaving at = 927.0
   Vehicle #1 = -1, leaving at = inf
   Increment on distance indicator: 1.0
   Increment on tard indicator:     0.0
   Value of tmax indicator:         1.0

Task for patient = 22 with skills = {4,-1} and cost = 559.0
   Vehicle #0 = 20, leaving at = 1002.0
   Vehicle #1 = -1, leaving at = inf
   Increment on distance indicator: 5.0
   Increment on tard indicator:     0.0
   Value of tmax indicator:         5.0

Task for patient = 16 with skills = {2,3} and cost = 562.7
   Vehicle #0 = 1, leaving at = 966.0
   Vehicle #1 = 27, leaving at = 987.0
   Increment on distance indicator: 11.0
   Increment on tard indicator:     0.0
   Value of tmax indicator:         11.0

Task for patient = 140 with skills = {4,-1} and cost = 564.3
   Vehicle #0 = 31, leaving at = 1015.0
   Vehicle #1 = -1, leaving at = inf
   Increment on distance indicator: 5.0
   Increment on tard indicator:     0.0
   Value of tmax indicator:         5.0

Task for patient = 187 with skills = {1,-1} and cost = 567.7
   Vehicle #0 = 8, leaving at = 998.0
   Vehicle #1 = -1, leaving at = inf
   Increment on distance indicator: 10.0
   Increment on tard indicator:     0.0
   Value of tmax indicator:         10.0

Task for patient = 70 with skills = {0,5} and cost = 570.7
   Vehicle #0 = 11, leaving at = 990.0
   Vehicle #1 = 25, leaving at = 979.0
   Increment on distance indicator: 9.0
   Increment on tard indicator:     0.0
   Value of tmax indicator:         9.0

Task for patient = 84 with skills = {1,4} and cost = 572.7
   Vehicle #0 = 9, leaving at = 969.0
   Vehicle #1 = 33, leaving at = 953.0
   Increment on distance indicator: 6.0
   Increment on tard indicator:     0.0
   Value of tmax indicator:         6.0

Task for patient = 25 with skills = {5,-1} and cost = 576.0
   Vehicle #0 = 21, leaving at = 952.0
   Vehicle #1 = -1, leaving at = inf
   Increment on distance indicator: 10.0
   Increment on tard indicator:     0.0
   Value of tmax indicator:         10.0

Task for patient = 194 with skills = {4,-1} and cost = 577.3
   Vehicle #0 = 27, leaving at = 1043.0
   Vehicle #1 = -1, leaving at = inf
   Increment on distance indicator: 4.0
   Increment on tard indicator:     0.0
   Value of tmax indicator:         4.0

Task for patient = 17 with skills = {2,4} and cost = 579.0
   Vehicle #0 = 9, leaving at = 999.0
   Vehicle #1 = 26, leaving at = 1002.0
   Increment on distance indicator: 5.0
   Increment on tard indicator:     0.0
   Value of tmax indicator:         5.0

Task for patient = 185 with skills = {0,-1} and cost = 550.0
   Vehicle #0 = 11, leaving at = 926.0
   Vehicle #1 = -1, leaving at = inf
   Increment on distance indicator: 3.0
   Increment on tard indicator:     0.0
   Value of tmax indicator:         3.0

Task for patient = 60 with skills = {1,-1} and cost = 175.0
   Vehicle #0 = 10, leaving at = 582.0
   Vehicle #1 = -1, leaving at = inf
   Increment on distance indicator: 4.0
   Increment on tard indicator:     0.0
   Value of tmax indicator:         4.0

Task for patient = 143 with skills = {4,-1} and cost = 178.3
   Vehicle #0 = 22, leaving at = 759.0
   Vehicle #1 = -1, leaving at = inf
   Increment on distance indicator: 10.0
   Increment on tard indicator:     0.0
   Value of tmax indicator:         10.0

Task for patient = 12 with skills = {5,-1} and cost = 179.3
   Vehicle #0 = 25, leaving at = 689.0
   Vehicle #1 = -1, leaving at = inf
   Increment on distance indicator: 3.0
   Increment on tard indicator:     0.0
   Value of tmax indicator:         3.0

Task for patient = 130 with skills = {3,-1} and cost = 191.0
   Vehicle #0 = 27, leaving at = 561.0
   Vehicle #1 = -1, leaving at = inf
   Increment on distance indicator: 35.0
   Increment on tard indicator:     0.0
   Value of tmax indicator:         35.0

Task for patient = 102 with skills = {0,-1} and cost = 192.7
   Vehicle #0 = 10, leaving at = 647.0
   Vehicle #1 = -1, leaving at = inf
   Increment on distance indicator: 5.0
   Increment on tard indicator:     0.0
   Value of tmax indicator:         5.0

Task for patient = 58 with skills = {3,-1} and cost = 194.0
   Vehicle #0 = 22, leaving at = 781.0
   Vehicle #1 = -1, leaving at = inf
   Increment on distance indicator: 4.0
   Increment on tard indicator:     0.0
   Value of tmax indicator:         4.0

Task for patient = 109 with skills = {0,-1} and cost = 204.7
   Vehicle #0 = 3, leaving at = 541.0
   Vehicle #1 = -1, leaving at = inf
   Increment on distance indicator: 32.0
   Increment on tard indicator:     0.0
   Value of tmax indicator:         32.0

Task for patient = 142 with skills = {0,-1} and cost = 205.7
   Vehicle #0 = 10, leaving at = 702.0
   Vehicle #1 = -1, leaving at = inf
   Increment on distance indicator: 3.0
   Increment on tard indicator:     0.0
   Value of tmax indicator:         3.0

Task for patient = 72 with skills = {1,5} and cost = 220.0
   Vehicle #0 = 12, leaving at = 604.0
   Vehicle #1 = 27, leaving at = 598.0
   Increment on distance indicator: 43.0
   Increment on tard indicator:     0.0
   Value of tmax indicator:         43.0

Task for patient = 59 with skills = {3,-1} and cost = 221.0
   Vehicle #0 = 27, leaving at = 651.0
   Vehicle #1 = -1, leaving at = inf
   Increment on distance indicator: 3.0
   Increment on tard indicator:     0.0
   Value of tmax indicator:         3.0

Task for patient = 56 with skills = {2,5} and cost = 223.3
   Vehicle #0 = 12, leaving at = 735.0
   Vehicle #1 = 27, leaving at = 722.0
   Increment on distance indicator: 7.0
   Increment on tard indicator:     0.0
   Value of tmax indicator:         7.0

Task for patient = 157 with skills = {3,-1} and cost = 430.3
   Vehicle #0 = 33, leaving at = 787.0
   Vehicle #1 = -1, leaving at = inf
   Increment on distance indicator: 4.0
   Increment on tard indicator:     0.0
   Value of tmax indicator:         4.0

Task for patient = 50 with skills = {1,3} and cost = 245.0
   Vehicle #0 = 14, leaving at = 576.0
   Vehicle #1 = 29, leaving at = 556.0
   Increment on distance indicator: 58.0
   Increment on tard indicator:     0.0
   Value of tmax indicator:         58.0

Task for patient = 32 with skills = {0,-1} and cost = 246.3
   Vehicle #0 = 3, leaving at = 644.0
   Vehicle #1 = -1, leaving at = inf
   Increment on distance indicator: 4.0
   Increment on tard indicator:     0.0
   Value of tmax indicator:         4.0

Task for patient = 113 with skills = {2,5} and cost = 248.3
   Vehicle #0 = 0, leaving at = 763.0
   Vehicle #1 = 21, leaving at = 774.0
   Increment on distance indicator: 6.0
   Increment on tard indicator:     0.0
   Value of tmax indicator:         6.0

Task for patient = 172 with skills = {3,-1} and cost = 248.7
   Vehicle #0 = 23, leaving at = 770.0
   Vehicle #1 = -1, leaving at = inf
   Increment on distance indicator: 1.0
   Increment on tard indicator:     0.0
   Value of tmax indicator:         1.0

Task for patient = 106 with skills = {4,-1} and cost = 251.0
   Vehicle #0 = 26, leaving at = 638.0
   Vehicle #1 = -1, leaving at = inf
   Increment on distance indicator: 7.0
   Increment on tard indicator:     0.0
   Value of tmax indicator:         7.0

Task for patient = 159 with skills = {2,3} and cost = 251.0
   Vehicle #0 = 6, leaving at = 973.0
   Vehicle #1 = 30, leaving at = 997.0
   Increment on distance indicator: 0.0
   Increment on tard indicator:     0.0
   Value of tmax indicator:         0.0

Task for patient = 15 with skills = {0,-1} and cost = 253.0
   Vehicle #0 = 3, leaving at = 702.0
   Vehicle #1 = -1, leaving at = inf
   Increment on distance indicator: 6.0
   Increment on tard indicator:     0.0
   Value of tmax indicator:         6.0

Task for patient = 144 with skills = {2,-1} and cost = 255.0
   Vehicle #0 = 1, leaving at = 620.0
   Vehicle #1 = -1, leaving at = inf
   Increment on distance indicator: 6.0
   Increment on tard indicator:     0.0
   Value of tmax indicator:         6.0

Task for patient = 132 with skills = {5,-1} and cost = 266.0
   Vehicle #0 = 31, leaving at = 560.0
   Vehicle #1 = -1, leaving at = inf
   Increment on distance indicator: 33.0
   Increment on tard indicator:     0.0
   Value of tmax indicator:         33.0

Task for patient = 103 with skills = {2,4} and cost = 267.3
   Vehicle #0 = 9, leaving at = 796.0
   Vehicle #1 = 23, leaving at = 827.0
   Increment on distance indicator: 4.0
   Increment on tard indicator:     0.0
   Value of tmax indicator:         4.0

Task for patient = 71 with skills = {4,-1} and cost = 269.0
   Vehicle #0 = 31, leaving at = 586.0
   Vehicle #1 = -1, leaving at = inf
   Increment on distance indicator: 5.0
   Increment on tard indicator:     0.0
   Value of tmax indicator:         5.0

Task for patient = 24 with skills = {5,-1} and cost = 271.3
   Vehicle #0 = 31, leaving at = 649.0
   Vehicle #1 = -1, leaving at = inf
   Increment on distance indicator: 7.0
   Increment on tard indicator:     0.0
   Value of tmax indicator:         7.0

Task for patient = 77 with skills = {4,-1} and cost = 225.7
   Vehicle #0 = 26, leaving at = 597.0
   Vehicle #1 = -1, leaving at = inf
   Increment on distance indicator: 7.0
   Increment on tard indicator:     0.0
   Value of tmax indicator:         7.0

Task for patient = 161 with skills = {4,-1} and cost = 6.7
   Vehicle #0 = 20, leaving at = 573.0
   Vehicle #1 = -1, leaving at = inf
   Increment on distance indicator: 20.0
   Increment on tard indicator:     0.0
   Value of tmax indicator:         20.0

Task for patient = 182 with skills = {1,5} and cost = 20.0
   Vehicle #0 = 8, leaving at = 777.0
   Vehicle #1 = 20, leaving at = 781.0
   Increment on distance indicator: 40.0
   Increment on tard indicator:     0.0
   Value of tmax indicator:         40.0

Task for patient = 61 with skills = {2,-1} and cost = 29.7
   Vehicle #0 = 0, leaving at = 654.0
   Vehicle #1 = -1, leaving at = inf
   Increment on distance indicator: 29.0
   Increment on tard indicator:     0.0
   Value of tmax indicator:         29.0

Task for patient = 62 with skills = {2,4} and cost = 41.3
   Vehicle #0 = 0, leaving at = 701.0
   Vehicle #1 = 21, leaving at = 685.0
   Increment on distance indicator: 35.0
   Increment on tard indicator:     0.0
   Value of tmax indicator:         35.0

Task for patient = 55 with skills = {2,4} and cost = 62.7
   Vehicle #0 = 1, leaving at = 559.0
   Vehicle #1 = 22, leaving at = 565.0
   Increment on distance indicator: 64.0
   Increment on tard indicator:     0.0
   Value of tmax indicator:         64.0

Task for patient = 174 with skills = {5,-1} and cost = 64.7
   Vehicle #0 = 22, leaving at = 619.0
   Vehicle #1 = -1, leaving at = inf
   Increment on distance indicator: 6.0
   Increment on tard indicator:     0.0
   Value of tmax indicator:         6.0

Task for patient = 129 with skills = {5,-1} and cost = 66.7
   Vehicle #0 = 22, leaving at = 674.0
   Vehicle #1 = -1, leaving at = inf
   Increment on distance indicator: 6.0
   Increment on tard indicator:     0.0
   Value of tmax indicator:         6.0

Task for patient = 155 with skills = {5,-1} and cost = 81.0
   Vehicle #0 = 23, leaving at = 521.0
   Vehicle #1 = -1, leaving at = inf
   Increment on distance indicator: 43.0
   Increment on tard indicator:     0.0
   Value of tmax indicator:         43.0

Task for patient = 11 with skills = {1,5} and cost = 95.7
   Vehicle #0 = 9, leaving at = 539.0
   Vehicle #1 = 23, leaving at = 545.0
   Increment on distance indicator: 44.0
   Increment on tard indicator:     0.0
   Value of tmax indicator:         44.0

Task for patient = 38 with skills = {4,-1} and cost = 96.0
   Vehicle #0 = 23, leaving at = 576.0
   Vehicle #1 = -1, leaving at = inf
   Increment on distance indicator: 1.0
   Increment on tard indicator:     0.0
   Value of tmax indicator:         1.0

Task for patient = 108 with skills = {2,3} and cost = 98.0
   Vehicle #0 = 9, leaving at = 635.0
   Vehicle #1 = 23, leaving at = 622.0
   Increment on distance indicator: 6.0
   Increment on tard indicator:     0.0
   Value of tmax indicator:         6.0

Task for patient = 31 with skills = {4,-1} and cost = 173.7
   Vehicle #0 = 23, leaving at = 717.0
   Vehicle #1 = -1, leaving at = inf
   Increment on distance indicator: 2.0
   Increment on tard indicator:     0.0
   Value of tmax indicator:         2.0

Task for patient = 69 with skills = {5,-1} and cost = 99.0
   Vehicle #0 = 23, leaving at = 660.0
   Vehicle #1 = -1, leaving at = inf
   Increment on distance indicator: 2.0
   Increment on tard indicator:     0.0
   Value of tmax indicator:         2.0

Task for patient = 121 with skills = {2,5} and cost = 100.3
   Vehicle #0 = 9, leaving at = 721.0
   Vehicle #1 = 23, leaving at = 694.0
   Increment on distance indicator: 4.0
   Increment on tard indicator:     0.0
   Value of tmax indicator:         4.0

Task for patient = 101 with skills = {0,-1} and cost = 113.3
   Vehicle #0 = 2, leaving at = 552.0
   Vehicle #1 = -1, leaving at = inf
   Increment on distance indicator: 39.0
   Increment on tard indicator:     0.0
   Value of tmax indicator:         39.0

Task for patient = 94 with skills = {2,3} and cost = 124.0
   Vehicle #0 = 4, leaving at = 715.0
   Vehicle #1 = 24, leaving at = 714.0
   Increment on distance indicator: 32.0
   Increment on tard indicator:     0.0
   Value of tmax indicator:         32.0

Task for patient = 90 with skills = {0,-1} and cost = 125.7
   Vehicle #0 = 0, leaving at = 730.0
   Vehicle #1 = -1, leaving at = inf
   Increment on distance indicator: 5.0
   Increment on tard indicator:     0.0
   Value of tmax indicator:         5.0

Task for patient = 152 with skills = {5,-1} and cost = 126.7
   Vehicle #0 = 21, leaving at = 718.0
   Vehicle #1 = -1, leaving at = inf
   Increment on distance indicator: 3.0
   Increment on tard indicator:     0.0
   Value of tmax indicator:         3.0

Task for patient = 135 with skills = {5,-1} and cost = 129.0
   Vehicle #0 = 22, leaving at = 727.0
   Vehicle #1 = -1, leaving at = inf
   Increment on distance indicator: 7.0
   Increment on tard indicator:     0.0
   Value of tmax indicator:         7.0

Task for patient = 54 with skills = {0,5} and cost = 144.0
   Vehicle #0 = 2, leaving at = 583.0
   Vehicle #1 = 25, leaving at = 589.0
   Increment on distance indicator: 45.0
   Increment on tard indicator:     0.0
   Value of tmax indicator:         45.0

Task for patient = 105 with skills = {1,-1} and cost = 154.7
   Vehicle #0 = 10, leaving at = 515.0
   Vehicle #1 = -1, leaving at = inf
   Increment on distance indicator: 32.0
   Increment on tard indicator:     0.0
   Value of tmax indicator:         32.0

Task for patient = 158 with skills = {0,5} and cost = 156.7
   Vehicle #0 = 2, leaving at = 651.0
   Vehicle #1 = 25, leaving at = 658.0
   Increment on distance indicator: 6.0
   Increment on tard indicator:     0.0
   Value of tmax indicator:         6.0

Task for patient = 156 with skills = {1,4} and cost = 171.3
   Vehicle #0 = 10, leaving at = 550.0
   Vehicle #1 = 26, leaving at = 564.0
   Increment on distance indicator: 44.0
   Increment on tard indicator:     0.0
   Value of tmax indicator:         44.0

Task for patient = 47 with skills = {5,-1} and cost = 173.0
   Vehicle #0 = 20, leaving at = 826.0
   Vehicle #1 = -1, leaving at = inf
   Increment on distance indicator: 5.0
   Increment on tard indicator:     0.0
   Value of tmax indicator:         5.0

Task for patient = 137 with skills = {2,-1} and cost = 98.3
   Vehicle #0 = 9, leaving at = 671.0
   Vehicle #1 = -1, leaving at = inf
   Increment on distance indicator: 1.0
   Increment on tard indicator:     0.0
   Value of tmax indicator:         1.0

Task for patient = 10 with skills = {5,-1} and cost = 362.7
   Vehicle #0 = 32, leaving at = 762.0
   Vehicle #1 = -1, leaving at = inf
   Increment on distance indicator: 5.0
   Increment on tard indicator:     0.0
   Value of tmax indicator:         5.0

Task for patient = 46 with skills = {2,-1} and cost = 364.3
   Vehicle #0 = 1, leaving at = 805.0
   Vehicle #1 = -1, leaving at = inf
   Increment on distance indicator: 5.0
   Increment on tard indicator:     0.0
   Value of tmax indicator:         5.0

Task for patient = 117 with skills = {1,4} and cost = 365.3
   Vehicle #0 = 14, leaving at = 725.0
   Vehicle #1 = 33, leaving at = 738.0
   Increment on distance indicator: 3.0
   Increment on tard indicator:     0.0
   Value of tmax indicator:         3.0

Task for patient = 120 with skills = {0,-1} and cost = 365.7
   Vehicle #0 = 10, leaving at = 774.0
   Vehicle #1 = -1, leaving at = inf
   Increment on distance indicator: 1.0
   Increment on tard indicator:     0.0
   Value of tmax indicator:         1.0

Task for patient = 100 with skills = {2,3} and cost = 385.7
   Vehicle #0 = 11, leaving at = 599.0
   Vehicle #1 = 36, leaving at = 618.0
   Increment on distance indicator: 60.0
   Increment on tard indicator:     0.0
   Value of tmax indicator:         60.0

Task for patient = 48 with skills = {0,-1} and cost = 387.3
   Vehicle #0 = 4, leaving at = 813.0
   Vehicle #1 = -1, leaving at = inf
   Increment on distance indicator: 5.0
   Increment on tard indicator:     0.0
   Value of tmax indicator:         5.0

Task for patient = 171 with skills = {2,-1} and cost = 388.7
   Vehicle #0 = 11, leaving at = 670.0
   Vehicle #1 = -1, leaving at = inf
   Increment on distance indicator: 4.0
   Increment on tard indicator:     0.0
   Value of tmax indicator:         4.0

Task for patient = 184 with skills = {4,-1} and cost = 390.3
   Vehicle #0 = 36, leaving at = 681.0
   Vehicle #1 = -1, leaving at = inf
   Increment on distance indicator: 5.0
   Increment on tard indicator:     0.0
   Value of tmax indicator:         5.0

Task for patient = 160 with skills = {4,-1} and cost = 392.0
   Vehicle #0 = 32, leaving at = 812.0
   Vehicle #1 = -1, leaving at = inf
   Increment on distance indicator: 5.0
   Increment on tard indicator:     0.0
   Value of tmax indicator:         5.0

Task for patient = 147 with skills = {2,-1} and cost = 395.0
   Vehicle #0 = 11, leaving at = 717.0
   Vehicle #1 = -1, leaving at = inf
   Increment on distance indicator: 9.0
   Increment on tard indicator:     0.0
   Value of tmax indicator:         9.0

Task for patient = 23 with skills = {0,-1} and cost = 395.7
   Vehicle #0 = 12, leaving at = 844.0
   Vehicle #1 = -1, leaving at = inf
   Increment on distance indicator: 2.0
   Increment on tard indicator:     0.0
   Value of tmax indicator:         2.0

Task for patient = 42 with skills = {2,5} and cost = 274.3
   Vehicle #0 = 1, leaving at = 678.0
   Vehicle #1 = 31, leaving at = 692.0
   Increment on distance indicator: 9.0
   Increment on tard indicator:     0.0
   Value of tmax indicator:         9.0

Task for patient = 27 with skills = {1,3} and cost = 401.0
   Vehicle #0 = 14, leaving at = 753.0
   Vehicle #1 = 27, leaving at = 770.0
   Increment on distance indicator: 10.0
   Increment on tard indicator:     0.0
   Value of tmax indicator:         10.0

Task for patient = 52 with skills = {0,-1} and cost = 401.7
   Vehicle #0 = 4, leaving at = 837.0
   Vehicle #1 = -1, leaving at = inf
   Increment on distance indicator: 2.0
   Increment on tard indicator:     0.0
   Value of tmax indicator:         2.0

Task for patient = 65 with skills = {0,5} and cost = 403.7
   Vehicle #0 = 0, leaving at = 831.0
   Vehicle #1 = 32, leaving at = 841.0
   Increment on distance indicator: 6.0
   Increment on tard indicator:     0.0
   Value of tmax indicator:         6.0

Task for patient = 21 with skills = {5,-1} and cost = 404.0
   Vehicle #0 = 23, leaving at = 921.0
   Vehicle #1 = -1, leaving at = inf
   Increment on distance indicator: 1.0
   Increment on tard indicator:     0.0
   Value of tmax indicator:         1.0

Task for patient = 150 with skills = {4,-1} and cost = 405.7
   Vehicle #0 = 26, leaving at = 714.0
   Vehicle #1 = -1, leaving at = inf
   Increment on distance indicator: 5.0
   Increment on tard indicator:     0.0
   Value of tmax indicator:         5.0

Task for patient = 87 with skills = {3,-1} and cost = 418.7
   Vehicle #0 = 37, leaving at = 546.0
   Vehicle #1 = -1, leaving at = inf
   Increment on distance indicator: 39.0
   Increment on tard indicator:     0.0
   Value of tmax indicator:         39.0

Task for patient = 146 with skills = {5,-1} and cost = 420.7
   Vehicle #0 = 20, leaving at = 858.0
   Vehicle #1 = -1, leaving at = inf
   Increment on distance indicator: 6.0
   Increment on tard indicator:     0.0
   Value of tmax indicator:         6.0

Task for patient = 67 with skills = {4,-1} and cost = 423.0
   Vehicle #0 = 26, leaving at = 754.0
   Vehicle #1 = -1, leaving at = inf
   Increment on distance indicator: 7.0
   Increment on tard indicator:     0.0
   Value of tmax indicator:         7.0

Task for patient = 173 with skills = {3,-1} and cost = 425.7
   Vehicle #0 = 36, leaving at = 749.0
   Vehicle #1 = -1, leaving at = inf
   Increment on distance indicator: 8.0
   Increment on tard indicator:     0.0
   Value of tmax indicator:         8.0

Task for patient = 40 with skills = {1,-1} and cost = 426.3
   Vehicle #0 = 9, leaving at = 900.0
   Vehicle #1 = -1, leaving at = inf
   Increment on distance indicator: 2.0
   Increment on tard indicator:     0.0
   Value of tmax indicator:         2.0

Task for patient = 79 with skills = {0,-1} and cost = 428.7
   Vehicle #0 = 2, leaving at = 744.0
   Vehicle #1 = -1, leaving at = inf
   Increment on distance indicator: 7.0
   Increment on tard indicator:     0.0
   Value of tmax indicator:         7.0

Task for patient = 165 with skills = {0,-1} and cost = 429.0
   Vehicle #0 = 5, leaving at = 637.0
   Vehicle #1 = -1, leaving at = inf
   Increment on distance indicator: 1.0
   Increment on tard indicator:     0.0
   Value of tmax indicator:         1.0

Task for patient = 136 with skills = {2,3} and cost = 397.7
   Vehicle #0 = 11, leaving at = 774.0
   Vehicle #1 = 33, leaving at = 759.0
   Increment on distance indicator: 6.0
   Increment on tard indicator:     0.0
   Value of tmax indicator:         6.0

Task for patient = 107 with skills = {2,-1} and cost = 275.3
   Vehicle #0 = 1, leaving at = 742.0
   Vehicle #1 = -1, leaving at = inf
   Increment on distance indicator: 3.0
   Increment on tard indicator:     0.0
   Value of tmax indicator:         3.0

Task for patient = 183 with skills = {3,-1} and cost = 277.0
   Vehicle #0 = 29, leaving at = 631.0
   Vehicle #1 = -1, leaving at = inf
   Increment on distance indicator: 5.0
   Increment on tard indicator:     0.0
   Value of tmax indicator:         5.0

Task for patient = 81 with skills = {3,-1} and cost = 279.3
   Vehicle #0 = 29, leaving at = 694.0
   Vehicle #1 = -1, leaving at = inf
   Increment on distance indicator: 7.0
   Increment on tard indicator:     0.0
   Value of tmax indicator:         7.0

Task for patient = 176 with skills = {5,-1} and cost = 288.3
   Vehicle #0 = 32, leaving at = 556.0
   Vehicle #1 = -1, leaving at = inf
   Increment on distance indicator: 27.0
   Increment on tard indicator:     0.0
   Value of tmax indicator:         27.0

Task for patient = 151 with skills = {2,-1} and cost = 297.0
   Vehicle #0 = 7, leaving at = 508.0
   Vehicle #1 = -1, leaving at = inf
   Increment on distance indicator: 26.0
   Increment on tard indicator:     0.0
   Value of tmax indicator:         26.0

Task for patient = 192 with skills = {2,3} and cost = 302.7
   Vehicle #0 = 7, leaving at = 648.0
   Vehicle #1 = 32, leaving at = 632.0
   Increment on distance indicator: 17.0
   Increment on tard indicator:     0.0
   Value of tmax indicator:         17.0

Task for patient = 127 with skills = {0,-1} and cost = 316.0
   Vehicle #0 = 5, leaving at = 554.0
   Vehicle #1 = -1, leaving at = inf
   Increment on distance indicator: 40.0
   Increment on tard indicator:     0.0
   Value of tmax indicator:         40.0

Task for patient = 95 with skills = {0,-1} and cost = 317.0
   Vehicle #0 = 12, leaving at = 786.0
   Vehicle #1 = -1, leaving at = inf
   Increment on distance indicator: 3.0
   Increment on tard indicator:     0.0
   Value of tmax indicator:         3.0

Task for patient = 91 with skills = {5,-1} and cost = 319.3
   Vehicle #0 = 31, leaving at = 749.0
   Vehicle #1 = -1, leaving at = inf
   Increment on distance indicator: 7.0
   Increment on tard indicator:     0.0
   Value of tmax indicator:         7.0

Task for patient = 78 with skills = {3,-1} and cost = 320.7
   Vehicle #0 = 29, leaving at = 755.0
   Vehicle #1 = -1, leaving at = inf
   Increment on distance indicator: 4.0
   Increment on tard indicator:     0.0
   Value of tmax indicator:         4.0

Task for patient = 97 with skills = {0,-1} and cost = 322.3
   Vehicle #0 = 0, leaving at = 803.0
   Vehicle #1 = -1, leaving at = inf
   Increment on distance indicator: 5.0
   Increment on tard indicator:     0.0
   Value of tmax indicator:         5.0

Task for patient = 98 with skills = {0,-1} and cost = 361.0
   Vehicle #0 = 10, leaving at = 747.0
   Vehicle #1 = -1, leaving at = inf
   Increment on distance indicator: 5.0
   Increment on tard indicator:     0.0
   Value of tmax indicator:         5.0

Task for patient = 34 with skills = {0,3} and cost = 337.3
   Vehicle #0 = 5, leaving at = 612.0
   Vehicle #1 = 33, leaving at = 605.0
   Increment on distance indicator: 43.0
   Increment on tard indicator:     0.0
   Value of tmax indicator:         43.0

Task for patient = 5 with skills = {4,-1} and cost = 338.3
   Vehicle #0 = 26, leaving at = 681.0
   Vehicle #1 = -1, leaving at = inf
   Increment on distance indicator: 3.0
   Increment on tard indicator:     0.0
   Value of tmax indicator:         3.0

Task for patient = 125 with skills = {0,-1} and cost = 342.7
   Vehicle #0 = 4, leaving at = 778.0
   Vehicle #1 = -1, leaving at = inf
   Increment on distance indicator: 13.0
   Increment on tard indicator:     0.0
   Value of tmax indicator:         13.0

Task for patient = 141 with skills = {4,-1} and cost = 344.7
   Vehicle #0 = 31, leaving at = 811.0
   Vehicle #1 = -1, leaving at = inf
   Increment on distance indicator: 6.0
   Increment on tard indicator:     0.0
   Value of tmax indicator:         6.0

Task for patient = 51 with skills = {3,-1} and cost = 345.7
   Vehicle #0 = 21, leaving at = 796.0
   Vehicle #1 = -1, leaving at = inf
   Increment on distance indicator: 3.0
   Increment on tard indicator:     0.0
   Value of tmax indicator:         3.0

Task for patient = 104 with skills = {3,-1} and cost = 346.7
   Vehicle #0 = 33, leaving at = 627.0
   Vehicle #1 = -1, leaving at = inf
   Increment on distance indicator: 3.0
   Increment on tard indicator:     0.0
   Value of tmax indicator:         3.0

Task for patient = 1 with skills = {1,4} and cost = 351.3
   Vehicle #0 = 14, leaving at = 660.0
   Vehicle #1 = 33, leaving at = 666.0
   Increment on distance indicator: 14.0
   Increment on tard indicator:     0.0
   Value of tmax indicator:         14.0

Task for patient = 30 with skills = {3,-1} and cost = 352.0
   Vehicle #0 = 33, leaving at = 694.0
   Vehicle #1 = -1, leaving at = inf
   Increment on distance indicator: 2.0
   Increment on tard indicator:     0.0
   Value of tmax indicator:         2.0

Task for patient = 64 with skills = {0,-1} and cost = 353.0
   Vehicle #0 = 2, leaving at = 692.0
   Vehicle #1 = -1, leaving at = inf
   Increment on distance indicator: 3.0
   Increment on tard indicator:     0.0
   Value of tmax indicator:         3.0

Task for patient = 112 with skills = {3,-1} and cost = 353.7
   Vehicle #0 = 23, leaving at = 850.0
   Vehicle #1 = -1, leaving at = inf
   Increment on distance indicator: 2.0
   Increment on tard indicator:     0.0
   Value of tmax indicator:         2.0

Task for patient = 80 with skills = {5,-1} and cost = 354.0
   Vehicle #0 = 23, leaving at = 880.0
   Vehicle #1 = -1, leaving at = inf
   Increment on distance indicator: 1.0
   Increment on tard indicator:     0.0
   Value of tmax indicator:         1.0

Task for patient = 188 with skills = {2,3} and cost = 359.3
   Vehicle #0 = 7, leaving at = 677.0
   Vehicle #1 = 32, leaving at = 697.0
   Increment on distance indicator: 16.0
   Increment on tard indicator:     0.0
   Value of tmax indicator:         16.0

Task for patient = 149 with skills = {2,-1} and cost = 323.0
   Vehicle #0 = 9, leaving at = 848.0
   Vehicle #1 = -1, leaving at = inf
   Increment on distance indicator: 2.0
   Increment on tard indicator:     0.0
   Value of tmax indicator:         2.0


Unused vehicle list: 13 15 16 17 18 19 28 34 35 38 39 (total = 11 out of 40)

---
Search finished.
Total of 1900 generations in 295.9 seconds.
Exchange elite runs: 23
Implicit path relinking runs: 10
Reset attempts: 0

Best solution found:
   Cost: 925.0
   Total travel time: 2773.0
   Total tardiness time: 1.0
   Largest tardiness: 1.0


925.0
