This host is: ifrit
--- BRKGA-MP-IPR for HHCRSP ---
Instance: /home/alberto/work/hhcrsp-dataset-2021/dataset2/HHCRSP_10_3_75_1.6_C_RC.txt
Seed: 7

Reading data... Problem contains 10 patients  and 3 caregivers.

Summary of supply x demand for each service type:
Skill 0 has supply = 1 and demand = 2, ratio = 0.5
Skill 1 has supply = 1 and demand = 4, ratio = 0.25
Skill 2 has supply = 1 and demand = 1, ratio = 1
Skill 3 has supply = 1 and demand = 0, ratio = inf
Skill 4 has supply = 2 and demand = 4, ratio = 0.5
Skill 5 has supply = 2 and demand = 3, ratio = 0.666667

Reading parameters...
Inferred distance function by PR type: kendall-tau
Building BRKGA data and initializing...
Evolving 1900 generations...

  Gens  Rem    Local   ElDiv NoImpr             Best solution            Time  Op
                                       Cost     Dist    Tard    TMax 
*    0 1900    82.33   82.49      0    82.33   247.00     0.0     0.0     0.1    
*    2 1898    72.33   28.87      0    72.33   217.00     0.0     0.0     0.2    
    50 1850    72.33    0.00     48    72.33   217.00     0.0     0.0     2.6    
    80 1820    72.33    0.00     79    72.33   217.00     0.0     0.0     4.2   X
    81 1819      inf  104.24      0    72.33   217.00     0.0     0.0     4.2   R
    82 1818    72.67   76.44      0    72.33   217.00     0.0     0.0     4.3    
   100 1800    72.33    0.00     16    72.33   217.00     0.0     0.0     5.2    
   150 1750    72.33    0.00     66    72.33   217.00     0.0     0.0     7.8    
   160 1740    72.33    0.00     77    72.33   217.00     0.0     0.0     8.3   X
   163 1737      inf  106.47      0    72.33   217.00     0.0     0.0     8.5   R
   164 1736    90.33   75.67      0    72.33   217.00     0.0     0.0     8.5    
Path relinking result: no improvement.
   180 1720    72.33    0.00     14    72.33   217.00     0.0     0.0     9.3   P
   200 1700    72.33    0.00     33    72.33   217.00     0.0     0.0    10.4    
   240 1660    72.33    0.00     74    72.33   217.00     0.0     0.0    12.4   X
   246 1654      inf  108.22      0    72.33   217.00     0.0     0.0    12.8   R

  Gens  Rem    Local   ElDiv NoImpr             Best solution            Time  Op
                                       Cost     Dist    Tard    TMax 
   247 1653    72.33   79.33      0    72.33   217.00     0.0     0.0    12.8    
   250 1650    72.33   21.08      3    72.33   217.00     0.0     0.0    13.0    
   300 1600    72.33    0.00     53    72.33   217.00     0.0     0.0    15.5    
   320 1580    72.33    0.00     74    72.33   217.00     0.0     0.0    16.6   X
   326 1574      inf  103.90      0    72.33   217.00     0.0     0.0    16.9   R
   327 1573   104.67   75.31      0    72.33   217.00     0.0     0.0    16.9    
   350 1550    72.33    0.00     20    72.33   217.00     0.0     0.0    18.1    
Path relinking result: no improvement.
   360 1540    72.33    0.00     31    72.33   217.00     0.0     0.0    18.6   P
   400 1500    72.33    0.00     70    72.33   217.00     0.0     0.0    20.7    
   400 1500    72.33    0.00     71    72.33   217.00     0.0     0.0    20.7   X
   409 1491      inf  107.35      0    72.33   217.00     0.0     0.0    21.2   R
   410 1490    72.33   67.68      0    72.33   217.00     0.0     0.0    21.2    
   450 1450    72.33    0.00     40    72.33   217.00     0.0     0.0    23.3    
   480 1420    72.33    0.00     71    72.33   217.00     0.0     0.0    24.8   X
   489 1411      inf  102.53      0    72.33   217.00     0.0     0.0    25.3   R
   490 1410   101.33   74.60      0    72.33   217.00     0.0     0.0    25.4    

  Gens  Rem    Local   ElDiv NoImpr             Best solution            Time  Op
                                       Cost     Dist    Tard    TMax 
   500 1400    72.33    0.00      6    72.33   217.00     0.0     0.0    25.9    
Path relinking result: no improvement.
   540 1360    72.33    0.00     47    72.33   217.00     0.0     0.0    27.9   P
   550 1350    72.33    0.00     56    72.33   217.00     0.0     0.0    28.4    
   560 1340    72.33    0.00     67    72.33   217.00     0.0     0.0    29.0   X
   573 1327      inf  107.72      0    72.33   217.00     0.0     0.0    29.6   R
   574 1326    96.67   72.10      0    72.33   217.00     0.0     0.0    29.7    
   600 1300    72.33    0.00     23    72.33   217.00     0.0     0.0    31.0    
   640 1260    72.33    0.00     64    72.33   217.00     0.0     0.0    33.1   X
   650 1250    72.33    0.00     73    72.33   217.00     0.0     0.0    33.6    
   656 1244      inf  103.51      0    72.33   217.00     0.0     0.0    33.9   R
   657 1243    96.33   75.86      0    72.33   217.00     0.0     0.0    34.0    
   700 1200    72.33    0.00     39    72.33   217.00     0.0     0.0    36.2    
Path relinking result: no improvement.
   720 1180    72.33    0.00     60    72.33   217.00     0.0     0.0    37.2  PX
   740 1160      inf  102.75      0    72.33   217.00     0.0     0.0    38.3   R
   741 1159    72.33   73.60      0    72.33   217.00     0.0     0.0    38.3    
   750 1150    72.33    0.14      9    72.33   217.00     0.0     0.0    38.8    

  Gens  Rem    Local   ElDiv NoImpr             Best solution            Time  Op
                                       Cost     Dist    Tard    TMax 
   800 1100    72.33    0.00     59    72.33   217.00     0.0     0.0    41.4    
   800 1100    72.33    0.00     60    72.33   217.00     0.0     0.0    41.4   X
   820 1080      inf  109.39      0    72.33   217.00     0.0     0.0    42.4   R
   821 1079    72.67   69.05      0    72.33   217.00     0.0     0.0    42.4    
   850 1050    72.33    0.00     26    72.33   217.00     0.0     0.0    43.9    
   880 1020    72.33    0.00     57    72.33   217.00     0.0     0.0    45.5   X
   900 1000    72.33    0.00     76    72.33   217.00     0.0     0.0    46.5    
Path relinking result: no improvement.
   900 1000    72.33    0.00     77    72.33   217.00     0.0     0.0    46.5   P
   903  997      inf  103.72      0    72.33   217.00     0.0     0.0    46.7   R
   904  996    90.33   77.72      0    72.33   217.00     0.0     0.0    46.7    
   950  950    72.33    0.00     44    72.33   217.00     0.0     0.0    49.1    
   960  940    72.33    0.00     55    72.33   217.00     0.0     0.0    49.6   X
   985  915      inf  104.61      0    72.33   217.00     0.0     0.0    50.9   R
   986  914    96.33   76.27      0    72.33   217.00     0.0     0.0    51.0    
  1000  900    72.33    0.00     11    72.33   217.00     0.0     0.0    51.7    
  1040  860    72.33    0.00     52    72.33   217.00     0.0     0.0    53.7   X

  Gens  Rem    Local   ElDiv NoImpr             Best solution            Time  Op
                                       Cost     Dist    Tard    TMax 
  1050  850    72.33    0.00     61    72.33   217.00     0.0     0.0    54.3    
  1068  832      inf  107.82      0    72.33   217.00     0.0     0.0    55.2   R
  1069  831    90.33   76.66      0    72.33   217.00     0.0     0.0    55.2    
Path relinking result: no improvement.
  1080  820    72.33    0.00      9    72.33   217.00     0.0     0.0    55.8   P
  1100  800    72.33    0.00     28    72.33   217.00     0.0     0.0    56.8    
  1120  780    72.33    0.00     49    72.33   217.00     0.0     0.0    57.9   X
  1150  750    72.33    0.00     78    72.33   217.00     0.0     0.0    59.4    
  1151  749      inf  106.66      0    72.33   217.00     0.0     0.0    59.5   R
  1152  748    96.33   76.74      0    72.33   217.00     0.0     0.0    59.5    
  1200  700    72.33    0.00     45    72.33   217.00     0.0     0.0    62.0    
  1200  700    72.33    0.00     46    72.33   217.00     0.0     0.0    62.0   X
  1234  666      inf  106.36      0    72.33   217.00     0.0     0.0    63.8   R
  1235  665    97.00   78.45      0    72.33   217.00     0.0     0.0    63.8    
  1250  650    72.33    0.00     12    72.33   217.00     0.0     0.0    64.6    
Path relinking result: no improvement.
  1260  640    72.33    0.00     23    72.33   217.00     0.0     0.0    65.1   P
  1280  620    72.33    0.00     43    72.33   217.00     0.0     0.0    66.1   X

  Gens  Rem    Local   ElDiv NoImpr             Best solution            Time  Op
                                       Cost     Dist    Tard    TMax 
  1300  600    72.33    0.00     62    72.33   217.00     0.0     0.0    67.2    
  1317  583      inf  104.10      0    72.33   217.00     0.0     0.0    68.1   R
  1318  582    90.33   74.46      0    72.33   217.00     0.0     0.0    68.1    
  1350  550    72.33    0.00     29    72.33   217.00     0.0     0.0    69.8    
  1360  540    72.33    0.00     40    72.33   217.00     0.0     0.0    70.3   X
  1400  500    72.33    0.00     79    72.33   217.00     0.0     0.0    72.3    
  1400  500      inf  100.01      0    72.33   217.00     0.0     0.0    72.3   R
  1401  499    90.33   75.23      0    72.33   217.00     0.0     0.0    72.4    
Path relinking result: no improvement.
  1440  460    72.33    0.00     37    72.33   217.00     0.0     0.0    74.4  PX
  1450  450    72.33    0.00     46    72.33   217.00     0.0     0.0    74.9    
  1483  417      inf  110.31      0    72.33   217.00     0.0     0.0    76.6   R
  1484  416    96.33   73.28      0    72.33   217.00     0.0     0.0    76.7    
  1500  400    72.33    0.00     14    72.33   217.00     0.0     0.0    77.5    
  1520  380    72.33    0.00     35    72.33   217.00     0.0     0.0    78.5   X
  1550  350    72.33    0.00     64    72.33   217.00     0.0     0.0    80.1    
  1565  335      inf  108.74      0    72.33   217.00     0.0     0.0    80.9   R

  Gens  Rem    Local   ElDiv NoImpr             Best solution            Time  Op
                                       Cost     Dist    Tard    TMax 
  1566  334    96.33   81.40      0    72.33   217.00     0.0     0.0    80.9    
  1600  300    72.33    0.00     32    72.33   217.00     0.0     0.0    82.7    
  1600  300    72.33    0.00     33    72.33   217.00     0.0     0.0    82.7   X
Path relinking result: no improvement.
  1620  280    72.33    0.00     53    72.33   217.00     0.0     0.0    83.7   P
  1647  253      inf  103.31      0    72.33   217.00     0.0     0.0    85.1   R
  1648  252    96.33   76.12      0    72.33   217.00     0.0     0.0    85.1    
  1650  250    82.33   25.00      0    72.33   217.00     0.0     0.0    85.2    
  1680  220    72.33    0.00     29    72.33   217.00     0.0     0.0    86.8   X
  1700  200    72.33    0.00     48    72.33   217.00     0.0     0.0    87.8    
  1731  169      inf  100.21      0    72.33   217.00     0.0     0.0    89.4   R
  1732  168    97.00   70.39      0    72.33   217.00     0.0     0.0    89.5    
  1750  150    72.33    0.00     16    72.33   217.00     0.0     0.0    90.4    
  1760  140    72.33    0.00     27    72.33   217.00     0.0     0.0    90.9   X
  1800  100    72.33    0.00     66    72.33   217.00     0.0     0.0    93.0    
Path relinking result: no improvement.
  1800  100    72.33    0.00     67    72.33   217.00     0.0     0.0    93.0   P
  1813   87      inf  106.74      0    72.33   217.00     0.0     0.0    93.7   R

  Gens  Rem    Local   ElDiv NoImpr             Best solution            Time  Op
                                       Cost     Dist    Tard    TMax 
  1814   86   105.33   79.67      0    72.33   217.00     0.0     0.0    93.7    
  1840   60    72.33    0.00     23    72.33   217.00     0.0     0.0    95.1   X
  1850   50    72.33    0.00     32    72.33   217.00     0.0     0.0    95.6    
  1897    3      inf  104.74      0    72.33   217.00     0.0     0.0    98.0   R
  1898    2    97.00   76.63      0    72.33   217.00     0.0     0.0    98.0    
  1900    0    96.67   38.56      0    72.33   217.00     0.0     0.0    98.1    
Evolutionary process finished.
Solution written to 'solution-16742.txt'.

Sorted sequence of worst to best tardiness value:
Task for patient = 8 with skills = {0,5} and cost = 74.3
   Vehicle #0 = 0, leaving at = 1160.0
   Vehicle #1 = 1, leaving at = 1160.0
   Increment on distance indicator: 65.0
   Increment on tard indicator:     46.0
   Value of tmax indicator:         65.0

Task for patient = 1 with skills = {4,-1} and cost = 1.7
   Vehicle #0 = 1, leaving at = 933.0
   Vehicle #1 = -1, leaving at = inf
   Increment on distance indicator: 5.0
   Increment on tard indicator:     0.0
   Value of tmax indicator:         5.0

Task for patient = 3 with skills = {4,-1} and cost = 6.7
   Vehicle #0 = 2, leaving at = 774.0
   Vehicle #1 = -1, leaving at = inf
   Increment on distance indicator: 15.0
   Increment on tard indicator:     0.0
   Value of tmax indicator:         15.0

Task for patient = 10 with skills = {1,-1} and cost = 6.7
   Vehicle #0 = 0, leaving at = 525.0
   Vehicle #1 = -1, leaving at = inf
   Increment on distance indicator: 0.0
   Increment on tard indicator:     0.0
   Value of tmax indicator:         0.0

Task for patient = 7 with skills = {0,-1} and cost = 12.3
   Vehicle #0 = 0, leaving at = 671.0
   Vehicle #1 = -1, leaving at = inf
   Increment on distance indicator: 17.0
   Increment on tard indicator:     0.0
   Value of tmax indicator:         17.0

Task for patient = 4 with skills = {2,-1} and cost = 14.0
   Vehicle #0 = 0, leaving at = 727.0
   Vehicle #1 = -1, leaving at = inf
   Increment on distance indicator: 5.0
   Increment on tard indicator:     0.0
   Value of tmax indicator:         5.0

Task for patient = 2 with skills = {1,5} and cost = 17.0
   Vehicle #0 = 0, leaving at = 951.0
   Vehicle #1 = 2, leaving at = 1008.0
   Increment on distance indicator: 9.0
   Increment on tard indicator:     0.0
   Value of tmax indicator:         9.0

Task for patient = 9 with skills = {1,4} and cost = 21.7
   Vehicle #0 = 0, leaving at = 1036.0
   Vehicle #1 = 2, leaving at = 1036.0
   Increment on distance indicator: 14.0
   Increment on tard indicator:     0.0
   Value of tmax indicator:         14.0

Task for patient = 6 with skills = {1,4} and cost = 28.3
   Vehicle #0 = 0, leaving at = 1066.0
   Vehicle #1 = 2, leaving at = 1107.0
   Increment on distance indicator: 20.0
   Increment on tard indicator:     0.0
   Value of tmax indicator:         20.0

Task for patient = 5 with skills = {5,-1} and cost = 29.7
   Vehicle #0 = 2, leaving at = 1145.0
   Vehicle #1 = -1, leaving at = inf
   Increment on distance indicator: 4.0
   Increment on tard indicator:     0.0
   Value of tmax indicator:         4.0


Unused vehicle list: (total = 0 out of 3)

---
Search finished.
Total of 1900 generations in 98.1 seconds.
Exchange elite runs: 23
Implicit path relinking runs: 10
Reset attempts: 23

Best solution found:
   Cost: 72.3
   Total travel time: 217.0
   Total tardiness time: 0.0
   Largest tardiness: 0.0


72.3
