This host is: shiva
--- BRKGA-MP-IPR for HHCRSP ---
Instance: /home/alberto/work/hhcrsp-dataset-2021/dataset2/HHCRSP_200_40_97_1.6_R_C.txt
Seed: 19

Reading data... Problem contains 200 patients  and 40 caregivers.

Summary of supply x demand for each service type:
Skill 0 has supply = 10 and demand = 34, ratio = 0.294118
Skill 1 has supply = 16 and demand = 51, ratio = 0.313725
Skill 2 has supply = 12 and demand = 34, ratio = 0.352941
Skill 3 has supply = 17 and demand = 60, ratio = 0.283333
Skill 4 has supply = 17 and demand = 50, ratio = 0.34
Skill 5 has supply = 15 and demand = 31, ratio = 0.483871

Reading parameters...
Inferred distance function by PR type: kendall-tau
Building BRKGA data and initializing...
Evolving 1900 generations...

  Gens  Rem    Local   ElDiv NoImpr             Best solution            Time  Op
                                       Cost     Dist    Tard    TMax 
*    0 1900  2332.67  241.25      0  2332.67  4083.00  2518.0   397.0     0.3    
*    2 1898  2059.00  227.10      0  2059.00  4197.00   517.0   149.0     0.9    
*    3 1897  1621.00  227.02      0  1621.00  4171.00   406.0    80.0     1.2    
*    4 1896  1552.33  211.14      0  1552.33  4171.00   406.0    80.0     1.5    
*    8 1892  1545.33  111.93      0  1545.33  4182.00   237.0    46.0     2.7    
*    9 1891  1488.33  101.54      0  1488.33  4180.00   160.0    24.0     3.0    
*   10 1890  1454.67   89.23      0  1454.67  4019.00   214.0   125.0     3.3    
*   11 1889  1452.67   82.94      0  1452.67  3991.00    81.0    14.0     3.7    
*   12 1888  1362.00   71.95      0  1362.00  3991.00    81.0    14.0     4.0    
*   16 1884  1325.67   38.90      0  1325.67  3812.00   142.0    23.0     5.2    
*   18 1882  1320.67   29.85      0  1320.67  3830.00    83.0    21.0     5.8    
*   19 1881  1311.33   27.48      0  1311.33  3775.00    47.0    13.0     6.1    
*   20 1880  1278.33   25.29      0  1278.33  3775.00    47.0    13.0     6.4    
*   23 1877  1273.33   19.48      0  1273.33  3747.00    52.0    21.0     7.3    
*   25 1875  1263.00   18.17      0  1263.00  3700.00    55.0    20.0     7.9    

  Gens  Rem    Local   ElDiv NoImpr             Best solution            Time  Op
                                       Cost     Dist    Tard    TMax 
*   26 1874  1258.33   18.66      0  1258.33  3638.00   105.0    26.0     8.2    
*   27 1873  1256.33   19.79      0  1256.33  3474.00    87.0    26.0     8.5    
*   28 1872  1195.67   19.77      0  1195.67  3474.00    87.0    26.0     8.8    
*   33 1867  1192.67   18.16      0  1192.67  3552.00    19.0     7.0    10.3    
*   36 1864  1188.67   17.54      0  1188.67  3544.00    14.0     8.0    11.3    
*   38 1862  1160.00   15.96      0  1160.00  3450.00    19.0    11.0    11.9    
*   43 1857  1159.00   15.16      0  1159.00  3391.00    22.0    10.0    13.4    
*   44 1856  1141.00   14.75      0  1141.00  3391.00    22.0    10.0    13.7    
*   46 1854  1140.67   14.37      0  1140.67  3337.00    70.0    15.0    14.3    
*   49 1851  1130.00   13.92      0  1130.00  3304.00    70.0    16.0    15.2    
    50 1850  1130.00   14.50      1  1130.00  3304.00    70.0    16.0    15.5    
*   51 1849  1111.67   14.33      0  1111.67  3214.00    93.0    28.0    15.8    
*   58 1842  1109.33   14.36      0  1109.33  3270.00    49.0     9.0    17.9    
*   60 1840  1096.67   14.20      0  1096.67  3212.00    62.0    16.0    18.5    
*   62 1838  1091.33   14.36      0  1091.33  3239.00    24.0    11.0    19.2    
*   66 1834  1072.33   14.65      0  1072.33  3165.00    34.0    18.0    20.4    

  Gens  Rem    Local   ElDiv NoImpr             Best solution            Time  Op
                                       Cost     Dist    Tard    TMax 
*   70 1830  1062.00   15.10      0  1062.00  3146.00    25.0    15.0    21.6    
*   76 1824  1060.67   14.53      0  1060.67  3145.00    22.0    15.0    23.4    
*   79 1821  1051.67   14.51      0  1051.67  3029.00   107.0    19.0    24.3    
    80 1820  1037.00   11.43      0  1051.67  3029.00   107.0    19.0    24.6   X
*   81 1819  1037.00   10.92      0  1037.00  3081.00    20.0    10.0    24.9    
*   93 1807  1035.33    9.86      0  1035.33  3057.00    38.0    11.0    28.5    
*   95 1805  1012.33   10.96      0  1012.33  2960.00    56.0    21.0    29.1    
*   98 1802  1007.00   11.08      0  1007.00  2984.00    22.0    15.0    30.1    
   100 1800  1007.00   11.69      2  1007.00  2984.00    22.0    15.0    30.7    
*  109 1791   996.33   11.15      0   996.33  2965.00    14.0     5.0    33.4    
*  110 1790   994.67   11.14      0   994.67  2965.00    14.0     5.0    33.7    
*  113 1787   993.67   11.15      0   993.67  2919.00    51.0    11.0    34.6    
*  116 1784   993.33   11.10      0   993.33  2938.00    33.0     7.0    35.5    
*  117 1783   992.67   10.75      0   992.67  2938.00    33.0     7.0    35.8    
*  124 1776   988.67    9.93      0   988.67  2957.00     5.0     4.0    37.9    
*  127 1773   982.33    9.94      0   982.33  2941.00     4.0     2.0    38.8    

  Gens  Rem    Local   ElDiv NoImpr             Best solution            Time  Op
                                       Cost     Dist    Tard    TMax 
*  134 1766   981.00    9.82      0   981.00  2900.00    30.0    13.0    40.9    
*  140 1760   978.33    9.29      0   978.33  2896.00    32.0     7.0    42.7    
*  150 1750   973.00    8.54      0   973.00  2880.00    29.0    10.0    45.8    
*  155 1745   961.67    8.66      0   961.67  2829.00    42.0    14.0    47.3    
   160 1740   961.67    7.57      6   961.67  2829.00    42.0    14.0    48.8   X
*  177 1723   955.33    7.61      0   955.33  2850.00    10.0     6.0    53.9    
Path relinking result: best improvement.
   180 1720   943.00    8.44      0   955.33  2850.00    10.0     6.0    55.0   P
*  181 1719   943.00    8.42      0   943.00  2820.00     6.0     3.0    55.3    
   200 1700   943.00    7.76     19   943.00  2820.00     6.0     3.0    61.0    
   240 1660   943.00    5.76     60   943.00  2820.00     6.0     3.0    73.1   X
   250 1650   943.00    5.84     69   943.00  2820.00     6.0     3.0    76.1    
   260 1640      inf  358.56      0   943.00  2820.00     6.0     3.0    79.4   R
   261 1639  2111.67  289.60      0   943.00  2820.00     6.0     3.0    79.7    
   300 1600  1162.33   21.69      0   943.00  2820.00     6.0     3.0    91.6    
   320 1580  1094.33   11.08      2   943.00  2820.00     6.0     3.0    97.6   X
   350 1550  1039.00   11.52     12   943.00  2820.00     6.0     3.0   106.7    
Path relinking result: best improvement.

  Gens  Rem    Local   ElDiv NoImpr             Best solution            Time  Op
                                       Cost     Dist    Tard    TMax 
   360 1540  1021.00   12.05      0   943.00  2820.00     6.0     3.0   110.0   P
   400 1500   979.67   10.45     11   943.00  2820.00     6.0     3.0   122.0    
   400 1500   979.67    9.06     12   943.00  2820.00     6.0     3.0   122.0   X
   450 1450   964.33    7.86     11   943.00  2820.00     6.0     3.0   137.2    
   480 1420   962.33    6.36     17   943.00  2820.00     6.0     3.0   146.2   X
   500 1400   960.00    6.08     18   943.00  2820.00     6.0     3.0   152.3    
Path relinking result: best improvement.
   540 1360   922.67    6.86      0   943.00  2820.00     6.0     3.0   164.6   P
*  541 1359   922.67    6.85      0   922.67  2714.00    38.0    16.0   164.9    
   550 1350   922.67    6.89      9   922.67  2714.00    38.0    16.0   167.6    
   560 1340   922.67    6.55     20   922.67  2714.00    38.0    16.0   170.6   X
   600 1300   922.67    6.52     59   922.67  2714.00    38.0    16.0   182.7    
   620 1280      inf  327.84      0   922.67  2714.00    38.0    16.0   189.1   R
   621 1279  2289.33  277.35      0   922.67  2714.00    38.0    16.0   189.4    
   640 1260  1314.33   20.96      1   922.67  2714.00    38.0    16.0   195.2   X
   650 1250  1239.67   19.12      4   922.67  2714.00    38.0    16.0   198.2    
   700 1200  1075.00   13.55      2   922.67  2714.00    38.0    16.0   213.5    
Path relinking result: elite improvement.

  Gens  Rem    Local   ElDiv NoImpr             Best solution            Time  Op
                                       Cost     Dist    Tard    TMax 
   720 1180  1046.67    9.71      6   922.67  2714.00    38.0    16.0   219.8  PX
   750 1150  1004.67    9.10      4   922.67  2714.00    38.0    16.0   228.9    
   800 1100   998.00    9.92     10   922.67  2714.00    38.0    16.0   244.0    
   800 1100   998.00    7.43     11   922.67  2714.00    38.0    16.0   244.0   X
   850 1050   974.67    7.72      3   922.67  2714.00    38.0    16.0   259.1    
   880 1020   974.67    6.75     34   922.67  2714.00    38.0    16.0   268.2   X
   900 1000   962.33    7.31     16   922.67  2714.00    38.0    16.0   274.3    
Path relinking result: best improvement.
   900 1000   961.67    7.79      0   922.67  2714.00    38.0    16.0   274.4   P
   950  950   951.33    7.39     33   922.67  2714.00    38.0    16.0   289.6    
   960  940   951.33    6.14     44   922.67  2714.00    38.0    16.0   292.6   X
   996  904      inf  337.94      0   922.67  2714.00    38.0    16.0   303.7   R
   997  903  2167.67  285.74      0   922.67  2714.00    38.0    16.0   304.0    
  1000  900  1941.33  201.98      0   922.67  2714.00    38.0    16.0   305.0    
  1040  860  1184.00   11.86      1   922.67  2714.00    38.0    16.0   317.1   X
  1050  850  1150.33   13.71      3   922.67  2714.00    38.0    16.0   320.2    
Path relinking result: best improvement.
  1080  820  1058.00   12.24      0   922.67  2714.00    38.0    16.0   329.5   P

  Gens  Rem    Local   ElDiv NoImpr             Best solution            Time  Op
                                       Cost     Dist    Tard    TMax 
  1100  800  1039.33   10.98      0   922.67  2714.00    38.0    16.0   335.5    
  1120  780  1007.33    8.73      8   922.67  2714.00    38.0    16.0   341.6   X
  1150  750   962.67    9.74      0   922.67  2714.00    38.0    16.0   350.7    
  1200  700   951.67   11.74     22   922.67  2714.00    38.0    16.0   365.8    
  1200  700   951.67    9.85     23   922.67  2714.00    38.0    16.0   365.8   X
  1250  650   949.00    8.43      6   922.67  2714.00    38.0    16.0   381.1    
Path relinking result: best improvement.
  1260  640   945.33    7.91      0   922.67  2714.00    38.0    16.0   384.4   P
  1280  620   940.67    6.24     10   922.67  2714.00    38.0    16.0   390.4   X
  1300  600   937.00    6.21     16   922.67  2714.00    38.0    16.0   396.5    
  1350  550   934.00    6.06      6   922.67  2714.00    38.0    16.0   411.7    
  1360  540   934.00    4.87     17   922.67  2714.00    38.0    16.0   414.7   X
  1400  500   929.00    5.03     32   922.67  2714.00    38.0    16.0   426.9    
Path relinking result: best improvement.
  1440  460   918.67    5.22      0   922.67  2714.00    38.0    16.0   439.2  PX
* 1441  459   918.67    5.22      0   918.67  2707.00    33.0    16.0   439.5    
  1450  450   918.67    5.26      9   918.67  2707.00    33.0    16.0   442.2    
* 1470  430   906.00    5.59      0   906.00  2707.00     8.0     3.0   448.3    

  Gens  Rem    Local   ElDiv NoImpr             Best solution            Time  Op
                                       Cost     Dist    Tard    TMax 
  1500  400   906.00    5.50     30   906.00  2707.00     8.0     3.0   457.5    
  1520  380   906.00    5.47     51   906.00  2707.00     8.0     3.0   463.6   X
  1549  351      inf  346.83      0   906.00  2707.00     8.0     3.0   472.7   R
  1550  350  2156.00  287.24      0   906.00  2707.00     8.0     3.0   473.0    
  1600  300  1148.00   14.12      0   906.00  2707.00     8.0     3.0   488.3    
  1600  300  1132.00   12.71      0   906.00  2707.00     8.0     3.0   488.3   X
Path relinking result: elite improvement.
  1620  280  1084.67   12.41      8   906.00  2707.00     8.0     3.0   494.6   P
  1650  250  1053.67   11.06      4   906.00  2707.00     8.0     3.0   503.7    
  1680  220  1028.00    7.10      5   906.00  2707.00     8.0     3.0   512.9   X
  1700  200   991.33    7.49      6   906.00  2707.00     8.0     3.0   518.9    
  1750  150   977.33    9.84     15   906.00  2707.00     8.0     3.0   534.1    
  1760  140   977.33    7.68     26   906.00  2707.00     8.0     3.0   537.2   X
  1800  100   973.67    7.17     25   906.00  2707.00     8.0     3.0   549.3    
Path relinking result: best improvement.
  1800  100   945.67    8.52      0   906.00  2707.00     8.0     3.0   549.5   P
  1840   60   945.67    8.21     40   906.00  2707.00     8.0     3.0   561.6   X
  1850   50   945.67    8.19     49   906.00  2707.00     8.0     3.0   564.6    

  Gens  Rem    Local   ElDiv NoImpr             Best solution            Time  Op
                                       Cost     Dist    Tard    TMax 
  1880   20      inf  315.25      0   906.00  2707.00     8.0     3.0   574.0   R
  1881   19  1966.67  293.62      0   906.00  2707.00     8.0     3.0   574.3    
  1900    0  1304.00   31.94      4   906.00  2707.00     8.0     3.0   579.7    
Evolutionary process finished.
Solution written to 'solution-14765.txt'.

Sorted sequence of worst to best tardiness value:
Task for patient = 54 with skills = {0,-1} and cost = 550.3
   Vehicle #0 = 14, leaving at = 683.0
   Vehicle #1 = -1, leaving at = inf
   Increment on distance indicator: 2.0
   Increment on tard indicator:     24.0
   Value of tmax indicator:         2.0

Task for patient = 172 with skills = {0,-1} and cost = 110.7
   Vehicle #0 = 3, leaving at = 710.0
   Vehicle #1 = -1, leaving at = inf
   Increment on distance indicator: 4.0
   Increment on tard indicator:     13.0
   Value of tmax indicator:         4.0

Task for patient = 34 with skills = {0,-1} and cost = 150.0
   Vehicle #0 = 3, leaving at = 732.0
   Vehicle #1 = -1, leaving at = inf
   Increment on distance indicator: 4.0
   Increment on tard indicator:     11.0
   Value of tmax indicator:         4.0

Task for patient = 90 with skills = {1,-1} and cost = 712.0
   Vehicle #0 = 17, leaving at = 822.0
   Vehicle #1 = -1, leaving at = inf
   Increment on distance indicator: 3.0
   Increment on tard indicator:     5.0
   Value of tmax indicator:         3.0

Task for patient = 79 with skills = {3,-1} and cost = 84.7
   Vehicle #0 = 21, leaving at = 756.0
   Vehicle #1 = -1, leaving at = inf
   Increment on distance indicator: 2.0
   Increment on tard indicator:     4.0
   Value of tmax indicator:         2.0

Task for patient = 195 with skills = {3,-1} and cost = 572.0
   Vehicle #0 = 33, leaving at = 707.0
   Vehicle #1 = -1, leaving at = inf
   Increment on distance indicator: 6.0
   Increment on tard indicator:     0.0
   Value of tmax indicator:         6.0

Task for patient = 18 with skills = {3,-1} and cost = 574.0
   Vehicle #0 = 32, leaving at = 862.0
   Vehicle #1 = -1, leaving at = inf
   Increment on distance indicator: 1.0
   Increment on tard indicator:     0.0
   Value of tmax indicator:         1.0

Task for patient = 36 with skills = {2,-1} and cost = 575.0
   Vehicle #0 = 9, leaving at = 889.0
   Vehicle #1 = -1, leaving at = inf
   Increment on distance indicator: 3.0
   Increment on tard indicator:     0.0
   Value of tmax indicator:         3.0

Task for patient = 38 with skills = {5,-1} and cost = 576.7
   Vehicle #0 = 27, leaving at = 1077.0
   Vehicle #1 = -1, leaving at = inf
   Increment on distance indicator: 5.0
   Increment on tard indicator:     0.0
   Value of tmax indicator:         5.0

Task for patient = 16 with skills = {2,3} and cost = 578.7
   Vehicle #0 = 14, leaving at = 987.0
   Vehicle #1 = 31, leaving at = 987.0
   Increment on distance indicator: 6.0
   Increment on tard indicator:     0.0
   Value of tmax indicator:         6.0

Task for patient = 42 with skills = {4,-1} and cost = 580.7
   Vehicle #0 = 33, leaving at = 738.0
   Vehicle #1 = -1, leaving at = inf
   Increment on distance indicator: 6.0
   Increment on tard indicator:     0.0
   Value of tmax indicator:         6.0

Task for patient = 48 with skills = {2,5} and cost = 582.0
   Vehicle #0 = 14, leaving at = 1024.0
   Vehicle #1 = 31, leaving at = 1029.0
   Increment on distance indicator: 4.0
   Increment on tard indicator:     0.0
   Value of tmax indicator:         4.0

Task for patient = 137 with skills = {2,3} and cost = 584.7
   Vehicle #0 = 12, leaving at = 916.0
   Vehicle #1 = 23, leaving at = 916.0
   Increment on distance indicator: 8.0
   Increment on tard indicator:     0.0
   Value of tmax indicator:         8.0

Task for patient = 64 with skills = {3,-1} and cost = 599.3
   Vehicle #0 = 34, leaving at = 593.0
   Vehicle #1 = -1, leaving at = inf
   Increment on distance indicator: 44.0
   Increment on tard indicator:     0.0
   Value of tmax indicator:         44.0

Task for patient = 198 with skills = {5,-1} and cost = 600.0
   Vehicle #0 = 25, leaving at = 1080.0
   Vehicle #1 = -1, leaving at = inf
   Increment on distance indicator: 2.0
   Increment on tard indicator:     0.0
   Value of tmax indicator:         2.0

Task for patient = 59 with skills = {4,-1} and cost = 600.3
   Vehicle #0 = 24, leaving at = 1023.0
   Vehicle #1 = -1, leaving at = inf
   Increment on distance indicator: 1.0
   Increment on tard indicator:     0.0
   Value of tmax indicator:         1.0

Task for patient = 68 with skills = {4,-1} and cost = 601.0
   Vehicle #0 = 22, leaving at = 1038.0
   Vehicle #1 = -1, leaving at = inf
   Increment on distance indicator: 2.0
   Increment on tard indicator:     0.0
   Value of tmax indicator:         2.0

Task for patient = 144 with skills = {0,-1} and cost = 601.3
   Vehicle #0 = 14, leaving at = 1073.0
   Vehicle #1 = -1, leaving at = inf
   Increment on distance indicator: 1.0
   Increment on tard indicator:     0.0
   Value of tmax indicator:         1.0

Task for patient = 167 with skills = {3,-1} and cost = 601.7
   Vehicle #0 = 30, leaving at = 972.0
   Vehicle #1 = -1, leaving at = inf
   Increment on distance indicator: 1.0
   Increment on tard indicator:     0.0
   Value of tmax indicator:         1.0

Task for patient = 190 with skills = {0,3} and cost = 603.0
   Vehicle #0 = 13, leaving at = 943.0
   Vehicle #1 = 29, leaving at = 979.0
   Increment on distance indicator: 4.0
   Increment on tard indicator:     0.0
   Value of tmax indicator:         4.0

Task for patient = 7 with skills = {0,4} and cost = 605.0
   Vehicle #0 = 8, leaving at = 1034.0
   Vehicle #1 = 30, leaving at = 1034.0
   Increment on distance indicator: 6.0
   Increment on tard indicator:     0.0
   Value of tmax indicator:         6.0

Task for patient = 154 with skills = {2,-1} and cost = 619.7
   Vehicle #0 = 15, leaving at = 613.0
   Vehicle #1 = -1, leaving at = inf
   Increment on distance indicator: 44.0
   Increment on tard indicator:     0.0
   Value of tmax indicator:         44.0

Task for patient = 73 with skills = {3,-1} and cost = 620.3
   Vehicle #0 = 32, leaving at = 904.0
   Vehicle #1 = -1, leaving at = inf
   Increment on distance indicator: 2.0
   Increment on tard indicator:     0.0
   Value of tmax indicator:         2.0

Task for patient = 56 with skills = {3,-1} and cost = 621.0
   Vehicle #0 = 31, leaving at = 1073.0
   Vehicle #1 = -1, leaving at = inf
   Increment on distance indicator: 2.0
   Increment on tard indicator:     0.0
   Value of tmax indicator:         2.0

Task for patient = 86 with skills = {2,3} and cost = 622.3
   Vehicle #0 = 9, leaving at = 946.0
   Vehicle #1 = 32, leaving at = 955.0
   Increment on distance indicator: 4.0
   Increment on tard indicator:     0.0
   Value of tmax indicator:         4.0

Task for patient = 76 with skills = {0,4} and cost = 624.3
   Vehicle #0 = 3, leaving at = 1146.0
   Vehicle #1 = 28, leaving at = 1146.0
   Increment on distance indicator: 6.0
   Increment on tard indicator:     0.0
   Value of tmax indicator:         6.0

Task for patient = 70 with skills = {0,-1} and cost = 625.7
   Vehicle #0 = 8, leaving at = 1069.0
   Vehicle #1 = -1, leaving at = inf
   Increment on distance indicator: 4.0
   Increment on tard indicator:     0.0
   Value of tmax indicator:         4.0

Task for patient = 183 with skills = {2,-1} and cost = 573.7
   Vehicle #0 = 7, leaving at = 888.0
   Vehicle #1 = -1, leaving at = inf
   Increment on distance indicator: 5.0
   Increment on tard indicator:     0.0
   Value of tmax indicator:         5.0

Task for patient = 9 with skills = {3,-1} and cost = 501.7
   Vehicle #0 = 32, leaving at = 716.0
   Vehicle #1 = -1, leaving at = inf
   Increment on distance indicator: 2.0
   Increment on tard indicator:     0.0
   Value of tmax indicator:         2.0

Task for patient = 30 with skills = {4,-1} and cost = 502.3
   Vehicle #0 = 24, leaving at = 988.0
   Vehicle #1 = -1, leaving at = inf
   Increment on distance indicator: 2.0
   Increment on tard indicator:     0.0
   Value of tmax indicator:         2.0

Task for patient = 2 with skills = {5,-1} and cost = 503.0
   Vehicle #0 = 31, leaving at = 904.0
   Vehicle #1 = -1, leaving at = inf
   Increment on distance indicator: 2.0
   Increment on tard indicator:     0.0
   Value of tmax indicator:         2.0

Task for patient = 5 with skills = {1,-1} and cost = 505.0
   Vehicle #0 = 1, leaving at = 1041.0
   Vehicle #1 = -1, leaving at = inf
   Increment on distance indicator: 6.0
   Increment on tard indicator:     0.0
   Value of tmax indicator:         6.0

Task for patient = 43 with skills = {4,-1} and cost = 505.3
   Vehicle #0 = 31, leaving at = 936.0
   Vehicle #1 = -1, leaving at = inf
   Increment on distance indicator: 1.0
   Increment on tard indicator:     0.0
   Value of tmax indicator:         1.0

Task for patient = 152 with skills = {2,-1} and cost = 520.3
   Vehicle #0 = 14, leaving at = 566.0
   Vehicle #1 = -1, leaving at = inf
   Increment on distance indicator: 45.0
   Increment on tard indicator:     0.0
   Value of tmax indicator:         45.0

Task for patient = 27 with skills = {2,-1} and cost = 521.7
   Vehicle #0 = 14, leaving at = 632.0
   Vehicle #1 = -1, leaving at = inf
   Increment on distance indicator: 4.0
   Increment on tard indicator:     0.0
   Value of tmax indicator:         4.0

Task for patient = 179 with skills = {3,-1} and cost = 536.0
   Vehicle #0 = 33, leaving at = 587.0
   Vehicle #1 = -1, leaving at = inf
   Increment on distance indicator: 43.0
   Increment on tard indicator:     0.0
   Value of tmax indicator:         43.0

Task for patient = 93 with skills = {1,-1} and cost = 537.3
   Vehicle #0 = 2, leaving at = 1046.0
   Vehicle #1 = -1, leaving at = inf
   Increment on distance indicator: 4.0
   Increment on tard indicator:     0.0
   Value of tmax indicator:         4.0

Task for patient = 95 with skills = {2,-1} and cost = 538.0
   Vehicle #0 = 5, leaving at = 1077.0
   Vehicle #1 = -1, leaving at = inf
   Increment on distance indicator: 2.0
   Increment on tard indicator:     0.0
   Value of tmax indicator:         2.0

Task for patient = 72 with skills = {1,-1} and cost = 551.3
   Vehicle #0 = 7, leaving at = 807.0
   Vehicle #1 = -1, leaving at = inf
   Increment on distance indicator: 3.0
   Increment on tard indicator:     0.0
   Value of tmax indicator:         3.0

Task for patient = 104 with skills = {1,4} and cost = 568.3
   Vehicle #0 = 10, leaving at = 829.0
   Vehicle #1 = 32, leaving at = 829.0
   Increment on distance indicator: 8.0
   Increment on tard indicator:     0.0
   Value of tmax indicator:         8.0

Task for patient = 103 with skills = {4,-1} and cost = 555.7
   Vehicle #0 = 33, leaving at = 649.0
   Vehicle #1 = -1, leaving at = inf
   Increment on distance indicator: 5.0
   Increment on tard indicator:     0.0
   Value of tmax indicator:         5.0

Task for patient = 49 with skills = {1,4} and cost = 558.0
   Vehicle #0 = 10, leaving at = 752.0
   Vehicle #1 = 32, leaving at = 739.0
   Increment on distance indicator: 7.0
   Increment on tard indicator:     0.0
   Value of tmax indicator:         7.0

Task for patient = 82 with skills = {2,3} and cost = 560.3
   Vehicle #0 = 3, leaving at = 1090.0
   Vehicle #1 = 28, leaving at = 1090.0
   Increment on distance indicator: 7.0
   Increment on tard indicator:     0.0
   Value of tmax indicator:         7.0

Task for patient = 109 with skills = {0,3} and cost = 562.3
   Vehicle #0 = 14, leaving at = 751.0
   Vehicle #1 = 32, leaving at = 793.0
   Increment on distance indicator: 6.0
   Increment on tard indicator:     0.0
   Value of tmax indicator:         6.0

Task for patient = 178 with skills = {4,-1} and cost = 563.3
   Vehicle #0 = 30, leaving at = 949.0
   Vehicle #1 = -1, leaving at = inf
   Increment on distance indicator: 3.0
   Increment on tard indicator:     0.0
   Value of tmax indicator:         3.0

Task for patient = 162 with skills = {1,-1} and cost = 564.3
   Vehicle #0 = 4, leaving at = 921.0
   Vehicle #1 = -1, leaving at = inf
   Increment on distance indicator: 3.0
   Increment on tard indicator:     0.0
   Value of tmax indicator:         3.0

Task for patient = 145 with skills = {1,-1} and cost = 565.0
   Vehicle #0 = 10, leaving at = 781.0
   Vehicle #1 = -1, leaving at = inf
   Increment on distance indicator: 2.0
   Increment on tard indicator:     0.0
   Value of tmax indicator:         2.0

Task for patient = 66 with skills = {3,-1} and cost = 565.7
   Vehicle #0 = 27, leaving at = 1031.0
   Vehicle #1 = -1, leaving at = inf
   Increment on distance indicator: 2.0
   Increment on tard indicator:     0.0
   Value of tmax indicator:         2.0

Task for patient = 37 with skills = {4,-1} and cost = 626.0
   Vehicle #0 = 20, leaving at = 1162.0
   Vehicle #1 = -1, leaving at = inf
   Increment on distance indicator: 1.0
   Increment on tard indicator:     0.0
   Value of tmax indicator:         1.0

Task for patient = 100 with skills = {0,-1} and cost = 569.0
   Vehicle #0 = 14, leaving at = 808.0
   Vehicle #1 = -1, leaving at = inf
   Increment on distance indicator: 2.0
   Increment on tard indicator:     0.0
   Value of tmax indicator:         2.0

Task for patient = 165 with skills = {1,-1} and cost = 570.0
   Vehicle #0 = 7, leaving at = 832.0
   Vehicle #1 = -1, leaving at = inf
   Increment on distance indicator: 3.0
   Increment on tard indicator:     0.0
   Value of tmax indicator:         3.0

Task for patient = 4 with skills = {1,3} and cost = 554.0
   Vehicle #0 = 5, leaving at = 1131.0
   Vehicle #1 = 21, leaving at = 1138.0
   Increment on distance indicator: 8.0
   Increment on tard indicator:     0.0
   Value of tmax indicator:         8.0

Task for patient = 125 with skills = {0,3} and cost = 690.3
   Vehicle #0 = 16, leaving at = 958.0
   Vehicle #1 = 37, leaving at = 958.0
   Increment on distance indicator: 0.0
   Increment on tard indicator:     0.0
   Value of tmax indicator:         0.0

Task for patient = 92 with skills = {1,-1} and cost = 705.0
   Vehicle #0 = 17, leaving at = 711.0
   Vehicle #1 = -1, leaving at = inf
   Increment on distance indicator: 44.0
   Increment on tard indicator:     0.0
   Value of tmax indicator:         44.0

Task for patient = 61 with skills = {1,5} and cost = 706.0
   Vehicle #0 = 13, leaving at = 1005.0
   Vehicle #1 = 34, leaving at = 1016.0
   Increment on distance indicator: 3.0
   Increment on tard indicator:     0.0
   Value of tmax indicator:         3.0

Task for patient = 87 with skills = {2,3} and cost = 707.0
   Vehicle #0 = 0, leaving at = 1131.0
   Vehicle #1 = 26, leaving at = 1169.0
   Increment on distance indicator: 3.0
   Increment on tard indicator:     0.0
   Value of tmax indicator:         3.0

Task for patient = 138 with skills = {5,-1} and cost = 708.0
   Vehicle #0 = 30, leaving at = 1059.0
   Vehicle #1 = -1, leaving at = inf
   Increment on distance indicator: 3.0
   Increment on tard indicator:     0.0
   Value of tmax indicator:         3.0

Task for patient = 19 with skills = {5,-1} and cost = 708.7
   Vehicle #0 = 32, leaving at = 1114.0
   Vehicle #1 = -1, leaving at = inf
   Increment on distance indicator: 2.0
   Increment on tard indicator:     0.0
   Value of tmax indicator:         2.0

Task for patient = 168 with skills = {0,-1} and cost = 709.3
   Vehicle #0 = 17, leaving at = 793.0
   Vehicle #1 = -1, leaving at = inf
   Increment on distance indicator: 2.0
   Increment on tard indicator:     0.0
   Value of tmax indicator:         2.0

Task for patient = 10 with skills = {1,3} and cost = 714.0
   Vehicle #0 = 11, leaving at = 869.0
   Vehicle #1 = 35, leaving at = 869.0
   Increment on distance indicator: 6.0
   Increment on tard indicator:     0.0
   Value of tmax indicator:         6.0

Task for patient = 129 with skills = {4,-1} and cost = 715.0
   Vehicle #0 = 35, leaving at = 915.0
   Vehicle #1 = -1, leaving at = inf
   Increment on distance indicator: 3.0
   Increment on tard indicator:     0.0
   Value of tmax indicator:         3.0

Task for patient = 57 with skills = {1,3} and cost = 716.3
   Vehicle #0 = 17, leaving at = 974.0
   Vehicle #1 = 35, leaving at = 974.0
   Increment on distance indicator: 4.0
   Increment on tard indicator:     0.0
   Value of tmax indicator:         4.0

Task for patient = 39 with skills = {4,-1} and cost = 730.7
   Vehicle #0 = 36, leaving at = 820.0
   Vehicle #1 = -1, leaving at = inf
   Increment on distance indicator: 43.0
   Increment on tard indicator:     0.0
   Value of tmax indicator:         43.0

Task for patient = 74 with skills = {4,-1} and cost = 628.3
   Vehicle #0 = 32, leaving at = 979.0
   Vehicle #1 = -1, leaving at = inf
   Increment on distance indicator: 3.0
   Increment on tard indicator:     0.0
   Value of tmax indicator:         3.0

Task for patient = 89 with skills = {3,-1} and cost = 734.0
   Vehicle #0 = 33, leaving at = 1035.0
   Vehicle #1 = -1, leaving at = inf
   Increment on distance indicator: 4.0
   Increment on tard indicator:     0.0
   Value of tmax indicator:         4.0

Task for patient = 111 with skills = {1,4} and cost = 736.7
   Vehicle #0 = 7, leaving at = 941.0
   Vehicle #1 = 36, leaving at = 941.0
   Increment on distance indicator: 8.0
   Increment on tard indicator:     0.0
   Value of tmax indicator:         8.0

Task for patient = 97 with skills = {1,5} and cost = 738.0
   Vehicle #0 = 7, leaving at = 1006.0
   Vehicle #1 = 35, leaving at = 1036.0
   Increment on distance indicator: 4.0
   Increment on tard indicator:     0.0
   Value of tmax indicator:         4.0

Task for patient = 15 with skills = {1,-1} and cost = 753.3
   Vehicle #0 = 18, leaving at = 771.0
   Vehicle #1 = -1, leaving at = inf
   Increment on distance indicator: 46.0
   Increment on tard indicator:     0.0
   Value of tmax indicator:         46.0

Task for patient = 119 with skills = {3,-1} and cost = 768.0
   Vehicle #0 = 38, leaving at = 784.0
   Vehicle #1 = -1, leaving at = inf
   Increment on distance indicator: 44.0
   Increment on tard indicator:     0.0
   Value of tmax indicator:         44.0

Task for patient = 110 with skills = {4,-1} and cost = 768.7
   Vehicle #0 = 35, leaving at = 1079.0
   Vehicle #1 = -1, leaving at = inf
   Increment on distance indicator: 2.0
   Increment on tard indicator:     0.0
   Value of tmax indicator:         2.0

Task for patient = 139 with skills = {1,3} and cost = 770.3
   Vehicle #0 = 18, leaving at = 897.0
   Vehicle #1 = 38, leaving at = 897.0
   Increment on distance indicator: 5.0
   Increment on tard indicator:     0.0
   Value of tmax indicator:         5.0

Task for patient = 126 with skills = {3,-1} and cost = 771.7
   Vehicle #0 = 23, leaving at = 1048.0
   Vehicle #1 = -1, leaving at = inf
   Increment on distance indicator: 4.0
   Increment on tard indicator:     0.0
   Value of tmax indicator:         4.0

Task for patient = 21 with skills = {5,-1} and cost = 772.7
   Vehicle #0 = 23, leaving at = 1097.0
   Vehicle #1 = -1, leaving at = inf
   Increment on distance indicator: 3.0
   Increment on tard indicator:     0.0
   Value of tmax indicator:         3.0

Task for patient = 163 with skills = {1,3} and cost = 775.3
   Vehicle #0 = 18, leaving at = 942.0
   Vehicle #1 = 38, leaving at = 928.0
   Increment on distance indicator: 8.0
   Increment on tard indicator:     0.0
   Value of tmax indicator:         8.0

Task for patient = 29 with skills = {1,3} and cost = 777.3
   Vehicle #0 = 11, leaving at = 1045.0
   Vehicle #1 = 38, leaving at = 1079.0
   Increment on distance indicator: 6.0
   Increment on tard indicator:     0.0
   Value of tmax indicator:         6.0

Task for patient = 98 with skills = {1,5} and cost = 732.7
   Vehicle #0 = 11, leaving at = 1005.0
   Vehicle #1 = 33, leaving at = 1005.0
   Increment on distance indicator: 6.0
   Increment on tard indicator:     0.0
   Value of tmax indicator:         6.0

Task for patient = 118 with skills = {0,-1} and cost = 627.3
   Vehicle #0 = 15, leaving at = 637.0
   Vehicle #1 = -1, leaving at = inf
   Increment on distance indicator: 4.0
   Increment on tard indicator:     0.0
   Value of tmax indicator:         4.0

Task for patient = 150 with skills = {1,-1} and cost = 501.0
   Vehicle #0 = 1, leaving at = 993.0
   Vehicle #1 = -1, leaving at = inf
   Increment on distance indicator: 3.0
   Increment on tard indicator:     0.0
   Value of tmax indicator:         3.0

Task for patient = 143 with skills = {4,-1} and cost = 628.7
   Vehicle #0 = 24, leaving at = 1063.0
   Vehicle #1 = -1, leaving at = inf
   Increment on distance indicator: 1.0
   Increment on tard indicator:     0.0
   Value of tmax indicator:         1.0

Task for patient = 135 with skills = {5,-1} and cost = 629.3
   Vehicle #0 = 34, leaving at = 616.0
   Vehicle #1 = -1, leaving at = inf
   Increment on distance indicator: 2.0
   Increment on tard indicator:     0.0
   Value of tmax indicator:         2.0

Task for patient = 134 with skills = {3,-1} and cost = 630.3
   Vehicle #0 = 22, leaving at = 1091.0
   Vehicle #1 = -1, leaving at = inf
   Increment on distance indicator: 3.0
   Increment on tard indicator:     0.0
   Value of tmax indicator:         3.0

Task for patient = 84 with skills = {4,-1} and cost = 631.7
   Vehicle #0 = 34, leaving at = 811.0
   Vehicle #1 = -1, leaving at = inf
   Increment on distance indicator: 4.0
   Increment on tard indicator:     0.0
   Value of tmax indicator:         4.0

Task for patient = 6 with skills = {0,5} and cost = 633.3
   Vehicle #0 = 9, leaving at = 1001.0
   Vehicle #1 = 32, leaving at = 1022.0
   Increment on distance indicator: 5.0
   Increment on tard indicator:     0.0
   Value of tmax indicator:         5.0

Task for patient = 193 with skills = {2,3} and cost = 636.3
   Vehicle #0 = 15, leaving at = 790.0
   Vehicle #1 = 33, leaving at = 790.0
   Increment on distance indicator: 9.0
   Increment on tard indicator:     0.0
   Value of tmax indicator:         9.0

Task for patient = 171 with skills = {1,4} and cost = 637.3
   Vehicle #0 = 9, leaving at = 1134.0
   Vehicle #1 = 22, leaving at = 1134.0
   Increment on distance indicator: 3.0
   Increment on tard indicator:     0.0
   Value of tmax indicator:         3.0

Task for patient = 67 with skills = {0,3} and cost = 639.0
   Vehicle #0 = 6, leaving at = 998.0
   Vehicle #1 = 23, leaving at = 998.0
   Increment on distance indicator: 5.0
   Increment on tard indicator:     0.0
   Value of tmax indicator:         5.0

Task for patient = 44 with skills = {2,-1} and cost = 640.3
   Vehicle #0 = 12, leaving at = 943.0
   Vehicle #1 = -1, leaving at = inf
   Increment on distance indicator: 4.0
   Increment on tard indicator:     0.0
   Value of tmax indicator:         4.0

Task for patient = 40 with skills = {1,-1} and cost = 690.3
   Vehicle #0 = 11, leaving at = 837.0
   Vehicle #1 = -1, leaving at = inf
   Increment on distance indicator: 4.0
   Increment on tard indicator:     0.0
   Value of tmax indicator:         4.0

Task for patient = 160 with skills = {4,-1} and cost = 641.3
   Vehicle #0 = 32, leaving at = 1057.0
   Vehicle #1 = -1, leaving at = inf
   Increment on distance indicator: 1.0
   Increment on tard indicator:     0.0
   Value of tmax indicator:         1.0

Task for patient = 91 with skills = {1,4} and cost = 673.3
   Vehicle #0 = 11, leaving at = 573.0
   Vehicle #1 = 35, leaving at = 613.0
   Increment on distance indicator: 96.0
   Increment on tard indicator:     0.0
   Value of tmax indicator:         96.0

Task for patient = 124 with skills = {1,-1} and cost = 674.0
   Vehicle #0 = 10, leaving at = 870.0
   Vehicle #1 = -1, leaving at = inf
   Increment on distance indicator: 2.0
   Increment on tard indicator:     0.0
   Value of tmax indicator:         2.0

Task for patient = 78 with skills = {5,-1} and cost = 676.3
   Vehicle #0 = 34, leaving at = 862.0
   Vehicle #1 = -1, leaving at = inf
   Increment on distance indicator: 7.0
   Increment on tard indicator:     0.0
   Value of tmax indicator:         7.0

Task for patient = 199 with skills = {4,-1} and cost = 678.7
   Vehicle #0 = 35, leaving at = 635.0
   Vehicle #1 = -1, leaving at = inf
   Increment on distance indicator: 7.0
   Increment on tard indicator:     0.0
   Value of tmax indicator:         7.0

Task for patient = 185 with skills = {5,-1} and cost = 679.7
   Vehicle #0 = 27, leaving at = 1122.0
   Vehicle #1 = -1, leaving at = inf
   Increment on distance indicator: 3.0
   Increment on tard indicator:     0.0
   Value of tmax indicator:         3.0

Task for patient = 20 with skills = {4,-1} and cost = 680.3
   Vehicle #0 = 24, leaving at = 1115.0
   Vehicle #1 = -1, leaving at = inf
   Increment on distance indicator: 2.0
   Increment on tard indicator:     0.0
   Value of tmax indicator:         2.0

Task for patient = 177 with skills = {3,-1} and cost = 682.0
   Vehicle #0 = 35, leaving at = 702.0
   Vehicle #1 = -1, leaving at = inf
   Increment on distance indicator: 5.0
   Increment on tard indicator:     0.0
   Value of tmax indicator:         5.0

Task for patient = 1 with skills = {1,5} and cost = 686.0
   Vehicle #0 = 11, leaving at = 778.0
   Vehicle #1 = 35, leaving at = 778.0
   Increment on distance indicator: 12.0
   Increment on tard indicator:     0.0
   Value of tmax indicator:         12.0

Task for patient = 180 with skills = {5,-1} and cost = 687.0
   Vehicle #0 = 35, leaving at = 826.0
   Vehicle #1 = -1, leaving at = inf
   Increment on distance indicator: 3.0
   Increment on tard indicator:     0.0
   Value of tmax indicator:         3.0

Task for patient = 81 with skills = {1,3} and cost = 688.0
   Vehicle #0 = 10, leaving at = 1120.0
   Vehicle #1 = 26, leaving at = 1120.0
   Increment on distance indicator: 3.0
   Increment on tard indicator:     0.0
   Value of tmax indicator:         3.0

Task for patient = 80 with skills = {0,-1} and cost = 689.0
   Vehicle #0 = 15, leaving at = 1052.0
   Vehicle #1 = -1, leaving at = inf
   Increment on distance indicator: 3.0
   Increment on tard indicator:     0.0
   Value of tmax indicator:         3.0

Task for patient = 105 with skills = {4,-1} and cost = 641.0
   Vehicle #0 = 33, leaving at = 942.0
   Vehicle #1 = -1, leaving at = inf
   Increment on distance indicator: 2.0
   Increment on tard indicator:     0.0
   Value of tmax indicator:         2.0

Task for patient = 181 with skills = {4,-1} and cost = 213.3
   Vehicle #0 = 20, leaving at = 938.0
   Vehicle #1 = -1, leaving at = inf
   Increment on distance indicator: 1.0
   Increment on tard indicator:     0.0
   Value of tmax indicator:         1.0

Task for patient = 51 with skills = {2,-1} and cost = 214.7
   Vehicle #0 = 5, leaving at = 598.0
   Vehicle #1 = -1, leaving at = inf
   Increment on distance indicator: 4.0
   Increment on tard indicator:     0.0
   Value of tmax indicator:         4.0

Task for patient = 133 with skills = {2,-1} and cost = 217.0
   Vehicle #0 = 5, leaving at = 656.0
   Vehicle #1 = -1, leaving at = inf
   Increment on distance indicator: 7.0
   Increment on tard indicator:     0.0
   Value of tmax indicator:         7.0

Task for patient = 83 with skills = {1,-1} and cost = 220.0
   Vehicle #0 = 5, leaving at = 693.0
   Vehicle #1 = -1, leaving at = inf
   Increment on distance indicator: 9.0
   Increment on tard indicator:     0.0
   Value of tmax indicator:         9.0

Task for patient = 153 with skills = {1,-1} and cost = 234.7
   Vehicle #0 = 2, leaving at = 558.0
   Vehicle #1 = -1, leaving at = inf
   Increment on distance indicator: 44.0
   Increment on tard indicator:     0.0
   Value of tmax indicator:         44.0

Task for patient = 189 with skills = {4,-1} and cost = 236.3
   Vehicle #0 = 27, leaving at = 590.0
   Vehicle #1 = -1, leaving at = inf
   Increment on distance indicator: 5.0
   Increment on tard indicator:     0.0
   Value of tmax indicator:         5.0

Task for patient = 170 with skills = {1,-1} and cost = 237.3
   Vehicle #0 = 2, leaving at = 806.0
   Vehicle #1 = -1, leaving at = inf
   Increment on distance indicator: 3.0
   Increment on tard indicator:     0.0
   Value of tmax indicator:         3.0

Task for patient = 88 with skills = {3,-1} and cost = 238.0
   Vehicle #0 = 27, leaving at = 651.0
   Vehicle #1 = -1, leaving at = inf
   Increment on distance indicator: 2.0
   Increment on tard indicator:     0.0
   Value of tmax indicator:         2.0

Task for patient = 101 with skills = {1,-1} and cost = 238.7
   Vehicle #0 = 5, leaving at = 720.0
   Vehicle #1 = -1, leaving at = inf
   Increment on distance indicator: 2.0
   Increment on tard indicator:     0.0
   Value of tmax indicator:         2.0

Task for patient = 182 with skills = {3,-1} and cost = 239.7
   Vehicle #0 = 22, leaving at = 832.0
   Vehicle #1 = -1, leaving at = inf
   Increment on distance indicator: 3.0
   Increment on tard indicator:     0.0
   Value of tmax indicator:         3.0

Task for patient = 69 with skills = {1,3} and cost = 241.7
   Vehicle #0 = 2, leaving at = 856.0
   Vehicle #1 = 25, leaving at = 856.0
   Increment on distance indicator: 6.0
   Increment on tard indicator:     0.0
   Value of tmax indicator:         6.0

Task for patient = 22 with skills = {1,3} and cost = 498.0
   Vehicle #0 = 10, leaving at = 676.0
   Vehicle #1 = 31, leaving at = 728.0
   Increment on distance indicator: 3.0
   Increment on tard indicator:     0.0
   Value of tmax indicator:         3.0

Task for patient = 194 with skills = {5,-1} and cost = 243.7
   Vehicle #0 = 25, leaving at = 967.0
   Vehicle #1 = -1, leaving at = inf
   Increment on distance indicator: 2.0
   Increment on tard indicator:     0.0
   Value of tmax indicator:         2.0

Task for patient = 12 with skills = {1,-1} and cost = 245.7
   Vehicle #0 = 5, leaving at = 764.0
   Vehicle #1 = -1, leaving at = inf
   Increment on distance indicator: 6.0
   Increment on tard indicator:     0.0
   Value of tmax indicator:         6.0

Task for patient = 77 with skills = {1,4} and cost = 274.3
   Vehicle #0 = 4, leaving at = 547.0
   Vehicle #1 = 28, leaving at = 547.0
   Increment on distance indicator: 86.0
   Increment on tard indicator:     0.0
   Value of tmax indicator:         86.0

Task for patient = 102 with skills = {3,-1} and cost = 275.0
   Vehicle #0 = 21, leaving at = 972.0
   Vehicle #1 = -1, leaving at = inf
   Increment on distance indicator: 2.0
   Increment on tard indicator:     0.0
   Value of tmax indicator:         2.0

Task for patient = 169 with skills = {4,-1} and cost = 275.7
   Vehicle #0 = 20, leaving at = 1027.0
   Vehicle #1 = -1, leaving at = inf
   Increment on distance indicator: 2.0
   Increment on tard indicator:     0.0
   Value of tmax indicator:         2.0

Task for patient = 26 with skills = {0,3} and cost = 278.7
   Vehicle #0 = 6, leaving at = 832.0
   Vehicle #1 = 22, leaving at = 883.0
   Increment on distance indicator: 9.0
   Increment on tard indicator:     0.0
   Value of tmax indicator:         9.0

Task for patient = 62 with skills = {2,3} and cost = 282.0
   Vehicle #0 = 5, leaving at = 824.0
   Vehicle #1 = 28, leaving at = 824.0
   Increment on distance indicator: 10.0
   Increment on tard indicator:     0.0
   Value of tmax indicator:         10.0

Task for patient = 142 with skills = {0,3} and cost = 312.7
   Vehicle #0 = 8, leaving at = 544.0
   Vehicle #1 = 26, leaving at = 544.0
   Increment on distance indicator: 92.0
   Increment on tard indicator:     0.0
   Value of tmax indicator:         92.0

Task for patient = 24 with skills = {4,-1} and cost = 313.0
   Vehicle #0 = 24, leaving at = 872.0
   Vehicle #1 = -1, leaving at = inf
   Increment on distance indicator: 1.0
   Increment on tard indicator:     0.0
   Value of tmax indicator:         1.0

Task for patient = 174 with skills = {0,-1} and cost = 314.0
   Vehicle #0 = 6, leaving at = 937.0
   Vehicle #1 = -1, leaving at = inf
   Increment on distance indicator: 3.0
   Increment on tard indicator:     0.0
   Value of tmax indicator:         3.0

Task for patient = 158 with skills = {0,-1} and cost = 315.0
   Vehicle #0 = 8, leaving at = 762.0
   Vehicle #1 = -1, leaving at = inf
   Increment on distance indicator: 3.0
   Increment on tard indicator:     0.0
   Value of tmax indicator:         3.0

Task for patient = 151 with skills = {3,-1} and cost = 243.0
   Vehicle #0 = 27, leaving at = 700.0
   Vehicle #1 = -1, leaving at = inf
   Increment on distance indicator: 4.0
   Increment on tard indicator:     0.0
   Value of tmax indicator:         4.0

Task for patient = 11 with skills = {2,-1} and cost = 16.0
   Vehicle #0 = 0, leaving at = 549.0
   Vehicle #1 = -1, leaving at = inf
   Increment on distance indicator: 48.0
   Increment on tard indicator:     0.0
   Value of tmax indicator:         48.0

Task for patient = 71 with skills = {2,-1} and cost = 18.3
   Vehicle #0 = 0, leaving at = 661.0
   Vehicle #1 = -1, leaving at = inf
   Increment on distance indicator: 7.0
   Increment on tard indicator:     0.0
   Value of tmax indicator:         7.0

Task for patient = 50 with skills = {3,-1} and cost = 33.0
   Vehicle #0 = 21, leaving at = 735.0
   Vehicle #1 = -1, leaving at = inf
   Increment on distance indicator: 44.0
   Increment on tard indicator:     0.0
   Value of tmax indicator:         44.0

Task for patient = 63 with skills = {0,3} and cost = 61.7
   Vehicle #0 = 3, leaving at = 631.0
   Vehicle #1 = 22, leaving at = 663.0
   Increment on distance indicator: 86.0
   Increment on tard indicator:     0.0
   Value of tmax indicator:         86.0

Task for patient = 184 with skills = {4,-1} and cost = 64.0
   Vehicle #0 = 22, leaving at = 722.0
   Vehicle #1 = -1, leaving at = inf
   Increment on distance indicator: 7.0
   Increment on tard indicator:     0.0
   Value of tmax indicator:         7.0

Task for patient = 175 with skills = {5,-1} and cost = 78.7
   Vehicle #0 = 20, leaving at = 539.0
   Vehicle #1 = -1, leaving at = inf
   Increment on distance indicator: 44.0
   Increment on tard indicator:     0.0
   Value of tmax indicator:         44.0

Task for patient = 164 with skills = {1,4} and cost = 80.0
   Vehicle #0 = 0, leaving at = 681.0
   Vehicle #1 = 20, leaving at = 724.0
   Increment on distance indicator: 4.0
   Increment on tard indicator:     0.0
   Value of tmax indicator:         4.0

Task for patient = 192 with skills = {4,-1} and cost = 80.7
   Vehicle #0 = 20, leaving at = 744.0
   Vehicle #1 = -1, leaving at = inf
   Increment on distance indicator: 2.0
   Increment on tard indicator:     0.0
   Value of tmax indicator:         2.0

Task for patient = 53 with skills = {3,-1} and cost = 81.3
   Vehicle #0 = 22, leaving at = 787.0
   Vehicle #1 = -1, leaving at = inf
   Increment on distance indicator: 2.0
   Increment on tard indicator:     0.0
   Value of tmax indicator:         2.0

Task for patient = 173 with skills = {0,-1} and cost = 86.3
   Vehicle #0 = 3, leaving at = 653.0
   Vehicle #1 = -1, leaving at = inf
   Increment on distance indicator: 5.0
   Increment on tard indicator:     0.0
   Value of tmax indicator:         5.0

Task for patient = 191 with skills = {5,-1} and cost = 87.0
   Vehicle #0 = 20, leaving at = 883.0
   Vehicle #1 = -1, leaving at = inf
   Increment on distance indicator: 2.0
   Increment on tard indicator:     0.0
   Value of tmax indicator:         2.0

Task for patient = 188 with skills = {2,4} and cost = 213.0
   Vehicle #0 = 5, leaving at = 556.0
   Vehicle #1 = 27, leaving at = 556.0
   Increment on distance indicator: 82.0
   Increment on tard indicator:     0.0
   Value of tmax indicator:         82.0

Task for patient = 33 with skills = {3,-1} and cost = 125.7
   Vehicle #0 = 23, leaving at = 572.0
   Vehicle #1 = -1, leaving at = inf
   Increment on distance indicator: 45.0
   Increment on tard indicator:     0.0
   Value of tmax indicator:         45.0

Task for patient = 116 with skills = {1,5} and cost = 130.3
   Vehicle #0 = 1, leaving at = 830.0
   Vehicle #1 = 23, leaving at = 834.0
   Increment on distance indicator: 14.0
   Increment on tard indicator:     0.0
   Value of tmax indicator:         14.0

Task for patient = 122 with skills = {5,-1} and cost = 144.7
   Vehicle #0 = 25, leaving at = 572.0
   Vehicle #1 = -1, leaving at = inf
   Increment on distance indicator: 43.0
   Increment on tard indicator:     0.0
   Value of tmax indicator:         43.0

Task for patient = 3 with skills = {3,-1} and cost = 145.0
   Vehicle #0 = 22, leaving at = 812.0
   Vehicle #1 = -1, leaving at = inf
   Increment on distance indicator: 1.0
   Increment on tard indicator:     0.0
   Value of tmax indicator:         1.0

Task for patient = 146 with skills = {3,-1} and cost = 151.3
   Vehicle #0 = 25, leaving at = 600.0
   Vehicle #1 = -1, leaving at = inf
   Increment on distance indicator: 4.0
   Increment on tard indicator:     0.0
   Value of tmax indicator:         4.0

Task for patient = 127 with skills = {4,-1} and cost = 153.0
   Vehicle #0 = 25, leaving at = 665.0
   Vehicle #1 = -1, leaving at = inf
   Increment on distance indicator: 5.0
   Increment on tard indicator:     0.0
   Value of tmax indicator:         5.0

Task for patient = 155 with skills = {0,5} and cost = 155.0
   Vehicle #0 = 3, leaving at = 772.0
   Vehicle #1 = 25, leaving at = 814.0
   Increment on distance indicator: 6.0
   Increment on tard indicator:     0.0
   Value of tmax indicator:         6.0

Task for patient = 149 with skills = {1,-1} and cost = 155.7
   Vehicle #0 = 0, leaving at = 1032.0
   Vehicle #1 = -1, leaving at = inf
   Increment on distance indicator: 2.0
   Increment on tard indicator:     0.0
   Value of tmax indicator:         2.0

Task for patient = 99 with skills = {2,5} and cost = 157.0
   Vehicle #0 = 3, leaving at = 908.0
   Vehicle #1 = 20, leaving at = 908.0
   Increment on distance indicator: 4.0
   Increment on tard indicator:     0.0
   Value of tmax indicator:         4.0

Task for patient = 115 with skills = {4,-1} and cost = 171.7
   Vehicle #0 = 24, leaving at = 716.0
   Vehicle #1 = -1, leaving at = inf
   Increment on distance indicator: 44.0
   Increment on tard indicator:     0.0
   Value of tmax indicator:         44.0

Task for patient = 55 with skills = {0,-1} and cost = 185.3
   Vehicle #0 = 6, leaving at = 711.0
   Vehicle #1 = -1, leaving at = inf
   Increment on distance indicator: 41.0
   Increment on tard indicator:     0.0
   Value of tmax indicator:         41.0

Task for patient = 47 with skills = {3,-1} and cost = 185.7
   Vehicle #0 = 21, leaving at = 920.0
   Vehicle #1 = -1, leaving at = inf
   Increment on distance indicator: 1.0
   Increment on tard indicator:     0.0
   Value of tmax indicator:         1.0

Task for patient = 52 with skills = {1,-1} and cost = 102.0
   Vehicle #0 = 1, leaving at = 556.0
   Vehicle #1 = -1, leaving at = inf
   Increment on distance indicator: 45.0
   Increment on tard indicator:     0.0
   Value of tmax indicator:         45.0

Task for patient = 157 with skills = {4,-1} and cost = 415.3
   Vehicle #0 = 30, leaving at = 585.0
   Vehicle #1 = -1, leaving at = inf
   Increment on distance indicator: 44.0
   Increment on tard indicator:     0.0
   Value of tmax indicator:         44.0

Task for patient = 94 with skills = {2,3} and cost = 416.7
   Vehicle #0 = 7, leaving at = 656.0
   Vehicle #1 = 30, leaving at = 659.0
   Increment on distance indicator: 4.0
   Increment on tard indicator:     0.0
   Value of tmax indicator:         4.0

Task for patient = 25 with skills = {5,-1} and cost = 418.0
   Vehicle #0 = 30, leaving at = 687.0
   Vehicle #1 = -1, leaving at = inf
   Increment on distance indicator: 4.0
   Increment on tard indicator:     0.0
   Value of tmax indicator:         4.0

Task for patient = 96 with skills = {1,-1} and cost = 419.7
   Vehicle #0 = 1, leaving at = 942.0
   Vehicle #1 = -1, leaving at = inf
   Increment on distance indicator: 5.0
   Increment on tard indicator:     0.0
   Value of tmax indicator:         5.0

Task for patient = 112 with skills = {1,4} and cost = 421.7
   Vehicle #0 = 7, leaving at = 762.0
   Vehicle #1 = 30, leaving at = 762.0
   Increment on distance indicator: 6.0
   Increment on tard indicator:     0.0
   Value of tmax indicator:         6.0

Task for patient = 75 with skills = {2,5} and cost = 452.3
   Vehicle #0 = 12, leaving at = 544.0
   Vehicle #1 = 31, leaving at = 518.0
   Increment on distance indicator: 92.0
   Increment on tard indicator:     0.0
   Value of tmax indicator:         92.0

Task for patient = 187 with skills = {0,-1} and cost = 453.3
   Vehicle #0 = 3, leaving at = 1028.0
   Vehicle #1 = -1, leaving at = inf
   Increment on distance indicator: 3.0
   Increment on tard indicator:     0.0
   Value of tmax indicator:         3.0

Task for patient = 106 with skills = {3,-1} and cost = 453.7
   Vehicle #0 = 31, leaving at = 580.0
   Vehicle #1 = -1, leaving at = inf
   Increment on distance indicator: 1.0
   Increment on tard indicator:     0.0
   Value of tmax indicator:         1.0

Task for patient = 186 with skills = {1,-1} and cost = 455.3
   Vehicle #0 = 13, leaving at = 747.0
   Vehicle #1 = -1, leaving at = inf
   Increment on distance indicator: 5.0
   Increment on tard indicator:     0.0
   Value of tmax indicator:         5.0

Task for patient = 60 with skills = {5,-1} and cost = 456.0
   Vehicle #0 = 29, leaving at = 746.0
   Vehicle #1 = -1, leaving at = inf
   Increment on distance indicator: 2.0
   Increment on tard indicator:     0.0
   Value of tmax indicator:         2.0

Task for patient = 113 with skills = {0,4} and cost = 457.3
   Vehicle #0 = 9, leaving at = 846.0
   Vehicle #1 = 30, leaving at = 902.0
   Increment on distance indicator: 4.0
   Increment on tard indicator:     0.0
   Value of tmax indicator:         4.0

Task for patient = 41 with skills = {1,-1} and cost = 315.7
   Vehicle #0 = 2, leaving at = 880.0
   Vehicle #1 = -1, leaving at = inf
   Increment on distance indicator: 2.0
   Increment on tard indicator:     0.0
   Value of tmax indicator:         2.0

Task for patient = 13 with skills = {3,-1} and cost = 458.0
   Vehicle #0 = 26, leaving at = 1078.0
   Vehicle #1 = -1, leaving at = inf
   Increment on distance indicator: 1.0
   Increment on tard indicator:     0.0
   Value of tmax indicator:         1.0

Task for patient = 17 with skills = {4,-1} and cost = 458.7
   Vehicle #0 = 24, leaving at = 951.0
   Vehicle #1 = -1, leaving at = inf
   Increment on distance indicator: 2.0
   Increment on tard indicator:     0.0
   Value of tmax indicator:         2.0

Task for patient = 200 with skills = {2,-1} and cost = 460.3
   Vehicle #0 = 12, leaving at = 587.0
   Vehicle #1 = -1, leaving at = inf
   Increment on distance indicator: 5.0
   Increment on tard indicator:     0.0
   Value of tmax indicator:         5.0

Task for patient = 161 with skills = {5,-1} and cost = 461.0
   Vehicle #0 = 25, leaving at = 1060.0
   Vehicle #1 = -1, leaving at = inf
   Increment on distance indicator: 2.0
   Increment on tard indicator:     0.0
   Value of tmax indicator:         2.0

Task for patient = 23 with skills = {2,4} and cost = 463.0
   Vehicle #0 = 12, leaving at = 640.0
   Vehicle #1 = 31, leaving at = 640.0
   Increment on distance indicator: 6.0
   Increment on tard indicator:     0.0
   Value of tmax indicator:         6.0

Task for patient = 45 with skills = {2,4} and cost = 463.7
   Vehicle #0 = 12, leaving at = 673.0
   Vehicle #1 = 31, leaving at = 673.0
   Increment on distance indicator: 2.0
   Increment on tard indicator:     0.0
   Value of tmax indicator:         2.0

Task for patient = 136 with skills = {3,-1} and cost = 466.0
   Vehicle #0 = 29, leaving at = 928.0
   Vehicle #1 = -1, leaving at = inf
   Increment on distance indicator: 7.0
   Increment on tard indicator:     0.0
   Value of tmax indicator:         7.0

Task for patient = 197 with skills = {1,3} and cost = 494.7
   Vehicle #0 = 10, leaving at = 541.0
   Vehicle #1 = 32, leaving at = 541.0
   Increment on distance indicator: 86.0
   Increment on tard indicator:     0.0
   Value of tmax indicator:         86.0

Task for patient = 114 with skills = {2,-1} and cost = 496.0
   Vehicle #0 = 12, leaving at = 865.0
   Vehicle #1 = -1, leaving at = inf
   Increment on distance indicator: 4.0
   Increment on tard indicator:     0.0
   Value of tmax indicator:         4.0

Task for patient = 141 with skills = {3,-1} and cost = 497.0
   Vehicle #0 = 32, leaving at = 566.0
   Vehicle #1 = -1, leaving at = inf
   Increment on distance indicator: 3.0
   Increment on tard indicator:     0.0
   Value of tmax indicator:         3.0

Task for patient = 196 with skills = {0,3} and cost = 779.7
   Vehicle #0 = 6, leaving at = 1133.0
   Vehicle #1 = 31, leaving at = 1133.0
   Increment on distance indicator: 7.0
   Increment on tard indicator:     0.0
   Value of tmax indicator:         7.0

Task for patient = 176 with skills = {1,3} and cost = 500.0
   Vehicle #0 = 2, leaving at = 1012.0
   Vehicle #1 = 22, leaving at = 1015.0
   Increment on distance indicator: 6.0
   Increment on tard indicator:     0.0
   Value of tmax indicator:         6.0

Task for patient = 130 with skills = {0,-1} and cost = 457.7
   Vehicle #0 = 8, leaving at = 960.0
   Vehicle #1 = -1, leaving at = inf
   Increment on distance indicator: 1.0
   Increment on tard indicator:     0.0
   Value of tmax indicator:         1.0

Task for patient = 28 with skills = {2,-1} and cost = 330.3
   Vehicle #0 = 7, leaving at = 536.0
   Vehicle #1 = -1, leaving at = inf
   Increment on distance indicator: 44.0
   Increment on tard indicator:     0.0
   Value of tmax indicator:         44.0

Task for patient = 140 with skills = {4,-1} and cost = 331.0
   Vehicle #0 = 25, leaving at = 1019.0
   Vehicle #1 = -1, leaving at = inf
   Increment on distance indicator: 2.0
   Increment on tard indicator:     0.0
   Value of tmax indicator:         2.0

Task for patient = 32 with skills = {0,-1} and cost = 345.3
   Vehicle #0 = 9, leaving at = 549.0
   Vehicle #1 = -1, leaving at = inf
   Increment on distance indicator: 43.0
   Increment on tard indicator:     0.0
   Value of tmax indicator:         43.0

Task for patient = 121 with skills = {4,-1} and cost = 346.0
   Vehicle #0 = 20, leaving at = 1056.0
   Vehicle #1 = -1, leaving at = inf
   Increment on distance indicator: 2.0
   Increment on tard indicator:     0.0
   Value of tmax indicator:         2.0

Task for patient = 65 with skills = {5,-1} and cost = 347.3
   Vehicle #0 = 20, leaving at = 1120.0
   Vehicle #1 = -1, leaving at = inf
   Increment on distance indicator: 4.0
   Increment on tard indicator:     0.0
   Value of tmax indicator:         4.0

Task for patient = 117 with skills = {2,-1} and cost = 349.0
   Vehicle #0 = 7, leaving at = 556.0
   Vehicle #1 = -1, leaving at = inf
   Increment on distance indicator: 5.0
   Increment on tard indicator:     0.0
   Value of tmax indicator:         5.0

Task for patient = 123 with skills = {0,4} and cost = 350.3
   Vehicle #0 = 8, leaving at = 881.0
   Vehicle #1 = 24, leaving at = 921.0
   Increment on distance indicator: 4.0
   Increment on tard indicator:     0.0
   Value of tmax indicator:         4.0

Task for patient = 131 with skills = {2,-1} and cost = 351.3
   Vehicle #0 = 3, leaving at = 936.0
   Vehicle #1 = -1, leaving at = inf
   Increment on distance indicator: 3.0
   Increment on tard indicator:     0.0
   Value of tmax indicator:         3.0

Task for patient = 156 with skills = {1,4} and cost = 352.7
   Vehicle #0 = 4, leaving at = 875.0
   Vehicle #1 = 28, leaving at = 875.0
   Increment on distance indicator: 4.0
   Increment on tard indicator:     0.0
   Value of tmax indicator:         4.0

Task for patient = 108 with skills = {0,5} and cost = 355.3
   Vehicle #0 = 9, leaving at = 775.0
   Vehicle #1 = 27, leaving at = 775.0
   Increment on distance indicator: 8.0
   Increment on tard indicator:     0.0
   Value of tmax indicator:         8.0

Task for patient = 128 with skills = {0,3} and cost = 356.7
   Vehicle #0 = 8, leaving at = 904.0
   Vehicle #1 = 27, leaving at = 948.0
   Increment on distance indicator: 4.0
   Increment on tard indicator:     0.0
   Value of tmax indicator:         4.0

Task for patient = 159 with skills = {1,3} and cost = 400.7
   Vehicle #0 = 5, leaving at = 1026.0
   Vehicle #1 = 26, leaving at = 1021.0
   Increment on distance indicator: 2.0
   Increment on tard indicator:     0.0
   Value of tmax indicator:         2.0

Task for patient = 58 with skills = {4,-1} and cost = 372.3
   Vehicle #0 = 29, leaving at = 504.0
   Vehicle #1 = -1, leaving at = inf
   Increment on distance indicator: 45.0
   Increment on tard indicator:     0.0
   Value of tmax indicator:         45.0

Task for patient = 8 with skills = {3,-1} and cost = 373.3
   Vehicle #0 = 29, leaving at = 601.0
   Vehicle #1 = -1, leaving at = inf
   Increment on distance indicator: 3.0
   Increment on tard indicator:     0.0
   Value of tmax indicator:         3.0

Task for patient = 31 with skills = {4,-1} and cost = 374.0
   Vehicle #0 = 22, leaving at = 915.0
   Vehicle #1 = -1, leaving at = inf
   Increment on distance indicator: 2.0
   Increment on tard indicator:     0.0
   Value of tmax indicator:         2.0

Task for patient = 85 with skills = {0,4} and cost = 389.7
   Vehicle #0 = 13, leaving at = 672.0
   Vehicle #1 = 29, leaving at = 661.0
   Increment on distance indicator: 47.0
   Increment on tard indicator:     0.0
   Value of tmax indicator:         47.0

Task for patient = 46 with skills = {1,-1} and cost = 390.3
   Vehicle #0 = 2, leaving at = 978.0
   Vehicle #1 = -1, leaving at = inf
   Increment on distance indicator: 2.0
   Increment on tard indicator:     0.0
   Value of tmax indicator:         2.0

Task for patient = 147 with skills = {2,-1} and cost = 391.0
   Vehicle #0 = 3, leaving at = 1008.0
   Vehicle #1 = -1, leaving at = inf
   Increment on distance indicator: 2.0
   Increment on tard indicator:     0.0
   Value of tmax indicator:         2.0

Task for patient = 35 with skills = {1,5} and cost = 393.7
   Vehicle #0 = 13, leaving at = 708.0
   Vehicle #1 = 29, leaving at = 724.0
   Increment on distance indicator: 8.0
   Increment on tard indicator:     0.0
   Value of tmax indicator:         8.0

Task for patient = 14 with skills = {1,3} and cost = 395.3
   Vehicle #0 = 5, leaving at = 873.0
   Vehicle #1 = 26, leaving at = 882.0
   Increment on distance indicator: 5.0
   Increment on tard indicator:     0.0
   Value of tmax indicator:         5.0

Task for patient = 148 with skills = {0,-1} and cost = 396.3
   Vehicle #0 = 9, leaving at = 825.0
   Vehicle #1 = -1, leaving at = inf
   Increment on distance indicator: 3.0
   Increment on tard indicator:     0.0
   Value of tmax indicator:         3.0

Task for patient = 166 with skills = {2,5} and cost = 397.3
   Vehicle #0 = 5, leaving at = 948.0
   Vehicle #1 = 27, leaving at = 999.0
   Increment on distance indicator: 3.0
   Increment on tard indicator:     0.0
   Value of tmax indicator:         3.0

Task for patient = 132 with skills = {4,-1} and cost = 399.0
   Vehicle #0 = 28, leaving at = 919.0
   Vehicle #1 = -1, leaving at = inf
   Increment on distance indicator: 5.0
   Increment on tard indicator:     0.0
   Value of tmax indicator:         5.0

Task for patient = 120 with skills = {2,-1} and cost = 400.0
   Vehicle #0 = 7, leaving at = 614.0
   Vehicle #1 = -1, leaving at = inf
   Increment on distance indicator: 3.0
   Increment on tard indicator:     0.0
   Value of tmax indicator:         3.0

Task for patient = 107 with skills = {2,-1} and cost = 357.3
   Vehicle #0 = 0, leaving at = 1085.0
   Vehicle #1 = -1, leaving at = inf
   Increment on distance indicator: 2.0
   Increment on tard indicator:     0.0
   Value of tmax indicator:         2.0


Unused vehicle list: 19 39 (total = 2 out of 40)

---
Search finished.
Total of 1900 generations in 579.7 seconds.
Exchange elite runs: 23
Implicit path relinking runs: 10
Reset attempts: 5

Best solution found:
   Cost: 906.0
   Total travel time: 2707.0
   Total tardiness time: 8.0
   Largest tardiness: 3.0


906.0
