This host is: panku
--- BRKGA-MP-IPR for HHCRSP ---
Instance: new-dataset/instances-100/HHCRSP_100_20_25_0.8_R_C.txt
Seed: 18

Reading data... Problem contains 100 patients  and 20 caregivers.

Summary of supply x demand for each service type:
Skill 0 has supply = 7 and demand = 19, ratio = 0.368421
Skill 1 has supply = 7 and demand = 27, ratio = 0.259259
Skill 2 has supply = 5 and demand = 24, ratio = 0.208333
Skill 3 has supply = 5 and demand = 13, ratio = 0.384615
Skill 4 has supply = 6 and demand = 19, ratio = 0.315789
Skill 5 has supply = 7 and demand = 28, ratio = 0.25

Reading parameters...
Inferred distance function by PR type: kendall-tau
Building BRKGA data and initializing...
Evolving 1900 generations...

  Gens  Rem    Local   ElDiv NoImpr             Best solution            Time  Op
                                       Cost     Dist    Tard    TMax 
*    0 1900  2525.67  224.27      0  2525.67  3061.00  4268.0   248.0     0.1    
*    2 1898  2389.00  184.68      0  2389.00  3181.00  2887.0   271.0     0.2    
*    3 1897  2113.00  177.96      0  2113.00  3181.00  2887.0   271.0     0.2    
*    5 1895  2013.67  160.94      0  2013.67  3086.00  2019.0   209.0     0.3    
*    6 1894  1771.33  131.38      0  1771.33  3086.00  2019.0   209.0     0.4    
*   10 1890  1591.33  103.12      0  1591.33  3258.00  1305.0   211.0     0.6    
*   12 1888  1490.00   88.19      0  1490.00  3100.00  1179.0   191.0     0.7    
*   14 1886  1329.00   80.03      0  1329.00  3033.00   752.0   165.0     0.8    
*   15 1885  1316.67   69.52      0  1316.67  3143.00   549.0   104.0     0.8    
*   16 1884  1265.33   65.12      0  1265.33  3143.00   549.0   104.0     0.9    
*   18 1882  1232.00   61.31      0  1232.00  3063.00   445.0   172.0     1.0    
*   19 1881  1226.67   57.58      0  1226.67  3163.00   276.0    57.0     1.0    
*   20 1880  1165.33   52.71      0  1165.33  2879.00   407.0   127.0     1.1    
*   21 1879  1137.67   51.15      0  1137.67  3060.00   163.0    58.0     1.1    
*   22 1878  1093.67   44.86      0  1093.67  3060.00   163.0    58.0     1.2    

  Gens  Rem    Local   ElDiv NoImpr             Best solution            Time  Op
                                       Cost     Dist    Tard    TMax 
*   24 1876  1057.00   41.91      0  1057.00  2924.00    77.0    34.0     1.3    
*   25 1875  1011.67   45.03      0  1011.67  2924.00    77.0    34.0     1.3    
*   27 1873   982.00   42.85      0   982.00  2861.00    48.0    37.0     1.4    
*   31 1869   940.67   29.48      0   940.67  2725.00    79.0    18.0     1.6    
*   33 1867   937.00   27.96      0   937.00  2749.00    50.0    12.0     1.8    
*   36 1864   930.00   25.48      0   930.00  2771.00    14.0     5.0     1.9    
*   41 1859   926.67   21.21      0   926.67  2638.00    53.0    44.0     2.2    
*   42 1858   911.67   19.80      0   911.67  2638.00    53.0    44.0     2.2    
*   45 1855   902.00   17.48      0   902.00  2669.00    19.0    18.0     2.4    
*   48 1852   901.33   15.53      0   901.33  2626.00    53.0    18.0     2.5    
*   49 1851   899.00   14.91      0   899.00  2626.00    53.0    18.0     2.6    
    50 1850   899.00   14.42      1   899.00  2626.00    53.0    18.0     2.6    
*   52 1848   893.67   14.68      0   893.67  2573.00    21.0    13.0     2.7    
*   53 1847   869.00   14.88      0   869.00  2573.00    21.0    13.0     2.8    
*   55 1845   862.33   14.19      0   862.33  2558.00    16.0    13.0     2.9    
*   57 1843   861.00   14.09      0   861.00  2549.00    22.0    12.0     3.0    

  Gens  Rem    Local   ElDiv NoImpr             Best solution            Time  Op
                                       Cost     Dist    Tard    TMax 
*   64 1836   849.00   14.19      0   849.00  2505.00    32.0    10.0     3.4    
*   66 1834   848.00   14.76      0   848.00  2506.00    21.0     9.0     3.5    
*   67 1833   845.33   15.14      0   845.33  2453.00    49.0    30.0     3.5    
*   68 1832   844.00   15.17      0   844.00  2453.00    49.0    30.0     3.6    
*   70 1830   832.67   15.41      0   832.67  2476.00    17.0     5.0     3.7    
*   75 1825   807.33   14.30      0   807.33  2341.00    61.0    20.0     4.0    
    80 1820   807.33   11.24      6   807.33  2341.00    61.0    20.0     4.2   X
   100 1800   807.33   10.17     25   807.33  2341.00    61.0    20.0     5.3    
*  108 1792   802.67   10.72      0   802.67  2392.00    11.0     5.0     5.7    
*  121 1779   796.33   12.47      0   796.33  2389.00     0.0     0.0     6.4    
*  135 1765   788.00   15.45      0   788.00  2336.00    14.0    14.0     7.1    
*  146 1754   785.33   17.33      0   785.33  2350.00     4.0     2.0     7.7    
*  149 1751   756.33   18.02      0   756.33  2249.00    14.0     6.0     7.9    
   150 1750   756.33   18.12      1   756.33  2249.00    14.0     6.0     7.9    
   160 1740   756.33   15.60     12   756.33  2249.00    14.0     6.0     8.4   X
*  164 1736   752.67   14.52      0   752.67  2246.00     9.0     3.0     8.7    

  Gens  Rem    Local   ElDiv NoImpr             Best solution            Time  Op
                                       Cost     Dist    Tard    TMax 
*  174 1726   750.00    9.95      0   750.00  2235.00    11.0     4.0     9.2    
*  178 1722   748.33   10.42      0   748.33  2237.00     5.0     3.0     9.4    
Path relinking result: best improvement.
   180 1720   743.33   10.39      0   748.33  2237.00     5.0     3.0     9.5   P
*  181 1719   743.33   10.41      0   743.33  2191.00    29.0    10.0     9.5    
*  190 1710   738.00   11.55      0   738.00  2214.00     0.0     0.0    10.0    
*  195 1705   735.33   10.62      0   735.33  2201.00     3.0     2.0    10.3    
*  197 1703   733.33   10.25      0   733.33  2184.00    10.0     6.0    10.4    
*  199 1701   729.33    9.79      0   729.33  2161.00    14.0    11.0    10.5    
*  200 1700   728.67    9.81      0   728.67  2182.00     0.0     0.0    10.5    
*  201 1699   727.33    9.72      0   727.33  2152.00    17.0    11.0    10.6    
*  202 1698   726.67    9.56      0   726.67  2173.00     2.0     2.0    10.6    
*  203 1697   725.67    9.43      0   725.67  2173.00     2.0     2.0    10.7    
*  205 1695   722.00    9.20      0   722.00  2166.00     0.0     0.0    10.8    
*  211 1689   720.00    7.13      0   720.00  2123.00    22.0     8.0    11.1    
*  212 1688   717.67    6.82      0   717.67  2123.00    22.0     8.0    11.1    
*  218 1682   710.67    5.24      0   710.67  2130.00     1.0     1.0    11.4    

  Gens  Rem    Local   ElDiv NoImpr             Best solution            Time  Op
                                       Cost     Dist    Tard    TMax 
*  221 1679   701.33    5.17      0   701.33  2090.00     8.0     6.0    11.6    
*  224 1676   700.00    6.18      0   700.00  2100.00     0.0     0.0    11.7    
*  227 1673   699.33    8.44      0   699.33  2066.00     4.0     2.0    11.9    
*  228 1672   690.67    9.10      0   690.67  2066.00     4.0     2.0    11.9    
*  230 1670   688.67   10.39      0   688.67  2066.00     0.0     0.0    12.1    
*  232 1668   687.67   11.45      0   687.67  2063.00     0.0     0.0    12.2    
*  235 1665   686.67   12.84      0   686.67  2057.00     0.0     0.0    12.3    
*  236 1664   685.67   13.19      0   685.67  2056.00     0.0     0.0    12.4    
*  237 1663   685.33   13.24      0   685.33  2054.00     0.0     0.0    12.4    
*  238 1662   684.67   13.37      0   684.67  2054.00     0.0     0.0    12.5    
   240 1660   684.67   11.27      3   684.67  2054.00     0.0     0.0    12.6   X
*  242 1658   684.33    6.24      0   684.33  2048.00     2.0     2.0    12.7    
*  243 1657   684.00    4.28      0   684.00  2048.00     0.0     0.0    12.7    
*  244 1656   682.67    3.18      0   682.67  2048.00     0.0     0.0    12.8    
*  248 1652   681.67    1.34      0   681.67  2045.00     0.0     0.0    13.0    
*  250 1650   681.33    1.34      0   681.33  2044.00     0.0     0.0    13.1    

  Gens  Rem    Local   ElDiv NoImpr             Best solution            Time  Op
                                       Cost     Dist    Tard    TMax 
*  254 1646   680.33    0.82      0   680.33  2041.00     0.0     0.0    13.3    
*  257 1643   679.67    0.65      0   679.67  2039.00     0.0     0.0    13.4    
*  260 1640   678.67    0.62      0   678.67  2036.00     0.0     0.0    13.6    
*  262 1638   678.33    0.70      0   678.33  2032.00     0.0     0.0    13.7    
*  263 1637   677.33    0.60      0   677.33  2032.00     0.0     0.0    13.7    
*  272 1628   676.67    0.66      0   676.67  2029.00     0.0     0.0    14.2    
*  273 1627   676.33    0.74      0   676.33  2029.00     0.0     0.0    14.2    
*  276 1624   675.67    0.90      0   675.67  2027.00     0.0     0.0    14.4    
   300 1600   675.67    0.78     24   675.67  2027.00     0.0     0.0    15.6    
   320 1580   675.67    0.00     45   675.67  2027.00     0.0     0.0    16.6   X
*  322 1578   675.00    0.27      0   675.00  2025.00     0.0     0.0    16.7    
*  340 1560   674.67    0.32      0   674.67  2024.00     0.0     0.0    17.7    
   350 1550   674.67    0.42     10   674.67  2024.00     0.0     0.0    18.2    
*  353 1547   672.33    0.44      0   672.33  2017.00     0.0     0.0    18.4    
Path relinking result: elite improvement.
   360 1540   672.33    0.52      8   672.33  2017.00     0.0     0.0    18.8   P
   400 1500   672.33    1.43     47   672.33  2017.00     0.0     0.0    20.8    

  Gens  Rem    Local   ElDiv NoImpr             Best solution            Time  Op
                                       Cost     Dist    Tard    TMax 
   400 1500   672.33    1.21     48   672.33  2017.00     0.0     0.0    20.8   X
*  414 1486   672.00    0.02      0   672.00  2016.00     0.0     0.0    21.5    
   450 1450   672.00    0.03     36   672.00  2016.00     0.0     0.0    23.3    
   480 1420   672.00    0.10     67   672.00  2016.00     0.0     0.0    24.9   X
*  483 1417   671.33    0.13      0   671.33  2014.00     0.0     0.0    25.0    
*  491 1409   671.00    0.24      0   671.00  2013.00     0.0     0.0    25.4    
   500 1400   671.00    0.16      9   671.00  2013.00     0.0     0.0    25.9    
*  509 1391   670.33    0.17      0   670.33  2011.00     0.0     0.0    26.3    
Path relinking result: elite improvement.
   540 1360   670.33    0.27     32   670.33  2011.00     0.0     0.0    27.9   P
   550 1350   670.33    0.00     41   670.33  2011.00     0.0     0.0    28.4    
   560 1340   670.33    0.00     52   670.33  2011.00     0.0     0.0    28.9   X
   600 1300   670.33    0.00     91   670.33  2011.00     0.0     0.0    31.0    
   640 1260   670.33    0.00    132   670.33  2011.00     0.0     0.0    33.1   X
   650 1250   670.33    0.00    141   670.33  2011.00     0.0     0.0    33.6    
   700 1200   670.33    0.00    191   670.33  2011.00     0.0     0.0    36.1    
Path relinking result: no improvement.
   720 1180   670.33    0.00    212   670.33  2011.00     0.0     0.0    37.1  PX

  Gens  Rem    Local   ElDiv NoImpr             Best solution            Time  Op
                                       Cost     Dist    Tard    TMax 
   750 1150   670.33    0.00    241   670.33  2011.00     0.0     0.0    38.6    
   800 1100   670.33    0.00    291   670.33  2011.00     0.0     0.0    41.2    
   800 1100   670.33    0.00    292   670.33  2011.00     0.0     0.0    41.2   X
   850 1050   670.33    0.00    341   670.33  2011.00     0.0     0.0    43.7    
   880 1020   670.33    0.00    372   670.33  2011.00     0.0     0.0    45.3   X
   900 1000   670.33    0.00    391   670.33  2011.00     0.0     0.0    46.3    
Path relinking result: no improvement.
   900 1000   670.33    0.00    392   670.33  2011.00     0.0     0.0    46.3   P
   950  950   670.33    0.00    441   670.33  2011.00     0.0     0.0    48.8    
   960  940   670.33    0.00    452   670.33  2011.00     0.0     0.0    49.3   X
  1000  900   670.33    0.00    491   670.33  2011.00     0.0     0.0    51.4    
  1040  860   670.33    0.00    532   670.33  2011.00     0.0     0.0    53.5   X
  1050  850   670.33    0.00    541   670.33  2011.00     0.0     0.0    54.0    
Path relinking result: no improvement.
  1080  820   670.33    0.00    572   670.33  2011.00     0.0     0.0    55.6   P
  1100  800   670.33    0.00    591   670.33  2011.00     0.0     0.0    56.6    
  1120  780   670.33    0.00    612   670.33  2011.00     0.0     0.0    57.6   X
  1150  750   670.33    0.00    641   670.33  2011.00     0.0     0.0    59.1    

  Gens  Rem    Local   ElDiv NoImpr             Best solution            Time  Op
                                       Cost     Dist    Tard    TMax 
  1200  700   670.33    0.00    691   670.33  2011.00     0.0     0.0    61.7    
  1200  700   670.33    0.00    692   670.33  2011.00     0.0     0.0    61.7   X
  1208  692      inf  233.06      0   670.33  2011.00     0.0     0.0    62.1   R
  1209  691  2465.00  209.31      0   670.33  2011.00     0.0     0.0    62.2    
  1250  650   895.67   19.20      0   670.33  2011.00     0.0     0.0    64.3    
Path relinking result: elite improvement.
  1260  640   872.33   13.97      0   670.33  2011.00     0.0     0.0    64.8   P
  1280  620   818.67    7.31      8   670.33  2011.00     0.0     0.0    65.9   X
  1300  600   818.67    7.53     27   670.33  2011.00     0.0     0.0    66.9    
  1350  550   812.00    7.87      9   670.33  2011.00     0.0     0.0    69.4    
  1360  540   797.33    7.00      3   670.33  2011.00     0.0     0.0    69.9   X
  1400  500   790.33    6.55      6   670.33  2011.00     0.0     0.0    72.0    
Path relinking result: elite improvement.
  1440  460   760.00    7.16      0   670.33  2011.00     0.0     0.0    74.1  PX
  1450  450   760.00    7.84      9   670.33  2011.00     0.0     0.0    74.6    
  1500  400   735.33    7.04     13   670.33  2011.00     0.0     0.0    77.2    
  1520  380   711.33    5.90      5   670.33  2011.00     0.0     0.0    78.2   X
  1550  350   677.00    5.86      0   670.33  2011.00     0.0     0.0    79.8    

  Gens  Rem    Local   ElDiv NoImpr             Best solution            Time  Op
                                       Cost     Dist    Tard    TMax 
* 1554  346   670.00    6.00      0   670.00  2010.00     0.0     0.0    80.0    
* 1568  332   669.33    5.37      0   669.33  2008.00     0.0     0.0    80.7    
* 1570  330   668.00    4.91      0   668.00  2004.00     0.0     0.0    80.8    
* 1572  328   667.00    4.37      0   667.00  2001.00     0.0     0.0    80.9    
* 1575  325   666.00    3.40      0   666.00  1997.00     0.0     0.0    81.1    
* 1576  324   665.67    2.98      0   665.67  1994.00     0.0     0.0    81.1    
* 1577  323   664.67    2.74      0   664.67  1994.00     0.0     0.0    81.2    
* 1580  320   664.33    2.28      0   664.33  1993.00     0.0     0.0    81.3    
* 1583  317   663.33    2.36      0   663.33  1987.00     0.0     0.0    81.5    
* 1584  316   662.33    2.25      0   662.33  1987.00     0.0     0.0    81.5    
* 1587  313   662.00    2.53      0   662.00  1981.00     0.0     0.0    81.7    
* 1588  312   660.33    2.68      0   660.33  1981.00     0.0     0.0    81.8    
* 1591  309   660.00    2.92      0   660.00  1980.00     0.0     0.0    81.9    
  1600  300   660.00    2.36      9   660.00  1980.00     0.0     0.0    82.4    
  1600  300   660.00    0.61     10   660.00  1980.00     0.0     0.0    82.4   X
* 1611  289   659.00    0.09      0   659.00  1977.00     0.0     0.0    82.9    
Path relinking result: elite improvement.

  Gens  Rem    Local   ElDiv NoImpr             Best solution            Time  Op
                                       Cost     Dist    Tard    TMax 
  1620  280   659.00    0.27     10   659.00  1977.00     0.0     0.0    83.4   P
* 1622  278   658.33    0.39      0   658.33  1975.00     0.0     0.0    83.5    
  1650  250   658.33    0.31     28   658.33  1975.00     0.0     0.0    85.0    
  1680  220   658.33    0.00     59   658.33  1975.00     0.0     0.0    86.5   X
  1700  200   658.33    0.00     78   658.33  1975.00     0.0     0.0    87.5    
  1750  150   658.33    0.00    128   658.33  1975.00     0.0     0.0    90.1    
  1760  140   658.33    0.00    139   658.33  1975.00     0.0     0.0    90.6   X
  1800  100   658.33    0.00    178   658.33  1975.00     0.0     0.0    92.6    
Path relinking result: no improvement.
  1800  100   658.33    0.00    179   658.33  1975.00     0.0     0.0    92.6   P
  1840   60   658.33    0.00    219   658.33  1975.00     0.0     0.0    94.7   X
  1850   50   658.33    0.00    228   658.33  1975.00     0.0     0.0    95.2    
  1900    0   658.33    0.00    278   658.33  1975.00     0.0     0.0    97.7    
Evolutionary process finished.
Solution written to 'solution-26331.txt'.

Sorted sequence of worst to best tardiness value:
Task for patient = 47 with skills = {2,4} and cost = 375.0
   Vehicle #0 = 9, leaving at = 873.0
   Vehicle #1 = 18, leaving at = 879.0
   Increment on distance indicator: 8.0
   Increment on tard indicator:     0.0
   Value of tmax indicator:         8.0

Task for patient = 33 with skills = {3,-1} and cost = 372.3
   Vehicle #0 = 16, leaving at = 961.0
   Vehicle #1 = -1, leaving at = inf
   Increment on distance indicator: 5.0
   Increment on tard indicator:     0.0
   Value of tmax indicator:         5.0

Task for patient = 40 with skills = {1,5} and cost = 370.7
   Vehicle #0 = 5, leaving at = 976.0
   Vehicle #1 = 17, leaving at = 982.0
   Increment on distance indicator: 11.0
   Increment on tard indicator:     0.0
   Value of tmax indicator:         11.0

Task for patient = 42 with skills = {1,-1} and cost = 367.0
   Vehicle #0 = 5, leaving at = 938.0
   Vehicle #1 = -1, leaving at = inf
   Increment on distance indicator: 5.0
   Increment on tard indicator:     0.0
   Value of tmax indicator:         5.0

Task for patient = 13 with skills = {0,-1} and cost = 365.3
   Vehicle #0 = 2, leaving at = 914.0
   Vehicle #1 = -1, leaving at = inf
   Increment on distance indicator: 5.0
   Increment on tard indicator:     0.0
   Value of tmax indicator:         5.0

Task for patient = 52 with skills = {1,5} and cost = 363.7
   Vehicle #0 = 2, leaving at = 884.0
   Vehicle #1 = 13, leaving at = 847.0
   Increment on distance indicator: 8.0
   Increment on tard indicator:     0.0
   Value of tmax indicator:         8.0

Task for patient = 19 with skills = {1,-1} and cost = 361.0
   Vehicle #0 = 5, leaving at = 917.0
   Vehicle #1 = -1, leaving at = inf
   Increment on distance indicator: 3.0
   Increment on tard indicator:     0.0
   Value of tmax indicator:         3.0

Task for patient = 50 with skills = {2,-1} and cost = 360.0
   Vehicle #0 = 0, leaving at = 854.0
   Vehicle #1 = -1, leaving at = inf
   Increment on distance indicator: 10.0
   Increment on tard indicator:     0.0
   Value of tmax indicator:         10.0

Task for patient = 49 with skills = {1,-1} and cost = 356.7
   Vehicle #0 = 5, leaving at = 881.0
   Vehicle #1 = -1, leaving at = inf
   Increment on distance indicator: 4.0
   Increment on tard indicator:     0.0
   Value of tmax indicator:         4.0

Task for patient = 81 with skills = {3,-1} and cost = 355.3
   Vehicle #0 = 16, leaving at = 928.0
   Vehicle #1 = -1, leaving at = inf
   Increment on distance indicator: 5.0
   Increment on tard indicator:     0.0
   Value of tmax indicator:         5.0

Task for patient = 66 with skills = {4,-1} and cost = 353.7
   Vehicle #0 = 11, leaving at = 896.0
   Vehicle #1 = -1, leaving at = inf
   Increment on distance indicator: 6.0
   Increment on tard indicator:     0.0
   Value of tmax indicator:         6.0

Task for patient = 11 with skills = {1,-1} and cost = 430.7
   Vehicle #0 = 9, leaving at = 1112.0
   Vehicle #1 = -1, leaving at = inf
   Increment on distance indicator: 4.0
   Increment on tard indicator:     0.0
   Value of tmax indicator:         4.0

Task for patient = 77 with skills = {1,-1} and cost = 349.7
   Vehicle #0 = 5, leaving at = 861.0
   Vehicle #1 = -1, leaving at = inf
   Increment on distance indicator: 3.0
   Increment on tard indicator:     0.0
   Value of tmax indicator:         3.0

Task for patient = 39 with skills = {1,4} and cost = 348.7
   Vehicle #0 = 5, leaving at = 830.0
   Vehicle #1 = 11, leaving at = 837.0
   Increment on distance indicator: 11.0
   Increment on tard indicator:     0.0
   Value of tmax indicator:         11.0

Task for patient = 96 with skills = {1,-1} and cost = 345.0
   Vehicle #0 = 5, leaving at = 798.0
   Vehicle #1 = -1, leaving at = inf
   Increment on distance indicator: 12.0
   Increment on tard indicator:     0.0
   Value of tmax indicator:         12.0

Task for patient = 3 with skills = {0,3} and cost = 341.0
   Vehicle #0 = 9, leaving at = 834.0
   Vehicle #1 = 18, leaving at = 851.0
   Increment on distance indicator: 18.0
   Increment on tard indicator:     0.0
   Value of tmax indicator:         18.0

Task for patient = 18 with skills = {1,5} and cost = 335.0
   Vehicle #0 = 9, leaving at = 778.0
   Vehicle #1 = 15, leaving at = 816.0
   Increment on distance indicator: 9.0
   Increment on tard indicator:     0.0
   Value of tmax indicator:         9.0

Task for patient = 84 with skills = {4,-1} and cost = 332.0
   Vehicle #0 = 11, leaving at = 735.0
   Vehicle #1 = -1, leaving at = inf
   Increment on distance indicator: 9.0
   Increment on tard indicator:     0.0
   Value of tmax indicator:         9.0

Task for patient = 60 with skills = {1,4} and cost = 329.0
   Vehicle #0 = 3, leaving at = 892.0
   Vehicle #1 = 16, leaving at = 891.0
   Increment on distance indicator: 12.0
   Increment on tard indicator:     0.0
   Value of tmax indicator:         12.0

Task for patient = 45 with skills = {1,-1} and cost = 325.0
   Vehicle #0 = 1, leaving at = 800.0
   Vehicle #1 = -1, leaving at = inf
   Increment on distance indicator: 2.0
   Increment on tard indicator:     0.0
   Value of tmax indicator:         2.0

Task for patient = 51 with skills = {3,-1} and cost = 324.3
   Vehicle #0 = 17, leaving at = 867.0
   Vehicle #1 = -1, leaving at = inf
   Increment on distance indicator: 8.0
   Increment on tard indicator:     0.0
   Value of tmax indicator:         8.0

Task for patient = 83 with skills = {3,-1} and cost = 321.7
   Vehicle #0 = 18, leaving at = 776.0
   Vehicle #1 = -1, leaving at = inf
   Increment on distance indicator: 13.0
   Increment on tard indicator:     0.0
   Value of tmax indicator:         13.0

Task for patient = 98 with skills = {1,3} and cost = 317.3
   Vehicle #0 = 3, leaving at = 841.0
   Vehicle #1 = 16, leaving at = 861.0
   Increment on distance indicator: 4.0
   Increment on tard indicator:     0.0
   Value of tmax indicator:         4.0

Task for patient = 55 with skills = {2,5} and cost = 316.0
   Vehicle #0 = 3, leaving at = 811.0
   Vehicle #1 = 16, leaving at = 822.0
   Increment on distance indicator: 7.0
   Increment on tard indicator:     0.0
   Value of tmax indicator:         7.0

Task for patient = 2 with skills = {5,-1} and cost = 351.7
   Vehicle #0 = 17, leaving at = 930.0
   Vehicle #1 = -1, leaving at = inf
   Increment on distance indicator: 6.0
   Increment on tard indicator:     0.0
   Value of tmax indicator:         6.0

Task for patient = 82 with skills = {2,3} and cost = 429.3
   Vehicle #0 = 4, leaving at = 1068.0
   Vehicle #1 = 17, leaving at = 1076.0
   Increment on distance indicator: 13.0
   Increment on tard indicator:     0.0
   Value of tmax indicator:         13.0

Task for patient = 37 with skills = {2,-1} and cost = 425.0
   Vehicle #0 = 4, leaving at = 1034.0
   Vehicle #1 = -1, leaving at = inf
   Increment on distance indicator: 3.0
   Increment on tard indicator:     0.0
   Value of tmax indicator:         3.0

Task for patient = 79 with skills = {2,-1} and cost = 424.0
   Vehicle #0 = 3, leaving at = 1073.0
   Vehicle #1 = -1, leaving at = inf
   Increment on distance indicator: 7.0
   Increment on tard indicator:     0.0
   Value of tmax indicator:         7.0

Task for patient = 94 with skills = {0,-1} and cost = 421.7
   Vehicle #0 = 2, leaving at = 1005.0
   Vehicle #1 = -1, leaving at = inf
   Increment on distance indicator: 2.0
   Increment on tard indicator:     0.0
   Value of tmax indicator:         2.0

Task for patient = 41 with skills = {5,-1} and cost = 421.0
   Vehicle #0 = 13, leaving at = 1092.0
   Vehicle #1 = -1, leaving at = inf
   Increment on distance indicator: 7.0
   Increment on tard indicator:     0.0
   Value of tmax indicator:         7.0

Task for patient = 35 with skills = {0,-1} and cost = 418.7
   Vehicle #0 = 3, leaving at = 1031.0
   Vehicle #1 = -1, leaving at = inf
   Increment on distance indicator: 10.0
   Increment on tard indicator:     0.0
   Value of tmax indicator:         10.0

Task for patient = 61 with skills = {4,-1} and cost = 415.3
   Vehicle #0 = 10, leaving at = 961.0
   Vehicle #1 = -1, leaving at = inf
   Increment on distance indicator: 3.0
   Increment on tard indicator:     0.0
   Value of tmax indicator:         3.0

Task for patient = 44 with skills = {1,-1} and cost = 414.3
   Vehicle #0 = 3, leaving at = 1001.0
   Vehicle #1 = -1, leaving at = inf
   Increment on distance indicator: 3.0
   Increment on tard indicator:     0.0
   Value of tmax indicator:         3.0

Task for patient = 38 with skills = {2,-1} and cost = 413.3
   Vehicle #0 = 9, leaving at = 1052.0
   Vehicle #1 = -1, leaving at = inf
   Increment on distance indicator: 8.0
   Increment on tard indicator:     0.0
   Value of tmax indicator:         8.0

Task for patient = 92 with skills = {2,4} and cost = 410.7
   Vehicle #0 = 0, leaving at = 996.0
   Vehicle #1 = 13, leaving at = 1036.0
   Increment on distance indicator: 5.0
   Increment on tard indicator:     0.0
   Value of tmax indicator:         5.0

Task for patient = 72 with skills = {3,-1} and cost = 409.0
   Vehicle #0 = 16, leaving at = 995.0
   Vehicle #1 = -1, leaving at = inf
   Increment on distance indicator: 11.0
   Increment on tard indicator:     0.0
   Value of tmax indicator:         11.0

Task for patient = 67 with skills = {4,-1} and cost = 377.7
   Vehicle #0 = 10, leaving at = 915.0
   Vehicle #1 = -1, leaving at = inf
   Increment on distance indicator: 8.0
   Increment on tard indicator:     0.0
   Value of tmax indicator:         8.0

Task for patient = 24 with skills = {5,-1} and cost = 403.3
   Vehicle #0 = 17, leaving at = 1019.0
   Vehicle #1 = -1, leaving at = inf
   Increment on distance indicator: 9.0
   Increment on tard indicator:     0.0
   Value of tmax indicator:         9.0

Task for patient = 43 with skills = {2,-1} and cost = 400.3
   Vehicle #0 = 4, leaving at = 961.0
   Vehicle #1 = -1, leaving at = inf
   Increment on distance indicator: 6.0
   Increment on tard indicator:     0.0
   Value of tmax indicator:         6.0

Task for patient = 63 with skills = {0,-1} and cost = 398.3
   Vehicle #0 = 3, leaving at = 972.0
   Vehicle #1 = -1, leaving at = inf
   Increment on distance indicator: 2.0
   Increment on tard indicator:     0.0
   Value of tmax indicator:         2.0

Task for patient = 86 with skills = {1,4} and cost = 397.7
   Vehicle #0 = 3, leaving at = 936.0
   Vehicle #1 = 13, leaving at = 983.0
   Increment on distance indicator: 11.0
   Increment on tard indicator:     0.0
   Value of tmax indicator:         11.0

Task for patient = 68 with skills = {2,4} and cost = 394.0
   Vehicle #0 = 9, leaving at = 991.0
   Vehicle #1 = 18, leaving at = 1025.0
   Increment on distance indicator: 11.0
   Increment on tard indicator:     0.0
   Value of tmax indicator:         11.0

Task for patient = 69 with skills = {1,-1} and cost = 390.3
   Vehicle #0 = 5, leaving at = 996.0
   Vehicle #1 = -1, leaving at = inf
   Increment on distance indicator: 4.0
   Increment on tard indicator:     0.0
   Value of tmax indicator:         4.0

Task for patient = 20 with skills = {0,-1} and cost = 389.0
   Vehicle #0 = 4, leaving at = 908.0
   Vehicle #1 = -1, leaving at = inf
   Increment on distance indicator: 2.0
   Increment on tard indicator:     0.0
   Value of tmax indicator:         2.0

Task for patient = 71 with skills = {1,-1} and cost = 388.3
   Vehicle #0 = 2, leaving at = 978.0
   Vehicle #1 = -1, leaving at = inf
   Increment on distance indicator: 5.0
   Increment on tard indicator:     0.0
   Value of tmax indicator:         5.0

Task for patient = 59 with skills = {2,5} and cost = 386.7
   Vehicle #0 = 0, leaving at = 939.0
   Vehicle #1 = 13, leaving at = 930.0
   Increment on distance indicator: 12.0
   Increment on tard indicator:     0.0
   Value of tmax indicator:         12.0

Task for patient = 95 with skills = {1,-1} and cost = 382.7
   Vehicle #0 = 9, leaving at = 954.0
   Vehicle #1 = -1, leaving at = inf
   Increment on distance indicator: 3.0
   Increment on tard indicator:     0.0
   Value of tmax indicator:         3.0

Task for patient = 100 with skills = {0,-1} and cost = 381.7
   Vehicle #0 = 2, leaving at = 957.0
   Vehicle #1 = -1, leaving at = inf
   Increment on distance indicator: 6.0
   Increment on tard indicator:     0.0
   Value of tmax indicator:         6.0

Task for patient = 76 with skills = {0,4} and cost = 379.7
   Vehicle #0 = 9, leaving at = 910.0
   Vehicle #1 = 18, leaving at = 941.0
   Increment on distance indicator: 6.0
   Increment on tard indicator:     0.0
   Value of tmax indicator:         6.0

Task for patient = 58 with skills = {0,-1} and cost = 405.3
   Vehicle #0 = 4, leaving at = 1004.0
   Vehicle #1 = -1, leaving at = inf
   Increment on distance indicator: 6.0
   Increment on tard indicator:     0.0
   Value of tmax indicator:         6.0

Task for patient = 31 with skills = {5,-1} and cost = 173.3
   Vehicle #0 = 16, leaving at = 701.0
   Vehicle #1 = -1, leaving at = inf
   Increment on distance indicator: 5.0
   Increment on tard indicator:     0.0
   Value of tmax indicator:         5.0

Task for patient = 22 with skills = {5,-1} and cost = 171.7
   Vehicle #0 = 13, leaving at = 714.0
   Vehicle #1 = -1, leaving at = inf
   Increment on distance indicator: 9.0
   Increment on tard indicator:     0.0
   Value of tmax indicator:         9.0

Task for patient = 21 with skills = {5,-1} and cost = 168.7
   Vehicle #0 = 16, leaving at = 644.0
   Vehicle #1 = -1, leaving at = inf
   Increment on distance indicator: 2.0
   Increment on tard indicator:     0.0
   Value of tmax indicator:         2.0

Task for patient = 15 with skills = {2,-1} and cost = 168.0
   Vehicle #0 = 3, leaving at = 729.0
   Vehicle #1 = -1, leaving at = inf
   Increment on distance indicator: 5.0
   Increment on tard indicator:     0.0
   Value of tmax indicator:         5.0

Task for patient = 29 with skills = {2,-1} and cost = 166.3
   Vehicle #0 = 3, leaving at = 685.0
   Vehicle #1 = -1, leaving at = inf
   Increment on distance indicator: 6.0
   Increment on tard indicator:     0.0
   Value of tmax indicator:         6.0

Task for patient = 8 with skills = {4,-1} and cost = 164.3
   Vehicle #0 = 11, leaving at = 612.0
   Vehicle #1 = -1, leaving at = inf
   Increment on distance indicator: 4.0
   Increment on tard indicator:     0.0
   Value of tmax indicator:         4.0

Task for patient = 62 with skills = {4,-1} and cost = 163.0
   Vehicle #0 = 11, leaving at = 573.0
   Vehicle #1 = -1, leaving at = inf
   Increment on distance indicator: 14.0
   Increment on tard indicator:     0.0
   Value of tmax indicator:         14.0

Task for patient = 26 with skills = {4,-1} and cost = 158.3
   Vehicle #0 = 16, leaving at = 624.0
   Vehicle #1 = -1, leaving at = inf
   Increment on distance indicator: 5.0
   Increment on tard indicator:     0.0
   Value of tmax indicator:         5.0

Task for patient = 28 with skills = {4,-1} and cost = 156.7
   Vehicle #0 = 16, leaving at = 600.0
   Vehicle #1 = -1, leaving at = inf
   Increment on distance indicator: 10.0
   Increment on tard indicator:     0.0
   Value of tmax indicator:         10.0

Task for patient = 70 with skills = {2,-1} and cost = 153.3
   Vehicle #0 = 3, leaving at = 657.0
   Vehicle #1 = -1, leaving at = inf
   Increment on distance indicator: 5.0
   Increment on tard indicator:     0.0
   Value of tmax indicator:         5.0

Task for patient = 53 with skills = {5,-1} and cost = 151.7
   Vehicle #0 = 16, leaving at = 539.0
   Vehicle #1 = -1, leaving at = inf
   Increment on distance indicator: 48.0
   Increment on tard indicator:     0.0
   Value of tmax indicator:         48.0

Task for patient = 89 with skills = {2,-1} and cost = 313.7
   Vehicle #0 = 4, leaving at = 850.0
   Vehicle #1 = -1, leaving at = inf
   Increment on distance indicator: 4.0
   Increment on tard indicator:     0.0
   Value of tmax indicator:         4.0

Task for patient = 65 with skills = {5,-1} and cost = 128.7
   Vehicle #0 = 13, leaving at = 659.0
   Vehicle #1 = -1, leaving at = inf
   Increment on distance indicator: 2.0
   Increment on tard indicator:     0.0
   Value of tmax indicator:         2.0

Task for patient = 16 with skills = {2,-1} and cost = 128.0
   Vehicle #0 = 3, leaving at = 631.0
   Vehicle #1 = -1, leaving at = inf
   Increment on distance indicator: 7.0
   Increment on tard indicator:     0.0
   Value of tmax indicator:         7.0

Task for patient = 12 with skills = {1,-1} and cost = 125.7
   Vehicle #0 = 2, leaving at = 686.0
   Vehicle #1 = -1, leaving at = inf
   Increment on distance indicator: 4.0
   Increment on tard indicator:     0.0
   Value of tmax indicator:         4.0

Task for patient = 27 with skills = {1,5} and cost = 124.3
   Vehicle #0 = 3, leaving at = 587.0
   Vehicle #1 = 13, leaving at = 609.0
   Increment on distance indicator: 104.0
   Increment on tard indicator:     0.0
   Value of tmax indicator:         104.0

Task for patient = 36 with skills = {0,-1} and cost = 89.7
   Vehicle #0 = 2, leaving at = 659.0
   Vehicle #1 = -1, leaving at = inf
   Increment on distance indicator: 9.0
   Increment on tard indicator:     0.0
   Value of tmax indicator:         9.0

Task for patient = 64 with skills = {2,-1} and cost = 86.7
   Vehicle #0 = 0, leaving at = 665.0
   Vehicle #1 = -1, leaving at = inf
   Increment on distance indicator: 5.0
   Increment on tard indicator:     0.0
   Value of tmax indicator:         5.0

Task for patient = 75 with skills = {2,4} and cost = 85.0
   Vehicle #0 = 0, leaving at = 544.0
   Vehicle #1 = 11, leaving at = 505.0
   Increment on distance indicator: 94.0
   Increment on tard indicator:     0.0
   Value of tmax indicator:         94.0

Task for patient = 46 with skills = {0,-1} and cost = 53.7
   Vehicle #0 = 2, leaving at = 578.0
   Vehicle #1 = -1, leaving at = inf
   Increment on distance indicator: 56.0
   Increment on tard indicator:     0.0
   Value of tmax indicator:         56.0

Task for patient = 87 with skills = {0,5} and cost = 35.0
   Vehicle #0 = 1, leaving at = 701.0
   Vehicle #1 = 10, leaving at = 739.0
   Increment on distance indicator: 5.0
   Increment on tard indicator:     0.0
   Value of tmax indicator:         5.0

Task for patient = 5 with skills = {0,3} and cost = 33.3
   Vehicle #0 = 1, leaving at = 655.0
   Vehicle #1 = 12, leaving at = 686.0
   Increment on distance indicator: 33.0
   Increment on tard indicator:     0.0
   Value of tmax indicator:         33.0

Task for patient = 97 with skills = {0,5} and cost = 22.3
   Vehicle #0 = 1, leaving at = 587.0
   Vehicle #1 = 10, leaving at = 610.0
   Increment on distance indicator: 37.0
   Increment on tard indicator:     0.0
   Value of tmax indicator:         37.0

Task for patient = 78 with skills = {1,-1} and cost = 10.0
   Vehicle #0 = 1, leaving at = 556.0
   Vehicle #1 = -1, leaving at = inf
   Increment on distance indicator: 30.0
   Increment on tard indicator:     0.0
   Value of tmax indicator:         30.0

Task for patient = 74 with skills = {5,-1} and cost = 135.7
   Vehicle #0 = 15, leaving at = 657.0
   Vehicle #1 = -1, leaving at = inf
   Increment on distance indicator: 21.0
   Increment on tard indicator:     0.0
   Value of tmax indicator:         21.0

Task for patient = 10 with skills = {5,-1} and cost = 312.3
   Vehicle #0 = 17, leaving at = 799.0
   Vehicle #1 = -1, leaving at = inf
   Increment on distance indicator: 4.0
   Increment on tard indicator:     0.0
   Value of tmax indicator:         4.0

Task for patient = 34 with skills = {1,-1} and cost = 311.0
   Vehicle #0 = 5, leaving at = 737.0
   Vehicle #1 = -1, leaving at = inf
   Increment on distance indicator: 6.0
   Increment on tard indicator:     0.0
   Value of tmax indicator:         6.0

Task for patient = 57 with skills = {2,5} and cost = 309.0
   Vehicle #0 = 9, leaving at = 670.0
   Vehicle #1 = 18, leaving at = 704.0
   Increment on distance indicator: 10.0
   Increment on tard indicator:     0.0
   Value of tmax indicator:         10.0

Task for patient = 93 with skills = {1,4} and cost = 305.7
   Vehicle #0 = 9, leaving at = 629.0
   Vehicle #1 = 18, leaving at = 647.0
   Increment on distance indicator: 7.0
   Increment on tard indicator:     0.0
   Value of tmax indicator:         7.0

Task for patient = 9 with skills = {0,5} and cost = 303.3
   Vehicle #0 = 2, leaving at = 828.0
   Vehicle #1 = 13, leaving at = 812.0
   Increment on distance indicator: 8.0
   Increment on tard indicator:     0.0
   Value of tmax indicator:         8.0

Task for patient = 91 with skills = {1,-1} and cost = 300.7
   Vehicle #0 = 3, leaving at = 786.0
   Vehicle #1 = -1, leaving at = inf
   Increment on distance indicator: 5.0
   Increment on tard indicator:     0.0
   Value of tmax indicator:         5.0

Task for patient = 56 with skills = {2,-1} and cost = 299.0
   Vehicle #0 = 9, leaving at = 519.0
   Vehicle #1 = -1, leaving at = inf
   Increment on distance indicator: 34.0
   Increment on tard indicator:     0.0
   Value of tmax indicator:         34.0

Task for patient = 80 with skills = {2,5} and cost = 287.7
   Vehicle #0 = 0, leaving at = 758.0
   Vehicle #1 = 13, leaving at = 778.0
   Increment on distance indicator: 18.0
   Increment on tard indicator:     0.0
   Value of tmax indicator:         18.0

Task for patient = 30 with skills = {1,5} and cost = 281.7
   Vehicle #0 = 5, leaving at = 686.0
   Vehicle #1 = 17, leaving at = 750.0
   Increment on distance indicator: 10.0
   Increment on tard indicator:     0.0
   Value of tmax indicator:         10.0

Task for patient = 4 with skills = {2,5} and cost = 278.3
   Vehicle #0 = 7, leaving at = 744.0
   Vehicle #1 = 19, leaving at = 728.0
   Increment on distance indicator: 0.0
   Increment on tard indicator:     0.0
   Value of tmax indicator:         0.0

Task for patient = 48 with skills = {0,3} and cost = 278.3
   Vehicle #0 = 2, leaving at = 763.0
   Vehicle #1 = 16, leaving at = 765.0
   Increment on distance indicator: 11.0
   Increment on tard indicator:     0.0
   Value of tmax indicator:         11.0

Task for patient = 85 with skills = {5,-1} and cost = 193.0
   Vehicle #0 = 17, leaving at = 572.0
   Vehicle #1 = -1, leaving at = inf
   Increment on distance indicator: 59.0
   Increment on tard indicator:     0.0
   Value of tmax indicator:         59.0

Task for patient = 7 with skills = {5,-1} and cost = 253.0
   Vehicle #0 = 15, leaving at = 779.0
   Vehicle #1 = -1, leaving at = inf
   Increment on distance indicator: 5.0
   Increment on tard indicator:     0.0
   Value of tmax indicator:         5.0

Task for patient = 23 with skills = {0,-1} and cost = 251.3
   Vehicle #0 = 4, leaving at = 799.0
   Vehicle #1 = -1, leaving at = inf
   Increment on distance indicator: 1.0
   Increment on tard indicator:     0.0
   Value of tmax indicator:         1.0

Task for patient = 14 with skills = {0,5} and cost = 251.0
   Vehicle #0 = 1, leaving at = 765.0
   Vehicle #1 = 10, leaving at = 796.0
   Increment on distance indicator: 18.0
   Increment on tard indicator:     0.0
   Value of tmax indicator:         18.0

Task for patient = 73 with skills = {2,-1} and cost = 245.0
   Vehicle #0 = 4, leaving at = 727.0
   Vehicle #1 = -1, leaving at = inf
   Increment on distance indicator: 4.0
   Increment on tard indicator:     0.0
   Value of tmax indicator:         4.0

Task for patient = 54 with skills = {3,-1} and cost = 243.7
   Vehicle #0 = 18, leaving at = 585.0
   Vehicle #1 = -1, leaving at = inf
   Increment on distance indicator: 38.0
   Increment on tard indicator:     0.0
   Value of tmax indicator:         38.0

Task for patient = 88 with skills = {5,-1} and cost = 231.0
   Vehicle #0 = 15, leaving at = 717.0
   Vehicle #1 = -1, leaving at = inf
   Increment on distance indicator: 22.0
   Increment on tard indicator:     0.0
   Value of tmax indicator:         22.0

Task for patient = 1 with skills = {1,-1} and cost = 223.7
   Vehicle #0 = 1, leaving at = 733.0
   Vehicle #1 = -1, leaving at = inf
   Increment on distance indicator: 6.0
   Increment on tard indicator:     0.0
   Value of tmax indicator:         6.0

Task for patient = 32 with skills = {2,3} and cost = 221.7
   Vehicle #0 = 4, leaving at = 667.0
   Vehicle #1 = 17, leaving at = 682.0
   Increment on distance indicator: 12.0
   Increment on tard indicator:     0.0
   Value of tmax indicator:         12.0

Task for patient = 90 with skills = {3,-1} and cost = 217.7
   Vehicle #0 = 17, leaving at = 636.0
   Vehicle #1 = -1, leaving at = inf
   Increment on distance indicator: 4.0
   Increment on tard indicator:     0.0
   Value of tmax indicator:         4.0

Task for patient = 17 with skills = {0,-1} and cost = 216.3
   Vehicle #0 = 4, leaving at = 587.0
   Vehicle #1 = -1, leaving at = inf
   Increment on distance indicator: 58.0
   Increment on tard indicator:     0.0
   Value of tmax indicator:         58.0

Task for patient = 99 with skills = {4,-1} and cost = 197.0
   Vehicle #0 = 11, leaving at = 637.0
   Vehicle #1 = -1, leaving at = inf
   Increment on distance indicator: 6.0
   Increment on tard indicator:     0.0
   Value of tmax indicator:         6.0

Task for patient = 25 with skills = {5,-1} and cost = 195.0
   Vehicle #0 = 17, leaving at = 616.0
   Vehicle #1 = -1, leaving at = inf
   Increment on distance indicator: 6.0
   Increment on tard indicator:     0.0
   Value of tmax indicator:         6.0

Task for patient = 6 with skills = {1,4} and cost = 274.7
   Vehicle #0 = 5, leaving at = 665.0
   Vehicle #1 = 11, leaving at = 680.0
   Increment on distance indicator: 65.0
   Increment on tard indicator:     0.0
   Value of tmax indicator:         65.0


Unused vehicle list: 6 8 14 (total = 3 out of 20)

---
Search finished.
Total of 1900 generations in 97.7 seconds.
Exchange elite runs: 23
Implicit path relinking runs: 10
Reset attempts: 1

Best solution found:
   Cost: 658.3
   Total travel time: 1975.0
   Total tardiness time: 0.0
   Largest tardiness: 0.0


658.3
