This host is: panku
--- BRKGA-MP-IPR for HHCRSP ---
Instance: new-dataset/instances-25/HHCRSP_25_5_73_0.4_R_RC.txt
Seed: 14

Reading data... Problem contains 25 patients  and 5 caregivers.

Summary of supply x demand for each service type:
Skill 0 has supply = 1 and demand = 3, ratio = 0.333333
Skill 1 has supply = 2 and demand = 5, ratio = 0.4
Skill 2 has supply = 1 and demand = 3, ratio = 0.333333
Skill 3 has supply = 3 and demand = 3, ratio = 1
Skill 4 has supply = 2 and demand = 11, ratio = 0.181818
Skill 5 has supply = 2 and demand = 8, ratio = 0.25

Reading parameters...
Inferred distance function by PR type: kendall-tau
Building BRKGA data and initializing...
Evolving 1900 generations...

  Gens  Rem    Local   ElDiv NoImpr             Best solution            Time  Op
                                       Cost     Dist    Tard    TMax 
*    0 1900   595.00  129.31      0   595.00   560.00   987.0   238.0     0.0    
*    2 1898   408.00   89.55      0   408.00   555.00   526.0   143.0     0.1    
*    4 1896   381.33   62.18      0   381.33   561.00   275.0    46.0     0.2    
*    5 1895   294.00   56.79      0   294.00   507.00   155.0    87.0     0.2    
*    6 1894   249.67   46.21      0   249.67   562.00    95.0    52.0     0.2    
*    7 1893   236.33   40.38      0   236.33   520.00    65.0    48.0     0.3    
*    8 1892   211.00   36.91      0   211.00   529.00    13.0    13.0     0.3    
*    9 1891   185.00   28.81      0   185.00   528.00     3.0     2.0     0.3    
*   10 1890   177.67   23.89      0   177.67   528.00     3.0     2.0     0.3    
*   12 1888   172.67   18.70      0   172.67   502.00     1.0     1.0     0.4    
*   13 1887   168.00   14.98      0   168.00   502.00     1.0     1.0     0.4    
*   15 1885   164.33   10.53      0   164.33   493.00     0.0     0.0     0.5    
*   19 1881   158.33    5.96      0   158.33   473.00     1.0     1.0     0.6    
*   24 1876   157.67    4.23      0   157.67   466.00     1.0     1.0     0.7    
*   25 1875   156.00    4.27      0   156.00   466.00     1.0     1.0     0.7    

  Gens  Rem    Local   ElDiv NoImpr             Best solution            Time  Op
                                       Cost     Dist    Tard    TMax 
*   27 1873   154.67    4.26      0   154.67   462.00     1.0     1.0     0.8    
*   45 1855   154.00    1.40      0   154.00   460.00     1.0     1.0     1.3    
    50 1850   154.00    0.75      5   154.00   460.00     1.0     1.0     1.4    
    80 1820   154.00    0.07     36   154.00   460.00     1.0     1.0     2.2   X
   100 1800   154.00    0.07     55   154.00   460.00     1.0     1.0     2.7    
   150 1750   154.00    0.16    105   154.00   460.00     1.0     1.0     4.0    
   160 1740   154.00    0.31    116   154.00   460.00     1.0     1.0     4.3   X
*  165 1735   153.67    0.02      0   153.67   459.00     1.0     1.0     4.4    
Path relinking result: elite improvement.
   180 1720   153.67    0.16     16   153.67   459.00     1.0     1.0     4.8   P
   200 1700   153.67    0.00     35   153.67   459.00     1.0     1.0     5.4    
   240 1660   153.67    0.00     76   153.67   459.00     1.0     1.0     6.4   X
   250 1650   153.67    0.00     85   153.67   459.00     1.0     1.0     6.7    
   300 1600   153.67    0.00    135   153.67   459.00     1.0     1.0     8.0    
   320 1580   153.67    0.00    156   153.67   459.00     1.0     1.0     8.5   X
   350 1550   153.67    0.00    185   153.67   459.00     1.0     1.0     9.3    
Path relinking result: no improvement.
   360 1540   153.67    0.00    196   153.67   459.00     1.0     1.0     9.6   P

  Gens  Rem    Local   ElDiv NoImpr             Best solution            Time  Op
                                       Cost     Dist    Tard    TMax 
   400 1500   153.67    0.00    235   153.67   459.00     1.0     1.0    10.6    
   400 1500   153.67    0.00    236   153.67   459.00     1.0     1.0    10.6   X
   450 1450   153.67    0.00    285   153.67   459.00     1.0     1.0    11.9    
   480 1420   153.67    0.00    316   153.67   459.00     1.0     1.0    12.6   X
   500 1400   153.67    0.00    335   153.67   459.00     1.0     1.0    13.2    
Path relinking result: no improvement.
   540 1360   153.67    0.00    376   153.67   459.00     1.0     1.0    14.2   P
   550 1350   153.67    0.00    385   153.67   459.00     1.0     1.0    14.4    
   560 1340   153.67    0.00    396   153.67   459.00     1.0     1.0    14.7   X
   600 1300   153.67    0.00    435   153.67   459.00     1.0     1.0    15.7    
   640 1260   153.67    0.00    476   153.67   459.00     1.0     1.0    16.8   X
   650 1250   153.67    0.00    485   153.67   459.00     1.0     1.0    17.1    
   700 1200   153.67    0.00    535   153.67   459.00     1.0     1.0    18.4    
Path relinking result: no improvement.
   720 1180   153.67    0.00    556   153.67   459.00     1.0     1.0    18.9  PX
   750 1150   153.67    0.00    585   153.67   459.00     1.0     1.0    19.7    
   800 1100   153.67    0.00    635   153.67   459.00     1.0     1.0    20.9    
   800 1100   153.67    0.00    636   153.67   459.00     1.0     1.0    20.9   X

  Gens  Rem    Local   ElDiv NoImpr             Best solution            Time  Op
                                       Cost     Dist    Tard    TMax 
   850 1050   153.67    0.00    685   153.67   459.00     1.0     1.0    22.2    
   864 1036      inf  172.47      0   153.67   459.00     1.0     1.0    22.6   R
   865 1035   475.33  131.49      0   153.67   459.00     1.0     1.0    22.7    
   880 1020   163.00    4.34      3   153.67   459.00     1.0     1.0    23.1   X
   900 1000   154.67    1.03      9   153.67   459.00     1.0     1.0    23.6    
Path relinking result: elite improvement.
   900 1000   154.67    1.02     10   153.67   459.00     1.0     1.0    23.6   P
   950  950   154.67    0.00     59   153.67   459.00     1.0     1.0    24.9    
   960  940   154.67    0.00     70   153.67   459.00     1.0     1.0    25.2   X
  1000  900   154.67    0.00    109   153.67   459.00     1.0     1.0    26.2    
  1040  860   154.67    0.00    150   153.67   459.00     1.0     1.0    27.3   X
  1050  850   154.67    0.00    159   153.67   459.00     1.0     1.0    27.5    
Path relinking result: no improvement.
  1080  820   154.67    0.00    190   153.67   459.00     1.0     1.0    28.3   P
  1100  800   154.67    0.00    209   153.67   459.00     1.0     1.0    28.8    
  1120  780   154.67    0.00    230   153.67   459.00     1.0     1.0    29.4   X
  1150  750   153.67    0.11     23   153.67   459.00     1.0     1.0    30.1    
  1200  700   153.67    0.47     73   153.67   459.00     1.0     1.0    31.5    

  Gens  Rem    Local   ElDiv NoImpr             Best solution            Time  Op
                                       Cost     Dist    Tard    TMax 
  1200  700   153.67    0.47     74   153.67   459.00     1.0     1.0    31.5   X
  1250  650   153.67    0.00    123   153.67   459.00     1.0     1.0    32.8    
Path relinking result: no improvement.
  1260  640   153.67    0.00    134   153.67   459.00     1.0     1.0    33.0   P
  1280  620   153.67    0.00    154   153.67   459.00     1.0     1.0    33.5   X
  1300  600   153.67    0.00    173   153.67   459.00     1.0     1.0    34.0    
  1350  550   153.67    0.00    223   153.67   459.00     1.0     1.0    35.3    
  1360  540   153.67    0.00    234   153.67   459.00     1.0     1.0    35.6   X
  1400  500   153.67    0.00    273   153.67   459.00     1.0     1.0    36.6    
Path relinking result: no improvement.
  1440  460   153.67    0.00    314   153.67   459.00     1.0     1.0    37.7  PX
  1450  450   153.67    0.00    323   153.67   459.00     1.0     1.0    37.9    
  1500  400   153.67    0.00    373   153.67   459.00     1.0     1.0    39.3    
  1520  380   153.67    0.00    394   153.67   459.00     1.0     1.0    39.8   X
  1550  350   153.67    0.00    423   153.67   459.00     1.0     1.0    40.6    
  1600  300   153.67    0.00    473   153.67   459.00     1.0     1.0    41.9    
  1600  300   153.67    0.00    474   153.67   459.00     1.0     1.0    41.9   X
Path relinking result: no improvement.
  1620  280   153.67    0.00    494   153.67   459.00     1.0     1.0    42.4   P

  Gens  Rem    Local   ElDiv NoImpr             Best solution            Time  Op
                                       Cost     Dist    Tard    TMax 
  1650  250   153.67    0.00    523   153.67   459.00     1.0     1.0    43.2    
  1680  220   153.67    0.00    554   153.67   459.00     1.0     1.0    44.0   X
  1700  200   153.67    0.00    573   153.67   459.00     1.0     1.0    44.5    
  1750  150   153.67    0.00    623   153.67   459.00     1.0     1.0    45.8    
  1760  140   153.67    0.00    634   153.67   459.00     1.0     1.0    46.1   X
  1800  100   153.67    0.00    673   153.67   459.00     1.0     1.0    47.1    
Path relinking result: no improvement.
  1800  100   153.67    0.00    674   153.67   459.00     1.0     1.0    47.1   P
  1826   74      inf  152.65      0   153.67   459.00     1.0     1.0    47.8   R
  1827   73   491.00  132.05      0   153.67   459.00     1.0     1.0    47.8    
  1840   60   167.33    6.96      0   153.67   459.00     1.0     1.0    48.1   X
  1850   50   160.00    3.32      2   153.67   459.00     1.0     1.0    48.4    
  1900    0   154.67    0.00     48   153.67   459.00     1.0     1.0    49.6    
Evolutionary process finished.
Solution written to 'solution-2551.txt'.

Sorted sequence of worst to best tardiness value:
Task for patient = 24 with skills = {5,-1} and cost = 40.0
   Vehicle #0 = 4, leaving at = 718.0
   Vehicle #1 = -1, leaving at = inf
   Increment on distance indicator: 13.0
   Increment on tard indicator:     1.0
   Value of tmax indicator:         13.0

Task for patient = 1 with skills = {2,5} and cost = 126.3
   Vehicle #0 = 1, leaving at = 1011.0
   Vehicle #1 = 3, leaving at = 1009.0
   Increment on distance indicator: 39.0
   Increment on tard indicator:     0.0
   Value of tmax indicator:         39.0

Task for patient = 22 with skills = {0,5} and cost = 113.3
   Vehicle #0 = 0, leaving at = 956.0
   Vehicle #1 = 3, leaving at = 973.0
   Increment on distance indicator: 39.0
   Increment on tard indicator:     0.0
   Value of tmax indicator:         39.0

Task for patient = 16 with skills = {5,-1} and cost = 100.3
   Vehicle #0 = 4, leaving at = 917.0
   Vehicle #1 = -1, leaving at = inf
   Increment on distance indicator: 13.0
   Increment on tard indicator:     0.0
   Value of tmax indicator:         13.0

Task for patient = 2 with skills = {5,-1} and cost = 96.0
   Vehicle #0 = 4, leaving at = 849.0
   Vehicle #1 = -1, leaving at = inf
   Increment on distance indicator: 1.0
   Increment on tard indicator:     0.0
   Value of tmax indicator:         1.0

Task for patient = 8 with skills = {4,-1} and cost = 95.7
   Vehicle #0 = 2, leaving at = 826.0
   Vehicle #1 = -1, leaving at = inf
   Increment on distance indicator: 7.0
   Increment on tard indicator:     0.0
   Value of tmax indicator:         7.0

Task for patient = 20 with skills = {4,-1} and cost = 93.3
   Vehicle #0 = 3, leaving at = 940.0
   Vehicle #1 = -1, leaving at = inf
   Increment on distance indicator: 19.0
   Increment on tard indicator:     0.0
   Value of tmax indicator:         19.0

Task for patient = 12 with skills = {4,-1} and cost = 87.0
   Vehicle #0 = 3, leaving at = 876.0
   Vehicle #1 = -1, leaving at = inf
   Increment on distance indicator: 9.0
   Increment on tard indicator:     0.0
   Value of tmax indicator:         9.0

Task for patient = 14 with skills = {3,-1} and cost = 84.0
   Vehicle #0 = 4, leaving at = 825.0
   Vehicle #1 = -1, leaving at = inf
   Increment on distance indicator: 6.0
   Increment on tard indicator:     0.0
   Value of tmax indicator:         6.0

Task for patient = 7 with skills = {4,-1} and cost = 82.0
   Vehicle #0 = 3, leaving at = 838.0
   Vehicle #1 = -1, leaving at = inf
   Increment on distance indicator: 10.0
   Increment on tard indicator:     0.0
   Value of tmax indicator:         10.0

Task for patient = 25 with skills = {5,-1} and cost = 78.7
   Vehicle #0 = 4, leaving at = 791.0
   Vehicle #1 = -1, leaving at = inf
   Increment on distance indicator: 3.0
   Increment on tard indicator:     0.0
   Value of tmax indicator:         3.0

Task for patient = 23 with skills = {1,-1} and cost = 77.7
   Vehicle #0 = 1, leaving at = 757.0
   Vehicle #1 = -1, leaving at = inf
   Increment on distance indicator: 15.0
   Increment on tard indicator:     0.0
   Value of tmax indicator:         15.0

Task for patient = 13 with skills = {4,-1} and cost = 129.7
   Vehicle #0 = 2, leaving at = 939.0
   Vehicle #1 = -1, leaving at = inf
   Increment on distance indicator: 10.0
   Increment on tard indicator:     0.0
   Value of tmax indicator:         10.0

Task for patient = 17 with skills = {4,-1} and cost = 67.7
   Vehicle #0 = 3, leaving at = 811.0
   Vehicle #1 = -1, leaving at = inf
   Increment on distance indicator: 9.0
   Increment on tard indicator:     0.0
   Value of tmax indicator:         9.0

Task for patient = 21 with skills = {3,-1} and cost = 64.7
   Vehicle #0 = 3, leaving at = 752.0
   Vehicle #1 = -1, leaving at = inf
   Increment on distance indicator: 5.0
   Increment on tard indicator:     0.0
   Value of tmax indicator:         5.0

Task for patient = 19 with skills = {0,4} and cost = 63.0
   Vehicle #0 = 0, leaving at = 683.0
   Vehicle #1 = 3, leaving at = 692.0
   Increment on distance indicator: 24.0
   Increment on tard indicator:     0.0
   Value of tmax indicator:         24.0

Task for patient = 4 with skills = {2,4} and cost = 55.0
   Vehicle #0 = 1, leaving at = 707.0
   Vehicle #1 = 2, leaving at = 717.0
   Increment on distance indicator: 45.0
   Increment on tard indicator:     0.0
   Value of tmax indicator:         45.0

Task for patient = 10 with skills = {4,-1} and cost = 35.0
   Vehicle #0 = 3, leaving at = 659.0
   Vehicle #1 = -1, leaving at = inf
   Increment on distance indicator: 7.0
   Increment on tard indicator:     0.0
   Value of tmax indicator:         7.0

Task for patient = 15 with skills = {4,-1} and cost = 32.7
   Vehicle #0 = 2, leaving at = 660.0
   Vehicle #1 = -1, leaving at = inf
   Increment on distance indicator: 4.0
   Increment on tard indicator:     0.0
   Value of tmax indicator:         4.0

Task for patient = 6 with skills = {1,5} and cost = 31.3
   Vehicle #0 = 0, leaving at = 640.0
   Vehicle #1 = 4, leaving at = 647.0
   Increment on distance indicator: 31.0
   Increment on tard indicator:     0.0
   Value of tmax indicator:         31.0

Task for patient = 9 with skills = {1,4} and cost = 21.0
   Vehicle #0 = 1, leaving at = 625.0
   Vehicle #1 = 3, leaving at = 613.0
   Increment on distance indicator: 22.0
   Increment on tard indicator:     0.0
   Value of tmax indicator:         22.0

Task for patient = 5 with skills = {2,5} and cost = 13.7
   Vehicle #0 = 1, leaving at = 577.0
   Vehicle #1 = 3, leaving at = 576.0
   Increment on distance indicator: 20.0
   Increment on tard indicator:     0.0
   Value of tmax indicator:         20.0

Task for patient = 3 with skills = {1,-1} and cost = 7.0
   Vehicle #0 = 1, leaving at = 542.0
   Vehicle #1 = -1, leaving at = inf
   Increment on distance indicator: 19.0
   Increment on tard indicator:     0.0
   Value of tmax indicator:         19.0

Task for patient = 18 with skills = {1,3} and cost = 0.7
   Vehicle #0 = 0, leaving at = 571.0
   Vehicle #1 = 2, leaving at = 567.0
   Increment on distance indicator: 2.0
   Increment on tard indicator:     0.0
   Value of tmax indicator:         2.0

Task for patient = 11 with skills = {0,-1} and cost = 72.7
   Vehicle #0 = 0, leaving at = 742.0
   Vehicle #1 = -1, leaving at = inf
   Increment on distance indicator: 15.0
   Increment on tard indicator:     0.0
   Value of tmax indicator:         15.0


Unused vehicle list: (total = 0 out of 5)

---
Search finished.
Total of 1900 generations in 49.6 seconds.
Exchange elite runs: 23
Implicit path relinking runs: 10
Reset attempts: 2

Best solution found:
   Cost: 153.7
   Total travel time: 459.0
   Total tardiness time: 1.0
   Largest tardiness: 1.0


153.7
