This host is: shiva
--- BRKGA-MP-IPR for HHCRSP ---
Instance: /home/alberto/work/hhcrsp-dataset-2021/dataset2/HHCRSP_300_60_10_1.6_C_C.txt
Seed: 7

Reading data... Problem contains 300 patients  and 60 caregivers.

Summary of supply x demand for each service type:
Skill 0 has supply = 20 and demand = 63, ratio = 0.31746
Skill 1 has supply = 21 and demand = 62, ratio = 0.33871
Skill 2 has supply = 23 and demand = 63, ratio = 0.365079
Skill 3 has supply = 22 and demand = 81, ratio = 0.271605
Skill 4 has supply = 19 and demand = 69, ratio = 0.275362
Skill 5 has supply = 17 and demand = 52, ratio = 0.326923

Reading parameters...
Inferred distance function by PR type: kendall-tau
Building BRKGA data and initializing...
Evolving 1900 generations...

  Gens  Rem    Local   ElDiv NoImpr             Best solution            Time  Op
                                       Cost     Dist    Tard    TMax 
*    0 1900  3424.33  330.13      0  3424.33  2195.00  7744.0   334.0     0.8    
*    2 1898  3053.00  343.08      0  3053.00  2092.00  5878.0   319.0     2.3    
*    3 1897  2763.00  325.62      0  2763.00  2092.00  5878.0   319.0     3.1    
*    5 1895  2752.00  249.59      0  2752.00  2144.00  5341.0   312.0     4.7    
*    6 1894  2599.00  246.99      0  2599.00  2161.00  4307.0   355.0     5.5    
*    7 1893  2274.33  229.37      0  2274.33  2098.00  3834.0   385.0     6.3    
*    8 1892  2105.67  204.91      0  2105.67  2126.00  3775.0   290.0     7.0    
*    9 1891  2063.67  185.46      0  2063.67  2118.00  3570.0   239.0     7.8    
*   10 1890  1975.67  205.11      0  1975.67  2030.00  1801.0   222.0     8.6    
*   11 1889  1351.00  194.71      0  1351.00  2030.00  1801.0   222.0     9.4    
*   13 1887  1206.00  165.22      0  1206.00  2037.00  1115.0   156.0    11.0    
*   14 1886  1102.67  157.83      0  1102.67  2037.00  1115.0   156.0    11.7    
*   17 1883  1013.67  114.15      0  1013.67  2015.00   820.0   206.0    14.1    
*   19 1881   920.33   95.87      0   920.33  1989.00   552.0   156.0    15.6    
*   20 1880   899.00   89.84      0   899.00  2005.00   226.0    66.0    16.4    

  Gens  Rem    Local   ElDiv NoImpr             Best solution            Time  Op
                                       Cost     Dist    Tard    TMax 
*   21 1879   765.67   85.26      0   765.67  2052.00    96.0    47.0    17.2    
*   22 1878   731.67   76.39      0   731.67  2052.00    96.0    47.0    18.0    
*   25 1875   722.00   54.61      0   722.00  1993.00    53.0    19.0    20.3    
*   26 1874   688.33   51.95      0   688.33  1916.00    46.0    22.0    21.1    
*   27 1873   661.33   45.62      0   661.33  1916.00    46.0    22.0    21.9    
*   30 1870   654.00   30.08      0   654.00  1962.00     0.0     0.0    24.3    
*   32 1868   635.33   23.84      0   635.33  1890.00     5.0     2.0    25.8    
*   33 1867   632.33   20.03      0   632.33  1890.00     5.0     2.0    26.6    
*   37 1863   628.00    9.68      0   628.00  1884.00     0.0     0.0    29.8    
*   41 1859   621.33    6.89      0   621.33  1838.00     1.0     1.0    32.9    
*   42 1858   613.33    6.59      0   613.33  1838.00     1.0     1.0    33.7    
*   47 1853   611.00    5.87      0   611.00  1825.00     4.0     2.0    37.6    
*   48 1852   610.33    5.70      0   610.33  1825.00     4.0     2.0    38.4    
    50 1850   610.33    5.23      2   610.33  1825.00     4.0     2.0    39.9    
*   51 1849   608.67    4.80      0   608.67  1799.00     1.0     1.0    40.7    
*   52 1848   600.33    4.73      0   600.33  1799.00     1.0     1.0    41.5    

  Gens  Rem    Local   ElDiv NoImpr             Best solution            Time  Op
                                       Cost     Dist    Tard    TMax 
*   54 1846   598.67    4.50      0   598.67  1796.00     0.0     0.0    43.1    
*   57 1843   593.00    4.96      0   593.00  1777.00     1.0     1.0    45.4    
*   61 1839   591.00    5.09      0   591.00  1773.00     0.0     0.0    48.6    
*   64 1836   588.67    4.83      0   588.67  1762.00     3.0     1.0    50.9    
*   74 1826   588.33    3.80      0   588.33  1759.00     3.0     1.0    58.7    
*   75 1825   587.67    3.70      0   587.67  1758.00     2.0     1.0    59.5    
*   76 1824   587.00    3.69      0   587.00  1741.00     0.0     0.0    60.3    
*   77 1823   580.33    3.73      0   580.33  1741.00     0.0     0.0    61.1    
    80 1820   576.33    2.85      0   580.33  1741.00     0.0     0.0    63.4   X
*   81 1819   576.33    2.80      0   576.33  1729.00     0.0     0.0    64.2    
   100 1800   576.33    3.09     19   576.33  1729.00     0.0     0.0    79.1    
*  101 1799   569.00    3.20      0   569.00  1704.00     2.0     1.0    79.9    
*  114 1786   562.67    3.92      0   562.67  1688.00     0.0     0.0    90.1    
*  126 1774   561.00    4.06      0   561.00  1683.00     0.0     0.0    99.5    
*  130 1770   555.33    4.42      0   555.33  1664.00     1.0     1.0   102.6    
*  137 1763   555.00    4.00      0   555.00  1662.00     2.0     1.0   108.1    

  Gens  Rem    Local   ElDiv NoImpr             Best solution            Time  Op
                                       Cost     Dist    Tard    TMax 
*  141 1759   554.00    4.07      0   554.00  1657.00     3.0     2.0   111.2    
*  143 1757   551.00    3.97      0   551.00  1653.00     0.0     0.0   112.8    
*  145 1755   550.33    3.98      0   550.33  1643.00     3.0     2.0   114.3    
*  146 1754   549.33    3.91      0   549.33  1642.00     3.0     2.0   115.1    
*  147 1753   549.00    3.92      0   549.00  1642.00     3.0     2.0   115.9    
   150 1750   549.00    3.68      3   549.00  1642.00     3.0     2.0   118.3    
*  151 1749   546.67    3.91      0   546.67  1598.00     2.0     1.0   119.0    
*  152 1748   533.67    3.87      0   533.67  1598.00     2.0     1.0   119.8    
   160 1740   533.67    2.84      9   533.67  1598.00     2.0     1.0   126.1   X
Path relinking result: best improvement.
   180 1720   526.00    3.32      0   533.67  1598.00     2.0     1.0   142.9   P
*  181 1719   526.00    3.20      0   526.00  1575.00     2.0     1.0   143.6    
*  199 1701   524.67    3.14      0   524.67  1574.00     0.0     0.0   157.1    
   200 1700   524.67    3.21      1   524.67  1574.00     0.0     0.0   157.8    
*  202 1698   523.00    3.22      0   523.00  1567.00     1.0     1.0   159.3    
*  204 1696   520.00    3.33      0   520.00  1556.00     3.0     1.0   160.8    
*  225 1675   517.33    3.08      0   517.33  1546.00     4.0     2.0   176.5    

  Gens  Rem    Local   ElDiv NoImpr             Best solution            Time  Op
                                       Cost     Dist    Tard    TMax 
*  229 1671   515.00    2.95      0   515.00  1545.00     0.0     0.0   179.5    
   240 1660   507.00    2.62      0   515.00  1545.00     0.0     0.0   187.8   X
*  241 1659   507.00    2.62      0   507.00  1519.00     1.0     1.0   188.5    
   250 1650   507.00    2.54      9   507.00  1519.00     1.0     1.0   195.3    
*  257 1643   504.67    2.70      0   504.67  1514.00     0.0     0.0   200.5    
*  276 1624   503.00    2.64      0   503.00  1509.00     0.0     0.0   214.8    
*  293 1607   496.67    2.76      0   496.67  1490.00     0.0     0.0   227.5    
   300 1600   496.67    2.71      7   496.67  1490.00     0.0     0.0   232.7    
   320 1580   496.67    2.90     28   496.67  1490.00     0.0     0.0   247.7   X
*  322 1578   496.00    2.78      0   496.00  1488.00     0.0     0.0   249.2    
*  325 1575   493.33    2.55      0   493.33  1480.00     0.0     0.0   251.4    
*  330 1570   492.33    2.25      0   492.33  1477.00     0.0     0.0   255.2    
*  333 1567   490.33    2.34      0   490.33  1466.00     1.0     1.0   257.4    
*  334 1566   489.33    2.37      0   489.33  1466.00     1.0     1.0   258.2    
*  343 1557   484.67    2.47      0   484.67  1454.00     0.0     0.0   264.9    
   350 1550   484.67    2.33      7   484.67  1454.00     0.0     0.0   270.1    

  Gens  Rem    Local   ElDiv NoImpr             Best solution            Time  Op
                                       Cost     Dist    Tard    TMax 
*  360 1540   482.67    2.38      0   482.67  1446.00     1.0     1.0   277.6    
Path relinking result: best improvement.
   360 1540   478.33    2.69      0   482.67  1446.00     1.0     1.0   278.8   P
*  361 1539   478.33    2.73      0   478.33  1435.00     0.0     0.0   279.5    
*  399 1501   477.00    2.16      0   477.00  1431.00     0.0     0.0   307.9    
   400 1500   477.00    2.14      1   477.00  1431.00     0.0     0.0   308.6    
   400 1500   477.00    1.69      2   477.00  1431.00     0.0     0.0   308.6   X
*  425 1475   476.67    1.58      0   476.67  1428.00     1.0     1.0   327.3    
*  435 1465   476.00    1.56      0   476.00  1428.00     0.0     0.0   334.8    
*  437 1463   474.67    1.60      0   474.67  1424.00     0.0     0.0   336.3    
*  447 1453   474.00    1.68      0   474.00  1422.00     0.0     0.0   343.8    
   450 1450   474.00    1.64      3   474.00  1422.00     0.0     0.0   346.0    
*  457 1443   472.33    1.69      0   472.33  1417.00     0.0     0.0   351.2    
*  480 1420   471.67    1.72      0   471.67  1415.00     0.0     0.0   368.4    
   480 1420   471.67    1.35      1   471.67  1415.00     0.0     0.0   368.4   X
*  493 1407   470.00    1.43      0   470.00  1408.00     1.0     1.0   378.1    
*  496 1404   469.33    1.49      0   469.33  1408.00     0.0     0.0   380.4    

  Gens  Rem    Local   ElDiv NoImpr             Best solution            Time  Op
                                       Cost     Dist    Tard    TMax 
   500 1400   469.33    1.54      4   469.33  1408.00     0.0     0.0   383.3    
*  501 1399   467.67    1.54      0   467.67  1403.00     0.0     0.0   384.1    
*  504 1396   467.00    1.67      0   467.00  1401.00     0.0     0.0   386.3    
*  527 1373   466.33    1.59      0   466.33  1399.00     0.0     0.0   403.5    
Path relinking result: best improvement.
   540 1360   462.00    1.75      0   466.33  1399.00     0.0     0.0   414.4   P
*  541 1359   462.00    1.74      0   462.00  1386.00     0.0     0.0   415.1    
   550 1350   462.00    1.84      9   462.00  1386.00     0.0     0.0   421.8    
   560 1340   462.00    1.56     20   462.00  1386.00     0.0     0.0   429.3   X
*  581 1319   461.67    1.56      0   461.67  1385.00     0.0     0.0   445.0    
*  584 1316   460.00    1.60      0   460.00  1377.00     2.0     1.0   447.3    
   600 1300   460.00    1.53     16   460.00  1377.00     2.0     1.0   459.2    
*  604 1296   459.33    1.52      0   459.33  1376.00     1.0     1.0   462.2    
*  616 1284   458.33    1.60      0   458.33  1375.00     0.0     0.0   471.2    
*  626 1274   456.67    1.71      0   456.67  1370.00     0.0     0.0   478.7    
*  629 1271   455.67    1.73      0   455.67  1367.00     0.0     0.0   480.9    
*  633 1267   454.67    1.87      0   454.67  1364.00     0.0     0.0   483.9    

  Gens  Rem    Local   ElDiv NoImpr             Best solution            Time  Op
                                       Cost     Dist    Tard    TMax 
   640 1260   454.33    1.24      0   454.67  1364.00     0.0     0.0   489.1   X
*  641 1259   454.33    1.23      0   454.33  1363.00     0.0     0.0   489.9    
*  645 1255   453.00    1.32      0   453.00  1359.00     0.0     0.0   492.8    
*  649 1251   452.33    1.31      0   452.33  1354.00     0.0     0.0   495.8    
*  650 1250   451.33    1.28      0   451.33  1354.00     0.0     0.0   496.6    
*  652 1248   451.00    1.23      0   451.00  1353.00     0.0     0.0   498.1    
*  660 1240   449.00    1.27      0   449.00  1347.00     0.0     0.0   504.0    
*  665 1235   448.67    1.23      0   448.67  1346.00     0.0     0.0   507.8    
*  667 1233   447.67    1.26      0   447.67  1343.00     0.0     0.0   509.3    
*  669 1231   447.00    1.33      0   447.00  1339.00     1.0     1.0   510.8    
*  676 1224   446.67    1.36      0   446.67  1340.00     0.0     0.0   516.0    
*  679 1221   445.67    1.45      0   445.67  1337.00     0.0     0.0   518.2    
*  685 1215   445.00    1.20      0   445.00  1334.00     0.0     0.0   522.7    
*  686 1214   444.67    1.18      0   444.67  1334.00     0.0     0.0   523.5    
*  688 1212   443.67    1.15      0   443.67  1331.00     0.0     0.0   525.0    
*  695 1205   443.33    0.90      0   443.33  1328.00     1.0     1.0   530.2    

  Gens  Rem    Local   ElDiv NoImpr             Best solution            Time  Op
                                       Cost     Dist    Tard    TMax 
*  698 1202   442.67    0.92      0   442.67  1328.00     0.0     0.0   532.4    
   700 1200   442.67    0.96      2   442.67  1328.00     0.0     0.0   533.9    
*  701 1199   441.67    0.96      0   441.67  1325.00     0.0     0.0   534.7    
*  704 1196   441.33    0.96      0   441.33  1324.00     0.0     0.0   536.9    
*  706 1194   440.67    1.06      0   440.67  1322.00     0.0     0.0   538.4    
*  709 1191   440.00    1.24      0   440.00  1320.00     0.0     0.0   540.7    
Path relinking result: best improvement.
   720 1180   439.33    1.00      0   440.00  1320.00     0.0     0.0   549.9  PX
*  721 1179   439.33    1.01      0   439.33  1318.00     0.0     0.0   550.6    
*  730 1170   439.00    0.60      0   439.00  1317.00     0.0     0.0   557.4    
*  736 1164   438.67    0.42      0   438.67  1316.00     0.0     0.0   561.9    
   750 1150   438.67    0.45     14   438.67  1316.00     0.0     0.0   572.3    
*  757 1143   438.33    0.30      0   438.33  1315.00     0.0     0.0   577.6    
*  765 1135   438.00    0.18      0   438.00  1314.00     0.0     0.0   583.5    
*  768 1132   437.67    0.11      0   437.67  1313.00     0.0     0.0   585.8    
*  796 1104   437.33    0.27      0   437.33  1312.00     0.0     0.0   606.7    
   800 1100   437.33    0.28      4   437.33  1312.00     0.0     0.0   609.7    

  Gens  Rem    Local   ElDiv NoImpr             Best solution            Time  Op
                                       Cost     Dist    Tard    TMax 
   800 1100   437.33    0.16      5   437.33  1312.00     0.0     0.0   609.7   X
*  807 1093   437.00    0.17      0   437.00  1311.00     0.0     0.0   614.9    
*  817 1083   436.67    0.18      0   436.67  1310.00     0.0     0.0   622.4    
*  821 1079   436.33    0.19      0   436.33  1309.00     0.0     0.0   625.4    
   850 1050   436.33    0.32     29   436.33  1309.00     0.0     0.0   647.0    
*  861 1039   436.00    0.32      0   436.00  1308.00     0.0     0.0   655.2    
   880 1020   436.00    0.03     20   436.00  1308.00     0.0     0.0   669.4   X
*  884 1016   435.33    0.20      0   435.33  1306.00     0.0     0.0   672.4    
   900 1000   435.33    0.27     16   435.33  1306.00     0.0     0.0   684.3    
Path relinking result: elite improvement.
   900 1000   435.33    0.27     17   435.33  1306.00     0.0     0.0   685.3   P
*  903  997   435.00    0.12      0   435.00  1305.00     0.0     0.0   687.6    
   950  950   435.00    0.16     47   435.00  1305.00     0.0     0.0   722.7    
   960  940   435.00    0.00     58   435.00  1305.00     0.0     0.0   730.2   X
   982  918      inf  417.58      0   435.00  1305.00     0.0     0.0   747.3   R
   983  917  3256.33  354.63      0   435.00  1305.00     0.0     0.0   748.1    
  1000  900  1063.33  123.52      0   435.00  1305.00     0.0     0.0   760.8    

  Gens  Rem    Local   ElDiv NoImpr             Best solution            Time  Op
                                       Cost     Dist    Tard    TMax 
  1040  860   602.33    3.41      0   435.00  1305.00     0.0     0.0   790.8   X
  1050  850   587.67    3.67      3   435.00  1305.00     0.0     0.0   798.4    
Path relinking result: best improvement.
  1080  820   565.00    4.68      0   435.00  1305.00     0.0     0.0   822.1   P
  1100  800   547.33    4.52      9   435.00  1305.00     0.0     0.0   837.1    
  1120  780   547.33    2.70     30   435.00  1305.00     0.0     0.0   852.1   X
  1150  750   542.33    2.97      9   435.00  1305.00     0.0     0.0   874.6    
  1200  700   532.00    2.94      0   435.00  1305.00     0.0     0.0   912.2    
  1200  700   532.00    2.20      1   435.00  1305.00     0.0     0.0   912.2   X
  1250  650   520.67    3.24      3   435.00  1305.00     0.0     0.0   949.7    
Path relinking result: best improvement.
  1260  640   508.67    3.96      0   435.00  1305.00     0.0     0.0   958.4   P
  1280  620   506.00    2.73      0   435.00  1305.00     0.0     0.0   973.4   X
  1300  600   494.67    2.82      3   435.00  1305.00     0.0     0.0   988.4    
  1350  550   488.33    2.47      1   435.00  1305.00     0.0     0.0  1025.8    
  1360  540   485.67    1.86      1   435.00  1305.00     0.0     0.0  1033.3   X
  1400  500   478.33    2.43     17   435.00  1305.00     0.0     0.0  1063.3    
Path relinking result: best improvement.
  1440  460   465.33    1.94      0   435.00  1305.00     0.0     0.0  1094.3  PX

  Gens  Rem    Local   ElDiv NoImpr             Best solution            Time  Op
                                       Cost     Dist    Tard    TMax 
  1450  450   463.00    2.02      2   435.00  1305.00     0.0     0.0  1101.8    
  1500  400   454.67    1.79      4   435.00  1305.00     0.0     0.0  1139.2    
  1520  380   451.67    1.36     13   435.00  1305.00     0.0     0.0  1154.1   X
  1550  350   448.33    1.13     12   435.00  1305.00     0.0     0.0  1176.5    
  1600  300   443.33    1.36      1   435.00  1305.00     0.0     0.0  1213.9    
  1600  300   443.33    0.92      2   435.00  1305.00     0.0     0.0  1213.9   X
Path relinking result: elite improvement.
  1620  280   441.33    0.66      7   435.00  1305.00     0.0     0.0  1229.9   P
  1650  250   438.67    0.63      1   435.00  1305.00     0.0     0.0  1252.3    
  1680  220   437.00    0.16     10   435.00  1305.00     0.0     0.0  1274.7   X
  1700  200   436.33    0.10     12   435.00  1305.00     0.0     0.0  1289.6    
  1750  150   435.33    0.38     12   435.00  1305.00     0.0     0.0  1326.9    
  1760  140   435.33    0.19     23   435.00  1305.00     0.0     0.0  1334.4   X
* 1765  135   434.67    0.23      0   434.67  1300.00     3.0     1.0  1338.1    
* 1772  128   434.33    0.32      0   434.33  1300.00     2.0     1.0  1343.4    
* 1789  111   434.00    0.17      0   434.00  1299.00     2.0     1.0  1356.0    
  1800  100   434.00    0.18     11   434.00  1299.00     2.0     1.0  1364.3    
Path relinking result: elite improvement.

  Gens  Rem    Local   ElDiv NoImpr             Best solution            Time  Op
                                       Cost     Dist    Tard    TMax 
  1800  100   434.00    0.18     12   434.00  1299.00     2.0     1.0  1365.2   P
* 1830   70   433.67    0.16      0   433.67  1298.00     2.0     1.0  1387.6    
  1840   60   433.67    0.14     11   433.67  1298.00     2.0     1.0  1395.1   X
  1850   50   433.67    0.00     20   433.67  1298.00     2.0     1.0  1402.5    
* 1872   28   432.67    0.06      0   432.67  1295.00     2.0     1.0  1418.9    
  1900    0   432.67    0.47     28   432.67  1295.00     2.0     1.0  1439.1    
Evolutionary process finished.
Solution written to 'solution-25153.txt'.

Sorted sequence of worst to best tardiness value:
Task for patient = 61 with skills = {2,-1} and cost = 104.7
   Vehicle #0 = 5, leaving at = 744.0
   Vehicle #1 = -1, leaving at = inf
   Increment on distance indicator: 3.0
   Increment on tard indicator:     1.0
   Value of tmax indicator:         3.0

Task for patient = 84 with skills = {3,-1} and cost = 224.3
   Vehicle #0 = 33, leaving at = 821.0
   Vehicle #1 = -1, leaving at = inf
   Increment on distance indicator: 4.0
   Increment on tard indicator:     1.0
   Value of tmax indicator:         4.0

Task for patient = 143 with skills = {3,-1} and cost = 240.3
   Vehicle #0 = 44, leaving at = 876.0
   Vehicle #1 = -1, leaving at = inf
   Increment on distance indicator: 3.0
   Increment on tard indicator:     0.0
   Value of tmax indicator:         3.0

Task for patient = 169 with skills = {4,-1} and cost = 239.3
   Vehicle #0 = 38, leaving at = 947.0
   Vehicle #1 = -1, leaving at = inf
   Increment on distance indicator: 2.0
   Increment on tard indicator:     0.0
   Value of tmax indicator:         2.0

Task for patient = 21 with skills = {3,-1} and cost = 238.7
   Vehicle #0 = 50, leaving at = 921.0
   Vehicle #1 = -1, leaving at = inf
   Increment on distance indicator: 2.0
   Increment on tard indicator:     0.0
   Value of tmax indicator:         2.0

Task for patient = 230 with skills = {1,-1} and cost = 238.0
   Vehicle #0 = 13, leaving at = 935.0
   Vehicle #1 = -1, leaving at = inf
   Increment on distance indicator: 1.0
   Increment on tard indicator:     0.0
   Value of tmax indicator:         1.0

Task for patient = 86 with skills = {0,5} and cost = 237.7
   Vehicle #0 = 13, leaving at = 900.0
   Vehicle #1 = 39, leaving at = 899.0
   Increment on distance indicator: 2.0
   Increment on tard indicator:     0.0
   Value of tmax indicator:         2.0

Task for patient = 81 with skills = {3,-1} and cost = 237.0
   Vehicle #0 = 39, leaving at = 877.0
   Vehicle #1 = -1, leaving at = inf
   Increment on distance indicator: 1.0
   Increment on tard indicator:     0.0
   Value of tmax indicator:         1.0

Task for patient = 3 with skills = {4,-1} and cost = 236.7
   Vehicle #0 = 50, leaving at = 902.0
   Vehicle #1 = -1, leaving at = inf
   Increment on distance indicator: 2.0
   Increment on tard indicator:     0.0
   Value of tmax indicator:         2.0

Task for patient = 77 with skills = {4,-1} and cost = 256.0
   Vehicle #0 = 41, leaving at = 1010.0
   Vehicle #1 = -1, leaving at = inf
   Increment on distance indicator: 1.0
   Increment on tard indicator:     0.0
   Value of tmax indicator:         1.0

Task for patient = 205 with skills = {2,-1} and cost = 233.3
   Vehicle #0 = 1, leaving at = 878.0
   Vehicle #1 = -1, leaving at = inf
   Increment on distance indicator: 1.0
   Increment on tard indicator:     0.0
   Value of tmax indicator:         1.0

Task for patient = 113 with skills = {1,3} and cost = 233.0
   Vehicle #0 = 26, leaving at = 840.0
   Vehicle #1 = 53, leaving at = 840.0
   Increment on distance indicator: 2.0
   Increment on tard indicator:     0.0
   Value of tmax indicator:         2.0

Task for patient = 242 with skills = {0,3} and cost = 232.3
   Vehicle #0 = 26, leaving at = 806.0
   Vehicle #1 = 53, leaving at = 806.0
   Increment on distance indicator: 3.0
   Increment on tard indicator:     0.0
   Value of tmax indicator:         3.0

Task for patient = 208 with skills = {1,4} and cost = 231.3
   Vehicle #0 = 15, leaving at = 986.0
   Vehicle #1 = 41, leaving at = 986.0
   Increment on distance indicator: 2.0
   Increment on tard indicator:     0.0
   Value of tmax indicator:         2.0

Task for patient = 83 with skills = {0,-1} and cost = 230.7
   Vehicle #0 = 10, leaving at = 933.0
   Vehicle #1 = -1, leaving at = inf
   Increment on distance indicator: 1.0
   Increment on tard indicator:     0.0
   Value of tmax indicator:         1.0

Task for patient = 23 with skills = {2,-1} and cost = 230.3
   Vehicle #0 = 11, leaving at = 984.0
   Vehicle #1 = -1, leaving at = inf
   Increment on distance indicator: 2.0
   Increment on tard indicator:     0.0
   Value of tmax indicator:         2.0

Task for patient = 73 with skills = {1,5} and cost = 229.7
   Vehicle #0 = 13, leaving at = 858.0
   Vehicle #1 = 39, leaving at = 858.0
   Increment on distance indicator: 3.0
   Increment on tard indicator:     0.0
   Value of tmax indicator:         3.0

Task for patient = 60 with skills = {3,-1} and cost = 228.7
   Vehicle #0 = 50, leaving at = 884.0
   Vehicle #1 = -1, leaving at = inf
   Increment on distance indicator: 2.0
   Increment on tard indicator:     0.0
   Value of tmax indicator:         2.0

Task for patient = 134 with skills = {0,5} and cost = 236.0
   Vehicle #0 = 20, leaving at = 757.0
   Vehicle #1 = 32, leaving at = 803.0
   Increment on distance indicator: 8.0
   Increment on tard indicator:     0.0
   Value of tmax indicator:         8.0

Task for patient = 185 with skills = {4,-1} and cost = 255.7
   Vehicle #0 = 34, leaving at = 1018.0
   Vehicle #1 = -1, leaving at = inf
   Increment on distance indicator: 2.0
   Increment on tard indicator:     0.0
   Value of tmax indicator:         2.0

Task for patient = 213 with skills = {1,5} and cost = 255.0
   Vehicle #0 = 7, leaving at = 916.0
   Vehicle #1 = 33, leaving at = 916.0
   Increment on distance indicator: 5.0
   Increment on tard indicator:     0.0
   Value of tmax indicator:         5.0

Task for patient = 52 with skills = {3,-1} and cost = 253.3
   Vehicle #0 = 39, leaving at = 1033.0
   Vehicle #1 = -1, leaving at = inf
   Increment on distance indicator: 1.0
   Increment on tard indicator:     0.0
   Value of tmax indicator:         1.0

Task for patient = 40 with skills = {3,-1} and cost = 253.0
   Vehicle #0 = 39, leaving at = 1016.0
   Vehicle #1 = -1, leaving at = inf
   Increment on distance indicator: 3.0
   Increment on tard indicator:     0.0
   Value of tmax indicator:         3.0

Task for patient = 8 with skills = {2,3} and cost = 252.0
   Vehicle #0 = 19, leaving at = 852.0
   Vehicle #1 = 47, leaving at = 910.0
   Increment on distance indicator: 5.0
   Increment on tard indicator:     0.0
   Value of tmax indicator:         5.0

Task for patient = 152 with skills = {0,-1} and cost = 250.3
   Vehicle #0 = 10, leaving at = 959.0
   Vehicle #1 = -1, leaving at = inf
   Increment on distance indicator: 2.0
   Increment on tard indicator:     0.0
   Value of tmax indicator:         2.0

Task for patient = 267 with skills = {5,-1} and cost = 249.7
   Vehicle #0 = 53, leaving at = 1001.0
   Vehicle #1 = -1, leaving at = inf
   Increment on distance indicator: 2.0
   Increment on tard indicator:     0.0
   Value of tmax indicator:         2.0

Task for patient = 98 with skills = {2,3} and cost = 249.0
   Vehicle #0 = 3, leaving at = 965.0
   Vehicle #1 = 31, leaving at = 1003.0
   Increment on distance indicator: 4.0
   Increment on tard indicator:     0.0
   Value of tmax indicator:         4.0

Task for patient = 135 with skills = {0,-1} and cost = 241.0
   Vehicle #0 = 5, leaving at = 916.0
   Vehicle #1 = -1, leaving at = inf
   Increment on distance indicator: 2.0
   Increment on tard indicator:     0.0
   Value of tmax indicator:         2.0

Task for patient = 225 with skills = {5,-1} and cost = 246.7
   Vehicle #0 = 47, leaving at = 855.0
   Vehicle #1 = -1, leaving at = inf
   Increment on distance indicator: 4.0
   Increment on tard indicator:     0.0
   Value of tmax indicator:         4.0

Task for patient = 199 with skills = {4,-1} and cost = 245.3
   Vehicle #0 = 37, leaving at = 886.0
   Vehicle #1 = -1, leaving at = inf
   Increment on distance indicator: 3.0
   Increment on tard indicator:     0.0
   Value of tmax indicator:         3.0

Task for patient = 132 with skills = {0,-1} and cost = 244.3
   Vehicle #0 = 2, leaving at = 919.0
   Vehicle #1 = -1, leaving at = inf
   Increment on distance indicator: 1.0
   Increment on tard indicator:     0.0
   Value of tmax indicator:         1.0

Task for patient = 92 with skills = {3,-1} and cost = 244.0
   Vehicle #0 = 39, leaving at = 980.0
   Vehicle #1 = -1, leaving at = inf
   Increment on distance indicator: 1.0
   Increment on tard indicator:     0.0
   Value of tmax indicator:         1.0

Task for patient = 90 with skills = {1,-1} and cost = 243.7
   Vehicle #0 = 18, leaving at = 917.0
   Vehicle #1 = -1, leaving at = inf
   Increment on distance indicator: 1.0
   Increment on tard indicator:     0.0
   Value of tmax indicator:         1.0

Task for patient = 278 with skills = {0,5} and cost = 243.3
   Vehicle #0 = 26, leaving at = 944.0
   Vehicle #1 = 53, leaving at = 953.0
   Increment on distance indicator: 2.0
   Increment on tard indicator:     0.0
   Value of tmax indicator:         2.0

Task for patient = 147 with skills = {0,5} and cost = 242.7
   Vehicle #0 = 26, leaving at = 910.0
   Vehicle #1 = 53, leaving at = 897.0
   Increment on distance indicator: 2.0
   Increment on tard indicator:     0.0
   Value of tmax indicator:         2.0

Task for patient = 96 with skills = {5,-1} and cost = 242.0
   Vehicle #0 = 45, leaving at = 855.0
   Vehicle #1 = -1, leaving at = inf
   Increment on distance indicator: 2.0
   Increment on tard indicator:     0.0
   Value of tmax indicator:         2.0

Task for patient = 54 with skills = {3,-1} and cost = 241.3
   Vehicle #0 = 50, leaving at = 978.0
   Vehicle #1 = -1, leaving at = inf
   Increment on distance indicator: 1.0
   Increment on tard indicator:     0.0
   Value of tmax indicator:         1.0

Task for patient = 136 with skills = {0,5} and cost = 247.7
   Vehicle #0 = 16, leaving at = 893.0
   Vehicle #1 = 45, leaving at = 893.0
   Increment on distance indicator: 3.0
   Increment on tard indicator:     0.0
   Value of tmax indicator:         3.0

Task for patient = 137 with skills = {1,-1} and cost = 209.7
   Vehicle #0 = 3, leaving at = 934.0
   Vehicle #1 = -1, leaving at = inf
   Increment on distance indicator: 2.0
   Increment on tard indicator:     0.0
   Value of tmax indicator:         2.0

Task for patient = 160 with skills = {1,-1} and cost = 209.0
   Vehicle #0 = 18, leaving at = 861.0
   Vehicle #1 = -1, leaving at = inf
   Increment on distance indicator: 1.0
   Increment on tard indicator:     0.0
   Value of tmax indicator:         1.0

Task for patient = 298 with skills = {1,-1} and cost = 208.7
   Vehicle #0 = 0, leaving at = 820.0
   Vehicle #1 = -1, leaving at = inf
   Increment on distance indicator: 3.0
   Increment on tard indicator:     0.0
   Value of tmax indicator:         3.0

Task for patient = 192 with skills = {5,-1} and cost = 207.7
   Vehicle #0 = 45, leaving at = 837.0
   Vehicle #1 = -1, leaving at = inf
   Increment on distance indicator: 3.0
   Increment on tard indicator:     0.0
   Value of tmax indicator:         3.0

Task for patient = 74 with skills = {4,-1} and cost = 206.7
   Vehicle #0 = 50, leaving at = 810.0
   Vehicle #1 = -1, leaving at = inf
   Increment on distance indicator: 1.0
   Increment on tard indicator:     0.0
   Value of tmax indicator:         1.0

Task for patient = 295 with skills = {2,-1} and cost = 206.3
   Vehicle #0 = 13, leaving at = 793.0
   Vehicle #1 = -1, leaving at = inf
   Increment on distance indicator: 3.0
   Increment on tard indicator:     0.0
   Value of tmax indicator:         3.0

Task for patient = 107 with skills = {3,-1} and cost = 205.3
   Vehicle #0 = 44, leaving at = 845.0
   Vehicle #1 = -1, leaving at = inf
   Increment on distance indicator: 1.0
   Increment on tard indicator:     0.0
   Value of tmax indicator:         1.0

Task for patient = 210 with skills = {2,-1} and cost = 205.0
   Vehicle #0 = 15, leaving at = 867.0
   Vehicle #1 = -1, leaving at = inf
   Increment on distance indicator: 2.0
   Increment on tard indicator:     0.0
   Value of tmax indicator:         2.0

Task for patient = 7 with skills = {1,4} and cost = 228.0
   Vehicle #0 = 22, leaving at = 847.0
   Vehicle #1 = 36, leaving at = 839.0
   Increment on distance indicator: 4.0
   Increment on tard indicator:     0.0
   Value of tmax indicator:         4.0

Task for patient = 59 with skills = {4,-1} and cost = 202.3
   Vehicle #0 = 37, leaving at = 850.0
   Vehicle #1 = -1, leaving at = inf
   Increment on distance indicator: 1.0
   Increment on tard indicator:     0.0
   Value of tmax indicator:         1.0

Task for patient = 212 with skills = {0,-1} and cost = 202.0
   Vehicle #0 = 17, leaving at = 736.0
   Vehicle #1 = -1, leaving at = inf
   Increment on distance indicator: 1.0
   Increment on tard indicator:     0.0
   Value of tmax indicator:         1.0

Task for patient = 201 with skills = {4,-1} and cost = 201.7
   Vehicle #0 = 38, leaving at = 925.0
   Vehicle #1 = -1, leaving at = inf
   Increment on distance indicator: 1.0
   Increment on tard indicator:     0.0
   Value of tmax indicator:         1.0

Task for patient = 276 with skills = {2,-1} and cost = 201.3
   Vehicle #0 = 5, leaving at = 841.0
   Vehicle #1 = -1, leaving at = inf
   Increment on distance indicator: 2.0
   Increment on tard indicator:     0.0
   Value of tmax indicator:         2.0

Task for patient = 1 with skills = {0,3} and cost = 200.7
   Vehicle #0 = 12, leaving at = 829.0
   Vehicle #1 = 31, leaving at = 829.0
   Increment on distance indicator: 4.0
   Increment on tard indicator:     0.0
   Value of tmax indicator:         4.0

Task for patient = 49 with skills = {1,-1} and cost = 199.3
   Vehicle #0 = 7, leaving at = 710.0
   Vehicle #1 = -1, leaving at = inf
   Increment on distance indicator: 5.0
   Increment on tard indicator:     0.0
   Value of tmax indicator:         5.0

Task for patient = 158 with skills = {2,-1} and cost = 197.7
   Vehicle #0 = 1, leaving at = 861.0
   Vehicle #1 = -1, leaving at = inf
   Increment on distance indicator: 2.0
   Increment on tard indicator:     0.0
   Value of tmax indicator:         2.0

Task for patient = 129 with skills = {5,-1} and cost = 197.0
   Vehicle #0 = 53, leaving at = 680.0
   Vehicle #1 = -1, leaving at = inf
   Increment on distance indicator: 4.0
   Increment on tard indicator:     0.0
   Value of tmax indicator:         4.0

Task for patient = 34 with skills = {0,4} and cost = 204.3
   Vehicle #0 = 17, leaving at = 821.0
   Vehicle #1 = 36, leaving at = 821.0
   Increment on distance indicator: 6.0
   Increment on tard indicator:     0.0
   Value of tmax indicator:         6.0

Task for patient = 48 with skills = {0,-1} and cost = 226.7
   Vehicle #0 = 21, leaving at = 822.0
   Vehicle #1 = -1, leaving at = inf
   Increment on distance indicator: 3.0
   Increment on tard indicator:     0.0
   Value of tmax indicator:         3.0

Task for patient = 138 with skills = {1,-1} and cost = 225.7
   Vehicle #0 = 12, leaving at = 955.0
   Vehicle #1 = -1, leaving at = inf
   Increment on distance indicator: 1.0
   Increment on tard indicator:     0.0
   Value of tmax indicator:         1.0

Task for patient = 232 with skills = {3,-1} and cost = 225.3
   Vehicle #0 = 43, leaving at = 839.0
   Vehicle #1 = -1, leaving at = inf
   Increment on distance indicator: 1.0
   Increment on tard indicator:     0.0
   Value of tmax indicator:         1.0

Task for patient = 97 with skills = {1,-1} and cost = 225.0
   Vehicle #0 = 24, leaving at = 917.0
   Vehicle #1 = -1, leaving at = inf
   Increment on distance indicator: 2.0
   Increment on tard indicator:     0.0
   Value of tmax indicator:         2.0

Task for patient = 170 with skills = {5,-1} and cost = 222.7
   Vehicle #0 = 31, leaving at = 958.0
   Vehicle #1 = -1, leaving at = inf
   Increment on distance indicator: 1.0
   Increment on tard indicator:     0.0
   Value of tmax indicator:         1.0

Task for patient = 67 with skills = {1,-1} and cost = 222.3
   Vehicle #0 = 15, leaving at = 920.0
   Vehicle #1 = -1, leaving at = inf
   Increment on distance indicator: 1.0
   Increment on tard indicator:     0.0
   Value of tmax indicator:         1.0

Task for patient = 246 with skills = {0,-1} and cost = 222.0
   Vehicle #0 = 18, leaving at = 892.0
   Vehicle #1 = -1, leaving at = inf
   Increment on distance indicator: 2.0
   Increment on tard indicator:     0.0
   Value of tmax indicator:         2.0

Task for patient = 162 with skills = {1,3} and cost = 221.3
   Vehicle #0 = 15, leaving at = 898.0
   Vehicle #1 = 41, leaving at = 950.0
   Increment on distance indicator: 5.0
   Increment on tard indicator:     0.0
   Value of tmax indicator:         5.0

Task for patient = 47 with skills = {1,-1} and cost = 210.3
   Vehicle #0 = 0, leaving at = 849.0
   Vehicle #1 = -1, leaving at = inf
   Increment on distance indicator: 2.0
   Increment on tard indicator:     0.0
   Value of tmax indicator:         2.0

Task for patient = 281 with skills = {3,-1} and cost = 219.3
   Vehicle #0 = 41, leaving at = 869.0
   Vehicle #1 = -1, leaving at = inf
   Increment on distance indicator: 2.0
   Increment on tard indicator:     0.0
   Value of tmax indicator:         2.0

Task for patient = 222 with skills = {4,-1} and cost = 218.7
   Vehicle #0 = 33, leaving at = 794.0
   Vehicle #1 = -1, leaving at = inf
   Increment on distance indicator: 5.0
   Increment on tard indicator:     0.0
   Value of tmax indicator:         5.0

Task for patient = 163 with skills = {2,-1} and cost = 217.0
   Vehicle #0 = 26, leaving at = 731.0
   Vehicle #1 = -1, leaving at = inf
   Increment on distance indicator: 1.0
   Increment on tard indicator:     0.0
   Value of tmax indicator:         1.0

Task for patient = 29 with skills = {3,-1} and cost = 216.7
   Vehicle #0 = 48, leaving at = 819.0
   Vehicle #1 = -1, leaving at = inf
   Increment on distance indicator: 3.0
   Increment on tard indicator:     0.0
   Value of tmax indicator:         3.0

Task for patient = 277 with skills = {1,3} and cost = 215.7
   Vehicle #0 = 12, leaving at = 907.0
   Vehicle #1 = 31, leaving at = 907.0
   Increment on distance indicator: 2.0
   Increment on tard indicator:     0.0
   Value of tmax indicator:         2.0

Task for patient = 165 with skills = {3,-1} and cost = 215.0
   Vehicle #0 = 53, leaving at = 750.0
   Vehicle #1 = -1, leaving at = inf
   Increment on distance indicator: 1.0
   Increment on tard indicator:     0.0
   Value of tmax indicator:         1.0

Task for patient = 188 with skills = {1,3} and cost = 214.7
   Vehicle #0 = 26, leaving at = 680.0
   Vehicle #1 = 53, leaving at = 717.0
   Increment on distance indicator: 8.0
   Increment on tard indicator:     0.0
   Value of tmax indicator:         8.0

Task for patient = 240 with skills = {3,-1} and cost = 212.0
   Vehicle #0 = 30, leaving at = 945.0
   Vehicle #1 = -1, leaving at = inf
   Increment on distance indicator: 4.0
   Increment on tard indicator:     0.0
   Value of tmax indicator:         4.0

Task for patient = 16 with skills = {3,-1} and cost = 210.7
   Vehicle #0 = 47, leaving at = 800.0
   Vehicle #1 = -1, leaving at = inf
   Increment on distance indicator: 1.0
   Increment on tard indicator:     0.0
   Value of tmax indicator:         1.0

Task for patient = 119 with skills = {5,-1} and cost = 219.7
   Vehicle #0 = 30, leaving at = 977.0
   Vehicle #1 = -1, leaving at = inf
   Increment on distance indicator: 1.0
   Increment on tard indicator:     0.0
   Value of tmax indicator:         1.0

Task for patient = 260 with skills = {1,-1} and cost = 314.3
   Vehicle #0 = 3, leaving at = 1032.0
   Vehicle #1 = -1, leaving at = inf
   Increment on distance indicator: 2.0
   Increment on tard indicator:     0.0
   Value of tmax indicator:         2.0

Task for patient = 76 with skills = {3,-1} and cost = 313.7
   Vehicle #0 = 43, leaving at = 1063.0
   Vehicle #1 = -1, leaving at = inf
   Increment on distance indicator: 3.0
   Increment on tard indicator:     0.0
   Value of tmax indicator:         3.0

Task for patient = 206 with skills = {2,-1} and cost = 312.7
   Vehicle #0 = 21, leaving at = 1097.0
   Vehicle #1 = -1, leaving at = inf
   Increment on distance indicator: 3.0
   Increment on tard indicator:     0.0
   Value of tmax indicator:         3.0

Task for patient = 271 with skills = {3,-1} and cost = 311.7
   Vehicle #0 = 32, leaving at = 901.0
   Vehicle #1 = -1, leaving at = inf
   Increment on distance indicator: 5.0
   Increment on tard indicator:     0.0
   Value of tmax indicator:         5.0

Task for patient = 209 with skills = {2,5} and cost = 310.0
   Vehicle #0 = 2, leaving at = 1108.0
   Vehicle #1 = 51, leaving at = 1108.0
   Increment on distance indicator: 2.0
   Increment on tard indicator:     0.0
   Value of tmax indicator:         2.0

Task for patient = 243 with skills = {0,-1} and cost = 309.3
   Vehicle #0 = 20, leaving at = 870.0
   Vehicle #1 = -1, leaving at = inf
   Increment on distance indicator: 8.0
   Increment on tard indicator:     0.0
   Value of tmax indicator:         8.0

Task for patient = 202 with skills = {0,3} and cost = 306.7
   Vehicle #0 = 9, leaving at = 1016.0
   Vehicle #1 = 48, leaving at = 1071.0
   Increment on distance indicator: 7.0
   Increment on tard indicator:     0.0
   Value of tmax indicator:         7.0

Task for patient = 266 with skills = {2,-1} and cost = 304.3
   Vehicle #0 = 26, leaving at = 996.0
   Vehicle #1 = -1, leaving at = inf
   Increment on distance indicator: 3.0
   Increment on tard indicator:     0.0
   Value of tmax indicator:         3.0

Task for patient = 300 with skills = {1,3} and cost = 259.3
   Vehicle #0 = 9, leaving at = 896.0
   Vehicle #1 = 48, leaving at = 896.0
   Increment on distance indicator: 10.0
   Increment on tard indicator:     0.0
   Value of tmax indicator:         10.0

Task for patient = 197 with skills = {2,-1} and cost = 303.0
   Vehicle #0 = 9, leaving at = 925.0
   Vehicle #1 = -1, leaving at = inf
   Increment on distance indicator: 3.0
   Increment on tard indicator:     0.0
   Value of tmax indicator:         3.0

Task for patient = 247 with skills = {2,4} and cost = 302.0
   Vehicle #0 = 1, leaving at = 990.0
   Vehicle #1 = 33, leaving at = 1006.0
   Increment on distance indicator: 5.0
   Increment on tard indicator:     0.0
   Value of tmax indicator:         5.0

Task for patient = 238 with skills = {0,3} and cost = 300.3
   Vehicle #0 = 10, leaving at = 1018.0
   Vehicle #1 = 43, leaving at = 1018.0
   Increment on distance indicator: 6.0
   Increment on tard indicator:     0.0
   Value of tmax indicator:         6.0

Task for patient = 15 with skills = {0,5} and cost = 298.3
   Vehicle #0 = 20, leaving at = 846.0
   Vehicle #1 = 32, leaving at = 846.0
   Increment on distance indicator: 16.0
   Increment on tard indicator:     0.0
   Value of tmax indicator:         16.0

Task for patient = 236 with skills = {2,5} and cost = 293.0
   Vehicle #0 = 18, leaving at = 1097.0
   Vehicle #1 = 40, leaving at = 1097.0
   Increment on distance indicator: 4.0
   Increment on tard indicator:     0.0
   Value of tmax indicator:         4.0

Task for patient = 180 with skills = {1,-1} and cost = 291.7
   Vehicle #0 = 18, leaving at = 1037.0
   Vehicle #1 = -1, leaving at = inf
   Increment on distance indicator: 2.0
   Increment on tard indicator:     0.0
   Value of tmax indicator:         2.0

Task for patient = 149 with skills = {0,-1} and cost = 291.0
   Vehicle #0 = 21, leaving at = 1062.0
   Vehicle #1 = -1, leaving at = inf
   Increment on distance indicator: 1.0
   Increment on tard indicator:     0.0
   Value of tmax indicator:         1.0

Task for patient = 292 with skills = {0,3} and cost = 290.7
   Vehicle #0 = 15, leaving at = 1054.0
   Vehicle #1 = 31, leaving at = 1054.0
   Increment on distance indicator: 3.0
   Increment on tard indicator:     0.0
   Value of tmax indicator:         3.0

Task for patient = 220 with skills = {2,-1} and cost = 303.3
   Vehicle #0 = 15, leaving at = 1115.0
   Vehicle #1 = -1, leaving at = inf
   Increment on distance indicator: 1.0
   Increment on tard indicator:     0.0
   Value of tmax indicator:         1.0

Task for patient = 189 with skills = {1,4} and cost = 337.7
   Vehicle #0 = 17, leaving at = 1079.0
   Vehicle #1 = 44, leaving at = 1120.0
   Increment on distance indicator: 6.0
   Increment on tard indicator:     0.0
   Value of tmax indicator:         6.0

Task for patient = 33 with skills = {2,-1} and cost = 335.7
   Vehicle #0 = 1, leaving at = 1059.0
   Vehicle #1 = -1, leaving at = inf
   Increment on distance indicator: 2.0
   Increment on tard indicator:     0.0
   Value of tmax indicator:         2.0

Task for patient = 9 with skills = {0,4} and cost = 335.0
   Vehicle #0 = 12, leaving at = 1169.0
   Vehicle #1 = 31, leaving at = 1186.0
   Increment on distance indicator: 4.0
   Increment on tard indicator:     0.0
   Value of tmax indicator:         4.0

Task for patient = 104 with skills = {1,5} and cost = 333.7
   Vehicle #0 = 17, leaving at = 1045.0
   Vehicle #1 = 44, leaving at = 1081.0
   Increment on distance indicator: 8.0
   Increment on tard indicator:     0.0
   Value of tmax indicator:         8.0

Task for patient = 108 with skills = {2,3} and cost = 331.0
   Vehicle #0 = 1, leaving at = 1021.0
   Vehicle #1 = 52, leaving at = 1041.0
   Increment on distance indicator: 5.0
   Increment on tard indicator:     0.0
   Value of tmax indicator:         5.0

Task for patient = 75 with skills = {2,4} and cost = 329.3
   Vehicle #0 = 3, leaving at = 1110.0
   Vehicle #1 = 41, leaving at = 1110.0
   Increment on distance indicator: 4.0
   Increment on tard indicator:     0.0
   Value of tmax indicator:         4.0

Task for patient = 5 with skills = {1,-1} and cost = 328.0
   Vehicle #0 = 7, leaving at = 1038.0
   Vehicle #1 = -1, leaving at = inf
   Increment on distance indicator: 4.0
   Increment on tard indicator:     0.0
   Value of tmax indicator:         4.0

Task for patient = 227 with skills = {3,-1} and cost = 326.7
   Vehicle #0 = 30, leaving at = 1072.0
   Vehicle #1 = -1, leaving at = inf
   Increment on distance indicator: 2.0
   Increment on tard indicator:     0.0
   Value of tmax indicator:         2.0

Task for patient = 264 with skills = {2,3} and cost = 316.7
   Vehicle #0 = 11, leaving at = 1080.0
   Vehicle #1 = 48, leaving at = 1094.0
   Increment on distance indicator: 7.0
   Increment on tard indicator:     0.0
   Value of tmax indicator:         7.0

Task for patient = 106 with skills = {2,4} and cost = 325.0
   Vehicle #0 = 5, leaving at = 1047.0
   Vehicle #1 = 44, leaving at = 1047.0
   Increment on distance indicator: 4.0
   Increment on tard indicator:     0.0
   Value of tmax indicator:         4.0

Task for patient = 297 with skills = {2,5} and cost = 323.7
   Vehicle #0 = 12, leaving at = 1109.0
   Vehicle #1 = 31, leaving at = 1109.0
   Increment on distance indicator: 4.0
   Increment on tard indicator:     0.0
   Value of tmax indicator:         4.0

Task for patient = 99 with skills = {2,-1} and cost = 322.3
   Vehicle #0 = 22, leaving at = 868.0
   Vehicle #1 = -1, leaving at = inf
   Increment on distance indicator: 4.0
   Increment on tard indicator:     0.0
   Value of tmax indicator:         4.0

Task for patient = 286 with skills = {4,-1} and cost = 321.0
   Vehicle #0 = 38, leaving at = 1108.0
   Vehicle #1 = -1, leaving at = inf
   Increment on distance indicator: 2.0
   Increment on tard indicator:     0.0
   Value of tmax indicator:         2.0

Task for patient = 164 with skills = {4,-1} and cost = 320.3
   Vehicle #0 = 33, leaving at = 1052.0
   Vehicle #1 = -1, leaving at = inf
   Increment on distance indicator: 4.0
   Increment on tard indicator:     0.0
   Value of tmax indicator:         4.0

Task for patient = 218 with skills = {1,-1} and cost = 319.0
   Vehicle #0 = 18, leaving at = 1118.0
   Vehicle #1 = -1, leaving at = inf
   Increment on distance indicator: 2.0
   Increment on tard indicator:     0.0
   Value of tmax indicator:         2.0

Task for patient = 53 with skills = {5,-1} and cost = 318.3
   Vehicle #0 = 51, leaving at = 1169.0
   Vehicle #1 = -1, leaving at = inf
   Increment on distance indicator: 1.0
   Increment on tard indicator:     0.0
   Value of tmax indicator:         1.0

Task for patient = 288 with skills = {0,-1} and cost = 318.0
   Vehicle #0 = 17, leaving at = 1010.0
   Vehicle #1 = -1, leaving at = inf
   Increment on distance indicator: 2.0
   Increment on tard indicator:     0.0
   Value of tmax indicator:         2.0

Task for patient = 259 with skills = {3,-1} and cost = 317.3
   Vehicle #0 = 32, leaving at = 946.0
   Vehicle #1 = -1, leaving at = inf
   Increment on distance indicator: 2.0
   Increment on tard indicator:     0.0
   Value of tmax indicator:         2.0

Task for patient = 216 with skills = {4,-1} and cost = 326.0
   Vehicle #0 = 32, leaving at = 970.0
   Vehicle #1 = -1, leaving at = inf
   Increment on distance indicator: 3.0
   Increment on tard indicator:     0.0
   Value of tmax indicator:         3.0

Task for patient = 24 with skills = {5,-1} and cost = 274.3
   Vehicle #0 = 46, leaving at = 952.0
   Vehicle #1 = -1, leaving at = inf
   Increment on distance indicator: 2.0
   Increment on tard indicator:     0.0
   Value of tmax indicator:         2.0

Task for patient = 245 with skills = {0,-1} and cost = 273.7
   Vehicle #0 = 12, leaving at = 1029.0
   Vehicle #1 = -1, leaving at = inf
   Increment on distance indicator: 2.0
   Increment on tard indicator:     0.0
   Value of tmax indicator:         2.0

Task for patient = 156 with skills = {3,-1} and cost = 273.0
   Vehicle #0 = 33, leaving at = 937.0
   Vehicle #1 = -1, leaving at = inf
   Increment on distance indicator: 5.0
   Increment on tard indicator:     0.0
   Value of tmax indicator:         5.0

Task for patient = 50 with skills = {2,5} and cost = 271.3
   Vehicle #0 = 12, leaving at = 1011.0
   Vehicle #1 = 52, leaving at = 1011.0
   Increment on distance indicator: 4.0
   Increment on tard indicator:     0.0
   Value of tmax indicator:         4.0

Task for patient = 186 with skills = {4,-1} and cost = 270.0
   Vehicle #0 = 36, leaving at = 876.0
   Vehicle #1 = -1, leaving at = inf
   Increment on distance indicator: 2.0
   Increment on tard indicator:     0.0
   Value of tmax indicator:         2.0

Task for patient = 57 with skills = {3,-1} and cost = 269.3
   Vehicle #0 = 51, leaving at = 951.0
   Vehicle #1 = -1, leaving at = inf
   Increment on distance indicator: 4.0
   Increment on tard indicator:     0.0
   Value of tmax indicator:         4.0

Task for patient = 55 with skills = {1,4} and cost = 268.0
   Vehicle #0 = 17, leaving at = 868.0
   Vehicle #1 = 51, leaving at = 915.0
   Increment on distance indicator: 5.0
   Increment on tard indicator:     0.0
   Value of tmax indicator:         5.0

Task for patient = 124 with skills = {4,-1} and cost = 266.3
   Vehicle #0 = 50, leaving at = 1017.0
   Vehicle #1 = -1, leaving at = inf
   Increment on distance indicator: 1.0
   Increment on tard indicator:     0.0
   Value of tmax indicator:         1.0

Task for patient = 287 with skills = {2,-1} and cost = 289.7
   Vehicle #0 = 4, leaving at = 906.0
   Vehicle #1 = -1, leaving at = inf
   Increment on distance indicator: 3.0
   Increment on tard indicator:     0.0
   Value of tmax indicator:         3.0

Task for patient = 30 with skills = {2,-1} and cost = 265.3
   Vehicle #0 = 2, leaving at = 974.0
   Vehicle #1 = -1, leaving at = inf
   Increment on distance indicator: 3.0
   Increment on tard indicator:     0.0
   Value of tmax indicator:         3.0

Task for patient = 95 with skills = {3,-1} and cost = 264.3
   Vehicle #0 = 52, leaving at = 968.0
   Vehicle #1 = -1, leaving at = inf
   Increment on distance indicator: 1.0
   Increment on tard indicator:     0.0
   Value of tmax indicator:         1.0

Task for patient = 275 with skills = {0,3} and cost = 264.0
   Vehicle #0 = 19, leaving at = 950.0
   Vehicle #1 = 47, leaving at = 950.0
   Increment on distance indicator: 4.0
   Increment on tard indicator:     0.0
   Value of tmax indicator:         4.0

Task for patient = 72 with skills = {3,-1} and cost = 262.7
   Vehicle #0 = 39, leaving at = 1091.0
   Vehicle #1 = -1, leaving at = inf
   Increment on distance indicator: 1.0
   Increment on tard indicator:     0.0
   Value of tmax indicator:         1.0

Task for patient = 182 with skills = {0,-1} and cost = 262.3
   Vehicle #0 = 16, leaving at = 990.0
   Vehicle #1 = -1, leaving at = inf
   Increment on distance indicator: 1.0
   Increment on tard indicator:     0.0
   Value of tmax indicator:         1.0

Task for patient = 148 with skills = {1,4} and cost = 262.0
   Vehicle #0 = 13, leaving at = 1028.0
   Vehicle #1 = 34, leaving at = 1037.0
   Increment on distance indicator: 4.0
   Increment on tard indicator:     0.0
   Value of tmax indicator:         4.0

Task for patient = 200 with skills = {4,-1} and cost = 260.7
   Vehicle #0 = 37, leaving at = 938.0
   Vehicle #1 = -1, leaving at = inf
   Increment on distance indicator: 2.0
   Increment on tard indicator:     0.0
   Value of tmax indicator:         2.0

Task for patient = 35 with skills = {5,-1} and cost = 260.0
   Vehicle #0 = 52, leaving at = 836.0
   Vehicle #1 = -1, leaving at = inf
   Increment on distance indicator: 2.0
   Increment on tard indicator:     0.0
   Value of tmax indicator:         2.0

Task for patient = 251 with skills = {4,-1} and cost = 195.7
   Vehicle #0 = 34, leaving at = 912.0
   Vehicle #1 = -1, leaving at = inf
   Increment on distance indicator: 1.0
   Increment on tard indicator:     0.0
   Value of tmax indicator:         1.0

Task for patient = 2 with skills = {4,-1} and cost = 266.0
   Vehicle #0 = 44, leaving at = 989.0
   Vehicle #1 = -1, leaving at = inf
   Increment on distance indicator: 2.0
   Increment on tard indicator:     0.0
   Value of tmax indicator:         2.0

Task for patient = 279 with skills = {5,-1} and cost = 288.7
   Vehicle #0 = 39, leaving at = 1132.0
   Vehicle #1 = -1, leaving at = inf
   Increment on distance indicator: 2.0
   Increment on tard indicator:     0.0
   Value of tmax indicator:         2.0

Task for patient = 157 with skills = {1,-1} and cost = 288.0
   Vehicle #0 = 7, leaving at = 974.0
   Vehicle #1 = -1, leaving at = inf
   Increment on distance indicator: 3.0
   Increment on tard indicator:     0.0
   Value of tmax indicator:         3.0

Task for patient = 255 with skills = {0,4} and cost = 287.0
   Vehicle #0 = 2, leaving at = 1059.0
   Vehicle #1 = 51, leaving at = 1071.0
   Increment on distance indicator: 4.0
   Increment on tard indicator:     0.0
   Value of tmax indicator:         4.0

Task for patient = 258 with skills = {0,-1} and cost = 285.7
   Vehicle #0 = 17, leaving at = 928.0
   Vehicle #1 = -1, leaving at = inf
   Increment on distance indicator: 1.0
   Increment on tard indicator:     0.0
   Value of tmax indicator:         1.0

Task for patient = 22 with skills = {4,-1} and cost = 285.3
   Vehicle #0 = 37, leaving at = 965.0
   Vehicle #1 = -1, leaving at = inf
   Increment on distance indicator: 2.0
   Increment on tard indicator:     0.0
   Value of tmax indicator:         2.0

Task for patient = 62 with skills = {1,-1} and cost = 284.7
   Vehicle #0 = 8, leaving at = 901.0
   Vehicle #1 = -1, leaving at = inf
   Increment on distance indicator: 1.0
   Increment on tard indicator:     0.0
   Value of tmax indicator:         1.0

Task for patient = 161 with skills = {4,-1} and cost = 284.3
   Vehicle #0 = 53, leaving at = 1052.0
   Vehicle #1 = -1, leaving at = inf
   Increment on distance indicator: 2.0
   Increment on tard indicator:     0.0
   Value of tmax indicator:         2.0

Task for patient = 89 with skills = {5,-1} and cost = 283.7
   Vehicle #0 = 46, leaving at = 999.0
   Vehicle #1 = -1, leaving at = inf
   Increment on distance indicator: 1.0
   Increment on tard indicator:     0.0
   Value of tmax indicator:         1.0

Task for patient = 252 with skills = {0,-1} and cost = 274.7
   Vehicle #0 = 18, leaving at = 1003.0
   Vehicle #1 = -1, leaving at = inf
   Increment on distance indicator: 1.0
   Increment on tard indicator:     0.0
   Value of tmax indicator:         1.0

Task for patient = 101 with skills = {0,4} and cost = 282.7
   Vehicle #0 = 21, leaving at = 974.0
   Vehicle #1 = 38, leaving at = 998.0
   Increment on distance indicator: 3.0
   Increment on tard indicator:     0.0
   Value of tmax indicator:         3.0

Task for patient = 176 with skills = {1,5} and cost = 281.7
   Vehicle #0 = 15, leaving at = 1013.0
   Vehicle #1 = 41, leaving at = 1056.0
   Increment on distance indicator: 2.0
   Increment on tard indicator:     0.0
   Value of tmax indicator:         2.0

Task for patient = 177 with skills = {1,-1} and cost = 281.0
   Vehicle #0 = 16, leaving at = 1037.0
   Vehicle #1 = -1, leaving at = inf
   Increment on distance indicator: 2.0
   Increment on tard indicator:     0.0
   Value of tmax indicator:         2.0

Task for patient = 112 with skills = {4,-1} and cost = 280.3
   Vehicle #0 = 34, leaving at = 1084.0
   Vehicle #1 = -1, leaving at = inf
   Increment on distance indicator: 1.0
   Increment on tard indicator:     0.0
   Value of tmax indicator:         1.0

Task for patient = 204 with skills = {1,-1} and cost = 280.0
   Vehicle #0 = 21, leaving at = 898.0
   Vehicle #1 = -1, leaving at = inf
   Increment on distance indicator: 2.0
   Increment on tard indicator:     0.0
   Value of tmax indicator:         2.0

Task for patient = 274 with skills = {2,-1} and cost = 279.3
   Vehicle #0 = 24, leaving at = 1053.0
   Vehicle #1 = -1, leaving at = inf
   Increment on distance indicator: 3.0
   Increment on tard indicator:     0.0
   Value of tmax indicator:         3.0

Task for patient = 116 with skills = {0,5} and cost = 278.3
   Vehicle #0 = 24, leaving at = 977.0
   Vehicle #1 = 33, leaving at = 977.0
   Increment on distance indicator: 6.0
   Increment on tard indicator:     0.0
   Value of tmax indicator:         6.0

Task for patient = 207 with skills = {0,4} and cost = 276.3
   Vehicle #0 = 2, leaving at = 1024.0
   Vehicle #1 = 36, leaving at = 1024.0
   Increment on distance indicator: 2.0
   Increment on tard indicator:     0.0
   Value of tmax indicator:         2.0

Task for patient = 20 with skills = {5,-1} and cost = 275.7
   Vehicle #0 = 30, leaving at = 1039.0
   Vehicle #1 = -1, leaving at = inf
   Increment on distance indicator: 3.0
   Increment on tard indicator:     0.0
   Value of tmax indicator:         3.0

Task for patient = 123 with skills = {0,4} and cost = 283.3
   Vehicle #0 = 21, leaving at = 1026.0
   Vehicle #1 = 38, leaving at = 1051.0
   Increment on distance indicator: 2.0
   Increment on tard indicator:     0.0
   Value of tmax indicator:         2.0

Task for patient = 85 with skills = {1,-1} and cost = 105.0
   Vehicle #0 = 8, leaving at = 633.0
   Vehicle #1 = -1, leaving at = inf
   Increment on distance indicator: 1.0
   Increment on tard indicator:     0.0
   Value of tmax indicator:         1.0

Task for patient = 256 with skills = {0,3} and cost = 103.0
   Vehicle #0 = 16, leaving at = 561.0
   Vehicle #1 = 43, leaving at = 561.0
   Increment on distance indicator: 8.0
   Increment on tard indicator:     0.0
   Value of tmax indicator:         8.0

Task for patient = 117 with skills = {5,-1} and cost = 100.3
   Vehicle #0 = 46, leaving at = 682.0
   Vehicle #1 = -1, leaving at = inf
   Increment on distance indicator: 2.0
   Increment on tard indicator:     0.0
   Value of tmax indicator:         2.0

Task for patient = 121 with skills = {5,-1} and cost = 99.7
   Vehicle #0 = 45, leaving at = 598.0
   Vehicle #1 = -1, leaving at = inf
   Increment on distance indicator: 7.0
   Increment on tard indicator:     0.0
   Value of tmax indicator:         7.0

Task for patient = 105 with skills = {3,-1} and cost = 97.3
   Vehicle #0 = 38, leaving at = 559.0
   Vehicle #1 = -1, leaving at = inf
   Increment on distance indicator: 3.0
   Increment on tard indicator:     0.0
   Value of tmax indicator:         3.0

Task for patient = 64 with skills = {2,-1} and cost = 96.3
   Vehicle #0 = 14, leaving at = 839.0
   Vehicle #1 = -1, leaving at = inf
   Increment on distance indicator: 1.0
   Increment on tard indicator:     0.0
   Value of tmax indicator:         1.0

Task for patient = 171 with skills = {3,-1} and cost = 96.0
   Vehicle #0 = 44, leaving at = 666.0
   Vehicle #1 = -1, leaving at = inf
   Increment on distance indicator: 3.0
   Increment on tard indicator:     0.0
   Value of tmax indicator:         3.0

Task for patient = 111 with skills = {5,-1} and cost = 95.0
   Vehicle #0 = 31, leaving at = 794.0
   Vehicle #1 = -1, leaving at = inf
   Increment on distance indicator: 1.0
   Increment on tard indicator:     0.0
   Value of tmax indicator:         1.0

Task for patient = 294 with skills = {4,-1} and cost = 195.3
   Vehicle #0 = 36, leaving at = 784.0
   Vehicle #1 = -1, leaving at = inf
   Increment on distance indicator: 6.0
   Increment on tard indicator:     0.0
   Value of tmax indicator:         6.0

Task for patient = 82 with skills = {5,-1} and cost = 92.7
   Vehicle #0 = 44, leaving at = 564.0
   Vehicle #1 = -1, leaving at = inf
   Increment on distance indicator: 10.0
   Increment on tard indicator:     0.0
   Value of tmax indicator:         10.0

Task for patient = 87 with skills = {0,-1} and cost = 89.3
   Vehicle #0 = 12, leaving at = 739.0
   Vehicle #1 = -1, leaving at = inf
   Increment on distance indicator: 3.0
   Increment on tard indicator:     0.0
   Value of tmax indicator:         3.0

Task for patient = 91 with skills = {2,-1} and cost = 88.3
   Vehicle #0 = 1, leaving at = 779.0
   Vehicle #1 = -1, leaving at = inf
   Increment on distance indicator: 1.0
   Increment on tard indicator:     0.0
   Value of tmax indicator:         1.0

Task for patient = 261 with skills = {0,-1} and cost = 88.0
   Vehicle #0 = 15, leaving at = 584.0
   Vehicle #1 = -1, leaving at = inf
   Increment on distance indicator: 7.0
   Increment on tard indicator:     0.0
   Value of tmax indicator:         7.0

Task for patient = 114 with skills = {3,-1} and cost = 85.7
   Vehicle #0 = 39, leaving at = 772.0
   Vehicle #1 = -1, leaving at = inf
   Increment on distance indicator: 1.0
   Increment on tard indicator:     0.0
   Value of tmax indicator:         1.0

Task for patient = 155 with skills = {0,-1} and cost = 85.3
   Vehicle #0 = 15, leaving at = 533.0
   Vehicle #1 = -1, leaving at = inf
   Increment on distance indicator: 7.0
   Increment on tard indicator:     0.0
   Value of tmax indicator:         7.0

Task for patient = 203 with skills = {4,-1} and cost = 83.0
   Vehicle #0 = 41, leaving at = 684.0
   Vehicle #1 = -1, leaving at = inf
   Increment on distance indicator: 8.0
   Increment on tard indicator:     0.0
   Value of tmax indicator:         8.0

Task for patient = 122 with skills = {0,4} and cost = 80.3
   Vehicle #0 = 12, leaving at = 688.0
   Vehicle #1 = 36, leaving at = 688.0
   Increment on distance indicator: 4.0
   Increment on tard indicator:     0.0
   Value of tmax indicator:         4.0

Task for patient = 42 with skills = {1,4} and cost = 94.7
   Vehicle #0 = 7, leaving at = 620.0
   Vehicle #1 = 44, leaving at = 633.0
   Increment on distance indicator: 6.0
   Increment on tard indicator:     0.0
   Value of tmax indicator:         6.0

Task for patient = 63 with skills = {0,-1} and cost = 124.7
   Vehicle #0 = 19, leaving at = 633.0
   Vehicle #1 = -1, leaving at = inf
   Increment on distance indicator: 3.0
   Increment on tard indicator:     0.0
   Value of tmax indicator:         3.0

Task for patient = 151 with skills = {0,-1} and cost = 123.7
   Vehicle #0 = 2, leaving at = 811.0
   Vehicle #1 = -1, leaving at = inf
   Increment on distance indicator: 1.0
   Increment on tard indicator:     0.0
   Value of tmax indicator:         1.0

Task for patient = 187 with skills = {2,-1} and cost = 123.3
   Vehicle #0 = 2, leaving at = 784.0
   Vehicle #1 = -1, leaving at = inf
   Increment on distance indicator: 1.0
   Increment on tard indicator:     0.0
   Value of tmax indicator:         1.0

Task for patient = 31 with skills = {2,5} and cost = 123.0
   Vehicle #0 = 19, leaving at = 595.0
   Vehicle #1 = 47, leaving at = 601.0
   Increment on distance indicator: 15.0
   Increment on tard indicator:     0.0
   Value of tmax indicator:         15.0

Task for patient = 175 with skills = {2,4} and cost = 118.0
   Vehicle #0 = 18, leaving at = 702.0
   Vehicle #1 = 38, leaving at = 706.0
   Increment on distance indicator: 2.0
   Increment on tard indicator:     0.0
   Value of tmax indicator:         2.0

Task for patient = 6 with skills = {3,-1} and cost = 117.3
   Vehicle #0 = 47, leaving at = 563.0
   Vehicle #1 = -1, leaving at = inf
   Increment on distance indicator: 3.0
   Increment on tard indicator:     0.0
   Value of tmax indicator:         3.0

Task for patient = 68 with skills = {1,5} and cost = 116.3
   Vehicle #0 = 13, leaving at = 709.0
   Vehicle #1 = 46, leaving at = 712.0
   Increment on distance indicator: 3.0
   Increment on tard indicator:     0.0
   Value of tmax indicator:         3.0

Task for patient = 66 with skills = {1,3} and cost = 115.3
   Vehicle #0 = 18, leaving at = 657.0
   Vehicle #1 = 38, leaving at = 685.0
   Increment on distance indicator: 6.0
   Increment on tard indicator:     0.0
   Value of tmax indicator:         6.0

Task for patient = 11 with skills = {2,4} and cost = 107.3
   Vehicle #0 = 18, leaving at = 592.0
   Vehicle #1 = 38, leaving at = 592.0
   Increment on distance indicator: 7.0
   Increment on tard indicator:     0.0
   Value of tmax indicator:         7.0

Task for patient = 285 with skills = {3,-1} and cost = 112.7
   Vehicle #0 = 30, leaving at = 808.0
   Vehicle #1 = -1, leaving at = inf
   Increment on distance indicator: 2.0
   Increment on tard indicator:     0.0
   Value of tmax indicator:         2.0

Task for patient = 4 with skills = {1,-1} and cost = 112.0
   Vehicle #0 = 7, leaving at = 662.0
   Vehicle #1 = -1, leaving at = inf
   Increment on distance indicator: 2.0
   Increment on tard indicator:     0.0
   Value of tmax indicator:         2.0

Task for patient = 10 with skills = {2,5} and cost = 111.3
   Vehicle #0 = 10, leaving at = 773.0
   Vehicle #1 = 45, leaving at = 795.0
   Increment on distance indicator: 2.0
   Increment on tard indicator:     0.0
   Value of tmax indicator:         2.0

Task for patient = 221 with skills = {1,-1} and cost = 110.7
   Vehicle #0 = 16, leaving at = 602.0
   Vehicle #1 = -1, leaving at = inf
   Increment on distance indicator: 2.0
   Increment on tard indicator:     0.0
   Value of tmax indicator:         2.0

Task for patient = 141 with skills = {4,-1} and cost = 110.0
   Vehicle #0 = 34, leaving at = 737.0
   Vehicle #1 = -1, leaving at = inf
   Increment on distance indicator: 1.0
   Increment on tard indicator:     0.0
   Value of tmax indicator:         1.0

Task for patient = 27 with skills = {2,-1} and cost = 109.7
   Vehicle #0 = 18, leaving at = 632.0
   Vehicle #1 = -1, leaving at = inf
   Increment on distance indicator: 1.0
   Increment on tard indicator:     0.0
   Value of tmax indicator:         1.0

Task for patient = 239 with skills = {2,-1} and cost = 109.3
   Vehicle #0 = 3, leaving at = 767.0
   Vehicle #1 = -1, leaving at = inf
   Increment on distance indicator: 2.0
   Increment on tard indicator:     0.0
   Value of tmax indicator:         2.0

Task for patient = 235 with skills = {2,-1} and cost = 108.7
   Vehicle #0 = 11, leaving at = 741.0
   Vehicle #1 = -1, leaving at = inf
   Increment on distance indicator: 2.0
   Increment on tard indicator:     0.0
   Value of tmax indicator:         2.0

Task for patient = 45 with skills = {5,-1} and cost = 108.0
   Vehicle #0 = 45, leaving at = 640.0
   Vehicle #1 = -1, leaving at = inf
   Increment on distance indicator: 2.0
   Increment on tard indicator:     0.0
   Value of tmax indicator:         2.0

Task for patient = 133 with skills = {3,-1} and cost = 113.3
   Vehicle #0 = 41, leaving at = 733.0
   Vehicle #1 = -1, leaving at = inf
   Increment on distance indicator: 2.0
   Increment on tard indicator:     0.0
   Value of tmax indicator:         2.0

Task for patient = 184 with skills = {2,3} and cost = 44.0
   Vehicle #0 = 1, leaving at = 672.0
   Vehicle #1 = 39, leaving at = 672.0
   Increment on distance indicator: 4.0
   Increment on tard indicator:     0.0
   Value of tmax indicator:         4.0

Task for patient = 14 with skills = {2,5} and cost = 42.7
   Vehicle #0 = 4, leaving at = 725.0
   Vehicle #1 = 40, leaving at = 725.0
   Increment on distance indicator: 8.0
   Increment on tard indicator:     0.0
   Value of tmax indicator:         8.0

Task for patient = 228 with skills = {1,3} and cost = 40.0
   Vehicle #0 = 3, leaving at = 715.0
   Vehicle #1 = 31, leaving at = 743.0
   Increment on distance indicator: 9.0
   Increment on tard indicator:     0.0
   Value of tmax indicator:         9.0

Task for patient = 257 with skills = {4,-1} and cost = 37.0
   Vehicle #0 = 31, leaving at = 689.0
   Vehicle #1 = -1, leaving at = inf
   Increment on distance indicator: 3.0
   Increment on tard indicator:     0.0
   Value of tmax indicator:         3.0

Task for patient = 100 with skills = {0,5} and cost = 36.0
   Vehicle #0 = 5, leaving at = 597.0
   Vehicle #1 = 39, leaving at = 597.0
   Increment on distance indicator: 8.0
   Increment on tard indicator:     0.0
   Value of tmax indicator:         8.0

Task for patient = 296 with skills = {1,-1} and cost = 33.3
   Vehicle #0 = 6, leaving at = 730.0
   Vehicle #1 = -1, leaving at = inf
   Increment on distance indicator: 2.0
   Increment on tard indicator:     0.0
   Value of tmax indicator:         2.0

Task for patient = 93 with skills = {5,-1} and cost = 32.7
   Vehicle #0 = 31, leaving at = 638.0
   Vehicle #1 = -1, leaving at = inf
   Increment on distance indicator: 7.0
   Increment on tard indicator:     0.0
   Value of tmax indicator:         7.0

Task for patient = 174 with skills = {2,-1} and cost = 30.3
   Vehicle #0 = 3, leaving at = 652.0
   Vehicle #1 = -1, leaving at = inf
   Increment on distance indicator: 6.0
   Increment on tard indicator:     0.0
   Value of tmax indicator:         6.0

Task for patient = 248 with skills = {1,3} and cost = 79.0
   Vehicle #0 = 13, leaving at = 655.0
   Vehicle #1 = 41, leaving at = 655.0
   Increment on distance indicator: 8.0
   Increment on tard indicator:     0.0
   Value of tmax indicator:         8.0

Task for patient = 293 with skills = {3,-1} and cost = 25.7
   Vehicle #0 = 32, leaving at = 757.0
   Vehicle #1 = -1, leaving at = inf
   Increment on distance indicator: 11.0
   Increment on tard indicator:     0.0
   Value of tmax indicator:         11.0

Task for patient = 195 with skills = {0,-1} and cost = 22.0
   Vehicle #0 = 2, leaving at = 602.0
   Vehicle #1 = -1, leaving at = inf
   Increment on distance indicator: 5.0
   Increment on tard indicator:     0.0
   Value of tmax indicator:         5.0

Task for patient = 18 with skills = {4,-1} and cost = 20.3
   Vehicle #0 = 34, leaving at = 556.0
   Vehicle #1 = -1, leaving at = inf
   Increment on distance indicator: 6.0
   Increment on tard indicator:     0.0
   Value of tmax indicator:         6.0

Task for patient = 196 with skills = {1,4} and cost = 18.3
   Vehicle #0 = 3, leaving at = 578.0
   Vehicle #1 = 33, leaving at = 592.0
   Increment on distance indicator: 18.0
   Increment on tard indicator:     0.0
   Value of tmax indicator:         18.0

Task for patient = 32 with skills = {3,-1} and cost = 12.3
   Vehicle #0 = 31, leaving at = 570.0
   Vehicle #1 = -1, leaving at = inf
   Increment on distance indicator: 14.0
   Increment on tard indicator:     0.0
   Value of tmax indicator:         14.0

Task for patient = 139 with skills = {3,-1} and cost = 7.7
   Vehicle #0 = 30, leaving at = 675.0
   Vehicle #1 = -1, leaving at = inf
   Increment on distance indicator: 2.0
   Increment on tard indicator:     0.0
   Value of tmax indicator:         2.0

Task for patient = 178 with skills = {2,5} and cost = 7.0
   Vehicle #0 = 1, leaving at = 617.0
   Vehicle #1 = 30, leaving at = 640.0
   Increment on distance indicator: 12.0
   Increment on tard indicator:     0.0
   Value of tmax indicator:         12.0

Task for patient = 120 with skills = {1,4} and cost = 3.0
   Vehicle #0 = 0, leaving at = 706.0
   Vehicle #1 = 32, leaving at = 690.0
   Increment on distance indicator: 4.0
   Increment on tard indicator:     0.0
   Value of tmax indicator:         4.0

Task for patient = 269 with skills = {4,-1} and cost = 1.7
   Vehicle #0 = 31, leaving at = 515.0
   Vehicle #1 = -1, leaving at = inf
   Increment on distance indicator: 5.0
   Increment on tard indicator:     0.0
   Value of tmax indicator:         5.0

Task for patient = 126 with skills = {0,3} and cost = 28.3
   Vehicle #0 = 2, leaving at = 733.0
   Vehicle #1 = 30, leaving at = 733.0
   Increment on distance indicator: 8.0
   Increment on tard indicator:     0.0
   Value of tmax indicator:         8.0

Task for patient = 17 with skills = {2,-1} and cost = 76.3
   Vehicle #0 = 12, leaving at = 564.0
   Vehicle #1 = -1, leaving at = inf
   Increment on distance indicator: 8.0
   Increment on tard indicator:     0.0
   Value of tmax indicator:         8.0

Task for patient = 41 with skills = {4,-1} and cost = 73.7
   Vehicle #0 = 37, leaving at = 733.0
   Vehicle #1 = -1, leaving at = inf
   Increment on distance indicator: 3.0
   Increment on tard indicator:     0.0
   Value of tmax indicator:         3.0

Task for patient = 223 with skills = {4,-1} and cost = 72.7
   Vehicle #0 = 36, leaving at = 650.0
   Vehicle #1 = -1, leaving at = inf
   Increment on distance indicator: 1.0
   Increment on tard indicator:     0.0
   Value of tmax indicator:         1.0

Task for patient = 233 with skills = {4,-1} and cost = 72.3
   Vehicle #0 = 36, leaving at = 619.0
   Vehicle #1 = -1, leaving at = inf
   Increment on distance indicator: 4.0
   Increment on tard indicator:     0.0
   Value of tmax indicator:         4.0

Task for patient = 214 with skills = {2,5} and cost = 71.0
   Vehicle #0 = 10, leaving at = 724.0
   Vehicle #1 = 39, leaving at = 724.0
   Increment on distance indicator: 3.0
   Increment on tard indicator:     0.0
   Value of tmax indicator:         3.0

Task for patient = 118 with skills = {2,-1} and cost = 70.0
   Vehicle #0 = 1, leaving at = 722.0
   Vehicle #1 = -1, leaving at = inf
   Increment on distance indicator: 1.0
   Increment on tard indicator:     0.0
   Value of tmax indicator:         1.0

Task for patient = 65 with skills = {1,-1} and cost = 69.7
   Vehicle #0 = 8, leaving at = 580.0
   Vehicle #1 = -1, leaving at = inf
   Increment on distance indicator: 3.0
   Increment on tard indicator:     0.0
   Value of tmax indicator:         3.0

Task for patient = 211 with skills = {1,3} and cost = 68.7
   Vehicle #0 = 8, leaving at = 534.0
   Vehicle #1 = 38, leaving at = 534.0
   Increment on distance indicator: 6.0
   Increment on tard indicator:     0.0
   Value of tmax indicator:         6.0

Task for patient = 103 with skills = {5,-1} and cost = 45.0
   Vehicle #0 = 30, leaving at = 785.0
   Vehicle #1 = -1, leaving at = inf
   Increment on distance indicator: 3.0
   Increment on tard indicator:     0.0
   Value of tmax indicator:         3.0

Task for patient = 78 with skills = {0,4} and cost = 66.3
   Vehicle #0 = 10, leaving at = 644.0
   Vehicle #1 = 34, leaving at = 689.0
   Increment on distance indicator: 3.0
   Increment on tard indicator:     0.0
   Value of tmax indicator:         3.0

Task for patient = 172 with skills = {0,-1} and cost = 65.3
   Vehicle #0 = 11, leaving at = 702.0
   Vehicle #1 = -1, leaving at = inf
   Increment on distance indicator: 4.0
   Increment on tard indicator:     0.0
   Value of tmax indicator:         4.0

Task for patient = 26 with skills = {2,5} and cost = 64.0
   Vehicle #0 = 5, leaving at = 691.0
   Vehicle #1 = 33, leaving at = 691.0
   Increment on distance indicator: 2.0
   Increment on tard indicator:     0.0
   Value of tmax indicator:         2.0

Task for patient = 71 with skills = {0,-1} and cost = 63.3
   Vehicle #0 = 9, leaving at = 746.0
   Vehicle #1 = -1, leaving at = inf
   Increment on distance indicator: 8.0
   Increment on tard indicator:     0.0
   Value of tmax indicator:         8.0

Task for patient = 109 with skills = {1,3} and cost = 60.7
   Vehicle #0 = 7, leaving at = 572.0
   Vehicle #1 = 36, leaving at = 572.0
   Increment on distance indicator: 20.0
   Increment on tard indicator:     0.0
   Value of tmax indicator:         20.0

Task for patient = 130 with skills = {4,-1} and cost = 54.0
   Vehicle #0 = 34, leaving at = 651.0
   Vehicle #1 = -1, leaving at = inf
   Increment on distance indicator: 1.0
   Increment on tard indicator:     0.0
   Value of tmax indicator:         1.0

Task for patient = 283 with skills = {0,4} and cost = 53.7
   Vehicle #0 = 10, leaving at = 593.0
   Vehicle #1 = 34, leaving at = 593.0
   Increment on distance indicator: 9.0
   Increment on tard indicator:     0.0
   Value of tmax indicator:         9.0

Task for patient = 110 with skills = {0,4} and cost = 50.7
   Vehicle #0 = 9, leaving at = 705.0
   Vehicle #1 = 35, leaving at = 747.0
   Increment on distance indicator: 4.0
   Increment on tard indicator:     0.0
   Value of tmax indicator:         4.0

Task for patient = 299 with skills = {0,3} and cost = 49.3
   Vehicle #0 = 5, leaving at = 631.0
   Vehicle #1 = 33, leaving at = 642.0
   Increment on distance indicator: 13.0
   Increment on tard indicator:     0.0
   Value of tmax indicator:         13.0

Task for patient = 191 with skills = {5,-1} and cost = 66.7
   Vehicle #0 = 40, leaving at = 749.0
   Vehicle #1 = -1, leaving at = inf
   Increment on distance indicator: 1.0
   Increment on tard indicator:     0.0
   Value of tmax indicator:         1.0

Task for patient = 127 with skills = {2,-1} and cost = 178.7
   Vehicle #0 = 24, leaving at = 643.0
   Vehicle #1 = -1, leaving at = inf
   Increment on distance indicator: 5.0
   Increment on tard indicator:     0.0
   Value of tmax indicator:         5.0

Task for patient = 102 with skills = {1,4} and cost = 177.0
   Vehicle #0 = 8, leaving at = 816.0
   Vehicle #1 = 51, leaving at = 822.0
   Increment on distance indicator: 2.0
   Increment on tard indicator:     0.0
   Value of tmax indicator:         2.0

Task for patient = 128 with skills = {0,-1} and cost = 176.3
   Vehicle #0 = 18, leaving at = 816.0
   Vehicle #1 = -1, leaving at = inf
   Increment on distance indicator: 1.0
   Increment on tard indicator:     0.0
   Value of tmax indicator:         1.0

Task for patient = 46 with skills = {1,3} and cost = 176.0
   Vehicle #0 = 8, leaving at = 779.0
   Vehicle #1 = 51, leaving at = 801.0
   Increment on distance indicator: 5.0
   Increment on tard indicator:     0.0
   Value of tmax indicator:         5.0

Task for patient = 25 with skills = {4,-1} and cost = 174.3
   Vehicle #0 = 51, leaving at = 777.0
   Vehicle #1 = -1, leaving at = inf
   Increment on distance indicator: 1.0
   Increment on tard indicator:     0.0
   Value of tmax indicator:         1.0

Task for patient = 273 with skills = {4,-1} and cost = 174.0
   Vehicle #0 = 51, leaving at = 740.0
   Vehicle #1 = -1, leaving at = inf
   Increment on distance indicator: 4.0
   Increment on tard indicator:     0.0
   Value of tmax indicator:         4.0

Task for patient = 153 with skills = {2,-1} and cost = 172.7
   Vehicle #0 = 11, leaving at = 778.0
   Vehicle #1 = -1, leaving at = inf
   Increment on distance indicator: 3.0
   Increment on tard indicator:     0.0
   Value of tmax indicator:         3.0

Task for patient = 51 with skills = {2,-1} and cost = 171.7
   Vehicle #0 = 22, leaving at = 710.0
   Vehicle #1 = -1, leaving at = inf
   Increment on distance indicator: 1.0
   Increment on tard indicator:     0.0
   Value of tmax indicator:         1.0

Task for patient = 43 with skills = {3,-1} and cost = 125.3
   Vehicle #0 = 47, leaving at = 642.0
   Vehicle #1 = -1, leaving at = inf
   Increment on distance indicator: 2.0
   Increment on tard indicator:     0.0
   Value of tmax indicator:         2.0

Task for patient = 154 with skills = {4,-1} and cost = 169.7
   Vehicle #0 = 51, leaving at = 677.0
   Vehicle #1 = -1, leaving at = inf
   Increment on distance indicator: 3.0
   Increment on tard indicator:     0.0
   Value of tmax indicator:         3.0

Task for patient = 142 with skills = {1,-1} and cost = 168.7
   Vehicle #0 = 22, leaving at = 677.0
   Vehicle #1 = -1, leaving at = inf
   Increment on distance indicator: 3.0
   Increment on tard indicator:     0.0
   Value of tmax indicator:         3.0

Task for patient = 159 with skills = {0,3} and cost = 167.7
   Vehicle #0 = 22, leaving at = 657.0
   Vehicle #1 = 52, leaving at = 694.0
   Increment on distance indicator: 3.0
   Increment on tard indicator:     0.0
   Value of tmax indicator:         3.0

Task for patient = 272 with skills = {1,-1} and cost = 166.7
   Vehicle #0 = 21, leaving at = 767.0
   Vehicle #1 = -1, leaving at = inf
   Increment on distance indicator: 1.0
   Increment on tard indicator:     0.0
   Value of tmax indicator:         1.0

Task for patient = 19 with skills = {4,-1} and cost = 166.3
   Vehicle #0 = 34, leaving at = 762.0
   Vehicle #1 = -1, leaving at = inf
   Increment on distance indicator: 2.0
   Increment on tard indicator:     0.0
   Value of tmax indicator:         2.0

Task for patient = 270 with skills = {0,-1} and cost = 165.7
   Vehicle #0 = 18, leaving at = 786.0
   Vehicle #1 = -1, leaving at = inf
   Increment on distance indicator: 0.0
   Increment on tard indicator:     0.0
   Value of tmax indicator:         0.0

Task for patient = 131 with skills = {3,-1} and cost = 165.7
   Vehicle #0 = 52, leaving at = 649.0
   Vehicle #1 = -1, leaving at = inf
   Increment on distance indicator: 2.0
   Increment on tard indicator:     0.0
   Value of tmax indicator:         2.0

Task for patient = 244 with skills = {2,-1} and cost = 165.0
   Vehicle #0 = 5, leaving at = 780.0
   Vehicle #1 = -1, leaving at = inf
   Increment on distance indicator: 3.0
   Increment on tard indicator:     0.0
   Value of tmax indicator:         3.0

Task for patient = 219 with skills = {0,4} and cost = 171.3
   Vehicle #0 = 12, leaving at = 802.0
   Vehicle #1 = 41, leaving at = 811.0
   Increment on distance indicator: 5.0
   Increment on tard indicator:     0.0
   Value of tmax indicator:         5.0

Task for patient = 183 with skills = {0,3} and cost = 340.3
   Vehicle #0 = 20, leaving at = 993.0
   Vehicle #1 = 47, leaving at = 993.0
   Increment on distance indicator: 8.0
   Increment on tard indicator:     0.0
   Value of tmax indicator:         8.0

Task for patient = 69 with skills = {4,-1} and cost = 193.3
   Vehicle #0 = 34, leaving at = 894.0
   Vehicle #1 = -1, leaving at = inf
   Increment on distance indicator: 2.0
   Increment on tard indicator:     0.0
   Value of tmax indicator:         2.0

Task for patient = 284 with skills = {3,-1} and cost = 192.7
   Vehicle #0 = 52, leaving at = 782.0
   Vehicle #1 = -1, leaving at = inf
   Increment on distance indicator: 1.0
   Increment on tard indicator:     0.0
   Value of tmax indicator:         1.0

Task for patient = 173 with skills = {2,3} and cost = 192.3
   Vehicle #0 = 10, leaving at = 898.0
   Vehicle #1 = 38, leaving at = 898.0
   Increment on distance indicator: 2.0
   Increment on tard indicator:     0.0
   Value of tmax indicator:         2.0

Task for patient = 56 with skills = {0,4} and cost = 191.7
   Vehicle #0 = 24, leaving at = 862.0
   Vehicle #1 = 34, leaving at = 842.0
   Increment on distance indicator: 4.0
   Increment on tard indicator:     0.0
   Value of tmax indicator:         4.0

Task for patient = 262 with skills = {2,-1} and cost = 190.3
   Vehicle #0 = 24, leaving at = 774.0
   Vehicle #1 = -1, leaving at = inf
   Increment on distance indicator: 3.0
   Increment on tard indicator:     0.0
   Value of tmax indicator:         3.0

Task for patient = 217 with skills = {2,-1} and cost = 189.3
   Vehicle #0 = 4, leaving at = 854.0
   Vehicle #1 = -1, leaving at = inf
   Increment on distance indicator: 1.0
   Increment on tard indicator:     0.0
   Value of tmax indicator:         1.0

Task for patient = 12 with skills = {4,-1} and cost = 189.0
   Vehicle #0 = 46, leaving at = 767.0
   Vehicle #1 = -1, leaving at = inf
   Increment on distance indicator: 2.0
   Increment on tard indicator:     0.0
   Value of tmax indicator:         2.0

Task for patient = 265 with skills = {3,-1} and cost = 179.3
   Vehicle #0 = 49, leaving at = 846.0
   Vehicle #1 = -1, leaving at = inf
   Increment on distance indicator: 2.0
   Increment on tard indicator:     0.0
   Value of tmax indicator:         2.0

Task for patient = 39 with skills = {1,3} and cost = 186.0
   Vehicle #0 = 16, leaving at = 851.0
   Vehicle #1 = 38, leaving at = 851.0
   Increment on distance indicator: 3.0
   Increment on tard indicator:     0.0
   Value of tmax indicator:         3.0

Task for patient = 280 with skills = {1,-1} and cost = 185.0
   Vehicle #0 = 19, leaving at = 804.0
   Vehicle #1 = -1, leaving at = inf
   Increment on distance indicator: 3.0
   Increment on tard indicator:     0.0
   Value of tmax indicator:         3.0

Task for patient = 58 with skills = {0,-1} and cost = 184.0
   Vehicle #0 = 5, leaving at = 801.0
   Vehicle #1 = -1, leaving at = inf
   Increment on distance indicator: 3.0
   Increment on tard indicator:     0.0
   Value of tmax indicator:         3.0

Task for patient = 249 with skills = {2,-1} and cost = 183.0
   Vehicle #0 = 25, leaving at = 1008.0
   Vehicle #1 = -1, leaving at = inf
   Increment on distance indicator: 0.0
   Increment on tard indicator:     0.0
   Value of tmax indicator:         0.0

Task for patient = 250 with skills = {4,-1} and cost = 183.0
   Vehicle #0 = 44, leaving at = 754.0
   Vehicle #1 = -1, leaving at = inf
   Increment on distance indicator: 1.0
   Increment on tard indicator:     0.0
   Value of tmax indicator:         1.0

Task for patient = 28 with skills = {1,-1} and cost = 182.7
   Vehicle #0 = 24, leaving at = 720.0
   Vehicle #1 = -1, leaving at = inf
   Increment on distance indicator: 1.0
   Increment on tard indicator:     0.0
   Value of tmax indicator:         1.0

Task for patient = 44 with skills = {0,-1} and cost = 182.3
   Vehicle #0 = 20, leaving at = 589.0
   Vehicle #1 = -1, leaving at = inf
   Increment on distance indicator: 7.0
   Increment on tard indicator:     0.0
   Value of tmax indicator:         7.0

Task for patient = 125 with skills = {0,-1} and cost = 180.0
   Vehicle #0 = 24, leaving at = 690.0
   Vehicle #1 = -1, leaving at = inf
   Increment on distance indicator: 0.0
   Increment on tard indicator:     0.0
   Value of tmax indicator:         0.0

Task for patient = 289 with skills = {4,-1} and cost = 180.0
   Vehicle #0 = 34, leaving at = 816.0
   Vehicle #1 = -1, leaving at = inf
   Increment on distance indicator: 2.0
   Increment on tard indicator:     0.0
   Value of tmax indicator:         2.0

Task for patient = 94 with skills = {2,3} and cost = 188.3
   Vehicle #0 = 4, leaving at = 763.0
   Vehicle #1 = 50, leaving at = 776.0
   Increment on distance indicator: 7.0
   Increment on tard indicator:     0.0
   Value of tmax indicator:         7.0

Task for patient = 282 with skills = {0,-1} and cost = 143.7
   Vehicle #0 = 21, leaving at = 540.0
   Vehicle #1 = -1, leaving at = inf
   Increment on distance indicator: 6.0
   Increment on tard indicator:     0.0
   Value of tmax indicator:         6.0

Task for patient = 290 with skills = {4,-1} and cost = 141.7
   Vehicle #0 = 37, leaving at = 816.0
   Vehicle #1 = -1, leaving at = inf
   Increment on distance indicator: 2.0
   Increment on tard indicator:     0.0
   Value of tmax indicator:         2.0

Task for patient = 263 with skills = {2,-1} and cost = 141.0
   Vehicle #0 = 2, leaving at = 865.0
   Vehicle #1 = -1, leaving at = inf
   Increment on distance indicator: 1.0
   Increment on tard indicator:     0.0
   Value of tmax indicator:         1.0

Task for patient = 167 with skills = {3,-1} and cost = 140.7
   Vehicle #0 = 43, leaving at = 769.0
   Vehicle #1 = -1, leaving at = inf
   Increment on distance indicator: 1.0
   Increment on tard indicator:     0.0
   Value of tmax indicator:         1.0

Task for patient = 224 with skills = {1,5} and cost = 140.3
   Vehicle #0 = 3, leaving at = 891.0
   Vehicle #1 = 30, leaving at = 891.0
   Increment on distance indicator: 2.0
   Increment on tard indicator:     0.0
   Value of tmax indicator:         2.0

Task for patient = 88 with skills = {2,4} and cost = 139.7
   Vehicle #0 = 15, leaving at = 742.0
   Vehicle #1 = 36, leaving at = 742.0
   Increment on distance indicator: 8.0
   Increment on tard indicator:     0.0
   Value of tmax indicator:         8.0

Task for patient = 146 with skills = {2,5} and cost = 137.0
   Vehicle #0 = 3, leaving at = 836.0
   Vehicle #1 = 30, leaving at = 836.0
   Increment on distance indicator: 3.0
   Increment on tard indicator:     0.0
   Value of tmax indicator:         3.0

Task for patient = 229 with skills = {0,-1} and cost = 136.0
   Vehicle #0 = 17, leaving at = 620.0
   Vehicle #1 = -1, leaving at = inf
   Increment on distance indicator: 2.0
   Increment on tard indicator:     0.0
   Value of tmax indicator:         2.0

Task for patient = 79 with skills = {3,-1} and cost = 164.0
   Vehicle #0 = 52, leaving at = 595.0
   Vehicle #1 = -1, leaving at = inf
   Increment on distance indicator: 5.0
   Increment on tard indicator:     0.0
   Value of tmax indicator:         5.0

Task for patient = 168 with skills = {1,3} and cost = 134.7
   Vehicle #0 = 20, leaving at = 549.0
   Vehicle #1 = 51, leaving at = 555.0
   Increment on distance indicator: 6.0
   Increment on tard indicator:     0.0
   Value of tmax indicator:         6.0

Task for patient = 70 with skills = {1,3} and cost = 132.7
   Vehicle #0 = 17, leaving at = 574.0
   Vehicle #1 = 43, leaving at = 614.0
   Increment on distance indicator: 9.0
   Increment on tard indicator:     0.0
   Value of tmax indicator:         9.0

Task for patient = 234 with skills = {3,-1} and cost = 129.7
   Vehicle #0 = 50, leaving at = 595.0
   Vehicle #1 = -1, leaving at = inf
   Increment on distance indicator: 3.0
   Increment on tard indicator:     0.0
   Value of tmax indicator:         3.0

Task for patient = 38 with skills = {3,-1} and cost = 128.7
   Vehicle #0 = 49, leaving at = 785.0
   Vehicle #1 = -1, leaving at = inf
   Increment on distance indicator: 1.0
   Increment on tard indicator:     0.0
   Value of tmax indicator:         1.0

Task for patient = 179 with skills = {1,-1} and cost = 128.3
   Vehicle #0 = 16, leaving at = 806.0
   Vehicle #1 = -1, leaving at = inf
   Increment on distance indicator: 1.0
   Increment on tard indicator:     0.0
   Value of tmax indicator:         1.0

Task for patient = 13 with skills = {1,-1} and cost = 128.0
   Vehicle #0 = 16, leaving at = 665.0
   Vehicle #1 = -1, leaving at = inf
   Increment on distance indicator: 2.0
   Increment on tard indicator:     0.0
   Value of tmax indicator:         2.0

Task for patient = 237 with skills = {0,4} and cost = 127.3
   Vehicle #0 = 18, leaving at = 744.0
   Vehicle #1 = 38, leaving at = 742.0
   Increment on distance indicator: 2.0
   Increment on tard indicator:     0.0
   Value of tmax indicator:         2.0

Task for patient = 190 with skills = {1,3} and cost = 126.7
   Vehicle #0 = 0, leaving at = 783.0
   Vehicle #1 = 48, leaving at = 783.0
   Increment on distance indicator: 2.0
   Increment on tard indicator:     0.0
   Value of tmax indicator:         2.0

Task for patient = 231 with skills = {0,-1} and cost = 126.0
   Vehicle #0 = 13, leaving at = 738.0
   Vehicle #1 = -1, leaving at = inf
   Increment on distance indicator: 2.0
   Increment on tard indicator:     0.0
   Value of tmax indicator:         2.0

Task for patient = 144 with skills = {2,-1} and cost = 135.3
   Vehicle #0 = 1, leaving at = 816.0
   Vehicle #1 = -1, leaving at = inf
   Increment on distance indicator: 2.0
   Increment on tard indicator:     0.0
   Value of tmax indicator:         2.0

Task for patient = 140 with skills = {4,-1} and cost = 162.3
   Vehicle #0 = 51, leaving at = 638.0
   Vehicle #1 = -1, leaving at = inf
   Increment on distance indicator: 1.0
   Increment on tard indicator:     0.0
   Value of tmax indicator:         1.0

Task for patient = 254 with skills = {1,5} and cost = 162.0
   Vehicle #0 = 19, leaving at = 782.0
   Vehicle #1 = 47, leaving at = 782.0
   Increment on distance indicator: 4.0
   Increment on tard indicator:     0.0
   Value of tmax indicator:         4.0

Task for patient = 166 with skills = {1,-1} and cost = 160.7
   Vehicle #0 = 17, leaving at = 654.0
   Vehicle #1 = -1, leaving at = inf
   Increment on distance indicator: 4.0
   Increment on tard indicator:     0.0
   Value of tmax indicator:         4.0

Task for patient = 226 with skills = {2,-1} and cost = 159.3
   Vehicle #0 = 24, leaving at = 592.0
   Vehicle #1 = -1, leaving at = inf
   Increment on distance indicator: 4.0
   Increment on tard indicator:     0.0
   Value of tmax indicator:         4.0

Task for patient = 268 with skills = {4,-1} and cost = 158.0
   Vehicle #0 = 51, leaving at = 618.0
   Vehicle #1 = -1, leaving at = inf
   Increment on distance indicator: 3.0
   Increment on tard indicator:     0.0
   Value of tmax indicator:         3.0

Task for patient = 150 with skills = {2,-1} and cost = 157.0
   Vehicle #0 = 22, leaving at = 543.0
   Vehicle #1 = -1, leaving at = inf
   Increment on distance indicator: 9.0
   Increment on tard indicator:     0.0
   Value of tmax indicator:         9.0

Task for patient = 145 with skills = {1,5} and cost = 154.0
   Vehicle #0 = 19, leaving at = 728.0
   Vehicle #1 = 47, leaving at = 728.0
   Increment on distance indicator: 4.0
   Increment on tard indicator:     0.0
   Value of tmax indicator:         4.0

Task for patient = 194 with skills = {3,-1} and cost = 152.7
   Vehicle #0 = 39, leaving at = 824.0
   Vehicle #1 = -1, leaving at = inf
   Increment on distance indicator: 1.0
   Increment on tard indicator:     0.0
   Value of tmax indicator:         1.0

Task for patient = 241 with skills = {2,-1} and cost = 144.3
   Vehicle #0 = 13, leaving at = 767.0
   Vehicle #1 = -1, leaving at = inf
   Increment on distance indicator: 2.0
   Increment on tard indicator:     0.0
   Value of tmax indicator:         2.0

Task for patient = 215 with skills = {3,-1} and cost = 152.0
   Vehicle #0 = 50, leaving at = 696.0
   Vehicle #1 = -1, leaving at = inf
   Increment on distance indicator: 1.0
   Increment on tard indicator:     0.0
   Value of tmax indicator:         1.0

Task for patient = 198 with skills = {0,3} and cost = 151.7
   Vehicle #0 = 21, leaving at = 750.0
   Vehicle #1 = 38, leaving at = 794.0
   Increment on distance indicator: 4.0
   Increment on tard indicator:     0.0
   Value of tmax indicator:         4.0

Task for patient = 181 with skills = {5,-1} and cost = 150.3
   Vehicle #0 = 52, leaving at = 530.0
   Vehicle #1 = -1, leaving at = inf
   Increment on distance indicator: 2.0
   Increment on tard indicator:     0.0
   Value of tmax indicator:         2.0

Task for patient = 80 with skills = {5,-1} and cost = 149.7
   Vehicle #0 = 52, leaving at = 511.0
   Vehicle #1 = -1, leaving at = inf
   Increment on distance indicator: 5.0
   Increment on tard indicator:     0.0
   Value of tmax indicator:         5.0

Task for patient = 291 with skills = {3,-1} and cost = 148.0
   Vehicle #0 = 50, leaving at = 652.0
   Vehicle #1 = -1, leaving at = inf
   Increment on distance indicator: 2.0
   Increment on tard indicator:     0.0
   Value of tmax indicator:         2.0

Task for patient = 115 with skills = {3,-1} and cost = 147.3
   Vehicle #0 = 50, leaving at = 617.0
   Vehicle #1 = -1, leaving at = inf
   Increment on distance indicator: 2.0
   Increment on tard indicator:     0.0
   Value of tmax indicator:         2.0

Task for patient = 253 with skills = {5,-1} and cost = 146.7
   Vehicle #0 = 40, leaving at = 982.0
   Vehicle #1 = -1, leaving at = inf
   Increment on distance indicator: 1.0
   Increment on tard indicator:     0.0
   Value of tmax indicator:         1.0

Task for patient = 193 with skills = {3,-1} and cost = 146.3
   Vehicle #0 = 39, leaving at = 806.0
   Vehicle #1 = -1, leaving at = inf
   Increment on distance indicator: 1.0
   Increment on tard indicator:     0.0
   Value of tmax indicator:         1.0

Task for patient = 36 with skills = {2,5} and cost = 146.0
   Vehicle #0 = 19, leaving at = 686.0
   Vehicle #1 = 47, leaving at = 686.0
   Increment on distance indicator: 5.0
   Increment on tard indicator:     0.0
   Value of tmax indicator:         5.0

Task for patient = 37 with skills = {3,-1} and cost = 152.3
   Vehicle #0 = 44, leaving at = 694.0
   Vehicle #1 = -1, leaving at = inf
   Increment on distance indicator: 1.0
   Increment on tard indicator:     0.0
   Value of tmax indicator:         1.0


Unused vehicle list: 23 27 28 29 42 54 55 56 57 58 59 (total = 11 out of 60)

---
Search finished.
Total of 1900 generations in 1439.1 seconds.
Exchange elite runs: 23
Implicit path relinking runs: 10
Reset attempts: 1

Best solution found:
   Cost: 432.7
   Total travel time: 1295.0
   Total tardiness time: 2.0
   Largest tardiness: 1.0


432.7
