This host is: ifrit
--- BRKGA-MP-IPR for HHCRSP ---
Instance: /home/alberto/work/hhcrsp-dataset-2021/dataset2/HHCRSP_25_5_42_1.6_R_C.txt
Seed: 12

Reading data... Problem contains 25 patients  and 5 caregivers.

Summary of supply x demand for each service type:
Skill 0 has supply = 1 and demand = 2, ratio = 0.5
Skill 1 has supply = 1 and demand = 1, ratio = 1
Skill 2 has supply = 1 and demand = 14, ratio = 0.0714286
Skill 3 has supply = 2 and demand = 5, ratio = 0.4
Skill 4 has supply = 2 and demand = 4, ratio = 0.5
Skill 5 has supply = 2 and demand = 7, ratio = 0.285714

Reading parameters...
Inferred distance function by PR type: kendall-tau
Building BRKGA data and initializing...
Evolving 1900 generations...

  Gens  Rem    Local   ElDiv NoImpr             Best solution            Time  Op
                                       Cost     Dist    Tard    TMax 
*    0 1900  1170.33  252.75      0  1170.33   341.00  2492.0   678.0     0.1    
*    2 1898  1083.00  205.16      0  1083.00   303.00  1844.0   572.0     0.2    
*    3 1897   906.33  180.69      0   906.33   305.00  1730.0   276.0     0.2    
*    4 1896   770.33  148.13      0   770.33   313.00  1666.0   308.0     0.3    
*    5 1895   762.33  119.77      0   762.33   301.00  1326.0   340.0     0.3    
*    6 1894   655.67  102.38      0   655.67   310.00  1137.0   356.0     0.4    
*    7 1893   601.00   81.75      0   601.00   310.00  1137.0   356.0     0.4    
*    9 1891   565.67   51.44      0   565.67   332.00  1028.0   314.0     0.6    
*   10 1890   558.00   43.80      0   558.00   294.00   995.0   182.0     0.6    
*   11 1889   490.33   37.80      0   490.33   294.00   995.0   182.0     0.7    
*   15 1885   487.00   20.65      0   487.00   310.00   878.0   236.0     0.9    
*   16 1884   474.67   19.97      0   474.67   297.00   882.0   175.0     0.9    
*   17 1883   451.33   17.65      0   451.33   297.00   882.0   175.0     1.0    
*   19 1881   448.33   16.38      0   448.33   298.00   862.0   172.0     1.1    
*   20 1880   444.00   15.38      0   444.00   285.00   842.0   186.0     1.2    

  Gens  Rem    Local   ElDiv NoImpr             Best solution            Time  Op
                                       Cost     Dist    Tard    TMax 
*   21 1879   437.67   14.18      0   437.67   285.00   842.0   186.0     1.2    
*   25 1875   434.00    9.11      0   434.00   292.00   831.0   179.0     1.4    
*   27 1873   433.67    6.30      0   433.67   293.00   839.0   169.0     1.5    
*   30 1870   432.67    3.15      0   432.67   282.00   831.0   179.0     1.7    
*   31 1869   430.67    3.30      0   430.67   282.00   831.0   179.0     1.8    
*   36 1864   429.33    4.00      0   429.33   278.00   831.0   179.0     2.0    
*   39 1861   429.00    3.58      0   429.00   281.00   837.0   169.0     2.2    
*   41 1859   428.67    3.21      0   428.67   280.00   837.0   169.0     2.3    
    50 1850   428.67    1.12      9   428.67   280.00   837.0   169.0     2.8    
*   53 1847   428.33    0.89      0   428.33   269.00   847.0   169.0     3.0    
*   60 1840   427.33    0.83      0   427.33   270.00   839.0   173.0     3.4    
    80 1820   427.33    0.31     21   427.33   270.00   839.0   173.0     4.5   X
*  100 1800   427.00    0.02      0   427.00   275.00   837.0   169.0     5.6    
*  150 1750   426.33    0.09      0   426.33   267.00   839.0   173.0     8.3    
   160 1740   426.33    0.44     11   426.33   267.00   839.0   173.0     8.8   X
Path relinking result: no improvement.
   180 1720   426.33    0.00     31   426.33   267.00   839.0   173.0     9.9   P

  Gens  Rem    Local   ElDiv NoImpr             Best solution            Time  Op
                                       Cost     Dist    Tard    TMax 
   200 1700   426.33    0.00     50   426.33   267.00   839.0   173.0    11.0    
   229 1671      inf  295.53      0   426.33   267.00   839.0   173.0    12.6   R
   230 1670  1328.00  245.68      0   426.33   267.00   839.0   173.0    12.7    
   240 1660   522.33   31.41      1   426.33   267.00   839.0   173.0    13.2   X
   250 1650   438.33   11.81      2   426.33   267.00   839.0   173.0    13.8    
   300 1600   428.67    0.00     29   426.33   267.00   839.0   173.0    16.5    
   320 1580   428.67    0.00     50   426.33   267.00   839.0   173.0    17.6   X
   350 1550   428.67    0.00     79   426.33   267.00   839.0   173.0    19.3    
   350 1550      inf  317.56      0   426.33   267.00   839.0   173.0    19.3   R
   351 1549  1082.33  270.66      0   426.33   267.00   839.0   173.0    19.3    
Path relinking result: elite improvement.
   360 1540   554.00   53.97      0   426.33   267.00   839.0   173.0    19.8   P
   400 1500   428.67    0.43      2   426.33   267.00   839.0   173.0    22.0    
   400 1500   428.33    0.37      0   426.33   267.00   839.0   173.0    22.0   X
   450 1450   428.33    0.03     49   426.33   267.00   839.0   173.0    24.8    
   480 1420   428.00    0.09     21   426.33   267.00   839.0   173.0    26.4   X
   500 1400   427.33    0.15      3   426.33   267.00   839.0   173.0    27.5    
Path relinking result: elite improvement.

  Gens  Rem    Local   ElDiv NoImpr             Best solution            Time  Op
                                       Cost     Dist    Tard    TMax 
   540 1360   426.33    0.48      4   426.33   267.00   839.0   173.0    29.7   P
   550 1350   426.33    0.97     13   426.33   267.00   839.0   173.0    30.3    
   560 1340   426.33    0.76     24   426.33   267.00   839.0   173.0    30.8   X
   600 1300   426.33    0.00     63   426.33   267.00   839.0   173.0    33.0    
   616 1284      inf  304.74      0   426.33   267.00   839.0   173.0    33.9   R
   617 1283  1278.00  252.53      0   426.33   267.00   839.0   173.0    33.9    
   640 1260   438.00    5.02      0   426.33   267.00   839.0   173.0    35.2   X
   650 1250   430.00    1.80      0   426.33   267.00   839.0   173.0    35.8    
   700 1200   428.00    0.32     47   426.33   267.00   839.0   173.0    38.5    
Path relinking result: elite improvement.
   720 1180   428.00    0.30     68   426.33   267.00   839.0   173.0    39.6  PX
   732 1168      inf  286.12      0   426.33   267.00   839.0   173.0    40.3   R
   733 1167  1117.67  258.80      0   426.33   267.00   839.0   173.0    40.3    
   750 1150   465.67   13.77      0   426.33   267.00   839.0   173.0    41.3    
   800 1100   428.33    0.79     18   426.33   267.00   839.0   173.0    44.0    
   800 1100   428.33    0.79     19   426.33   267.00   839.0   173.0    44.0   X
   850 1050   428.33    0.06     68   426.33   267.00   839.0   173.0    46.7    

  Gens  Rem    Local   ElDiv NoImpr             Best solution            Time  Op
                                       Cost     Dist    Tard    TMax 
   861 1039      inf  291.90      0   426.33   267.00   839.0   173.0    47.4   R
   862 1038  1231.33  250.10      0   426.33   267.00   839.0   173.0    47.4    
   880 1020   452.00    7.83      0   426.33   267.00   839.0   173.0    48.4   X
   900 1000   429.67    1.51      0   426.33   267.00   839.0   173.0    49.5    
Path relinking result: elite improvement.
   900 1000   429.67    1.52      1   426.33   267.00   839.0   173.0    49.5   P
   950  950   428.67    0.00     47   426.33   267.00   839.0   173.0    52.2    
   960  940   428.67    0.00     58   426.33   267.00   839.0   173.0    52.8   X
   982  918      inf  310.12      0   426.33   267.00   839.0   173.0    54.0   R
   983  917  1166.00  240.52      0   426.33   267.00   839.0   173.0    54.1    
  1000  900   463.67   15.83      0   426.33   267.00   839.0   173.0    55.0    
  1040  860   427.00    0.22     12   426.33   267.00   839.0   173.0    57.2   X
  1050  850   426.33    0.29      4   426.33   267.00   839.0   173.0    57.7    
Path relinking result: elite improvement.
  1080  820   426.33    1.08     35   426.33   267.00   839.0   173.0    59.4   P
  1100  800   426.33    1.03     54   426.33   267.00   839.0   173.0    60.5    
  1120  780   426.33    0.00     75   426.33   267.00   839.0   173.0    61.6   X
  1125  775      inf  318.46      0   426.33   267.00   839.0   173.0    61.9   R

  Gens  Rem    Local   ElDiv NoImpr             Best solution            Time  Op
                                       Cost     Dist    Tard    TMax 
  1126  774  1046.00  241.79      0   426.33   267.00   839.0   173.0    61.9    
  1150  750   438.33    6.32      0   426.33   267.00   839.0   173.0    63.2    
  1200  700   427.33    0.33     11   426.33   267.00   839.0   173.0    66.0    
  1200  700   427.33    0.34     12   426.33   267.00   839.0   173.0    66.0   X
  1250  650   426.33    0.47     48   426.33   267.00   839.0   173.0    68.7    
Path relinking result: elite improvement.
  1260  640   426.33    0.47     59   426.33   267.00   839.0   173.0    69.3   P
  1280  620   426.33    0.47     79   426.33   267.00   839.0   173.0    70.4   X
  1281  619      inf  301.77      0   426.33   267.00   839.0   173.0    70.4   R
  1282  618  1296.67  249.47      0   426.33   267.00   839.0   173.0    70.5    
  1300  600   460.67   15.43      1   426.33   267.00   839.0   173.0    71.5    
  1350  550   428.67    0.49     28   426.33   267.00   839.0   173.0    74.2    
  1360  540   428.67    0.00     39   426.33   267.00   839.0   173.0    74.8   X
  1400  500   428.67    0.00     78   426.33   267.00   839.0   173.0    77.0    
  1401  499      inf  287.00      0   426.33   267.00   839.0   173.0    77.0   R
  1402  498  1030.00  247.60      0   426.33   267.00   839.0   173.0    77.1    
Path relinking result: elite improvement.
  1440  460   428.67    1.05      0   426.33   267.00   839.0   173.0    79.2  PX

  Gens  Rem    Local   ElDiv NoImpr             Best solution            Time  Op
                                       Cost     Dist    Tard    TMax 
  1450  450   427.00    1.40      1   426.33   267.00   839.0   173.0    79.7    
  1500  400   426.33    0.00     48   426.33   267.00   839.0   173.0    82.5    
  1520  380   426.33    0.00     69   426.33   267.00   839.0   173.0    83.6   X
  1531  369      inf  317.02      0   426.33   267.00   839.0   173.0    84.2   R
  1532  368  1252.33  266.43      0   426.33   267.00   839.0   173.0    84.2    
  1550  350   447.67   16.90      0   426.33   267.00   839.0   173.0    85.2    
  1600  300   426.33    0.84      2   426.33   267.00   839.0   173.0    88.0    
  1600  300   426.33    0.65      3   426.33   267.00   839.0   173.0    88.0   X
Path relinking result: no improvement.
  1620  280   426.33    0.32     23   426.33   267.00   839.0   173.0    89.1   P
  1650  250   426.33    0.00     52   426.33   267.00   839.0   173.0    90.7    
* 1676  224   425.33    0.06      0   425.33   264.00   839.0   173.0    92.1    
  1680  220   425.33    0.17      5   425.33   264.00   839.0   173.0    92.4   X
  1700  200   425.33    0.00     24   425.33   264.00   839.0   173.0    93.5    
  1750  150   425.33    0.00     74   425.33   264.00   839.0   173.0    96.2    
  1755  145      inf  305.84      0   425.33   264.00   839.0   173.0    96.5   R
  1756  144  1151.33  268.46      0   425.33   264.00   839.0   173.0    96.5    

  Gens  Rem    Local   ElDiv NoImpr             Best solution            Time  Op
                                       Cost     Dist    Tard    TMax 
  1760  140   787.33  104.73      0   425.33   264.00   839.0   173.0    96.8   X
  1800  100   428.00    0.74      8   425.33   264.00   839.0   173.0    99.0    
Path relinking result: elite improvement.
  1800  100   428.00    0.74      9   425.33   264.00   839.0   173.0    99.0   P
  1840   60   428.00    0.07     49   425.33   264.00   839.0   173.0   101.2   X
  1850   50   428.00    0.07     58   425.33   264.00   839.0   173.0   101.7    
  1871   29      inf  294.17      0   425.33   264.00   839.0   173.0   102.9   R
  1872   28  1190.00  256.89      0   425.33   264.00   839.0   173.0   102.9    
  1900    0   435.00    6.13      2   425.33   264.00   839.0   173.0   104.4    
Evolutionary process finished.
Solution written to 'solution-12663.txt'.

Sorted sequence of worst to best tardiness value:
Task for patient = 16 with skills = {2,-1} and cost = 350.3
   Vehicle #0 = 1, leaving at = 1257.0
   Vehicle #1 = -1, leaving at = inf
   Increment on distance indicator: 3.0
   Increment on tard indicator:     169.0
   Value of tmax indicator:         3.0

Task for patient = 18 with skills = {2,-1} and cost = 204.7
   Vehicle #0 = 1, leaving at = 1122.0
   Vehicle #1 = -1, leaving at = inf
   Increment on distance indicator: 3.0
   Increment on tard indicator:     169.0
   Value of tmax indicator:         3.0

Task for patient = 3 with skills = {2,-1} and cost = 411.7
   Vehicle #0 = 1, leaving at = 1308.0
   Vehicle #1 = -1, leaving at = inf
   Increment on distance indicator: 6.0
   Increment on tard indicator:     161.0
   Value of tmax indicator:         6.0

Task for patient = 23 with skills = {2,-1} and cost = 293.0
   Vehicle #0 = 1, leaving at = 1210.0
   Vehicle #1 = -1, leaving at = inf
   Increment on distance indicator: 6.0
   Increment on tard indicator:     133.0
   Value of tmax indicator:         6.0

Task for patient = 15 with skills = {2,-1} and cost = 246.7
   Vehicle #0 = 1, leaving at = 1160.0
   Vehicle #1 = -1, leaving at = inf
   Increment on distance indicator: 7.0
   Increment on tard indicator:     119.0
   Value of tmax indicator:         7.0

Task for patient = 1 with skills = {2,3} and cost = 65.3
   Vehicle #0 = 1, leaving at = 913.0
   Vehicle #1 = 2, leaving at = 931.0
   Increment on distance indicator: 12.0
   Increment on tard indicator:     26.0
   Value of tmax indicator:         12.0

Task for patient = 22 with skills = {2,3} and cost = 41.0
   Vehicle #0 = 1, leaving at = 770.0
   Vehicle #1 = 2, leaving at = 770.0
   Increment on distance indicator: 11.0
   Increment on tard indicator:     24.0
   Value of tmax indicator:         11.0

Task for patient = 19 with skills = {2,5} and cost = 98.3
   Vehicle #0 = 1, leaving at = 1069.0
   Vehicle #1 = 3, leaving at = 1088.0
   Increment on distance indicator: 8.0
   Increment on tard indicator:     24.0
   Value of tmax indicator:         8.0

Task for patient = 7 with skills = {2,-1} and cost = 45.3
   Vehicle #0 = 1, leaving at = 820.0
   Vehicle #1 = -1, leaving at = inf
   Increment on distance indicator: 2.0
   Increment on tard indicator:     11.0
   Value of tmax indicator:         2.0

Task for patient = 13 with skills = {0,3} and cost = 23.0
   Vehicle #0 = 1, leaving at = 693.0
   Vehicle #1 = 2, leaving at = 683.0
   Increment on distance indicator: 18.0
   Increment on tard indicator:     3.0
   Value of tmax indicator:         18.0

Task for patient = 5 with skills = {5,-1} and cost = 356.0
   Vehicle #0 = 4, leaving at = 1136.0
   Vehicle #1 = -1, leaving at = inf
   Increment on distance indicator: 17.0
   Increment on tard indicator:     0.0
   Value of tmax indicator:         17.0

Task for patient = 6 with skills = {5,-1} and cost = 87.7
   Vehicle #0 = 4, leaving at = 1067.0
   Vehicle #1 = -1, leaving at = inf
   Increment on distance indicator: 1.0
   Increment on tard indicator:     0.0
   Value of tmax indicator:         1.0

Task for patient = 24 with skills = {1,5} and cost = 87.3
   Vehicle #0 = 0, leaving at = 1040.0
   Vehicle #1 = 4, leaving at = 1040.0
   Increment on distance indicator: 21.0
   Increment on tard indicator:     0.0
   Value of tmax indicator:         21.0

Task for patient = 20 with skills = {3,-1} and cost = 80.3
   Vehicle #0 = 4, leaving at = 953.0
   Vehicle #1 = -1, leaving at = inf
   Increment on distance indicator: 1.0
   Increment on tard indicator:     0.0
   Value of tmax indicator:         1.0

Task for patient = 11 with skills = {5,-1} and cost = 80.0
   Vehicle #0 = 4, leaving at = 903.0
   Vehicle #1 = -1, leaving at = inf
   Increment on distance indicator: 18.0
   Increment on tard indicator:     0.0
   Value of tmax indicator:         18.0

Task for patient = 21 with skills = {2,4} and cost = 74.0
   Vehicle #0 = 1, leaving at = 1025.0
   Vehicle #1 = 3, leaving at = 1025.0
   Increment on distance indicator: 14.0
   Increment on tard indicator:     0.0
   Value of tmax indicator:         14.0

Task for patient = 14 with skills = {0,-1} and cost = 49.3
   Vehicle #0 = 1, leaving at = 859.0
   Vehicle #1 = -1, leaving at = inf
   Increment on distance indicator: 1.0
   Increment on tard indicator:     0.0
   Value of tmax indicator:         1.0

Task for patient = 8 with skills = {5,-1} and cost = 49.0
   Vehicle #0 = 3, leaving at = 705.0
   Vehicle #1 = -1, leaving at = inf
   Increment on distance indicator: 7.0
   Increment on tard indicator:     0.0
   Value of tmax indicator:         7.0

Task for patient = 10 with skills = {4,-1} and cost = 46.7
   Vehicle #0 = 3, leaving at = 679.0
   Vehicle #1 = -1, leaving at = inf
   Increment on distance indicator: 4.0
   Increment on tard indicator:     0.0
   Value of tmax indicator:         4.0

Task for patient = 9 with skills = {3,-1} and cost = 26.3
   Vehicle #0 = 2, leaving at = 714.0
   Vehicle #1 = -1, leaving at = inf
   Increment on distance indicator: 5.0
   Increment on tard indicator:     0.0
   Value of tmax indicator:         5.0

Task for patient = 12 with skills = {2,-1} and cost = 24.7
   Vehicle #0 = 1, leaving at = 719.0
   Vehicle #1 = -1, leaving at = inf
   Increment on distance indicator: 5.0
   Increment on tard indicator:     0.0
   Value of tmax indicator:         5.0

Task for patient = 2 with skills = {4,-1} and cost = 15.0
   Vehicle #0 = 3, leaving at = 629.0
   Vehicle #1 = -1, leaving at = inf
   Increment on distance indicator: 3.0
   Increment on tard indicator:     0.0
   Value of tmax indicator:         3.0

Task for patient = 25 with skills = {2,-1} and cost = 14.0
   Vehicle #0 = 1, leaving at = 646.0
   Vehicle #1 = -1, leaving at = inf
   Increment on distance indicator: 4.0
   Increment on tard indicator:     0.0
   Value of tmax indicator:         4.0

Task for patient = 4 with skills = {2,5} and cost = 12.7
   Vehicle #0 = 1, leaving at = 588.0
   Vehicle #1 = 3, leaving at = 570.0
   Increment on distance indicator: 38.0
   Increment on tard indicator:     0.0
   Value of tmax indicator:         38.0

Task for patient = 17 with skills = {2,4} and cost = 69.3
   Vehicle #0 = 1, leaving at = 971.0
   Vehicle #1 = 3, leaving at = 971.0
   Increment on distance indicator: 12.0
   Increment on tard indicator:     0.0
   Value of tmax indicator:         12.0


Unused vehicle list: (total = 0 out of 5)

---
Search finished.
Total of 1900 generations in 104.4 seconds.
Exchange elite runs: 23
Implicit path relinking runs: 10
Reset attempts: 12

Best solution found:
   Cost: 425.3
   Total travel time: 264.0
   Total tardiness time: 839.0
   Largest tardiness: 173.0


425.3
