This host is: panku
--- BRKGA-MP-IPR for HHCRSP ---
Instance: new-dataset/instances-75/HHCRSP_75_15_35_1.0_C_RC.txt
Seed: 18

Reading data... Problem contains 75 patients  and 15 caregivers.

Summary of supply x demand for each service type:
Skill 0 has supply = 5 and demand = 23, ratio = 0.217391
Skill 1 has supply = 2 and demand = 11, ratio = 0.181818
Skill 2 has supply = 5 and demand = 22, ratio = 0.227273
Skill 3 has supply = 6 and demand = 19, ratio = 0.315789
Skill 4 has supply = 3 and demand = 10, ratio = 0.3
Skill 5 has supply = 1 and demand = 14, ratio = 0.0714286

Reading parameters...
Inferred distance function by PR type: kendall-tau
Building BRKGA data and initializing...
Evolving 1900 generations...

  Gens  Rem    Local   ElDiv NoImpr             Best solution            Time  Op
                                       Cost     Dist    Tard    TMax 
*    0 1900  4008.00  334.14      0  4008.00  1937.00  9651.0   436.0     0.0    
*    2 1898  3315.67  285.75      0  3315.67  2024.00  7509.0   414.0     0.1    
*    4 1896  3117.33  245.47      0  3117.33  1928.00  6881.0   416.0     0.2    
*    5 1895  3075.00  234.16      0  3075.00  2016.00  5958.0   606.0     0.2    
*    6 1894  2860.00  221.62      0  2860.00  1818.00  5756.0   413.0     0.3    
*    7 1893  2662.33  195.92      0  2662.33  1983.00  5315.0   495.0     0.3    
*    8 1892  2597.67  183.95      0  2597.67  2002.00  4223.0   492.0     0.3    
*    9 1891  2239.00  177.57      0  2239.00  2002.00  4223.0   492.0     0.4    
*   12 1888  2187.33  126.88      0  2187.33  1851.00  4177.0   376.0     0.5    
*   13 1887  2134.67  113.44      0  2134.67  2023.00  3705.0   420.0     0.5    
*   14 1886  2049.33  128.47      0  2049.33  1861.00  3361.0   403.0     0.6    
*   15 1885  1875.00  128.26      0  1875.00  1995.00  3063.0   419.0     0.6    
*   16 1884  1825.67  118.19      0  1825.67  1995.00  3063.0   419.0     0.7    
*   18 1882  1706.33   99.70      0  1706.33  1886.00  2733.0   370.0     0.7    
*   19 1881  1663.00   91.22      0  1663.00  1892.00  2702.0   381.0     0.8    

  Gens  Rem    Local   ElDiv NoImpr             Best solution            Time  Op
                                       Cost     Dist    Tard    TMax 
*   20 1880  1658.33   86.49      0  1658.33  1741.00  2603.0   376.0     0.8    
*   21 1879  1573.33   79.74      0  1573.33  1741.00  2603.0   376.0     0.9    
*   23 1877  1454.33   66.41      0  1454.33  1886.00  2140.0   337.0     0.9    
*   25 1875  1411.33   66.43      0  1411.33  1751.00  1992.0   354.0     1.0    
*   26 1874  1365.67   61.21      0  1365.67  1751.00  1992.0   354.0     1.0    
*   29 1871  1327.67   50.69      0  1327.67  1779.00  1856.0   348.0     1.2    
*   31 1869  1283.00   51.38      0  1283.00  1680.00  1652.0   348.0     1.2    
*   32 1868  1226.67   51.94      0  1226.67  1680.00  1652.0   348.0     1.3    
*   35 1865  1221.33   45.20      0  1221.33  1799.00  1523.0   342.0     1.4    
*   39 1861  1167.33   34.94      0  1167.33  1766.00  1429.0   307.0     1.6    
*   42 1858  1158.00   32.17      0  1158.00  1709.00  1504.0   261.0     1.7    
*   44 1856  1148.67   30.30      0  1148.67  1717.00  1431.0   298.0     1.7    
*   48 1852  1131.33   24.20      0  1131.33  1690.00  1406.0   298.0     1.9    
    50 1850  1131.33   23.43      2  1131.33  1690.00  1406.0   298.0     2.0    
*   53 1847  1123.33   21.24      0  1123.33  1672.00  1397.0   301.0     2.1    
*   61 1839  1108.00   16.42      0  1108.00  1629.00  1394.0   301.0     2.4    

  Gens  Rem    Local   ElDiv NoImpr             Best solution            Time  Op
                                       Cost     Dist    Tard    TMax 
*   74 1826  1102.33    9.19      0  1102.33  1586.00  1423.0   298.0     2.9    
*   77 1823  1098.33    8.53      0  1098.33  1591.00  1406.0   298.0     3.0    
    80 1820  1098.33    3.47      4  1098.33  1591.00  1406.0   298.0     3.1   X
*   92 1808  1096.00    3.63      0  1096.00  1584.00  1406.0   298.0     3.6    
   100 1800  1096.00    3.57      8  1096.00  1584.00  1406.0   298.0     3.9    
*  137 1763  1094.33    3.83      0  1094.33  1571.00  1414.0   298.0     5.4    
   150 1750  1094.33    3.69     13  1094.33  1571.00  1414.0   298.0     5.9    
*  160 1740  1090.33    3.84      0  1090.33  1564.00  1409.0   298.0     6.2    
   160 1740  1090.33    2.82      1  1090.33  1564.00  1409.0   298.0     6.2   X
*  169 1731  1090.00    2.74      0  1090.00  1566.00  1406.0   298.0     6.6    
*  177 1723  1089.33    2.68      0  1089.33  1561.00  1409.0   298.0     6.9    
Path relinking result: elite improvement.
   180 1720  1089.33    2.73      4  1089.33  1561.00  1409.0   298.0     7.0   P
*  185 1715  1085.67    2.79      0  1085.67  1553.00  1406.0   298.0     7.2    
*  200 1700  1082.00    3.03      0  1082.00  1549.00  1396.0   301.0     7.8    
*  210 1690  1080.33    3.20      0  1080.33  1537.00  1406.0   298.0     8.2    
*  215 1685  1077.67    3.35      0  1077.67  1539.00  1393.0   301.0     8.4    

  Gens  Rem    Local   ElDiv NoImpr             Best solution            Time  Op
                                       Cost     Dist    Tard    TMax 
*  218 1682  1076.67    3.47      0  1076.67  1536.00  1393.0   301.0     8.5    
*  227 1673  1076.33    2.79      0  1076.33  1525.00  1406.0   298.0     8.8    
*  229 1671  1074.33    2.45      0  1074.33  1519.00  1406.0   298.0     8.9    
*  231 1669  1071.67    2.29      0  1071.67  1511.00  1406.0   298.0     9.0    
*  233 1667  1070.33    2.05      0  1070.33  1506.00  1406.0   298.0     9.1    
*  234 1666  1070.00    1.96      0  1070.00  1506.00  1406.0   298.0     9.1    
*  237 1663  1069.00    1.60      0  1069.00  1503.00  1406.0   298.0     9.2    
*  239 1661  1068.00    1.54      0  1068.00  1500.00  1406.0   298.0     9.3    
   240 1660  1068.00    0.67      2  1068.00  1500.00  1406.0   298.0     9.3   X
*  243 1657  1067.33    0.45      0  1067.33  1498.00  1406.0   298.0     9.5    
*  246 1654  1067.00    0.21      0  1067.00  1497.00  1406.0   298.0     9.6    
*  248 1652  1066.67    0.28      0  1066.67  1496.00  1406.0   298.0     9.7    
   250 1650  1066.67    0.25      2  1066.67  1496.00  1406.0   298.0     9.7    
*  253 1647  1066.33    0.14      0  1066.33  1495.00  1406.0   298.0     9.8    
*  262 1638  1066.00    0.17      0  1066.00  1494.00  1406.0   298.0    10.2    
*  272 1628  1065.67    0.16      0  1065.67  1493.00  1406.0   298.0    10.6    

  Gens  Rem    Local   ElDiv NoImpr             Best solution            Time  Op
                                       Cost     Dist    Tard    TMax 
*  294 1606  1064.33    0.33      0  1064.33  1496.00  1396.0   301.0    11.4    
   300 1600  1064.33    0.44      6  1064.33  1496.00  1396.0   301.0    11.7    
*  306 1594  1063.67    0.86      0  1063.67  1494.00  1396.0   301.0    11.9    
*  315 1585  1063.33    1.14      0  1063.33  1493.00  1396.0   301.0    12.2    
   320 1580  1063.33    0.42      6  1063.33  1493.00  1396.0   301.0    12.4   X
*  330 1570  1063.00    0.03      0  1063.00  1495.00  1393.0   301.0    12.8    
*  341 1559  1061.00    0.25      0  1061.00  1489.00  1393.0   301.0    13.2    
   350 1550  1061.00    0.95      9  1061.00  1489.00  1393.0   301.0    13.6    
Path relinking result: elite improvement.
   360 1540  1061.00    0.94     20  1061.00  1489.00  1393.0   301.0    14.0   P
*  362 1538  1060.67    0.94      0  1060.67  1488.00  1393.0   301.0    14.0    
   400 1500  1060.67    0.16     38  1060.67  1488.00  1393.0   301.0    15.5    
   400 1500  1060.67    0.16     39  1060.67  1488.00  1393.0   301.0    15.5   X
   450 1450  1060.67    0.00     88  1060.67  1488.00  1393.0   301.0    17.4    
   480 1420  1060.67    0.00    119  1060.67  1488.00  1393.0   301.0    18.6   X
   500 1400  1060.67    0.00    138  1060.67  1488.00  1393.0   301.0    19.4    
Path relinking result: no improvement.
   540 1360  1060.67    0.00    179  1060.67  1488.00  1393.0   301.0    20.9   P

  Gens  Rem    Local   ElDiv NoImpr             Best solution            Time  Op
                                       Cost     Dist    Tard    TMax 
   550 1350  1060.67    0.00    188  1060.67  1488.00  1393.0   301.0    21.3    
   560 1340  1060.67    0.00    199  1060.67  1488.00  1393.0   301.0    21.6   X
   600 1300  1060.67    0.00    238  1060.67  1488.00  1393.0   301.0    23.2    
   640 1260  1060.67    0.00    279  1060.67  1488.00  1393.0   301.0    24.7   X
   650 1250  1060.67    0.00    288  1060.67  1488.00  1393.0   301.0    25.1    
   700 1200  1060.67    0.00    338  1060.67  1488.00  1393.0   301.0    27.0    
Path relinking result: no improvement.
   720 1180  1060.67    0.00    359  1060.67  1488.00  1393.0   301.0    27.7  PX
   750 1150  1060.67    0.00    388  1060.67  1488.00  1393.0   301.0    28.9    
   800 1100  1060.67    0.00    438  1060.67  1488.00  1393.0   301.0    30.8    
   800 1100  1060.67    0.00    439  1060.67  1488.00  1393.0   301.0    30.8   X
   850 1050  1060.67    0.00    488  1060.67  1488.00  1393.0   301.0    32.7    
   880 1020  1060.67    0.00    519  1060.67  1488.00  1393.0   301.0    33.8   X
   900 1000  1060.67    0.00    538  1060.67  1488.00  1393.0   301.0    34.6    
Path relinking result: no improvement.
   900 1000  1060.67    0.00    539  1060.67  1488.00  1393.0   301.0    34.6   P
   950  950  1060.67    0.00    588  1060.67  1488.00  1393.0   301.0    36.5    
   960  940  1060.67    0.00    599  1060.67  1488.00  1393.0   301.0    36.9   X

  Gens  Rem    Local   ElDiv NoImpr             Best solution            Time  Op
                                       Cost     Dist    Tard    TMax 
  1000  900  1060.67    0.00    638  1060.67  1488.00  1393.0   301.0    38.4    
  1040  860  1060.67    0.00    679  1060.67  1488.00  1393.0   301.0    40.0   X
  1050  850  1060.67    0.00    688  1060.67  1488.00  1393.0   301.0    40.3    
  1061  839      inf  398.02      0  1060.67  1488.00  1393.0   301.0    40.8   R
  1062  838  3995.67  316.56      0  1060.67  1488.00  1393.0   301.0    40.8    
Path relinking result: elite improvement.
  1080  820  1626.33   97.66      1  1060.67  1488.00  1393.0   301.0    41.5   P
  1100  800  1189.33   41.82      1  1060.67  1488.00  1393.0   301.0    42.3    
  1120  780  1120.33    9.65      2  1060.67  1488.00  1393.0   301.0    43.1   X
  1150  750  1100.00    5.27      5  1060.67  1488.00  1393.0   301.0    44.2    
  1200  700  1062.00   14.01      0  1060.67  1488.00  1393.0   301.0    46.2    
  1200  700  1062.00    1.66      1  1060.67  1488.00  1393.0   301.0    46.2   X
* 1215  685  1060.33    0.34      0  1060.33  1463.00  1419.0   299.0    46.8    
* 1227  673  1059.33    0.48      0  1059.33  1462.00  1417.0   299.0    47.2    
* 1236  664  1058.33    0.35      0  1058.33  1457.00  1419.0   299.0    47.6    
  1250  650  1058.33    0.94     14  1058.33  1457.00  1419.0   299.0    48.1    
Path relinking result: elite improvement.
  1260  640  1058.33    0.93     25  1058.33  1457.00  1419.0   299.0    48.5   P

  Gens  Rem    Local   ElDiv NoImpr             Best solution            Time  Op
                                       Cost     Dist    Tard    TMax 
  1280  620  1058.33    0.45     45  1058.33  1457.00  1419.0   299.0    49.3   X
* 1282  618  1057.33    0.31      0  1057.33  1454.00  1419.0   299.0    49.4    
  1300  600  1057.33    0.00     18  1057.33  1454.00  1419.0   299.0    50.1    
  1350  550  1057.33    0.00     68  1057.33  1454.00  1419.0   299.0    52.0    
* 1353  547  1056.67    0.04      0  1056.67  1463.00  1409.0   298.0    52.1    
  1360  540  1056.67    0.07      8  1056.67  1463.00  1409.0   298.0    52.4   X
  1400  500  1056.67    0.08     47  1056.67  1463.00  1409.0   298.0    53.9    
Path relinking result: elite improvement.
  1440  460  1056.67    0.31     88  1056.67  1463.00  1409.0   298.0    55.4  PX
  1450  450  1056.67    0.00     97  1056.67  1463.00  1409.0   298.0    55.8    
  1500  400  1056.67    0.00    147  1056.67  1463.00  1409.0   298.0    57.7    
  1520  380  1056.67    0.00    168  1056.67  1463.00  1409.0   298.0    58.5   X
  1550  350  1056.67    0.00    197  1056.67  1463.00  1409.0   298.0    59.6    
  1600  300  1056.67    0.00    247  1056.67  1463.00  1409.0   298.0    61.5    
  1600  300  1056.67    0.00    248  1056.67  1463.00  1409.0   298.0    61.5   X
Path relinking result: no improvement.
  1620  280  1056.67    0.00    268  1056.67  1463.00  1409.0   298.0    62.3   P
  1650  250  1056.67    0.00    297  1056.67  1463.00  1409.0   298.0    63.5    

  Gens  Rem    Local   ElDiv NoImpr             Best solution            Time  Op
                                       Cost     Dist    Tard    TMax 
  1680  220  1056.67    0.00    328  1056.67  1463.00  1409.0   298.0    64.6   X
  1700  200  1056.67    0.00    347  1056.67  1463.00  1409.0   298.0    65.4    
  1750  150  1056.67    0.00    397  1056.67  1463.00  1409.0   298.0    67.3    
  1760  140  1056.67    0.00    408  1056.67  1463.00  1409.0   298.0    67.7   X
  1800  100  1056.67    0.00    447  1056.67  1463.00  1409.0   298.0    69.2    
Path relinking result: no improvement.
  1800  100  1056.67    0.00    448  1056.67  1463.00  1409.0   298.0    69.2   P
  1840   60  1056.67    0.00    488  1056.67  1463.00  1409.0   298.0    70.8   X
  1850   50  1056.67    0.00    497  1056.67  1463.00  1409.0   298.0    71.2    
  1900    0  1056.67    0.00    547  1056.67  1463.00  1409.0   298.0    73.0    
Evolutionary process finished.
Solution written to 'solution-6808.txt'.

Sorted sequence of worst to best tardiness value:
Task for patient = 56 with skills = {2,5} and cost = 794.0
   Vehicle #0 = 4, leaving at = 1134.0
   Vehicle #1 = 13, leaving at = 1187.0
   Increment on distance indicator: 14.0
   Increment on tard indicator:     579.0
   Value of tmax indicator:         14.0

Task for patient = 51 with skills = {5,-1} and cost = 962.0
   Vehicle #0 = 13, leaving at = 1328.0
   Vehicle #1 = -1, leaving at = inf
   Increment on distance indicator: 27.0
   Increment on tard indicator:     248.0
   Value of tmax indicator:         27.0

Task for patient = 44 with skills = {5,-1} and cost = 865.3
   Vehicle #0 = 13, leaving at = 1257.0
   Vehicle #1 = -1, leaving at = inf
   Increment on distance indicator: 13.0
   Increment on tard indicator:     201.0
   Value of tmax indicator:         13.0

Task for patient = 6 with skills = {1,5} and cost = 529.0
   Vehicle #0 = 4, leaving at = 1108.0
   Vehicle #1 = 13, leaving at = 1126.0
   Increment on distance indicator: 93.0
   Increment on tard indicator:     173.0
   Value of tmax indicator:         93.0

Task for patient = 34 with skills = {5,-1} and cost = 343.7
   Vehicle #0 = 13, leaving at = 991.0
   Vehicle #1 = -1, leaving at = inf
   Increment on distance indicator: 3.0
   Increment on tard indicator:     106.0
   Value of tmax indicator:         3.0

Task for patient = 22 with skills = {2,5} and cost = 281.3
   Vehicle #0 = 0, leaving at = 949.0
   Vehicle #1 = 13, leaving at = 931.0
   Increment on distance indicator: 9.0
   Increment on tard indicator:     84.0
   Value of tmax indicator:         9.0

Task for patient = 10 with skills = {2,5} and cost = 415.7
   Vehicle #0 = 0, leaving at = 1007.0
   Vehicle #1 = 13, leaving at = 1046.0
   Increment on distance indicator: 20.0
   Increment on tard indicator:     15.0
   Value of tmax indicator:         20.0

Task for patient = 60 with skills = {2,-1} and cost = 235.3
   Vehicle #0 = 2, leaving at = 870.0
   Vehicle #1 = -1, leaving at = inf
   Increment on distance indicator: 9.0
   Increment on tard indicator:     2.0
   Value of tmax indicator:         9.0

Task for patient = 19 with skills = {2,3} and cost = 870.3
   Vehicle #0 = 0, leaving at = 1036.0
   Vehicle #1 = 9, leaving at = 1057.0
   Increment on distance indicator: 14.0
   Increment on tard indicator:     1.0
   Value of tmax indicator:         14.0

Task for patient = 29 with skills = {0,3} and cost = 373.0
   Vehicle #0 = 3, leaving at = 823.0
   Vehicle #1 = 14, leaving at = 873.0
   Increment on distance indicator: 10.0
   Increment on tard indicator:     0.0
   Value of tmax indicator:         10.0

Task for patient = 42 with skills = {0,-1} and cost = 366.7
   Vehicle #0 = 3, leaving at = 789.0
   Vehicle #1 = -1, leaving at = inf
   Increment on distance indicator: 18.0
   Increment on tard indicator:     0.0
   Value of tmax indicator:         18.0

Task for patient = 59 with skills = {2,3} and cost = 360.7
   Vehicle #0 = 6, leaving at = 761.0
   Vehicle #1 = 12, leaving at = 758.0
   Increment on distance indicator: 51.0
   Increment on tard indicator:     0.0
   Value of tmax indicator:         51.0

Task for patient = 15 with skills = {3,-1} and cost = 286.0
   Vehicle #0 = 9, leaving at = 912.0
   Vehicle #1 = -1, leaving at = inf
   Increment on distance indicator: 14.0
   Increment on tard indicator:     0.0
   Value of tmax indicator:         14.0

Task for patient = 31 with skills = {3,-1} and cost = 237.0
   Vehicle #0 = 8, leaving at = 842.0
   Vehicle #1 = -1, leaving at = inf
   Increment on distance indicator: 5.0
   Increment on tard indicator:     0.0
   Value of tmax indicator:         5.0

Task for patient = 11 with skills = {2,3} and cost = 231.0
   Vehicle #0 = 5, leaving at = 777.0
   Vehicle #1 = 11, leaving at = 788.0
   Increment on distance indicator: 13.0
   Increment on tard indicator:     0.0
   Value of tmax indicator:         13.0

Task for patient = 17 with skills = {5,-1} and cost = 226.7
   Vehicle #0 = 13, leaving at = 883.0
   Vehicle #1 = -1, leaving at = inf
   Increment on distance indicator: 17.0
   Increment on tard indicator:     0.0
   Value of tmax indicator:         17.0

Task for patient = 46 with skills = {0,-1} and cost = 221.0
   Vehicle #0 = 1, leaving at = 786.0
   Vehicle #1 = -1, leaving at = inf
   Increment on distance indicator: 10.0
   Increment on tard indicator:     0.0
   Value of tmax indicator:         10.0

Task for patient = 49 with skills = {0,-1} and cost = 217.7
   Vehicle #0 = 2, leaving at = 808.0
   Vehicle #1 = -1, leaving at = inf
   Increment on distance indicator: 2.0
   Increment on tard indicator:     0.0
   Value of tmax indicator:         2.0

Task for patient = 27 with skills = {4,-1} and cost = 217.0
   Vehicle #0 = 14, leaving at = 817.0
   Vehicle #1 = -1, leaving at = inf
   Increment on distance indicator: 6.0
   Increment on tard indicator:     0.0
   Value of tmax indicator:         6.0

Task for patient = 69 with skills = {2,4} and cost = 215.0
   Vehicle #0 = 5, leaving at = 736.0
   Vehicle #1 = 14, leaving at = 757.0
   Increment on distance indicator: 23.0
   Increment on tard indicator:     0.0
   Value of tmax indicator:         23.0

Task for patient = 74 with skills = {4,-1} and cost = 369.7
   Vehicle #0 = 9, leaving at = 976.0
   Vehicle #1 = -1, leaving at = inf
   Increment on distance indicator: 9.0
   Increment on tard indicator:     0.0
   Value of tmax indicator:         9.0

Task for patient = 8 with skills = {1,-1} and cost = 373.3
   Vehicle #0 = 0, leaving at = 968.0
   Vehicle #1 = -1, leaving at = inf
   Increment on distance indicator: 1.0
   Increment on tard indicator:     0.0
   Value of tmax indicator:         1.0

Task for patient = 12 with skills = {2,-1} and cost = 377.3
   Vehicle #0 = 5, leaving at = 824.0
   Vehicle #1 = -1, leaving at = inf
   Increment on distance indicator: 12.0
   Increment on tard indicator:     0.0
   Value of tmax indicator:         12.0

Task for patient = 24 with skills = {1,4} and cost = 390.3
   Vehicle #0 = 4, leaving at = 909.0
   Vehicle #1 = 10, leaving at = 930.0
   Increment on distance indicator: 39.0
   Increment on tard indicator:     0.0
   Value of tmax indicator:         39.0

Task for patient = 47 with skills = {0,-1} and cost = 393.3
   Vehicle #0 = 2, leaving at = 921.0
   Vehicle #1 = -1, leaving at = inf
   Increment on distance indicator: 9.0
   Increment on tard indicator:     0.0
   Value of tmax indicator:         9.0

Task for patient = 75 with skills = {0,-1} and cost = 398.7
   Vehicle #0 = 6, leaving at = 800.0
   Vehicle #1 = -1, leaving at = inf
   Increment on distance indicator: 16.0
   Increment on tard indicator:     0.0
   Value of tmax indicator:         16.0

Task for patient = 16 with skills = {3,-1} and cost = 404.0
   Vehicle #0 = 12, leaving at = 996.0
   Vehicle #1 = -1, leaving at = inf
   Increment on distance indicator: 16.0
   Increment on tard indicator:     0.0
   Value of tmax indicator:         16.0

Task for patient = 13 with skills = {4,-1} and cost = 417.3
   Vehicle #0 = 9, leaving at = 1036.0
   Vehicle #1 = -1, leaving at = inf
   Increment on distance indicator: 5.0
   Increment on tard indicator:     0.0
   Value of tmax indicator:         5.0

Task for patient = 41 with skills = {3,-1} and cost = 422.3
   Vehicle #0 = 12, leaving at = 1052.0
   Vehicle #1 = -1, leaving at = inf
   Increment on distance indicator: 15.0
   Increment on tard indicator:     0.0
   Value of tmax indicator:         15.0

Task for patient = 45 with skills = {0,-1} and cost = 424.3
   Vehicle #0 = 2, leaving at = 966.0
   Vehicle #1 = -1, leaving at = inf
   Increment on distance indicator: 6.0
   Increment on tard indicator:     0.0
   Value of tmax indicator:         6.0

Task for patient = 26 with skills = {2,3} and cost = 429.7
   Vehicle #0 = 5, leaving at = 930.0
   Vehicle #1 = 7, leaving at = 939.0
   Increment on distance indicator: 16.0
   Increment on tard indicator:     0.0
   Value of tmax indicator:         16.0

Task for patient = 68 with skills = {0,-1} and cost = 431.0
   Vehicle #0 = 2, leaving at = 992.0
   Vehicle #1 = -1, leaving at = inf
   Increment on distance indicator: 4.0
   Increment on tard indicator:     0.0
   Value of tmax indicator:         4.0

Task for patient = 38 with skills = {2,-1} and cost = 434.7
   Vehicle #0 = 2, leaving at = 1038.0
   Vehicle #1 = -1, leaving at = inf
   Increment on distance indicator: 11.0
   Increment on tard indicator:     0.0
   Value of tmax indicator:         11.0

Task for patient = 63 with skills = {0,-1} and cost = 440.3
   Vehicle #0 = 6, leaving at = 891.0
   Vehicle #1 = -1, leaving at = inf
   Increment on distance indicator: 17.0
   Increment on tard indicator:     0.0
   Value of tmax indicator:         17.0

Task for patient = 7 with skills = {0,-1} and cost = 531.3
   Vehicle #0 = 3, leaving at = 943.0
   Vehicle #1 = -1, leaving at = inf
   Increment on distance indicator: 7.0
   Increment on tard indicator:     0.0
   Value of tmax indicator:         7.0

Task for patient = 3 with skills = {0,-1} and cost = 532.3
   Vehicle #0 = 2, leaving at = 1068.0
   Vehicle #1 = -1, leaving at = inf
   Increment on distance indicator: 3.0
   Increment on tard indicator:     0.0
   Value of tmax indicator:         3.0

Task for patient = 5 with skills = {0,-1} and cost = 207.3
   Vehicle #0 = 1, leaving at = 728.0
   Vehicle #1 = -1, leaving at = inf
   Increment on distance indicator: 8.0
   Increment on tard indicator:     0.0
   Value of tmax indicator:         8.0

Task for patient = 48 with skills = {0,5} and cost = 120.3
   Vehicle #0 = 3, leaving at = 740.0
   Vehicle #1 = 13, leaving at = 744.0
   Increment on distance indicator: 40.0
   Increment on tard indicator:     0.0
   Value of tmax indicator:         40.0

Task for patient = 33 with skills = {2,-1} and cost = 107.0
   Vehicle #0 = 5, leaving at = 582.0
   Vehicle #1 = -1, leaving at = inf
   Increment on distance indicator: 22.0
   Increment on tard indicator:     0.0
   Value of tmax indicator:         22.0

Task for patient = 21 with skills = {0,-1} and cost = 99.7
   Vehicle #0 = 3, leaving at = 606.0
   Vehicle #1 = -1, leaving at = inf
   Increment on distance indicator: 14.0
   Increment on tard indicator:     0.0
   Value of tmax indicator:         14.0

Task for patient = 62 with skills = {0,5} and cost = 95.0
   Vehicle #0 = 2, leaving at = 674.0
   Vehicle #1 = 13, leaving at = 663.0
   Increment on distance indicator: 39.0
   Increment on tard indicator:     0.0
   Value of tmax indicator:         39.0

Task for patient = 28 with skills = {4,-1} and cost = 82.0
   Vehicle #0 = 10, leaving at = 837.0
   Vehicle #1 = -1, leaving at = inf
   Increment on distance indicator: 17.0
   Increment on tard indicator:     0.0
   Value of tmax indicator:         17.0

Task for patient = 55 with skills = {3,-1} and cost = 76.3
   Vehicle #0 = 7, leaving at = 730.0
   Vehicle #1 = -1, leaving at = inf
   Increment on distance indicator: 7.0
   Increment on tard indicator:     0.0
   Value of tmax indicator:         7.0

Task for patient = 37 with skills = {1,-1} and cost = 74.0
   Vehicle #0 = 4, leaving at = 673.0
   Vehicle #1 = -1, leaving at = inf
   Increment on distance indicator: 5.0
   Increment on tard indicator:     0.0
   Value of tmax indicator:         5.0

Task for patient = 52 with skills = {0,-1} and cost = 72.3
   Vehicle #0 = 4, leaving at = 627.0
   Vehicle #1 = -1, leaving at = inf
   Increment on distance indicator: 4.0
   Increment on tard indicator:     0.0
   Value of tmax indicator:         4.0

Task for patient = 40 with skills = {1,-1} and cost = 204.7
   Vehicle #0 = 0, leaving at = 888.0
   Vehicle #1 = -1, leaving at = inf
   Increment on distance indicator: 9.0
   Increment on tard indicator:     0.0
   Value of tmax indicator:         9.0

Task for patient = 25 with skills = {1,-1} and cost = 71.0
   Vehicle #0 = 0, leaving at = 686.0
   Vehicle #1 = -1, leaving at = inf
   Increment on distance indicator: 15.0
   Increment on tard indicator:     0.0
   Value of tmax indicator:         15.0

Task for patient = 20 with skills = {5,-1} and cost = 66.0
   Vehicle #0 = 13, leaving at = 618.0
   Vehicle #1 = -1, leaving at = inf
   Increment on distance indicator: 20.0
   Increment on tard indicator:     0.0
   Value of tmax indicator:         20.0

Task for patient = 43 with skills = {2,-1} and cost = 59.3
   Vehicle #0 = 2, leaving at = 603.0
   Vehicle #1 = -1, leaving at = inf
   Increment on distance indicator: 5.0
   Increment on tard indicator:     0.0
   Value of tmax indicator:         5.0

Task for patient = 73 with skills = {2,-1} and cost = 57.7
   Vehicle #0 = 4, leaving at = 594.0
   Vehicle #1 = -1, leaving at = inf
   Increment on distance indicator: 11.0
   Increment on tard indicator:     0.0
   Value of tmax indicator:         11.0

Task for patient = 53 with skills = {2,-1} and cost = 54.0
   Vehicle #0 = 2, leaving at = 545.0
   Vehicle #1 = -1, leaving at = inf
   Increment on distance indicator: 23.0
   Increment on tard indicator:     0.0
   Value of tmax indicator:         23.0

Task for patient = 70 with skills = {0,-1} and cost = 46.3
   Vehicle #0 = 1, leaving at = 580.0
   Vehicle #1 = -1, leaving at = inf
   Increment on distance indicator: 3.0
   Increment on tard indicator:     0.0
   Value of tmax indicator:         3.0

Task for patient = 36 with skills = {2,3} and cost = 45.3
   Vehicle #0 = 0, leaving at = 631.0
   Vehicle #1 = 7, leaving at = 676.0
   Increment on distance indicator: 32.0
   Increment on tard indicator:     0.0
   Value of tmax indicator:         32.0

Task for patient = 67 with skills = {2,5} and cost = 34.7
   Vehicle #0 = 0, leaving at = 527.0
   Vehicle #1 = 13, leaving at = 522.0
   Increment on distance indicator: 50.0
   Increment on tard indicator:     0.0
   Value of tmax indicator:         50.0

Task for patient = 64 with skills = {0,4} and cost = 18.0
   Vehicle #0 = 1, leaving at = 515.0
   Vehicle #1 = 9, leaving at = 533.0
   Increment on distance indicator: 54.0
   Increment on tard indicator:     0.0
   Value of tmax indicator:         54.0

Task for patient = 57 with skills = {0,3} and cost = 71.0
   Vehicle #0 = 3, leaving at = 571.0
   Vehicle #1 = 8, leaving at = 574.0
   Increment on distance indicator: 0.0
   Increment on tard indicator:     0.0
   Value of tmax indicator:         0.0

Task for patient = 32 with skills = {1,4} and cost = 201.7
   Vehicle #0 = 0, leaving at = 845.0
   Vehicle #1 = 9, leaving at = 859.0
   Increment on distance indicator: 15.0
   Increment on tard indicator:     0.0
   Value of tmax indicator:         15.0

Task for patient = 39 with skills = {2,-1} and cost = 196.7
   Vehicle #0 = 0, leaving at = 815.0
   Vehicle #1 = -1, leaving at = inf
   Increment on distance indicator: 6.0
   Increment on tard indicator:     0.0
   Value of tmax indicator:         6.0

Task for patient = 14 with skills = {2,5} and cost = 194.7
   Vehicle #0 = 4, leaving at = 838.0
   Vehicle #1 = 13, leaving at = 847.0
   Increment on distance indicator: 18.0
   Increment on tard indicator:     0.0
   Value of tmax indicator:         18.0

Task for patient = 54 with skills = {0,3} and cost = 188.7
   Vehicle #0 = 1, leaving at = 703.0
   Vehicle #1 = 11, leaving at = 711.0
   Increment on distance indicator: 17.0
   Increment on tard indicator:     0.0
   Value of tmax indicator:         17.0

Task for patient = 65 with skills = {0,-1} and cost = 183.0
   Vehicle #0 = 2, leaving at = 735.0
   Vehicle #1 = -1, leaving at = inf
   Increment on distance indicator: 12.0
   Increment on tard indicator:     0.0
   Value of tmax indicator:         12.0

Task for patient = 50 with skills = {3,-1} and cost = 179.0
   Vehicle #0 = 11, leaving at = 637.0
   Vehicle #1 = -1, leaving at = inf
   Increment on distance indicator: 9.0
   Increment on tard indicator:     0.0
   Value of tmax indicator:         9.0

Task for patient = 30 with skills = {1,-1} and cost = 176.0
   Vehicle #0 = 0, leaving at = 779.0
   Vehicle #1 = -1, leaving at = inf
   Increment on distance indicator: 8.0
   Increment on tard indicator:     0.0
   Value of tmax indicator:         8.0

Task for patient = 66 with skills = {4,-1} and cost = 173.3
   Vehicle #0 = 9, leaving at = 792.0
   Vehicle #1 = -1, leaving at = inf
   Increment on distance indicator: 5.0
   Increment on tard indicator:     0.0
   Value of tmax indicator:         5.0

Task for patient = 2 with skills = {2,-1} and cost = 126.0
   Vehicle #0 = 6, leaving at = 598.0
   Vehicle #1 = -1, leaving at = inf
   Increment on distance indicator: 17.0
   Increment on tard indicator:     0.0
   Value of tmax indicator:         17.0

Task for patient = 18 with skills = {2,3} and cost = 163.7
   Vehicle #0 = 5, leaving at = 703.0
   Vehicle #1 = 9, leaving at = 726.0
   Increment on distance indicator: 16.0
   Increment on tard indicator:     0.0
   Value of tmax indicator:         16.0

Task for patient = 58 with skills = {5,-1} and cost = 158.3
   Vehicle #0 = 13, leaving at = 799.0
   Vehicle #1 = -1, leaving at = inf
   Increment on distance indicator: 4.0
   Increment on tard indicator:     0.0
   Value of tmax indicator:         4.0

Task for patient = 4 with skills = {3,-1} and cost = 157.0
   Vehicle #0 = 11, leaving at = 520.0
   Vehicle #1 = -1, leaving at = inf
   Increment on distance indicator: 28.0
   Increment on tard indicator:     0.0
   Value of tmax indicator:         28.0

Task for patient = 61 with skills = {0,4} and cost = 147.7
   Vehicle #0 = 1, leaving at = 662.0
   Vehicle #1 = 9, leaving at = 661.0
   Increment on distance indicator: 6.0
   Increment on tard indicator:     0.0
   Value of tmax indicator:         6.0

Task for patient = 72 with skills = {1,3} and cost = 145.7
   Vehicle #0 = 4, leaving at = 725.0
   Vehicle #1 = 8, leaving at = 755.0
   Increment on distance indicator: 23.0
   Increment on tard indicator:     0.0
   Value of tmax indicator:         23.0

Task for patient = 9 with skills = {2,-1} and cost = 138.0
   Vehicle #0 = 6, leaving at = 672.0
   Vehicle #1 = -1, leaving at = inf
   Increment on distance indicator: 17.0
   Increment on tard indicator:     0.0
   Value of tmax indicator:         17.0

Task for patient = 35 with skills = {0,-1} and cost = 132.3
   Vehicle #0 = 4, leaving at = 693.0
   Vehicle #1 = -1, leaving at = inf
   Increment on distance indicator: 4.0
   Increment on tard indicator:     0.0
   Value of tmax indicator:         4.0

Task for patient = 1 with skills = {1,-1} and cost = 131.0
   Vehicle #0 = 0, leaving at = 737.0
   Vehicle #1 = -1, leaving at = inf
   Increment on distance indicator: 13.0
   Increment on tard indicator:     0.0
   Value of tmax indicator:         13.0

Task for patient = 23 with skills = {3,-1} and cost = 126.7
   Vehicle #0 = 9, leaving at = 575.0
   Vehicle #1 = -1, leaving at = inf
   Increment on distance indicator: 2.0
   Increment on tard indicator:     0.0
   Value of tmax indicator:         2.0

Task for patient = 71 with skills = {1,3} and cost = 171.7
   Vehicle #0 = 4, leaving at = 779.0
   Vehicle #1 = 8, leaving at = 808.0
   Increment on distance indicator: 24.0
   Increment on tard indicator:     0.0
   Value of tmax indicator:         24.0


Unused vehicle list: (total = 0 out of 15)

---
Search finished.
Total of 1900 generations in 73.0 seconds.
Exchange elite runs: 23
Implicit path relinking runs: 10
Reset attempts: 1

Best solution found:
   Cost: 1056.7
   Total travel time: 1463.0
   Total tardiness time: 1409.0
   Largest tardiness: 298.0


1056.7
