This host is: panku
--- BRKGA-MP-IPR for HHCRSP ---
Instance: new-dataset/instances-50/HHCRSP_50_10_32_1.2_R_C.txt
Seed: 11

Reading data... Problem contains 50 patients  and 10 caregivers.

Summary of supply x demand for each service type:
Skill 0 has supply = 5 and demand = 13, ratio = 0.384615
Skill 1 has supply = 1 and demand = 10, ratio = 0.1
Skill 2 has supply = 3 and demand = 14, ratio = 0.214286
Skill 3 has supply = 3 and demand = 13, ratio = 0.230769
Skill 4 has supply = 5 and demand = 8, ratio = 0.625
Skill 5 has supply = 4 and demand = 8, ratio = 0.5

Reading parameters...
Inferred distance function by PR type: kendall-tau
Building BRKGA data and initializing...
Evolving 1900 generations...

  Gens  Rem    Local   ElDiv NoImpr             Best solution            Time  Op
                                       Cost     Dist    Tard    TMax 
*    0 1900  2057.67  236.90      0  2057.67  1349.00  4366.0   458.0     0.0    
*    2 1898  2034.67  191.54      0  2034.67  1255.00  3504.0   553.0     0.1    
*    3 1897  1770.67  170.94      0  1770.67  1330.00  3412.0   324.0     0.2    
*    4 1896  1688.67  166.39      0  1688.67  1120.00  2488.0   412.0     0.2    
*    5 1895  1340.00  162.90      0  1340.00  1120.00  2488.0   412.0     0.2    
*    7 1893  1057.00  133.89      0  1057.00  1260.00  1549.0   362.0     0.3    
*   10 1890   961.33   95.82      0   961.33  1187.00  1340.0   250.0     0.4    
*   11 1889   925.67   88.69      0   925.67  1168.00   845.0   117.0     0.4    
*   12 1888   710.00   77.45      0   710.00  1168.00   845.0   117.0     0.5    
*   17 1883   705.33   50.99      0   705.33  1133.00   674.0   212.0     0.6    
*   18 1882   673.00   45.20      0   673.00  1133.00   674.0   212.0     0.6    
*   20 1880   661.00   40.37      0   661.00  1151.00   617.0   169.0     0.7    
*   21 1879   645.67   39.79      0   645.67  1070.00   652.0   145.0     0.7    
*   22 1878   622.33   40.27      0   622.33  1070.00   652.0   145.0     0.8    
*   25 1875   552.33   45.09      0   552.33  1103.00   418.0   136.0     0.9    

  Gens  Rem    Local   ElDiv NoImpr             Best solution            Time  Op
                                       Cost     Dist    Tard    TMax 
*   31 1869   520.33   36.93      0   520.33  1011.00   453.0    97.0     1.1    
*   36 1864   516.33   33.24      0   516.33  1038.00   414.0    97.0     1.2    
*   39 1861   507.67   31.92      0   507.67  1029.00   397.0    97.0     1.3    
*   43 1857   502.33   24.80      0   502.33   981.00   390.0   136.0     1.5    
*   47 1853   502.00   21.84      0   502.00   974.00   412.0    97.0     1.6    
*   48 1852   494.33   21.55      0   494.33   974.00   412.0    97.0     1.6    
*   50 1850   492.67   21.04      0   492.67   976.00   400.0    97.0     1.7    
*   51 1849   491.00   20.50      0   491.00   976.00   400.0    97.0     1.7    
*   53 1847   488.67   19.86      0   488.67   965.00   404.0    97.0     1.8    
*   56 1844   488.33   18.45      0   488.33   960.00   408.0    97.0     1.9    
*   58 1842   487.67   16.98      0   487.67   974.00   390.0    97.0     1.9    
*   59 1841   487.00   16.10      0   487.00   974.00   390.0    97.0     2.0    
*   61 1839   486.33   13.83      0   486.33   956.00   404.0    97.0     2.0    
*   62 1838   485.67   12.44      0   485.67   957.00   402.0    97.0     2.1    
*   63 1837   485.33   10.85      0   485.33   954.00   407.0    70.0     2.1    
*   64 1836   477.00    8.26      0   477.00   954.00   407.0    70.0     2.1    

  Gens  Rem    Local   ElDiv NoImpr             Best solution            Time  Op
                                       Cost     Dist    Tard    TMax 
*   66 1834   476.33    3.14      0   476.33   949.00   406.0    70.0     2.2    
*   67 1833   475.00    2.67      0   475.00   950.00   392.0    70.0     2.2    
*   68 1832   470.67    3.01      0   470.67   950.00   392.0    70.0     2.3    
*   72 1828   470.00    5.17      0   470.00   961.00   376.0    70.0     2.4    
*   73 1827   469.00    5.73      0   469.00   961.00   376.0    70.0     2.4    
    80 1820   469.00    6.66      8   469.00   961.00   376.0    70.0     2.7   X
*   83 1817   461.67    6.70      0   461.67   920.00   393.0    72.0     2.8    
*   88 1812   458.00    6.79      0   458.00   939.00   363.0    70.0     2.9    
*   89 1811   457.33    6.90      0   457.33   927.00   373.0    70.0     2.9    
*   90 1810   456.67    7.13      0   456.67   918.00   365.0    70.0     3.0    
*   91 1809   451.00    7.56      0   451.00   909.00   373.0    70.0     3.0    
*   92 1808   450.67    7.90      0   450.67   906.00   375.0    70.0     3.0    
*   93 1807   450.33    8.21      0   450.33   906.00   375.0    70.0     3.1    
   100 1800   450.33   11.72      7   450.33   906.00   375.0    70.0     3.3    
   150 1750   450.33    5.02     57   450.33   906.00   375.0    70.0     4.9    
   160 1740   450.33    2.58     68   450.33   906.00   375.0    70.0     5.2   X
Path relinking result: no improvement.

  Gens  Rem    Local   ElDiv NoImpr             Best solution            Time  Op
                                       Cost     Dist    Tard    TMax 
   180 1720   450.33    0.00     88   450.33   906.00   375.0    70.0     5.9   P
   200 1700   450.33    0.00    107   450.33   906.00   375.0    70.0     6.5    
   240 1660   450.33    0.00    148   450.33   906.00   375.0    70.0     7.8   X
   250 1650   450.33    0.00    157   450.33   906.00   375.0    70.0     8.1    
   300 1600   450.33    0.00    207   450.33   906.00   375.0    70.0     9.6    
   320 1580   450.33    0.00    228   450.33   906.00   375.0    70.0    10.3   X
   350 1550   450.33    0.00    257   450.33   906.00   375.0    70.0    11.3    
Path relinking result: no improvement.
   360 1540   450.33    0.00    268   450.33   906.00   375.0    70.0    11.6   P
   400 1500   450.33    0.00    307   450.33   906.00   375.0    70.0    12.9    
   400 1500   450.33    0.00    308   450.33   906.00   375.0    70.0    12.9   X
   450 1450   450.33    0.00    357   450.33   906.00   375.0    70.0    14.5    
   480 1420   450.33    0.00    388   450.33   906.00   375.0    70.0    15.5   X
   500 1400   450.33    0.00    407   450.33   906.00   375.0    70.0    16.1    
Path relinking result: no improvement.
   540 1360   450.33    0.00    448   450.33   906.00   375.0    70.0    17.4   P
   550 1350   450.33    0.00    457   450.33   906.00   375.0    70.0    17.7    
   560 1340   450.33    0.00    468   450.33   906.00   375.0    70.0    18.1   X

  Gens  Rem    Local   ElDiv NoImpr             Best solution            Time  Op
                                       Cost     Dist    Tard    TMax 
   600 1300   450.33    0.00    507   450.33   906.00   375.0    70.0    19.3    
   640 1260   450.33    0.00    548   450.33   906.00   375.0    70.0    20.6   X
   650 1250   450.33    0.00    557   450.33   906.00   375.0    70.0    20.9    
   700 1200   450.33    0.00    607   450.33   906.00   375.0    70.0    22.5    
Path relinking result: no improvement.
   720 1180   450.33    0.00    628   450.33   906.00   375.0    70.0    23.1  PX
   750 1150   450.33    0.00    657   450.33   906.00   375.0    70.0    24.0    
   792 1108      inf  249.46      0   450.33   906.00   375.0    70.0    25.4   R
   793 1107  1926.33  259.11      0   450.33   906.00   375.0    70.0    25.4    
   800 1100  1054.67  132.14      1   450.33   906.00   375.0    70.0    25.7    
   800 1100   843.67  121.41      0   450.33   906.00   375.0    70.0    25.7   X
   850 1050   483.67    5.75      3   450.33   906.00   375.0    70.0    27.3    
   880 1020   477.00    3.04      5   450.33   906.00   375.0    70.0    28.4   X
   900 1000   475.00    1.07      0   450.33   906.00   375.0    70.0    29.1    
Path relinking result: elite improvement.
   900 1000   475.00    1.03      1   450.33   906.00   375.0    70.0    29.1   P
   950  950   475.00    0.94     50   450.33   906.00   375.0    70.0    30.6    
   960  940   475.00    0.94     61   450.33   906.00   375.0    70.0    30.9   X

  Gens  Rem    Local   ElDiv NoImpr             Best solution            Time  Op
                                       Cost     Dist    Tard    TMax 
  1000  900   472.67    0.13      8   450.33   906.00   375.0    70.0    32.2    
  1040  860   472.33    1.26     31   450.33   906.00   375.0    70.0    33.5   X
  1050  850   472.33    0.00     40   450.33   906.00   375.0    70.0    33.8    
Path relinking result: no improvement.
  1080  820   472.33    0.00     71   450.33   906.00   375.0    70.0    34.7   P
  1100  800   472.33    0.00     90   450.33   906.00   375.0    70.0    35.4    
  1120  780   472.33    0.00    111   450.33   906.00   375.0    70.0    36.0   X
  1150  750   472.33    0.00    140   450.33   906.00   375.0    70.0    37.0    
  1200  700   472.33    0.00    190   450.33   906.00   375.0    70.0    38.6    
  1200  700   472.33    0.00    191   450.33   906.00   375.0    70.0    38.6   X
  1250  650   472.33    0.00    240   450.33   906.00   375.0    70.0    40.2    
Path relinking result: no improvement.
  1260  640   472.33    0.00    251   450.33   906.00   375.0    70.0    40.5   P
  1280  620   472.33    0.00    271   450.33   906.00   375.0    70.0    41.1   X
  1300  600   472.33    0.00    290   450.33   906.00   375.0    70.0    41.8    
  1350  550   472.33    0.00    340   450.33   906.00   375.0    70.0    43.4    
  1360  540   472.33    0.00    351   450.33   906.00   375.0    70.0    43.7   X
  1400  500   472.33    0.00    390   450.33   906.00   375.0    70.0    44.9    
Path relinking result: no improvement.

  Gens  Rem    Local   ElDiv NoImpr             Best solution            Time  Op
                                       Cost     Dist    Tard    TMax 
  1440  460   472.33    0.00    431   450.33   906.00   375.0    70.0    46.2  PX
  1450  450   472.33    0.00    440   450.33   906.00   375.0    70.0    46.5    
  1500  400   472.33    0.00    490   450.33   906.00   375.0    70.0    48.1    
  1520  380   472.33    0.00    511   450.33   906.00   375.0    70.0    48.7   X
  1550  350   472.33    0.00    540   450.33   906.00   375.0    70.0    49.7    
  1600  300   472.33    0.00    590   450.33   906.00   375.0    70.0    51.3    
  1600  300   472.33    0.00    591   450.33   906.00   375.0    70.0    51.3   X
Path relinking result: no improvement.
  1620  280   472.33    0.00    611   450.33   906.00   375.0    70.0    51.9   P
  1650  250   472.33    0.00    640   450.33   906.00   375.0    70.0    52.8    
  1680  220   472.33    0.00    671   450.33   906.00   375.0    70.0    53.8   X
  1700  200   472.33    0.00    690   450.33   906.00   375.0    70.0    54.4    
  1709  191      inf  282.40      0   450.33   906.00   375.0    70.0    54.7   R
  1710  190  1895.33  258.59      0   450.33   906.00   375.0    70.0    54.8    
  1750  150   518.00   14.44      0   450.33   906.00   375.0    70.0    56.0    
  1760  140   470.00    8.94      1   450.33   906.00   375.0    70.0    56.4   X
  1800  100   453.67    2.35      2   450.33   906.00   375.0    70.0    57.7    
Path relinking result: elite improvement.

  Gens  Rem    Local   ElDiv NoImpr             Best solution            Time  Op
                                       Cost     Dist    Tard    TMax 
  1800  100   453.67    2.37      3   450.33   906.00   375.0    70.0    57.7   P
* 1809   91   448.00    3.76      0   448.00   901.00   373.0    70.0    58.0    
* 1813   87   447.33    4.54      0   447.33   897.00   373.0    70.0    58.1    
* 1814   86   446.67    4.89      0   446.67   897.00   373.0    70.0    58.1    
  1840   60   446.67    0.00     27   446.67   897.00   373.0    70.0    59.0   X
  1850   50   446.67    0.00     36   446.67   897.00   373.0    70.0    59.3    
  1900    0   446.67    0.00     86   446.67   897.00   373.0    70.0    60.9    
Evolutionary process finished.
Solution written to 'solution-27027.txt'.

Sorted sequence of worst to best tardiness value:
Task for patient = 31 with skills = {1,4} and cost = 159.3
   Vehicle #0 = 0, leaving at = 920.0
   Vehicle #1 = 6, leaving at = 891.0
   Increment on distance indicator: 10.0
   Increment on tard indicator:     110.0
   Value of tmax indicator:         10.0

Task for patient = 34 with skills = {1,3} and cost = 252.3
   Vehicle #0 = 0, leaving at = 1005.0
   Vehicle #1 = 5, leaving at = 1002.0
   Increment on distance indicator: 35.0
   Increment on tard indicator:     94.0
   Value of tmax indicator:         35.0

Task for patient = 20 with skills = {1,-1} and cost = 341.7
   Vehicle #0 = 0, leaving at = 1108.0
   Vehicle #1 = -1, leaving at = inf
   Increment on distance indicator: 14.0
   Increment on tard indicator:     70.0
   Value of tmax indicator:         14.0

Task for patient = 37 with skills = {1,-1} and cost = 377.3
   Vehicle #0 = 0, leaving at = 1149.0
   Vehicle #1 = -1, leaving at = inf
   Increment on distance indicator: 6.0
   Increment on tard indicator:     63.0
   Value of tmax indicator:         6.0

Task for patient = 50 with skills = {1,4} and cost = 102.3
   Vehicle #0 = 0, leaving at = 870.0
   Vehicle #1 = 6, leaving at = 863.0
   Increment on distance indicator: 31.0
   Increment on tard indicator:     18.0
   Value of tmax indicator:         31.0

Task for patient = 35 with skills = {0,-1} and cost = 353.3
   Vehicle #0 = 3, leaving at = 1036.0
   Vehicle #1 = -1, leaving at = inf
   Increment on distance indicator: 5.0
   Increment on tard indicator:     6.0
   Value of tmax indicator:         5.0

Task for patient = 24 with skills = {2,3} and cost = 61.7
   Vehicle #0 = 1, leaving at = 741.0
   Vehicle #1 = 5, leaving at = 762.0
   Increment on distance indicator: 8.0
   Increment on tard indicator:     6.0
   Value of tmax indicator:         8.0

Task for patient = 28 with skills = {2,5} and cost = 304.3
   Vehicle #0 = 3, leaving at = 1003.0
   Vehicle #1 = 6, leaving at = 1027.0
   Increment on distance indicator: 4.0
   Increment on tard indicator:     4.0
   Value of tmax indicator:         4.0

Task for patient = 47 with skills = {3,-1} and cost = 205.7
   Vehicle #0 = 5, leaving at = 869.0
   Vehicle #1 = -1, leaving at = inf
   Increment on distance indicator: 26.0
   Increment on tard indicator:     2.0
   Value of tmax indicator:         26.0

Task for patient = 40 with skills = {2,-1} and cost = 263.0
   Vehicle #0 = 1, leaving at = 904.0
   Vehicle #1 = -1, leaving at = inf
   Increment on distance indicator: 22.0
   Increment on tard indicator:     0.0
   Value of tmax indicator:         22.0

Task for patient = 21 with skills = {2,-1} and cost = 270.0
   Vehicle #0 = 3, leaving at = 871.0
   Vehicle #1 = -1, leaving at = inf
   Increment on distance indicator: 21.0
   Increment on tard indicator:     0.0
   Value of tmax indicator:         21.0

Task for patient = 36 with skills = {2,5} and cost = 272.7
   Vehicle #0 = 3, leaving at = 907.0
   Vehicle #1 = 6, leaving at = 921.0
   Increment on distance indicator: 8.0
   Increment on tard indicator:     0.0
   Value of tmax indicator:         8.0

Task for patient = 5 with skills = {4,-1} and cost = 274.0
   Vehicle #0 = 6, leaving at = 948.0
   Vehicle #1 = -1, leaving at = inf
   Increment on distance indicator: 4.0
   Increment on tard indicator:     0.0
   Value of tmax indicator:         4.0

Task for patient = 12 with skills = {1,-1} and cost = 281.3
   Vehicle #0 = 0, leaving at = 1044.0
   Vehicle #1 = -1, leaving at = inf
   Increment on distance indicator: 22.0
   Increment on tard indicator:     0.0
   Value of tmax indicator:         22.0

Task for patient = 13 with skills = {0,-1} and cost = 285.7
   Vehicle #0 = 2, leaving at = 845.0
   Vehicle #1 = -1, leaving at = inf
   Increment on distance indicator: 13.0
   Increment on tard indicator:     0.0
   Value of tmax indicator:         13.0

Task for patient = 8 with skills = {0,4} and cost = 289.3
   Vehicle #0 = 1, leaving at = 942.0
   Vehicle #1 = 8, leaving at = 951.0
   Increment on distance indicator: 11.0
   Increment on tard indicator:     0.0
   Value of tmax indicator:         11.0

Task for patient = 19 with skills = {3,-1} and cost = 292.7
   Vehicle #0 = 7, leaving at = 945.0
   Vehicle #1 = -1, leaving at = inf
   Increment on distance indicator: 10.0
   Increment on tard indicator:     0.0
   Value of tmax indicator:         10.0

Task for patient = 14 with skills = {2,5} and cost = 294.3
   Vehicle #0 = 3, leaving at = 981.0
   Vehicle #1 = 6, leaving at = 981.0
   Increment on distance indicator: 5.0
   Increment on tard indicator:     0.0
   Value of tmax indicator:         5.0

Task for patient = 49 with skills = {0,-1} and cost = 299.3
   Vehicle #0 = 1, leaving at = 1014.0
   Vehicle #1 = -1, leaving at = inf
   Increment on distance indicator: 3.0
   Increment on tard indicator:     0.0
   Value of tmax indicator:         3.0

Task for patient = 2 with skills = {0,-1} and cost = 301.7
   Vehicle #0 = 2, leaving at = 899.0
   Vehicle #1 = -1, leaving at = inf
   Increment on distance indicator: 7.0
   Increment on tard indicator:     0.0
   Value of tmax indicator:         7.0

Task for patient = 44 with skills = {2,3} and cost = 25.7
   Vehicle #0 = 1, leaving at = 626.0
   Vehicle #1 = 5, leaving at = 640.0
   Increment on distance indicator: 51.0
   Increment on tard indicator:     0.0
   Value of tmax indicator:         51.0

Task for patient = 32 with skills = {5,-1} and cost = 308.0
   Vehicle #0 = 9, leaving at = 921.0
   Vehicle #1 = -1, leaving at = inf
   Increment on distance indicator: 11.0
   Increment on tard indicator:     0.0
   Value of tmax indicator:         11.0

Task for patient = 22 with skills = {0,-1} and cost = 308.7
   Vehicle #0 = 2, leaving at = 953.0
   Vehicle #1 = -1, leaving at = inf
   Increment on distance indicator: 2.0
   Increment on tard indicator:     0.0
   Value of tmax indicator:         2.0

Task for patient = 30 with skills = {1,-1} and cost = 8.7
   Vehicle #0 = 0, leaving at = 737.0
   Vehicle #1 = -1, leaving at = inf
   Increment on distance indicator: 2.0
   Increment on tard indicator:     0.0
   Value of tmax indicator:         2.0

Task for patient = 25 with skills = {3,-1} and cost = 349.7
   Vehicle #0 = 5, leaving at = 1081.0
   Vehicle #1 = -1, leaving at = inf
   Increment on distance indicator: 24.0
   Increment on tard indicator:     0.0
   Value of tmax indicator:         24.0

Task for patient = 45 with skills = {0,-1} and cost = 8.0
   Vehicle #0 = 0, leaving at = 673.0
   Vehicle #1 = -1, leaving at = inf
   Increment on distance indicator: 2.0
   Increment on tard indicator:     0.0
   Value of tmax indicator:         2.0

Task for patient = 38 with skills = {5,-1} and cost = 354.3
   Vehicle #0 = 8, leaving at = 1028.0
   Vehicle #1 = -1, leaving at = inf
   Increment on distance indicator: 3.0
   Increment on tard indicator:     0.0
   Value of tmax indicator:         3.0

Task for patient = 7 with skills = {1,3} and cost = 7.3
   Vehicle #0 = 0, leaving at = 561.0
   Vehicle #1 = 5, leaving at = 582.0
   Increment on distance indicator: 22.0
   Increment on tard indicator:     0.0
   Value of tmax indicator:         22.0

Task for patient = 15 with skills = {2,5} and cost = 298.3
   Vehicle #0 = 1, leaving at = 976.0
   Vehicle #1 = 8, leaving at = 1004.0
   Increment on distance indicator: 12.0
   Increment on tard indicator:     0.0
   Value of tmax indicator:         12.0

Task for patient = 18 with skills = {3,-1} and cost = 51.7
   Vehicle #0 = 7, leaving at = 824.0
   Vehicle #1 = -1, leaving at = inf
   Increment on distance indicator: 2.0
   Increment on tard indicator:     0.0
   Value of tmax indicator:         2.0

Task for patient = 3 with skills = {3,-1} and cost = 55.0
   Vehicle #0 = 7, leaving at = 879.0
   Vehicle #1 = -1, leaving at = inf
   Increment on distance indicator: 10.0
   Increment on tard indicator:     0.0
   Value of tmax indicator:         10.0

Task for patient = 43 with skills = {1,4} and cost = 51.0
   Vehicle #0 = 0, leaving at = 758.0
   Vehicle #1 = 7, leaving at = 789.0
   Increment on distance indicator: 6.0
   Increment on tard indicator:     0.0
   Value of tmax indicator:         6.0

Task for patient = 33 with skills = {1,3} and cost = 68.3
   Vehicle #0 = 0, leaving at = 809.0
   Vehicle #1 = 8, leaving at = 823.0
   Increment on distance indicator: 20.0
   Increment on tard indicator:     0.0
   Value of tmax indicator:         20.0

Task for patient = 10 with skills = {5,-1} and cost = 68.7
   Vehicle #0 = 6, leaving at = 756.0
   Vehicle #1 = -1, leaving at = inf
   Increment on distance indicator: 1.0
   Increment on tard indicator:     0.0
   Value of tmax indicator:         1.0

Task for patient = 23 with skills = {2,-1} and cost = 80.0
   Vehicle #0 = 3, leaving at = 607.0
   Vehicle #1 = -1, leaving at = inf
   Increment on distance indicator: 34.0
   Increment on tard indicator:     0.0
   Value of tmax indicator:         34.0

Task for patient = 9 with skills = {2,-1} and cost = 85.0
   Vehicle #0 = 3, leaving at = 661.0
   Vehicle #1 = -1, leaving at = inf
   Increment on distance indicator: 15.0
   Increment on tard indicator:     0.0
   Value of tmax indicator:         15.0

Task for patient = 42 with skills = {3,-1} and cost = 49.0
   Vehicle #0 = 7, leaving at = 725.0
   Vehicle #1 = -1, leaving at = inf
   Increment on distance indicator: 12.0
   Increment on tard indicator:     0.0
   Value of tmax indicator:         12.0

Task for patient = 48 with skills = {3,-1} and cost = 104.0
   Vehicle #0 = 5, leaving at = 828.0
   Vehicle #1 = -1, leaving at = inf
   Increment on distance indicator: 5.0
   Increment on tard indicator:     0.0
   Value of tmax indicator:         5.0

Task for patient = 46 with skills = {4,-1} and cost = 255.7
   Vehicle #0 = 9, leaving at = 803.0
   Vehicle #1 = -1, leaving at = inf
   Increment on distance indicator: 10.0
   Increment on tard indicator:     0.0
   Value of tmax indicator:         10.0

Task for patient = 41 with skills = {0,4} and cost = 180.0
   Vehicle #0 = 2, leaving at = 624.0
   Vehicle #1 = 9, leaving at = 637.0
   Increment on distance indicator: 62.0
   Increment on tard indicator:     0.0
   Value of tmax indicator:         62.0

Task for patient = 39 with skills = {2,-1} and cost = 181.3
   Vehicle #0 = 1, leaving at = 813.0
   Vehicle #1 = -1, leaving at = inf
   Increment on distance indicator: 4.0
   Increment on tard indicator:     0.0
   Value of tmax indicator:         4.0

Task for patient = 26 with skills = {0,-1} and cost = 182.3
   Vehicle #0 = 3, leaving at = 686.0
   Vehicle #1 = -1, leaving at = inf
   Increment on distance indicator: 3.0
   Increment on tard indicator:     0.0
   Value of tmax indicator:         3.0

Task for patient = 11 with skills = {4,-1} and cost = 184.0
   Vehicle #0 = 9, leaving at = 664.0
   Vehicle #1 = -1, leaving at = inf
   Increment on distance indicator: 5.0
   Increment on tard indicator:     0.0
   Value of tmax indicator:         5.0

Task for patient = 1 with skills = {2,-1} and cost = 186.0
   Vehicle #0 = 3, leaving at = 784.0
   Vehicle #1 = -1, leaving at = inf
   Increment on distance indicator: 6.0
   Increment on tard indicator:     0.0
   Value of tmax indicator:         6.0

Task for patient = 17 with skills = {0,-1} and cost = 196.3
   Vehicle #0 = 2, leaving at = 689.0
   Vehicle #1 = -1, leaving at = inf
   Increment on distance indicator: 31.0
   Increment on tard indicator:     0.0
   Value of tmax indicator:         31.0

Task for patient = 4 with skills = {0,-1} and cost = 383.0
   Vehicle #0 = 2, leaving at = 1015.0
   Vehicle #1 = -1, leaving at = inf
   Increment on distance indicator: 17.0
   Increment on tard indicator:     0.0
   Value of tmax indicator:         17.0

Task for patient = 6 with skills = {2,-1} and cost = 207.3
   Vehicle #0 = 3, leaving at = 814.0
   Vehicle #1 = -1, leaving at = inf
   Increment on distance indicator: 5.0
   Increment on tard indicator:     0.0
   Value of tmax indicator:         5.0

Task for patient = 27 with skills = {0,-1} and cost = 209.3
   Vehicle #0 = 1, leaving at = 856.0
   Vehicle #1 = -1, leaving at = inf
   Increment on distance indicator: 6.0
   Increment on tard indicator:     0.0
   Value of tmax indicator:         6.0

Task for patient = 16 with skills = {2,5} and cost = 40.3
   Vehicle #0 = 1, leaving at = 656.0
   Vehicle #1 = 6, leaving at = 695.0
   Increment on distance indicator: 44.0
   Increment on tard indicator:     0.0
   Value of tmax indicator:         44.0

Task for patient = 29 with skills = {0,3} and cost = 45.0
   Vehicle #0 = 1, leaving at = 696.0
   Vehicle #1 = 5, leaving at = 721.0
   Increment on distance indicator: 14.0
   Increment on tard indicator:     0.0
   Value of tmax indicator:         14.0


Unused vehicle list: 4 (total = 1 out of 10)

---
Search finished.
Total of 1900 generations in 60.9 seconds.
Exchange elite runs: 23
Implicit path relinking runs: 10
Reset attempts: 2

Best solution found:
   Cost: 446.7
   Total travel time: 897.0
   Total tardiness time: 373.0
   Largest tardiness: 70.0


446.7
