This host is: panku
--- BRKGA-MP-IPR for HHCRSP ---
Instance: new-dataset/instances-75/HHCRSP_75_15_97_1.0_C_C.txt
Seed: 8

Reading data... Problem contains 75 patients  and 15 caregivers.

Summary of supply x demand for each service type:
Skill 0 has supply = 1 and demand = 12, ratio = 0.0833333
Skill 1 has supply = 6 and demand = 27, ratio = 0.222222
Skill 2 has supply = 3 and demand = 10, ratio = 0.3
Skill 3 has supply = 4 and demand = 19, ratio = 0.210526
Skill 4 has supply = 6 and demand = 25, ratio = 0.24
Skill 5 has supply = 3 and demand = 6, ratio = 0.5

Reading parameters...
Inferred distance function by PR type: kendall-tau
Building BRKGA data and initializing...
Evolving 1900 generations...

  Gens  Rem    Local   ElDiv NoImpr             Best solution            Time  Op
                                       Cost     Dist    Tard    TMax 
*    0 1900  2367.67  241.27      0  2367.67  1625.00  4991.0   487.0     0.0    
*    5 1895  2240.67  173.06      0  2240.67  1558.00  3427.0   579.0     0.2    
*    6 1894  1854.67  177.23      0  1854.67  1311.00  3340.0   395.0     0.3    
*    7 1893  1682.00  167.84      0  1682.00  1311.00  3340.0   395.0     0.3    
*    9 1891  1678.67  145.28      0  1678.67  1372.00  2708.0   386.0     0.4    
*   10 1890  1488.67  131.51      0  1488.67  1372.00  2708.0   386.0     0.4    
*   14 1886  1188.00   95.02      0  1188.00  1579.00  1672.0   313.0     0.6    
*   18 1882  1169.33   85.32      0  1169.33  1342.00  1623.0   372.0     0.8    
*   19 1881  1112.33   82.43      0  1112.33  1391.00  1404.0   341.0     0.8    
*   20 1880  1045.33   80.32      0  1045.33  1422.00  1328.0   334.0     0.8    
*   21 1879  1028.00   78.67      0  1028.00  1407.00  1313.0   216.0     0.9    
*   22 1878   978.67   79.59      0   978.67  1366.00  1276.0   217.0     0.9    
*   23 1877   953.00   77.21      0   953.00  1283.00  1283.0   270.0     1.0    
*   24 1876   945.33   67.17      0   945.33  1283.00  1283.0   270.0     1.0    
*   27 1873   887.33   58.16      0   887.33  1359.00  1084.0   219.0     1.1    

  Gens  Rem    Local   ElDiv NoImpr             Best solution            Time  Op
                                       Cost     Dist    Tard    TMax 
*   29 1871   878.33   55.07      0   878.33  1391.00   877.0   194.0     1.2    
*   30 1870   820.67   49.43      0   820.67  1391.00   877.0   194.0     1.2    
*   33 1867   783.33   41.88      0   783.33  1211.00   837.0   253.0     1.3    
*   34 1866   767.00   42.18      0   767.00  1237.00   811.0   252.0     1.4    
*   35 1865   766.67   39.51      0   766.67  1275.00   779.0   199.0     1.4    
*   36 1864   751.00   40.42      0   751.00  1275.00   779.0   199.0     1.5    
*   38 1862   750.00   36.40      0   750.00  1305.00   690.0   255.0     1.5    
*   40 1860   740.67   32.47      0   740.67  1216.00   708.0   192.0     1.6    
*   41 1859   705.33   31.05      0   705.33  1216.00   708.0   192.0     1.7    
*   46 1854   704.00   20.42      0   704.00  1140.00   718.0   254.0     1.9    
*   49 1851   691.00   14.46      0   691.00  1128.00   691.0   254.0     2.0    
    50 1850   691.00   14.24      1   691.00  1128.00   691.0   254.0     2.0    
*   56 1844   678.33    9.55      0   678.33  1102.00   680.0   253.0     2.2    
*   63 1837   674.33    7.65      0   674.33  1078.00   694.0   251.0     2.5    
*   66 1834   672.00    6.51      0   672.00  1071.00   694.0   251.0     2.6    
*   69 1831   667.33    5.45      0   667.33  1057.00   694.0   251.0     2.7    

  Gens  Rem    Local   ElDiv NoImpr             Best solution            Time  Op
                                       Cost     Dist    Tard    TMax 
*   77 1823   666.67    3.33      0   666.67  1092.00   708.0   193.0     3.0    
*   78 1822   664.33    3.42      0   664.33  1100.00   693.0   192.0     3.1    
*   79 1821   661.67    3.42      0   661.67  1100.00   693.0   192.0     3.1    
    80 1820   661.67    2.24      2   661.67  1100.00   693.0   192.0     3.2   X
   100 1800   661.67    2.25     21   661.67  1100.00   693.0   192.0     4.0    
*  141 1759   661.33    2.28      0   661.33  1059.00   672.0   253.0     5.6    
   150 1750   661.33    2.46      9   661.33  1059.00   672.0   253.0     5.9    
*  156 1744   660.00    2.94      0   660.00  1047.00   671.0   253.0     6.1    
*  157 1743   657.00    3.12      0   657.00  1047.00   671.0   253.0     6.2    
   160 1740   657.00    2.17      4   657.00  1047.00   671.0   253.0     6.3   X
*  164 1736   656.00    2.35      0   656.00  1044.00   671.0   253.0     6.5    
*  166 1734   655.67    2.52      0   655.67  1044.00   670.0   253.0     6.5    
*  170 1730   655.00    2.79      0   655.00  1041.00   670.0   253.0     6.7    
*  171 1729   654.67    2.86      0   654.67  1036.00   673.0   253.0     6.7    
*  172 1728   654.00    2.98      0   654.00  1036.00   673.0   253.0     6.8    
*  174 1726   652.33    3.23      0   652.33  1034.00   670.0   253.0     6.9    

  Gens  Rem    Local   ElDiv NoImpr             Best solution            Time  Op
                                       Cost     Dist    Tard    TMax 
*  178 1722   652.00    3.45      0   652.00  1033.00   670.0   253.0     7.0    
Path relinking result: elite improvement.
   180 1720   651.00    3.31      0   652.00  1033.00   670.0   253.0     7.1   P
*  181 1719   651.00    3.21      0   651.00  1030.00   670.0   253.0     7.2    
*  186 1714   650.67    2.61      0   650.67  1029.00   670.0   253.0     7.4    
*  192 1708   650.00    2.03      0   650.00  1027.00   670.0   253.0     7.6    
*  197 1703   649.67    1.35      0   649.67  1026.00   670.0   253.0     7.8    
   200 1700   649.67    0.99      3   649.67  1026.00   670.0   253.0     7.9    
*  204 1696   649.33    0.54      0   649.33  1025.00   670.0   253.0     8.1    
*  213 1687   649.00    0.38      0   649.00  1024.00   670.0   253.0     8.4    
*  219 1681   648.67    0.28      0   648.67  1023.00   670.0   253.0     8.7    
*  224 1676   648.33    0.30      0   648.33  1022.00   670.0   253.0     8.9    
*  226 1674   647.67    0.36      0   647.67  1020.00   670.0   253.0     8.9    
*  229 1671   647.33    0.46      0   647.33  1019.00   670.0   253.0     9.1    
*  232 1668   646.67    0.48      0   646.67  1017.00   670.0   253.0     9.2    
*  235 1665   646.33    0.58      0   646.33  1016.00   670.0   253.0     9.3    
   240 1660   646.33    0.46      6   646.33  1016.00   670.0   253.0     9.5   X

  Gens  Rem    Local   ElDiv NoImpr             Best solution            Time  Op
                                       Cost     Dist    Tard    TMax 
*  242 1658   646.00    0.41      0   646.00  1015.00   670.0   253.0     9.6    
   250 1650   646.00    0.00      8   646.00  1015.00   670.0   253.0     9.9    
   300 1600   646.00    0.00     58   646.00  1015.00   670.0   253.0    11.8    
   320 1580   646.00    0.00     79   646.00  1015.00   670.0   253.0    12.6   X
   350 1550   646.00    0.00    108   646.00  1015.00   670.0   253.0    13.8    
Path relinking result: no improvement.
   360 1540   646.00    0.00    119   646.00  1015.00   670.0   253.0    14.2   P
   400 1500   646.00    0.00    158   646.00  1015.00   670.0   253.0    15.7    
   400 1500   646.00    0.00    159   646.00  1015.00   670.0   253.0    15.7   X
   450 1450   646.00    0.00    208   646.00  1015.00   670.0   253.0    17.7    
   480 1420   646.00    0.00    239   646.00  1015.00   670.0   253.0    18.9   X
   500 1400   646.00    0.00    258   646.00  1015.00   670.0   253.0    19.7    
Path relinking result: no improvement.
   540 1360   646.00    0.00    299   646.00  1015.00   670.0   253.0    21.2   P
   550 1350   646.00    0.00    308   646.00  1015.00   670.0   253.0    21.6    
   560 1340   646.00    0.00    319   646.00  1015.00   670.0   253.0    22.0   X
   600 1300   646.00    0.00    358   646.00  1015.00   670.0   253.0    23.6    
   640 1260   646.00    0.00    399   646.00  1015.00   670.0   253.0    25.3   X

  Gens  Rem    Local   ElDiv NoImpr             Best solution            Time  Op
                                       Cost     Dist    Tard    TMax 
   650 1250   646.00    0.00    408   646.00  1015.00   670.0   253.0    25.7    
   700 1200   646.00    0.00    458   646.00  1015.00   670.0   253.0    27.6    
Path relinking result: no improvement.
   720 1180   646.00    0.00    479   646.00  1015.00   670.0   253.0    28.4  PX
   750 1150   646.00    0.00    508   646.00  1015.00   670.0   253.0    29.6    
   800 1100   646.00    0.00    558   646.00  1015.00   670.0   253.0    31.5    
   800 1100   646.00    0.00    559   646.00  1015.00   670.0   253.0    31.5   X
   850 1050   646.00    0.00    608   646.00  1015.00   670.0   253.0    33.5    
   880 1020   646.00    0.00    639   646.00  1015.00   670.0   253.0    34.7   X
   900 1000   646.00    0.00    658   646.00  1015.00   670.0   253.0    35.4    
Path relinking result: no improvement.
   900 1000   646.00    0.00    659   646.00  1015.00   670.0   253.0    35.4   P
   941  959      inf  279.71      0   646.00  1015.00   670.0   253.0    37.1   R
   942  958  2554.33  244.02      0   646.00  1015.00   670.0   253.0    37.1    
   950  950  1652.33  143.47      0   646.00  1015.00   670.0   253.0    37.4    
   960  940  1015.33   64.95      1   646.00  1015.00   670.0   253.0    37.8   X
  1000  900   677.67    9.72      1   646.00  1015.00   670.0   253.0    39.4    
  1040  860   656.00    3.04      0   646.00  1015.00   670.0   253.0    41.0   X

  Gens  Rem    Local   ElDiv NoImpr             Best solution            Time  Op
                                       Cost     Dist    Tard    TMax 
  1050  850   653.00    4.02      3   646.00  1015.00   670.0   253.0    41.4    
Path relinking result: elite improvement.
  1080  820   649.33    1.02      7   646.00  1015.00   670.0   253.0    42.6   P
  1100  800   649.00    0.17     11   646.00  1015.00   670.0   253.0    43.4    
  1120  780   649.00    0.00     32   646.00  1015.00   670.0   253.0    44.1   X
  1150  750   649.00    0.00     61   646.00  1015.00   670.0   253.0    45.3    
  1200  700   649.00    0.00    111   646.00  1015.00   670.0   253.0    47.2    
  1200  700   649.00    0.00    112   646.00  1015.00   670.0   253.0    47.2   X
  1250  650   649.00    0.00    161   646.00  1015.00   670.0   253.0    49.2    
Path relinking result: no improvement.
  1260  640   649.00    0.00    172   646.00  1015.00   670.0   253.0    49.6   P
  1280  620   649.00    0.00    192   646.00  1015.00   670.0   253.0    50.4   X
  1300  600   649.00    0.00    211   646.00  1015.00   670.0   253.0    51.3    
  1350  550   649.00    0.00    261   646.00  1015.00   670.0   253.0    53.2    
  1360  540   649.00    0.00    272   646.00  1015.00   670.0   253.0    53.6   X
  1400  500   649.00    0.00    311   646.00  1015.00   670.0   253.0    55.2    
Path relinking result: no improvement.
  1440  460   649.00    0.00    352   646.00  1015.00   670.0   253.0    56.8  PX
  1450  450   649.00    0.00    361   646.00  1015.00   670.0   253.0    57.2    

  Gens  Rem    Local   ElDiv NoImpr             Best solution            Time  Op
                                       Cost     Dist    Tard    TMax 
  1500  400   649.00    0.00    411   646.00  1015.00   670.0   253.0    59.1    
  1520  380   649.00    0.00    432   646.00  1015.00   670.0   253.0    59.9   X
  1550  350   649.00    0.00    461   646.00  1015.00   670.0   253.0    61.1    
  1600  300   649.00    0.00    511   646.00  1015.00   670.0   253.0    63.0    
  1600  300   649.00    0.00    512   646.00  1015.00   670.0   253.0    63.0   X
Path relinking result: no improvement.
  1620  280   649.00    0.00    532   646.00  1015.00   670.0   253.0    63.8   P
  1650  250   649.00    0.00    561   646.00  1015.00   670.0   253.0    65.0    
  1680  220   649.00    0.00    592   646.00  1015.00   670.0   253.0    66.2   X
  1700  200   649.00    0.00    611   646.00  1015.00   670.0   253.0    67.0    
  1750  150   649.00    0.00    661   646.00  1015.00   670.0   253.0    69.0    
  1760  140   649.00    0.00    672   646.00  1015.00   670.0   253.0    69.4   X
  1788  112      inf  254.04      0   646.00  1015.00   670.0   253.0    70.5   R
  1789  111  2481.33  244.16      0   646.00  1015.00   670.0   253.0    70.5    
  1800  100  1507.00  117.55      0   646.00  1015.00   670.0   253.0    71.0    
Path relinking result: elite improvement.
  1800  100  1507.00  119.94      1   646.00  1015.00   670.0   253.0    71.0   P
  1840   60   674.67    9.02      0   646.00  1015.00   670.0   253.0    72.6   X

  Gens  Rem    Local   ElDiv NoImpr             Best solution            Time  Op
                                       Cost     Dist    Tard    TMax 
  1850   50   674.67    7.43      9   646.00  1015.00   670.0   253.0    73.0    
* 1890   10   645.00    2.40      0   645.00  1053.00   684.0   198.0    74.6    
* 1892    8   644.33    2.77      0   644.33  1051.00   684.0   198.0    74.6    
* 1897    3   644.00    3.48      0   644.00  1050.00   684.0   198.0    74.8    
* 1899    1   643.67    3.47      0   643.67  1041.00   690.0   198.0    74.9    
  1900    0   643.00    3.47      0   643.67  1041.00   690.0   198.0    74.9    
Evolutionary process finished.
Solution written to 'solution-7506.txt'.

Sorted sequence of worst to best tardiness value:
Task for patient = 21 with skills = {0,-1} and cost = 466.7
   Vehicle #0 = 6, leaving at = 1036.0
   Vehicle #1 = -1, leaving at = inf
   Increment on distance indicator: 12.0
   Increment on tard indicator:     198.0
   Value of tmax indicator:         12.0

Task for patient = 48 with skills = {0,-1} and cost = 290.0
   Vehicle #0 = 6, leaving at = 918.0
   Vehicle #1 = -1, leaving at = inf
   Increment on distance indicator: 4.0
   Increment on tard indicator:     188.0
   Value of tmax indicator:         4.0

Task for patient = 2 with skills = {0,-1} and cost = 350.3
   Vehicle #0 = 6, leaving at = 968.0
   Vehicle #1 = -1, leaving at = inf
   Increment on distance indicator: 29.0
   Increment on tard indicator:     135.0
   Value of tmax indicator:         29.0

Task for patient = 35 with skills = {0,-1} and cost = 520.3
   Vehicle #0 = 6, leaving at = 1126.0
   Vehicle #1 = -1, leaving at = inf
   Increment on distance indicator: 39.0
   Increment on tard indicator:     102.0
   Value of tmax indicator:         39.0

Task for patient = 41 with skills = {0,-1} and cost = 171.7
   Vehicle #0 = 6, leaving at = 876.0
   Vehicle #1 = -1, leaving at = inf
   Increment on distance indicator: 1.0
   Increment on tard indicator:     58.0
   Value of tmax indicator:         1.0

Task for patient = 30 with skills = {1,3} and cost = 545.3
   Vehicle #0 = 4, leaving at = 960.0
   Vehicle #1 = 7, leaving at = 987.0
   Increment on distance indicator: 11.0
   Increment on tard indicator:     4.0
   Value of tmax indicator:         11.0

Task for patient = 20 with skills = {3,-1} and cost = 357.7
   Vehicle #0 = 7, leaving at = 924.0
   Vehicle #1 = -1, leaving at = inf
   Increment on distance indicator: 2.0
   Increment on tard indicator:     3.0
   Value of tmax indicator:         2.0

Task for patient = 33 with skills = {1,-1} and cost = 547.7
   Vehicle #0 = 3, leaving at = 1059.0
   Vehicle #1 = -1, leaving at = inf
   Increment on distance indicator: 4.0
   Increment on tard indicator:     2.0
   Value of tmax indicator:         4.0

Task for patient = 62 with skills = {4,-1} and cost = 384.0
   Vehicle #0 = 13, leaving at = 855.0
   Vehicle #1 = -1, leaving at = inf
   Increment on distance indicator: 1.0
   Increment on tard indicator:     0.0
   Value of tmax indicator:         1.0

Task for patient = 43 with skills = {1,-1} and cost = 383.7
   Vehicle #0 = 5, leaving at = 910.0
   Vehicle #1 = -1, leaving at = inf
   Increment on distance indicator: 6.0
   Increment on tard indicator:     0.0
   Value of tmax indicator:         6.0

Task for patient = 69 with skills = {2,-1} and cost = 381.7
   Vehicle #0 = 2, leaving at = 1034.0
   Vehicle #1 = -1, leaving at = inf
   Increment on distance indicator: 9.0
   Increment on tard indicator:     0.0
   Value of tmax indicator:         9.0

Task for patient = 16 with skills = {1,4} and cost = 378.7
   Vehicle #0 = 4, leaving at = 845.0
   Vehicle #1 = 8, leaving at = 876.0
   Increment on distance indicator: 20.0
   Increment on tard indicator:     0.0
   Value of tmax indicator:         20.0

Task for patient = 44 with skills = {2,-1} and cost = 372.0
   Vehicle #0 = 2, leaving at = 973.0
   Vehicle #1 = -1, leaving at = inf
   Increment on distance indicator: 12.0
   Increment on tard indicator:     0.0
   Value of tmax indicator:         12.0

Task for patient = 49 with skills = {5,-1} and cost = 368.0
   Vehicle #0 = 14, leaving at = 917.0
   Vehicle #1 = -1, leaving at = inf
   Increment on distance indicator: 14.0
   Increment on tard indicator:     0.0
   Value of tmax indicator:         14.0

Task for patient = 10 with skills = {2,-1} and cost = 363.3
   Vehicle #0 = 3, leaving at = 952.0
   Vehicle #1 = -1, leaving at = inf
   Increment on distance indicator: 8.0
   Increment on tard indicator:     0.0
   Value of tmax indicator:         8.0

Task for patient = 32 with skills = {2,4} and cost = 360.7
   Vehicle #0 = 3, leaving at = 915.0
   Vehicle #1 = 9, leaving at = 927.0
   Increment on distance indicator: 7.0
   Increment on tard indicator:     0.0
   Value of tmax indicator:         7.0

Task for patient = 46 with skills = {4,-1} and cost = 358.3
   Vehicle #0 = 11, leaving at = 896.0
   Vehicle #1 = -1, leaving at = inf
   Increment on distance indicator: 2.0
   Increment on tard indicator:     0.0
   Value of tmax indicator:         2.0

Task for patient = 14 with skills = {4,-1} and cost = 356.0
   Vehicle #0 = 13, leaving at = 836.0
   Vehicle #1 = -1, leaving at = inf
   Increment on distance indicator: 3.0
   Increment on tard indicator:     0.0
   Value of tmax indicator:         3.0

Task for patient = 67 with skills = {4,-1} and cost = 355.0
   Vehicle #0 = 9, leaving at = 877.0
   Vehicle #1 = -1, leaving at = inf
   Increment on distance indicator: 3.0
   Increment on tard indicator:     0.0
   Value of tmax indicator:         3.0

Task for patient = 71 with skills = {1,3} and cost = 354.0
   Vehicle #0 = 5, leaving at = 861.0
   Vehicle #1 = 14, leaving at = 872.0
   Increment on distance indicator: 11.0
   Increment on tard indicator:     0.0
   Value of tmax indicator:         11.0

Task for patient = 27 with skills = {4,-1} and cost = 393.3
   Vehicle #0 = 10, leaving at = 868.0
   Vehicle #1 = -1, leaving at = inf
   Increment on distance indicator: 28.0
   Increment on tard indicator:     0.0
   Value of tmax indicator:         28.0

Task for patient = 12 with skills = {4,-1} and cost = 566.7
   Vehicle #0 = 9, leaving at = 1070.0
   Vehicle #1 = -1, leaving at = inf
   Increment on distance indicator: 5.0
   Increment on tard indicator:     0.0
   Value of tmax indicator:         5.0

Task for patient = 56 with skills = {1,3} and cost = 565.0
   Vehicle #0 = 4, leaving at = 1029.0
   Vehicle #1 = 7, leaving at = 1042.0
   Increment on distance indicator: 6.0
   Increment on tard indicator:     0.0
   Value of tmax indicator:         6.0

Task for patient = 38 with skills = {2,-1} and cost = 563.0
   Vehicle #0 = 2, leaving at = 1085.0
   Vehicle #1 = -1, leaving at = inf
   Increment on distance indicator: 9.0
   Increment on tard indicator:     0.0
   Value of tmax indicator:         9.0

Task for patient = 47 with skills = {2,3} and cost = 560.0
   Vehicle #0 = 0, leaving at = 986.0
   Vehicle #1 = 11, leaving at = 1031.0
   Increment on distance indicator: 19.0
   Increment on tard indicator:     0.0
   Value of tmax indicator:         19.0

Task for patient = 60 with skills = {1,-1} and cost = 553.7
   Vehicle #0 = 4, leaving at = 1004.0
   Vehicle #1 = -1, leaving at = inf
   Increment on distance indicator: 2.0
   Increment on tard indicator:     0.0
   Value of tmax indicator:         2.0

Task for patient = 11 with skills = {1,3} and cost = 553.0
   Vehicle #0 = 5, leaving at = 950.0
   Vehicle #1 = 11, leaving at = 969.0
   Increment on distance indicator: 16.0
   Increment on tard indicator:     0.0
   Value of tmax indicator:         16.0

Task for patient = 63 with skills = {4,-1} and cost = 545.7
   Vehicle #0 = 9, leaving at = 1019.0
   Vehicle #1 = -1, leaving at = inf
   Increment on distance indicator: 1.0
   Increment on tard indicator:     0.0
   Value of tmax indicator:         1.0

Task for patient = 22 with skills = {4,-1} and cost = 473.3
   Vehicle #0 = 12, leaving at = 755.0
   Vehicle #1 = -1, leaving at = inf
   Increment on distance indicator: 20.0
   Increment on tard indicator:     0.0
   Value of tmax indicator:         20.0

Task for patient = 25 with skills = {1,3} and cost = 537.3
   Vehicle #0 = 1, leaving at = 1000.0
   Vehicle #1 = 10, leaving at = 981.0
   Increment on distance indicator: 12.0
   Increment on tard indicator:     0.0
   Value of tmax indicator:         12.0

Task for patient = 26 with skills = {2,3} and cost = 533.3
   Vehicle #0 = 0, leaving at = 909.0
   Vehicle #1 = 11, leaving at = 917.0
   Increment on distance indicator: 4.0
   Increment on tard indicator:     0.0
   Value of tmax indicator:         4.0

Task for patient = 28 with skills = {4,-1} and cost = 532.0
   Vehicle #0 = 10, leaving at = 957.0
   Vehicle #1 = -1, leaving at = inf
   Increment on distance indicator: 4.0
   Increment on tard indicator:     0.0
   Value of tmax indicator:         4.0

Task for patient = 66 with skills = {1,-1} and cost = 530.7
   Vehicle #0 = 1, leaving at = 949.0
   Vehicle #1 = -1, leaving at = inf
   Increment on distance indicator: 3.0
   Increment on tard indicator:     0.0
   Value of tmax indicator:         3.0

Task for patient = 3 with skills = {1,4} and cost = 529.7
   Vehicle #0 = 4, leaving at = 898.0
   Vehicle #1 = 13, leaving at = 897.0
   Increment on distance indicator: 11.0
   Increment on tard indicator:     0.0
   Value of tmax indicator:         11.0

Task for patient = 19 with skills = {3,-1} and cost = 526.0
   Vehicle #0 = 7, leaving at = 964.0
   Vehicle #1 = -1, leaving at = inf
   Increment on distance indicator: 6.0
   Increment on tard indicator:     0.0
   Value of tmax indicator:         6.0

Task for patient = 58 with skills = {1,3} and cost = 524.0
   Vehicle #0 = 1, leaving at = 929.0
   Vehicle #1 = 10, leaving at = 929.0
   Increment on distance indicator: 11.0
   Increment on tard indicator:     0.0
   Value of tmax indicator:         11.0

Task for patient = 18 with skills = {2,-1} and cost = 295.7
   Vehicle #0 = 2, leaving at = 847.0
   Vehicle #1 = -1, leaving at = inf
   Increment on distance indicator: 9.0
   Increment on tard indicator:     0.0
   Value of tmax indicator:         9.0

Task for patient = 9 with skills = {2,5} and cost = 540.3
   Vehicle #0 = 3, leaving at = 1008.0
   Vehicle #1 = 9, leaving at = 980.0
   Increment on distance indicator: 9.0
   Increment on tard indicator:     0.0
   Value of tmax indicator:         9.0

Task for patient = 39 with skills = {4,-1} and cost = 87.3
   Vehicle #0 = 12, leaving at = 580.0
   Vehicle #1 = -1, leaving at = inf
   Increment on distance indicator: 9.0
   Increment on tard indicator:     0.0
   Value of tmax indicator:         9.0

Task for patient = 29 with skills = {2,4} and cost = 84.3
   Vehicle #0 = 2, leaving at = 780.0
   Vehicle #1 = 8, leaving at = 798.0
   Increment on distance indicator: 11.0
   Increment on tard indicator:     0.0
   Value of tmax indicator:         11.0

Task for patient = 1 with skills = {3,-1} and cost = 80.7
   Vehicle #0 = 7, leaving at = 603.0
   Vehicle #1 = -1, leaving at = inf
   Increment on distance indicator: 1.0
   Increment on tard indicator:     0.0
   Value of tmax indicator:         1.0

Task for patient = 17 with skills = {1,-1} and cost = 80.3
   Vehicle #0 = 3, leaving at = 677.0
   Vehicle #1 = -1, leaving at = inf
   Increment on distance indicator: 26.0
   Increment on tard indicator:     0.0
   Value of tmax indicator:         26.0

Task for patient = 68 with skills = {4,-1} and cost = 71.7
   Vehicle #0 = 8, leaving at = 705.0
   Vehicle #1 = -1, leaving at = inf
   Increment on distance indicator: 9.0
   Increment on tard indicator:     0.0
   Value of tmax indicator:         9.0

Task for patient = 45 with skills = {3,-1} and cost = 68.7
   Vehicle #0 = 11, leaving at = 646.0
   Vehicle #1 = -1, leaving at = inf
   Increment on distance indicator: 18.0
   Increment on tard indicator:     0.0
   Value of tmax indicator:         18.0

Task for patient = 50 with skills = {4,-1} and cost = 62.7
   Vehicle #0 = 10, leaving at = 716.0
   Vehicle #1 = -1, leaving at = inf
   Increment on distance indicator: 3.0
   Increment on tard indicator:     0.0
   Value of tmax indicator:         3.0

Task for patient = 7 with skills = {1,4} and cost = 61.7
   Vehicle #0 = 3, leaving at = 636.0
   Vehicle #1 = 8, leaving at = 642.0
   Increment on distance indicator: 6.0
   Increment on tard indicator:     0.0
   Value of tmax indicator:         6.0

Task for patient = 55 with skills = {1,4} and cost = 292.7
   Vehicle #0 = 1, leaving at = 836.0
   Vehicle #1 = 9, leaving at = 847.0
   Increment on distance indicator: 8.0
   Increment on tard indicator:     0.0
   Value of tmax indicator:         8.0

Task for patient = 23 with skills = {0,3} and cost = 53.3
   Vehicle #0 = 6, leaving at = 668.0
   Vehicle #1 = 10, leaving at = 623.0
   Increment on distance indicator: 42.0
   Increment on tard indicator:     0.0
   Value of tmax indicator:         42.0

Task for patient = 34 with skills = {5,-1} and cost = 39.3
   Vehicle #0 = 9, leaving at = 770.0
   Vehicle #1 = -1, leaving at = inf
   Increment on distance indicator: 10.0
   Increment on tard indicator:     0.0
   Value of tmax indicator:         10.0

Task for patient = 37 with skills = {0,-1} and cost = 36.0
   Vehicle #0 = 6, leaving at = 576.0
   Vehicle #1 = -1, leaving at = inf
   Increment on distance indicator: 20.0
   Increment on tard indicator:     0.0
   Value of tmax indicator:         20.0

Task for patient = 15 with skills = {0,3} and cost = 29.3
   Vehicle #0 = 6, leaving at = 527.0
   Vehicle #1 = 7, leaving at = 528.0
   Increment on distance indicator: 18.0
   Increment on tard indicator:     0.0
   Value of tmax indicator:         18.0

Task for patient = 65 with skills = {4,-1} and cost = 23.3
   Vehicle #0 = 9, leaving at = 710.0
   Vehicle #1 = -1, leaving at = inf
   Increment on distance indicator: 21.0
   Increment on tard indicator:     0.0
   Value of tmax indicator:         21.0

Task for patient = 73 with skills = {1,5} and cost = 16.3
   Vehicle #0 = 1, leaving at = 636.0
   Vehicle #1 = 9, leaving at = 642.0
   Increment on distance indicator: 22.0
   Increment on tard indicator:     0.0
   Value of tmax indicator:         22.0

Task for patient = 53 with skills = {1,-1} and cost = 9.0
   Vehicle #0 = 0, leaving at = 735.0
   Vehicle #1 = -1, leaving at = inf
   Increment on distance indicator: 10.0
   Increment on tard indicator:     0.0
   Value of tmax indicator:         10.0

Task for patient = 13 with skills = {1,-1} and cost = 5.7
   Vehicle #0 = 0, leaving at = 678.0
   Vehicle #1 = -1, leaving at = inf
   Increment on distance indicator: 17.0
   Increment on tard indicator:     0.0
   Value of tmax indicator:         17.0

Task for patient = 5 with skills = {1,-1} and cost = 59.7
   Vehicle #0 = 1, leaving at = 778.0
   Vehicle #1 = -1, leaving at = inf
   Increment on distance indicator: 19.0
   Increment on tard indicator:     0.0
   Value of tmax indicator:         19.0

Task for patient = 51 with skills = {1,-1} and cost = 567.7
   Vehicle #0 = 1, leaving at = 1045.0
   Vehicle #1 = -1, leaving at = inf
   Increment on distance indicator: 3.0
   Increment on tard indicator:     0.0
   Value of tmax indicator:         3.0

Task for patient = 74 with skills = {1,3} and cost = 182.7
   Vehicle #0 = 0, leaving at = 829.0
   Vehicle #1 = 11, leaving at = 863.0
   Increment on distance indicator: 6.0
   Increment on tard indicator:     0.0
   Value of tmax indicator:         6.0

Task for patient = 75 with skills = {3,-1} and cost = 180.7
   Vehicle #0 = 10, leaving at = 784.0
   Vehicle #1 = -1, leaving at = inf
   Increment on distance indicator: 11.0
   Increment on tard indicator:     0.0
   Value of tmax indicator:         11.0

Task for patient = 40 with skills = {1,-1} and cost = 177.0
   Vehicle #0 = 4, leaving at = 710.0
   Vehicle #1 = -1, leaving at = inf
   Increment on distance indicator: 2.0
   Increment on tard indicator:     0.0
   Value of tmax indicator:         2.0

Task for patient = 4 with skills = {1,-1} and cost = 176.3
   Vehicle #0 = 4, leaving at = 662.0
   Vehicle #1 = -1, leaving at = inf
   Increment on distance indicator: 7.0
   Increment on tard indicator:     0.0
   Value of tmax indicator:         7.0

Task for patient = 6 with skills = {4,-1} and cost = 174.0
   Vehicle #0 = 13, leaving at = 646.0
   Vehicle #1 = -1, leaving at = inf
   Increment on distance indicator: 7.0
   Increment on tard indicator:     0.0
   Value of tmax indicator:         7.0

Task for patient = 42 with skills = {0,3} and cost = 132.7
   Vehicle #0 = 6, leaving at = 853.0
   Vehicle #1 = 7, leaving at = 882.0
   Increment on distance indicator: 8.0
   Increment on tard indicator:     0.0
   Value of tmax indicator:         8.0

Task for patient = 36 with skills = {0,3} and cost = 130.0
   Vehicle #0 = 6, leaving at = 830.0
   Vehicle #1 = 7, leaving at = 846.0
   Increment on distance indicator: 24.0
   Increment on tard indicator:     0.0
   Value of tmax indicator:         24.0

Task for patient = 57 with skills = {1,-1} and cost = 91.0
   Vehicle #0 = 4, leaving at = 585.0
   Vehicle #1 = -1, leaving at = inf
   Increment on distance indicator: 11.0
   Increment on tard indicator:     0.0
   Value of tmax indicator:         11.0

Task for patient = 64 with skills = {4,-1} and cost = 122.0
   Vehicle #0 = 8, leaving at = 835.0
   Vehicle #1 = -1, leaving at = inf
   Increment on distance indicator: 4.0
   Increment on tard indicator:     0.0
   Value of tmax indicator:         4.0

Task for patient = 70 with skills = {4,-1} and cost = 120.7
   Vehicle #0 = 13, leaving at = 583.0
   Vehicle #1 = -1, leaving at = inf
   Increment on distance indicator: 13.0
   Increment on tard indicator:     0.0
   Value of tmax indicator:         13.0

Task for patient = 54 with skills = {1,4} and cost = 116.3
   Vehicle #0 = 0, leaving at = 801.0
   Vehicle #1 = 11, leaving at = 791.0
   Increment on distance indicator: 6.0
   Increment on tard indicator:     0.0
   Value of tmax indicator:         6.0

Task for patient = 8 with skills = {1,-1} and cost = 114.3
   Vehicle #0 = 3, leaving at = 736.0
   Vehicle #1 = -1, leaving at = inf
   Increment on distance indicator: 10.0
   Increment on tard indicator:     0.0
   Value of tmax indicator:         10.0

Task for patient = 31 with skills = {0,5} and cost = 111.0
   Vehicle #0 = 6, leaving at = 772.0
   Vehicle #1 = 14, leaving at = 813.0
   Increment on distance indicator: 24.0
   Increment on tard indicator:     0.0
   Value of tmax indicator:         24.0

Task for patient = 24 with skills = {4,-1} and cost = 103.0
   Vehicle #0 = 9, leaving at = 818.0
   Vehicle #1 = -1, leaving at = inf
   Increment on distance indicator: 6.0
   Increment on tard indicator:     0.0
   Value of tmax indicator:         6.0

Task for patient = 59 with skills = {4,-1} and cost = 101.0
   Vehicle #0 = 9, leaving at = 790.0
   Vehicle #1 = -1, leaving at = inf
   Increment on distance indicator: 5.0
   Increment on tard indicator:     0.0
   Value of tmax indicator:         5.0

Task for patient = 52 with skills = {3,-1} and cost = 99.3
   Vehicle #0 = 7, leaving at = 639.0
   Vehicle #1 = -1, leaving at = inf
   Increment on distance indicator: 8.0
   Increment on tard indicator:     0.0
   Value of tmax indicator:         8.0

Task for patient = 72 with skills = {0,5} and cost = 96.7
   Vehicle #0 = 6, leaving at = 742.0
   Vehicle #1 = 11, leaving at = 745.0
   Increment on distance indicator: 17.0
   Increment on tard indicator:     0.0
   Value of tmax indicator:         17.0

Task for patient = 61 with skills = {1,-1} and cost = 122.0
   Vehicle #0 = 5, leaving at = 620.0
   Vehicle #1 = -1, leaving at = inf
   Increment on distance indicator: 0.0
   Increment on tard indicator:     0.0
   Value of tmax indicator:         0.0


Unused vehicle list: (total = 0 out of 15)

---
Search finished.
Total of 1900 generations in 74.9 seconds.
Exchange elite runs: 23
Implicit path relinking runs: 10
Reset attempts: 2

Best solution found:
   Cost: 643.7
   Total travel time: 1041.0
   Total tardiness time: 690.0
   Largest tardiness: 198.0


643.7
