This host is: panku
--- BRKGA-MP-IPR for HHCRSP ---
Instance: new-dataset/instances-50/HHCRSP_50_10_32_1.2_R_C.txt
Seed: 16

Reading data... Problem contains 50 patients  and 10 caregivers.

Summary of supply x demand for each service type:
Skill 0 has supply = 5 and demand = 13, ratio = 0.384615
Skill 1 has supply = 1 and demand = 10, ratio = 0.1
Skill 2 has supply = 3 and demand = 14, ratio = 0.214286
Skill 3 has supply = 3 and demand = 13, ratio = 0.230769
Skill 4 has supply = 5 and demand = 8, ratio = 0.625
Skill 5 has supply = 4 and demand = 8, ratio = 0.5

Reading parameters...
Inferred distance function by PR type: kendall-tau
Building BRKGA data and initializing...
Evolving 1900 generations...

  Gens  Rem    Local   ElDiv NoImpr             Best solution            Time  Op
                                       Cost     Dist    Tard    TMax 
*    0 1900  1940.00  239.09      0  1940.00  1201.00  4256.0   363.0     0.0    
*    2 1898  1883.00  231.76      0  1883.00  1399.00  3403.0   362.0     0.1    
*    3 1897  1721.33  197.87      0  1721.33  1399.00  3403.0   362.0     0.1    
*    5 1895  1364.00  161.15      0  1364.00  1200.00  2219.0   269.0     0.2    
*    6 1894  1229.33  138.54      0  1229.33  1200.00  2219.0   269.0     0.2    
*    9 1891   985.67  126.78      0   985.67  1264.00  1449.0   216.0     0.3    
*   10 1890   976.33  104.79      0   976.33  1271.00  1310.0   226.0     0.4    
*   11 1889   935.67   91.10      0   935.67  1326.00  1134.0   188.0     0.4    
*   12 1888   882.67   78.09      0   882.67  1326.00  1134.0   188.0     0.4    
*   14 1886   861.67   63.34      0   861.67  1217.00   845.0   205.0     0.5    
*   15 1885   755.67   61.79      0   755.67  1200.00   813.0   184.0     0.5    
*   16 1884   732.33   54.41      0   732.33  1200.00   813.0   184.0     0.6    
*   19 1881   699.00   43.53      0   699.00  1064.00   768.0   170.0     0.7    
*   20 1880   667.33   45.45      0   667.33  1064.00   768.0   170.0     0.7    
*   22 1878   651.67   40.13      0   651.67  1099.00   633.0   203.0     0.8    

  Gens  Rem    Local   ElDiv NoImpr             Best solution            Time  Op
                                       Cost     Dist    Tard    TMax 
*   23 1877   645.00   39.89      0   645.00  1115.00   572.0   201.0     0.8    
*   24 1876   629.33   33.42      0   629.33  1115.00   572.0   201.0     0.8    
*   26 1874   612.00   28.15      0   612.00  1156.00   486.0   131.0     0.9    
*   27 1873   591.00   26.49      0   591.00  1121.00   517.0   104.0     0.9    
*   28 1872   580.67   27.33      0   580.67  1071.00   487.0   136.0     0.9    
*   29 1871   564.67   25.90      0   564.67  1071.00   487.0   136.0     1.0    
*   31 1869   550.67   23.03      0   550.67  1139.00   417.0    96.0     1.0    
*   34 1866   547.67   21.80      0   547.67  1100.00   447.0    96.0     1.1    
*   36 1864   531.00   21.96      0   531.00  1039.00   458.0    96.0     1.2    
*   38 1862   526.67   20.57      0   526.67  1050.00   433.0    97.0     1.3    
*   41 1859   523.67   15.33      0   523.67  1066.00   402.0    97.0     1.4    
*   42 1858   521.67   13.23      0   521.67   997.00   401.0   136.0     1.4    
*   43 1857   511.33   11.81      0   511.33  1015.00   421.0    97.0     1.4    
*   44 1856   511.00   11.14      0   511.00  1013.00   410.0    97.0     1.5    
*   45 1855   506.67   10.36      0   506.67  1013.00   410.0    97.0     1.5    
*   49 1851   497.33    7.72      0   497.33   992.00   403.0    97.0     1.6    

  Gens  Rem    Local   ElDiv NoImpr             Best solution            Time  Op
                                       Cost     Dist    Tard    TMax 
    50 1850   497.33    7.29      1   497.33   992.00   403.0    97.0     1.7    
*   54 1846   491.67    6.47      0   491.67   975.00   403.0    97.0     1.8    
*   57 1843   491.33    6.29      0   491.33   962.00   407.0    97.0     1.9    
*   58 1842   488.67    6.40      0   488.67   948.00   408.0    97.0     1.9    
*   59 1841   484.33    6.51      0   484.33   948.00   408.0    97.0     2.0    
*   65 1835   482.33    4.94      0   482.33   950.00   400.0    97.0     2.1    
*   79 1821   482.00    4.11      0   482.00   949.00   400.0    97.0     2.6    
    80 1820   482.00    0.62      2   482.00   949.00   400.0    97.0     2.6   X
   100 1800   482.00    0.05     21   482.00   949.00   400.0    97.0     3.3    
   150 1750   482.00    0.06     71   482.00   949.00   400.0    97.0     4.9    
   160 1740   482.00    0.10     82   482.00   949.00   400.0    97.0     5.2   X
Path relinking result: no improvement.
   180 1720   482.00    0.10    102   482.00   949.00   400.0    97.0     5.9   P
   200 1700   482.00    0.11    121   482.00   949.00   400.0    97.0     6.5    
   240 1660   482.00    0.16    162   482.00   949.00   400.0    97.0     7.8   X
   250 1650   482.00    0.00    171   482.00   949.00   400.0    97.0     8.1    
   300 1600   482.00    0.00    221   482.00   949.00   400.0    97.0     9.7    

  Gens  Rem    Local   ElDiv NoImpr             Best solution            Time  Op
                                       Cost     Dist    Tard    TMax 
   320 1580   482.00    0.00    242   482.00   949.00   400.0    97.0    10.3   X
   350 1550   482.00    0.00    271   482.00   949.00   400.0    97.0    11.3    
Path relinking result: no improvement.
   360 1540   482.00    0.00    282   482.00   949.00   400.0    97.0    11.6   P
   400 1500   482.00    0.00    321   482.00   949.00   400.0    97.0    12.8    
   400 1500   482.00    0.00    322   482.00   949.00   400.0    97.0    12.8   X
   450 1450   482.00    0.00    371   482.00   949.00   400.0    97.0    14.4    
   480 1420   482.00    0.00    402   482.00   949.00   400.0    97.0    15.4   X
   500 1400   482.00    0.00    421   482.00   949.00   400.0    97.0    16.0    
Path relinking result: no improvement.
   540 1360   482.00    0.00    462   482.00   949.00   400.0    97.0    17.3   P
   550 1350   482.00    0.00    471   482.00   949.00   400.0    97.0    17.6    
   560 1340   482.00    0.00    482   482.00   949.00   400.0    97.0    17.9   X
   600 1300   482.00    0.00    521   482.00   949.00   400.0    97.0    19.2    
   640 1260   482.00    0.00    562   482.00   949.00   400.0    97.0    20.4   X
   650 1250   482.00    0.00    571   482.00   949.00   400.0    97.0    20.8    
   700 1200   482.00    0.00    621   482.00   949.00   400.0    97.0    22.4    
Path relinking result: no improvement.
   720 1180   482.00    0.00    642   482.00   949.00   400.0    97.0    23.0  PX

  Gens  Rem    Local   ElDiv NoImpr             Best solution            Time  Op
                                       Cost     Dist    Tard    TMax 
   750 1150   482.00    0.00    671   482.00   949.00   400.0    97.0    24.0    
   778 1122      inf  293.22      0   482.00   949.00   400.0    97.0    24.9   R
   779 1121  2198.33  246.54      0   482.00   949.00   400.0    97.0    24.9    
   800 1100   653.33   44.15      0   482.00   949.00   400.0    97.0    25.6    
   800 1100   653.33   28.23      1   482.00   949.00   400.0    97.0    25.6   X
   850 1050   484.33    3.13      2   482.00   949.00   400.0    97.0    27.2    
   880 1020   482.33    0.32      4   482.00   949.00   400.0    97.0    28.2   X
   900 1000   482.00    0.17     18   482.00   949.00   400.0    97.0    28.8    
Path relinking result: elite improvement.
   900 1000   482.00    0.17     19   482.00   949.00   400.0    97.0    28.8   P
   950  950   482.00    0.00     68   482.00   949.00   400.0    97.0    30.4    
   960  940   482.00    0.00     79   482.00   949.00   400.0    97.0    30.8   X
  1000  900   482.00    0.00    118   482.00   949.00   400.0    97.0    32.0    
  1040  860   482.00    0.00    159   482.00   949.00   400.0    97.0    33.3   X
  1050  850   482.00    0.00    168   482.00   949.00   400.0    97.0    33.7    
Path relinking result: no improvement.
  1080  820   482.00    0.00    199   482.00   949.00   400.0    97.0    34.6   P
  1100  800   482.00    0.00    218   482.00   949.00   400.0    97.0    35.3    

  Gens  Rem    Local   ElDiv NoImpr             Best solution            Time  Op
                                       Cost     Dist    Tard    TMax 
  1120  780   482.00    0.00    239   482.00   949.00   400.0    97.0    35.9   X
  1150  750   482.00    0.00    268   482.00   949.00   400.0    97.0    36.9    
  1200  700   482.00    0.00    318   482.00   949.00   400.0    97.0    38.5    
  1200  700   482.00    0.00    319   482.00   949.00   400.0    97.0    38.5   X
  1250  650   482.00    0.00    368   482.00   949.00   400.0    97.0    40.1    
Path relinking result: no improvement.
  1260  640   482.00    0.00    379   482.00   949.00   400.0    97.0    40.4   P
  1280  620   482.00    0.00    399   482.00   949.00   400.0    97.0    41.0   X
  1300  600   482.00    0.00    418   482.00   949.00   400.0    97.0    41.7    
  1350  550   482.00    0.00    468   482.00   949.00   400.0    97.0    43.3    
  1360  540   482.00    0.00    479   482.00   949.00   400.0    97.0    43.6   X
  1400  500   482.00    0.00    518   482.00   949.00   400.0    97.0    44.8    
Path relinking result: no improvement.
  1440  460   482.00    0.00    559   482.00   949.00   400.0    97.0    46.1  PX
  1450  450   482.00    0.00    568   482.00   949.00   400.0    97.0    46.4    
  1500  400   482.00    0.00    618   482.00   949.00   400.0    97.0    48.0    
  1520  380   482.00    0.00    639   482.00   949.00   400.0    97.0    48.7   X
  1550  350   482.00    0.00    668   482.00   949.00   400.0    97.0    49.6    

  Gens  Rem    Local   ElDiv NoImpr             Best solution            Time  Op
                                       Cost     Dist    Tard    TMax 
  1581  319      inf  258.65      0   482.00   949.00   400.0    97.0    50.6   R
  1582  318  1935.33  267.15      0   482.00   949.00   400.0    97.0    50.7    
  1600  300   652.67   45.14      0   482.00   949.00   400.0    97.0    51.3    
  1600  300   652.67   38.92      1   482.00   949.00   400.0    97.0    51.3   X
Path relinking result: elite improvement.
  1620  280   530.33   14.44      0   482.00   949.00   400.0    97.0    51.9   P
  1650  250   485.67    4.78      0   482.00   949.00   400.0    97.0    52.9    
  1680  220   482.00    0.36      4   482.00   949.00   400.0    97.0    53.9   X
* 1682  218   481.33    0.44      0   481.33   959.00   388.0    97.0    53.9    
* 1684  216   481.00    0.60      0   481.00   945.00   398.0    97.0    54.0    
* 1685  215   480.00    0.73      0   480.00   945.00   398.0    97.0    54.0    
* 1700  200   477.00    1.02      0   477.00   946.00   388.0    97.0    54.5    
* 1705  195   475.67    1.08      0   475.67   942.00   388.0    97.0    54.7    
* 1720  180   473.00    3.09      0   473.00   934.00   388.0    97.0    55.2    
  1750  150   473.00    3.64     30   473.00   934.00   388.0    97.0    56.1    
  1760  140   473.00    3.30     41   473.00   934.00   388.0    97.0    56.4   X
* 1762  138   472.33    1.94      0   472.33   930.00   390.0    97.0    56.5    

  Gens  Rem    Local   ElDiv NoImpr             Best solution            Time  Op
                                       Cost     Dist    Tard    TMax 
  1800  100   472.33    0.00     38   472.33   930.00   390.0    97.0    57.7    
Path relinking result: no improvement.
  1800  100   472.33    0.00     39   472.33   930.00   390.0    97.0    57.7   P
  1840   60   472.33    0.00     79   472.33   930.00   390.0    97.0    59.0   X
  1850   50   472.33    0.00     88   472.33   930.00   390.0    97.0    59.3    
  1900    0   472.33    0.00    138   472.33   930.00   390.0    97.0    60.8    
Evolutionary process finished.
Solution written to 'solution-27377.txt'.

Sorted sequence of worst to best tardiness value:
Task for patient = 34 with skills = {1,3} and cost = 286.0
   Vehicle #0 = 0, leaving at = 1032.0
   Vehicle #1 = 5, leaving at = 1029.0
   Increment on distance indicator: 56.0
   Increment on tard indicator:     148.0
   Value of tmax indicator:         56.0

Task for patient = 20 with skills = {1,-1} and cost = 363.3
   Vehicle #0 = 0, leaving at = 1135.0
   Vehicle #1 = -1, leaving at = inf
   Increment on distance indicator: 14.0
   Increment on tard indicator:     97.0
   Value of tmax indicator:         14.0

Task for patient = 37 with skills = {1,-1} and cost = 395.3
   Vehicle #0 = 0, leaving at = 1176.0
   Vehicle #1 = -1, leaving at = inf
   Increment on distance indicator: 6.0
   Increment on tard indicator:     90.0
   Value of tmax indicator:         6.0

Task for patient = 33 with skills = {1,3} and cost = 151.3
   Vehicle #0 = 0, leaving at = 926.0
   Vehicle #1 = 8, leaving at = 940.0
   Increment on distance indicator: 15.0
   Increment on tard indicator:     36.0
   Value of tmax indicator:         15.0

Task for patient = 30 with skills = {1,-1} and cost = 132.7
   Vehicle #0 = 0, leaving at = 874.0
   Vehicle #1 = -1, leaving at = inf
   Increment on distance indicator: 3.0
   Increment on tard indicator:     17.0
   Value of tmax indicator:         3.0

Task for patient = 8 with skills = {0,4} and cost = 399.7
   Vehicle #0 = 1, leaving at = 1002.0
   Vehicle #1 = 8, leaving at = 1011.0
   Increment on distance indicator: 10.0
   Increment on tard indicator:     2.0
   Value of tmax indicator:         10.0

Task for patient = 40 with skills = {2,-1} and cost = 172.3
   Vehicle #0 = 1, leaving at = 904.0
   Vehicle #1 = -1, leaving at = inf
   Increment on distance indicator: 22.0
   Increment on tard indicator:     0.0
   Value of tmax indicator:         22.0

Task for patient = 36 with skills = {2,5} and cost = 181.0
   Vehicle #0 = 3, leaving at = 866.0
   Vehicle #1 = 9, leaving at = 876.0
   Increment on distance indicator: 26.0
   Increment on tard indicator:     0.0
   Value of tmax indicator:         26.0

Task for patient = 3 with skills = {3,-1} and cost = 188.0
   Vehicle #0 = 7, leaving at = 894.0
   Vehicle #1 = -1, leaving at = inf
   Increment on distance indicator: 21.0
   Increment on tard indicator:     0.0
   Value of tmax indicator:         21.0

Task for patient = 21 with skills = {2,-1} and cost = 189.0
   Vehicle #0 = 3, leaving at = 905.0
   Vehicle #1 = -1, leaving at = inf
   Increment on distance indicator: 3.0
   Increment on tard indicator:     0.0
   Value of tmax indicator:         3.0

Task for patient = 17 with skills = {0,-1} and cost = 199.3
   Vehicle #0 = 2, leaving at = 689.0
   Vehicle #1 = -1, leaving at = inf
   Increment on distance indicator: 31.0
   Increment on tard indicator:     0.0
   Value of tmax indicator:         31.0

Task for patient = 13 with skills = {0,-1} and cost = 290.3
   Vehicle #0 = 2, leaving at = 845.0
   Vehicle #1 = -1, leaving at = inf
   Increment on distance indicator: 13.0
   Increment on tard indicator:     0.0
   Value of tmax indicator:         13.0

Task for patient = 12 with skills = {1,-1} and cost = 297.7
   Vehicle #0 = 0, leaving at = 1071.0
   Vehicle #1 = -1, leaving at = inf
   Increment on distance indicator: 22.0
   Increment on tard indicator:     0.0
   Value of tmax indicator:         22.0

Task for patient = 15 with skills = {2,5} and cost = 300.0
   Vehicle #0 = 1, leaving at = 927.0
   Vehicle #1 = 6, leaving at = 955.0
   Increment on distance indicator: 7.0
   Increment on tard indicator:     0.0
   Value of tmax indicator:         7.0

Task for patient = 25 with skills = {3,-1} and cost = 308.0
   Vehicle #0 = 5, leaving at = 1108.0
   Vehicle #1 = -1, leaving at = inf
   Increment on distance indicator: 24.0
   Increment on tard indicator:     0.0
   Value of tmax indicator:         24.0

Task for patient = 6 with skills = {2,-1} and cost = 165.0
   Vehicle #0 = 3, leaving at = 814.0
   Vehicle #1 = -1, leaving at = inf
   Increment on distance indicator: 5.0
   Increment on tard indicator:     0.0
   Value of tmax indicator:         5.0

Task for patient = 49 with skills = {0,-1} and cost = 310.0
   Vehicle #0 = 1, leaving at = 965.0
   Vehicle #1 = -1, leaving at = inf
   Increment on distance indicator: 3.0
   Increment on tard indicator:     0.0
   Value of tmax indicator:         3.0

Task for patient = 19 with skills = {3,-1} and cost = 313.3
   Vehicle #0 = 7, leaving at = 960.0
   Vehicle #1 = -1, leaving at = inf
   Increment on distance indicator: 10.0
   Increment on tard indicator:     0.0
   Value of tmax indicator:         10.0

Task for patient = 14 with skills = {2,5} and cost = 316.3
   Vehicle #0 = 3, leaving at = 970.0
   Vehicle #1 = 9, leaving at = 970.0
   Increment on distance indicator: 9.0
   Increment on tard indicator:     0.0
   Value of tmax indicator:         9.0

Task for patient = 2 with skills = {0,-1} and cost = 318.7
   Vehicle #0 = 2, leaving at = 899.0
   Vehicle #1 = -1, leaving at = inf
   Increment on distance indicator: 7.0
   Increment on tard indicator:     0.0
   Value of tmax indicator:         7.0

Task for patient = 5 with skills = {4,-1} and cost = 395.7
   Vehicle #0 = 9, leaving at = 994.0
   Vehicle #1 = -1, leaving at = inf
   Increment on distance indicator: 1.0
   Increment on tard indicator:     0.0
   Value of tmax indicator:         1.0

Task for patient = 22 with skills = {0,-1} and cost = 400.3
   Vehicle #0 = 2, leaving at = 953.0
   Vehicle #1 = -1, leaving at = inf
   Increment on distance indicator: 2.0
   Increment on tard indicator:     0.0
   Value of tmax indicator:         2.0

Task for patient = 28 with skills = {2,5} and cost = 401.7
   Vehicle #0 = 3, leaving at = 992.0
   Vehicle #1 = 9, leaving at = 1017.0
   Increment on distance indicator: 4.0
   Increment on tard indicator:     0.0
   Value of tmax indicator:         4.0

Task for patient = 35 with skills = {0,-1} and cost = 403.3
   Vehicle #0 = 3, leaving at = 1025.0
   Vehicle #1 = -1, leaving at = inf
   Increment on distance indicator: 5.0
   Increment on tard indicator:     0.0
   Value of tmax indicator:         5.0

Task for patient = 38 with skills = {5,-1} and cost = 404.3
   Vehicle #0 = 6, leaving at = 979.0
   Vehicle #1 = -1, leaving at = inf
   Increment on distance indicator: 3.0
   Increment on tard indicator:     0.0
   Value of tmax indicator:         3.0

Task for patient = 32 with skills = {5,-1} and cost = 309.0
   Vehicle #0 = 9, leaving at = 932.0
   Vehicle #1 = -1, leaving at = inf
   Increment on distance indicator: 3.0
   Increment on tard indicator:     0.0
   Value of tmax indicator:         3.0

Task for patient = 7 with skills = {1,3} and cost = 7.3
   Vehicle #0 = 0, leaving at = 561.0
   Vehicle #1 = 5, leaving at = 582.0
   Increment on distance indicator: 22.0
   Increment on tard indicator:     0.0
   Value of tmax indicator:         22.0

Task for patient = 45 with skills = {0,-1} and cost = 8.0
   Vehicle #0 = 0, leaving at = 673.0
   Vehicle #1 = -1, leaving at = inf
   Increment on distance indicator: 2.0
   Increment on tard indicator:     0.0
   Value of tmax indicator:         2.0

Task for patient = 11 with skills = {4,-1} and cost = 14.3
   Vehicle #0 = 5, leaving at = 664.0
   Vehicle #1 = -1, leaving at = inf
   Increment on distance indicator: 19.0
   Increment on tard indicator:     0.0
   Value of tmax indicator:         19.0

Task for patient = 44 with skills = {2,3} and cost = 34.3
   Vehicle #0 = 1, leaving at = 590.0
   Vehicle #1 = 7, leaving at = 587.0
   Increment on distance indicator: 60.0
   Increment on tard indicator:     0.0
   Value of tmax indicator:         60.0

Task for patient = 31 with skills = {1,4} and cost = 45.3
   Vehicle #0 = 0, leaving at = 745.0
   Vehicle #1 = 5, leaving at = 716.0
   Increment on distance indicator: 33.0
   Increment on tard indicator:     0.0
   Value of tmax indicator:         33.0

Task for patient = 29 with skills = {0,3} and cost = 50.7
   Vehicle #0 = 1, leaving at = 632.0
   Vehicle #1 = 7, leaving at = 657.0
   Increment on distance indicator: 16.0
   Increment on tard indicator:     0.0
   Value of tmax indicator:         16.0

Task for patient = 50 with skills = {1,4} and cost = 54.7
   Vehicle #0 = 0, leaving at = 785.0
   Vehicle #1 = 5, leaving at = 778.0
   Increment on distance indicator: 12.0
   Increment on tard indicator:     0.0
   Value of tmax indicator:         12.0

Task for patient = 24 with skills = {2,3} and cost = 57.3
   Vehicle #0 = 1, leaving at = 677.0
   Vehicle #1 = 7, leaving at = 698.0
   Increment on distance indicator: 8.0
   Increment on tard indicator:     0.0
   Value of tmax indicator:         8.0

Task for patient = 23 with skills = {2,-1} and cost = 68.7
   Vehicle #0 = 3, leaving at = 607.0
   Vehicle #1 = -1, leaving at = inf
   Increment on distance indicator: 34.0
   Increment on tard indicator:     0.0
   Value of tmax indicator:         34.0

Task for patient = 43 with skills = {1,4} and cost = 79.7
   Vehicle #0 = 0, leaving at = 825.0
   Vehicle #1 = 6, leaving at = 856.0
   Increment on distance indicator: 33.0
   Increment on tard indicator:     0.0
   Value of tmax indicator:         33.0

Task for patient = 42 with skills = {3,-1} and cost = 83.7
   Vehicle #0 = 8, leaving at = 725.0
   Vehicle #1 = -1, leaving at = inf
   Increment on distance indicator: 12.0
   Increment on tard indicator:     0.0
   Value of tmax indicator:         12.0

Task for patient = 27 with skills = {0,-1} and cost = 163.3
   Vehicle #0 = 1, leaving at = 856.0
   Vehicle #1 = -1, leaving at = inf
   Increment on distance indicator: 6.0
   Increment on tard indicator:     0.0
   Value of tmax indicator:         6.0

Task for patient = 41 with skills = {0,4} and cost = 109.3
   Vehicle #0 = 2, leaving at = 624.0
   Vehicle #1 = 9, leaving at = 637.0
   Increment on distance indicator: 62.0
   Increment on tard indicator:     0.0
   Value of tmax indicator:         62.0

Task for patient = 16 with skills = {2,5} and cost = 113.0
   Vehicle #0 = 1, leaving at = 700.0
   Vehicle #1 = 9, leaving at = 739.0
   Increment on distance indicator: 11.0
   Increment on tard indicator:     0.0
   Value of tmax indicator:         11.0

Task for patient = 18 with skills = {3,-1} and cost = 114.3
   Vehicle #0 = 8, leaving at = 809.0
   Vehicle #1 = -1, leaving at = inf
   Increment on distance indicator: 4.0
   Increment on tard indicator:     0.0
   Value of tmax indicator:         4.0

Task for patient = 46 with skills = {4,-1} and cost = 118.7
   Vehicle #0 = 5, leaving at = 820.0
   Vehicle #1 = -1, leaving at = inf
   Increment on distance indicator: 13.0
   Increment on tard indicator:     0.0
   Value of tmax indicator:         13.0

Task for patient = 48 with skills = {3,-1} and cost = 120.3
   Vehicle #0 = 7, leaving at = 828.0
   Vehicle #1 = -1, leaving at = inf
   Increment on distance indicator: 5.0
   Increment on tard indicator:     0.0
   Value of tmax indicator:         5.0

Task for patient = 39 with skills = {2,-1} and cost = 134.0
   Vehicle #0 = 1, leaving at = 813.0
   Vehicle #1 = -1, leaving at = inf
   Increment on distance indicator: 4.0
   Increment on tard indicator:     0.0
   Value of tmax indicator:         4.0

Task for patient = 10 with skills = {5,-1} and cost = 151.7
   Vehicle #0 = 9, leaving at = 800.0
   Vehicle #1 = -1, leaving at = inf
   Increment on distance indicator: 1.0
   Increment on tard indicator:     0.0
   Value of tmax indicator:         1.0

Task for patient = 26 with skills = {0,-1} and cost = 152.7
   Vehicle #0 = 3, leaving at = 686.0
   Vehicle #1 = -1, leaving at = inf
   Increment on distance indicator: 3.0
   Increment on tard indicator:     0.0
   Value of tmax indicator:         3.0

Task for patient = 1 with skills = {2,-1} and cost = 154.7
   Vehicle #0 = 3, leaving at = 784.0
   Vehicle #1 = -1, leaving at = inf
   Increment on distance indicator: 6.0
   Increment on tard indicator:     0.0
   Value of tmax indicator:         6.0

Task for patient = 47 with skills = {3,-1} and cost = 161.3
   Vehicle #0 = 5, leaving at = 855.0
   Vehicle #1 = -1, leaving at = inf
   Increment on distance indicator: 20.0
   Increment on tard indicator:     0.0
   Value of tmax indicator:         20.0

Task for patient = 4 with skills = {0,-1} and cost = 408.7
   Vehicle #0 = 3, leaving at = 1083.0
   Vehicle #1 = -1, leaving at = inf
   Increment on distance indicator: 13.0
   Increment on tard indicator:     0.0
   Value of tmax indicator:         13.0

Task for patient = 9 with skills = {2,-1} and cost = 88.7
   Vehicle #0 = 3, leaving at = 661.0
   Vehicle #1 = -1, leaving at = inf
   Increment on distance indicator: 15.0
   Increment on tard indicator:     0.0
   Value of tmax indicator:         15.0


Unused vehicle list: 4 (total = 1 out of 10)

---
Search finished.
Total of 1900 generations in 60.8 seconds.
Exchange elite runs: 23
Implicit path relinking runs: 10
Reset attempts: 2

Best solution found:
   Cost: 472.3
   Total travel time: 930.0
   Total tardiness time: 390.0
   Largest tardiness: 97.0


472.3
