This host is: malboro
--- BRKGA-MP-IPR for HHCRSP ---
Instance: /home/alberto/work/hhcrsp-dataset-2021/dataset2/HHCRSP_300_60_33_1.0_R_C.txt
Seed: 2

Reading data... Problem contains 300 patients  and 60 caregivers.

Summary of supply x demand for each service type:
Skill 0 has supply = 19 and demand = 63, ratio = 0.301587
Skill 1 has supply = 19 and demand = 74, ratio = 0.256757
Skill 2 has supply = 18 and demand = 60, ratio = 0.3
Skill 3 has supply = 22 and demand = 74, ratio = 0.297297
Skill 4 has supply = 15 and demand = 46, ratio = 0.326087
Skill 5 has supply = 22 and demand = 73, ratio = 0.30137

Reading parameters...
Inferred distance function by PR type: kendall-tau
Building BRKGA data and initializing...
Evolving 1900 generations...

  Gens  Rem    Local   ElDiv NoImpr             Best solution            Time  Op
                                       Cost     Dist    Tard    TMax 
*    0 1900  4321.67  331.71      0  4321.67  8002.00  4539.0   424.0     0.8    
*    2 1898  4083.33  285.85      0  4083.33  8038.00  3149.0   296.0     2.3    
*    3 1897  3827.67  259.61      0  3827.67  7855.00  3389.0   228.0     3.1    
*    4 1896  3824.00  216.92      0  3824.00  7855.00  3389.0   228.0     3.9    
*    6 1894  3571.00  233.28      0  3571.00  7931.00  1775.0   287.0     5.4    
*    7 1893  3331.00  203.91      0  3331.00  7931.00  1775.0   287.0     6.2    
*    9 1891  3210.67  176.50      0  3210.67  8043.00  1257.0   332.0     7.7    
*   11 1889  3147.67  159.73      0  3147.67  7924.00  1261.0   227.0     9.2    
*   12 1888  3137.33  153.61      0  3137.33  7659.00   915.0   264.0    10.0    
*   13 1887  2946.00  146.39      0  2946.00  7607.00   854.0   122.0    10.8    
*   14 1886  2861.00  142.47      0  2861.00  8121.00   367.0    32.0    11.5    
*   15 1885  2840.00  125.95      0  2840.00  8121.00   367.0    32.0    12.3    
*   19 1881  2775.00   91.50      0  2775.00  7937.00   340.0    48.0    15.4    
*   21 1879  2732.33   78.71      0  2732.33  7677.00   414.0    37.0    16.9    
*   22 1878  2709.33   70.82      0  2709.33  7677.00   414.0    37.0    17.7    

  Gens  Rem    Local   ElDiv NoImpr             Best solution            Time  Op
                                       Cost     Dist    Tard    TMax 
*   25 1875  2624.33   57.44      0  2624.33  7763.00    93.0    17.0    20.0    
*   28 1872  2582.33   54.07      0  2582.33  7424.00   298.0    25.0    22.3    
*   35 1865  2568.33   40.54      0  2568.33  7304.00   344.0    42.0    27.7    
*   36 1864  2563.33   39.96      0  2563.33  7378.00   229.0    33.0    28.4    
*   37 1863  2546.67   39.48      0  2546.67  7444.00   124.0    21.0    29.2    
*   38 1862  2529.67   37.88      0  2529.67  7382.00   103.0    23.0    30.0    
*   39 1861  2502.67   33.83      0  2502.67  7382.00   103.0    23.0    30.7    
*   42 1858  2457.67   31.21      0  2457.67  7014.00   317.0    42.0    33.0    
*   50 1850  2416.33   30.02      0  2416.33  7087.00   136.0    26.0    39.2    
*   55 1845  2401.67   30.01      0  2401.67  7000.00   175.0    30.0    43.0    
*   58 1842  2387.00   29.90      0  2387.00  7080.00    65.0    16.0    45.3    
*   60 1840  2372.33   30.76      0  2372.33  7010.00    82.0    25.0    46.8    
*   62 1838  2316.00   32.75      0  2316.00  6859.00    69.0    20.0    48.4    
    80 1820  2276.00   21.36      0  2316.00  6859.00    69.0    20.0    62.1   X
*   81 1819  2276.00   21.34      0  2276.00  6580.00   215.0    33.0    62.9    
   100 1800  2276.00   19.80     19  2276.00  6580.00   215.0    33.0    77.4    

  Gens  Rem    Local   ElDiv NoImpr             Best solution            Time  Op
                                       Cost     Dist    Tard    TMax 
*  128 1772  2269.33   18.85      0  2269.33  6755.00    44.0     9.0    98.8    
   150 1750  2269.33   19.29     22  2269.33  6755.00    44.0     9.0   115.7    
*  154 1746  2263.00   18.62      0  2263.00  6575.00   192.0    22.0   118.7    
   160 1740  2263.00   14.96      7  2263.00  6575.00   192.0    22.0   123.3   X
*  170 1730  2252.00   14.74      0  2252.00  6528.00   202.0    26.0   130.9    
*  180 1720  2234.33   14.55      0  2234.33  6539.00   139.0    25.0   138.6    
Path relinking result: best improvement.
   180 1720  2187.67   16.88      0  2234.33  6539.00   139.0    25.0   139.7   P
*  181 1719  2187.67   16.71      0  2187.67  6490.00    52.0    21.0   140.4    
   200 1700  2187.67   15.35     19  2187.67  6490.00    52.0    21.0   154.5    
*  239 1661  2167.67   16.63      0  2167.67  6402.00    85.0    16.0   183.5    
   240 1660  2167.67   17.89      2  2167.67  6402.00    85.0    16.0   184.2   X
   250 1650  2167.67   17.86     11  2167.67  6402.00    85.0    16.0   191.6    
*  267 1633  2163.67   17.23      0  2163.67  6405.00    63.0    23.0   204.2    
   300 1600  2163.67   15.00     33  2163.67  6405.00    63.0    23.0   228.7    
*  318 1582  2143.00   14.38      0  2143.00  6336.00    79.0    14.0   242.0    
   320 1580  2143.00   12.56      3  2143.00  6336.00    79.0    14.0   243.5   X

  Gens  Rem    Local   ElDiv NoImpr             Best solution            Time  Op
                                       Cost     Dist    Tard    TMax 
*  330 1570  2130.33   13.04      0  2130.33  6330.00    48.0    13.0   250.9    
*  340 1560  2121.00   13.45      0  2121.00  6344.00    12.0     7.0   258.4    
   350 1550  2121.00   13.47     10  2121.00  6344.00    12.0     7.0   265.8    
Path relinking result: best improvement.
   360 1540  2103.67   14.63      0  2121.00  6344.00    12.0     7.0   274.3   P
*  361 1539  2103.67   14.59      0  2103.67  6182.00   111.0    18.0   275.1    
   400 1500  2103.67   14.33     39  2103.67  6182.00   111.0    18.0   304.0    
   400 1500  2103.67   13.12     40  2103.67  6182.00   111.0    18.0   304.0   X
*  419 1481  2101.33   13.00      0  2101.33  6155.00   127.0    22.0   318.0    
*  431 1469  2087.67   12.92      0  2087.67  6027.00   211.0    25.0   326.9    
   450 1450  2087.67   12.26     19  2087.67  6027.00   211.0    25.0   341.0    
   480 1420  2073.33   11.19      0  2087.67  6027.00   211.0    25.0   363.3   X
*  481 1419  2073.33   11.18      0  2073.33  6081.00   120.0    19.0   364.0    
   500 1400  2073.33   11.18     19  2073.33  6081.00   120.0    19.0   378.1    
Path relinking result: best improvement.
   540 1360  2030.33   12.92      0  2073.33  6081.00   120.0    19.0   408.8   P
*  541 1359  2030.33   12.90      0  2030.33  5968.00    97.0    26.0   409.5    
   550 1350  2030.33   12.82      9  2030.33  5968.00    97.0    26.0   416.2    

  Gens  Rem    Local   ElDiv NoImpr             Best solution            Time  Op
                                       Cost     Dist    Tard    TMax 
   560 1340  2030.33   13.71     20  2030.33  5968.00    97.0    26.0   423.6   X
   600 1300  2030.33   13.72     59  2030.33  5968.00    97.0    26.0   453.2    
   620 1280      inf  342.23      0  2030.33  5968.00    97.0    26.0   468.8   R
   621 1279  4551.00  309.57      0  2030.33  5968.00    97.0    26.0   469.5    
   640 1260  2718.00   64.52      2  2030.33  5968.00    97.0    26.0   483.7   X
   650 1250  2597.00   44.53      1  2030.33  5968.00    97.0    26.0   491.2    
   700 1200  2332.00   22.50      4  2030.33  5968.00    97.0    26.0   528.4    
Path relinking result: elite improvement.
   720 1180  2269.33   17.82      5  2030.33  5968.00    97.0    26.0   544.5  PX
   750 1150  2232.00   17.22      7  2030.33  5968.00    97.0    26.0   566.8    
   800 1100  2115.67   26.28     10  2030.33  5968.00    97.0    26.0   603.9    
   800 1100  2115.67   22.35     11  2030.33  5968.00    97.0    26.0   603.9   X
   850 1050  2081.33   17.98      1  2030.33  5968.00    97.0    26.0   641.1    
   880 1020  2072.33   14.88      1  2030.33  5968.00    97.0    26.0   663.3   X
   900 1000  2061.00   14.61      5  2030.33  5968.00    97.0    26.0   678.1    
Path relinking result: best improvement.
   900 1000  2053.33   15.56      0  2030.33  5968.00    97.0    26.0   679.2   P
   950  950  2033.33   14.28      5  2030.33  5968.00    97.0    26.0   716.3    

  Gens  Rem    Local   ElDiv NoImpr             Best solution            Time  Op
                                       Cost     Dist    Tard    TMax 
   960  940  2030.33   13.38      6  2030.33  5968.00    97.0    26.0   723.7   X
*  986  914  2023.33   13.01      0  2023.33  6001.00    52.0    17.0   742.9    
  1000  900  2023.33   12.59     14  2023.33  6001.00    52.0    17.0   753.3    
  1040  860  2023.33   10.15     55  2023.33  6001.00    52.0    17.0   782.9   X
* 1047  853  2020.33   10.22      0  2020.33  5986.00    57.0    18.0   788.1    
  1050  850  2020.33   10.15      3  2020.33  5986.00    57.0    18.0   790.3    
* 1054  846  2002.00   10.56      0  2002.00  5854.00   133.0    19.0   793.3    
Path relinking result: best improvement.
  1080  820  2000.00   11.25      0  2002.00  5854.00   133.0    19.0   813.6   P
* 1081  819  2000.00   11.25      0  2000.00  5894.00    83.0    23.0   814.4    
  1100  800  2000.00   11.12     19  2000.00  5894.00    83.0    23.0   828.5    
  1120  780  2000.00    9.15     40  2000.00  5894.00    83.0    23.0   843.3   X
  1150  750  2000.00    9.07     69  2000.00  5894.00    83.0    23.0   865.5    
  1160  740      inf  362.63      0  2000.00  5894.00    83.0    23.0   873.6   R
  1161  739  4414.33  330.07      0  2000.00  5894.00    83.0    23.0   874.3    
  1200  700  2529.67   36.39      4  2000.00  5894.00    83.0    23.0   903.4    
  1200  700  2479.67   25.46      0  2000.00  5894.00    83.0    23.0   903.4   X

  Gens  Rem    Local   ElDiv NoImpr             Best solution            Time  Op
                                       Cost     Dist    Tard    TMax 
  1250  650  2288.67   22.27      4  2000.00  5894.00    83.0    23.0   940.6    
Path relinking result: best improvement.
  1260  640  2261.67   20.82      0  2000.00  5894.00    83.0    23.0   949.1   P
  1280  620  2250.33   14.69     19  2000.00  5894.00    83.0    23.0   963.9   X
  1300  600  2197.33   15.83      7  2000.00  5894.00    83.0    23.0   978.8    
  1350  550  2167.00   15.79     27  2000.00  5894.00    83.0    23.0  1015.8    
  1360  540  2167.00   14.23     38  2000.00  5894.00    83.0    23.0  1023.2   X
  1400  500  2133.67   15.36      0  2000.00  5894.00    83.0    23.0  1052.8    
Path relinking result: best improvement.
  1440  460  2111.67   13.31      0  2000.00  5894.00    83.0    23.0  1083.5  PX
  1450  450  2111.67   13.40      9  2000.00  5894.00    83.0    23.0  1090.9    
  1500  400  2104.00   13.19     11  2000.00  5894.00    83.0    23.0  1127.8    
  1520  380  2104.00   11.93     32  2000.00  5894.00    83.0    23.0  1142.6   X
  1550  350  2097.33   11.80      8  2000.00  5894.00    83.0    23.0  1164.8    
  1600  300  2083.33   11.70      6  2000.00  5894.00    83.0    23.0  1201.7    
  1600  300  2083.33    8.76      7  2000.00  5894.00    83.0    23.0  1201.7   X
Path relinking result: best improvement.
  1620  280  2065.00    9.78      0  2000.00  5894.00    83.0    23.0  1217.6   P
  1650  250  2065.00   10.05     29  2000.00  5894.00    83.0    23.0  1239.8    

  Gens  Rem    Local   ElDiv NoImpr             Best solution            Time  Op
                                       Cost     Dist    Tard    TMax 
  1680  220  2065.00    9.88     60  2000.00  5894.00    83.0    23.0  1261.9   X
  1700  200  2065.00    9.77     79  2000.00  5894.00    83.0    23.0  1276.7    
  1700  200      inf  375.81      0  2000.00  5894.00    83.0    23.0  1277.5   R
  1701  199  4230.00  343.63      0  2000.00  5894.00    83.0    23.0  1278.2    
  1750  150  2472.33   25.89      5  2000.00  5894.00    83.0    23.0  1314.7    
  1760  140  2437.67   16.02      9  2000.00  5894.00    83.0    23.0  1322.2   X
  1800  100  2310.33   18.26      4  2000.00  5894.00    83.0    23.0  1351.9    
Path relinking result: best improvement.
  1800  100  2261.67   21.39      0  2000.00  5894.00    83.0    23.0  1353.1   P
  1840   60  2221.67   17.28      4  2000.00  5894.00    83.0    23.0  1382.8   X
  1850   50  2221.67   16.96     13  2000.00  5894.00    83.0    23.0  1390.2    
  1900    0  2165.67   17.47     14  2000.00  5894.00    83.0    23.0  1426.5    
Evolutionary process finished.
Solution written to 'solution-26516.txt'.

Sorted sequence of worst to best tardiness value:
Task for patient = 50 with skills = {2,5} and cost = 1320.7
   Vehicle #0 = 21, leaving at = 955.0
   Vehicle #1 = 40, leaving at = 955.0
   Increment on distance indicator: 28.0
   Increment on tard indicator:     36.0
   Value of tmax indicator:         28.0

Task for patient = 215 with skills = {5,-1} and cost = 956.7
   Vehicle #0 = 53, leaving at = 683.0
   Vehicle #1 = -1, leaving at = inf
   Increment on distance indicator: 6.0
   Increment on tard indicator:     26.0
   Value of tmax indicator:         6.0

Task for patient = 276 with skills = {0,4} and cost = 456.0
   Vehicle #0 = 9, leaving at = 739.0
   Vehicle #1 = 40, leaving at = 739.0
   Increment on distance indicator: 58.0
   Increment on tard indicator:     20.0
   Value of tmax indicator:         58.0

Task for patient = 259 with skills = {1,-1} and cost = 729.0
   Vehicle #0 = 15, leaving at = 707.0
   Vehicle #1 = -1, leaving at = inf
   Increment on distance indicator: 11.0
   Increment on tard indicator:     17.0
   Value of tmax indicator:         11.0

Task for patient = 59 with skills = {2,5} and cost = 1007.7
   Vehicle #0 = 19, leaving at = 746.0
   Vehicle #1 = 53, leaving at = 746.0
   Increment on distance indicator: 19.0
   Increment on tard indicator:     14.0
   Value of tmax indicator:         19.0

Task for patient = 58 with skills = {3,-1} and cost = 1266.7
   Vehicle #0 = 37, leaving at = 895.0
   Vehicle #1 = -1, leaving at = inf
   Increment on distance indicator: 12.0
   Increment on tard indicator:     13.0
   Value of tmax indicator:         12.0

Task for patient = 263 with skills = {1,4} and cost = 390.7
   Vehicle #0 = 1, leaving at = 866.0
   Vehicle #1 = 30, leaving at = 886.0
   Increment on distance indicator: 8.0
   Increment on tard indicator:     4.0
   Value of tmax indicator:         8.0

Task for patient = 172 with skills = {2,5} and cost = 192.3
   Vehicle #0 = 4, leaving at = 756.0
   Vehicle #1 = 34, leaving at = 762.0
   Increment on distance indicator: 7.0
   Increment on tard indicator:     3.0
   Value of tmax indicator:         7.0

Task for patient = 72 with skills = {1,-1} and cost = 1324.3
   Vehicle #0 = 1, leaving at = 985.0
   Vehicle #1 = -1, leaving at = inf
   Increment on distance indicator: 9.0
   Increment on tard indicator:     2.0
   Value of tmax indicator:         9.0

Task for patient = 296 with skills = {0,5} and cost = 593.3
   Vehicle #0 = 13, leaving at = 721.0
   Vehicle #1 = 41, leaving at = 754.0
   Increment on distance indicator: 6.0
   Increment on tard indicator:     2.0
   Value of tmax indicator:         6.0

Task for patient = 80 with skills = {1,-1} and cost = 305.7
   Vehicle #0 = 4, leaving at = 856.0
   Vehicle #1 = -1, leaving at = inf
   Increment on distance indicator: 2.0
   Increment on tard indicator:     2.0
   Value of tmax indicator:         2.0

Task for patient = 187 with skills = {0,5} and cost = 1405.7
   Vehicle #0 = 17, leaving at = 1050.0
   Vehicle #1 = 40, leaving at = 1050.0
   Increment on distance indicator: 10.0
   Increment on tard indicator:     2.0
   Value of tmax indicator:         10.0

Task for patient = 254 with skills = {2,-1} and cost = 63.7
   Vehicle #0 = 0, leaving at = 780.0
   Vehicle #1 = -1, leaving at = inf
   Increment on distance indicator: 9.0
   Increment on tard indicator:     2.0
   Value of tmax indicator:         9.0

Task for patient = 128 with skills = {5,-1} and cost = 1118.7
   Vehicle #0 = 53, leaving at = 785.0
   Vehicle #1 = -1, leaving at = inf
   Increment on distance indicator: 8.0
   Increment on tard indicator:     2.0
   Value of tmax indicator:         8.0

Task for patient = 78 with skills = {4,-1} and cost = 128.7
   Vehicle #0 = 34, leaving at = 742.0
   Vehicle #1 = -1, leaving at = inf
   Increment on distance indicator: 7.0
   Increment on tard indicator:     1.0
   Value of tmax indicator:         7.0

Task for patient = 161 with skills = {0,5} and cost = 291.3
   Vehicle #0 = 3, leaving at = 782.0
   Vehicle #1 = 33, leaving at = 802.0
   Increment on distance indicator: 7.0
   Increment on tard indicator:     1.0
   Value of tmax indicator:         7.0

Task for patient = 205 with skills = {0,5} and cost = 1176.3
   Vehicle #0 = 6, leaving at = 955.0
   Vehicle #1 = 36, leaving at = 980.0
   Increment on distance indicator: 8.0
   Increment on tard indicator:     1.0
   Value of tmax indicator:         8.0

Task for patient = 49 with skills = {1,3} and cost = 1194.0
   Vehicle #0 = 15, leaving at = 833.0
   Vehicle #1 = 49, leaving at = 872.0
   Increment on distance indicator: 11.0
   Increment on tard indicator:     0.0
   Value of tmax indicator:         11.0

Task for patient = 231 with skills = {0,-1} and cost = 1196.0
   Vehicle #0 = 20, leaving at = 937.0
   Vehicle #1 = -1, leaving at = inf
   Increment on distance indicator: 6.0
   Increment on tard indicator:     0.0
   Value of tmax indicator:         6.0

Task for patient = 204 with skills = {2,-1} and cost = 1190.3
   Vehicle #0 = 15, leaving at = 792.0
   Vehicle #1 = -1, leaving at = inf
   Increment on distance indicator: 5.0
   Increment on tard indicator:     0.0
   Value of tmax indicator:         5.0

Task for patient = 152 with skills = {2,3} and cost = 1188.7
   Vehicle #0 = 5, leaving at = 950.0
   Vehicle #1 = 51, leaving at = 950.0
   Increment on distance indicator: 5.0
   Increment on tard indicator:     0.0
   Value of tmax indicator:         5.0

Task for patient = 261 with skills = {0,5} and cost = 1187.0
   Vehicle #0 = 19, leaving at = 872.0
   Vehicle #1 = 42, leaving at = 880.0
   Increment on distance indicator: 10.0
   Increment on tard indicator:     0.0
   Value of tmax indicator:         10.0

Task for patient = 220 with skills = {1,3} and cost = 1183.7
   Vehicle #0 = 15, leaving at = 744.0
   Vehicle #1 = 52, leaving at = 744.0
   Increment on distance indicator: 12.0
   Increment on tard indicator:     0.0
   Value of tmax indicator:         12.0

Task for patient = 186 with skills = {4,-1} and cost = 1199.0
   Vehicle #0 = 49, leaving at = 940.0
   Vehicle #1 = -1, leaving at = inf
   Increment on distance indicator: 9.0
   Increment on tard indicator:     0.0
   Value of tmax indicator:         9.0

Task for patient = 112 with skills = {3,-1} and cost = 1177.7
   Vehicle #0 = 39, leaving at = 1006.0
   Vehicle #1 = -1, leaving at = inf
   Increment on distance indicator: 2.0
   Increment on tard indicator:     0.0
   Value of tmax indicator:         2.0

Task for patient = 177 with skills = {2,-1} and cost = 1177.0
   Vehicle #0 = 13, leaving at = 1058.0
   Vehicle #1 = -1, leaving at = inf
   Increment on distance indicator: 2.0
   Increment on tard indicator:     0.0
   Value of tmax indicator:         2.0

Task for patient = 193 with skills = {5,-1} and cost = 1173.3
   Vehicle #0 = 52, leaving at = 588.0
   Vehicle #1 = -1, leaving at = inf
   Increment on distance indicator: 4.0
   Increment on tard indicator:     0.0
   Value of tmax indicator:         4.0

Task for patient = 23 with skills = {1,3} and cost = 1179.7
   Vehicle #0 = 20, leaving at = 893.0
   Vehicle #1 = 47, leaving at = 893.0
   Increment on distance indicator: 6.0
   Increment on tard indicator:     0.0
   Value of tmax indicator:         6.0

Task for patient = 106 with skills = {5,-1} and cost = 1249.0
   Vehicle #0 = 41, leaving at = 935.0
   Vehicle #1 = -1, leaving at = inf
   Increment on distance indicator: 4.0
   Increment on tard indicator:     0.0
   Value of tmax indicator:         4.0

Task for patient = 242 with skills = {5,-1} and cost = 1247.7
   Vehicle #0 = 44, leaving at = 1000.0
   Vehicle #1 = -1, leaving at = inf
   Increment on distance indicator: 6.0
   Increment on tard indicator:     0.0
   Value of tmax indicator:         6.0

Task for patient = 154 with skills = {2,3} and cost = 1245.7
   Vehicle #0 = 14, leaving at = 924.0
   Vehicle #1 = 52, leaving at = 909.0
   Increment on distance indicator: 13.0
   Increment on tard indicator:     0.0
   Value of tmax indicator:         13.0

Task for patient = 137 with skills = {1,3} and cost = 1241.3
   Vehicle #0 = 16, leaving at = 1032.0
   Vehicle #1 = 33, leaving at = 1055.0
   Increment on distance indicator: 4.0
   Increment on tard indicator:     0.0
   Value of tmax indicator:         4.0

Task for patient = 14 with skills = {3,-1} and cost = 1240.0
   Vehicle #0 = 47, leaving at = 951.0
   Vehicle #1 = -1, leaving at = inf
   Increment on distance indicator: 4.0
   Increment on tard indicator:     0.0
   Value of tmax indicator:         4.0

Task for patient = 203 with skills = {1,-1} and cost = 1238.7
   Vehicle #0 = 2, leaving at = 1009.0
   Vehicle #1 = -1, leaving at = inf
   Increment on distance indicator: 1.0
   Increment on tard indicator:     0.0
   Value of tmax indicator:         1.0

Task for patient = 246 with skills = {2,3} and cost = 1238.3
   Vehicle #0 = 21, leaving at = 906.0
   Vehicle #1 = 31, leaving at = 906.0
   Increment on distance indicator: 10.0
   Increment on tard indicator:     0.0
   Value of tmax indicator:         10.0

Task for patient = 166 with skills = {1,-1} and cost = 1235.0
   Vehicle #0 = 15, leaving at = 887.0
   Vehicle #1 = -1, leaving at = inf
   Increment on distance indicator: 15.0
   Increment on tard indicator:     0.0
   Value of tmax indicator:         15.0

Task for patient = 267 with skills = {0,5} and cost = 1218.7
   Vehicle #0 = 17, leaving at = 783.0
   Vehicle #1 = 52, leaving at = 783.0
   Increment on distance indicator: 26.0
   Increment on tard indicator:     0.0
   Value of tmax indicator:         26.0

Task for patient = 132 with skills = {2,3} and cost = 1229.3
   Vehicle #0 = 21, leaving at = 872.0
   Vehicle #1 = 52, leaving at = 872.0
   Increment on distance indicator: 13.0
   Increment on tard indicator:     0.0
   Value of tmax indicator:         13.0

Task for patient = 95 with skills = {2,-1} and cost = 1225.0
   Vehicle #0 = 3, leaving at = 1056.0
   Vehicle #1 = -1, leaving at = inf
   Increment on distance indicator: 2.0
   Increment on tard indicator:     0.0
   Value of tmax indicator:         2.0

Task for patient = 160 with skills = {2,4} and cost = 1224.3
   Vehicle #0 = 3, leaving at = 961.0
   Vehicle #1 = 43, leaving at = 1004.0
   Increment on distance indicator: 6.0
   Increment on tard indicator:     0.0
   Value of tmax indicator:         6.0

Task for patient = 175 with skills = {3,-1} and cost = 1222.3
   Vehicle #0 = 52, leaving at = 830.0
   Vehicle #1 = -1, leaving at = inf
   Increment on distance indicator: 11.0
   Increment on tard indicator:     0.0
   Value of tmax indicator:         11.0

Task for patient = 131 with skills = {0,-1} and cost = 1172.0
   Vehicle #0 = 17, leaving at = 669.0
   Vehicle #1 = -1, leaving at = inf
   Increment on distance indicator: 8.0
   Increment on tard indicator:     0.0
   Value of tmax indicator:         8.0

Task for patient = 248 with skills = {2,5} and cost = 1210.0
   Vehicle #0 = 14, leaving at = 857.0
   Vehicle #1 = 53, leaving at = 859.0
   Increment on distance indicator: 21.0
   Increment on tard indicator:     0.0
   Value of tmax indicator:         21.0

Task for patient = 44 with skills = {5,-1} and cost = 1203.0
   Vehicle #0 = 43, leaving at = 939.0
   Vehicle #1 = -1, leaving at = inf
   Increment on distance indicator: 1.0
   Increment on tard indicator:     0.0
   Value of tmax indicator:         1.0

Task for patient = 299 with skills = {2,-1} and cost = 1202.7
   Vehicle #0 = 14, leaving at = 778.0
   Vehicle #1 = -1, leaving at = inf
   Increment on distance indicator: 11.0
   Increment on tard indicator:     0.0
   Value of tmax indicator:         11.0

Task for patient = 291 with skills = {1,-1} and cost = 1230.0
   Vehicle #0 = 8, leaving at = 1002.0
   Vehicle #1 = -1, leaving at = inf
   Increment on distance indicator: 2.0
   Increment on tard indicator:     0.0
   Value of tmax indicator:         2.0

Task for patient = 173 with skills = {5,-1} and cost = 1098.7
   Vehicle #0 = 46, leaving at = 602.0
   Vehicle #1 = -1, leaving at = inf
   Increment on distance indicator: 18.0
   Increment on tard indicator:     0.0
   Value of tmax indicator:         18.0

Task for patient = 38 with skills = {0,-1} and cost = 1092.7
   Vehicle #0 = 6, leaving at = 917.0
   Vehicle #1 = -1, leaving at = inf
   Increment on distance indicator: 4.0
   Increment on tard indicator:     0.0
   Value of tmax indicator:         4.0

Task for patient = 201 with skills = {0,4} and cost = 1091.3
   Vehicle #0 = 6, leaving at = 867.0
   Vehicle #1 = 43, leaving at = 867.0
   Increment on distance indicator: 11.0
   Increment on tard indicator:     0.0
   Value of tmax indicator:         11.0

Task for patient = 284 with skills = {5,-1} and cost = 1087.7
   Vehicle #0 = 44, leaving at = 913.0
   Vehicle #1 = -1, leaving at = inf
   Increment on distance indicator: 5.0
   Increment on tard indicator:     0.0
   Value of tmax indicator:         5.0

Task for patient = 94 with skills = {2,-1} and cost = 1086.0
   Vehicle #0 = 21, leaving at = 646.0
   Vehicle #1 = -1, leaving at = inf
   Increment on distance indicator: 5.0
   Increment on tard indicator:     0.0
   Value of tmax indicator:         5.0

Task for patient = 103 with skills = {5,-1} and cost = 1084.3
   Vehicle #0 = 45, leaving at = 901.0
   Vehicle #1 = -1, leaving at = inf
   Increment on distance indicator: 2.0
   Increment on tard indicator:     0.0
   Value of tmax indicator:         2.0

Task for patient = 218 with skills = {1,-1} and cost = 1083.7
   Vehicle #0 = 20, leaving at = 661.0
   Vehicle #1 = -1, leaving at = inf
   Increment on distance indicator: 15.0
   Increment on tard indicator:     0.0
   Value of tmax indicator:         15.0

Task for patient = 116 with skills = {0,5} and cost = 1078.7
   Vehicle #0 = 19, leaving at = 835.0
   Vehicle #1 = 42, leaving at = 845.0
   Increment on distance indicator: 11.0
   Increment on tard indicator:     0.0
   Value of tmax indicator:         11.0

Task for patient = 57 with skills = {5,-1} and cost = 1149.0
   Vehicle #0 = 45, leaving at = 945.0
   Vehicle #1 = -1, leaving at = inf
   Increment on distance indicator: 3.0
   Increment on tard indicator:     0.0
   Value of tmax indicator:         3.0

Task for patient = 64 with skills = {2,-1} and cost = 1072.7
   Vehicle #0 = 21, leaving at = 617.0
   Vehicle #1 = -1, leaving at = inf
   Increment on distance indicator: 52.0
   Increment on tard indicator:     0.0
   Value of tmax indicator:         52.0

Task for patient = 219 with skills = {0,3} and cost = 1055.3
   Vehicle #0 = 19, leaving at = 781.0
   Vehicle #1 = 51, leaving at = 781.0
   Increment on distance indicator: 9.0
   Increment on tard indicator:     0.0
   Value of tmax indicator:         9.0

Task for patient = 209 with skills = {3,-1} and cost = 1052.3
   Vehicle #0 = 34, leaving at = 1066.0
   Vehicle #1 = -1, leaving at = inf
   Increment on distance indicator: 2.0
   Increment on tard indicator:     0.0
   Value of tmax indicator:         2.0

Task for patient = 180 with skills = {1,-1} and cost = 1051.7
   Vehicle #0 = 16, leaving at = 944.0
   Vehicle #1 = -1, leaving at = inf
   Increment on distance indicator: 4.0
   Increment on tard indicator:     0.0
   Value of tmax indicator:         4.0

Task for patient = 40 with skills = {3,-1} and cost = 1050.3
   Vehicle #0 = 38, leaving at = 988.0
   Vehicle #1 = -1, leaving at = inf
   Increment on distance indicator: 2.0
   Increment on tard indicator:     0.0
   Value of tmax indicator:         2.0

Task for patient = 197 with skills = {1,4} and cost = 1049.7
   Vehicle #0 = 16, leaving at = 908.0
   Vehicle #1 = 48, leaving at = 924.0
   Increment on distance indicator: 6.0
   Increment on tard indicator:     0.0
   Value of tmax indicator:         6.0

Task for patient = 241 with skills = {0,3} and cost = 1047.7
   Vehicle #0 = 16, leaving at = 847.0
   Vehicle #1 = 48, leaving at = 873.0
   Increment on distance indicator: 7.0
   Increment on tard indicator:     0.0
   Value of tmax indicator:         7.0

Task for patient = 235 with skills = {5,-1} and cost = 1011.3
   Vehicle #0 = 43, leaving at = 821.0
   Vehicle #1 = -1, leaving at = inf
   Increment on distance indicator: 5.0
   Increment on tard indicator:     0.0
   Value of tmax indicator:         5.0

Task for patient = 295 with skills = {5,-1} and cost = 1075.0
   Vehicle #0 = 42, leaving at = 825.0
   Vehicle #1 = -1, leaving at = inf
   Increment on distance indicator: 7.0
   Increment on tard indicator:     0.0
   Value of tmax indicator:         7.0

Task for patient = 174 with skills = {0,-1} and cost = 1169.3
   Vehicle #0 = 17, leaving at = 624.0
   Vehicle #1 = -1, leaving at = inf
   Increment on distance indicator: 55.0
   Increment on tard indicator:     0.0
   Value of tmax indicator:         55.0

Task for patient = 130 with skills = {3,-1} and cost = 1151.0
   Vehicle #0 = 53, leaving at = 827.0
   Vehicle #1 = -1, leaving at = inf
   Increment on distance indicator: 4.0
   Increment on tard indicator:     0.0
   Value of tmax indicator:         4.0

Task for patient = 138 with skills = {5,-1} and cost = 1149.7
   Vehicle #0 = 33, leaving at = 997.0
   Vehicle #1 = -1, leaving at = inf
   Increment on distance indicator: 2.0
   Increment on tard indicator:     0.0
   Value of tmax indicator:         2.0

Task for patient = 140 with skills = {2,-1} and cost = 1250.3
   Vehicle #0 = 4, leaving at = 975.0
   Vehicle #1 = -1, leaving at = inf
   Increment on distance indicator: 4.0
   Increment on tard indicator:     0.0
   Value of tmax indicator:         4.0

Task for patient = 96 with skills = {1,5} and cost = 1148.0
   Vehicle #0 = 16, leaving at = 985.0
   Vehicle #1 = 46, leaving at = 985.0
   Increment on distance indicator: 4.0
   Increment on tard indicator:     0.0
   Value of tmax indicator:         4.0

Task for patient = 39 with skills = {3,-1} and cost = 1146.7
   Vehicle #0 = 52, leaving at = 541.0
   Vehicle #1 = -1, leaving at = inf
   Increment on distance indicator: 55.0
   Increment on tard indicator:     0.0
   Value of tmax indicator:         55.0

Task for patient = 2 with skills = {2,-1} and cost = 1128.3
   Vehicle #0 = 21, leaving at = 781.0
   Vehicle #1 = -1, leaving at = inf
   Increment on distance indicator: 5.0
   Increment on tard indicator:     0.0
   Value of tmax indicator:         5.0

Task for patient = 269 with skills = {5,-1} and cost = 1126.7
   Vehicle #0 = 46, leaving at = 649.0
   Vehicle #1 = -1, leaving at = inf
   Increment on distance indicator: 13.0
   Increment on tard indicator:     0.0
   Value of tmax indicator:         13.0

Task for patient = 148 with skills = {3,-1} and cost = 1099.3
   Vehicle #0 = 38, leaving at = 1022.0
   Vehicle #1 = -1, leaving at = inf
   Increment on distance indicator: 2.0
   Increment on tard indicator:     0.0
   Value of tmax indicator:         2.0

Task for patient = 73 with skills = {1,-1} and cost = 1121.3
   Vehicle #0 = 9, leaving at = 917.0
   Vehicle #1 = -1, leaving at = inf
   Increment on distance indicator: 8.0
   Increment on tard indicator:     0.0
   Value of tmax indicator:         8.0

Task for patient = 159 with skills = {2,-1} and cost = 1115.3
   Vehicle #0 = 21, leaving at = 729.0
   Vehicle #1 = -1, leaving at = inf
   Increment on distance indicator: 4.0
   Increment on tard indicator:     0.0
   Value of tmax indicator:         4.0

Task for patient = 189 with skills = {1,-1} and cost = 1114.0
   Vehicle #0 = 0, leaving at = 1031.0
   Vehicle #1 = -1, leaving at = inf
   Increment on distance indicator: 2.0
   Increment on tard indicator:     0.0
   Value of tmax indicator:         2.0

Task for patient = 143 with skills = {4,-1} and cost = 1113.3
   Vehicle #0 = 47, leaving at = 834.0
   Vehicle #1 = -1, leaving at = inf
   Increment on distance indicator: 2.0
   Increment on tard indicator:     0.0
   Value of tmax indicator:         2.0

Task for patient = 293 with skills = {4,-1} and cost = 1112.7
   Vehicle #0 = 48, leaving at = 992.0
   Vehicle #1 = -1, leaving at = inf
   Increment on distance indicator: 4.0
   Increment on tard indicator:     0.0
   Value of tmax indicator:         4.0

Task for patient = 17 with skills = {1,4} and cost = 1111.3
   Vehicle #0 = 10, leaving at = 941.0
   Vehicle #1 = 44, leaving at = 957.0
   Increment on distance indicator: 10.0
   Increment on tard indicator:     0.0
   Value of tmax indicator:         10.0

Task for patient = 36 with skills = {0,3} and cost = 1108.0
   Vehicle #0 = 20, leaving at = 774.0
   Vehicle #1 = 47, leaving at = 794.0
   Increment on distance indicator: 17.0
   Increment on tard indicator:     0.0
   Value of tmax indicator:         17.0

Task for patient = 170 with skills = {3,-1} and cost = 1102.3
   Vehicle #0 = 38, leaving at = 1045.0
   Vehicle #1 = -1, leaving at = inf
   Increment on distance indicator: 2.0
   Increment on tard indicator:     0.0
   Value of tmax indicator:         2.0

Task for patient = 289 with skills = {0,-1} and cost = 1101.7
   Vehicle #0 = 11, leaving at = 904.0
   Vehicle #1 = -1, leaving at = inf
   Increment on distance indicator: 7.0
   Increment on tard indicator:     0.0
   Value of tmax indicator:         7.0

Task for patient = 214 with skills = {1,-1} and cost = 1122.3
   Vehicle #0 = 13, leaving at = 1004.0
   Vehicle #1 = -1, leaving at = inf
   Increment on distance indicator: 3.0
   Increment on tard indicator:     0.0
   Value of tmax indicator:         3.0

Task for patient = 274 with skills = {2,3} and cost = 1375.3
   Vehicle #0 = 14, leaving at = 1007.0
   Vehicle #1 = 51, leaving at = 1007.0
   Increment on distance indicator: 9.0
   Increment on tard indicator:     0.0
   Value of tmax indicator:         9.0

Task for patient = 1 with skills = {0,5} and cost = 1372.3
   Vehicle #0 = 11, leaving at = 1065.0
   Vehicle #1 = 44, leaving at = 1069.0
   Increment on distance indicator: 13.0
   Increment on tard indicator:     0.0
   Value of tmax indicator:         13.0

Task for patient = 212 with skills = {2,-1} and cost = 1368.0
   Vehicle #0 = 4, leaving at = 1046.0
   Vehicle #1 = -1, leaving at = inf
   Increment on distance indicator: 2.0
   Increment on tard indicator:     0.0
   Value of tmax indicator:         2.0

Task for patient = 81 with skills = {1,-1} and cost = 1367.3
   Vehicle #0 = 4, leaving at = 998.0
   Vehicle #1 = -1, leaving at = inf
   Increment on distance indicator: 4.0
   Increment on tard indicator:     0.0
   Value of tmax indicator:         4.0

Task for patient = 117 with skills = {1,-1} and cost = 1366.0
   Vehicle #0 = 10, leaving at = 1019.0
   Vehicle #1 = -1, leaving at = inf
   Increment on distance indicator: 3.0
   Increment on tard indicator:     0.0
   Value of tmax indicator:         3.0

Task for patient = 88 with skills = {0,-1} and cost = 1365.0
   Vehicle #0 = 11, leaving at = 1000.0
   Vehicle #1 = -1, leaving at = inf
   Increment on distance indicator: 7.0
   Increment on tard indicator:     0.0
   Value of tmax indicator:         7.0

Task for patient = 11 with skills = {5,-1} and cost = 1362.7
   Vehicle #0 = 48, leaving at = 1015.0
   Vehicle #1 = -1, leaving at = inf
   Increment on distance indicator: 7.0
   Increment on tard indicator:     0.0
   Value of tmax indicator:         7.0

Task for patient = 156 with skills = {0,5} and cost = 1360.3
   Vehicle #0 = 7, leaving at = 1115.0
   Vehicle #1 = 39, leaving at = 1115.0
   Increment on distance indicator: 5.0
   Increment on tard indicator:     0.0
   Value of tmax indicator:         5.0

Task for patient = 18 with skills = {1,5} and cost = 1045.3
   Vehicle #0 = 20, leaving at = 563.0
   Vehicle #1 = 46, leaving at = 563.0
   Increment on distance indicator: 102.0
   Increment on tard indicator:     0.0
   Value of tmax indicator:         102.0

Task for patient = 271 with skills = {5,-1} and cost = 1358.0
   Vehicle #0 = 46, leaving at = 1035.0
   Vehicle #1 = -1, leaving at = inf
   Increment on distance indicator: 2.0
   Increment on tard indicator:     0.0
   Value of tmax indicator:         2.0

Task for patient = 24 with skills = {3,-1} and cost = 1357.3
   Vehicle #0 = 37, leaving at = 1021.0
   Vehicle #1 = -1, leaving at = inf
   Increment on distance indicator: 6.0
   Increment on tard indicator:     0.0
   Value of tmax indicator:         6.0

Task for patient = 70 with skills = {1,3} and cost = 1355.3
   Vehicle #0 = 10, leaving at = 989.0
   Vehicle #1 = 37, leaving at = 989.0
   Increment on distance indicator: 12.0
   Increment on tard indicator:     0.0
   Value of tmax indicator:         12.0

Task for patient = 142 with skills = {1,-1} and cost = 1351.3
   Vehicle #0 = 20, leaving at = 1014.0
   Vehicle #1 = -1, leaving at = inf
   Increment on distance indicator: 2.0
   Increment on tard indicator:     0.0
   Value of tmax indicator:         2.0

Task for patient = 224 with skills = {0,-1} and cost = 1350.7
   Vehicle #0 = 6, leaving at = 1075.0
   Vehicle #1 = -1, leaving at = inf
   Increment on distance indicator: 6.0
   Increment on tard indicator:     0.0
   Value of tmax indicator:         6.0

Task for patient = 126 with skills = {2,5} and cost = 1348.7
   Vehicle #0 = 5, leaving at = 978.0
   Vehicle #1 = 31, leaving at = 1006.0
   Increment on distance indicator: 10.0
   Increment on tard indicator:     0.0
   Value of tmax indicator:         10.0

Task for patient = 31 with skills = {0,-1} and cost = 1345.3
   Vehicle #0 = 12, leaving at = 1034.0
   Vehicle #1 = -1, leaving at = inf
   Increment on distance indicator: 4.0
   Increment on tard indicator:     0.0
   Value of tmax indicator:         4.0

Task for patient = 145 with skills = {0,-1} and cost = 1344.0
   Vehicle #0 = 0, leaving at = 1093.0
   Vehicle #1 = -1, leaving at = inf
   Increment on distance indicator: 4.0
   Increment on tard indicator:     0.0
   Value of tmax indicator:         4.0

Task for patient = 84 with skills = {1,-1} and cost = 1358.7
   Vehicle #0 = 2, leaving at = 1096.0
   Vehicle #1 = -1, leaving at = inf
   Increment on distance indicator: 2.0
   Increment on tard indicator:     0.0
   Value of tmax indicator:         2.0

Task for patient = 43 with skills = {2,-1} and cost = 1408.3
   Vehicle #0 = 14, leaving at = 1056.0
   Vehicle #1 = -1, leaving at = inf
   Increment on distance indicator: 5.0
   Increment on tard indicator:     0.0
   Value of tmax indicator:         5.0

Task for patient = 228 with skills = {1,3} and cost = 1406.7
   Vehicle #0 = 22, leaving at = 942.0
   Vehicle #1 = 54, leaving at = 986.0
   Increment on distance indicator: 0.0
   Increment on tard indicator:     0.0
   Value of tmax indicator:         0.0

Task for patient = 114 with skills = {2,-1} and cost = 1406.7
   Vehicle #0 = 5, leaving at = 1014.0
   Vehicle #1 = -1, leaving at = inf
   Increment on distance indicator: 3.0
   Increment on tard indicator:     0.0
   Value of tmax indicator:         3.0

Task for patient = 28 with skills = {0,-1} and cost = 1401.7
   Vehicle #0 = 9, leaving at = 979.0
   Vehicle #1 = -1, leaving at = inf
   Increment on distance indicator: 10.0
   Increment on tard indicator:     0.0
   Value of tmax indicator:         10.0

Task for patient = 188 with skills = {1,4} and cost = 1398.3
   Vehicle #0 = 12, leaving at = 1063.0
   Vehicle #1 = 49, leaving at = 1109.0
   Increment on distance indicator: 12.0
   Increment on tard indicator:     0.0
   Value of tmax indicator:         12.0

Task for patient = 300 with skills = {2,-1} and cost = 1394.3
   Vehicle #0 = 19, leaving at = 1108.0
   Vehicle #1 = -1, leaving at = inf
   Increment on distance indicator: 1.0
   Increment on tard indicator:     0.0
   Value of tmax indicator:         1.0

Task for patient = 120 with skills = {1,-1} and cost = 1394.0
   Vehicle #0 = 13, leaving at = 1116.0
   Vehicle #1 = -1, leaving at = inf
   Increment on distance indicator: 2.0
   Increment on tard indicator:     0.0
   Value of tmax indicator:         2.0

Task for patient = 266 with skills = {2,-1} and cost = 1393.3
   Vehicle #0 = 4, leaving at = 1098.0
   Vehicle #1 = -1, leaving at = inf
   Increment on distance indicator: 3.0
   Increment on tard indicator:     0.0
   Value of tmax indicator:         3.0

Task for patient = 144 with skills = {2,-1} and cost = 1376.0
   Vehicle #0 = 21, leaving at = 1028.0
   Vehicle #1 = -1, leaving at = inf
   Increment on distance indicator: 2.0
   Increment on tard indicator:     0.0
   Value of tmax indicator:         2.0

Task for patient = 113 with skills = {0,3} and cost = 1391.7
   Vehicle #0 = 20, leaving at = 1064.0
   Vehicle #1 = 33, leaving at = 1076.0
   Increment on distance indicator: 10.0
   Increment on tard indicator:     0.0
   Value of tmax indicator:         10.0

Task for patient = 27 with skills = {4,-1} and cost = 1388.3
   Vehicle #0 = 39, leaving at = 1141.0
   Vehicle #1 = -1, leaving at = inf
   Increment on distance indicator: 3.0
   Increment on tard indicator:     0.0
   Value of tmax indicator:         3.0

Task for patient = 86 with skills = {1,3} and cost = 1387.3
   Vehicle #0 = 1, leaving at = 1134.0
   Vehicle #1 = 31, leaving at = 1134.0
   Increment on distance indicator: 7.0
   Increment on tard indicator:     0.0
   Value of tmax indicator:         7.0

Task for patient = 83 with skills = {3,-1} and cost = 1385.0
   Vehicle #0 = 31, leaving at = 1094.0
   Vehicle #1 = -1, leaving at = inf
   Increment on distance indicator: 3.0
   Increment on tard indicator:     0.0
   Value of tmax indicator:         3.0

Task for patient = 10 with skills = {5,-1} and cost = 1384.0
   Vehicle #0 = 31, leaving at = 1052.0
   Vehicle #1 = -1, leaving at = inf
   Increment on distance indicator: 5.0
   Increment on tard indicator:     0.0
   Value of tmax indicator:         5.0

Task for patient = 210 with skills = {1,-1} and cost = 1382.3
   Vehicle #0 = 10, leaving at = 1071.0
   Vehicle #1 = -1, leaving at = inf
   Increment on distance indicator: 9.0
   Increment on tard indicator:     0.0
   Value of tmax indicator:         9.0

Task for patient = 92 with skills = {5,-1} and cost = 1379.3
   Vehicle #0 = 34, leaving at = 1088.0
   Vehicle #1 = -1, leaving at = inf
   Increment on distance indicator: 3.0
   Increment on tard indicator:     0.0
   Value of tmax indicator:         3.0

Task for patient = 275 with skills = {1,4} and cost = 1378.3
   Vehicle #0 = 1, leaving at = 1041.0
   Vehicle #1 = 49, leaving at = 1041.0
   Increment on distance indicator: 7.0
   Increment on tard indicator:     0.0
   Value of tmax indicator:         7.0

Task for patient = 229 with skills = {4,-1} and cost = 1392.3
   Vehicle #0 = 49, leaving at = 1065.0
   Vehicle #1 = -1, leaving at = inf
   Increment on distance indicator: 2.0
   Increment on tard indicator:     0.0
   Value of tmax indicator:         2.0

Task for patient = 90 with skills = {5,-1} and cost = 1287.0
   Vehicle #0 = 49, leaving at = 972.0
   Vehicle #1 = -1, leaving at = inf
   Increment on distance indicator: 10.0
   Increment on tard indicator:     0.0
   Value of tmax indicator:         10.0

Task for patient = 55 with skills = {3,-1} and cost = 1283.7
   Vehicle #0 = 52, leaving at = 968.0
   Vehicle #1 = -1, leaving at = inf
   Increment on distance indicator: 3.0
   Increment on tard indicator:     0.0
   Value of tmax indicator:         3.0

Task for patient = 41 with skills = {5,-1} and cost = 1282.7
   Vehicle #0 = 45, leaving at = 1027.0
   Vehicle #1 = -1, leaving at = inf
   Increment on distance indicator: 1.0
   Increment on tard indicator:     0.0
   Value of tmax indicator:         1.0

Task for patient = 260 with skills = {0,-1} and cost = 1282.3
   Vehicle #0 = 12, leaving at = 985.0
   Vehicle #1 = -1, leaving at = inf
   Increment on distance indicator: 6.0
   Increment on tard indicator:     0.0
   Value of tmax indicator:         6.0

Task for patient = 216 with skills = {0,5} and cost = 1280.3
   Vehicle #0 = 7, leaving at = 1042.0
   Vehicle #1 = 35, leaving at = 1042.0
   Increment on distance indicator: 5.0
   Increment on tard indicator:     0.0
   Value of tmax indicator:         5.0

Task for patient = 101 with skills = {0,-1} and cost = 1278.7
   Vehicle #0 = 6, leaving at = 1020.0
   Vehicle #1 = -1, leaving at = inf
   Increment on distance indicator: 5.0
   Increment on tard indicator:     0.0
   Value of tmax indicator:         5.0

Task for patient = 87 with skills = {0,-1} and cost = 1277.0
   Vehicle #0 = 11, leaving at = 961.0
   Vehicle #1 = -1, leaving at = inf
   Increment on distance indicator: 7.0
   Increment on tard indicator:     0.0
   Value of tmax indicator:         7.0

Task for patient = 124 with skills = {4,-1} and cost = 1274.7
   Vehicle #0 = 41, leaving at = 964.0
   Vehicle #1 = -1, leaving at = inf
   Increment on distance indicator: 1.0
   Increment on tard indicator:     0.0
   Value of tmax indicator:         1.0

Task for patient = 272 with skills = {5,-1} and cost = 1342.7
   Vehicle #0 = 41, leaving at = 1053.0
   Vehicle #1 = -1, leaving at = inf
   Increment on distance indicator: 5.0
   Increment on tard indicator:     0.0
   Value of tmax indicator:         5.0

Task for patient = 176 with skills = {1,3} and cost = 1271.7
   Vehicle #0 = 19, leaving at = 1017.0
   Vehicle #1 = 45, leaving at = 991.0
   Increment on distance indicator: 4.0
   Increment on tard indicator:     0.0
   Value of tmax indicator:         4.0

Task for patient = 249 with skills = {1,-1} and cost = 1270.3
   Vehicle #0 = 0, leaving at = 1054.0
   Vehicle #1 = -1, leaving at = inf
   Increment on distance indicator: 3.0
   Increment on tard indicator:     0.0
   Value of tmax indicator:         3.0

Task for patient = 185 with skills = {0,4} and cost = 1269.3
   Vehicle #0 = 19, leaving at = 953.0
   Vehicle #1 = 45, leaving at = 970.0
   Increment on distance indicator: 8.0
   Increment on tard indicator:     0.0
   Value of tmax indicator:         8.0

Task for patient = 46 with skills = {5,-1} and cost = 1258.3
   Vehicle #0 = 42, leaving at = 939.0
   Vehicle #1 = -1, leaving at = inf
   Increment on distance indicator: 7.0
   Increment on tard indicator:     0.0
   Value of tmax indicator:         7.0

Task for patient = 230 with skills = {0,-1} and cost = 1256.0
   Vehicle #0 = 7, leaving at = 981.0
   Vehicle #1 = -1, leaving at = inf
   Increment on distance indicator: 3.0
   Increment on tard indicator:     0.0
   Value of tmax indicator:         3.0

Task for patient = 97 with skills = {3,-1} and cost = 1255.0
   Vehicle #0 = 53, leaving at = 923.0
   Vehicle #1 = -1, leaving at = inf
   Increment on distance indicator: 7.0
   Increment on tard indicator:     0.0
   Value of tmax indicator:         7.0

Task for patient = 255 with skills = {0,-1} and cost = 1252.7
   Vehicle #0 = 19, leaving at = 905.0
   Vehicle #1 = -1, leaving at = inf
   Increment on distance indicator: 6.0
   Increment on tard indicator:     0.0
   Value of tmax indicator:         6.0

Task for patient = 195 with skills = {3,-1} and cost = 1250.7
   Vehicle #0 = 39, leaving at = 1063.0
   Vehicle #1 = -1, leaving at = inf
   Increment on distance indicator: 1.0
   Increment on tard indicator:     0.0
   Value of tmax indicator:         1.0

Task for patient = 233 with skills = {1,-1} and cost = 1274.3
   Vehicle #0 = 15, leaving at = 944.0
   Vehicle #1 = -1, leaving at = inf
   Increment on distance indicator: 8.0
   Increment on tard indicator:     0.0
   Value of tmax indicator:         8.0

Task for patient = 25 with skills = {1,-1} and cost = 1341.0
   Vehicle #0 = 2, leaving at = 1073.0
   Vehicle #1 = -1, leaving at = inf
   Increment on distance indicator: 4.0
   Increment on tard indicator:     0.0
   Value of tmax indicator:         4.0

Task for patient = 163 with skills = {0,-1} and cost = 1339.7
   Vehicle #0 = 20, leaving at = 994.0
   Vehicle #1 = -1, leaving at = inf
   Increment on distance indicator: 9.0
   Increment on tard indicator:     0.0
   Value of tmax indicator:         9.0

Task for patient = 63 with skills = {1,4} and cost = 1336.7
   Vehicle #0 = 8, leaving at = 1040.0
   Vehicle #1 = 53, leaving at = 1040.0
   Increment on distance indicator: 6.0
   Increment on tard indicator:     0.0
   Value of tmax indicator:         6.0

Task for patient = 7 with skills = {0,5} and cost = 1334.7
   Vehicle #0 = 17, leaving at = 989.0
   Vehicle #1 = 53, leaving at = 989.0
   Increment on distance indicator: 13.0
   Increment on tard indicator:     0.0
   Value of tmax indicator:         13.0

Task for patient = 192 with skills = {3,-1} and cost = 1330.3
   Vehicle #0 = 36, leaving at = 1020.0
   Vehicle #1 = -1, leaving at = inf
   Increment on distance indicator: 2.0
   Increment on tard indicator:     0.0
   Value of tmax indicator:         2.0

Task for patient = 238 with skills = {5,-1} and cost = 1329.7
   Vehicle #0 = 42, leaving at = 1050.0
   Vehicle #1 = -1, leaving at = inf
   Increment on distance indicator: 1.0
   Increment on tard indicator:     0.0
   Value of tmax indicator:         1.0

Task for patient = 179 with skills = {0,5} and cost = 1329.3
   Vehicle #0 = 16, leaving at = 1139.0
   Vehicle #1 = 52, leaving at = 1139.0
   Increment on distance indicator: 7.0
   Increment on tard indicator:     0.0
   Value of tmax indicator:         7.0

Task for patient = 12 with skills = {4,-1} and cost = 1327.0
   Vehicle #0 = 47, leaving at = 1013.0
   Vehicle #1 = -1, leaving at = inf
   Increment on distance indicator: 3.0
   Increment on tard indicator:     0.0
   Value of tmax indicator:         3.0

Task for patient = 42 with skills = {4,-1} and cost = 1288.3
   Vehicle #0 = 30, leaving at = 997.0
   Vehicle #1 = -1, leaving at = inf
   Increment on distance indicator: 4.0
   Increment on tard indicator:     0.0
   Value of tmax indicator:         4.0

Task for patient = 37 with skills = {0,3} and cost = 1299.3
   Vehicle #0 = 19, leaving at = 1085.0
   Vehicle #1 = 45, leaving at = 1085.0
   Increment on distance indicator: 4.0
   Increment on tard indicator:     0.0
   Value of tmax indicator:         4.0

Task for patient = 100 with skills = {5,-1} and cost = 1298.0
   Vehicle #0 = 43, leaving at = 1052.0
   Vehicle #1 = -1, leaving at = inf
   Increment on distance indicator: 3.0
   Increment on tard indicator:     0.0
   Value of tmax indicator:         3.0

Task for patient = 208 with skills = {0,3} and cost = 1297.0
   Vehicle #0 = 17, leaving at = 919.0
   Vehicle #1 = 31, leaving at = 944.0
   Increment on distance indicator: 7.0
   Increment on tard indicator:     0.0
   Value of tmax indicator:         7.0

Task for patient = 69 with skills = {3,-1} and cost = 1294.7
   Vehicle #0 = 44, leaving at = 1028.0
   Vehicle #1 = -1, leaving at = inf
   Increment on distance indicator: 2.0
   Increment on tard indicator:     0.0
   Value of tmax indicator:         2.0

Task for patient = 213 with skills = {0,-1} and cost = 1294.0
   Vehicle #0 = 3, leaving at = 1093.0
   Vehicle #1 = -1, leaving at = inf
   Increment on distance indicator: 2.0
   Increment on tard indicator:     0.0
   Value of tmax indicator:         2.0

Task for patient = 109 with skills = {0,-1} and cost = 1293.3
   Vehicle #0 = 17, leaving at = 834.0
   Vehicle #1 = -1, leaving at = inf
   Increment on distance indicator: 8.0
   Increment on tard indicator:     0.0
   Value of tmax indicator:         8.0

Task for patient = 47 with skills = {0,-1} and cost = 1290.7
   Vehicle #0 = 16, leaving at = 1079.0
   Vehicle #1 = -1, leaving at = inf
   Increment on distance indicator: 3.0
   Increment on tard indicator:     0.0
   Value of tmax indicator:         3.0

Task for patient = 45 with skills = {3,-1} and cost = 1289.7
   Vehicle #0 = 32, leaving at = 948.0
   Vehicle #1 = -1, leaving at = inf
   Increment on distance indicator: 4.0
   Increment on tard indicator:     0.0
   Value of tmax indicator:         4.0

Task for patient = 292 with skills = {2,-1} and cost = 1326.0
   Vehicle #0 = 14, leaving at = 950.0
   Vehicle #1 = -1, leaving at = inf
   Increment on distance indicator: 5.0
   Increment on tard indicator:     0.0
   Value of tmax indicator:         5.0

Task for patient = 227 with skills = {4,-1} and cost = 530.7
   Vehicle #0 = 41, leaving at = 588.0
   Vehicle #1 = -1, leaving at = inf
   Increment on distance indicator: 11.0
   Increment on tard indicator:     0.0
   Value of tmax indicator:         11.0

Task for patient = 54 with skills = {0,-1} and cost = 527.0
   Vehicle #0 = 12, leaving at = 609.0
   Vehicle #1 = -1, leaving at = inf
   Increment on distance indicator: 6.0
   Increment on tard indicator:     0.0
   Value of tmax indicator:         6.0

Task for patient = 196 with skills = {3,-1} and cost = 525.0
   Vehicle #0 = 38, leaving at = 602.0
   Vehicle #1 = -1, leaving at = inf
   Increment on distance indicator: 53.0
   Increment on tard indicator:     0.0
   Value of tmax indicator:         53.0

Task for patient = 202 with skills = {2,-1} and cost = 507.3
   Vehicle #0 = 12, leaving at = 583.0
   Vehicle #1 = -1, leaving at = inf
   Increment on distance indicator: 8.0
   Increment on tard indicator:     0.0
   Value of tmax indicator:         8.0

Task for patient = 115 with skills = {5,-1} and cost = 504.7
   Vehicle #0 = 41, leaving at = 545.0
   Vehicle #1 = -1, leaving at = inf
   Increment on distance indicator: 52.0
   Increment on tard indicator:     0.0
   Value of tmax indicator:         52.0

Task for patient = 206 with skills = {2,-1} and cost = 487.3
   Vehicle #0 = 12, leaving at = 546.0
   Vehicle #1 = -1, leaving at = inf
   Increment on distance indicator: 49.0
   Increment on tard indicator:     0.0
   Value of tmax indicator:         49.0

Task for patient = 26 with skills = {5,-1} and cost = 471.0
   Vehicle #0 = 36, leaving at = 749.0
   Vehicle #1 = -1, leaving at = inf
   Increment on distance indicator: 7.0
   Increment on tard indicator:     0.0
   Value of tmax indicator:         7.0

Task for patient = 281 with skills = {1,-1} and cost = 468.7
   Vehicle #0 = 1, leaving at = 920.0
   Vehicle #1 = -1, leaving at = inf
   Increment on distance indicator: 5.0
   Increment on tard indicator:     0.0
   Value of tmax indicator:         5.0

Task for patient = 250 with skills = {2,-1} and cost = 978.3
   Vehicle #0 = 19, leaving at = 553.0
   Vehicle #1 = -1, leaving at = inf
   Increment on distance indicator: 53.0
   Increment on tard indicator:     0.0
   Value of tmax indicator:         53.0

Task for patient = 244 with skills = {1,-1} and cost = 466.0
   Vehicle #0 = 10, leaving at = 706.0
   Vehicle #1 = -1, leaving at = inf
   Increment on distance indicator: 15.0
   Increment on tard indicator:     0.0
   Value of tmax indicator:         15.0

Task for patient = 9 with skills = {3,-1} and cost = 461.0
   Vehicle #0 = 36, leaving at = 707.0
   Vehicle #1 = -1, leaving at = inf
   Increment on distance indicator: 15.0
   Increment on tard indicator:     0.0
   Value of tmax indicator:         15.0

Task for patient = 147 with skills = {3,-1} and cost = 428.0
   Vehicle #0 = 36, leaving at = 663.0
   Vehicle #1 = -1, leaving at = inf
   Increment on distance indicator: 47.0
   Increment on tard indicator:     0.0
   Value of tmax indicator:         47.0

Task for patient = 264 with skills = {2,-1} and cost = 412.3
   Vehicle #0 = 10, leaving at = 638.0
   Vehicle #1 = -1, leaving at = inf
   Increment on distance indicator: 45.0
   Increment on tard indicator:     0.0
   Value of tmax indicator:         45.0

Task for patient = 288 with skills = {4,-1} and cost = 397.3
   Vehicle #0 = 37, leaving at = 779.0
   Vehicle #1 = -1, leaving at = inf
   Increment on distance indicator: 3.0
   Increment on tard indicator:     0.0
   Value of tmax indicator:         3.0

Task for patient = 178 with skills = {2,5} and cost = 396.3
   Vehicle #0 = 5, leaving at = 724.0
   Vehicle #1 = 35, leaving at = 724.0
   Increment on distance indicator: 17.0
   Increment on tard indicator:     0.0
   Value of tmax indicator:         17.0

Task for patient = 62 with skills = {2,-1} and cost = 386.3
   Vehicle #0 = 7, leaving at = 819.0
   Vehicle #1 = -1, leaving at = inf
   Increment on distance indicator: 3.0
   Increment on tard indicator:     0.0
   Value of tmax indicator:         3.0

Task for patient = 247 with skills = {0,-1} and cost = 385.3
   Vehicle #0 = 9, leaving at = 676.0
   Vehicle #1 = -1, leaving at = inf
   Increment on distance indicator: 8.0
   Increment on tard indicator:     0.0
   Value of tmax indicator:         8.0

Task for patient = 61 with skills = {1,-1} and cost = 467.0
   Vehicle #0 = 2, leaving at = 860.0
   Vehicle #1 = -1, leaving at = inf
   Increment on distance indicator: 3.0
   Increment on tard indicator:     0.0
   Value of tmax indicator:         3.0

Task for patient = 121 with skills = {2,-1} and cost = 647.0
   Vehicle #0 = 14, leaving at = 553.0
   Vehicle #1 = -1, leaving at = inf
   Increment on distance indicator: 2.0
   Increment on tard indicator:     0.0
   Value of tmax indicator:         2.0

Task for patient = 150 with skills = {1,3} and cost = 646.3
   Vehicle #0 = 8, leaving at = 550.0
   Vehicle #1 = 42, leaving at = 550.0
   Increment on distance indicator: 106.0
   Increment on tard indicator:     0.0
   Value of tmax indicator:         106.0

Task for patient = 125 with skills = {2,-1} and cost = 611.0
   Vehicle #0 = 14, leaving at = 516.0
   Vehicle #1 = -1, leaving at = inf
   Increment on distance indicator: 52.0
   Increment on tard indicator:     0.0
   Value of tmax indicator:         52.0

Task for patient = 30 with skills = {3,-1} and cost = 593.7
   Vehicle #0 = 39, leaving at = 895.0
   Vehicle #1 = -1, leaving at = inf
   Increment on distance indicator: 1.0
   Increment on tard indicator:     0.0
   Value of tmax indicator:         1.0

Task for patient = 79 with skills = {1,4} and cost = 590.7
   Vehicle #0 = 13, leaving at = 696.0
   Vehicle #1 = 41, leaving at = 696.0
   Increment on distance indicator: 18.0
   Increment on tard indicator:     0.0
   Value of tmax indicator:         18.0

Task for patient = 171 with skills = {1,5} and cost = 584.7
   Vehicle #0 = 12, leaving at = 796.0
   Vehicle #1 = 35, leaving at = 828.0
   Increment on distance indicator: 10.0
   Increment on tard indicator:     0.0
   Value of tmax indicator:         10.0

Task for patient = 105 with skills = {0,4} and cost = 581.3
   Vehicle #0 = 13, leaving at = 648.0
   Vehicle #1 = 41, leaving at = 650.0
   Increment on distance indicator: 25.0
   Increment on tard indicator:     0.0
   Value of tmax indicator:         25.0

Task for patient = 65 with skills = {3,-1} and cost = 573.0
   Vehicle #0 = 38, leaving at = 815.0
   Vehicle #1 = -1, leaving at = inf
   Increment on distance indicator: 8.0
   Increment on tard indicator:     0.0
   Value of tmax indicator:         8.0

Task for patient = 102 with skills = {1,5} and cost = 533.0
   Vehicle #0 = 7, leaving at = 844.0
   Vehicle #1 = 36, leaving at = 879.0
   Increment on distance indicator: 7.0
   Increment on tard indicator:     0.0
   Value of tmax indicator:         7.0

Task for patient = 51 with skills = {2,3} and cost = 568.7
   Vehicle #0 = 10, leaving at = 814.0
   Vehicle #1 = 31, leaving at = 875.0
   Increment on distance indicator: 11.0
   Increment on tard indicator:     0.0
   Value of tmax indicator:         11.0

Task for patient = 22 with skills = {2,-1} and cost = 565.0
   Vehicle #0 = 3, leaving at = 934.0
   Vehicle #1 = -1, leaving at = inf
   Increment on distance indicator: 4.0
   Increment on tard indicator:     0.0
   Value of tmax indicator:         4.0

Task for patient = 151 with skills = {2,-1} and cost = 563.7
   Vehicle #0 = 3, leaving at = 876.0
   Vehicle #1 = -1, leaving at = inf
   Increment on distance indicator: 6.0
   Increment on tard indicator:     0.0
   Value of tmax indicator:         6.0

Task for patient = 258 with skills = {2,3} and cost = 561.7
   Vehicle #0 = 10, leaving at = 770.0
   Vehicle #1 = 38, leaving at = 785.0
   Increment on distance indicator: 14.0
   Increment on tard indicator:     0.0
   Value of tmax indicator:         14.0

Task for patient = 262 with skills = {2,-1} and cost = 557.0
   Vehicle #0 = 13, leaving at = 601.0
   Vehicle #1 = -1, leaving at = inf
   Increment on distance indicator: 52.0
   Increment on tard indicator:     0.0
   Value of tmax indicator:         52.0

Task for patient = 108 with skills = {0,-1} and cost = 539.7
   Vehicle #0 = 12, leaving at = 750.0
   Vehicle #1 = -1, leaving at = inf
   Increment on distance indicator: 11.0
   Increment on tard indicator:     0.0
   Value of tmax indicator:         11.0

Task for patient = 265 with skills = {0,-1} and cost = 536.0
   Vehicle #0 = 0, leaving at = 958.0
   Vehicle #1 = -1, leaving at = inf
   Increment on distance indicator: 4.0
   Increment on tard indicator:     0.0
   Value of tmax indicator:         4.0

Task for patient = 139 with skills = {0,-1} and cost = 534.7
   Vehicle #0 = 6, leaving at = 830.0
   Vehicle #1 = -1, leaving at = inf
   Increment on distance indicator: 5.0
   Increment on tard indicator:     0.0
   Value of tmax indicator:         5.0

Task for patient = 53 with skills = {2,-1} and cost = 570.3
   Vehicle #0 = 5, leaving at = 752.0
   Vehicle #1 = -1, leaving at = inf
   Increment on distance indicator: 5.0
   Increment on tard indicator:     0.0
   Value of tmax indicator:         5.0

Task for patient = 211 with skills = {1,-1} and cost = 230.3
   Vehicle #0 = 1, leaving at = 629.0
   Vehicle #1 = -1, leaving at = inf
   Increment on distance indicator: 8.0
   Increment on tard indicator:     0.0
   Value of tmax indicator:         8.0

Task for patient = 104 with skills = {1,4} and cost = 227.7
   Vehicle #0 = 1, leaving at = 580.0
   Vehicle #1 = 37, leaving at = 580.0
   Increment on distance indicator: 106.0
   Increment on tard indicator:     0.0
   Value of tmax indicator:         106.0

Task for patient = 93 with skills = {1,3} and cost = 188.7
   Vehicle #0 = 4, leaving at = 666.0
   Vehicle #1 = 32, leaving at = 666.0
   Increment on distance indicator: 9.0
   Increment on tard indicator:     0.0
   Value of tmax indicator:         9.0

Task for patient = 286 with skills = {0,-1} and cost = 185.7
   Vehicle #0 = 0, leaving at = 835.0
   Vehicle #1 = -1, leaving at = inf
   Increment on distance indicator: 5.0
   Increment on tard indicator:     0.0
   Value of tmax indicator:         5.0

Task for patient = 6 with skills = {0,3} and cost = 184.0
   Vehicle #0 = 6, leaving at = 595.0
   Vehicle #1 = 32, leaving at = 624.0
   Increment on distance indicator: 110.0
   Increment on tard indicator:     0.0
   Value of tmax indicator:         110.0

Task for patient = 279 with skills = {2,-1} and cost = 147.3
   Vehicle #0 = 4, leaving at = 526.0
   Vehicle #1 = -1, leaving at = inf
   Increment on distance indicator: 52.0
   Increment on tard indicator:     0.0
   Value of tmax indicator:         52.0

Task for patient = 234 with skills = {1,-1} and cost = 130.0
   Vehicle #0 = 2, leaving at = 842.0
   Vehicle #1 = -1, leaving at = inf
   Increment on distance indicator: 4.0
   Increment on tard indicator:     0.0
   Value of tmax indicator:         4.0

Task for patient = 107 with skills = {2,-1} and cost = 126.0
   Vehicle #0 = 3, leaving at = 737.0
   Vehicle #1 = -1, leaving at = inf
   Increment on distance indicator: 5.0
   Increment on tard indicator:     0.0
   Value of tmax indicator:         5.0

Task for patient = 98 with skills = {0,-1} and cost = 382.7
   Vehicle #0 = 9, leaving at = 628.0
   Vehicle #1 = -1, leaving at = inf
   Increment on distance indicator: 53.0
   Increment on tard indicator:     0.0
   Value of tmax indicator:         53.0

Task for patient = 16 with skills = {3,-1} and cost = 106.3
   Vehicle #0 = 30, leaving at = 832.0
   Vehicle #1 = -1, leaving at = inf
   Increment on distance indicator: 5.0
   Increment on tard indicator:     0.0
   Value of tmax indicator:         5.0

Task for patient = 110 with skills = {1,4} and cost = 104.7
   Vehicle #0 = 2, leaving at = 782.0
   Vehicle #1 = 30, leaving at = 782.0
   Increment on distance indicator: 9.0
   Increment on tard indicator:     0.0
   Value of tmax indicator:         9.0

Task for patient = 136 with skills = {2,3} and cost = 101.7
   Vehicle #0 = 2, leaving at = 689.0
   Vehicle #1 = 31, leaving at = 753.0
   Increment on distance indicator: 56.0
   Increment on tard indicator:     0.0
   Value of tmax indicator:         56.0

Task for patient = 32 with skills = {1,-1} and cost = 83.0
   Vehicle #0 = 0, leaving at = 814.0
   Vehicle #1 = -1, leaving at = inf
   Increment on distance indicator: 10.0
   Increment on tard indicator:     0.0
   Value of tmax indicator:         10.0

Task for patient = 191 with skills = {4,-1} and cost = 79.7
   Vehicle #0 = 34, leaving at = 639.0
   Vehicle #1 = -1, leaving at = inf
   Increment on distance indicator: 48.0
   Increment on tard indicator:     0.0
   Value of tmax indicator:         48.0

Task for patient = 162 with skills = {2,3} and cost = 59.3
   Vehicle #0 = 0, leaving at = 728.0
   Vehicle #1 = 30, leaving at = 728.0
   Increment on distance indicator: 15.0
   Increment on tard indicator:     0.0
   Value of tmax indicator:         15.0

Task for patient = 135 with skills = {2,5} and cost = 54.3
   Vehicle #0 = 0, leaving at = 666.0
   Vehicle #1 = 31, leaving at = 661.0
   Increment on distance indicator: 59.0
   Increment on tard indicator:     0.0
   Value of tmax indicator:         59.0

Task for patient = 251 with skills = {1,4} and cost = 34.7
   Vehicle #0 = 0, leaving at = 553.0
   Vehicle #1 = 30, leaving at = 535.0
   Increment on distance indicator: 104.0
   Increment on tard indicator:     0.0
   Value of tmax indicator:         104.0

Task for patient = 243 with skills = {0,4} and cost = 124.3
   Vehicle #0 = 3, leaving at = 704.0
   Vehicle #1 = 34, leaving at = 704.0
   Increment on distance indicator: 54.0
   Increment on tard indicator:     0.0
   Value of tmax indicator:         54.0

Task for patient = 91 with skills = {0,-1} and cost = 365.0
   Vehicle #0 = 6, leaving at = 725.0
   Vehicle #1 = -1, leaving at = inf
   Increment on distance indicator: 13.0
   Increment on tard indicator:     0.0
   Value of tmax indicator:         13.0

Task for patient = 122 with skills = {0,3} and cost = 360.7
   Vehicle #0 = 3, leaving at = 842.0
   Vehicle #1 = 39, leaving at = 842.0
   Increment on distance indicator: 4.0
   Increment on tard indicator:     0.0
   Value of tmax indicator:         4.0

Task for patient = 85 with skills = {5,-1} and cost = 359.3
   Vehicle #0 = 34, leaving at = 885.0
   Vehicle #1 = -1, leaving at = inf
   Increment on distance indicator: 6.0
   Increment on tard indicator:     0.0
   Value of tmax indicator:         6.0

Task for patient = 256 with skills = {3,-1} and cost = 357.3
   Vehicle #0 = 32, leaving at = 918.0
   Vehicle #1 = -1, leaving at = inf
   Increment on distance indicator: 5.0
   Increment on tard indicator:     0.0
   Value of tmax indicator:         5.0

Task for patient = 298 with skills = {0,4} and cost = 355.7
   Vehicle #0 = 7, leaving at = 760.0
   Vehicle #1 = 39, leaving at = 760.0
   Increment on distance indicator: 13.0
   Increment on tard indicator:     0.0
   Value of tmax indicator:         13.0

Task for patient = 4 with skills = {1,-1} and cost = 351.3
   Vehicle #0 = 7, leaving at = 702.0
   Vehicle #1 = -1, leaving at = inf
   Increment on distance indicator: 12.0
   Increment on tard indicator:     0.0
   Value of tmax indicator:         12.0

Task for patient = 153 with skills = {1,4} and cost = 347.3
   Vehicle #0 = 7, leaving at = 631.0
   Vehicle #1 = 39, leaving at = 629.0
   Increment on distance indicator: 54.0
   Increment on tard indicator:     0.0
   Value of tmax indicator:         54.0

Task for patient = 133 with skills = {1,5} and cost = 329.3
   Vehicle #0 = 0, leaving at = 895.0
   Vehicle #1 = 33, leaving at = 898.0
   Increment on distance indicator: 7.0
   Increment on tard indicator:     0.0
   Value of tmax indicator:         7.0

Task for patient = 168 with skills = {4,-1} and cost = 231.3
   Vehicle #0 = 37, leaving at = 650.0
   Vehicle #1 = -1, leaving at = inf
   Increment on distance indicator: 3.0
   Increment on tard indicator:     0.0
   Value of tmax indicator:         3.0

Task for patient = 141 with skills = {0,5} and cost = 310.3
   Vehicle #0 = 6, leaving at = 662.0
   Vehicle #1 = 35, leaving at = 652.0
   Increment on distance indicator: 14.0
   Increment on tard indicator:     0.0
   Value of tmax indicator:         14.0

Task for patient = 99 with skills = {1,3} and cost = 304.3
   Vehicle #0 = 1, leaving at = 742.0
   Vehicle #1 = 32, leaving at = 794.0
   Increment on distance indicator: 15.0
   Increment on tard indicator:     0.0
   Value of tmax indicator:         15.0

Task for patient = 200 with skills = {1,3} and cost = 299.3
   Vehicle #0 = 1, leaving at = 716.0
   Vehicle #1 = 37, leaving at = 716.0
   Increment on distance indicator: 17.0
   Increment on tard indicator:     0.0
   Value of tmax indicator:         17.0

Task for patient = 29 with skills = {5,-1} and cost = 293.7
   Vehicle #0 = 31, leaving at = 818.0
   Vehicle #1 = -1, leaving at = inf
   Increment on distance indicator: 7.0
   Increment on tard indicator:     0.0
   Value of tmax indicator:         7.0

Task for patient = 167 with skills = {2,5} and cost = 288.7
   Vehicle #0 = 5, leaving at = 551.0
   Vehicle #1 = 35, leaving at = 554.0
   Increment on distance indicator: 112.0
   Increment on tard indicator:     0.0
   Value of tmax indicator:         112.0

Task for patient = 111 with skills = {3,-1} and cost = 251.3
   Vehicle #0 = 32, leaving at = 684.0
   Vehicle #1 = -1, leaving at = inf
   Increment on distance indicator: 3.0
   Increment on tard indicator:     0.0
   Value of tmax indicator:         3.0

Task for patient = 119 with skills = {1,5} and cost = 250.3
   Vehicle #0 = 4, leaving at = 823.0
   Vehicle #1 = 34, leaving at = 823.0
   Increment on distance indicator: 6.0
   Increment on tard indicator:     0.0
   Value of tmax indicator:         6.0

Task for patient = 181 with skills = {5,-1} and cost = 248.3
   Vehicle #0 = 33, leaving at = 657.0
   Vehicle #1 = -1, leaving at = inf
   Increment on distance indicator: 51.0
   Increment on tard indicator:     0.0
   Value of tmax indicator:         51.0

Task for patient = 60 with skills = {1,-1} and cost = 327.0
   Vehicle #0 = 7, leaving at = 581.0
   Vehicle #1 = -1, leaving at = inf
   Increment on distance indicator: 50.0
   Increment on tard indicator:     0.0
   Value of tmax indicator:         50.0

Task for patient = 129 with skills = {0,-1} and cost = 904.7
   Vehicle #0 = 16, leaving at = 820.0
   Vehicle #1 = -1, leaving at = inf
   Increment on distance indicator: 4.0
   Increment on tard indicator:     0.0
   Value of tmax indicator:         4.0

Task for patient = 270 with skills = {1,-1} and cost = 903.3
   Vehicle #0 = 16, leaving at = 790.0
   Vehicle #1 = -1, leaving at = inf
   Increment on distance indicator: 9.0
   Increment on tard indicator:     0.0
   Value of tmax indicator:         9.0

Task for patient = 67 with skills = {2,3} and cost = 900.3
   Vehicle #0 = 5, leaving at = 890.0
   Vehicle #1 = 38, leaving at = 890.0
   Increment on distance indicator: 5.0
   Increment on tard indicator:     0.0
   Value of tmax indicator:         5.0

Task for patient = 74 with skills = {0,5} and cost = 898.7
   Vehicle #0 = 16, leaving at = 765.0
   Vehicle #1 = 42, leaving at = 765.0
   Increment on distance indicator: 20.0
   Increment on tard indicator:     0.0
   Value of tmax indicator:         20.0

Task for patient = 146 with skills = {0,-1} and cost = 892.0
   Vehicle #0 = 11, leaving at = 772.0
   Vehicle #1 = -1, leaving at = inf
   Increment on distance indicator: 4.0
   Increment on tard indicator:     0.0
   Value of tmax indicator:         4.0

Task for patient = 273 with skills = {1,5} and cost = 890.7
   Vehicle #0 = 10, leaving at = 849.0
   Vehicle #1 = 45, leaving at = 880.0
   Increment on distance indicator: 8.0
   Increment on tard indicator:     0.0
   Value of tmax indicator:         8.0

Task for patient = 240 with skills = {5,-1} and cost = 888.0
   Vehicle #0 = 48, leaving at = 740.0
   Vehicle #1 = -1, leaving at = inf
   Increment on distance indicator: 2.0
   Increment on tard indicator:     0.0
   Value of tmax indicator:         2.0

Task for patient = 290 with skills = {2,-1} and cost = 887.3
   Vehicle #0 = 13, leaving at = 896.0
   Vehicle #1 = -1, leaving at = inf
   Increment on distance indicator: 2.0
   Increment on tard indicator:     0.0
   Value of tmax indicator:         2.0

Task for patient = 236 with skills = {2,4} and cost = 649.0
   Vehicle #0 = 5, leaving at = 822.0
   Vehicle #1 = 41, leaving at = 822.0
   Increment on distance indicator: 6.0
   Increment on tard indicator:     0.0
   Value of tmax indicator:         6.0

Task for patient = 183 with skills = {1,3} and cost = 884.7
   Vehicle #0 = 16, leaving at = 624.0
   Vehicle #1 = 49, leaving at = 624.0
   Increment on distance indicator: 65.0
   Increment on tard indicator:     0.0
   Value of tmax indicator:         65.0

Task for patient = 252 with skills = {3,-1} and cost = 863.0
   Vehicle #0 = 45, leaving at = 800.0
   Vehicle #1 = -1, leaving at = inf
   Increment on distance indicator: 2.0
   Increment on tard indicator:     0.0
   Value of tmax indicator:         2.0

Task for patient = 277 with skills = {2,4} and cost = 862.3
   Vehicle #0 = 14, leaving at = 685.0
   Vehicle #1 = 48, leaving at = 722.0
   Increment on distance indicator: 14.0
   Increment on tard indicator:     0.0
   Value of tmax indicator:         14.0

Task for patient = 278 with skills = {4,-1} and cost = 857.7
   Vehicle #0 = 37, leaving at = 860.0
   Vehicle #1 = -1, leaving at = inf
   Increment on distance indicator: 8.0
   Increment on tard indicator:     0.0
   Value of tmax indicator:         8.0

Task for patient = 158 with skills = {4,-1} and cost = 855.0
   Vehicle #0 = 45, leaving at = 740.0
   Vehicle #1 = -1, leaving at = inf
   Increment on distance indicator: 2.0
   Increment on tard indicator:     0.0
   Value of tmax indicator:         2.0

Task for patient = 164 with skills = {3,-1} and cost = 854.3
   Vehicle #0 = 47, leaving at = 720.0
   Vehicle #1 = -1, leaving at = inf
   Increment on distance indicator: 7.0
   Increment on tard indicator:     0.0
   Value of tmax indicator:         7.0

Task for patient = 68 with skills = {1,-1} and cost = 852.0
   Vehicle #0 = 13, leaving at = 873.0
   Vehicle #1 = -1, leaving at = inf
   Increment on distance indicator: 2.0
   Increment on tard indicator:     0.0
   Value of tmax indicator:         2.0

Task for patient = 169 with skills = {3,-1} and cost = 851.3
   Vehicle #0 = 39, leaving at = 975.0
   Vehicle #1 = -1, leaving at = inf
   Increment on distance indicator: 1.0
   Increment on tard indicator:     0.0
   Value of tmax indicator:         1.0

Task for patient = 285 with skills = {5,-1} and cost = 886.7
   Vehicle #0 = 49, leaving at = 671.0
   Vehicle #1 = -1, leaving at = inf
   Increment on distance indicator: 6.0
   Increment on tard indicator:     0.0
   Value of tmax indicator:         6.0

Task for patient = 8 with skills = {3,-1} and cost = 1009.7
   Vehicle #0 = 38, leaving at = 952.0
   Vehicle #1 = -1, leaving at = inf
   Increment on distance indicator: 3.0
   Increment on tard indicator:     0.0
   Value of tmax indicator:         3.0

Task for patient = 245 with skills = {5,-1} and cost = 1008.7
   Vehicle #0 = 35, leaving at = 985.0
   Vehicle #1 = -1, leaving at = inf
   Increment on distance indicator: 3.0
   Increment on tard indicator:     0.0
   Value of tmax indicator:         3.0

Task for patient = 34 with skills = {3,-1} and cost = 996.7
   Vehicle #0 = 51, leaving at = 537.0
   Vehicle #1 = -1, leaving at = inf
   Increment on distance indicator: 53.0
   Increment on tard indicator:     0.0
   Value of tmax indicator:         53.0

Task for patient = 76 with skills = {1,-1} and cost = 979.0
   Vehicle #0 = 13, leaving at = 971.0
   Vehicle #1 = -1, leaving at = inf
   Increment on distance indicator: 2.0
   Increment on tard indicator:     0.0
   Value of tmax indicator:         2.0

Task for patient = 268 with skills = {3,-1} and cost = 1410.7
   Vehicle #0 = 38, leaving at = 1093.0
   Vehicle #1 = -1, leaving at = inf
   Increment on distance indicator: 7.0
   Increment on tard indicator:     0.0
   Value of tmax indicator:         7.0

Task for patient = 15 with skills = {2,-1} and cost = 960.7
   Vehicle #0 = 13, leaving at = 949.0
   Vehicle #1 = -1, leaving at = inf
   Increment on distance indicator: 1.0
   Increment on tard indicator:     0.0
   Value of tmax indicator:         1.0

Task for patient = 157 with skills = {2,-1} and cost = 960.3
   Vehicle #0 = 14, leaving at = 750.0
   Vehicle #1 = -1, leaving at = inf
   Increment on distance indicator: 5.0
   Increment on tard indicator:     0.0
   Value of tmax indicator:         5.0

Task for patient = 253 with skills = {4,-1} and cost = 958.7
   Vehicle #0 = 47, leaving at = 758.0
   Vehicle #1 = -1, leaving at = inf
   Increment on distance indicator: 6.0
   Increment on tard indicator:     0.0
   Value of tmax indicator:         6.0

Task for patient = 20 with skills = {3,-1} and cost = 908.3
   Vehicle #0 = 49, leaving at = 723.0
   Vehicle #1 = -1, leaving at = inf
   Increment on distance indicator: 11.0
   Increment on tard indicator:     0.0
   Value of tmax indicator:         11.0

Task for patient = 89 with skills = {3,-1} and cost = 939.3
   Vehicle #0 = 30, leaving at = 975.0
   Vehicle #1 = -1, leaving at = inf
   Increment on distance indicator: 3.0
   Increment on tard indicator:     0.0
   Value of tmax indicator:         3.0

Task for patient = 225 with skills = {1,5} and cost = 938.3
   Vehicle #0 = 8, leaving at = 948.0
   Vehicle #1 = 33, leaving at = 966.0
   Increment on distance indicator: 6.0
   Increment on tard indicator:     0.0
   Value of tmax indicator:         6.0

Task for patient = 239 with skills = {3,-1} and cost = 936.3
   Vehicle #0 = 53, leaving at = 647.0
   Vehicle #1 = -1, leaving at = inf
   Increment on distance indicator: 9.0
   Increment on tard indicator:     0.0
   Value of tmax indicator:         9.0

Task for patient = 282 with skills = {2,-1} and cost = 933.3
   Vehicle #0 = 0, leaving at = 990.0
   Vehicle #1 = -1, leaving at = inf
   Increment on distance indicator: 2.0
   Increment on tard indicator:     0.0
   Value of tmax indicator:         2.0

Task for patient = 13 with skills = {1,-1} and cost = 932.7
   Vehicle #0 = 4, leaving at = 949.0
   Vehicle #1 = -1, leaving at = inf
   Increment on distance indicator: 5.0
   Increment on tard indicator:     0.0
   Value of tmax indicator:         5.0

Task for patient = 182 with skills = {2,-1} and cost = 931.0
   Vehicle #0 = 12, leaving at = 949.0
   Vehicle #1 = -1, leaving at = inf
   Increment on distance indicator: 7.0
   Increment on tard indicator:     0.0
   Value of tmax indicator:         7.0

Task for patient = 19 with skills = {0,3} and cost = 928.7
   Vehicle #0 = 11, leaving at = 837.0
   Vehicle #1 = 48, leaving at = 837.0
   Increment on distance indicator: 11.0
   Increment on tard indicator:     0.0
   Value of tmax indicator:         11.0

Task for patient = 221 with skills = {4,-1} and cost = 925.0
   Vehicle #0 = 53, leaving at = 565.0
   Vehicle #1 = -1, leaving at = inf
   Increment on distance indicator: 50.0
   Increment on tard indicator:     0.0
   Value of tmax indicator:         50.0

Task for patient = 3 with skills = {4,-1} and cost = 943.0
   Vehicle #0 = 40, leaving at = 808.0
   Vehicle #1 = -1, leaving at = inf
   Increment on distance indicator: 11.0
   Increment on tard indicator:     0.0
   Value of tmax indicator:         11.0

Task for patient = 287 with skills = {2,-1} and cost = 756.7
   Vehicle #0 = 13, leaving at = 775.0
   Vehicle #1 = -1, leaving at = inf
   Increment on distance indicator: 5.0
   Increment on tard indicator:     0.0
   Value of tmax indicator:         5.0

Task for patient = 207 with skills = {0,5} and cost = 755.0
   Vehicle #0 = 11, leaving at = 662.0
   Vehicle #1 = 44, leaving at = 684.0
   Increment on distance indicator: 12.0
   Increment on tard indicator:     0.0
   Value of tmax indicator:         12.0

Task for patient = 82 with skills = {1,5} and cost = 751.0
   Vehicle #0 = 12, leaving at = 885.0
   Vehicle #1 = 35, leaving at = 885.0
   Increment on distance indicator: 6.0
   Increment on tard indicator:     0.0
   Value of tmax indicator:         6.0

Task for patient = 232 with skills = {1,4} and cost = 749.0
   Vehicle #0 = 2, leaving at = 950.0
   Vehicle #1 = 39, leaving at = 950.0
   Increment on distance indicator: 7.0
   Increment on tard indicator:     0.0
   Value of tmax indicator:         7.0

Task for patient = 199 with skills = {5,-1} and cost = 746.7
   Vehicle #0 = 44, leaving at = 585.0
   Vehicle #1 = -1, leaving at = inf
   Increment on distance indicator: 51.0
   Increment on tard indicator:     0.0
   Value of tmax indicator:         51.0

Task for patient = 56 with skills = {5,-1} and cost = 729.7
   Vehicle #0 = 33, leaving at = 933.0
   Vehicle #1 = -1, leaving at = inf
   Increment on distance indicator: 2.0
   Increment on tard indicator:     0.0
   Value of tmax indicator:         2.0

Task for patient = 5 with skills = {0,-1} and cost = 717.3
   Vehicle #0 = 11, leaving at = 549.0
   Vehicle #1 = -1, leaving at = inf
   Increment on distance indicator: 46.0
   Increment on tard indicator:     0.0
   Value of tmax indicator:         46.0

Task for patient = 66 with skills = {1,5} and cost = 702.0
   Vehicle #0 = 15, leaving at = 646.0
   Vehicle #1 = 43, leaving at = 692.0
   Increment on distance indicator: 4.0
   Increment on tard indicator:     0.0
   Value of tmax indicator:         4.0

Task for patient = 297 with skills = {1,-1} and cost = 851.0
   Vehicle #0 = 9, leaving at = 876.0
   Vehicle #1 = -1, leaving at = inf
   Increment on distance indicator: 10.0
   Increment on tard indicator:     0.0
   Value of tmax indicator:         10.0

Task for patient = 194 with skills = {2,-1} and cost = 666.7
   Vehicle #0 = 14, leaving at = 636.0
   Vehicle #1 = -1, leaving at = inf
   Increment on distance indicator: 9.0
   Increment on tard indicator:     0.0
   Value of tmax indicator:         9.0

Task for patient = 184 with skills = {5,-1} and cost = 663.7
   Vehicle #0 = 42, leaving at = 700.0
   Vehicle #1 = -1, leaving at = inf
   Increment on distance indicator: 4.0
   Increment on tard indicator:     0.0
   Value of tmax indicator:         4.0

Task for patient = 52 with skills = {1,-1} and cost = 662.3
   Vehicle #0 = 8, leaving at = 668.0
   Vehicle #1 = -1, leaving at = inf
   Increment on distance indicator: 6.0
   Increment on tard indicator:     0.0
   Value of tmax indicator:         6.0

Task for patient = 123 with skills = {3,-1} and cost = 660.3
   Vehicle #0 = 37, leaving at = 816.0
   Vehicle #1 = -1, leaving at = inf
   Increment on distance indicator: 5.0
   Increment on tard indicator:     0.0
   Value of tmax indicator:         5.0

Task for patient = 226 with skills = {1,-1} and cost = 658.7
   Vehicle #0 = 9, leaving at = 790.0
   Vehicle #1 = -1, leaving at = inf
   Increment on distance indicator: 5.0
   Increment on tard indicator:     0.0
   Value of tmax indicator:         5.0

Task for patient = 165 with skills = {0,3} and cost = 657.0
   Vehicle #0 = 7, leaving at = 894.0
   Vehicle #1 = 36, leaving at = 914.0
   Increment on distance indicator: 8.0
   Increment on tard indicator:     0.0
   Value of tmax indicator:         8.0

Task for patient = 48 with skills = {4,-1} and cost = 654.3
   Vehicle #0 = 41, leaving at = 864.0
   Vehicle #1 = -1, leaving at = inf
   Increment on distance indicator: 7.0
   Increment on tard indicator:     0.0
   Value of tmax indicator:         7.0

Task for patient = 257 with skills = {1,-1} and cost = 652.0
   Vehicle #0 = 8, leaving at = 643.0
   Vehicle #1 = -1, leaving at = inf
   Increment on distance indicator: 9.0
   Increment on tard indicator:     0.0
   Value of tmax indicator:         9.0

Task for patient = 71 with skills = {1,5} and cost = 700.7
   Vehicle #0 = 15, leaving at = 537.0
   Vehicle #1 = 43, leaving at = 536.0
   Increment on distance indicator: 102.0
   Increment on tard indicator:     0.0
   Value of tmax indicator:         102.0

Task for patient = 21 with skills = {3,-1} and cost = 847.7
   Vehicle #0 = 38, leaving at = 838.0
   Vehicle #1 = -1, leaving at = inf
   Increment on distance indicator: 3.0
   Increment on tard indicator:     0.0
   Value of tmax indicator:         3.0

Task for patient = 33 with skills = {0,4} and cost = 846.7
   Vehicle #0 = 16, leaving at = 577.0
   Vehicle #1 = 48, leaving at = 577.0
   Increment on distance indicator: 92.0
   Increment on tard indicator:     0.0
   Value of tmax indicator:         92.0

Task for patient = 155 with skills = {4,-1} and cost = 816.0
   Vehicle #0 = 47, leaving at = 679.0
   Vehicle #1 = -1, leaving at = inf
   Increment on distance indicator: 4.0
   Increment on tard indicator:     0.0
   Value of tmax indicator:         4.0

Task for patient = 280 with skills = {5,-1} and cost = 814.7
   Vehicle #0 = 43, leaving at = 773.0
   Vehicle #1 = -1, leaving at = inf
   Increment on distance indicator: 6.0
   Increment on tard indicator:     0.0
   Value of tmax indicator:         6.0

Task for patient = 149 with skills = {3,-1} and cost = 812.7
   Vehicle #0 = 47, leaving at = 606.0
   Vehicle #1 = -1, leaving at = inf
   Increment on distance indicator: 6.0
   Increment on tard indicator:     0.0
   Value of tmax indicator:         6.0

Task for patient = 77 with skills = {0,-1} and cost = 810.7
   Vehicle #0 = 9, leaving at = 819.0
   Vehicle #1 = -1, leaving at = inf
   Increment on distance indicator: 5.0
   Increment on tard indicator:     0.0
   Value of tmax indicator:         5.0

Task for patient = 294 with skills = {4,-1} and cost = 809.0
   Vehicle #0 = 47, leaving at = 543.0
   Vehicle #1 = -1, leaving at = inf
   Increment on distance indicator: 55.0
   Increment on tard indicator:     0.0
   Value of tmax indicator:         55.0

Task for patient = 283 with skills = {2,-1} and cost = 790.7
   Vehicle #0 = 14, leaving at = 658.0
   Vehicle #1 = -1, leaving at = inf
   Increment on distance indicator: 6.0
   Increment on tard indicator:     0.0
   Value of tmax indicator:         6.0

Task for patient = 222 with skills = {3,-1} and cost = 758.0
   Vehicle #0 = 44, leaving at = 778.0
   Vehicle #1 = -1, leaving at = inf
   Increment on distance indicator: 4.0
   Increment on tard indicator:     0.0
   Value of tmax indicator:         4.0

Task for patient = 217 with skills = {4,-1} and cost = 787.0
   Vehicle #0 = 43, leaving at = 744.0
   Vehicle #1 = -1, leaving at = inf
   Increment on distance indicator: 6.0
   Increment on tard indicator:     0.0
   Value of tmax indicator:         6.0

Task for patient = 35 with skills = {1,-1} and cost = 785.0
   Vehicle #0 = 7, leaving at = 930.0
   Vehicle #1 = -1, leaving at = inf
   Increment on distance indicator: 2.0
   Increment on tard indicator:     0.0
   Value of tmax indicator:         2.0

Task for patient = 190 with skills = {3,-1} and cost = 784.3
   Vehicle #0 = 34, leaving at = 1042.0
   Vehicle #1 = -1, leaving at = inf
   Increment on distance indicator: 3.0
   Increment on tard indicator:     0.0
   Value of tmax indicator:         3.0

Task for patient = 223 with skills = {4,-1} and cost = 783.3
   Vehicle #0 = 41, leaving at = 911.0
   Vehicle #1 = -1, leaving at = inf
   Increment on distance indicator: 3.0
   Increment on tard indicator:     0.0
   Value of tmax indicator:         3.0

Task for patient = 127 with skills = {2,-1} and cost = 782.3
   Vehicle #0 = 4, leaving at = 899.0
   Vehicle #1 = -1, leaving at = inf
   Increment on distance indicator: 5.0
   Increment on tard indicator:     0.0
   Value of tmax indicator:         5.0

Task for patient = 75 with skills = {3,-1} and cost = 780.7
   Vehicle #0 = 44, leaving at = 870.0
   Vehicle #1 = -1, leaving at = inf
   Increment on distance indicator: 1.0
   Increment on tard indicator:     0.0
   Value of tmax indicator:         1.0

Task for patient = 237 with skills = {5,-1} and cost = 780.3
   Vehicle #0 = 45, leaving at = 649.0
   Vehicle #1 = -1, leaving at = inf
   Increment on distance indicator: 7.0
   Increment on tard indicator:     0.0
   Value of tmax indicator:         7.0

Task for patient = 118 with skills = {5,-1} and cost = 778.0
   Vehicle #0 = 45, leaving at = 582.0
   Vehicle #1 = -1, leaving at = inf
   Increment on distance indicator: 53.0
   Increment on tard indicator:     0.0
   Value of tmax indicator:         53.0

Task for patient = 198 with skills = {1,5} and cost = 760.3
   Vehicle #0 = 8, leaving at = 819.0
   Vehicle #1 = 44, leaving at = 819.0
   Increment on distance indicator: 7.0
   Increment on tard indicator:     0.0
   Value of tmax indicator:         7.0

Task for patient = 134 with skills = {4,-1} and cost = 788.7
   Vehicle #0 = 45, leaving at = 671.0
   Vehicle #1 = -1, leaving at = inf
   Increment on distance indicator: 5.0
   Increment on tard indicator:     0.0
   Value of tmax indicator:         5.0


Unused vehicle list: 18 23 24 25 26 27 28 29 50 55 56 57 58 59 (total = 14 out of 60)

---
Search finished.
Total of 1900 generations in 1426.5 seconds.
Exchange elite runs: 23
Implicit path relinking runs: 10
Reset attempts: 3

Best solution found:
   Cost: 2000.0
   Total travel time: 5894.0
   Total tardiness time: 83.0
   Largest tardiness: 23.0


2000.0
