This host is: panku
--- BRKGA-MP-IPR for HHCRSP ---
Instance: new-dataset/instances-25/HHCRSP_25_5_56_0.8_R_RC.txt
Seed: 20

Reading data... Problem contains 25 patients  and 5 caregivers.

Summary of supply x demand for each service type:
Skill 0 has supply = 2 and demand = 6, ratio = 0.333333
Skill 1 has supply = 1 and demand = 4, ratio = 0.25
Skill 2 has supply = 2 and demand = 7, ratio = 0.285714
Skill 3 has supply = 3 and demand = 8, ratio = 0.375
Skill 4 has supply = 2 and demand = 4, ratio = 0.5
Skill 5 has supply = 2 and demand = 4, ratio = 0.5

Reading parameters...
Inferred distance function by PR type: kendall-tau
Building BRKGA data and initializing...
Evolving 1900 generations...

  Gens  Rem    Local   ElDiv NoImpr             Best solution            Time  Op
                                       Cost     Dist    Tard    TMax 
*    0 1900   740.33  153.66      0   740.33   636.00  1261.0   324.0     0.0    
*    2 1898   621.33  118.56      0   621.33   668.00   716.0   169.0     0.1    
*    3 1897   517.67   96.50      0   517.67   668.00   716.0   169.0     0.1    
*    5 1895   349.67   77.08      0   349.67   706.00   257.0    86.0     0.2    
*    7 1893   290.67   56.27      0   290.67   639.00    95.0    52.0     0.2    
*    8 1892   262.00   45.02      0   262.00   595.00   105.0    77.0     0.2    
*    9 1891   259.00   37.42      0   259.00   595.00   105.0    77.0     0.3    
*   12 1888   205.33   23.88      0   205.33   556.00    43.0    17.0     0.3    
*   20 1880   193.00   12.01      0   193.00   537.00     7.0     7.0     0.5    
*   21 1879   183.67   11.78      0   183.67   537.00     7.0     7.0     0.6    
*   28 1872   183.33    6.58      0   183.33   531.00     7.0     7.0     0.7    
*   29 1871   181.67    6.19      0   181.67   531.00     7.0     7.0     0.8    
*   31 1869   179.67    4.79      0   179.67   525.00     7.0     7.0     0.8    
    50 1850   179.67    0.95     19   179.67   525.00     7.0     7.0     1.3    
    80 1820   179.67    0.00     50   179.67   525.00     7.0     7.0     2.1   X

  Gens  Rem    Local   ElDiv NoImpr             Best solution            Time  Op
                                       Cost     Dist    Tard    TMax 
   100 1800   179.67    0.00     69   179.67   525.00     7.0     7.0     2.6    
   150 1750   179.67    0.00    119   179.67   525.00     7.0     7.0     3.9    
   160 1740   179.67    0.00    130   179.67   525.00     7.0     7.0     4.2   X
Path relinking result: no improvement.
   180 1720   179.67    0.00    150   179.67   525.00     7.0     7.0     4.7   P
   200 1700   179.67    0.00    169   179.67   525.00     7.0     7.0     5.2    
   240 1660   179.67    0.00    210   179.67   525.00     7.0     7.0     6.2   X
   250 1650   179.67    0.00    219   179.67   525.00     7.0     7.0     6.5    
   300 1600   179.67    0.00    269   179.67   525.00     7.0     7.0     7.8    
   320 1580   179.67    0.00    290   179.67   525.00     7.0     7.0     8.3   X
   350 1550   179.67    0.00    319   179.67   525.00     7.0     7.0     9.1    
Path relinking result: no improvement.
   360 1540   179.67    0.00    330   179.67   525.00     7.0     7.0     9.4   P
   400 1500   179.67    0.00    369   179.67   525.00     7.0     7.0    10.5    
   400 1500   179.67    0.00    370   179.67   525.00     7.0     7.0    10.5   X
   450 1450   179.67    0.00    419   179.67   525.00     7.0     7.0    11.8    
   480 1420   179.67    0.00    450   179.67   525.00     7.0     7.0    12.5   X
   500 1400   179.67    0.00    469   179.67   525.00     7.0     7.0    13.1    
Path relinking result: no improvement.

  Gens  Rem    Local   ElDiv NoImpr             Best solution            Time  Op
                                       Cost     Dist    Tard    TMax 
   540 1360   179.67    0.00    510   179.67   525.00     7.0     7.0    14.1   P
   550 1350   179.67    0.00    519   179.67   525.00     7.0     7.0    14.4    
   560 1340   179.67    0.00    530   179.67   525.00     7.0     7.0    14.6   X
   600 1300   179.67    0.00    569   179.67   525.00     7.0     7.0    15.7    
   640 1260   179.67    0.00    610   179.67   525.00     7.0     7.0    16.7   X
   650 1250   179.67    0.00    619   179.67   525.00     7.0     7.0    17.0    
   700 1200   179.67    0.00    669   179.67   525.00     7.0     7.0    18.2    
Path relinking result: no improvement.
   720 1180   179.67    0.00    690   179.67   525.00     7.0     7.0    18.8  PX
   730 1170      inf  195.11      0   179.67   525.00     7.0     7.0    19.0   R
   731 1169   594.33  170.32      0   179.67   525.00     7.0     7.0    19.1    
   750 1150   196.67   13.39      4   179.67   525.00     7.0     7.0    19.6    
   800 1100   179.67    0.99     31   179.67   525.00     7.0     7.0    20.9    
   800 1100   179.67    0.62     32   179.67   525.00     7.0     7.0    20.9   X
   850 1050   179.67    0.00     81   179.67   525.00     7.0     7.0    22.2    
   880 1020   179.67    0.00    112   179.67   525.00     7.0     7.0    23.0   X
   900 1000   179.67    0.00    131   179.67   525.00     7.0     7.0    23.5    
Path relinking result: no improvement.

  Gens  Rem    Local   ElDiv NoImpr             Best solution            Time  Op
                                       Cost     Dist    Tard    TMax 
   900 1000   179.67    0.00    132   179.67   525.00     7.0     7.0    23.5   P
   950  950   179.67    0.00    181   179.67   525.00     7.0     7.0    24.9    
   960  940   179.67    0.00    192   179.67   525.00     7.0     7.0    25.1   X
*  970  930   178.33    0.08      0   178.33   521.00     7.0     7.0    25.4    
  1000  900   178.33    0.08     30   178.33   521.00     7.0     7.0    26.2    
  1040  860   178.33    0.13     71   178.33   521.00     7.0     7.0    27.2   X
  1050  850   178.33    0.13     80   178.33   521.00     7.0     7.0    27.5    
Path relinking result: no improvement.
  1080  820   178.33    0.13    111   178.33   521.00     7.0     7.0    28.3   P
  1100  800   178.33    0.13    130   178.33   521.00     7.0     7.0    28.8    
  1120  780   178.33    0.26    151   178.33   521.00     7.0     7.0    29.3   X
  1150  750   178.33    0.27    180   178.33   521.00     7.0     7.0    30.1    
  1200  700   178.33    0.32    230   178.33   521.00     7.0     7.0    31.4    
  1200  700   178.33    0.51    231   178.33   521.00     7.0     7.0    31.4   X
  1250  650   178.33    0.00    280   178.33   521.00     7.0     7.0    32.7    
Path relinking result: no improvement.
  1260  640   178.33    0.00    291   178.33   521.00     7.0     7.0    33.0   P
  1280  620   178.33    0.00    311   178.33   521.00     7.0     7.0    33.5   X

  Gens  Rem    Local   ElDiv NoImpr             Best solution            Time  Op
                                       Cost     Dist    Tard    TMax 
  1300  600   178.33    0.00    330   178.33   521.00     7.0     7.0    34.0    
  1350  550   178.33    0.00    380   178.33   521.00     7.0     7.0    35.4    
  1360  540   178.33    0.00    391   178.33   521.00     7.0     7.0    35.6   X
  1400  500   178.33    0.00    430   178.33   521.00     7.0     7.0    36.7    
Path relinking result: no improvement.
  1440  460   178.33    0.00    471   178.33   521.00     7.0     7.0    37.7  PX
  1450  450   178.33    0.00    480   178.33   521.00     7.0     7.0    38.0    
  1500  400   178.33    0.00    530   178.33   521.00     7.0     7.0    39.3    
  1520  380   178.33    0.00    551   178.33   521.00     7.0     7.0    39.9   X
  1550  350   178.33    0.00    580   178.33   521.00     7.0     7.0    40.6    
  1600  300   178.33    0.00    630   178.33   521.00     7.0     7.0    42.0    
  1600  300   178.33    0.00    631   178.33   521.00     7.0     7.0    42.0   X
Path relinking result: no improvement.
  1620  280   178.33    0.00    651   178.33   521.00     7.0     7.0    42.6   P
  1650  250   178.33    0.00    680   178.33   521.00     7.0     7.0    43.3    
  1669  231      inf  183.75      0   178.33   521.00     7.0     7.0    43.9   R
  1670  230   769.33  158.49      0   178.33   521.00     7.0     7.0    43.9    
  1680  220   244.00   21.84      0   178.33   521.00     7.0     7.0    44.2   X

  Gens  Rem    Local   ElDiv NoImpr             Best solution            Time  Op
                                       Cost     Dist    Tard    TMax 
  1700  200   181.67    6.13      2   178.33   521.00     7.0     7.0    44.7    
  1750  150   179.67    0.00     44   178.33   521.00     7.0     7.0    46.0    
  1760  140   179.67    0.00     55   178.33   521.00     7.0     7.0    46.2   X
  1800  100   179.67    0.00     94   178.33   521.00     7.0     7.0    47.3    
Path relinking result: no improvement.
  1800  100   179.67    0.00     95   178.33   521.00     7.0     7.0    47.3   P
  1840   60   179.67    0.00    135   178.33   521.00     7.0     7.0    48.3   X
  1850   50   179.67    0.00    144   178.33   521.00     7.0     7.0    48.5    
  1900    0   179.67    0.00    194   178.33   521.00     7.0     7.0    49.9    
Evolutionary process finished.
Solution written to 'solution-1571.txt'.

Sorted sequence of worst to best tardiness value:
Task for patient = 18 with skills = {1,-1} and cost = 138.0
   Vehicle #0 = 0, leaving at = 994.0
   Vehicle #1 = -1, leaving at = inf
   Increment on distance indicator: 5.0
   Increment on tard indicator:     7.0
   Value of tmax indicator:         5.0

Task for patient = 17 with skills = {0,4} and cost = 131.7
   Vehicle #0 = 1, leaving at = 976.0
   Vehicle #1 = 2, leaving at = 980.0
   Increment on distance indicator: 29.0
   Increment on tard indicator:     0.0
   Value of tmax indicator:         29.0

Task for patient = 7 with skills = {3,-1} and cost = 122.0
   Vehicle #0 = 4, leaving at = 909.0
   Vehicle #1 = -1, leaving at = inf
   Increment on distance indicator: 6.0
   Increment on tard indicator:     0.0
   Value of tmax indicator:         6.0

Task for patient = 13 with skills = {5,-1} and cost = 120.0
   Vehicle #0 = 2, leaving at = 924.0
   Vehicle #1 = -1, leaving at = inf
   Increment on distance indicator: 14.0
   Increment on tard indicator:     0.0
   Value of tmax indicator:         14.0

Task for patient = 22 with skills = {3,-1} and cost = 115.3
   Vehicle #0 = 4, leaving at = 887.0
   Vehicle #1 = -1, leaving at = inf
   Increment on distance indicator: 7.0
   Increment on tard indicator:     0.0
   Value of tmax indicator:         7.0

Task for patient = 1 with skills = {2,-1} and cost = 113.0
   Vehicle #0 = 1, leaving at = 945.0
   Vehicle #1 = -1, leaving at = inf
   Increment on distance indicator: 18.0
   Increment on tard indicator:     0.0
   Value of tmax indicator:         18.0

Task for patient = 16 with skills = {1,3} and cost = 107.0
   Vehicle #0 = 0, leaving at = 934.0
   Vehicle #1 = 3, leaving at = 947.0
   Increment on distance indicator: 41.0
   Increment on tard indicator:     0.0
   Value of tmax indicator:         41.0

Task for patient = 23 with skills = {2,3} and cost = 93.3
   Vehicle #0 = 1, leaving at = 906.0
   Vehicle #1 = 3, leaving at = 901.0
   Increment on distance indicator: 10.0
   Increment on tard indicator:     0.0
   Value of tmax indicator:         10.0

Task for patient = 20 with skills = {2,3} and cost = 90.0
   Vehicle #0 = 1, leaving at = 851.0
   Vehicle #1 = 3, leaving at = 861.0
   Increment on distance indicator: 19.0
   Increment on tard indicator:     0.0
   Value of tmax indicator:         19.0

Task for patient = 19 with skills = {4,-1} and cost = 83.7
   Vehicle #0 = 2, leaving at = 888.0
   Vehicle #1 = -1, leaving at = inf
   Increment on distance indicator: 31.0
   Increment on tard indicator:     0.0
   Value of tmax indicator:         31.0

Task for patient = 15 with skills = {0,-1} and cost = 73.3
   Vehicle #0 = 0, leaving at = 873.0
   Vehicle #1 = -1, leaving at = inf
   Increment on distance indicator: 10.0
   Increment on tard indicator:     0.0
   Value of tmax indicator:         10.0

Task for patient = 5 with skills = {2,-1} and cost = 145.7
   Vehicle #0 = 1, leaving at = 1058.0
   Vehicle #1 = -1, leaving at = inf
   Increment on distance indicator: 23.0
   Increment on tard indicator:     0.0
   Value of tmax indicator:         23.0

Task for patient = 24 with skills = {1,-1} and cost = 68.7
   Vehicle #0 = 0, leaving at = 836.0
   Vehicle #1 = -1, leaving at = inf
   Increment on distance indicator: 4.0
   Increment on tard indicator:     0.0
   Value of tmax indicator:         4.0

Task for patient = 12 with skills = {0,3} and cost = 67.3
   Vehicle #0 = 0, leaving at = 768.0
   Vehicle #1 = 4, leaving at = 763.0
   Increment on distance indicator: 35.0
   Increment on tard indicator:     0.0
   Value of tmax indicator:         35.0

Task for patient = 6 with skills = {0,4} and cost = 55.7
   Vehicle #0 = 1, leaving at = 771.0
   Vehicle #1 = 2, leaving at = 754.0
   Increment on distance indicator: 30.0
   Increment on tard indicator:     0.0
   Value of tmax indicator:         30.0

Task for patient = 11 with skills = {2,-1} and cost = 45.7
   Vehicle #0 = 0, leaving at = 695.0
   Vehicle #1 = -1, leaving at = inf
   Increment on distance indicator: 6.0
   Increment on tard indicator:     0.0
   Value of tmax indicator:         6.0

Task for patient = 25 with skills = {0,-1} and cost = 43.7
   Vehicle #0 = 1, leaving at = 710.0
   Vehicle #1 = -1, leaving at = inf
   Increment on distance indicator: 13.0
   Increment on tard indicator:     0.0
   Value of tmax indicator:         13.0

Task for patient = 4 with skills = {3,-1} and cost = 39.3
   Vehicle #0 = 3, leaving at = 744.0
   Vehicle #1 = -1, leaving at = inf
   Increment on distance indicator: 12.0
   Increment on tard indicator:     0.0
   Value of tmax indicator:         12.0

Task for patient = 8 with skills = {5,-1} and cost = 35.3
   Vehicle #0 = 3, leaving at = 679.0
   Vehicle #1 = -1, leaving at = inf
   Increment on distance indicator: 8.0
   Increment on tard indicator:     0.0
   Value of tmax indicator:         8.0

Task for patient = 10 with skills = {2,3} and cost = 32.7
   Vehicle #0 = 1, leaving at = 637.0
   Vehicle #1 = 3, leaving at = 644.0
   Increment on distance indicator: 34.0
   Increment on tard indicator:     0.0
   Value of tmax indicator:         34.0

Task for patient = 21 with skills = {2,-1} and cost = 21.3
   Vehicle #0 = 1, leaving at = 570.0
   Vehicle #1 = -1, leaving at = inf
   Increment on distance indicator: 23.0
   Increment on tard indicator:     0.0
   Value of tmax indicator:         23.0

Task for patient = 14 with skills = {5,-1} and cost = 13.7
   Vehicle #0 = 3, leaving at = 537.0
   Vehicle #1 = -1, leaving at = inf
   Increment on distance indicator: 19.0
   Increment on tard indicator:     0.0
   Value of tmax indicator:         19.0

Task for patient = 2 with skills = {0,-1} and cost = 7.3
   Vehicle #0 = 0, leaving at = 658.0
   Vehicle #1 = -1, leaving at = inf
   Increment on distance indicator: 22.0
   Increment on tard indicator:     0.0
   Value of tmax indicator:         22.0

Task for patient = 9 with skills = {1,4} and cost = 0.0
   Vehicle #0 = 0, leaving at = 602.0
   Vehicle #1 = 2, leaving at = 616.0
   Increment on distance indicator: 0.0
   Increment on tard indicator:     0.0
   Value of tmax indicator:         0.0

Task for patient = 3 with skills = {5,-1} and cost = 70.0
   Vehicle #0 = 3, leaving at = 816.0
   Vehicle #1 = -1, leaving at = inf
   Increment on distance indicator: 4.0
   Increment on tard indicator:     0.0
   Value of tmax indicator:         4.0


Unused vehicle list: (total = 0 out of 5)

---
Search finished.
Total of 1900 generations in 49.9 seconds.
Exchange elite runs: 23
Implicit path relinking runs: 10
Reset attempts: 2

Best solution found:
   Cost: 178.3
   Total travel time: 521.0
   Total tardiness time: 7.0
   Largest tardiness: 7.0


178.3
