This host is: panku
--- BRKGA-MP-IPR for HHCRSP ---
Instance: new-dataset/instances-75/HHCRSP_75_15_10_1.6_R_C.txt
Seed: 3

Reading data... Problem contains 75 patients  and 15 caregivers.

Summary of supply x demand for each service type:
Skill 0 has supply = 3 and demand = 13, ratio = 0.230769
Skill 1 has supply = 5 and demand = 18, ratio = 0.277778
Skill 2 has supply = 4 and demand = 14, ratio = 0.285714
Skill 3 has supply = 6 and demand = 19, ratio = 0.315789
Skill 4 has supply = 4 and demand = 26, ratio = 0.153846
Skill 5 has supply = 4 and demand = 9, ratio = 0.444444

Reading parameters...
Inferred distance function by PR type: kendall-tau
Building BRKGA data and initializing...
Evolving 1900 generations...

  Gens  Rem    Local   ElDiv NoImpr             Best solution            Time  Op
                                       Cost     Dist    Tard    TMax 
*    0 1900  1893.00  233.04      0  1893.00  1664.00  3713.0   302.0     0.0    
*    2 1898  1793.33  206.08      0  1793.33  1698.00  2861.0   333.0     0.1    
*    3 1897  1630.67  185.32      0  1630.67  1698.00  2861.0   333.0     0.2    
*    5 1895  1250.33  142.71      0  1250.33  1859.00  1437.0   252.0     0.2    
*    6 1894  1182.67  133.94      0  1182.67  1703.00  1508.0   313.0     0.3    
*    7 1893  1174.67  139.51      0  1174.67  1863.00  1136.0   204.0     0.3    
*    8 1892  1067.67  123.31      0  1067.67  1592.00  1276.0   204.0     0.4    
*    9 1891  1024.00  113.10      0  1024.00  1654.00   901.0   158.0     0.4    
*   10 1890   904.33   99.46      0   904.33  1714.00   705.0   178.0     0.4    
*   11 1889   865.67   95.40      0   865.67  1598.00   529.0   240.0     0.5    
*   12 1888   789.00   89.96      0   789.00  1631.00   446.0    78.0     0.5    
*   13 1887   718.33   79.86      0   718.33  1631.00   446.0    78.0     0.6    
*   15 1885   651.00   72.79      0   651.00  1580.00    97.0    46.0     0.6    
*   16 1884   574.33   68.13      0   574.33  1580.00    97.0    46.0     0.7    
*   19 1881   564.00   44.34      0   564.00  1522.00   107.0    63.0     0.8    

  Gens  Rem    Local   ElDiv NoImpr             Best solution            Time  Op
                                       Cost     Dist    Tard    TMax 
*   21 1879   548.33   38.30      0   548.33  1589.00    14.0     6.0     0.9    
*   22 1878   536.33   34.92      0   536.33  1589.00    14.0     6.0     0.9    
*   26 1874   533.33   27.25      0   533.33  1487.00    38.0    11.0     1.1    
*   27 1873   512.00   24.65      0   512.00  1487.00    38.0    11.0     1.1    
*   30 1870   504.33   17.87      0   504.33  1440.00    28.0     9.0     1.2    
*   31 1869   492.33   16.71      0   492.33  1440.00    28.0     9.0     1.3    
*   33 1867   488.00   14.64      0   488.00  1449.00    11.0     4.0     1.3    
*   39 1861   478.00   10.61      0   478.00  1424.00     6.0     4.0     1.6    
*   41 1859   475.33    9.54      0   475.33  1424.00     0.0     0.0     1.7    
*   42 1858   474.67    8.88      0   474.67  1424.00     0.0     0.0     1.7    
*   48 1852   473.00    8.25      0   473.00  1410.00     0.0     0.0     1.9    
*   49 1851   470.00    8.24      0   470.00  1394.00     7.0     3.0     2.0    
*   50 1850   468.00    8.07      0   468.00  1394.00     7.0     3.0     2.0    
*   52 1848   467.00    7.70      0   467.00  1401.00     0.0     0.0     2.1    
*   54 1846   465.00    7.52      0   465.00  1375.00     6.0     3.0     2.2    
*   55 1845   461.33    7.33      0   461.33  1375.00     6.0     3.0     2.2    

  Gens  Rem    Local   ElDiv NoImpr             Best solution            Time  Op
                                       Cost     Dist    Tard    TMax 
*   63 1837   456.33    7.66      0   456.33  1352.00     4.0     2.0     2.5    
*   64 1836   452.67    7.59      0   452.67  1352.00     4.0     2.0     2.5    
*   68 1832   450.67    7.63      0   450.67  1340.00     9.0     3.0     2.7    
*   70 1830   450.33    7.49      0   450.33  1343.00     4.0     4.0     2.8    
*   76 1824   449.67    7.37      0   449.67  1349.00     0.0     0.0     3.0    
*   78 1822   447.67    7.61      0   447.67  1292.00    35.0    16.0     3.1    
*   80 1820   439.00    8.04      0   439.00  1307.00     8.0     2.0     3.2    
    80 1820   439.00    4.22      1   439.00  1307.00     8.0     2.0     3.2   X
   100 1800   439.00    4.06     20   439.00  1307.00     8.0     2.0     3.9    
*  116 1784   435.67    3.99      0   435.67  1291.00    11.0     5.0     4.6    
*  128 1772   429.33    4.14      0   429.33  1267.00    15.0     6.0     5.0    
   150 1750   429.33    4.08     22   429.33  1267.00    15.0     6.0     5.9    
   160 1740   429.33    4.17     33   429.33  1267.00    15.0     6.0     6.3   X
Path relinking result: elite improvement.
   180 1720   429.33    4.04     53   429.33  1267.00    15.0     6.0     7.1   P
*  198 1702   428.67    4.06      0   428.67  1286.00     0.0     0.0     7.8    
   200 1700   428.67    4.06      2   428.67  1286.00     0.0     0.0     7.9    

  Gens  Rem    Local   ElDiv NoImpr             Best solution            Time  Op
                                       Cost     Dist    Tard    TMax 
*  213 1687   426.33    3.95      0   426.33  1253.00    16.0    10.0     8.4    
*  231 1669   426.00    3.89      0   426.00  1268.00     0.0     0.0     9.1    
*  232 1668   422.67    3.88      0   422.67  1268.00     0.0     0.0     9.2    
*  234 1666   421.67    4.05      0   421.67  1257.00     5.0     3.0     9.2    
*  238 1662   415.67    4.05      0   415.67  1247.00     0.0     0.0     9.4    
   240 1660   415.67    3.19      3   415.67  1247.00     0.0     0.0     9.5   X
*  242 1658   414.67    3.13      0   414.67  1244.00     0.0     0.0     9.5    
*  249 1651   413.00    2.95      0   413.00  1239.00     0.0     0.0     9.8    
   250 1650   413.00    2.94      1   413.00  1239.00     0.0     0.0     9.9    
*  256 1644   409.00    2.81      0   409.00  1209.00    12.0     6.0    10.1    
*  272 1628   407.33    1.62      0   407.33  1220.00     0.0     0.0    10.7    
*  273 1627   406.67    1.58      0   406.67  1220.00     0.0     0.0    10.8    
*  277 1623   405.67    1.64      0   405.67  1217.00     0.0     0.0    10.9    
*  283 1617   405.33    1.62      0   405.33  1216.00     0.0     0.0    11.2    
*  285 1615   405.00    1.44      0   405.00  1215.00     0.0     0.0    11.2    
*  287 1613   404.67    1.16      0   404.67  1214.00     0.0     0.0    11.3    

  Gens  Rem    Local   ElDiv NoImpr             Best solution            Time  Op
                                       Cost     Dist    Tard    TMax 
*  291 1609   404.33    0.87      0   404.33  1213.00     0.0     0.0    11.5    
*  295 1605   403.33    0.68      0   403.33  1210.00     0.0     0.0    11.6    
*  299 1601   403.00    0.56      0   403.00  1209.00     0.0     0.0    11.8    
   300 1600   403.00    0.55      1   403.00  1209.00     0.0     0.0    11.8    
*  302 1598   402.67    0.54      0   402.67  1208.00     0.0     0.0    11.9    
*  304 1596   402.33    0.52      0   402.33  1207.00     0.0     0.0    12.0    
*  306 1594   402.00    0.57      0   402.00  1206.00     0.0     0.0    12.1    
*  311 1589   400.67    0.53      0   400.67  1202.00     0.0     0.0    12.3    
*  320 1580   400.00    0.69      0   400.00  1200.00     0.0     0.0    12.6    
   320 1580   400.00    0.33      1   400.00  1200.00     0.0     0.0    12.6   X
*  322 1578   399.67    0.29      0   399.67  1199.00     0.0     0.0    12.7    
   350 1550   399.67    0.00     28   399.67  1199.00     0.0     0.0    13.8    
Path relinking result: no improvement.
   360 1540   399.67    0.00     39   399.67  1199.00     0.0     0.0    14.2   P
   400 1500   399.67    0.00     78   399.67  1199.00     0.0     0.0    15.7    
   400 1500   399.67    0.00     79   399.67  1199.00     0.0     0.0    15.7   X
*  423 1477   399.33    0.04      0   399.33  1198.00     0.0     0.0    16.6    

  Gens  Rem    Local   ElDiv NoImpr             Best solution            Time  Op
                                       Cost     Dist    Tard    TMax 
   450 1450   399.33    0.16     27   399.33  1198.00     0.0     0.0    17.7    
   480 1420   399.33    0.16     58   399.33  1198.00     0.0     0.0    18.8   X
   500 1400   399.33    0.00     77   399.33  1198.00     0.0     0.0    19.6    
*  529 1371   399.00    0.02      0   399.00  1197.00     0.0     0.0    20.8    
Path relinking result: no improvement.
   540 1360   399.00    0.03     12   399.00  1197.00     0.0     0.0    21.2   P
   550 1350   399.00    0.05     21   399.00  1197.00     0.0     0.0    21.6    
   560 1340   399.00    0.16     32   399.00  1197.00     0.0     0.0    22.0   X
   600 1300   399.00    0.00     71   399.00  1197.00     0.0     0.0    23.5    
   640 1260   399.00    0.00    112   399.00  1197.00     0.0     0.0    25.1   X
   650 1250   399.00    0.00    121   399.00  1197.00     0.0     0.0    25.5    
   700 1200   399.00    0.00    171   399.00  1197.00     0.0     0.0    27.4    
Path relinking result: no improvement.
   720 1180   399.00    0.00    192   399.00  1197.00     0.0     0.0    28.2  PX
   750 1150   399.00    0.00    221   399.00  1197.00     0.0     0.0    29.3    
   800 1100   399.00    0.00    271   399.00  1197.00     0.0     0.0    31.3    
   800 1100   399.00    0.00    272   399.00  1197.00     0.0     0.0    31.3   X
   850 1050   399.00    0.00    321   399.00  1197.00     0.0     0.0    33.2    

  Gens  Rem    Local   ElDiv NoImpr             Best solution            Time  Op
                                       Cost     Dist    Tard    TMax 
   880 1020   399.00    0.00    352   399.00  1197.00     0.0     0.0    34.4   X
   900 1000   399.00    0.00    371   399.00  1197.00     0.0     0.0    35.1    
Path relinking result: no improvement.
   900 1000   399.00    0.00    372   399.00  1197.00     0.0     0.0    35.1   P
   950  950   399.00    0.00    421   399.00  1197.00     0.0     0.0    37.1    
   960  940   399.00    0.00    432   399.00  1197.00     0.0     0.0    37.5   X
  1000  900   399.00    0.00    471   399.00  1197.00     0.0     0.0    39.0    
  1040  860   399.00    0.00    512   399.00  1197.00     0.0     0.0    40.6   X
  1050  850   399.00    0.00    521   399.00  1197.00     0.0     0.0    41.0    
Path relinking result: no improvement.
  1080  820   399.00    0.00    552   399.00  1197.00     0.0     0.0    42.1   P
  1100  800   399.00    0.00    571   399.00  1197.00     0.0     0.0    42.9    
  1120  780   399.00    0.00    592   399.00  1197.00     0.0     0.0    43.7   X
  1150  750   399.00    0.00    621   399.00  1197.00     0.0     0.0    44.9    
  1200  700   399.00    0.00    671   399.00  1197.00     0.0     0.0    46.8    
  1200  700   399.00    0.00    672   399.00  1197.00     0.0     0.0    46.8   X
  1228  672      inf  236.03      0   399.00  1197.00     0.0     0.0    48.0   R
  1229  671  1982.00  225.94      0   399.00  1197.00     0.0     0.0    48.0    

  Gens  Rem    Local   ElDiv NoImpr             Best solution            Time  Op
                                       Cost     Dist    Tard    TMax 
  1250  650   563.00   42.50      4   399.00  1197.00     0.0     0.0    48.9    
Path relinking result: elite improvement.
  1260  640   487.00   16.11      2   399.00  1197.00     0.0     0.0    49.3   P
  1280  620   469.33    5.87      4   399.00  1197.00     0.0     0.0    50.0   X
  1300  600   461.67    5.56     17   399.00  1197.00     0.0     0.0    50.8    
  1350  550   417.67    6.45     12   399.00  1197.00     0.0     0.0    52.8    
  1360  540   413.67    8.22      0   399.00  1197.00     0.0     0.0    53.2   X
  1400  500   404.67    0.60      1   399.00  1197.00     0.0     0.0    54.8    
Path relinking result: elite improvement.
  1440  460   401.67    0.10      5   399.00  1197.00     0.0     0.0    56.3  PX
  1450  450   400.67    0.10      5   399.00  1197.00     0.0     0.0    56.7    
* 1496  404   398.33    0.48      0   398.33  1195.00     0.0     0.0    58.5    
  1500  400   398.33    0.48      4   398.33  1195.00     0.0     0.0    58.7    
* 1519  381   398.00    0.78      0   398.00  1194.00     0.0     0.0    59.4    
  1520  380   398.00    0.72      2   398.00  1194.00     0.0     0.0    59.4   X
  1550  350   398.00    0.00     31   398.00  1194.00     0.0     0.0    60.6    
  1600  300   398.00    0.00     81   398.00  1194.00     0.0     0.0    62.6    
  1600  300   398.00    0.00     82   398.00  1194.00     0.0     0.0    62.6   X
Path relinking result: no improvement.

  Gens  Rem    Local   ElDiv NoImpr             Best solution            Time  Op
                                       Cost     Dist    Tard    TMax 
  1620  280   398.00    0.00    102   398.00  1194.00     0.0     0.0    63.4   P
  1650  250   398.00    0.00    131   398.00  1194.00     0.0     0.0    64.5    
  1680  220   398.00    0.00    162   398.00  1194.00     0.0     0.0    65.7   X
  1700  200   398.00    0.00    181   398.00  1194.00     0.0     0.0    66.5    
  1750  150   398.00    0.00    231   398.00  1194.00     0.0     0.0    68.4    
  1760  140   398.00    0.00    242   398.00  1194.00     0.0     0.0    68.8   X
  1800  100   398.00    0.00    281   398.00  1194.00     0.0     0.0    70.4    
Path relinking result: no improvement.
  1800  100   398.00    0.00    282   398.00  1194.00     0.0     0.0    70.4   P
  1840   60   398.00    0.00    322   398.00  1194.00     0.0     0.0    72.0   X
  1850   50   398.00    0.00    331   398.00  1194.00     0.0     0.0    72.4    
  1900    0   398.00    0.00    381   398.00  1194.00     0.0     0.0    74.3    
Evolutionary process finished.
Solution written to 'solution-9960.txt'.

Sorted sequence of worst to best tardiness value:
Task for patient = 23 with skills = {5,-1} and cost = 237.3
   Vehicle #0 = 12, leaving at = 862.0
   Vehicle #1 = -1, leaving at = inf
   Increment on distance indicator: 6.0
   Increment on tard indicator:     0.0
   Value of tmax indicator:         6.0

Task for patient = 18 with skills = {5,-1} and cost = 235.3
   Vehicle #0 = 8, leaving at = 889.0
   Vehicle #1 = -1, leaving at = inf
   Increment on distance indicator: 5.0
   Increment on tard indicator:     0.0
   Value of tmax indicator:         5.0

Task for patient = 5 with skills = {0,3} and cost = 233.7
   Vehicle #0 = 4, leaving at = 856.0
   Vehicle #1 = 10, leaving at = 859.0
   Increment on distance indicator: 9.0
   Increment on tard indicator:     0.0
   Value of tmax indicator:         9.0

Task for patient = 16 with skills = {2,4} and cost = 230.7
   Vehicle #0 = 6, leaving at = 912.0
   Vehicle #1 = 14, leaving at = 920.0
   Increment on distance indicator: 9.0
   Increment on tard indicator:     0.0
   Value of tmax indicator:         9.0

Task for patient = 7 with skills = {0,-1} and cost = 227.7
   Vehicle #0 = 4, leaving at = 837.0
   Vehicle #1 = -1, leaving at = inf
   Increment on distance indicator: 8.0
   Increment on tard indicator:     0.0
   Value of tmax indicator:         8.0

Task for patient = 62 with skills = {3,-1} and cost = 225.0
   Vehicle #0 = 12, leaving at = 751.0
   Vehicle #1 = -1, leaving at = inf
   Increment on distance indicator: 8.0
   Increment on tard indicator:     0.0
   Value of tmax indicator:         8.0

Task for patient = 44 with skills = {1,-1} and cost = 222.3
   Vehicle #0 = 1, leaving at = 953.0
   Vehicle #1 = -1, leaving at = inf
   Increment on distance indicator: 3.0
   Increment on tard indicator:     0.0
   Value of tmax indicator:         3.0

Task for patient = 64 with skills = {3,-1} and cost = 221.3
   Vehicle #0 = 9, leaving at = 964.0
   Vehicle #1 = -1, leaving at = inf
   Increment on distance indicator: 4.0
   Increment on tard indicator:     0.0
   Value of tmax indicator:         4.0

Task for patient = 53 with skills = {0,3} and cost = 284.7
   Vehicle #0 = 4, leaving at = 1092.0
   Vehicle #1 = 7, leaving at = 1092.0
   Increment on distance indicator: 6.0
   Increment on tard indicator:     0.0
   Value of tmax indicator:         6.0

Task for patient = 51 with skills = {1,-1} and cost = 216.7
   Vehicle #0 = 0, leaving at = 932.0
   Vehicle #1 = -1, leaving at = inf
   Increment on distance indicator: 5.0
   Increment on tard indicator:     0.0
   Value of tmax indicator:         5.0

Task for patient = 35 with skills = {1,4} and cost = 215.0
   Vehicle #0 = 0, leaving at = 879.0
   Vehicle #1 = 14, leaving at = 892.0
   Increment on distance indicator: 13.0
   Increment on tard indicator:     0.0
   Value of tmax indicator:         13.0

Task for patient = 71 with skills = {2,3} and cost = 210.7
   Vehicle #0 = 6, leaving at = 867.0
   Vehicle #1 = 9, leaving at = 850.0
   Increment on distance indicator: 17.0
   Increment on tard indicator:     0.0
   Value of tmax indicator:         17.0

Task for patient = 74 with skills = {2,-1} and cost = 205.0
   Vehicle #0 = 3, leaving at = 867.0
   Vehicle #1 = -1, leaving at = inf
   Increment on distance indicator: 2.0
   Increment on tard indicator:     0.0
   Value of tmax indicator:         2.0

Task for patient = 34 with skills = {1,-1} and cost = 204.3
   Vehicle #0 = 3, leaving at = 818.0
   Vehicle #1 = -1, leaving at = inf
   Increment on distance indicator: 1.0
   Increment on tard indicator:     0.0
   Value of tmax indicator:         1.0

Task for patient = 56 with skills = {4,-1} and cost = 204.0
   Vehicle #0 = 7, leaving at = 881.0
   Vehicle #1 = -1, leaving at = inf
   Increment on distance indicator: 2.0
   Increment on tard indicator:     0.0
   Value of tmax indicator:         2.0

Task for patient = 28 with skills = {1,-1} and cost = 203.3
   Vehicle #0 = 0, leaving at = 752.0
   Vehicle #1 = -1, leaving at = inf
   Increment on distance indicator: 2.0
   Increment on tard indicator:     0.0
   Value of tmax indicator:         2.0

Task for patient = 47 with skills = {0,-1} and cost = 202.7
   Vehicle #0 = 4, leaving at = 791.0
   Vehicle #1 = -1, leaving at = inf
   Increment on distance indicator: 15.0
   Increment on tard indicator:     0.0
   Value of tmax indicator:         15.0

Task for patient = 32 with skills = {1,3} and cost = 220.0
   Vehicle #0 = 1, leaving at = 910.0
   Vehicle #1 = 9, leaving at = 885.0
   Increment on distance indicator: 10.0
   Increment on tard indicator:     0.0
   Value of tmax indicator:         10.0

Task for patient = 20 with skills = {1,3} and cost = 282.7
   Vehicle #0 = 0, leaving at = 1017.0
   Vehicle #1 = 12, leaving at = 1014.0
   Increment on distance indicator: 22.0
   Increment on tard indicator:     0.0
   Value of tmax indicator:         22.0

Task for patient = 72 with skills = {1,3} and cost = 275.3
   Vehicle #0 = 0, leaving at = 969.0
   Vehicle #1 = 10, leaving at = 1000.0
   Increment on distance indicator: 11.0
   Increment on tard indicator:     0.0
   Value of tmax indicator:         11.0

Task for patient = 2 with skills = {4,-1} and cost = 271.7
   Vehicle #0 = 14, leaving at = 1049.0
   Vehicle #1 = -1, leaving at = inf
   Increment on distance indicator: 5.0
   Increment on tard indicator:     0.0
   Value of tmax indicator:         5.0

Task for patient = 1 with skills = {0,4} and cost = 270.0
   Vehicle #0 = 4, leaving at = 1032.0
   Vehicle #1 = 14, leaving at = 1027.0
   Increment on distance indicator: 11.0
   Increment on tard indicator:     0.0
   Value of tmax indicator:         11.0

Task for patient = 6 with skills = {1,3} and cost = 266.3
   Vehicle #0 = 3, leaving at = 1034.0
   Vehicle #1 = 9, leaving at = 1044.0
   Increment on distance indicator: 6.0
   Increment on tard indicator:     0.0
   Value of tmax indicator:         6.0

Task for patient = 33 with skills = {4,-1} and cost = 264.3
   Vehicle #0 = 11, leaving at = 973.0
   Vehicle #1 = -1, leaving at = inf
   Increment on distance indicator: 5.0
   Increment on tard indicator:     0.0
   Value of tmax indicator:         5.0

Task for patient = 19 with skills = {2,5} and cost = 262.7
   Vehicle #0 = 6, leaving at = 962.0
   Vehicle #1 = 8, leaving at = 966.0
   Increment on distance indicator: 21.0
   Increment on tard indicator:     0.0
   Value of tmax indicator:         21.0

Task for patient = 40 with skills = {4,-1} and cost = 255.7
   Vehicle #0 = 11, leaving at = 926.0
   Vehicle #1 = -1, leaving at = inf
   Increment on distance indicator: 3.0
   Increment on tard indicator:     0.0
   Value of tmax indicator:         3.0

Task for patient = 70 with skills = {0,3} and cost = 240.3
   Vehicle #0 = 5, leaving at = 852.0
   Vehicle #1 = 11, leaving at = 869.0
   Increment on distance indicator: 9.0
   Increment on tard indicator:     0.0
   Value of tmax indicator:         9.0

Task for patient = 58 with skills = {4,-1} and cost = 254.0
   Vehicle #0 = 14, leaving at = 954.0
   Vehicle #1 = -1, leaving at = inf
   Increment on distance indicator: 5.0
   Increment on tard indicator:     0.0
   Value of tmax indicator:         5.0

Task for patient = 46 with skills = {5,-1} and cost = 252.3
   Vehicle #0 = 12, leaving at = 899.0
   Vehicle #1 = -1, leaving at = inf
   Increment on distance indicator: 3.0
   Increment on tard indicator:     0.0
   Value of tmax indicator:         3.0

Task for patient = 42 with skills = {1,4} and cost = 251.3
   Vehicle #0 = 1, leaving at = 1001.0
   Vehicle #1 = 7, leaving at = 1053.0
   Increment on distance indicator: 8.0
   Increment on tard indicator:     0.0
   Value of tmax indicator:         8.0

Task for patient = 8 with skills = {2,-1} and cost = 248.7
   Vehicle #0 = 3, leaving at = 994.0
   Vehicle #1 = -1, leaving at = inf
   Increment on distance indicator: 6.0
   Increment on tard indicator:     0.0
   Value of tmax indicator:         6.0

Task for patient = 37 with skills = {2,-1} and cost = 246.7
   Vehicle #0 = 3, leaving at = 956.0
   Vehicle #1 = -1, leaving at = inf
   Increment on distance indicator: 5.0
   Increment on tard indicator:     0.0
   Value of tmax indicator:         5.0

Task for patient = 54 with skills = {4,-1} and cost = 245.0
   Vehicle #0 = 7, leaving at = 996.0
   Vehicle #1 = -1, leaving at = inf
   Increment on distance indicator: 2.0
   Increment on tard indicator:     0.0
   Value of tmax indicator:         2.0

Task for patient = 30 with skills = {0,5} and cost = 244.3
   Vehicle #0 = 4, leaving at = 923.0
   Vehicle #1 = 8, leaving at = 931.0
   Increment on distance indicator: 6.0
   Increment on tard indicator:     0.0
   Value of tmax indicator:         6.0

Task for patient = 13 with skills = {1,-1} and cost = 242.3
   Vehicle #0 = 3, leaving at = 914.0
   Vehicle #1 = -1, leaving at = inf
   Increment on distance indicator: 2.0
   Increment on tard indicator:     0.0
   Value of tmax indicator:         2.0

Task for patient = 38 with skills = {2,3} and cost = 241.7
   Vehicle #0 = 3, leaving at = 895.0
   Vehicle #1 = 7, leaving at = 913.0
   Increment on distance indicator: 4.0
   Increment on tard indicator:     0.0
   Value of tmax indicator:         4.0

Task for patient = 26 with skills = {0,-1} and cost = 254.7
   Vehicle #0 = 4, leaving at = 964.0
   Vehicle #1 = -1, leaving at = inf
   Increment on distance indicator: 2.0
   Increment on tard indicator:     0.0
   Value of tmax indicator:         2.0

Task for patient = 61 with skills = {0,3} and cost = 109.3
   Vehicle #0 = 4, leaving at = 633.0
   Vehicle #1 = 9, leaving at = 639.0
   Increment on distance indicator: 33.0
   Increment on tard indicator:     0.0
   Value of tmax indicator:         33.0

Task for patient = 65 with skills = {1,5} and cost = 98.3
   Vehicle #0 = 0, leaving at = 691.0
   Vehicle #1 = 8, leaving at = 733.0
   Increment on distance indicator: 8.0
   Increment on tard indicator:     0.0
   Value of tmax indicator:         8.0

Task for patient = 15 with skills = {3,-1} and cost = 95.7
   Vehicle #0 = 9, leaving at = 604.0
   Vehicle #1 = -1, leaving at = inf
   Increment on distance indicator: 32.0
   Increment on tard indicator:     0.0
   Value of tmax indicator:         32.0

Task for patient = 68 with skills = {1,-1} and cost = 85.0
   Vehicle #0 = 3, leaving at = 762.0
   Vehicle #1 = -1, leaving at = inf
   Increment on distance indicator: 2.0
   Increment on tard indicator:     0.0
   Value of tmax indicator:         2.0

Task for patient = 9 with skills = {2,-1} and cost = 84.3
   Vehicle #0 = 3, leaving at = 709.0
   Vehicle #1 = -1, leaving at = inf
   Increment on distance indicator: 24.0
   Increment on tard indicator:     0.0
   Value of tmax indicator:         24.0

Task for patient = 60 with skills = {4,-1} and cost = 76.3
   Vehicle #0 = 11, leaving at = 619.0
   Vehicle #1 = -1, leaving at = inf
   Increment on distance indicator: 5.0
   Increment on tard indicator:     0.0
   Value of tmax indicator:         5.0

Task for patient = 25 with skills = {2,4} and cost = 74.7
   Vehicle #0 = 2, leaving at = 792.0
   Vehicle #1 = 13, leaving at = 803.0
   Increment on distance indicator: 10.0
   Increment on tard indicator:     0.0
   Value of tmax indicator:         10.0

Task for patient = 63 with skills = {1,-1} and cost = 71.3
   Vehicle #0 = 0, leaving at = 661.0
   Vehicle #1 = -1, leaving at = inf
   Increment on distance indicator: 3.0
   Increment on tard indicator:     0.0
   Value of tmax indicator:         3.0

Task for patient = 3 with skills = {0,4} and cost = 197.7
   Vehicle #0 = 2, leaving at = 917.0
   Vehicle #1 = 13, leaving at = 908.0
   Increment on distance indicator: 44.0
   Increment on tard indicator:     0.0
   Value of tmax indicator:         44.0

Task for patient = 21 with skills = {4,-1} and cost = 69.3
   Vehicle #0 = 13, leaving at = 765.0
   Vehicle #1 = -1, leaving at = inf
   Increment on distance indicator: 5.0
   Increment on tard indicator:     0.0
   Value of tmax indicator:         5.0

Task for patient = 14 with skills = {2,4} and cost = 67.7
   Vehicle #0 = 2, leaving at = 734.0
   Vehicle #1 = 13, leaving at = 716.0
   Increment on distance indicator: 22.0
   Increment on tard indicator:     0.0
   Value of tmax indicator:         22.0

Task for patient = 59 with skills = {4,-1} and cost = 60.3
   Vehicle #0 = 13, leaving at = 636.0
   Vehicle #1 = -1, leaving at = inf
   Increment on distance indicator: 2.0
   Increment on tard indicator:     0.0
   Value of tmax indicator:         2.0

Task for patient = 36 with skills = {4,-1} and cost = 59.7
   Vehicle #0 = 7, leaving at = 771.0
   Vehicle #1 = -1, leaving at = inf
   Increment on distance indicator: 4.0
   Increment on tard indicator:     0.0
   Value of tmax indicator:         4.0

Task for patient = 4 with skills = {1,4} and cost = 58.3
   Vehicle #0 = 0, leaving at = 529.0
   Vehicle #1 = 13, leaving at = 564.0
   Increment on distance indicator: 48.0
   Increment on tard indicator:     0.0
   Value of tmax indicator:         48.0

Task for patient = 67 with skills = {5,-1} and cost = 42.3
   Vehicle #0 = 11, leaving at = 574.0
   Vehicle #1 = -1, leaving at = inf
   Increment on distance indicator: 24.0
   Increment on tard indicator:     0.0
   Value of tmax indicator:         24.0

Task for patient = 39 with skills = {5,-1} and cost = 34.3
   Vehicle #0 = 8, leaving at = 679.0
   Vehicle #1 = -1, leaving at = inf
   Increment on distance indicator: 29.0
   Increment on tard indicator:     0.0
   Value of tmax indicator:         29.0

Task for patient = 73 with skills = {4,-1} and cost = 24.7
   Vehicle #0 = 7, leaving at = 747.0
   Vehicle #1 = -1, leaving at = inf
   Increment on distance indicator: 20.0
   Increment on tard indicator:     0.0
   Value of tmax indicator:         20.0

Task for patient = 31 with skills = {0,4} and cost = 18.0
   Vehicle #0 = 2, leaving at = 656.0
   Vehicle #1 = 7, leaving at = 646.0
   Increment on distance indicator: 54.0
   Increment on tard indicator:     0.0
   Value of tmax indicator:         54.0

Task for patient = 48 with skills = {4,-1} and cost = 70.3
   Vehicle #0 = 7, leaving at = 818.0
   Vehicle #1 = -1, leaving at = inf
   Increment on distance indicator: 3.0
   Increment on tard indicator:     0.0
   Value of tmax indicator:         3.0

Task for patient = 66 with skills = {4,-1} and cost = 183.0
   Vehicle #0 = 14, leaving at = 825.0
   Vehicle #1 = -1, leaving at = inf
   Increment on distance indicator: 2.0
   Increment on tard indicator:     0.0
   Value of tmax indicator:         2.0

Task for patient = 50 with skills = {2,-1} and cost = 182.3
   Vehicle #0 = 6, leaving at = 801.0
   Vehicle #1 = -1, leaving at = inf
   Increment on distance indicator: 4.0
   Increment on tard indicator:     0.0
   Value of tmax indicator:         4.0

Task for patient = 52 with skills = {5,-1} and cost = 181.0
   Vehicle #0 = 13, leaving at = 842.0
   Vehicle #1 = -1, leaving at = inf
   Increment on distance indicator: 1.0
   Increment on tard indicator:     0.0
   Value of tmax indicator:         1.0

Task for patient = 69 with skills = {4,-1} and cost = 180.7
   Vehicle #0 = 7, leaving at = 841.0
   Vehicle #1 = -1, leaving at = inf
   Increment on distance indicator: 2.0
   Increment on tard indicator:     0.0
   Value of tmax indicator:         2.0

Task for patient = 45 with skills = {2,4} and cost = 180.0
   Vehicle #0 = 6, leaving at = 757.0
   Vehicle #1 = 14, leaving at = 785.0
   Increment on distance indicator: 4.0
   Increment on tard indicator:     0.0
   Value of tmax indicator:         4.0

Task for patient = 24 with skills = {2,-1} and cost = 178.7
   Vehicle #0 = 6, leaving at = 674.0
   Vehicle #1 = -1, leaving at = inf
   Increment on distance indicator: 3.0
   Increment on tard indicator:     0.0
   Value of tmax indicator:         3.0

Task for patient = 27 with skills = {2,4} and cost = 177.7
   Vehicle #0 = 6, leaving at = 645.0
   Vehicle #1 = 14, leaving at = 648.0
   Increment on distance indicator: 35.0
   Increment on tard indicator:     0.0
   Value of tmax indicator:         35.0

Task for patient = 10 with skills = {1,-1} and cost = 166.0
   Vehicle #0 = 0, leaving at = 714.0
   Vehicle #1 = -1, leaving at = inf
   Increment on distance indicator: 5.0
   Increment on tard indicator:     0.0
   Value of tmax indicator:         5.0

Task for patient = 12 with skills = {1,-1} and cost = 117.0
   Vehicle #0 = 1, leaving at = 599.0
   Vehicle #1 = -1, leaving at = inf
   Increment on distance indicator: 23.0
   Increment on tard indicator:     0.0
   Value of tmax indicator:         23.0

Task for patient = 57 with skills = {1,-1} and cost = 163.0
   Vehicle #0 = 5, leaving at = 586.0
   Vehicle #1 = -1, leaving at = inf
   Increment on distance indicator: 25.0
   Increment on tard indicator:     0.0
   Value of tmax indicator:         25.0

Task for patient = 55 with skills = {0,-1} and cost = 154.7
   Vehicle #0 = 4, leaving at = 725.0
   Vehicle #1 = -1, leaving at = inf
   Increment on distance indicator: 2.0
   Increment on tard indicator:     0.0
   Value of tmax indicator:         2.0

Task for patient = 43 with skills = {3,-1} and cost = 154.0
   Vehicle #0 = 12, leaving at = 531.0
   Vehicle #1 = -1, leaving at = inf
   Increment on distance indicator: 27.0
   Increment on tard indicator:     0.0
   Value of tmax indicator:         27.0

Task for patient = 75 with skills = {4,-1} and cost = 145.0
   Vehicle #0 = 14, leaving at = 617.0
   Vehicle #1 = -1, leaving at = inf
   Increment on distance indicator: 32.0
   Increment on tard indicator:     0.0
   Value of tmax indicator:         32.0

Task for patient = 22 with skills = {3,-1} and cost = 134.3
   Vehicle #0 = 10, leaving at = 594.0
   Vehicle #1 = -1, leaving at = inf
   Increment on distance indicator: 4.0
   Increment on tard indicator:     0.0
   Value of tmax indicator:         4.0

Task for patient = 29 with skills = {3,-1} and cost = 133.0
   Vehicle #0 = 10, leaving at = 572.0
   Vehicle #1 = -1, leaving at = inf
   Increment on distance indicator: 25.0
   Increment on tard indicator:     0.0
   Value of tmax indicator:         25.0

Task for patient = 11 with skills = {3,-1} and cost = 124.7
   Vehicle #0 = 9, leaving at = 743.0
   Vehicle #1 = -1, leaving at = inf
   Increment on distance indicator: 14.0
   Increment on tard indicator:     0.0
   Value of tmax indicator:         14.0

Task for patient = 17 with skills = {3,-1} and cost = 120.0
   Vehicle #0 = 9, leaving at = 686.0
   Vehicle #1 = -1, leaving at = inf
   Increment on distance indicator: 6.0
   Increment on tard indicator:     0.0
   Value of tmax indicator:         6.0

Task for patient = 49 with skills = {0,-1} and cost = 118.0
   Vehicle #0 = 4, leaving at = 685.0
   Vehicle #1 = -1, leaving at = inf
   Increment on distance indicator: 3.0
   Increment on tard indicator:     0.0
   Value of tmax indicator:         3.0

Task for patient = 41 with skills = {3,-1} and cost = 164.3
   Vehicle #0 = 12, leaving at = 667.0
   Vehicle #1 = -1, leaving at = inf
   Increment on distance indicator: 4.0
   Increment on tard indicator:     0.0
   Value of tmax indicator:         4.0


Unused vehicle list: (total = 0 out of 15)

---
Search finished.
Total of 1900 generations in 74.3 seconds.
Exchange elite runs: 23
Implicit path relinking runs: 10
Reset attempts: 1

Best solution found:
   Cost: 398.0
   Total travel time: 1194.0
   Total tardiness time: 0.0
   Largest tardiness: 0.0


398.0
