This host is: panku
--- BRKGA-MP-IPR for HHCRSP ---
Instance: new-dataset/instances-50/HHCRSP_50_10_32_1.2_R_C.txt
Seed: 14

Reading data... Problem contains 50 patients  and 10 caregivers.

Summary of supply x demand for each service type:
Skill 0 has supply = 5 and demand = 13, ratio = 0.384615
Skill 1 has supply = 1 and demand = 10, ratio = 0.1
Skill 2 has supply = 3 and demand = 14, ratio = 0.214286
Skill 3 has supply = 3 and demand = 13, ratio = 0.230769
Skill 4 has supply = 5 and demand = 8, ratio = 0.625
Skill 5 has supply = 4 and demand = 8, ratio = 0.5

Reading parameters...
Inferred distance function by PR type: kendall-tau
Building BRKGA data and initializing...
Evolving 1900 generations...

  Gens  Rem    Local   ElDiv NoImpr             Best solution            Time  Op
                                       Cost     Dist    Tard    TMax 
*    0 1900  2394.33  201.79      0  2394.33  1126.00  5520.0   537.0     0.0    
*    2 1898  1950.67  208.78      0  1950.67  1152.00  3475.0   275.0     0.1    
*    3 1897  1634.00  186.37      0  1634.00  1295.00  3059.0   374.0     0.1    
*    4 1896  1576.00  194.63      0  1576.00  1376.00  2100.0   331.0     0.2    
*    5 1895  1269.00  182.85      0  1269.00  1376.00  2100.0   331.0     0.2    
*    8 1892  1184.33  115.50      0  1184.33  1235.00  1810.0   244.0     0.3    
*    9 1891  1096.33  106.42      0  1096.33  1203.00  1540.0   212.0     0.4    
*   10 1890   985.00   92.37      0   985.00  1203.00  1540.0   212.0     0.4    
*   12 1888   824.33   73.43      0   824.33  1219.00  1135.0   119.0     0.5    
*   14 1886   804.33   67.12      0   804.33  1260.00   819.0   218.0     0.5    
*   15 1885   765.67   61.54      0   765.67  1196.00   815.0   203.0     0.6    
*   16 1884   738.00   60.27      0   738.00  1109.00   837.0   177.0     0.6    
*   17 1883   707.67   57.30      0   707.67  1109.00   837.0   177.0     0.6    
*   20 1880   669.00   50.19      0   669.00  1101.00   723.0   177.0     0.7    
*   21 1879   667.00   48.05      0   667.00  1131.00   619.0   123.0     0.8    

  Gens  Rem    Local   ElDiv NoImpr             Best solution            Time  Op
                                       Cost     Dist    Tard    TMax 
*   22 1878   624.33   43.29      0   624.33  1131.00   619.0   123.0     0.8    
*   24 1876   596.33   38.31      0   596.33  1134.00   548.0   107.0     0.9    
*   28 1872   579.67   30.01      0   579.67  1052.00   533.0    96.0     1.0    
*   29 1871   560.33   29.59      0   560.33  1052.00   533.0    96.0     1.0    
*   32 1868   548.33   28.47      0   548.33  1116.00   432.0    97.0     1.1    
*   34 1866   505.67   33.17      0   505.67  1031.00   389.0    97.0     1.2    
*   47 1853   505.00   21.83      0   505.00  1007.00   411.0    97.0     1.6    
*   50 1850   501.67   19.84      0   501.67  1008.00   400.0    97.0     1.7    
*   52 1848   497.00   18.60      0   497.00   968.00   426.0    97.0     1.8    
*   55 1845   495.67   17.92      0   495.67   962.00   414.0    97.0     1.9    
*   56 1844   491.00   17.91      0   491.00   962.00   414.0    97.0     1.9    
*   59 1841   488.00   17.39      0   488.00   967.00   400.0    97.0     2.0    
*   61 1839   486.67   17.02      0   486.67   965.00   398.0    97.0     2.1    
*   64 1836   484.67   17.06      0   484.67   968.00   389.0    97.0     2.2    
*   66 1834   482.33   17.48      0   482.33   952.00   398.0    97.0     2.2    
*   73 1827   482.00   17.26      0   482.00   956.00   388.0    97.0     2.4    

  Gens  Rem    Local   ElDiv NoImpr             Best solution            Time  Op
                                       Cost     Dist    Tard    TMax 
*   74 1826   480.33   16.95      0   480.33   956.00   388.0    97.0     2.5    
    80 1820   480.33    1.41      7   480.33   956.00   388.0    97.0     2.7   X
*   94 1806   479.67    1.40      0   479.67   944.00   398.0    97.0     3.1    
   100 1800   479.67    1.36      6   479.67   944.00   398.0    97.0     3.3    
*  119 1781   479.00    1.28      0   479.00   946.00   394.0    97.0     3.9    
*  144 1756   478.67    0.34      0   478.67   945.00   394.0    97.0     4.7    
   150 1750   478.67    0.47      6   478.67   945.00   394.0    97.0     4.9    
   160 1740   478.67    0.47     17   478.67   945.00   394.0    97.0     5.2   X
Path relinking result: no improvement.
   180 1720   478.67    0.00     37   478.67   945.00   394.0    97.0     5.8   P
   200 1700   478.67    0.00     56   478.67   945.00   394.0    97.0     6.5    
   240 1660   478.67    0.00     97   478.67   945.00   394.0    97.0     7.7   X
   250 1650   478.67    0.00    106   478.67   945.00   394.0    97.0     8.0    
   300 1600   478.67    0.00    156   478.67   945.00   394.0    97.0     9.6    
   320 1580   478.67    0.00    177   478.67   945.00   394.0    97.0    10.3   X
   350 1550   478.67    0.00    206   478.67   945.00   394.0    97.0    11.2    
Path relinking result: no improvement.
   360 1540   478.67    0.00    217   478.67   945.00   394.0    97.0    11.5   P

  Gens  Rem    Local   ElDiv NoImpr             Best solution            Time  Op
                                       Cost     Dist    Tard    TMax 
   400 1500   478.67    0.00    256   478.67   945.00   394.0    97.0    12.8    
   400 1500   478.67    0.00    257   478.67   945.00   394.0    97.0    12.8   X
   450 1450   478.67    0.00    306   478.67   945.00   394.0    97.0    14.4    
   480 1420   478.67    0.00    337   478.67   945.00   394.0    97.0    15.3   X
   500 1400   478.67    0.00    356   478.67   945.00   394.0    97.0    16.0    
Path relinking result: no improvement.
   540 1360   478.67    0.00    397   478.67   945.00   394.0    97.0    17.3   P
   550 1350   478.67    0.00    406   478.67   945.00   394.0    97.0    17.6    
   560 1340   478.67    0.00    417   478.67   945.00   394.0    97.0    18.0   X
   600 1300   478.67    0.00    456   478.67   945.00   394.0    97.0    19.2    
   640 1260   478.67    0.00    497   478.67   945.00   394.0    97.0    20.5   X
   650 1250   478.67    0.00    506   478.67   945.00   394.0    97.0    20.8    
   700 1200   478.67    0.00    556   478.67   945.00   394.0    97.0    22.4    
Path relinking result: no improvement.
   720 1180   478.67    0.00    577   478.67   945.00   394.0    97.0    23.0  PX
   750 1150   478.67    0.00    606   478.67   945.00   394.0    97.0    24.0    
   800 1100   478.67    0.00    656   478.67   945.00   394.0    97.0    25.5    
   800 1100   478.67    0.00    657   478.67   945.00   394.0    97.0    25.5   X

  Gens  Rem    Local   ElDiv NoImpr             Best solution            Time  Op
                                       Cost     Dist    Tard    TMax 
   843 1057      inf  259.76      0   478.67   945.00   394.0    97.0    26.9   R
   844 1056  2000.00  233.68      0   478.67   945.00   394.0    97.0    26.9    
   850 1050  1399.33  154.44      0   478.67   945.00   394.0    97.0    27.1    
   880 1020   538.67   11.96      1   478.67   945.00   394.0    97.0    28.1   X
   900 1000   491.33    7.34      1   478.67   945.00   394.0    97.0    28.8    
Path relinking result: elite improvement.
   900 1000   491.33    7.32      2   478.67   945.00   394.0    97.0    28.8   P
   950  950   482.33    0.49     31   478.67   945.00   394.0    97.0    30.4    
   960  940   482.33    0.00     42   478.67   945.00   394.0    97.0    30.7   X
  1000  900   482.33    0.00     81   478.67   945.00   394.0    97.0    31.9    
  1040  860   482.33    0.00    122   478.67   945.00   394.0    97.0    33.2   X
  1050  850   482.33    0.00    131   478.67   945.00   394.0    97.0    33.5    
Path relinking result: no improvement.
  1080  820   482.33    0.00    162   478.67   945.00   394.0    97.0    34.5   P
  1100  800   482.33    0.00    181   478.67   945.00   394.0    97.0    35.1    
  1120  780   482.33    0.00    202   478.67   945.00   394.0    97.0    35.8   X
  1150  750   482.33    0.00    231   478.67   945.00   394.0    97.0    36.8    
  1200  700   482.33    0.00    281   478.67   945.00   394.0    97.0    38.4    

  Gens  Rem    Local   ElDiv NoImpr             Best solution            Time  Op
                                       Cost     Dist    Tard    TMax 
  1200  700   482.33    0.00    282   478.67   945.00   394.0    97.0    38.4   X
  1250  650   482.33    0.00    331   478.67   945.00   394.0    97.0    40.0    
Path relinking result: no improvement.
  1260  640   482.33    0.00    342   478.67   945.00   394.0    97.0    40.4   P
  1280  620   481.67    0.07     10   478.67   945.00   394.0    97.0    41.0   X
  1300  600   481.67    0.09     29   478.67   945.00   394.0    97.0    41.6    
  1350  550   481.67    0.23     79   478.67   945.00   394.0    97.0    43.2    
  1360  540   481.67    0.00     90   478.67   945.00   394.0    97.0    43.5   X
  1400  500   481.67    0.00    129   478.67   945.00   394.0    97.0    44.8    
Path relinking result: no improvement.
  1440  460   481.67    0.00    170   478.67   945.00   394.0    97.0    46.1  PX
  1450  450   481.67    0.00    179   478.67   945.00   394.0    97.0    46.4    
  1500  400   480.33    0.20     12   478.67   945.00   394.0    97.0    48.0    
  1520  380   480.33    0.47     33   478.67   945.00   394.0    97.0    48.6   X
  1550  350   479.00    0.63     19   478.67   945.00   394.0    97.0    49.6    
  1600  300   479.00    0.63     69   478.67   945.00   394.0    97.0    51.2    
  1600  300   479.00    0.00     70   478.67   945.00   394.0    97.0    51.2   X
Path relinking result: no improvement.
  1620  280   479.00    0.00     90   478.67   945.00   394.0    97.0    51.9   P

  Gens  Rem    Local   ElDiv NoImpr             Best solution            Time  Op
                                       Cost     Dist    Tard    TMax 
  1650  250   479.00    0.00    119   478.67   945.00   394.0    97.0    52.8    
  1680  220   479.00    0.00    150   478.67   945.00   394.0    97.0    53.8   X
  1700  200   479.00    0.00    169   478.67   945.00   394.0    97.0    54.4    
  1750  150   479.00    0.00    219   478.67   945.00   394.0    97.0    56.0    
  1760  140   479.00    0.00    230   478.67   945.00   394.0    97.0    56.3   X
  1800  100   479.00    0.00    269   478.67   945.00   394.0    97.0    57.6    
Path relinking result: no improvement.
  1800  100   479.00    0.00    270   478.67   945.00   394.0    97.0    57.6   P
  1840   60   479.00    0.00    310   478.67   945.00   394.0    97.0    58.8   X
  1850   50   479.00    0.00    319   478.67   945.00   394.0    97.0    59.2    
  1900    0   479.00    0.00    369   478.67   945.00   394.0    97.0    60.8    
Evolutionary process finished.
Solution written to 'solution-27262.txt'.

Sorted sequence of worst to best tardiness value:
Task for patient = 34 with skills = {1,3} and cost = 264.7
   Vehicle #0 = 0, leaving at = 1031.0
   Vehicle #1 = 5, leaving at = 1028.0
   Increment on distance indicator: 56.0
   Increment on tard indicator:     146.0
   Value of tmax indicator:         56.0

Task for patient = 20 with skills = {1,-1} and cost = 358.3
   Vehicle #0 = 0, leaving at = 1134.0
   Vehicle #1 = -1, leaving at = inf
   Increment on distance indicator: 14.0
   Increment on tard indicator:     96.0
   Value of tmax indicator:         14.0

Task for patient = 37 with skills = {1,-1} and cost = 391.7
   Vehicle #0 = 0, leaving at = 1175.0
   Vehicle #1 = -1, leaving at = inf
   Increment on distance indicator: 6.0
   Increment on tard indicator:     89.0
   Value of tmax indicator:         6.0

Task for patient = 33 with skills = {1,3} and cost = 177.0
   Vehicle #0 = 0, leaving at = 925.0
   Vehicle #1 = 7, leaving at = 939.0
   Increment on distance indicator: 19.0
   Increment on tard indicator:     34.0
   Value of tmax indicator:         19.0

Task for patient = 43 with skills = {1,4} and cost = 158.0
   Vehicle #0 = 0, leaving at = 874.0
   Vehicle #1 = 6, leaving at = 905.0
   Increment on distance indicator: 26.0
   Increment on tard indicator:     26.0
   Value of tmax indicator:         26.0

Task for patient = 47 with skills = {3,-1} and cost = 132.7
   Vehicle #0 = 5, leaving at = 869.0
   Vehicle #1 = -1, leaving at = inf
   Increment on distance indicator: 26.0
   Increment on tard indicator:     2.0
   Value of tmax indicator:         26.0

Task for patient = 6 with skills = {2,-1} and cost = 178.7
   Vehicle #0 = 3, leaving at = 814.0
   Vehicle #1 = -1, leaving at = inf
   Increment on distance indicator: 5.0
   Increment on tard indicator:     0.0
   Value of tmax indicator:         5.0

Task for patient = 11 with skills = {4,-1} and cost = 266.7
   Vehicle #0 = 9, leaving at = 729.0
   Vehicle #1 = -1, leaving at = inf
   Increment on distance indicator: 6.0
   Increment on tard indicator:     0.0
   Value of tmax indicator:         6.0

Task for patient = 17 with skills = {0,-1} and cost = 277.0
   Vehicle #0 = 2, leaving at = 689.0
   Vehicle #1 = -1, leaving at = inf
   Increment on distance indicator: 31.0
   Increment on tard indicator:     0.0
   Value of tmax indicator:         31.0

Task for patient = 40 with skills = {2,-1} and cost = 284.3
   Vehicle #0 = 1, leaving at = 904.0
   Vehicle #1 = -1, leaving at = inf
   Increment on distance indicator: 22.0
   Increment on tard indicator:     0.0
   Value of tmax indicator:         22.0

Task for patient = 36 with skills = {2,5} and cost = 293.0
   Vehicle #0 = 3, leaving at = 866.0
   Vehicle #1 = 9, leaving at = 876.0
   Increment on distance indicator: 26.0
   Increment on tard indicator:     0.0
   Value of tmax indicator:         26.0

Task for patient = 21 with skills = {2,-1} and cost = 294.0
   Vehicle #0 = 3, leaving at = 905.0
   Vehicle #1 = -1, leaving at = inf
   Increment on distance indicator: 3.0
   Increment on tard indicator:     0.0
   Value of tmax indicator:         3.0

Task for patient = 49 with skills = {0,-1} and cost = 295.0
   Vehicle #0 = 4, leaving at = 896.0
   Vehicle #1 = -1, leaving at = inf
   Increment on distance indicator: 3.0
   Increment on tard indicator:     0.0
   Value of tmax indicator:         3.0

Task for patient = 32 with skills = {5,-1} and cost = 296.0
   Vehicle #0 = 9, leaving at = 932.0
   Vehicle #1 = -1, leaving at = inf
   Increment on distance indicator: 3.0
   Increment on tard indicator:     0.0
   Value of tmax indicator:         3.0

Task for patient = 14 with skills = {2,5} and cost = 299.0
   Vehicle #0 = 3, leaving at = 970.0
   Vehicle #1 = 9, leaving at = 970.0
   Increment on distance indicator: 9.0
   Increment on tard indicator:     0.0
   Value of tmax indicator:         9.0

Task for patient = 13 with skills = {0,-1} and cost = 310.7
   Vehicle #0 = 2, leaving at = 845.0
   Vehicle #1 = -1, leaving at = inf
   Increment on distance indicator: 13.0
   Increment on tard indicator:     0.0
   Value of tmax indicator:         13.0

Task for patient = 8 with skills = {0,4} and cost = 314.0
   Vehicle #0 = 4, leaving at = 976.0
   Vehicle #1 = 7, leaving at = 985.0
   Increment on distance indicator: 10.0
   Increment on tard indicator:     0.0
   Value of tmax indicator:         10.0

Task for patient = 5 with skills = {4,-1} and cost = 358.7
   Vehicle #0 = 9, leaving at = 994.0
   Vehicle #1 = -1, leaving at = inf
   Increment on distance indicator: 1.0
   Increment on tard indicator:     0.0
   Value of tmax indicator:         1.0

Task for patient = 28 with skills = {2,5} and cost = 360.0
   Vehicle #0 = 3, leaving at = 992.0
   Vehicle #1 = 9, leaving at = 1017.0
   Increment on distance indicator: 4.0
   Increment on tard indicator:     0.0
   Value of tmax indicator:         4.0

Task for patient = 15 with skills = {2,5} and cost = 394.0
   Vehicle #0 = 1, leaving at = 927.0
   Vehicle #1 = 6, leaving at = 955.0
   Increment on distance indicator: 7.0
   Increment on tard indicator:     0.0
   Value of tmax indicator:         7.0

Task for patient = 35 with skills = {0,-1} and cost = 395.7
   Vehicle #0 = 3, leaving at = 1025.0
   Vehicle #1 = -1, leaving at = inf
   Increment on distance indicator: 5.0
   Increment on tard indicator:     0.0
   Value of tmax indicator:         5.0

Task for patient = 2 with skills = {0,-1} and cost = 398.0
   Vehicle #0 = 2, leaving at = 899.0
   Vehicle #1 = -1, leaving at = inf
   Increment on distance indicator: 7.0
   Increment on tard indicator:     0.0
   Value of tmax indicator:         7.0

Task for patient = 25 with skills = {3,-1} and cost = 406.0
   Vehicle #0 = 5, leaving at = 1107.0
   Vehicle #1 = -1, leaving at = inf
   Increment on distance indicator: 24.0
   Increment on tard indicator:     0.0
   Value of tmax indicator:         24.0

Task for patient = 22 with skills = {0,-1} and cost = 406.7
   Vehicle #0 = 2, leaving at = 953.0
   Vehicle #1 = -1, leaving at = inf
   Increment on distance indicator: 2.0
   Increment on tard indicator:     0.0
   Value of tmax indicator:         2.0

Task for patient = 4 with skills = {0,-1} and cost = 412.0
   Vehicle #0 = 3, leaving at = 1083.0
   Vehicle #1 = -1, leaving at = inf
   Increment on distance indicator: 13.0
   Increment on tard indicator:     0.0
   Value of tmax indicator:         13.0

Task for patient = 12 with skills = {1,-1} and cost = 306.3
   Vehicle #0 = 0, leaving at = 1070.0
   Vehicle #1 = -1, leaving at = inf
   Increment on distance indicator: 22.0
   Increment on tard indicator:     0.0
   Value of tmax indicator:         22.0

Task for patient = 7 with skills = {1,3} and cost = 7.3
   Vehicle #0 = 0, leaving at = 561.0
   Vehicle #1 = 5, leaving at = 582.0
   Increment on distance indicator: 22.0
   Increment on tard indicator:     0.0
   Value of tmax indicator:         22.0

Task for patient = 16 with skills = {2,5} and cost = 26.0
   Vehicle #0 = 0, leaving at = 603.0
   Vehicle #1 = 6, leaving at = 642.0
   Increment on distance indicator: 56.0
   Increment on tard indicator:     0.0
   Value of tmax indicator:         56.0

Task for patient = 31 with skills = {1,4} and cost = 27.3
   Vehicle #0 = 0, leaving at = 745.0
   Vehicle #1 = 6, leaving at = 716.0
   Increment on distance indicator: 4.0
   Increment on tard indicator:     0.0
   Value of tmax indicator:         4.0

Task for patient = 44 with skills = {2,3} and cost = 44.3
   Vehicle #0 = 1, leaving at = 626.0
   Vehicle #1 = 5, leaving at = 640.0
   Increment on distance indicator: 51.0
   Increment on tard indicator:     0.0
   Value of tmax indicator:         51.0

Task for patient = 50 with skills = {1,4} and cost = 48.3
   Vehicle #0 = 0, leaving at = 785.0
   Vehicle #1 = 6, leaving at = 778.0
   Increment on distance indicator: 12.0
   Increment on tard indicator:     0.0
   Value of tmax indicator:         12.0

Task for patient = 29 with skills = {0,3} and cost = 53.7
   Vehicle #0 = 1, leaving at = 682.0
   Vehicle #1 = 5, leaving at = 707.0
   Increment on distance indicator: 16.0
   Increment on tard indicator:     0.0
   Value of tmax indicator:         16.0

Task for patient = 23 with skills = {2,-1} and cost = 65.0
   Vehicle #0 = 3, leaving at = 607.0
   Vehicle #1 = -1, leaving at = inf
   Increment on distance indicator: 34.0
   Increment on tard indicator:     0.0
   Value of tmax indicator:         34.0

Task for patient = 9 with skills = {2,-1} and cost = 70.0
   Vehicle #0 = 3, leaving at = 661.0
   Vehicle #1 = -1, leaving at = inf
   Increment on distance indicator: 15.0
   Increment on tard indicator:     0.0
   Value of tmax indicator:         15.0

Task for patient = 42 with skills = {3,-1} and cost = 74.0
   Vehicle #0 = 7, leaving at = 725.0
   Vehicle #1 = -1, leaving at = inf
   Increment on distance indicator: 12.0
   Increment on tard indicator:     0.0
   Value of tmax indicator:         12.0

Task for patient = 24 with skills = {2,3} and cost = 76.7
   Vehicle #0 = 1, leaving at = 727.0
   Vehicle #1 = 5, leaving at = 748.0
   Increment on distance indicator: 8.0
   Increment on tard indicator:     0.0
   Value of tmax indicator:         8.0

Task for patient = 19 with skills = {3,-1} and cost = 76.7
   Vehicle #0 = 8, leaving at = 858.0
   Vehicle #1 = -1, leaving at = inf
   Increment on distance indicator: 0.0
   Increment on tard indicator:     0.0
   Value of tmax indicator:         0.0

Task for patient = 38 with skills = {5,-1} and cost = 407.7
   Vehicle #0 = 6, leaving at = 979.0
   Vehicle #1 = -1, leaving at = inf
   Increment on distance indicator: 3.0
   Increment on tard indicator:     0.0
   Value of tmax indicator:         3.0

Task for patient = 39 with skills = {2,-1} and cost = 79.3
   Vehicle #0 = 1, leaving at = 813.0
   Vehicle #1 = -1, leaving at = inf
   Increment on distance indicator: 4.0
   Increment on tard indicator:     0.0
   Value of tmax indicator:         4.0

Task for patient = 30 with skills = {1,-1} and cost = 86.7
   Vehicle #0 = 0, leaving at = 853.0
   Vehicle #1 = -1, leaving at = inf
   Increment on distance indicator: 22.0
   Increment on tard indicator:     0.0
   Value of tmax indicator:         22.0

Task for patient = 27 with skills = {0,-1} and cost = 88.7
   Vehicle #0 = 1, leaving at = 856.0
   Vehicle #1 = -1, leaving at = inf
   Increment on distance indicator: 6.0
   Increment on tard indicator:     0.0
   Value of tmax indicator:         6.0

Task for patient = 3 with skills = {3,-1} and cost = 92.0
   Vehicle #0 = 7, leaving at = 864.0
   Vehicle #1 = -1, leaving at = inf
   Increment on distance indicator: 10.0
   Increment on tard indicator:     0.0
   Value of tmax indicator:         10.0

Task for patient = 41 with skills = {0,4} and cost = 112.7
   Vehicle #0 = 2, leaving at = 624.0
   Vehicle #1 = 9, leaving at = 637.0
   Increment on distance indicator: 62.0
   Increment on tard indicator:     0.0
   Value of tmax indicator:         62.0

Task for patient = 26 with skills = {0,-1} and cost = 113.7
   Vehicle #0 = 3, leaving at = 686.0
   Vehicle #1 = -1, leaving at = inf
   Increment on distance indicator: 3.0
   Increment on tard indicator:     0.0
   Value of tmax indicator:         3.0

Task for patient = 10 with skills = {5,-1} and cost = 115.7
   Vehicle #0 = 9, leaving at = 703.0
   Vehicle #1 = -1, leaving at = inf
   Increment on distance indicator: 6.0
   Increment on tard indicator:     0.0
   Value of tmax indicator:         6.0

Task for patient = 45 with skills = {0,-1} and cost = 119.0
   Vehicle #0 = 4, leaving at = 673.0
   Vehicle #1 = -1, leaving at = inf
   Increment on distance indicator: 10.0
   Increment on tard indicator:     0.0
   Value of tmax indicator:         10.0

Task for patient = 1 with skills = {2,-1} and cost = 121.0
   Vehicle #0 = 3, leaving at = 784.0
   Vehicle #1 = -1, leaving at = inf
   Increment on distance indicator: 6.0
   Increment on tard indicator:     0.0
   Value of tmax indicator:         6.0

Task for patient = 48 with skills = {3,-1} and cost = 122.7
   Vehicle #0 = 5, leaving at = 828.0
   Vehicle #1 = -1, leaving at = inf
   Increment on distance indicator: 5.0
   Increment on tard indicator:     0.0
   Value of tmax indicator:         5.0

Task for patient = 46 with skills = {4,-1} and cost = 137.0
   Vehicle #0 = 6, leaving at = 820.0
   Vehicle #1 = -1, leaving at = inf
   Increment on distance indicator: 13.0
   Increment on tard indicator:     0.0
   Value of tmax indicator:         13.0

Task for patient = 18 with skills = {3,-1} and cost = 78.0
   Vehicle #0 = 7, leaving at = 809.0
   Vehicle #1 = -1, leaving at = inf
   Increment on distance indicator: 4.0
   Increment on tard indicator:     0.0
   Value of tmax indicator:         4.0


Unused vehicle list: (total = 0 out of 10)

---
Search finished.
Total of 1900 generations in 60.8 seconds.
Exchange elite runs: 23
Implicit path relinking runs: 10
Reset attempts: 1

Best solution found:
   Cost: 478.7
   Total travel time: 945.0
   Total tardiness time: 394.0
   Largest tardiness: 97.0


478.7
