This host is: panku
--- BRKGA-MP-IPR for HHCRSP ---
Instance: new-dataset/instances-25/HHCRSP_25_5_96_0.8_R_C.txt
Seed: 7

Reading data... Problem contains 25 patients  and 5 caregivers.

Summary of supply x demand for each service type:
Skill 0 has supply = 1 and demand = 6, ratio = 0.166667
Skill 1 has supply = 2 and demand = 5, ratio = 0.4
Skill 2 has supply = 1 and demand = 8, ratio = 0.125
Skill 3 has supply = 2 and demand = 8, ratio = 0.25
Skill 4 has supply = 2 and demand = 4, ratio = 0.5
Skill 5 has supply = 2 and demand = 2, ratio = 1

Reading parameters...
Inferred distance function by PR type: kendall-tau
Building BRKGA data and initializing...
Evolving 1900 generations...

  Gens  Rem    Local   ElDiv NoImpr             Best solution            Time  Op
                                       Cost     Dist    Tard    TMax 
*    0 1900  1428.67  165.78      0  1428.67   682.00  3251.0   353.0     0.0    
*    2 1898  1372.33  124.25      0  1372.33   642.00  3041.0   434.0     0.1    
*    4 1896  1276.67  109.84      0  1276.67   692.00  2590.0   468.0     0.1    
*    5 1895  1250.00  107.01      0  1250.00   802.00  2475.0   347.0     0.2    
*    6 1894  1208.00  101.52      0  1208.00   684.00  2093.0   470.0     0.2    
*    7 1893  1082.33   94.66      0  1082.33   783.00  1724.0   457.0     0.2    
*    8 1892   988.00   85.62      0   988.00   783.00  1724.0   457.0     0.2    
*   10 1890   932.33   69.78      0   932.33   729.00  1610.0   445.0     0.3    
*   11 1889   928.00   61.42      0   928.00   754.00  1556.0   351.0     0.3    
*   12 1888   887.00   55.74      0   887.00   793.00  1491.0   292.0     0.3    
*   13 1887   858.67   51.87      0   858.67   613.00  1417.0   341.0     0.4    
*   14 1886   790.33   44.29      0   790.33   613.00  1417.0   341.0     0.4    
*   16 1884   786.33   41.55      0   786.33   670.00  1361.0   328.0     0.5    
*   18 1882   739.67   43.56      0   739.67   675.00  1267.0   277.0     0.5    
*   25 1875   734.67   15.61      0   734.67   646.00  1235.0   277.0     0.7    

  Gens  Rem    Local   ElDiv NoImpr             Best solution            Time  Op
                                       Cost     Dist    Tard    TMax 
*   26 1874   719.33   14.12      0   719.33   657.00  1202.0   273.0     0.7    
*   27 1873   710.67   11.63      0   710.67   657.00  1202.0   273.0     0.7    
*   35 1865   709.00    7.52      0   709.00   651.00  1202.0   273.0     0.9    
*   36 1864   708.67    9.69      0   708.67   651.00  1202.0   273.0     1.0    
*   41 1859   707.67   10.10      0   707.67   634.00  1216.0   273.0     1.1    
    50 1850   707.67    8.64      9   707.67   634.00  1216.0   273.0     1.3    
    80 1820   707.67    0.47     40   707.67   634.00  1216.0   273.0     2.1   X
   100 1800   707.67    0.00     59   707.67   634.00  1216.0   273.0     2.6    
   150 1750   707.67    0.00    109   707.67   634.00  1216.0   273.0     3.9    
   160 1740   707.67    0.00    120   707.67   634.00  1216.0   273.0     4.2   X
Path relinking result: no improvement.
   180 1720   707.67    0.00    140   707.67   634.00  1216.0   273.0     4.7   P
   200 1700   707.67    0.00    159   707.67   634.00  1216.0   273.0     5.2    
   240 1660   707.67    0.00    200   707.67   634.00  1216.0   273.0     6.2   X
   250 1650   707.67    0.00    209   707.67   634.00  1216.0   273.0     6.5    
   300 1600   707.67    0.00    259   707.67   634.00  1216.0   273.0     7.8    
   320 1580   707.67    0.00    280   707.67   634.00  1216.0   273.0     8.3   X

  Gens  Rem    Local   ElDiv NoImpr             Best solution            Time  Op
                                       Cost     Dist    Tard    TMax 
   350 1550   707.67    0.00    309   707.67   634.00  1216.0   273.0     9.1    
Path relinking result: no improvement.
   360 1540   707.67    0.00    320   707.67   634.00  1216.0   273.0     9.3   P
   400 1500   707.67    0.00    359   707.67   634.00  1216.0   273.0    10.4    
   400 1500   707.67    0.00    360   707.67   634.00  1216.0   273.0    10.4   X
   450 1450   707.67    0.00    409   707.67   634.00  1216.0   273.0    11.7    
   480 1420   707.67    0.00    440   707.67   634.00  1216.0   273.0    12.4   X
   500 1400   707.67    0.00    459   707.67   634.00  1216.0   273.0    13.0    
Path relinking result: no improvement.
   540 1360   707.67    0.00    500   707.67   634.00  1216.0   273.0    14.0   P
   550 1350   707.67    0.00    509   707.67   634.00  1216.0   273.0    14.3    
   560 1340   707.67    0.00    520   707.67   634.00  1216.0   273.0    14.5   X
   600 1300   707.67    0.00    559   707.67   634.00  1216.0   273.0    15.6    
   640 1260   707.67    0.00    600   707.67   634.00  1216.0   273.0    16.6   X
   650 1250   707.67    0.00    609   707.67   634.00  1216.0   273.0    16.9    
   700 1200   707.67    0.00    659   707.67   634.00  1216.0   273.0    18.2    
Path relinking result: no improvement.
   720 1180   707.67    0.00    680   707.67   634.00  1216.0   273.0    18.7  PX
   740 1160      inf  217.29      0   707.67   634.00  1216.0   273.0    19.2   R

  Gens  Rem    Local   ElDiv NoImpr             Best solution            Time  Op
                                       Cost     Dist    Tard    TMax 
   741 1159  1415.33  165.00      0   707.67   634.00  1216.0   273.0    19.2    
   750 1150   902.33   67.59      0   707.67   634.00  1216.0   273.0    19.5    
   800 1100   710.00    7.85     24   707.67   634.00  1216.0   273.0    20.7    
   800 1100   710.00    7.81     25   707.67   634.00  1216.0   273.0    20.7   X
   850 1050   708.67    0.11     28   707.67   634.00  1216.0   273.0    22.0    
   880 1020   708.67    0.32     59   707.67   634.00  1216.0   273.0    22.8   X
   900 1000   708.67    0.47     78   707.67   634.00  1216.0   273.0    23.3    
Path relinking result: elite improvement.
   900 1000   708.67    0.46     79   707.67   634.00  1216.0   273.0    23.3   P
   950  950   708.67    0.00    128   707.67   634.00  1216.0   273.0    24.6    
   960  940   708.67    0.00    139   707.67   634.00  1216.0   273.0    24.9   X
  1000  900   708.67    0.00    178   707.67   634.00  1216.0   273.0    25.9    
  1040  860   708.67    0.00    219   707.67   634.00  1216.0   273.0    26.9   X
  1050  850   708.67    0.00    228   707.67   634.00  1216.0   273.0    27.2    
Path relinking result: no improvement.
  1080  820   708.67    0.00    259   707.67   634.00  1216.0   273.0    27.9   P
  1100  800   708.67    0.00    278   707.67   634.00  1216.0   273.0    28.4    
  1120  780   708.67    0.00    299   707.67   634.00  1216.0   273.0    29.0   X

  Gens  Rem    Local   ElDiv NoImpr             Best solution            Time  Op
                                       Cost     Dist    Tard    TMax 
  1150  750   708.67    0.00    328   707.67   634.00  1216.0   273.0    29.7    
  1200  700   708.67    0.00    378   707.67   634.00  1216.0   273.0    31.0    
  1200  700   708.67    0.00    379   707.67   634.00  1216.0   273.0    31.0   X
  1250  650   708.67    0.00    428   707.67   634.00  1216.0   273.0    32.3    
Path relinking result: no improvement.
  1260  640   708.67    0.00    439   707.67   634.00  1216.0   273.0    32.5   P
  1280  620   708.67    0.00    459   707.67   634.00  1216.0   273.0    33.0   X
  1300  600   708.67    0.00    478   707.67   634.00  1216.0   273.0    33.6    
  1350  550   708.67    0.00    528   707.67   634.00  1216.0   273.0    34.9    
  1360  540   708.67    0.00    539   707.67   634.00  1216.0   273.0    35.1   X
  1400  500   708.67    0.00    578   707.67   634.00  1216.0   273.0    36.2    
Path relinking result: no improvement.
  1440  460   708.67    0.00    619   707.67   634.00  1216.0   273.0    37.2  PX
  1450  450   708.67    0.00    628   707.67   634.00  1216.0   273.0    37.5    
  1500  400   708.67    0.00    678   707.67   634.00  1216.0   273.0    38.8    
  1520  380   708.67    0.00    699   707.67   634.00  1216.0   273.0    39.3   X
  1521  379      inf  206.61      0   707.67   634.00  1216.0   273.0    39.3   R
  1522  378  1343.67  178.31      0   707.67   634.00  1216.0   273.0    39.3    

  Gens  Rem    Local   ElDiv NoImpr             Best solution            Time  Op
                                       Cost     Dist    Tard    TMax 
  1550  350   710.67    7.98      1   707.67   634.00  1216.0   273.0    40.1    
  1600  300   708.67    8.05     45   707.67   634.00  1216.0   273.0    41.3    
  1600  300   708.67    0.00     46   707.67   634.00  1216.0   273.0    41.3   X
Path relinking result: no improvement.
  1620  280   708.67    0.00     66   707.67   634.00  1216.0   273.0    41.9   P
  1650  250   708.67    0.00     95   707.67   634.00  1216.0   273.0    42.6    
  1680  220   708.67    0.00    126   707.67   634.00  1216.0   273.0    43.4   X
  1700  200   708.67    0.00    145   707.67   634.00  1216.0   273.0    43.9    
  1750  150   708.67    0.00    195   707.67   634.00  1216.0   273.0    45.2    
  1760  140   708.67    0.00    206   707.67   634.00  1216.0   273.0    45.5   X
  1800  100   708.67    0.00    245   707.67   634.00  1216.0   273.0    46.5    
Path relinking result: no improvement.
  1800  100   708.67    0.00    246   707.67   634.00  1216.0   273.0    46.5   P
  1840   60   708.67    0.00    286   707.67   634.00  1216.0   273.0    47.6   X
  1850   50   708.67    0.00    295   707.67   634.00  1216.0   273.0    47.9    
  1900    0   708.67    0.00    345   707.67   634.00  1216.0   273.0    49.1    
Evolutionary process finished.
Solution written to 'solution-19741.txt'.

Sorted sequence of worst to best tardiness value:
Task for patient = 24 with skills = {0,-1} and cost = 505.3
   Vehicle #0 = 1, leaving at = 1151.0
   Vehicle #1 = -1, leaving at = inf
   Increment on distance indicator: 30.0
   Increment on tard indicator:     273.0
   Value of tmax indicator:         30.0

Task for patient = 5 with skills = {2,-1} and cost = 596.0
   Vehicle #0 = 1, leaving at = 1207.0
   Vehicle #1 = -1, leaving at = inf
   Increment on distance indicator: 8.0
   Increment on tard indicator:     264.0
   Value of tmax indicator:         8.0

Task for patient = 9 with skills = {2,-1} and cost = 379.3
   Vehicle #0 = 1, leaving at = 1062.0
   Vehicle #1 = -1, leaving at = inf
   Increment on distance indicator: 5.0
   Increment on tard indicator:     211.0
   Value of tmax indicator:         5.0

Task for patient = 4 with skills = {2,-1} and cost = 659.0
   Vehicle #0 = 1, leaving at = 1275.0
   Vehicle #1 = -1, leaving at = inf
   Increment on distance indicator: 8.0
   Increment on tard indicator:     181.0
   Value of tmax indicator:         8.0

Task for patient = 25 with skills = {0,-1} and cost = 260.7
   Vehicle #0 = 1, leaving at = 951.0
   Vehicle #1 = -1, leaving at = inf
   Increment on distance indicator: 7.0
   Increment on tard indicator:     174.0
   Value of tmax indicator:         7.0

Task for patient = 11 with skills = {2,-1} and cost = 125.7
   Vehicle #0 = 1, leaving at = 902.0
   Vehicle #1 = -1, leaving at = inf
   Increment on distance indicator: 5.0
   Increment on tard indicator:     60.0
   Value of tmax indicator:         5.0

Task for patient = 21 with skills = {2,3} and cost = 287.7
   Vehicle #0 = 1, leaving at = 1024.0
   Vehicle #1 = 4, leaving at = 1038.0
   Increment on distance indicator: 40.0
   Increment on tard indicator:     20.0
   Value of tmax indicator:         40.0

Task for patient = 19 with skills = {2,3} and cost = 90.0
   Vehicle #0 = 1, leaving at = 843.0
   Vehicle #1 = 2, leaving at = 830.0
   Increment on distance indicator: 14.0
   Increment on tard indicator:     19.0
   Value of tmax indicator:         14.0

Task for patient = 15 with skills = {1,-1} and cost = 383.7
   Vehicle #0 = 0, leaving at = 1006.0
   Vehicle #1 = -1, leaving at = inf
   Increment on distance indicator: 13.0
   Increment on tard indicator:     0.0
   Value of tmax indicator:         13.0

Task for patient = 13 with skills = {1,3} and cost = 295.0
   Vehicle #0 = 0, leaving at = 965.0
   Vehicle #1 = 2, leaving at = 988.0
   Increment on distance indicator: 22.0
   Increment on tard indicator:     0.0
   Value of tmax indicator:         22.0

Task for patient = 18 with skills = {1,4} and cost = 267.7
   Vehicle #0 = 0, leaving at = 899.0
   Vehicle #1 = 3, leaving at = 918.0
   Increment on distance indicator: 15.0
   Increment on tard indicator:     0.0
   Value of tmax indicator:         15.0

Task for patient = 1 with skills = {4,-1} and cost = 262.7
   Vehicle #0 = 3, leaving at = 845.0
   Vehicle #1 = -1, leaving at = inf
   Increment on distance indicator: 6.0
   Increment on tard indicator:     0.0
   Value of tmax indicator:         6.0

Task for patient = 20 with skills = {3,-1} and cost = 162.3
   Vehicle #0 = 2, leaving at = 864.0
   Vehicle #1 = -1, leaving at = inf
   Increment on distance indicator: 17.0
   Increment on tard indicator:     0.0
   Value of tmax indicator:         17.0

Task for patient = 14 with skills = {1,4} and cost = 156.7
   Vehicle #0 = 0, leaving at = 784.0
   Vehicle #1 = 3, leaving at = 786.0
   Increment on distance indicator: 11.0
   Increment on tard indicator:     0.0
   Value of tmax indicator:         11.0

Task for patient = 6 with skills = {1,-1} and cost = 140.0
   Vehicle #0 = 0, leaving at = 609.0
   Vehicle #1 = -1, leaving at = inf
   Increment on distance indicator: 43.0
   Increment on tard indicator:     0.0
   Value of tmax indicator:         43.0

Task for patient = 2 with skills = {0,3} and cost = 73.0
   Vehicle #0 = 1, leaving at = 786.0
   Vehicle #1 = 2, leaving at = 803.0
   Increment on distance indicator: 12.0
   Increment on tard indicator:     0.0
   Value of tmax indicator:         12.0

Task for patient = 17 with skills = {2,3} and cost = 69.0
   Vehicle #0 = 1, leaving at = 744.0
   Vehicle #1 = 2, leaving at = 739.0
   Increment on distance indicator: 49.0
   Increment on tard indicator:     0.0
   Value of tmax indicator:         49.0

Task for patient = 22 with skills = {0,5} and cost = 52.7
   Vehicle #0 = 1, leaving at = 659.0
   Vehicle #1 = 3, leaving at = 698.0
   Increment on distance indicator: 38.0
   Increment on tard indicator:     0.0
   Value of tmax indicator:         38.0

Task for patient = 10 with skills = {3,-1} and cost = 40.0
   Vehicle #0 = 4, leaving at = 767.0
   Vehicle #1 = -1, leaving at = inf
   Increment on distance indicator: 11.0
   Increment on tard indicator:     0.0
   Value of tmax indicator:         11.0

Task for patient = 16 with skills = {0,-1} and cost = 36.3
   Vehicle #0 = 1, leaving at = 627.0
   Vehicle #1 = -1, leaving at = inf
   Increment on distance indicator: 15.0
   Increment on tard indicator:     0.0
   Value of tmax indicator:         15.0

Task for patient = 3 with skills = {0,-1} and cost = 31.3
   Vehicle #0 = 1, leaving at = 590.0
   Vehicle #1 = -1, leaving at = inf
   Increment on distance indicator: 18.0
   Increment on tard indicator:     0.0
   Value of tmax indicator:         18.0

Task for patient = 23 with skills = {5,-1} and cost = 25.3
   Vehicle #0 = 3, leaving at = 498.0
   Vehicle #1 = -1, leaving at = inf
   Increment on distance indicator: 0.0
   Increment on tard indicator:     0.0
   Value of tmax indicator:         0.0

Task for patient = 7 with skills = {2,-1} and cost = 25.3
   Vehicle #0 = 1, leaving at = 556.0
   Vehicle #1 = -1, leaving at = inf
   Increment on distance indicator: 37.0
   Increment on tard indicator:     0.0
   Value of tmax indicator:         37.0

Task for patient = 12 with skills = {3,-1} and cost = 13.0
   Vehicle #0 = 2, leaving at = 671.0
   Vehicle #1 = -1, leaving at = inf
   Increment on distance indicator: 39.0
   Increment on tard indicator:     0.0
   Value of tmax indicator:         39.0

Task for patient = 8 with skills = {4,-1} and cost = 153.0
   Vehicle #0 = 3, leaving at = 759.0
   Vehicle #1 = -1, leaving at = inf
   Increment on distance indicator: 39.0
   Increment on tard indicator:     0.0
   Value of tmax indicator:         39.0


Unused vehicle list: (total = 0 out of 5)

---
Search finished.
Total of 1900 generations in 49.1 seconds.
Exchange elite runs: 23
Implicit path relinking runs: 10
Reset attempts: 2

Best solution found:
   Cost: 707.7
   Total travel time: 634.0
   Total tardiness time: 1216.0
   Largest tardiness: 273.0


707.7
