This host is: panku
--- BRKGA-MP-IPR for HHCRSP ---
Instance: new-dataset/instances-50/HHCRSP_50_10_80_1.0_C_RC.txt
Seed: 13

Reading data... Problem contains 50 patients  and 10 caregivers.

Summary of supply x demand for each service type:
Skill 0 has supply = 3 and demand = 12, ratio = 0.25
Skill 1 has supply = 1 and demand = 16, ratio = 0.0625
Skill 2 has supply = 2 and demand = 5, ratio = 0.4
Skill 3 has supply = 3 and demand = 9, ratio = 0.333333
Skill 4 has supply = 3 and demand = 11, ratio = 0.272727
Skill 5 has supply = 3 and demand = 13, ratio = 0.230769

Reading parameters...
Inferred distance function by PR type: kendall-tau
Building BRKGA data and initializing...
Evolving 1900 generations...

  Gens  Rem    Local   ElDiv NoImpr             Best solution            Time  Op
                                       Cost     Dist    Tard    TMax 
*    0 1900  2937.67  260.26      0  2937.67  1344.00  6810.0   659.0     0.0    
*    2 1898  2469.00  232.64      0  2469.00  1184.00  5318.0   543.0     0.1    
*    3 1897  2348.33  200.42      0  2348.33  1184.00  5318.0   543.0     0.1    
*    5 1895  2071.00  176.89      0  2071.00  1276.00  4370.0   567.0     0.2    
*    7 1893  1805.00  163.82      0  1805.00  1183.00  3637.0   595.0     0.2    
*   11 1889  1582.00   95.00      0  1582.00  1220.00  3022.0   504.0     0.4    
*   13 1887  1374.67   94.36      0  1374.67  1187.00  2604.0   333.0     0.4    
*   19 1881  1328.67   57.01      0  1328.67  1074.00  2308.0   446.0     0.6    
*   20 1880  1276.00   53.78      0  1276.00  1074.00  2308.0   446.0     0.6    
*   23 1877  1240.67   60.89      0  1240.67  1213.00  2154.0   355.0     0.7    
*   26 1874  1231.00   63.77      0  1231.00  1135.00  2009.0   431.0     0.8    
*   27 1873  1191.67   60.91      0  1191.67  1102.00  2044.0   422.0     0.9    
*   28 1872  1189.33   60.64      0  1189.33  1100.00  1967.0   433.0     0.9    
*   29 1871  1166.67   57.27      0  1166.67  1217.00  1846.0   425.0     0.9    
*   30 1870  1162.67   58.11      0  1162.67  1102.00  1892.0   425.0     1.0    

  Gens  Rem    Local   ElDiv NoImpr             Best solution            Time  Op
                                       Cost     Dist    Tard    TMax 
*   31 1869  1139.67   56.24      0  1139.67  1102.00  1892.0   425.0     1.0    
*   34 1866  1128.67   44.71      0  1128.67  1081.00  1835.0   425.0     1.1    
*   35 1865  1113.67   41.93      0  1113.67  1123.00  1792.0   424.0     1.1    
*   36 1864  1113.00   38.34      0  1113.00  1123.00  1792.0   424.0     1.1    
*   39 1861  1107.00   28.32      0  1107.00  1090.00  1810.0   421.0     1.2    
*   41 1859  1098.00   24.85      0  1098.00  1093.00  1832.0   349.0     1.3    
*   42 1858  1091.33   22.66      0  1091.33  1093.00  1832.0   349.0     1.3    
*   44 1856  1089.00   19.33      0  1089.00  1049.00  1827.0   349.0     1.4    
*   45 1855  1075.00   18.74      0  1075.00  1049.00  1827.0   349.0     1.4    
    50 1850  1075.00   13.98      5  1075.00  1049.00  1827.0   349.0     1.6    
*   58 1842  1071.00    9.02      0  1071.00  1038.00  1751.0   424.0     1.8    
*   64 1836  1070.33    5.43      0  1070.33  1034.00  1827.0   349.0     2.0    
*   65 1835  1070.00    5.54      0  1070.00  1033.00  1827.0   349.0     2.0    
*   66 1834  1069.67    5.67      0  1069.67  1033.00  1827.0   349.0     2.1    
*   69 1831  1067.67    5.87      0  1067.67  1027.00  1827.0   349.0     2.2    
*   75 1825  1067.33    3.89      0  1067.33  1026.00  1827.0   349.0     2.3    

  Gens  Rem    Local   ElDiv NoImpr             Best solution            Time  Op
                                       Cost     Dist    Tard    TMax 
    80 1820  1067.33    1.44      6  1067.33  1026.00  1827.0   349.0     2.5   X
*   83 1817  1066.67    1.49      0  1066.67  1023.00  1827.0   349.0     2.6    
*   84 1816  1066.33    1.52      0  1066.33  1023.00  1827.0   349.0     2.6    
*   86 1814  1065.67    1.66      0  1065.67  1020.00  1827.0   349.0     2.7    
*   87 1813  1065.33    1.78      0  1065.33  1019.00  1827.0   349.0     2.7    
*   88 1812  1065.00    1.86      0  1065.00  1018.00  1827.0   349.0     2.7    
*   89 1811  1064.67    1.97      0  1064.67  1018.00  1827.0   349.0     2.8    
   100 1800  1064.67    2.20     11  1064.67  1018.00  1827.0   349.0     3.1    
   150 1750  1064.67    0.00     61  1064.67  1018.00  1827.0   349.0     4.6    
   160 1740  1064.67    0.00     72  1064.67  1018.00  1827.0   349.0     4.9   X
Path relinking result: no improvement.
   180 1720  1064.67    0.00     92  1064.67  1018.00  1827.0   349.0     5.5   P
   200 1700  1064.67    0.00    111  1064.67  1018.00  1827.0   349.0     6.1    
   240 1660  1064.67    0.00    152  1064.67  1018.00  1827.0   349.0     7.4   X
   250 1650  1064.67    0.00    161  1064.67  1018.00  1827.0   349.0     7.7    
   300 1600  1064.67    0.00    211  1064.67  1018.00  1827.0   349.0     9.2    
   320 1580  1064.67    0.00    232  1064.67  1018.00  1827.0   349.0     9.8   X

  Gens  Rem    Local   ElDiv NoImpr             Best solution            Time  Op
                                       Cost     Dist    Tard    TMax 
   350 1550  1064.67    0.00    261  1064.67  1018.00  1827.0   349.0    10.7    
Path relinking result: no improvement.
   360 1540  1064.67    0.00    272  1064.67  1018.00  1827.0   349.0    11.0   P
   400 1500  1064.67    0.00    311  1064.67  1018.00  1827.0   349.0    12.3    
   400 1500  1064.67    0.00    312  1064.67  1018.00  1827.0   349.0    12.3   X
   450 1450  1064.67    0.00    361  1064.67  1018.00  1827.0   349.0    13.8    
   480 1420  1064.67    0.00    392  1064.67  1018.00  1827.0   349.0    14.7   X
   500 1400  1064.67    0.00    411  1064.67  1018.00  1827.0   349.0    15.3    
Path relinking result: no improvement.
   540 1360  1064.67    0.00    452  1064.67  1018.00  1827.0   349.0    16.5   P
   550 1350  1064.67    0.00    461  1064.67  1018.00  1827.0   349.0    16.8    
   560 1340  1064.67    0.00    472  1064.67  1018.00  1827.0   349.0    17.1   X
   600 1300  1064.67    0.00    511  1064.67  1018.00  1827.0   349.0    18.3    
   640 1260  1064.67    0.00    552  1064.67  1018.00  1827.0   349.0    19.5   X
   650 1250  1064.67    0.00    561  1064.67  1018.00  1827.0   349.0    19.9    
   700 1200  1064.67    0.00    611  1064.67  1018.00  1827.0   349.0    21.4    
Path relinking result: no improvement.
   720 1180  1064.67    0.00    632  1064.67  1018.00  1827.0   349.0    22.0  PX
   750 1150  1064.67    0.00    661  1064.67  1018.00  1827.0   349.0    22.9    

  Gens  Rem    Local   ElDiv NoImpr             Best solution            Time  Op
                                       Cost     Dist    Tard    TMax 
   788 1112      inf  371.40      0  1064.67  1018.00  1827.0   349.0    24.1   R
   789 1111  2679.00  307.58      0  1064.67  1018.00  1827.0   349.0    24.1    
   800 1100  1679.67   99.25      1  1064.67  1018.00  1827.0   349.0    24.5    
   800 1100  1643.67   80.33      0  1064.67  1018.00  1827.0   349.0    24.5   X
   850 1050  1077.00    5.87      0  1064.67  1018.00  1827.0   349.0    26.0    
   880 1020  1065.00    2.52      4  1064.67  1018.00  1827.0   349.0    27.0   X
   900 1000  1065.00    0.00     23  1064.67  1018.00  1827.0   349.0    27.6    
Path relinking result: no improvement.
   900 1000  1065.00    0.00     24  1064.67  1018.00  1827.0   349.0    27.6   P
   950  950  1065.00    0.00     73  1064.67  1018.00  1827.0   349.0    29.1    
   960  940  1065.00    0.00     84  1064.67  1018.00  1827.0   349.0    29.4   X
  1000  900  1065.00    0.00    123  1064.67  1018.00  1827.0   349.0    30.7    
  1040  860  1065.00    0.00    164  1064.67  1018.00  1827.0   349.0    31.9   X
  1050  850  1065.00    0.00    173  1064.67  1018.00  1827.0   349.0    32.2    
Path relinking result: no improvement.
  1080  820  1065.00    0.00    204  1064.67  1018.00  1827.0   349.0    33.1   P
  1100  800  1065.00    0.00    223  1064.67  1018.00  1827.0   349.0    33.7    
  1120  780  1065.00    0.00    244  1064.67  1018.00  1827.0   349.0    34.4   X

  Gens  Rem    Local   ElDiv NoImpr             Best solution            Time  Op
                                       Cost     Dist    Tard    TMax 
  1150  750  1065.00    0.00    273  1064.67  1018.00  1827.0   349.0    35.3    
  1200  700  1065.00    0.00    323  1064.67  1018.00  1827.0   349.0    36.8    
  1200  700  1065.00    0.00    324  1064.67  1018.00  1827.0   349.0    36.8   X
  1250  650  1065.00    0.00    373  1064.67  1018.00  1827.0   349.0    38.3    
Path relinking result: no improvement.
  1260  640  1065.00    0.00    384  1064.67  1018.00  1827.0   349.0    38.6   P
  1280  620  1065.00    0.00    404  1064.67  1018.00  1827.0   349.0    39.2   X
  1300  600  1065.00    0.00    423  1064.67  1018.00  1827.0   349.0    39.8    
  1350  550  1065.00    0.00    473  1064.67  1018.00  1827.0   349.0    41.3    
  1360  540  1065.00    0.00    484  1064.67  1018.00  1827.0   349.0    41.6   X
  1400  500  1065.00    0.00    523  1064.67  1018.00  1827.0   349.0    42.9    
Path relinking result: no improvement.
  1440  460  1065.00    0.00    564  1064.67  1018.00  1827.0   349.0    44.1  PX
  1450  450  1065.00    0.00    573  1064.67  1018.00  1827.0   349.0    44.4    
  1500  400  1065.00    0.00    623  1064.67  1018.00  1827.0   349.0    45.9    
  1520  380  1065.00    0.00    644  1064.67  1018.00  1827.0   349.0    46.5   X
  1550  350  1065.00    0.00    673  1064.67  1018.00  1827.0   349.0    47.5    
  1576  324      inf  328.69      0  1064.67  1018.00  1827.0   349.0    48.2   R

  Gens  Rem    Local   ElDiv NoImpr             Best solution            Time  Op
                                       Cost     Dist    Tard    TMax 
  1577  323  2524.67  269.41      0  1064.67  1018.00  1827.0   349.0    48.3    
  1600  300  1295.00   50.08      1  1064.67  1018.00  1827.0   349.0    49.0    
  1600  300  1275.00   29.62      0  1064.67  1018.00  1827.0   349.0    49.0   X
Path relinking result: elite improvement.
  1620  280  1086.33   11.77      1  1064.67  1018.00  1827.0   349.0    49.6   P
  1650  250  1065.67    3.60      6  1064.67  1018.00  1827.0   349.0    50.5    
  1680  220  1065.00    0.00     24  1064.67  1018.00  1827.0   349.0    51.5   X
  1700  200  1065.00    0.00     43  1064.67  1018.00  1827.0   349.0    52.1    
  1750  150  1065.00    0.00     93  1064.67  1018.00  1827.0   349.0    53.6    
  1760  140  1065.00    0.00    104  1064.67  1018.00  1827.0   349.0    53.9   X
  1800  100  1065.00    0.00    143  1064.67  1018.00  1827.0   349.0    55.2    
Path relinking result: no improvement.
  1800  100  1065.00    0.00    144  1064.67  1018.00  1827.0   349.0    55.2   P
  1840   60  1065.00    0.00    184  1064.67  1018.00  1827.0   349.0    56.4   X
  1850   50  1065.00    0.00    193  1064.67  1018.00  1827.0   349.0    56.8    
  1900    0  1065.00    0.00    243  1064.67  1018.00  1827.0   349.0    58.2    
Evolutionary process finished.
Solution written to 'solution-24375.txt'.

Sorted sequence of worst to best tardiness value:
Task for patient = 9 with skills = {1,5} and cost = 988.3
   Vehicle #0 = 2, leaving at = 1334.0
   Vehicle #1 = 8, leaving at = 1337.0
   Increment on distance indicator: 25.0
   Increment on tard indicator:     510.0
   Value of tmax indicator:         25.0

Task for patient = 39 with skills = {1,-1} and cost = 804.7
   Vehicle #0 = 2, leaving at = 1275.0
   Vehicle #1 = -1, leaving at = inf
   Increment on distance indicator: 14.0
   Increment on tard indicator:     349.0
   Value of tmax indicator:         14.0

Task for patient = 32 with skills = {1,-1} and cost = 653.0
   Vehicle #0 = 2, leaving at = 1213.0
   Vehicle #1 = -1, leaving at = inf
   Increment on distance indicator: 11.0
   Increment on tard indicator:     276.0
   Value of tmax indicator:         11.0

Task for patient = 16 with skills = {1,-1} and cost = 533.3
   Vehicle #0 = 2, leaving at = 1145.0
   Vehicle #1 = -1, leaving at = inf
   Increment on distance indicator: 3.0
   Increment on tard indicator:     268.0
   Value of tmax indicator:         3.0

Task for patient = 41 with skills = {1,-1} and cost = 425.3
   Vehicle #0 = 2, leaving at = 1047.0
   Vehicle #1 = -1, leaving at = inf
   Increment on distance indicator: 18.0
   Increment on tard indicator:     252.0
   Value of tmax indicator:         18.0

Task for patient = 22 with skills = {1,4} and cost = 238.3
   Vehicle #0 = 2, leaving at = 964.0
   Vehicle #1 = 6, leaving at = 955.0
   Increment on distance indicator: 12.0
   Increment on tard indicator:     102.0
   Value of tmax indicator:         12.0

Task for patient = 49 with skills = {1,3} and cost = 156.0
   Vehicle #0 = 2, leaving at = 866.0
   Vehicle #1 = 7, leaving at = 879.0
   Increment on distance indicator: 11.0
   Increment on tard indicator:     24.0
   Value of tmax indicator:         11.0

Task for patient = 45 with skills = {1,-1} and cost = 186.7
   Vehicle #0 = 2, leaving at = 914.0
   Vehicle #1 = -1, leaving at = inf
   Increment on distance indicator: 13.0
   Increment on tard indicator:     23.0
   Value of tmax indicator:         13.0

Task for patient = 4 with skills = {1,-1} and cost = 434.3
   Vehicle #0 = 2, leaving at = 1083.0
   Vehicle #1 = -1, leaving at = inf
   Increment on distance indicator: 4.0
   Increment on tard indicator:     23.0
   Value of tmax indicator:         4.0

Task for patient = 31 with skills = {4,-1} and cost = 171.0
   Vehicle #0 = 6, leaving at = 896.0
   Vehicle #1 = -1, leaving at = inf
   Increment on distance indicator: 11.0
   Increment on tard indicator:     0.0
   Value of tmax indicator:         11.0

Task for patient = 38 with skills = {0,-1} and cost = 191.0
   Vehicle #0 = 4, leaving at = 684.0
   Vehicle #1 = -1, leaving at = inf
   Increment on distance indicator: 13.0
   Increment on tard indicator:     0.0
   Value of tmax indicator:         13.0

Task for patient = 18 with skills = {3,-1} and cost = 240.7
   Vehicle #0 = 9, leaving at = 842.0
   Vehicle #1 = -1, leaving at = inf
   Increment on distance indicator: 7.0
   Increment on tard indicator:     0.0
   Value of tmax indicator:         7.0

Task for patient = 13 with skills = {3,-1} and cost = 243.7
   Vehicle #0 = 7, leaving at = 941.0
   Vehicle #1 = -1, leaving at = inf
   Increment on distance indicator: 9.0
   Increment on tard indicator:     0.0
   Value of tmax indicator:         9.0

Task for patient = 12 with skills = {1,5} and cost = 247.7
   Vehicle #0 = 2, leaving at = 985.0
   Vehicle #1 = 6, leaving at = 1010.0
   Increment on distance indicator: 12.0
   Increment on tard indicator:     0.0
   Value of tmax indicator:         12.0

Task for patient = 40 with skills = {0,-1} and cost = 250.3
   Vehicle #0 = 4, leaving at = 847.0
   Vehicle #1 = -1, leaving at = inf
   Increment on distance indicator: 8.0
   Increment on tard indicator:     0.0
   Value of tmax indicator:         8.0

Task for patient = 6 with skills = {4,-1} and cost = 251.3
   Vehicle #0 = 7, leaving at = 985.0
   Vehicle #1 = -1, leaving at = inf
   Increment on distance indicator: 3.0
   Increment on tard indicator:     0.0
   Value of tmax indicator:         3.0

Task for patient = 48 with skills = {0,-1} and cost = 255.0
   Vehicle #0 = 1, leaving at = 847.0
   Vehicle #1 = -1, leaving at = inf
   Increment on distance indicator: 11.0
   Increment on tard indicator:     0.0
   Value of tmax indicator:         11.0

Task for patient = 21 with skills = {4,-1} and cost = 167.3
   Vehicle #0 = 5, leaving at = 902.0
   Vehicle #1 = -1, leaving at = inf
   Increment on distance indicator: 9.0
   Increment on tard indicator:     0.0
   Value of tmax indicator:         9.0

Task for patient = 30 with skills = {2,-1} and cost = 260.7
   Vehicle #0 = 3, leaving at = 818.0
   Vehicle #1 = -1, leaving at = inf
   Increment on distance indicator: 14.0
   Increment on tard indicator:     0.0
   Value of tmax indicator:         14.0

Task for patient = 26 with skills = {0,4} and cost = 266.3
   Vehicle #0 = 4, leaving at = 947.0
   Vehicle #1 = 5, leaving at = 942.0
   Increment on distance indicator: 17.0
   Increment on tard indicator:     0.0
   Value of tmax indicator:         17.0

Task for patient = 46 with skills = {4,-1} and cost = 268.3
   Vehicle #0 = 7, leaving at = 1029.0
   Vehicle #1 = -1, leaving at = inf
   Increment on distance indicator: 6.0
   Increment on tard indicator:     0.0
   Value of tmax indicator:         6.0

Task for patient = 28 with skills = {3,-1} and cost = 437.7
   Vehicle #0 = 5, leaving at = 975.0
   Vehicle #1 = -1, leaving at = inf
   Increment on distance indicator: 10.0
   Increment on tard indicator:     0.0
   Value of tmax indicator:         10.0

Task for patient = 14 with skills = {0,5} and cost = 554.7
   Vehicle #0 = 1, leaving at = 929.0
   Vehicle #1 = 8, leaving at = 925.0
   Increment on distance indicator: 64.0
   Increment on tard indicator:     0.0
   Value of tmax indicator:         64.0

Task for patient = 42 with skills = {0,5} and cost = 659.3
   Vehicle #0 = 0, leaving at = 1035.0
   Vehicle #1 = 6, leaving at = 1072.0
   Increment on distance indicator: 19.0
   Increment on tard indicator:     0.0
   Value of tmax indicator:         19.0

Task for patient = 33 with skills = {5,-1} and cost = 810.0
   Vehicle #0 = 9, leaving at = 899.0
   Vehicle #1 = -1, leaving at = inf
   Increment on distance indicator: 16.0
   Increment on tard indicator:     0.0
   Value of tmax indicator:         16.0

Task for patient = 29 with skills = {0,-1} and cost = 256.0
   Vehicle #0 = 0, leaving at = 828.0
   Vehicle #1 = -1, leaving at = inf
   Increment on distance indicator: 3.0
   Increment on tard indicator:     0.0
   Value of tmax indicator:         3.0

Task for patient = 15 with skills = {1,5} and cost = 10.7
   Vehicle #0 = 2, leaving at = 561.0
   Vehicle #1 = 6, leaving at = 585.0
   Increment on distance indicator: 32.0
   Increment on tard indicator:     0.0
   Value of tmax indicator:         32.0

Task for patient = 11 with skills = {3,-1} and cost = 15.0
   Vehicle #0 = 5, leaving at = 660.0
   Vehicle #1 = -1, leaving at = inf
   Increment on distance indicator: 13.0
   Increment on tard indicator:     0.0
   Value of tmax indicator:         13.0

Task for patient = 43 with skills = {2,4} and cost = 30.3
   Vehicle #0 = 2, leaving at = 612.0
   Vehicle #1 = 6, leaving at = 648.0
   Increment on distance indicator: 46.0
   Increment on tard indicator:     0.0
   Value of tmax indicator:         46.0

Task for patient = 7 with skills = {1,4} and cost = 34.3
   Vehicle #0 = 2, leaving at = 662.0
   Vehicle #1 = 6, leaving at = 693.0
   Increment on distance indicator: 12.0
   Increment on tard indicator:     0.0
   Value of tmax indicator:         12.0

Task for patient = 17 with skills = {0,-1} and cost = 39.7
   Vehicle #0 = 0, leaving at = 593.0
   Vehicle #1 = -1, leaving at = inf
   Increment on distance indicator: 16.0
   Increment on tard indicator:     0.0
   Value of tmax indicator:         16.0

Task for patient = 23 with skills = {5,-1} and cost = 41.0
   Vehicle #0 = 6, leaving at = 724.0
   Vehicle #1 = -1, leaving at = inf
   Increment on distance indicator: 4.0
   Increment on tard indicator:     0.0
   Value of tmax indicator:         4.0

Task for patient = 27 with skills = {0,-1} and cost = 44.0
   Vehicle #0 = 0, leaving at = 617.0
   Vehicle #1 = -1, leaving at = inf
   Increment on distance indicator: 9.0
   Increment on tard indicator:     0.0
   Value of tmax indicator:         9.0

Task for patient = 25 with skills = {2,5} and cost = 64.0
   Vehicle #0 = 3, leaving at = 588.0
   Vehicle #1 = 8, leaving at = 590.0
   Increment on distance indicator: 60.0
   Increment on tard indicator:     0.0
   Value of tmax indicator:         60.0

Task for patient = 19 with skills = {4,-1} and cost = 65.7
   Vehicle #0 = 5, leaving at = 686.0
   Vehicle #1 = -1, leaving at = inf
   Increment on distance indicator: 5.0
   Increment on tard indicator:     0.0
   Value of tmax indicator:         5.0

Task for patient = 10 with skills = {1,5} and cost = 75.7
   Vehicle #0 = 2, leaving at = 700.0
   Vehicle #1 = 9, leaving at = 732.0
   Increment on distance indicator: 30.0
   Increment on tard indicator:     0.0
   Value of tmax indicator:         30.0

Task for patient = 1 with skills = {1,3} and cost = 86.3
   Vehicle #0 = 2, leaving at = 745.0
   Vehicle #1 = 7, leaving at = 753.0
   Increment on distance indicator: 32.0
   Increment on tard indicator:     0.0
   Value of tmax indicator:         32.0

Task for patient = 47 with skills = {2,5} and cost = 164.3
   Vehicle #0 = 3, leaving at = 743.0
   Vehicle #1 = 9, leaving at = 793.0
   Increment on distance indicator: 25.0
   Increment on tard indicator:     0.0
   Value of tmax indicator:         25.0

Task for patient = 24 with skills = {0,4} and cost = 98.7
   Vehicle #0 = 0, leaving at = 766.0
   Vehicle #1 = 6, leaving at = 769.0
   Increment on distance indicator: 17.0
   Increment on tard indicator:     0.0
   Value of tmax indicator:         17.0

Task for patient = 35 with skills = {5,-1} and cost = 102.0
   Vehicle #0 = 8, leaving at = 731.0
   Vehicle #1 = -1, leaving at = inf
   Increment on distance indicator: 10.0
   Increment on tard indicator:     0.0
   Value of tmax indicator:         10.0

Task for patient = 50 with skills = {3,-1} and cost = 105.3
   Vehicle #0 = 5, leaving at = 736.0
   Vehicle #1 = -1, leaving at = inf
   Increment on distance indicator: 10.0
   Increment on tard indicator:     0.0
   Value of tmax indicator:         10.0

Task for patient = 44 with skills = {0,-1} and cost = 105.3
   Vehicle #0 = 1, leaving at = 708.0
   Vehicle #1 = -1, leaving at = inf
   Increment on distance indicator: 0.0
   Increment on tard indicator:     0.0
   Value of tmax indicator:         0.0

Task for patient = 34 with skills = {0,-1} and cost = 110.7
   Vehicle #0 = 1, leaving at = 784.0
   Vehicle #1 = -1, leaving at = inf
   Increment on distance indicator: 16.0
   Increment on tard indicator:     0.0
   Value of tmax indicator:         16.0

Task for patient = 3 with skills = {1,3} and cost = 119.3
   Vehicle #0 = 2, leaving at = 791.0
   Vehicle #1 = 5, leaving at = 800.0
   Increment on distance indicator: 26.0
   Increment on tard indicator:     0.0
   Value of tmax indicator:         26.0

Task for patient = 2 with skills = {3,-1} and cost = 120.7
   Vehicle #0 = 5, leaving at = 846.0
   Vehicle #1 = -1, leaving at = inf
   Increment on distance indicator: 4.0
   Increment on tard indicator:     0.0
   Value of tmax indicator:         4.0

Task for patient = 37 with skills = {1,-1} and cost = 125.7
   Vehicle #0 = 2, leaving at = 825.0
   Vehicle #1 = -1, leaving at = inf
   Increment on distance indicator: 15.0
   Increment on tard indicator:     0.0
   Value of tmax indicator:         15.0

Task for patient = 36 with skills = {4,-1} and cost = 131.0
   Vehicle #0 = 7, leaving at = 824.0
   Vehicle #1 = -1, leaving at = inf
   Increment on distance indicator: 16.0
   Increment on tard indicator:     0.0
   Value of tmax indicator:         16.0

Task for patient = 8 with skills = {2,-1} and cost = 137.0
   Vehicle #0 = 3, leaving at = 621.0
   Vehicle #1 = -1, leaving at = inf
   Increment on distance indicator: 18.0
   Increment on tard indicator:     0.0
   Value of tmax indicator:         18.0

Task for patient = 5 with skills = {5,-1} and cost = 140.3
   Vehicle #0 = 6, leaving at = 835.0
   Vehicle #1 = -1, leaving at = inf
   Increment on distance indicator: 10.0
   Increment on tard indicator:     0.0
   Value of tmax indicator:         10.0

Task for patient = 20 with skills = {5,-1} and cost = 93.0
   Vehicle #0 = 8, leaving at = 661.0
   Vehicle #1 = -1, leaving at = inf
   Increment on distance indicator: 20.0
   Increment on tard indicator:     0.0
   Value of tmax indicator:         20.0


Unused vehicle list: (total = 0 out of 10)

---
Search finished.
Total of 1900 generations in 58.2 seconds.
Exchange elite runs: 23
Implicit path relinking runs: 10
Reset attempts: 2

Best solution found:
   Cost: 1064.7
   Total travel time: 1018.0
   Total tardiness time: 1827.0
   Largest tardiness: 349.0


1064.7
