This host is: panku
--- BRKGA-MP-IPR for HHCRSP ---
Instance: new-dataset/instances-50/HHCRSP_50_10_74_1.0_R_RC.txt
Seed: 15

Reading data... Problem contains 50 patients  and 10 caregivers.

Summary of supply x demand for each service type:
Skill 0 has supply = 2 and demand = 10, ratio = 0.2
Skill 1 has supply = 3 and demand = 13, ratio = 0.230769
Skill 2 has supply = 4 and demand = 7, ratio = 0.571429
Skill 3 has supply = 3 and demand = 13, ratio = 0.230769
Skill 4 has supply = 3 and demand = 13, ratio = 0.230769
Skill 5 has supply = 4 and demand = 10, ratio = 0.4

Reading parameters...
Inferred distance function by PR type: kendall-tau
Building BRKGA data and initializing...
Evolving 1900 generations...

  Gens  Rem    Local   ElDiv NoImpr             Best solution            Time  Op
                                       Cost     Dist    Tard    TMax 
*    0 1900  2247.67  248.23      0  2247.67  1267.00  5100.0   376.0     0.0    
*    2 1898  2015.67  198.02      0  2015.67  1253.00  3823.0   427.0     0.1    
*    3 1897  1834.33  194.31      0  1834.33  1290.00  3267.0   322.0     0.1    
*    4 1896  1626.33  183.70      0  1626.33  1197.00  2842.0   415.0     0.2    
*    5 1895  1484.67  163.02      0  1484.67  1086.00  2714.0   494.0     0.2    
*    6 1894  1431.33  141.15      0  1431.33  1259.00  2454.0   379.0     0.2    
*    7 1893  1364.00  129.21      0  1364.00  1253.00  1829.0   216.0     0.3    
*    8 1892  1099.33  129.82      0  1099.33  1150.00  1759.0   330.0     0.3    
*    9 1891  1079.67  122.82      0  1079.67  1161.00  1414.0   254.0     0.3    
*   10 1890   943.00  111.54      0   943.00  1156.00  1428.0   242.0     0.4    
*   11 1889   942.00   96.37      0   942.00  1039.00  1328.0   206.0     0.4    
*   12 1888   857.67   86.57      0   857.67  1094.00   737.0   105.0     0.4    
*   13 1887   645.33   79.45      0   645.33  1094.00   737.0   105.0     0.5    
*   15 1885   614.67   76.46      0   614.67  1213.00   438.0    74.0     0.5    
*   16 1884   575.00   72.86      0   575.00   977.00   499.0    99.0     0.6    

  Gens  Rem    Local   ElDiv NoImpr             Best solution            Time  Op
                                       Cost     Dist    Tard    TMax 
*   17 1883   525.00   67.42      0   525.00   977.00   499.0    99.0     0.6    
*   21 1879   476.00   41.24      0   476.00  1089.00   285.0    54.0     0.7    
*   23 1877   453.67   38.64      0   453.67  1086.00   137.0    46.0     0.8    
*   24 1876   423.00   35.08      0   423.00  1064.00   147.0    56.0     0.8    
*   25 1875   422.33   32.48      0   422.33   939.00   241.0    62.0     0.9    
*   26 1874   414.00   30.13      0   414.00  1134.00    69.0    23.0     0.9    
*   27 1873   408.67   26.74      0   408.67   961.00   118.0    61.0     0.9    
*   28 1872   380.00   24.70      0   380.00   986.00    56.0    38.0     1.0    
*   29 1871   360.00   23.16      0   360.00   986.00    56.0    38.0     1.0    
*   34 1866   351.67   18.97      0   351.67   976.00    38.0    30.0     1.1    
*   35 1865   348.00   18.76      0   348.00  1013.00     0.0     0.0     1.2    
*   36 1864   337.67   16.74      0   337.67  1013.00     0.0     0.0     1.2    
*   40 1860   331.33   15.62      0   331.33   961.00    20.0    13.0     1.3    
*   43 1857   324.00   14.54      0   324.00   936.00    18.0    18.0     1.4    
*   49 1851   322.00   13.19      0   322.00   914.00    26.0    26.0     1.6    
    50 1850   322.00   13.49      1   322.00   914.00    26.0    26.0     1.7    

  Gens  Rem    Local   ElDiv NoImpr             Best solution            Time  Op
                                       Cost     Dist    Tard    TMax 
*   51 1849   320.67   12.93      0   320.67   955.00     3.0     3.0     1.7    
*   52 1848   320.33   12.37      0   320.33   955.00     3.0     3.0     1.7    
*   55 1845   320.00   11.81      0   320.00   900.00    28.0    15.0     1.8    
*   56 1844   314.33   10.85      0   314.33   900.00    28.0    15.0     1.9    
*   62 1838   311.33    8.95      0   311.33   934.00     0.0     0.0     2.0    
*   66 1834   306.67    7.44      0   306.67   910.00     6.0     4.0     2.2    
*   69 1831   301.67    7.82      0   301.67   895.00     6.0     4.0     2.3    
*   72 1828   301.33    8.71      0   301.33   892.00     6.0     4.0     2.4    
*   73 1827   300.67    8.42      0   300.67   891.00     6.0     4.0     2.4    
*   74 1826   300.33    8.26      0   300.33   890.00     6.0     4.0     2.4    
*   75 1825   300.00    8.11      0   300.00   890.00     6.0     4.0     2.4    
*   77 1823   299.67    7.39      0   299.67   896.00     2.0     1.0     2.5    
    80 1820   299.67    2.24      4   299.67   896.00     2.0     1.0     2.6   X
*   94 1806   299.33    2.07      0   299.33   888.00     6.0     4.0     3.1    
   100 1800   299.33    1.53      6   299.33   888.00     6.0     4.0     3.2    
*  108 1792   297.67    0.28      0   297.67   883.00     6.0     4.0     3.5    

  Gens  Rem    Local   ElDiv NoImpr             Best solution            Time  Op
                                       Cost     Dist    Tard    TMax 
*  110 1790   297.33    0.32      0   297.33   882.00     6.0     4.0     3.6    
*  113 1787   296.33    0.34      0   296.33   877.00     8.0     4.0     3.7    
   150 1750   296.33    1.10     37   296.33   877.00     8.0     4.0     4.8    
*  153 1747   296.00    1.10      0   296.00   876.00     8.0     4.0     4.9    
   160 1740   296.00    0.14      8   296.00   876.00     8.0     4.0     5.1   X
Path relinking result: no improvement.
   180 1720   296.00    0.00     28   296.00   876.00     8.0     4.0     5.8   P
   200 1700   296.00    0.00     47   296.00   876.00     8.0     4.0     6.4    
   240 1660   296.00    0.00     88   296.00   876.00     8.0     4.0     7.7   X
   250 1650   296.00    0.00     97   296.00   876.00     8.0     4.0     8.0    
   300 1600   296.00    0.00    147   296.00   876.00     8.0     4.0     9.6    
   320 1580   296.00    0.00    168   296.00   876.00     8.0     4.0    10.2   X
   350 1550   296.00    0.00    197   296.00   876.00     8.0     4.0    11.2    
Path relinking result: no improvement.
   360 1540   296.00    0.00    208   296.00   876.00     8.0     4.0    11.5   P
   400 1500   296.00    0.00    247   296.00   876.00     8.0     4.0    12.7    
   400 1500   296.00    0.00    248   296.00   876.00     8.0     4.0    12.7   X
   450 1450   296.00    0.00    297   296.00   876.00     8.0     4.0    14.4    

  Gens  Rem    Local   ElDiv NoImpr             Best solution            Time  Op
                                       Cost     Dist    Tard    TMax 
   480 1420   296.00    0.00    328   296.00   876.00     8.0     4.0    15.3   X
   500 1400   296.00    0.00    347   296.00   876.00     8.0     4.0    15.9    
Path relinking result: no improvement.
   540 1360   296.00    0.00    388   296.00   876.00     8.0     4.0    17.2   P
   550 1350   296.00    0.00    397   296.00   876.00     8.0     4.0    17.5    
   560 1340   296.00    0.00    408   296.00   876.00     8.0     4.0    17.8   X
   600 1300   296.00    0.00    447   296.00   876.00     8.0     4.0    19.1    
   640 1260   296.00    0.00    488   296.00   876.00     8.0     4.0    20.3   X
   650 1250   296.00    0.00    497   296.00   876.00     8.0     4.0    20.6    
   700 1200   296.00    0.00    547   296.00   876.00     8.0     4.0    22.2    
Path relinking result: no improvement.
   720 1180   296.00    0.00    568   296.00   876.00     8.0     4.0    22.8  PX
   750 1150   296.00    0.00    597   296.00   876.00     8.0     4.0    23.7    
   800 1100   296.00    0.00    647   296.00   876.00     8.0     4.0    25.3    
   800 1100   296.00    0.00    648   296.00   876.00     8.0     4.0    25.3   X
   850 1050   296.00    0.00    697   296.00   876.00     8.0     4.0    26.9    
   852 1048      inf  282.71      0   296.00   876.00     8.0     4.0    27.0   R
   853 1047  2087.33  242.27      0   296.00   876.00     8.0     4.0    27.0    

  Gens  Rem    Local   ElDiv NoImpr             Best solution            Time  Op
                                       Cost     Dist    Tard    TMax 
   880 1020   373.00   20.03      1   296.00   876.00     8.0     4.0    27.9   X
   900 1000   331.00    9.61      1   296.00   876.00     8.0     4.0    28.5    
Path relinking result: best improvement.
   900 1000   318.33    9.97      0   296.00   876.00     8.0     4.0    28.5   P
   950  950   297.33    2.31      9   296.00   876.00     8.0     4.0    30.2    
   960  940   297.33    0.37     20   296.00   876.00     8.0     4.0    30.5   X
*  968  932   295.67    0.54      0   295.67   884.00     2.0     1.0    30.7    
*  984  916   294.33    0.93      0   294.33   881.00     1.0     1.0    31.2    
  1000  900   294.33    1.84     16   294.33   881.00     1.0     1.0    31.7    
* 1014  886   293.33    1.99      0   293.33   873.00     4.0     3.0    32.2    
* 1023  877   292.00    2.04      0   292.00   869.00     4.0     3.0    32.5    
  1040  860   292.00    1.10     18   292.00   869.00     4.0     3.0    33.0   X
  1050  850   292.00    0.54     27   292.00   869.00     4.0     3.0    33.3    
Path relinking result: no improvement.
  1080  820   292.00    0.00     58   292.00   869.00     4.0     3.0    34.3   P
  1100  800   292.00    0.00     77   292.00   869.00     4.0     3.0    34.9    
  1120  780   292.00    0.00     98   292.00   869.00     4.0     3.0    35.6   X
  1150  750   292.00    0.00    127   292.00   869.00     4.0     3.0    36.5    

  Gens  Rem    Local   ElDiv NoImpr             Best solution            Time  Op
                                       Cost     Dist    Tard    TMax 
  1200  700   292.00    0.00    177   292.00   869.00     4.0     3.0    38.1    
  1200  700   292.00    0.00    178   292.00   869.00     4.0     3.0    38.1   X
  1250  650   292.00    0.00    227   292.00   869.00     4.0     3.0    39.7    
Path relinking result: no improvement.
  1260  640   292.00    0.00    238   292.00   869.00     4.0     3.0    40.0   P
  1280  620   292.00    0.00    258   292.00   869.00     4.0     3.0    40.6   X
  1300  600   292.00    0.00    277   292.00   869.00     4.0     3.0    41.5    
  1350  550   292.00    0.00    327   292.00   869.00     4.0     3.0    43.0    
  1360  540   292.00    0.00    338   292.00   869.00     4.0     3.0    43.4   X
  1400  500   292.00    0.00    377   292.00   869.00     4.0     3.0    44.6    
Path relinking result: no improvement.
  1440  460   292.00    0.00    418   292.00   869.00     4.0     3.0    45.9  PX
  1450  450   292.00    0.00    427   292.00   869.00     4.0     3.0    46.2    
  1500  400   292.00    0.00    477   292.00   869.00     4.0     3.0    47.8    
  1520  380   292.00    0.00    498   292.00   869.00     4.0     3.0    48.4   X
  1550  350   292.00    0.00    527   292.00   869.00     4.0     3.0    49.3    
  1600  300   292.00    0.00    577   292.00   869.00     4.0     3.0    50.9    
  1600  300   292.00    0.00    578   292.00   869.00     4.0     3.0    50.9   X
Path relinking result: no improvement.

  Gens  Rem    Local   ElDiv NoImpr             Best solution            Time  Op
                                       Cost     Dist    Tard    TMax 
  1620  280   292.00    0.00    598   292.00   869.00     4.0     3.0    51.6   P
  1650  250   292.00    0.00    627   292.00   869.00     4.0     3.0    52.5    
  1680  220   292.00    0.00    658   292.00   869.00     4.0     3.0    53.4   X
  1700  200   292.00    0.00    677   292.00   869.00     4.0     3.0    54.1    
  1722  178      inf  305.99      0   292.00   869.00     4.0     3.0    54.8   R
  1723  177  2168.00  267.18      0   292.00   869.00     4.0     3.0    54.8    
  1750  150   354.67   27.77      3   292.00   869.00     4.0     3.0    55.7    
  1760  140   343.00   11.07      0   292.00   869.00     4.0     3.0    56.0   X
  1800  100   302.33    4.07      0   292.00   869.00     4.0     3.0    57.3    
Path relinking result: elite improvement.
  1800  100   302.33    4.07      1   292.00   869.00     4.0     3.0    57.3   P
  1840   60   293.33    0.84     11   292.00   869.00     4.0     3.0    58.5   X
  1850   50   293.33    0.00     20   292.00   869.00     4.0     3.0    58.8    
  1900    0   292.00    0.63     47   292.00   869.00     4.0     3.0    60.4    
Evolutionary process finished.
Solution written to 'solution-16715.txt'.

Sorted sequence of worst to best tardiness value:
Task for patient = 20 with skills = {0,-1} and cost = 90.0
   Vehicle #0 = 1, leaving at = 795.0
   Vehicle #1 = -1, leaving at = inf
   Increment on distance indicator: 6.0
   Increment on tard indicator:     4.0
   Value of tmax indicator:         6.0

Task for patient = 15 with skills = {4,-1} and cost = 239.7
   Vehicle #0 = 6, leaving at = 1104.0
   Vehicle #1 = -1, leaving at = inf
   Increment on distance indicator: 10.0
   Increment on tard indicator:     3.0
   Value of tmax indicator:         10.0

Task for patient = 35 with skills = {1,5} and cost = 73.7
   Vehicle #0 = 1, leaving at = 740.0
   Vehicle #1 = 9, leaving at = 742.0
   Increment on distance indicator: 31.0
   Increment on tard indicator:     3.0
   Value of tmax indicator:         31.0

Task for patient = 50 with skills = {0,-1} and cost = 226.7
   Vehicle #0 = 2, leaving at = 996.0
   Vehicle #1 = -1, leaving at = inf
   Increment on distance indicator: 24.0
   Increment on tard indicator:     1.0
   Value of tmax indicator:         24.0

Task for patient = 39 with skills = {4,-1} and cost = 132.0
   Vehicle #0 = 7, leaving at = 848.0
   Vehicle #1 = -1, leaving at = inf
   Increment on distance indicator: 12.0
   Increment on tard indicator:     0.0
   Value of tmax indicator:         12.0

Task for patient = 29 with skills = {5,-1} and cost = 137.3
   Vehicle #0 = 6, leaving at = 883.0
   Vehicle #1 = -1, leaving at = inf
   Increment on distance indicator: 16.0
   Increment on tard indicator:     0.0
   Value of tmax indicator:         16.0

Task for patient = 38 with skills = {1,4} and cost = 152.0
   Vehicle #0 = 0, leaving at = 954.0
   Vehicle #1 = 6, leaving at = 942.0
   Increment on distance indicator: 44.0
   Increment on tard indicator:     0.0
   Value of tmax indicator:         44.0

Task for patient = 44 with skills = {3,-1} and cost = 156.3
   Vehicle #0 = 8, leaving at = 1000.0
   Vehicle #1 = -1, leaving at = inf
   Increment on distance indicator: 13.0
   Increment on tard indicator:     0.0
   Value of tmax indicator:         13.0

Task for patient = 45 with skills = {0,-1} and cost = 160.7
   Vehicle #0 = 1, leaving at = 936.0
   Vehicle #1 = -1, leaving at = inf
   Increment on distance indicator: 13.0
   Increment on tard indicator:     0.0
   Value of tmax indicator:         13.0

Task for patient = 24 with skills = {4,-1} and cost = 164.3
   Vehicle #0 = 7, leaving at = 881.0
   Vehicle #1 = -1, leaving at = inf
   Increment on distance indicator: 11.0
   Increment on tard indicator:     0.0
   Value of tmax indicator:         11.0

Task for patient = 43 with skills = {0,-1} and cost = 172.3
   Vehicle #0 = 1, leaving at = 981.0
   Vehicle #1 = -1, leaving at = inf
   Increment on distance indicator: 24.0
   Increment on tard indicator:     0.0
   Value of tmax indicator:         24.0

Task for patient = 37 with skills = {3,-1} and cost = 174.7
   Vehicle #0 = 7, leaving at = 933.0
   Vehicle #1 = -1, leaving at = inf
   Increment on distance indicator: 7.0
   Increment on tard indicator:     0.0
   Value of tmax indicator:         7.0

Task for patient = 3 with skills = {2,-1} and cost = 176.7
   Vehicle #0 = 3, leaving at = 1020.0
   Vehicle #1 = -1, leaving at = inf
   Increment on distance indicator: 6.0
   Increment on tard indicator:     0.0
   Value of tmax indicator:         6.0

Task for patient = 21 with skills = {2,5} and cost = 183.3
   Vehicle #0 = 4, leaving at = 833.0
   Vehicle #1 = 9, leaving at = 804.0
   Increment on distance indicator: 20.0
   Increment on tard indicator:     0.0
   Value of tmax indicator:         20.0

Task for patient = 10 with skills = {0,-1} and cost = 128.0
   Vehicle #0 = 1, leaving at = 870.0
   Vehicle #1 = -1, leaving at = inf
   Increment on distance indicator: 8.0
   Increment on tard indicator:     0.0
   Value of tmax indicator:         8.0

Task for patient = 18 with skills = {5,-1} and cost = 199.0
   Vehicle #0 = 5, leaving at = 809.0
   Vehicle #1 = -1, leaving at = inf
   Increment on distance indicator: 15.0
   Increment on tard indicator:     0.0
   Value of tmax indicator:         15.0

Task for patient = 34 with skills = {4,-1} and cost = 202.3
   Vehicle #0 = 7, leaving at = 996.0
   Vehicle #1 = -1, leaving at = inf
   Increment on distance indicator: 10.0
   Increment on tard indicator:     0.0
   Value of tmax indicator:         10.0

Task for patient = 46 with skills = {2,4} and cost = 205.0
   Vehicle #0 = 3, leaving at = 1077.0
   Vehicle #1 = 7, leaving at = 1037.0
   Increment on distance indicator: 8.0
   Increment on tard indicator:     0.0
   Value of tmax indicator:         8.0

Task for patient = 31 with skills = {5,-1} and cost = 211.7
   Vehicle #0 = 6, leaving at = 1062.0
   Vehicle #1 = -1, leaving at = inf
   Increment on distance indicator: 20.0
   Increment on tard indicator:     0.0
   Value of tmax indicator:         20.0

Task for patient = 16 with skills = {3,-1} and cost = 214.0
   Vehicle #0 = 8, leaving at = 1034.0
   Vehicle #1 = -1, leaving at = inf
   Increment on distance indicator: 7.0
   Increment on tard indicator:     0.0
   Value of tmax indicator:         7.0

Task for patient = 4 with skills = {5,-1} and cost = 218.3
   Vehicle #0 = 5, leaving at = 871.0
   Vehicle #1 = -1, leaving at = inf
   Increment on distance indicator: 13.0
   Increment on tard indicator:     0.0
   Value of tmax indicator:         13.0

Task for patient = 2 with skills = {5,-1} and cost = 229.3
   Vehicle #0 = 5, leaving at = 923.0
   Vehicle #1 = -1, leaving at = inf
   Increment on distance indicator: 8.0
   Increment on tard indicator:     0.0
   Value of tmax indicator:         8.0

Task for patient = 13 with skills = {2,-1} and cost = 229.7
   Vehicle #0 = 4, leaving at = 958.0
   Vehicle #1 = -1, leaving at = inf
   Increment on distance indicator: 1.0
   Increment on tard indicator:     0.0
   Value of tmax indicator:         1.0

Task for patient = 1 with skills = {1,-1} and cost = 231.0
   Vehicle #0 = 1, leaving at = 1004.0
   Vehicle #1 = -1, leaving at = inf
   Increment on distance indicator: 4.0
   Increment on tard indicator:     0.0
   Value of tmax indicator:         4.0

Task for patient = 33 with skills = {3,-1} and cost = 235.3
   Vehicle #0 = 8, leaving at = 1083.0
   Vehicle #1 = -1, leaving at = inf
   Increment on distance indicator: 13.0
   Increment on tard indicator:     0.0
   Value of tmax indicator:         13.0

Task for patient = 6 with skills = {1,3} and cost = 194.0
   Vehicle #0 = 0, leaving at = 1008.0
   Vehicle #1 = 6, leaving at = 1009.0
   Increment on distance indicator: 32.0
   Increment on tard indicator:     0.0
   Value of tmax indicator:         32.0

Task for patient = 11 with skills = {0,5} and cost = 12.7
   Vehicle #0 = 1, leaving at = 673.0
   Vehicle #1 = 5, leaving at = 668.0
   Increment on distance indicator: 38.0
   Increment on tard indicator:     0.0
   Value of tmax indicator:         38.0

Task for patient = 28 with skills = {2,3} and cost = 33.3
   Vehicle #0 = 2, leaving at = 532.0
   Vehicle #1 = 6, leaving at = 546.0
   Increment on distance indicator: 62.0
   Increment on tard indicator:     0.0
   Value of tmax indicator:         62.0

Task for patient = 25 with skills = {1,5} and cost = 46.7
   Vehicle #0 = 0, leaving at = 521.0
   Vehicle #1 = 7, leaving at = 559.0
   Increment on distance indicator: 40.0
   Increment on tard indicator:     0.0
   Value of tmax indicator:         40.0

Task for patient = 14 with skills = {1,-1} and cost = 48.0
   Vehicle #0 = 0, leaving at = 540.0
   Vehicle #1 = -1, leaving at = inf
   Increment on distance indicator: 4.0
   Increment on tard indicator:     0.0
   Value of tmax indicator:         4.0

Task for patient = 40 with skills = {1,-1} and cost = 51.0
   Vehicle #0 = 0, leaving at = 607.0
   Vehicle #1 = -1, leaving at = inf
   Increment on distance indicator: 9.0
   Increment on tard indicator:     0.0
   Value of tmax indicator:         9.0

Task for patient = 42 with skills = {0,5} and cost = 51.7
   Vehicle #0 = 2, leaving at = 610.0
   Vehicle #1 = 6, leaving at = 578.0
   Increment on distance indicator: 2.0
   Increment on tard indicator:     0.0
   Value of tmax indicator:         2.0

Task for patient = 7 with skills = {3,-1} and cost = 53.0
   Vehicle #0 = 7, leaving at = 594.0
   Vehicle #1 = -1, leaving at = inf
   Increment on distance indicator: 4.0
   Increment on tard indicator:     0.0
   Value of tmax indicator:         4.0

Task for patient = 41 with skills = {3,-1} and cost = 53.7
   Vehicle #0 = 6, leaving at = 638.0
   Vehicle #1 = -1, leaving at = inf
   Increment on distance indicator: 2.0
   Increment on tard indicator:     0.0
   Value of tmax indicator:         2.0

Task for patient = 49 with skills = {4,-1} and cost = 55.0
   Vehicle #0 = 6, leaving at = 686.0
   Vehicle #1 = -1, leaving at = inf
   Increment on distance indicator: 4.0
   Increment on tard indicator:     0.0
   Value of tmax indicator:         4.0

Task for patient = 12 with skills = {1,3} and cost = 60.0
   Vehicle #0 = 0, leaving at = 653.0
   Vehicle #1 = 7, leaving at = 669.0
   Increment on distance indicator: 15.0
   Increment on tard indicator:     0.0
   Value of tmax indicator:         15.0

Task for patient = 23 with skills = {1,-1} and cost = 61.3
   Vehicle #0 = 0, leaving at = 691.0
   Vehicle #1 = -1, leaving at = inf
   Increment on distance indicator: 4.0
   Increment on tard indicator:     0.0
   Value of tmax indicator:         4.0

Task for patient = 30 with skills = {0,-1} and cost = 120.0
   Vehicle #0 = 2, leaving at = 926.0
   Vehicle #1 = -1, leaving at = inf
   Increment on distance indicator: 1.0
   Increment on tard indicator:     0.0
   Value of tmax indicator:         1.0

Task for patient = 26 with skills = {1,4} and cost = 81.7
   Vehicle #0 = 0, leaving at = 724.0
   Vehicle #1 = 8, leaving at = 749.0
   Increment on distance indicator: 19.0
   Increment on tard indicator:     0.0
   Value of tmax indicator:         19.0

Task for patient = 36 with skills = {4,-1} and cost = 86.3
   Vehicle #0 = 7, leaving at = 775.0
   Vehicle #1 = -1, leaving at = inf
   Increment on distance indicator: 14.0
   Increment on tard indicator:     0.0
   Value of tmax indicator:         14.0

Task for patient = 5 with skills = {0,3} and cost = 93.0
   Vehicle #0 = 2, leaving at = 801.0
   Vehicle #1 = 6, leaving at = 815.0
   Increment on distance indicator: 9.0
   Increment on tard indicator:     0.0
   Value of tmax indicator:         9.0

Task for patient = 22 with skills = {1,3} and cost = 97.0
   Vehicle #0 = 0, leaving at = 810.0
   Vehicle #1 = 8, leaving at = 809.0
   Increment on distance indicator: 12.0
   Increment on tard indicator:     0.0
   Value of tmax indicator:         12.0

Task for patient = 9 with skills = {1,3} and cost = 103.7
   Vehicle #0 = 0, leaving at = 877.0
   Vehicle #1 = 8, leaving at = 880.0
   Increment on distance indicator: 20.0
   Increment on tard indicator:     0.0
   Value of tmax indicator:         20.0

Task for patient = 19 with skills = {0,4} and cost = 106.3
   Vehicle #0 = 2, leaving at = 832.0
   Vehicle #1 = 6, leaving at = 850.0
   Increment on distance indicator: 8.0
   Increment on tard indicator:     0.0
   Value of tmax indicator:         8.0

Task for patient = 27 with skills = {2,-1} and cost = 113.3
   Vehicle #0 = 3, leaving at = 641.0
   Vehicle #1 = -1, leaving at = inf
   Increment on distance indicator: 21.0
   Increment on tard indicator:     0.0
   Value of tmax indicator:         21.0

Task for patient = 17 with skills = {3,-1} and cost = 115.0
   Vehicle #0 = 7, leaving at = 795.0
   Vehicle #1 = -1, leaving at = inf
   Increment on distance indicator: 5.0
   Increment on tard indicator:     0.0
   Value of tmax indicator:         5.0

Task for patient = 8 with skills = {4,-1} and cost = 116.0
   Vehicle #0 = 8, leaving at = 912.0
   Vehicle #1 = -1, leaving at = inf
   Increment on distance indicator: 3.0
   Increment on tard indicator:     0.0
   Value of tmax indicator:         3.0

Task for patient = 47 with skills = {1,-1} and cost = 119.7
   Vehicle #0 = 1, leaving at = 824.0
   Vehicle #1 = -1, leaving at = inf
   Increment on distance indicator: 11.0
   Increment on tard indicator:     0.0
   Value of tmax indicator:         11.0

Task for patient = 48 with skills = {2,4} and cost = 125.3
   Vehicle #0 = 3, leaving at = 958.0
   Vehicle #1 = 8, leaving at = 958.0
   Increment on distance indicator: 16.0
   Increment on tard indicator:     0.0
   Value of tmax indicator:         16.0

Task for patient = 32 with skills = {4,-1} and cost = 75.3
   Vehicle #0 = 7, leaving at = 722.0
   Vehicle #1 = -1, leaving at = inf
   Increment on distance indicator: 5.0
   Increment on tard indicator:     0.0
   Value of tmax indicator:         5.0


Unused vehicle list: (total = 0 out of 10)

---
Search finished.
Total of 1900 generations in 60.4 seconds.
Exchange elite runs: 23
Implicit path relinking runs: 10
Reset attempts: 2

Best solution found:
   Cost: 292.0
   Total travel time: 869.0
   Total tardiness time: 4.0
   Largest tardiness: 3.0


292.0
