This host is: malboro
--- BRKGA-MP-IPR for HHCRSP ---
Instance: /home/alberto/work/hhcrsp-dataset-2021/dataset2/HHCRSP_50_10_11_0.4_C_R.txt
Seed: 16

Reading data... Problem contains 50 patients  and 10 caregivers.

Summary of supply x demand for each service type:
Skill 0 has supply = 5 and demand = 16, ratio = 0.3125
Skill 1 has supply = 3 and demand = 10, ratio = 0.3
Skill 2 has supply = 4 and demand = 7, ratio = 0.571429
Skill 3 has supply = 3 and demand = 11, ratio = 0.272727
Skill 4 has supply = 2 and demand = 10, ratio = 0.2
Skill 5 has supply = 2 and demand = 12, ratio = 0.166667

Reading parameters...
Inferred distance function by PR type: kendall-tau
Building BRKGA data and initializing...
Evolving 1900 generations...

  Gens  Rem    Local   ElDiv NoImpr             Best solution            Time  Op
                                       Cost     Dist    Tard    TMax 
*    0 1900  1816.00  231.87      0  1816.00  1397.00  3698.0   353.0     0.1    
*    2 1898  1676.00  180.82      0  1676.00  1412.00  2618.0   335.0     0.2    
*    3 1897  1455.00  173.26      0  1455.00  1597.00  2165.0   342.0     0.3    
*    4 1896  1368.00  162.93      0  1368.00  1289.00  2466.0   321.0     0.3    
*    5 1895  1358.67  130.83      0  1358.67  1268.00  2341.0   397.0     0.4    
*    6 1894  1335.33  129.58      0  1335.33  1225.00  1641.0   240.0     0.5    
*    7 1893  1035.33  135.35      0  1035.33  1285.00  1371.0   288.0     0.5    
*    8 1892   981.33  120.76      0   981.33  1285.00  1371.0   288.0     0.6    
*   10 1890   775.00   97.25      0   775.00  1304.00   768.0   159.0     0.7    
*   11 1889   743.67   90.67      0   743.67  1292.00   653.0   213.0     0.8    
*   12 1888   719.33   79.32      0   719.33  1266.00   571.0   210.0     0.9    
*   13 1887   682.33   67.59      0   682.33  1320.00   563.0   120.0     0.9    
*   14 1886   667.67   64.52      0   667.67  1124.00   258.0    64.0     1.0    
*   15 1885   482.00   55.18      0   482.00  1124.00   258.0    64.0     1.0    
*   20 1880   438.33   37.52      0   438.33  1177.00    65.0    30.0     1.4    

  Gens  Rem    Local   ElDiv NoImpr             Best solution            Time  Op
                                       Cost     Dist    Tard    TMax 
*   21 1879   424.00   36.38      0   424.00  1177.00    65.0    30.0     1.4    
*   26 1874   417.67   22.70      0   417.67  1158.00    72.0    23.0     1.8    
*   28 1872   367.00   19.12      0   367.00  1073.00    14.0    14.0     1.9    
*   40 1860   364.33   14.40      0   364.33  1014.00    62.0    17.0     2.7    
*   43 1857   359.33   14.21      0   359.33  1040.00    28.0    10.0     2.9    
*   45 1855   358.67   13.18      0   358.67  1038.00    28.0    10.0     3.0    
*   47 1853   355.00   12.79      0   355.00  1019.00    36.0    10.0     3.1    
*   50 1850   353.00   12.03      0   353.00  1021.00    21.0    17.0     3.3    
*   54 1846   350.67   11.51      0   350.67   999.00    30.0    14.0     3.6    
*   55 1845   347.67   11.04      0   347.67   999.00    30.0    14.0     3.7    
*   58 1842   346.00   10.58      0   346.00   984.00    36.0    10.0     3.9    
*   59 1841   343.33   10.26      0   343.33   984.00    36.0    10.0     3.9    
*   62 1838   340.00   10.23      0   340.00   980.00    30.0    10.0     4.1    
*   69 1831   339.67    9.58      0   339.67   975.00    33.0    10.0     4.6    
*   70 1830   339.33    9.51      0   339.33   968.00    33.0    10.0     4.7    
*   71 1829   337.00    9.34      0   337.00   968.00    33.0    10.0     4.7    

  Gens  Rem    Local   ElDiv NoImpr             Best solution            Time  Op
                                       Cost     Dist    Tard    TMax 
*   75 1825   336.33    8.56      0   336.33   966.00    33.0    10.0     5.0    
*   77 1823   336.00    7.68      0   336.00   965.00    33.0    10.0     5.1    
    80 1820   336.00    4.48      4   336.00   965.00    33.0    10.0     5.3   X
*   82 1818   335.67    4.36      0   335.67   964.00    33.0    10.0     5.4    
   100 1800   335.67    0.00     18   335.67   964.00    33.0    10.0     6.6    
*  127 1773   335.33    0.02      0   335.33   963.00    33.0    10.0     8.4    
*  142 1758   333.67    0.19      0   333.67   958.00    33.0    10.0     9.4    
*  145 1755   333.33    0.37      0   333.33   957.00    33.0    10.0     9.6    
   150 1750   333.33    1.10      5   333.33   957.00    33.0    10.0     9.9    
   160 1740   333.33    1.10     16   333.33   957.00    33.0    10.0    10.5   X
Path relinking result: no improvement.
   180 1720   333.33    0.00     36   333.33   957.00    33.0    10.0    11.9   P
   200 1700   333.33    0.00     55   333.33   957.00    33.0    10.0    13.2    
   224 1676      inf  275.49      0   333.33   957.00    33.0    10.0    14.7   R
   225 1675  1845.00  229.99      0   333.33   957.00    33.0    10.0    14.8    
   240 1660   581.67   50.80      0   333.33   957.00    33.0    10.0    15.8   X
   250 1650   443.00   23.95      1   333.33   957.00    33.0    10.0    16.4    

  Gens  Rem    Local   ElDiv NoImpr             Best solution            Time  Op
                                       Cost     Dist    Tard    TMax 
   300 1600   341.67    8.48      1   333.33   957.00    33.0    10.0    19.7    
*  315 1585   333.00    6.80      0   333.00   959.00    30.0    10.0    20.7    
*  318 1582   332.67    6.10      0   332.67   958.00    30.0    10.0    20.9    
   320 1580   332.67    2.43      3   332.67   958.00    30.0    10.0    21.0   X
*  346 1554   331.67    0.46      0   331.67   955.00    30.0    10.0    22.8    
   350 1550   331.67    0.37      4   331.67   955.00    30.0    10.0    23.0    
Path relinking result: elite improvement.
   360 1540   331.67    0.60     15   331.67   955.00    30.0    10.0    23.7   P
   400 1500   331.67    0.47     54   331.67   955.00    30.0    10.0    26.3    
   400 1500   331.67    0.00     55   331.67   955.00    30.0    10.0    26.3   X
   425 1475      inf  266.98      0   331.67   955.00    30.0    10.0    27.9   R
   426 1474  1843.00  241.63      0   331.67   955.00    30.0    10.0    28.0    
   450 1450   423.33   37.76      2   331.67   955.00    30.0    10.0    29.6    
   480 1420   355.33    5.52      1   331.67   955.00    30.0    10.0    31.5   X
   500 1400   352.67    3.77      5   331.67   955.00    30.0    10.0    32.9    
Path relinking result: elite improvement.
   540 1360   339.33    5.17      5   331.67   955.00    30.0    10.0    35.5   P
   550 1350   336.00    3.64      5   331.67   955.00    30.0    10.0    36.1    

  Gens  Rem    Local   ElDiv NoImpr             Best solution            Time  Op
                                       Cost     Dist    Tard    TMax 
   560 1340   335.67    0.96      8   331.67   955.00    30.0    10.0    36.8   X
   600 1300   333.67    0.00     35   331.67   955.00    30.0    10.0    39.4    
   640 1260   333.67    0.00     76   331.67   955.00    30.0    10.0    42.0   X
   644 1256      inf  258.05      0   331.67   955.00    30.0    10.0    42.3   R
   645 1255  2004.67  226.79      0   331.67   955.00    30.0    10.0    42.4    
   650 1250  1145.67  152.47      2   331.67   955.00    30.0    10.0    42.7    
   700 1200   351.00   10.82      0   331.67   955.00    30.0    10.0    46.0    
Path relinking result: elite improvement.
   720 1180   340.33    0.91      0   331.67   955.00    30.0    10.0    47.3  PX
   750 1150   339.33    1.38      3   331.67   955.00    30.0    10.0    49.3    
   800 1100   336.67    1.76      2   331.67   955.00    30.0    10.0    52.5    
   800 1100   336.67    0.96      3   331.67   955.00    30.0    10.0    52.5   X
   850 1050   336.67    0.04     52   331.67   955.00    30.0    10.0    55.8    
   877 1023      inf  282.47      0   331.67   955.00    30.0    10.0    57.6   R
   878 1022  2033.33  218.27      0   331.67   955.00    30.0    10.0    57.7    
   880 1020  1604.00  141.33      1   331.67   955.00    30.0    10.0    57.8   X
   900 1000   431.67   39.52      0   331.67   955.00    30.0    10.0    59.1    
Path relinking result: elite improvement.

  Gens  Rem    Local   ElDiv NoImpr             Best solution            Time  Op
                                       Cost     Dist    Tard    TMax 
   900 1000   421.33   40.03      0   331.67   955.00    30.0    10.0    59.1   P
   950  950   339.33    4.35      0   331.67   955.00    30.0    10.0    62.4    
   960  940   336.67    1.54      2   331.67   955.00    30.0    10.0    63.1   X
  1000  900   334.33    0.00     23   331.67   955.00    30.0    10.0    65.7    
  1040  860   334.33    0.00     64   331.67   955.00    30.0    10.0    68.3   X
  1050  850   334.33    0.00     73   331.67   955.00    30.0    10.0    68.9    
  1056  844      inf  288.34      0   331.67   955.00    30.0    10.0    69.4   R
  1057  843  1703.33  262.13      0   331.67   955.00    30.0    10.0    69.4    
Path relinking result: elite improvement.
  1080  820   426.33   32.57      1   331.67   955.00    30.0    10.0    70.9   P
  1100  800   374.67   10.85      0   331.67   955.00    30.0    10.0    72.2    
  1120  780   346.33    4.02      1   331.67   955.00    30.0    10.0    73.6   X
  1150  750   336.33    6.21      1   331.67   955.00    30.0    10.0    75.5    
  1200  700   334.33    0.79     24   331.67   955.00    30.0    10.0    78.8    
  1200  700   334.33    0.79     25   331.67   955.00    30.0    10.0    78.8   X
  1250  650   333.33    0.08     14   331.67   955.00    30.0    10.0    82.1    
Path relinking result: no improvement.
  1260  640   333.33    0.10     25   331.67   955.00    30.0    10.0    82.7   P

  Gens  Rem    Local   ElDiv NoImpr             Best solution            Time  Op
                                       Cost     Dist    Tard    TMax 
  1280  620   333.33    0.47     45   331.67   955.00    30.0    10.0    84.1   X
  1300  600   333.33    0.00     64   331.67   955.00    30.0    10.0    85.4    
  1315  585      inf  288.56      0   331.67   955.00    30.0    10.0    86.4   R
  1316  584  1932.00  228.97      0   331.67   955.00    30.0    10.0    86.4    
  1350  550   370.67   14.47      3   331.67   955.00    30.0    10.0    88.7    
  1360  540   358.67    8.66      0   331.67   955.00    30.0    10.0    89.3   X
  1400  500   346.67    3.77      1   331.67   955.00    30.0    10.0    91.9    
Path relinking result: elite improvement.
  1440  460   339.33    0.43      6   331.67   955.00    30.0    10.0    94.6  PX
  1450  450   339.33    0.36     15   331.67   955.00    30.0    10.0    95.2    
  1500  400   336.33    0.47     22   331.67   955.00    30.0    10.0    98.5    
  1520  380   336.33    0.00     43   331.67   955.00    30.0    10.0    99.8   X
  1550  350   336.33    0.00     72   331.67   955.00    30.0    10.0   101.8    
  1557  343      inf  288.42      0   331.67   955.00    30.0    10.0   102.2   R
  1558  342  1717.67  243.88      0   331.67   955.00    30.0    10.0   102.3    
  1600  300   359.00   11.38      2   331.67   955.00    30.0    10.0   105.1    
  1600  300   359.00    8.30      3   331.67   955.00    30.0    10.0   105.1   X
Path relinking result: elite improvement.

  Gens  Rem    Local   ElDiv NoImpr             Best solution            Time  Op
                                       Cost     Dist    Tard    TMax 
  1620  280   344.33    5.34      5   331.67   955.00    30.0    10.0   106.4   P
  1650  250   336.67    1.36      1   331.67   955.00    30.0    10.0   108.4    
  1680  220   333.67    0.00     15   331.67   955.00    30.0    10.0   110.3   X
  1700  200   333.33    0.03     17   331.67   955.00    30.0    10.0   111.6    
  1750  150   333.33    0.11     67   331.67   955.00    30.0    10.0   114.9    
  1760  140   333.33    0.16     78   331.67   955.00    30.0    10.0   115.6   X
  1762  138      inf  289.83      0   331.67   955.00    30.0    10.0   115.7   R
  1763  137  1696.33  257.33      0   331.67   955.00    30.0    10.0   115.8    
  1800  100   379.00   14.19      0   331.67   955.00    30.0    10.0   118.2    
Path relinking result: elite improvement.
  1800  100   379.00   14.23      1   331.67   955.00    30.0    10.0   118.2   P
  1840   60   343.33    1.17      2   331.67   955.00    30.0    10.0   120.8   X
  1850   50   343.33    1.19     11   331.67   955.00    30.0    10.0   121.5    
  1900    0   336.67    1.71      7   331.67   955.00    30.0    10.0   124.7    
Evolutionary process finished.
Solution written to 'solution-7972.txt'.

Sorted sequence of worst to best tardiness value:
Task for patient = 9 with skills = {5,-1} and cost = 158.7
   Vehicle #0 = 8, leaving at = 918.0
   Vehicle #1 = -1, leaving at = inf
   Increment on distance indicator: 3.0
   Increment on tard indicator:     10.0
   Value of tmax indicator:         3.0

Task for patient = 13 with skills = {0,5} and cost = 199.3
   Vehicle #0 = 4, leaving at = 908.0
   Vehicle #1 = 6, leaving at = 908.0
   Increment on distance indicator: 28.0
   Increment on tard indicator:     10.0
   Value of tmax indicator:         28.0

Task for patient = 18 with skills = {0,5} and cost = 231.3
   Vehicle #0 = 1, leaving at = 979.0
   Vehicle #1 = 6, leaving at = 979.0
   Increment on distance indicator: 13.0
   Increment on tard indicator:     6.0
   Value of tmax indicator:         13.0

Task for patient = 49 with skills = {1,4} and cost = 274.3
   Vehicle #0 = 3, leaving at = 1032.0
   Vehicle #1 = 5, leaving at = 1086.0
   Increment on distance indicator: 34.0
   Increment on tard indicator:     4.0
   Value of tmax indicator:         34.0

Task for patient = 30 with skills = {0,3} and cost = 132.3
   Vehicle #0 = 0, leaving at = 696.0
   Vehicle #1 = 9, leaving at = 706.0
   Increment on distance indicator: 41.0
   Increment on tard indicator:     3.0
   Value of tmax indicator:         41.0

Task for patient = 4 with skills = {5,-1} and cost = 163.3
   Vehicle #0 = 6, leaving at = 854.0
   Vehicle #1 = -1, leaving at = inf
   Increment on distance indicator: 14.0
   Increment on tard indicator:     0.0
   Value of tmax indicator:         14.0

Task for patient = 24 with skills = {2,-1} and cost = 169.0
   Vehicle #0 = 2, leaving at = 788.0
   Vehicle #1 = -1, leaving at = inf
   Increment on distance indicator: 17.0
   Increment on tard indicator:     0.0
   Value of tmax indicator:         17.0

Task for patient = 35 with skills = {2,-1} and cost = 171.7
   Vehicle #0 = 3, leaving at = 911.0
   Vehicle #1 = -1, leaving at = inf
   Increment on distance indicator: 8.0
   Increment on tard indicator:     0.0
   Value of tmax indicator:         8.0

Task for patient = 12 with skills = {4,-1} and cost = 172.7
   Vehicle #0 = 8, leaving at = 951.0
   Vehicle #1 = -1, leaving at = inf
   Increment on distance indicator: 3.0
   Increment on tard indicator:     0.0
   Value of tmax indicator:         3.0

Task for patient = 25 with skills = {0,4} and cost = 184.0
   Vehicle #0 = 0, leaving at = 917.0
   Vehicle #1 = 5, leaving at = 918.0
   Increment on distance indicator: 34.0
   Increment on tard indicator:     0.0
   Value of tmax indicator:         34.0

Task for patient = 36 with skills = {3,-1} and cost = 186.7
   Vehicle #0 = 7, leaving at = 820.0
   Vehicle #1 = -1, leaving at = inf
   Increment on distance indicator: 8.0
   Increment on tard indicator:     0.0
   Value of tmax indicator:         8.0

Task for patient = 38 with skills = {2,3} and cost = 261.0
   Vehicle #0 = 2, leaving at = 1123.0
   Vehicle #1 = 7, leaving at = 1123.0
   Increment on distance indicator: 20.0
   Increment on tard indicator:     0.0
   Value of tmax indicator:         20.0

Task for patient = 22 with skills = {0,3} and cost = 209.7
   Vehicle #0 = 2, leaving at = 887.0
   Vehicle #1 = 7, leaving at = 887.0
   Increment on distance indicator: 31.0
   Increment on tard indicator:     0.0
   Value of tmax indicator:         31.0

Task for patient = 47 with skills = {1,-1} and cost = 213.0
   Vehicle #0 = 2, leaving at = 933.0
   Vehicle #1 = -1, leaving at = inf
   Increment on distance indicator: 10.0
   Increment on tard indicator:     0.0
   Value of tmax indicator:         10.0

Task for patient = 3 with skills = {0,3} and cost = 218.7
   Vehicle #0 = 2, leaving at = 1001.0
   Vehicle #1 = 7, leaving at = 1001.0
   Increment on distance indicator: 12.0
   Increment on tard indicator:     0.0
   Value of tmax indicator:         12.0

Task for patient = 37 with skills = {4,-1} and cost = 225.0
   Vehicle #0 = 5, leaving at = 978.0
   Vehicle #1 = -1, leaving at = inf
   Increment on distance indicator: 19.0
   Increment on tard indicator:     0.0
   Value of tmax indicator:         19.0

Task for patient = 7 with skills = {4,-1} and cost = 254.3
   Vehicle #0 = 5, leaving at = 1019.0
   Vehicle #1 = -1, leaving at = inf
   Increment on distance indicator: 5.0
   Increment on tard indicator:     0.0
   Value of tmax indicator:         5.0

Task for patient = 2 with skills = {1,-1} and cost = 232.3
   Vehicle #0 = 4, leaving at = 983.0
   Vehicle #1 = -1, leaving at = inf
   Increment on distance indicator: 3.0
   Increment on tard indicator:     0.0
   Value of tmax indicator:         3.0

Task for patient = 1 with skills = {5,-1} and cost = 234.3
   Vehicle #0 = 8, leaving at = 1031.0
   Vehicle #1 = -1, leaving at = inf
   Increment on distance indicator: 6.0
   Increment on tard indicator:     0.0
   Value of tmax indicator:         6.0

Task for patient = 17 with skills = {3,-1} and cost = 236.7
   Vehicle #0 = 9, leaving at = 881.0
   Vehicle #1 = -1, leaving at = inf
   Increment on distance indicator: 7.0
   Increment on tard indicator:     0.0
   Value of tmax indicator:         7.0

Task for patient = 50 with skills = {0,-1} and cost = 240.3
   Vehicle #0 = 4, leaving at = 1014.0
   Vehicle #1 = -1, leaving at = inf
   Increment on distance indicator: 11.0
   Increment on tard indicator:     0.0
   Value of tmax indicator:         11.0

Task for patient = 39 with skills = {0,-1} and cost = 243.7
   Vehicle #0 = 3, leaving at = 960.0
   Vehicle #1 = -1, leaving at = inf
   Increment on distance indicator: 10.0
   Increment on tard indicator:     0.0
   Value of tmax indicator:         10.0

Task for patient = 10 with skills = {0,5} and cost = 248.7
   Vehicle #0 = 2, leaving at = 1060.0
   Vehicle #1 = 8, leaving at = 1060.0
   Increment on distance indicator: 15.0
   Increment on tard indicator:     0.0
   Value of tmax indicator:         15.0

Task for patient = 19 with skills = {3,-1} and cost = 250.7
   Vehicle #0 = 7, leaving at = 1057.0
   Vehicle #1 = -1, leaving at = inf
   Increment on distance indicator: 6.0
   Increment on tard indicator:     0.0
   Value of tmax indicator:         6.0

Task for patient = 15 with skills = {2,-1} and cost = 252.7
   Vehicle #0 = 4, leaving at = 1079.0
   Vehicle #1 = -1, leaving at = inf
   Increment on distance indicator: 6.0
   Increment on tard indicator:     0.0
   Value of tmax indicator:         6.0

Task for patient = 28 with skills = {0,-1} and cost = 214.7
   Vehicle #0 = 4, leaving at = 961.0
   Vehicle #1 = -1, leaving at = inf
   Increment on distance indicator: 5.0
   Increment on tard indicator:     0.0
   Value of tmax indicator:         5.0

Task for patient = 26 with skills = {0,5} and cost = 18.7
   Vehicle #0 = 0, leaving at = 575.0
   Vehicle #1 = 6, leaving at = 575.0
   Increment on distance indicator: 56.0
   Increment on tard indicator:     0.0
   Value of tmax indicator:         56.0

Task for patient = 33 with skills = {4,-1} and cost = 30.3
   Vehicle #0 = 5, leaving at = 716.0
   Vehicle #1 = -1, leaving at = inf
   Increment on distance indicator: 35.0
   Increment on tard indicator:     0.0
   Value of tmax indicator:         35.0

Task for patient = 34 with skills = {2,5} and cost = 41.7
   Vehicle #0 = 2, leaving at = 610.0
   Vehicle #1 = 8, leaving at = 596.0
   Increment on distance indicator: 34.0
   Increment on tard indicator:     0.0
   Value of tmax indicator:         34.0

Task for patient = 40 with skills = {1,-1} and cost = 45.3
   Vehicle #0 = 2, leaving at = 646.0
   Vehicle #1 = -1, leaving at = inf
   Increment on distance indicator: 11.0
   Increment on tard indicator:     0.0
   Value of tmax indicator:         11.0

Task for patient = 20 with skills = {5,-1} and cost = 49.3
   Vehicle #0 = 6, leaving at = 625.0
   Vehicle #1 = -1, leaving at = inf
   Increment on distance indicator: 12.0
   Increment on tard indicator:     0.0
   Value of tmax indicator:         12.0

Task for patient = 41 with skills = {5,-1} and cost = 58.7
   Vehicle #0 = 8, leaving at = 661.0
   Vehicle #1 = -1, leaving at = inf
   Increment on distance indicator: 28.0
   Increment on tard indicator:     0.0
   Value of tmax indicator:         28.0

Task for patient = 27 with skills = {0,-1} and cost = 64.3
   Vehicle #0 = 0, leaving at = 639.0
   Vehicle #1 = -1, leaving at = inf
   Increment on distance indicator: 17.0
   Increment on tard indicator:     0.0
   Value of tmax indicator:         17.0

Task for patient = 43 with skills = {1,5} and cost = 74.3
   Vehicle #0 = 2, leaving at = 687.0
   Vehicle #1 = 8, leaving at = 735.0
   Increment on distance indicator: 30.0
   Increment on tard indicator:     0.0
   Value of tmax indicator:         30.0

Task for patient = 32 with skills = {1,-1} and cost = 82.7
   Vehicle #0 = 3, leaving at = 619.0
   Vehicle #1 = -1, leaving at = inf
   Increment on distance indicator: 25.0
   Increment on tard indicator:     0.0
   Value of tmax indicator:         25.0

Task for patient = 42 with skills = {1,3} and cost = 87.3
   Vehicle #0 = 3, leaving at = 689.0
   Vehicle #1 = 6, leaving at = 689.0
   Increment on distance indicator: 14.0
   Increment on tard indicator:     0.0
   Value of tmax indicator:         14.0

Task for patient = 6 with skills = {4,-1} and cost = 89.3
   Vehicle #0 = 8, leaving at = 792.0
   Vehicle #1 = -1, leaving at = inf
   Increment on distance indicator: 6.0
   Increment on tard indicator:     0.0
   Value of tmax indicator:         6.0

Task for patient = 8 with skills = {4,-1} and cost = 261.7
   Vehicle #0 = 8, leaving at = 1080.0
   Vehicle #1 = -1, leaving at = inf
   Increment on distance indicator: 2.0
   Increment on tard indicator:     0.0
   Value of tmax indicator:         2.0

Task for patient = 5 with skills = {1,-1} and cost = 100.0
   Vehicle #0 = 4, leaving at = 608.0
   Vehicle #1 = -1, leaving at = inf
   Increment on distance indicator: 25.0
   Increment on tard indicator:     0.0
   Value of tmax indicator:         25.0

Task for patient = 16 with skills = {2,3} and cost = 104.0
   Vehicle #0 = 3, leaving at = 735.0
   Vehicle #1 = 6, leaving at = 747.0
   Increment on distance indicator: 12.0
   Increment on tard indicator:     0.0
   Value of tmax indicator:         12.0

Task for patient = 14 with skills = {3,-1} and cost = 111.0
   Vehicle #0 = 7, leaving at = 547.0
   Vehicle #1 = -1, leaving at = inf
   Increment on distance indicator: 21.0
   Increment on tard indicator:     0.0
   Value of tmax indicator:         21.0

Task for patient = 44 with skills = {1,-1} and cost = 113.7
   Vehicle #0 = 4, leaving at = 670.0
   Vehicle #1 = -1, leaving at = inf
   Increment on distance indicator: 8.0
   Increment on tard indicator:     0.0
   Value of tmax indicator:         8.0

Task for patient = 48 with skills = {1,-1} and cost = 116.7
   Vehicle #0 = 2, leaving at = 722.0
   Vehicle #1 = -1, leaving at = inf
   Increment on distance indicator: 9.0
   Increment on tard indicator:     0.0
   Value of tmax indicator:         9.0

Task for patient = 29 with skills = {0,-1} and cost = 134.7
   Vehicle #0 = 4, leaving at = 724.0
   Vehicle #1 = -1, leaving at = inf
   Increment on distance indicator: 7.0
   Increment on tard indicator:     0.0
   Value of tmax indicator:         7.0

Task for patient = 11 with skills = {0,4} and cost = 136.3
   Vehicle #0 = 0, leaving at = 761.0
   Vehicle #1 = 5, leaving at = 799.0
   Increment on distance indicator: 5.0
   Increment on tard indicator:     0.0
   Value of tmax indicator:         5.0

Task for patient = 46 with skills = {2,-1} and cost = 138.0
   Vehicle #0 = 4, leaving at = 763.0
   Vehicle #1 = -1, leaving at = inf
   Increment on distance indicator: 5.0
   Increment on tard indicator:     0.0
   Value of tmax indicator:         5.0

Task for patient = 31 with skills = {0,5} and cost = 141.3
   Vehicle #0 = 3, leaving at = 794.0
   Vehicle #1 = 6, leaving at = 792.0
   Increment on distance indicator: 10.0
   Increment on tard indicator:     0.0
   Value of tmax indicator:         10.0

Task for patient = 21 with skills = {4,-1} and cost = 147.0
   Vehicle #0 = 8, leaving at = 863.0
   Vehicle #1 = -1, leaving at = inf
   Increment on distance indicator: 17.0
   Increment on tard indicator:     0.0
   Value of tmax indicator:         17.0

Task for patient = 23 with skills = {3,-1} and cost = 152.0
   Vehicle #0 = 9, leaving at = 774.0
   Vehicle #1 = -1, leaving at = inf
   Increment on distance indicator: 15.0
   Increment on tard indicator:     0.0
   Value of tmax indicator:         15.0

Task for patient = 45 with skills = {0,-1} and cost = 91.7
   Vehicle #0 = 0, leaving at = 661.0
   Vehicle #1 = -1, leaving at = inf
   Increment on distance indicator: 7.0
   Increment on tard indicator:     0.0
   Value of tmax indicator:         7.0


Unused vehicle list: (total = 0 out of 10)

---
Search finished.
Total of 1900 generations in 124.7 seconds.
Exchange elite runs: 23
Implicit path relinking runs: 10
Reset attempts: 8

Best solution found:
   Cost: 331.7
   Total travel time: 955.0
   Total tardiness time: 30.0
   Largest tardiness: 10.0


331.7
