This host is: panku
--- BRKGA-MP-IPR for HHCRSP ---
Instance: new-dataset/instances-25/HHCRSP_25_5_80_0.8_C_RC.txt
Seed: 13

Reading data... Problem contains 25 patients  and 5 caregivers.

Summary of supply x demand for each service type:
Skill 0 has supply = 1 and demand = 6, ratio = 0.166667
Skill 1 has supply = 1 and demand = 10, ratio = 0.1
Skill 2 has supply = 1 and demand = 3, ratio = 0.333333
Skill 3 has supply = 2 and demand = 4, ratio = 0.5
Skill 4 has supply = 1 and demand = 5, ratio = 0.2
Skill 5 has supply = 2 and demand = 5, ratio = 0.4

Reading parameters...
Inferred distance function by PR type: kendall-tau
Building BRKGA data and initializing...
Evolving 1900 generations...

  Gens  Rem    Local   ElDiv NoImpr             Best solution            Time  Op
                                       Cost     Dist    Tard    TMax 
*    0 1900  1120.67  236.62      0  1120.67   853.00  2189.0   320.0     0.0    
*    3 1897  1073.00  155.84      0  1073.00   820.00  1830.0   392.0     0.1    
*    4 1896  1014.00  137.30      0  1014.00   778.00  1463.0   258.0     0.2    
*    5 1895   833.00  114.75      0   833.00   846.00  1276.0   296.0     0.2    
*    6 1894   806.00   99.42      0   806.00   693.00  1100.0   176.0     0.2    
*    7 1893   656.33   86.04      0   656.33   693.00  1100.0   176.0     0.3    
*    9 1891   570.33   68.61      0   570.33   801.00   700.0   191.0     0.3    
*   10 1890   564.00   60.86      0   564.00   801.00   700.0   191.0     0.3    
*   12 1888   532.00   47.42      0   532.00   785.00   604.0   160.0     0.4    
*   13 1887   516.33   38.50      0   516.33   785.00   604.0   160.0     0.4    
*   15 1885   488.00   29.78      0   488.00   786.00   452.0   161.0     0.5    
*   16 1884   466.33   28.32      0   466.33   739.00   422.0   197.0     0.5    
*   17 1883   452.67   25.89      0   452.67   739.00   422.0   197.0     0.5    
*   19 1881   451.33   19.60      0   451.33   750.00   395.0   204.0     0.6    
*   20 1880   449.67   15.15      0   449.67   750.00   395.0   204.0     0.6    

  Gens  Rem    Local   ElDiv NoImpr             Best solution            Time  Op
                                       Cost     Dist    Tard    TMax 
*   22 1878   447.00    9.26      0   447.00   759.00   379.0   199.0     0.6    
*   23 1877   445.67    8.16      0   445.67   755.00   417.0   161.0     0.7    
*   24 1876   444.33    6.37      0   444.33   740.00   417.0   161.0     0.7    
*   25 1875   439.33    5.18      0   439.33   740.00   417.0   161.0     0.7    
*   27 1873   439.00    3.85      0   439.00   736.00   417.0   161.0     0.8    
*   28 1872   438.00    3.25      0   438.00   736.00   417.0   161.0     0.8    
*   31 1869   436.67    2.34      0   436.67   732.00   417.0   161.0     0.9    
    50 1850   436.67    1.17     19   436.67   732.00   417.0   161.0     1.4    
    80 1820   436.67    0.00     50   436.67   732.00   417.0   161.0     2.1   X
   100 1800   436.67    0.00     69   436.67   732.00   417.0   161.0     2.6    
   150 1750   436.67    0.00    119   436.67   732.00   417.0   161.0     3.9    
   160 1740   436.67    0.00    130   436.67   732.00   417.0   161.0     4.2   X
Path relinking result: no improvement.
   180 1720   436.67    0.00    150   436.67   732.00   417.0   161.0     4.7   P
   200 1700   436.67    0.00    169   436.67   732.00   417.0   161.0     5.2    
   240 1660   436.67    0.00    210   436.67   732.00   417.0   161.0     6.2   X
   250 1650   436.67    0.00    219   436.67   732.00   417.0   161.0     6.5    

  Gens  Rem    Local   ElDiv NoImpr             Best solution            Time  Op
                                       Cost     Dist    Tard    TMax 
   300 1600   436.67    0.00    269   436.67   732.00   417.0   161.0     7.8    
   320 1580   436.67    0.00    290   436.67   732.00   417.0   161.0     8.3   X
   350 1550   436.67    0.00    319   436.67   732.00   417.0   161.0     9.1    
Path relinking result: no improvement.
   360 1540   436.67    0.00    330   436.67   732.00   417.0   161.0     9.4   P
   400 1500   436.67    0.00    369   436.67   732.00   417.0   161.0    10.4    
   400 1500   436.67    0.00    370   436.67   732.00   417.0   161.0    10.4   X
   450 1450   436.67    0.00    419   436.67   732.00   417.0   161.0    11.7    
   480 1420   436.67    0.00    450   436.67   732.00   417.0   161.0    12.5   X
   500 1400   436.67    0.00    469   436.67   732.00   417.0   161.0    13.0    
Path relinking result: no improvement.
   540 1360   436.67    0.00    510   436.67   732.00   417.0   161.0    14.0   P
   550 1350   436.67    0.00    519   436.67   732.00   417.0   161.0    14.3    
   560 1340   436.67    0.00    530   436.67   732.00   417.0   161.0    14.5   X
   600 1300   436.67    0.00    569   436.67   732.00   417.0   161.0    15.6    
   640 1260   436.67    0.00    610   436.67   732.00   417.0   161.0    16.6   X
   650 1250   436.67    0.00    619   436.67   732.00   417.0   161.0    16.8    
   700 1200   436.67    0.00    669   436.67   732.00   417.0   161.0    18.1    
Path relinking result: no improvement.

  Gens  Rem    Local   ElDiv NoImpr             Best solution            Time  Op
                                       Cost     Dist    Tard    TMax 
   720 1180   436.67    0.00    690   436.67   732.00   417.0   161.0    18.6  PX
   730 1170      inf  278.10      0   436.67   732.00   417.0   161.0    18.9   R
   731 1169  1134.00  226.53      0   436.67   732.00   417.0   161.0    18.9    
   750 1150   443.67   17.63      0   436.67   732.00   417.0   161.0    19.4    
   800 1100   436.67    0.18     13   436.67   732.00   417.0   161.0    20.7    
   800 1100   436.67    0.00     14   436.67   732.00   417.0   161.0    20.7   X
   850 1050   436.67    0.00     63   436.67   732.00   417.0   161.0    22.0    
   880 1020   436.67    0.00     94   436.67   732.00   417.0   161.0    22.8   X
   900 1000   436.67    0.00    113   436.67   732.00   417.0   161.0    23.3    
Path relinking result: no improvement.
   900 1000   436.67    0.00    114   436.67   732.00   417.0   161.0    23.3   P
   950  950   436.67    0.00    163   436.67   732.00   417.0   161.0    24.6    
   960  940   436.67    0.00    174   436.67   732.00   417.0   161.0    24.8   X
  1000  900   436.67    0.00    213   436.67   732.00   417.0   161.0    25.9    
  1040  860   436.67    0.00    254   436.67   732.00   417.0   161.0    26.9   X
  1050  850   436.67    0.00    263   436.67   732.00   417.0   161.0    27.2    
Path relinking result: no improvement.
  1080  820   436.67    0.00    294   436.67   732.00   417.0   161.0    27.9   P

  Gens  Rem    Local   ElDiv NoImpr             Best solution            Time  Op
                                       Cost     Dist    Tard    TMax 
  1100  800   436.67    0.00    313   436.67   732.00   417.0   161.0    28.4    
  1120  780   436.67    0.00    334   436.67   732.00   417.0   161.0    28.9   X
  1150  750   436.67    0.00    363   436.67   732.00   417.0   161.0    29.7    
  1200  700   436.67    0.00    413   436.67   732.00   417.0   161.0    31.0    
  1200  700   436.67    0.00    414   436.67   732.00   417.0   161.0    31.0   X
  1250  650   436.67    0.00    463   436.67   732.00   417.0   161.0    32.3    
Path relinking result: no improvement.
  1260  640   436.67    0.00    474   436.67   732.00   417.0   161.0    32.5   P
  1280  620   436.67    0.00    494   436.67   732.00   417.0   161.0    33.1   X
  1300  600   436.67    0.00    513   436.67   732.00   417.0   161.0    33.6    
  1350  550   436.67    0.00    563   436.67   732.00   417.0   161.0    34.9    
  1360  540   436.67    0.00    574   436.67   732.00   417.0   161.0    35.1   X
  1400  500   436.67    0.00    613   436.67   732.00   417.0   161.0    36.2    
Path relinking result: no improvement.
  1440  460   436.67    0.00    654   436.67   732.00   417.0   161.0    37.2  PX
  1450  450   436.67    0.00    663   436.67   732.00   417.0   161.0    37.5    
  1486  414      inf  273.04      0   436.67   732.00   417.0   161.0    38.4   R
  1487  413  1237.33  212.56      0   436.67   732.00   417.0   161.0    38.4    

  Gens  Rem    Local   ElDiv NoImpr             Best solution            Time  Op
                                       Cost     Dist    Tard    TMax 
  1500  400   483.00   42.59      0   436.67   732.00   417.0   161.0    38.7    
  1520  380   436.67    0.88      4   436.67   732.00   417.0   161.0    39.3   X
  1550  350   436.67    0.00     33   436.67   732.00   417.0   161.0    40.1    
  1600  300   436.67    0.00     83   436.67   732.00   417.0   161.0    41.4    
  1600  300   436.67    0.00     84   436.67   732.00   417.0   161.0    41.4   X
Path relinking result: no improvement.
  1620  280   436.67    0.00    104   436.67   732.00   417.0   161.0    41.9   P
  1650  250   436.67    0.00    133   436.67   732.00   417.0   161.0    42.6    
  1680  220   436.67    0.00    164   436.67   732.00   417.0   161.0    43.4   X
  1700  200   436.67    0.00    183   436.67   732.00   417.0   161.0    43.9    
  1750  150   436.67    0.00    233   436.67   732.00   417.0   161.0    45.2    
  1760  140   436.67    0.00    244   436.67   732.00   417.0   161.0    45.5   X
  1800  100   436.67    0.00    283   436.67   732.00   417.0   161.0    46.5    
Path relinking result: no improvement.
  1800  100   436.67    0.00    284   436.67   732.00   417.0   161.0    46.5   P
  1840   60   436.67    0.00    324   436.67   732.00   417.0   161.0    47.5   X
  1850   50   436.67    0.00    333   436.67   732.00   417.0   161.0    47.8    
  1900    0   436.67    0.00    383   436.67   732.00   417.0   161.0    49.1    
Evolutionary process finished.
Solution written to 'solution-30651.txt'.

Sorted sequence of worst to best tardiness value:
Task for patient = 22 with skills = {1,-1} and cost = 357.0
   Vehicle #0 = 1, leaving at = 1212.0
   Vehicle #1 = -1, leaving at = inf
   Increment on distance indicator: 7.0
   Increment on tard indicator:     161.0
   Value of tmax indicator:         7.0

Task for patient = 24 with skills = {1,-1} and cost = 409.0
   Vehicle #0 = 1, leaving at = 1255.0
   Vehicle #1 = -1, leaving at = inf
   Increment on distance indicator: 5.0
   Increment on tard indicator:     151.0
   Value of tmax indicator:         5.0

Task for patient = 23 with skills = {1,-1} and cost = 256.0
   Vehicle #0 = 1, leaving at = 1162.0
   Vehicle #1 = -1, leaving at = inf
   Increment on distance indicator: 34.0
   Increment on tard indicator:     104.0
   Value of tmax indicator:         34.0

Task for patient = 18 with skills = {1,-1} and cost = 173.3
   Vehicle #0 = 1, leaving at = 1043.0
   Vehicle #1 = -1, leaving at = inf
   Increment on distance indicator: 16.0
   Increment on tard indicator:     1.0
   Value of tmax indicator:         16.0

Task for patient = 20 with skills = {0,4} and cost = 282.0
   Vehicle #0 = 0, leaving at = 1019.0
   Vehicle #1 = 2, leaving at = 1020.0
   Increment on distance indicator: 46.0
   Increment on tard indicator:     0.0
   Value of tmax indicator:         46.0

Task for patient = 5 with skills = {3,-1} and cost = 266.7
   Vehicle #0 = 3, leaving at = 930.0
   Vehicle #1 = -1, leaving at = inf
   Increment on distance indicator: 32.0
   Increment on tard indicator:     0.0
   Value of tmax indicator:         32.0

Task for patient = 3 with skills = {1,-1} and cost = 175.7
   Vehicle #0 = 1, leaving at = 1069.0
   Vehicle #1 = -1, leaving at = inf
   Increment on distance indicator: 7.0
   Increment on tard indicator:     0.0
   Value of tmax indicator:         7.0

Task for patient = 15 with skills = {1,5} and cost = 167.3
   Vehicle #0 = 1, leaving at = 987.0
   Vehicle #1 = 4, leaving at = 1021.0
   Increment on distance indicator: 27.0
   Increment on tard indicator:     0.0
   Value of tmax indicator:         27.0

Task for patient = 13 with skills = {0,5} and cost = 158.3
   Vehicle #0 = 0, leaving at = 949.0
   Vehicle #1 = 4, leaving at = 945.0
   Increment on distance indicator: 11.0
   Increment on tard indicator:     0.0
   Value of tmax indicator:         11.0

Task for patient = 9 with skills = {0,-1} and cost = 154.7
   Vehicle #0 = 0, leaving at = 784.0
   Vehicle #1 = -1, leaving at = inf
   Increment on distance indicator: 32.0
   Increment on tard indicator:     0.0
   Value of tmax indicator:         32.0

Task for patient = 8 with skills = {0,-1} and cost = 144.0
   Vehicle #0 = 0, leaving at = 710.0
   Vehicle #1 = -1, leaving at = inf
   Increment on distance indicator: 31.0
   Increment on tard indicator:     0.0
   Value of tmax indicator:         31.0

Task for patient = 4 with skills = {5,-1} and cost = 133.7
   Vehicle #0 = 3, leaving at = 816.0
   Vehicle #1 = -1, leaving at = inf
   Increment on distance indicator: 22.0
   Increment on tard indicator:     0.0
   Value of tmax indicator:         22.0

Task for patient = 6 with skills = {3,-1} and cost = 117.7
   Vehicle #0 = 4, leaving at = 715.0
   Vehicle #1 = -1, leaving at = inf
   Increment on distance indicator: 12.0
   Increment on tard indicator:     0.0
   Value of tmax indicator:         12.0

Task for patient = 2 with skills = {1,4} and cost = 113.7
   Vehicle #0 = 1, leaving at = 886.0
   Vehicle #1 = 2, leaving at = 877.0
   Increment on distance indicator: 53.0
   Increment on tard indicator:     0.0
   Value of tmax indicator:         53.0

Task for patient = 1 with skills = {2,5} and cost = 96.0
   Vehicle #0 = 1, leaving at = 809.0
   Vehicle #1 = 3, leaving at = 774.0
   Increment on distance indicator: 25.0
   Increment on tard indicator:     0.0
   Value of tmax indicator:         25.0

Task for patient = 16 with skills = {5,-1} and cost = 87.7
   Vehicle #0 = 4, leaving at = 667.0
   Vehicle #1 = -1, leaving at = inf
   Increment on distance indicator: 25.0
   Increment on tard indicator:     0.0
   Value of tmax indicator:         25.0

Task for patient = 12 with skills = {2,-1} and cost = 79.3
   Vehicle #0 = 1, leaving at = 736.0
   Vehicle #1 = -1, leaving at = inf
   Increment on distance indicator: 16.0
   Increment on tard indicator:     0.0
   Value of tmax indicator:         16.0

Task for patient = 25 with skills = {2,-1} and cost = 74.0
   Vehicle #0 = 1, leaving at = 689.0
   Vehicle #1 = -1, leaving at = inf
   Increment on distance indicator: 8.0
   Increment on tard indicator:     0.0
   Value of tmax indicator:         8.0

Task for patient = 7 with skills = {3,-1} and cost = 71.3
   Vehicle #0 = 3, leaving at = 699.0
   Vehicle #1 = -1, leaving at = inf
   Increment on distance indicator: 9.0
   Increment on tard indicator:     0.0
   Value of tmax indicator:         9.0

Task for patient = 21 with skills = {1,4} and cost = 68.3
   Vehicle #0 = 1, leaving at = 625.0
   Vehicle #1 = 2, leaving at = 630.0
   Increment on distance indicator: 51.0
   Increment on tard indicator:     0.0
   Value of tmax indicator:         51.0

Task for patient = 10 with skills = {0,-1} and cost = 51.3
   Vehicle #0 = 0, leaving at = 639.0
   Vehicle #1 = -1, leaving at = inf
   Increment on distance indicator: 18.0
   Increment on tard indicator:     0.0
   Value of tmax indicator:         18.0

Task for patient = 17 with skills = {0,4} and cost = 45.3
   Vehicle #0 = 0, leaving at = 576.0
   Vehicle #1 = 2, leaving at = 582.0
   Increment on distance indicator: 63.0
   Increment on tard indicator:     0.0
   Value of tmax indicator:         63.0

Task for patient = 11 with skills = {1,3} and cost = 24.3
   Vehicle #0 = 1, leaving at = 569.0
   Vehicle #1 = 3, leaving at = 611.0
   Increment on distance indicator: 62.0
   Increment on tard indicator:     0.0
   Value of tmax indicator:         62.0

Task for patient = 19 with skills = {4,-1} and cost = 3.7
   Vehicle #0 = 2, leaving at = 535.0
   Vehicle #1 = -1, leaving at = inf
   Increment on distance indicator: 11.0
   Increment on tard indicator:     0.0
   Value of tmax indicator:         11.0

Task for patient = 14 with skills = {1,-1} and cost = 126.3
   Vehicle #0 = 1, leaving at = 932.0
   Vehicle #1 = -1, leaving at = inf
   Increment on distance indicator: 26.0
   Increment on tard indicator:     0.0
   Value of tmax indicator:         26.0


Unused vehicle list: (total = 0 out of 5)

---
Search finished.
Total of 1900 generations in 49.1 seconds.
Exchange elite runs: 23
Implicit path relinking runs: 10
Reset attempts: 2

Best solution found:
   Cost: 436.7
   Total travel time: 732.0
   Total tardiness time: 417.0
   Largest tardiness: 161.0


436.7
