This host is: panku
--- BRKGA-MP-IPR for HHCRSP ---
Instance: new-dataset/instances-75/HHCRSP_75_15_30_1.0_R_C.txt
Seed: 19

Reading data... Problem contains 75 patients  and 15 caregivers.

Summary of supply x demand for each service type:
Skill 0 has supply = 4 and demand = 12, ratio = 0.333333
Skill 1 has supply = 2 and demand = 5, ratio = 0.4
Skill 2 has supply = 7 and demand = 32, ratio = 0.21875
Skill 3 has supply = 5 and demand = 24, ratio = 0.208333
Skill 4 has supply = 6 and demand = 11, ratio = 0.545455
Skill 5 has supply = 6 and demand = 15, ratio = 0.4

Reading parameters...
Inferred distance function by PR type: kendall-tau
Building BRKGA data and initializing...
Evolving 1900 generations...

  Gens  Rem    Local   ElDiv NoImpr             Best solution            Time  Op
                                       Cost     Dist    Tard    TMax 
*    0 1900  1949.67  243.66      0  1949.67  1436.00  4030.0   383.0     0.0    
*    2 1898  1612.67  210.95      0  1612.67  1429.00  3086.0   323.0     0.1    
*    5 1895  1167.67  160.25      0  1167.67  1401.00  1800.0   166.0     0.2    
*    6 1894  1122.33  147.77      0  1122.33  1401.00  1800.0   166.0     0.3    
*    8 1892   990.67  120.38      0   990.67  1295.00   930.0   164.0     0.4    
*    9 1891   796.33  131.07      0   796.33  1442.00   664.0   136.0     0.4    
*   10 1890   747.33  114.12      0   747.33  1442.00   664.0   136.0     0.5    
*   12 1888   728.67   85.41      0   728.67  1253.00   362.0   110.0     0.6    
*   13 1887   575.00   77.51      0   575.00  1253.00   362.0   110.0     0.6    
*   15 1885   549.67   65.15      0   549.67  1269.00   128.0    83.0     0.7    
*   16 1884   493.33   55.26      0   493.33  1269.00   128.0    83.0     0.7    
*   18 1882   474.33   43.57      0   474.33  1220.00   109.0    53.0     0.8    
*   19 1881   460.67   39.09      0   460.67  1236.00    76.0    25.0     0.8    
*   20 1880   445.67   34.51      0   445.67  1210.00    57.0    26.0     0.9    
*   21 1879   431.00   29.60      0   431.00  1210.00    57.0    26.0     0.9    

  Gens  Rem    Local   ElDiv NoImpr             Best solution            Time  Op
                                       Cost     Dist    Tard    TMax 
*   23 1877   414.00   23.56      0   414.00  1170.00     3.0     2.0     1.0    
*   24 1876   391.67   20.04      0   391.67  1170.00     3.0     2.0     1.1    
*   29 1871   389.00   11.95      0   389.00  1139.00    10.0     9.0     1.3    
*   30 1870   386.00   10.67      0   386.00  1125.00     1.0     1.0     1.3    
*   31 1869   375.67    9.47      0   375.67  1125.00     1.0     1.0     1.4    
*   35 1865   366.67    6.69      0   366.67  1079.00    14.0     7.0     1.5    
*   40 1860   362.33    5.90      0   362.33  1087.00     0.0     0.0     1.8    
*   42 1858   357.00    5.74      0   357.00  1069.00     1.0     1.0     1.8    
*   47 1853   344.00    5.10      0   344.00  1028.00     2.0     2.0     2.1    
    50 1850   344.00    5.09      3   344.00  1028.00     2.0     2.0     2.2    
*   62 1838   343.00    3.99      0   343.00  1029.00     0.0     0.0     2.7    
*   64 1836   342.33    4.13      0   342.33  1002.00     2.0     2.0     2.8    
*   65 1835   335.33    4.01      0   335.33  1002.00     2.0     2.0     2.8    
*   71 1829   331.33    4.47      0   331.33   988.00     2.0     2.0     3.1    
*   72 1828   330.67    4.74      0   330.67   978.00     0.0     0.0     3.1    
*   73 1827   326.00    4.67      0   326.00   978.00     0.0     0.0     3.2    

  Gens  Rem    Local   ElDiv NoImpr             Best solution            Time  Op
                                       Cost     Dist    Tard    TMax 
    80 1820   323.33    2.69      0   326.00   978.00     0.0     0.0     3.5   X
*   81 1819   323.33    2.73      0   323.33   970.00     0.0     0.0     3.5    
*   87 1813   317.00    3.90      0   317.00   951.00     0.0     0.0     3.8    
*   93 1807   316.67    6.00      0   316.67   944.00     0.0     0.0     4.0    
*   94 1806   314.67    6.35      0   314.67   944.00     0.0     0.0     4.1    
*   96 1804   314.33    7.25      0   314.33   943.00     0.0     0.0     4.2    
*   98 1802   311.67    7.85      0   311.67   935.00     0.0     0.0     4.3    
   100 1800   311.67    8.11      2   311.67   935.00     0.0     0.0     4.4    
*  103 1797   311.00    8.61      0   311.00   933.00     0.0     0.0     4.5    
*  115 1785   310.33    5.18      0   310.33   931.00     0.0     0.0     5.0    
*  127 1773   309.33    2.08      0   309.33   928.00     0.0     0.0     5.5    
*  136 1764   309.00    1.38      0   309.00   927.00     0.0     0.0     5.9    
*  138 1762   308.67    1.57      0   308.67   926.00     0.0     0.0     6.0    
*  140 1760   308.33    1.67      0   308.33   925.00     0.0     0.0     6.1    
*  145 1755   308.00    0.76      0   308.00   924.00     0.0     0.0     6.3    
*  147 1753   307.67    0.87      0   307.67   921.00     0.0     0.0     6.4    

  Gens  Rem    Local   ElDiv NoImpr             Best solution            Time  Op
                                       Cost     Dist    Tard    TMax 
*  148 1752   307.00    0.92      0   307.00   921.00     0.0     0.0     6.4    
   150 1750   307.00    1.02      2   307.00   921.00     0.0     0.0     6.5    
   160 1740   307.00    0.00     13   307.00   921.00     0.0     0.0     6.9   X
*  162 1738   306.00    0.19      0   306.00   918.00     0.0     0.0     7.0    
*  173 1727   305.67    0.26      0   305.67   917.00     0.0     0.0     7.5    
Path relinking result: elite improvement.
   180 1720   305.67    0.16      8   305.67   917.00     0.0     0.0     7.8   P
   200 1700   305.67    0.00     27   305.67   917.00     0.0     0.0     8.6    
   240 1660   305.67    0.00     68   305.67   917.00     0.0     0.0    10.4   X
   250 1650   305.67    0.00     77   305.67   917.00     0.0     0.0    10.8    
   300 1600   305.67    0.00    127   305.67   917.00     0.0     0.0    12.9    
   320 1580   305.67    0.00    148   305.67   917.00     0.0     0.0    13.7   X
   350 1550   305.67    0.00    177   305.67   917.00     0.0     0.0    15.0    
Path relinking result: no improvement.
   360 1540   305.67    0.00    188   305.67   917.00     0.0     0.0    15.4   P
   400 1500   305.67    0.00    227   305.67   917.00     0.0     0.0    17.1    
   400 1500   305.67    0.00    228   305.67   917.00     0.0     0.0    17.1   X
   450 1450   305.67    0.00    277   305.67   917.00     0.0     0.0    19.3    

  Gens  Rem    Local   ElDiv NoImpr             Best solution            Time  Op
                                       Cost     Dist    Tard    TMax 
   480 1420   305.67    0.00    308   305.67   917.00     0.0     0.0    20.6   X
   500 1400   305.67    0.00    327   305.67   917.00     0.0     0.0    21.4    
Path relinking result: no improvement.
   540 1360   305.67    0.00    368   305.67   917.00     0.0     0.0    23.1   P
   550 1350   305.67    0.00    377   305.67   917.00     0.0     0.0    23.6    
   560 1340   305.67    0.00    388   305.67   917.00     0.0     0.0    24.0   X
   600 1300   305.67    0.00    427   305.67   917.00     0.0     0.0    25.7    
   640 1260   305.67    0.00    468   305.67   917.00     0.0     0.0    27.4   X
   650 1250   305.67    0.00    477   305.67   917.00     0.0     0.0    27.8    
   700 1200   305.67    0.00    527   305.67   917.00     0.0     0.0    30.0    
Path relinking result: no improvement.
   720 1180   305.67    0.00    548   305.67   917.00     0.0     0.0    30.8  PX
   750 1150   305.67    0.00    577   305.67   917.00     0.0     0.0    32.1    
   800 1100   305.67    0.00    627   305.67   917.00     0.0     0.0    34.2    
   800 1100   305.67    0.00    628   305.67   917.00     0.0     0.0    34.2   X
   850 1050   305.67    0.00    677   305.67   917.00     0.0     0.0    36.4    
   872 1028      inf  270.58      0   305.67   917.00     0.0     0.0    37.3   R
   873 1027  2188.33  229.24      0   305.67   917.00     0.0     0.0    37.4    

  Gens  Rem    Local   ElDiv NoImpr             Best solution            Time  Op
                                       Cost     Dist    Tard    TMax 
   880 1020   995.00   93.45      1   305.67   917.00     0.0     0.0    37.7   X
   900 1000   387.33   11.93      0   305.67   917.00     0.0     0.0    38.5    
Path relinking result: best improvement.
   900 1000   379.00   12.26      0   305.67   917.00     0.0     0.0    38.5   P
   950  950   330.00    3.31      3   305.67   917.00     0.0     0.0    40.7    
   960  940   320.00    2.30      2   305.67   917.00     0.0     0.0    41.1   X
  1000  900   315.33    0.22      2   305.67   917.00     0.0     0.0    42.8    
  1040  860   315.33    0.07     43   305.67   917.00     0.0     0.0    44.5   X
  1050  850   315.33    0.07     52   305.67   917.00     0.0     0.0    44.9    
Path relinking result: no improvement.
  1080  820   315.33    0.07     83   305.67   917.00     0.0     0.0    46.2   P
  1100  800   315.33    0.07    102   305.67   917.00     0.0     0.0    47.0    
  1120  780   315.33    0.11    123   305.67   917.00     0.0     0.0    47.9   X
  1150  750   315.33    0.11    152   305.67   917.00     0.0     0.0    49.1    
  1200  700   315.33    0.11    202   305.67   917.00     0.0     0.0    51.3    
  1200  700   315.33    0.19    203   305.67   917.00     0.0     0.0    51.3   X
  1250  650   315.00    0.25     46   305.67   917.00     0.0     0.0    53.3    
Path relinking result: no improvement.
  1260  640   315.00    0.25     57   305.67   917.00     0.0     0.0    53.8   P

  Gens  Rem    Local   ElDiv NoImpr             Best solution            Time  Op
                                       Cost     Dist    Tard    TMax 
  1280  620   315.00    0.38     77   305.67   917.00     0.0     0.0    54.6   X
  1300  600   315.00    0.00     96   305.67   917.00     0.0     0.0    55.5    
  1350  550   314.67    0.16     48   305.67   917.00     0.0     0.0    57.6    
  1360  540   314.67    0.00     59   305.67   917.00     0.0     0.0    58.0   X
  1400  500   314.67    0.00     98   305.67   917.00     0.0     0.0    59.7    
Path relinking result: no improvement.
  1440  460   314.67    0.00    139   305.67   917.00     0.0     0.0    61.4  PX
  1450  450   314.67    0.00    148   305.67   917.00     0.0     0.0    61.8    
  1500  400   314.67    0.00    198   305.67   917.00     0.0     0.0    63.9    
  1520  380   314.67    0.00    219   305.67   917.00     0.0     0.0    64.7   X
  1550  350   314.67    0.00    248   305.67   917.00     0.0     0.0    66.0    
  1600  300   314.67    0.00    298   305.67   917.00     0.0     0.0    68.1    
  1600  300   314.67    0.00    299   305.67   917.00     0.0     0.0    68.1   X
Path relinking result: no improvement.
  1620  280   314.67    0.00    319   305.67   917.00     0.0     0.0    68.9   P
  1650  250   314.67    0.00    348   305.67   917.00     0.0     0.0    70.2    
  1680  220   314.67    0.00    379   305.67   917.00     0.0     0.0    71.4   X
  1700  200   314.67    0.00    398   305.67   917.00     0.0     0.0    72.3    

  Gens  Rem    Local   ElDiv NoImpr             Best solution            Time  Op
                                       Cost     Dist    Tard    TMax 
  1750  150   314.67    0.00    448   305.67   917.00     0.0     0.0    74.4    
  1760  140   314.67    0.00    459   305.67   917.00     0.0     0.0    74.8   X
  1800  100   314.67    0.00    498   305.67   917.00     0.0     0.0    76.5    
Path relinking result: no improvement.
  1800  100   314.67    0.00    499   305.67   917.00     0.0     0.0    76.5   P
  1840   60   314.67    0.00    539   305.67   917.00     0.0     0.0    78.2   X
  1850   50   314.67    0.00    548   305.67   917.00     0.0     0.0    78.6    
  1900    0   314.67    0.00    598   305.67   917.00     0.0     0.0    80.7    
Evolutionary process finished.
Solution written to 'solution-26788.txt'.

Sorted sequence of worst to best tardiness value:
Task for patient = 66 with skills = {5,-1} and cost = 173.7
   Vehicle #0 = 14, leaving at = 889.0
   Vehicle #1 = -1, leaving at = inf
   Increment on distance indicator: 2.0
   Increment on tard indicator:     0.0
   Value of tmax indicator:         2.0

Task for patient = 30 with skills = {2,4} and cost = 173.0
   Vehicle #0 = 0, leaving at = 776.0
   Vehicle #1 = 11, leaving at = 784.0
   Increment on distance indicator: 19.0
   Increment on tard indicator:     0.0
   Value of tmax indicator:         19.0

Task for patient = 17 with skills = {1,-1} and cost = 166.7
   Vehicle #0 = 6, leaving at = 943.0
   Vehicle #1 = -1, leaving at = inf
   Increment on distance indicator: 5.0
   Increment on tard indicator:     0.0
   Value of tmax indicator:         5.0

Task for patient = 12 with skills = {2,3} and cost = 165.0
   Vehicle #0 = 6, leaving at = 921.0
   Vehicle #1 = 10, leaving at = 914.0
   Increment on distance indicator: 6.0
   Increment on tard indicator:     0.0
   Value of tmax indicator:         6.0

Task for patient = 69 with skills = {3,-1} and cost = 163.0
   Vehicle #0 = 7, leaving at = 911.0
   Vehicle #1 = -1, leaving at = inf
   Increment on distance indicator: 2.0
   Increment on tard indicator:     0.0
   Value of tmax indicator:         2.0

Task for patient = 54 with skills = {2,5} and cost = 162.3
   Vehicle #0 = 6, leaving at = 863.0
   Vehicle #1 = 10, leaving at = 876.0
   Increment on distance indicator: 7.0
   Increment on tard indicator:     0.0
   Value of tmax indicator:         7.0

Task for patient = 71 with skills = {4,-1} and cost = 160.0
   Vehicle #0 = 10, leaving at = 816.0
   Vehicle #1 = -1, leaving at = inf
   Increment on distance indicator: 3.0
   Increment on tard indicator:     0.0
   Value of tmax indicator:         3.0

Task for patient = 53 with skills = {2,-1} and cost = 159.0
   Vehicle #0 = 5, leaving at = 920.0
   Vehicle #1 = -1, leaving at = inf
   Increment on distance indicator: 9.0
   Increment on tard indicator:     0.0
   Value of tmax indicator:         9.0

Task for patient = 41 with skills = {2,5} and cost = 247.0
   Vehicle #0 = 1, leaving at = 1049.0
   Vehicle #1 = 12, leaving at = 1062.0
   Increment on distance indicator: 13.0
   Increment on tard indicator:     0.0
   Value of tmax indicator:         13.0

Task for patient = 13 with skills = {0,3} and cost = 155.7
   Vehicle #0 = 5, leaving at = 854.0
   Vehicle #1 = 9, leaving at = 886.0
   Increment on distance indicator: 8.0
   Increment on tard indicator:     0.0
   Value of tmax indicator:         8.0

Task for patient = 8 with skills = {5,-1} and cost = 153.0
   Vehicle #0 = 8, leaving at = 772.0
   Vehicle #1 = -1, leaving at = inf
   Increment on distance indicator: 9.0
   Increment on tard indicator:     0.0
   Value of tmax indicator:         9.0

Task for patient = 50 with skills = {2,-1} and cost = 150.0
   Vehicle #0 = 1, leaving at = 902.0
   Vehicle #1 = -1, leaving at = inf
   Increment on distance indicator: 5.0
   Increment on tard indicator:     0.0
   Value of tmax indicator:         5.0

Task for patient = 34 with skills = {3,-1} and cost = 148.3
   Vehicle #0 = 12, leaving at = 799.0
   Vehicle #1 = -1, leaving at = inf
   Increment on distance indicator: 5.0
   Increment on tard indicator:     0.0
   Value of tmax indicator:         5.0

Task for patient = 61 with skills = {2,-1} and cost = 146.7
   Vehicle #0 = 3, leaving at = 812.0
   Vehicle #1 = -1, leaving at = inf
   Increment on distance indicator: 8.0
   Increment on tard indicator:     0.0
   Value of tmax indicator:         8.0

Task for patient = 2 with skills = {1,-1} and cost = 144.0
   Vehicle #0 = 2, leaving at = 800.0
   Vehicle #1 = -1, leaving at = inf
   Increment on distance indicator: 9.0
   Increment on tard indicator:     0.0
   Value of tmax indicator:         9.0

Task for patient = 4 with skills = {4,-1} and cost = 141.0
   Vehicle #0 = 11, leaving at = 729.0
   Vehicle #1 = -1, leaving at = inf
   Increment on distance indicator: 15.0
   Increment on tard indicator:     0.0
   Value of tmax indicator:         15.0

Task for patient = 64 with skills = {0,-1} and cost = 136.0
   Vehicle #0 = 6, leaving at = 840.0
   Vehicle #1 = -1, leaving at = inf
   Increment on distance indicator: 5.0
   Increment on tard indicator:     0.0
   Value of tmax indicator:         5.0

Task for patient = 15 with skills = {5,-1} and cost = 156.0
   Vehicle #0 = 7, leaving at = 873.0
   Vehicle #1 = -1, leaving at = inf
   Increment on distance indicator: 1.0
   Increment on tard indicator:     0.0
   Value of tmax indicator:         1.0

Task for patient = 36 with skills = {3,-1} and cost = 242.7
   Vehicle #0 = 12, leaving at = 992.0
   Vehicle #1 = -1, leaving at = inf
   Increment on distance indicator: 5.0
   Increment on tard indicator:     0.0
   Value of tmax indicator:         5.0

Task for patient = 59 with skills = {3,-1} and cost = 241.0
   Vehicle #0 = 9, leaving at = 1111.0
   Vehicle #1 = -1, leaving at = inf
   Increment on distance indicator: 10.0
   Increment on tard indicator:     0.0
   Value of tmax indicator:         10.0

Task for patient = 19 with skills = {2,5} and cost = 237.7
   Vehicle #0 = 4, leaving at = 998.0
   Vehicle #1 = 11, leaving at = 1000.0
   Increment on distance indicator: 26.0
   Increment on tard indicator:     0.0
   Value of tmax indicator:         26.0

Task for patient = 5 with skills = {4,-1} and cost = 229.0
   Vehicle #0 = 10, leaving at = 1093.0
   Vehicle #1 = -1, leaving at = inf
   Increment on distance indicator: 4.0
   Increment on tard indicator:     0.0
   Value of tmax indicator:         4.0

Task for patient = 52 with skills = {2,-1} and cost = 227.7
   Vehicle #0 = 1, leaving at = 1001.0
   Vehicle #1 = -1, leaving at = inf
   Increment on distance indicator: 3.0
   Increment on tard indicator:     0.0
   Value of tmax indicator:         3.0

Task for patient = 45 with skills = {5,-1} and cost = 226.7
   Vehicle #0 = 8, leaving at = 992.0
   Vehicle #1 = -1, leaving at = inf
   Increment on distance indicator: 3.0
   Increment on tard indicator:     0.0
   Value of tmax indicator:         3.0

Task for patient = 46 with skills = {0,3} and cost = 225.7
   Vehicle #0 = 5, leaving at = 1074.0
   Vehicle #1 = 9, leaving at = 1067.0
   Increment on distance indicator: 10.0
   Increment on tard indicator:     0.0
   Value of tmax indicator:         10.0

Task for patient = 55 with skills = {3,-1} and cost = 222.3
   Vehicle #0 = 7, leaving at = 1021.0
   Vehicle #1 = -1, leaving at = inf
   Increment on distance indicator: 7.0
   Increment on tard indicator:     0.0
   Value of tmax indicator:         7.0

Task for patient = 73 with skills = {2,3} and cost = 178.0
   Vehicle #0 = 5, leaving at = 956.0
   Vehicle #1 = 9, leaving at = 959.0
   Increment on distance indicator: 13.0
   Increment on tard indicator:     0.0
   Value of tmax indicator:         13.0

Task for patient = 38 with skills = {2,-1} and cost = 210.7
   Vehicle #0 = 2, leaving at = 952.0
   Vehicle #1 = -1, leaving at = inf
   Increment on distance indicator: 8.0
   Increment on tard indicator:     0.0
   Value of tmax indicator:         8.0

Task for patient = 18 with skills = {2,3} and cost = 208.0
   Vehicle #0 = 4, leaving at = 928.0
   Vehicle #1 = 11, leaving at = 940.0
   Increment on distance indicator: 41.0
   Increment on tard indicator:     0.0
   Value of tmax indicator:         41.0

Task for patient = 29 with skills = {3,-1} and cost = 194.3
   Vehicle #0 = 12, leaving at = 963.0
   Vehicle #1 = -1, leaving at = inf
   Increment on distance indicator: 8.0
   Increment on tard indicator:     0.0
   Value of tmax indicator:         8.0

Task for patient = 40 with skills = {3,-1} and cost = 191.7
   Vehicle #0 = 10, leaving at = 1040.0
   Vehicle #1 = -1, leaving at = inf
   Increment on distance indicator: 2.0
   Increment on tard indicator:     0.0
   Value of tmax indicator:         2.0

Task for patient = 24 with skills = {2,-1} and cost = 191.0
   Vehicle #0 = 6, leaving at = 969.0
   Vehicle #1 = -1, leaving at = inf
   Increment on distance indicator: 7.0
   Increment on tard indicator:     0.0
   Value of tmax indicator:         7.0

Task for patient = 14 with skills = {4,-1} and cost = 188.7
   Vehicle #0 = 10, leaving at = 1013.0
   Vehicle #1 = -1, leaving at = inf
   Increment on distance indicator: 8.0
   Increment on tard indicator:     0.0
   Value of tmax indicator:         8.0

Task for patient = 32 with skills = {3,-1} and cost = 186.0
   Vehicle #0 = 9, leaving at = 1026.0
   Vehicle #1 = -1, leaving at = inf
   Increment on distance indicator: 10.0
   Increment on tard indicator:     0.0
   Value of tmax indicator:         10.0

Task for patient = 62 with skills = {3,-1} and cost = 182.7
   Vehicle #0 = 10, leaving at = 972.0
   Vehicle #1 = -1, leaving at = inf
   Increment on distance indicator: 9.0
   Increment on tard indicator:     0.0
   Value of tmax indicator:         9.0

Task for patient = 56 with skills = {0,-1} and cost = 179.7
   Vehicle #0 = 5, leaving at = 991.0
   Vehicle #1 = -1, leaving at = inf
   Increment on distance indicator: 5.0
   Increment on tard indicator:     0.0
   Value of tmax indicator:         5.0

Task for patient = 37 with skills = {2,4} and cost = 220.0
   Vehicle #0 = 0, leaving at = 927.0
   Vehicle #1 = 7, leaving at = 981.0
   Increment on distance indicator: 28.0
   Increment on tard indicator:     0.0
   Value of tmax indicator:         28.0

Task for patient = 57 with skills = {2,5} and cost = 82.7
   Vehicle #0 = 2, leaving at = 696.0
   Vehicle #1 = 10, leaving at = 693.0
   Increment on distance indicator: 4.0
   Increment on tard indicator:     0.0
   Value of tmax indicator:         4.0

Task for patient = 51 with skills = {0,4} and cost = 81.3
   Vehicle #0 = 6, leaving at = 553.0
   Vehicle #1 = 11, leaving at = 575.0
   Increment on distance indicator: 32.0
   Increment on tard indicator:     0.0
   Value of tmax indicator:         32.0

Task for patient = 10 with skills = {2,-1} and cost = 70.7
   Vehicle #0 = 5, leaving at = 601.0
   Vehicle #1 = -1, leaving at = inf
   Increment on distance indicator: 9.0
   Increment on tard indicator:     0.0
   Value of tmax indicator:         9.0

Task for patient = 25 with skills = {2,-1} and cost = 67.7
   Vehicle #0 = 2, leaving at = 645.0
   Vehicle #1 = -1, leaving at = inf
   Increment on distance indicator: 2.0
   Increment on tard indicator:     0.0
   Value of tmax indicator:         2.0

Task for patient = 47 with skills = {2,-1} and cost = 67.0
   Vehicle #0 = 0, leaving at = 706.0
   Vehicle #1 = -1, leaving at = inf
   Increment on distance indicator: 2.0
   Increment on tard indicator:     0.0
   Value of tmax indicator:         2.0

Task for patient = 31 with skills = {2,5} and cost = 66.3
   Vehicle #0 = 0, leaving at = 655.0
   Vehicle #1 = 7, leaving at = 628.0
   Increment on distance indicator: 22.0
   Increment on tard indicator:     0.0
   Value of tmax indicator:         22.0

Task for patient = 42 with skills = {4,-1} and cost = 59.0
   Vehicle #0 = 9, leaving at = 682.0
   Vehicle #1 = -1, leaving at = inf
   Increment on distance indicator: 1.0
   Increment on tard indicator:     0.0
   Value of tmax indicator:         1.0

Task for patient = 68 with skills = {2,3} and cost = 58.7
   Vehicle #0 = 1, leaving at = 628.0
   Vehicle #1 = 9, leaving at = 646.0
   Increment on distance indicator: 21.0
   Increment on tard indicator:     0.0
   Value of tmax indicator:         21.0

Task for patient = 67 with skills = {2,-1} and cost = 134.3
   Vehicle #0 = 0, leaving at = 735.0
   Vehicle #1 = -1, leaving at = inf
   Increment on distance indicator: 10.0
   Increment on tard indicator:     0.0
   Value of tmax indicator:         10.0

Task for patient = 33 with skills = {1,-1} and cost = 47.0
   Vehicle #0 = 2, leaving at = 616.0
   Vehicle #1 = -1, leaving at = inf
   Increment on distance indicator: 6.0
   Increment on tard indicator:     0.0
   Value of tmax indicator:         6.0

Task for patient = 6 with skills = {5,-1} and cost = 45.0
   Vehicle #0 = 8, leaving at = 574.0
   Vehicle #1 = -1, leaving at = inf
   Increment on distance indicator: 8.0
   Increment on tard indicator:     0.0
   Value of tmax indicator:         8.0

Task for patient = 49 with skills = {3,-1} and cost = 42.3
   Vehicle #0 = 9, leaving at = 593.0
   Vehicle #1 = -1, leaving at = inf
   Increment on distance indicator: 10.0
   Increment on tard indicator:     0.0
   Value of tmax indicator:         10.0

Task for patient = 48 with skills = {2,-1} and cost = 39.0
   Vehicle #0 = 4, leaving at = 570.0
   Vehicle #1 = -1, leaving at = inf
   Increment on distance indicator: 18.0
   Increment on tard indicator:     0.0
   Value of tmax indicator:         18.0

Task for patient = 43 with skills = {0,-1} and cost = 33.0
   Vehicle #0 = 4, leaving at = 536.0
   Vehicle #1 = -1, leaving at = inf
   Increment on distance indicator: 13.0
   Increment on tard indicator:     0.0
   Value of tmax indicator:         13.0

Task for patient = 74 with skills = {0,-1} and cost = 28.7
   Vehicle #0 = 3, leaving at = 588.0
   Vehicle #1 = -1, leaving at = inf
   Increment on distance indicator: 4.0
   Increment on tard indicator:     0.0
   Value of tmax indicator:         4.0

Task for patient = 39 with skills = {1,-1} and cost = 27.3
   Vehicle #0 = 2, leaving at = 567.0
   Vehicle #1 = -1, leaving at = inf
   Increment on distance indicator: 10.0
   Increment on tard indicator:     0.0
   Value of tmax indicator:         10.0

Task for patient = 35 with skills = {1,4} and cost = 24.0
   Vehicle #0 = 2, leaving at = 528.0
   Vehicle #1 = 9, leaving at = 514.0
   Increment on distance indicator: 6.0
   Increment on tard indicator:     0.0
   Value of tmax indicator:         6.0

Task for patient = 7 with skills = {2,3} and cost = 22.0
   Vehicle #0 = 0, leaving at = 563.0
   Vehicle #1 = 7, leaving at = 592.0
   Increment on distance indicator: 66.0
   Increment on tard indicator:     0.0
   Value of tmax indicator:         66.0

Task for patient = 27 with skills = {3,-1} and cost = 51.7
   Vehicle #0 = 10, leaving at = 539.0
   Vehicle #1 = -1, leaving at = inf
   Increment on distance indicator: 14.0
   Increment on tard indicator:     0.0
   Value of tmax indicator:         14.0

Task for patient = 20 with skills = {5,-1} and cost = 131.0
   Vehicle #0 = 14, leaving at = 728.0
   Vehicle #1 = -1, leaving at = inf
   Increment on distance indicator: 2.0
   Increment on tard indicator:     0.0
   Value of tmax indicator:         2.0

Task for patient = 23 with skills = {2,-1} and cost = 130.3
   Vehicle #0 = 1, leaving at = 812.0
   Vehicle #1 = -1, leaving at = inf
   Increment on distance indicator: 4.0
   Increment on tard indicator:     0.0
   Value of tmax indicator:         4.0

Task for patient = 58 with skills = {0,4} and cost = 129.0
   Vehicle #0 = 6, leaving at = 785.0
   Vehicle #1 = 10, leaving at = 762.0
   Increment on distance indicator: 7.0
   Increment on tard indicator:     0.0
   Value of tmax indicator:         7.0

Task for patient = 75 with skills = {4,-1} and cost = 126.7
   Vehicle #0 = 10, leaving at = 725.0
   Vehicle #1 = -1, leaving at = inf
   Increment on distance indicator: 5.0
   Increment on tard indicator:     0.0
   Value of tmax indicator:         5.0

Task for patient = 9 with skills = {0,3} and cost = 125.0
   Vehicle #0 = 5, leaving at = 803.0
   Vehicle #1 = 9, leaving at = 776.0
   Increment on distance indicator: 11.0
   Increment on tard indicator:     0.0
   Value of tmax indicator:         11.0

Task for patient = 3 with skills = {0,3} and cost = 121.3
   Vehicle #0 = 4, leaving at = 862.0
   Vehicle #1 = 7, leaving at = 846.0
   Increment on distance indicator: 16.0
   Increment on tard indicator:     0.0
   Value of tmax indicator:         16.0

Task for patient = 21 with skills = {2,-1} and cost = 116.0
   Vehicle #0 = 6, leaving at = 727.0
   Vehicle #1 = -1, leaving at = inf
   Increment on distance indicator: 2.0
   Increment on tard indicator:     0.0
   Value of tmax indicator:         2.0

Task for patient = 65 with skills = {5,-1} and cost = 115.3
   Vehicle #0 = 8, leaving at = 712.0
   Vehicle #1 = -1, leaving at = inf
   Increment on distance indicator: 2.0
   Increment on tard indicator:     0.0
   Value of tmax indicator:         2.0

Task for patient = 72 with skills = {2,5} and cost = 88.0
   Vehicle #0 = 6, leaving at = 644.0
   Vehicle #1 = 11, leaving at = 686.0
   Increment on distance indicator: 16.0
   Increment on tard indicator:     0.0
   Value of tmax indicator:         16.0

Task for patient = 28 with skills = {2,-1} and cost = 110.7
   Vehicle #0 = 5, leaving at = 692.0
   Vehicle #1 = -1, leaving at = inf
   Increment on distance indicator: 5.0
   Increment on tard indicator:     0.0
   Value of tmax indicator:         5.0

Task for patient = 60 with skills = {2,3} and cost = 109.0
   Vehicle #0 = 1, leaving at = 770.0
   Vehicle #1 = 9, leaving at = 750.0
   Increment on distance indicator: 7.0
   Increment on tard indicator:     0.0
   Value of tmax indicator:         7.0

Task for patient = 1 with skills = {2,-1} and cost = 106.7
   Vehicle #0 = 2, leaving at = 735.0
   Vehicle #1 = -1, leaving at = inf
   Increment on distance indicator: 3.0
   Increment on tard indicator:     0.0
   Value of tmax indicator:         3.0

Task for patient = 70 with skills = {0,-1} and cost = 105.7
   Vehicle #0 = 3, leaving at = 690.0
   Vehicle #1 = -1, leaving at = inf
   Increment on distance indicator: 6.0
   Increment on tard indicator:     0.0
   Value of tmax indicator:         6.0

Task for patient = 44 with skills = {5,-1} and cost = 103.7
   Vehicle #0 = 14, leaving at = 594.0
   Vehicle #1 = -1, leaving at = inf
   Increment on distance indicator: 15.0
   Increment on tard indicator:     0.0
   Value of tmax indicator:         15.0

Task for patient = 22 with skills = {2,3} and cost = 98.7
   Vehicle #0 = 4, leaving at = 798.0
   Vehicle #1 = 7, leaving at = 772.0
   Increment on distance indicator: 4.0
   Increment on tard indicator:     0.0
   Value of tmax indicator:         4.0

Task for patient = 11 with skills = {3,-1} and cost = 97.3
   Vehicle #0 = 9, leaving at = 730.0
   Vehicle #1 = -1, leaving at = inf
   Increment on distance indicator: 2.0
   Increment on tard indicator:     0.0
   Value of tmax indicator:         2.0

Task for patient = 63 with skills = {0,5} and cost = 96.7
   Vehicle #0 = 4, leaving at = 750.0
   Vehicle #1 = 7, leaving at = 753.0
   Increment on distance indicator: 17.0
   Increment on tard indicator:     0.0
   Value of tmax indicator:         17.0

Task for patient = 26 with skills = {2,3} and cost = 91.0
   Vehicle #0 = 3, leaving at = 635.0
   Vehicle #1 = 12, leaving at = 626.0
   Increment on distance indicator: 9.0
   Increment on tard indicator:     0.0
   Value of tmax indicator:         9.0

Task for patient = 16 with skills = {2,-1} and cost = 114.7
   Vehicle #0 = 6, leaving at = 690.0
   Vehicle #1 = -1, leaving at = inf
   Increment on distance indicator: 12.0
   Increment on tard indicator:     0.0
   Value of tmax indicator:         12.0


Unused vehicle list: 13 (total = 1 out of 15)

---
Search finished.
Total of 1900 generations in 80.7 seconds.
Exchange elite runs: 23
Implicit path relinking runs: 10
Reset attempts: 1

Best solution found:
   Cost: 305.7
   Total travel time: 917.0
   Total tardiness time: 0.0
   Largest tardiness: 0.0


305.7
