This host is: ifrit
--- BRKGA-MP-IPR for HHCRSP ---
Instance: /home/alberto/work/hhcrsp-dataset-2021/dataset2/HHCRSP_50_10_28_1.6_R_C.txt
Seed: 9

Reading data... Problem contains 50 patients  and 10 caregivers.

Summary of supply x demand for each service type:
Skill 0 has supply = 3 and demand = 17, ratio = 0.176471
Skill 1 has supply = 2 and demand = 7, ratio = 0.285714
Skill 2 has supply = 5 and demand = 13, ratio = 0.384615
Skill 3 has supply = 4 and demand = 10, ratio = 0.4
Skill 4 has supply = 4 and demand = 9, ratio = 0.444444
Skill 5 has supply = 4 and demand = 10, ratio = 0.4

Reading parameters...
Inferred distance function by PR type: kendall-tau
Building BRKGA data and initializing...
Evolving 1900 generations...

  Gens  Rem    Local   ElDiv NoImpr             Best solution            Time  Op
                                       Cost     Dist    Tard    TMax 
*    0 1900  1042.00  186.03      0  1042.00  1273.00  1644.0   209.0     0.1    
*    2 1898  1021.67  132.75      0  1021.67  1267.00  1058.0   317.0     0.2    
*    3 1897   880.67  118.50      0   880.67  1283.00  1104.0   212.0     0.3    
*    4 1896   866.33  107.16      0   866.33  1270.00   989.0   203.0     0.3    
*    5 1895   820.67   95.39      0   820.67  1263.00   786.0   166.0     0.4    
*    6 1894   738.33   89.56      0   738.33  1275.00   593.0   128.0     0.5    
*    7 1893   665.33   79.51      0   665.33  1264.00   478.0   114.0     0.5    
*    8 1892   618.67   71.19      0   618.67  1272.00   383.0    84.0     0.6    
*    9 1891   579.67   66.64      0   579.67  1287.00    68.0    20.0     0.7    
*   10 1890   458.33   60.69      0   458.33  1287.00    68.0    20.0     0.7    
*   15 1885   444.33   34.29      0   444.33  1151.00    74.0    26.0     1.1    
*   16 1884   417.00   30.21      0   417.00  1151.00    74.0    26.0     1.1    
*   20 1880   416.33   19.13      0   416.33  1179.00    12.0     9.0     1.4    
*   21 1879   400.00   17.74      0   400.00  1163.00     2.0     2.0     1.5    
*   22 1878   389.00   16.66      0   389.00  1163.00     2.0     2.0     1.5    

  Gens  Rem    Local   ElDiv NoImpr             Best solution            Time  Op
                                       Cost     Dist    Tard    TMax 
*   26 1874   386.00   11.71      0   386.00  1158.00     0.0     0.0     1.8    
*   29 1871   381.00   11.00      0   381.00  1143.00     0.0     0.0     2.0    
*   31 1869   378.67   10.45      0   378.67  1093.00    23.0    20.0     2.1    
*   34 1866   377.33    9.55      0   377.33  1066.00    43.0    23.0     2.3    
*   37 1863   375.67    8.77      0   375.67  1085.00    16.0    10.0     2.5    
*   38 1862   370.33    8.27      0   370.33  1085.00    16.0    10.0     2.6    
*   40 1860   369.00    7.48      0   369.00  1037.00    22.0     8.0     2.7    
*   41 1859   355.67    7.01      0   355.67  1037.00    22.0     8.0     2.8    
*   48 1852   354.67    8.53      0   354.67  1053.00     0.0     0.0     3.3    
*   49 1851   351.00    9.07      0   351.00  1048.00     0.0     0.0     3.4    
*   50 1850   349.33    8.82      0   349.33  1048.00     0.0     0.0     3.4    
*   60 1840   341.00   10.15      0   341.00   968.00    40.0    15.0     4.1    
*   69 1831   333.67    7.13      0   333.67   969.00    22.0    10.0     4.7    
*   76 1824   321.00    4.21      0   321.00   963.00     0.0     0.0     5.2    
    80 1820   321.00    6.01      5   321.00   963.00     0.0     0.0     5.4   X
*   93 1807   317.00    6.23      0   317.00   951.00     0.0     0.0     6.3    

  Gens  Rem    Local   ElDiv NoImpr             Best solution            Time  Op
                                       Cost     Dist    Tard    TMax 
   100 1800   317.00    6.45      7   317.00   951.00     0.0     0.0     6.8    
*  126 1774   311.33    9.90      0   311.33   934.00     0.0     0.0     8.5    
*  138 1762   310.00   11.97      0   310.00   930.00     0.0     0.0     9.3    
*  140 1760   309.33   11.82      0   309.33   927.00     0.0     0.0     9.4    
*  141 1759   309.00   11.63      0   309.00   927.00     0.0     0.0     9.5    
*  146 1754   308.33   10.27      0   308.33   925.00     0.0     0.0     9.8    
*  150 1750   308.00    9.13      0   308.00   924.00     0.0     0.0    10.1    
*  160 1740   307.67    5.65      0   307.67   923.00     0.0     0.0    10.8    
   160 1740   307.67    3.44      1   307.67   923.00     0.0     0.0    10.8   X
*  177 1723   307.33    0.20      0   307.33   922.00     0.0     0.0    11.9    
Path relinking result: elite improvement.
   180 1720   307.33    0.28      4   307.33   922.00     0.0     0.0    12.1   P
*  191 1709   307.00    0.04      0   307.00   921.00     0.0     0.0    12.8    
*  194 1706   306.67    0.15      0   306.67   920.00     0.0     0.0    13.0    
   200 1700   306.67    0.14      6   306.67   920.00     0.0     0.0    13.4    
   240 1660   306.67    0.00     47   306.67   920.00     0.0     0.0    16.1   X
   250 1650   306.67    0.00     56   306.67   920.00     0.0     0.0    16.8    

  Gens  Rem    Local   ElDiv NoImpr             Best solution            Time  Op
                                       Cost     Dist    Tard    TMax 
   273 1627      inf  220.15      0   306.67   920.00     0.0     0.0    18.3   R
   274 1626  1145.67  171.25      0   306.67   920.00     0.0     0.0    18.4    
   300 1600   383.33   11.87      2   306.67   920.00     0.0     0.0    20.1    
   320 1580   338.33   11.84      6   306.67   920.00     0.0     0.0    21.5   X
   350 1550   313.67    6.74      4   306.67   920.00     0.0     0.0    23.5    
Path relinking result: elite improvement.
   360 1540   313.67    9.07     15   306.67   920.00     0.0     0.0    24.1   P
   400 1500   308.00   10.86      0   306.67   920.00     0.0     0.0    26.8    
   400 1500   307.00    5.83      0   306.67   920.00     0.0     0.0    26.8   X
*  404 1496   305.67    4.20      0   305.67   917.00     0.0     0.0    27.1    
*  431 1469   304.00    0.53      0   304.00   912.00     0.0     0.0    28.9    
*  448 1452   303.67    0.59      0   303.67   911.00     0.0     0.0    30.0    
   450 1450   303.67    0.37      2   303.67   911.00     0.0     0.0    30.1    
*  456 1444   303.00    0.17      0   303.00   909.00     0.0     0.0    30.5    
*  460 1440   302.67    0.40      0   302.67   908.00     0.0     0.0    30.8    
*  467 1433   302.33    0.63      0   302.33   907.00     0.0     0.0    31.3    
*  475 1425   302.00    0.79      0   302.00   906.00     0.0     0.0    31.8    

  Gens  Rem    Local   ElDiv NoImpr             Best solution            Time  Op
                                       Cost     Dist    Tard    TMax 
   480 1420   302.00    0.84      6   302.00   906.00     0.0     0.0    32.1   X
*  483 1417   301.67    0.86      0   301.67   905.00     0.0     0.0    32.3    
*  485 1415   301.33    0.63      0   301.33   904.00     0.0     0.0    32.5    
   500 1400   301.33    0.00     15   301.33   904.00     0.0     0.0    33.5    
Path relinking result: no improvement.
   540 1360   301.33    0.00     56   301.33   904.00     0.0     0.0    36.1   P
   550 1350   301.33    0.00     65   301.33   904.00     0.0     0.0    36.8    
   560 1340   301.33    0.00     76   301.33   904.00     0.0     0.0    37.4   X
   564 1336      inf  221.04      0   301.33   904.00     0.0     0.0    37.7   R
   565 1335  1131.67  196.31      0   301.33   904.00     0.0     0.0    37.8    
   600 1300   358.67    9.95      0   301.33   904.00     0.0     0.0    40.1    
   640 1260   318.33    4.30     12   301.33   904.00     0.0     0.0    42.8   X
   650 1250   317.33    5.14      0   301.33   904.00     0.0     0.0    43.5    
   700 1200   309.33    8.75      1   301.33   904.00     0.0     0.0    46.8    
Path relinking result: elite improvement.
   720 1180   304.33    0.47      0   301.33   904.00     0.0     0.0    48.1  PX
   750 1150   302.00    0.15     15   301.33   904.00     0.0     0.0    50.1    
   800 1100   301.67    0.16     44   301.33   904.00     0.0     0.0    53.5    

  Gens  Rem    Local   ElDiv NoImpr             Best solution            Time  Op
                                       Cost     Dist    Tard    TMax 
   800 1100   301.67    0.00     45   301.33   904.00     0.0     0.0    53.5   X
   835 1065      inf  206.85      0   301.33   904.00     0.0     0.0    55.8   R
   836 1064  1154.00  164.89      0   301.33   904.00     0.0     0.0    55.9    
   850 1050   424.67   40.41      1   301.33   904.00     0.0     0.0    56.8    
   880 1020   345.00    7.09     10   301.33   904.00     0.0     0.0    58.8   X
   900 1000   334.67    4.44      5   301.33   904.00     0.0     0.0    60.2    
Path relinking result: elite improvement.
   900 1000   334.67    4.46      6   301.33   904.00     0.0     0.0    60.2   P
   950  950   312.00   13.17     12   301.33   904.00     0.0     0.0    63.5    
   960  940   309.33    3.94      1   301.33   904.00     0.0     0.0    64.2   X
  1000  900   305.67    0.03      0   301.33   904.00     0.0     0.0    66.8    
  1040  860   305.67    0.00     41   301.33   904.00     0.0     0.0    69.5   X
  1050  850   305.67    0.00     50   301.33   904.00     0.0     0.0    70.1    
  1079  821      inf  229.90      0   301.33   904.00     0.0     0.0    72.1   R
  1080  820  1138.67  187.84      0   301.33   904.00     0.0     0.0    72.1    
Path relinking result: elite improvement.
  1080  820  1138.67  190.31      1   301.33   904.00     0.0     0.0    72.1   P
  1100  800   390.00   19.43      2   301.33   904.00     0.0     0.0    73.5    

  Gens  Rem    Local   ElDiv NoImpr             Best solution            Time  Op
                                       Cost     Dist    Tard    TMax 
  1120  780   362.00    5.66      3   301.33   904.00     0.0     0.0    74.8   X
  1150  750   349.00    5.30      9   301.33   904.00     0.0     0.0    76.8    
  1200  700   317.00    6.23     18   301.33   904.00     0.0     0.0    80.2    
  1200  700   317.00    7.72     19   301.33   904.00     0.0     0.0    80.2   X
  1250  650   315.67    5.06     29   301.33   904.00     0.0     0.0    83.5    
Path relinking result: elite improvement.
  1260  640   314.33    4.68      2   301.33   904.00     0.0     0.0    84.2   P
  1280  620   312.67    1.40      8   301.33   904.00     0.0     0.0    85.5   X
  1300  600   309.00    1.08      7   301.33   904.00     0.0     0.0    86.8    
  1350  550   306.33    0.63      5   301.33   904.00     0.0     0.0    90.1    
  1360  540   306.33    0.13     16   301.33   904.00     0.0     0.0    90.8   X
  1400  500   305.67    0.33     22   301.33   904.00     0.0     0.0    93.5    
Path relinking result: no improvement.
  1440  460   305.67    0.00     63   301.33   904.00     0.0     0.0    96.1  PX
  1450  450   305.67    0.00     72   301.33   904.00     0.0     0.0    96.8    
  1457  443      inf  233.48      0   301.33   904.00     0.0     0.0    97.2   R
  1458  442   945.00  177.96      0   301.33   904.00     0.0     0.0    97.3    
  1500  400   354.67    7.74      1   301.33   904.00     0.0     0.0   100.1    

  Gens  Rem    Local   ElDiv NoImpr             Best solution            Time  Op
                                       Cost     Dist    Tard    TMax 
  1520  380   320.67    3.66      3   301.33   904.00     0.0     0.0   101.5   X
  1550  350   317.00    4.98      4   301.33   904.00     0.0     0.0   103.5    
  1600  300   315.33    7.04     20   301.33   904.00     0.0     0.0   106.8    
  1600  300   315.33    7.18     21   301.33   904.00     0.0     0.0   106.8   X
Path relinking result: elite improvement.
  1620  280   313.33    4.81      1   301.33   904.00     0.0     0.0   108.1   P
  1650  250   311.00    1.43      8   301.33   904.00     0.0     0.0   110.1    
  1680  220   304.67    1.44      1   301.33   904.00     0.0     0.0   112.1   X
  1700  200   303.33    0.12      0   301.33   904.00     0.0     0.0   113.5    
* 1734  166   300.67    0.62      0   300.67   902.00     0.0     0.0   115.7    
  1750  150   300.67    1.07     16   300.67   902.00     0.0     0.0   116.8    
  1760  140   300.67    0.63     27   300.67   902.00     0.0     0.0   117.5   X
  1800  100   300.67    0.00     66   300.67   902.00     0.0     0.0   120.1    
Path relinking result: no improvement.
  1800  100   300.67    0.00     67   300.67   902.00     0.0     0.0   120.1   P
  1813   87      inf  231.49      0   300.67   902.00     0.0     0.0   121.0   R
  1814   86   982.33  177.10      0   300.67   902.00     0.0     0.0   121.0    
  1840   60   388.33    8.89      1   300.67   902.00     0.0     0.0   122.8   X

  Gens  Rem    Local   ElDiv NoImpr             Best solution            Time  Op
                                       Cost     Dist    Tard    TMax 
  1850   50   355.00    6.60      3   300.67   902.00     0.0     0.0   123.5    
  1900    0   323.67    5.72      9   300.67   902.00     0.0     0.0   126.7    
Evolutionary process finished.
Solution written to 'solution-6746.txt'.

Sorted sequence of worst to best tardiness value:
Task for patient = 11 with skills = {2,-1} and cost = 161.3
   Vehicle #0 = 3, leaving at = 819.0
   Vehicle #1 = -1, leaving at = inf
   Increment on distance indicator: 6.0
   Increment on tard indicator:     7.0
   Value of tmax indicator:         6.0

Task for patient = 14 with skills = {2,-1} and cost = 154.7
   Vehicle #0 = 3, leaving at = 763.0
   Vehicle #1 = -1, leaving at = inf
   Increment on distance indicator: 3.0
   Increment on tard indicator:     0.0
   Value of tmax indicator:         3.0

Task for patient = 37 with skills = {0,5} and cost = 164.7
   Vehicle #0 = 0, leaving at = 824.0
   Vehicle #1 = 7, leaving at = 824.0
   Increment on distance indicator: 10.0
   Increment on tard indicator:     0.0
   Value of tmax indicator:         10.0

Task for patient = 19 with skills = {2,-1} and cost = 165.3
   Vehicle #0 = 4, leaving at = 848.0
   Vehicle #1 = -1, leaving at = inf
   Increment on distance indicator: 2.0
   Increment on tard indicator:     0.0
   Value of tmax indicator:         2.0

Task for patient = 46 with skills = {1,5} and cost = 169.3
   Vehicle #0 = 2, leaving at = 841.0
   Vehicle #1 = 5, leaving at = 856.0
   Increment on distance indicator: 12.0
   Increment on tard indicator:     0.0
   Value of tmax indicator:         12.0

Task for patient = 22 with skills = {4,-1} and cost = 171.3
   Vehicle #0 = 6, leaving at = 871.0
   Vehicle #1 = -1, leaving at = inf
   Increment on distance indicator: 6.0
   Increment on tard indicator:     0.0
   Value of tmax indicator:         6.0

Task for patient = 27 with skills = {0,5} and cost = 173.3
   Vehicle #0 = 4, leaving at = 906.0
   Vehicle #1 = 5, leaving at = 906.0
   Increment on distance indicator: 6.0
   Increment on tard indicator:     0.0
   Value of tmax indicator:         6.0

Task for patient = 33 with skills = {0,-1} and cost = 174.3
   Vehicle #0 = 4, leaving at = 944.0
   Vehicle #1 = -1, leaving at = inf
   Increment on distance indicator: 3.0
   Increment on tard indicator:     0.0
   Value of tmax indicator:         3.0

Task for patient = 39 with skills = {3,-1} and cost = 176.0
   Vehicle #0 = 6, leaving at = 909.0
   Vehicle #1 = -1, leaving at = inf
   Increment on distance indicator: 5.0
   Increment on tard indicator:     0.0
   Value of tmax indicator:         5.0

Task for patient = 38 with skills = {0,-1} and cost = 178.0
   Vehicle #0 = 0, leaving at = 882.0
   Vehicle #1 = -1, leaving at = inf
   Increment on distance indicator: 6.0
   Increment on tard indicator:     0.0
   Value of tmax indicator:         6.0

Task for patient = 31 with skills = {1,4} and cost = 182.7
   Vehicle #0 = 3, leaving at = 892.0
   Vehicle #1 = 7, leaving at = 892.0
   Increment on distance indicator: 14.0
   Increment on tard indicator:     0.0
   Value of tmax indicator:         14.0

Task for patient = 18 with skills = {2,4} and cost = 218.7
   Vehicle #0 = 4, leaving at = 1115.0
   Vehicle #1 = 6, leaving at = 1115.0
   Increment on distance indicator: 4.0
   Increment on tard indicator:     0.0
   Value of tmax indicator:         4.0

Task for patient = 25 with skills = {3,-1} and cost = 185.7
   Vehicle #0 = 6, leaving at = 978.0
   Vehicle #1 = -1, leaving at = inf
   Increment on distance indicator: 5.0
   Increment on tard indicator:     0.0
   Value of tmax indicator:         5.0

Task for patient = 41 with skills = {3,-1} and cost = 186.3
   Vehicle #0 = 6, leaving at = 1023.0
   Vehicle #1 = -1, leaving at = inf
   Increment on distance indicator: 2.0
   Increment on tard indicator:     0.0
   Value of tmax indicator:         2.0

Task for patient = 40 with skills = {0,-1} and cost = 187.3
   Vehicle #0 = 2, leaving at = 870.0
   Vehicle #1 = -1, leaving at = inf
   Increment on distance indicator: 3.0
   Increment on tard indicator:     0.0
   Value of tmax indicator:         3.0

Task for patient = 35 with skills = {2,-1} and cost = 189.0
   Vehicle #0 = 0, leaving at = 931.0
   Vehicle #1 = -1, leaving at = inf
   Increment on distance indicator: 5.0
   Increment on tard indicator:     0.0
   Value of tmax indicator:         5.0

Task for patient = 24 with skills = {2,-1} and cost = 190.3
   Vehicle #0 = 2, leaving at = 898.0
   Vehicle #1 = -1, leaving at = inf
   Increment on distance indicator: 4.0
   Increment on tard indicator:     0.0
   Value of tmax indicator:         4.0

Task for patient = 50 with skills = {1,3} and cost = 193.3
   Vehicle #0 = 2, leaving at = 951.0
   Vehicle #1 = 7, leaving at = 951.0
   Increment on distance indicator: 9.0
   Increment on tard indicator:     0.0
   Value of tmax indicator:         9.0

Task for patient = 32 with skills = {2,5} and cost = 195.0
   Vehicle #0 = 4, leaving at = 997.0
   Vehicle #1 = 5, leaving at = 997.0
   Increment on distance indicator: 5.0
   Increment on tard indicator:     0.0
   Value of tmax indicator:         5.0

Task for patient = 48 with skills = {1,-1} and cost = 196.7
   Vehicle #0 = 2, leaving at = 1015.0
   Vehicle #1 = -1, leaving at = inf
   Increment on distance indicator: 5.0
   Increment on tard indicator:     0.0
   Value of tmax indicator:         5.0

Task for patient = 44 with skills = {3,-1} and cost = 198.0
   Vehicle #0 = 7, leaving at = 996.0
   Vehicle #1 = -1, leaving at = inf
   Increment on distance indicator: 4.0
   Increment on tard indicator:     0.0
   Value of tmax indicator:         4.0

Task for patient = 29 with skills = {0,-1} and cost = 199.0
   Vehicle #0 = 4, leaving at = 1055.0
   Vehicle #1 = -1, leaving at = inf
   Increment on distance indicator: 3.0
   Increment on tard indicator:     0.0
   Value of tmax indicator:         3.0

Task for patient = 5 with skills = {0,4} and cost = 215.7
   Vehicle #0 = 0, leaving at = 1038.0
   Vehicle #1 = 9, leaving at = 1026.0
   Increment on distance indicator: 50.0
   Increment on tard indicator:     0.0
   Value of tmax indicator:         50.0

Task for patient = 4 with skills = {4,-1} and cost = 217.3
   Vehicle #0 = 5, leaving at = 1044.0
   Vehicle #1 = -1, leaving at = inf
   Increment on distance indicator: 5.0
   Increment on tard indicator:     0.0
   Value of tmax indicator:         5.0

Task for patient = 47 with skills = {5,-1} and cost = 184.0
   Vehicle #0 = 6, leaving at = 941.0
   Vehicle #1 = -1, leaving at = inf
   Increment on distance indicator: 4.0
   Increment on tard indicator:     0.0
   Value of tmax indicator:         4.0

Task for patient = 8 with skills = {0,4} and cost = 32.0
   Vehicle #0 = 0, leaving at = 566.0
   Vehicle #1 = 5, leaving at = 596.0
   Increment on distance indicator: 96.0
   Increment on tard indicator:     0.0
   Value of tmax indicator:         96.0

Task for patient = 21 with skills = {0,5} and cost = 36.0
   Vehicle #0 = 0, leaving at = 669.0
   Vehicle #1 = 5, leaving at = 688.0
   Increment on distance indicator: 12.0
   Increment on tard indicator:     0.0
   Value of tmax indicator:         12.0

Task for patient = 1 with skills = {3,-1} and cost = 52.3
   Vehicle #0 = 6, leaving at = 573.0
   Vehicle #1 = -1, leaving at = inf
   Increment on distance indicator: 49.0
   Increment on tard indicator:     0.0
   Value of tmax indicator:         49.0

Task for patient = 26 with skills = {4,-1} and cost = 53.7
   Vehicle #0 = 6, leaving at = 592.0
   Vehicle #1 = -1, leaving at = inf
   Increment on distance indicator: 4.0
   Increment on tard indicator:     0.0
   Value of tmax indicator:         4.0

Task for patient = 6 with skills = {0,-1} and cost = 69.7
   Vehicle #0 = 2, leaving at = 585.0
   Vehicle #1 = -1, leaving at = inf
   Increment on distance indicator: 48.0
   Increment on tard indicator:     0.0
   Value of tmax indicator:         48.0

Task for patient = 16 with skills = {2,4} and cost = 72.7
   Vehicle #0 = 2, leaving at = 627.0
   Vehicle #1 = 6, leaving at = 664.0
   Increment on distance indicator: 9.0
   Increment on tard indicator:     0.0
   Value of tmax indicator:         9.0

Task for patient = 9 with skills = {2,-1} and cost = 74.0
   Vehicle #0 = 2, leaving at = 676.0
   Vehicle #1 = -1, leaving at = inf
   Increment on distance indicator: 4.0
   Increment on tard indicator:     0.0
   Value of tmax indicator:         4.0

Task for patient = 12 with skills = {0,-1} and cost = 74.3
   Vehicle #0 = 0, leaving at = 729.0
   Vehicle #1 = -1, leaving at = inf
   Increment on distance indicator: 1.0
   Increment on tard indicator:     0.0
   Value of tmax indicator:         1.0

Task for patient = 15 with skills = {5,-1} and cost = 93.0
   Vehicle #0 = 7, leaving at = 574.0
   Vehicle #1 = -1, leaving at = inf
   Increment on distance indicator: 56.0
   Increment on tard indicator:     0.0
   Value of tmax indicator:         56.0

Task for patient = 34 with skills = {0,-1} and cost = 93.3
   Vehicle #0 = 0, leaving at = 757.0
   Vehicle #1 = -1, leaving at = inf
   Increment on distance indicator: 1.0
   Increment on tard indicator:     0.0
   Value of tmax indicator:         1.0

Task for patient = 10 with skills = {0,-1} and cost = 110.0
   Vehicle #0 = 4, leaving at = 550.0
   Vehicle #1 = -1, leaving at = inf
   Increment on distance indicator: 50.0
   Increment on tard indicator:     0.0
   Value of tmax indicator:         50.0

Task for patient = 36 with skills = {0,-1} and cost = 153.7
   Vehicle #0 = 4, leaving at = 817.0
   Vehicle #1 = -1, leaving at = inf
   Increment on distance indicator: 2.0
   Increment on tard indicator:     0.0
   Value of tmax indicator:         2.0

Task for patient = 28 with skills = {1,5} and cost = 117.0
   Vehicle #0 = 2, leaving at = 746.0
   Vehicle #1 = 5, leaving at = 746.0
   Increment on distance indicator: 7.0
   Increment on tard indicator:     0.0
   Value of tmax indicator:         7.0

Task for patient = 49 with skills = {1,-1} and cost = 133.0
   Vehicle #0 = 3, leaving at = 631.0
   Vehicle #1 = -1, leaving at = inf
   Increment on distance indicator: 48.0
   Increment on tard indicator:     0.0
   Value of tmax indicator:         48.0

Task for patient = 45 with skills = {3,-1} and cost = 134.3
   Vehicle #0 = 7, leaving at = 653.0
   Vehicle #1 = -1, leaving at = inf
   Increment on distance indicator: 4.0
   Increment on tard indicator:     0.0
   Value of tmax indicator:         4.0

Task for patient = 20 with skills = {2,-1} and cost = 136.0
   Vehicle #0 = 4, leaving at = 643.0
   Vehicle #1 = -1, leaving at = inf
   Increment on distance indicator: 5.0
   Increment on tard indicator:     0.0
   Value of tmax indicator:         5.0

Task for patient = 7 with skills = {5,-1} and cost = 136.7
   Vehicle #0 = 6, leaving at = 701.0
   Vehicle #1 = -1, leaving at = inf
   Increment on distance indicator: 2.0
   Increment on tard indicator:     0.0
   Value of tmax indicator:         2.0

Task for patient = 17 with skills = {0,-1} and cost = 138.7
   Vehicle #0 = 0, leaving at = 800.0
   Vehicle #1 = -1, leaving at = inf
   Increment on distance indicator: 6.0
   Increment on tard indicator:     0.0
   Value of tmax indicator:         6.0

Task for patient = 3 with skills = {5,-1} and cost = 140.0
   Vehicle #0 = 6, leaving at = 747.0
   Vehicle #1 = -1, leaving at = inf
   Increment on distance indicator: 4.0
   Increment on tard indicator:     0.0
   Value of tmax indicator:         4.0

Task for patient = 30 with skills = {1,-1} and cost = 142.0
   Vehicle #0 = 3, leaving at = 685.0
   Vehicle #1 = -1, leaving at = inf
   Increment on distance indicator: 6.0
   Increment on tard indicator:     0.0
   Value of tmax indicator:         6.0

Task for patient = 42 with skills = {2,3} and cost = 145.0
   Vehicle #0 = 4, leaving at = 695.0
   Vehicle #1 = 7, leaving at = 680.0
   Increment on distance indicator: 9.0
   Increment on tard indicator:     0.0
   Value of tmax indicator:         9.0

Task for patient = 2 with skills = {2,-1} and cost = 146.3
   Vehicle #0 = 3, leaving at = 713.0
   Vehicle #1 = -1, leaving at = inf
   Increment on distance indicator: 4.0
   Increment on tard indicator:     0.0
   Value of tmax indicator:         4.0

Task for patient = 23 with skills = {0,3} and cost = 149.0
   Vehicle #0 = 2, leaving at = 805.0
   Vehicle #1 = 6, leaving at = 805.0
   Increment on distance indicator: 8.0
   Increment on tard indicator:     0.0
   Value of tmax indicator:         8.0

Task for patient = 13 with skills = {0,3} and cost = 153.0
   Vehicle #0 = 4, leaving at = 757.0
   Vehicle #1 = 7, leaving at = 759.0
   Increment on distance indicator: 12.0
   Increment on tard indicator:     0.0
   Value of tmax indicator:         12.0

Task for patient = 43 with skills = {2,4} and cost = 114.7
   Vehicle #0 = 4, leaving at = 588.0
   Vehicle #1 = 7, leaving at = 632.0
   Increment on distance indicator: 14.0
   Increment on tard indicator:     0.0
   Value of tmax indicator:         14.0


Unused vehicle list: 1 8 (total = 2 out of 10)

---
Search finished.
Total of 1900 generations in 126.7 seconds.
Exchange elite runs: 23
Implicit path relinking runs: 10
Reset attempts: 6

Best solution found:
   Cost: 300.7
   Total travel time: 902.0
   Total tardiness time: 0.0
   Largest tardiness: 0.0


300.7
