This host is: panku
--- BRKGA-MP-IPR for HHCRSP ---
Instance: new-dataset/instances-100/HHCRSP_100_20_61_0.4_R_RC.txt
Seed: 6

Reading data... Problem contains 100 patients  and 20 caregivers.

Summary of supply x demand for each service type:
Skill 0 has supply = 6 and demand = 19, ratio = 0.315789
Skill 1 has supply = 8 and demand = 28, ratio = 0.285714
Skill 2 has supply = 8 and demand = 23, ratio = 0.347826
Skill 3 has supply = 8 and demand = 21, ratio = 0.380952
Skill 4 has supply = 5 and demand = 15, ratio = 0.333333
Skill 5 has supply = 8 and demand = 24, ratio = 0.333333

Reading parameters...
Inferred distance function by PR type: kendall-tau
Building BRKGA data and initializing...
Evolving 1900 generations...

  Gens  Rem    Local   ElDiv NoImpr             Best solution            Time  Op
                                       Cost     Dist    Tard    TMax 
*    0 1900  2487.33  241.57      0  2487.33  2349.00  4738.0   375.0     0.1    
*    3 1897  1857.00  197.31      0  1857.00  2358.00  2852.0   361.0     0.2    
*    6 1894  1758.33  154.86      0  1758.33  2197.00  1963.0   284.0     0.4    
*    7 1893  1481.33  139.14      0  1481.33  2197.00  1963.0   284.0     0.5    
*    9 1891  1406.67  125.86      0  1406.67  2267.00  1256.0   250.0     0.6    
*   10 1890  1257.67  122.93      0  1257.67  2183.00   951.0   192.0     0.7    
*   11 1889  1108.67  108.80      0  1108.67  2238.00   722.0   197.0     0.7    
*   12 1888  1052.33  102.51      0  1052.33  2149.00   513.0    95.0     0.8    
*   13 1887   919.00   88.41      0   919.00  2149.00   513.0    95.0     0.8    
*   15 1885   908.00   75.27      0   908.00  2164.00   432.0   128.0     0.9    
*   17 1883   876.67   58.30      0   876.67  2130.00   417.0    83.0     1.1    
*   19 1881   761.00   46.17      0   761.00  2101.00   146.0    36.0     1.2    
*   22 1878   707.00   43.68      0   707.00  1998.00    44.0    26.0     1.4    
*   23 1877   689.33   38.92      0   689.33  1985.00    55.0    26.0     1.4    
*   24 1876   688.67   33.56      0   688.67  1985.00    55.0    26.0     1.5    

  Gens  Rem    Local   ElDiv NoImpr             Best solution            Time  Op
                                       Cost     Dist    Tard    TMax 
*   26 1874   687.67   27.71      0   687.67  1832.00   132.0    32.0     1.6    
*   27 1873   665.33   27.67      0   665.33  1911.00    17.0     8.0     1.7    
*   28 1872   645.33   27.42      0   645.33  1911.00    17.0     8.0     1.7    
*   32 1868   639.67   19.40      0   639.67  1864.00     6.0     4.0     2.0    
*   33 1867   624.67   18.97      0   624.67  1864.00     6.0     4.0     2.0    
*   35 1865   620.00   18.12      0   620.00  1823.00    21.0    12.0     2.1    
*   36 1864   618.67   16.98      0   618.67  1823.00    21.0    12.0     2.2    
*   38 1862   611.67   16.87      0   611.67  1822.00     6.0     4.0     2.3    
*   39 1861   610.67   16.13      0   610.67  1822.00     6.0     4.0     2.4    
*   41 1859   598.33   15.40      0   598.33  1788.00     4.0     3.0     2.5    
*   43 1857   589.00   15.92      0   589.00  1764.00     2.0     1.0     2.6    
*   49 1851   585.67   12.06      0   585.67  1719.00    11.0    10.0     2.9    
*   50 1850   580.00   11.84      0   580.00  1719.00    11.0    10.0     3.0    
*   55 1845   569.00   10.00      0   569.00  1701.00     3.0     3.0     3.3    
*   63 1837   566.33    8.42      0   566.33  1687.00     8.0     4.0     3.8    
*   67 1833   559.67    7.67      0   559.67  1664.00    12.0     3.0     4.0    

  Gens  Rem    Local   ElDiv NoImpr             Best solution            Time  Op
                                       Cost     Dist    Tard    TMax 
*   73 1827   549.00    6.49      0   549.00  1639.00     5.0     3.0     4.3    
*   77 1823   548.33    6.11      0   548.33  1637.00     5.0     3.0     4.6    
    80 1820   543.67    5.35      0   548.33  1637.00     5.0     3.0     4.8   X
*   81 1819   543.67    5.30      0   543.67  1614.00    12.0     5.0     4.8    
*   99 1801   543.33    5.53      0   543.33  1630.00     0.0     0.0     5.8    
   100 1800   543.33    5.53      1   543.33  1630.00     0.0     0.0     5.9    
*  147 1753   531.33    5.33      0   531.33  1581.00     9.0     4.0     8.6    
   150 1750   531.33    5.29      3   531.33  1581.00     9.0     4.0     8.8    
   160 1740   531.33    4.69     14   531.33  1581.00     9.0     4.0     9.4   X
Path relinking result: best improvement.
   180 1720   529.33    4.86      0   531.33  1581.00     9.0     4.0    10.6   P
*  181 1719   529.33    4.86      0   529.33  1588.00     0.0     0.0    10.6    
   200 1700   529.33    4.73     19   529.33  1588.00     0.0     0.0    11.7    
*  205 1695   526.00    4.96      0   526.00  1572.00     3.0     3.0    12.0    
   240 1660   526.00    4.09     36   526.00  1572.00     3.0     3.0    14.0   X
   250 1650   526.00    4.04     45   526.00  1572.00     3.0     3.0    14.6    
*  256 1644   523.67    4.05      0   523.67  1555.00    10.0     6.0    15.0    

  Gens  Rem    Local   ElDiv NoImpr             Best solution            Time  Op
                                       Cost     Dist    Tard    TMax 
*  277 1623   520.00    3.72      0   520.00  1554.00     3.0     3.0    16.2    
*  283 1617   515.00    3.79      0   515.00  1539.00     3.0     3.0    16.5    
*  300 1600   513.33    4.10      0   513.33  1531.00     6.0     3.0    17.5    
*  305 1595   511.67    4.26      0   511.67  1527.00     5.0     3.0    17.8    
*  309 1591   510.33    4.25      0   510.33  1524.00     4.0     3.0    18.0    
*  312 1588   507.00    4.51      0   507.00  1511.00     3.0     3.0    18.2    
*  313 1587   505.67    4.47      0   505.67  1511.00     3.0     3.0    18.3    
*  316 1584   503.33    4.60      0   503.33  1504.00     3.0     3.0    18.4    
   320 1580   503.33    3.77      5   503.33  1504.00     3.0     3.0    18.7   X
*  326 1574   497.67    3.55      0   497.67  1486.00     4.0     3.0    19.0    
*  335 1565   497.33    3.43      0   497.33  1486.00     3.0     3.0    19.5    
*  337 1563   497.00    3.64      0   497.00  1471.00     6.0     3.0    19.6    
*  338 1562   493.33    3.65      0   493.33  1471.00     6.0     3.0    19.7    
   350 1550   493.33    3.36     12   493.33  1471.00     6.0     3.0    20.4    
*  357 1543   489.33    3.40      0   489.33  1462.00     3.0     3.0    20.8    
Path relinking result: elite improvement.
   360 1540   489.33    3.58      4   489.33  1462.00     3.0     3.0    20.9   P

  Gens  Rem    Local   ElDiv NoImpr             Best solution            Time  Op
                                       Cost     Dist    Tard    TMax 
*  364 1536   487.33    3.68      0   487.33  1455.00     4.0     3.0    21.2    
*  370 1530   485.67    3.66      0   485.67  1451.00     3.0     3.0    21.5    
*  375 1525   485.33    3.31      0   485.33  1449.00     4.0     3.0    21.8    
*  381 1519   484.33    3.12      0   484.33  1447.00     3.0     3.0    22.2    
*  384 1516   483.00    3.12      0   483.00  1443.00     3.0     3.0    22.3    
*  386 1514   482.33    3.16      0   482.33  1440.00     3.0     3.0    22.4    
*  387 1513   482.00    3.12      0   482.00  1440.00     3.0     3.0    22.5    
*  390 1510   481.33    3.06      0   481.33  1438.00     3.0     3.0    22.7    
*  394 1506   481.00    3.32      0   481.00  1437.00     3.0     3.0    22.9    
   400 1500   481.00    2.86      6   481.00  1437.00     3.0     3.0    23.2    
   400 1500   481.00    1.19      7   481.00  1437.00     3.0     3.0    23.2   X
*  402 1498   480.00    1.07      0   480.00  1432.00     3.0     3.0    23.3    
*  403 1497   479.33    1.00      0   479.33  1432.00     3.0     3.0    23.4    
*  413 1487   479.00    0.22      0   479.00  1431.00     3.0     3.0    24.0    
*  433 1467   477.33    0.28      0   477.33  1425.00     3.0     3.0    25.2    
*  434 1466   477.00    0.40      0   477.00  1425.00     3.0     3.0    25.2    

  Gens  Rem    Local   ElDiv NoImpr             Best solution            Time  Op
                                       Cost     Dist    Tard    TMax 
   450 1450   477.00    0.97     16   477.00  1425.00     3.0     3.0    26.1    
*  459 1441   476.67    0.94      0   476.67  1424.00     3.0     3.0    26.7    
   480 1420   476.67    0.16     22   476.67  1424.00     3.0     3.0    27.9   X
   500 1400   476.67    0.00     41   476.67  1424.00     3.0     3.0    29.1    
Path relinking result: no improvement.
   540 1360   476.67    0.00     82   476.67  1424.00     3.0     3.0    31.4   P
   550 1350   476.67    0.00     91   476.67  1424.00     3.0     3.0    32.0    
   560 1340   476.67    0.00    102   476.67  1424.00     3.0     3.0    32.6   X
   600 1300   476.67    0.00    141   476.67  1424.00     3.0     3.0    34.9    
   640 1260   476.67    0.00    182   476.67  1424.00     3.0     3.0    37.3   X
   650 1250   476.67    0.00    191   476.67  1424.00     3.0     3.0    37.8    
   700 1200   476.67    0.00    241   476.67  1424.00     3.0     3.0    40.8    
Path relinking result: no improvement.
   720 1180   476.67    0.00    262   476.67  1424.00     3.0     3.0    41.9  PX
   750 1150   476.67    0.00    291   476.67  1424.00     3.0     3.0    43.7    
   800 1100   476.67    0.00    341   476.67  1424.00     3.0     3.0    46.5    
   800 1100   476.67    0.00    342   476.67  1424.00     3.0     3.0    46.5   X
   850 1050   476.67    0.00    391   476.67  1424.00     3.0     3.0    49.5    

  Gens  Rem    Local   ElDiv NoImpr             Best solution            Time  Op
                                       Cost     Dist    Tard    TMax 
   880 1020   476.67    0.00    422   476.67  1424.00     3.0     3.0    51.2   X
   900 1000   476.67    0.00    441   476.67  1424.00     3.0     3.0    52.4    
Path relinking result: no improvement.
   900 1000   476.67    0.00    442   476.67  1424.00     3.0     3.0    52.4   P
   950  950   476.67    0.00    491   476.67  1424.00     3.0     3.0    55.3    
   960  940   476.67    0.00    502   476.67  1424.00     3.0     3.0    55.9   X
  1000  900   476.67    0.00    541   476.67  1424.00     3.0     3.0    58.2    
  1040  860   476.67    0.00    582   476.67  1424.00     3.0     3.0    60.5   X
  1050  850   476.67    0.00    591   476.67  1424.00     3.0     3.0    61.1    
Path relinking result: no improvement.
  1080  820   476.67    0.00    622   476.67  1424.00     3.0     3.0    62.8   P
  1100  800   476.67    0.00    641   476.67  1424.00     3.0     3.0    64.0    
  1120  780   476.67    0.00    662   476.67  1424.00     3.0     3.0    65.2   X
  1150  750   476.67    0.00    691   476.67  1424.00     3.0     3.0    67.0    
  1158  742      inf  311.80      0   476.67  1424.00     3.0     3.0    67.4   R
  1159  741  2703.00  275.19      0   476.67  1424.00     3.0     3.0    67.5    
  1200  700   607.00   11.33      5   476.67  1424.00     3.0     3.0    69.9    
  1200  700   607.00    8.87      6   476.67  1424.00     3.0     3.0    69.9   X

  Gens  Rem    Local   ElDiv NoImpr             Best solution            Time  Op
                                       Cost     Dist    Tard    TMax 
  1250  650   549.67    5.95      0   476.67  1424.00     3.0     3.0    72.8    
Path relinking result: best improvement.
  1260  640   533.00    6.54      0   476.67  1424.00     3.0     3.0    73.4   P
  1280  620   525.67    6.08      0   476.67  1424.00     3.0     3.0    74.6   X
  1300  600   522.67    4.86      0   476.67  1424.00     3.0     3.0    75.7    
  1350  550   499.33    5.40      4   476.67  1424.00     3.0     3.0    78.6    
  1360  540   497.00    2.60      0   476.67  1424.00     3.0     3.0    79.2   X
  1400  500   492.33    0.27      6   476.67  1424.00     3.0     3.0    81.5    
Path relinking result: elite improvement.
  1440  460   492.00    0.15     24   476.67  1424.00     3.0     3.0    83.8  PX
  1450  450   492.00    0.02     33   476.67  1424.00     3.0     3.0    84.4    
  1500  400   489.33    0.33     26   476.67  1424.00     3.0     3.0    87.4    
  1520  380   489.00    0.38      7   476.67  1424.00     3.0     3.0    88.5   X
  1550  350   489.00    0.44     36   476.67  1424.00     3.0     3.0    90.2    
  1600  300   487.67    0.61      9   476.67  1424.00     3.0     3.0    93.1    
  1600  300   487.67    0.90     10   476.67  1424.00     3.0     3.0    93.1   X
Path relinking result: no improvement.
  1620  280   486.67    0.00     13   476.67  1424.00     3.0     3.0    94.3   P
  1650  250   486.67    0.00     42   476.67  1424.00     3.0     3.0    96.0    

  Gens  Rem    Local   ElDiv NoImpr             Best solution            Time  Op
                                       Cost     Dist    Tard    TMax 
  1680  220   486.67    0.00     73   476.67  1424.00     3.0     3.0    97.7   X
  1700  200   486.67    0.00     92   476.67  1424.00     3.0     3.0    98.9    
  1750  150   486.33    0.04     17   476.67  1424.00     3.0     3.0   101.9    
  1760  140   486.33    0.10     28   476.67  1424.00     3.0     3.0   102.5   X
  1800  100   485.00    0.63     16   476.67  1424.00     3.0     3.0   104.8    
Path relinking result: elite improvement.
  1800  100   485.00    0.63     17   476.67  1424.00     3.0     3.0   104.8   P
  1840   60   485.00    0.00     57   476.67  1424.00     3.0     3.0   107.1   X
  1850   50   485.00    0.00     66   476.67  1424.00     3.0     3.0   107.7    
  1900    0   483.33    0.79     31   476.67  1424.00     3.0     3.0   110.5    
Evolutionary process finished.
Solution written to 'solution-11857.txt'.

Sorted sequence of worst to best tardiness value:
Task for patient = 42 with skills = {0,3} and cost = 368.7
   Vehicle #0 = 7, leaving at = 1061.0
   Vehicle #1 = 13, leaving at = 1064.0
   Increment on distance indicator: 23.0
   Increment on tard indicator:     2.0
   Value of tmax indicator:         23.0

Task for patient = 93 with skills = {2,5} and cost = 275.0
   Vehicle #0 = 4, leaving at = 921.0
   Vehicle #1 = 18, leaving at = 971.0
   Increment on distance indicator: 9.0
   Increment on tard indicator:     0.0
   Value of tmax indicator:         9.0

Task for patient = 35 with skills = {5,-1} and cost = 267.7
   Vehicle #0 = 18, leaving at = 924.0
   Vehicle #1 = -1, leaving at = inf
   Increment on distance indicator: 5.0
   Increment on tard indicator:     0.0
   Value of tmax indicator:         5.0

Task for patient = 16 with skills = {4,-1} and cost = 266.0
   Vehicle #0 = 15, leaving at = 850.0
   Vehicle #1 = -1, leaving at = inf
   Increment on distance indicator: 3.0
   Increment on tard indicator:     0.0
   Value of tmax indicator:         3.0

Task for patient = 3 with skills = {4,-1} and cost = 265.0
   Vehicle #0 = 18, leaving at = 863.0
   Vehicle #1 = -1, leaving at = inf
   Increment on distance indicator: 18.0
   Increment on tard indicator:     0.0
   Value of tmax indicator:         18.0

Task for patient = 95 with skills = {5,-1} and cost = 259.0
   Vehicle #0 = 11, leaving at = 893.0
   Vehicle #1 = -1, leaving at = inf
   Increment on distance indicator: 5.0
   Increment on tard indicator:     0.0
   Value of tmax indicator:         5.0

Task for patient = 33 with skills = {5,-1} and cost = 257.3
   Vehicle #0 = 19, leaving at = 927.0
   Vehicle #1 = -1, leaving at = inf
   Increment on distance indicator: 9.0
   Increment on tard indicator:     0.0
   Value of tmax indicator:         9.0

Task for patient = 11 with skills = {1,-1} and cost = 254.3
   Vehicle #0 = 1, leaving at = 948.0
   Vehicle #1 = -1, leaving at = inf
   Increment on distance indicator: 7.0
   Increment on tard indicator:     0.0
   Value of tmax indicator:         7.0

Task for patient = 67 with skills = {1,5} and cost = 252.0
   Vehicle #0 = 3, leaving at = 917.0
   Vehicle #1 = 13, leaving at = 916.0
   Increment on distance indicator: 14.0
   Increment on tard indicator:     0.0
   Value of tmax indicator:         14.0

Task for patient = 96 with skills = {0,-1} and cost = 247.3
   Vehicle #0 = 4, leaving at = 883.0
   Vehicle #1 = -1, leaving at = inf
   Increment on distance indicator: 3.0
   Increment on tard indicator:     0.0
   Value of tmax indicator:         3.0

Task for patient = 79 with skills = {0,5} and cost = 246.3
   Vehicle #0 = 5, leaving at = 916.0
   Vehicle #1 = 14, leaving at = 937.0
   Increment on distance indicator: 8.0
   Increment on tard indicator:     0.0
   Value of tmax indicator:         8.0

Task for patient = 51 with skills = {2,4} and cost = 243.7
   Vehicle #0 = 9, leaving at = 862.0
   Vehicle #1 = 19, leaving at = 878.0
   Increment on distance indicator: 10.0
   Increment on tard indicator:     0.0
   Value of tmax indicator:         10.0

Task for patient = 89 with skills = {2,3} and cost = 240.3
   Vehicle #0 = 2, leaving at = 864.0
   Vehicle #1 = 10, leaving at = 902.0
   Increment on distance indicator: 11.0
   Increment on tard indicator:     0.0
   Value of tmax indicator:         11.0

Task for patient = 70 with skills = {0,-1} and cost = 236.7
   Vehicle #0 = 9, leaving at = 821.0
   Vehicle #1 = -1, leaving at = inf
   Increment on distance indicator: 8.0
   Increment on tard indicator:     0.0
   Value of tmax indicator:         8.0

Task for patient = 37 with skills = {2,3} and cost = 234.0
   Vehicle #0 = 6, leaving at = 780.0
   Vehicle #1 = 15, leaving at = 795.0
   Increment on distance indicator: 5.0
   Increment on tard indicator:     0.0
   Value of tmax indicator:         5.0

Task for patient = 52 with skills = {2,5} and cost = 232.3
   Vehicle #0 = 9, leaving at = 781.0
   Vehicle #1 = 17, leaving at = 775.0
   Increment on distance indicator: 10.0
   Increment on tard indicator:     0.0
   Value of tmax indicator:         10.0

Task for patient = 20 with skills = {1,4} and cost = 229.0
   Vehicle #0 = 7, leaving at = 768.0
   Vehicle #1 = 18, leaving at = 800.0
   Increment on distance indicator: 27.0
   Increment on tard indicator:     0.0
   Value of tmax indicator:         27.0

Task for patient = 87 with skills = {2,-1} and cost = 220.0
   Vehicle #0 = 3, leaving at = 860.0
   Vehicle #1 = -1, leaving at = inf
   Increment on distance indicator: 4.0
   Increment on tard indicator:     0.0
   Value of tmax indicator:         4.0

Task for patient = 29 with skills = {1,3} and cost = 218.7
   Vehicle #0 = 5, leaving at = 872.0
   Vehicle #1 = 14, leaving at = 879.0
   Increment on distance indicator: 8.0
   Increment on tard indicator:     0.0
   Value of tmax indicator:         8.0

Task for patient = 48 with skills = {2,5} and cost = 216.0
   Vehicle #0 = 5, leaving at = 838.0
   Vehicle #1 = 14, leaving at = 853.0
   Increment on distance indicator: 18.0
   Increment on tard indicator:     0.0
   Value of tmax indicator:         18.0

Task for patient = 14 with skills = {1,-1} and cost = 210.0
   Vehicle #0 = 1, leaving at = 888.0
   Vehicle #1 = -1, leaving at = inf
   Increment on distance indicator: 1.0
   Increment on tard indicator:     0.0
   Value of tmax indicator:         1.0

Task for patient = 86 with skills = {1,-1} and cost = 209.7
   Vehicle #0 = 2, leaving at = 766.0
   Vehicle #1 = -1, leaving at = inf
   Increment on distance indicator: 4.0
   Increment on tard indicator:     0.0
   Value of tmax indicator:         4.0

Task for patient = 63 with skills = {5,-1} and cost = 208.3
   Vehicle #0 = 13, leaving at = 858.0
   Vehicle #1 = -1, leaving at = inf
   Increment on distance indicator: 5.0
   Increment on tard indicator:     0.0
   Value of tmax indicator:         5.0

Task for patient = 49 with skills = {5,-1} and cost = 370.3
   Vehicle #0 = 11, leaving at = 1038.0
   Vehicle #1 = -1, leaving at = inf
   Increment on distance indicator: 5.0
   Increment on tard indicator:     0.0
   Value of tmax indicator:         5.0

Task for patient = 34 with skills = {0,5} and cost = 272.0
   Vehicle #0 = 9, leaving at = 944.0
   Vehicle #1 = 11, leaving at = 947.0
   Increment on distance indicator: 13.0
   Increment on tard indicator:     0.0
   Value of tmax indicator:         13.0

Task for patient = 4 with skills = {1,3} and cost = 360.0
   Vehicle #0 = 5, leaving at = 1040.0
   Vehicle #1 = 14, leaving at = 1051.0
   Increment on distance indicator: 8.0
   Increment on tard indicator:     0.0
   Value of tmax indicator:         8.0

Task for patient = 21 with skills = {1,3} and cost = 357.3
   Vehicle #0 = 9, leaving at = 1057.0
   Vehicle #1 = 12, leaving at = 1037.0
   Increment on distance indicator: 11.0
   Increment on tard indicator:     0.0
   Value of tmax indicator:         11.0

Task for patient = 58 with skills = {5,-1} and cost = 353.7
   Vehicle #0 = 13, leaving at = 1028.0
   Vehicle #1 = -1, leaving at = inf
   Increment on distance indicator: 2.0
   Increment on tard indicator:     0.0
   Value of tmax indicator:         2.0

Task for patient = 83 with skills = {1,-1} and cost = 353.0
   Vehicle #0 = 4, leaving at = 1069.0
   Vehicle #1 = -1, leaving at = inf
   Increment on distance indicator: 7.0
   Increment on tard indicator:     0.0
   Value of tmax indicator:         7.0

Task for patient = 74 with skills = {1,5} and cost = 350.7
   Vehicle #0 = 2, leaving at = 1080.0
   Vehicle #1 = 10, leaving at = 1105.0
   Increment on distance indicator: 44.0
   Increment on tard indicator:     0.0
   Value of tmax indicator:         44.0

Task for patient = 46 with skills = {3,-1} and cost = 336.0
   Vehicle #0 = 15, leaving at = 996.0
   Vehicle #1 = -1, leaving at = inf
   Increment on distance indicator: 5.0
   Increment on tard indicator:     0.0
   Value of tmax indicator:         5.0

Task for patient = 68 with skills = {0,5} and cost = 334.3
   Vehicle #0 = 7, leaving at = 968.0
   Vehicle #1 = 19, leaving at = 1002.0
   Increment on distance indicator: 25.0
   Increment on tard indicator:     0.0
   Value of tmax indicator:         25.0

Task for patient = 7 with skills = {0,-1} and cost = 326.0
   Vehicle #0 = 4, leaving at = 1032.0
   Vehicle #1 = -1, leaving at = inf
   Increment on distance indicator: 3.0
   Increment on tard indicator:     0.0
   Value of tmax indicator:         3.0

Task for patient = 28 with skills = {4,-1} and cost = 325.0
   Vehicle #0 = 18, leaving at = 1035.0
   Vehicle #1 = -1, leaving at = inf
   Increment on distance indicator: 5.0
   Increment on tard indicator:     0.0
   Value of tmax indicator:         5.0

Task for patient = 23 with skills = {0,-1} and cost = 323.3
   Vehicle #0 = 8, leaving at = 996.0
   Vehicle #1 = -1, leaving at = inf
   Increment on distance indicator: 5.0
   Increment on tard indicator:     0.0
   Value of tmax indicator:         5.0

Task for patient = 66 with skills = {2,5} and cost = 321.7
   Vehicle #0 = 2, leaving at = 1025.0
   Vehicle #1 = 10, leaving at = 998.0
   Increment on distance indicator: 25.0
   Increment on tard indicator:     0.0
   Value of tmax indicator:         25.0

Task for patient = 85 with skills = {4,-1} and cost = 206.7
   Vehicle #0 = 19, leaving at = 726.0
   Vehicle #1 = -1, leaving at = inf
   Increment on distance indicator: 7.0
   Increment on tard indicator:     0.0
   Value of tmax indicator:         7.0

Task for patient = 31 with skills = {0,3} and cost = 306.3
   Vehicle #0 = 5, leaving at = 985.0
   Vehicle #1 = 14, leaving at = 1001.0
   Increment on distance indicator: 13.0
   Increment on tard indicator:     0.0
   Value of tmax indicator:         13.0

Task for patient = 88 with skills = {1,3} and cost = 302.0
   Vehicle #0 = 4, leaving at = 984.0
   Vehicle #1 = 13, leaving at = 980.0
   Increment on distance indicator: 11.0
   Increment on tard indicator:     0.0
   Value of tmax indicator:         11.0

Task for patient = 19 with skills = {4,-1} and cost = 298.3
   Vehicle #0 = 15, leaving at = 904.0
   Vehicle #1 = -1, leaving at = inf
   Increment on distance indicator: 9.0
   Increment on tard indicator:     0.0
   Value of tmax indicator:         9.0

Task for patient = 81 with skills = {2,-1} and cost = 295.3
   Vehicle #0 = 2, leaving at = 905.0
   Vehicle #1 = -1, leaving at = inf
   Increment on distance indicator: 2.0
   Increment on tard indicator:     0.0
   Value of tmax indicator:         2.0

Task for patient = 41 with skills = {0,-1} and cost = 294.7
   Vehicle #0 = 8, leaving at = 966.0
   Vehicle #1 = -1, leaving at = inf
   Increment on distance indicator: 16.0
   Increment on tard indicator:     0.0
   Value of tmax indicator:         16.0

Task for patient = 38 with skills = {3,-1} and cost = 289.3
   Vehicle #0 = 12, leaving at = 960.0
   Vehicle #1 = -1, leaving at = inf
   Increment on distance indicator: 3.0
   Increment on tard indicator:     0.0
   Value of tmax indicator:         3.0

Task for patient = 94 with skills = {1,-1} and cost = 288.3
   Vehicle #0 = 3, leaving at = 976.0
   Vehicle #1 = -1, leaving at = inf
   Increment on distance indicator: 7.0
   Increment on tard indicator:     0.0
   Value of tmax indicator:         7.0

Task for patient = 57 with skills = {0,-1} and cost = 286.0
   Vehicle #0 = 5, leaving at = 955.0
   Vehicle #1 = -1, leaving at = inf
   Increment on distance indicator: 10.0
   Increment on tard indicator:     0.0
   Value of tmax indicator:         10.0

Task for patient = 100 with skills = {1,-1} and cost = 282.7
   Vehicle #0 = 7, leaving at = 907.0
   Vehicle #1 = -1, leaving at = inf
   Increment on distance indicator: 5.0
   Increment on tard indicator:     0.0
   Value of tmax indicator:         5.0

Task for patient = 44 with skills = {2,-1} and cost = 281.0
   Vehicle #0 = 6, leaving at = 888.0
   Vehicle #1 = -1, leaving at = inf
   Increment on distance indicator: 5.0
   Increment on tard indicator:     0.0
   Value of tmax indicator:         5.0

Task for patient = 55 with skills = {0,5} and cost = 279.3
   Vehicle #0 = 9, leaving at = 998.0
   Vehicle #1 = 11, leaving at = 990.0
   Increment on distance indicator: 8.0
   Increment on tard indicator:     0.0
   Value of tmax indicator:         8.0

Task for patient = 75 with skills = {0,-1} and cost = 276.7
   Vehicle #0 = 8, leaving at = 898.0
   Vehicle #1 = -1, leaving at = inf
   Increment on distance indicator: 5.0
   Increment on tard indicator:     0.0
   Value of tmax indicator:         5.0

Task for patient = 27 with skills = {1,-1} and cost = 313.3
   Vehicle #0 = 2, leaving at = 959.0
   Vehicle #1 = -1, leaving at = inf
   Increment on distance indicator: 21.0
   Increment on tard indicator:     0.0
   Value of tmax indicator:         21.0

Task for patient = 1 with skills = {4,-1} and cost = 118.0
   Vehicle #0 = 11, leaving at = 796.0
   Vehicle #1 = -1, leaving at = inf
   Increment on distance indicator: 7.0
   Increment on tard indicator:     0.0
   Value of tmax indicator:         7.0

Task for patient = 69 with skills = {1,-1} and cost = 115.7
   Vehicle #0 = 4, leaving at = 797.0
   Vehicle #1 = -1, leaving at = inf
   Increment on distance indicator: 6.0
   Increment on tard indicator:     0.0
   Value of tmax indicator:         6.0

Task for patient = 65 with skills = {1,3} and cost = 113.7
   Vehicle #0 = 1, leaving at = 703.0
   Vehicle #1 = 12, leaving at = 682.0
   Increment on distance indicator: 20.0
   Increment on tard indicator:     0.0
   Value of tmax indicator:         20.0

Task for patient = 10 with skills = {2,-1} and cost = 107.0
   Vehicle #0 = 6, leaving at = 637.0
   Vehicle #1 = -1, leaving at = inf
   Increment on distance indicator: 4.0
   Increment on tard indicator:     0.0
   Value of tmax indicator:         4.0

Task for patient = 9 with skills = {5,-1} and cost = 105.7
   Vehicle #0 = 13, leaving at = 682.0
   Vehicle #1 = -1, leaving at = inf
   Increment on distance indicator: 12.0
   Increment on tard indicator:     0.0
   Value of tmax indicator:         12.0

Task for patient = 72 with skills = {4,-1} and cost = 101.7
   Vehicle #0 = 11, leaving at = 767.0
   Vehicle #1 = -1, leaving at = inf
   Increment on distance indicator: 6.0
   Increment on tard indicator:     0.0
   Value of tmax indicator:         6.0

Task for patient = 98 with skills = {1,-1} and cost = 99.7
   Vehicle #0 = 4, leaving at = 768.0
   Vehicle #1 = -1, leaving at = inf
   Increment on distance indicator: 5.0
   Increment on tard indicator:     0.0
   Value of tmax indicator:         5.0

Task for patient = 45 with skills = {5,-1} and cost = 98.0
   Vehicle #0 = 14, leaving at = 614.0
   Vehicle #1 = -1, leaving at = inf
   Increment on distance indicator: 11.0
   Increment on tard indicator:     0.0
   Value of tmax indicator:         11.0

Task for patient = 73 with skills = {1,-1} and cost = 94.3
   Vehicle #0 = 5, leaving at = 514.0
   Vehicle #1 = -1, leaving at = inf
   Increment on distance indicator: 12.0
   Increment on tard indicator:     0.0
   Value of tmax indicator:         12.0

Task for patient = 8 with skills = {4,-1} and cost = 90.3
   Vehicle #0 = 15, leaving at = 671.0
   Vehicle #1 = -1, leaving at = inf
   Increment on distance indicator: 3.0
   Increment on tard indicator:     0.0
   Value of tmax indicator:         3.0

Task for patient = 6 with skills = {2,3} and cost = 89.3
   Vehicle #0 = 3, leaving at = 644.0
   Vehicle #1 = 13, leaving at = 628.0
   Increment on distance indicator: 34.0
   Increment on tard indicator:     0.0
   Value of tmax indicator:         34.0

Task for patient = 80 with skills = {2,3} and cost = 204.3
   Vehicle #0 = 5, leaving at = 794.0
   Vehicle #1 = 14, leaving at = 818.0
   Increment on distance indicator: 13.0
   Increment on tard indicator:     0.0
   Value of tmax indicator:         13.0

Task for patient = 50 with skills = {2,-1} and cost = 74.0
   Vehicle #0 = 3, leaving at = 575.0
   Vehicle #1 = -1, leaving at = inf
   Increment on distance indicator: 33.0
   Increment on tard indicator:     0.0
   Value of tmax indicator:         33.0

Task for patient = 2 with skills = {0,-1} and cost = 63.0
   Vehicle #0 = 2, leaving at = 631.0
   Vehicle #1 = -1, leaving at = inf
   Increment on distance indicator: 5.0
   Increment on tard indicator:     0.0
   Value of tmax indicator:         5.0

Task for patient = 59 with skills = {5,-1} and cost = 61.3
   Vehicle #0 = 10, leaving at = 631.0
   Vehicle #1 = -1, leaving at = inf
   Increment on distance indicator: 2.0
   Increment on tard indicator:     0.0
   Value of tmax indicator:         2.0

Task for patient = 92 with skills = {3,-1} and cost = 60.7
   Vehicle #0 = 13, leaving at = 541.0
   Vehicle #1 = -1, leaving at = inf
   Increment on distance indicator: 13.0
   Increment on tard indicator:     0.0
   Value of tmax indicator:         13.0

Task for patient = 84 with skills = {2,3} and cost = 56.3
   Vehicle #0 = 2, leaving at = 604.0
   Vehicle #1 = 10, leaving at = 608.0
   Increment on distance indicator: 32.0
   Increment on tard indicator:     0.0
   Value of tmax indicator:         32.0

Task for patient = 47 with skills = {1,-1} and cost = 45.7
   Vehicle #0 = 0, leaving at = 822.0
   Vehicle #1 = -1, leaving at = inf
   Increment on distance indicator: 6.0
   Increment on tard indicator:     0.0
   Value of tmax indicator:         6.0

Task for patient = 40 with skills = {1,-1} and cost = 43.7
   Vehicle #0 = 4, leaving at = 665.0
   Vehicle #1 = -1, leaving at = inf
   Increment on distance indicator: 2.0
   Increment on tard indicator:     0.0
   Value of tmax indicator:         2.0

Task for patient = 62 with skills = {2,3} and cost = 43.0
   Vehicle #0 = 1, leaving at = 636.0
   Vehicle #1 = 12, leaving at = 648.0
   Increment on distance indicator: 16.0
   Increment on tard indicator:     0.0
   Value of tmax indicator:         16.0

Task for patient = 54 with skills = {0,4} and cost = 37.7
   Vehicle #0 = 4, leaving at = 610.0
   Vehicle #1 = 11, leaving at = 636.0
   Increment on distance indicator: 42.0
   Increment on tard indicator:     0.0
   Value of tmax indicator:         42.0

Task for patient = 36 with skills = {1,-1} and cost = 23.7
   Vehicle #0 = 0, leaving at = 661.0
   Vehicle #1 = -1, leaving at = inf
   Increment on distance indicator: 9.0
   Increment on tard indicator:     0.0
   Value of tmax indicator:         9.0

Task for patient = 61 with skills = {2,5} and cost = 20.7
   Vehicle #0 = 2, leaving at = 529.0
   Vehicle #1 = 10, leaving at = 549.0
   Increment on distance indicator: 58.0
   Increment on tard indicator:     0.0
   Value of tmax indicator:         58.0

Task for patient = 18 with skills = {2,-1} and cost = 1.3
   Vehicle #0 = 1, leaving at = 591.0
   Vehicle #1 = -1, leaving at = inf
   Increment on distance indicator: 4.0
   Increment on tard indicator:     0.0
   Value of tmax indicator:         4.0

Task for patient = 78 with skills = {0,5} and cost = 78.0
   Vehicle #0 = 4, leaving at = 698.0
   Vehicle #1 = 11, leaving at = 704.0
   Increment on distance indicator: 12.0
   Increment on tard indicator:     0.0
   Value of tmax indicator:         12.0

Task for patient = 56 with skills = {5,-1} and cost = 200.0
   Vehicle #0 = 10, leaving at = 758.0
   Vehicle #1 = -1, leaving at = inf
   Increment on distance indicator: 4.0
   Increment on tard indicator:     0.0
   Value of tmax indicator:         4.0

Task for patient = 30 with skills = {3,-1} and cost = 198.7
   Vehicle #0 = 19, leaving at = 623.0
   Vehicle #1 = -1, leaving at = inf
   Increment on distance indicator: 11.0
   Increment on tard indicator:     0.0
   Value of tmax indicator:         11.0

Task for patient = 77 with skills = {4,-1} and cost = 195.0
   Vehicle #0 = 13, leaving at = 805.0
   Vehicle #1 = -1, leaving at = inf
   Increment on distance indicator: 9.0
   Increment on tard indicator:     0.0
   Value of tmax indicator:         9.0

Task for patient = 22 with skills = {4,-1} and cost = 192.0
   Vehicle #0 = 13, leaving at = 708.0
   Vehicle #1 = -1, leaving at = inf
   Increment on distance indicator: 4.0
   Increment on tard indicator:     0.0
   Value of tmax indicator:         4.0

Task for patient = 71 with skills = {5,-1} and cost = 190.7
   Vehicle #0 = 14, leaving at = 757.0
   Vehicle #1 = -1, leaving at = inf
   Increment on distance indicator: 7.0
   Increment on tard indicator:     0.0
   Value of tmax indicator:         7.0

Task for patient = 97 with skills = {0,3} and cost = 188.3
   Vehicle #0 = 9, leaving at = 728.0
   Vehicle #1 = 17, leaving at = 726.0
   Increment on distance indicator: 16.0
   Increment on tard indicator:     0.0
   Value of tmax indicator:         16.0

Task for patient = 32 with skills = {2,-1} and cost = 183.0
   Vehicle #0 = 7, leaving at = 734.0
   Vehicle #1 = -1, leaving at = inf
   Increment on distance indicator: 10.0
   Increment on tard indicator:     0.0
   Value of tmax indicator:         10.0

Task for patient = 91 with skills = {0,-1} and cost = 179.7
   Vehicle #0 = 8, leaving at = 567.0
   Vehicle #1 = -1, leaving at = inf
   Increment on distance indicator: 20.0
   Increment on tard indicator:     0.0
   Value of tmax indicator:         20.0

Task for patient = 43 with skills = {3,-1} and cost = 173.0
   Vehicle #0 = 14, leaving at = 697.0
   Vehicle #1 = -1, leaving at = inf
   Increment on distance indicator: 9.0
   Increment on tard indicator:     0.0
   Value of tmax indicator:         9.0

Task for patient = 17 with skills = {5,-1} and cost = 170.0
   Vehicle #0 = 14, leaving at = 655.0
   Vehicle #1 = -1, leaving at = inf
   Increment on distance indicator: 15.0
   Increment on tard indicator:     0.0
   Value of tmax indicator:         15.0

Task for patient = 90 with skills = {2,-1} and cost = 165.0
   Vehicle #0 = 5, leaving at = 738.0
   Vehicle #1 = -1, leaving at = inf
   Increment on distance indicator: 1.0
   Increment on tard indicator:     0.0
   Value of tmax indicator:         1.0

Task for patient = 5 with skills = {1,-1} and cost = 119.3
   Vehicle #0 = 1, leaving at = 765.0
   Vehicle #1 = -1, leaving at = inf
   Increment on distance indicator: 4.0
   Increment on tard indicator:     0.0
   Value of tmax indicator:         4.0

Task for patient = 60 with skills = {1,3} and cost = 161.3
   Vehicle #0 = 2, leaving at = 716.0
   Vehicle #1 = 10, leaving at = 732.0
   Increment on distance indicator: 16.0
   Increment on tard indicator:     0.0
   Value of tmax indicator:         16.0

Task for patient = 76 with skills = {1,-1} and cost = 156.0
   Vehicle #0 = 3, leaving at = 699.0
   Vehicle #1 = -1, leaving at = inf
   Increment on distance indicator: 6.0
   Increment on tard indicator:     0.0
   Value of tmax indicator:         6.0

Task for patient = 13 with skills = {1,-1} and cost = 154.0
   Vehicle #0 = 7, leaving at = 672.0
   Vehicle #1 = -1, leaving at = inf
   Increment on distance indicator: 3.0
   Increment on tard indicator:     0.0
   Value of tmax indicator:         3.0

Task for patient = 12 with skills = {4,-1} and cost = 153.0
   Vehicle #0 = 18, leaving at = 545.0
   Vehicle #1 = -1, leaving at = inf
   Increment on distance indicator: 27.0
   Increment on tard indicator:     0.0
   Value of tmax indicator:         27.0

Task for patient = 99 with skills = {2,-1} and cost = 144.0
   Vehicle #0 = 2, leaving at = 672.0
   Vehicle #1 = -1, leaving at = inf
   Increment on distance indicator: 13.0
   Increment on tard indicator:     0.0
   Value of tmax indicator:         13.0

Task for patient = 15 with skills = {0,-1} and cost = 139.7
   Vehicle #0 = 7, leaving at = 618.0
   Vehicle #1 = -1, leaving at = inf
   Increment on distance indicator: 5.0
   Increment on tard indicator:     0.0
   Value of tmax indicator:         5.0

Task for patient = 24 with skills = {3,-1} and cost = 138.0
   Vehicle #0 = 12, leaving at = 905.0
   Vehicle #1 = -1, leaving at = inf
   Increment on distance indicator: 3.0
   Increment on tard indicator:     0.0
   Value of tmax indicator:         3.0

Task for patient = 82 with skills = {1,-1} and cost = 137.0
   Vehicle #0 = 7, leaving at = 593.0
   Vehicle #1 = -1, leaving at = inf
   Increment on distance indicator: 9.0
   Increment on tard indicator:     0.0
   Value of tmax indicator:         9.0

Task for patient = 53 with skills = {1,-1} and cost = 134.0
   Vehicle #0 = 1, leaving at = 830.0
   Vehicle #1 = -1, leaving at = inf
   Increment on distance indicator: 5.0
   Increment on tard indicator:     0.0
   Value of tmax indicator:         5.0

Task for patient = 39 with skills = {2,-1} and cost = 132.3
   Vehicle #0 = 7, leaving at = 568.0
   Vehicle #1 = -1, leaving at = inf
   Increment on distance indicator: 12.0
   Increment on tard indicator:     0.0
   Value of tmax indicator:         12.0

Task for patient = 64 with skills = {1,-1} and cost = 128.3
   Vehicle #0 = 5, leaving at = 583.0
   Vehicle #1 = -1, leaving at = inf
   Increment on distance indicator: 18.0
   Increment on tard indicator:     0.0
   Value of tmax indicator:         18.0

Task for patient = 26 with skills = {4,-1} and cost = 122.3
   Vehicle #0 = 11, leaving at = 851.0
   Vehicle #1 = -1, leaving at = inf
   Increment on distance indicator: 9.0
   Increment on tard indicator:     0.0
   Value of tmax indicator:         9.0

Task for patient = 25 with skills = {2,-1} and cost = 164.7
   Vehicle #0 = 5, leaving at = 697.0
   Vehicle #1 = -1, leaving at = inf
   Increment on distance indicator: 10.0
   Increment on tard indicator:     0.0
   Value of tmax indicator:         10.0


Unused vehicle list: 16 (total = 1 out of 20)

---
Search finished.
Total of 1900 generations in 110.5 seconds.
Exchange elite runs: 23
Implicit path relinking runs: 10
Reset attempts: 1

Best solution found:
   Cost: 476.7
   Total travel time: 1424.0
   Total tardiness time: 3.0
   Largest tardiness: 3.0


476.7
