This host is: panku
--- BRKGA-MP-IPR for HHCRSP ---
Instance: new-dataset/instances-75/HHCRSP_75_15_79_1.2_R_C.txt
Seed: 20

Reading data... Problem contains 75 patients  and 15 caregivers.

Summary of supply x demand for each service type:
Skill 0 has supply = 7 and demand = 27, ratio = 0.259259
Skill 1 has supply = 3 and demand = 9, ratio = 0.333333
Skill 2 has supply = 4 and demand = 14, ratio = 0.285714
Skill 3 has supply = 6 and demand = 14, ratio = 0.428571
Skill 4 has supply = 5 and demand = 16, ratio = 0.3125
Skill 5 has supply = 5 and demand = 19, ratio = 0.263158

Reading parameters...
Inferred distance function by PR type: kendall-tau
Building BRKGA data and initializing...
Evolving 1900 generations...

  Gens  Rem    Local   ElDiv NoImpr             Best solution            Time  Op
                                       Cost     Dist    Tard    TMax 
*    0 1900  1898.67  223.86      0  1898.67  2127.00  3186.0   383.0     0.0    
*    2 1898  1753.67  177.92      0  1753.67  2107.00  2042.0   373.0     0.1    
*    3 1897  1507.33  163.28      0  1507.33  2032.00  1831.0   314.0     0.2    
*    4 1896  1392.33  144.30      0  1392.33  1954.00  1518.0   233.0     0.2    
*    5 1895  1235.00  133.63      0  1235.00  1954.00  1518.0   233.0     0.2    
*    7 1893  1120.00  112.25      0  1120.00  2012.00  1032.0   265.0     0.3    
*    8 1892  1103.00  100.74      0  1103.00  1878.00   897.0   235.0     0.4    
*    9 1891  1003.33   85.53      0  1003.33  1999.00   730.0   209.0     0.4    
*   10 1890   979.33   73.75      0   979.33  2014.00   477.0   156.0     0.5    
*   11 1889   882.33   69.93      0   882.33  1992.00   136.0    60.0     0.5    
*   12 1888   729.33   70.86      0   729.33  1970.00   117.0    49.0     0.5    
*   13 1887   712.00   62.68      0   712.00  1970.00   117.0    49.0     0.6    
*   16 1884   701.67   41.06      0   701.67  2021.00    24.0     8.0     0.7    
*   17 1883   684.33   39.46      0   684.33  1849.00    39.0    14.0     0.8    
*   18 1882   634.00   36.75      0   634.00  1849.00    39.0    14.0     0.8    

  Gens  Rem    Local   ElDiv NoImpr             Best solution            Time  Op
                                       Cost     Dist    Tard    TMax 
*   20 1880   622.33   32.41      0   622.33  1762.00    69.0    29.0     0.9    
*   21 1879   620.00   29.00      0   620.00  1770.00    74.0    12.0     0.9    
*   22 1878   618.67   25.37      0   618.67  1770.00    74.0    12.0     1.0    
*   25 1875   609.00   18.40      0   609.00  1802.00    21.0     4.0     1.1    
*   27 1873   599.67   15.61      0   599.67  1763.00    27.0     9.0     1.2    
*   29 1871   587.67   14.74      0   587.67  1711.00    23.0    15.0     1.3    
*   30 1870   583.00   14.65      0   583.00  1685.00     3.0     2.0     1.3    
*   31 1869   563.33   13.56      0   563.33  1685.00     3.0     2.0     1.3    
*   36 1864   561.33   12.44      0   561.33  1684.00     0.0     0.0     1.6    
*   40 1860   540.67   11.43      0   540.67  1592.00    24.0     6.0     1.7    
*   50 1850   538.33    9.57      0   538.33  1590.00    18.0     7.0     2.1    
*   52 1848   537.33    9.82      0   537.33  1581.00    20.0    11.0     2.2    
*   56 1844   534.67    9.86      0   534.67  1559.00     1.0     1.0     2.4    
*   57 1843   520.33    9.62      0   520.33  1559.00     1.0     1.0     2.4    
*   60 1840   518.00   10.60      0   518.00  1524.00    15.0    15.0     2.5    
*   67 1833   517.67   11.35      0   517.67  1497.00    19.0    19.0     2.8    

  Gens  Rem    Local   ElDiv NoImpr             Best solution            Time  Op
                                       Cost     Dist    Tard    TMax 
*   68 1832   511.67   11.45      0   511.67  1504.00     6.0     4.0     2.9    
*   69 1831   504.67   11.38      0   504.67  1504.00     6.0     4.0     2.9    
*   78 1822   491.33   10.71      0   491.33  1459.00     9.0     6.0     3.3    
    80 1820   491.33    7.53      3   491.33  1459.00     9.0     6.0     3.4   X
*   92 1808   489.33    8.05      0   489.33  1428.00    10.0     5.0     3.9    
*   93 1807   481.00    8.00      0   481.00  1428.00    10.0     5.0     3.9    
   100 1800   481.00    8.23      7   481.00  1428.00    10.0     5.0     4.2    
*  113 1787   478.33   10.74      0   478.33  1424.00     8.0     3.0     4.8    
*  122 1778   477.00   12.57      0   477.00  1422.00     6.0     3.0     5.1    
*  129 1771   476.67   13.61      0   476.67  1379.00     2.0     2.0     5.4    
*  130 1770   461.00   13.78      0   461.00  1379.00     2.0     2.0     5.5    
*  149 1751   459.33   13.64      0   459.33  1378.00     0.0     0.0     6.3    
   150 1750   459.33   13.55      1   459.33  1378.00     0.0     0.0     6.3    
*  152 1748   456.67   13.50      0   456.67  1364.00     3.0     3.0     6.4    
   160 1740   456.67   10.76      9   456.67  1364.00     3.0     3.0     6.7   X
*  170 1730   455.33    4.90      0   455.33  1366.00     0.0     0.0     7.1    

  Gens  Rem    Local   ElDiv NoImpr             Best solution            Time  Op
                                       Cost     Dist    Tard    TMax 
*  172 1728   453.67    4.42      0   453.67  1355.00     3.0     3.0     7.2    
*  180 1720   450.67    3.11      0   450.67  1350.00     0.0     0.0     7.5    
Path relinking result: elite improvement.
   180 1720   450.00    3.10      0   450.67  1350.00     0.0     0.0     7.5   P
*  181 1719   450.00    2.97      0   450.00  1350.00     0.0     0.0     7.6    
*  184 1716   448.67    2.66      0   448.67  1346.00     0.0     0.0     7.7    
*  189 1711   448.33    2.42      0   448.33  1345.00     0.0     0.0     7.9    
*  192 1708   447.33    2.35      0   447.33  1342.00     0.0     0.0     8.1    
*  197 1703   446.00    1.78      0   446.00  1332.00     3.0     3.0     8.3    
   200 1700   446.00    1.45      3   446.00  1332.00     3.0     3.0     8.4    
*  201 1699   445.67    1.31      0   445.67  1335.00     0.0     0.0     8.4    
*  202 1698   445.00    1.16      0   445.00  1331.00     0.0     0.0     8.5    
*  203 1697   443.67    1.00      0   443.67  1330.00     0.0     0.0     8.5    
*  204 1696   443.33    0.84      0   443.33  1330.00     0.0     0.0     8.6    
*  208 1692   442.67    1.11      0   442.67  1327.00     0.0     0.0     8.7    
*  209 1691   442.33    1.12      0   442.33  1327.00     0.0     0.0     8.8    
*  213 1687   442.00    1.07      0   442.00  1324.00     0.0     0.0     8.9    

  Gens  Rem    Local   ElDiv NoImpr             Best solution            Time  Op
                                       Cost     Dist    Tard    TMax 
*  214 1686   441.33    1.06      0   441.33  1323.00     0.0     0.0     9.0    
*  215 1685   441.00    1.04      0   441.00  1323.00     0.0     0.0     9.0    
*  219 1681   440.67    0.61      0   440.67  1321.00     0.0     0.0     9.2    
*  220 1680   440.33    0.70      0   440.33  1321.00     0.0     0.0     9.2    
*  222 1678   440.00    0.76      0   440.00  1320.00     0.0     0.0     9.3    
*  229 1671   439.33    1.11      0   439.33  1318.00     0.0     0.0     9.6    
   240 1660   439.00    0.16      0   439.33  1318.00     0.0     0.0    10.0   X
*  241 1659   439.00    0.18      0   439.00  1315.00     0.0     0.0    10.1    
*  242 1658   438.33    0.23      0   438.33  1313.00     0.0     0.0    10.1    
*  243 1657   437.67    0.27      0   437.67  1313.00     0.0     0.0    10.1    
   250 1650   437.67    0.70      7   437.67  1313.00     0.0     0.0    10.4    
*  251 1649   437.33    0.82      0   437.33  1312.00     0.0     0.0    10.5    
*  253 1647   436.67    0.81      0   436.67  1310.00     0.0     0.0    10.5    
*  293 1607   436.33    0.46      0   436.33  1309.00     0.0     0.0    12.3    
   300 1600   436.33    0.63      7   436.33  1309.00     0.0     0.0    12.5    
   320 1580   436.33    0.00     28   436.33  1309.00     0.0     0.0    13.4   X

  Gens  Rem    Local   ElDiv NoImpr             Best solution            Time  Op
                                       Cost     Dist    Tard    TMax 
*  339 1561   436.00    0.02      0   436.00  1308.00     0.0     0.0    14.1    
   350 1550   436.00    0.07     11   436.00  1308.00     0.0     0.0    14.6    
Path relinking result: elite improvement.
   360 1540   436.00    0.16     22   436.00  1308.00     0.0     0.0    15.0   P
*  372 1528   435.67    0.16      0   435.67  1307.00     0.0     0.0    15.5    
*  395 1505   434.67    0.18      0   434.67  1304.00     0.0     0.0    16.5    
   400 1500   434.67    0.49      5   434.67  1304.00     0.0     0.0    16.7    
   400 1500   434.67    0.49      6   434.67  1304.00     0.0     0.0    16.7   X
*  405 1495   433.00    0.19      0   433.00  1298.00     0.0     0.0    16.9    
*  406 1494   432.67    0.19      0   432.67  1298.00     0.0     0.0    16.9    
*  414 1486   432.00    0.96      0   432.00  1296.00     0.0     0.0    17.2    
*  423 1477   431.33    1.23      0   431.33  1294.00     0.0     0.0    17.6    
   450 1450   431.33    1.53     27   431.33  1294.00     0.0     0.0    18.7    
   480 1420   431.33    0.00     58   431.33  1294.00     0.0     0.0    19.9   X
   500 1400   431.33    0.00     77   431.33  1294.00     0.0     0.0    20.8    
Path relinking result: no improvement.
   540 1360   431.33    0.00    118   431.33  1294.00     0.0     0.0    22.4   P
   550 1350   431.33    0.00    127   431.33  1294.00     0.0     0.0    22.8    

  Gens  Rem    Local   ElDiv NoImpr             Best solution            Time  Op
                                       Cost     Dist    Tard    TMax 
   560 1340   431.33    0.00    138   431.33  1294.00     0.0     0.0    23.2   X
   600 1300   431.33    0.00    177   431.33  1294.00     0.0     0.0    24.9    
   640 1260   431.33    0.00    218   431.33  1294.00     0.0     0.0    26.5   X
   650 1250   431.33    0.00    227   431.33  1294.00     0.0     0.0    26.9    
   700 1200   431.33    0.00    277   431.33  1294.00     0.0     0.0    29.0    
Path relinking result: no improvement.
   720 1180   431.33    0.00    298   431.33  1294.00     0.0     0.0    29.8  PX
   750 1150   431.33    0.00    327   431.33  1294.00     0.0     0.0    31.0    
   800 1100   431.33    0.00    377   431.33  1294.00     0.0     0.0    33.0    
   800 1100   431.33    0.00    378   431.33  1294.00     0.0     0.0    33.0   X
*  812 1088   428.00    0.19      0   428.00  1282.00     1.0     1.0    33.5    
*  845 1055   426.33    1.60      0   426.33  1279.00     0.0     0.0    34.9    
   850 1050   426.33    2.36      5   426.33  1279.00     0.0     0.0    35.1    
   880 1020   426.33    2.36     36   426.33  1279.00     0.0     0.0    36.3   X
   900 1000   426.33    0.00     55   426.33  1279.00     0.0     0.0    37.1    
Path relinking result: no improvement.
   900 1000   426.33    0.00     56   426.33  1279.00     0.0     0.0    37.1   P
   950  950   426.33    0.00    105   426.33  1279.00     0.0     0.0    39.2    

  Gens  Rem    Local   ElDiv NoImpr             Best solution            Time  Op
                                       Cost     Dist    Tard    TMax 
   960  940   426.33    0.00    116   426.33  1279.00     0.0     0.0    39.6   X
*  978  922   426.00    0.03      0   426.00  1278.00     0.0     0.0    40.4    
  1000  900   426.00    0.16     22   426.00  1278.00     0.0     0.0    41.3    
  1040  860   426.00    0.16     63   426.00  1278.00     0.0     0.0    42.9   X
  1050  850   426.00    0.00     72   426.00  1278.00     0.0     0.0    43.3    
Path relinking result: no improvement.
  1080  820   426.00    0.00    103   426.00  1278.00     0.0     0.0    44.5   P
  1100  800   426.00    0.00    122   426.00  1278.00     0.0     0.0    45.3    
  1120  780   426.00    0.00    143   426.00  1278.00     0.0     0.0    46.2   X
  1150  750   426.00    0.00    172   426.00  1278.00     0.0     0.0    47.4    
  1200  700   426.00    0.00    222   426.00  1278.00     0.0     0.0    49.4    
  1200  700   426.00    0.00    223   426.00  1278.00     0.0     0.0    49.4   X
  1250  650   426.00    0.00    272   426.00  1278.00     0.0     0.0    51.5    
Path relinking result: no improvement.
  1260  640   426.00    0.00    283   426.00  1278.00     0.0     0.0    51.9   P
  1280  620   426.00    0.00    303   426.00  1278.00     0.0     0.0    52.7   X
  1300  600   426.00    0.00    322   426.00  1278.00     0.0     0.0    53.5    
  1350  550   426.00    0.00    372   426.00  1278.00     0.0     0.0    55.6    

  Gens  Rem    Local   ElDiv NoImpr             Best solution            Time  Op
                                       Cost     Dist    Tard    TMax 
  1360  540   426.00    0.00    383   426.00  1278.00     0.0     0.0    56.0   X
  1400  500   426.00    0.00    422   426.00  1278.00     0.0     0.0    57.6    
Path relinking result: no improvement.
  1440  460   426.00    0.00    463   426.00  1278.00     0.0     0.0    59.3  PX
  1450  450   426.00    0.00    472   426.00  1278.00     0.0     0.0    59.7    
  1500  400   426.00    0.00    522   426.00  1278.00     0.0     0.0    61.8    
  1520  380   426.00    0.00    543   426.00  1278.00     0.0     0.0    62.6   X
  1550  350   426.00    0.00    572   426.00  1278.00     0.0     0.0    63.9    
  1600  300   426.00    0.00    622   426.00  1278.00     0.0     0.0    65.9    
  1600  300   426.00    0.00    623   426.00  1278.00     0.0     0.0    65.9   X
Path relinking result: no improvement.
  1620  280   426.00    0.00    643   426.00  1278.00     0.0     0.0    66.7   P
  1650  250   426.00    0.00    672   426.00  1278.00     0.0     0.0    68.0    
  1677  223      inf  266.26      0   426.00  1278.00     0.0     0.0    69.1   R
  1678  222  1784.00  219.87      0   426.00  1278.00     0.0     0.0    69.1    
  1680  220  1494.33  146.15      0   426.00  1278.00     0.0     0.0    69.2   X
  1700  200   618.00   25.99      1   426.00  1278.00     0.0     0.0    70.1    
  1750  150   509.00    8.55      0   426.00  1278.00     0.0     0.0    72.2    

  Gens  Rem    Local   ElDiv NoImpr             Best solution            Time  Op
                                       Cost     Dist    Tard    TMax 
  1760  140   500.33    6.25      8   426.00  1278.00     0.0     0.0    72.6   X
  1800  100   500.33    5.72     47   426.00  1278.00     0.0     0.0    74.2    
Path relinking result: best improvement.
  1800  100   494.33    5.93      0   426.00  1278.00     0.0     0.0    74.2   P
  1840   60   494.33    4.43     40   426.00  1278.00     0.0     0.0    75.9   X
  1850   50   494.33    4.36     49   426.00  1278.00     0.0     0.0    76.3    
  1900    0   494.33    4.17     99   426.00  1278.00     0.0     0.0    78.3    
Evolutionary process finished.
Solution written to 'solution-9752.txt'.

Sorted sequence of worst to best tardiness value:
Task for patient = 74 with skills = {1,3} and cost = 257.7
   Vehicle #0 = 4, leaving at = 946.0
   Vehicle #1 = 11, leaving at = 956.0
   Increment on distance indicator: 8.0
   Increment on tard indicator:     0.0
   Value of tmax indicator:         8.0

Task for patient = 32 with skills = {4,-1} and cost = 255.0
   Vehicle #0 = 10, leaving at = 976.0
   Vehicle #1 = -1, leaving at = inf
   Increment on distance indicator: 1.0
   Increment on tard indicator:     0.0
   Value of tmax indicator:         1.0

Task for patient = 24 with skills = {5,-1} and cost = 254.7
   Vehicle #0 = 13, leaving at = 932.0
   Vehicle #1 = -1, leaving at = inf
   Increment on distance indicator: 5.0
   Increment on tard indicator:     0.0
   Value of tmax indicator:         5.0

Task for patient = 43 with skills = {0,-1} and cost = 253.0
   Vehicle #0 = 0, leaving at = 842.0
   Vehicle #1 = -1, leaving at = inf
   Increment on distance indicator: 7.0
   Increment on tard indicator:     0.0
   Value of tmax indicator:         7.0

Task for patient = 48 with skills = {5,-1} and cost = 250.7
   Vehicle #0 = 13, leaving at = 857.0
   Vehicle #1 = -1, leaving at = inf
   Increment on distance indicator: 4.0
   Increment on tard indicator:     0.0
   Value of tmax indicator:         4.0

Task for patient = 50 with skills = {3,-1} and cost = 249.3
   Vehicle #0 = 11, leaving at = 842.0
   Vehicle #1 = -1, leaving at = inf
   Increment on distance indicator: 6.0
   Increment on tard indicator:     0.0
   Value of tmax indicator:         6.0

Task for patient = 4 with skills = {4,-1} and cost = 247.3
   Vehicle #0 = 13, leaving at = 814.0
   Vehicle #1 = -1, leaving at = inf
   Increment on distance indicator: 3.0
   Increment on tard indicator:     0.0
   Value of tmax indicator:         3.0

Task for patient = 68 with skills = {0,-1} and cost = 246.3
   Vehicle #0 = 3, leaving at = 900.0
   Vehicle #1 = -1, leaving at = inf
   Increment on distance indicator: 13.0
   Increment on tard indicator:     0.0
   Value of tmax indicator:         13.0

Task for patient = 3 with skills = {0,5} and cost = 340.7
   Vehicle #0 = 0, leaving at = 1070.0
   Vehicle #1 = 9, leaving at = 1060.0
   Increment on distance indicator: 14.0
   Increment on tard indicator:     0.0
   Value of tmax indicator:         14.0

Task for patient = 18 with skills = {2,-1} and cost = 241.7
   Vehicle #0 = 1, leaving at = 854.0
   Vehicle #1 = -1, leaving at = inf
   Increment on distance indicator: 4.0
   Increment on tard indicator:     0.0
   Value of tmax indicator:         4.0

Task for patient = 30 with skills = {4,-1} and cost = 240.3
   Vehicle #0 = 10, leaving at = 959.0
   Vehicle #1 = -1, leaving at = inf
   Increment on distance indicator: 2.0
   Increment on tard indicator:     0.0
   Value of tmax indicator:         2.0

Task for patient = 67 with skills = {3,-1} and cost = 239.7
   Vehicle #0 = 9, leaving at = 878.0
   Vehicle #1 = -1, leaving at = inf
   Increment on distance indicator: 3.0
   Increment on tard indicator:     0.0
   Value of tmax indicator:         3.0

Task for patient = 39 with skills = {0,-1} and cost = 238.7
   Vehicle #0 = 5, leaving at = 841.0
   Vehicle #1 = -1, leaving at = inf
   Increment on distance indicator: 6.0
   Increment on tard indicator:     0.0
   Value of tmax indicator:         6.0

Task for patient = 38 with skills = {1,4} and cost = 236.7
   Vehicle #0 = 3, leaving at = 863.0
   Vehicle #1 = 8, leaving at = 832.0
   Increment on distance indicator: 10.0
   Increment on tard indicator:     0.0
   Value of tmax indicator:         10.0

Task for patient = 19 with skills = {0,5} and cost = 233.3
   Vehicle #0 = 5, leaving at = 795.0
   Vehicle #1 = 13, leaving at = 760.0
   Increment on distance indicator: 15.0
   Increment on tard indicator:     0.0
   Value of tmax indicator:         15.0

Task for patient = 11 with skills = {0,-1} and cost = 228.3
   Vehicle #0 = 2, leaving at = 785.0
   Vehicle #1 = -1, leaving at = inf
   Increment on distance indicator: 4.0
   Increment on tard indicator:     0.0
   Value of tmax indicator:         4.0

Task for patient = 21 with skills = {2,-1} and cost = 227.0
   Vehicle #0 = 3, leaving at = 812.0
   Vehicle #1 = -1, leaving at = inf
   Increment on distance indicator: 9.0
   Increment on tard indicator:     0.0
   Value of tmax indicator:         9.0

Task for patient = 22 with skills = {3,-1} and cost = 242.0
   Vehicle #0 = 8, leaving at = 858.0
   Vehicle #1 = -1, leaving at = inf
   Increment on distance indicator: 1.0
   Increment on tard indicator:     0.0
   Value of tmax indicator:         1.0

Task for patient = 72 with skills = {4,-1} and cost = 336.0
   Vehicle #0 = 8, leaving at = 1009.0
   Vehicle #1 = -1, leaving at = inf
   Increment on distance indicator: 10.0
   Increment on tard indicator:     0.0
   Value of tmax indicator:         10.0

Task for patient = 10 with skills = {0,-1} and cost = 332.7
   Vehicle #0 = 1, leaving at = 994.0
   Vehicle #1 = -1, leaving at = inf
   Increment on distance indicator: 10.0
   Increment on tard indicator:     0.0
   Value of tmax indicator:         10.0

Task for patient = 34 with skills = {0,4} and cost = 329.3
   Vehicle #0 = 0, leaving at = 1017.0
   Vehicle #1 = 10, leaving at = 1007.0
   Increment on distance indicator: 15.0
   Increment on tard indicator:     0.0
   Value of tmax indicator:         15.0

Task for patient = 16 with skills = {2,-1} and cost = 324.3
   Vehicle #0 = 1, leaving at = 954.0
   Vehicle #1 = -1, leaving at = inf
   Increment on distance indicator: 18.0
   Increment on tard indicator:     0.0
   Value of tmax indicator:         18.0

Task for patient = 15 with skills = {0,5} and cost = 318.3
   Vehicle #0 = 2, leaving at = 1026.0
   Vehicle #1 = 14, leaving at = 1037.0
   Increment on distance indicator: 17.0
   Increment on tard indicator:     0.0
   Value of tmax indicator:         17.0

Task for patient = 13 with skills = {0,3} and cost = 312.7
   Vehicle #0 = 2, leaving at = 970.0
   Vehicle #1 = 8, leaving at = 979.0
   Increment on distance indicator: 35.0
   Increment on tard indicator:     0.0
   Value of tmax indicator:         35.0

Task for patient = 75 with skills = {0,3} and cost = 301.0
   Vehicle #0 = 4, leaving at = 1030.0
   Vehicle #1 = 11, leaving at = 1030.0
   Increment on distance indicator: 8.0
   Increment on tard indicator:     0.0
   Value of tmax indicator:         8.0

Task for patient = 64 with skills = {1,-1} and cost = 298.3
   Vehicle #0 = 4, leaving at = 996.0
   Vehicle #1 = -1, leaving at = inf
   Increment on distance indicator: 5.0
   Increment on tard indicator:     0.0
   Value of tmax indicator:         5.0

Task for patient = 28 with skills = {2,4} and cost = 257.7
   Vehicle #0 = 6, leaving at = 888.0
   Vehicle #1 = 12, leaving at = 852.0
   Increment on distance indicator: 0.0
   Increment on tard indicator:     0.0
   Value of tmax indicator:         0.0

Task for patient = 25 with skills = {2,-1} and cost = 293.0
   Vehicle #0 = 1, leaving at = 917.0
   Vehicle #1 = -1, leaving at = inf
   Increment on distance indicator: 18.0
   Increment on tard indicator:     0.0
   Value of tmax indicator:         18.0

Task for patient = 46 with skills = {4,-1} and cost = 287.0
   Vehicle #0 = 14, leaving at = 964.0
   Vehicle #1 = -1, leaving at = inf
   Increment on distance indicator: 13.0
   Increment on tard indicator:     0.0
   Value of tmax indicator:         13.0

Task for patient = 7 with skills = {1,3} and cost = 282.7
   Vehicle #0 = 5, leaving at = 976.0
   Vehicle #1 = 13, leaving at = 979.0
   Increment on distance indicator: 23.0
   Increment on tard indicator:     0.0
   Value of tmax indicator:         23.0

Task for patient = 40 with skills = {0,-1} and cost = 275.0
   Vehicle #0 = 3, leaving at = 1012.0
   Vehicle #1 = -1, leaving at = inf
   Increment on distance indicator: 4.0
   Increment on tard indicator:     0.0
   Value of tmax indicator:         4.0

Task for patient = 36 with skills = {4,-1} and cost = 273.7
   Vehicle #0 = 8, leaving at = 911.0
   Vehicle #1 = -1, leaving at = inf
   Increment on distance indicator: 13.0
   Increment on tard indicator:     0.0
   Value of tmax indicator:         13.0

Task for patient = 56 with skills = {0,5} and cost = 269.3
   Vehicle #0 = 2, leaving at = 877.0
   Vehicle #1 = 14, leaving at = 914.0
   Increment on distance indicator: 20.0
   Increment on tard indicator:     0.0
   Value of tmax indicator:         20.0

Task for patient = 61 with skills = {2,-1} and cost = 262.7
   Vehicle #0 = 3, leaving at = 967.0
   Vehicle #1 = -1, leaving at = inf
   Increment on distance indicator: 9.0
   Increment on tard indicator:     0.0
   Value of tmax indicator:         9.0

Task for patient = 20 with skills = {4,-1} and cost = 259.7
   Vehicle #0 = 14, leaving at = 855.0
   Vehicle #1 = -1, leaving at = inf
   Increment on distance indicator: 3.0
   Increment on tard indicator:     0.0
   Value of tmax indicator:         3.0

Task for patient = 8 with skills = {3,-1} and cost = 258.7
   Vehicle #0 = 11, leaving at = 1004.0
   Vehicle #1 = -1, leaving at = inf
   Increment on distance indicator: 3.0
   Increment on tard indicator:     0.0
   Value of tmax indicator:         3.0

Task for patient = 41 with skills = {2,4} and cost = 296.7
   Vehicle #0 = 3, leaving at = 1070.0
   Vehicle #1 = 13, leaving at = 1056.0
   Increment on distance indicator: 11.0
   Increment on tard indicator:     0.0
   Value of tmax indicator:         11.0

Task for patient = 17 with skills = {5,-1} and cost = 153.3
   Vehicle #0 = 13, leaving at = 674.0
   Vehicle #1 = -1, leaving at = inf
   Increment on distance indicator: 3.0
   Increment on tard indicator:     0.0
   Value of tmax indicator:         3.0

Task for patient = 37 with skills = {0,-1} and cost = 152.3
   Vehicle #0 = 0, leaving at = 764.0
   Vehicle #1 = -1, leaving at = inf
   Increment on distance indicator: 6.0
   Increment on tard indicator:     0.0
   Value of tmax indicator:         6.0

Task for patient = 12 with skills = {0,-1} and cost = 150.3
   Vehicle #0 = 2, leaving at = 537.0
   Vehicle #1 = -1, leaving at = inf
   Increment on distance indicator: 30.0
   Increment on tard indicator:     0.0
   Value of tmax indicator:         30.0

Task for patient = 9 with skills = {0,3} and cost = 140.3
   Vehicle #0 = 0, leaving at = 619.0
   Vehicle #1 = 13, leaving at = 632.0
   Increment on distance indicator: 68.0
   Increment on tard indicator:     0.0
   Value of tmax indicator:         68.0

Task for patient = 47 with skills = {1,-1} and cost = 117.7
   Vehicle #0 = 3, leaving at = 768.0
   Vehicle #1 = -1, leaving at = inf
   Increment on distance indicator: 3.0
   Increment on tard indicator:     0.0
   Value of tmax indicator:         3.0

Task for patient = 29 with skills = {5,-1} and cost = 116.7
   Vehicle #0 = 13, leaving at = 568.0
   Vehicle #1 = -1, leaving at = inf
   Increment on distance indicator: 30.0
   Increment on tard indicator:     0.0
   Value of tmax indicator:         30.0

Task for patient = 27 with skills = {0,5} and cost = 106.7
   Vehicle #0 = 4, leaving at = 718.0
   Vehicle #1 = 11, leaving at = 708.0
   Increment on distance indicator: 35.0
   Increment on tard indicator:     0.0
   Value of tmax indicator:         35.0

Task for patient = 49 with skills = {2,5} and cost = 95.0
   Vehicle #0 = 1, leaving at = 697.0
   Vehicle #1 = 9, leaving at = 700.0
   Increment on distance indicator: 4.0
   Increment on tard indicator:     0.0
   Value of tmax indicator:         4.0

Task for patient = 42 with skills = {0,-1} and cost = 224.0
   Vehicle #0 = 4, leaving at = 796.0
   Vehicle #1 = -1, leaving at = inf
   Increment on distance indicator: 7.0
   Increment on tard indicator:     0.0
   Value of tmax indicator:         7.0

Task for patient = 57 with skills = {2,-1} and cost = 92.0
   Vehicle #0 = 3, leaving at = 718.0
   Vehicle #1 = -1, leaving at = inf
   Increment on distance indicator: 5.0
   Increment on tard indicator:     0.0
   Value of tmax indicator:         5.0

Task for patient = 44 with skills = {0,4} and cost = 90.3
   Vehicle #0 = 4, leaving at = 631.0
   Vehicle #1 = 10, leaving at = 635.0
   Increment on distance indicator: 31.0
   Increment on tard indicator:     0.0
   Value of tmax indicator:         31.0

Task for patient = 52 with skills = {2,-1} and cost = 80.0
   Vehicle #0 = 4, leaving at = 596.0
   Vehicle #1 = -1, leaving at = inf
   Increment on distance indicator: 29.0
   Increment on tard indicator:     0.0
   Value of tmax indicator:         29.0

Task for patient = 23 with skills = {0,3} and cost = 70.3
   Vehicle #0 = 1, leaving at = 646.0
   Vehicle #1 = 9, leaving at = 651.0
   Increment on distance indicator: 40.0
   Increment on tard indicator:     0.0
   Value of tmax indicator:         40.0

Task for patient = 69 with skills = {2,5} and cost = 57.0
   Vehicle #0 = 1, leaving at = 597.0
   Vehicle #1 = 9, leaving at = 607.0
   Increment on distance indicator: 13.0
   Increment on tard indicator:     0.0
   Value of tmax indicator:         13.0

Task for patient = 70 with skills = {5,-1} and cost = 52.7
   Vehicle #0 = 9, leaving at = 581.0
   Vehicle #1 = -1, leaving at = inf
   Increment on distance indicator: 5.0
   Increment on tard indicator:     0.0
   Value of tmax indicator:         5.0

Task for patient = 55 with skills = {2,5} and cost = 51.0
   Vehicle #0 = 1, leaving at = 527.0
   Vehicle #1 = 9, leaving at = 553.0
   Increment on distance indicator: 58.0
   Increment on tard indicator:     0.0
   Value of tmax indicator:         58.0

Task for patient = 62 with skills = {1,5} and cost = 31.7
   Vehicle #0 = 3, leaving at = 688.0
   Vehicle #1 = 8, leaving at = 718.0
   Increment on distance indicator: 66.0
   Increment on tard indicator:     0.0
   Value of tmax indicator:         66.0

Task for patient = 45 with skills = {1,-1} and cost = 9.7
   Vehicle #0 = 3, leaving at = 577.0
   Vehicle #1 = -1, leaving at = inf
   Increment on distance indicator: 29.0
   Increment on tard indicator:     0.0
   Value of tmax indicator:         29.0

Task for patient = 73 with skills = {2,-1} and cost = 93.7
   Vehicle #0 = 4, leaving at = 681.0
   Vehicle #1 = -1, leaving at = inf
   Increment on distance indicator: 5.0
   Increment on tard indicator:     0.0
   Value of tmax indicator:         5.0

Task for patient = 58 with skills = {0,5} and cost = 221.7
   Vehicle #0 = 2, leaving at = 736.0
   Vehicle #1 = 11, leaving at = 763.0
   Increment on distance indicator: 16.0
   Increment on tard indicator:     0.0
   Value of tmax indicator:         16.0

Task for patient = 54 with skills = {4,-1} and cost = 216.3
   Vehicle #0 = 10, leaving at = 902.0
   Vehicle #1 = -1, leaving at = inf
   Increment on distance indicator: 3.0
   Increment on tard indicator:     0.0
   Value of tmax indicator:         3.0

Task for patient = 59 with skills = {0,3} and cost = 215.3
   Vehicle #0 = 1, leaving at = 803.0
   Vehicle #1 = 9, leaving at = 818.0
   Increment on distance indicator: 6.0
   Increment on tard indicator:     0.0
   Value of tmax indicator:         6.0

Task for patient = 1 with skills = {4,-1} and cost = 213.3
   Vehicle #0 = 14, leaving at = 810.0
   Vehicle #1 = -1, leaving at = inf
   Increment on distance indicator: 3.0
   Increment on tard indicator:     0.0
   Value of tmax indicator:         3.0

Task for patient = 14 with skills = {1,-1} and cost = 212.3
   Vehicle #0 = 5, leaving at = 706.0
   Vehicle #1 = -1, leaving at = inf
   Increment on distance indicator: 11.0
   Increment on tard indicator:     0.0
   Value of tmax indicator:         11.0

Task for patient = 2 with skills = {3,-1} and cost = 208.7
   Vehicle #0 = 9, leaving at = 786.0
   Vehicle #1 = -1, leaving at = inf
   Increment on distance indicator: 4.0
   Increment on tard indicator:     0.0
   Value of tmax indicator:         4.0

Task for patient = 26 with skills = {0,5} and cost = 207.3
   Vehicle #0 = 1, leaving at = 743.0
   Vehicle #1 = 9, leaving at = 729.0
   Increment on distance indicator: 4.0
   Increment on tard indicator:     0.0
   Value of tmax indicator:         4.0

Task for patient = 31 with skills = {0,5} and cost = 206.0
   Vehicle #0 = 0, leaving at = 816.0
   Vehicle #1 = 8, leaving at = 805.0
   Increment on distance indicator: 10.0
   Increment on tard indicator:     0.0
   Value of tmax indicator:         10.0

Task for patient = 35 with skills = {1,-1} and cost = 168.7
   Vehicle #0 = 5, leaving at = 565.0
   Vehicle #1 = -1, leaving at = inf
   Increment on distance indicator: 46.0
   Increment on tard indicator:     0.0
   Value of tmax indicator:         46.0

Task for patient = 33 with skills = {3,-1} and cost = 200.3
   Vehicle #0 = 10, leaving at = 736.0
   Vehicle #1 = -1, leaving at = inf
   Increment on distance indicator: 23.0
   Increment on tard indicator:     0.0
   Value of tmax indicator:         23.0

Task for patient = 5 with skills = {2,-1} and cost = 192.7
   Vehicle #0 = 4, leaving at = 773.0
   Vehicle #1 = -1, leaving at = inf
   Increment on distance indicator: 7.0
   Increment on tard indicator:     0.0
   Value of tmax indicator:         7.0

Task for patient = 53 with skills = {0,-1} and cost = 190.3
   Vehicle #0 = 5, leaving at = 631.0
   Vehicle #1 = -1, leaving at = inf
   Increment on distance indicator: 7.0
   Increment on tard indicator:     0.0
   Value of tmax indicator:         7.0

Task for patient = 63 with skills = {4,-1} and cost = 188.0
   Vehicle #0 = 13, leaving at = 729.0
   Vehicle #1 = -1, leaving at = inf
   Increment on distance indicator: 5.0
   Increment on tard indicator:     0.0
   Value of tmax indicator:         5.0

Task for patient = 65 with skills = {5,-1} and cost = 186.3
   Vehicle #0 = 14, leaving at = 620.0
   Vehicle #1 = -1, leaving at = inf
   Increment on distance indicator: 30.0
   Increment on tard indicator:     0.0
   Value of tmax indicator:         30.0

Task for patient = 51 with skills = {0,-1} and cost = 176.3
   Vehicle #0 = 2, leaving at = 637.0
   Vehicle #1 = -1, leaving at = inf
   Increment on distance indicator: 1.0
   Increment on tard indicator:     0.0
   Value of tmax indicator:         1.0

Task for patient = 6 with skills = {5,-1} and cost = 176.0
   Vehicle #0 = 8, leaving at = 743.0
   Vehicle #1 = -1, leaving at = inf
   Increment on distance indicator: 9.0
   Increment on tard indicator:     0.0
   Value of tmax indicator:         9.0

Task for patient = 71 with skills = {3,-1} and cost = 173.0
   Vehicle #0 = 10, leaving at = 672.0
   Vehicle #1 = -1, leaving at = inf
   Increment on distance indicator: 6.0
   Increment on tard indicator:     0.0
   Value of tmax indicator:         6.0

Task for patient = 66 with skills = {0,-1} and cost = 171.0
   Vehicle #0 = 2, leaving at = 587.0
   Vehicle #1 = -1, leaving at = inf
   Increment on distance indicator: 7.0
   Increment on tard indicator:     0.0
   Value of tmax indicator:         7.0

Task for patient = 60 with skills = {4,-1} and cost = 202.7
   Vehicle #0 = 14, leaving at = 654.0
   Vehicle #1 = -1, leaving at = inf
   Increment on distance indicator: 7.0
   Increment on tard indicator:     0.0
   Value of tmax indicator:         7.0


Unused vehicle list: 7 (total = 1 out of 15)

---
Search finished.
Total of 1900 generations in 78.3 seconds.
Exchange elite runs: 23
Implicit path relinking runs: 10
Reset attempts: 1

Best solution found:
   Cost: 426.0
   Total travel time: 1278.0
   Total tardiness time: 0.0
   Largest tardiness: 0.0


426.0
