This host is: shiva
--- BRKGA-MP-IPR for HHCRSP ---
Instance: /home/alberto/work/hhcrsp-dataset-2021/dataset2/HHCRSP_25_5_37_0.4_C_RC.txt
Seed: 13

Reading data... Problem contains 25 patients  and 5 caregivers.

Summary of supply x demand for each service type:
Skill 0 has supply = 1 and demand = 5, ratio = 0.2
Skill 1 has supply = 1 and demand = 4, ratio = 0.25
Skill 2 has supply = 1 and demand = 8, ratio = 0.125
Skill 3 has supply = 2 and demand = 2, ratio = 1
Skill 4 has supply = 2 and demand = 8, ratio = 0.25
Skill 5 has supply = 2 and demand = 6, ratio = 0.333333

Reading parameters...
Inferred distance function by PR type: kendall-tau
Building BRKGA data and initializing...
Evolving 1900 generations...

  Gens  Rem    Local   ElDiv NoImpr             Best solution            Time  Op
                                       Cost     Dist    Tard    TMax 
*    0 1900   902.00  215.37      0   902.00   722.00  1701.0   283.0     0.1    
*    2 1898   874.00  140.58      0   874.00   724.00  1432.0   427.0     0.2    
*    3 1897   861.00  128.13      0   861.00   664.00  1125.0   404.0     0.2    
*    4 1896   731.00  123.24      0   731.00   720.00   805.0   250.0     0.3    
*    5 1895   591.67  111.21      0   591.67   666.00   477.0   165.0     0.3    
*    6 1894   436.00   99.63      0   436.00   666.00   477.0   165.0     0.4    
*    9 1891   343.33   74.97      0   343.33   702.00   225.0   103.0     0.5    
*   12 1888   332.67   44.52      0   332.67   691.00   230.0    70.0     0.7    
*   13 1887   330.33   39.00      0   330.33   690.00   198.0    72.0     0.7    
*   14 1886   320.00   33.30      0   320.00   682.00   193.0    71.0     0.8    
*   15 1885   315.33   27.68      0   315.33   667.00   173.0    70.0     0.8    
*   16 1884   303.33   25.50      0   303.33   649.00   171.0    61.0     0.9    
*   17 1883   293.67   20.80      0   293.67   649.00   171.0    61.0     0.9    
*   20 1880   288.67   12.95      0   288.67   646.00   150.0    60.0     1.1    
*   21 1879   285.33   11.85      0   285.33   646.00   150.0    60.0     1.1    

  Gens  Rem    Local   ElDiv NoImpr             Best solution            Time  Op
                                       Cost     Dist    Tard    TMax 
*   23 1877   283.00    9.73      0   283.00   639.00   150.0    60.0     1.2    
*   26 1874   281.00    7.31      0   281.00   651.00   132.0    60.0     1.4    
*   28 1872   280.33    6.46      0   280.33   626.00   155.0    60.0     1.5    
*   30 1870   280.00    6.54      0   280.00   630.00   150.0    60.0     1.6    
*   33 1867   279.00    5.03      0   279.00   645.00   132.0    60.0     1.7    
*   38 1862   277.33    2.40      0   277.33   640.00   132.0    60.0     2.0    
*   40 1860   277.00    1.67      0   277.00   634.00   137.0    60.0     2.1    
*   43 1857   276.33    1.25      0   276.33   637.00   132.0    60.0     2.2    
*   46 1854   275.67    1.38      0   275.67   635.00   132.0    60.0     2.4    
*   50 1850   275.33    1.45      0   275.33   634.00   132.0    60.0     2.6    
*   68 1832   274.67    1.95      0   274.67   632.00   132.0    60.0     3.5    
*   73 1827   273.33    2.06      0   273.33   628.00   132.0    60.0     3.8    
    80 1820   273.33    0.35      8   273.33   628.00   132.0    60.0     4.1   X
   100 1800   273.33    0.61     27   273.33   628.00   132.0    60.0     5.1    
   150 1750   273.33    1.10     77   273.33   628.00   132.0    60.0     7.7    
   152 1748      inf  277.70      0   273.33   628.00   132.0    60.0     7.8   R

  Gens  Rem    Local   ElDiv NoImpr             Best solution            Time  Op
                                       Cost     Dist    Tard    TMax 
   153 1747  1066.33  200.33      0   273.33   628.00   132.0    60.0     7.8    
   160 1740   436.00   74.70      0   273.33   628.00   132.0    60.0     8.2   X
Path relinking result: elite improvement.
   180 1720   278.33    6.18      6   273.33   628.00   132.0    60.0     9.2   P
   200 1700   273.33    1.49      2   273.33   628.00   132.0    60.0    10.2    
   240 1660   273.33    1.10     43   273.33   628.00   132.0    60.0    12.2   X
   250 1650   273.33    0.00     52   273.33   628.00   132.0    60.0    12.7    
   277 1623      inf  268.00      0   273.33   628.00   132.0    60.0    14.1   R
   278 1622   836.33  223.15      0   273.33   628.00   132.0    60.0    14.2    
   300 1600   288.33    8.27      1   273.33   628.00   132.0    60.0    15.3    
   320 1580   274.67    0.67      4   273.33   628.00   132.0    60.0    16.3   X
   350 1550   273.33    0.00     25   273.33   628.00   132.0    60.0    17.8    
Path relinking result: no improvement.
   360 1540   273.33    0.00     36   273.33   628.00   132.0    60.0    18.3   P
   400 1500   273.33    0.00     75   273.33   628.00   132.0    60.0    20.4    
   400 1500   273.33    0.00     76   273.33   628.00   132.0    60.0    20.4   X
   404 1496      inf  281.29      0   273.33   628.00   132.0    60.0    20.6   R
   405 1495   996.33  209.24      0   273.33   628.00   132.0    60.0    20.6    

  Gens  Rem    Local   ElDiv NoImpr             Best solution            Time  Op
                                       Cost     Dist    Tard    TMax 
   450 1450   277.00    0.48      1   273.33   628.00   132.0    60.0    22.9    
   480 1420   275.67    0.94     12   273.33   628.00   132.0    60.0    24.4   X
   500 1400   273.33    1.10     16   273.33   628.00   132.0    60.0    25.5    
Path relinking result: elite improvement.
   540 1360   273.33    1.10     57   273.33   628.00   132.0    60.0    27.5   P
   550 1350   273.33    1.09     66   273.33   628.00   132.0    60.0    28.0    
   560 1340   273.33    0.00     77   273.33   628.00   132.0    60.0    28.5   X
   563 1337      inf  260.37      0   273.33   628.00   132.0    60.0    28.6   R
   564 1336  1016.33  219.63      0   273.33   628.00   132.0    60.0    28.7    
   600 1300   279.00    4.64      1   273.33   628.00   132.0    60.0    30.5    
   640 1260   275.67    0.31     33   273.33   628.00   132.0    60.0    32.6   X
   650 1250   275.67    0.00     42   273.33   628.00   132.0    60.0    33.1    
   687 1213      inf  262.31      0   273.33   628.00   132.0    60.0    34.9   R
   688 1212  1096.67  213.00      0   273.33   628.00   132.0    60.0    35.0    
   700 1200   365.00   42.95      1   273.33   628.00   132.0    60.0    35.6    
Path relinking result: elite improvement.
   720 1180   276.33    2.71      1   273.33   628.00   132.0    60.0    36.6  PX
   750 1150   275.67    0.00     20   273.33   628.00   132.0    60.0    38.1    

  Gens  Rem    Local   ElDiv NoImpr             Best solution            Time  Op
                                       Cost     Dist    Tard    TMax 
   800 1100   275.67    0.00     70   273.33   628.00   132.0    60.0    40.7    
   800 1100   275.67    0.00     71   273.33   628.00   132.0    60.0    40.7   X
   809 1091      inf  256.99      0   273.33   628.00   132.0    60.0    41.1   R
   810 1090   858.33  221.93      0   273.33   628.00   132.0    60.0    41.2    
   850 1050   273.33    1.95      2   273.33   628.00   132.0    60.0    43.2    
   880 1020   273.33    1.40     33   273.33   628.00   132.0    60.0    44.7   X
   900 1000   273.33    0.00     52   273.33   628.00   132.0    60.0    45.8    
Path relinking result: no improvement.
   900 1000   273.33    0.00     53   273.33   628.00   132.0    60.0    45.8   P
   927  973      inf  293.80      0   273.33   628.00   132.0    60.0    47.1   R
   928  972  1092.67  209.78      0   273.33   628.00   132.0    60.0    47.2    
   950  950   288.33   10.92      1   273.33   628.00   132.0    60.0    48.3    
   960  940   277.67    3.07      4   273.33   628.00   132.0    60.0    48.8   X
  1000  900   276.33    0.82     38   273.33   628.00   132.0    60.0    50.8    
  1040  860   276.33    0.00     79   273.33   628.00   132.0    60.0    52.9   X
  1041  859      inf  278.47      0   273.33   628.00   132.0    60.0    52.9   R
  1042  858   809.67  226.36      0   273.33   628.00   132.0    60.0    53.0    

  Gens  Rem    Local   ElDiv NoImpr             Best solution            Time  Op
                                       Cost     Dist    Tard    TMax 
  1050  850   447.00   86.76      0   273.33   628.00   132.0    60.0    53.4    
Path relinking result: elite improvement.
  1080  820   275.67    1.67      1   273.33   628.00   132.0    60.0    54.9   P
  1100  800   273.33    2.72     13   273.33   628.00   132.0    60.0    55.9    
  1120  780   273.33    1.10     34   273.33   628.00   132.0    60.0    56.9   X
  1150  750   273.33    0.00     63   273.33   628.00   132.0    60.0    58.4    
  1166  734      inf  254.10      0   273.33   628.00   132.0    60.0    59.3   R
  1167  733  1171.33  202.84      0   273.33   628.00   132.0    60.0    59.3    
  1200  700   279.33    3.79     15   273.33   628.00   132.0    60.0    61.0    
  1200  700   279.33    0.70     16   273.33   628.00   132.0    60.0    61.0   X
  1250  650   273.33    1.34      5   273.33   628.00   132.0    60.0    63.5    
Path relinking result: elite improvement.
  1260  640   273.33    1.41     16   273.33   628.00   132.0    60.0    64.0   P
  1280  620   273.33    0.00     36   273.33   628.00   132.0    60.0    65.0   X
  1300  600   273.33    0.00     55   273.33   628.00   132.0    60.0    66.1    
  1324  576      inf  268.48      0   273.33   628.00   132.0    60.0    67.3   R
  1325  575  1212.67  206.08      0   273.33   628.00   132.0    60.0    67.3    
  1350  550   279.00    8.50      3   273.33   628.00   132.0    60.0    68.6    

  Gens  Rem    Local   ElDiv NoImpr             Best solution            Time  Op
                                       Cost     Dist    Tard    TMax 
  1360  540   277.00    0.87      4   273.33   628.00   132.0    60.0    69.1   X
  1400  500   273.33    1.10     23   273.33   628.00   132.0    60.0    71.1    
Path relinking result: elite improvement.
  1440  460   273.33    1.09     64   273.33   628.00   132.0    60.0    73.2  PX
  1450  450   273.33    0.00     73   273.33   628.00   132.0    60.0    73.7    
  1456  444      inf  295.72      0   273.33   628.00   132.0    60.0    74.0   R
  1457  443   862.67  235.53      0   273.33   628.00   132.0    60.0    74.0    
  1500  400   277.67    0.61      1   273.33   628.00   132.0    60.0    76.2    
  1520  380   273.67    1.17      9   273.33   628.00   132.0    60.0    77.2   X
  1550  350   273.33    0.00     26   273.33   628.00   132.0    60.0    78.8    
  1600  300   273.33    0.00     76   273.33   628.00   132.0    60.0    81.3    
  1600  300   273.33    0.00     77   273.33   628.00   132.0    60.0    81.3   X
  1603  297      inf  283.11      0   273.33   628.00   132.0    60.0    81.4   R
  1604  296   879.00  216.01      0   273.33   628.00   132.0    60.0    81.5    
Path relinking result: elite improvement.
  1620  280   299.00   28.08      0   273.33   628.00   132.0    60.0    82.3   P
  1650  250   276.33    1.71      9   273.33   628.00   132.0    60.0    83.8    
  1680  220   273.33    0.50     13   273.33   628.00   132.0    60.0    85.4   X

  Gens  Rem    Local   ElDiv NoImpr             Best solution            Time  Op
                                       Cost     Dist    Tard    TMax 
  1700  200   273.33    1.09     32   273.33   628.00   132.0    60.0    86.4    
  1747  153      inf  254.69      0   273.33   628.00   132.0    60.0    88.8   R
  1748  152  1110.00  198.73      0   273.33   628.00   132.0    60.0    88.8    
  1750  150   937.33  151.27      0   273.33   628.00   132.0    60.0    88.9    
  1760  140   336.67   33.68      1   273.33   628.00   132.0    60.0    89.4   X
  1800  100   278.33    0.14     13   273.33   628.00   132.0    60.0    91.4    
Path relinking result: no improvement.
  1800  100   278.33    0.14     14   273.33   628.00   132.0    60.0    91.4   P
  1840   60   277.67    0.96     13   273.33   628.00   132.0    60.0    93.5   X
  1850   50   277.67    0.00     22   273.33   628.00   132.0    60.0    94.0    
  1900    0   277.67    0.00     72   273.33   628.00   132.0    60.0    96.5    
Evolutionary process finished.
Solution written to 'solution-10234.txt'.

Sorted sequence of worst to best tardiness value:
Task for patient = 13 with skills = {2,4} and cost = 234.0
   Vehicle #0 = 1, leaving at = 1152.0
   Vehicle #1 = 3, leaving at = 1173.0
   Increment on distance indicator: 71.0
   Increment on tard indicator:     110.0
   Value of tmax indicator:         71.0

Task for patient = 22 with skills = {2,4} and cost = 79.3
   Vehicle #0 = 1, leaving at = 777.0
   Vehicle #1 = 3, leaving at = 777.0
   Increment on distance indicator: 17.0
   Increment on tard indicator:     20.0
   Value of tmax indicator:         17.0

Task for patient = 21 with skills = {2,-1} and cost = 108.0
   Vehicle #0 = 1, leaving at = 873.0
   Vehicle #1 = -1, leaving at = inf
   Increment on distance indicator: 17.0
   Increment on tard indicator:     20.0
   Value of tmax indicator:         17.0

Task for patient = 2 with skills = {3,-1} and cost = 240.7
   Vehicle #0 = 2, leaving at = 1017.0
   Vehicle #1 = -1, leaving at = inf
   Increment on distance indicator: 20.0
   Increment on tard indicator:     0.0
   Value of tmax indicator:         20.0

Task for patient = 9 with skills = {0,5} and cost = 160.3
   Vehicle #0 = 0, leaving at = 1061.0
   Vehicle #1 = 4, leaving at = 1102.0
   Increment on distance indicator: 18.0
   Increment on tard indicator:     0.0
   Value of tmax indicator:         18.0

Task for patient = 11 with skills = {2,-1} and cost = 154.3
   Vehicle #0 = 1, leaving at = 1078.0
   Vehicle #1 = -1, leaving at = inf
   Increment on distance indicator: 14.0
   Increment on tard indicator:     0.0
   Value of tmax indicator:         14.0

Task for patient = 15 with skills = {1,5} and cost = 149.7
   Vehicle #0 = 1, leaving at = 1043.0
   Vehicle #1 = 4, leaving at = 1043.0
   Increment on distance indicator: 11.0
   Increment on tard indicator:     0.0
   Value of tmax indicator:         11.0

Task for patient = 4 with skills = {0,3} and cost = 146.0
   Vehicle #0 = 0, leaving at = 1028.0
   Vehicle #1 = 3, leaving at = 1028.0
   Increment on distance indicator: 16.0
   Increment on tard indicator:     0.0
   Value of tmax indicator:         16.0

Task for patient = 10 with skills = {2,-1} and cost = 140.7
   Vehicle #0 = 1, leaving at = 997.0
   Vehicle #1 = -1, leaving at = inf
   Increment on distance indicator: 12.0
   Increment on tard indicator:     0.0
   Value of tmax indicator:         12.0

Task for patient = 16 with skills = {2,4} and cost = 136.7
   Vehicle #0 = 1, leaving at = 943.0
   Vehicle #1 = 2, leaving at = 953.0
   Increment on distance indicator: 37.0
   Increment on tard indicator:     0.0
   Value of tmax indicator:         37.0

Task for patient = 23 with skills = {5,-1} and cost = 124.3
   Vehicle #0 = 4, leaving at = 959.0
   Vehicle #1 = -1, leaving at = inf
   Increment on distance indicator: 12.0
   Increment on tard indicator:     0.0
   Value of tmax indicator:         12.0

Task for patient = 8 with skills = {5,-1} and cost = 120.3
   Vehicle #0 = 3, leaving at = 899.0
   Vehicle #1 = -1, leaving at = inf
   Increment on distance indicator: 14.0
   Increment on tard indicator:     0.0
   Value of tmax indicator:         14.0

Task for patient = 12 with skills = {5,-1} and cost = 115.7
   Vehicle #0 = 3, leaving at = 833.0
   Vehicle #1 = -1, leaving at = inf
   Increment on distance indicator: 5.0
   Increment on tard indicator:     0.0
   Value of tmax indicator:         5.0

Task for patient = 5 with skills = {5,-1} and cost = 242.7
   Vehicle #0 = 4, leaving at = 1155.0
   Vehicle #1 = -1, leaving at = inf
   Increment on distance indicator: 6.0
   Increment on tard indicator:     0.0
   Value of tmax indicator:         6.0

Task for patient = 7 with skills = {2,4} and cost = 92.3
   Vehicle #0 = 1, leaving at = 832.0
   Vehicle #1 = 2, leaving at = 832.0
   Increment on distance indicator: 17.0
   Increment on tard indicator:     0.0
   Value of tmax indicator:         17.0

Task for patient = 20 with skills = {0,-1} and cost = 86.7
   Vehicle #0 = 0, leaving at = 719.0
   Vehicle #1 = -1, leaving at = inf
   Increment on distance indicator: 22.0
   Increment on tard indicator:     0.0
   Value of tmax indicator:         22.0

Task for patient = 3 with skills = {1,-1} and cost = 63.7
   Vehicle #0 = 1, leaving at = 723.0
   Vehicle #1 = -1, leaving at = inf
   Increment on distance indicator: 29.0
   Increment on tard indicator:     0.0
   Value of tmax indicator:         29.0

Task for patient = 6 with skills = {1,-1} and cost = 54.0
   Vehicle #0 = 1, leaving at = 660.0
   Vehicle #1 = -1, leaving at = inf
   Increment on distance indicator: 26.0
   Increment on tard indicator:     0.0
   Value of tmax indicator:         26.0

Task for patient = 14 with skills = {0,4} and cost = 45.3
   Vehicle #0 = 0, leaving at = 652.0
   Vehicle #1 = 3, leaving at = 680.0
   Increment on distance indicator: 25.0
   Increment on tard indicator:     0.0
   Value of tmax indicator:         25.0

Task for patient = 1 with skills = {4,-1} and cost = 37.0
   Vehicle #0 = 3, leaving at = 629.0
   Vehicle #1 = -1, leaving at = inf
   Increment on distance indicator: 6.0
   Increment on tard indicator:     0.0
   Value of tmax indicator:         6.0

Task for patient = 19 with skills = {1,-1} and cost = 35.0
   Vehicle #0 = 1, leaving at = 605.0
   Vehicle #1 = -1, leaving at = inf
   Increment on distance indicator: 34.0
   Increment on tard indicator:     0.0
   Value of tmax indicator:         34.0

Task for patient = 18 with skills = {4,-1} and cost = 23.7
   Vehicle #0 = 3, leaving at = 567.0
   Vehicle #1 = -1, leaving at = inf
   Increment on distance indicator: 13.0
   Increment on tard indicator:     0.0
   Value of tmax indicator:         13.0

Task for patient = 25 with skills = {2,-1} and cost = 19.3
   Vehicle #0 = 1, leaving at = 529.0
   Vehicle #1 = -1, leaving at = inf
   Increment on distance indicator: 37.0
   Increment on tard indicator:     0.0
   Value of tmax indicator:         37.0

Task for patient = 17 with skills = {4,-1} and cost = 7.0
   Vehicle #0 = 2, leaving at = 632.0
   Vehicle #1 = -1, leaving at = inf
   Increment on distance indicator: 21.0
   Increment on tard indicator:     0.0
   Value of tmax indicator:         21.0

Task for patient = 24 with skills = {0,-1} and cost = 114.0
   Vehicle #0 = 0, leaving at = 950.0
   Vehicle #1 = -1, leaving at = inf
   Increment on distance indicator: 18.0
   Increment on tard indicator:     0.0
   Value of tmax indicator:         18.0


Unused vehicle list: (total = 0 out of 5)

---
Search finished.
Total of 1900 generations in 96.5 seconds.
Exchange elite runs: 23
Implicit path relinking runs: 10
Reset attempts: 13

Best solution found:
   Cost: 273.3
   Total travel time: 628.0
   Total tardiness time: 132.0
   Largest tardiness: 60.0


273.3
