This host is: malboro
--- BRKGA-MP-IPR for HHCRSP ---
Instance: /home/alberto/work/hhcrsp-dataset-2021/dataset2/HHCRSP_50_10_51_0.8_C_C.txt
Seed: 15

Reading data... Problem contains 50 patients  and 10 caregivers.

Summary of supply x demand for each service type:
Skill 0 has supply = 4 and demand = 11, ratio = 0.363636
Skill 1 has supply = 5 and demand = 18, ratio = 0.277778
Skill 2 has supply = 4 and demand = 11, ratio = 0.363636
Skill 3 has supply = 2 and demand = 7, ratio = 0.285714
Skill 4 has supply = 3 and demand = 6, ratio = 0.5
Skill 5 has supply = 4 and demand = 13, ratio = 0.307692

Reading parameters...
Inferred distance function by PR type: kendall-tau
Building BRKGA data and initializing...
Evolving 1900 generations...

  Gens  Rem    Local   ElDiv NoImpr             Best solution            Time  Op
                                       Cost     Dist    Tard    TMax 
*    0 1900   620.33  221.59      0   620.33   461.00  1154.0   246.0     0.1    
*    5 1895   345.33  120.95      0   345.33   470.00   419.0   147.0     0.4    
*    7 1893   260.00   90.21      0   260.00   454.00   175.0    93.0     0.5    
*    8 1892   240.67   80.82      0   240.67   443.00     0.0     0.0     0.6    
*    9 1891   147.67   70.49      0   147.67   443.00     0.0     0.0     0.7    
*   12 1888   147.00   38.96      0   147.00   406.00     8.0     4.0     0.9    
*   13 1887   139.33   31.90      0   139.33   412.00     0.0     0.0     0.9    
*   14 1886   137.33   24.31      0   137.33   392.00     0.0     0.0     1.0    
*   15 1885   130.67   18.45      0   130.67   392.00     0.0     0.0     1.1    
*   22 1878   127.67    2.65      0   127.67   383.00     0.0     0.0     1.5    
*   24 1876   126.33    2.52      0   126.33   367.00     0.0     0.0     1.7    
*   25 1875   122.33    2.28      0   122.33   367.00     0.0     0.0     1.7    
*   34 1866   122.00    1.74      0   122.00   366.00     0.0     0.0     2.3    
*   36 1864   121.67    1.69      0   121.67   362.00     0.0     0.0     2.5    
*   37 1863   120.67    1.76      0   120.67   356.00     0.0     0.0     2.5    

  Gens  Rem    Local   ElDiv NoImpr             Best solution            Time  Op
                                       Cost     Dist    Tard    TMax 
*   38 1862   118.67    1.72      0   118.67   356.00     0.0     0.0     2.6    
*   44 1856   116.33    1.61      0   116.33   349.00     0.0     0.0     3.0    
    50 1850   116.33    1.21      6   116.33   349.00     0.0     0.0     3.4    
*   53 1847   115.67    1.39      0   115.67   344.00     0.0     0.0     3.6    
*   54 1846   114.67    1.40      0   114.67   344.00     0.0     0.0     3.7    
*   58 1842   113.67    1.49      0   113.67   341.00     0.0     0.0     4.0    
*   60 1840   113.00    1.43      0   113.00   339.00     0.0     0.0     4.1    
*   62 1838   111.00    1.49      0   111.00   333.00     0.0     0.0     4.2    
*   65 1835   110.67    1.54      0   110.67   332.00     0.0     0.0     4.4    
*   67 1833   110.33    1.46      0   110.33   331.00     0.0     0.0     4.6    
*   71 1829   110.00    1.21      0   110.00   330.00     0.0     0.0     4.8    
*   73 1827   109.33    1.02      0   109.33   328.00     0.0     0.0     5.0    
*   77 1823   109.00    0.66      0   109.00   327.00     0.0     0.0     5.2    
    80 1820   109.00    0.53      4   109.00   327.00     0.0     0.0     5.4   X
   100 1800   109.00    0.62     23   109.00   327.00     0.0     0.0     6.8    
*  106 1794   108.67    0.62      0   108.67   326.00     0.0     0.0     7.2    

  Gens  Rem    Local   ElDiv NoImpr             Best solution            Time  Op
                                       Cost     Dist    Tard    TMax 
*  129 1771   108.33    0.50      0   108.33   325.00     0.0     0.0     8.7    
*  148 1752   108.00    0.58      0   108.00   324.00     0.0     0.0    10.0    
   150 1750   108.00    0.67      2   108.00   324.00     0.0     0.0    10.1    
   160 1740   108.00    0.42     13   108.00   324.00     0.0     0.0    10.8   X
*  162 1738   107.67    0.33      0   107.67   323.00     0.0     0.0    10.9    
Path relinking result: no improvement.
   180 1720   107.67    0.05     19   107.67   323.00     0.0     0.0    12.1   P
*  198 1702   107.33    0.16      0   107.33   322.00     0.0     0.0    13.3    
   200 1700   107.33    0.16      2   107.33   322.00     0.0     0.0    13.5    
   240 1660   107.33    0.28     43   107.33   322.00     0.0     0.0    16.1   X
   250 1650   107.33    0.00     52   107.33   322.00     0.0     0.0    16.8    
   277 1623      inf  241.01      0   107.33   322.00     0.0     0.0    18.6   R
   278 1622  1157.00  208.54      0   107.33   322.00     0.0     0.0    18.7    
   300 1600   130.33    3.02      0   107.33   322.00     0.0     0.0    20.2    
   320 1580   117.33    1.71      4   107.33   322.00     0.0     0.0    21.5   X
   350 1550   107.67    1.80      0   107.33   322.00     0.0     0.0    23.5    
*  357 1543   107.00    1.58      0   107.00   321.00     0.0     0.0    24.0    
Path relinking result: elite improvement.

  Gens  Rem    Local   ElDiv NoImpr             Best solution            Time  Op
                                       Cost     Dist    Tard    TMax 
   360 1540   107.00    1.43      4   107.00   321.00     0.0     0.0    24.2   P
   400 1500   107.00    0.47     43   107.00   321.00     0.0     0.0    26.9    
   400 1500   107.00    0.00     44   107.00   321.00     0.0     0.0    26.9   X
   436 1464      inf  268.02      0   107.00   321.00     0.0     0.0    29.3   R
   437 1463  1097.33  223.99      0   107.00   321.00     0.0     0.0    29.4    
   450 1450   134.00   30.37      0   107.00   321.00     0.0     0.0    30.2    
   480 1420   117.33    1.34      0   107.00   321.00     0.0     0.0    32.2   X
   500 1400   115.00    1.26      0   107.00   321.00     0.0     0.0    33.6    
Path relinking result: elite improvement.
   540 1360   109.33    2.46     18   107.00   321.00     0.0     0.0    36.3   P
   550 1350   109.33    1.44     27   107.00   321.00     0.0     0.0    36.9    
   560 1340   109.00    0.13      3   107.00   321.00     0.0     0.0    37.6   X
   600 1300   109.00    0.00     42   107.00   321.00     0.0     0.0    40.3    
   637 1263      inf  274.51      0   107.00   321.00     0.0     0.0    42.8   R
   638 1262  1009.00  214.90      0   107.00   321.00     0.0     0.0    42.8    
   640 1260   831.33  114.41      0   107.00   321.00     0.0     0.0    43.0   X
   650 1250   142.33   35.10      0   107.00   321.00     0.0     0.0    43.6    

  Gens  Rem    Local   ElDiv NoImpr             Best solution            Time  Op
                                       Cost     Dist    Tard    TMax 
   700 1200   114.33    1.17      2   107.00   321.00     0.0     0.0    47.0    
Path relinking result: elite improvement.
   720 1180   109.00    0.70      8   107.00   321.00     0.0     0.0    48.3  PX
   750 1150   109.00    1.12     37   107.00   321.00     0.0     0.0    50.3    
   792 1108      inf  251.70      0   107.00   321.00     0.0     0.0    53.2   R
   793 1107  1037.33  189.13      0   107.00   321.00     0.0     0.0    53.2    
   800 1100   182.33   88.21      0   107.00   321.00     0.0     0.0    53.7    
   800 1100   182.33   73.50      1   107.00   321.00     0.0     0.0    53.7   X
   850 1050   114.67    1.09      0   107.00   321.00     0.0     0.0    57.0    
   880 1020   109.67    0.68      0   107.00   321.00     0.0     0.0    59.0   X
   900 1000   109.67    0.68     19   107.00   321.00     0.0     0.0    60.4    
Path relinking result: elite improvement.
   900 1000   109.67    0.68     20   107.00   321.00     0.0     0.0    60.4   P
   950  950   107.33    0.70     24   107.00   321.00     0.0     0.0    63.7    
   960  940   107.00    0.05      3   107.00   321.00     0.0     0.0    64.4   X
  1000  900   107.00    0.00     42   107.00   321.00     0.0     0.0    67.1    
  1037  863      inf  272.84      0   107.00   321.00     0.0     0.0    69.6   R
  1038  862   919.00  232.11      0   107.00   321.00     0.0     0.0    69.6    

  Gens  Rem    Local   ElDiv NoImpr             Best solution            Time  Op
                                       Cost     Dist    Tard    TMax 
  1040  860   741.67  138.90      0   107.00   321.00     0.0     0.0    69.8   X
  1050  850   150.67   35.15      1   107.00   321.00     0.0     0.0    70.4    
Path relinking result: elite improvement.
  1080  820   118.00    1.52      0   107.00   321.00     0.0     0.0    72.5   P
  1100  800   113.67    1.35      0   107.00   321.00     0.0     0.0    73.8    
  1120  780   110.00    0.52      0   107.00   321.00     0.0     0.0    75.1   X
  1150  750   107.67    1.98      1   107.00   321.00     0.0     0.0    77.1    
  1200  700   107.67    0.00     51   107.00   321.00     0.0     0.0    80.5    
  1200  700   107.67    0.00     52   107.00   321.00     0.0     0.0    80.5   X
  1228  672      inf  254.06      0   107.00   321.00     0.0     0.0    82.4   R
  1229  671   740.00  228.03      0   107.00   321.00     0.0     0.0    82.4    
  1250  650   131.33    2.74      1   107.00   321.00     0.0     0.0    83.9    
Path relinking result: elite improvement.
  1260  640   122.33    1.78      8   107.00   321.00     0.0     0.0    84.5   P
  1280  620   115.00    1.16      0   107.00   321.00     0.0     0.0    85.9   X
  1300  600   113.00    1.34      6   107.00   321.00     0.0     0.0    87.2    
  1350  550   107.67    0.92     10   107.00   321.00     0.0     0.0    90.6    
  1360  540   107.67    0.17     21   107.00   321.00     0.0     0.0    91.2   X

  Gens  Rem    Local   ElDiv NoImpr             Best solution            Time  Op
                                       Cost     Dist    Tard    TMax 
  1400  500   107.67    0.00     60   107.00   321.00     0.0     0.0    93.9    
  1419  481      inf  259.79      0   107.00   321.00     0.0     0.0    95.2   R
  1420  480  1052.67  202.51      0   107.00   321.00     0.0     0.0    95.3    
Path relinking result: best improvement.
  1440  460   124.67    2.99      0   107.00   321.00     0.0     0.0    96.6  PX
  1450  450   123.33    1.98      3   107.00   321.00     0.0     0.0    97.3    
  1500  400   110.67    1.45     11   107.00   321.00     0.0     0.0   100.6    
  1520  380   109.33    0.34      4   107.00   321.00     0.0     0.0   102.0   X
  1550  350   109.33    0.49     33   107.00   321.00     0.0     0.0   104.0    
  1596  304      inf  274.71      0   107.00   321.00     0.0     0.0   107.1   R
  1597  303   863.00  220.37      0   107.00   321.00     0.0     0.0   107.1    
  1600  300   636.33  156.08      0   107.00   321.00     0.0     0.0   107.3    
  1600  300   598.33  124.78      0   107.00   321.00     0.0     0.0   107.3   X
Path relinking result: best improvement.
  1620  280   128.00    2.51      0   107.00   321.00     0.0     0.0   108.7   P
  1650  250   115.67    2.05      0   107.00   321.00     0.0     0.0   110.7    
  1680  220   108.67    1.85      2   107.00   321.00     0.0     0.0   112.7   X
  1700  200   108.33    0.42     17   107.00   321.00     0.0     0.0   114.0    

  Gens  Rem    Local   ElDiv NoImpr             Best solution            Time  Op
                                       Cost     Dist    Tard    TMax 
  1750  150   108.00    0.03     30   107.00   321.00     0.0     0.0   117.4    
  1760  140   108.00    0.06     41   107.00   321.00     0.0     0.0   118.0   X
  1799  101      inf  243.53      0   107.00   321.00     0.0     0.0   120.7   R
  1800  100  1077.67  214.54      0   107.00   321.00     0.0     0.0   120.7    
Path relinking result: elite improvement.
  1800  100  1077.67  215.51      1   107.00   321.00     0.0     0.0   120.7   P
  1840   60   119.00    1.35      0   107.00   321.00     0.0     0.0   123.4   X
  1850   50   117.00    1.16      1   107.00   321.00     0.0     0.0   124.1    
  1900    0   108.00    0.24      3   107.00   321.00     0.0     0.0   127.4    
Evolutionary process finished.
Solution written to 'solution-13426.txt'.

Sorted sequence of worst to best tardiness value:
Task for patient = 3 with skills = {2,-1} and cost = 41.7
   Vehicle #0 = 0, leaving at = 835.0
   Vehicle #1 = -1, leaving at = inf
   Increment on distance indicator: 3.0
   Increment on tard indicator:     0.0
   Value of tmax indicator:         3.0

Task for patient = 38 with skills = {1,3} and cost = 45.3
   Vehicle #0 = 0, leaving at = 887.0
   Vehicle #1 = 6, leaving at = 887.0
   Increment on distance indicator: 11.0
   Increment on tard indicator:     0.0
   Value of tmax indicator:         11.0

Task for patient = 20 with skills = {2,-1} and cost = 46.0
   Vehicle #0 = 2, leaving at = 859.0
   Vehicle #1 = -1, leaving at = inf
   Increment on distance indicator: 2.0
   Increment on tard indicator:     0.0
   Value of tmax indicator:         2.0

Task for patient = 30 with skills = {0,-1} and cost = 46.7
   Vehicle #0 = 4, leaving at = 848.0
   Vehicle #1 = -1, leaving at = inf
   Increment on distance indicator: 2.0
   Increment on tard indicator:     0.0
   Value of tmax indicator:         2.0

Task for patient = 40 with skills = {1,4} and cost = 52.7
   Vehicle #0 = 3, leaving at = 830.0
   Vehicle #1 = 9, leaving at = 855.0
   Increment on distance indicator: 18.0
   Increment on tard indicator:     0.0
   Value of tmax indicator:         18.0

Task for patient = 32 with skills = {4,-1} and cost = 53.7
   Vehicle #0 = 5, leaving at = 882.0
   Vehicle #1 = -1, leaving at = inf
   Increment on distance indicator: 3.0
   Increment on tard indicator:     0.0
   Value of tmax indicator:         3.0

Task for patient = 16 with skills = {0,5} and cost = 56.0
   Vehicle #0 = 1, leaving at = 865.0
   Vehicle #1 = 7, leaving at = 903.0
   Increment on distance indicator: 7.0
   Increment on tard indicator:     0.0
   Value of tmax indicator:         7.0

Task for patient = 5 with skills = {5,-1} and cost = 56.7
   Vehicle #0 = 8, leaving at = 1026.0
   Vehicle #1 = -1, leaving at = inf
   Increment on distance indicator: 2.0
   Increment on tard indicator:     0.0
   Value of tmax indicator:         2.0

Task for patient = 27 with skills = {0,-1} and cost = 57.7
   Vehicle #0 = 1, leaving at = 954.0
   Vehicle #1 = -1, leaving at = inf
   Increment on distance indicator: 3.0
   Increment on tard indicator:     0.0
   Value of tmax indicator:         3.0

Task for patient = 15 with skills = {2,-1} and cost = 59.3
   Vehicle #0 = 0, leaving at = 937.0
   Vehicle #1 = -1, leaving at = inf
   Increment on distance indicator: 5.0
   Increment on tard indicator:     0.0
   Value of tmax indicator:         5.0

Task for patient = 43 with skills = {1,-1} and cost = 60.0
   Vehicle #0 = 4, leaving at = 941.0
   Vehicle #1 = -1, leaving at = inf
   Increment on distance indicator: 2.0
   Increment on tard indicator:     0.0
   Value of tmax indicator:         2.0

Task for patient = 2 with skills = {0,5} and cost = 91.7
   Vehicle #0 = 3, leaving at = 1130.0
   Vehicle #1 = 5, leaving at = 1130.0
   Increment on distance indicator: 11.0
   Increment on tard indicator:     0.0
   Value of tmax indicator:         11.0

Task for patient = 42 with skills = {2,-1} and cost = 64.0
   Vehicle #0 = 4, leaving at = 977.0
   Vehicle #1 = -1, leaving at = inf
   Increment on distance indicator: 7.0
   Increment on tard indicator:     0.0
   Value of tmax indicator:         7.0

Task for patient = 10 with skills = {0,5} and cost = 67.3
   Vehicle #0 = 1, leaving at = 1037.0
   Vehicle #1 = 5, leaving at = 1045.0
   Increment on distance indicator: 10.0
   Increment on tard indicator:     0.0
   Value of tmax indicator:         10.0

Task for patient = 12 with skills = {2,-1} and cost = 67.7
   Vehicle #0 = 4, leaving at = 1015.0
   Vehicle #1 = -1, leaving at = inf
   Increment on distance indicator: 1.0
   Increment on tard indicator:     0.0
   Value of tmax indicator:         1.0

Task for patient = 23 with skills = {2,-1} and cost = 69.0
   Vehicle #0 = 2, leaving at = 955.0
   Vehicle #1 = -1, leaving at = inf
   Increment on distance indicator: 4.0
   Increment on tard indicator:     0.0
   Value of tmax indicator:         4.0

Task for patient = 11 with skills = {1,3} and cost = 71.0
   Vehicle #0 = 1, leaving at = 1093.0
   Vehicle #1 = 6, leaving at = 1093.0
   Increment on distance indicator: 6.0
   Increment on tard indicator:     0.0
   Value of tmax indicator:         6.0

Task for patient = 34 with skills = {2,3} and cost = 72.3
   Vehicle #0 = 1, leaving at = 1153.0
   Vehicle #1 = 6, leaving at = 1153.0
   Increment on distance indicator: 4.0
   Increment on tard indicator:     0.0
   Value of tmax indicator:         4.0

Task for patient = 25 with skills = {5,-1} and cost = 76.3
   Vehicle #0 = 9, leaving at = 931.0
   Vehicle #1 = -1, leaving at = inf
   Increment on distance indicator: 12.0
   Increment on tard indicator:     0.0
   Value of tmax indicator:         12.0

Task for patient = 35 with skills = {0,-1} and cost = 79.0
   Vehicle #0 = 3, leaving at = 988.0
   Vehicle #1 = -1, leaving at = inf
   Increment on distance indicator: 8.0
   Increment on tard indicator:     0.0
   Value of tmax indicator:         8.0

Task for patient = 26 with skills = {0,5} and cost = 81.7
   Vehicle #0 = 2, leaving at = 1083.0
   Vehicle #1 = 5, leaving at = 1090.0
   Increment on distance indicator: 8.0
   Increment on tard indicator:     0.0
   Value of tmax indicator:         8.0

Task for patient = 45 with skills = {4,-1} and cost = 82.7
   Vehicle #0 = 9, leaving at = 1010.0
   Vehicle #1 = -1, leaving at = inf
   Increment on distance indicator: 3.0
   Increment on tard indicator:     0.0
   Value of tmax indicator:         3.0

Task for patient = 48 with skills = {0,-1} and cost = 84.3
   Vehicle #0 = 2, leaving at = 1126.0
   Vehicle #1 = -1, leaving at = inf
   Increment on distance indicator: 5.0
   Increment on tard indicator:     0.0
   Value of tmax indicator:         5.0

Task for patient = 19 with skills = {2,3} and cost = 88.0
   Vehicle #0 = 0, leaving at = 1082.0
   Vehicle #1 = 7, leaving at = 1082.0
   Increment on distance indicator: 11.0
   Increment on tard indicator:     0.0
   Value of tmax indicator:         11.0

Task for patient = 21 with skills = {0,5} and cost = 61.7
   Vehicle #0 = 1, leaving at = 989.0
   Vehicle #1 = 7, leaving at = 1025.0
   Increment on distance indicator: 5.0
   Increment on tard indicator:     0.0
   Value of tmax indicator:         5.0

Task for patient = 24 with skills = {5,-1} and cost = 2.3
   Vehicle #0 = 5, leaving at = 529.0
   Vehicle #1 = -1, leaving at = inf
   Increment on distance indicator: 7.0
   Increment on tard indicator:     0.0
   Value of tmax indicator:         7.0

Task for patient = 29 with skills = {5,-1} and cost = 3.7
   Vehicle #0 = 7, leaving at = 577.0
   Vehicle #1 = -1, leaving at = inf
   Increment on distance indicator: 4.0
   Increment on tard indicator:     0.0
   Value of tmax indicator:         4.0

Task for patient = 37 with skills = {1,5} and cost = 6.3
   Vehicle #0 = 0, leaving at = 665.0
   Vehicle #1 = 7, leaving at = 662.0
   Increment on distance indicator: 8.0
   Increment on tard indicator:     0.0
   Value of tmax indicator:         8.0

Task for patient = 50 with skills = {1,-1} and cost = 7.3
   Vehicle #0 = 0, leaving at = 689.0
   Vehicle #1 = -1, leaving at = inf
   Increment on distance indicator: 3.0
   Increment on tard indicator:     0.0
   Value of tmax indicator:         3.0

Task for patient = 28 with skills = {1,5} and cost = 8.7
   Vehicle #0 = 0, leaving at = 748.0
   Vehicle #1 = 7, leaving at = 748.0
   Increment on distance indicator: 4.0
   Increment on tard indicator:     0.0
   Value of tmax indicator:         4.0

Task for patient = 39 with skills = {1,-1} and cost = 9.0
   Vehicle #0 = 0, leaving at = 790.0
   Vehicle #1 = -1, leaving at = inf
   Increment on distance indicator: 1.0
   Increment on tard indicator:     0.0
   Value of tmax indicator:         1.0

Task for patient = 4 with skills = {1,-1} and cost = 11.7
   Vehicle #0 = 1, leaving at = 510.0
   Vehicle #1 = -1, leaving at = inf
   Increment on distance indicator: 8.0
   Increment on tard indicator:     0.0
   Value of tmax indicator:         8.0

Task for patient = 44 with skills = {2,-1} and cost = 13.3
   Vehicle #0 = 1, leaving at = 616.0
   Vehicle #1 = -1, leaving at = inf
   Increment on distance indicator: 5.0
   Increment on tard indicator:     0.0
   Value of tmax indicator:         5.0

Task for patient = 36 with skills = {1,-1} and cost = 16.7
   Vehicle #0 = 2, leaving at = 536.0
   Vehicle #1 = -1, leaving at = inf
   Increment on distance indicator: 10.0
   Increment on tard indicator:     0.0
   Value of tmax indicator:         10.0

Task for patient = 13 with skills = {2,3} and cost = 21.3
   Vehicle #0 = 4, leaving at = 521.0
   Vehicle #1 = 6, leaving at = 552.0
   Increment on distance indicator: 14.0
   Increment on tard indicator:     0.0
   Value of tmax indicator:         14.0

Task for patient = 7 with skills = {4,-1} and cost = 23.7
   Vehicle #0 = 5, leaving at = 555.0
   Vehicle #1 = -1, leaving at = inf
   Increment on distance indicator: 7.0
   Increment on tard indicator:     0.0
   Value of tmax indicator:         7.0

Task for patient = 49 with skills = {1,3} and cost = 40.7
   Vehicle #0 = 4, leaving at = 815.0
   Vehicle #1 = 6, leaving at = 793.0
   Increment on distance indicator: 5.0
   Increment on tard indicator:     0.0
   Value of tmax indicator:         5.0

Task for patient = 9 with skills = {1,-1} and cost = 26.0
   Vehicle #0 = 4, leaving at = 541.0
   Vehicle #1 = -1, leaving at = inf
   Increment on distance indicator: 2.0
   Increment on tard indicator:     0.0
   Value of tmax indicator:         2.0

Task for patient = 33 with skills = {2,3} and cost = 27.3
   Vehicle #0 = 4, leaving at = 603.0
   Vehicle #1 = 6, leaving at = 603.0
   Increment on distance indicator: 4.0
   Increment on tard indicator:     0.0
   Value of tmax indicator:         4.0

Task for patient = 14 with skills = {0,-1} and cost = 29.3
   Vehicle #0 = 1, leaving at = 638.0
   Vehicle #1 = -1, leaving at = inf
   Increment on distance indicator: 6.0
   Increment on tard indicator:     0.0
   Value of tmax indicator:         6.0

Task for patient = 31 with skills = {0,-1} and cost = 30.3
   Vehicle #0 = 4, leaving at = 660.0
   Vehicle #1 = -1, leaving at = inf
   Increment on distance indicator: 3.0
   Increment on tard indicator:     0.0
   Value of tmax indicator:         3.0

Task for patient = 22 with skills = {5,-1} and cost = 32.3
   Vehicle #0 = 7, leaving at = 791.0
   Vehicle #1 = -1, leaving at = inf
   Increment on distance indicator: 6.0
   Increment on tard indicator:     0.0
   Value of tmax indicator:         6.0

Task for patient = 8 with skills = {1,-1} and cost = 33.3
   Vehicle #0 = 2, leaving at = 711.0
   Vehicle #1 = -1, leaving at = inf
   Increment on distance indicator: 3.0
   Increment on tard indicator:     0.0
   Value of tmax indicator:         3.0

Task for patient = 47 with skills = {1,-1} and cost = 34.3
   Vehicle #0 = 2, leaving at = 776.0
   Vehicle #1 = -1, leaving at = inf
   Increment on distance indicator: 3.0
   Increment on tard indicator:     0.0
   Value of tmax indicator:         3.0

Task for patient = 1 with skills = {1,-1} and cost = 35.0
   Vehicle #0 = 1, leaving at = 702.0
   Vehicle #1 = -1, leaving at = inf
   Increment on distance indicator: 2.0
   Increment on tard indicator:     0.0
   Value of tmax indicator:         2.0

Task for patient = 46 with skills = {1,-1} and cost = 36.0
   Vehicle #0 = 4, leaving at = 705.0
   Vehicle #1 = -1, leaving at = inf
   Increment on distance indicator: 3.0
   Increment on tard indicator:     0.0
   Value of tmax indicator:         3.0

Task for patient = 17 with skills = {1,-1} and cost = 36.7
   Vehicle #0 = 0, leaving at = 813.0
   Vehicle #1 = -1, leaving at = inf
   Increment on distance indicator: 2.0
   Increment on tard indicator:     0.0
   Value of tmax indicator:         2.0

Task for patient = 18 with skills = {4,-1} and cost = 37.7
   Vehicle #0 = 7, leaving at = 853.0
   Vehicle #1 = -1, leaving at = inf
   Increment on distance indicator: 3.0
   Increment on tard indicator:     0.0
   Value of tmax indicator:         3.0

Task for patient = 6 with skills = {5,-1} and cost = 39.0
   Vehicle #0 = 5, leaving at = 741.0
   Vehicle #1 = -1, leaving at = inf
   Increment on distance indicator: 4.0
   Increment on tard indicator:     0.0
   Value of tmax indicator:         4.0

Task for patient = 41 with skills = {1,4} and cost = 25.3
   Vehicle #0 = 2, leaving at = 657.0
   Vehicle #1 = 5, leaving at = 657.0
   Increment on distance indicator: 5.0
   Increment on tard indicator:     0.0
   Value of tmax indicator:         5.0


Unused vehicle list: (total = 0 out of 10)

---
Search finished.
Total of 1900 generations in 127.4 seconds.
Exchange elite runs: 23
Implicit path relinking runs: 10
Reset attempts: 9

Best solution found:
   Cost: 107.0
   Total travel time: 321.0
   Total tardiness time: 0.0
   Largest tardiness: 0.0


107.0
