This host is: panku
--- BRKGA-MP-IPR for HHCRSP ---
Instance: new-dataset/instances-50/HHCRSP_50_10_32_1.2_R_C.txt
Seed: 18

Reading data... Problem contains 50 patients  and 10 caregivers.

Summary of supply x demand for each service type:
Skill 0 has supply = 5 and demand = 13, ratio = 0.384615
Skill 1 has supply = 1 and demand = 10, ratio = 0.1
Skill 2 has supply = 3 and demand = 14, ratio = 0.214286
Skill 3 has supply = 3 and demand = 13, ratio = 0.230769
Skill 4 has supply = 5 and demand = 8, ratio = 0.625
Skill 5 has supply = 4 and demand = 8, ratio = 0.5

Reading parameters...
Inferred distance function by PR type: kendall-tau
Building BRKGA data and initializing...
Evolving 1900 generations...

  Gens  Rem    Local   ElDiv NoImpr             Best solution            Time  Op
                                       Cost     Dist    Tard    TMax 
*    0 1900  2265.33  247.76      0  2265.33  1212.00  5126.0   458.0     0.0    
*    2 1898  2135.00  203.87      0  2135.00  1330.00  3449.0   465.0     0.1    
*    3 1897  1748.00  182.46      0  1748.00  1159.00  3559.0   300.0     0.1    
*    4 1896  1672.67  173.35      0  1672.67  1390.00  2777.0   387.0     0.2    
*    5 1895  1518.00  167.95      0  1518.00  1211.00  2213.0   390.0     0.2    
*    6 1894  1271.33  161.13      0  1271.33  1313.00  1704.0   249.0     0.2    
*    7 1893  1088.67  137.24      0  1088.67  1313.00  1704.0   249.0     0.3    
*    9 1891  1052.67  101.78      0  1052.67  1241.00  1630.0   189.0     0.3    
*   10 1890  1020.00   95.96      0  1020.00  1188.00  1217.0   216.0     0.4    
*   11 1889   873.67   82.22      0   873.67  1188.00  1217.0   216.0     0.4    
*   13 1887   856.00   66.14      0   856.00  1102.00  1058.0   245.0     0.5    
*   14 1886   801.67   60.59      0   801.67  1140.00  1033.0   207.0     0.5    
*   15 1885   793.33   59.25      0   793.33  1172.00   842.0   149.0     0.5    
*   16 1884   721.00   52.68      0   721.00  1172.00   842.0   149.0     0.5    
*   18 1882   706.67   41.32      0   706.67  1275.00   563.0   208.0     0.6    

  Gens  Rem    Local   ElDiv NoImpr             Best solution            Time  Op
                                       Cost     Dist    Tard    TMax 
*   19 1881   682.00   38.44      0   682.00  1117.00   710.0   203.0     0.6    
*   20 1880   676.67   36.30      0   676.67  1121.00   703.0   198.0     0.7    
*   21 1879   674.00   34.51      0   674.00  1080.00   696.0   148.0     0.7    
*   22 1878   641.33   33.30      0   641.33  1089.00   657.0    95.0     0.7    
*   23 1877   613.67   31.84      0   613.67  1089.00   657.0    95.0     0.8    
*   27 1873   609.00   23.73      0   609.00  1141.00   581.0   105.0     0.9    
*   30 1870   582.67   20.66      0   582.67  1123.00   489.0   133.0     1.0    
*   31 1869   581.67   19.98      0   581.67  1123.00   489.0   133.0     1.0    
*   33 1867   563.67   18.97      0   563.67  1105.00   450.0   136.0     1.1    
*   35 1865   540.67   19.59      0   540.67  1078.00   444.0   100.0     1.2    
*   40 1860   538.00   17.02      0   538.00  1070.00   396.0   136.0     1.3    
*   41 1859   534.00   16.36      0   534.00  1067.00   406.0    96.0     1.3    
*   42 1858   523.00   16.62      0   523.00  1045.00   393.0    97.0     1.4    
*   43 1857   511.67   15.94      0   511.67  1045.00   393.0    97.0     1.4    
*   48 1852   508.00   15.31      0   508.00  1016.00   390.0    97.0     1.6    
*   49 1851   501.00   16.24      0   501.00   967.00   413.0    97.0     1.6    

  Gens  Rem    Local   ElDiv NoImpr             Best solution            Time  Op
                                       Cost     Dist    Tard    TMax 
*   50 1850   492.33   16.53      0   492.33   967.00   413.0    97.0     1.6    
*   59 1841   488.67   18.14      0   488.67   959.00   410.0    97.0     1.9    
*   62 1838   487.67   19.03      0   487.67   957.00   402.0    97.0     2.0    
*   63 1837   485.33   19.38      0   485.33   955.00   402.0    97.0     2.0    
*   64 1836   484.67   19.56      0   484.67   955.00   402.0    97.0     2.1    
*   66 1834   484.33   19.71      0   484.33   956.00   400.0    97.0     2.1    
*   69 1831   484.00   19.52      0   484.00   955.00   400.0    97.0     2.2    
*   71 1829   483.67   19.42      0   483.67   954.00   400.0    97.0     2.3    
*   73 1827   483.00   19.08      0   483.00   962.00   390.0    97.0     2.4    
*   76 1824   482.00   18.38      0   482.00   959.00   389.0    97.0     2.5    
*   77 1823   481.67   18.31      0   481.67   954.00   389.0    97.0     2.5    
*   78 1822   480.00   18.33      0   480.00   951.00   389.0    97.0     2.5    
*   79 1821   479.00   18.39      0   479.00   951.00   389.0    97.0     2.6    
    80 1820   478.67    1.31      0   479.00   951.00   389.0    97.0     2.6   X
*   81 1819   478.67    1.33      0   478.67   950.00   389.0    97.0     2.6    
   100 1800   478.67    1.34     19   478.67   950.00   389.0    97.0     3.2    

  Gens  Rem    Local   ElDiv NoImpr             Best solution            Time  Op
                                       Cost     Dist    Tard    TMax 
   150 1750   478.67    1.32     69   478.67   950.00   389.0    97.0     4.8    
   160 1740   478.67    1.43     80   478.67   950.00   389.0    97.0     5.1   X
*  171 1729   478.00    0.04      0   478.00   949.00   388.0    97.0     5.5    
Path relinking result: no improvement.
   180 1720   478.00    0.04     10   478.00   949.00   388.0    97.0     5.8   P
   200 1700   478.00    0.04     29   478.00   949.00   388.0    97.0     6.4    
*  205 1695   473.33    0.59      0   473.33   932.00   391.0    97.0     6.6    
*  223 1677   472.33    2.49      0   472.33   930.00   390.0    97.0     7.1    
   240 1660   472.33    0.36     18   472.33   930.00   390.0    97.0     7.7   X
   250 1650   472.33    0.00     27   472.33   930.00   390.0    97.0     8.0    
   300 1600   472.33    0.00     77   472.33   930.00   390.0    97.0     9.6    
   320 1580   472.33    0.00     98   472.33   930.00   390.0    97.0    10.2   X
   350 1550   472.33    0.00    127   472.33   930.00   390.0    97.0    11.2    
Path relinking result: no improvement.
   360 1540   472.33    0.00    138   472.33   930.00   390.0    97.0    11.5   P
   400 1500   472.33    0.00    177   472.33   930.00   390.0    97.0    12.8    
   400 1500   472.33    0.00    178   472.33   930.00   390.0    97.0    12.8   X
   450 1450   472.33    0.00    227   472.33   930.00   390.0    97.0    14.4    

  Gens  Rem    Local   ElDiv NoImpr             Best solution            Time  Op
                                       Cost     Dist    Tard    TMax 
   480 1420   472.33    0.00    258   472.33   930.00   390.0    97.0    15.3   X
   500 1400   472.33    0.00    277   472.33   930.00   390.0    97.0    16.0    
Path relinking result: no improvement.
   540 1360   472.33    0.00    318   472.33   930.00   390.0    97.0    17.2   P
   550 1350   472.33    0.00    327   472.33   930.00   390.0    97.0    17.6    
   560 1340   472.33    0.00    338   472.33   930.00   390.0    97.0    17.9   X
   600 1300   472.33    0.00    377   472.33   930.00   390.0    97.0    19.2    
   640 1260   472.33    0.00    418   472.33   930.00   390.0    97.0    20.4   X
   650 1250   472.33    0.00    427   472.33   930.00   390.0    97.0    20.8    
   700 1200   472.33    0.00    477   472.33   930.00   390.0    97.0    22.4    
Path relinking result: no improvement.
   720 1180   472.33    0.00    498   472.33   930.00   390.0    97.0    23.0  PX
   750 1150   472.33    0.00    527   472.33   930.00   390.0    97.0    24.0    
   800 1100   472.33    0.00    577   472.33   930.00   390.0    97.0    25.6    
   800 1100   472.33    0.00    578   472.33   930.00   390.0    97.0    25.6   X
   850 1050   472.33    0.00    627   472.33   930.00   390.0    97.0    27.2    
   880 1020   472.33    0.00    658   472.33   930.00   390.0    97.0    28.1   X
   900 1000   472.33    0.00    677   472.33   930.00   390.0    97.0    28.8    
Path relinking result: no improvement.

  Gens  Rem    Local   ElDiv NoImpr             Best solution            Time  Op
                                       Cost     Dist    Tard    TMax 
   900 1000   472.33    0.00    678   472.33   930.00   390.0    97.0    28.8   P
   922  978      inf  249.73      0   472.33   930.00   390.0    97.0    29.5   R
   923  977  2130.00  224.07      0   472.33   930.00   390.0    97.0    29.5    
   950  950   574.67   20.46      1   472.33   930.00   390.0    97.0    30.4    
   960  940   531.67   11.82      1   472.33   930.00   390.0    97.0    30.7   X
  1000  900   483.00    4.44     10   472.33   930.00   390.0    97.0    32.0    
  1040  860   480.00    0.94     21   472.33   930.00   390.0    97.0    33.3   X
  1050  850   480.00    0.00     30   472.33   930.00   390.0    97.0    33.7    
Path relinking result: no improvement.
  1080  820   479.67    0.11     28   472.33   930.00   390.0    97.0    34.6   P
  1100  800   479.67    0.16     47   472.33   930.00   390.0    97.0    35.3    
  1120  780   479.67    0.00     68   472.33   930.00   390.0    97.0    35.9   X
  1150  750   479.67    0.00     97   472.33   930.00   390.0    97.0    36.9    
  1200  700   479.67    0.00    147   472.33   930.00   390.0    97.0    38.5    
  1200  700   479.67    0.00    148   472.33   930.00   390.0    97.0    38.5   X
  1250  650   479.00    0.31     21   472.33   930.00   390.0    97.0    40.1    
Path relinking result: elite improvement.
  1260  640   479.00    0.32     32   472.33   930.00   390.0    97.0    40.4   P

  Gens  Rem    Local   ElDiv NoImpr             Best solution            Time  Op
                                       Cost     Dist    Tard    TMax 
  1280  620   479.00    0.00     52   472.33   930.00   390.0    97.0    41.0   X
  1300  600   479.00    0.00     71   472.33   930.00   390.0    97.0    41.7    
  1350  550   479.00    0.00    121   472.33   930.00   390.0    97.0    43.3    
  1360  540   479.00    0.00    132   472.33   930.00   390.0    97.0    43.6   X
  1400  500   479.00    0.00    171   472.33   930.00   390.0    97.0    45.0    
Path relinking result: no improvement.
  1440  460   479.00    0.00    212   472.33   930.00   390.0    97.0    46.3  PX
  1450  450   479.00    0.00    221   472.33   930.00   390.0    97.0    46.6    
  1500  400   479.00    0.00    271   472.33   930.00   390.0    97.0    48.2    
  1520  380   479.00    0.00    292   472.33   930.00   390.0    97.0    48.8   X
  1550  350   479.00    0.00    321   472.33   930.00   390.0    97.0    49.8    
  1600  300   479.00    0.00    371   472.33   930.00   390.0    97.0    51.4    
  1600  300   479.00    0.00    372   472.33   930.00   390.0    97.0    51.4   X
Path relinking result: no improvement.
  1620  280   479.00    0.00    392   472.33   930.00   390.0    97.0    52.1   P
  1650  250   479.00    0.00    421   472.33   930.00   390.0    97.0    53.0    
  1680  220   479.00    0.00    452   472.33   930.00   390.0    97.0    54.0   X
  1700  200   479.00    0.00    471   472.33   930.00   390.0    97.0    54.6    

  Gens  Rem    Local   ElDiv NoImpr             Best solution            Time  Op
                                       Cost     Dist    Tard    TMax 
  1750  150   479.00    0.00    521   472.33   930.00   390.0    97.0    56.2    
  1760  140   479.00    0.00    532   472.33   930.00   390.0    97.0    56.5   X
  1800  100   479.00    0.00    571   472.33   930.00   390.0    97.0    57.8    
Path relinking result: no improvement.
  1800  100   479.00    0.00    572   472.33   930.00   390.0    97.0    57.8   P
  1840   60   479.00    0.00    612   472.33   930.00   390.0    97.0    59.1   X
  1850   50   479.00    0.00    621   472.33   930.00   390.0    97.0    59.4    
  1900    0   479.00    0.00    671   472.33   930.00   390.0    97.0    61.0    
Evolutionary process finished.
Solution written to 'solution-27516.txt'.

Sorted sequence of worst to best tardiness value:
Task for patient = 34 with skills = {1,3} and cost = 280.3
   Vehicle #0 = 0, leaving at = 1032.0
   Vehicle #1 = 5, leaving at = 1029.0
   Increment on distance indicator: 56.0
   Increment on tard indicator:     148.0
   Value of tmax indicator:         56.0

Task for patient = 20 with skills = {1,-1} and cost = 374.3
   Vehicle #0 = 0, leaving at = 1135.0
   Vehicle #1 = -1, leaving at = inf
   Increment on distance indicator: 14.0
   Increment on tard indicator:     97.0
   Value of tmax indicator:         14.0

Task for patient = 37 with skills = {1,-1} and cost = 408.0
   Vehicle #0 = 0, leaving at = 1176.0
   Vehicle #1 = -1, leaving at = inf
   Increment on distance indicator: 6.0
   Increment on tard indicator:     90.0
   Value of tmax indicator:         6.0

Task for patient = 33 with skills = {1,3} and cost = 139.7
   Vehicle #0 = 0, leaving at = 926.0
   Vehicle #1 = 8, leaving at = 940.0
   Increment on distance indicator: 15.0
   Increment on tard indicator:     36.0
   Value of tmax indicator:         15.0

Task for patient = 30 with skills = {1,-1} and cost = 108.7
   Vehicle #0 = 0, leaving at = 874.0
   Vehicle #1 = -1, leaving at = inf
   Increment on distance indicator: 3.0
   Increment on tard indicator:     17.0
   Value of tmax indicator:         3.0

Task for patient = 47 with skills = {3,-1} and cost = 181.3
   Vehicle #0 = 5, leaving at = 855.0
   Vehicle #1 = -1, leaving at = inf
   Increment on distance indicator: 20.0
   Increment on tard indicator:     0.0
   Value of tmax indicator:         20.0

Task for patient = 6 with skills = {2,-1} and cost = 190.3
   Vehicle #0 = 3, leaving at = 814.0
   Vehicle #1 = -1, leaving at = inf
   Increment on distance indicator: 5.0
   Increment on tard indicator:     0.0
   Value of tmax indicator:         5.0

Task for patient = 15 with skills = {2,5} and cost = 192.7
   Vehicle #0 = 1, leaving at = 927.0
   Vehicle #1 = 6, leaving at = 955.0
   Increment on distance indicator: 7.0
   Increment on tard indicator:     0.0
   Value of tmax indicator:         7.0

Task for patient = 49 with skills = {0,-1} and cost = 193.7
   Vehicle #0 = 1, leaving at = 965.0
   Vehicle #1 = -1, leaving at = inf
   Increment on distance indicator: 3.0
   Increment on tard indicator:     0.0
   Value of tmax indicator:         3.0

Task for patient = 36 with skills = {2,5} and cost = 289.0
   Vehicle #0 = 3, leaving at = 866.0
   Vehicle #1 = 9, leaving at = 876.0
   Increment on distance indicator: 26.0
   Increment on tard indicator:     0.0
   Value of tmax indicator:         26.0

Task for patient = 21 with skills = {2,-1} and cost = 290.0
   Vehicle #0 = 3, leaving at = 905.0
   Vehicle #1 = -1, leaving at = inf
   Increment on distance indicator: 3.0
   Increment on tard indicator:     0.0
   Value of tmax indicator:         3.0

Task for patient = 32 with skills = {5,-1} and cost = 291.0
   Vehicle #0 = 9, leaving at = 932.0
   Vehicle #1 = -1, leaving at = inf
   Increment on distance indicator: 3.0
   Increment on tard indicator:     0.0
   Value of tmax indicator:         3.0

Task for patient = 25 with skills = {3,-1} and cost = 299.0
   Vehicle #0 = 5, leaving at = 1108.0
   Vehicle #1 = -1, leaving at = inf
   Increment on distance indicator: 24.0
   Increment on tard indicator:     0.0
   Value of tmax indicator:         24.0

Task for patient = 45 with skills = {0,-1} and cost = 302.3
   Vehicle #0 = 4, leaving at = 673.0
   Vehicle #1 = -1, leaving at = inf
   Increment on distance indicator: 10.0
   Increment on tard indicator:     0.0
   Value of tmax indicator:         10.0

Task for patient = 19 with skills = {3,-1} and cost = 305.7
   Vehicle #0 = 7, leaving at = 977.0
   Vehicle #1 = -1, leaving at = inf
   Increment on distance indicator: 10.0
   Increment on tard indicator:     0.0
   Value of tmax indicator:         10.0

Task for patient = 14 with skills = {2,5} and cost = 308.7
   Vehicle #0 = 3, leaving at = 970.0
   Vehicle #1 = 9, leaving at = 970.0
   Increment on distance indicator: 9.0
   Increment on tard indicator:     0.0
   Value of tmax indicator:         9.0

Task for patient = 12 with skills = {1,-1} and cost = 316.0
   Vehicle #0 = 0, leaving at = 1071.0
   Vehicle #1 = -1, leaving at = inf
   Increment on distance indicator: 22.0
   Increment on tard indicator:     0.0
   Value of tmax indicator:         22.0

Task for patient = 13 with skills = {0,-1} and cost = 320.3
   Vehicle #0 = 2, leaving at = 845.0
   Vehicle #1 = -1, leaving at = inf
   Increment on distance indicator: 13.0
   Increment on tard indicator:     0.0
   Value of tmax indicator:         13.0

Task for patient = 2 with skills = {0,-1} and cost = 322.7
   Vehicle #0 = 2, leaving at = 899.0
   Vehicle #1 = -1, leaving at = inf
   Increment on distance indicator: 7.0
   Increment on tard indicator:     0.0
   Value of tmax indicator:         7.0

Task for patient = 5 with skills = {4,-1} and cost = 323.0
   Vehicle #0 = 9, leaving at = 994.0
   Vehicle #1 = -1, leaving at = inf
   Increment on distance indicator: 1.0
   Increment on tard indicator:     0.0
   Value of tmax indicator:         1.0

Task for patient = 8 with skills = {0,4} and cost = 326.7
   Vehicle #0 = 4, leaving at = 977.0
   Vehicle #1 = 8, leaving at = 986.0
   Increment on distance indicator: 11.0
   Increment on tard indicator:     0.0
   Value of tmax indicator:         11.0

Task for patient = 28 with skills = {2,5} and cost = 328.0
   Vehicle #0 = 3, leaving at = 992.0
   Vehicle #1 = 9, leaving at = 1017.0
   Increment on distance indicator: 4.0
   Increment on tard indicator:     0.0
   Value of tmax indicator:         4.0

Task for patient = 38 with skills = {5,-1} and cost = 329.0
   Vehicle #0 = 6, leaving at = 979.0
   Vehicle #1 = -1, leaving at = inf
   Increment on distance indicator: 3.0
   Increment on tard indicator:     0.0
   Value of tmax indicator:         3.0

Task for patient = 22 with skills = {0,-1} and cost = 329.7
   Vehicle #0 = 2, leaving at = 953.0
   Vehicle #1 = -1, leaving at = inf
   Increment on distance indicator: 2.0
   Increment on tard indicator:     0.0
   Value of tmax indicator:         2.0

Task for patient = 35 with skills = {0,-1} and cost = 376.0
   Vehicle #0 = 3, leaving at = 1025.0
   Vehicle #1 = -1, leaving at = inf
   Increment on distance indicator: 5.0
   Increment on tard indicator:     0.0
   Value of tmax indicator:         5.0

Task for patient = 40 with skills = {2,-1} and cost = 188.7
   Vehicle #0 = 1, leaving at = 904.0
   Vehicle #1 = -1, leaving at = inf
   Increment on distance indicator: 22.0
   Increment on tard indicator:     0.0
   Value of tmax indicator:         22.0

Task for patient = 7 with skills = {1,3} and cost = 7.3
   Vehicle #0 = 0, leaving at = 561.0
   Vehicle #1 = 5, leaving at = 582.0
   Increment on distance indicator: 22.0
   Increment on tard indicator:     0.0
   Value of tmax indicator:         22.0

Task for patient = 44 with skills = {2,3} and cost = 21.3
   Vehicle #0 = 0, leaving at = 635.0
   Vehicle #1 = 5, leaving at = 640.0
   Increment on distance indicator: 42.0
   Increment on tard indicator:     0.0
   Value of tmax indicator:         42.0

Task for patient = 24 with skills = {2,3} and cost = 27.3
   Vehicle #0 = 0, leaving at = 682.0
   Vehicle #1 = 5, leaving at = 694.0
   Increment on distance indicator: 18.0
   Increment on tard indicator:     0.0
   Value of tmax indicator:         18.0

Task for patient = 31 with skills = {1,4} and cost = 31.3
   Vehicle #0 = 0, leaving at = 745.0
   Vehicle #1 = 5, leaving at = 716.0
   Increment on distance indicator: 12.0
   Increment on tard indicator:     0.0
   Value of tmax indicator:         12.0

Task for patient = 50 with skills = {1,4} and cost = 35.3
   Vehicle #0 = 0, leaving at = 785.0
   Vehicle #1 = 5, leaving at = 778.0
   Increment on distance indicator: 12.0
   Increment on tard indicator:     0.0
   Value of tmax indicator:         12.0

Task for patient = 29 with skills = {0,3} and cost = 54.7
   Vehicle #0 = 1, leaving at = 590.0
   Vehicle #1 = 7, leaving at = 615.0
   Increment on distance indicator: 58.0
   Increment on tard indicator:     0.0
   Value of tmax indicator:         58.0

Task for patient = 41 with skills = {0,4} and cost = 59.3
   Vehicle #0 = 1, leaving at = 657.0
   Vehicle #1 = 7, leaving at = 670.0
   Increment on distance indicator: 14.0
   Increment on tard indicator:     0.0
   Value of tmax indicator:         14.0

Task for patient = 16 with skills = {2,5} and cost = 63.3
   Vehicle #0 = 1, leaving at = 681.0
   Vehicle #1 = 7, leaving at = 720.0
   Increment on distance indicator: 12.0
   Increment on tard indicator:     0.0
   Value of tmax indicator:         12.0

Task for patient = 43 with skills = {1,4} and cost = 74.3
   Vehicle #0 = 0, leaving at = 825.0
   Vehicle #1 = 6, leaving at = 856.0
   Increment on distance indicator: 33.0
   Increment on tard indicator:     0.0
   Value of tmax indicator:         33.0

Task for patient = 10 with skills = {5,-1} and cost = 74.7
   Vehicle #0 = 7, leaving at = 781.0
   Vehicle #1 = -1, leaving at = inf
   Increment on distance indicator: 1.0
   Increment on tard indicator:     0.0
   Value of tmax indicator:         1.0

Task for patient = 23 with skills = {2,-1} and cost = 86.0
   Vehicle #0 = 3, leaving at = 607.0
   Vehicle #1 = -1, leaving at = inf
   Increment on distance indicator: 34.0
   Increment on tard indicator:     0.0
   Value of tmax indicator:         34.0

Task for patient = 3 with skills = {3,-1} and cost = 174.7
   Vehicle #0 = 7, leaving at = 911.0
   Vehicle #1 = -1, leaving at = inf
   Increment on distance indicator: 21.0
   Increment on tard indicator:     0.0
   Value of tmax indicator:         21.0

Task for patient = 42 with skills = {3,-1} and cost = 95.0
   Vehicle #0 = 8, leaving at = 725.0
   Vehicle #1 = -1, leaving at = inf
   Increment on distance indicator: 12.0
   Increment on tard indicator:     0.0
   Value of tmax indicator:         12.0

Task for patient = 39 with skills = {2,-1} and cost = 96.3
   Vehicle #0 = 1, leaving at = 813.0
   Vehicle #1 = -1, leaving at = inf
   Increment on distance indicator: 4.0
   Increment on tard indicator:     0.0
   Value of tmax indicator:         4.0

Task for patient = 26 with skills = {0,-1} and cost = 109.7
   Vehicle #0 = 3, leaving at = 686.0
   Vehicle #1 = -1, leaving at = inf
   Increment on distance indicator: 3.0
   Increment on tard indicator:     0.0
   Value of tmax indicator:         3.0

Task for patient = 18 with skills = {3,-1} and cost = 111.0
   Vehicle #0 = 8, leaving at = 809.0
   Vehicle #1 = -1, leaving at = inf
   Increment on distance indicator: 4.0
   Increment on tard indicator:     0.0
   Value of tmax indicator:         4.0

Task for patient = 46 with skills = {4,-1} and cost = 115.3
   Vehicle #0 = 5, leaving at = 820.0
   Vehicle #1 = -1, leaving at = inf
   Increment on distance indicator: 13.0
   Increment on tard indicator:     0.0
   Value of tmax indicator:         13.0

Task for patient = 48 with skills = {3,-1} and cost = 118.3
   Vehicle #0 = 7, leaving at = 845.0
   Vehicle #1 = -1, leaving at = inf
   Increment on distance indicator: 9.0
   Increment on tard indicator:     0.0
   Value of tmax indicator:         9.0

Task for patient = 27 with skills = {0,-1} and cost = 120.3
   Vehicle #0 = 1, leaving at = 856.0
   Vehicle #1 = -1, leaving at = inf
   Increment on distance indicator: 6.0
   Increment on tard indicator:     0.0
   Value of tmax indicator:         6.0

Task for patient = 1 with skills = {2,-1} and cost = 122.3
   Vehicle #0 = 3, leaving at = 784.0
   Vehicle #1 = -1, leaving at = inf
   Increment on distance indicator: 6.0
   Increment on tard indicator:     0.0
   Value of tmax indicator:         6.0

Task for patient = 11 with skills = {4,-1} and cost = 149.0
   Vehicle #0 = 9, leaving at = 664.0
   Vehicle #1 = -1, leaving at = inf
   Increment on distance indicator: 28.0
   Increment on tard indicator:     0.0
   Value of tmax indicator:         28.0

Task for patient = 17 with skills = {0,-1} and cost = 167.7
   Vehicle #0 = 2, leaving at = 585.0
   Vehicle #1 = -1, leaving at = inf
   Increment on distance indicator: 56.0
   Increment on tard indicator:     0.0
   Value of tmax indicator:         56.0

Task for patient = 4 with skills = {0,-1} and cost = 412.3
   Vehicle #0 = 3, leaving at = 1083.0
   Vehicle #1 = -1, leaving at = inf
   Increment on distance indicator: 13.0
   Increment on tard indicator:     0.0
   Value of tmax indicator:         13.0

Task for patient = 9 with skills = {2,-1} and cost = 91.0
   Vehicle #0 = 3, leaving at = 661.0
   Vehicle #1 = -1, leaving at = inf
   Increment on distance indicator: 15.0
   Increment on tard indicator:     0.0
   Value of tmax indicator:         15.0


Unused vehicle list: (total = 0 out of 10)

---
Search finished.
Total of 1900 generations in 61.0 seconds.
Exchange elite runs: 23
Implicit path relinking runs: 10
Reset attempts: 1

Best solution found:
   Cost: 472.3
   Total travel time: 930.0
   Total tardiness time: 390.0
   Largest tardiness: 97.0


472.3
