This host is: malboro
--- BRKGA-MP-IPR for HHCRSP ---
Instance: /home/alberto/work/hhcrsp-dataset-2021/dataset2/HHCRSP_25_5_41_0.4_C_R.txt
Seed: 20

Reading data... Problem contains 25 patients  and 5 caregivers.

Summary of supply x demand for each service type:
Skill 0 has supply = 1 and demand = 2, ratio = 0.5
Skill 1 has supply = 2 and demand = 11, ratio = 0.181818
Skill 2 has supply = 2 and demand = 6, ratio = 0.333333
Skill 3 has supply = 3 and demand = 5, ratio = 0.6
Skill 4 has supply = 1 and demand = 7, ratio = 0.142857
Skill 5 has supply = 1 and demand = 2, ratio = 0.5

Reading parameters...
Inferred distance function by PR type: kendall-tau
Building BRKGA data and initializing...
Evolving 1900 generations...

  Gens  Rem    Local   ElDiv NoImpr             Best solution            Time  Op
                                       Cost     Dist    Tard    TMax 
*    0 1900  1293.33  197.92      0  1293.33   719.00  2650.0   511.0     0.1    
*    2 1898   878.00  159.92      0   878.00   696.00  1679.0   259.0     0.2    
*    4 1896   842.67  120.71      0   842.67   774.00  1503.0   192.0     0.3    
*    5 1895   823.00  113.54      0   823.00   702.00  1096.0   192.0     0.3    
*    6 1894   663.33   97.28      0   663.33   672.00   860.0   169.0     0.4    
*    7 1893   567.00   95.79      0   567.00   637.00   723.0   237.0     0.4    
*    8 1892   532.33   89.44      0   532.33   637.00   632.0   191.0     0.5    
*    9 1891   486.67   80.18      0   486.67   711.00   377.0   144.0     0.6    
*   10 1890   410.67   67.63      0   410.67   711.00   377.0   144.0     0.6    
*   12 1888   410.00   49.90      0   410.00   668.00   379.0   105.0     0.7    
*   13 1887   384.00   43.22      0   384.00   708.00   270.0    96.0     0.8    
*   14 1886   358.00   39.62      0   358.00   707.00   222.0    65.0     0.8    
*   15 1885   331.33   34.20      0   331.33   707.00   222.0    65.0     0.9    
*   19 1881   304.00   20.61      0   304.00   690.00   159.0    63.0     1.1    
*   22 1878   303.33   16.34      0   303.33   688.00   159.0    63.0     1.3    

  Gens  Rem    Local   ElDiv NoImpr             Best solution            Time  Op
                                       Cost     Dist    Tard    TMax 
*   24 1876   298.67   14.75      0   298.67   674.00   159.0    63.0     1.4    
*   29 1871   297.00    7.62      0   297.00   669.00   159.0    63.0     1.7    
*   31 1869   296.67    2.38      0   296.67   668.00   159.0    63.0     1.8    
*   35 1865   295.67    0.98      0   295.67   659.00   159.0    63.0     2.0    
*   36 1864   293.67    1.02      0   293.67   659.00   159.0    63.0     2.1    
    50 1850   293.67    1.41     14   293.67   659.00   159.0    63.0     2.8    
    80 1820   293.67    0.00     45   293.67   659.00   159.0    63.0     4.5   X
   100 1800   293.67    0.00     64   293.67   659.00   159.0    63.0     5.6    
   115 1785      inf  225.83      0   293.67   659.00   159.0    63.0     6.5   R
   116 1784  1329.67  197.45      0   293.67   659.00   159.0    63.0     6.5    
   150 1750   296.67    4.05      1   293.67   659.00   159.0    63.0     8.4    
   160 1740   293.67    1.11      4   293.67   659.00   159.0    63.0     9.0   X
Path relinking result: no improvement.
   180 1720   293.67    0.00     24   293.67   659.00   159.0    63.0    10.1   P
   200 1700   293.67    0.00     43   293.67   659.00   159.0    63.0    11.2    
   236 1664      inf  248.22      0   293.67   659.00   159.0    63.0    13.2   R
   237 1663  1121.00  203.99      0   293.67   659.00   159.0    63.0    13.2    

  Gens  Rem    Local   ElDiv NoImpr             Best solution            Time  Op
                                       Cost     Dist    Tard    TMax 
   240 1660   772.00  111.12      0   293.67   659.00   159.0    63.0    13.4   X
   250 1650   361.00   38.99      0   293.67   659.00   159.0    63.0    14.0    
*  270 1630   291.67    5.89      0   291.67   655.00   167.0    53.0    15.1    
*  275 1625   291.33    3.15      0   291.33   654.00   167.0    53.0    15.3    
*  281 1619   290.67    2.62      0   290.67   645.00   167.0    53.0    15.7    
*  282 1618   288.33    2.68      0   288.33   645.00   167.0    53.0    15.7    
   300 1600   288.33    3.89     18   288.33   645.00   167.0    53.0    16.7    
   320 1580   288.33    0.00     39   288.33   645.00   167.0    53.0    17.8   X
   350 1550   288.33    0.00     68   288.33   645.00   167.0    53.0    19.5    
Path relinking result: no improvement.
   360 1540   288.33    0.00     79   288.33   645.00   167.0    53.0    20.1   P
   361 1539      inf  214.93      0   288.33   645.00   167.0    53.0    20.1   R
   362 1538  1130.00  227.42      0   288.33   645.00   167.0    53.0    20.2    
   400 1500   297.00   12.08      2   288.33   645.00   167.0    53.0    22.3    
   400 1500   296.67    1.17      0   288.33   645.00   167.0    53.0    22.3   X
   450 1450   293.67    0.00     43   288.33   645.00   167.0    53.0    25.1    
   480 1420   288.33    0.53     14   288.33   645.00   167.0    53.0    26.7   X

  Gens  Rem    Local   ElDiv NoImpr             Best solution            Time  Op
                                       Cost     Dist    Tard    TMax 
   500 1400   288.33    0.81     33   288.33   645.00   167.0    53.0    27.9    
Path relinking result: elite improvement.
   540 1360   288.33    2.54     74   288.33   645.00   167.0    53.0    30.1   P
   546 1354      inf  227.74      0   288.33   645.00   167.0    53.0    30.4   R
   547 1353  1133.33  196.50      0   288.33   645.00   167.0    53.0    30.5    
   550 1350   820.00  159.14      0   288.33   645.00   167.0    53.0    30.6    
   560 1340   394.67   27.76      1   288.33   645.00   167.0    53.0    31.2   X
   600 1300   293.67    0.00     12   288.33   645.00   167.0    53.0    33.4    
   640 1260   293.67    0.00     53   288.33   645.00   167.0    53.0    35.6   X
   650 1250   293.67    0.00     62   288.33   645.00   167.0    53.0    36.2    
   667 1233      inf  223.56      0   288.33   645.00   167.0    53.0    37.1   R
   668 1232   993.33  197.74      0   288.33   645.00   167.0    53.0    37.2    
   700 1200   295.67    4.94      0   288.33   645.00   167.0    53.0    39.0    
Path relinking result: no improvement.
   720 1180   293.67    0.00     18   288.33   645.00   167.0    53.0    40.1  PX
   750 1150   293.67    0.00     47   288.33   645.00   167.0    53.0    41.8    
   782 1118      inf  230.48      0   288.33   645.00   167.0    53.0    43.5   R
   783 1117  1272.67  197.83      0   288.33   645.00   167.0    53.0    43.6    

  Gens  Rem    Local   ElDiv NoImpr             Best solution            Time  Op
                                       Cost     Dist    Tard    TMax 
   800 1100   317.33   33.35      0   288.33   645.00   167.0    53.0    44.5    
   800 1100   317.33   23.04      1   288.33   645.00   167.0    53.0    44.5   X
   850 1050   293.67    0.00     40   288.33   645.00   167.0    53.0    47.3    
   880 1020   293.67    0.00     71   288.33   645.00   167.0    53.0    49.0   X
   889 1011      inf  240.93      0   288.33   645.00   167.0    53.0    49.5   R
   890 1010  1228.67  203.17      0   288.33   645.00   167.0    53.0    49.5    
   900 1000   383.00   62.43      2   288.33   645.00   167.0    53.0    50.1    
Path relinking result: elite improvement.
   900 1000   383.00   62.38      3   288.33   645.00   167.0    53.0    50.1   P
*  945  955   288.00    1.41      0   288.00   664.00   147.0    53.0    52.6    
   950  950   288.00    1.42      5   288.00   664.00   147.0    53.0    52.9    
   960  940   288.00    2.67     16   288.00   664.00   147.0    53.0    53.4   X
*  973  927   285.33    0.15      0   285.33   656.00   147.0    53.0    54.2    
  1000  900   285.33    1.26     27   285.33   656.00   147.0    53.0    55.7    
  1040  860   285.33    1.26     68   285.33   656.00   147.0    53.0    57.9   X
  1050  850   285.33    0.00     77   285.33   656.00   147.0    53.0    58.4    
  1052  848      inf  239.98      0   285.33   656.00   147.0    53.0    58.5   R

  Gens  Rem    Local   ElDiv NoImpr             Best solution            Time  Op
                                       Cost     Dist    Tard    TMax 
  1053  847  1152.00  203.33      0   285.33   656.00   147.0    53.0    58.6    
Path relinking result: elite improvement.
  1080  820   300.00   12.10      2   285.33   656.00   147.0    53.0    60.1   P
  1100  800   291.00    1.63      2   285.33   656.00   147.0    53.0    61.2    
  1120  780   288.33    2.51     16   285.33   656.00   147.0    53.0    62.3   X
  1150  750   288.33    0.00     45   285.33   656.00   147.0    53.0    64.0    
  1184  716      inf  234.26      0   285.33   656.00   147.0    53.0    65.9   R
  1185  715  1087.33  207.13      0   285.33   656.00   147.0    53.0    65.9    
  1200  700   357.33   32.18      0   285.33   656.00   147.0    53.0    66.8    
  1200  700   357.33   20.32      1   285.33   656.00   147.0    53.0    66.8   X
  1250  650   293.67    0.00     27   285.33   656.00   147.0    53.0    69.5    
Path relinking result: no improvement.
  1260  640   293.67    0.00     38   285.33   656.00   147.0    53.0    70.1   P
  1280  620   293.67    0.00     58   285.33   656.00   147.0    53.0    71.2   X
  1300  600   293.67    0.00     77   285.33   656.00   147.0    53.0    72.3    
  1302  598      inf  237.47      0   285.33   656.00   147.0    53.0    72.4   R
  1303  597   976.33  215.60      0   285.33   656.00   147.0    53.0    72.5    
  1350  550   293.67    1.24     13   285.33   656.00   147.0    53.0    75.1    

  Gens  Rem    Local   ElDiv NoImpr             Best solution            Time  Op
                                       Cost     Dist    Tard    TMax 
  1360  540   293.67    0.00     24   285.33   656.00   147.0    53.0    75.7   X
  1400  500   293.67    0.00     63   285.33   656.00   147.0    53.0    77.9    
  1416  484      inf  245.67      0   285.33   656.00   147.0    53.0    78.8   R
  1417  483  1123.33  212.98      0   285.33   656.00   147.0    53.0    78.8    
Path relinking result: elite improvement.
  1440  460   305.33   12.31      0   285.33   656.00   147.0    53.0    80.1  PX
  1450  450   295.00    8.76      2   285.33   656.00   147.0    53.0    80.7    
  1500  400   288.33    2.51     30   285.33   656.00   147.0    53.0    83.4    
  1520  380   288.33    2.50     51   285.33   656.00   147.0    53.0    84.6   X
  1549  351      inf  262.26      0   285.33   656.00   147.0    53.0    86.2   R
  1550  350  1218.00  204.65      0   285.33   656.00   147.0    53.0    86.2    
  1600  300   293.67    1.41     15   285.33   656.00   147.0    53.0    89.0    
  1600  300   293.67    0.00     16   285.33   656.00   147.0    53.0    89.0   X
Path relinking result: no improvement.
  1620  280   293.67    0.00     36   285.33   656.00   147.0    53.0    90.2   P
  1650  250   293.67    0.00     65   285.33   656.00   147.0    53.0    91.8    
  1664  236      inf  233.33      0   285.33   656.00   147.0    53.0    92.6   R
  1665  235  1243.67  197.12      0   285.33   656.00   147.0    53.0    92.7    

  Gens  Rem    Local   ElDiv NoImpr             Best solution            Time  Op
                                       Cost     Dist    Tard    TMax 
  1680  220   369.00   21.62      1   285.33   656.00   147.0    53.0    93.5   X
  1700  200   296.67    4.29      0   285.33   656.00   147.0    53.0    94.6    
  1750  150   293.67    0.00     42   285.33   656.00   147.0    53.0    97.4    
  1760  140   293.67    0.00     53   285.33   656.00   147.0    53.0    97.9   X
  1787  113      inf  243.43      0   285.33   656.00   147.0    53.0    99.4   R
  1788  112  1013.67  222.07      0   285.33   656.00   147.0    53.0    99.5    
  1800  100   390.33   48.35      1   285.33   656.00   147.0    53.0   100.2    
Path relinking result: elite improvement.
  1800  100   353.00   49.05      0   285.33   656.00   147.0    53.0   100.2   P
  1840   60   288.33    2.39      8   285.33   656.00   147.0    53.0   102.4   X
  1850   50   288.33    0.00     17   285.33   656.00   147.0    53.0   102.9    
  1900    0   288.33    0.00     67   285.33   656.00   147.0    53.0   105.7    
Evolutionary process finished.
Solution written to 'solution-11518.txt'.

Sorted sequence of worst to best tardiness value:
Task for patient = 7 with skills = {1,5} and cost = 250.3
   Vehicle #0 = 1, leaving at = 1167.0
   Vehicle #1 = 2, leaving at = 1167.0
   Increment on distance indicator: 26.0
   Increment on tard indicator:     106.0
   Value of tmax indicator:         26.0

Task for patient = 17 with skills = {1,-1} and cost = 173.3
   Vehicle #0 = 0, leaving at = 1013.0
   Vehicle #1 = -1, leaving at = inf
   Increment on distance indicator: 16.0
   Increment on tard indicator:     33.0
   Value of tmax indicator:         16.0

Task for patient = 4 with skills = {1,4} and cost = 151.3
   Vehicle #0 = 1, leaving at = 1013.0
   Vehicle #1 = 2, leaving at = 1034.0
   Increment on distance indicator: 33.0
   Increment on tard indicator:     24.0
   Value of tmax indicator:         33.0

Task for patient = 16 with skills = {0,4} and cost = 154.0
   Vehicle #0 = 1, leaving at = 1052.0
   Vehicle #1 = 2, leaving at = 1083.0
   Increment on distance indicator: 4.0
   Increment on tard indicator:     4.0
   Value of tmax indicator:         4.0

Task for patient = 21 with skills = {3,-1} and cost = 199.7
   Vehicle #0 = 4, leaving at = 1043.0
   Vehicle #1 = -1, leaving at = inf
   Increment on distance indicator: 12.0
   Increment on tard indicator:     0.0
   Value of tmax indicator:         12.0

Task for patient = 14 with skills = {1,3} and cost = 195.7
   Vehicle #0 = 0, leaving at = 1148.0
   Vehicle #1 = 3, leaving at = 1148.0
   Increment on distance indicator: 46.0
   Increment on tard indicator:     0.0
   Value of tmax indicator:         46.0

Task for patient = 13 with skills = {1,-1} and cost = 180.3
   Vehicle #0 = 0, leaving at = 1067.0
   Vehicle #1 = -1, leaving at = inf
   Increment on distance indicator: 11.0
   Increment on tard indicator:     0.0
   Value of tmax indicator:         11.0

Task for patient = 18 with skills = {1,-1} and cost = 176.7
   Vehicle #0 = 1, leaving at = 1090.0
   Vehicle #1 = -1, leaving at = inf
   Increment on distance indicator: 10.0
   Increment on tard indicator:     0.0
   Value of tmax indicator:         10.0

Task for patient = 23 with skills = {2,-1} and cost = 124.3
   Vehicle #0 = 1, leaving at = 954.0
   Vehicle #1 = -1, leaving at = inf
   Increment on distance indicator: 15.0
   Increment on tard indicator:     0.0
   Value of tmax indicator:         15.0

Task for patient = 19 with skills = {2,4} and cost = 119.3
   Vehicle #0 = 0, leaving at = 947.0
   Vehicle #1 = 2, leaving at = 991.0
   Increment on distance indicator: 55.0
   Increment on tard indicator:     0.0
   Value of tmax indicator:         55.0

Task for patient = 9 with skills = {3,-1} and cost = 101.0
   Vehicle #0 = 4, leaving at = 726.0
   Vehicle #1 = -1, leaving at = inf
   Increment on distance indicator: 5.0
   Increment on tard indicator:     0.0
   Value of tmax indicator:         5.0

Task for patient = 2 with skills = {4,-1} and cost = 99.3
   Vehicle #0 = 2, leaving at = 912.0
   Vehicle #1 = -1, leaving at = inf
   Increment on distance indicator: 43.0
   Increment on tard indicator:     0.0
   Value of tmax indicator:         43.0

Task for patient = 22 with skills = {2,-1} and cost = 74.7
   Vehicle #0 = 1, leaving at = 885.0
   Vehicle #1 = -1, leaving at = inf
   Increment on distance indicator: 10.0
   Increment on tard indicator:     0.0
   Value of tmax indicator:         10.0

Task for patient = 6 with skills = {2,-1} and cost = 71.3
   Vehicle #0 = 0, leaving at = 786.0
   Vehicle #1 = -1, leaving at = inf
   Increment on distance indicator: 4.0
   Increment on tard indicator:     0.0
   Value of tmax indicator:         4.0

Task for patient = 1 with skills = {2,5} and cost = 70.0
   Vehicle #0 = 1, leaving at = 844.0
   Vehicle #1 = 2, leaving at = 844.0
   Increment on distance indicator: 23.0
   Increment on tard indicator:     0.0
   Value of tmax indicator:         23.0

Task for patient = 15 with skills = {1,-1} and cost = 62.3
   Vehicle #0 = 0, leaving at = 564.0
   Vehicle #1 = -1, leaving at = inf
   Increment on distance indicator: 18.0
   Increment on tard indicator:     0.0
   Value of tmax indicator:         18.0

Task for patient = 3 with skills = {4,-1} and cost = 56.3
   Vehicle #0 = 2, leaving at = 786.0
   Vehicle #1 = -1, leaving at = inf
   Increment on distance indicator: 21.0
   Increment on tard indicator:     0.0
   Value of tmax indicator:         21.0

Task for patient = 8 with skills = {3,-1} and cost = 49.3
   Vehicle #0 = 2, leaving at = 744.0
   Vehicle #1 = -1, leaving at = inf
   Increment on distance indicator: 14.0
   Increment on tard indicator:     0.0
   Value of tmax indicator:         14.0

Task for patient = 25 with skills = {1,-1} and cost = 44.7
   Vehicle #0 = 1, leaving at = 780.0
   Vehicle #1 = -1, leaving at = inf
   Increment on distance indicator: 7.0
   Increment on tard indicator:     0.0
   Value of tmax indicator:         7.0

Task for patient = 24 with skills = {1,-1} and cost = 42.3
   Vehicle #0 = 1, leaving at = 752.0
   Vehicle #1 = -1, leaving at = inf
   Increment on distance indicator: 15.0
   Increment on tard indicator:     0.0
   Value of tmax indicator:         15.0

Task for patient = 12 with skills = {4,-1} and cost = 37.3
   Vehicle #0 = 2, leaving at = 708.0
   Vehicle #1 = -1, leaving at = inf
   Increment on distance indicator: 32.0
   Increment on tard indicator:     0.0
   Value of tmax indicator:         32.0

Task for patient = 11 with skills = {0,4} and cost = 26.7
   Vehicle #0 = 1, leaving at = 618.0
   Vehicle #1 = 2, leaving at = 618.0
   Increment on distance indicator: 33.0
   Increment on tard indicator:     0.0
   Value of tmax indicator:         33.0

Task for patient = 20 with skills = {1,-1} and cost = 15.7
   Vehicle #0 = 1, leaving at = 556.0
   Vehicle #1 = -1, leaving at = inf
   Increment on distance indicator: 15.0
   Increment on tard indicator:     0.0
   Value of tmax indicator:         15.0

Task for patient = 10 with skills = {2,-1} and cost = 10.7
   Vehicle #0 = 0, leaving at = 509.0
   Vehicle #1 = -1, leaving at = inf
   Increment on distance indicator: 32.0
   Increment on tard indicator:     0.0
   Value of tmax indicator:         32.0

Task for patient = 5 with skills = {1,3} and cost = 85.0
   Vehicle #0 = 0, leaving at = 861.0
   Vehicle #1 = 3, leaving at = 885.0
   Increment on distance indicator: 31.0
   Increment on tard indicator:     0.0
   Value of tmax indicator:         31.0


Unused vehicle list: (total = 0 out of 5)

---
Search finished.
Total of 1900 generations in 105.7 seconds.
Exchange elite runs: 23
Implicit path relinking runs: 10
Reset attempts: 14

Best solution found:
   Cost: 285.3
   Total travel time: 656.0
   Total tardiness time: 147.0
   Largest tardiness: 53.0


285.3
