This host is: panku
--- BRKGA-MP-IPR for HHCRSP ---
Instance: new-dataset/instances-200/HHCRSP_200_40_98_1.2_R_C.txt
Seed: 7

Reading data... Problem contains 200 patients  and 40 caregivers.

Summary of supply x demand for each service type:
Skill 0 has supply = 15 and demand = 41, ratio = 0.365854
Skill 1 has supply = 13 and demand = 43, ratio = 0.302326
Skill 2 has supply = 14 and demand = 48, ratio = 0.291667
Skill 3 has supply = 9 and demand = 30, ratio = 0.3
Skill 4 has supply = 15 and demand = 51, ratio = 0.294118
Skill 5 has supply = 14 and demand = 47, ratio = 0.297872

Reading parameters...
Inferred distance function by PR type: kendall-tau
Building BRKGA data and initializing...
Evolving 1900 generations...

  Gens  Rem    Local   ElDiv NoImpr             Best solution            Time  Op
                                       Cost     Dist    Tard    TMax 
*    0 1900  3443.67  270.14      0  3443.67  4968.00  5061.0   302.0     0.2    
*    2 1898  3268.33  231.46      0  3268.33  4945.00  3806.0   330.0     0.5    
*    3 1897  3027.00  214.50      0  3027.00  4945.00  3806.0   330.0     0.6    
*    5 1895  2757.33  187.46      0  2757.33  4668.00  3245.0   359.0     1.0    
*    7 1893  2520.67  188.62      0  2520.67  4621.00  2524.0   286.0     1.3    
*    8 1892  2477.00  166.32      0  2477.00  4909.00  2161.0   327.0     1.5    
*    9 1891  2465.67  170.45      0  2465.67  4747.00  1808.0   249.0     1.6    
*   10 1890  2268.00  157.90      0  2268.00  4727.00  1308.0   212.0     1.8    
*   11 1889  2082.33  146.22      0  2082.33  4878.00  1084.0   140.0     2.0    
*   12 1888  2034.00  129.54      0  2034.00  4878.00  1084.0   140.0     2.1    
*   14 1886  1956.00  119.75      0  1956.00  4799.00   576.0   189.0     2.5    
*   15 1885  1854.67  106.82      0  1854.67  4799.00   576.0   189.0     2.7    
*   17 1883  1821.00   93.95      0  1821.00  4542.00   491.0   143.0     3.0    
*   18 1882  1725.33   83.41      0  1725.33  4685.00   384.0   103.0     3.1    
*   19 1881  1724.00   81.86      0  1724.00  4605.00   211.0   135.0     3.3    

  Gens  Rem    Local   ElDiv NoImpr             Best solution            Time  Op
                                       Cost     Dist    Tard    TMax 
*   20 1880  1650.33   78.80      0  1650.33  4539.00   285.0   102.0     3.5    
*   21 1879  1642.00   69.87      0  1642.00  4577.00    96.0    38.0     3.6    
*   22 1878  1570.33   58.98      0  1570.33  4577.00    96.0    38.0     3.8    
*   25 1875  1550.67   51.58      0  1550.67  4352.00    73.0    14.0     4.3    
*   26 1874  1479.67   49.19      0  1479.67  4352.00    73.0    14.0     4.4    
*   34 1866  1451.33   27.68      0  1451.33  4296.00    46.0    12.0     5.7    
*   38 1862  1428.33   24.46      0  1428.33  4241.00    35.0     9.0     6.4    
*   42 1858  1413.00   24.81      0  1413.00  4211.00    23.0     5.0     7.0    
*   44 1856  1406.33   24.26      0  1406.33  4146.00    43.0    18.0     7.4    
*   45 1855  1402.33   22.86      0  1402.33  4146.00    43.0    18.0     7.5    
*   49 1851  1392.67   21.63      0  1392.67  4085.00    78.0    15.0     8.2    
    50 1850  1392.67   20.80      1  1392.67  4085.00    78.0    15.0     8.3    
*   54 1846  1376.33   17.67      0  1376.33  4033.00    61.0     8.0     9.0    
*   55 1845  1367.33   18.72      0  1367.33  4001.00    23.0     8.0     9.1    
*   56 1844  1344.00   17.44      0  1344.00  4001.00    23.0     8.0     9.3    
*   64 1836  1328.00   14.97      0  1328.00  3931.00    41.0    12.0    10.6    

  Gens  Rem    Local   ElDiv NoImpr             Best solution            Time  Op
                                       Cost     Dist    Tard    TMax 
*   71 1829  1325.33   13.89      0  1325.33  3883.00    61.0    15.0    11.7    
*   72 1828  1319.67   13.98      0  1319.67  3929.00    15.0     4.0    11.9    
*   73 1827  1316.00   14.05      0  1316.00  3929.00    15.0     4.0    12.0    
*   75 1825  1295.67   13.57      0  1295.67  3807.00    56.0    24.0    12.4    
    80 1820  1292.00    9.24      0  1295.67  3807.00    56.0    24.0    13.2   X
*   81 1819  1292.00    9.29      0  1292.00  3847.00    23.0     6.0    13.3    
*   84 1816  1290.33    9.90      0  1290.33  3818.00    39.0    14.0    13.8    
*   93 1807  1287.67   10.55      0  1287.67  3763.00    81.0    19.0    15.3    
*   98 1802  1284.33   10.81      0  1284.33  3776.00    65.0    12.0    16.1    
*  100 1800  1283.67   11.14      0  1283.67  3742.00    93.0    16.0    16.4    
*  114 1786  1282.67   10.03      0  1282.67  3797.00     4.0     2.0    18.7    
*  115 1785  1267.67    9.95      0  1267.67  3797.00     4.0     2.0    18.9    
*  125 1775  1266.33    9.10      0  1266.33  3765.00    23.0     8.0    20.5    
*  126 1774  1265.33    9.07      0  1265.33  3765.00    23.0     8.0    20.6    
*  128 1772  1265.00    9.56      0  1265.00  3739.00    45.0    11.0    21.0    
*  130 1770  1243.33   10.42      0  1243.33  3614.00    95.0    21.0    21.3    

  Gens  Rem    Local   ElDiv NoImpr             Best solution            Time  Op
                                       Cost     Dist    Tard    TMax 
*  132 1768  1231.00   10.66      0  1231.00  3609.00    70.0    14.0    21.6    
*  143 1757  1223.33   11.50      0  1223.33  3558.00    94.0    18.0    23.4    
   150 1750  1223.33   11.20      7  1223.33  3558.00    94.0    18.0    24.5    
   160 1740  1220.67    7.54      0  1223.33  3558.00    94.0    18.0    26.2   X
*  161 1739  1220.67    7.35      0  1220.67  3631.00    25.0     6.0    26.3    
*  163 1737  1216.00    7.46      0  1216.00  3619.00    23.0     6.0    26.6    
*  169 1731  1182.00    8.59      0  1182.00  3484.00    48.0    14.0    27.6    
Path relinking result: elite improvement.
   180 1720  1182.00    9.56     12  1182.00  3484.00    48.0    14.0    29.5   P
   200 1700  1182.00    9.28     31  1182.00  3484.00    48.0    14.0    32.8    
*  203 1697  1178.67    9.90      0  1178.67  3452.00    74.0    10.0    33.3    
*  235 1665  1176.67    8.96      0  1176.67  3509.00    16.0     5.0    38.6    
*  237 1663  1166.33    9.25      0  1166.33  3465.00    27.0     7.0    39.0    
   240 1660  1166.33    8.32      4  1166.33  3465.00    27.0     7.0    39.4   X
*  245 1655  1154.67    8.38      0  1154.67  3372.00    70.0    22.0    40.3    
   250 1650  1154.67    8.10      5  1154.67  3372.00    70.0    22.0    41.1    
*  260 1640  1154.00    8.13      0  1154.00  3426.00    30.0     6.0    42.7    

  Gens  Rem    Local   ElDiv NoImpr             Best solution            Time  Op
                                       Cost     Dist    Tard    TMax 
*  275 1625  1146.00    8.32      0  1146.00  3348.00    75.0    15.0    45.2    
   300 1600  1146.00    7.71     25  1146.00  3348.00    75.0    15.0    49.3    
*  307 1593  1141.67    7.93      0  1141.67  3417.00     6.0     2.0    50.4    
   320 1580  1141.67    7.29     14  1141.67  3417.00     6.0     2.0    52.6   X
*  331 1569  1137.33    7.35      0  1137.33  3321.00    73.0    18.0    54.4    
*  340 1560  1135.00    7.96      0  1135.00  3365.00    22.0     8.0    55.9    
*  341 1559  1131.67    7.93      0  1131.67  3365.00    22.0     8.0    56.0    
   350 1550  1131.67    7.95      9  1131.67  3365.00    22.0     8.0    57.5    
*  357 1543  1118.33    8.35      0  1118.33  3295.00    48.0    12.0    58.7    
Path relinking result: elite improvement.
   360 1540  1118.33    8.61      4  1118.33  3295.00    48.0    12.0    59.3   P
*  362 1538  1117.00    9.00      0  1117.00  3269.00    70.0    12.0    59.6    
   400 1500  1117.00    8.50     38  1117.00  3269.00    70.0    12.0    65.9    
   400 1500  1117.00    7.91     39  1117.00  3269.00    70.0    12.0    65.9   X
*  415 1485  1116.33    8.04      0  1116.33  3323.00    21.0     4.0    68.4    
*  416 1484  1116.00    8.02      0  1116.00  3323.00    21.0     4.0    68.6    
   450 1450  1116.00    7.99     34  1116.00  3323.00    21.0     4.0    74.2    

  Gens  Rem    Local   ElDiv NoImpr             Best solution            Time  Op
                                       Cost     Dist    Tard    TMax 
*  471 1429  1115.33    7.93      0  1115.33  3315.00    22.0     9.0    77.7    
   480 1420  1115.33    6.20     10  1115.33  3315.00    22.0     9.0    79.1   X
*  482 1418  1112.67    6.27      0  1112.67  3315.00    18.0     5.0    79.5    
*  487 1413  1105.00    6.37      0  1105.00  3255.00    47.0    13.0    80.3    
   500 1400  1105.00    6.40     13  1105.00  3255.00    47.0    13.0    82.5    
*  524 1376  1098.67    6.96      0  1098.67  3285.00     7.0     4.0    86.4    
*  526 1374  1098.00    7.14      0  1098.00  3243.00    41.0    10.0    86.7    
*  530 1370  1091.00    7.46      0  1091.00  3271.00     1.0     1.0    87.3    
Path relinking result: elite improvement.
   540 1360  1091.00    7.68     11  1091.00  3271.00     1.0     1.0    89.2   P
   550 1350  1091.00    7.56     20  1091.00  3271.00     1.0     1.0    90.8    
   560 1340  1091.00    5.71     31  1091.00  3271.00     1.0     1.0    92.4   X
   600 1300  1091.00    5.49     70  1091.00  3271.00     1.0     1.0    99.0    
   640 1260  1091.00    5.42    111  1091.00  3271.00     1.0     1.0   105.5   X
*  649 1251  1089.33    5.61      0  1089.33  3238.00    24.0     6.0   107.0    
   650 1250  1089.33    5.61      1  1089.33  3238.00    24.0     6.0   107.2    
*  670 1230  1085.00    5.71      0  1085.00  3226.00    22.0     7.0   110.5    

  Gens  Rem    Local   ElDiv NoImpr             Best solution            Time  Op
                                       Cost     Dist    Tard    TMax 
*  674 1226  1082.67    5.87      0  1082.67  3206.00    28.0    14.0   111.2    
   700 1200  1082.67    6.00     26  1082.67  3206.00    28.0    14.0   115.6    
*  706 1194  1075.33    6.21      0  1075.33  3185.00    32.0     9.0   116.5    
Path relinking result: best improvement.
   720 1180  1069.67    6.92      0  1075.33  3185.00    32.0     9.0   119.0  PX
*  721 1179  1069.67    6.92      0  1069.67  3174.00    29.0     6.0   119.1    
   750 1150  1069.67    6.84     29  1069.67  3174.00    29.0     6.0   123.9    
   800 1100  1069.67    6.47     79  1069.67  3174.00    29.0     6.0   132.1    
   800 1100  1069.67    5.55     80  1069.67  3174.00    29.0     6.0   132.1   X
   850 1050  1069.67    5.39    129  1069.67  3174.00    29.0     6.0   140.4    
   880 1020  1069.67    5.73    160  1069.67  3174.00    29.0     6.0   145.4   X
   900 1000  1069.67    5.66    179  1069.67  3174.00    29.0     6.0   148.7    
Path relinking result: best improvement.
   900 1000  1066.00    5.78      0  1069.67  3174.00    29.0     6.0   148.8   P
*  901  999  1066.00    5.77      0  1066.00  3159.00    25.0    14.0   148.9    
   950  950  1066.00    5.60     49  1066.00  3159.00    25.0    14.0   157.0    
   960  940  1066.00    4.69     60  1066.00  3159.00    25.0    14.0   158.6   X
  1000  900  1066.00    4.47     99  1066.00  3159.00    25.0    14.0   165.2    

  Gens  Rem    Local   ElDiv NoImpr             Best solution            Time  Op
                                       Cost     Dist    Tard    TMax 
  1040  860  1066.00    1.24    140  1066.00  3159.00    25.0    14.0   171.8   X
* 1044  856  1060.00    1.41      0  1060.00  3159.00    14.0     6.0   172.5    
* 1045  855  1059.67    1.34      0  1059.67  3159.00    14.0     6.0   172.6    
* 1050  850  1045.33    2.07      0  1045.33  3131.00     4.0     1.0   173.4    
* 1062  838  1044.00    3.20      0  1044.00  3122.00     7.0     3.0   175.4    
* 1066  834  1042.00    3.45      0  1042.00  3111.00    12.0     3.0   176.1    
* 1069  831  1039.67    3.55      0  1039.67  3108.00     8.0     3.0   176.5    
* 1073  827  1037.67    2.68      0  1037.67  3095.00    15.0     3.0   177.3    
* 1075  825  1034.33    2.79      0  1034.33  3092.00     6.0     2.0   177.6    
* 1076  824  1033.33    2.73      0  1033.33  3088.00     4.0     2.0   177.8    
* 1077  823  1031.33    2.67      0  1031.33  3084.00     2.0     1.0   177.9    
* 1078  822  1029.00    2.75      0  1029.00  3077.00     4.0     2.0   178.1    
* 1079  821  1027.67    2.69      0  1027.67  3077.00     4.0     2.0   178.2    
Path relinking result: elite improvement.
  1080  820  1027.67    2.64      2  1027.67  3077.00     4.0     2.0   178.5   P
* 1086  814  1026.00    2.62      0  1026.00  3073.00     3.0     2.0   179.5    
* 1089  811  1025.00    2.65      0  1025.00  3070.00     3.0     2.0   180.0    

  Gens  Rem    Local   ElDiv NoImpr             Best solution            Time  Op
                                       Cost     Dist    Tard    TMax 
* 1093  807  1024.33    2.51      0  1024.33  3066.00     5.0     2.0   180.6    
* 1096  804  1023.33    2.32      0  1023.33  3065.00     3.0     2.0   181.1    
* 1099  801  1022.33    2.26      0  1022.33  3056.00     5.0     2.0   181.6    
* 1100  800  1021.00    2.17      0  1021.00  3056.00     5.0     2.0   181.8    
* 1102  798  1020.00    2.10      0  1020.00  3053.00     5.0     2.0   182.1    
* 1105  795  1019.00    2.54      0  1019.00  3050.00     5.0     2.0   182.6    
* 1108  792  1018.33    2.68      0  1018.33  3049.00     4.0     2.0   183.1    
* 1110  790  1018.00    2.79      0  1018.00  3048.00     4.0     2.0   183.4    
* 1112  788  1017.67    2.89      0  1017.67  3046.00     4.0     2.0   183.8    
* 1113  787  1017.33    2.89      0  1017.33  3044.00     4.0     2.0   183.9    
* 1114  786  1016.67    2.93      0  1016.67  3044.00     4.0     2.0   184.1    
* 1118  782  1016.33    3.12      0  1016.33  3043.00     4.0     2.0   184.8    
* 1120  780  1016.00    3.22      0  1016.00  3043.00     3.0     2.0   185.1    
  1120  780  1016.00    0.94      1  1016.00  3043.00     3.0     2.0   185.1   X
* 1122  778  1015.00    0.79      0  1015.00  3040.00     3.0     2.0   185.4    
* 1124  776  1014.67    0.73      0  1014.67  3035.00     5.0     2.0   185.7    

  Gens  Rem    Local   ElDiv NoImpr             Best solution            Time  Op
                                       Cost     Dist    Tard    TMax 
* 1125  775  1014.00    0.62      0  1014.00  3035.00     5.0     2.0   185.9    
* 1129  771  1013.33    0.70      0  1013.33  3035.00     3.0     2.0   186.6    
* 1132  768  1013.00    0.79      0  1013.00  3034.00     3.0     2.0   187.0    
* 1135  765  1012.67    0.71      0  1012.67  3032.00     3.0     2.0   187.5    
* 1136  764  1012.33    0.69      0  1012.33  3032.00     3.0     2.0   187.7    
* 1140  760  1011.67    0.54      0  1011.67  3030.00     3.0     2.0   188.3    
* 1143  757  1011.00    0.46      0  1011.00  3028.00     3.0     2.0   188.8    
  1150  750  1011.00    0.49      7  1011.00  3028.00     3.0     2.0   189.9    
* 1153  747  1010.00    0.47      0  1010.00  3025.00     3.0     2.0   190.4    
* 1155  745  1009.33    0.43      0  1009.33  3023.00     3.0     2.0   190.8    
* 1159  741  1008.33    1.03      0  1008.33  3020.00     3.0     2.0   191.4    
* 1171  729  1007.67    1.39      0  1007.67  3018.00     3.0     2.0   193.4    
* 1177  723  1007.33    1.50      0  1007.33  3017.00     3.0     2.0   194.3    
* 1185  715  1007.00    1.67      0  1007.00  3016.00     3.0     2.0   195.6    
* 1190  710  1006.67    1.81      0  1006.67  3015.00     3.0     2.0   196.5    
* 1194  706  1006.00    1.79      0  1006.00  3013.00     3.0     2.0   197.1    

  Gens  Rem    Local   ElDiv NoImpr             Best solution            Time  Op
                                       Cost     Dist    Tard    TMax 
  1200  700  1006.00    1.47      6  1006.00  3013.00     3.0     2.0   198.1    
  1200  700  1006.00    1.31      7  1006.00  3013.00     3.0     2.0   198.1   X
* 1203  697  1005.67    0.44      0  1005.67  3012.00     3.0     2.0   198.6    
* 1205  695  1005.00    0.48      0  1005.00  3010.00     3.0     2.0   198.9    
* 1246  654  1004.33    0.08      0  1004.33  3008.00     3.0     2.0   205.6    
  1250  650  1004.33    0.24      4  1004.33  3008.00     3.0     2.0   206.3    
Path relinking result: elite improvement.
  1260  640  1004.33    0.32     15  1004.33  3008.00     3.0     2.0   207.9   P
  1280  620  1004.33    0.00     35  1004.33  3008.00     3.0     2.0   211.3   X
  1300  600  1004.33    0.00     54  1004.33  3008.00     3.0     2.0   214.5    
  1350  550  1004.33    0.00    104  1004.33  3008.00     3.0     2.0   222.6    
  1360  540  1004.33    0.00    115  1004.33  3008.00     3.0     2.0   224.2   X
  1400  500  1004.33    0.00    154  1004.33  3008.00     3.0     2.0   230.8    
* 1429  471  1003.67    0.04      0  1003.67  3006.00     3.0     2.0   235.4    
Path relinking result: elite improvement.
  1440  460  1003.67    0.31     12  1003.67  3006.00     3.0     2.0   237.3  PX
  1450  450  1003.67    0.00     21  1003.67  3006.00     3.0     2.0   239.0    
  1500  400  1003.67    0.00     71  1003.67  3006.00     3.0     2.0   247.2    

  Gens  Rem    Local   ElDiv NoImpr             Best solution            Time  Op
                                       Cost     Dist    Tard    TMax 
  1520  380  1003.67    0.00     92  1003.67  3006.00     3.0     2.0   250.5   X
  1550  350  1003.67    0.00    121  1003.67  3006.00     3.0     2.0   255.4    
  1600  300  1003.67    0.00    171  1003.67  3006.00     3.0     2.0   263.7    
  1600  300  1003.67    0.00    172  1003.67  3006.00     3.0     2.0   263.7   X
Path relinking result: no improvement.
  1620  280  1003.67    0.00    192  1003.67  3006.00     3.0     2.0   267.0   P
  1650  250  1003.67    0.00    221  1003.67  3006.00     3.0     2.0   271.9    
  1680  220  1003.67    0.00    252  1003.67  3006.00     3.0     2.0   276.8   X
  1700  200  1003.67    0.00    271  1003.67  3006.00     3.0     2.0   280.0    
  1750  150  1003.67    0.00    321  1003.67  3006.00     3.0     2.0   288.1    
  1760  140  1003.67    0.00    332  1003.67  3006.00     3.0     2.0   289.8   X
  1800  100  1003.67    0.00    371  1003.67  3006.00     3.0     2.0   296.4    
Path relinking result: no improvement.
  1800  100  1003.67    0.00    372  1003.67  3006.00     3.0     2.0   296.4   P
  1840   60  1003.67    0.00    412  1003.67  3006.00     3.0     2.0   303.0   X
  1850   50  1003.67    0.00    421  1003.67  3006.00     3.0     2.0   304.5    
  1900    0  1003.67    0.00    471  1003.67  3006.00     3.0     2.0   312.6    
Evolutionary process finished.
Solution written to 'solution-13224.txt'.

Sorted sequence of worst to best tardiness value:
Task for patient = 32 with skills = {2,4} and cost = 385.0
   Vehicle #0 = 1, leaving at = 773.0
   Vehicle #1 = 23, leaving at = 817.0
   Increment on distance indicator: 8.0
   Increment on tard indicator:     2.0
   Value of tmax indicator:         8.0

Task for patient = 131 with skills = {2,-1} and cost = 394.0
   Vehicle #0 = 3, leaving at = 755.0
   Vehicle #1 = -1, leaving at = inf
   Increment on distance indicator: 3.0
   Increment on tard indicator:     1.0
   Value of tmax indicator:         3.0

Task for patient = 12 with skills = {3,-1} and cost = 552.3
   Vehicle #0 = 35, leaving at = 894.0
   Vehicle #1 = -1, leaving at = inf
   Increment on distance indicator: 6.0
   Increment on tard indicator:     0.0
   Value of tmax indicator:         6.0

Task for patient = 176 with skills = {5,-1} and cost = 554.0
   Vehicle #0 = 35, leaving at = 920.0
   Vehicle #1 = -1, leaving at = inf
   Increment on distance indicator: 5.0
   Increment on tard indicator:     0.0
   Value of tmax indicator:         5.0

Task for patient = 194 with skills = {1,4} and cost = 556.0
   Vehicle #0 = 4, leaving at = 917.0
   Vehicle #1 = 20, leaving at = 943.0
   Increment on distance indicator: 6.0
   Increment on tard indicator:     0.0
   Value of tmax indicator:         6.0

Task for patient = 28 with skills = {2,-1} and cost = 557.7
   Vehicle #0 = 8, leaving at = 872.0
   Vehicle #1 = -1, leaving at = inf
   Increment on distance indicator: 5.0
   Increment on tard indicator:     0.0
   Value of tmax indicator:         5.0

Task for patient = 47 with skills = {2,4} and cost = 560.7
   Vehicle #0 = 15, leaving at = 860.0
   Vehicle #1 = 25, leaving at = 880.0
   Increment on distance indicator: 9.0
   Increment on tard indicator:     0.0
   Value of tmax indicator:         9.0

Task for patient = 38 with skills = {1,-1} and cost = 561.3
   Vehicle #0 = 10, leaving at = 867.0
   Vehicle #1 = -1, leaving at = inf
   Increment on distance indicator: 2.0
   Increment on tard indicator:     0.0
   Value of tmax indicator:         2.0

Task for patient = 102 with skills = {4,-1} and cost = 564.3
   Vehicle #0 = 21, leaving at = 908.0
   Vehicle #1 = -1, leaving at = inf
   Increment on distance indicator: 9.0
   Increment on tard indicator:     0.0
   Value of tmax indicator:         9.0

Task for patient = 117 with skills = {1,4} and cost = 566.0
   Vehicle #0 = 2, leaving at = 885.0
   Vehicle #1 = 30, leaving at = 875.0
   Increment on distance indicator: 5.0
   Increment on tard indicator:     0.0
   Value of tmax indicator:         5.0

Task for patient = 45 with skills = {5,-1} and cost = 566.7
   Vehicle #0 = 24, leaving at = 1009.0
   Vehicle #1 = -1, leaving at = inf
   Increment on distance indicator: 2.0
   Increment on tard indicator:     0.0
   Value of tmax indicator:         2.0

Task for patient = 121 with skills = {5,-1} and cost = 568.7
   Vehicle #0 = 29, leaving at = 870.0
   Vehicle #1 = -1, leaving at = inf
   Increment on distance indicator: 6.0
   Increment on tard indicator:     0.0
   Value of tmax indicator:         6.0

Task for patient = 148 with skills = {2,-1} and cost = 569.7
   Vehicle #0 = 1, leaving at = 938.0
   Vehicle #1 = -1, leaving at = inf
   Increment on distance indicator: 3.0
   Increment on tard indicator:     0.0
   Value of tmax indicator:         3.0

Task for patient = 125 with skills = {0,-1} and cost = 499.7
   Vehicle #0 = 14, leaving at = 805.0
   Vehicle #1 = -1, leaving at = inf
   Increment on distance indicator: 3.0
   Increment on tard indicator:     0.0
   Value of tmax indicator:         3.0

Task for patient = 2 with skills = {3,-1} and cost = 574.0
   Vehicle #0 = 20, leaving at = 972.0
   Vehicle #1 = -1, leaving at = inf
   Increment on distance indicator: 4.0
   Increment on tard indicator:     0.0
   Value of tmax indicator:         4.0

Task for patient = 61 with skills = {4,-1} and cost = 575.3
   Vehicle #0 = 23, leaving at = 923.0
   Vehicle #1 = -1, leaving at = inf
   Increment on distance indicator: 4.0
   Increment on tard indicator:     0.0
   Value of tmax indicator:         4.0

Task for patient = 167 with skills = {1,4} and cost = 578.0
   Vehicle #0 = 13, leaving at = 895.0
   Vehicle #1 = 22, leaving at = 928.0
   Increment on distance indicator: 8.0
   Increment on tard indicator:     0.0
   Value of tmax indicator:         8.0

Task for patient = 126 with skills = {2,5} and cost = 580.7
   Vehicle #0 = 15, leaving at = 918.0
   Vehicle #1 = 25, leaving at = 926.0
   Increment on distance indicator: 8.0
   Increment on tard indicator:     0.0
   Value of tmax indicator:         8.0

Task for patient = 168 with skills = {2,-1} and cost = 582.0
   Vehicle #0 = 4, leaving at = 979.0
   Vehicle #1 = -1, leaving at = inf
   Increment on distance indicator: 4.0
   Increment on tard indicator:     0.0
   Value of tmax indicator:         4.0

Task for patient = 177 with skills = {2,3} and cost = 586.0
   Vehicle #0 = 14, leaving at = 935.0
   Vehicle #1 = 28, leaving at = 940.0
   Increment on distance indicator: 12.0
   Increment on tard indicator:     0.0
   Value of tmax indicator:         12.0

Task for patient = 90 with skills = {1,-1} and cost = 586.3
   Vehicle #0 = 4, leaving at = 1002.0
   Vehicle #1 = -1, leaving at = inf
   Increment on distance indicator: 1.0
   Increment on tard indicator:     0.0
   Value of tmax indicator:         1.0

Task for patient = 123 with skills = {2,5} and cost = 588.3
   Vehicle #0 = 2, leaving at = 910.0
   Vehicle #1 = 30, leaving at = 930.0
   Increment on distance indicator: 6.0
   Increment on tard indicator:     0.0
   Value of tmax indicator:         6.0

Task for patient = 185 with skills = {0,-1} and cost = 589.7
   Vehicle #0 = 0, leaving at = 939.0
   Vehicle #1 = -1, leaving at = inf
   Increment on distance indicator: 4.0
   Increment on tard indicator:     0.0
   Value of tmax indicator:         4.0

Task for patient = 99 with skills = {0,-1} and cost = 590.7
   Vehicle #0 = 10, leaving at = 896.0
   Vehicle #1 = -1, leaving at = inf
   Increment on distance indicator: 3.0
   Increment on tard indicator:     0.0
   Value of tmax indicator:         3.0

Task for patient = 159 with skills = {1,4} and cost = 572.7
   Vehicle #0 = 13, leaving at = 872.0
   Vehicle #1 = 22, leaving at = 871.0
   Increment on distance indicator: 9.0
   Increment on tard indicator:     0.0
   Value of tmax indicator:         9.0

Task for patient = 26 with skills = {3,-1} and cost = 500.0
   Vehicle #0 = 27, leaving at = 747.0
   Vehicle #1 = -1, leaving at = inf
   Increment on distance indicator: 1.0
   Increment on tard indicator:     0.0
   Value of tmax indicator:         1.0

Task for patient = 30 with skills = {0,-1} and cost = 503.0
   Vehicle #0 = 5, leaving at = 741.0
   Vehicle #1 = -1, leaving at = inf
   Increment on distance indicator: 9.0
   Increment on tard indicator:     0.0
   Value of tmax indicator:         9.0

Task for patient = 192 with skills = {0,-1} and cost = 505.0
   Vehicle #0 = 5, leaving at = 765.0
   Vehicle #1 = -1, leaving at = inf
   Increment on distance indicator: 6.0
   Increment on tard indicator:     0.0
   Value of tmax indicator:         6.0

Task for patient = 24 with skills = {2,5} and cost = 511.3
   Vehicle #0 = 5, leaving at = 806.0
   Vehicle #1 = 28, leaving at = 834.0
   Increment on distance indicator: 19.0
   Increment on tard indicator:     0.0
   Value of tmax indicator:         19.0

Task for patient = 144 with skills = {4,-1} and cost = 514.3
   Vehicle #0 = 30, leaving at = 718.0
   Vehicle #1 = -1, leaving at = inf
   Increment on distance indicator: 9.0
   Increment on tard indicator:     0.0
   Value of tmax indicator:         9.0

Task for patient = 29 with skills = {0,-1} and cost = 515.0
   Vehicle #0 = 12, leaving at = 719.0
   Vehicle #1 = -1, leaving at = inf
   Increment on distance indicator: 2.0
   Increment on tard indicator:     0.0
   Value of tmax indicator:         2.0

Task for patient = 69 with skills = {3,-1} and cost = 517.0
   Vehicle #0 = 20, leaving at = 883.0
   Vehicle #1 = -1, leaving at = inf
   Increment on distance indicator: 6.0
   Increment on tard indicator:     0.0
   Value of tmax indicator:         6.0

Task for patient = 79 with skills = {4,-1} and cost = 518.0
   Vehicle #0 = 22, leaving at = 813.0
   Vehicle #1 = -1, leaving at = inf
   Increment on distance indicator: 3.0
   Increment on tard indicator:     0.0
   Value of tmax indicator:         3.0

Task for patient = 170 with skills = {0,-1} and cost = 519.3
   Vehicle #0 = 15, leaving at = 769.0
   Vehicle #1 = -1, leaving at = inf
   Increment on distance indicator: 4.0
   Increment on tard indicator:     0.0
   Value of tmax indicator:         4.0

Task for patient = 135 with skills = {0,-1} and cost = 521.3
   Vehicle #0 = 4, leaving at = 758.0
   Vehicle #1 = -1, leaving at = inf
   Increment on distance indicator: 6.0
   Increment on tard indicator:     0.0
   Value of tmax indicator:         6.0

Task for patient = 18 with skills = {1,-1} and cost = 522.7
   Vehicle #0 = 13, leaving at = 820.0
   Vehicle #1 = -1, leaving at = inf
   Increment on distance indicator: 4.0
   Increment on tard indicator:     0.0
   Value of tmax indicator:         4.0

Task for patient = 157 with skills = {1,-1} and cost = 550.3
   Vehicle #0 = 10, leaving at = 817.0
   Vehicle #1 = -1, leaving at = inf
   Increment on distance indicator: 1.0
   Increment on tard indicator:     0.0
   Value of tmax indicator:         1.0

Task for patient = 133 with skills = {2,-1} and cost = 527.0
   Vehicle #0 = 15, leaving at = 831.0
   Vehicle #1 = -1, leaving at = inf
   Increment on distance indicator: 4.0
   Increment on tard indicator:     0.0
   Value of tmax indicator:         4.0

Task for patient = 161 with skills = {0,5} and cost = 531.7
   Vehicle #0 = 4, leaving at = 821.0
   Vehicle #1 = 30, leaving at = 795.0
   Increment on distance indicator: 14.0
   Increment on tard indicator:     0.0
   Value of tmax indicator:         14.0

Task for patient = 140 with skills = {3,-1} and cost = 532.7
   Vehicle #0 = 26, leaving at = 877.0
   Vehicle #1 = -1, leaving at = inf
   Increment on distance indicator: 3.0
   Increment on tard indicator:     0.0
   Value of tmax indicator:         3.0

Task for patient = 111 with skills = {4,-1} and cost = 533.7
   Vehicle #0 = 30, leaving at = 851.0
   Vehicle #1 = -1, leaving at = inf
   Increment on distance indicator: 3.0
   Increment on tard indicator:     0.0
   Value of tmax indicator:         3.0

Task for patient = 162 with skills = {1,-1} and cost = 537.3
   Vehicle #0 = 10, leaving at = 736.0
   Vehicle #1 = -1, leaving at = inf
   Increment on distance indicator: 11.0
   Increment on tard indicator:     0.0
   Value of tmax indicator:         11.0

Task for patient = 130 with skills = {0,-1} and cost = 538.3
   Vehicle #0 = 10, leaving at = 783.0
   Vehicle #1 = -1, leaving at = inf
   Increment on distance indicator: 3.0
   Increment on tard indicator:     0.0
   Value of tmax indicator:         3.0

Task for patient = 100 with skills = {1,5} and cost = 539.3
   Vehicle #0 = 3, leaving at = 882.0
   Vehicle #1 = 24, leaving at = 911.0
   Increment on distance indicator: 3.0
   Increment on tard indicator:     0.0
   Value of tmax indicator:         3.0

Task for patient = 74 with skills = {2,-1} and cost = 540.3
   Vehicle #0 = 1, leaving at = 916.0
   Vehicle #1 = -1, leaving at = inf
   Increment on distance indicator: 3.0
   Increment on tard indicator:     0.0
   Value of tmax indicator:         3.0

Task for patient = 101 with skills = {1,-1} and cost = 542.0
   Vehicle #0 = 11, leaving at = 796.0
   Vehicle #1 = -1, leaving at = inf
   Increment on distance indicator: 5.0
   Increment on tard indicator:     0.0
   Value of tmax indicator:         5.0

Task for patient = 96 with skills = {2,5} and cost = 546.3
   Vehicle #0 = 14, leaving at = 855.0
   Vehicle #1 = 21, leaving at = 878.0
   Increment on distance indicator: 13.0
   Increment on tard indicator:     0.0
   Value of tmax indicator:         13.0

Task for patient = 13 with skills = {5,-1} and cost = 547.3
   Vehicle #0 = 24, leaving at = 950.0
   Vehicle #1 = -1, leaving at = inf
   Increment on distance indicator: 3.0
   Increment on tard indicator:     0.0
   Value of tmax indicator:         3.0

Task for patient = 198 with skills = {0,4} and cost = 550.0
   Vehicle #0 = 5, leaving at = 858.0
   Vehicle #1 = 28, leaving at = 877.0
   Increment on distance indicator: 8.0
   Increment on tard indicator:     0.0
   Value of tmax indicator:         8.0

Task for patient = 73 with skills = {2,5} and cost = 525.7
   Vehicle #0 = 12, leaving at = 811.0
   Vehicle #1 = 29, leaving at = 823.0
   Increment on distance indicator: 9.0
   Increment on tard indicator:     0.0
   Value of tmax indicator:         9.0

Task for patient = 142 with skills = {0,5} and cost = 642.0
   Vehicle #0 = 4, leaving at = 1060.0
   Vehicle #1 = 20, leaving at = 1069.0
   Increment on distance indicator: 7.0
   Increment on tard indicator:     0.0
   Value of tmax indicator:         7.0

Task for patient = 59 with skills = {0,-1} and cost = 643.3
   Vehicle #0 = 2, leaving at = 997.0
   Vehicle #1 = -1, leaving at = inf
   Increment on distance indicator: 4.0
   Increment on tard indicator:     0.0
   Value of tmax indicator:         4.0

Task for patient = 62 with skills = {5,-1} and cost = 646.0
   Vehicle #0 = 29, leaving at = 986.0
   Vehicle #1 = -1, leaving at = inf
   Increment on distance indicator: 8.0
   Increment on tard indicator:     0.0
   Value of tmax indicator:         8.0

Task for patient = 139 with skills = {4,-1} and cost = 649.3
   Vehicle #0 = 30, leaving at = 1004.0
   Vehicle #1 = -1, leaving at = inf
   Increment on distance indicator: 10.0
   Increment on tard indicator:     0.0
   Value of tmax indicator:         10.0

Task for patient = 143 with skills = {0,-1} and cost = 651.0
   Vehicle #0 = 15, leaving at = 1026.0
   Vehicle #1 = -1, leaving at = inf
   Increment on distance indicator: 5.0
   Increment on tard indicator:     0.0
   Value of tmax indicator:         5.0

Task for patient = 77 with skills = {3,-1} and cost = 652.3
   Vehicle #0 = 23, leaving at = 1023.0
   Vehicle #1 = -1, leaving at = inf
   Increment on distance indicator: 4.0
   Increment on tard indicator:     0.0
   Value of tmax indicator:         4.0

Task for patient = 94 with skills = {5,-1} and cost = 652.7
   Vehicle #0 = 27, leaving at = 948.0
   Vehicle #1 = -1, leaving at = inf
   Increment on distance indicator: 1.0
   Increment on tard indicator:     0.0
   Value of tmax indicator:         1.0

Task for patient = 160 with skills = {5,-1} and cost = 654.7
   Vehicle #0 = 37, leaving at = 861.0
   Vehicle #1 = -1, leaving at = inf
   Increment on distance indicator: 6.0
   Increment on tard indicator:     0.0
   Value of tmax indicator:         6.0

Task for patient = 195 with skills = {1,3} and cost = 657.7
   Vehicle #0 = 14, leaving at = 1057.0
   Vehicle #1 = 26, leaving at = 1082.0
   Increment on distance indicator: 9.0
   Increment on tard indicator:     0.0
   Value of tmax indicator:         9.0

Task for patient = 42 with skills = {1,-1} and cost = 658.7
   Vehicle #0 = 13, leaving at = 971.0
   Vehicle #1 = -1, leaving at = inf
   Increment on distance indicator: 3.0
   Increment on tard indicator:     0.0
   Value of tmax indicator:         3.0

Task for patient = 132 with skills = {3,-1} and cost = 661.7
   Vehicle #0 = 25, leaving at = 1003.0
   Vehicle #1 = -1, leaving at = inf
   Increment on distance indicator: 9.0
   Increment on tard indicator:     0.0
   Value of tmax indicator:         9.0

Task for patient = 11 with skills = {0,-1} and cost = 591.0
   Vehicle #0 = 3, leaving at = 907.0
   Vehicle #1 = -1, leaving at = inf
   Increment on distance indicator: 1.0
   Increment on tard indicator:     0.0
   Value of tmax indicator:         1.0

Task for patient = 36 with skills = {2,-1} and cost = 665.0
   Vehicle #0 = 9, leaving at = 944.0
   Vehicle #1 = -1, leaving at = inf
   Increment on distance indicator: 4.0
   Increment on tard indicator:     0.0
   Value of tmax indicator:         4.0

Task for patient = 58 with skills = {1,4} and cost = 667.7
   Vehicle #0 = 4, leaving at = 1099.0
   Vehicle #1 = 20, leaving at = 1107.0
   Increment on distance indicator: 8.0
   Increment on tard indicator:     0.0
   Value of tmax indicator:         8.0

Task for patient = 114 with skills = {0,-1} and cost = 670.0
   Vehicle #0 = 0, leaving at = 1007.0
   Vehicle #1 = -1, leaving at = inf
   Increment on distance indicator: 7.0
   Increment on tard indicator:     0.0
   Value of tmax indicator:         7.0

Task for patient = 181 with skills = {5,-1} and cost = 671.7
   Vehicle #0 = 21, leaving at = 1010.0
   Vehicle #1 = -1, leaving at = inf
   Increment on distance indicator: 5.0
   Increment on tard indicator:     0.0
   Value of tmax indicator:         5.0

Task for patient = 70 with skills = {2,-1} and cost = 674.0
   Vehicle #0 = 2, leaving at = 1054.0
   Vehicle #1 = -1, leaving at = inf
   Increment on distance indicator: 7.0
   Increment on tard indicator:     0.0
   Value of tmax indicator:         7.0

Task for patient = 183 with skills = {4,-1} and cost = 675.7
   Vehicle #0 = 22, leaving at = 992.0
   Vehicle #1 = -1, leaving at = inf
   Increment on distance indicator: 5.0
   Increment on tard indicator:     0.0
   Value of tmax indicator:         5.0

Task for patient = 163 with skills = {2,4} and cost = 679.3
   Vehicle #0 = 1, leaving at = 1057.0
   Vehicle #1 = 23, leaving at = 1061.0
   Increment on distance indicator: 11.0
   Increment on tard indicator:     0.0
   Value of tmax indicator:         11.0

Task for patient = 118 with skills = {1,-1} and cost = 680.3
   Vehicle #0 = 10, leaving at = 1054.0
   Vehicle #1 = -1, leaving at = inf
   Increment on distance indicator: 3.0
   Increment on tard indicator:     0.0
   Value of tmax indicator:         3.0

Task for patient = 20 with skills = {1,5} and cost = 684.3
   Vehicle #0 = 3, leaving at = 1020.0
   Vehicle #1 = 27, leaving at = 1047.0
   Increment on distance indicator: 12.0
   Increment on tard indicator:     0.0
   Value of tmax indicator:         12.0

Task for patient = 95 with skills = {2,-1} and cost = 686.0
   Vehicle #0 = 8, leaving at = 1023.0
   Vehicle #1 = -1, leaving at = inf
   Increment on distance indicator: 5.0
   Increment on tard indicator:     0.0
   Value of tmax indicator:         5.0

Task for patient = 7 with skills = {2,-1} and cost = 687.7
   Vehicle #0 = 12, leaving at = 921.0
   Vehicle #1 = -1, leaving at = inf
   Increment on distance indicator: 5.0
   Increment on tard indicator:     0.0
   Value of tmax indicator:         5.0

Task for patient = 189 with skills = {1,4} and cost = 691.7
   Vehicle #0 = 13, leaving at = 1039.0
   Vehicle #1 = 21, leaving at = 1068.0
   Increment on distance indicator: 12.0
   Increment on tard indicator:     0.0
   Value of tmax indicator:         12.0

Task for patient = 41 with skills = {3,-1} and cost = 663.7
   Vehicle #0 = 27, leaving at = 978.0
   Vehicle #1 = -1, leaving at = inf
   Increment on distance indicator: 6.0
   Increment on tard indicator:     0.0
   Value of tmax indicator:         6.0

Task for patient = 89 with skills = {5,-1} and cost = 593.0
   Vehicle #0 = 28, leaving at = 966.0
   Vehicle #1 = -1, leaving at = inf
   Increment on distance indicator: 6.0
   Increment on tard indicator:     0.0
   Value of tmax indicator:         6.0

Task for patient = 166 with skills = {1,-1} and cost = 594.3
   Vehicle #0 = 11, leaving at = 857.0
   Vehicle #1 = -1, leaving at = inf
   Increment on distance indicator: 4.0
   Increment on tard indicator:     0.0
   Value of tmax indicator:         4.0

Task for patient = 53 with skills = {4,-1} and cost = 594.7
   Vehicle #0 = 22, leaving at = 958.0
   Vehicle #1 = -1, leaving at = inf
   Increment on distance indicator: 1.0
   Increment on tard indicator:     0.0
   Value of tmax indicator:         1.0

Task for patient = 128 with skills = {3,-1} and cost = 595.3
   Vehicle #0 = 28, leaving at = 1000.0
   Vehicle #1 = -1, leaving at = inf
   Increment on distance indicator: 2.0
   Increment on tard indicator:     0.0
   Value of tmax indicator:         2.0

Task for patient = 171 with skills = {1,4} and cost = 598.0
   Vehicle #0 = 2, leaving at = 960.0
   Vehicle #1 = 30, leaving at = 978.0
   Increment on distance indicator: 8.0
   Increment on tard indicator:     0.0
   Value of tmax indicator:         8.0

Task for patient = 19 with skills = {1,-1} and cost = 598.7
   Vehicle #0 = 10, leaving at = 941.0
   Vehicle #1 = -1, leaving at = inf
   Increment on distance indicator: 2.0
   Increment on tard indicator:     0.0
   Value of tmax indicator:         2.0

Task for patient = 16 with skills = {0,-1} and cost = 602.3
   Vehicle #0 = 15, leaving at = 984.0
   Vehicle #1 = -1, leaving at = inf
   Increment on distance indicator: 11.0
   Increment on tard indicator:     0.0
   Value of tmax indicator:         11.0

Task for patient = 35 with skills = {2,-1} and cost = 604.0
   Vehicle #0 = 5, leaving at = 911.0
   Vehicle #1 = -1, leaving at = inf
   Increment on distance indicator: 5.0
   Increment on tard indicator:     0.0
   Value of tmax indicator:         5.0

Task for patient = 44 with skills = {4,-1} and cost = 605.0
   Vehicle #0 = 27, leaving at = 782.0
   Vehicle #1 = -1, leaving at = inf
   Increment on distance indicator: 3.0
   Increment on tard indicator:     0.0
   Value of tmax indicator:         3.0

Task for patient = 37 with skills = {2,-1} and cost = 606.3
   Vehicle #0 = 3, leaving at = 936.0
   Vehicle #1 = -1, leaving at = inf
   Increment on distance indicator: 4.0
   Increment on tard indicator:     0.0
   Value of tmax indicator:         4.0

Task for patient = 9 with skills = {4,-1} and cost = 608.7
   Vehicle #0 = 26, leaving at = 926.0
   Vehicle #1 = -1, leaving at = inf
   Increment on distance indicator: 7.0
   Increment on tard indicator:     0.0
   Value of tmax indicator:         7.0

Task for patient = 48 with skills = {0,3} and cost = 613.3
   Vehicle #0 = 0, leaving at = 969.0
   Vehicle #1 = 25, leaving at = 973.0
   Increment on distance indicator: 14.0
   Increment on tard indicator:     0.0
   Value of tmax indicator:         14.0

Task for patient = 174 with skills = {1,5} and cost = 639.7
   Vehicle #0 = 14, leaving at = 1029.0
   Vehicle #1 = 28, leaving at = 1066.0
   Increment on distance indicator: 6.0
   Increment on tard indicator:     0.0
   Value of tmax indicator:         6.0

Task for patient = 49 with skills = {2,-1} and cost = 617.0
   Vehicle #0 = 11, leaving at = 890.0
   Vehicle #1 = -1, leaving at = inf
   Increment on distance indicator: 8.0
   Increment on tard indicator:     0.0
   Value of tmax indicator:         8.0

Task for patient = 22 with skills = {2,-1} and cost = 618.7
   Vehicle #0 = 11, leaving at = 954.0
   Vehicle #1 = -1, leaving at = inf
   Increment on distance indicator: 5.0
   Increment on tard indicator:     0.0
   Value of tmax indicator:         5.0

Task for patient = 155 with skills = {1,-1} and cost = 621.0
   Vehicle #0 = 14, leaving at = 998.0
   Vehicle #1 = -1, leaving at = inf
   Increment on distance indicator: 7.0
   Increment on tard indicator:     0.0
   Value of tmax indicator:         7.0

Task for patient = 152 with skills = {0,5} and cost = 623.0
   Vehicle #0 = 10, leaving at = 1000.0
   Vehicle #1 = 21, leaving at = 975.0
   Increment on distance indicator: 6.0
   Increment on tard indicator:     0.0
   Value of tmax indicator:         6.0

Task for patient = 25 with skills = {1,4} and cost = 625.7
   Vehicle #0 = 13, leaving at = 952.0
   Vehicle #1 = 23, leaving at = 985.0
   Increment on distance indicator: 8.0
   Increment on tard indicator:     0.0
   Value of tmax indicator:         8.0

Task for patient = 158 with skills = {0,-1} and cost = 626.7
   Vehicle #0 = 12, leaving at = 868.0
   Vehicle #1 = -1, leaving at = inf
   Increment on distance indicator: 3.0
   Increment on tard indicator:     0.0
   Value of tmax indicator:         3.0

Task for patient = 113 with skills = {5,-1} and cost = 630.3
   Vehicle #0 = 29, leaving at = 900.0
   Vehicle #1 = -1, leaving at = inf
   Increment on distance indicator: 11.0
   Increment on tard indicator:     0.0
   Value of tmax indicator:         11.0

Task for patient = 75 with skills = {0,-1} and cost = 632.3
   Vehicle #0 = 3, leaving at = 980.0
   Vehicle #1 = -1, leaving at = inf
   Increment on distance indicator: 6.0
   Increment on tard indicator:     0.0
   Value of tmax indicator:         6.0

Task for patient = 187 with skills = {2,5} and cost = 634.3
   Vehicle #0 = 8, leaving at = 998.0
   Vehicle #1 = 20, leaving at = 1020.0
   Increment on distance indicator: 6.0
   Increment on tard indicator:     0.0
   Value of tmax indicator:         6.0

Task for patient = 199 with skills = {5,-1} and cost = 636.0
   Vehicle #0 = 35, leaving at = 972.0
   Vehicle #1 = -1, leaving at = inf
   Increment on distance indicator: 5.0
   Increment on tard indicator:     0.0
   Value of tmax indicator:         5.0

Task for patient = 196 with skills = {5,-1} and cost = 637.0
   Vehicle #0 = 24, leaving at = 1067.0
   Vehicle #1 = -1, leaving at = inf
   Increment on distance indicator: 3.0
   Increment on tard indicator:     0.0
   Value of tmax indicator:         3.0

Task for patient = 106 with skills = {4,-1} and cost = 637.7
   Vehicle #0 = 27, leaving at = 905.0
   Vehicle #1 = -1, leaving at = inf
   Increment on distance indicator: 2.0
   Increment on tard indicator:     0.0
   Value of tmax indicator:         2.0

Task for patient = 46 with skills = {4,-1} and cost = 614.3
   Vehicle #0 = 23, leaving at = 944.0
   Vehicle #1 = -1, leaving at = inf
   Increment on distance indicator: 3.0
   Increment on tard indicator:     0.0
   Value of tmax indicator:         3.0

Task for patient = 72 with skills = {2,-1} and cost = 220.7
   Vehicle #0 = 4, leaving at = 704.0
   Vehicle #1 = -1, leaving at = inf
   Increment on distance indicator: 16.0
   Increment on tard indicator:     0.0
   Value of tmax indicator:         16.0

Task for patient = 145 with skills = {3,-1} and cost = 223.7
   Vehicle #0 = 27, leaving at = 604.0
   Vehicle #1 = -1, leaving at = inf
   Increment on distance indicator: 9.0
   Increment on tard indicator:     0.0
   Value of tmax indicator:         9.0

Task for patient = 4 with skills = {0,4} and cost = 230.0
   Vehicle #0 = 10, leaving at = 634.0
   Vehicle #1 = 27, leaving at = 636.0
   Increment on distance indicator: 19.0
   Increment on tard indicator:     0.0
   Value of tmax indicator:         19.0

Task for patient = 15 with skills = {4,-1} and cost = 232.7
   Vehicle #0 = 26, leaving at = 683.0
   Vehicle #1 = -1, leaving at = inf
   Increment on distance indicator: 8.0
   Increment on tard indicator:     0.0
   Value of tmax indicator:         8.0

Task for patient = 55 with skills = {1,5} and cost = 257.3
   Vehicle #0 = 11, leaving at = 564.0
   Vehicle #1 = 28, leaving at = 531.0
   Increment on distance indicator: 74.0
   Increment on tard indicator:     0.0
   Value of tmax indicator:         74.0

Task for patient = 97 with skills = {0,-1} and cost = 268.0
   Vehicle #0 = 5, leaving at = 537.0
   Vehicle #1 = -1, leaving at = inf
   Increment on distance indicator: 32.0
   Increment on tard indicator:     0.0
   Value of tmax indicator:         32.0

Task for patient = 78 with skills = {3,-1} and cost = 271.3
   Vehicle #0 = 28, leaving at = 581.0
   Vehicle #1 = -1, leaving at = inf
   Increment on distance indicator: 10.0
   Increment on tard indicator:     0.0
   Value of tmax indicator:         10.0

Task for patient = 147 with skills = {0,3} and cost = 274.7
   Vehicle #0 = 0, leaving at = 693.0
   Vehicle #1 = 25, leaving at = 722.0
   Increment on distance indicator: 10.0
   Increment on tard indicator:     0.0
   Value of tmax indicator:         10.0

Task for patient = 173 with skills = {0,5} and cost = 279.0
   Vehicle #0 = 5, leaving at = 609.0
   Vehicle #1 = 28, leaving at = 646.0
   Increment on distance indicator: 13.0
   Increment on tard indicator:     0.0
   Value of tmax indicator:         13.0

Task for patient = 56 with skills = {1,4} and cost = 285.0
   Vehicle #0 = 11, leaving at = 640.0
   Vehicle #1 = 28, leaving at = 680.0
   Increment on distance indicator: 18.0
   Increment on tard indicator:     0.0
   Value of tmax indicator:         18.0

Task for patient = 57 with skills = {2,5} and cost = 307.0
   Vehicle #0 = 8, leaving at = 531.0
   Vehicle #1 = 29, leaving at = 536.0
   Increment on distance indicator: 66.0
   Increment on tard indicator:     0.0
   Value of tmax indicator:         66.0

Task for patient = 190 with skills = {4,-1} and cost = 498.7
   Vehicle #0 = 20, leaving at = 817.0
   Vehicle #1 = -1, leaving at = inf
   Increment on distance indicator: 3.0
   Increment on tard indicator:     0.0
   Value of tmax indicator:         3.0

Task for patient = 164 with skills = {0,3} and cost = 309.7
   Vehicle #0 = 0, leaving at = 777.0
   Vehicle #1 = 25, leaving at = 742.0
   Increment on distance indicator: 6.0
   Increment on tard indicator:     0.0
   Value of tmax indicator:         6.0

Task for patient = 81 with skills = {4,-1} and cost = 310.7
   Vehicle #0 = 21, leaving at = 798.0
   Vehicle #1 = -1, leaving at = inf
   Increment on distance indicator: 3.0
   Increment on tard indicator:     0.0
   Value of tmax indicator:         3.0

Task for patient = 197 with skills = {3,-1} and cost = 321.0
   Vehicle #0 = 35, leaving at = 549.0
   Vehicle #1 = -1, leaving at = inf
   Increment on distance indicator: 31.0
   Increment on tard indicator:     0.0
   Value of tmax indicator:         31.0

Task for patient = 93 with skills = {1,4} and cost = 334.7
   Vehicle #0 = 13, leaving at = 586.0
   Vehicle #1 = 35, leaving at = 584.0
   Increment on distance indicator: 41.0
   Increment on tard indicator:     0.0
   Value of tmax indicator:         41.0

Task for patient = 184 with skills = {0,-1} and cost = 335.3
   Vehicle #0 = 5, leaving at = 658.0
   Vehicle #1 = -1, leaving at = inf
   Increment on distance indicator: 2.0
   Increment on tard indicator:     0.0
   Value of tmax indicator:         2.0

Task for patient = 134 with skills = {1,3} and cost = 337.3
   Vehicle #0 = 2, leaving at = 759.0
   Vehicle #1 = 23, leaving at = 759.0
   Increment on distance indicator: 6.0
   Increment on tard indicator:     0.0
   Value of tmax indicator:         6.0

Task for patient = 116 with skills = {4,-1} and cost = 338.0
   Vehicle #0 = 27, leaving at = 712.0
   Vehicle #1 = -1, leaving at = inf
   Increment on distance indicator: 2.0
   Increment on tard indicator:     0.0
   Value of tmax indicator:         2.0

Task for patient = 105 with skills = {5,-1} and cost = 339.7
   Vehicle #0 = 35, leaving at = 637.0
   Vehicle #1 = -1, leaving at = inf
   Increment on distance indicator: 5.0
   Increment on tard indicator:     0.0
   Value of tmax indicator:         5.0

Task for patient = 10 with skills = {2,3} and cost = 348.3
   Vehicle #0 = 9, leaving at = 645.0
   Vehicle #1 = 37, leaving at = 629.0
   Increment on distance indicator: 26.0
   Increment on tard indicator:     0.0
   Value of tmax indicator:         26.0

Task for patient = 3 with skills = {4,-1} and cost = 352.0
   Vehicle #0 = 25, leaving at = 802.0
   Vehicle #1 = -1, leaving at = inf
   Increment on distance indicator: 11.0
   Increment on tard indicator:     0.0
   Value of tmax indicator:         11.0

Task for patient = 172 with skills = {2,4} and cost = 355.3
   Vehicle #0 = 5, leaving at = 708.0
   Vehicle #1 = 26, leaving at = 728.0
   Increment on distance indicator: 10.0
   Increment on tard indicator:     0.0
   Value of tmax indicator:         10.0

Task for patient = 66 with skills = {5,-1} and cost = 307.7
   Vehicle #0 = 27, leaving at = 659.0
   Vehicle #1 = -1, leaving at = inf
   Increment on distance indicator: 2.0
   Increment on tard indicator:     0.0
   Value of tmax indicator:         2.0

Task for patient = 175 with skills = {3,-1} and cost = 11.3
   Vehicle #0 = 20, leaving at = 554.0
   Vehicle #1 = -1, leaving at = inf
   Increment on distance indicator: 34.0
   Increment on tard indicator:     0.0
   Value of tmax indicator:         34.0

Task for patient = 154 with skills = {2,-1} and cost = 23.0
   Vehicle #0 = 1, leaving at = 591.0
   Vehicle #1 = -1, leaving at = inf
   Increment on distance indicator: 35.0
   Increment on tard indicator:     0.0
   Value of tmax indicator:         35.0

Task for patient = 119 with skills = {2,4} and cost = 25.3
   Vehicle #0 = 1, leaving at = 648.0
   Vehicle #1 = 20, leaving at = 651.0
   Increment on distance indicator: 7.0
   Increment on tard indicator:     0.0
   Value of tmax indicator:         7.0

Task for patient = 122 with skills = {2,4} and cost = 30.7
   Vehicle #0 = 1, leaving at = 698.0
   Vehicle #1 = 20, leaving at = 726.0
   Increment on distance indicator: 16.0
   Increment on tard indicator:     0.0
   Value of tmax indicator:         16.0

Task for patient = 98 with skills = {0,-1} and cost = 45.3
   Vehicle #0 = 0, leaving at = 531.0
   Vehicle #1 = -1, leaving at = inf
   Increment on distance indicator: 44.0
   Increment on tard indicator:     0.0
   Value of tmax indicator:         44.0

Task for patient = 50 with skills = {2,3} and cost = 68.0
   Vehicle #0 = 2, leaving at = 527.0
   Vehicle #1 = 23, leaving at = 530.0
   Increment on distance indicator: 68.0
   Increment on tard indicator:     0.0
   Value of tmax indicator:         68.0

Task for patient = 146 with skills = {3,-1} and cost = 68.7
   Vehicle #0 = 23, leaving at = 581.0
   Vehicle #1 = -1, leaving at = inf
   Increment on distance indicator: 2.0
   Increment on tard indicator:     0.0
   Value of tmax indicator:         2.0

Task for patient = 52 with skills = {1,3} and cost = 72.0
   Vehicle #0 = 1, leaving at = 727.0
   Vehicle #1 = 20, leaving at = 789.0
   Increment on distance indicator: 10.0
   Increment on tard indicator:     0.0
   Value of tmax indicator:         10.0

Task for patient = 103 with skills = {1,-1} and cost = 73.3
   Vehicle #0 = 2, leaving at = 568.0
   Vehicle #1 = -1, leaving at = inf
   Increment on distance indicator: 4.0
   Increment on tard indicator:     0.0
   Value of tmax indicator:         4.0

Task for patient = 182 with skills = {2,4} and cost = 75.3
   Vehicle #0 = 2, leaving at = 635.0
   Vehicle #1 = 23, leaving at = 632.0
   Increment on distance indicator: 6.0
   Increment on tard indicator:     0.0
   Value of tmax indicator:         6.0

Task for patient = 23 with skills = {4,-1} and cost = 77.0
   Vehicle #0 = 23, leaving at = 688.0
   Vehicle #1 = -1, leaving at = inf
   Increment on distance indicator: 5.0
   Increment on tard indicator:     0.0
   Value of tmax indicator:         5.0

Task for patient = 129 with skills = {1,-1} and cost = 215.3
   Vehicle #0 = 10, leaving at = 553.0
   Vehicle #1 = -1, leaving at = inf
   Increment on distance indicator: 38.0
   Increment on tard indicator:     0.0
   Value of tmax indicator:         38.0

Task for patient = 112 with skills = {0,4} and cost = 97.3
   Vehicle #0 = 2, leaving at = 723.0
   Vehicle #1 = 23, leaving at = 718.0
   Increment on distance indicator: 13.0
   Increment on tard indicator:     0.0
   Value of tmax indicator:         13.0

Task for patient = 88 with skills = {1,5} and cost = 130.0
   Vehicle #0 = 3, leaving at = 559.0
   Vehicle #1 = 24, leaving at = 590.0
   Increment on distance indicator: 98.0
   Increment on tard indicator:     0.0
   Value of tmax indicator:         98.0

Task for patient = 1 with skills = {3,-1} and cost = 146.3
   Vehicle #0 = 25, leaving at = 529.0
   Vehicle #1 = -1, leaving at = inf
   Increment on distance indicator: 49.0
   Increment on tard indicator:     0.0
   Value of tmax indicator:         49.0

Task for patient = 124 with skills = {0,-1} and cost = 147.0
   Vehicle #0 = 3, leaving at = 613.0
   Vehicle #1 = -1, leaving at = inf
   Increment on distance indicator: 2.0
   Increment on tard indicator:     0.0
   Value of tmax indicator:         2.0

Task for patient = 120 with skills = {2,4} and cost = 149.7
   Vehicle #0 = 3, leaving at = 673.0
   Vehicle #1 = 25, leaving at = 652.0
   Increment on distance indicator: 8.0
   Increment on tard indicator:     0.0
   Value of tmax indicator:         8.0

Task for patient = 200 with skills = {0,3} and cost = 165.7
   Vehicle #0 = 0, leaving at = 569.0
   Vehicle #1 = 26, leaving at = 585.0
   Increment on distance indicator: 48.0
   Increment on tard indicator:     0.0
   Value of tmax indicator:         48.0

Task for patient = 137 with skills = {0,5} and cost = 167.7
   Vehicle #0 = 0, leaving at = 616.0
   Vehicle #1 = 24, leaving at = 664.0
   Increment on distance indicator: 6.0
   Increment on tard indicator:     0.0
   Value of tmax indicator:         6.0

Task for patient = 68 with skills = {2,5} and cost = 169.3
   Vehicle #0 = 3, leaving at = 722.0
   Vehicle #1 = 24, leaving at = 716.0
   Increment on distance indicator: 5.0
   Increment on tard indicator:     0.0
   Value of tmax indicator:         5.0

Task for patient = 193 with skills = {0,3} and cost = 186.7
   Vehicle #0 = 4, leaving at = 650.0
   Vehicle #1 = 26, leaving at = 647.0
   Increment on distance indicator: 52.0
   Increment on tard indicator:     0.0
   Value of tmax indicator:         52.0

Task for patient = 6 with skills = {5,-1} and cost = 189.3
   Vehicle #0 = 21, leaving at = 732.0
   Vehicle #1 = -1, leaving at = inf
   Increment on distance indicator: 8.0
   Increment on tard indicator:     0.0
   Value of tmax indicator:         8.0

Task for patient = 127 with skills = {5,-1} and cost = 190.7
   Vehicle #0 = 25, leaving at = 682.0
   Vehicle #1 = -1, leaving at = inf
   Increment on distance indicator: 4.0
   Increment on tard indicator:     0.0
   Value of tmax indicator:         4.0

Task for patient = 27 with skills = {5,-1} and cost = 202.7
   Vehicle #0 = 27, leaving at = 571.0
   Vehicle #1 = -1, leaving at = inf
   Increment on distance indicator: 36.0
   Increment on tard indicator:     0.0
   Value of tmax indicator:         36.0

Task for patient = 107 with skills = {2,4} and cost = 93.0
   Vehicle #0 = 2, leaving at = 660.0
   Vehicle #1 = 21, leaving at = 699.0
   Increment on distance indicator: 48.0
   Increment on tard indicator:     0.0
   Value of tmax indicator:         48.0

Task for patient = 67 with skills = {3,-1} and cost = 442.7
   Vehicle #0 = 35, leaving at = 782.0
   Vehicle #1 = -1, leaving at = inf
   Increment on distance indicator: 3.0
   Increment on tard indicator:     0.0
   Value of tmax indicator:         3.0

Task for patient = 92 with skills = {1,-1} and cost = 443.7
   Vehicle #0 = 13, leaving at = 747.0
   Vehicle #1 = -1, leaving at = inf
   Increment on distance indicator: 3.0
   Increment on tard indicator:     0.0
   Value of tmax indicator:         3.0

Task for patient = 165 with skills = {1,-1} and cost = 445.0
   Vehicle #0 = 11, leaving at = 755.0
   Vehicle #1 = -1, leaving at = inf
   Increment on distance indicator: 4.0
   Increment on tard indicator:     0.0
   Value of tmax indicator:         4.0

Task for patient = 108 with skills = {2,3} and cost = 448.7
   Vehicle #0 = 8, leaving at = 822.0
   Vehicle #1 = 35, leaving at = 844.0
   Increment on distance indicator: 11.0
   Increment on tard indicator:     0.0
   Value of tmax indicator:         11.0

Task for patient = 85 with skills = {0,-1} and cost = 450.3
   Vehicle #0 = 10, leaving at = 676.0
   Vehicle #1 = -1, leaving at = inf
   Increment on distance indicator: 5.0
   Increment on tard indicator:     0.0
   Value of tmax indicator:         5.0

Task for patient = 150 with skills = {1,-1} and cost = 465.7
   Vehicle #0 = 15, leaving at = 574.0
   Vehicle #1 = -1, leaving at = inf
   Increment on distance indicator: 46.0
   Increment on tard indicator:     0.0
   Value of tmax indicator:         46.0

Task for patient = 83 with skills = {2,-1} and cost = 466.0
   Vehicle #0 = 15, leaving at = 602.0
   Vehicle #1 = -1, leaving at = inf
   Increment on distance indicator: 1.0
   Increment on tard indicator:     0.0
   Value of tmax indicator:         1.0

Task for patient = 91 with skills = {4,-1} and cost = 467.0
   Vehicle #0 = 28, leaving at = 730.0
   Vehicle #1 = -1, leaving at = inf
   Increment on distance indicator: 3.0
   Increment on tard indicator:     0.0
   Value of tmax indicator:         3.0

Task for patient = 87 with skills = {5,-1} and cost = 478.7
   Vehicle #0 = 30, leaving at = 527.0
   Vehicle #1 = -1, leaving at = inf
   Increment on distance indicator: 35.0
   Increment on tard indicator:     0.0
   Value of tmax indicator:         35.0

Task for patient = 138 with skills = {1,-1} and cost = 480.0
   Vehicle #0 = 15, leaving at = 656.0
   Vehicle #1 = -1, leaving at = inf
   Increment on distance indicator: 4.0
   Increment on tard indicator:     0.0
   Value of tmax indicator:         4.0

Task for patient = 40 with skills = {3,-1} and cost = 481.3
   Vehicle #0 = 26, leaving at = 816.0
   Vehicle #1 = -1, leaving at = inf
   Increment on distance indicator: 4.0
   Increment on tard indicator:     0.0
   Value of tmax indicator:         4.0

Task for patient = 14 with skills = {5,-1} and cost = 356.7
   Vehicle #0 = 24, leaving at = 753.0
   Vehicle #1 = -1, leaving at = inf
   Increment on distance indicator: 4.0
   Increment on tard indicator:     0.0
   Value of tmax indicator:         4.0

Task for patient = 60 with skills = {2,5} and cost = 488.0
   Vehicle #0 = 12, leaving at = 691.0
   Vehicle #1 = 30, leaving at = 673.0
   Increment on distance indicator: 16.0
   Increment on tard indicator:     0.0
   Value of tmax indicator:         16.0

Task for patient = 64 with skills = {0,5} and cost = 489.3
   Vehicle #0 = 14, leaving at = 772.0
   Vehicle #1 = 29, leaving at = 774.0
   Increment on distance indicator: 4.0
   Increment on tard indicator:     0.0
   Value of tmax indicator:         4.0

Task for patient = 178 with skills = {1,-1} and cost = 490.0
   Vehicle #0 = 13, leaving at = 799.0
   Vehicle #1 = -1, leaving at = inf
   Increment on distance indicator: 2.0
   Increment on tard indicator:     0.0
   Value of tmax indicator:         2.0

Task for patient = 5 with skills = {4,-1} and cost = 491.3
   Vehicle #0 = 25, leaving at = 854.0
   Vehicle #1 = -1, leaving at = inf
   Increment on distance indicator: 4.0
   Increment on tard indicator:     0.0
   Value of tmax indicator:         4.0

Task for patient = 186 with skills = {2,-1} and cost = 492.7
   Vehicle #0 = 15, leaving at = 715.0
   Vehicle #1 = -1, leaving at = inf
   Increment on distance indicator: 4.0
   Increment on tard indicator:     0.0
   Value of tmax indicator:         4.0

Task for patient = 34 with skills = {4,-1} and cost = 493.7
   Vehicle #0 = 22, leaving at = 736.0
   Vehicle #1 = -1, leaving at = inf
   Increment on distance indicator: 3.0
   Increment on tard indicator:     0.0
   Value of tmax indicator:         3.0

Task for patient = 141 with skills = {5,-1} and cost = 494.3
   Vehicle #0 = 24, leaving at = 865.0
   Vehicle #1 = -1, leaving at = inf
   Increment on distance indicator: 2.0
   Increment on tard indicator:     0.0
   Value of tmax indicator:         2.0

Task for patient = 71 with skills = {1,-1} and cost = 495.0
   Vehicle #0 = 3, leaving at = 857.0
   Vehicle #1 = -1, leaving at = inf
   Increment on distance indicator: 2.0
   Increment on tard indicator:     0.0
   Value of tmax indicator:         2.0

Task for patient = 82 with skills = {4,-1} and cost = 496.7
   Vehicle #0 = 23, leaving at = 894.0
   Vehicle #1 = -1, leaving at = inf
   Increment on distance indicator: 5.0
   Increment on tard indicator:     0.0
   Value of tmax indicator:         5.0

Task for patient = 43 with skills = {3,-1} and cost = 496.7
   Vehicle #0 = 38, leaving at = 774.0
   Vehicle #1 = -1, leaving at = inf
   Increment on distance indicator: 0.0
   Increment on tard indicator:     0.0
   Value of tmax indicator:         0.0

Task for patient = 80 with skills = {4,-1} and cost = 497.7
   Vehicle #0 = 22, leaving at = 772.0
   Vehicle #1 = -1, leaving at = inf
   Increment on distance indicator: 3.0
   Increment on tard indicator:     0.0
   Value of tmax indicator:         3.0

Task for patient = 8 with skills = {0,4} and cost = 692.3
   Vehicle #0 = 12, leaving at = 1011.0
   Vehicle #1 = 35, leaving at = 1029.0
   Increment on distance indicator: 2.0
   Increment on tard indicator:     0.0
   Value of tmax indicator:         2.0

Task for patient = 63 with skills = {1,5} and cost = 482.7
   Vehicle #0 = 3, leaving at = 813.0
   Vehicle #1 = 24, leaving at = 829.0
   Increment on distance indicator: 4.0
   Increment on tard indicator:     0.0
   Value of tmax indicator:         4.0

Task for patient = 109 with skills = {4,-1} and cost = 357.7
   Vehicle #0 = 35, leaving at = 691.0
   Vehicle #1 = -1, leaving at = inf
   Increment on distance indicator: 3.0
   Increment on tard indicator:     0.0
   Value of tmax indicator:         3.0

Task for patient = 17 with skills = {2,4} and cost = 371.3
   Vehicle #0 = 8, leaving at = 557.0
   Vehicle #1 = 22, leaving at = 562.0
   Increment on distance indicator: 41.0
   Increment on tard indicator:     0.0
   Value of tmax indicator:         41.0

Task for patient = 115 with skills = {1,-1} and cost = 375.0
   Vehicle #0 = 13, leaving at = 631.0
   Vehicle #1 = -1, leaving at = inf
   Increment on distance indicator: 11.0
   Increment on tard indicator:     0.0
   Value of tmax indicator:         11.0

Task for patient = 149 with skills = {5,-1} and cost = 377.0
   Vehicle #0 = 29, leaving at = 578.0
   Vehicle #1 = -1, leaving at = inf
   Increment on distance indicator: 6.0
   Increment on tard indicator:     0.0
   Value of tmax indicator:         6.0

Task for patient = 188 with skills = {5,-1} and cost = 380.3
   Vehicle #0 = 29, leaving at = 645.0
   Vehicle #1 = -1, leaving at = inf
   Increment on distance indicator: 10.0
   Increment on tard indicator:     0.0
   Value of tmax indicator:         10.0

Task for patient = 156 with skills = {5,-1} and cost = 381.0
   Vehicle #0 = 29, leaving at = 666.0
   Vehicle #1 = -1, leaving at = inf
   Increment on distance indicator: 2.0
   Increment on tard indicator:     0.0
   Value of tmax indicator:         2.0

Task for patient = 136 with skills = {2,4} and cost = 387.0
   Vehicle #0 = 1, leaving at = 858.0
   Vehicle #1 = 23, leaving at = 835.0
   Increment on distance indicator: 6.0
   Increment on tard indicator:     0.0
   Value of tmax indicator:         6.0

Task for patient = 39 with skills = {0,-1} and cost = 387.3
   Vehicle #0 = 0, leaving at = 848.0
   Vehicle #1 = -1, leaving at = inf
   Increment on distance indicator: 1.0
   Increment on tard indicator:     0.0
   Value of tmax indicator:         1.0

Task for patient = 179 with skills = {2,4} and cost = 392.7
   Vehicle #0 = 8, leaving at = 609.0
   Vehicle #1 = 22, leaving at = 591.0
   Increment on distance indicator: 16.0
   Increment on tard indicator:     0.0
   Value of tmax indicator:         16.0

Task for patient = 76 with skills = {1,-1} and cost = 397.3
   Vehicle #0 = 11, leaving at = 710.0
   Vehicle #1 = -1, leaving at = inf
   Increment on distance indicator: 10.0
   Increment on tard indicator:     0.0
   Value of tmax indicator:         10.0

Task for patient = 54 with skills = {2,4} and cost = 400.0
   Vehicle #0 = 8, leaving at = 684.0
   Vehicle #1 = 22, leaving at = 672.0
   Increment on distance indicator: 8.0
   Increment on tard indicator:     0.0
   Value of tmax indicator:         8.0

Task for patient = 151 with skills = {5,-1} and cost = 441.7
   Vehicle #0 = 35, leaving at = 733.0
   Vehicle #1 = -1, leaving at = inf
   Increment on distance indicator: 3.0
   Increment on tard indicator:     0.0
   Value of tmax indicator:         3.0

Task for patient = 84 with skills = {1,-1} and cost = 423.3
   Vehicle #0 = 14, leaving at = 529.0
   Vehicle #1 = -1, leaving at = inf
   Increment on distance indicator: 33.0
   Increment on tard indicator:     0.0
   Value of tmax indicator:         33.0

Task for patient = 169 with skills = {2,-1} and cost = 424.0
   Vehicle #0 = 12, leaving at = 566.0
   Vehicle #1 = -1, leaving at = inf
   Increment on distance indicator: 2.0
   Increment on tard indicator:     0.0
   Value of tmax indicator:         2.0

Task for patient = 191 with skills = {2,-1} and cost = 428.0
   Vehicle #0 = 12, leaving at = 625.0
   Vehicle #1 = -1, leaving at = inf
   Increment on distance indicator: 12.0
   Increment on tard indicator:     0.0
   Value of tmax indicator:         12.0

Task for patient = 33 with skills = {5,-1} and cost = 429.0
   Vehicle #0 = 28, leaving at = 707.0
   Vehicle #1 = -1, leaving at = inf
   Increment on distance indicator: 3.0
   Increment on tard indicator:     0.0
   Value of tmax indicator:         3.0

Task for patient = 31 with skills = {5,-1} and cost = 430.0
   Vehicle #0 = 29, leaving at = 711.0
   Vehicle #1 = -1, leaving at = inf
   Increment on distance indicator: 3.0
   Increment on tard indicator:     0.0
   Value of tmax indicator:         3.0

Task for patient = 51 with skills = {0,-1} and cost = 431.3
   Vehicle #0 = 14, leaving at = 552.0
   Vehicle #1 = -1, leaving at = inf
   Increment on distance indicator: 4.0
   Increment on tard indicator:     0.0
   Value of tmax indicator:         4.0

Task for patient = 180 with skills = {0,-1} and cost = 433.3
   Vehicle #0 = 14, leaving at = 656.0
   Vehicle #1 = -1, leaving at = inf
   Increment on distance indicator: 6.0
   Increment on tard indicator:     0.0
   Value of tmax indicator:         6.0

Task for patient = 65 with skills = {1,-1} and cost = 435.0
   Vehicle #0 = 14, leaving at = 707.0
   Vehicle #1 = -1, leaving at = inf
   Increment on distance indicator: 5.0
   Increment on tard indicator:     0.0
   Value of tmax indicator:         5.0

Task for patient = 21 with skills = {0,-1} and cost = 436.0
   Vehicle #0 = 0, leaving at = 903.0
   Vehicle #1 = -1, leaving at = inf
   Increment on distance indicator: 3.0
   Increment on tard indicator:     0.0
   Value of tmax indicator:         3.0

Task for patient = 153 with skills = {2,-1} and cost = 437.0
   Vehicle #0 = 8, leaving at = 715.0
   Vehicle #1 = -1, leaving at = inf
   Increment on distance indicator: 3.0
   Increment on tard indicator:     0.0
   Value of tmax indicator:         3.0

Task for patient = 86 with skills = {0,-1} and cost = 439.0
   Vehicle #0 = 13, leaving at = 669.0
   Vehicle #1 = -1, leaving at = inf
   Increment on distance indicator: 6.0
   Increment on tard indicator:     0.0
   Value of tmax indicator:         6.0

Task for patient = 110 with skills = {1,-1} and cost = 440.7
   Vehicle #0 = 2, leaving at = 817.0
   Vehicle #1 = -1, leaving at = inf
   Increment on distance indicator: 5.0
   Increment on tard indicator:     0.0
   Value of tmax indicator:         5.0

Task for patient = 104 with skills = {2,-1} and cost = 412.3
   Vehicle #0 = 12, leaving at = 537.0
   Vehicle #1 = -1, leaving at = inf
   Increment on distance indicator: 37.0
   Increment on tard indicator:     0.0
   Value of tmax indicator:         37.0


Unused vehicle list: 6 7 16 17 18 19 31 32 33 34 36 39 (total = 12 out of 40)

---
Search finished.
Total of 1900 generations in 312.6 seconds.
Exchange elite runs: 23
Implicit path relinking runs: 10
Reset attempts: 0

Best solution found:
   Cost: 1003.7
   Total travel time: 3006.0
   Total tardiness time: 3.0
   Largest tardiness: 2.0


1003.7
