This host is: malboro
--- BRKGA-MP-IPR for HHCRSP ---
Instance: /home/alberto/work/hhcrsp-dataset-2021/dataset2/HHCRSP_10_3_10_0.8_R_C.txt
Seed: 19

Reading data... Problem contains 10 patients  and 3 caregivers.

Summary of supply x demand for each service type:
Skill 0 has supply = 1 and demand = 1, ratio = 1
Skill 1 has supply = 1 and demand = 5, ratio = 0.2
Skill 2 has supply = 1 and demand = 1, ratio = 1
Skill 3 has supply = 1 and demand = 0, ratio = inf
Skill 4 has supply = 1 and demand = 2, ratio = 0.5
Skill 5 has supply = 2 and demand = 5, ratio = 0.4

Reading parameters...
Inferred distance function by PR type: kendall-tau
Building BRKGA data and initializing...
Evolving 1900 generations...

  Gens  Rem    Local   ElDiv NoImpr             Best solution            Time  Op
                                       Cost     Dist    Tard    TMax 
*    0 1900    54.67   71.96      0    54.67   164.00     0.0     0.0     0.1    
*    4 1896    53.33    8.94      0    53.33   160.00     0.0     0.0     0.3    
    50 1850    53.33    0.00     46    53.33   160.00     0.0     0.0     2.6    
    80 1820    53.33    0.00     77    53.33   160.00     0.0     0.0     4.2   X
    83 1817      inf   97.97      0    53.33   160.00     0.0     0.0     4.3   R
    84 1816    54.67   69.09      0    53.33   160.00     0.0     0.0     4.4    
   100 1800    53.33    0.00     13    53.33   160.00     0.0     0.0     5.2    
   150 1750    53.33    0.00     63    53.33   160.00     0.0     0.0     7.8    
   160 1740    53.33    0.00     74    53.33   160.00     0.0     0.0     8.3   X
   166 1734      inf  115.94      0    53.33   160.00     0.0     0.0     8.6   R
   167 1733    54.67   76.49      0    53.33   160.00     0.0     0.0     8.6    
Path relinking result: no improvement.
   180 1720    53.33    0.00     12    53.33   160.00     0.0     0.0     9.3   P
   200 1700    53.33    0.00     31    53.33   160.00     0.0     0.0    10.3    
   240 1660    53.33    0.00     72    53.33   160.00     0.0     0.0    12.4   X
   248 1652      inf  101.75      0    53.33   160.00     0.0     0.0    12.8   R

  Gens  Rem    Local   ElDiv NoImpr             Best solution            Time  Op
                                       Cost     Dist    Tard    TMax 
   249 1651    66.00   70.08      0    53.33   160.00     0.0     0.0    12.9    
   250 1650    66.00   42.81      1    53.33   160.00     0.0     0.0    12.9    
   300 1600    53.33    0.00     49    53.33   160.00     0.0     0.0    15.5    
   320 1580    53.33    0.00     70    53.33   160.00     0.0     0.0    16.5   X
   330 1570      inf  105.49      0    53.33   160.00     0.0     0.0    17.0   R
   331 1569    54.67   75.99      0    53.33   160.00     0.0     0.0    17.1    
   350 1550    53.33    0.00     16    53.33   160.00     0.0     0.0    18.1    
Path relinking result: no improvement.
   360 1540    53.33    0.00     27    53.33   160.00     0.0     0.0    18.6   P
   400 1500    53.33    0.00     66    53.33   160.00     0.0     0.0    20.6    
   400 1500    53.33    0.00     67    53.33   160.00     0.0     0.0    20.6   X
   413 1487      inf   99.82      0    53.33   160.00     0.0     0.0    21.3   R
   414 1486    54.67   73.29      0    53.33   160.00     0.0     0.0    21.3    
   450 1450    53.33    0.00     34    53.33   160.00     0.0     0.0    23.2    
   480 1420    53.33    0.00     65    53.33   160.00     0.0     0.0    24.7   X
   495 1405      inf  104.53      0    53.33   160.00     0.0     0.0    25.5   R
   496 1404    56.00   74.28      0    53.33   160.00     0.0     0.0    25.6    

  Gens  Rem    Local   ElDiv NoImpr             Best solution            Time  Op
                                       Cost     Dist    Tard    TMax 
   500 1400    53.33    7.08      1    53.33   160.00     0.0     0.0    25.8    
Path relinking result: no improvement.
   540 1360    53.33    0.00     42    53.33   160.00     0.0     0.0    27.8   P
   550 1350    53.33    0.00     51    53.33   160.00     0.0     0.0    28.3    
   560 1340    53.33    0.00     62    53.33   160.00     0.0     0.0    28.9   X
   578 1322      inf   98.76      0    53.33   160.00     0.0     0.0    29.8   R
   579 1321    54.67   75.00      0    53.33   160.00     0.0     0.0    29.8    
   600 1300    53.33    0.00     17    53.33   160.00     0.0     0.0    30.9    
   640 1260    53.33    0.00     58    53.33   160.00     0.0     0.0    33.0   X
   650 1250    53.33    0.00     67    53.33   160.00     0.0     0.0    33.5    
   662 1238      inf  111.00      0    53.33   160.00     0.0     0.0    34.1   R
   663 1237    53.33   77.18      0    53.33   160.00     0.0     0.0    34.2    
   700 1200    53.33    0.00     37    53.33   160.00     0.0     0.0    36.1    
Path relinking result: no improvement.
   720 1180    53.33    0.00     58    53.33   160.00     0.0     0.0    37.1  PX
   742 1158      inf  110.55      0    53.33   160.00     0.0     0.0    38.2   R
   743 1157    56.00   72.77      0    53.33   160.00     0.0     0.0    38.3    
   750 1150    53.33    0.64      3    53.33   160.00     0.0     0.0    38.6    

  Gens  Rem    Local   ElDiv NoImpr             Best solution            Time  Op
                                       Cost     Dist    Tard    TMax 
   800 1100    53.33    0.00     53    53.33   160.00     0.0     0.0    41.2    
   800 1100    53.33    0.00     54    53.33   160.00     0.0     0.0    41.2   X
   826 1074      inf  105.61      0    53.33   160.00     0.0     0.0    42.5   R
   827 1073    54.67   78.85      0    53.33   160.00     0.0     0.0    42.6    
   850 1050    53.33    0.00     20    53.33   160.00     0.0     0.0    43.8    
   880 1020    53.33    0.00     51    53.33   160.00     0.0     0.0    45.3   X
   900 1000    53.33    0.00     70    53.33   160.00     0.0     0.0    46.3    
Path relinking result: no improvement.
   900 1000    53.33    0.00     71    53.33   160.00     0.0     0.0    46.3   P
   909  991      inf  108.06      0    53.33   160.00     0.0     0.0    46.8   R
   910  990    56.33   75.17      0    53.33   160.00     0.0     0.0    46.9    
   950  950    53.33    0.00     37    53.33   160.00     0.0     0.0    48.9    
   960  940    53.33    0.00     48    53.33   160.00     0.0     0.0    49.4   X
   992  908      inf  112.69      0    53.33   160.00     0.0     0.0    51.1   R
   993  907    54.67   74.27      0    53.33   160.00     0.0     0.0    51.1    
  1000  900    53.33    0.66      5    53.33   160.00     0.0     0.0    51.5    
  1040  860    53.33    0.00     46    53.33   160.00     0.0     0.0    53.5   X

  Gens  Rem    Local   ElDiv NoImpr             Best solution            Time  Op
                                       Cost     Dist    Tard    TMax 
  1050  850    53.33    0.00     55    53.33   160.00     0.0     0.0    54.0    
  1074  826      inf  101.03      0    53.33   160.00     0.0     0.0    55.3   R
  1075  825    54.67   69.65      0    53.33   160.00     0.0     0.0    55.3    
Path relinking result: elite improvement.
  1080  820    53.33    4.21      3    53.33   160.00     0.0     0.0    55.6   P
  1100  800    53.33    0.00     22    53.33   160.00     0.0     0.0    56.6    
  1120  780    53.33    0.00     43    53.33   160.00     0.0     0.0    57.6   X
  1150  750    53.33    0.00     72    53.33   160.00     0.0     0.0    59.2    
  1157  743      inf   96.20      0    53.33   160.00     0.0     0.0    59.5   R
  1158  742    54.67   76.92      0    53.33   160.00     0.0     0.0    59.6    
  1200  700    53.33    0.00     39    53.33   160.00     0.0     0.0    61.8    
  1200  700    53.33    0.00     40    53.33   160.00     0.0     0.0    61.8   X
  1240  660      inf  110.65      0    53.33   160.00     0.0     0.0    63.8   R
  1241  659    70.67   76.78      0    53.33   160.00     0.0     0.0    63.9    
  1250  650    53.33    0.23      6    53.33   160.00     0.0     0.0    64.3    
Path relinking result: no improvement.
  1260  640    53.33    0.00     17    53.33   160.00     0.0     0.0    64.8   P
  1280  620    53.33    0.00     37    53.33   160.00     0.0     0.0    65.9   X

  Gens  Rem    Local   ElDiv NoImpr             Best solution            Time  Op
                                       Cost     Dist    Tard    TMax 
  1300  600    53.33    0.00     56    53.33   160.00     0.0     0.0    66.9    
  1323  577      inf  114.36      0    53.33   160.00     0.0     0.0    68.1   R
  1324  576    68.33   66.81      0    53.33   160.00     0.0     0.0    68.1    
  1350  550    53.33    0.00     23    53.33   160.00     0.0     0.0    69.5    
  1360  540    53.33    0.00     34    53.33   160.00     0.0     0.0    70.0   X
  1400  500    53.33    0.00     73    53.33   160.00     0.0     0.0    72.0    
  1406  494      inf  103.36      0    53.33   160.00     0.0     0.0    72.3   R
  1407  493    55.00   68.77      0    53.33   160.00     0.0     0.0    72.4    
Path relinking result: no improvement.
  1440  460    53.33    0.00     31    53.33   160.00     0.0     0.0    74.1  PX
  1450  450    53.33    0.00     40    53.33   160.00     0.0     0.0    74.6    
  1489  411      inf  108.89      0    53.33   160.00     0.0     0.0    76.6   R
  1490  410    68.33   73.58      0    53.33   160.00     0.0     0.0    76.7    
  1500  400    53.33    0.00      6    53.33   160.00     0.0     0.0    77.2    
  1520  380    53.33    0.00     27    53.33   160.00     0.0     0.0    78.2   X
  1550  350    53.33    0.00     56    53.33   160.00     0.0     0.0    79.8    
  1573  327      inf  104.69      0    53.33   160.00     0.0     0.0    80.9   R

  Gens  Rem    Local   ElDiv NoImpr             Best solution            Time  Op
                                       Cost     Dist    Tard    TMax 
  1574  326    53.33   76.28      0    53.33   160.00     0.0     0.0    81.0    
  1600  300    53.33    0.00     26    53.33   160.00     0.0     0.0    82.3    
  1600  300    53.33    0.00     27    53.33   160.00     0.0     0.0    82.3   X
Path relinking result: no improvement.
  1620  280    53.33    0.00     47    53.33   160.00     0.0     0.0    83.3   P
  1650  250    53.33    0.00     76    53.33   160.00     0.0     0.0    84.9    
  1653  247      inf  108.10      0    53.33   160.00     0.0     0.0    85.0   R
  1654  246    54.67   79.92      0    53.33   160.00     0.0     0.0    85.1    
  1680  220    53.33    0.00     23    53.33   160.00     0.0     0.0    86.4   X
  1700  200    53.33    0.00     42    53.33   160.00     0.0     0.0    87.5    
  1737  163      inf  105.48      0    53.33   160.00     0.0     0.0    89.4   R
  1738  162    54.67   72.85      0    53.33   160.00     0.0     0.0    89.4    
  1750  150    53.33    0.00      9    53.33   160.00     0.0     0.0    90.0    
  1760  140    53.33    0.00     20    53.33   160.00     0.0     0.0    90.5   X
  1800  100    53.33    0.00     59    53.33   160.00     0.0     0.0    92.6    
Path relinking result: no improvement.
  1800  100    53.33    0.00     60    53.33   160.00     0.0     0.0    92.6   P
  1820   80      inf  111.12      0    53.33   160.00     0.0     0.0    93.6   R

  Gens  Rem    Local   ElDiv NoImpr             Best solution            Time  Op
                                       Cost     Dist    Tard    TMax 
  1821   79    56.33   64.84      0    53.33   160.00     0.0     0.0    93.7    
  1840   60    53.33    0.00     18    53.33   160.00     0.0     0.0    94.7   X
  1850   50    53.33    0.00     27    53.33   160.00     0.0     0.0    95.2    
  1900    0    53.33    0.00     77    53.33   160.00     0.0     0.0    97.7    
Evolutionary process finished.
Solution written to 'solution-32615.txt'.

Sorted sequence of worst to best tardiness value:
Task for patient = 5 with skills = {1,-1} and cost = 9.0
   Vehicle #0 = 0, leaving at = 598.0
   Vehicle #1 = -1, leaving at = inf
   Increment on distance indicator: 27.0
   Increment on tard indicator:     0.0
   Value of tmax indicator:         27.0

Task for patient = 10 with skills = {1,4} and cost = 19.0
   Vehicle #0 = 0, leaving at = 637.0
   Vehicle #1 = 2, leaving at = 637.0
   Increment on distance indicator: 30.0
   Increment on tard indicator:     0.0
   Value of tmax indicator:         30.0

Task for patient = 1 with skills = {1,5} and cost = 21.7
   Vehicle #0 = 0, leaving at = 727.0
   Vehicle #1 = 2, leaving at = 727.0
   Increment on distance indicator: 8.0
   Increment on tard indicator:     0.0
   Value of tmax indicator:         8.0

Task for patient = 6 with skills = {2,5} and cost = 25.0
   Vehicle #0 = 0, leaving at = 772.0
   Vehicle #1 = 2, leaving at = 813.0
   Increment on distance indicator: 10.0
   Increment on tard indicator:     0.0
   Value of tmax indicator:         10.0

Task for patient = 7 with skills = {1,-1} and cost = 26.0
   Vehicle #0 = 0, leaving at = 856.0
   Vehicle #1 = -1, leaving at = inf
   Increment on distance indicator: 3.0
   Increment on tard indicator:     0.0
   Value of tmax indicator:         3.0

Task for patient = 9 with skills = {0,5} and cost = 31.0
   Vehicle #0 = 0, leaving at = 894.0
   Vehicle #1 = 2, leaving at = 924.0
   Increment on distance indicator: 15.0
   Increment on tard indicator:     0.0
   Value of tmax indicator:         15.0

Task for patient = 4 with skills = {5,-1} and cost = 32.3
   Vehicle #0 = 2, leaving at = 995.0
   Vehicle #1 = -1, leaving at = inf
   Increment on distance indicator: 4.0
   Increment on tard indicator:     0.0
   Value of tmax indicator:         4.0

Task for patient = 3 with skills = {1,-1} and cost = 34.3
   Vehicle #0 = 0, leaving at = 1019.0
   Vehicle #1 = -1, leaving at = inf
   Increment on distance indicator: 6.0
   Increment on tard indicator:     0.0
   Value of tmax indicator:         6.0

Task for patient = 8 with skills = {5,-1} and cost = 34.3
   Vehicle #0 = 1, leaving at = 1066.0
   Vehicle #1 = -1, leaving at = inf
   Increment on distance indicator: 0.0
   Increment on tard indicator:     0.0
   Value of tmax indicator:         0.0

Task for patient = 2 with skills = {4,-1} and cost = 36.0
   Vehicle #0 = 2, leaving at = 1034.0
   Vehicle #1 = -1, leaving at = inf
   Increment on distance indicator: 5.0
   Increment on tard indicator:     0.0
   Value of tmax indicator:         5.0


Unused vehicle list: (total = 0 out of 3)

---
Search finished.
Total of 1900 generations in 97.7 seconds.
Exchange elite runs: 23
Implicit path relinking runs: 10
Reset attempts: 22

Best solution found:
   Cost: 53.3
   Total travel time: 160.0
   Total tardiness time: 0.0
   Largest tardiness: 0.0


53.3
