This host is: panku
--- BRKGA-MP-IPR for HHCRSP ---
Instance: new-dataset/instances-25/HHCRSP_25_5_73_0.4_R_RC.txt
Seed: 4

Reading data... Problem contains 25 patients  and 5 caregivers.

Summary of supply x demand for each service type:
Skill 0 has supply = 1 and demand = 3, ratio = 0.333333
Skill 1 has supply = 2 and demand = 5, ratio = 0.4
Skill 2 has supply = 1 and demand = 3, ratio = 0.333333
Skill 3 has supply = 3 and demand = 3, ratio = 1
Skill 4 has supply = 2 and demand = 11, ratio = 0.181818
Skill 5 has supply = 2 and demand = 8, ratio = 0.25

Reading parameters...
Inferred distance function by PR type: kendall-tau
Building BRKGA data and initializing...
Evolving 1900 generations...

  Gens  Rem    Local   ElDiv NoImpr             Best solution            Time  Op
                                       Cost     Dist    Tard    TMax 
*    0 1900   532.33  129.87      0   532.33   574.00   799.0   224.0     0.0    
*    2 1898   490.67   84.95      0   490.67   546.00   453.0    95.0     0.1    
*    3 1897   364.67   68.17      0   364.67   546.00   453.0    95.0     0.1    
*    5 1895   265.00   58.70      0   265.00   514.00    78.0    36.0     0.2    
*    6 1894   209.33   49.04      0   209.33   514.00    78.0    36.0     0.2    
*    8 1892   195.00   36.03      0   195.00   521.00    35.0    14.0     0.2    
*    9 1891   190.00   27.75      0   190.00   531.00     0.0     0.0     0.3    
*   10 1890   177.00   22.63      0   177.00   531.00     0.0     0.0     0.3    
*   12 1888   170.00   15.50      0   170.00   496.00     8.0     5.0     0.3    
*   13 1887   169.67   12.83      0   169.67   506.00     0.0     0.0     0.4    
*   14 1886   168.67   10.49      0   168.67   496.00     1.0     1.0     0.4    
*   15 1885   166.00    7.92      0   166.00   487.00     1.0     1.0     0.4    
*   16 1884   163.00    6.19      0   163.00   488.00     0.0     0.0     0.4    
*   17 1883   162.67    4.98      0   162.67   479.00     1.0     1.0     0.5    
*   18 1882   160.33    4.34      0   160.33   479.00     0.0     0.0     0.5    

  Gens  Rem    Local   ElDiv NoImpr             Best solution            Time  Op
                                       Cost     Dist    Tard    TMax 
*   19 1881   159.67    3.86      0   159.67   479.00     0.0     0.0     0.5    
*   22 1878   157.67    3.51      0   157.67   473.00     0.0     0.0     0.6    
*   24 1876   156.00    3.81      0   156.00   466.00     1.0     1.0     0.6    
*   28 1872   155.33    3.57      0   155.33   464.00     1.0     1.0     0.7    
*   31 1869   154.67    3.12      0   154.67   462.00     1.0     1.0     0.8    
    50 1850   154.67    0.57     19   154.67   462.00     1.0     1.0     1.3    
    80 1820   154.67    0.47     50   154.67   462.00     1.0     1.0     2.1   X
   100 1800   154.67    0.00     69   154.67   462.00     1.0     1.0     2.6    
   150 1750   154.67    0.00    119   154.67   462.00     1.0     1.0     3.9    
   160 1740   154.67    0.00    130   154.67   462.00     1.0     1.0     4.2   X
Path relinking result: no improvement.
   180 1720   154.67    0.00    150   154.67   462.00     1.0     1.0     4.7   P
   200 1700   154.67    0.00    169   154.67   462.00     1.0     1.0     5.2    
   240 1660   154.67    0.00    210   154.67   462.00     1.0     1.0     6.3   X
   250 1650   154.67    0.00    219   154.67   462.00     1.0     1.0     6.5    
   300 1600   154.67    0.00    269   154.67   462.00     1.0     1.0     7.8    
   320 1580   154.67    0.00    290   154.67   462.00     1.0     1.0     8.3   X

  Gens  Rem    Local   ElDiv NoImpr             Best solution            Time  Op
                                       Cost     Dist    Tard    TMax 
   350 1550   154.67    0.00    319   154.67   462.00     1.0     1.0     9.1    
Path relinking result: no improvement.
   360 1540   154.67    0.00    330   154.67   462.00     1.0     1.0     9.4   P
   400 1500   154.67    0.00    369   154.67   462.00     1.0     1.0    10.4    
   400 1500   154.67    0.00    370   154.67   462.00     1.0     1.0    10.4   X
   450 1450   154.67    0.00    419   154.67   462.00     1.0     1.0    11.7    
   480 1420   154.67    0.00    450   154.67   462.00     1.0     1.0    12.5   X
   500 1400   154.67    0.00    469   154.67   462.00     1.0     1.0    13.0    
Path relinking result: no improvement.
   540 1360   154.67    0.00    510   154.67   462.00     1.0     1.0    14.0   P
   550 1350   154.67    0.00    519   154.67   462.00     1.0     1.0    14.3    
   560 1340   154.67    0.00    530   154.67   462.00     1.0     1.0    14.5   X
   600 1300   154.67    0.00    569   154.67   462.00     1.0     1.0    15.6    
   640 1260   154.67    0.00    610   154.67   462.00     1.0     1.0    16.7   X
   650 1250   154.67    0.00    619   154.67   462.00     1.0     1.0    16.9    
   700 1200   154.67    0.00    669   154.67   462.00     1.0     1.0    18.3    
Path relinking result: no improvement.
   720 1180   154.67    0.00    690   154.67   462.00     1.0     1.0    18.8  PX
   730 1170      inf  156.87      0   154.67   462.00     1.0     1.0    19.0   R

  Gens  Rem    Local   ElDiv NoImpr             Best solution            Time  Op
                                       Cost     Dist    Tard    TMax 
   731 1169   541.33  128.45      0   154.67   462.00     1.0     1.0    19.0    
   750 1150   163.00    4.69      0   154.67   462.00     1.0     1.0    19.6    
   800 1100   154.67    0.47     37   154.67   462.00     1.0     1.0    20.9    
   800 1100   154.67    0.00     38   154.67   462.00     1.0     1.0    20.9   X
   850 1050   154.67    0.00     87   154.67   462.00     1.0     1.0    22.2    
   880 1020   154.67    0.00    118   154.67   462.00     1.0     1.0    23.0   X
   900 1000   154.67    0.00    137   154.67   462.00     1.0     1.0    23.5    
Path relinking result: no improvement.
   900 1000   154.67    0.00    138   154.67   462.00     1.0     1.0    23.5   P
   950  950   154.67    0.00    187   154.67   462.00     1.0     1.0    24.8    
   960  940   154.67    0.00    198   154.67   462.00     1.0     1.0    25.0   X
  1000  900   154.67    0.00    237   154.67   462.00     1.0     1.0    26.1    
  1040  860   154.67    0.00    278   154.67   462.00     1.0     1.0    27.1   X
  1050  850   154.67    0.00    287   154.67   462.00     1.0     1.0    27.4    
Path relinking result: no improvement.
  1080  820   154.67    0.00    318   154.67   462.00     1.0     1.0    28.1   P
* 1083  817   154.00    0.05      0   154.00   460.00     1.0     1.0    28.2    
  1100  800   154.00    0.31     17   154.00   460.00     1.0     1.0    28.7    

  Gens  Rem    Local   ElDiv NoImpr             Best solution            Time  Op
                                       Cost     Dist    Tard    TMax 
* 1117  783   153.67    0.32      0   153.67   459.00     1.0     1.0    29.1    
  1120  780   153.67    0.40      4   153.67   459.00     1.0     1.0    29.2   X
  1150  750   153.67    0.00     33   153.67   459.00     1.0     1.0    29.9    
  1200  700   153.67    0.00     83   153.67   459.00     1.0     1.0    31.2    
  1200  700   153.67    0.00     84   153.67   459.00     1.0     1.0    31.2   X
  1250  650   153.67    0.00    133   153.67   459.00     1.0     1.0    32.6    
Path relinking result: no improvement.
  1260  640   153.67    0.00    144   153.67   459.00     1.0     1.0    32.8   P
  1280  620   153.67    0.00    164   153.67   459.00     1.0     1.0    33.4   X
  1300  600   153.67    0.00    183   153.67   459.00     1.0     1.0    33.9    
  1350  550   153.67    0.00    233   153.67   459.00     1.0     1.0    35.2    
  1360  540   153.67    0.00    244   153.67   459.00     1.0     1.0    35.5   X
  1400  500   153.67    0.00    283   153.67   459.00     1.0     1.0    36.6    
Path relinking result: no improvement.
  1440  460   153.67    0.00    324   153.67   459.00     1.0     1.0    37.6  PX
  1450  450   153.67    0.00    333   153.67   459.00     1.0     1.0    37.9    
  1500  400   153.67    0.00    383   153.67   459.00     1.0     1.0    39.2    
  1520  380   153.67    0.00    404   153.67   459.00     1.0     1.0    39.7   X

  Gens  Rem    Local   ElDiv NoImpr             Best solution            Time  Op
                                       Cost     Dist    Tard    TMax 
  1550  350   153.67    0.00    433   153.67   459.00     1.0     1.0    40.5    
  1600  300   153.67    0.00    483   153.67   459.00     1.0     1.0    41.7    
  1600  300   153.67    0.00    484   153.67   459.00     1.0     1.0    41.7   X
Path relinking result: no improvement.
  1620  280   153.67    0.00    504   153.67   459.00     1.0     1.0    42.3   P
  1650  250   153.67    0.00    533   153.67   459.00     1.0     1.0    43.0    
  1680  220   153.67    0.00    564   153.67   459.00     1.0     1.0    43.8   X
  1700  200   153.67    0.00    583   153.67   459.00     1.0     1.0    44.4    
  1750  150   153.67    0.00    633   153.67   459.00     1.0     1.0    45.7    
  1760  140   153.67    0.00    644   153.67   459.00     1.0     1.0    45.9   X
  1800  100   153.67    0.00    683   153.67   459.00     1.0     1.0    46.9    
Path relinking result: no improvement.
  1800  100   153.67    0.00    684   153.67   459.00     1.0     1.0    46.9   P
  1816   84      inf  175.69      0   153.67   459.00     1.0     1.0    47.4   R
  1817   83   516.67  140.64      0   153.67   459.00     1.0     1.0    47.4    
  1840   60   157.67    2.82      2   153.67   459.00     1.0     1.0    48.0   X
  1850   50   154.67    2.54      4   153.67   459.00     1.0     1.0    48.2    
  1900    0   154.67    0.00     54   153.67   459.00     1.0     1.0    49.5    
Evolutionary process finished.
Solution written to 'solution-1854.txt'.

Sorted sequence of worst to best tardiness value:
Task for patient = 24 with skills = {5,-1} and cost = 46.7
   Vehicle #0 = 4, leaving at = 718.0
   Vehicle #1 = -1, leaving at = inf
   Increment on distance indicator: 13.0
   Increment on tard indicator:     1.0
   Value of tmax indicator:         13.0

Task for patient = 22 with skills = {0,5} and cost = 116.7
   Vehicle #0 = 0, leaving at = 956.0
   Vehicle #1 = 3, leaving at = 973.0
   Increment on distance indicator: 39.0
   Increment on tard indicator:     0.0
   Value of tmax indicator:         39.0

Task for patient = 16 with skills = {5,-1} and cost = 103.7
   Vehicle #0 = 4, leaving at = 917.0
   Vehicle #1 = -1, leaving at = inf
   Increment on distance indicator: 13.0
   Increment on tard indicator:     0.0
   Value of tmax indicator:         13.0

Task for patient = 13 with skills = {4,-1} and cost = 99.3
   Vehicle #0 = 2, leaving at = 939.0
   Vehicle #1 = -1, leaving at = inf
   Increment on distance indicator: 10.0
   Increment on tard indicator:     0.0
   Value of tmax indicator:         10.0

Task for patient = 2 with skills = {5,-1} and cost = 96.0
   Vehicle #0 = 4, leaving at = 849.0
   Vehicle #1 = -1, leaving at = inf
   Increment on distance indicator: 1.0
   Increment on tard indicator:     0.0
   Value of tmax indicator:         1.0

Task for patient = 20 with skills = {4,-1} and cost = 95.7
   Vehicle #0 = 3, leaving at = 940.0
   Vehicle #1 = -1, leaving at = inf
   Increment on distance indicator: 19.0
   Increment on tard indicator:     0.0
   Value of tmax indicator:         19.0

Task for patient = 14 with skills = {3,-1} and cost = 89.3
   Vehicle #0 = 4, leaving at = 825.0
   Vehicle #1 = -1, leaving at = inf
   Increment on distance indicator: 6.0
   Increment on tard indicator:     0.0
   Value of tmax indicator:         6.0

Task for patient = 12 with skills = {4,-1} and cost = 87.3
   Vehicle #0 = 3, leaving at = 876.0
   Vehicle #1 = -1, leaving at = inf
   Increment on distance indicator: 9.0
   Increment on tard indicator:     0.0
   Value of tmax indicator:         9.0

Task for patient = 8 with skills = {4,-1} and cost = 84.3
   Vehicle #0 = 2, leaving at = 826.0
   Vehicle #1 = -1, leaving at = inf
   Increment on distance indicator: 7.0
   Increment on tard indicator:     0.0
   Value of tmax indicator:         7.0

Task for patient = 7 with skills = {4,-1} and cost = 82.0
   Vehicle #0 = 3, leaving at = 838.0
   Vehicle #1 = -1, leaving at = inf
   Increment on distance indicator: 10.0
   Increment on tard indicator:     0.0
   Value of tmax indicator:         10.0

Task for patient = 23 with skills = {1,-1} and cost = 78.7
   Vehicle #0 = 1, leaving at = 757.0
   Vehicle #1 = -1, leaving at = inf
   Increment on distance indicator: 15.0
   Increment on tard indicator:     0.0
   Value of tmax indicator:         15.0

Task for patient = 25 with skills = {5,-1} and cost = 73.7
   Vehicle #0 = 4, leaving at = 791.0
   Vehicle #1 = -1, leaving at = inf
   Increment on distance indicator: 3.0
   Increment on tard indicator:     0.0
   Value of tmax indicator:         3.0

Task for patient = 1 with skills = {2,5} and cost = 129.7
   Vehicle #0 = 1, leaving at = 1011.0
   Vehicle #1 = 3, leaving at = 1009.0
   Increment on distance indicator: 39.0
   Increment on tard indicator:     0.0
   Value of tmax indicator:         39.0

Task for patient = 4 with skills = {2,4} and cost = 69.7
   Vehicle #0 = 1, leaving at = 707.0
   Vehicle #1 = 2, leaving at = 717.0
   Increment on distance indicator: 45.0
   Increment on tard indicator:     0.0
   Value of tmax indicator:         45.0

Task for patient = 15 with skills = {4,-1} and cost = 54.7
   Vehicle #0 = 2, leaving at = 660.0
   Vehicle #1 = -1, leaving at = inf
   Increment on distance indicator: 4.0
   Increment on tard indicator:     0.0
   Value of tmax indicator:         4.0

Task for patient = 11 with skills = {0,-1} and cost = 53.3
   Vehicle #0 = 0, leaving at = 742.0
   Vehicle #1 = -1, leaving at = inf
   Increment on distance indicator: 15.0
   Increment on tard indicator:     0.0
   Value of tmax indicator:         15.0

Task for patient = 21 with skills = {3,-1} and cost = 48.3
   Vehicle #0 = 3, leaving at = 752.0
   Vehicle #1 = -1, leaving at = inf
   Increment on distance indicator: 5.0
   Increment on tard indicator:     0.0
   Value of tmax indicator:         5.0

Task for patient = 19 with skills = {0,4} and cost = 41.7
   Vehicle #0 = 0, leaving at = 683.0
   Vehicle #1 = 3, leaving at = 692.0
   Increment on distance indicator: 24.0
   Increment on tard indicator:     0.0
   Value of tmax indicator:         24.0

Task for patient = 10 with skills = {4,-1} and cost = 33.7
   Vehicle #0 = 3, leaving at = 659.0
   Vehicle #1 = -1, leaving at = inf
   Increment on distance indicator: 7.0
   Increment on tard indicator:     0.0
   Value of tmax indicator:         7.0

Task for patient = 6 with skills = {1,5} and cost = 31.3
   Vehicle #0 = 0, leaving at = 640.0
   Vehicle #1 = 4, leaving at = 647.0
   Increment on distance indicator: 31.0
   Increment on tard indicator:     0.0
   Value of tmax indicator:         31.0

Task for patient = 9 with skills = {1,4} and cost = 21.0
   Vehicle #0 = 1, leaving at = 625.0
   Vehicle #1 = 3, leaving at = 613.0
   Increment on distance indicator: 22.0
   Increment on tard indicator:     0.0
   Value of tmax indicator:         22.0

Task for patient = 5 with skills = {2,5} and cost = 13.7
   Vehicle #0 = 1, leaving at = 577.0
   Vehicle #1 = 3, leaving at = 576.0
   Increment on distance indicator: 20.0
   Increment on tard indicator:     0.0
   Value of tmax indicator:         20.0

Task for patient = 3 with skills = {1,-1} and cost = 7.0
   Vehicle #0 = 1, leaving at = 542.0
   Vehicle #1 = -1, leaving at = inf
   Increment on distance indicator: 19.0
   Increment on tard indicator:     0.0
   Value of tmax indicator:         19.0

Task for patient = 18 with skills = {1,3} and cost = 0.7
   Vehicle #0 = 0, leaving at = 571.0
   Vehicle #1 = 2, leaving at = 567.0
   Increment on distance indicator: 2.0
   Increment on tard indicator:     0.0
   Value of tmax indicator:         2.0

Task for patient = 17 with skills = {4,-1} and cost = 72.7
   Vehicle #0 = 3, leaving at = 811.0
   Vehicle #1 = -1, leaving at = inf
   Increment on distance indicator: 9.0
   Increment on tard indicator:     0.0
   Value of tmax indicator:         9.0


Unused vehicle list: (total = 0 out of 5)

---
Search finished.
Total of 1900 generations in 49.5 seconds.
Exchange elite runs: 23
Implicit path relinking runs: 10
Reset attempts: 2

Best solution found:
   Cost: 153.7
   Total travel time: 459.0
   Total tardiness time: 1.0
   Largest tardiness: 1.0


153.7
