This host is: panku
--- BRKGA-MP-IPR for HHCRSP ---
Instance: new-dataset/instances-100/HHCRSP_100_20_9_1.0_R_R.txt
Seed: 6

Reading data... Problem contains 100 patients  and 20 caregivers.

Summary of supply x demand for each service type:
Skill 0 has supply = 7 and demand = 22, ratio = 0.318182
Skill 1 has supply = 9 and demand = 31, ratio = 0.290323
Skill 2 has supply = 4 and demand = 10, ratio = 0.4
Skill 3 has supply = 7 and demand = 20, ratio = 0.35
Skill 4 has supply = 7 and demand = 27, ratio = 0.259259
Skill 5 has supply = 8 and demand = 20, ratio = 0.4

Reading parameters...
Inferred distance function by PR type: kendall-tau
Building BRKGA data and initializing...
Evolving 1900 generations...

  Gens  Rem    Local   ElDiv NoImpr             Best solution            Time  Op
                                       Cost     Dist    Tard    TMax 
*    0 1900  2744.67  261.04      0  2744.67  2682.00  5206.0   346.0     0.1    
*    2 1898  2616.00  221.68      0  2616.00  2623.00  3834.0   317.0     0.2    
*    3 1897  2258.00  205.72      0  2258.00  2623.00  3834.0   317.0     0.2    
*    6 1894  1998.33  165.48      0  1998.33  2486.00  2719.0   295.0     0.4    
*    7 1893  1833.33  152.25      0  1833.33  2402.00  2531.0   317.0     0.5    
*    8 1892  1750.00  134.30      0  1750.00  2537.00  2114.0   272.0     0.5    
*    9 1891  1641.00  125.10      0  1641.00  2568.00  1623.0   367.0     0.6    
*   10 1890  1519.33  123.13      0  1519.33  2457.00   882.0   134.0     0.6    
*   11 1889  1157.67  113.02      0  1157.67  2457.00   882.0   134.0     0.7    
*   14 1886  1135.33   87.02      0  1135.33  2433.00   254.0    83.0     0.9    
*   15 1885   923.33   79.06      0   923.33  2433.00   254.0    83.0     0.9    
*   20 1880   829.00   52.47      0   829.00  2465.00    14.0     8.0     1.2    
*   23 1877   828.00   35.20      0   828.00  2323.00   136.0    25.0     1.4    
*   25 1875   805.00   29.63      0   805.00  2284.00    95.0    36.0     1.5    
*   27 1873   785.00   23.99      0   785.00  2233.00    40.0    15.0     1.6    

  Gens  Rem    Local   ElDiv NoImpr             Best solution            Time  Op
                                       Cost     Dist    Tard    TMax 
*   28 1872   762.67   22.54      0   762.67  2271.00    10.0     4.0     1.7    
*   29 1871   761.67   20.26      0   761.67  2271.00    10.0     4.0     1.8    
*   31 1869   739.67   18.36      0   739.67  2179.00    26.0    14.0     1.9    
*   33 1867   731.00   17.46      0   731.00  2115.00    35.0    10.0     2.0    
*   34 1866   720.00   16.21      0   720.00  2115.00    35.0    10.0     2.1    
*   37 1863   718.00   13.41      0   718.00  2133.00    14.0     7.0     2.3    
*   40 1860   714.33   12.38      0   714.33  2121.00    11.0    11.0     2.5    
*   42 1858   709.67   11.95      0   709.67  2078.00    17.0    16.0     2.6    
*   43 1857   703.67   11.44      0   703.67  2078.00    17.0    16.0     2.7    
*   48 1852   693.33    9.38      0   693.33  2080.00     0.0     0.0     3.0    
    50 1850   693.33    8.66      2   693.33  2080.00     0.0     0.0     3.1    
*   54 1846   689.00    8.76      0   689.00  2009.00    36.0    11.0     3.3    
*   55 1845   685.33    8.55      0   685.33  2009.00    36.0    11.0     3.4    
*   60 1840   672.67    8.41      0   672.67  1998.00    14.0     6.0     3.7    
*   64 1836   656.67    8.11      0   656.67  1963.00     4.0     3.0     3.9    
*   71 1829   644.33    7.85      0   644.33  1933.00     0.0     0.0     4.3    

  Gens  Rem    Local   ElDiv NoImpr             Best solution            Time  Op
                                       Cost     Dist    Tard    TMax 
*   77 1823   641.33    8.43      0   641.33  1919.00     3.0     2.0     4.6    
    80 1820   641.33    6.62      4   641.33  1919.00     3.0     2.0     4.8   X
   100 1800   641.33    6.20     23   641.33  1919.00     3.0     2.0     6.0    
   150 1750   641.33    5.39     73   641.33  1919.00     3.0     2.0     8.9    
   160 1740   641.33    5.11     84   641.33  1919.00     3.0     2.0     9.5   X
*  169 1731   637.00    5.19      0   637.00  1905.00     3.0     3.0    10.0    
*  174 1726   631.00    5.33      0   631.00  1883.00     5.0     5.0    10.3    
Path relinking result: elite improvement.
   180 1720   631.00    5.58      7   631.00  1883.00     5.0     5.0    10.7   P
*  183 1717   621.00    5.83      0   621.00  1863.00     0.0     0.0    10.9    
   200 1700   621.00    5.27     17   621.00  1863.00     0.0     0.0    11.8    
*  221 1679   618.67    5.53      0   618.67  1847.00     5.0     4.0    13.1    
*  225 1675   618.33    6.64      0   618.33  1851.00     1.0     1.0    13.3    
*  226 1674   617.67    7.29      0   617.67  1830.00     1.0     1.0    13.3    
*  227 1673   610.67    7.48      0   610.67  1830.00     1.0     1.0    13.4    
*  234 1666   608.33    8.26      0   608.33  1815.00     0.0     0.0    13.8    
*  235 1665   605.00    8.22      0   605.00  1815.00     0.0     0.0    13.9    

  Gens  Rem    Local   ElDiv NoImpr             Best solution            Time  Op
                                       Cost     Dist    Tard    TMax 
*  239 1661   603.00    8.45      0   603.00  1798.00     0.0     0.0    14.1    
*  240 1660   599.33    8.30      0   599.33  1798.00     0.0     0.0    14.1    
   240 1660   599.33    4.75      1   599.33  1798.00     0.0     0.0    14.1   X
*  245 1655   597.67    3.87      0   597.67  1786.00     4.0     3.0    14.4    
*  248 1652   595.33    4.06      0   595.33  1786.00     0.0     0.0    14.6    
   250 1650   595.33    4.21      2   595.33  1786.00     0.0     0.0    14.7    
*  252 1648   593.00    4.50      0   593.00  1779.00     0.0     0.0    14.9    
*  254 1646   592.67    4.87      0   592.67  1775.00     0.0     0.0    15.0    
*  255 1645   591.67    4.81      0   591.67  1775.00     0.0     0.0    15.1    
*  257 1643   590.00    4.87      0   590.00  1770.00     0.0     0.0    15.2    
*  259 1641   588.67    4.40      0   588.67  1766.00     0.0     0.0    15.3    
*  262 1638   588.00    3.54      0   588.00  1764.00     0.0     0.0    15.5    
*  264 1636   587.00    2.70      0   587.00  1760.00     0.0     0.0    15.6    
*  265 1635   586.67    2.41      0   586.67  1760.00     0.0     0.0    15.6    
*  267 1633   586.00    2.09      0   586.00  1755.00     0.0     0.0    15.8    
*  268 1632   585.00    1.85      0   585.00  1753.00     0.0     0.0    15.8    

  Gens  Rem    Local   ElDiv NoImpr             Best solution            Time  Op
                                       Cost     Dist    Tard    TMax 
*  269 1631   584.33    1.53      0   584.33  1753.00     0.0     0.0    15.9    
*  275 1625   584.00    0.69      0   584.00  1752.00     0.0     0.0    16.2    
*  277 1623   582.00    0.86      0   582.00  1746.00     0.0     0.0    16.3    
*  279 1621   581.67    1.04      0   581.67  1740.00     0.0     0.0    16.5    
*  280 1620   580.00    1.30      0   580.00  1740.00     0.0     0.0    16.5    
*  282 1618   579.67    2.31      0   579.67  1729.00     0.0     0.0    16.6    
*  283 1617   576.33    2.81      0   576.33  1729.00     0.0     0.0    16.7    
*  286 1614   576.00    4.03      0   576.00  1728.00     0.0     0.0    16.8    
*  289 1611   575.67    3.87      0   575.67  1727.00     0.0     0.0    17.0    
*  292 1608   575.00    3.88      0   575.00  1725.00     0.0     0.0    17.2    
*  294 1606   574.67    4.03      0   574.67  1722.00     0.0     0.0    17.3    
*  295 1605   574.00    4.19      0   574.00  1721.00     0.0     0.0    17.4    
*  296 1604   573.67    4.29      0   573.67  1721.00     0.0     0.0    17.4    
   300 1600   573.67    4.26      4   573.67  1721.00     0.0     0.0    17.6    
*  302 1598   573.33    4.29      0   573.33  1720.00     0.0     0.0    17.8    
*  311 1589   573.00    3.79      0   573.00  1719.00     0.0     0.0    18.3    

  Gens  Rem    Local   ElDiv NoImpr             Best solution            Time  Op
                                       Cost     Dist    Tard    TMax 
   320 1580   573.00    3.77     10   573.00  1719.00     0.0     0.0    18.8   X
*  336 1564   572.67    0.02      0   572.67  1718.00     0.0     0.0    19.7    
   350 1550   572.67    0.16     14   572.67  1718.00     0.0     0.0    20.5    
Path relinking result: elite improvement.
   360 1540   572.00    0.17      0   572.67  1718.00     0.0     0.0    21.1   P
*  361 1539   572.00    0.18      0   572.00  1716.00     0.0     0.0    21.2    
*  368 1532   571.00    0.26      0   571.00  1713.00     0.0     0.0    21.6    
   400 1500   571.00    0.82     32   571.00  1713.00     0.0     0.0    23.5    
   400 1500   571.00    0.47     33   571.00  1713.00     0.0     0.0    23.5   X
*  402 1498   570.33    0.25      0   570.33  1711.00     0.0     0.0    23.6    
   450 1450   570.33    0.00     48   570.33  1711.00     0.0     0.0    26.3    
   480 1420   570.33    0.00     79   570.33  1711.00     0.0     0.0    28.1   X
   500 1400   570.33    0.00     98   570.33  1711.00     0.0     0.0    29.2    
Path relinking result: no improvement.
   540 1360   570.33    0.00    139   570.33  1711.00     0.0     0.0    31.6   P
   550 1350   570.33    0.00    148   570.33  1711.00     0.0     0.0    32.1    
   560 1340   570.33    0.00    159   570.33  1711.00     0.0     0.0    32.7   X
*  587 1313   567.33    0.17      0   567.33  1702.00     0.0     0.0    34.3    

  Gens  Rem    Local   ElDiv NoImpr             Best solution            Time  Op
                                       Cost     Dist    Tard    TMax 
   600 1300   567.33    0.54     13   567.33  1702.00     0.0     0.0    35.1    
   640 1260   567.33    1.41     54   567.33  1702.00     0.0     0.0    37.4   X
*  647 1253   565.00    0.19      0   565.00  1695.00     0.0     0.0    37.8    
   650 1250   565.00    0.66      3   565.00  1695.00     0.0     0.0    38.0    
   700 1200   565.00    0.00     53   565.00  1695.00     0.0     0.0    40.9    
Path relinking result: no improvement.
   720 1180   565.00    0.00     74   565.00  1695.00     0.0     0.0    42.1  PX
   750 1150   565.00    0.00    103   565.00  1695.00     0.0     0.0    43.9    
   800 1100   565.00    0.00    153   565.00  1695.00     0.0     0.0    46.8    
   800 1100   565.00    0.00    154   565.00  1695.00     0.0     0.0    46.8   X
   850 1050   565.00    0.00    203   565.00  1695.00     0.0     0.0    49.8    
   880 1020   565.00    0.00    234   565.00  1695.00     0.0     0.0    51.5   X
   900 1000   565.00    0.00    253   565.00  1695.00     0.0     0.0    52.7    
Path relinking result: no improvement.
   900 1000   565.00    0.00    254   565.00  1695.00     0.0     0.0    52.7   P
   950  950   565.00    0.00    303   565.00  1695.00     0.0     0.0    55.6    
   960  940   565.00    0.00    314   565.00  1695.00     0.0     0.0    56.1   X
  1000  900   565.00    0.00    353   565.00  1695.00     0.0     0.0    58.5    

  Gens  Rem    Local   ElDiv NoImpr             Best solution            Time  Op
                                       Cost     Dist    Tard    TMax 
  1040  860   565.00    0.00    394   565.00  1695.00     0.0     0.0    60.9   X
  1050  850   565.00    0.00    403   565.00  1695.00     0.0     0.0    61.5    
Path relinking result: no improvement.
  1080  820   565.00    0.00    434   565.00  1695.00     0.0     0.0    63.2   P
  1100  800   565.00    0.00    453   565.00  1695.00     0.0     0.0    64.4    
  1120  780   565.00    0.00    474   565.00  1695.00     0.0     0.0    65.5   X
  1150  750   565.00    0.00    503   565.00  1695.00     0.0     0.0    67.2    
  1200  700   565.00    0.00    553   565.00  1695.00     0.0     0.0    70.2    
  1200  700   565.00    0.00    554   565.00  1695.00     0.0     0.0    70.2   X
  1250  650   565.00    0.00    603   565.00  1695.00     0.0     0.0    73.1    
Path relinking result: no improvement.
  1260  640   565.00    0.00    614   565.00  1695.00     0.0     0.0    73.7   P
  1280  620   565.00    0.00    634   565.00  1695.00     0.0     0.0    74.8   X
  1300  600   565.00    0.00    653   565.00  1695.00     0.0     0.0    76.0    
  1346  554      inf  303.62      0   565.00  1695.00     0.0     0.0    78.7   R
  1347  553  2692.33  250.38      0   565.00  1695.00     0.0     0.0    78.7    
  1350  550  2554.67  192.46      0   565.00  1695.00     0.0     0.0    78.9    
  1360  540  1069.00   74.40      2   565.00  1695.00     0.0     0.0    79.5   X

  Gens  Rem    Local   ElDiv NoImpr             Best solution            Time  Op
                                       Cost     Dist    Tard    TMax 
  1400  500   695.00   11.56      1   565.00  1695.00     0.0     0.0    81.9    
Path relinking result: elite improvement.
  1440  460   648.67    7.02     15   565.00  1695.00     0.0     0.0    84.2  PX
  1450  450   648.33    6.79      2   565.00  1695.00     0.0     0.0    84.8    
  1500  400   638.67    6.04      7   565.00  1695.00     0.0     0.0    87.7    
  1520  380   635.67    4.31      4   565.00  1695.00     0.0     0.0    88.9   X
  1550  350   609.33    5.81     16   565.00  1695.00     0.0     0.0    90.6    
  1600  300   580.33    3.67      4   565.00  1695.00     0.0     0.0    93.6    
  1600  300   580.33    2.96      5   565.00  1695.00     0.0     0.0    93.6   X
Path relinking result: elite improvement.
  1620  280   566.00    2.07      0   565.00  1695.00     0.0     0.0    94.7   P
* 1624  276   563.33    1.30      0   563.33  1690.00     0.0     0.0    95.0    
* 1633  267   563.00    0.92      0   563.00  1689.00     0.0     0.0    95.5    
* 1636  264   562.67    0.78      0   562.67  1688.00     0.0     0.0    95.7    
* 1639  261   562.33    0.62      0   562.33  1687.00     0.0     0.0    95.9    
* 1641  259   562.00    0.34      0   562.00  1686.00     0.0     0.0    96.0    
* 1643  257   561.33    0.35      0   561.33  1683.00     0.0     0.0    96.1    
* 1644  256   561.00    0.37      0   561.00  1683.00     0.0     0.0    96.2    

  Gens  Rem    Local   ElDiv NoImpr             Best solution            Time  Op
                                       Cost     Dist    Tard    TMax 
* 1649  251   560.67    0.27      0   560.67  1682.00     0.0     0.0    96.5    
  1650  250   560.67    0.17      1   560.67  1682.00     0.0     0.0    96.6    
* 1653  247   560.33    0.05      0   560.33  1681.00     0.0     0.0    96.8    
* 1659  241   559.67    0.20      0   559.67  1679.00     0.0     0.0    97.1    
* 1671  229   559.00    0.43      0   559.00  1677.00     0.0     0.0    97.9    
  1680  220   559.00    0.31     10   559.00  1677.00     0.0     0.0    98.4   X
* 1682  218   558.00    0.35      0   558.00  1674.00     0.0     0.0    98.5    
* 1689  211   557.00    0.50      0   557.00  1671.00     0.0     0.0    99.0    
  1700  200   557.00    0.48     11   557.00  1671.00     0.0     0.0    99.6    
  1750  150   557.00    0.00     61   557.00  1671.00     0.0     0.0   102.5    
  1760  140   557.00    0.00     72   557.00  1671.00     0.0     0.0   103.1   X
  1800  100   557.00    0.00    111   557.00  1671.00     0.0     0.0   105.4    
Path relinking result: no improvement.
  1800  100   557.00    0.00    112   557.00  1671.00     0.0     0.0   105.4   P
  1840   60   557.00    0.00    152   557.00  1671.00     0.0     0.0   107.8   X
  1850   50   557.00    0.00    161   557.00  1671.00     0.0     0.0   108.3    
  1900    0   557.00    0.00    211   557.00  1671.00     0.0     0.0   111.2    
Evolutionary process finished.
Solution written to 'solution-7647.txt'.

Sorted sequence of worst to best tardiness value:
Task for patient = 64 with skills = {1,3} and cost = 329.7
   Vehicle #0 = 8, leaving at = 853.0
   Vehicle #1 = 13, leaving at = 854.0
   Increment on distance indicator: 14.0
   Increment on tard indicator:     0.0
   Value of tmax indicator:         14.0

Task for patient = 3 with skills = {1,3} and cost = 325.0
   Vehicle #0 = 0, leaving at = 892.0
   Vehicle #1 = 12, leaving at = 902.0
   Increment on distance indicator: 20.0
   Increment on tard indicator:     0.0
   Value of tmax indicator:         20.0

Task for patient = 6 with skills = {4,-1} and cost = 318.3
   Vehicle #0 = 18, leaving at = 903.0
   Vehicle #1 = -1, leaving at = inf
   Increment on distance indicator: 9.0
   Increment on tard indicator:     0.0
   Value of tmax indicator:         9.0

Task for patient = 83 with skills = {0,4} and cost = 315.3
   Vehicle #0 = 3, leaving at = 872.0
   Vehicle #1 = 17, leaving at = 892.0
   Increment on distance indicator: 23.0
   Increment on tard indicator:     0.0
   Value of tmax indicator:         23.0

Task for patient = 30 with skills = {0,-1} and cost = 307.7
   Vehicle #0 = 1, leaving at = 831.0
   Vehicle #1 = -1, leaving at = inf
   Increment on distance indicator: 6.0
   Increment on tard indicator:     0.0
   Value of tmax indicator:         6.0

Task for patient = 4 with skills = {3,-1} and cost = 305.7
   Vehicle #0 = 16, leaving at = 845.0
   Vehicle #1 = -1, leaving at = inf
   Increment on distance indicator: 7.0
   Increment on tard indicator:     0.0
   Value of tmax indicator:         7.0

Task for patient = 7 with skills = {1,3} and cost = 303.3
   Vehicle #0 = 2, leaving at = 794.0
   Vehicle #1 = 13, leaving at = 805.0
   Increment on distance indicator: 9.0
   Increment on tard indicator:     0.0
   Value of tmax indicator:         9.0

Task for patient = 94 with skills = {1,-1} and cost = 300.3
   Vehicle #0 = 5, leaving at = 873.0
   Vehicle #1 = -1, leaving at = inf
   Increment on distance indicator: 14.0
   Increment on tard indicator:     0.0
   Value of tmax indicator:         14.0

Task for patient = 93 with skills = {2,-1} and cost = 295.7
   Vehicle #0 = 0, leaving at = 847.0
   Vehicle #1 = -1, leaving at = inf
   Increment on distance indicator: 16.0
   Increment on tard indicator:     0.0
   Value of tmax indicator:         16.0

Task for patient = 89 with skills = {0,5} and cost = 290.3
   Vehicle #0 = 3, leaving at = 769.0
   Vehicle #1 = 19, leaving at = 822.0
   Increment on distance indicator: 10.0
   Increment on tard indicator:     0.0
   Value of tmax indicator:         10.0

Task for patient = 13 with skills = {1,5} and cost = 287.0
   Vehicle #0 = 4, leaving at = 844.0
   Vehicle #1 = 15, leaving at = 841.0
   Increment on distance indicator: 12.0
   Increment on tard indicator:     0.0
   Value of tmax indicator:         12.0

Task for patient = 61 with skills = {5,-1} and cost = 432.7
   Vehicle #0 = 16, leaving at = 1030.0
   Vehicle #1 = -1, leaving at = inf
   Increment on distance indicator: 11.0
   Increment on tard indicator:     0.0
   Value of tmax indicator:         11.0

Task for patient = 41 with skills = {2,-1} and cost = 279.3
   Vehicle #0 = 7, leaving at = 875.0
   Vehicle #1 = -1, leaving at = inf
   Increment on distance indicator: 5.0
   Increment on tard indicator:     0.0
   Value of tmax indicator:         5.0

Task for patient = 21 with skills = {4,-1} and cost = 277.7
   Vehicle #0 = 17, leaving at = 856.0
   Vehicle #1 = -1, leaving at = inf
   Increment on distance indicator: 5.0
   Increment on tard indicator:     0.0
   Value of tmax indicator:         5.0

Task for patient = 100 with skills = {4,-1} and cost = 276.0
   Vehicle #0 = 10, leaving at = 924.0
   Vehicle #1 = -1, leaving at = inf
   Increment on distance indicator: 6.0
   Increment on tard indicator:     0.0
   Value of tmax indicator:         6.0

Task for patient = 26 with skills = {0,-1} and cost = 274.0
   Vehicle #0 = 5, leaving at = 819.0
   Vehicle #1 = -1, leaving at = inf
   Increment on distance indicator: 10.0
   Increment on tard indicator:     0.0
   Value of tmax indicator:         10.0

Task for patient = 16 with skills = {5,-1} and cost = 270.7
   Vehicle #0 = 11, leaving at = 949.0
   Vehicle #1 = -1, leaving at = inf
   Increment on distance indicator: 20.0
   Increment on tard indicator:     0.0
   Value of tmax indicator:         20.0

Task for patient = 24 with skills = {0,-1} and cost = 264.0
   Vehicle #0 = 5, leaving at = 788.0
   Vehicle #1 = -1, leaving at = inf
   Increment on distance indicator: 10.0
   Increment on tard indicator:     0.0
   Value of tmax indicator:         10.0

Task for patient = 33 with skills = {4,-1} and cost = 260.7
   Vehicle #0 = 11, leaving at = 815.0
   Vehicle #1 = -1, leaving at = inf
   Increment on distance indicator: 33.0
   Increment on tard indicator:     0.0
   Value of tmax indicator:         33.0

Task for patient = 39 with skills = {2,-1} and cost = 249.7
   Vehicle #0 = 6, leaving at = 778.0
   Vehicle #1 = -1, leaving at = inf
   Increment on distance indicator: 13.0
   Increment on tard indicator:     0.0
   Value of tmax indicator:         13.0

Task for patient = 38 with skills = {4,-1} and cost = 245.3
   Vehicle #0 = 12, leaving at = 796.0
   Vehicle #1 = -1, leaving at = inf
   Increment on distance indicator: 13.0
   Increment on tard indicator:     0.0
   Value of tmax indicator:         13.0

Task for patient = 5 with skills = {5,-1} and cost = 241.0
   Vehicle #0 = 13, leaving at = 744.0
   Vehicle #1 = -1, leaving at = inf
   Increment on distance indicator: 4.0
   Increment on tard indicator:     0.0
   Value of tmax indicator:         4.0

Task for patient = 87 with skills = {4,-1} and cost = 239.7
   Vehicle #0 = 18, leaving at = 877.0
   Vehicle #1 = -1, leaving at = inf
   Increment on distance indicator: 8.0
   Increment on tard indicator:     0.0
   Value of tmax indicator:         8.0

Task for patient = 88 with skills = {1,4} and cost = 237.0
   Vehicle #0 = 8, leaving at = 738.0
   Vehicle #1 = 18, leaving at = 759.0
   Increment on distance indicator: 14.0
   Increment on tard indicator:     0.0
   Value of tmax indicator:         14.0

Task for patient = 31 with skills = {3,-1} and cost = 283.0
   Vehicle #0 = 16, leaving at = 812.0
   Vehicle #1 = -1, leaving at = inf
   Increment on distance indicator: 11.0
   Increment on tard indicator:     0.0
   Value of tmax indicator:         11.0

Task for patient = 68 with skills = {0,5} and cost = 429.0
   Vehicle #0 = 6, leaving at = 1032.0
   Vehicle #1 = 16, leaving at = 1000.0
   Increment on distance indicator: 17.0
   Increment on tard indicator:     0.0
   Value of tmax indicator:         17.0

Task for patient = 96 with skills = {0,-1} and cost = 423.3
   Vehicle #0 = 1, leaving at = 1127.0
   Vehicle #1 = -1, leaving at = inf
   Increment on distance indicator: 13.0
   Increment on tard indicator:     0.0
   Value of tmax indicator:         13.0

Task for patient = 50 with skills = {0,3} and cost = 419.0
   Vehicle #0 = 1, leaving at = 1058.0
   Vehicle #1 = 15, leaving at = 1058.0
   Increment on distance indicator: 16.0
   Increment on tard indicator:     0.0
   Value of tmax indicator:         16.0

Task for patient = 28 with skills = {4,-1} and cost = 413.7
   Vehicle #0 = 17, leaving at = 1051.0
   Vehicle #1 = -1, leaving at = inf
   Increment on distance indicator: 4.0
   Increment on tard indicator:     0.0
   Value of tmax indicator:         4.0

Task for patient = 51 with skills = {3,-1} and cost = 412.3
   Vehicle #0 = 13, leaving at = 980.0
   Vehicle #1 = -1, leaving at = inf
   Increment on distance indicator: 12.0
   Increment on tard indicator:     0.0
   Value of tmax indicator:         12.0

Task for patient = 63 with skills = {1,4} and cost = 408.3
   Vehicle #0 = 4, leaving at = 1072.0
   Vehicle #1 = 10, leaving at = 1081.0
   Increment on distance indicator: 17.0
   Increment on tard indicator:     0.0
   Value of tmax indicator:         17.0

Task for patient = 42 with skills = {1,4} and cost = 402.7
   Vehicle #0 = 5, leaving at = 1068.0
   Vehicle #1 = 11, leaving at = 1085.0
   Increment on distance indicator: 20.0
   Increment on tard indicator:     0.0
   Value of tmax indicator:         20.0

Task for patient = 84 with skills = {4,-1} and cost = 396.0
   Vehicle #0 = 12, leaving at = 983.0
   Vehicle #1 = -1, leaving at = inf
   Increment on distance indicator: 3.0
   Increment on tard indicator:     0.0
   Value of tmax indicator:         3.0

Task for patient = 78 with skills = {5,-1} and cost = 395.0
   Vehicle #0 = 17, leaving at = 1010.0
   Vehicle #1 = -1, leaving at = inf
   Increment on distance indicator: 1.0
   Increment on tard indicator:     0.0
   Value of tmax indicator:         1.0

Task for patient = 97 with skills = {1,-1} and cost = 394.7
   Vehicle #0 = 8, leaving at = 1016.0
   Vehicle #1 = -1, leaving at = inf
   Increment on distance indicator: 7.0
   Increment on tard indicator:     0.0
   Value of tmax indicator:         7.0

Task for patient = 19 with skills = {1,5} and cost = 392.3
   Vehicle #0 = 5, leaving at = 987.0
   Vehicle #1 = 11, leaving at = 1019.0
   Increment on distance indicator: 28.0
   Increment on tard indicator:     0.0
   Value of tmax indicator:         28.0

Task for patient = 15 with skills = {1,-1} and cost = 331.7
   Vehicle #0 = 2, leaving at = 830.0
   Vehicle #1 = -1, leaving at = inf
   Increment on distance indicator: 6.0
   Increment on tard indicator:     0.0
   Value of tmax indicator:         6.0

Task for patient = 25 with skills = {5,-1} and cost = 379.0
   Vehicle #0 = 10, leaving at = 1041.0
   Vehicle #1 = -1, leaving at = inf
   Increment on distance indicator: 6.0
   Increment on tard indicator:     0.0
   Value of tmax indicator:         6.0

Task for patient = 43 with skills = {4,-1} and cost = 377.0
   Vehicle #0 = 18, leaving at = 936.0
   Vehicle #1 = -1, leaving at = inf
   Increment on distance indicator: 6.0
   Increment on tard indicator:     0.0
   Value of tmax indicator:         6.0

Task for patient = 1 with skills = {4,-1} and cost = 375.0
   Vehicle #0 = 10, leaving at = 988.0
   Vehicle #1 = -1, leaving at = inf
   Increment on distance indicator: 2.0
   Increment on tard indicator:     0.0
   Value of tmax indicator:         2.0

Task for patient = 74 with skills = {1,3} and cost = 374.3
   Vehicle #0 = 4, leaving at = 968.0
   Vehicle #1 = 10, leaving at = 955.0
   Increment on distance indicator: 24.0
   Increment on tard indicator:     0.0
   Value of tmax indicator:         24.0

Task for patient = 44 with skills = {5,-1} and cost = 366.3
   Vehicle #0 = 13, leaving at = 920.0
   Vehicle #1 = -1, leaving at = inf
   Increment on distance indicator: 6.0
   Increment on tard indicator:     0.0
   Value of tmax indicator:         6.0

Task for patient = 11 with skills = {0,-1} and cost = 364.3
   Vehicle #0 = 8, leaving at = 874.0
   Vehicle #1 = -1, leaving at = inf
   Increment on distance indicator: 6.0
   Increment on tard indicator:     0.0
   Value of tmax indicator:         6.0

Task for patient = 60 with skills = {1,4} and cost = 362.3
   Vehicle #0 = 1, leaving at = 931.0
   Vehicle #1 = 15, leaving at = 980.0
   Increment on distance indicator: 8.0
   Increment on tard indicator:     0.0
   Value of tmax indicator:         8.0

Task for patient = 65 with skills = {1,4} and cost = 359.7
   Vehicle #0 = 1, leaving at = 894.0
   Vehicle #1 = 15, leaving at = 868.0
   Increment on distance indicator: 15.0
   Increment on tard indicator:     0.0
   Value of tmax indicator:         15.0

Task for patient = 90 with skills = {1,-1} and cost = 354.7
   Vehicle #0 = 4, leaving at = 891.0
   Vehicle #1 = -1, leaving at = inf
   Increment on distance indicator: 10.0
   Increment on tard indicator:     0.0
   Value of tmax indicator:         10.0

Task for patient = 59 with skills = {2,3} and cost = 351.3
   Vehicle #0 = 0, leaving at = 969.0
   Vehicle #1 = 14, leaving at = 937.0
   Increment on distance indicator: 46.0
   Increment on tard indicator:     0.0
   Value of tmax indicator:         46.0

Task for patient = 49 with skills = {4,-1} and cost = 336.0
   Vehicle #0 = 16, leaving at = 973.0
   Vehicle #1 = -1, leaving at = inf
   Increment on distance indicator: 4.0
   Increment on tard indicator:     0.0
   Value of tmax indicator:         4.0

Task for patient = 76 with skills = {1,-1} and cost = 334.7
   Vehicle #0 = 6, leaving at = 881.0
   Vehicle #1 = -1, leaving at = inf
   Increment on distance indicator: 9.0
   Increment on tard indicator:     0.0
   Value of tmax indicator:         9.0

Task for patient = 73 with skills = {0,-1} and cost = 383.0
   Vehicle #0 = 1, leaving at = 999.0
   Vehicle #1 = -1, leaving at = inf
   Increment on distance indicator: 12.0
   Increment on tard indicator:     0.0
   Value of tmax indicator:         12.0

Task for patient = 20 with skills = {2,-1} and cost = 147.7
   Vehicle #0 = 4, leaving at = 659.0
   Vehicle #1 = -1, leaving at = inf
   Increment on distance indicator: 15.0
   Increment on tard indicator:     0.0
   Value of tmax indicator:         15.0

Task for patient = 52 with skills = {3,-1} and cost = 142.7
   Vehicle #0 = 16, leaving at = 606.0
   Vehicle #1 = -1, leaving at = inf
   Increment on distance indicator: 9.0
   Increment on tard indicator:     0.0
   Value of tmax indicator:         9.0

Task for patient = 37 with skills = {4,-1} and cost = 139.7
   Vehicle #0 = 15, leaving at = 641.0
   Vehicle #1 = -1, leaving at = inf
   Increment on distance indicator: 34.0
   Increment on tard indicator:     0.0
   Value of tmax indicator:         34.0

Task for patient = 71 with skills = {1,4} and cost = 128.3
   Vehicle #0 = 1, leaving at = 708.0
   Vehicle #1 = 11, leaving at = 749.0
   Increment on distance indicator: 32.0
   Increment on tard indicator:     0.0
   Value of tmax indicator:         32.0

Task for patient = 32 with skills = {1,-1} and cost = 117.7
   Vehicle #0 = 2, leaving at = 666.0
   Vehicle #1 = -1, leaving at = inf
   Increment on distance indicator: 3.0
   Increment on tard indicator:     0.0
   Value of tmax indicator:         3.0

Task for patient = 95 with skills = {1,-1} and cost = 116.7
   Vehicle #0 = 6, leaving at = 508.0
   Vehicle #1 = -1, leaving at = inf
   Increment on distance indicator: 33.0
   Increment on tard indicator:     0.0
   Value of tmax indicator:         33.0

Task for patient = 36 with skills = {2,-1} and cost = 105.7
   Vehicle #0 = 4, leaving at = 611.0
   Vehicle #1 = -1, leaving at = inf
   Increment on distance indicator: 7.0
   Increment on tard indicator:     0.0
   Value of tmax indicator:         7.0

Task for patient = 46 with skills = {0,-1} and cost = 103.3
   Vehicle #0 = 5, leaving at = 593.0
   Vehicle #1 = -1, leaving at = inf
   Increment on distance indicator: 19.0
   Increment on tard indicator:     0.0
   Value of tmax indicator:         19.0

Task for patient = 67 with skills = {5,-1} and cost = 97.0
   Vehicle #0 = 16, leaving at = 536.0
   Vehicle #1 = -1, leaving at = inf
   Increment on distance indicator: 9.0
   Increment on tard indicator:     0.0
   Value of tmax indicator:         9.0

Task for patient = 23 with skills = {1,3} and cost = 94.0
   Vehicle #0 = 1, leaving at = 672.0
   Vehicle #1 = 11, leaving at = 659.0
   Increment on distance indicator: 29.0
   Increment on tard indicator:     0.0
   Value of tmax indicator:         29.0

Task for patient = 2 with skills = {4,-1} and cost = 84.3
   Vehicle #0 = 15, leaving at = 547.0
   Vehicle #1 = -1, leaving at = inf
   Increment on distance indicator: 18.0
   Increment on tard indicator:     0.0
   Value of tmax indicator:         18.0

Task for patient = 72 with skills = {4,-1} and cost = 232.3
   Vehicle #0 = 18, leaving at = 702.0
   Vehicle #1 = -1, leaving at = inf
   Increment on distance indicator: 14.0
   Increment on tard indicator:     0.0
   Value of tmax indicator:         14.0

Task for patient = 85 with skills = {0,5} and cost = 74.3
   Vehicle #0 = 3, leaving at = 729.0
   Vehicle #1 = 13, leaving at = 715.0
   Increment on distance indicator: 14.0
   Increment on tard indicator:     0.0
   Value of tmax indicator:         14.0

Task for patient = 80 with skills = {0,-1} and cost = 69.7
   Vehicle #0 = 1, leaving at = 588.0
   Vehicle #1 = -1, leaving at = inf
   Increment on distance indicator: 7.0
   Increment on tard indicator:     0.0
   Value of tmax indicator:         7.0

Task for patient = 81 with skills = {4,-1} and cost = 67.3
   Vehicle #0 = 11, leaving at = 613.0
   Vehicle #1 = -1, leaving at = inf
   Increment on distance indicator: 17.0
   Increment on tard indicator:     0.0
   Value of tmax indicator:         17.0

Task for patient = 66 with skills = {1,5} and cost = 61.7
   Vehicle #0 = 0, leaving at = 752.0
   Vehicle #1 = 10, leaving at = 763.0
   Increment on distance indicator: 9.0
   Increment on tard indicator:     0.0
   Value of tmax indicator:         9.0

Task for patient = 53 with skills = {1,3} and cost = 58.7
   Vehicle #0 = 2, leaving at = 606.0
   Vehicle #1 = 12, leaving at = 613.0
   Increment on distance indicator: 16.0
   Increment on tard indicator:     0.0
   Value of tmax indicator:         16.0

Task for patient = 17 with skills = {3,-1} and cost = 53.3
   Vehicle #0 = 10, leaving at = 725.0
   Vehicle #1 = -1, leaving at = inf
   Increment on distance indicator: 3.0
   Increment on tard indicator:     0.0
   Value of tmax indicator:         3.0

Task for patient = 77 with skills = {0,3} and cost = 52.3
   Vehicle #0 = 1, leaving at = 550.0
   Vehicle #1 = 11, leaving at = 561.0
   Increment on distance indicator: 41.0
   Increment on tard indicator:     0.0
   Value of tmax indicator:         41.0

Task for patient = 92 with skills = {3,-1} and cost = 38.7
   Vehicle #0 = 11, leaving at = 528.0
   Vehicle #1 = -1, leaving at = inf
   Increment on distance indicator: 33.0
   Increment on tard indicator:     0.0
   Value of tmax indicator:         33.0

Task for patient = 54 with skills = {1,5} and cost = 27.7
   Vehicle #0 = 0, leaving at = 681.0
   Vehicle #1 = 10, leaving at = 692.0
   Increment on distance indicator: 14.0
   Increment on tard indicator:     0.0
   Value of tmax indicator:         14.0

Task for patient = 40 with skills = {2,5} and cost = 23.0
   Vehicle #0 = 0, leaving at = 618.0
   Vehicle #1 = 10, leaving at = 660.0
   Increment on distance indicator: 14.0
   Increment on tard indicator:     0.0
   Value of tmax indicator:         14.0

Task for patient = 10 with skills = {4,-1} and cost = 18.3
   Vehicle #0 = 10, leaving at = 615.0
   Vehicle #1 = -1, leaving at = inf
   Increment on distance indicator: 9.0
   Increment on tard indicator:     0.0
   Value of tmax indicator:         9.0

Task for patient = 29 with skills = {0,4} and cost = 15.3
   Vehicle #0 = 0, leaving at = 547.0
   Vehicle #1 = 10, leaving at = 575.0
   Increment on distance indicator: 46.0
   Increment on tard indicator:     0.0
   Value of tmax indicator:         46.0

Task for patient = 56 with skills = {1,3} and cost = 78.3
   Vehicle #0 = 4, leaving at = 582.0
   Vehicle #1 = 14, leaving at = 597.0
   Increment on distance indicator: 12.0
   Increment on tard indicator:     0.0
   Value of tmax indicator:         12.0

Task for patient = 57 with skills = {1,3} and cost = 227.7
   Vehicle #0 = 6, leaving at = 740.0
   Vehicle #1 = 16, leaving at = 742.0
   Increment on distance indicator: 18.0
   Increment on tard indicator:     0.0
   Value of tmax indicator:         18.0

Task for patient = 70 with skills = {1,-1} and cost = 221.7
   Vehicle #0 = 2, leaving at = 733.0
   Vehicle #1 = -1, leaving at = inf
   Increment on distance indicator: 10.0
   Increment on tard indicator:     0.0
   Value of tmax indicator:         10.0

Task for patient = 99 with skills = {4,-1} and cost = 218.3
   Vehicle #0 = 12, leaving at = 763.0
   Vehicle #1 = -1, leaving at = inf
   Increment on distance indicator: 3.0
   Increment on tard indicator:     0.0
   Value of tmax indicator:         3.0

Task for patient = 75 with skills = {2,5} and cost = 217.3
   Vehicle #0 = 0, leaving at = 813.0
   Vehicle #1 = 10, leaving at = 827.0
   Increment on distance indicator: 10.0
   Increment on tard indicator:     0.0
   Value of tmax indicator:         10.0

Task for patient = 27 with skills = {1,-1} and cost = 214.0
   Vehicle #0 = 0, leaving at = 769.0
   Vehicle #1 = -1, leaving at = inf
   Increment on distance indicator: 2.0
   Increment on tard indicator:     0.0
   Value of tmax indicator:         2.0

Task for patient = 91 with skills = {1,-1} and cost = 213.3
   Vehicle #0 = 7, leaving at = 813.0
   Vehicle #1 = -1, leaving at = inf
   Increment on distance indicator: 1.0
   Increment on tard indicator:     0.0
   Value of tmax indicator:         1.0

Task for patient = 18 with skills = {1,3} and cost = 213.0
   Vehicle #0 = 4, leaving at = 754.0
   Vehicle #1 = 15, leaving at = 812.0
   Increment on distance indicator: 7.0
   Increment on tard indicator:     0.0
   Value of tmax indicator:         7.0

Task for patient = 22 with skills = {0,-1} and cost = 210.7
   Vehicle #0 = 5, leaving at = 722.0
   Vehicle #1 = -1, leaving at = inf
   Increment on distance indicator: 3.0
   Increment on tard indicator:     0.0
   Value of tmax indicator:         3.0

Task for patient = 62 with skills = {0,-1} and cost = 209.7
   Vehicle #0 = 1, leaving at = 775.0
   Vehicle #1 = -1, leaving at = inf
   Increment on distance indicator: 15.0
   Increment on tard indicator:     0.0
   Value of tmax indicator:         15.0

Task for patient = 14 with skills = {5,-1} and cost = 204.7
   Vehicle #0 = 18, leaving at = 629.0
   Vehicle #1 = -1, leaving at = inf
   Increment on distance indicator: 13.0
   Increment on tard indicator:     0.0
   Value of tmax indicator:         13.0

Task for patient = 86 with skills = {0,-1} and cost = 200.3
   Vehicle #0 = 8, leaving at = 695.0
   Vehicle #1 = -1, leaving at = inf
   Increment on distance indicator: 9.0
   Increment on tard indicator:     0.0
   Value of tmax indicator:         9.0

Task for patient = 55 with skills = {0,-1} and cost = 153.3
   Vehicle #0 = 5, leaving at = 644.0
   Vehicle #1 = -1, leaving at = inf
   Increment on distance indicator: 17.0
   Increment on tard indicator:     0.0
   Value of tmax indicator:         17.0

Task for patient = 82 with skills = {3,-1} and cost = 195.7
   Vehicle #0 = 14, leaving at = 722.0
   Vehicle #1 = -1, leaving at = inf
   Increment on distance indicator: 3.0
   Increment on tard indicator:     0.0
   Value of tmax indicator:         3.0

Task for patient = 58 with skills = {0,-1} and cost = 194.7
   Vehicle #0 = 7, leaving at = 785.0
   Vehicle #1 = -1, leaving at = inf
   Increment on distance indicator: 5.0
   Increment on tard indicator:     0.0
   Value of tmax indicator:         5.0

Task for patient = 34 with skills = {0,-1} and cost = 193.0
   Vehicle #0 = 8, leaving at = 607.0
   Vehicle #1 = -1, leaving at = inf
   Increment on distance indicator: 12.0
   Increment on tard indicator:     0.0
   Value of tmax indicator:         12.0

Task for patient = 79 with skills = {1,-1} and cost = 189.0
   Vehicle #0 = 5, leaving at = 672.0
   Vehicle #1 = -1, leaving at = inf
   Increment on distance indicator: 3.0
   Increment on tard indicator:     0.0
   Value of tmax indicator:         3.0

Task for patient = 8 with skills = {3,-1} and cost = 188.0
   Vehicle #0 = 15, leaving at = 749.0
   Vehicle #1 = -1, leaving at = inf
   Increment on distance indicator: 4.0
   Increment on tard indicator:     0.0
   Value of tmax indicator:         4.0

Task for patient = 47 with skills = {5,-1} and cost = 186.7
   Vehicle #0 = 18, leaving at = 575.0
   Vehicle #1 = -1, leaving at = inf
   Increment on distance indicator: 8.0
   Increment on tard indicator:     0.0
   Value of tmax indicator:         8.0

Task for patient = 48 with skills = {5,-1} and cost = 184.0
   Vehicle #0 = 16, leaving at = 671.0
   Vehicle #1 = -1, leaving at = inf
   Increment on distance indicator: 22.0
   Increment on tard indicator:     0.0
   Value of tmax indicator:         22.0

Task for patient = 12 with skills = {0,-1} and cost = 176.7
   Vehicle #0 = 8, leaving at = 576.0
   Vehicle #1 = -1, leaving at = inf
   Increment on distance indicator: 14.0
   Increment on tard indicator:     0.0
   Value of tmax indicator:         14.0

Task for patient = 98 with skills = {4,-1} and cost = 172.0
   Vehicle #0 = 17, leaving at = 521.0
   Vehicle #1 = -1, leaving at = inf
   Increment on distance indicator: 12.0
   Increment on tard indicator:     0.0
   Value of tmax indicator:         12.0

Task for patient = 69 with skills = {2,-1} and cost = 168.0
   Vehicle #0 = 7, leaving at = 727.0
   Vehicle #1 = -1, leaving at = inf
   Increment on distance indicator: 11.0
   Increment on tard indicator:     0.0
   Value of tmax indicator:         11.0

Task for patient = 35 with skills = {2,5} and cost = 164.3
   Vehicle #0 = 4, leaving at = 714.0
   Vehicle #1 = 15, leaving at = 701.0
   Increment on distance indicator: 28.0
   Increment on tard indicator:     0.0
   Value of tmax indicator:         28.0

Task for patient = 45 with skills = {1,-1} and cost = 155.0
   Vehicle #0 = 7, leaving at = 669.0
   Vehicle #1 = -1, leaving at = inf
   Increment on distance indicator: 5.0
   Increment on tard indicator:     0.0
   Value of tmax indicator:         5.0

Task for patient = 9 with skills = {4,-1} and cost = 197.3
   Vehicle #0 = 16, leaving at = 691.0
   Vehicle #1 = -1, leaving at = inf
   Increment on distance indicator: 5.0
   Increment on tard indicator:     0.0
   Value of tmax indicator:         5.0


Unused vehicle list: 9 (total = 1 out of 20)

---
Search finished.
Total of 1900 generations in 111.2 seconds.
Exchange elite runs: 23
Implicit path relinking runs: 10
Reset attempts: 1

Best solution found:
   Cost: 557.0
   Total travel time: 1671.0
   Total tardiness time: 0.0
   Largest tardiness: 0.0


557.0
