This host is: shiva
--- BRKGA-MP-IPR for HHCRSP ---
Instance: /home/alberto/work/hhcrsp-dataset-2021/dataset2/HHCRSP_100_20_3_1.6_C_C.txt
Seed: 9

Reading data... Problem contains 100 patients  and 20 caregivers.

Summary of supply x demand for each service type:
Skill 0 has supply = 8 and demand = 24, ratio = 0.333333
Skill 1 has supply = 6 and demand = 22, ratio = 0.272727
Skill 2 has supply = 6 and demand = 12, ratio = 0.5
Skill 3 has supply = 6 and demand = 19, ratio = 0.315789
Skill 4 has supply = 10 and demand = 33, ratio = 0.30303
Skill 5 has supply = 8 and demand = 20, ratio = 0.4

Reading parameters...
Inferred distance function by PR type: kendall-tau
Building BRKGA data and initializing...
Evolving 1900 generations...

  Gens  Rem    Local   ElDiv NoImpr             Best solution            Time  Op
                                       Cost     Dist    Tard    TMax 
*    0 1900  1382.00  234.43      0  1382.00   863.00  2956.0   327.0     0.1    
*    2 1898  1101.00  196.23      0  1101.00   900.00  2161.0   242.0     0.3    
*    4 1896   814.67  172.89      0   814.67   885.00  1374.0   185.0     0.5    
*    8 1892   695.00  123.02      0   695.00   826.00   583.0   283.0     0.9    
*    9 1891   564.00  118.60      0   564.00   864.00   559.0    96.0     1.0    
*   10 1890   506.33  108.70      0   506.33   857.00   344.0    98.0     1.2    
*   11 1889   433.00   84.44      0   433.00   857.00   344.0    98.0     1.3    
*   13 1887   382.33   63.26      0   382.33   837.00   219.0    91.0     1.5    
*   15 1885   322.33   53.67      0   322.33   862.00    45.0    25.0     1.7    
*   16 1884   310.67   48.18      0   310.67   796.00     0.0     0.0     1.8    
*   17 1883   265.33   45.69      0   265.33   796.00     0.0     0.0     1.9    
*   22 1878   260.00   17.75      0   260.00   780.00     0.0     0.0     2.4    
*   24 1876   254.00   11.08      0   254.00   762.00     0.0     0.0     2.6    
*   27 1873   253.67    5.89      0   253.67   761.00     0.0     0.0     2.9    
*   32 1868   250.00    3.65      0   250.00   750.00     0.0     0.0     3.5    

  Gens  Rem    Local   ElDiv NoImpr             Best solution            Time  Op
                                       Cost     Dist    Tard    TMax 
*   35 1865   248.33    3.32      0   248.33   745.00     0.0     0.0     3.8    
*   37 1863   247.33    3.04      0   247.33   740.00     1.0     1.0     4.0    
*   39 1861   246.67    2.78      0   246.67   740.00     0.0     0.0     4.2    
*   43 1857   245.00    2.43      0   245.00   735.00     0.0     0.0     4.6    
*   48 1852   243.33    2.04      0   243.33   730.00     0.0     0.0     5.1    
    50 1850   243.33    1.94      2   243.33   730.00     0.0     0.0     5.3    
*   53 1847   239.00    1.81      0   239.00   717.00     0.0     0.0     5.6    
*   60 1840   237.67    2.08      0   237.67   713.00     0.0     0.0     6.4    
*   62 1838   237.33    2.23      0   237.33   710.00     1.0     1.0     6.6    
*   65 1835   235.67    2.20      0   235.67   707.00     0.0     0.0     6.9    
*   70 1830   235.00    2.16      0   235.00   702.00     0.0     0.0     7.4    
*   71 1829   234.00    2.09      0   234.00   702.00     0.0     0.0     7.5    
*   74 1826   231.33    2.24      0   231.33   694.00     0.0     0.0     7.8    
    80 1820   231.33    1.70      7   231.33   694.00     0.0     0.0     8.5   X
*   93 1807   229.00    1.61      0   229.00   687.00     0.0     0.0     9.8    
   100 1800   229.00    1.54      7   229.00   687.00     0.0     0.0    10.5    

  Gens  Rem    Local   ElDiv NoImpr             Best solution            Time  Op
                                       Cost     Dist    Tard    TMax 
*  148 1752   227.33    1.57      0   227.33   682.00     0.0     0.0    15.6    
   150 1750   227.33    1.59      2   227.33   682.00     0.0     0.0    15.8    
   160 1740   227.33    1.20     13   227.33   682.00     0.0     0.0    16.8   X
*  165 1735   227.00    1.27      0   227.00   679.00     1.0     1.0    17.3    
*  171 1729   224.00    1.39      0   224.00   672.00     0.0     0.0    17.9    
Path relinking result: elite improvement.
   180 1720   224.00    1.61     10   224.00   672.00     0.0     0.0    18.9   P
*  192 1708   223.00    1.69      0   223.00   669.00     0.0     0.0    20.2    
*  200 1700   219.00    1.75      0   219.00   651.00     4.0     2.0    21.0    
*  206 1694   217.67    1.83      0   217.67   653.00     0.0     0.0    21.6    
*  234 1666   215.67    2.04      0   215.67   647.00     0.0     0.0    24.5    
*  238 1662   215.00    2.26      0   215.00   645.00     0.0     0.0    25.0    
   240 1660   215.00    1.64      3   215.00   645.00     0.0     0.0    25.2   X
*  249 1651   214.33    1.39      0   214.33   643.00     0.0     0.0    26.1    
   250 1650   214.33    1.45      1   214.33   643.00     0.0     0.0    26.2    
*  251 1649   212.67    1.44      0   212.67   638.00     0.0     0.0    26.3    
*  257 1643   211.00    1.38      0   211.00   629.00     3.0     1.0    26.9    

  Gens  Rem    Local   ElDiv NoImpr             Best solution            Time  Op
                                       Cost     Dist    Tard    TMax 
*  265 1635   210.33    1.35      0   210.33   631.00     0.0     0.0    27.8    
*  270 1630   209.67    1.30      0   209.67   629.00     0.0     0.0    28.3    
*  274 1626   209.00    1.31      0   209.00   627.00     0.0     0.0    28.7    
*  279 1621   206.33    1.69      0   206.33   614.00     1.0     1.0    29.2    
*  280 1620   205.33    1.71      0   205.33   614.00     1.0     1.0    29.3    
*  293 1607   204.00    1.93      0   204.00   612.00     0.0     0.0    30.7    
   300 1600   204.00    2.04      7   204.00   612.00     0.0     0.0    31.4    
*  304 1596   203.00    2.10      0   203.00   609.00     0.0     0.0    31.8    
*  312 1588   202.33    2.18      0   202.33   603.00     0.0     0.0    32.7    
*  313 1587   201.00    2.19      0   201.00   603.00     0.0     0.0    32.8    
   320 1580   201.00    0.69      8   201.00   603.00     0.0     0.0    33.5   X
*  322 1578   199.67    0.69      0   199.67   599.00     0.0     0.0    33.7    
*  334 1566   199.33    1.21      0   199.33   598.00     0.0     0.0    35.0    
*  340 1560   199.00    1.37      0   199.00   597.00     0.0     0.0    35.6    
*  346 1554   198.67    1.02      0   198.67   596.00     0.0     0.0    36.2    
   350 1550   198.67    0.66      4   198.67   596.00     0.0     0.0    36.6    

  Gens  Rem    Local   ElDiv NoImpr             Best solution            Time  Op
                                       Cost     Dist    Tard    TMax 
*  351 1549   198.33    0.54      0   198.33   594.00     0.0     0.0    36.7    
*  352 1548   198.00    0.46      0   198.00   594.00     0.0     0.0    36.8    
*  359 1541   197.67    0.63      0   197.67   593.00     0.0     0.0    37.6    
Path relinking result: elite improvement.
   360 1540   197.67    0.63      2   197.67   593.00     0.0     0.0    37.7   P
*  366 1534   197.33    0.69      0   197.33   592.00     0.0     0.0    38.3    
*  375 1525   197.00    0.75      0   197.00   591.00     0.0     0.0    39.3    
   400 1500   197.00    0.27     25   197.00   591.00     0.0     0.0    41.8    
   400 1500   197.00    0.16     26   197.00   591.00     0.0     0.0    41.8   X
   450 1450   197.00    0.00     75   197.00   591.00     0.0     0.0    47.1    
   454 1446      inf  275.61      0   197.00   591.00     0.0     0.0    47.5   R
   455 1445  1579.33  237.41      0   197.00   591.00     0.0     0.0    47.6    
   480 1420   255.33    3.80      4   197.00   591.00     0.0     0.0    50.2   X
   500 1400   244.33    2.30      2   197.00   591.00     0.0     0.0    52.3    
Path relinking result: best improvement.
   540 1360   226.67    3.44      0   197.00   591.00     0.0     0.0    56.5   P
   550 1350   221.67    4.33      5   197.00   591.00     0.0     0.0    57.6    
   560 1340   221.67    3.98     16   197.00   591.00     0.0     0.0    58.6   X

  Gens  Rem    Local   ElDiv NoImpr             Best solution            Time  Op
                                       Cost     Dist    Tard    TMax 
   600 1300   212.33    2.21      0   197.00   591.00     0.0     0.0    62.8    
   640 1260   208.33    1.95      2   197.00   591.00     0.0     0.0    66.9   X
   650 1250   207.33    1.57      3   197.00   591.00     0.0     0.0    68.0    
   700 1200   201.67    1.74      5   197.00   591.00     0.0     0.0    73.2    
Path relinking result: elite improvement.
   720 1180   199.00    0.45      8   197.00   591.00     0.0     0.0    75.2  PX
*  749 1151   196.67    0.98      0   196.67   590.00     0.0     0.0    78.2    
   750 1150   196.67    1.04      1   196.67   590.00     0.0     0.0    78.3    
*  752 1148   196.33    1.17      0   196.33   589.00     0.0     0.0    78.6    
*  757 1143   196.00    1.35      0   196.00   588.00     0.0     0.0    79.1    
*  761 1139   195.67    1.40      0   195.67   587.00     0.0     0.0    79.5    
   800 1100   195.67    1.10     39   195.67   587.00     0.0     0.0    83.5    
   800 1100   195.67    1.10     40   195.67   587.00     0.0     0.0    83.5   X
*  816 1084   195.33    0.03      0   195.33   586.00     0.0     0.0    85.2    
   850 1050   195.33    0.16     34   195.33   586.00     0.0     0.0    88.7    
   880 1020   195.33    0.00     65   195.33   586.00     0.0     0.0    91.8   X
   895 1005      inf  294.63      0   195.33   586.00     0.0     0.0    93.4   R

  Gens  Rem    Local   ElDiv NoImpr             Best solution            Time  Op
                                       Cost     Dist    Tard    TMax 
   896 1004  1423.00  237.57      0   195.33   586.00     0.0     0.0    93.5    
   900 1000  1037.67  160.85      1   195.33   586.00     0.0     0.0    93.9    
Path relinking result: best improvement.
   900 1000   755.67  173.42      0   195.33   586.00     0.0     0.0    93.9   P
   950  950   235.67    2.20      2   195.33   586.00     0.0     0.0    99.2    
   960  940   235.67    1.88     13   195.33   586.00     0.0     0.0   100.2   X
  1000  900   228.00    1.90     12   195.33   586.00     0.0     0.0   104.4    
  1040  860   228.00    1.59     53   195.33   586.00     0.0     0.0   108.6   X
  1050  850   228.00    1.47     62   195.33   586.00     0.0     0.0   109.6    
Path relinking result: best improvement.
  1080  820   224.33    1.49      0   195.33   586.00     0.0     0.0   112.8   P
  1100  800   222.00    1.56     12   195.33   586.00     0.0     0.0   114.8    
  1120  780   222.00    1.37     33   195.33   586.00     0.0     0.0   116.9   X
  1150  750   220.67    1.37      0   195.33   586.00     0.0     0.0   120.1    
  1200  700   215.67    1.62     32   195.33   586.00     0.0     0.0   125.3    
  1200  700   215.67    1.51     33   195.33   586.00     0.0     0.0   125.3   X
  1250  650   215.00    1.40      4   195.33   586.00     0.0     0.0   130.5    
Path relinking result: elite improvement.
  1260  640   212.33    1.45      1   195.33   586.00     0.0     0.0   131.6   P

  Gens  Rem    Local   ElDiv NoImpr             Best solution            Time  Op
                                       Cost     Dist    Tard    TMax 
  1280  620   212.33    1.20     21   195.33   586.00     0.0     0.0   133.6   X
  1300  600   210.67    1.19      7   195.33   586.00     0.0     0.0   135.7    
  1350  550   207.67    1.15     42   195.33   586.00     0.0     0.0   140.9    
  1360  540   207.67    1.00     53   195.33   586.00     0.0     0.0   142.0   X
  1400  500   203.00    1.15      3   195.33   586.00     0.0     0.0   146.1    
Path relinking result: elite improvement.
  1440  460   201.67    0.31     13   195.33   586.00     0.0     0.0   150.3  PX
  1450  450   201.67    0.23     22   195.33   586.00     0.0     0.0   151.4    
  1500  400   201.67    0.00     72   195.33   586.00     0.0     0.0   156.6    
  1507  393      inf  247.93      0   195.33   586.00     0.0     0.0   157.3   R
  1508  392  1377.67  222.18      0   195.33   586.00     0.0     0.0   157.5    
  1520  380   346.67   59.64      0   195.33   586.00     0.0     0.0   158.7   X
  1550  350   245.00    2.22      4   195.33   586.00     0.0     0.0   161.9    
  1600  300   222.00    3.16      7   195.33   586.00     0.0     0.0   167.1    
  1600  300   222.00    2.24      8   195.33   586.00     0.0     0.0   167.1   X
Path relinking result: elite improvement.
  1620  280   216.67    2.57      8   195.33   586.00     0.0     0.0   169.2   P
  1650  250   210.00    1.88      1   195.33   586.00     0.0     0.0   172.3    

  Gens  Rem    Local   ElDiv NoImpr             Best solution            Time  Op
                                       Cost     Dist    Tard    TMax 
  1680  220   205.33    1.28      1   195.33   586.00     0.0     0.0   175.5   X
  1700  200   202.67    1.22      4   195.33   586.00     0.0     0.0   177.6    
  1750  150   199.67    1.95      4   195.33   586.00     0.0     0.0   182.8    
  1760  140   199.33    0.16      9   195.33   586.00     0.0     0.0   183.9   X
  1800  100   198.33    0.27     12   195.33   586.00     0.0     0.0   188.1    
Path relinking result: elite improvement.
  1800  100   198.33    0.27     13   195.33   586.00     0.0     0.0   188.1   P
  1840   60   198.00    0.16     16   195.33   586.00     0.0     0.0   192.3   X
  1850   50   198.00    0.00     25   195.33   586.00     0.0     0.0   193.3    
  1900    0   197.33    0.00     42   195.33   586.00     0.0     0.0   198.4    
Evolutionary process finished.
Solution written to 'solution-16606.txt'.

Sorted sequence of worst to best tardiness value:
Task for patient = 6 with skills = {2,-1} and cost = 116.7
   Vehicle #0 = 4, leaving at = 977.0
   Vehicle #1 = -1, leaving at = inf
   Increment on distance indicator: 3.0
   Increment on tard indicator:     0.0
   Value of tmax indicator:         3.0

Task for patient = 74 with skills = {5,-1} and cost = 115.7
   Vehicle #0 = 12, leaving at = 941.0
   Vehicle #1 = -1, leaving at = inf
   Increment on distance indicator: 3.0
   Increment on tard indicator:     0.0
   Value of tmax indicator:         3.0

Task for patient = 75 with skills = {1,-1} and cost = 114.7
   Vehicle #0 = 6, leaving at = 1016.0
   Vehicle #1 = -1, leaving at = inf
   Increment on distance indicator: 3.0
   Increment on tard indicator:     0.0
   Value of tmax indicator:         3.0

Task for patient = 89 with skills = {5,-1} and cost = 113.7
   Vehicle #0 = 13, leaving at = 979.0
   Vehicle #1 = -1, leaving at = inf
   Increment on distance indicator: 4.0
   Increment on tard indicator:     0.0
   Value of tmax indicator:         4.0

Task for patient = 73 with skills = {1,-1} and cost = 112.3
   Vehicle #0 = 5, leaving at = 1075.0
   Vehicle #1 = -1, leaving at = inf
   Increment on distance indicator: 2.0
   Increment on tard indicator:     0.0
   Value of tmax indicator:         2.0

Task for patient = 43 with skills = {4,-1} and cost = 111.7
   Vehicle #0 = 18, leaving at = 910.0
   Vehicle #1 = -1, leaving at = inf
   Increment on distance indicator: 1.0
   Increment on tard indicator:     0.0
   Value of tmax indicator:         1.0

Task for patient = 42 with skills = {1,3} and cost = 111.3
   Vehicle #0 = 6, leaving at = 959.0
   Vehicle #1 = 14, leaving at = 959.0
   Increment on distance indicator: 7.0
   Increment on tard indicator:     0.0
   Value of tmax indicator:         7.0

Task for patient = 63 with skills = {4,-1} and cost = 109.0
   Vehicle #0 = 18, leaving at = 881.0
   Vehicle #1 = -1, leaving at = inf
   Increment on distance indicator: 3.0
   Increment on tard indicator:     0.0
   Value of tmax indicator:         3.0

Task for patient = 34 with skills = {1,4} and cost = 108.0
   Vehicle #0 = 0, leaving at = 972.0
   Vehicle #1 = 10, leaving at = 972.0
   Increment on distance indicator: 16.0
   Increment on tard indicator:     0.0
   Value of tmax indicator:         16.0

Task for patient = 67 with skills = {1,-1} and cost = 102.7
   Vehicle #0 = 5, leaving at = 1013.0
   Vehicle #1 = -1, leaving at = inf
   Increment on distance indicator: 4.0
   Increment on tard indicator:     0.0
   Value of tmax indicator:         4.0

Task for patient = 27 with skills = {2,-1} and cost = 101.3
   Vehicle #0 = 4, leaving at = 951.0
   Vehicle #1 = -1, leaving at = inf
   Increment on distance indicator: 4.0
   Increment on tard indicator:     0.0
   Value of tmax indicator:         4.0

Task for patient = 57 with skills = {5,-1} and cost = 159.3
   Vehicle #0 = 15, leaving at = 1110.0
   Vehicle #1 = -1, leaving at = inf
   Increment on distance indicator: 3.0
   Increment on tard indicator:     0.0
   Value of tmax indicator:         3.0

Task for patient = 32 with skills = {2,-1} and cost = 98.0
   Vehicle #0 = 3, leaving at = 830.0
   Vehicle #1 = -1, leaving at = inf
   Increment on distance indicator: 4.0
   Increment on tard indicator:     0.0
   Value of tmax indicator:         4.0

Task for patient = 60 with skills = {4,-1} and cost = 96.7
   Vehicle #0 = 16, leaving at = 824.0
   Vehicle #1 = -1, leaving at = inf
   Increment on distance indicator: 3.0
   Increment on tard indicator:     0.0
   Value of tmax indicator:         3.0

Task for patient = 65 with skills = {3,-1} and cost = 95.7
   Vehicle #0 = 10, leaving at = 938.0
   Vehicle #1 = -1, leaving at = inf
   Increment on distance indicator: 4.0
   Increment on tard indicator:     0.0
   Value of tmax indicator:         4.0

Task for patient = 5 with skills = {4,-1} and cost = 94.3
   Vehicle #0 = 17, leaving at = 710.0
   Vehicle #1 = -1, leaving at = inf
   Increment on distance indicator: 8.0
   Increment on tard indicator:     0.0
   Value of tmax indicator:         8.0

Task for patient = 99 with skills = {0,4} and cost = 91.7
   Vehicle #0 = 4, leaving at = 871.0
   Vehicle #1 = 10, leaving at = 886.0
   Increment on distance indicator: 5.0
   Increment on tard indicator:     0.0
   Value of tmax indicator:         5.0

Task for patient = 29 with skills = {3,-1} and cost = 90.0
   Vehicle #0 = 18, leaving at = 862.0
   Vehicle #1 = -1, leaving at = inf
   Increment on distance indicator: 1.0
   Increment on tard indicator:     0.0
   Value of tmax indicator:         1.0

Task for patient = 52 with skills = {4,-1} and cost = 89.7
   Vehicle #0 = 15, leaving at = 834.0
   Vehicle #1 = -1, leaving at = inf
   Increment on distance indicator: 3.0
   Increment on tard indicator:     0.0
   Value of tmax indicator:         3.0

Task for patient = 94 with skills = {0,-1} and cost = 88.7
   Vehicle #0 = 4, leaving at = 819.0
   Vehicle #1 = -1, leaving at = inf
   Increment on distance indicator: 2.0
   Increment on tard indicator:     0.0
   Value of tmax indicator:         2.0

Task for patient = 30 with skills = {1,-1} and cost = 88.0
   Vehicle #0 = 6, leaving at = 815.0
   Vehicle #1 = -1, leaving at = inf
   Increment on distance indicator: 2.0
   Increment on tard indicator:     0.0
   Value of tmax indicator:         2.0

Task for patient = 58 with skills = {3,-1} and cost = 87.3
   Vehicle #0 = 14, leaving at = 928.0
   Vehicle #1 = -1, leaving at = inf
   Increment on distance indicator: 2.0
   Increment on tard indicator:     0.0
   Value of tmax indicator:         2.0

Task for patient = 68 with skills = {1,4} and cost = 86.7
   Vehicle #0 = 6, leaving at = 795.0
   Vehicle #1 = 18, leaving at = 839.0
   Increment on distance indicator: 5.0
   Increment on tard indicator:     0.0
   Value of tmax indicator:         5.0

Task for patient = 13 with skills = {3,-1} and cost = 85.0
   Vehicle #0 = 15, leaving at = 779.0
   Vehicle #1 = -1, leaving at = inf
   Increment on distance indicator: 3.0
   Increment on tard indicator:     0.0
   Value of tmax indicator:         3.0

Task for patient = 76 with skills = {1,5} and cost = 100.0
   Vehicle #0 = 7, leaving at = 766.0
   Vehicle #1 = 17, leaving at = 766.0
   Increment on distance indicator: 6.0
   Increment on tard indicator:     0.0
   Value of tmax indicator:         6.0

Task for patient = 21 with skills = {0,4} and cost = 158.3
   Vehicle #0 = 6, leaving at = 1179.0
   Vehicle #1 = 10, leaving at = 1179.0
   Increment on distance indicator: 7.0
   Increment on tard indicator:     0.0
   Value of tmax indicator:         7.0

Task for patient = 66 with skills = {0,5} and cost = 156.0
   Vehicle #0 = 7, leaving at = 971.0
   Vehicle #1 = 17, leaving at = 971.0
   Increment on distance indicator: 11.0
   Increment on tard indicator:     0.0
   Value of tmax indicator:         11.0

Task for patient = 12 with skills = {0,-1} and cost = 152.3
   Vehicle #0 = 4, leaving at = 1143.0
   Vehicle #1 = -1, leaving at = inf
   Increment on distance indicator: 3.0
   Increment on tard indicator:     0.0
   Value of tmax indicator:         3.0

Task for patient = 17 with skills = {1,-1} and cost = 151.3
   Vehicle #0 = 3, leaving at = 1031.0
   Vehicle #1 = -1, leaving at = inf
   Increment on distance indicator: 5.0
   Increment on tard indicator:     0.0
   Value of tmax indicator:         5.0

Task for patient = 48 with skills = {1,-1} and cost = 149.7
   Vehicle #0 = 3, leaving at = 1006.0
   Vehicle #1 = -1, leaving at = inf
   Increment on distance indicator: 4.0
   Increment on tard indicator:     0.0
   Value of tmax indicator:         4.0

Task for patient = 50 with skills = {5,-1} and cost = 148.3
   Vehicle #0 = 14, leaving at = 1139.0
   Vehicle #1 = -1, leaving at = inf
   Increment on distance indicator: 2.0
   Increment on tard indicator:     0.0
   Value of tmax indicator:         2.0

Task for patient = 91 with skills = {0,5} and cost = 147.7
   Vehicle #0 = 0, leaving at = 1122.0
   Vehicle #1 = 13, leaving at = 1122.0
   Increment on distance indicator: 6.0
   Increment on tard indicator:     0.0
   Value of tmax indicator:         6.0

Task for patient = 8 with skills = {4,-1} and cost = 145.7
   Vehicle #0 = 13, leaving at = 1078.0
   Vehicle #1 = -1, leaving at = inf
   Increment on distance indicator: 3.0
   Increment on tard indicator:     0.0
   Value of tmax indicator:         3.0

Task for patient = 59 with skills = {2,3} and cost = 144.7
   Vehicle #0 = 0, leaving at = 1023.0
   Vehicle #1 = 13, leaving at = 1023.0
   Increment on distance indicator: 11.0
   Increment on tard indicator:     0.0
   Value of tmax indicator:         11.0

Task for patient = 93 with skills = {1,-1} and cost = 141.0
   Vehicle #0 = 6, leaving at = 1134.0
   Vehicle #1 = -1, leaving at = inf
   Increment on distance indicator: 2.0
   Increment on tard indicator:     0.0
   Value of tmax indicator:         2.0

Task for patient = 85 with skills = {1,-1} and cost = 140.3
   Vehicle #0 = 7, leaving at = 936.0
   Vehicle #1 = -1, leaving at = inf
   Increment on distance indicator: 7.0
   Increment on tard indicator:     0.0
   Value of tmax indicator:         7.0

Task for patient = 56 with skills = {3,-1} and cost = 117.3
   Vehicle #0 = 18, leaving at = 967.0
   Vehicle #1 = -1, leaving at = inf
   Increment on distance indicator: 2.0
   Increment on tard indicator:     0.0
   Value of tmax indicator:         2.0

Task for patient = 11 with skills = {0,5} and cost = 136.0
   Vehicle #0 = 4, leaving at = 1093.0
   Vehicle #1 = 18, leaving at = 1130.0
   Increment on distance indicator: 4.0
   Increment on tard indicator:     0.0
   Value of tmax indicator:         4.0

Task for patient = 10 with skills = {2,3} and cost = 134.7
   Vehicle #0 = 4, leaving at = 1061.0
   Vehicle #1 = 16, leaving at = 1061.0
   Increment on distance indicator: 5.0
   Increment on tard indicator:     0.0
   Value of tmax indicator:         5.0

Task for patient = 36 with skills = {3,-1} and cost = 133.0
   Vehicle #0 = 15, leaving at = 1082.0
   Vehicle #1 = -1, leaving at = inf
   Increment on distance indicator: 2.0
   Increment on tard indicator:     0.0
   Value of tmax indicator:         2.0

Task for patient = 44 with skills = {1,4} and cost = 132.3
   Vehicle #0 = 6, leaving at = 1106.0
   Vehicle #1 = 14, leaving at = 1110.0
   Increment on distance indicator: 4.0
   Increment on tard indicator:     0.0
   Value of tmax indicator:         4.0

Task for patient = 72 with skills = {3,-1} and cost = 131.0
   Vehicle #0 = 15, leaving at = 1024.0
   Vehicle #1 = -1, leaving at = inf
   Increment on distance indicator: 5.0
   Increment on tard indicator:     0.0
   Value of tmax indicator:         5.0

Task for patient = 14 with skills = {2,4} and cost = 129.3
   Vehicle #0 = 3, leaving at = 970.0
   Vehicle #1 = 15, leaving at = 970.0
   Increment on distance indicator: 12.0
   Increment on tard indicator:     0.0
   Value of tmax indicator:         12.0

Task for patient = 41 with skills = {4,-1} and cost = 125.3
   Vehicle #0 = 12, leaving at = 1031.0
   Vehicle #1 = -1, leaving at = inf
   Increment on distance indicator: 2.0
   Increment on tard indicator:     0.0
   Value of tmax indicator:         2.0

Task for patient = 18 with skills = {2,5} and cost = 124.7
   Vehicle #0 = 4, leaving at = 1023.0
   Vehicle #1 = 18, leaving at = 1067.0
   Increment on distance indicator: 4.0
   Increment on tard indicator:     0.0
   Value of tmax indicator:         4.0

Task for patient = 92 with skills = {0,4} and cost = 123.3
   Vehicle #0 = 3, leaving at = 895.0
   Vehicle #1 = 15, leaving at = 895.0
   Increment on distance indicator: 10.0
   Increment on tard indicator:     0.0
   Value of tmax indicator:         10.0

Task for patient = 90 with skills = {5,-1} and cost = 120.0
   Vehicle #0 = 18, leaving at = 1019.0
   Vehicle #1 = -1, leaving at = inf
   Increment on distance indicator: 2.0
   Increment on tard indicator:     0.0
   Value of tmax indicator:         2.0

Task for patient = 70 with skills = {5,-1} and cost = 119.3
   Vehicle #0 = 12, leaving at = 988.0
   Vehicle #1 = -1, leaving at = inf
   Increment on distance indicator: 4.0
   Increment on tard indicator:     0.0
   Value of tmax indicator:         4.0

Task for patient = 25 with skills = {1,-1} and cost = 118.0
   Vehicle #0 = 6, leaving at = 1062.0
   Vehicle #1 = -1, leaving at = inf
   Increment on distance indicator: 2.0
   Increment on tard indicator:     0.0
   Value of tmax indicator:         2.0

Task for patient = 61 with skills = {5,-1} and cost = 138.0
   Vehicle #0 = 10, leaving at = 1010.0
   Vehicle #1 = -1, leaving at = inf
   Increment on distance indicator: 6.0
   Increment on tard indicator:     0.0
   Value of tmax indicator:         6.0

Task for patient = 84 with skills = {1,-1} and cost = 45.7
   Vehicle #0 = 6, leaving at = 732.0
   Vehicle #1 = -1, leaving at = inf
   Increment on distance indicator: 1.0
   Increment on tard indicator:     0.0
   Value of tmax indicator:         1.0

Task for patient = 35 with skills = {3,-1} and cost = 45.3
   Vehicle #0 = 13, leaving at = 802.0
   Vehicle #1 = -1, leaving at = inf
   Increment on distance indicator: 4.0
   Increment on tard indicator:     0.0
   Value of tmax indicator:         4.0

Task for patient = 46 with skills = {3,-1} and cost = 44.0
   Vehicle #0 = 15, leaving at = 695.0
   Vehicle #1 = -1, leaving at = inf
   Increment on distance indicator: 5.0
   Increment on tard indicator:     0.0
   Value of tmax indicator:         5.0

Task for patient = 38 with skills = {3,-1} and cost = 42.3
   Vehicle #0 = 13, leaving at = 738.0
   Vehicle #1 = -1, leaving at = inf
   Increment on distance indicator: 7.0
   Increment on tard indicator:     0.0
   Value of tmax indicator:         7.0

Task for patient = 39 with skills = {4,-1} and cost = 40.0
   Vehicle #0 = 10, leaving at = 824.0
   Vehicle #1 = -1, leaving at = inf
   Increment on distance indicator: 2.0
   Increment on tard indicator:     0.0
   Value of tmax indicator:         2.0

Task for patient = 87 with skills = {2,3} and cost = 39.3
   Vehicle #0 = 1, leaving at = 644.0
   Vehicle #1 = 15, leaving at = 644.0
   Increment on distance indicator: 4.0
   Increment on tard indicator:     0.0
   Value of tmax indicator:         4.0

Task for patient = 51 with skills = {4,-1} and cost = 38.0
   Vehicle #0 = 12, leaving at = 748.0
   Vehicle #1 = -1, leaving at = inf
   Increment on distance indicator: 3.0
   Increment on tard indicator:     0.0
   Value of tmax indicator:         3.0

Task for patient = 23 with skills = {4,-1} and cost = 37.0
   Vehicle #0 = 15, leaving at = 558.0
   Vehicle #1 = -1, leaving at = inf
   Increment on distance indicator: 2.0
   Increment on tard indicator:     0.0
   Value of tmax indicator:         2.0

Task for patient = 16 with skills = {0,3} and cost = 36.3
   Vehicle #0 = 0, leaving at = 751.0
   Vehicle #1 = 10, leaving at = 763.0
   Increment on distance indicator: 4.0
   Increment on tard indicator:     0.0
   Value of tmax indicator:         4.0

Task for patient = 82 with skills = {2,3} and cost = 35.0
   Vehicle #0 = 1, leaving at = 537.0
   Vehicle #1 = 15, leaving at = 537.0
   Increment on distance indicator: 16.0
   Increment on tard indicator:     0.0
   Value of tmax indicator:         16.0

Task for patient = 40 with skills = {0,4} and cost = 29.7
   Vehicle #0 = 6, leaving at = 710.0
   Vehicle #1 = 14, leaving at = 710.0
   Increment on distance indicator: 4.0
   Increment on tard indicator:     0.0
   Value of tmax indicator:         4.0

Task for patient = 15 with skills = {4,-1} and cost = 84.0
   Vehicle #0 = 14, leaving at = 895.0
   Vehicle #1 = -1, leaving at = inf
   Increment on distance indicator: 2.0
   Increment on tard indicator:     0.0
   Value of tmax indicator:         2.0

Task for patient = 3 with skills = {0,5} and cost = 27.0
   Vehicle #0 = 6, leaving at = 529.0
   Vehicle #1 = 14, leaving at = 550.0
   Increment on distance indicator: 16.0
   Increment on tard indicator:     0.0
   Value of tmax indicator:         16.0

Task for patient = 2 with skills = {3,-1} and cost = 21.7
   Vehicle #0 = 13, leaving at = 692.0
   Vehicle #1 = -1, leaving at = inf
   Increment on distance indicator: 6.0
   Increment on tard indicator:     0.0
   Value of tmax indicator:         6.0

Task for patient = 31 with skills = {0,4} and cost = 19.7
   Vehicle #0 = 4, leaving at = 631.0
   Vehicle #1 = 12, leaving at = 665.0
   Increment on distance indicator: 8.0
   Increment on tard indicator:     0.0
   Value of tmax indicator:         8.0

Task for patient = 37 with skills = {1,-1} and cost = 17.0
   Vehicle #0 = 5, leaving at = 539.0
   Vehicle #1 = -1, leaving at = inf
   Increment on distance indicator: 6.0
   Increment on tard indicator:     0.0
   Value of tmax indicator:         6.0

Task for patient = 78 with skills = {3,-1} and cost = 15.0
   Vehicle #0 = 13, leaving at = 653.0
   Vehicle #1 = -1, leaving at = inf
   Increment on distance indicator: 8.0
   Increment on tard indicator:     0.0
   Value of tmax indicator:         8.0

Task for patient = 98 with skills = {1,5} and cost = 12.3
   Vehicle #0 = 3, leaving at = 649.0
   Vehicle #1 = 12, leaving at = 630.0
   Increment on distance indicator: 4.0
   Increment on tard indicator:     0.0
   Value of tmax indicator:         4.0

Task for patient = 69 with skills = {4,-1} and cost = 11.0
   Vehicle #0 = 12, leaving at = 609.0
   Vehicle #1 = -1, leaving at = inf
   Increment on distance indicator: 6.0
   Increment on tard indicator:     0.0
   Value of tmax indicator:         6.0

Task for patient = 20 with skills = {1,-1} and cost = 9.0
   Vehicle #0 = 3, leaving at = 576.0
   Vehicle #1 = -1, leaving at = inf
   Increment on distance indicator: 1.0
   Increment on tard indicator:     0.0
   Value of tmax indicator:         1.0

Task for patient = 7 with skills = {0,-1} and cost = 8.7
   Vehicle #0 = 3, leaving at = 531.0
   Vehicle #1 = -1, leaving at = inf
   Increment on distance indicator: 8.0
   Increment on tard indicator:     0.0
   Value of tmax indicator:         8.0

Task for patient = 77 with skills = {0,4} and cost = 6.0
   Vehicle #0 = 2, leaving at = 791.0
   Vehicle #1 = 11, leaving at = 853.0
   Increment on distance indicator: 0.0
   Increment on tard indicator:     0.0
   Value of tmax indicator:         0.0

Task for patient = 86 with skills = {0,3} and cost = 6.0
   Vehicle #0 = 0, leaving at = 694.0
   Vehicle #1 = 10, leaving at = 729.0
   Increment on distance indicator: 4.0
   Increment on tard indicator:     0.0
   Value of tmax indicator:         4.0

Task for patient = 28 with skills = {0,4} and cost = 4.7
   Vehicle #0 = 0, leaving at = 542.0
   Vehicle #1 = 10, leaving at = 561.0
   Increment on distance indicator: 14.0
   Increment on tard indicator:     0.0
   Value of tmax indicator:         14.0

Task for patient = 88 with skills = {0,4} and cost = 28.3
   Vehicle #0 = 6, leaving at = 662.0
   Vehicle #1 = 14, leaving at = 662.0
   Increment on distance indicator: 4.0
   Increment on tard indicator:     0.0
   Value of tmax indicator:         4.0

Task for patient = 19 with skills = {0,-1} and cost = 83.3
   Vehicle #0 = 4, leaving at = 758.0
   Vehicle #1 = -1, leaving at = inf
   Increment on distance indicator: 4.0
   Increment on tard indicator:     0.0
   Value of tmax indicator:         4.0

Task for patient = 54 with skills = {4,-1} and cost = 82.0
   Vehicle #0 = 15, leaving at = 731.0
   Vehicle #1 = -1, leaving at = inf
   Increment on distance indicator: 3.0
   Increment on tard indicator:     0.0
   Value of tmax indicator:         3.0

Task for patient = 100 with skills = {0,-1} and cost = 81.0
   Vehicle #0 = 7, leaving at = 621.0
   Vehicle #1 = -1, leaving at = inf
   Increment on distance indicator: 10.0
   Increment on tard indicator:     0.0
   Value of tmax indicator:         10.0

Task for patient = 22 with skills = {5,-1} and cost = 77.7
   Vehicle #0 = 18, leaving at = 728.0
   Vehicle #1 = -1, leaving at = inf
   Increment on distance indicator: 5.0
   Increment on tard indicator:     0.0
   Value of tmax indicator:         5.0

Task for patient = 47 with skills = {1,-1} and cost = 76.0
   Vehicle #0 = 6, leaving at = 752.0
   Vehicle #1 = -1, leaving at = inf
   Increment on distance indicator: 3.0
   Increment on tard indicator:     0.0
   Value of tmax indicator:         3.0

Task for patient = 33 with skills = {4,-1} and cost = 75.0
   Vehicle #0 = 18, leaving at = 673.0
   Vehicle #1 = -1, leaving at = inf
   Increment on distance indicator: 7.0
   Increment on tard indicator:     0.0
   Value of tmax indicator:         7.0

Task for patient = 26 with skills = {2,5} and cost = 72.7
   Vehicle #0 = 0, leaving at = 889.0
   Vehicle #1 = 13, leaving at = 941.0
   Increment on distance indicator: 5.0
   Increment on tard indicator:     0.0
   Value of tmax indicator:         5.0

Task for patient = 45 with skills = {0,5} and cost = 71.0
   Vehicle #0 = 0, leaving at = 868.0
   Vehicle #1 = 12, leaving at = 891.0
   Increment on distance indicator: 5.0
   Increment on tard indicator:     0.0
   Value of tmax indicator:         5.0

Task for patient = 49 with skills = {1,4} and cost = 69.3
   Vehicle #0 = 5, leaving at = 836.0
   Vehicle #1 = 14, leaving at = 836.0
   Increment on distance indicator: 5.0
   Increment on tard indicator:     0.0
   Value of tmax indicator:         5.0

Task for patient = 9 with skills = {1,-1} and cost = 67.7
   Vehicle #0 = 5, leaving at = 736.0
   Vehicle #1 = -1, leaving at = inf
   Increment on distance indicator: 3.0
   Increment on tard indicator:     0.0
   Value of tmax indicator:         3.0

Task for patient = 4 with skills = {4,-1} and cost = 66.7
   Vehicle #0 = 16, leaving at = 806.0
   Vehicle #1 = -1, leaving at = inf
   Increment on distance indicator: 1.0
   Increment on tard indicator:     0.0
   Value of tmax indicator:         1.0

Task for patient = 71 with skills = {4,-1} and cost = 47.3
   Vehicle #0 = 16, leaving at = 653.0
   Vehicle #1 = -1, leaving at = inf
   Increment on distance indicator: 5.0
   Increment on tard indicator:     0.0
   Value of tmax indicator:         5.0

Task for patient = 95 with skills = {4,-1} and cost = 63.3
   Vehicle #0 = 16, leaving at = 738.0
   Vehicle #1 = -1, leaving at = inf
   Increment on distance indicator: 3.0
   Increment on tard indicator:     0.0
   Value of tmax indicator:         3.0

Task for patient = 1 with skills = {0,-1} and cost = 62.3
   Vehicle #0 = 0, leaving at = 818.0
   Vehicle #1 = -1, leaving at = inf
   Increment on distance indicator: 2.0
   Increment on tard indicator:     0.0
   Value of tmax indicator:         2.0

Task for patient = 96 with skills = {0,-1} and cost = 61.7
   Vehicle #0 = 0, leaving at = 787.0
   Vehicle #1 = -1, leaving at = inf
   Increment on distance indicator: 4.0
   Increment on tard indicator:     0.0
   Value of tmax indicator:         4.0

Task for patient = 83 with skills = {5,-1} and cost = 60.3
   Vehicle #0 = 17, leaving at = 620.0
   Vehicle #1 = -1, leaving at = inf
   Increment on distance indicator: 5.0
   Increment on tard indicator:     0.0
   Value of tmax indicator:         5.0

Task for patient = 24 with skills = {4,-1} and cost = 58.7
   Vehicle #0 = 16, leaving at = 714.0
   Vehicle #1 = -1, leaving at = inf
   Increment on distance indicator: 3.0
   Increment on tard indicator:     0.0
   Value of tmax indicator:         3.0

Task for patient = 97 with skills = {5,-1} and cost = 57.7
   Vehicle #0 = 17, leaving at = 553.0
   Vehicle #1 = -1, leaving at = inf
   Increment on distance indicator: 11.0
   Increment on tard indicator:     0.0
   Value of tmax indicator:         11.0

Task for patient = 64 with skills = {0,-1} and cost = 54.0
   Vehicle #0 = 4, leaving at = 709.0
   Vehicle #1 = -1, leaving at = inf
   Increment on distance indicator: 7.0
   Increment on tard indicator:     0.0
   Value of tmax indicator:         7.0

Task for patient = 62 with skills = {2,-1} and cost = 51.7
   Vehicle #0 = 3, leaving at = 687.0
   Vehicle #1 = -1, leaving at = inf
   Increment on distance indicator: 3.0
   Increment on tard indicator:     0.0
   Value of tmax indicator:         3.0

Task for patient = 53 with skills = {5,-1} and cost = 50.7
   Vehicle #0 = 14, leaving at = 763.0
   Vehicle #1 = -1, leaving at = inf
   Increment on distance indicator: 4.0
   Increment on tard indicator:     0.0
   Value of tmax indicator:         4.0

Task for patient = 79 with skills = {2,-1} and cost = 49.3
   Vehicle #0 = 4, leaving at = 679.0
   Vehicle #1 = -1, leaving at = inf
   Increment on distance indicator: 2.0
   Increment on tard indicator:     0.0
   Value of tmax indicator:         2.0

Task for patient = 81 with skills = {4,-1} and cost = 48.7
   Vehicle #0 = 12, leaving at = 769.0
   Vehicle #1 = -1, leaving at = inf
   Increment on distance indicator: 2.0
   Increment on tard indicator:     0.0
   Value of tmax indicator:         2.0

Task for patient = 80 with skills = {1,-1} and cost = 48.0
   Vehicle #0 = 5, leaving at = 596.0
   Vehicle #1 = -1, leaving at = inf
   Increment on distance indicator: 2.0
   Increment on tard indicator:     0.0
   Value of tmax indicator:         2.0

Task for patient = 55 with skills = {0,4} and cost = 66.3
   Vehicle #0 = 3, leaving at = 795.0
   Vehicle #1 = 14, leaving at = 795.0
   Increment on distance indicator: 9.0
   Increment on tard indicator:     0.0
   Value of tmax indicator:         9.0


Unused vehicle list: 8 9 19 (total = 3 out of 20)

---
Search finished.
Total of 1900 generations in 198.4 seconds.
Exchange elite runs: 23
Implicit path relinking runs: 10
Reset attempts: 3

Best solution found:
   Cost: 195.3
   Total travel time: 586.0
   Total tardiness time: 0.0
   Largest tardiness: 0.0


195.3
