This host is: panku
--- BRKGA-MP-IPR for HHCRSP ---
Instance: new-dataset/instances-50/HHCRSP_50_10_3_1.6_C_C.txt
Seed: 1

Reading data... Problem contains 50 patients  and 10 caregivers.

Summary of supply x demand for each service type:
Skill 0 has supply = 4 and demand = 12, ratio = 0.333333
Skill 1 has supply = 3 and demand = 5, ratio = 0.6
Skill 2 has supply = 3 and demand = 11, ratio = 0.272727
Skill 3 has supply = 5 and demand = 18, ratio = 0.277778
Skill 4 has supply = 4 and demand = 12, ratio = 0.333333
Skill 5 has supply = 1 and demand = 8, ratio = 0.125

Reading parameters...
Inferred distance function by PR type: kendall-tau
Building BRKGA data and initializing...
Evolving 1900 generations...

  Gens  Rem    Local   ElDiv NoImpr             Best solution            Time  Op
                                       Cost     Dist    Tard    TMax 
*    0 1900  1734.00  195.11      0  1734.00  1078.00  3663.0   461.0     0.0    
*    2 1898  1491.33  174.18      0  1491.33  1173.00  2552.0   220.0     0.1    
*    3 1897  1315.00  166.50      0  1315.00  1141.00  2083.0   343.0     0.1    
*    4 1896  1189.00  147.12      0  1189.00  1077.00  1581.0   180.0     0.2    
*    5 1895   946.00  136.26      0   946.00  1077.00  1581.0   180.0     0.2    
*    7 1893   930.33  100.55      0   930.33  1166.00  1203.0   249.0     0.3    
*    8 1892   872.67  103.46      0   872.67  1007.00  1076.0   151.0     0.3    
*    9 1891   744.67   94.48      0   744.67  1125.00   578.0   158.0     0.3    
*   10 1890   620.33   79.94      0   620.33  1125.00   578.0   158.0     0.4    
*   12 1888   577.33   67.10      0   577.33  1108.00   378.0   107.0     0.4    
*   13 1887   531.00   59.10      0   531.00  1108.00   378.0   107.0     0.5    
*   15 1885   460.00   47.22      0   460.00  1007.00   221.0    44.0     0.5    
*   16 1884   424.00   41.53      0   424.00  1007.00   221.0    44.0     0.6    
*   18 1882   421.00   36.50      0   421.00   978.00    95.0    57.0     0.6    
*   19 1881   376.67   33.48      0   376.67   978.00    95.0    57.0     0.7    

  Gens  Rem    Local   ElDiv NoImpr             Best solution            Time  Op
                                       Cost     Dist    Tard    TMax 
*   23 1877   337.33   22.13      0   337.33   974.00    22.0    16.0     0.8    
*   27 1873   335.67   16.68      0   335.67   987.00    10.0    10.0     0.9    
*   29 1871   321.67   14.81      0   321.67   942.00    13.0    10.0     1.0    
*   31 1869   314.33   13.98      0   314.33   855.00    40.0    34.0     1.1    
*   32 1868   309.67   13.33      0   309.67   855.00    40.0    34.0     1.1    
*   34 1866   302.00   13.12      0   302.00   888.00    13.0     5.0     1.2    
*   38 1862   296.00   11.60      0   296.00   871.00    11.0     6.0     1.3    
*   43 1857   295.00    9.97      0   295.00   885.00     0.0     0.0     1.5    
*   45 1855   284.33    9.27      0   284.33   850.00     2.0     1.0     1.5    
    50 1850   284.33    8.90      5   284.33   850.00     2.0     1.0     1.7    
*   51 1849   281.67    8.55      0   281.67   841.00     3.0     1.0     1.7    
*   53 1847   280.67    8.50      0   280.67   839.00     2.0     1.0     1.8    
*   58 1842   280.33    7.50      0   280.33   841.00     0.0     0.0     2.0    
*   60 1840   279.33    7.08      0   279.33   835.00     2.0     1.0     2.0    
*   63 1837   279.00    5.70      0   279.00   834.00     0.0     0.0     2.1    
*   64 1836   278.00    5.20      0   278.00   834.00     0.0     0.0     2.2    

  Gens  Rem    Local   ElDiv NoImpr             Best solution            Time  Op
                                       Cost     Dist    Tard    TMax 
*   70 1830   277.33    2.61      0   277.33   829.00     0.0     0.0     2.3    
*   71 1829   276.33    2.18      0   276.33   829.00     0.0     0.0     2.4    
*   77 1823   275.67    0.61      0   275.67   827.00     0.0     0.0     2.6    
    80 1820   275.67    0.24      4   275.67   827.00     0.0     0.0     2.7   X
*   88 1812   274.67    0.26      0   274.67   821.00     2.0     1.0     2.9    
   100 1800   274.67    0.26     12   274.67   821.00     2.0     1.0     3.3    
   150 1750   274.67    0.32     62   274.67   821.00     2.0     1.0     5.0    
   160 1740   274.67    0.30     73   274.67   821.00     2.0     1.0     5.3   X
Path relinking result: elite improvement.
   180 1720   274.67    0.31     93   274.67   821.00     2.0     1.0     6.0   P
*  186 1714   274.33    0.15      0   274.33   820.00     2.0     1.0     6.1    
   200 1700   274.33    0.05     14   274.33   820.00     2.0     1.0     6.6    
   240 1660   274.33    0.09     55   274.33   820.00     2.0     1.0     7.9   X
   250 1650   274.33    0.09     64   274.33   820.00     2.0     1.0     8.2    
   300 1600   274.33    0.09    114   274.33   820.00     2.0     1.0     9.9    
   320 1580   274.33    0.14    135   274.33   820.00     2.0     1.0    10.5   X
   350 1550   274.33    0.15    164   274.33   820.00     2.0     1.0    11.5    

  Gens  Rem    Local   ElDiv NoImpr             Best solution            Time  Op
                                       Cost     Dist    Tard    TMax 
*  356 1544   273.67    0.17      0   273.67   818.00     2.0     1.0    11.7    
Path relinking result: elite improvement.
   360 1540   273.67    0.17      5   273.67   818.00     2.0     1.0    11.8   P
   400 1500   273.67    0.61     44   273.67   818.00     2.0     1.0    13.2    
   400 1500   273.67    0.54     45   273.67   818.00     2.0     1.0    13.2   X
*  416 1484   273.33    0.02      0   273.33   817.00     2.0     1.0    13.7    
   450 1450   273.33    0.14     34   273.33   817.00     2.0     1.0    14.8    
   480 1420   273.33    0.16     65   273.33   817.00     2.0     1.0    15.7   X
   500 1400   273.33    0.00     84   273.33   817.00     2.0     1.0    16.4    
Path relinking result: no improvement.
   540 1360   273.33    0.00    125   273.33   817.00     2.0     1.0    17.7   P
   550 1350   273.33    0.00    134   273.33   817.00     2.0     1.0    18.0    
   560 1340   273.33    0.00    145   273.33   817.00     2.0     1.0    18.3   X
   600 1300   273.33    0.00    184   273.33   817.00     2.0     1.0    19.6    
   640 1260   273.33    0.00    225   273.33   817.00     2.0     1.0    20.9   X
   650 1250   273.33    0.00    234   273.33   817.00     2.0     1.0    21.2    
   700 1200   273.33    0.00    284   273.33   817.00     2.0     1.0    22.8    
Path relinking result: no improvement.
   720 1180   273.33    0.00    305   273.33   817.00     2.0     1.0    23.5  PX

  Gens  Rem    Local   ElDiv NoImpr             Best solution            Time  Op
                                       Cost     Dist    Tard    TMax 
   750 1150   273.33    0.00    334   273.33   817.00     2.0     1.0    24.4    
   800 1100   273.33    0.00    384   273.33   817.00     2.0     1.0    26.1    
   800 1100   273.33    0.00    385   273.33   817.00     2.0     1.0    26.1   X
   850 1050   273.33    0.00    434   273.33   817.00     2.0     1.0    27.7    
   880 1020   273.33    0.00    465   273.33   817.00     2.0     1.0    28.7   X
   900 1000   273.33    0.00    484   273.33   817.00     2.0     1.0    29.3    
Path relinking result: no improvement.
   900 1000   273.33    0.00    485   273.33   817.00     2.0     1.0    29.3   P
   950  950   273.33    0.00    534   273.33   817.00     2.0     1.0    31.0    
   960  940   273.33    0.00    545   273.33   817.00     2.0     1.0    31.3   X
  1000  900   273.33    0.00    584   273.33   817.00     2.0     1.0    32.6    
  1040  860   273.33    0.00    625   273.33   817.00     2.0     1.0    33.9   X
  1050  850   273.33    0.00    634   273.33   817.00     2.0     1.0    34.2    
Path relinking result: no improvement.
  1080  820   273.33    0.00    665   273.33   817.00     2.0     1.0    35.2   P
  1100  800   273.33    0.00    684   273.33   817.00     2.0     1.0    35.9    
  1115  785      inf  231.02      0   273.33   817.00     2.0     1.0    36.4   R
  1116  784  1448.00  211.58      0   273.33   817.00     2.0     1.0    36.4    

  Gens  Rem    Local   ElDiv NoImpr             Best solution            Time  Op
                                       Cost     Dist    Tard    TMax 
  1120  780   990.00  114.69      0   273.33   817.00     2.0     1.0    36.5   X
  1150  750   317.00   10.41      4   273.33   817.00     2.0     1.0    37.5    
* 1185  715   268.67    5.68      0   268.67   806.00     0.0     0.0    38.6    
* 1191  709   268.33    5.99      0   268.33   805.00     0.0     0.0    38.8    
* 1195  705   268.00    5.90      0   268.00   803.00     0.0     0.0    39.0    
* 1196  704   267.67    5.80      0   267.67   803.00     0.0     0.0    39.0    
  1200  700   267.67    5.32      4   267.67   803.00     0.0     0.0    39.1    
  1200  700   267.33    4.80      0   267.67   803.00     0.0     0.0    39.1   X
* 1201  699   267.33    4.80      0   267.33   802.00     0.0     0.0    39.2    
* 1204  696   267.00    4.77      0   267.00   801.00     0.0     0.0    39.2    
* 1208  692   266.33    4.60      0   266.33   799.00     0.0     0.0    39.4    
* 1216  684   266.00    0.59      0   266.00   798.00     0.0     0.0    39.6    
  1250  650   266.00    0.00     34   266.00   798.00     0.0     0.0    40.7    
Path relinking result: no improvement.
  1260  640   266.00    0.00     45   266.00   798.00     0.0     0.0    41.1   P
  1280  620   266.00    0.00     65   266.00   798.00     0.0     0.0    41.7   X
  1300  600   266.00    0.00     84   266.00   798.00     0.0     0.0    42.4    

  Gens  Rem    Local   ElDiv NoImpr             Best solution            Time  Op
                                       Cost     Dist    Tard    TMax 
  1350  550   266.00    0.00    134   266.00   798.00     0.0     0.0    44.0    
  1360  540   266.00    0.00    145   266.00   798.00     0.0     0.0    44.3   X
  1400  500   266.00    0.00    184   266.00   798.00     0.0     0.0    45.6    
Path relinking result: no improvement.
  1440  460   266.00    0.00    225   266.00   798.00     0.0     0.0    46.9  PX
  1450  450   266.00    0.00    234   266.00   798.00     0.0     0.0    47.2    
  1500  400   266.00    0.00    284   266.00   798.00     0.0     0.0    48.8    
  1520  380   266.00    0.00    305   266.00   798.00     0.0     0.0    49.4   X
  1550  350   266.00    0.00    334   266.00   798.00     0.0     0.0    50.4    
  1600  300   266.00    0.00    384   266.00   798.00     0.0     0.0    52.0    
  1600  300   266.00    0.00    385   266.00   798.00     0.0     0.0    52.0   X
Path relinking result: no improvement.
  1620  280   266.00    0.00    405   266.00   798.00     0.0     0.0    52.7   P
  1650  250   266.00    0.00    434   266.00   798.00     0.0     0.0    53.6    
  1680  220   266.00    0.00    465   266.00   798.00     0.0     0.0    54.6   X
  1700  200   266.00    0.00    484   266.00   798.00     0.0     0.0    55.2    
  1750  150   266.00    0.00    534   266.00   798.00     0.0     0.0    56.9    
  1760  140   266.00    0.00    545   266.00   798.00     0.0     0.0    57.2   X

  Gens  Rem    Local   ElDiv NoImpr             Best solution            Time  Op
                                       Cost     Dist    Tard    TMax 
  1800  100   266.00    0.00    584   266.00   798.00     0.0     0.0    58.5    
Path relinking result: no improvement.
  1800  100   266.00    0.00    585   266.00   798.00     0.0     0.0    58.5   P
  1840   60   266.00    0.00    625   266.00   798.00     0.0     0.0    59.8   X
  1850   50   266.00    0.00    634   266.00   798.00     0.0     0.0    60.1    
  1900    0   266.00    0.00    684   266.00   798.00     0.0     0.0    61.7    
Evolutionary process finished.
Solution written to 'solution-18536.txt'.

Sorted sequence of worst to best tardiness value:
Task for patient = 24 with skills = {0,4} and cost = 125.0
   Vehicle #0 = 4, leaving at = 741.0
   Vehicle #1 = 9, leaving at = 768.0
   Increment on distance indicator: 6.0
   Increment on tard indicator:     0.0
   Value of tmax indicator:         6.0

Task for patient = 6 with skills = {4,-1} and cost = 127.0
   Vehicle #0 = 7, leaving at = 765.0
   Vehicle #1 = -1, leaving at = inf
   Increment on distance indicator: 6.0
   Increment on tard indicator:     0.0
   Value of tmax indicator:         6.0

Task for patient = 20 with skills = {2,-1} and cost = 129.3
   Vehicle #0 = 4, leaving at = 797.0
   Vehicle #1 = -1, leaving at = inf
   Increment on distance indicator: 7.0
   Increment on tard indicator:     0.0
   Value of tmax indicator:         7.0

Task for patient = 36 with skills = {2,3} and cost = 140.7
   Vehicle #0 = 0, leaving at = 846.0
   Vehicle #1 = 5, leaving at = 831.0
   Increment on distance indicator: 34.0
   Increment on tard indicator:     0.0
   Value of tmax indicator:         34.0

Task for patient = 12 with skills = {3,-1} and cost = 143.0
   Vehicle #0 = 7, leaving at = 801.0
   Vehicle #1 = -1, leaving at = inf
   Increment on distance indicator: 7.0
   Increment on tard indicator:     0.0
   Value of tmax indicator:         7.0

Task for patient = 29 with skills = {3,-1} and cost = 145.0
   Vehicle #0 = 8, leaving at = 846.0
   Vehicle #1 = -1, leaving at = inf
   Increment on distance indicator: 6.0
   Increment on tard indicator:     0.0
   Value of tmax indicator:         6.0

Task for patient = 23 with skills = {0,3} and cost = 148.3
   Vehicle #0 = 4, leaving at = 873.0
   Vehicle #1 = 9, leaving at = 854.0
   Increment on distance indicator: 10.0
   Increment on tard indicator:     0.0
   Value of tmax indicator:         10.0

Task for patient = 28 with skills = {2,5} and cost = 152.7
   Vehicle #0 = 4, leaving at = 908.0
   Vehicle #1 = 6, leaving at = 897.0
   Increment on distance indicator: 13.0
   Increment on tard indicator:     0.0
   Value of tmax indicator:         13.0

Task for patient = 41 with skills = {0,4} and cost = 161.0
   Vehicle #0 = 1, leaving at = 939.0
   Vehicle #1 = 9, leaving at = 933.0
   Increment on distance indicator: 25.0
   Increment on tard indicator:     0.0
   Value of tmax indicator:         25.0

Task for patient = 33 with skills = {0,-1} and cost = 167.7
   Vehicle #0 = 0, leaving at = 914.0
   Vehicle #1 = -1, leaving at = inf
   Increment on distance indicator: 20.0
   Increment on tard indicator:     0.0
   Value of tmax indicator:         20.0

Task for patient = 39 with skills = {3,-1} and cost = 169.7
   Vehicle #0 = 6, leaving at = 975.0
   Vehicle #1 = -1, leaving at = inf
   Increment on distance indicator: 6.0
   Increment on tard indicator:     0.0
   Value of tmax indicator:         6.0

Task for patient = 50 with skills = {0,3} and cost = 215.3
   Vehicle #0 = 0, leaving at = 1040.0
   Vehicle #1 = 8, leaving at = 1073.0
   Increment on distance indicator: 9.0
   Increment on tard indicator:     0.0
   Value of tmax indicator:         9.0

Task for patient = 26 with skills = {0,-1} and cost = 175.0
   Vehicle #0 = 0, leaving at = 935.0
   Vehicle #1 = -1, leaving at = inf
   Increment on distance indicator: 2.0
   Increment on tard indicator:     0.0
   Value of tmax indicator:         2.0

Task for patient = 32 with skills = {4,-1} and cost = 176.0
   Vehicle #0 = 8, leaving at = 929.0
   Vehicle #1 = -1, leaving at = inf
   Increment on distance indicator: 3.0
   Increment on tard indicator:     0.0
   Value of tmax indicator:         3.0

Task for patient = 8 with skills = {2,-1} and cost = 183.3
   Vehicle #0 = 4, leaving at = 957.0
   Vehicle #1 = -1, leaving at = inf
   Increment on distance indicator: 22.0
   Increment on tard indicator:     0.0
   Value of tmax indicator:         22.0

Task for patient = 49 with skills = {0,3} and cost = 186.0
   Vehicle #0 = 0, leaving at = 968.0
   Vehicle #1 = 8, leaving at = 977.0
   Increment on distance indicator: 8.0
   Increment on tard indicator:     0.0
   Value of tmax indicator:         8.0

Task for patient = 47 with skills = {5,-1} and cost = 189.7
   Vehicle #0 = 6, leaving at = 1008.0
   Vehicle #1 = -1, leaving at = inf
   Increment on distance indicator: 11.0
   Increment on tard indicator:     0.0
   Value of tmax indicator:         11.0

Task for patient = 1 with skills = {3,-1} and cost = 191.7
   Vehicle #0 = 8, leaving at = 998.0
   Vehicle #1 = -1, leaving at = inf
   Increment on distance indicator: 6.0
   Increment on tard indicator:     0.0
   Value of tmax indicator:         6.0

Task for patient = 34 with skills = {3,-1} and cost = 193.7
   Vehicle #0 = 6, leaving at = 1029.0
   Vehicle #1 = -1, leaving at = inf
   Increment on distance indicator: 6.0
   Increment on tard indicator:     0.0
   Value of tmax indicator:         6.0

Task for patient = 21 with skills = {1,4} and cost = 200.7
   Vehicle #0 = 2, leaving at = 995.0
   Vehicle #1 = 9, leaving at = 982.0
   Increment on distance indicator: 21.0
   Increment on tard indicator:     0.0
   Value of tmax indicator:         21.0

Task for patient = 40 with skills = {2,-1} and cost = 207.0
   Vehicle #0 = 1, leaving at = 978.0
   Vehicle #1 = -1, leaving at = inf
   Increment on distance indicator: 19.0
   Increment on tard indicator:     0.0
   Value of tmax indicator:         19.0

Task for patient = 22 with skills = {1,-1} and cost = 209.3
   Vehicle #0 = 0, leaving at = 1001.0
   Vehicle #1 = -1, leaving at = inf
   Increment on distance indicator: 7.0
   Increment on tard indicator:     0.0
   Value of tmax indicator:         7.0

Task for patient = 37 with skills = {0,3} and cost = 211.3
   Vehicle #0 = 4, leaving at = 986.0
   Vehicle #1 = 5, leaving at = 1000.0
   Increment on distance indicator: 6.0
   Increment on tard indicator:     0.0
   Value of tmax indicator:         6.0

Task for patient = 30 with skills = {3,-1} and cost = 212.3
   Vehicle #0 = 5, leaving at = 1023.0
   Vehicle #1 = -1, leaving at = inf
   Increment on distance indicator: 3.0
   Increment on tard indicator:     0.0
   Value of tmax indicator:         3.0

Task for patient = 3 with skills = {4,-1} and cost = 174.3
   Vehicle #0 = 7, leaving at = 845.0
   Vehicle #1 = -1, leaving at = inf
   Increment on distance indicator: 14.0
   Increment on tard indicator:     0.0
   Value of tmax indicator:         14.0

Task for patient = 43 with skills = {0,5} and cost = 12.7
   Vehicle #0 = 0, leaving at = 547.0
   Vehicle #1 = 6, leaving at = 560.0
   Increment on distance indicator: 38.0
   Increment on tard indicator:     0.0
   Value of tmax indicator:         38.0

Task for patient = 4 with skills = {5,-1} and cost = 13.7
   Vehicle #0 = 6, leaving at = 598.0
   Vehicle #1 = -1, leaving at = inf
   Increment on distance indicator: 3.0
   Increment on tard indicator:     0.0
   Value of tmax indicator:         3.0

Task for patient = 10 with skills = {0,-1} and cost = 20.3
   Vehicle #0 = 1, leaving at = 590.0
   Vehicle #1 = -1, leaving at = inf
   Increment on distance indicator: 20.0
   Increment on tard indicator:     0.0
   Value of tmax indicator:         20.0

Task for patient = 16 with skills = {4,-1} and cost = 27.0
   Vehicle #0 = 7, leaving at = 541.0
   Vehicle #1 = -1, leaving at = inf
   Increment on distance indicator: 20.0
   Increment on tard indicator:     0.0
   Value of tmax indicator:         20.0

Task for patient = 19 with skills = {1,4} and cost = 35.0
   Vehicle #0 = 2, leaving at = 568.0
   Vehicle #1 = 7, leaving at = 578.0
   Increment on distance indicator: 24.0
   Increment on tard indicator:     0.0
   Value of tmax indicator:         24.0

Task for patient = 17 with skills = {2,-1} and cost = 37.0
   Vehicle #0 = 0, leaving at = 613.0
   Vehicle #1 = -1, leaving at = inf
   Increment on distance indicator: 6.0
   Increment on tard indicator:     0.0
   Value of tmax indicator:         6.0

Task for patient = 48 with skills = {0,4} and cost = 40.0
   Vehicle #0 = 1, leaving at = 657.0
   Vehicle #1 = 7, leaving at = 660.0
   Increment on distance indicator: 9.0
   Increment on tard indicator:     0.0
   Value of tmax indicator:         9.0

Task for patient = 46 with skills = {3,-1} and cost = 42.7
   Vehicle #0 = 7, leaving at = 720.0
   Vehicle #1 = -1, leaving at = inf
   Increment on distance indicator: 8.0
   Increment on tard indicator:     0.0
   Value of tmax indicator:         8.0

Task for patient = 7 with skills = {2,5} and cost = 53.0
   Vehicle #0 = 1, leaving at = 693.0
   Vehicle #1 = 6, leaving at = 698.0
   Increment on distance indicator: 31.0
   Increment on tard indicator:     0.0
   Value of tmax indicator:         31.0

Task for patient = 9 with skills = {3,-1} and cost = 60.0
   Vehicle #0 = 5, leaving at = 721.0
   Vehicle #1 = -1, leaving at = inf
   Increment on distance indicator: 21.0
   Increment on tard indicator:     0.0
   Value of tmax indicator:         21.0

Task for patient = 44 with skills = {2,-1} and cost = 68.3
   Vehicle #0 = 4, leaving at = 589.0
   Vehicle #1 = -1, leaving at = inf
   Increment on distance indicator: 25.0
   Increment on tard indicator:     0.0
   Value of tmax indicator:         25.0

Task for patient = 5 with skills = {3,-1} and cost = 123.0
   Vehicle #0 = 5, leaving at = 773.0
   Vehicle #1 = -1, leaving at = inf
   Increment on distance indicator: 5.0
   Increment on tard indicator:     0.0
   Value of tmax indicator:         5.0

Task for patient = 27 with skills = {5,-1} and cost = 83.7
   Vehicle #0 = 6, leaving at = 770.0
   Vehicle #1 = -1, leaving at = inf
   Increment on distance indicator: 26.0
   Increment on tard indicator:     0.0
   Value of tmax indicator:         26.0

Task for patient = 38 with skills = {1,3} and cost = 94.3
   Vehicle #0 = 4, leaving at = 646.0
   Vehicle #1 = 9, leaving at = 623.0
   Increment on distance indicator: 32.0
   Increment on tard indicator:     0.0
   Value of tmax indicator:         32.0

Task for patient = 45 with skills = {2,-1} and cost = 97.0
   Vehicle #0 = 4, leaving at = 704.0
   Vehicle #1 = -1, leaving at = inf
   Increment on distance indicator: 8.0
   Increment on tard indicator:     0.0
   Value of tmax indicator:         8.0

Task for patient = 14 with skills = {0,5} and cost = 106.3
   Vehicle #0 = 1, leaving at = 837.0
   Vehicle #1 = 6, leaving at = 826.0
   Increment on distance indicator: 28.0
   Increment on tard indicator:     0.0
   Value of tmax indicator:         28.0

Task for patient = 2 with skills = {4,-1} and cost = 108.3
   Vehicle #0 = 9, leaving at = 688.0
   Vehicle #1 = -1, leaving at = inf
   Increment on distance indicator: 6.0
   Increment on tard indicator:     0.0
   Value of tmax indicator:         6.0

Task for patient = 18 with skills = {3,-1} and cost = 109.0
   Vehicle #0 = 8, leaving at = 716.0
   Vehicle #1 = -1, leaving at = inf
   Increment on distance indicator: 2.0
   Increment on tard indicator:     0.0
   Value of tmax indicator:         2.0

Task for patient = 31 with skills = {1,-1} and cost = 109.7
   Vehicle #0 = 0, leaving at = 708.0
   Vehicle #1 = -1, leaving at = inf
   Increment on distance indicator: 2.0
   Increment on tard indicator:     0.0
   Value of tmax indicator:         2.0

Task for patient = 35 with skills = {3,-1} and cost = 111.0
   Vehicle #0 = 9, leaving at = 718.0
   Vehicle #1 = -1, leaving at = inf
   Increment on distance indicator: 4.0
   Increment on tard indicator:     0.0
   Value of tmax indicator:         4.0

Task for patient = 42 with skills = {2,4} and cost = 113.7
   Vehicle #0 = 0, leaving at = 762.0
   Vehicle #1 = 8, leaving at = 779.0
   Increment on distance indicator: 8.0
   Increment on tard indicator:     0.0
   Value of tmax indicator:         8.0

Task for patient = 25 with skills = {4,-1} and cost = 115.3
   Vehicle #0 = 8, leaving at = 805.0
   Vehicle #1 = -1, leaving at = inf
   Increment on distance indicator: 5.0
   Increment on tard indicator:     0.0
   Value of tmax indicator:         5.0

Task for patient = 11 with skills = {2,-1} and cost = 116.7
   Vehicle #0 = 1, leaving at = 865.0
   Vehicle #1 = -1, leaving at = inf
   Increment on distance indicator: 4.0
   Increment on tard indicator:     0.0
   Value of tmax indicator:         4.0

Task for patient = 13 with skills = {5,-1} and cost = 121.3
   Vehicle #0 = 6, leaving at = 869.0
   Vehicle #1 = -1, leaving at = inf
   Increment on distance indicator: 14.0
   Increment on tard indicator:     0.0
   Value of tmax indicator:         14.0

Task for patient = 15 with skills = {3,-1} and cost = 75.0
   Vehicle #0 = 8, leaving at = 585.0
   Vehicle #1 = -1, leaving at = inf
   Increment on distance indicator: 20.0
   Increment on tard indicator:     0.0
   Value of tmax indicator:         20.0


Unused vehicle list: 3 (total = 1 out of 10)

---
Search finished.
Total of 1900 generations in 61.7 seconds.
Exchange elite runs: 23
Implicit path relinking runs: 10
Reset attempts: 1

Best solution found:
   Cost: 266.0
   Total travel time: 798.0
   Total tardiness time: 0.0
   Largest tardiness: 0.0


266.0
