This host is: panku
--- BRKGA-MP-IPR for HHCRSP ---
Instance: new-dataset/instances-75/HHCRSP_75_15_35_0.8_R_C.txt
Seed: 16

Reading data... Problem contains 75 patients  and 15 caregivers.

Summary of supply x demand for each service type:
Skill 0 has supply = 5 and demand = 23, ratio = 0.217391
Skill 1 has supply = 2 and demand = 11, ratio = 0.181818
Skill 2 has supply = 5 and demand = 16, ratio = 0.3125
Skill 3 has supply = 6 and demand = 25, ratio = 0.24
Skill 4 has supply = 3 and demand = 11, ratio = 0.272727
Skill 5 has supply = 1 and demand = 13, ratio = 0.0769231

Reading parameters...
Inferred distance function by PR type: kendall-tau
Building BRKGA data and initializing...
Evolving 1900 generations...

  Gens  Rem    Local   ElDiv NoImpr             Best solution            Time  Op
                                       Cost     Dist    Tard    TMax 
*    0 1900  2979.67  308.79      0  2979.67  1920.00  6520.0   499.0     0.0    
*    2 1898  2964.67  229.89      0  2964.67  1942.00  5289.0   444.0     0.1    
*    3 1897  2558.33  211.07      0  2558.33  1942.00  5289.0   444.0     0.2    
*    5 1895  2132.33  219.78      0  2132.33  1939.00  4070.0   388.0     0.2    
*    7 1893  1909.00  192.27      0  1909.00  1764.00  3360.0   324.0     0.3    
*    8 1892  1816.00  166.84      0  1816.00  1826.00  3000.0   355.0     0.3    
*    9 1891  1727.00  155.52      0  1727.00  1848.00  2694.0   389.0     0.4    
*   10 1890  1643.67  140.76      0  1643.67  1711.00  2648.0   545.0     0.4    
*   11 1889  1634.67  137.61      0  1634.67  1798.00  1962.0   317.0     0.5    
*   12 1888  1359.00  123.06      0  1359.00  1798.00  1962.0   317.0     0.5    
*   15 1885  1358.67  100.00      0  1358.67  1828.00  1460.0   279.0     0.6    
*   16 1884  1189.00   87.22      0  1189.00  1627.00  1433.0   292.0     0.7    
*   17 1883  1117.33   78.45      0  1117.33  1627.00  1433.0   292.0     0.7    
*   20 1880  1105.00   56.38      0  1105.00  1721.00  1320.0   274.0     0.8    
*   22 1878  1089.00   52.80      0  1089.00  1765.00  1289.0   213.0     0.9    

  Gens  Rem    Local   ElDiv NoImpr             Best solution            Time  Op
                                       Cost     Dist    Tard    TMax 
*   24 1876  1055.33   44.50      0  1055.33  1722.00  1201.0   243.0     1.0    
*   26 1874  1045.00   39.72      0  1045.00  1688.00  1149.0   275.0     1.0    
*   27 1873  1037.33   34.42      0  1037.33  1638.00  1133.0   306.0     1.1    
*   28 1872  1025.67   30.18      0  1025.67  1623.00  1095.0   348.0     1.1    
*   29 1871  1022.00   28.00      0  1022.00  1722.00  1052.0   274.0     1.1    
*   30 1870  1016.00   26.84      0  1016.00  1624.00  1152.0   265.0     1.2    
*   31 1869  1013.67   25.68      0  1013.67  1626.00  1104.0   286.0     1.2    
*   32 1868  1005.33   27.48      0  1005.33  1618.00   988.0   288.0     1.3    
*   33 1867   964.67   26.71      0   964.67  1611.00  1002.0   236.0     1.3    
*   34 1866   949.67   25.54      0   949.67  1615.00   988.0   239.0     1.3    
*   35 1865   947.33   24.97      0   947.33  1615.00   988.0   239.0     1.4    
*   37 1863   935.00   23.37      0   935.00  1566.00   983.0   256.0     1.4    
*   39 1861   923.00   23.05      0   923.00  1621.00   883.0   265.0     1.5    
*   42 1858   894.33   24.42      0   894.33  1636.00   764.0   241.0     1.6    
*   43 1857   880.33   23.40      0   880.33  1636.00   764.0   241.0     1.7    
*   47 1853   871.00   25.06      0   871.00  1624.00   748.0   239.0     1.8    

  Gens  Rem    Local   ElDiv NoImpr             Best solution            Time  Op
                                       Cost     Dist    Tard    TMax 
*   48 1852   870.33   25.58      0   870.33  1627.00   699.0   244.0     1.9    
*   49 1851   856.67   26.62      0   856.67  1627.00   699.0   244.0     1.9    
    50 1850   856.67   27.81      1   856.67  1627.00   699.0   244.0     1.9    
*   51 1849   849.33   30.42      0   849.33  1583.00   697.0   244.0     2.0    
*   52 1848   841.33   31.48      0   841.33  1536.00   714.0   226.0     2.0    
*   53 1847   825.33   33.19      0   825.33  1536.00   714.0   226.0     2.1    
*   58 1842   813.67   41.30      0   813.67  1499.00   707.0   226.0     2.3    
*   59 1841   810.67   41.89      0   810.67  1497.00   689.0   244.0     2.3    
*   60 1840   810.00   42.94      0   810.00  1497.00   689.0   244.0     2.3    
*   62 1838   798.00   44.82      0   798.00  1475.00   675.0   244.0     2.4    
*   66 1834   788.00   47.63      0   788.00  1423.00   715.0   226.0     2.6    
*   71 1829   778.00   49.02      0   778.00  1424.00   666.0   244.0     2.8    
*   76 1824   777.67   48.87      0   777.67  1422.00   667.0   244.0     2.9    
*   79 1821   774.33   47.11      0   774.33  1410.00   669.0   244.0     3.1    
    80 1820   774.33    5.98      2   774.33  1410.00   669.0   244.0     3.1   X
*   83 1817   773.33    5.99      0   773.33  1406.00   670.0   244.0     3.2    

  Gens  Rem    Local   ElDiv NoImpr             Best solution            Time  Op
                                       Cost     Dist    Tard    TMax 
*   87 1813   766.33    6.06      0   766.33  1390.00   665.0   244.0     3.4    
   100 1800   766.33    6.97     13   766.33  1390.00   665.0   244.0     3.9    
*  104 1796   766.00    7.67      0   766.00  1381.00   673.0   244.0     4.0    
*  109 1791   762.00    9.04      0   762.00  1373.00   669.0   244.0     4.2    
*  112 1788   758.67    9.99      0   758.67  1361.00   671.0   244.0     4.3    
*  116 1784   754.00   11.45      0   754.00  1346.00   672.0   244.0     4.5    
*  118 1782   753.00   12.16      0   753.00  1350.00   665.0   244.0     4.6    
*  121 1779   751.00   13.24      0   751.00  1338.00   669.0   244.0     4.7    
*  122 1778   750.33   13.58      0   750.33  1338.00   669.0   244.0     4.7    
*  124 1776   745.67   14.66      0   745.67  1328.00   665.0   244.0     4.8    
*  126 1774   745.33   16.13      0   745.33  1324.00   665.0   244.0     4.9    
*  127 1773   744.33   16.72      0   744.33  1324.00   665.0   244.0     4.9    
*  129 1771   743.00   18.41      0   743.00  1320.00   665.0   244.0     5.0    
*  133 1767   742.33   19.97      0   742.33  1318.00   665.0   244.0     5.2    
*  136 1764   741.00   20.40      0   741.00  1314.00   665.0   244.0     5.3    
*  138 1762   740.00   20.50      0   740.00  1311.00   665.0   244.0     5.4    

  Gens  Rem    Local   ElDiv NoImpr             Best solution            Time  Op
                                       Cost     Dist    Tard    TMax 
*  143 1757   739.67   20.84      0   739.67  1310.00   665.0   244.0     5.5    
*  149 1751   739.33   20.77      0   739.33  1309.00   665.0   244.0     5.8    
   150 1750   739.33   20.46      1   739.33  1309.00   665.0   244.0     5.8    
   160 1740   739.33   13.21     12   739.33  1309.00   665.0   244.0     6.2   X
*  173 1727   739.00    0.04      0   739.00  1307.00   665.0   244.0     6.7    
*  174 1726   738.67    0.07      0   738.67  1307.00   665.0   244.0     6.7    
Path relinking result: elite improvement.
   180 1720   738.67    0.26      7   738.67  1307.00   665.0   244.0     7.0   P
*  187 1713   738.00    0.27      0   738.00  1305.00   665.0   244.0     7.2    
*  194 1706   736.67    0.32      0   736.67  1296.00   670.0   244.0     7.5    
   200 1700   736.67    0.11      6   736.67  1296.00   670.0   244.0     7.7    
*  210 1690   736.33    0.63      0   736.33  1300.00   665.0   244.0     8.1    
*  221 1679   736.00    0.80      0   736.00  1294.00   670.0   244.0     8.5    
*  223 1677   733.33    0.94      0   733.33  1291.00   665.0   244.0     8.6    
*  226 1674   732.67    1.95      0   732.67  1286.00   665.0   244.0     8.7    
*  227 1673   731.67    2.30      0   731.67  1286.00   665.0   244.0     8.8    
*  232 1668   731.33    3.00      0   731.33  1285.00   665.0   244.0     9.0    

  Gens  Rem    Local   ElDiv NoImpr             Best solution            Time  Op
                                       Cost     Dist    Tard    TMax 
*  235 1665   731.00    3.15      0   731.00  1280.00   665.0   244.0     9.1    
*  236 1664   729.67    3.16      0   729.67  1280.00   665.0   244.0     9.1    
   240 1660   729.67    3.79      5   729.67  1280.00   665.0   244.0     9.3   X
*  247 1653   729.33    0.02      0   729.33  1279.00   665.0   244.0     9.6    
   250 1650   729.33    0.02      3   729.33  1279.00   665.0   244.0     9.7    
   300 1600   729.33    0.16     53   729.33  1279.00   665.0   244.0    11.6    
   320 1580   729.33    0.00     74   729.33  1279.00   665.0   244.0    12.3   X
*  330 1570   729.00    0.02      0   729.00  1278.00   665.0   244.0    12.7    
*  341 1559   727.00    0.30      0   727.00  1272.00   665.0   244.0    13.1    
   350 1550   727.00    1.10      9   727.00  1272.00   665.0   244.0    13.5    
Path relinking result: elite improvement.
   360 1540   727.00    1.09     20   727.00  1272.00   665.0   244.0    13.9   P
   400 1500   727.00    0.00     59   727.00  1272.00   665.0   244.0    15.4    
   400 1500   727.00    0.00     60   727.00  1272.00   665.0   244.0    15.4   X
   450 1450   727.00    0.00    109   727.00  1272.00   665.0   244.0    17.3    
   480 1420   727.00    0.00    140   727.00  1272.00   665.0   244.0    18.5   X
   500 1400   727.00    0.00    159   727.00  1272.00   665.0   244.0    19.3    

  Gens  Rem    Local   ElDiv NoImpr             Best solution            Time  Op
                                       Cost     Dist    Tard    TMax 
*  508 1392   726.67    0.02      0   726.67  1271.00   665.0   244.0    19.6    
Path relinking result: no improvement.
   540 1360   726.67    0.04     33   726.67  1271.00   665.0   244.0    20.8   P
   550 1350   726.67    0.04     42   726.67  1271.00   665.0   244.0    21.2    
   560 1340   726.67    0.13     53   726.67  1271.00   665.0   244.0    21.6   X
*  563 1337   726.33    0.15      0   726.33  1270.00   665.0   244.0    21.7    
   600 1300   726.33    0.00     37   726.33  1270.00   665.0   244.0    23.1    
   640 1260   726.33    0.00     78   726.33  1270.00   665.0   244.0    24.6   X
   650 1250   726.33    0.00     87   726.33  1270.00   665.0   244.0    25.0    
*  699 1201   725.33    0.06      0   725.33  1267.00   665.0   244.0    26.8    
   700 1200   725.33    0.06      1   725.33  1267.00   665.0   244.0    26.9    
Path relinking result: no improvement.
   720 1180   725.33    0.10     22   725.33  1267.00   665.0   244.0    27.7  PX
   750 1150   725.33    0.10     51   725.33  1267.00   665.0   244.0    28.8    
   800 1100   725.33    0.18    101   725.33  1267.00   665.0   244.0    30.7    
   800 1100   725.33    0.31    102   725.33  1267.00   665.0   244.0    30.7   X
   850 1050   725.33    0.00    151   725.33  1267.00   665.0   244.0    32.6    
   880 1020   725.33    0.00    182   725.33  1267.00   665.0   244.0    33.8   X

  Gens  Rem    Local   ElDiv NoImpr             Best solution            Time  Op
                                       Cost     Dist    Tard    TMax 
   900 1000   725.33    0.00    201   725.33  1267.00   665.0   244.0    34.5    
Path relinking result: no improvement.
   900 1000   725.33    0.00    202   725.33  1267.00   665.0   244.0    34.5   P
   950  950   725.33    0.00    251   725.33  1267.00   665.0   244.0    36.4    
   960  940   725.33    0.00    262   725.33  1267.00   665.0   244.0    36.8   X
  1000  900   725.33    0.00    301   725.33  1267.00   665.0   244.0    38.3    
  1040  860   725.33    0.00    342   725.33  1267.00   665.0   244.0    39.9   X
  1050  850   725.33    0.00    351   725.33  1267.00   665.0   244.0    40.3    
Path relinking result: no improvement.
  1080  820   725.33    0.00    382   725.33  1267.00   665.0   244.0    41.4   P
  1100  800   725.33    0.00    401   725.33  1267.00   665.0   244.0    42.2    
  1120  780   725.33    0.00    422   725.33  1267.00   665.0   244.0    42.9   X
  1150  750   725.33    0.00    451   725.33  1267.00   665.0   244.0    44.1    
  1200  700   725.33    0.00    501   725.33  1267.00   665.0   244.0    46.0    
  1200  700   725.33    0.00    502   725.33  1267.00   665.0   244.0    46.0   X
  1250  650   725.33    0.00    551   725.33  1267.00   665.0   244.0    47.8    
Path relinking result: no improvement.
  1260  640   725.33    0.00    562   725.33  1267.00   665.0   244.0    48.2   P
  1280  620   725.33    0.00    582   725.33  1267.00   665.0   244.0    49.0   X

  Gens  Rem    Local   ElDiv NoImpr             Best solution            Time  Op
                                       Cost     Dist    Tard    TMax 
  1300  600   725.33    0.00    601   725.33  1267.00   665.0   244.0    49.7    
  1350  550   725.33    0.00    651   725.33  1267.00   665.0   244.0    51.6    
  1360  540   725.33    0.00    662   725.33  1267.00   665.0   244.0    52.0   X
  1398  502      inf  324.08      0   725.33  1267.00   665.0   244.0    53.5   R
  1399  501  2950.00  292.06      0   725.33  1267.00   665.0   244.0    53.5    
  1400  500  2950.00  244.28      1   725.33  1267.00   665.0   244.0    53.5    
Path relinking result: elite improvement.
  1440  460   909.33   16.38      1   725.33  1267.00   665.0   244.0    55.1  PX
  1450  450   866.33   16.88      0   725.33  1267.00   665.0   244.0    55.5    
  1500  400   757.67    9.83      1   725.33  1267.00   665.0   244.0    57.4    
  1520  380   741.67    4.81      1   725.33  1267.00   665.0   244.0    58.2   X
  1550  350   737.00    1.06     11   725.33  1267.00   665.0   244.0    59.3    
  1600  300   736.00    0.47     18   725.33  1267.00   665.0   244.0    61.2    
  1600  300   736.00    0.43     19   725.33  1267.00   665.0   244.0    61.2   X
Path relinking result: elite improvement.
  1620  280   733.67    0.97      7   725.33  1267.00   665.0   244.0    62.0   P
  1650  250   733.67    1.05     36   725.33  1267.00   665.0   244.0    63.2    
  1680  220   733.67    0.00     67   725.33  1267.00   665.0   244.0    64.3   X

  Gens  Rem    Local   ElDiv NoImpr             Best solution            Time  Op
                                       Cost     Dist    Tard    TMax 
  1700  200   733.67    0.00     86   725.33  1267.00   665.0   244.0    65.1    
  1750  150   733.67    0.00    136   725.33  1267.00   665.0   244.0    67.0    
  1760  140   733.67    0.00    147   725.33  1267.00   665.0   244.0    67.4   X
  1800  100   733.67    0.00    186   725.33  1267.00   665.0   244.0    68.9    
Path relinking result: no improvement.
  1800  100   733.67    0.00    187   725.33  1267.00   665.0   244.0    68.9   P
  1840   60   733.67    0.00    227   725.33  1267.00   665.0   244.0    70.4   X
  1850   50   733.67    0.00    236   725.33  1267.00   665.0   244.0    70.8    
  1900    0   733.67    0.00    286   725.33  1267.00   665.0   244.0    72.7    
Evolutionary process finished.
Solution written to 'solution-4915.txt'.

Sorted sequence of worst to best tardiness value:
Task for patient = 37 with skills = {5,-1} and cost = 535.7
   Vehicle #0 = 13, leaving at = 1160.0
   Vehicle #1 = -1, leaving at = inf
   Increment on distance indicator: 6.0
   Increment on tard indicator:     244.0
   Value of tmax indicator:         6.0

Task for patient = 5 with skills = {5,-1} and cost = 619.0
   Vehicle #0 = 13, leaving at = 1215.0
   Vehicle #1 = -1, leaving at = inf
   Increment on distance indicator: 14.0
   Increment on tard indicator:     225.0
   Value of tmax indicator:         14.0

Task for patient = 52 with skills = {5,-1} and cost = 349.7
   Vehicle #0 = 13, leaving at = 1076.0
   Vehicle #1 = -1, leaving at = inf
   Increment on distance indicator: 7.0
   Increment on tard indicator:     88.0
   Value of tmax indicator:         7.0

Task for patient = 45 with skills = {0,5} and cost = 294.3
   Vehicle #0 = 6, leaving at = 1027.0
   Vehicle #1 = 13, leaving at = 1029.0
   Increment on distance indicator: 21.0
   Increment on tard indicator:     82.0
   Value of tmax indicator:         21.0

Task for patient = 64 with skills = {2,5} and cost = 372.0
   Vehicle #0 = 6, leaving at = 1098.0
   Vehicle #1 = 13, leaving at = 1100.0
   Increment on distance indicator: 9.0
   Increment on tard indicator:     18.0
   Value of tmax indicator:         9.0

Task for patient = 2 with skills = {1,5} and cost = 223.3
   Vehicle #0 = 4, leaving at = 933.0
   Vehicle #1 = 13, leaving at = 961.0
   Increment on distance indicator: 22.0
   Increment on tard indicator:     8.0
   Value of tmax indicator:         22.0

Task for patient = 34 with skills = {3,-1} and cost = 211.3
   Vehicle #0 = 7, leaving at = 930.0
   Vehicle #1 = -1, leaving at = inf
   Increment on distance indicator: 8.0
   Increment on tard indicator:     2.0
   Value of tmax indicator:         8.0

Task for patient = 14 with skills = {3,-1} and cost = 391.3
   Vehicle #0 = 9, leaving at = 1046.0
   Vehicle #1 = -1, leaving at = inf
   Increment on distance indicator: 8.0
   Increment on tard indicator:     1.0
   Value of tmax indicator:         8.0

Task for patient = 31 with skills = {0,-1} and cost = 301.7
   Vehicle #0 = 2, leaving at = 899.0
   Vehicle #1 = -1, leaving at = inf
   Increment on distance indicator: 9.0
   Increment on tard indicator:     0.0
   Value of tmax indicator:         9.0

Task for patient = 28 with skills = {2,-1} and cost = 298.7
   Vehicle #0 = 2, leaving at = 852.0
   Vehicle #1 = -1, leaving at = inf
   Increment on distance indicator: 13.0
   Increment on tard indicator:     0.0
   Value of tmax indicator:         13.0

Task for patient = 74 with skills = {0,3} and cost = 249.0
   Vehicle #0 = 6, leaving at = 971.0
   Vehicle #1 = 7, leaving at = 963.0
   Increment on distance indicator: 11.0
   Increment on tard indicator:     0.0
   Value of tmax indicator:         11.0

Task for patient = 70 with skills = {0,-1} and cost = 245.3
   Vehicle #0 = 1, leaving at = 894.0
   Vehicle #1 = -1, leaving at = inf
   Increment on distance indicator: 2.0
   Increment on tard indicator:     0.0
   Value of tmax indicator:         2.0

Task for patient = 58 with skills = {0,4} and cost = 244.7
   Vehicle #0 = 3, leaving at = 630.0
   Vehicle #1 = 14, leaving at = 661.0
   Increment on distance indicator: 15.0
   Increment on tard indicator:     0.0
   Value of tmax indicator:         15.0

Task for patient = 24 with skills = {0,4} and cost = 239.7
   Vehicle #0 = 6, leaving at = 878.0
   Vehicle #1 = 10, leaving at = 887.0
   Increment on distance indicator: 7.0
   Increment on tard indicator:     0.0
   Value of tmax indicator:         7.0

Task for patient = 8 with skills = {2,-1} and cost = 237.3
   Vehicle #0 = 6, leaving at = 811.0
   Vehicle #1 = -1, leaving at = inf
   Increment on distance indicator: 2.0
   Increment on tard indicator:     0.0
   Value of tmax indicator:         2.0

Task for patient = 18 with skills = {0,-1} and cost = 236.7
   Vehicle #0 = 4, leaving at = 959.0
   Vehicle #1 = -1, leaving at = inf
   Increment on distance indicator: 9.0
   Increment on tard indicator:     0.0
   Value of tmax indicator:         9.0

Task for patient = 50 with skills = {2,-1} and cost = 233.7
   Vehicle #0 = 6, leaving at = 751.0
   Vehicle #1 = -1, leaving at = inf
   Increment on distance indicator: 7.0
   Increment on tard indicator:     0.0
   Value of tmax indicator:         7.0

Task for patient = 63 with skills = {1,-1} and cost = 231.3
   Vehicle #0 = 0, leaving at = 914.0
   Vehicle #1 = -1, leaving at = inf
   Increment on distance indicator: 24.0
   Increment on tard indicator:     0.0
   Value of tmax indicator:         24.0

Task for patient = 20 with skills = {0,3} and cost = 622.3
   Vehicle #0 = 2, leaving at = 1105.0
   Vehicle #1 = 11, leaving at = 1072.0
   Increment on distance indicator: 10.0
   Increment on tard indicator:     0.0
   Value of tmax indicator:         10.0

Task for patient = 55 with skills = {0,3} and cost = 302.3
   Vehicle #0 = 3, leaving at = 859.0
   Vehicle #1 = 14, leaving at = 890.0
   Increment on distance indicator: 2.0
   Increment on tard indicator:     0.0
   Value of tmax indicator:         2.0

Task for patient = 65 with skills = {3,-1} and cost = 539.3
   Vehicle #0 = 8, leaving at = 850.0
   Vehicle #1 = -1, leaving at = inf
   Increment on distance indicator: 8.0
   Increment on tard indicator:     0.0
   Value of tmax indicator:         8.0

Task for patient = 3 with skills = {2,-1} and cost = 536.7
   Vehicle #0 = 0, leaving at = 1005.0
   Vehicle #1 = -1, leaving at = inf
   Increment on distance indicator: 3.0
   Increment on tard indicator:     0.0
   Value of tmax indicator:         3.0

Task for patient = 35 with skills = {0,-1} and cost = 400.3
   Vehicle #0 = 1, leaving at = 1031.0
   Vehicle #1 = -1, leaving at = inf
   Increment on distance indicator: 5.0
   Increment on tard indicator:     0.0
   Value of tmax indicator:         5.0

Task for patient = 22 with skills = {2,3} and cost = 398.7
   Vehicle #0 = 4, leaving at = 1092.0
   Vehicle #1 = 7, leaving at = 1082.0
   Increment on distance indicator: 12.0
   Increment on tard indicator:     0.0
   Value of tmax indicator:         12.0

Task for patient = 60 with skills = {3,-1} and cost = 394.7
   Vehicle #0 = 9, leaving at = 1077.0
   Vehicle #1 = -1, leaving at = inf
   Increment on distance indicator: 5.0
   Increment on tard indicator:     0.0
   Value of tmax indicator:         5.0

Task for patient = 46 with skills = {0,-1} and cost = 393.0
   Vehicle #0 = 1, leaving at = 1011.0
   Vehicle #1 = -1, leaving at = inf
   Increment on distance indicator: 5.0
   Increment on tard indicator:     0.0
   Value of tmax indicator:         5.0

Task for patient = 9 with skills = {2,-1} and cost = 388.3
   Vehicle #0 = 0, leaving at = 934.0
   Vehicle #1 = -1, leaving at = inf
   Increment on distance indicator: 4.0
   Increment on tard indicator:     0.0
   Value of tmax indicator:         4.0

Task for patient = 33 with skills = {1,3} and cost = 207.3
   Vehicle #0 = 0, leaving at = 845.0
   Vehicle #1 = 11, leaving at = 867.0
   Increment on distance indicator: 32.0
   Increment on tard indicator:     0.0
   Value of tmax indicator:         32.0

Task for patient = 53 with skills = {0,-1} and cost = 381.3
   Vehicle #0 = 3, leaving at = 936.0
   Vehicle #1 = -1, leaving at = inf
   Increment on distance indicator: 7.0
   Increment on tard indicator:     0.0
   Value of tmax indicator:         7.0

Task for patient = 23 with skills = {2,4} and cost = 379.0
   Vehicle #0 = 2, leaving at = 990.0
   Vehicle #1 = 9, leaving at = 1012.0
   Increment on distance indicator: 21.0
   Increment on tard indicator:     0.0
   Value of tmax indicator:         21.0

Task for patient = 36 with skills = {0,-1} and cost = 363.0
   Vehicle #0 = 1, leaving at = 963.0
   Vehicle #1 = -1, leaving at = inf
   Increment on distance indicator: 2.0
   Increment on tard indicator:     0.0
   Value of tmax indicator:         2.0

Task for patient = 44 with skills = {4,-1} and cost = 362.3
   Vehicle #0 = 10, leaving at = 949.0
   Vehicle #1 = -1, leaving at = inf
   Increment on distance indicator: 4.0
   Increment on tard indicator:     0.0
   Value of tmax indicator:         4.0

Task for patient = 12 with skills = {1,3} and cost = 361.0
   Vehicle #0 = 4, leaving at = 1027.0
   Vehicle #1 = 7, leaving at = 1029.0
   Increment on distance indicator: 18.0
   Increment on tard indicator:     0.0
   Value of tmax indicator:         18.0

Task for patient = 15 with skills = {0,-1} and cost = 355.0
   Vehicle #0 = 2, leaving at = 943.0
   Vehicle #1 = -1, leaving at = inf
   Increment on distance indicator: 3.0
   Increment on tard indicator:     0.0
   Value of tmax indicator:         3.0

Task for patient = 17 with skills = {3,-1} and cost = 354.0
   Vehicle #0 = 9, leaving at = 941.0
   Vehicle #1 = -1, leaving at = inf
   Increment on distance indicator: 7.0
   Increment on tard indicator:     0.0
   Value of tmax indicator:         7.0

Task for patient = 1 with skills = {2,-1} and cost = 351.7
   Vehicle #0 = 2, leaving at = 922.0
   Vehicle #1 = -1, leaving at = inf
   Increment on distance indicator: 6.0
   Increment on tard indicator:     0.0
   Value of tmax indicator:         6.0

Task for patient = 57 with skills = {2,3} and cost = 387.0
   Vehicle #0 = 2, leaving at = 1040.0
   Vehicle #1 = 11, leaving at = 1031.0
   Increment on distance indicator: 17.0
   Increment on tard indicator:     0.0
   Value of tmax indicator:         17.0

Task for patient = 68 with skills = {2,5} and cost = 113.3
   Vehicle #0 = 2, leaving at = 754.0
   Vehicle #1 = 13, leaving at = 744.0
   Increment on distance indicator: 9.0
   Increment on tard indicator:     0.0
   Value of tmax indicator:         9.0

Task for patient = 73 with skills = {0,-1} and cost = 110.3
   Vehicle #0 = 3, leaving at = 600.0
   Vehicle #1 = -1, leaving at = inf
   Increment on distance indicator: 2.0
   Increment on tard indicator:     0.0
   Value of tmax indicator:         2.0

Task for patient = 69 with skills = {3,-1} and cost = 109.7
   Vehicle #0 = 7, leaving at = 645.0
   Vehicle #1 = -1, leaving at = inf
   Increment on distance indicator: 4.0
   Increment on tard indicator:     0.0
   Value of tmax indicator:         4.0

Task for patient = 51 with skills = {5,-1} and cost = 108.3
   Vehicle #0 = 13, leaving at = 704.0
   Vehicle #1 = -1, leaving at = inf
   Increment on distance indicator: 6.0
   Increment on tard indicator:     0.0
   Value of tmax indicator:         6.0

Task for patient = 29 with skills = {1,-1} and cost = 106.3
   Vehicle #0 = 0, leaving at = 689.0
   Vehicle #1 = -1, leaving at = inf
   Increment on distance indicator: 8.0
   Increment on tard indicator:     0.0
   Value of tmax indicator:         8.0

Task for patient = 4 with skills = {0,-1} and cost = 103.7
   Vehicle #0 = 2, leaving at = 690.0
   Vehicle #1 = -1, leaving at = inf
   Increment on distance indicator: 2.0
   Increment on tard indicator:     0.0
   Value of tmax indicator:         2.0

Task for patient = 49 with skills = {0,-1} and cost = 103.0
   Vehicle #0 = 2, leaving at = 645.0
   Vehicle #1 = -1, leaving at = inf
   Increment on distance indicator: 6.0
   Increment on tard indicator:     0.0
   Value of tmax indicator:         6.0

Task for patient = 75 with skills = {3,-1} and cost = 101.0
   Vehicle #0 = 7, leaving at = 624.0
   Vehicle #1 = -1, leaving at = inf
   Increment on distance indicator: 6.0
   Increment on tard indicator:     0.0
   Value of tmax indicator:         6.0

Task for patient = 30 with skills = {0,-1} and cost = 196.7
   Vehicle #0 = 2, leaving at = 809.0
   Vehicle #1 = -1, leaving at = inf
   Increment on distance indicator: 5.0
   Increment on tard indicator:     0.0
   Value of tmax indicator:         5.0

Task for patient = 42 with skills = {2,-1} and cost = 88.3
   Vehicle #0 = 0, leaving at = 662.0
   Vehicle #1 = -1, leaving at = inf
   Increment on distance indicator: 9.0
   Increment on tard indicator:     0.0
   Value of tmax indicator:         9.0

Task for patient = 54 with skills = {0,-1} and cost = 85.3
   Vehicle #0 = 1, leaving at = 663.0
   Vehicle #1 = -1, leaving at = inf
   Increment on distance indicator: 6.0
   Increment on tard indicator:     0.0
   Value of tmax indicator:         6.0

Task for patient = 43 with skills = {2,3} and cost = 83.3
   Vehicle #0 = 2, leaving at = 544.0
   Vehicle #1 = 7, leaving at = 533.0
   Increment on distance indicator: 52.0
   Increment on tard indicator:     0.0
   Value of tmax indicator:         52.0

Task for patient = 26 with skills = {1,-1} and cost = 66.0
   Vehicle #0 = 4, leaving at = 589.0
   Vehicle #1 = -1, leaving at = inf
   Increment on distance indicator: 0.0
   Increment on tard indicator:     0.0
   Value of tmax indicator:         0.0

Task for patient = 40 with skills = {5,-1} and cost = 66.0
   Vehicle #0 = 13, leaving at = 618.0
   Vehicle #1 = -1, leaving at = inf
   Increment on distance indicator: 16.0
   Increment on tard indicator:     0.0
   Value of tmax indicator:         16.0

Task for patient = 59 with skills = {0,4} and cost = 60.7
   Vehicle #0 = 1, leaving at = 603.0
   Vehicle #1 = 10, leaving at = 627.0
   Increment on distance indicator: 39.0
   Increment on tard indicator:     0.0
   Value of tmax indicator:         39.0

Task for patient = 10 with skills = {2,5} and cost = 47.7
   Vehicle #0 = 0, leaving at = 610.0
   Vehicle #1 = 13, leaving at = 581.0
   Increment on distance indicator: 41.0
   Increment on tard indicator:     0.0
   Value of tmax indicator:         41.0

Task for patient = 7 with skills = {1,4} and cost = 34.0
   Vehicle #0 = 0, leaving at = 512.0
   Vehicle #1 = 10, leaving at = 544.0
   Increment on distance indicator: 60.0
   Increment on tard indicator:     0.0
   Value of tmax indicator:         60.0

Task for patient = 61 with skills = {4,-1} and cost = 14.0
   Vehicle #0 = 9, leaving at = 693.0
   Vehicle #1 = -1, leaving at = inf
   Increment on distance indicator: 42.0
   Increment on tard indicator:     0.0
   Value of tmax indicator:         42.0

Task for patient = 39 with skills = {0,3} and cost = 99.0
   Vehicle #0 = 2, leaving at = 577.0
   Vehicle #1 = 7, leaving at = 603.0
   Increment on distance indicator: 32.0
   Increment on tard indicator:     0.0
   Value of tmax indicator:         32.0

Task for patient = 6 with skills = {5,-1} and cost = 195.0
   Vehicle #0 = 13, leaving at = 898.0
   Vehicle #1 = -1, leaving at = inf
   Increment on distance indicator: 14.0
   Increment on tard indicator:     0.0
   Value of tmax indicator:         14.0

Task for patient = 66 with skills = {3,-1} and cost = 190.3
   Vehicle #0 = 7, leaving at = 869.0
   Vehicle #1 = -1, leaving at = inf
   Increment on distance indicator: 9.0
   Increment on tard indicator:     0.0
   Value of tmax indicator:         9.0

Task for patient = 47 with skills = {3,-1} and cost = 187.3
   Vehicle #0 = 9, leaving at = 888.0
   Vehicle #1 = -1, leaving at = inf
   Increment on distance indicator: 7.0
   Increment on tard indicator:     0.0
   Value of tmax indicator:         7.0

Task for patient = 72 with skills = {1,-1} and cost = 185.0
   Vehicle #0 = 4, leaving at = 845.0
   Vehicle #1 = -1, leaving at = inf
   Increment on distance indicator: 4.0
   Increment on tard indicator:     0.0
   Value of tmax indicator:         4.0

Task for patient = 71 with skills = {4,-1} and cost = 183.7
   Vehicle #0 = 10, leaving at = 720.0
   Vehicle #1 = -1, leaving at = inf
   Increment on distance indicator: 10.0
   Increment on tard indicator:     0.0
   Value of tmax indicator:         10.0

Task for patient = 41 with skills = {3,-1} and cost = 180.3
   Vehicle #0 = 7, leaving at = 830.0
   Vehicle #1 = -1, leaving at = inf
   Increment on distance indicator: 8.0
   Increment on tard indicator:     0.0
   Value of tmax indicator:         8.0

Task for patient = 48 with skills = {4,-1} and cost = 177.7
   Vehicle #0 = 10, leaving at = 681.0
   Vehicle #1 = -1, leaving at = inf
   Increment on distance indicator: 9.0
   Increment on tard indicator:     0.0
   Value of tmax indicator:         9.0

Task for patient = 16 with skills = {3,-1} and cost = 174.7
   Vehicle #0 = 7, leaving at = 768.0
   Vehicle #1 = -1, leaving at = inf
   Increment on distance indicator: 6.0
   Increment on tard indicator:     0.0
   Value of tmax indicator:         6.0

Task for patient = 27 with skills = {1,3} and cost = 126.7
   Vehicle #0 = 4, leaving at = 668.0
   Vehicle #1 = 7, leaving at = 693.0
   Increment on distance indicator: 40.0
   Increment on tard indicator:     0.0
   Value of tmax indicator:         40.0

Task for patient = 11 with skills = {3,-1} and cost = 170.3
   Vehicle #0 = 9, leaving at = 805.0
   Vehicle #1 = -1, leaving at = inf
   Increment on distance indicator: 5.0
   Increment on tard indicator:     0.0
   Value of tmax indicator:         5.0

Task for patient = 67 with skills = {2,3} and cost = 168.7
   Vehicle #0 = 5, leaving at = 725.0
   Vehicle #1 = 11, leaving at = 723.0
   Increment on distance indicator: 16.0
   Increment on tard indicator:     0.0
   Value of tmax indicator:         16.0

Task for patient = 13 with skills = {1,5} and cost = 163.3
   Vehicle #0 = 0, leaving at = 814.0
   Vehicle #1 = 13, leaving at = 869.0
   Increment on distance indicator: 12.0
   Increment on tard indicator:     0.0
   Value of tmax indicator:         12.0

Task for patient = 62 with skills = {1,-1} and cost = 159.3
   Vehicle #0 = 4, leaving at = 797.0
   Vehicle #1 = -1, leaving at = inf
   Increment on distance indicator: 11.0
   Increment on tard indicator:     0.0
   Value of tmax indicator:         11.0

Task for patient = 38 with skills = {2,5} and cost = 155.7
   Vehicle #0 = 0, leaving at = 782.0
   Vehicle #1 = 13, leaving at = 815.0
   Increment on distance indicator: 17.0
   Increment on tard indicator:     0.0
   Value of tmax indicator:         17.0

Task for patient = 21 with skills = {3,-1} and cost = 150.0
   Vehicle #0 = 7, leaving at = 734.0
   Vehicle #1 = -1, leaving at = inf
   Increment on distance indicator: 6.0
   Increment on tard indicator:     0.0
   Value of tmax indicator:         6.0

Task for patient = 32 with skills = {3,-1} and cost = 148.0
   Vehicle #0 = 8, leaving at = 630.0
   Vehicle #1 = -1, leaving at = inf
   Increment on distance indicator: 19.0
   Increment on tard indicator:     0.0
   Value of tmax indicator:         19.0

Task for patient = 56 with skills = {0,4} and cost = 141.7
   Vehicle #0 = 4, leaving at = 733.0
   Vehicle #1 = 9, leaving at = 742.0
   Increment on distance indicator: 16.0
   Increment on tard indicator:     0.0
   Value of tmax indicator:         16.0

Task for patient = 19 with skills = {0,-1} and cost = 136.3
   Vehicle #0 = 6, leaving at = 551.0
   Vehicle #1 = -1, leaving at = inf
   Increment on distance indicator: 29.0
   Increment on tard indicator:     0.0
   Value of tmax indicator:         29.0

Task for patient = 25 with skills = {4,-1} and cost = 172.7
   Vehicle #0 = 9, leaving at = 847.0
   Vehicle #1 = -1, leaving at = inf
   Increment on distance indicator: 7.0
   Increment on tard indicator:     0.0
   Value of tmax indicator:         7.0


Unused vehicle list: 12 (total = 1 out of 15)

---
Search finished.
Total of 1900 generations in 72.7 seconds.
Exchange elite runs: 23
Implicit path relinking runs: 10
Reset attempts: 1

Best solution found:
   Cost: 725.3
   Total travel time: 1267.0
   Total tardiness time: 665.0
   Largest tardiness: 244.0


725.3
