This host is: panku
--- BRKGA-MP-IPR for HHCRSP ---
Instance: new-dataset/instances-25/HHCRSP_25_5_37_1.0_R_RC.txt
Seed: 15

Reading data... Problem contains 25 patients  and 5 caregivers.

Summary of supply x demand for each service type:
Skill 0 has supply = 1 and demand = 1, ratio = 1
Skill 1 has supply = 1 and demand = 4, ratio = 0.25
Skill 2 has supply = 1 and demand = 13, ratio = 0.0769231
Skill 3 has supply = 2 and demand = 3, ratio = 0.666667
Skill 4 has supply = 2 and demand = 9, ratio = 0.222222
Skill 5 has supply = 2 and demand = 3, ratio = 0.666667

Reading parameters...
Inferred distance function by PR type: kendall-tau
Building BRKGA data and initializing...
Evolving 1900 generations...

  Gens  Rem    Local   ElDiv NoImpr             Best solution            Time  Op
                                       Cost     Dist    Tard    TMax 
*    0 1900  2488.33  227.23      0  2488.33   716.00  5965.0   784.0     0.0    
*    2 1898  2199.33  174.07      0  2199.33   735.00  5114.0   689.0     0.1    
*    3 1897  2179.33  171.47      0  2179.33   747.00  4545.0   721.0     0.1    
*    4 1896  2004.33  152.88      0  2004.33   714.00  4511.0   633.0     0.1    
*    5 1895  1952.67  131.99      0  1952.67   714.00  4511.0   633.0     0.2    
*    7 1893  1713.33   99.24      0  1713.33   651.00  3879.0   610.0     0.2    
*   10 1890  1675.67   77.46      0  1675.67   703.00  3649.0   615.0     0.3    
*   11 1889  1655.67   67.56      0  1655.67   703.00  3649.0   615.0     0.3    
*   14 1886  1649.00   51.60      0  1649.00   680.00  3306.0   613.0     0.4    
*   15 1885  1533.00   49.50      0  1533.00   651.00  3391.0   511.0     0.4    
*   16 1884  1517.67   43.13      0  1517.67   651.00  3391.0   511.0     0.4    
*   18 1882  1487.00   36.94      0  1487.00   660.00  3206.0   595.0     0.5    
*   21 1879  1462.33   28.31      0  1462.33   660.00  3186.0   541.0     0.6    
*   24 1876  1453.33   21.30      0  1453.33   646.00  3171.0   543.0     0.6    
*   27 1873  1447.33   15.10      0  1447.33   658.00  3144.0   540.0     0.7    

  Gens  Rem    Local   ElDiv NoImpr             Best solution            Time  Op
                                       Cost     Dist    Tard    TMax 
*   29 1871  1447.00   11.81      0  1447.00   654.00  3147.0   540.0     0.8    
*   31 1869  1439.33    8.53      0  1439.33   630.00  3144.0   540.0     0.8    
*   32 1868  1438.00    6.88      0  1438.00   630.00  3144.0   540.0     0.9    
    50 1850  1438.00    3.46     18  1438.00   630.00  3144.0   540.0     1.3    
    80 1820  1438.00    0.00     49  1438.00   630.00  3144.0   540.0     2.1   X
   100 1800  1438.00    0.00     68  1438.00   630.00  3144.0   540.0     2.6    
   150 1750  1438.00    0.00    118  1438.00   630.00  3144.0   540.0     3.9    
   160 1740  1438.00    0.00    129  1438.00   630.00  3144.0   540.0     4.1   X
Path relinking result: no improvement.
   180 1720  1438.00    0.00    149  1438.00   630.00  3144.0   540.0     4.6   P
   200 1700  1438.00    0.00    168  1438.00   630.00  3144.0   540.0     5.4    
   240 1660  1438.00    0.00    209  1438.00   630.00  3144.0   540.0     7.0   X
   250 1650  1438.00    0.00    218  1438.00   630.00  3144.0   540.0     7.2    
   300 1600  1438.00    0.00    268  1438.00   630.00  3144.0   540.0     8.5    
   320 1580  1438.00    0.00    289  1438.00   630.00  3144.0   540.0     9.1   X
   350 1550  1438.00    0.00    318  1438.00   630.00  3144.0   540.0     9.9    
*  355 1545  1437.00    0.06      0  1437.00   624.00  3147.0   540.0    10.0    
Path relinking result: no improvement.

  Gens  Rem    Local   ElDiv NoImpr             Best solution            Time  Op
                                       Cost     Dist    Tard    TMax 
   360 1540  1437.00    0.06      6  1437.00   624.00  3147.0   540.0    10.1   P
   400 1500  1437.00    0.15     45  1437.00   624.00  3147.0   540.0    11.2    
   400 1500  1437.00    0.26     46  1437.00   624.00  3147.0   540.0    11.2   X
*  422 1478  1436.67    0.03      0  1436.67   626.00  3144.0   540.0    11.7    
*  438 1462  1434.67    0.32      0  1434.67   620.00  3144.0   540.0    12.1    
   450 1450  1434.67    0.00     12  1434.67   620.00  3144.0   540.0    12.4    
   480 1420  1434.67    0.00     43  1434.67   620.00  3144.0   540.0    13.2   X
   500 1400  1434.67    0.00     62  1434.67   620.00  3144.0   540.0    13.8    
Path relinking result: no improvement.
   540 1360  1434.67    0.00    103  1434.67   620.00  3144.0   540.0    14.8   P
   550 1350  1434.67    0.00    112  1434.67   620.00  3144.0   540.0    15.0    
   560 1340  1434.67    0.00    123  1434.67   620.00  3144.0   540.0    15.3   X
   600 1300  1434.67    0.00    162  1434.67   620.00  3144.0   540.0    16.3    
   640 1260  1434.67    0.00    203  1434.67   620.00  3144.0   540.0    17.4   X
   650 1250  1434.67    0.00    212  1434.67   620.00  3144.0   540.0    17.6    
   700 1200  1434.67    0.00    262  1434.67   620.00  3144.0   540.0    18.9    
Path relinking result: no improvement.
   720 1180  1434.67    0.00    283  1434.67   620.00  3144.0   540.0    19.5  PX

  Gens  Rem    Local   ElDiv NoImpr             Best solution            Time  Op
                                       Cost     Dist    Tard    TMax 
   750 1150  1434.67    0.00    312  1434.67   620.00  3144.0   540.0    20.2    
   800 1100  1434.67    0.00    362  1434.67   620.00  3144.0   540.0    21.5    
   800 1100  1434.67    0.00    363  1434.67   620.00  3144.0   540.0    21.5   X
   850 1050  1434.67    0.00    412  1434.67   620.00  3144.0   540.0    22.8    
   880 1020  1434.67    0.00    443  1434.67   620.00  3144.0   540.0    23.6   X
   900 1000  1434.67    0.00    462  1434.67   620.00  3144.0   540.0    24.1    
Path relinking result: no improvement.
   900 1000  1434.67    0.00    463  1434.67   620.00  3144.0   540.0    24.1   P
   950  950  1434.67    0.00    512  1434.67   620.00  3144.0   540.0    25.4    
   960  940  1434.67    0.00    523  1434.67   620.00  3144.0   540.0    25.6   X
  1000  900  1434.67    0.00    562  1434.67   620.00  3144.0   540.0    26.6    
  1040  860  1434.67    0.00    603  1434.67   620.00  3144.0   540.0    27.7   X
  1050  850  1434.67    0.00    612  1434.67   620.00  3144.0   540.0    27.9    
Path relinking result: no improvement.
  1080  820  1434.67    0.00    643  1434.67   620.00  3144.0   540.0    28.7   P
  1100  800  1434.67    0.00    662  1434.67   620.00  3144.0   540.0    29.2    
  1120  780  1434.67    0.00    683  1434.67   620.00  3144.0   540.0    29.7   X
  1137  763      inf  266.94      0  1434.67   620.00  3144.0   540.0    30.2   R

  Gens  Rem    Local   ElDiv NoImpr             Best solution            Time  Op
                                       Cost     Dist    Tard    TMax 
  1138  762  2737.00  199.62      0  1434.67   620.00  3144.0   540.0    30.2    
  1150  750  1592.33   71.90      0  1434.67   620.00  3144.0   540.0    30.5    
  1200  700  1437.00    2.62     21  1434.67   620.00  3144.0   540.0    31.8    
  1200  700  1437.00    0.47     22  1434.67   620.00  3144.0   540.0    31.8   X
  1250  650  1434.67    1.10     28  1434.67   620.00  3144.0   540.0    33.1    
Path relinking result: elite improvement.
  1260  640  1434.67    1.10     39  1434.67   620.00  3144.0   540.0    33.3   P
  1280  620  1434.67    0.00     59  1434.67   620.00  3144.0   540.0    33.8   X
  1300  600  1434.67    0.00     78  1434.67   620.00  3144.0   540.0    34.4    
  1350  550  1434.67    0.00    128  1434.67   620.00  3144.0   540.0    35.7    
  1360  540  1434.67    0.00    139  1434.67   620.00  3144.0   540.0    35.9   X
  1400  500  1434.67    0.00    178  1434.67   620.00  3144.0   540.0    37.0    
Path relinking result: no improvement.
  1440  460  1434.67    0.00    219  1434.67   620.00  3144.0   540.0    38.0  PX
  1450  450  1434.67    0.00    228  1434.67   620.00  3144.0   540.0    38.2    
  1500  400  1434.67    0.00    278  1434.67   620.00  3144.0   540.0    39.5    
  1520  380  1434.67    0.00    299  1434.67   620.00  3144.0   540.0    40.0   X
  1550  350  1434.67    0.00    328  1434.67   620.00  3144.0   540.0    40.8    

  Gens  Rem    Local   ElDiv NoImpr             Best solution            Time  Op
                                       Cost     Dist    Tard    TMax 
  1600  300  1434.67    0.00    378  1434.67   620.00  3144.0   540.0    42.1    
  1600  300  1434.67    0.00    379  1434.67   620.00  3144.0   540.0    42.1   X
Path relinking result: no improvement.
  1620  280  1434.67    0.00    399  1434.67   620.00  3144.0   540.0    42.7   P
  1650  250  1434.67    0.00    428  1434.67   620.00  3144.0   540.0    43.4    
  1680  220  1434.67    0.00    459  1434.67   620.00  3144.0   540.0    44.2   X
  1700  200  1434.67    0.00    478  1434.67   620.00  3144.0   540.0    44.7    
  1750  150  1434.67    0.00    528  1434.67   620.00  3144.0   540.0    46.0    
  1760  140  1434.67    0.00    539  1434.67   620.00  3144.0   540.0    46.3   X
  1800  100  1434.67    0.00    578  1434.67   620.00  3144.0   540.0    47.3    
Path relinking result: no improvement.
  1800  100  1434.67    0.00    579  1434.67   620.00  3144.0   540.0    47.3   P
  1840   60  1434.67    0.00    619  1434.67   620.00  3144.0   540.0    48.3   X
  1850   50  1434.67    0.00    628  1434.67   620.00  3144.0   540.0    48.6    
  1900    0  1434.67    0.00    678  1434.67   620.00  3144.0   540.0    49.8    
Evolutionary process finished.
Solution written to 'solution-13311.txt'.

Sorted sequence of worst to best tardiness value:
Task for patient = 1 with skills = {1,-1} and cost = 1104.3
   Vehicle #0 = 1, leaving at = 1358.0
   Vehicle #1 = -1, leaving at = inf
   Increment on distance indicator: 25.0
   Increment on tard indicator:     540.0
   Value of tmax indicator:         25.0

Task for patient = 21 with skills = {2,-1} and cost = 907.3
   Vehicle #0 = 1, leaving at = 1277.0
   Vehicle #1 = -1, leaving at = inf
   Increment on distance indicator: 14.0
   Increment on tard indicator:     514.0
   Value of tmax indicator:         14.0

Task for patient = 4 with skills = {1,-1} and cost = 1263.3
   Vehicle #0 = 1, leaving at = 1418.0
   Vehicle #1 = -1, leaving at = inf
   Increment on distance indicator: 8.0
   Increment on tard indicator:     469.0
   Value of tmax indicator:         8.0

Task for patient = 11 with skills = {2,-1} and cost = 702.3
   Vehicle #0 = 1, leaving at = 1217.0
   Vehicle #1 = -1, leaving at = inf
   Increment on distance indicator: 25.0
   Increment on tard indicator:     427.0
   Value of tmax indicator:         25.0

Task for patient = 23 with skills = {1,-1} and cost = 1403.7
   Vehicle #0 = 1, leaving at = 1470.0
   Vehicle #1 = -1, leaving at = inf
   Increment on distance indicator: 27.0
   Increment on tard indicator:     394.0
   Value of tmax indicator:         27.0

Task for patient = 8 with skills = {2,-1} and cost = 533.0
   Vehicle #0 = 1, leaving at = 1175.0
   Vehicle #1 = -1, leaving at = inf
   Increment on distance indicator: 8.0
   Increment on tard indicator:     372.0
   Value of tmax indicator:         8.0

Task for patient = 3 with skills = {2,4} and cost = 289.7
   Vehicle #0 = 1, leaving at = 1023.0
   Vehicle #1 = 2, leaving at = 1026.0
   Increment on distance indicator: 33.0
   Increment on tard indicator:     340.0
   Value of tmax indicator:         33.0

Task for patient = 22 with skills = {2,-1} and cost = 341.3
   Vehicle #0 = 1, leaving at = 1130.0
   Vehicle #1 = -1, leaving at = inf
   Increment on distance indicator: 5.0
   Increment on tard indicator:     54.0
   Value of tmax indicator:         5.0

Task for patient = 24 with skills = {2,4} and cost = 78.3
   Vehicle #0 = 1, leaving at = 746.0
   Vehicle #1 = 3, leaving at = 738.0
   Increment on distance indicator: 38.0
   Increment on tard indicator:     18.0
   Value of tmax indicator:         38.0

Task for patient = 17 with skills = {2,5} and cost = 321.7
   Vehicle #0 = 1, leaving at = 1085.0
   Vehicle #1 = 3, leaving at = 1054.0
   Increment on distance indicator: 32.0
   Increment on tard indicator:     16.0
   Value of tmax indicator:         32.0

Task for patient = 20 with skills = {3,-1} and cost = 533.3
   Vehicle #0 = 2, leaving at = 1056.0
   Vehicle #1 = -1, leaving at = inf
   Increment on distance indicator: 1.0
   Increment on tard indicator:     0.0
   Value of tmax indicator:         1.0

Task for patient = 16 with skills = {3,-1} and cost = 305.7
   Vehicle #0 = 3, leaving at = 996.0
   Vehicle #1 = -1, leaving at = inf
   Increment on distance indicator: 17.0
   Increment on tard indicator:     0.0
   Value of tmax indicator:         17.0

Task for patient = 19 with skills = {4,-1} and cost = 300.0
   Vehicle #0 = 3, leaving at = 958.0
   Vehicle #1 = -1, leaving at = inf
   Increment on distance indicator: 31.0
   Increment on tard indicator:     0.0
   Value of tmax indicator:         31.0

Task for patient = 13 with skills = {4,-1} and cost = 106.7
   Vehicle #0 = 2, leaving at = 777.0
   Vehicle #1 = -1, leaving at = inf
   Increment on distance indicator: 13.0
   Increment on tard indicator:     0.0
   Value of tmax indicator:         13.0

Task for patient = 5 with skills = {0,-1} and cost = 102.3
   Vehicle #0 = 0, leaving at = 737.0
   Vehicle #1 = -1, leaving at = inf
   Increment on distance indicator: 16.0
   Increment on tard indicator:     0.0
   Value of tmax indicator:         16.0

Task for patient = 18 with skills = {2,-1} and cost = 97.0
   Vehicle #0 = 1, leaving at = 879.0
   Vehicle #1 = -1, leaving at = inf
   Increment on distance indicator: 7.0
   Increment on tard indicator:     0.0
   Value of tmax indicator:         7.0

Task for patient = 15 with skills = {2,4} and cost = 94.7
   Vehicle #0 = 1, leaving at = 850.0
   Vehicle #1 = 3, leaving at = 843.0
   Increment on distance indicator: 22.0
   Increment on tard indicator:     0.0
   Value of tmax indicator:         22.0

Task for patient = 9 with skills = {2,5} and cost = 87.3
   Vehicle #0 = 1, leaving at = 783.0
   Vehicle #1 = 4, leaving at = 833.0
   Increment on distance indicator: 27.0
   Increment on tard indicator:     0.0
   Value of tmax indicator:         27.0

Task for patient = 7 with skills = {4,-1} and cost = 56.7
   Vehicle #0 = 3, leaving at = 683.0
   Vehicle #1 = -1, leaving at = inf
   Increment on distance indicator: 38.0
   Increment on tard indicator:     0.0
   Value of tmax indicator:         38.0

Task for patient = 6 with skills = {3,-1} and cost = 44.0
   Vehicle #0 = 2, leaving at = 716.0
   Vehicle #1 = -1, leaving at = inf
   Increment on distance indicator: 7.0
   Increment on tard indicator:     0.0
   Value of tmax indicator:         7.0

Task for patient = 25 with skills = {2,4} and cost = 41.7
   Vehicle #0 = 1, leaving at = 688.0
   Vehicle #1 = 2, leaving at = 677.0
   Increment on distance indicator: 34.0
   Increment on tard indicator:     0.0
   Value of tmax indicator:         34.0

Task for patient = 2 with skills = {4,-1} and cost = 30.3
   Vehicle #0 = 3, leaving at = 586.0
   Vehicle #1 = -1, leaving at = inf
   Increment on distance indicator: 26.0
   Increment on tard indicator:     0.0
   Value of tmax indicator:         26.0

Task for patient = 10 with skills = {2,4} and cost = 21.7
   Vehicle #0 = 1, leaving at = 627.0
   Vehicle #1 = 2, leaving at = 621.0
   Increment on distance indicator: 43.0
   Increment on tard indicator:     0.0
   Value of tmax indicator:         43.0

Task for patient = 12 with skills = {2,-1} and cost = 7.3
   Vehicle #0 = 1, leaving at = 547.0
   Vehicle #1 = -1, leaving at = inf
   Increment on distance indicator: 22.0
   Increment on tard indicator:     0.0
   Value of tmax indicator:         22.0

Task for patient = 14 with skills = {1,5} and cost = 109.3
   Vehicle #0 = 1, leaving at = 940.0
   Vehicle #1 = 3, leaving at = 899.0
   Increment on distance indicator: 8.0
   Increment on tard indicator:     0.0
   Value of tmax indicator:         8.0


Unused vehicle list: (total = 0 out of 5)

---
Search finished.
Total of 1900 generations in 49.8 seconds.
Exchange elite runs: 23
Implicit path relinking runs: 10
Reset attempts: 1

Best solution found:
   Cost: 1434.7
   Total travel time: 620.0
   Total tardiness time: 3144.0
   Largest tardiness: 540.0


1434.7
