This host is: ifrit
--- BRKGA-MP-IPR for HHCRSP ---
Instance: /home/alberto/work/hhcrsp-dataset-2021/dataset2/HHCRSP_50_10_90_1.6_R_C.txt
Seed: 5

Reading data... Problem contains 50 patients  and 10 caregivers.

Summary of supply x demand for each service type:
Skill 0 has supply = 3 and demand = 16, ratio = 0.1875
Skill 1 has supply = 2 and demand = 9, ratio = 0.222222
Skill 2 has supply = 3 and demand = 12, ratio = 0.25
Skill 3 has supply = 2 and demand = 5, ratio = 0.4
Skill 4 has supply = 4 and demand = 11, ratio = 0.363636
Skill 5 has supply = 3 and demand = 13, ratio = 0.230769

Reading parameters...
Inferred distance function by PR type: kendall-tau
Building BRKGA data and initializing...
Evolving 1900 generations...

  Gens  Rem    Local   ElDiv NoImpr             Best solution            Time  Op
                                       Cost     Dist    Tard    TMax 
*    0 1900  1206.33  219.38      0  1206.33  1103.00  2168.0   348.0     0.1    
*    2 1898  1090.33  152.47      0  1090.33  1103.00  1876.0   289.0     0.2    
*    3 1897  1089.33  143.10      0  1089.33  1108.00  1408.0   366.0     0.3    
*    4 1896   960.67  127.83      0   960.67  1110.00  1128.0   199.0     0.3    
*    5 1895   812.33  125.69      0   812.33  1107.00   983.0   178.0     0.4    
*    6 1894   756.00  121.73      0   756.00  1085.00   586.0   160.0     0.5    
*    7 1893   610.33  114.94      0   610.33  1097.00   542.0   161.0     0.5    
*    8 1892   600.00  106.66      0   600.00  1071.00   583.0   121.0     0.6    
*    9 1891   591.67   86.63      0   591.67  1096.00   387.0    76.0     0.7    
*   10 1890   519.67   79.84      0   519.67  1081.00   283.0   138.0     0.7    
*   11 1889   500.67   70.96      0   500.67  1097.00   241.0    80.0     0.8    
*   12 1888   472.67   67.57      0   472.67  1092.00    45.0    45.0     0.8    
*   13 1887   394.00   61.79      0   394.00  1053.00    74.0    46.0     0.9    
*   14 1886   391.00   51.19      0   391.00  1053.00    74.0    46.0     1.0    
*   18 1882   365.33   28.61      0   365.33  1073.00    13.0    10.0     1.2    

  Gens  Rem    Local   ElDiv NoImpr             Best solution            Time  Op
                                       Cost     Dist    Tard    TMax 
*   20 1880   339.00   23.40      0   339.00  1001.00    12.0     4.0     1.4    
*   23 1877   338.00   16.55      0   338.00   982.00    16.0    16.0     1.6    
*   25 1875   331.00   13.97      0   331.00   967.00     1.0     1.0     1.7    
*   26 1874   323.00   12.29      0   323.00   967.00     1.0     1.0     1.8    
*   30 1870   322.33    9.30      0   322.33   929.00     1.0     1.0     2.0    
*   31 1869   310.33    9.22      0   310.33   929.00     1.0     1.0     2.1    
*   39 1861   305.00    8.01      0   305.00   915.00     0.0     0.0     2.6    
*   45 1855   300.67    6.99      0   300.67   902.00     0.0     0.0     3.0    
    50 1850   300.67    7.62      5   300.67   902.00     0.0     0.0     3.3    
*   51 1849   287.33    7.42      0   287.33   858.00     2.0     2.0     3.4    
*   54 1846   281.67    7.78      0   281.67   827.00    10.0     8.0     3.6    
*   59 1841   277.67    9.00      0   277.67   831.00     1.0     1.0     3.9    
*   67 1833   276.00    9.38      0   276.00   828.00     0.0     0.0     4.4    
*   74 1826   274.33    8.75      0   274.33   815.00     5.0     2.0     4.9    
*   75 1825   274.00    8.60      0   274.00   815.00     5.0     2.0     5.0    
    80 1820   274.00    3.79      6   274.00   815.00     5.0     2.0     5.3   X

  Gens  Rem    Local   ElDiv NoImpr             Best solution            Time  Op
                                       Cost     Dist    Tard    TMax 
*   86 1814   273.00    3.34      0   273.00   815.00     2.0     2.0     5.7    
*   92 1808   272.67    2.75      0   272.67   814.00     2.0     2.0     6.1    
*   94 1806   272.33    2.71      0   272.33   813.00     2.0     2.0     6.2    
*   96 1804   271.00    2.62      0   271.00   809.00     2.0     2.0     6.3    
   100 1800   271.00    2.63      4   271.00   809.00     2.0     2.0     6.6    
*  101 1799   270.67    2.74      0   270.67   808.00     2.0     2.0     6.6    
*  103 1797   270.00    2.83      0   270.00   805.00     2.0     2.0     6.8    
*  104 1796   269.67    2.86      0   269.67   805.00     2.0     2.0     6.8    
*  109 1791   269.33    2.51      0   269.33   804.00     2.0     2.0     7.2    
*  116 1784   269.00    1.33      0   269.00   803.00     2.0     2.0     7.6    
*  130 1770   268.67    0.31      0   268.67   802.00     2.0     2.0     8.5    
   150 1750   268.67    0.29     20   268.67   802.00     2.0     2.0     9.8    
   160 1740   268.67    0.00     31   268.67   802.00     2.0     2.0    10.5   X
*  167 1733   268.33    0.02      0   268.33   801.00     2.0     2.0    10.9    
Path relinking result: no improvement.
   180 1720   268.33    0.03     14   268.33   801.00     2.0     2.0    11.8   P
*  195 1705   267.33    0.08      0   267.33   798.00     2.0     2.0    12.7    

  Gens  Rem    Local   ElDiv NoImpr             Best solution            Time  Op
                                       Cost     Dist    Tard    TMax 
   200 1700   267.33    0.13      5   267.33   798.00     2.0     2.0    13.0    
   240 1660   267.33    0.63     46   267.33   798.00     2.0     2.0    15.6   X
   250 1650   267.33    0.00     55   267.33   798.00     2.0     2.0    16.3    
   274 1626      inf  212.58      0   267.33   798.00     2.0     2.0    17.8   R
   275 1625  1284.67  192.38      0   267.33   798.00     2.0     2.0    17.9    
   300 1600   337.00   13.16      2   267.33   798.00     2.0     2.0    19.5    
   320 1580   305.00    5.57      8   267.33   798.00     2.0     2.0    20.8   X
   350 1550   279.33    4.39      9   267.33   798.00     2.0     2.0    22.8    
Path relinking result: best improvement.
   360 1540   274.67    2.82      0   267.33   798.00     2.0     2.0    23.4   P
*  397 1503   266.67    0.84      0   266.67   798.00     1.0     1.0    25.8    
   400 1500   266.67    0.75      3   266.67   798.00     1.0     1.0    26.0    
   400 1500   266.67    0.20      4   266.67   798.00     1.0     1.0    26.0   X
*  409 1491   265.67    0.26      0   265.67   795.00     1.0     1.0    26.6    
*  419 1481   265.33    0.43      0   265.33   794.00     1.0     1.0    27.3    
*  425 1475   265.00    0.76      0   265.00   795.00     0.0     0.0    27.7    
*  434 1466   264.67    0.16      0   264.67   794.00     0.0     0.0    28.2    

  Gens  Rem    Local   ElDiv NoImpr             Best solution            Time  Op
                                       Cost     Dist    Tard    TMax 
*  436 1464   264.33    0.17      0   264.33   793.00     0.0     0.0    28.4    
   450 1450   264.33    0.28     14   264.33   793.00     0.0     0.0    29.3    
   480 1420   264.33    0.31     45   264.33   793.00     0.0     0.0    31.2   X
   500 1400   264.33    0.06     64   264.33   793.00     0.0     0.0    32.5    
*  501 1399   263.33    0.06      0   263.33   790.00     0.0     0.0    32.6    
Path relinking result: elite improvement.
   540 1360   263.33    0.47     40   263.33   790.00     0.0     0.0    35.1   P
   550 1350   263.33    0.47     49   263.33   790.00     0.0     0.0    35.8    
   560 1340   263.33    0.46     60   263.33   790.00     0.0     0.0    36.4   X
   580 1320      inf  217.51      0   263.33   790.00     0.0     0.0    37.7   R
   581 1319  1182.33  194.15      0   263.33   790.00     0.0     0.0    37.8    
   600 1300   365.67   28.30      1   263.33   790.00     0.0     0.0    39.0    
   640 1260   282.67    4.76      0   263.33   790.00     0.0     0.0    41.6   X
   650 1250   276.67    4.29      1   263.33   790.00     0.0     0.0    42.3    
   700 1200   268.67    3.15      4   263.33   790.00     0.0     0.0    45.5    
Path relinking result: elite improvement.
   720 1180   268.33    0.66     15   263.33   790.00     0.0     0.0    46.8  PX
   750 1150   267.67    0.32     27   263.33   790.00     0.0     0.0    48.8    

  Gens  Rem    Local   ElDiv NoImpr             Best solution            Time  Op
                                       Cost     Dist    Tard    TMax 
   800 1100   267.67    0.00     77   263.33   790.00     0.0     0.0    52.0    
   800 1100   267.67    0.00     78   263.33   790.00     0.0     0.0    52.0   X
   802 1098      inf  242.03      0   263.33   790.00     0.0     0.0    52.1   R
   803 1097  1319.00  187.29      0   263.33   790.00     0.0     0.0    52.2    
   850 1050   294.33    9.28      0   263.33   790.00     0.0     0.0    55.3    
   880 1020   277.67    1.74      0   263.33   790.00     0.0     0.0    57.2   X
   900 1000   273.67    1.93     13   263.33   790.00     0.0     0.0    58.5    
Path relinking result: elite improvement.
   900 1000   273.67    1.93     14   263.33   790.00     0.0     0.0    58.5   P
   950  950   269.00    0.42     18   263.33   790.00     0.0     0.0    61.8    
   960  940   269.00    0.27     29   263.33   790.00     0.0     0.0    62.4   X
  1000  900   267.67    0.57      7   263.33   790.00     0.0     0.0    65.0    
  1040  860   265.33    1.10      9   263.33   790.00     0.0     0.0    67.6   X
  1050  850   264.67    0.16      4   263.33   790.00     0.0     0.0    68.2    
Path relinking result: no improvement.
  1080  820   264.67    0.00     35   263.33   790.00     0.0     0.0    70.2   P
  1100  800   264.67    0.00     54   263.33   790.00     0.0     0.0    71.5    
  1120  780   264.67    0.00     75   263.33   790.00     0.0     0.0    72.8   X

  Gens  Rem    Local   ElDiv NoImpr             Best solution            Time  Op
                                       Cost     Dist    Tard    TMax 
  1125  775      inf  254.27      0   263.33   790.00     0.0     0.0    73.1   R
  1126  774  1164.00  203.80      0   263.33   790.00     0.0     0.0    73.2    
  1150  750   347.33   12.68      2   263.33   790.00     0.0     0.0    74.7    
  1200  700   272.33    8.14      8   263.33   790.00     0.0     0.0    78.0    
  1200  700   272.33    5.57      9   263.33   790.00     0.0     0.0    78.0   X
  1250  650   268.67    0.03      5   263.33   790.00     0.0     0.0    81.2    
Path relinking result: elite improvement.
  1260  640   268.67    0.10     16   263.33   790.00     0.0     0.0    81.9   P
  1280  620   268.67    0.00     36   263.33   790.00     0.0     0.0    83.2   X
  1300  600   268.67    0.00     55   263.33   790.00     0.0     0.0    84.5    
  1324  576      inf  221.99      0   263.33   790.00     0.0     0.0    86.0   R
  1325  575  1263.00  185.56      0   263.33   790.00     0.0     0.0    86.1    
  1350  550   345.33   14.26      2   263.33   790.00     0.0     0.0    87.7    
  1360  540   325.33    5.57     10   263.33   790.00     0.0     0.0    88.4   X
  1400  500   281.33    4.75      1   263.33   790.00     0.0     0.0    91.0    
Path relinking result: elite improvement.
  1440  460   270.67    2.41      0   263.33   790.00     0.0     0.0    93.6  PX
  1450  450   270.33    0.44      1   263.33   790.00     0.0     0.0    94.2    

  Gens  Rem    Local   ElDiv NoImpr             Best solution            Time  Op
                                       Cost     Dist    Tard    TMax 
  1500  400   269.67    0.16     35   263.33   790.00     0.0     0.0    97.4    
  1520  380   268.67    0.47      8   263.33   790.00     0.0     0.0    98.7   X
  1550  350   268.67    0.00     37   263.33   790.00     0.0     0.0   100.7    
  1592  308      inf  245.35      0   263.33   790.00     0.0     0.0   103.4   R
  1593  307  1078.33  197.39      0   263.33   790.00     0.0     0.0   103.5    
  1600  300   798.00  107.44      0   263.33   790.00     0.0     0.0   103.9    
  1600  300   547.67   87.68      0   263.33   790.00     0.0     0.0   103.9   X
Path relinking result: elite improvement.
  1620  280   333.33    8.39      3   263.33   790.00     0.0     0.0   105.2   P
  1650  250   288.67    6.83      1   263.33   790.00     0.0     0.0   107.2    
  1680  220   275.00    3.04      1   263.33   790.00     0.0     0.0   109.1   X
  1700  200   264.00    2.91     12   263.33   790.00     0.0     0.0   110.4    
  1750  150   264.00    0.68     62   263.33   790.00     0.0     0.0   113.7    
  1760  140   264.00    0.37     73   263.33   790.00     0.0     0.0   114.3   X
  1767  133      inf  246.97      0   263.33   790.00     0.0     0.0   114.8   R
  1768  132  1175.67  218.95      0   263.33   790.00     0.0     0.0   114.9    
  1800  100   317.33    7.81      0   263.33   790.00     0.0     0.0   116.9    
Path relinking result: elite improvement.

  Gens  Rem    Local   ElDiv NoImpr             Best solution            Time  Op
                                       Cost     Dist    Tard    TMax 
  1800  100   316.33    7.92      0   263.33   790.00     0.0     0.0   117.0   P
  1840   60   274.33    4.07      4   263.33   790.00     0.0     0.0   119.6   X
  1850   50   271.67    3.02      0   263.33   790.00     0.0     0.0   120.2    
  1900    0   268.33    0.76      1   263.33   790.00     0.0     0.0   123.4    
Evolutionary process finished.
Solution written to 'solution-25972.txt'.

Sorted sequence of worst to best tardiness value:
Task for patient = 18 with skills = {0,-1} and cost = 133.0
   Vehicle #0 = 3, leaving at = 888.0
   Vehicle #1 = -1, leaving at = inf
   Increment on distance indicator: 1.0
   Increment on tard indicator:     0.0
   Value of tmax indicator:         1.0

Task for patient = 44 with skills = {2,3} and cost = 135.0
   Vehicle #0 = 1, leaving at = 874.0
   Vehicle #1 = 5, leaving at = 913.0
   Increment on distance indicator: 6.0
   Increment on tard indicator:     0.0
   Value of tmax indicator:         6.0

Task for patient = 32 with skills = {1,3} and cost = 138.0
   Vehicle #0 = 0, leaving at = 864.0
   Vehicle #1 = 8, leaving at = 916.0
   Increment on distance indicator: 9.0
   Increment on tard indicator:     0.0
   Value of tmax indicator:         9.0

Task for patient = 48 with skills = {0,4} and cost = 140.3
   Vehicle #0 = 4, leaving at = 779.0
   Vehicle #1 = 6, leaving at = 806.0
   Increment on distance indicator: 7.0
   Increment on tard indicator:     0.0
   Value of tmax indicator:         7.0

Task for patient = 27 with skills = {1,-1} and cost = 141.3
   Vehicle #0 = 4, leaving at = 827.0
   Vehicle #1 = -1, leaving at = inf
   Increment on distance indicator: 3.0
   Increment on tard indicator:     0.0
   Value of tmax indicator:         3.0

Task for patient = 9 with skills = {1,4} and cost = 146.0
   Vehicle #0 = 0, leaving at = 954.0
   Vehicle #1 = 8, leaving at = 969.0
   Increment on distance indicator: 14.0
   Increment on tard indicator:     0.0
   Value of tmax indicator:         14.0

Task for patient = 31 with skills = {3,-1} and cost = 148.0
   Vehicle #0 = 5, leaving at = 968.0
   Vehicle #1 = -1, leaving at = inf
   Increment on distance indicator: 6.0
   Increment on tard indicator:     0.0
   Value of tmax indicator:         6.0

Task for patient = 13 with skills = {4,-1} and cost = 148.7
   Vehicle #0 = 6, leaving at = 826.0
   Vehicle #1 = -1, leaving at = inf
   Increment on distance indicator: 2.0
   Increment on tard indicator:     0.0
   Value of tmax indicator:         2.0

Task for patient = 19 with skills = {0,-1} and cost = 150.3
   Vehicle #0 = 4, leaving at = 893.0
   Vehicle #1 = -1, leaving at = inf
   Increment on distance indicator: 5.0
   Increment on tard indicator:     0.0
   Value of tmax indicator:         5.0

Task for patient = 24 with skills = {0,-1} and cost = 151.3
   Vehicle #0 = 4, leaving at = 951.0
   Vehicle #1 = -1, leaving at = inf
   Increment on distance indicator: 3.0
   Increment on tard indicator:     0.0
   Value of tmax indicator:         3.0

Task for patient = 7 with skills = {2,-1} and cost = 151.7
   Vehicle #0 = 1, leaving at = 893.0
   Vehicle #1 = -1, leaving at = inf
   Increment on distance indicator: 1.0
   Increment on tard indicator:     0.0
   Value of tmax indicator:         1.0

Task for patient = 14 with skills = {4,-1} and cost = 173.0
   Vehicle #0 = 8, leaving at = 1105.0
   Vehicle #1 = -1, leaving at = inf
   Increment on distance indicator: 7.0
   Increment on tard indicator:     0.0
   Value of tmax indicator:         7.0

Task for patient = 36 with skills = {2,-1} and cost = 153.3
   Vehicle #0 = 1, leaving at = 974.0
   Vehicle #1 = -1, leaving at = inf
   Increment on distance indicator: 2.0
   Increment on tard indicator:     0.0
   Value of tmax indicator:         2.0

Task for patient = 49 with skills = {5,-1} and cost = 155.7
   Vehicle #0 = 5, leaving at = 1014.0
   Vehicle #1 = -1, leaving at = inf
   Increment on distance indicator: 7.0
   Increment on tard indicator:     0.0
   Value of tmax indicator:         7.0

Task for patient = 17 with skills = {0,5} and cost = 157.0
   Vehicle #0 = 0, leaving at = 995.0
   Vehicle #1 = 8, leaving at = 999.0
   Increment on distance indicator: 4.0
   Increment on tard indicator:     0.0
   Value of tmax indicator:         4.0

Task for patient = 42 with skills = {2,4} and cost = 158.7
   Vehicle #0 = 1, leaving at = 1012.0
   Vehicle #1 = 6, leaving at = 1012.0
   Increment on distance indicator: 5.0
   Increment on tard indicator:     0.0
   Value of tmax indicator:         5.0

Task for patient = 4 with skills = {0,-1} and cost = 159.0
   Vehicle #0 = 4, leaving at = 1070.0
   Vehicle #1 = -1, leaving at = inf
   Increment on distance indicator: 1.0
   Increment on tard indicator:     0.0
   Value of tmax indicator:         1.0

Task for patient = 38 with skills = {5,-1} and cost = 160.7
   Vehicle #0 = 5, leaving at = 1037.0
   Vehicle #1 = -1, leaving at = inf
   Increment on distance indicator: 5.0
   Increment on tard indicator:     0.0
   Value of tmax indicator:         5.0

Task for patient = 35 with skills = {0,-1} and cost = 161.0
   Vehicle #0 = 4, leaving at = 1103.0
   Vehicle #1 = -1, leaving at = inf
   Increment on distance indicator: 1.0
   Increment on tard indicator:     0.0
   Value of tmax indicator:         1.0

Task for patient = 43 with skills = {1,-1} and cost = 163.7
   Vehicle #0 = 0, leaving at = 1053.0
   Vehicle #1 = -1, leaving at = inf
   Increment on distance indicator: 8.0
   Increment on tard indicator:     0.0
   Value of tmax indicator:         8.0

Task for patient = 12 with skills = {2,5} and cost = 167.7
   Vehicle #0 = 3, leaving at = 1051.0
   Vehicle #1 = 8, leaving at = 1051.0
   Increment on distance indicator: 12.0
   Increment on tard indicator:     0.0
   Value of tmax indicator:         12.0

Task for patient = 26 with skills = {0,-1} and cost = 168.3
   Vehicle #0 = 0, leaving at = 1109.0
   Vehicle #1 = -1, leaving at = inf
   Increment on distance indicator: 2.0
   Increment on tard indicator:     0.0
   Value of tmax indicator:         2.0

Task for patient = 8 with skills = {2,-1} and cost = 169.0
   Vehicle #0 = 1, leaving at = 1064.0
   Vehicle #1 = -1, leaving at = inf
   Increment on distance indicator: 2.0
   Increment on tard indicator:     0.0
   Value of tmax indicator:         2.0

Task for patient = 33 with skills = {1,4} and cost = 170.7
   Vehicle #0 = 0, leaving at = 1169.0
   Vehicle #1 = 6, leaving at = 1169.0
   Increment on distance indicator: 5.0
   Increment on tard indicator:     0.0
   Value of tmax indicator:         5.0

Task for patient = 6 with skills = {0,-1} and cost = 152.7
   Vehicle #0 = 4, leaving at = 1013.0
   Vehicle #1 = -1, leaving at = inf
   Increment on distance indicator: 3.0
   Increment on tard indicator:     0.0
   Value of tmax indicator:         3.0

Task for patient = 29 with skills = {0,5} and cost = 26.7
   Vehicle #0 = 0, leaving at = 605.0
   Vehicle #1 = 5, leaving at = 605.0
   Increment on distance indicator: 80.0
   Increment on tard indicator:     0.0
   Value of tmax indicator:         80.0

Task for patient = 28 with skills = {2,4} and cost = 54.0
   Vehicle #0 = 1, leaving at = 550.0
   Vehicle #1 = 6, leaving at = 550.0
   Increment on distance indicator: 82.0
   Increment on tard indicator:     0.0
   Value of tmax indicator:         82.0

Task for patient = 30 with skills = {1,-1} and cost = 54.3
   Vehicle #0 = 0, leaving at = 650.0
   Vehicle #1 = -1, leaving at = inf
   Increment on distance indicator: 1.0
   Increment on tard indicator:     0.0
   Value of tmax indicator:         1.0

Task for patient = 46 with skills = {4,-1} and cost = 58.3
   Vehicle #0 = 6, leaving at = 580.0
   Vehicle #1 = -1, leaving at = inf
   Increment on distance indicator: 12.0
   Increment on tard indicator:     0.0
   Value of tmax indicator:         12.0

Task for patient = 1 with skills = {2,-1} and cost = 60.3
   Vehicle #0 = 1, leaving at = 576.0
   Vehicle #1 = -1, leaving at = inf
   Increment on distance indicator: 6.0
   Increment on tard indicator:     0.0
   Value of tmax indicator:         6.0

Task for patient = 21 with skills = {0,5} and cost = 61.7
   Vehicle #0 = 0, leaving at = 706.0
   Vehicle #1 = 5, leaving at = 706.0
   Increment on distance indicator: 4.0
   Increment on tard indicator:     0.0
   Value of tmax indicator:         4.0

Task for patient = 41 with skills = {3,-1} and cost = 61.7
   Vehicle #0 = 8, leaving at = 557.0
   Vehicle #1 = -1, leaving at = inf
   Increment on distance indicator: 0.0
   Increment on tard indicator:     0.0
   Value of tmax indicator:         0.0

Task for patient = 16 with skills = {0,5} and cost = 63.7
   Vehicle #0 = 0, leaving at = 765.0
   Vehicle #1 = 5, leaving at = 765.0
   Increment on distance indicator: 6.0
   Increment on tard indicator:     0.0
   Value of tmax indicator:         6.0

Task for patient = 2 with skills = {0,4} and cost = 78.0
   Vehicle #0 = 3, leaving at = 636.0
   Vehicle #1 = 6, leaving at = 636.0
   Increment on distance indicator: 43.0
   Increment on tard indicator:     0.0
   Value of tmax indicator:         43.0

Task for patient = 40 with skills = {1,-1} and cost = 91.0
   Vehicle #0 = 4, leaving at = 604.0
   Vehicle #1 = -1, leaving at = inf
   Increment on distance indicator: 39.0
   Increment on tard indicator:     0.0
   Value of tmax indicator:         39.0

Task for patient = 11 with skills = {0,4} and cost = 93.3
   Vehicle #0 = 4, leaving at = 655.0
   Vehicle #1 = 6, leaving at = 671.0
   Increment on distance indicator: 7.0
   Increment on tard indicator:     0.0
   Value of tmax indicator:         7.0

Task for patient = 22 with skills = {5,-1} and cost = 132.7
   Vehicle #0 = 5, leaving at = 872.0
   Vehicle #1 = -1, leaving at = inf
   Increment on distance indicator: 5.0
   Increment on tard indicator:     0.0
   Value of tmax indicator:         5.0

Task for patient = 3 with skills = {2,-1} and cost = 98.0
   Vehicle #0 = 3, leaving at = 684.0
   Vehicle #1 = -1, leaving at = inf
   Increment on distance indicator: 2.0
   Increment on tard indicator:     0.0
   Value of tmax indicator:         2.0

Task for patient = 25 with skills = {1,-1} and cost = 99.3
   Vehicle #0 = 4, leaving at = 679.0
   Vehicle #1 = -1, leaving at = inf
   Increment on distance indicator: 4.0
   Increment on tard indicator:     0.0
   Value of tmax indicator:         4.0

Task for patient = 23 with skills = {0,-1} and cost = 101.3
   Vehicle #0 = 3, leaving at = 711.0
   Vehicle #1 = -1, leaving at = inf
   Increment on distance indicator: 6.0
   Increment on tard indicator:     0.0
   Value of tmax indicator:         6.0

Task for patient = 34 with skills = {4,-1} and cost = 101.7
   Vehicle #0 = 6, leaving at = 687.0
   Vehicle #1 = -1, leaving at = inf
   Increment on distance indicator: 1.0
   Increment on tard indicator:     0.0
   Value of tmax indicator:         1.0

Task for patient = 15 with skills = {2,3} and cost = 104.0
   Vehicle #0 = 3, leaving at = 772.0
   Vehicle #1 = 5, leaving at = 793.0
   Increment on distance indicator: 7.0
   Increment on tard indicator:     0.0
   Value of tmax indicator:         7.0

Task for patient = 5 with skills = {5,-1} and cost = 105.3
   Vehicle #0 = 5, leaving at = 851.0
   Vehicle #1 = -1, leaving at = inf
   Increment on distance indicator: 4.0
   Increment on tard indicator:     0.0
   Value of tmax indicator:         4.0

Task for patient = 20 with skills = {1,-1} and cost = 106.3
   Vehicle #0 = 0, leaving at = 792.0
   Vehicle #1 = -1, leaving at = inf
   Increment on distance indicator: 3.0
   Increment on tard indicator:     0.0
   Value of tmax indicator:         3.0

Task for patient = 10 with skills = {5,-1} and cost = 119.3
   Vehicle #0 = 8, leaving at = 637.0
   Vehicle #1 = -1, leaving at = inf
   Increment on distance indicator: 39.0
   Increment on tard indicator:     0.0
   Value of tmax indicator:         39.0

Task for patient = 39 with skills = {5,-1} and cost = 121.7
   Vehicle #0 = 8, leaving at = 762.0
   Vehicle #1 = -1, leaving at = inf
   Increment on distance indicator: 7.0
   Increment on tard indicator:     0.0
   Value of tmax indicator:         7.0

Task for patient = 37 with skills = {0,5} and cost = 127.7
   Vehicle #0 = 3, leaving at = 835.0
   Vehicle #1 = 8, leaving at = 818.0
   Increment on distance indicator: 18.0
   Increment on tard indicator:     0.0
   Value of tmax indicator:         18.0

Task for patient = 47 with skills = {2,-1} and cost = 131.0
   Vehicle #0 = 1, leaving at = 717.0
   Vehicle #1 = -1, leaving at = inf
   Increment on distance indicator: 10.0
   Increment on tard indicator:     0.0
   Value of tmax indicator:         10.0

Task for patient = 50 with skills = {5,-1} and cost = 131.0
   Vehicle #0 = 8, leaving at = 850.0
   Vehicle #1 = -1, leaving at = inf
   Increment on distance indicator: 0.0
   Increment on tard indicator:     0.0
   Value of tmax indicator:         0.0

Task for patient = 45 with skills = {2,-1} and cost = 97.3
   Vehicle #0 = 1, leaving at = 612.0
   Vehicle #1 = -1, leaving at = inf
   Increment on distance indicator: 12.0
   Increment on tard indicator:     0.0
   Value of tmax indicator:         12.0


Unused vehicle list: 2 7 9 (total = 3 out of 10)

---
Search finished.
Total of 1900 generations in 123.4 seconds.
Exchange elite runs: 23
Implicit path relinking runs: 10
Reset attempts: 7

Best solution found:
   Cost: 263.3
   Total travel time: 790.0
   Total tardiness time: 0.0
   Largest tardiness: 0.0


263.3
