This host is: shiva
--- BRKGA-MP-IPR for HHCRSP ---
Instance: /home/alberto/work/hhcrsp-dataset-2021/dataset2/HHCRSP_25_5_79_1.6_R_RC.txt
Seed: 6

Reading data... Problem contains 25 patients  and 5 caregivers.

Summary of supply x demand for each service type:
Skill 0 has supply = 1 and demand = 10, ratio = 0.1
Skill 1 has supply = 1 and demand = 0, ratio = inf
Skill 2 has supply = 1 and demand = 9, ratio = 0.111111
Skill 3 has supply = 3 and demand = 6, ratio = 0.5
Skill 4 has supply = 2 and demand = 6, ratio = 0.333333
Skill 5 has supply = 2 and demand = 2, ratio = 1

Reading parameters...
Inferred distance function by PR type: kendall-tau
Building BRKGA data and initializing...
Evolving 1900 generations...

  Gens  Rem    Local   ElDiv NoImpr             Best solution            Time  Op
                                       Cost     Dist    Tard    TMax 
*    0 1900  2374.33  269.52      0  2374.33   533.00  5902.0   688.0     0.1    
*    2 1898  2321.00  200.17      0  2321.00   513.00  3915.0   625.0     0.2    
*    3 1897  1684.33  176.69      0  1684.33   513.00  3915.0   625.0     0.2    
*    7 1893  1478.67  114.63      0  1478.67   544.00  3212.0   680.0     0.4    
*    9 1891  1437.33   91.50      0  1437.33   540.00  3085.0   687.0     0.5    
*   11 1889  1352.67   82.88      0  1352.67   567.00  2895.0   577.0     0.6    
*   12 1888  1346.33   78.42      0  1346.33   511.00  2790.0   551.0     0.7    
*   13 1887  1284.00   71.75      0  1284.00   530.00  2561.0   547.0     0.7    
*   14 1886  1212.67   62.11      0  1212.67   530.00  2561.0   547.0     0.8    
*   16 1884  1211.67   52.02      0  1211.67   501.00  2680.0   454.0     0.9    
*   18 1882  1156.00   48.22      0  1156.00   485.00  2404.0   515.0     1.0    
*   19 1881  1134.67   46.06      0  1134.67   485.00  2404.0   515.0     1.0    
*   22 1878  1134.00   40.86      0  1134.00   471.00  2348.0   534.0     1.2    
*   23 1877  1117.67   40.05      0  1117.67   461.00  2279.0   453.0     1.2    
*   24 1876  1064.33   38.20      0  1064.33   461.00  2279.0   453.0     1.3    

  Gens  Rem    Local   ElDiv NoImpr             Best solution            Time  Op
                                       Cost     Dist    Tard    TMax 
*   29 1871  1060.00   29.01      0  1060.00   462.00  2254.0   453.0     1.5    
*   30 1870  1056.33   27.39      0  1056.33   452.00  2256.0   453.0     1.6    
*   31 1869  1053.67   24.70      0  1053.67   448.00  2257.0   453.0     1.6    
*   32 1868  1052.67   22.45      0  1052.67   437.00  2254.0   453.0     1.7    
*   33 1867  1048.00   19.39      0  1048.00   437.00  2251.0   453.0     1.7    
*   34 1866  1047.00   16.51      0  1047.00   436.00  2251.0   453.0     1.8    
*   35 1865  1046.67   14.38      0  1046.67   436.00  2251.0   453.0     1.8    
*   41 1859  1046.33    6.22      0  1046.33   435.00  2251.0   453.0     2.1    
*   43 1857  1046.00    2.29      0  1046.00   434.00  2251.0   453.0     2.2    
    50 1850  1046.00    0.36      7  1046.00   434.00  2251.0   453.0     2.6    
    80 1820  1046.00    0.00     38  1046.00   434.00  2251.0   453.0     4.1   X
   100 1800  1046.00    0.00     57  1046.00   434.00  2251.0   453.0     5.1    
   122 1778      inf  346.01      0  1046.00   434.00  2251.0   453.0     6.2   R
   123 1777  2105.33  300.27      0  1046.00   434.00  2251.0   453.0     6.3    
   150 1750  1051.67   29.99      0  1046.00   434.00  2251.0   453.0     7.7    
   160 1740  1046.00    0.23      0  1046.00   434.00  2251.0   453.0     8.2   X
Path relinking result: no improvement.

  Gens  Rem    Local   ElDiv NoImpr             Best solution            Time  Op
                                       Cost     Dist    Tard    TMax 
   180 1720  1046.00    0.00     20  1046.00   434.00  2251.0   453.0     9.2   P
   200 1700  1046.00    0.00     39  1046.00   434.00  2251.0   453.0    10.2    
   240 1660      inf  372.26      0  1046.00   434.00  2251.0   453.0    12.2  XR
   241 1659  2281.67  299.48      0  1046.00   434.00  2251.0   453.0    12.3    
   250 1650  1416.67   89.10      0  1046.00   434.00  2251.0   453.0    12.7    
   300 1600  1046.00    0.31     12  1046.00   434.00  2251.0   453.0    15.3    
   320 1580  1046.00    0.00     33  1046.00   434.00  2251.0   453.0    16.3   X
   350 1550  1046.00    0.00     62  1046.00   434.00  2251.0   453.0    17.8    
Path relinking result: no improvement.
   360 1540  1046.00    0.00     73  1046.00   434.00  2251.0   453.0    18.3   P
   367 1533      inf  356.28      0  1046.00   434.00  2251.0   453.0    18.7   R
   368 1532  2323.00  300.09      0  1046.00   434.00  2251.0   453.0    18.7    
   400 1500  1048.00   26.26      0  1046.00   434.00  2251.0   453.0    20.3    
   400 1500  1047.00    9.49      0  1046.00   434.00  2251.0   453.0    20.3   X
   450 1450  1046.00    0.00     37  1046.00   434.00  2251.0   453.0    22.9    
   480 1420  1046.00    0.00     68  1046.00   434.00  2251.0   453.0    24.4   X
   492 1408      inf  350.12      0  1046.00   434.00  2251.0   453.0    25.0   R

  Gens  Rem    Local   ElDiv NoImpr             Best solution            Time  Op
                                       Cost     Dist    Tard    TMax 
   493 1407  2058.33  291.48      0  1046.00   434.00  2251.0   453.0    25.1    
   500 1400  1528.67  103.74      0  1046.00   434.00  2251.0   453.0    25.4    
Path relinking result: elite improvement.
   540 1360  1046.00    0.25      1  1046.00   434.00  2251.0   453.0    27.4   P
   550 1350  1046.00    0.16     10  1046.00   434.00  2251.0   453.0    27.9    
   560 1340  1046.00    0.00     21  1046.00   434.00  2251.0   453.0    28.5   X
   600 1300  1046.00    0.00     60  1046.00   434.00  2251.0   453.0    30.5    
   619 1281      inf  362.09      0  1046.00   434.00  2251.0   453.0    31.4   R
   620 1280  2202.33  294.66      0  1046.00   434.00  2251.0   453.0    31.5    
   640 1260  1099.67   31.38      0  1046.00   434.00  2251.0   453.0    32.5   X
   650 1250  1061.33   16.13      0  1046.00   434.00  2251.0   453.0    33.0    
   700 1200  1046.00    0.31     28  1046.00   434.00  2251.0   453.0    35.6    
Path relinking result: no improvement.
   720 1180  1046.00    0.00     49  1046.00   434.00  2251.0   453.0    36.6  PX
   750 1150  1046.00    0.00     78  1046.00   434.00  2251.0   453.0    38.1    
   751 1149      inf  348.71      0  1046.00   434.00  2251.0   453.0    38.1   R
   752 1148  2114.00  274.94      0  1046.00   434.00  2251.0   453.0    38.2    
   800 1100  1046.00    0.83      5  1046.00   434.00  2251.0   453.0    40.6    

  Gens  Rem    Local   ElDiv NoImpr             Best solution            Time  Op
                                       Cost     Dist    Tard    TMax 
   800 1100  1046.00    0.31      6  1046.00   434.00  2251.0   453.0    40.6   X
   850 1050  1046.00    0.00     55  1046.00   434.00  2251.0   453.0    43.2    
   874 1026      inf  336.21      0  1046.00   434.00  2251.0   453.0    44.4   R
   875 1025  2056.33  304.33      0  1046.00   434.00  2251.0   453.0    44.4    
   880 1020  1527.00  107.87      0  1046.00   434.00  2251.0   453.0    44.7   X
   900 1000  1097.67   20.89      0  1046.00   434.00  2251.0   453.0    45.7    
Path relinking result: elite improvement.
   900 1000  1093.33   20.82      0  1046.00   434.00  2251.0   453.0    45.7   P
   950  950  1046.00    0.00     30  1046.00   434.00  2251.0   453.0    48.2    
   960  940  1046.00    0.00     41  1046.00   434.00  2251.0   453.0    48.7   X
   999  901      inf  361.68      0  1046.00   434.00  2251.0   453.0    50.7   R
  1000  900  2218.33  303.71      0  1046.00   434.00  2251.0   453.0    50.8    
  1040  860  1046.00    0.19      4  1046.00   434.00  2251.0   453.0    52.8   X
  1050  850  1046.00    0.32     13  1046.00   434.00  2251.0   453.0    53.3    
Path relinking result: no improvement.
  1080  820  1046.00    0.00     44  1046.00   434.00  2251.0   453.0    54.8   P
  1100  800  1046.00    0.00     63  1046.00   434.00  2251.0   453.0    55.8    
  1116  784      inf  330.16      0  1046.00   434.00  2251.0   453.0    56.6   R

  Gens  Rem    Local   ElDiv NoImpr             Best solution            Time  Op
                                       Cost     Dist    Tard    TMax 
  1117  783  2253.00  275.01      0  1046.00   434.00  2251.0   453.0    56.7    
  1120  780  1840.67  135.63      0  1046.00   434.00  2251.0   453.0    56.8   X
  1150  750  1047.00   19.96      3  1046.00   434.00  2251.0   453.0    58.4    
  1200  700  1046.00    0.00     36  1046.00   434.00  2251.0   453.0    60.9    
  1200  700  1046.00    0.00     37  1046.00   434.00  2251.0   453.0    60.9   X
  1243  657      inf  353.00      0  1046.00   434.00  2251.0   453.0    63.1   R
  1244  656  2347.33  281.99      0  1046.00   434.00  2251.0   453.0    63.1    
  1250  650  1614.33  116.37      0  1046.00   434.00  2251.0   453.0    63.4    
Path relinking result: elite improvement.
  1260  640  1175.33   39.99      0  1046.00   434.00  2251.0   453.0    63.9   P
  1280  620  1046.00    6.05      1  1046.00   434.00  2251.0   453.0    65.0   X
  1300  600  1046.00    0.00     20  1046.00   434.00  2251.0   453.0    66.0    
  1350  550  1046.00    0.00     70  1046.00   434.00  2251.0   453.0    68.5    
  1359  541      inf  367.87      0  1046.00   434.00  2251.0   453.0    69.0   R
  1360  540  2330.00  287.23      0  1046.00   434.00  2251.0   453.0    69.0    
  1360  540  2330.00  210.55      1  1046.00   434.00  2251.0   453.0    69.0   X
  1400  500  1046.00    5.27      0  1046.00   434.00  2251.0   453.0    71.0    
Path relinking result: elite improvement.

  Gens  Rem    Local   ElDiv NoImpr             Best solution            Time  Op
                                       Cost     Dist    Tard    TMax 
  1440  460  1046.00    0.00     41  1046.00   434.00  2251.0   453.0    73.1  PX
  1450  450  1046.00    0.00     50  1046.00   434.00  2251.0   453.0    73.6    
  1479  421      inf  356.37      0  1046.00   434.00  2251.0   453.0    75.0   R
  1480  420  2118.33  295.56      0  1046.00   434.00  2251.0   453.0    75.1    
  1500  400  1149.33   36.47      0  1046.00   434.00  2251.0   453.0    76.1    
  1520  380  1046.00    2.99      0  1046.00   434.00  2251.0   453.0    77.1   X
  1550  350  1046.00    0.00     29  1046.00   434.00  2251.0   453.0    78.6    
  1600  300  1046.00    0.00     79  1046.00   434.00  2251.0   453.0    81.2    
  1600  300      inf  346.30      0  1046.00   434.00  2251.0   453.0    81.2  XR
  1601  299  2339.33  290.48      0  1046.00   434.00  2251.0   453.0    81.2    
Path relinking result: elite improvement.
  1620  280  1181.00   33.25      1  1046.00   434.00  2251.0   453.0    82.2   P
  1650  250  1060.00    7.37      2  1046.00   434.00  2251.0   453.0    83.7    
  1680  220  1059.67    1.73     29  1046.00   434.00  2251.0   453.0    85.2   X
  1700  200  1059.67    0.00     48  1046.00   434.00  2251.0   453.0    86.2    
  1731  169      inf  348.59      0  1046.00   434.00  2251.0   453.0    87.8   R
  1732  168  2308.33  289.68      0  1046.00   434.00  2251.0   453.0    87.8    

  Gens  Rem    Local   ElDiv NoImpr             Best solution            Time  Op
                                       Cost     Dist    Tard    TMax 
  1750  150  1211.00   35.63      1  1046.00   434.00  2251.0   453.0    88.8    
  1760  140  1052.00   12.75      0  1046.00   434.00  2251.0   453.0    89.3   X
  1800  100  1046.00    0.00     19  1046.00   434.00  2251.0   453.0    91.3    
Path relinking result: no improvement.
  1800  100  1046.00    0.00     20  1046.00   434.00  2251.0   453.0    91.3   P
  1840   60  1046.00    0.00     60  1046.00   434.00  2251.0   453.0    93.3   X
  1850   50  1046.00    0.00     69  1046.00   434.00  2251.0   453.0    93.8    
  1860   40      inf  331.89      0  1046.00   434.00  2251.0   453.0    94.3   R
  1861   39  2304.33  263.48      0  1046.00   434.00  2251.0   453.0    94.4    
  1900    0  1051.67    4.38      4  1046.00   434.00  2251.0   453.0    96.3    
Evolutionary process finished.
Solution written to 'solution-9965.txt'.

Sorted sequence of worst to best tardiness value:
Task for patient = 19 with skills = {0,-1} and cost = 674.3
   Vehicle #0 = 0, leaving at = 1306.0
   Vehicle #1 = -1, leaving at = inf
   Increment on distance indicator: 29.0
   Increment on tard indicator:     453.0
   Value of tmax indicator:         29.0

Task for patient = 18 with skills = {2,-1} and cost = 815.0
   Vehicle #0 = 0, leaving at = 1352.0
   Vehicle #1 = -1, leaving at = inf
   Increment on distance indicator: 19.0
   Increment on tard indicator:     403.0
   Value of tmax indicator:         19.0

Task for patient = 11 with skills = {2,-1} and cost = 1038.0
   Vehicle #0 = 0, leaving at = 1469.0
   Vehicle #1 = -1, leaving at = inf
   Increment on distance indicator: 5.0
   Increment on tard indicator:     378.0
   Value of tmax indicator:         5.0

Task for patient = 8 with skills = {0,-1} and cost = 385.0
   Vehicle #0 = 0, leaving at = 1167.0
   Vehicle #1 = -1, leaving at = inf
   Increment on distance indicator: 16.0
   Increment on tard indicator:     334.0
   Value of tmax indicator:         16.0

Task for patient = 6 with skills = {0,-1} and cost = 910.3
   Vehicle #0 = 0, leaving at = 1419.0
   Vehicle #1 = -1, leaving at = inf
   Increment on distance indicator: 29.0
   Increment on tard indicator:     257.0
   Value of tmax indicator:         29.0

Task for patient = 2 with skills = {0,5} and cost = 469.3
   Vehicle #0 = 0, leaving at = 1227.0
   Vehicle #1 = 3, leaving at = 1227.0
   Increment on distance indicator: 7.0
   Increment on tard indicator:     246.0
   Value of tmax indicator:         7.0

Task for patient = 9 with skills = {2,-1} and cost = 120.7
   Vehicle #0 = 0, leaving at = 923.0
   Vehicle #1 = -1, leaving at = inf
   Increment on distance indicator: 2.0
   Increment on tard indicator:     53.0
   Value of tmax indicator:         2.0

Task for patient = 22 with skills = {0,3} and cost = 77.0
   Vehicle #0 = 0, leaving at = 804.0
   Vehicle #1 = 2, leaving at = 817.0
   Increment on distance indicator: 30.0
   Increment on tard indicator:     51.0
   Value of tmax indicator:         30.0

Task for patient = 23 with skills = {2,4} and cost = 153.7
   Vehicle #0 = 0, leaving at = 987.0
   Vehicle #1 = 4, leaving at = 987.0
   Increment on distance indicator: 31.0
   Increment on tard indicator:     48.0
   Value of tmax indicator:         31.0

Task for patient = 17 with skills = {0,3} and cost = 172.3
   Vehicle #0 = 0, leaving at = 1101.0
   Vehicle #1 = 2, leaving at = 1101.0
   Increment on distance indicator: 18.0
   Increment on tard indicator:     28.0
   Value of tmax indicator:         18.0

Task for patient = 1 with skills = {2,-1} and cost = 3.0
   Vehicle #0 = 0, leaving at = 534.0
   Vehicle #1 = -1, leaving at = inf
   Increment on distance indicator: 9.0
   Increment on tard indicator:     0.0
   Value of tmax indicator:         9.0

Task for patient = 4 with skills = {4,-1} and cost = 10.0
   Vehicle #0 = 3, leaving at = 769.0
   Vehicle #1 = -1, leaving at = inf
   Increment on distance indicator: 21.0
   Increment on tard indicator:     0.0
   Value of tmax indicator:         21.0

Task for patient = 15 with skills = {0,-1} and cost = 13.3
   Vehicle #0 = 0, leaving at = 569.0
   Vehicle #1 = -1, leaving at = inf
   Increment on distance indicator: 10.0
   Increment on tard indicator:     0.0
   Value of tmax indicator:         10.0

Task for patient = 25 with skills = {4,-1} and cost = 474.0
   Vehicle #0 = 4, leaving at = 1098.0
   Vehicle #1 = -1, leaving at = inf
   Increment on distance indicator: 14.0
   Increment on tard indicator:     0.0
   Value of tmax indicator:         14.0

Task for patient = 3 with skills = {0,-1} and cost = 14.3
   Vehicle #0 = 0, leaving at = 620.0
   Vehicle #1 = -1, leaving at = inf
   Increment on distance indicator: 3.0
   Increment on tard indicator:     0.0
   Value of tmax indicator:         3.0

Task for patient = 10 with skills = {2,-1} and cost = 20.3
   Vehicle #0 = 0, leaving at = 655.0
   Vehicle #1 = -1, leaving at = inf
   Increment on distance indicator: 18.0
   Increment on tard indicator:     0.0
   Value of tmax indicator:         18.0

Task for patient = 16 with skills = {0,-1} and cost = 174.7
   Vehicle #0 = 0, leaving at = 1124.0
   Vehicle #1 = -1, leaving at = inf
   Increment on distance indicator: 7.0
   Increment on tard indicator:     0.0
   Value of tmax indicator:         7.0

Task for patient = 14 with skills = {3,-1} and cost = 127.3
   Vehicle #0 = 3, leaving at = 993.0
   Vehicle #1 = -1, leaving at = inf
   Increment on distance indicator: 20.0
   Increment on tard indicator:     0.0
   Value of tmax indicator:         20.0

Task for patient = 5 with skills = {3,-1} and cost = 21.7
   Vehicle #0 = 2, leaving at = 680.0
   Vehicle #1 = -1, leaving at = inf
   Increment on distance indicator: 4.0
   Increment on tard indicator:     0.0
   Value of tmax indicator:         4.0

Task for patient = 12 with skills = {0,5} and cost = 95.3
   Vehicle #0 = 0, leaving at = 870.0
   Vehicle #1 = 2, leaving at = 882.0
   Increment on distance indicator: 15.0
   Increment on tard indicator:     0.0
   Value of tmax indicator:         15.0

Task for patient = 21 with skills = {4,-1} and cost = 90.3
   Vehicle #0 = 3, leaving at = 922.0
   Vehicle #1 = -1, leaving at = inf
   Increment on distance indicator: 13.0
   Increment on tard indicator:     0.0
   Value of tmax indicator:         13.0

Task for patient = 20 with skills = {2,4} and cost = 86.0
   Vehicle #0 = 0, leaving at = 840.0
   Vehicle #1 = 3, leaving at = 850.0
   Increment on distance indicator: 27.0
   Increment on tard indicator:     0.0
   Value of tmax indicator:         27.0

Task for patient = 13 with skills = {3,-1} and cost = 39.3
   Vehicle #0 = 3, leaving at = 800.0
   Vehicle #1 = -1, leaving at = inf
   Increment on distance indicator: 7.0
   Increment on tard indicator:     0.0
   Value of tmax indicator:         7.0

Task for patient = 24 with skills = {2,4} and cost = 37.0
   Vehicle #0 = 0, leaving at = 723.0
   Vehicle #1 = 4, leaving at = 723.0
   Increment on distance indicator: 46.0
   Increment on tard indicator:     0.0
   Value of tmax indicator:         46.0

Task for patient = 7 with skills = {2,3} and cost = 157.0
   Vehicle #0 = 0, leaving at = 1038.0
   Vehicle #1 = 4, leaving at = 1053.0
   Increment on distance indicator: 10.0
   Increment on tard indicator:     0.0
   Value of tmax indicator:         10.0


Unused vehicle list: 1 (total = 1 out of 5)

---
Search finished.
Total of 1900 generations in 96.3 seconds.
Exchange elite runs: 23
Implicit path relinking runs: 10
Reset attempts: 15

Best solution found:
   Cost: 1046.0
   Total travel time: 434.0
   Total tardiness time: 2251.0
   Largest tardiness: 453.0


1046.0
