This host is: shiva
--- BRKGA-MP-IPR for HHCRSP ---
Instance: /home/alberto/work/hhcrsp-dataset-2021/dataset2/HHCRSP_200_40_37_1.2_R_C.txt
Seed: 10

Reading data... Problem contains 200 patients  and 40 caregivers.

Summary of supply x demand for each service type:
Skill 0 has supply = 13 and demand = 50, ratio = 0.26
Skill 1 has supply = 10 and demand = 37, ratio = 0.27027
Skill 2 has supply = 14 and demand = 48, ratio = 0.291667
Skill 3 has supply = 12 and demand = 45, ratio = 0.266667
Skill 4 has supply = 11 and demand = 36, ratio = 0.305556
Skill 5 has supply = 11 and demand = 44, ratio = 0.25

Reading parameters...
Inferred distance function by PR type: kendall-tau
Building BRKGA data and initializing...
Evolving 1900 generations...

  Gens  Rem    Local   ElDiv NoImpr             Best solution            Time  Op
                                       Cost     Dist    Tard    TMax 
*    0 1900  2889.67  265.52      0  2889.67  4981.00  3377.0   311.0     0.2    
*    2 1898  2441.33  231.06      0  2441.33  5000.00  2067.0   257.0     0.7    
*    5 1895  2336.00  204.23      0  2336.00  4952.00  1553.0   250.0     1.5    
*    6 1894  2251.67  182.45      0  2251.67  5047.00  1101.0   244.0     1.7    
*    7 1893  2130.67  169.32      0  2130.67  4942.00  1120.0   211.0     2.0    
*    8 1892  2091.00  157.93      0  2091.00  5011.00   777.0   162.0     2.2    
*    9 1891  1983.33  140.38      0  1983.33  5011.00   777.0   162.0     2.5    
*   11 1889  1915.67  132.76      0  1915.67  4945.00   502.0   109.0     3.0    
*   12 1888  1852.00  123.47      0  1852.00  4869.00   415.0   107.0     3.2    
*   13 1887  1797.00  102.43      0  1797.00  4869.00   415.0   107.0     3.5    
*   17 1883  1765.67   70.60      0  1765.67  4822.00   344.0    65.0     4.4    
*   18 1882  1743.67   65.44      0  1743.67  4906.00   156.0    39.0     4.7    
*   19 1881  1700.33   61.95      0  1700.33  4680.00   274.0    38.0     4.9    
*   20 1880  1664.00   56.48      0  1664.00  4680.00   274.0    38.0     5.2    
*   23 1877  1642.00   45.14      0  1642.00  4737.00    87.0    21.0     5.9    

  Gens  Rem    Local   ElDiv NoImpr             Best solution            Time  Op
                                       Cost     Dist    Tard    TMax 
*   24 1876  1615.00   41.10      0  1615.00  4737.00    87.0    21.0     6.2    
*   28 1872  1611.33   31.66      0  1611.33  4705.00   106.0    23.0     7.2    
*   30 1870  1583.33   30.12      0  1583.33  4485.00   212.0    32.0     7.7    
*   31 1869  1576.33   30.24      0  1576.33  4478.00    64.0    18.0     7.9    
*   32 1868  1520.00   28.74      0  1520.00  4478.00    64.0    18.0     8.1    
*   37 1863  1518.33   23.37      0  1518.33  4273.00   162.0    35.0     9.4    
*   38 1862  1490.00   23.31      0  1490.00  4396.00    30.0     7.0     9.6    
*   39 1861  1477.67   22.28      0  1477.67  4396.00    30.0     7.0     9.9    
*   43 1857  1474.33   22.58      0  1474.33  4343.00    62.0    18.0    10.9    
*   47 1853  1470.00   22.72      0  1470.00  4195.00   132.0    25.0    11.8    
*   48 1852  1450.67   22.86      0  1450.67  4195.00   132.0    25.0    12.1    
    50 1850  1450.67   22.39      2  1450.67  4195.00   132.0    25.0    12.6    
*   53 1847  1423.33   22.09      0  1423.33  4208.00    23.0    16.0    13.3    
*   54 1846  1415.67   22.09      0  1415.67  4208.00    23.0    16.0    13.6    
*   60 1840  1404.00   20.59      0  1404.00  4105.00    84.0    23.0    15.0    
*   63 1837  1380.67   20.91      0  1380.67  3990.00   107.0    29.0    15.8    

  Gens  Rem    Local   ElDiv NoImpr             Best solution            Time  Op
                                       Cost     Dist    Tard    TMax 
*   64 1836  1375.33   20.68      0  1375.33  3990.00   107.0    29.0    16.0    
*   69 1831  1370.33   21.02      0  1370.33  3994.00    95.0    22.0    17.2    
*   72 1828  1343.00   21.36      0  1343.00  4000.00    19.0    10.0    18.0    
    80 1820  1343.00   14.72      9  1343.00  4000.00    19.0    10.0    19.9   X
   100 1800  1343.00   13.74     28  1343.00  4000.00    19.0    10.0    24.9    
*  105 1795  1342.67   14.49      0  1342.67  3919.00    61.0    19.0    26.1    
*  106 1794  1333.00   14.70      0  1333.00  3919.00    61.0    19.0    26.3    
*  114 1786  1313.00   14.88      0  1313.00  3876.00    48.0    15.0    28.3    
*  137 1763  1307.00   14.69      0  1307.00  3818.00    81.0    22.0    33.9    
*  139 1761  1293.33   15.13      0  1293.33  3867.00     8.0     5.0    34.4    
   150 1750  1293.33   14.55     11  1293.33  3867.00     8.0     5.0    37.1    
*  158 1742  1288.00   13.65      0  1288.00  3767.00    76.0    21.0    39.1    
   160 1740  1288.00   11.09      3  1288.00  3767.00    76.0    21.0    39.6   X
*  166 1734  1273.00   11.48      0  1273.00  3717.00    85.0    17.0    41.0    
*  172 1728  1255.00   12.16      0  1255.00  3597.00   150.0    18.0    42.5    
Path relinking result: best improvement.
   180 1720  1202.00   14.27      0  1255.00  3597.00   150.0    18.0    44.6   P

  Gens  Rem    Local   ElDiv NoImpr             Best solution            Time  Op
                                       Cost     Dist    Tard    TMax 
*  181 1719  1202.00   14.47      0  1202.00  3561.00    32.0    13.0    44.9    
   200 1700  1202.00   13.84     19  1202.00  3561.00    32.0    13.0    49.5    
   240 1660  1202.00   11.47     60  1202.00  3561.00    32.0    13.0    59.3   X
   250 1650  1202.00   10.88     69  1202.00  3561.00    32.0    13.0    61.7    
   260 1640      inf  311.02      0  1202.00  3561.00    32.0    13.0    64.4   R
   261 1639  3253.67  264.74      0  1202.00  3561.00    32.0    13.0    64.6    
   300 1600  1511.67   24.16      2  1202.00  3561.00    32.0    13.0    74.3    
   320 1580  1420.00   14.97      6  1202.00  3561.00    32.0    13.0    79.2   X
   350 1550  1355.00   14.70      2  1202.00  3561.00    32.0    13.0    86.6    
Path relinking result: best improvement.
   360 1540  1327.00   16.63      0  1202.00  3561.00    32.0    13.0    89.2   P
   400 1500  1264.67   13.44      2  1202.00  3561.00    32.0    13.0    99.0    
   400 1500  1264.67   12.76      3  1202.00  3561.00    32.0    13.0    99.0   X
   450 1450  1244.67   12.86     11  1202.00  3561.00    32.0    13.0   111.2    
   480 1420  1217.33    8.07      0  1202.00  3561.00    32.0    13.0   118.6   X
   500 1400  1209.00    8.92      0  1202.00  3561.00    32.0    13.0   123.5    
*  515 1385  1199.67   10.68      0  1199.67  3555.00    29.0    15.0   127.1    

  Gens  Rem    Local   ElDiv NoImpr             Best solution            Time  Op
                                       Cost     Dist    Tard    TMax 
*  517 1383  1197.00   10.85      0  1197.00  3464.00    93.0    34.0   127.6    
*  523 1377  1179.33   11.56      0  1179.33  3464.00    52.0    22.0   129.1    
*  534 1366  1177.00   12.37      0  1177.00  3459.00    54.0    18.0   131.8    
*  538 1362  1172.33   12.56      0  1172.33  3471.00    32.0    14.0   132.8    
Path relinking result: best improvement.
   540 1360  1156.00   13.73      0  1172.33  3471.00    32.0    14.0   133.4   P
*  541 1359  1156.00   14.09      0  1156.00  3342.00   103.0    23.0   133.7    
   550 1350  1156.00   12.70      9  1156.00  3342.00   103.0    23.0   135.9    
   560 1340  1156.00   11.04     20  1156.00  3342.00   103.0    23.0   138.3   X
*  571 1329  1155.33   11.04      0  1155.33  3280.00   158.0    28.0   141.0    
*  588 1312  1150.33   11.28      0  1150.33  3413.00    23.0    15.0   145.1    
   600 1300  1150.33   10.66     12  1150.33  3413.00    23.0    15.0   148.1    
   640 1260  1150.33    7.89     53  1150.33  3413.00    23.0    15.0   157.8   X
*  646 1254  1143.33    7.96      0  1143.33  3349.00    65.0    16.0   159.3    
   650 1250  1143.33    7.95      4  1143.33  3349.00    65.0    16.0   160.3    
*  652 1248  1136.67    8.24      0  1136.67  3321.00    67.0    22.0   160.7    
*  670 1230  1136.00    8.73      0  1136.00  3341.00    50.0    17.0   165.1    

  Gens  Rem    Local   ElDiv NoImpr             Best solution            Time  Op
                                       Cost     Dist    Tard    TMax 
   700 1200  1136.00    8.59     30  1136.00  3341.00    50.0    17.0   172.4    
Path relinking result: best improvement.
   720 1180  1125.00    8.34      0  1136.00  3341.00    50.0    17.0   177.5  PX
*  721 1179  1125.00    8.33      0  1125.00  3305.00    53.0    17.0   177.7    
   750 1150  1125.00    8.51     29  1125.00  3305.00    53.0    17.0   184.8    
*  762 1138  1115.67    8.76      0  1115.67  3339.00     5.0     3.0   187.7    
   800 1100  1115.67    8.53     38  1115.67  3339.00     5.0     3.0   197.0    
   800 1100  1115.67    8.20     39  1115.67  3339.00     5.0     3.0   197.0   X
   841 1059      inf  325.92      0  1115.67  3339.00     5.0     3.0   207.2   R
   842 1058  3062.00  260.10      0  1115.67  3339.00     5.0     3.0   207.4    
   850 1050  1991.33  161.87      0  1115.67  3339.00     5.0     3.0   209.4    
   880 1020  1497.00   20.87      0  1115.67  3339.00     5.0     3.0   216.8   X
   900 1000  1404.33   20.64      3  1115.67  3339.00     5.0     3.0   221.7    
Path relinking result: best improvement.
   900 1000  1401.33   21.36      0  1115.67  3339.00     5.0     3.0   221.9   P
   950  950  1313.00   15.73      1  1115.67  3339.00     5.0     3.0   234.1    
   960  940  1288.33   11.24      5  1115.67  3339.00     5.0     3.0   236.6   X
  1000  900  1249.00   12.66     34  1115.67  3339.00     5.0     3.0   246.4    

  Gens  Rem    Local   ElDiv NoImpr             Best solution            Time  Op
                                       Cost     Dist    Tard    TMax 
  1040  860  1197.33   11.33      7  1115.67  3339.00     5.0     3.0   256.2   X
  1050  850  1197.33   11.02     16  1115.67  3339.00     5.0     3.0   258.6    
Path relinking result: elite improvement.
  1080  820  1176.00   12.69      0  1115.67  3339.00     5.0     3.0   266.2   P
  1100  800  1176.00   11.76     19  1115.67  3339.00     5.0     3.0   271.1    
  1120  780  1152.67   10.81     17  1115.67  3339.00     5.0     3.0   276.0   X
  1150  750  1149.00   10.59     28  1115.67  3339.00     5.0     3.0   283.3    
  1200  700  1135.33    8.85      9  1115.67  3339.00     5.0     3.0   295.5    
  1200  700  1135.33    7.73     10  1115.67  3339.00     5.0     3.0   295.5   X
  1250  650  1132.33    7.06     46  1115.67  3339.00     5.0     3.0   307.8    
Path relinking result: best improvement.
  1260  640  1106.33    7.85      0  1115.67  3339.00     5.0     3.0   310.4   P
* 1261  639  1106.33    7.83      0  1106.33  3266.00    37.0    16.0   310.6    
  1280  620  1106.33    8.19     20  1106.33  3266.00    37.0    16.0   315.3   X
  1300  600  1106.33    8.00     39  1106.33  3266.00    37.0    16.0   320.2    
  1340  560      inf  332.49      0  1106.33  3266.00    37.0    16.0   330.1   R
  1341  559  2873.00  271.41      0  1106.33  3266.00    37.0    16.0   330.4    
  1350  550  2206.67  120.55      1  1106.33  3266.00    37.0    16.0   332.6    

  Gens  Rem    Local   ElDiv NoImpr             Best solution            Time  Op
                                       Cost     Dist    Tard    TMax 
  1360  540  1661.33   45.03      0  1106.33  3266.00    37.0    16.0   335.1   X
  1400  500  1416.33   17.62      3  1106.33  3266.00    37.0    16.0   344.9    
Path relinking result: elite improvement.
  1440  460  1326.00   13.57      2  1106.33  3266.00    37.0    16.0   354.9  PX
  1450  450  1326.00   14.28     11  1106.33  3266.00    37.0    16.0   357.3    
  1500  400  1287.00   14.55      5  1106.33  3266.00    37.0    16.0   369.6    
  1520  380  1285.67    8.17      2  1106.33  3266.00    37.0    16.0   374.5   X
  1550  350  1243.00   11.32     12  1106.33  3266.00    37.0    16.0   381.8    
  1600  300  1185.00   12.94      3  1106.33  3266.00    37.0    16.0   394.0    
  1600  300  1185.00   11.47      4  1106.33  3266.00    37.0    16.0   394.0   X
Path relinking result: best improvement.
  1620  280  1173.67   12.78      0  1106.33  3266.00    37.0    16.0   399.0   P
  1650  250  1173.67   11.13     29  1106.33  3266.00    37.0    16.0   406.3    
  1680  220  1169.00    9.66     13  1106.33  3266.00    37.0    16.0   413.6   X
  1700  200  1160.00    9.13      6  1106.33  3266.00    37.0    16.0   418.4    
  1750  150  1118.00    8.78     11  1106.33  3266.00    37.0    16.0   430.6    
  1760  140  1118.00    8.19     22  1106.33  3266.00    37.0    16.0   433.0   X
  1800  100  1118.00    8.73     61  1106.33  3266.00    37.0    16.0   442.8    
Path relinking result: elite improvement.

  Gens  Rem    Local   ElDiv NoImpr             Best solution            Time  Op
                                       Cost     Dist    Tard    TMax 
  1800  100  1118.00    9.07     62  1106.33  3266.00    37.0    16.0   442.9   P
  1818   82      inf  328.36      0  1106.33  3266.00    37.0    16.0   447.5   R
  1819   81  2940.33  272.91      0  1106.33  3266.00    37.0    16.0   447.8    
  1840   60  1675.67   32.99      1  1106.33  3266.00    37.0    16.0   452.9   X
  1850   50  1549.33   25.61      1  1106.33  3266.00    37.0    16.0   455.4    
  1900    0  1314.00   20.67      4  1106.33  3266.00    37.0    16.0   467.5    
Evolutionary process finished.
Solution written to 'solution-17206.txt'.

Sorted sequence of worst to best tardiness value:
Task for patient = 89 with skills = {1,-1} and cost = 528.0
   Vehicle #0 = 9, leaving at = 919.0
   Vehicle #1 = -1, leaving at = inf
   Increment on distance indicator: 7.0
   Increment on tard indicator:     33.0
   Value of tmax indicator:         7.0

Task for patient = 95 with skills = {2,-1} and cost = 694.7
   Vehicle #0 = 10, leaving at = 715.0
   Vehicle #1 = -1, leaving at = inf
   Increment on distance indicator: 4.0
   Increment on tard indicator:     30.0
   Value of tmax indicator:         4.0

Task for patient = 121 with skills = {2,-1} and cost = 399.7
   Vehicle #0 = 1, leaving at = 836.0
   Vehicle #1 = -1, leaving at = inf
   Increment on distance indicator: 3.0
   Increment on tard indicator:     23.0
   Value of tmax indicator:         3.0

Task for patient = 28 with skills = {2,-1} and cost = 139.7
   Vehicle #0 = 1, leaving at = 685.0
   Vehicle #1 = -1, leaving at = inf
   Increment on distance indicator: 3.0
   Increment on tard indicator:     21.0
   Value of tmax indicator:         3.0

Task for patient = 117 with skills = {0,3} and cost = 813.3
   Vehicle #0 = 8, leaving at = 1085.0
   Vehicle #1 = 23, leaving at = 1085.0
   Increment on distance indicator: 9.0
   Increment on tard indicator:     10.0
   Value of tmax indicator:         9.0

Task for patient = 73 with skills = {2,-1} and cost = 652.3
   Vehicle #0 = 10, leaving at = 666.0
   Vehicle #1 = -1, leaving at = inf
   Increment on distance indicator: 5.0
   Increment on tard indicator:     10.0
   Value of tmax indicator:         5.0

Task for patient = 23 with skills = {0,-1} and cost = 107.3
   Vehicle #0 = 5, leaving at = 765.0
   Vehicle #1 = -1, leaving at = inf
   Increment on distance indicator: 1.0
   Increment on tard indicator:     7.0
   Value of tmax indicator:         1.0

Task for patient = 120 with skills = {1,3} and cost = 677.3
   Vehicle #0 = 12, leaving at = 919.0
   Vehicle #1 = 26, leaving at = 919.0
   Increment on distance indicator: 9.0
   Increment on tard indicator:     2.0
   Value of tmax indicator:         9.0

Task for patient = 128 with skills = {2,5} and cost = 773.0
   Vehicle #0 = 7, leaving at = 1006.0
   Vehicle #1 = 28, leaving at = 1021.0
   Increment on distance indicator: 5.0
   Increment on tard indicator:     2.0
   Value of tmax indicator:         5.0

Task for patient = 77 with skills = {3,-1} and cost = 667.0
   Vehicle #0 = 31, leaving at = 871.0
   Vehicle #1 = -1, leaving at = inf
   Increment on distance indicator: 5.0
   Increment on tard indicator:     1.0
   Value of tmax indicator:         5.0

Task for patient = 94 with skills = {0,3} and cost = 467.3
   Vehicle #0 = 6, leaving at = 862.0
   Vehicle #1 = 27, leaving at = 903.0
   Increment on distance indicator: 12.0
   Increment on tard indicator:     1.0
   Value of tmax indicator:         12.0

Task for patient = 175 with skills = {4,-1} and cost = 720.0
   Vehicle #0 = 30, leaving at = 585.0
   Vehicle #1 = -1, leaving at = inf
   Increment on distance indicator: 57.0
   Increment on tard indicator:     0.0
   Value of tmax indicator:         57.0

Task for patient = 58 with skills = {0,3} and cost = 701.0
   Vehicle #0 = 12, leaving at = 971.0
   Vehicle #1 = 23, leaving at = 996.0
   Increment on distance indicator: 4.0
   Increment on tard indicator:     0.0
   Value of tmax indicator:         4.0

Task for patient = 75 with skills = {0,-1} and cost = 699.7
   Vehicle #0 = 11, leaving at = 974.0
   Vehicle #1 = -1, leaving at = inf
   Increment on distance indicator: 1.0
   Increment on tard indicator:     0.0
   Value of tmax indicator:         1.0

Task for patient = 102 with skills = {2,4} and cost = 724.3
   Vehicle #0 = 4, leaving at = 785.0
   Vehicle #1 = 30, leaving at = 785.0
   Increment on distance indicator: 13.0
   Increment on tard indicator:     0.0
   Value of tmax indicator:         13.0

Task for patient = 56 with skills = {4,-1} and cost = 725.3
   Vehicle #0 = 23, leaving at = 1033.0
   Vehicle #1 = -1, leaving at = inf
   Increment on distance indicator: 3.0
   Increment on tard indicator:     0.0
   Value of tmax indicator:         3.0

Task for patient = 183 with skills = {0,-1} and cost = 726.7
   Vehicle #0 = 3, leaving at = 1091.0
   Vehicle #1 = -1, leaving at = inf
   Increment on distance indicator: 2.0
   Increment on tard indicator:     0.0
   Value of tmax indicator:         2.0

Task for patient = 139 with skills = {3,-1} and cost = 726.0
   Vehicle #0 = 26, leaving at = 949.0
   Vehicle #1 = -1, leaving at = inf
   Increment on distance indicator: 2.0
   Increment on tard indicator:     0.0
   Value of tmax indicator:         2.0

Task for patient = 88 with skills = {0,3} and cost = 727.0
   Vehicle #0 = 6, leaving at = 1000.0
   Vehicle #1 = 27, leaving at = 1000.0
   Increment on distance indicator: 1.0
   Increment on tard indicator:     0.0
   Value of tmax indicator:         1.0

Task for patient = 91 with skills = {0,-1} and cost = 729.0
   Vehicle #0 = 13, leaving at = 820.0
   Vehicle #1 = -1, leaving at = inf
   Increment on distance indicator: 6.0
   Increment on tard indicator:     0.0
   Value of tmax indicator:         6.0

Task for patient = 158 with skills = {5,-1} and cost = 699.3
   Vehicle #0 = 28, leaving at = 906.0
   Vehicle #1 = -1, leaving at = inf
   Increment on distance indicator: 6.0
   Increment on tard indicator:     0.0
   Value of tmax indicator:         6.0

Task for patient = 57 with skills = {2,-1} and cost = 733.7
   Vehicle #0 = 4, leaving at = 861.0
   Vehicle #1 = -1, leaving at = inf
   Increment on distance indicator: 12.0
   Increment on tard indicator:     0.0
   Value of tmax indicator:         12.0

Task for patient = 12 with skills = {0,-1} and cost = 735.3
   Vehicle #0 = 8, leaving at = 966.0
   Vehicle #1 = -1, leaving at = inf
   Increment on distance indicator: 5.0
   Increment on tard indicator:     0.0
   Value of tmax indicator:         5.0

Task for patient = 187 with skills = {0,-1} and cost = 736.7
   Vehicle #0 = 13, leaving at = 845.0
   Vehicle #1 = -1, leaving at = inf
   Increment on distance indicator: 4.0
   Increment on tard indicator:     0.0
   Value of tmax indicator:         4.0

Task for patient = 44 with skills = {5,-1} and cost = 738.3
   Vehicle #0 = 32, leaving at = 877.0
   Vehicle #1 = -1, leaving at = inf
   Increment on distance indicator: 5.0
   Increment on tard indicator:     0.0
   Value of tmax indicator:         5.0

Task for patient = 168 with skills = {2,-1} and cost = 739.0
   Vehicle #0 = 9, leaving at = 978.0
   Vehicle #1 = -1, leaving at = inf
   Increment on distance indicator: 2.0
   Increment on tard indicator:     0.0
   Value of tmax indicator:         2.0

Task for patient = 184 with skills = {4,-1} and cost = 740.0
   Vehicle #0 = 30, leaving at = 811.0
   Vehicle #1 = -1, leaving at = inf
   Increment on distance indicator: 3.0
   Increment on tard indicator:     0.0
   Value of tmax indicator:         3.0

Task for patient = 133 with skills = {1,-1} and cost = 742.0
   Vehicle #0 = 7, leaving at = 972.0
   Vehicle #1 = -1, leaving at = inf
   Increment on distance indicator: 6.0
   Increment on tard indicator:     0.0
   Value of tmax indicator:         6.0

Task for patient = 123 with skills = {5,-1} and cost = 744.7
   Vehicle #0 = 32, leaving at = 936.0
   Vehicle #1 = -1, leaving at = inf
   Increment on distance indicator: 1.0
   Increment on tard indicator:     0.0
   Value of tmax indicator:         1.0

Task for patient = 115 with skills = {2,-1} and cost = 729.7
   Vehicle #0 = 4, leaving at = 809.0
   Vehicle #1 = -1, leaving at = inf
   Increment on distance indicator: 2.0
   Increment on tard indicator:     0.0
   Value of tmax indicator:         2.0

Task for patient = 64 with skills = {1,3} and cost = 647.3
   Vehicle #0 = 14, leaving at = 769.0
   Vehicle #1 = 29, leaving at = 824.0
   Increment on distance indicator: 12.0
   Increment on tard indicator:     0.0
   Value of tmax indicator:         12.0

Task for patient = 26 with skills = {1,3} and cost = 655.7
   Vehicle #0 = 5, leaving at = 956.0
   Vehicle #1 = 21, leaving at = 956.0
   Increment on distance indicator: 10.0
   Increment on tard indicator:     0.0
   Value of tmax indicator:         10.0

Task for patient = 48 with skills = {2,-1} and cost = 656.3
   Vehicle #0 = 2, leaving at = 893.0
   Vehicle #1 = -1, leaving at = inf
   Increment on distance indicator: 2.0
   Increment on tard indicator:     0.0
   Value of tmax indicator:         2.0

Task for patient = 107 with skills = {3,-1} and cost = 656.7
   Vehicle #0 = 27, leaving at = 941.0
   Vehicle #1 = -1, leaving at = inf
   Increment on distance indicator: 1.0
   Increment on tard indicator:     0.0
   Value of tmax indicator:         1.0

Task for patient = 108 with skills = {2,-1} and cost = 657.3
   Vehicle #0 = 1, leaving at = 870.0
   Vehicle #1 = -1, leaving at = inf
   Increment on distance indicator: 2.0
   Increment on tard indicator:     0.0
   Value of tmax indicator:         2.0

Task for patient = 192 with skills = {1,3} and cost = 659.3
   Vehicle #0 = 12, leaving at = 884.0
   Vehicle #1 = 22, leaving at = 921.0
   Increment on distance indicator: 6.0
   Increment on tard indicator:     0.0
   Value of tmax indicator:         6.0

Task for patient = 186 with skills = {5,-1} and cost = 662.0
   Vehicle #0 = 33, leaving at = 680.0
   Vehicle #1 = -1, leaving at = inf
   Increment on distance indicator: 8.0
   Increment on tard indicator:     0.0
   Value of tmax indicator:         8.0

Task for patient = 132 with skills = {1,4} and cost = 665.0
   Vehicle #0 = 14, leaving at = 860.0
   Vehicle #1 = 25, leaving at = 860.0
   Increment on distance indicator: 9.0
   Increment on tard indicator:     0.0
   Value of tmax indicator:         9.0

Task for patient = 30 with skills = {1,-1} and cost = 667.7
   Vehicle #0 = 3, leaving at = 1014.0
   Vehicle #1 = -1, leaving at = inf
   Increment on distance indicator: 2.0
   Increment on tard indicator:     0.0
   Value of tmax indicator:         2.0

Task for patient = 38 with skills = {1,-1} and cost = 668.3
   Vehicle #0 = 3, leaving at = 1052.0
   Vehicle #1 = -1, leaving at = inf
   Increment on distance indicator: 2.0
   Increment on tard indicator:     0.0
   Value of tmax indicator:         2.0

Task for patient = 191 with skills = {2,-1} and cost = 744.3
   Vehicle #0 = 10, leaving at = 764.0
   Vehicle #1 = -1, leaving at = inf
   Increment on distance indicator: 7.0
   Increment on tard indicator:     0.0
   Value of tmax indicator:         7.0

Task for patient = 84 with skills = {5,-1} and cost = 671.0
   Vehicle #0 = 33, leaving at = 776.0
   Vehicle #1 = -1, leaving at = inf
   Increment on distance indicator: 2.0
   Increment on tard indicator:     0.0
   Value of tmax indicator:         2.0

Task for patient = 176 with skills = {2,-1} and cost = 672.3
   Vehicle #0 = 11, leaving at = 789.0
   Vehicle #1 = -1, leaving at = inf
   Increment on distance indicator: 4.0
   Increment on tard indicator:     0.0
   Value of tmax indicator:         4.0

Task for patient = 60 with skills = {1,4} and cost = 673.7
   Vehicle #0 = 14, leaving at = 912.0
   Vehicle #1 = 25, leaving at = 912.0
   Increment on distance indicator: 4.0
   Increment on tard indicator:     0.0
   Value of tmax indicator:         4.0

Task for patient = 136 with skills = {0,-1} and cost = 678.0
   Vehicle #0 = 13, leaving at = 774.0
   Vehicle #1 = -1, leaving at = inf
   Increment on distance indicator: 2.0
   Increment on tard indicator:     0.0
   Value of tmax indicator:         2.0

Task for patient = 110 with skills = {0,-1} and cost = 679.0
   Vehicle #0 = 11, leaving at = 850.0
   Vehicle #1 = -1, leaving at = inf
   Increment on distance indicator: 3.0
   Increment on tard indicator:     0.0
   Value of tmax indicator:         3.0

Task for patient = 93 with skills = {4,-1} and cost = 680.3
   Vehicle #0 = 29, leaving at = 881.0
   Vehicle #1 = -1, leaving at = inf
   Increment on distance indicator: 4.0
   Increment on tard indicator:     0.0
   Value of tmax indicator:         4.0

Task for patient = 182 with skills = {0,3} and cost = 681.7
   Vehicle #0 = 0, leaving at = 930.0
   Vehicle #1 = 31, leaving at = 947.0
   Increment on distance indicator: 4.0
   Increment on tard indicator:     0.0
   Value of tmax indicator:         4.0

Task for patient = 35 with skills = {2,-1} and cost = 683.0
   Vehicle #0 = 2, leaving at = 951.0
   Vehicle #1 = -1, leaving at = inf
   Increment on distance indicator: 4.0
   Increment on tard indicator:     0.0
   Value of tmax indicator:         4.0

Task for patient = 131 with skills = {0,-1} and cost = 683.3
   Vehicle #0 = 11, leaving at = 901.0
   Vehicle #1 = -1, leaving at = inf
   Increment on distance indicator: 1.0
   Increment on tard indicator:     0.0
   Value of tmax indicator:         1.0

Task for patient = 196 with skills = {3,-1} and cost = 696.0
   Vehicle #0 = 22, leaving at = 974.0
   Vehicle #1 = -1, leaving at = inf
   Increment on distance indicator: 4.0
   Increment on tard indicator:     0.0
   Value of tmax indicator:         4.0

Task for patient = 106 with skills = {2,-1} and cost = 697.3
   Vehicle #0 = 1, leaving at = 891.0
   Vehicle #1 = -1, leaving at = inf
   Increment on distance indicator: 4.0
   Increment on tard indicator:     0.0
   Value of tmax indicator:         4.0

Task for patient = 101 with skills = {5,-1} and cost = 670.3
   Vehicle #0 = 33, leaving at = 726.0
   Vehicle #1 = -1, leaving at = inf
   Increment on distance indicator: 6.0
   Increment on tard indicator:     0.0
   Value of tmax indicator:         6.0

Task for patient = 166 with skills = {1,3} and cost = 782.0
   Vehicle #0 = 9, leaving at = 1070.0
   Vehicle #1 = 29, leaving at = 1070.0
   Increment on distance indicator: 4.0
   Increment on tard indicator:     0.0
   Value of tmax indicator:         4.0

Task for patient = 14 with skills = {2,-1} and cost = 783.7
   Vehicle #0 = 13, leaving at = 1068.0
   Vehicle #1 = -1, leaving at = inf
   Increment on distance indicator: 5.0
   Increment on tard indicator:     0.0
   Value of tmax indicator:         5.0

Task for patient = 13 with skills = {2,-1} and cost = 784.0
   Vehicle #0 = 7, leaving at = 1064.0
   Vehicle #1 = -1, leaving at = inf
   Increment on distance indicator: 1.0
   Increment on tard indicator:     0.0
   Value of tmax indicator:         1.0

Task for patient = 53 with skills = {3,-1} and cost = 784.7
   Vehicle #0 = 26, leaving at = 1006.0
   Vehicle #1 = -1, leaving at = inf
   Increment on distance indicator: 2.0
   Increment on tard indicator:     0.0
   Value of tmax indicator:         2.0

Task for patient = 105 with skills = {2,-1} and cost = 788.7
   Vehicle #0 = 4, leaving at = 888.0
   Vehicle #1 = -1, leaving at = inf
   Increment on distance indicator: 12.0
   Increment on tard indicator:     0.0
   Value of tmax indicator:         12.0

Task for patient = 50 with skills = {0,-1} and cost = 789.3
   Vehicle #0 = 6, leaving at = 1092.0
   Vehicle #1 = -1, leaving at = inf
   Increment on distance indicator: 2.0
   Increment on tard indicator:     0.0
   Value of tmax indicator:         2.0

Task for patient = 195 with skills = {0,3} and cost = 789.3
   Vehicle #0 = 15, leaving at = 929.0
   Vehicle #1 = 24, leaving at = 929.0
   Increment on distance indicator: 0.0
   Increment on tard indicator:     0.0
   Value of tmax indicator:         0.0

Task for patient = 62 with skills = {1,5} and cost = 790.7
   Vehicle #0 = 14, leaving at = 1055.0
   Vehicle #1 = 26, leaving at = 1055.0
   Increment on distance indicator: 4.0
   Increment on tard indicator:     0.0
   Value of tmax indicator:         4.0

Task for patient = 163 with skills = {2,3} and cost = 791.7
   Vehicle #0 = 11, leaving at = 1090.0
   Vehicle #1 = 22, leaving at = 1097.0
   Increment on distance indicator: 3.0
   Increment on tard indicator:     0.0
   Value of tmax indicator:         3.0

Task for patient = 150 with skills = {0,3} and cost = 793.3
   Vehicle #0 = 12, leaving at = 1128.0
   Vehicle #1 = 27, leaving at = 1145.0
   Increment on distance indicator: 5.0
   Increment on tard indicator:     0.0
   Value of tmax indicator:         5.0

Task for patient = 167 with skills = {3,-1} and cost = 794.0
   Vehicle #0 = 31, leaving at = 1020.0
   Vehicle #1 = -1, leaving at = inf
   Increment on distance indicator: 2.0
   Increment on tard indicator:     0.0
   Value of tmax indicator:         2.0

Task for patient = 200 with skills = {5,-1} and cost = 746.3
   Vehicle #0 = 32, leaving at = 1002.0
   Vehicle #1 = -1, leaving at = inf
   Increment on distance indicator: 2.0
   Increment on tard indicator:     0.0
   Value of tmax indicator:         2.0

Task for patient = 8 with skills = {5,-1} and cost = 795.0
   Vehicle #0 = 33, leaving at = 960.0
   Vehicle #1 = -1, leaving at = inf
   Increment on distance indicator: 2.0
   Increment on tard indicator:     0.0
   Value of tmax indicator:         2.0

Task for patient = 113 with skills = {0,4} and cost = 796.3
   Vehicle #0 = 0, leaving at = 999.0
   Vehicle #1 = 30, leaving at = 999.0
   Increment on distance indicator: 4.0
   Increment on tard indicator:     0.0
   Value of tmax indicator:         4.0

Task for patient = 151 with skills = {5,-1} and cost = 798.0
   Vehicle #0 = 31, leaving at = 1042.0
   Vehicle #1 = -1, leaving at = inf
   Increment on distance indicator: 5.0
   Increment on tard indicator:     0.0
   Value of tmax indicator:         5.0

Task for patient = 36 with skills = {1,4} and cost = 801.3
   Vehicle #0 = 8, leaving at = 1033.0
   Vehicle #1 = 30, leaving at = 1043.0
   Increment on distance indicator: 10.0
   Increment on tard indicator:     0.0
   Value of tmax indicator:         10.0

Task for patient = 157 with skills = {1,-1} and cost = 801.7
   Vehicle #0 = 3, leaving at = 1108.0
   Vehicle #1 = -1, leaving at = inf
   Increment on distance indicator: 1.0
   Increment on tard indicator:     0.0
   Value of tmax indicator:         1.0

Task for patient = 114 with skills = {5,-1} and cost = 802.3
   Vehicle #0 = 26, leaving at = 1097.0
   Vehicle #1 = -1, leaving at = inf
   Increment on distance indicator: 2.0
   Increment on tard indicator:     0.0
   Value of tmax indicator:         2.0

Task for patient = 51 with skills = {0,3} and cost = 803.0
   Vehicle #0 = 0, leaving at = 1110.0
   Vehicle #1 = 32, leaving at = 1110.0
   Increment on distance indicator: 2.0
   Increment on tard indicator:     0.0
   Value of tmax indicator:         2.0

Task for patient = 63 with skills = {5,-1} and cost = 804.0
   Vehicle #0 = 28, leaving at = 1068.0
   Vehicle #1 = -1, leaving at = inf
   Increment on distance indicator: 3.0
   Increment on tard indicator:     0.0
   Value of tmax indicator:         3.0

Task for patient = 22 with skills = {3,-1} and cost = 805.0
   Vehicle #0 = 26, leaving at = 1136.0
   Vehicle #1 = -1, leaving at = inf
   Increment on distance indicator: 3.0
   Increment on tard indicator:     0.0
   Value of tmax indicator:         3.0

Task for patient = 116 with skills = {4,-1} and cost = 807.0
   Vehicle #0 = 20, leaving at = 983.0
   Vehicle #1 = -1, leaving at = inf
   Increment on distance indicator: 6.0
   Increment on tard indicator:     0.0
   Value of tmax indicator:         6.0

Task for patient = 185 with skills = {5,-1} and cost = 814.0
   Vehicle #0 = 33, leaving at = 1015.0
   Vehicle #1 = -1, leaving at = inf
   Increment on distance indicator: 2.0
   Increment on tard indicator:     0.0
   Value of tmax indicator:         2.0

Task for patient = 6 with skills = {1,-1} and cost = 794.3
   Vehicle #0 = 7, leaving at = 1125.0
   Vehicle #1 = -1, leaving at = inf
   Increment on distance indicator: 1.0
   Increment on tard indicator:     0.0
   Value of tmax indicator:         1.0

Task for patient = 11 with skills = {2,3} and cost = 745.7
   Vehicle #0 = 11, leaving at = 1002.0
   Vehicle #1 = 22, leaving at = 1045.0
   Increment on distance indicator: 3.0
   Increment on tard indicator:     0.0
   Value of tmax indicator:         3.0

Task for patient = 145 with skills = {0,-1} and cost = 643.3
   Vehicle #0 = 14, leaving at = 659.0
   Vehicle #1 = -1, leaving at = inf
   Increment on distance indicator: 5.0
   Increment on tard indicator:     0.0
   Value of tmax indicator:         5.0

Task for patient = 103 with skills = {2,-1} and cost = 747.7
   Vehicle #0 = 13, leaving at = 892.0
   Vehicle #1 = -1, leaving at = inf
   Increment on distance indicator: 4.0
   Increment on tard indicator:     0.0
   Value of tmax indicator:         4.0

Task for patient = 90 with skills = {3,-1} and cost = 749.7
   Vehicle #0 = 29, leaving at = 920.0
   Vehicle #1 = -1, leaving at = inf
   Increment on distance indicator: 6.0
   Increment on tard indicator:     0.0
   Value of tmax indicator:         6.0

Task for patient = 16 with skills = {2,-1} and cost = 751.3
   Vehicle #0 = 1, leaving at = 984.0
   Vehicle #1 = -1, leaving at = inf
   Increment on distance indicator: 5.0
   Increment on tard indicator:     0.0
   Value of tmax indicator:         5.0

Task for patient = 76 with skills = {0,-1} and cost = 751.7
   Vehicle #0 = 6, leaving at = 1031.0
   Vehicle #1 = -1, leaving at = inf
   Increment on distance indicator: 1.0
   Increment on tard indicator:     0.0
   Value of tmax indicator:         1.0

Task for patient = 111 with skills = {2,-1} and cost = 752.0
   Vehicle #0 = 1, leaving at = 1042.0
   Vehicle #1 = -1, leaving at = inf
   Increment on distance indicator: 1.0
   Increment on tard indicator:     0.0
   Value of tmax indicator:         1.0

Task for patient = 83 with skills = {0,4} and cost = 754.3
   Vehicle #0 = 14, leaving at = 957.0
   Vehicle #1 = 30, leaving at = 957.0
   Increment on distance indicator: 7.0
   Increment on tard indicator:     0.0
   Value of tmax indicator:         7.0

Task for patient = 152 with skills = {4,-1} and cost = 755.0
   Vehicle #0 = 25, leaving at = 1003.0
   Vehicle #1 = -1, leaving at = inf
   Increment on distance indicator: 2.0
   Increment on tard indicator:     0.0
   Value of tmax indicator:         2.0

Task for patient = 61 with skills = {0,-1} and cost = 755.3
   Vehicle #0 = 13, leaving at = 961.0
   Vehicle #1 = -1, leaving at = inf
   Increment on distance indicator: 1.0
   Increment on tard indicator:     0.0
   Value of tmax indicator:         1.0

Task for patient = 144 with skills = {5,-1} and cost = 758.0
   Vehicle #0 = 33, leaving at = 826.0
   Vehicle #1 = -1, leaving at = inf
   Increment on distance indicator: 8.0
   Increment on tard indicator:     0.0
   Value of tmax indicator:         8.0

Task for patient = 54 with skills = {1,-1} and cost = 780.7
   Vehicle #0 = 14, leaving at = 1011.0
   Vehicle #1 = -1, leaving at = inf
   Increment on distance indicator: 2.0
   Increment on tard indicator:     0.0
   Value of tmax indicator:         2.0

Task for patient = 46 with skills = {2,5} and cost = 763.3
   Vehicle #0 = 10, leaving at = 865.0
   Vehicle #1 = 33, leaving at = 859.0
   Increment on distance indicator: 9.0
   Increment on tard indicator:     0.0
   Value of tmax indicator:         9.0

Task for patient = 71 with skills = {0,-1} and cost = 764.3
   Vehicle #0 = 5, leaving at = 987.0
   Vehicle #1 = -1, leaving at = inf
   Increment on distance indicator: 3.0
   Increment on tard indicator:     0.0
   Value of tmax indicator:         3.0

Task for patient = 74 with skills = {2,5} and cost = 765.0
   Vehicle #0 = 10, leaving at = 919.0
   Vehicle #1 = 33, leaving at = 919.0
   Increment on distance indicator: 2.0
   Increment on tard indicator:     0.0
   Value of tmax indicator:         2.0

Task for patient = 142 with skills = {1,-1} and cost = 765.7
   Vehicle #0 = 12, leaving at = 1034.0
   Vehicle #1 = -1, leaving at = inf
   Increment on distance indicator: 2.0
   Increment on tard indicator:     0.0
   Value of tmax indicator:         2.0

Task for patient = 119 with skills = {2,3} and cost = 769.0
   Vehicle #0 = 2, leaving at = 1008.0
   Vehicle #1 = 21, leaving at = 1008.0
   Increment on distance indicator: 10.0
   Increment on tard indicator:     0.0
   Value of tmax indicator:         10.0

Task for patient = 17 with skills = {0,3} and cost = 770.0
   Vehicle #0 = 11, leaving at = 1058.0
   Vehicle #1 = 32, leaving at = 1058.0
   Increment on distance indicator: 3.0
   Increment on tard indicator:     0.0
   Value of tmax indicator:         3.0

Task for patient = 81 with skills = {0,-1} and cost = 770.3
   Vehicle #0 = 13, leaving at = 1022.0
   Vehicle #1 = -1, leaving at = inf
   Increment on distance indicator: 1.0
   Increment on tard indicator:     0.0
   Value of tmax indicator:         1.0

Task for patient = 149 with skills = {0,-1} and cost = 770.7
   Vehicle #0 = 12, leaving at = 1069.0
   Vehicle #1 = -1, leaving at = inf
   Increment on distance indicator: 1.0
   Increment on tard indicator:     0.0
   Value of tmax indicator:         1.0

Task for patient = 198 with skills = {1,4} and cost = 774.0
   Vehicle #0 = 5, leaving at = 1026.0
   Vehicle #1 = 21, leaving at = 1054.0
   Increment on distance indicator: 3.0
   Increment on tard indicator:     0.0
   Value of tmax indicator:         3.0

Task for patient = 47 with skills = {2,-1} and cost = 774.7
   Vehicle #0 = 9, leaving at = 1031.0
   Vehicle #1 = -1, leaving at = inf
   Increment on distance indicator: 2.0
   Increment on tard indicator:     0.0
   Value of tmax indicator:         2.0

Task for patient = 25 with skills = {0,3} and cost = 775.3
   Vehicle #0 = 5, leaving at = 1087.0
   Vehicle #1 = 21, leaving at = 1087.0
   Increment on distance indicator: 2.0
   Increment on tard indicator:     0.0
   Value of tmax indicator:         2.0

Task for patient = 86 with skills = {2,4} and cost = 780.0
   Vehicle #0 = 10, leaving at = 952.0
   Vehicle #1 = 20, leaving at = 952.0
   Increment on distance indicator: 14.0
   Increment on tard indicator:     0.0
   Value of tmax indicator:         14.0

Task for patient = 143 with skills = {5,-1} and cost = 760.3
   Vehicle #0 = 28, leaving at = 972.0
   Vehicle #1 = -1, leaving at = inf
   Increment on distance indicator: 7.0
   Increment on tard indicator:     0.0
   Value of tmax indicator:         7.0

Task for patient = 49 with skills = {2,-1} and cost = 267.7
   Vehicle #0 = 8, leaving at = 616.0
   Vehicle #1 = -1, leaving at = inf
   Increment on distance indicator: 3.0
   Increment on tard indicator:     0.0
   Value of tmax indicator:         3.0

Task for patient = 153 with skills = {3,-1} and cost = 268.0
   Vehicle #0 = 23, leaving at = 847.0
   Vehicle #1 = -1, leaving at = inf
   Increment on distance indicator: 1.0
   Increment on tard indicator:     0.0
   Value of tmax indicator:         1.0

Task for patient = 126 with skills = {2,-1} and cost = 268.7
   Vehicle #0 = 8, leaving at = 658.0
   Vehicle #1 = -1, leaving at = inf
   Increment on distance indicator: 2.0
   Increment on tard indicator:     0.0
   Value of tmax indicator:         2.0

Task for patient = 3 with skills = {0,-1} and cost = 269.7
   Vehicle #0 = 8, leaving at = 677.0
   Vehicle #1 = -1, leaving at = inf
   Increment on distance indicator: 3.0
   Increment on tard indicator:     0.0
   Value of tmax indicator:         3.0

Task for patient = 7 with skills = {1,-1} and cost = 270.7
   Vehicle #0 = 8, leaving at = 699.0
   Vehicle #1 = -1, leaving at = inf
   Increment on distance indicator: 3.0
   Increment on tard indicator:     0.0
   Value of tmax indicator:         3.0

Task for patient = 45 with skills = {2,3} and cost = 271.0
   Vehicle #0 = 7, leaving at = 849.0
   Vehicle #1 = 23, leaving at = 865.0
   Increment on distance indicator: 1.0
   Increment on tard indicator:     0.0
   Value of tmax indicator:         1.0

Task for patient = 65 with skills = {5,-1} and cost = 271.7
   Vehicle #0 = 27, leaving at = 605.0
   Vehicle #1 = -1, leaving at = inf
   Increment on distance indicator: 2.0
   Increment on tard indicator:     0.0
   Value of tmax indicator:         2.0

Task for patient = 55 with skills = {3,-1} and cost = 272.0
   Vehicle #0 = 26, leaving at = 770.0
   Vehicle #1 = -1, leaving at = inf
   Increment on distance indicator: 1.0
   Increment on tard indicator:     0.0
   Value of tmax indicator:         1.0

Task for patient = 21 with skills = {5,-1} and cost = 273.0
   Vehicle #0 = 27, leaving at = 652.0
   Vehicle #1 = -1, leaving at = inf
   Increment on distance indicator: 3.0
   Increment on tard indicator:     0.0
   Value of tmax indicator:         3.0

Task for patient = 70 with skills = {5,-1} and cost = 273.3
   Vehicle #0 = 26, leaving at = 809.0
   Vehicle #1 = -1, leaving at = inf
   Increment on distance indicator: 1.0
   Increment on tard indicator:     0.0
   Value of tmax indicator:         1.0

Task for patient = 67 with skills = {0,3} and cost = 276.0
   Vehicle #0 = 0, leaving at = 684.0
   Vehicle #1 = 27, leaving at = 715.0
   Increment on distance indicator: 8.0
   Increment on tard indicator:     0.0
   Value of tmax indicator:         8.0

Task for patient = 10 with skills = {0,-1} and cost = 640.0
   Vehicle #0 = 0, leaving at = 904.0
   Vehicle #1 = -1, leaving at = inf
   Increment on distance indicator: 1.0
   Increment on tard indicator:     0.0
   Value of tmax indicator:         1.0

Task for patient = 129 with skills = {2,-1} and cost = 280.7
   Vehicle #0 = 1, leaving at = 770.0
   Vehicle #1 = -1, leaving at = inf
   Increment on distance indicator: 4.0
   Increment on tard indicator:     0.0
   Value of tmax indicator:         4.0

Task for patient = 98 with skills = {2,-1} and cost = 282.3
   Vehicle #0 = 1, leaving at = 803.0
   Vehicle #1 = -1, leaving at = inf
   Increment on distance indicator: 5.0
   Increment on tard indicator:     0.0
   Value of tmax indicator:         5.0

Task for patient = 4 with skills = {0,-1} and cost = 282.7
   Vehicle #0 = 0, leaving at = 744.0
   Vehicle #1 = -1, leaving at = inf
   Increment on distance indicator: 1.0
   Increment on tard indicator:     0.0
   Value of tmax indicator:         1.0

Task for patient = 141 with skills = {1,5} and cost = 284.0
   Vehicle #0 = 8, leaving at = 832.0
   Vehicle #1 = 27, leaving at = 832.0
   Increment on distance indicator: 4.0
   Increment on tard indicator:     0.0
   Value of tmax indicator:         4.0

Task for patient = 181 with skills = {4,-1} and cost = 302.0
   Vehicle #0 = 28, leaving at = 654.0
   Vehicle #1 = -1, leaving at = inf
   Increment on distance indicator: 54.0
   Increment on tard indicator:     0.0
   Value of tmax indicator:         54.0

Task for patient = 2 with skills = {4,-1} and cost = 319.3
   Vehicle #0 = 29, leaving at = 537.0
   Vehicle #1 = -1, leaving at = inf
   Increment on distance indicator: 52.0
   Increment on tard indicator:     0.0
   Value of tmax indicator:         52.0

Task for patient = 155 with skills = {0,4} and cost = 320.3
   Vehicle #0 = 0, leaving at = 792.0
   Vehicle #1 = 28, leaving at = 792.0
   Increment on distance indicator: 3.0
   Increment on tard indicator:     0.0
   Value of tmax indicator:         3.0

Task for patient = 68 with skills = {5,-1} and cost = 338.7
   Vehicle #0 = 31, leaving at = 627.0
   Vehicle #1 = -1, leaving at = inf
   Increment on distance indicator: 55.0
   Increment on tard indicator:     0.0
   Value of tmax indicator:         55.0

Task for patient = 100 with skills = {0,-1} and cost = 341.0
   Vehicle #0 = 0, leaving at = 843.0
   Vehicle #1 = -1, leaving at = inf
   Increment on distance indicator: 7.0
   Increment on tard indicator:     0.0
   Value of tmax indicator:         7.0

Task for patient = 40 with skills = {1,-1} and cost = 341.7
   Vehicle #0 = 5, leaving at = 846.0
   Vehicle #1 = -1, leaving at = inf
   Increment on distance indicator: 2.0
   Increment on tard indicator:     0.0
   Value of tmax indicator:         2.0

Task for patient = 79 with skills = {3,-1} and cost = 343.7
   Vehicle #0 = 29, leaving at = 602.0
   Vehicle #1 = -1, leaving at = inf
   Increment on distance indicator: 6.0
   Increment on tard indicator:     0.0
   Value of tmax indicator:         6.0

Task for patient = 138 with skills = {1,3} and cost = 279.3
   Vehicle #0 = 8, leaving at = 774.0
   Vehicle #1 = 27, leaving at = 747.0
   Increment on distance indicator: 10.0
   Increment on tard indicator:     0.0
   Value of tmax indicator:         10.0

Task for patient = 34 with skills = {1,3} and cost = 36.0
   Vehicle #0 = 3, leaving at = 702.0
   Vehicle #1 = 21, leaving at = 701.0
   Increment on distance indicator: 108.0
   Increment on tard indicator:     0.0
   Value of tmax indicator:         108.0

Task for patient = 104 with skills = {0,4} and cost = 39.3
   Vehicle #0 = 3, leaving at = 765.0
   Vehicle #1 = 21, leaving at = 765.0
   Increment on distance indicator: 10.0
   Increment on tard indicator:     0.0
   Value of tmax indicator:         10.0

Task for patient = 5 with skills = {4,-1} and cost = 56.7
   Vehicle #0 = 20, leaving at = 546.0
   Vehicle #1 = -1, leaving at = inf
   Increment on distance indicator: 52.0
   Increment on tard indicator:     0.0
   Value of tmax indicator:         52.0

Task for patient = 29 with skills = {5,-1} and cost = 57.3
   Vehicle #0 = 21, leaving at = 810.0
   Vehicle #1 = -1, leaving at = inf
   Increment on distance indicator: 2.0
   Increment on tard indicator:     0.0
   Value of tmax indicator:         2.0

Task for patient = 118 with skills = {2,5} and cost = 61.7
   Vehicle #0 = 3, leaving at = 837.0
   Vehicle #1 = 21, leaving at = 849.0
   Increment on distance indicator: 13.0
   Increment on tard indicator:     0.0
   Value of tmax indicator:         13.0

Task for patient = 140 with skills = {5,-1} and cost = 80.0
   Vehicle #0 = 23, leaving at = 515.0
   Vehicle #1 = -1, leaving at = inf
   Increment on distance indicator: 55.0
   Increment on tard indicator:     0.0
   Value of tmax indicator:         55.0

Task for patient = 189 with skills = {1,5} and cost = 99.7
   Vehicle #0 = 5, leaving at = 592.0
   Vehicle #1 = 23, leaving at = 604.0
   Increment on distance indicator: 59.0
   Increment on tard indicator:     0.0
   Value of tmax indicator:         59.0

Task for patient = 122 with skills = {1,4} and cost = 102.3
   Vehicle #0 = 5, leaving at = 714.0
   Vehicle #1 = 20, leaving at = 702.0
   Increment on distance indicator: 8.0
   Increment on tard indicator:     0.0
   Value of tmax indicator:         8.0

Task for patient = 41 with skills = {2,5} and cost = 127.0
   Vehicle #0 = 1, leaving at = 631.0
   Vehicle #1 = 23, leaving at = 644.0
   Increment on distance indicator: 59.0
   Increment on tard indicator:     0.0
   Value of tmax indicator:         59.0

Task for patient = 97 with skills = {1,4} and cost = 140.3
   Vehicle #0 = 5, leaving at = 798.0
   Vehicle #1 = 20, leaving at = 826.0
   Increment on distance indicator: 2.0
   Increment on tard indicator:     0.0
   Value of tmax indicator:         2.0

Task for patient = 171 with skills = {2,4} and cost = 142.0
   Vehicle #0 = 1, leaving at = 728.0
   Vehicle #1 = 23, leaving at = 728.0
   Increment on distance indicator: 5.0
   Increment on tard indicator:     0.0
   Value of tmax indicator:         5.0

Task for patient = 15 with skills = {3,-1} and cost = 266.7
   Vehicle #0 = 26, leaving at = 727.0
   Vehicle #1 = -1, leaving at = inf
   Increment on distance indicator: 2.0
   Increment on tard indicator:     0.0
   Value of tmax indicator:         2.0

Task for patient = 87 with skills = {4,-1} and cost = 162.7
   Vehicle #0 = 25, leaving at = 587.0
   Vehicle #1 = -1, leaving at = inf
   Increment on distance indicator: 58.0
   Increment on tard indicator:     0.0
   Value of tmax indicator:         58.0

Task for patient = 169 with skills = {5,-1} and cost = 165.3
   Vehicle #0 = 23, leaving at = 769.0
   Vehicle #1 = -1, leaving at = inf
   Increment on distance indicator: 8.0
   Increment on tard indicator:     0.0
   Value of tmax indicator:         8.0

Task for patient = 174 with skills = {5,-1} and cost = 166.3
   Vehicle #0 = 23, leaving at = 789.0
   Vehicle #1 = -1, leaving at = inf
   Increment on distance indicator: 3.0
   Increment on tard indicator:     0.0
   Value of tmax indicator:         3.0

Task for patient = 137 with skills = {1,-1} and cost = 166.7
   Vehicle #0 = 5, leaving at = 823.0
   Vehicle #1 = -1, leaving at = inf
   Increment on distance indicator: 1.0
   Increment on tard indicator:     0.0
   Value of tmax indicator:         1.0

Task for patient = 194 with skills = {0,4} and cost = 187.3
   Vehicle #0 = 0, leaving at = 646.0
   Vehicle #1 = 25, leaving at = 646.0
   Increment on distance indicator: 62.0
   Increment on tard indicator:     0.0
   Value of tmax indicator:         62.0

Task for patient = 170 with skills = {1,4} and cost = 207.3
   Vehicle #0 = 7, leaving at = 708.0
   Vehicle #1 = 25, leaving at = 708.0
   Increment on distance indicator: 60.0
   Increment on tard indicator:     0.0
   Value of tmax indicator:         60.0

Task for patient = 37 with skills = {2,-1} and cost = 209.3
   Vehicle #0 = 7, leaving at = 749.0
   Vehicle #1 = -1, leaving at = inf
   Increment on distance indicator: 6.0
   Increment on tard indicator:     0.0
   Value of tmax indicator:         6.0

Task for patient = 135 with skills = {4,-1} and cost = 209.7
   Vehicle #0 = 25, leaving at = 797.0
   Vehicle #1 = -1, leaving at = inf
   Increment on distance indicator: 1.0
   Increment on tard indicator:     0.0
   Value of tmax indicator:         1.0

Task for patient = 190 with skills = {1,5} and cost = 246.3
   Vehicle #0 = 8, leaving at = 579.0
   Vehicle #1 = 26, leaving at = 579.0
   Increment on distance indicator: 110.0
   Increment on tard indicator:     0.0
   Value of tmax indicator:         110.0

Task for patient = 27 with skills = {5,-1} and cost = 247.3
   Vehicle #0 = 26, leaving at = 642.0
   Vehicle #1 = -1, leaving at = inf
   Increment on distance indicator: 3.0
   Increment on tard indicator:     0.0
   Value of tmax indicator:         3.0

Task for patient = 96 with skills = {1,5} and cost = 248.3
   Vehicle #0 = 7, leaving at = 820.0
   Vehicle #1 = 23, leaving at = 820.0
   Increment on distance indicator: 3.0
   Increment on tard indicator:     0.0
   Value of tmax indicator:         3.0

Task for patient = 32 with skills = {4,-1} and cost = 266.0
   Vehicle #0 = 27, leaving at = 548.0
   Vehicle #1 = -1, leaving at = inf
   Increment on distance indicator: 53.0
   Increment on tard indicator:     0.0
   Value of tmax indicator:         53.0

Task for patient = 188 with skills = {0,4} and cost = 143.3
   Vehicle #0 = 3, leaving at = 893.0
   Vehicle #1 = 20, leaving at = 910.0
   Increment on distance indicator: 4.0
   Increment on tard indicator:     0.0
   Value of tmax indicator:         4.0

Task for patient = 109 with skills = {0,3} and cost = 532.0
   Vehicle #0 = 11, leaving at = 728.0
   Vehicle #1 = 29, leaving at = 719.0
   Increment on distance indicator: 9.0
   Increment on tard indicator:     0.0
   Value of tmax indicator:         9.0

Task for patient = 165 with skills = {1,-1} and cost = 550.3
   Vehicle #0 = 12, leaving at = 752.0
   Vehicle #1 = -1, leaving at = inf
   Increment on distance indicator: 55.0
   Increment on tard indicator:     0.0
   Value of tmax indicator:         55.0

Task for patient = 66 with skills = {0,-1} and cost = 568.0
   Vehicle #0 = 13, leaving at = 600.0
   Vehicle #1 = -1, leaving at = inf
   Increment on distance indicator: 53.0
   Increment on tard indicator:     0.0
   Value of tmax indicator:         53.0

Task for patient = 125 with skills = {4,-1} and cost = 569.3
   Vehicle #0 = 29, leaving at = 761.0
   Vehicle #1 = -1, leaving at = inf
   Increment on distance indicator: 4.0
   Increment on tard indicator:     0.0
   Value of tmax indicator:         4.0

Task for patient = 156 with skills = {3,-1} and cost = 570.3
   Vehicle #0 = 21, leaving at = 871.0
   Vehicle #1 = -1, leaving at = inf
   Increment on distance indicator: 3.0
   Increment on tard indicator:     0.0
   Value of tmax indicator:         3.0

Task for patient = 130 with skills = {1,4} and cost = 573.3
   Vehicle #0 = 12, leaving at = 852.0
   Vehicle #1 = 28, leaving at = 849.0
   Increment on distance indicator: 9.0
   Increment on tard indicator:     0.0
   Value of tmax indicator:         9.0

Task for patient = 178 with skills = {2,-1} and cost = 574.3
   Vehicle #0 = 4, leaving at = 723.0
   Vehicle #1 = -1, leaving at = inf
   Increment on distance indicator: 3.0
   Increment on tard indicator:     0.0
   Value of tmax indicator:         3.0

Task for patient = 78 with skills = {2,-1} and cost = 576.0
   Vehicle #0 = 13, leaving at = 744.0
   Vehicle #1 = -1, leaving at = inf
   Increment on distance indicator: 5.0
   Increment on tard indicator:     0.0
   Value of tmax indicator:         5.0

Task for patient = 112 with skills = {3,-1} and cost = 593.3
   Vehicle #0 = 22, leaving at = 566.0
   Vehicle #1 = -1, leaving at = inf
   Increment on distance indicator: 52.0
   Increment on tard indicator:     0.0
   Value of tmax indicator:         52.0

Task for patient = 52 with skills = {3,-1} and cost = 595.3
   Vehicle #0 = 22, leaving at = 610.0
   Vehicle #1 = -1, leaving at = inf
   Increment on distance indicator: 6.0
   Increment on tard indicator:     0.0
   Value of tmax indicator:         6.0

Task for patient = 180 with skills = {3,-1} and cost = 596.3
   Vehicle #0 = 32, leaving at = 782.0
   Vehicle #1 = -1, leaving at = inf
   Increment on distance indicator: 3.0
   Increment on tard indicator:     0.0
   Value of tmax indicator:         3.0

Task for patient = 159 with skills = {1,5} and cost = 364.0
   Vehicle #0 = 9, leaving at = 685.0
   Vehicle #1 = 31, leaving at = 685.0
   Increment on distance indicator: 61.0
   Increment on tard indicator:     0.0
   Value of tmax indicator:         61.0

Task for patient = 99 with skills = {3,-1} and cost = 614.7
   Vehicle #0 = 26, leaving at = 858.0
   Vehicle #1 = -1, leaving at = inf
   Increment on distance indicator: 2.0
   Increment on tard indicator:     0.0
   Value of tmax indicator:         2.0

Task for patient = 124 with skills = {2,5} and cost = 636.3
   Vehicle #0 = 10, leaving at = 629.0
   Vehicle #1 = 33, leaving at = 629.0
   Increment on distance indicator: 65.0
   Increment on tard indicator:     0.0
   Value of tmax indicator:         65.0

Task for patient = 59 with skills = {1,-1} and cost = 637.0
   Vehicle #0 = 9, leaving at = 950.0
   Vehicle #1 = -1, leaving at = inf
   Increment on distance indicator: 2.0
   Increment on tard indicator:     0.0
   Value of tmax indicator:         2.0

Task for patient = 161 with skills = {3,-1} and cost = 637.3
   Vehicle #0 = 31, leaving at = 788.0
   Vehicle #1 = -1, leaving at = inf
   Increment on distance indicator: 1.0
   Increment on tard indicator:     0.0
   Value of tmax indicator:         1.0

Task for patient = 19 with skills = {4,-1} and cost = 637.7
   Vehicle #0 = 21, leaving at = 917.0
   Vehicle #1 = -1, leaving at = inf
   Increment on distance indicator: 1.0
   Increment on tard indicator:     0.0
   Value of tmax indicator:         1.0

Task for patient = 154 with skills = {3,-1} and cost = 638.3
   Vehicle #0 = 22, leaving at = 795.0
   Vehicle #1 = -1, leaving at = inf
   Increment on distance indicator: 2.0
   Increment on tard indicator:     0.0
   Value of tmax indicator:         2.0

Task for patient = 82 with skills = {3,-1} and cost = 639.0
   Vehicle #0 = 22, leaving at = 855.0
   Vehicle #1 = -1, leaving at = inf
   Increment on distance indicator: 2.0
   Increment on tard indicator:     0.0
   Value of tmax indicator:         2.0

Task for patient = 42 with skills = {5,-1} and cost = 639.7
   Vehicle #0 = 26, leaving at = 883.0
   Vehicle #1 = -1, leaving at = inf
   Increment on distance indicator: 2.0
   Increment on tard indicator:     0.0
   Value of tmax indicator:         2.0

Task for patient = 69 with skills = {0,5} and cost = 816.0
   Vehicle #0 = 8, leaving at = 1143.0
   Vehicle #1 = 21, leaving at = 1146.0
   Increment on distance indicator: 6.0
   Increment on tard indicator:     0.0
   Value of tmax indicator:         6.0

Task for patient = 147 with skills = {3,-1} and cost = 641.3
   Vehicle #0 = 32, leaving at = 840.0
   Vehicle #1 = -1, leaving at = inf
   Increment on distance indicator: 4.0
   Increment on tard indicator:     0.0
   Value of tmax indicator:         4.0

Task for patient = 193 with skills = {4,-1} and cost = 641.7
   Vehicle #0 = 31, leaving at = 809.0
   Vehicle #1 = -1, leaving at = inf
   Increment on distance indicator: 1.0
   Increment on tard indicator:     0.0
   Value of tmax indicator:         1.0

Task for patient = 146 with skills = {0,-1} and cost = 614.0
   Vehicle #0 = 14, leaving at = 578.0
   Vehicle #1 = -1, leaving at = inf
   Increment on distance indicator: 53.0
   Increment on tard indicator:     0.0
   Value of tmax indicator:         53.0

Task for patient = 164 with skills = {0,-1} and cost = 365.0
   Vehicle #0 = 8, leaving at = 892.0
   Vehicle #1 = -1, leaving at = inf
   Increment on distance indicator: 3.0
   Increment on tard indicator:     0.0
   Value of tmax indicator:         3.0

Task for patient = 199 with skills = {2,-1} and cost = 366.3
   Vehicle #0 = 9, leaving at = 744.0
   Vehicle #1 = -1, leaving at = inf
   Increment on distance indicator: 4.0
   Increment on tard indicator:     0.0
   Value of tmax indicator:         4.0

Task for patient = 162 with skills = {2,-1} and cost = 367.0
   Vehicle #0 = 3, leaving at = 928.0
   Vehicle #1 = -1, leaving at = inf
   Increment on distance indicator: 2.0
   Increment on tard indicator:     0.0
   Value of tmax indicator:         2.0

Task for patient = 31 with skills = {0,-1} and cost = 385.0
   Vehicle #0 = 6, leaving at = 548.0
   Vehicle #1 = -1, leaving at = inf
   Increment on distance indicator: 54.0
   Increment on tard indicator:     0.0
   Value of tmax indicator:         54.0

Task for patient = 85 with skills = {0,-1} and cost = 386.0
   Vehicle #0 = 8, leaving at = 923.0
   Vehicle #1 = -1, leaving at = inf
   Increment on distance indicator: 3.0
   Increment on tard indicator:     0.0
   Value of tmax indicator:         3.0

Task for patient = 177 with skills = {1,5} and cost = 388.0
   Vehicle #0 = 7, leaving at = 927.0
   Vehicle #1 = 23, leaving at = 927.0
   Increment on distance indicator: 6.0
   Increment on tard indicator:     0.0
   Value of tmax indicator:         6.0

Task for patient = 134 with skills = {2,-1} and cost = 389.3
   Vehicle #0 = 9, leaving at = 814.0
   Vehicle #1 = -1, leaving at = inf
   Increment on distance indicator: 4.0
   Increment on tard indicator:     0.0
   Value of tmax indicator:         4.0

Task for patient = 197 with skills = {0,-1} and cost = 390.3
   Vehicle #0 = 6, leaving at = 679.0
   Vehicle #1 = -1, leaving at = inf
   Increment on distance indicator: 3.0
   Increment on tard indicator:     0.0
   Value of tmax indicator:         3.0

Task for patient = 173 with skills = {5,-1} and cost = 417.0
   Vehicle #0 = 32, leaving at = 582.0
   Vehicle #1 = -1, leaving at = inf
   Increment on distance indicator: 52.0
   Increment on tard indicator:     0.0
   Value of tmax indicator:         52.0

Task for patient = 179 with skills = {1,4} and cost = 419.7
   Vehicle #0 = 9, leaving at = 853.0
   Vehicle #1 = 27, leaving at = 852.0
   Increment on distance indicator: 8.0
   Increment on tard indicator:     0.0
   Value of tmax indicator:         8.0

Task for patient = 1 with skills = {0,-1} and cost = 420.3
   Vehicle #0 = 6, leaving at = 719.0
   Vehicle #1 = -1, leaving at = inf
   Increment on distance indicator: 2.0
   Increment on tard indicator:     0.0
   Value of tmax indicator:         2.0

Task for patient = 39 with skills = {0,-1} and cost = 529.0
   Vehicle #0 = 11, leaving at = 639.0
   Vehicle #1 = -1, leaving at = inf
   Increment on distance indicator: 3.0
   Increment on tard indicator:     0.0
   Value of tmax indicator:         3.0

Task for patient = 24 with skills = {2,-1} and cost = 439.0
   Vehicle #0 = 2, leaving at = 841.0
   Vehicle #1 = -1, leaving at = inf
   Increment on distance indicator: 1.0
   Increment on tard indicator:     0.0
   Value of tmax indicator:         1.0

Task for patient = 127 with skills = {0,5} and cost = 440.7
   Vehicle #0 = 6, leaving at = 754.0
   Vehicle #1 = 31, leaving at = 754.0
   Increment on distance indicator: 5.0
   Increment on tard indicator:     0.0
   Value of tmax indicator:         5.0

Task for patient = 72 with skills = {2,5} and cost = 461.3
   Vehicle #0 = 4, leaving at = 599.0
   Vehicle #1 = 32, leaving at = 609.0
   Increment on distance indicator: 62.0
   Increment on tard indicator:     0.0
   Value of tmax indicator:         62.0

Task for patient = 18 with skills = {0,-1} and cost = 463.0
   Vehicle #0 = 5, leaving at = 901.0
   Vehicle #1 = -1, leaving at = inf
   Increment on distance indicator: 5.0
   Increment on tard indicator:     0.0
   Value of tmax indicator:         5.0

Task for patient = 172 with skills = {1,-1} and cost = 468.3
   Vehicle #0 = 3, leaving at = 979.0
   Vehicle #1 = -1, leaving at = inf
   Increment on distance indicator: 3.0
   Increment on tard indicator:     0.0
   Value of tmax indicator:         3.0

Task for patient = 92 with skills = {4,-1} and cost = 470.0
   Vehicle #0 = 29, leaving at = 639.0
   Vehicle #1 = -1, leaving at = inf
   Increment on distance indicator: 5.0
   Increment on tard indicator:     0.0
   Value of tmax indicator:         5.0

Task for patient = 160 with skills = {2,5} and cost = 471.3
   Vehicle #0 = 4, leaving at = 639.0
   Vehicle #1 = 32, leaving at = 647.0
   Increment on distance indicator: 4.0
   Increment on tard indicator:     0.0
   Value of tmax indicator:         4.0

Task for patient = 9 with skills = {2,3} and cost = 473.3
   Vehicle #0 = 4, leaving at = 667.0
   Vehicle #1 = 32, leaving at = 686.0
   Increment on distance indicator: 6.0
   Increment on tard indicator:     0.0
   Value of tmax indicator:         6.0

Task for patient = 80 with skills = {5,-1} and cost = 490.7
   Vehicle #0 = 33, leaving at = 562.0
   Vehicle #1 = -1, leaving at = inf
   Increment on distance indicator: 52.0
   Increment on tard indicator:     0.0
   Value of tmax indicator:         52.0

Task for patient = 33 with skills = {5,-1} and cost = 492.7
   Vehicle #0 = 32, leaving at = 720.0
   Vehicle #1 = -1, leaving at = inf
   Increment on distance indicator: 6.0
   Increment on tard indicator:     0.0
   Value of tmax indicator:         6.0

Task for patient = 43 with skills = {4,-1} and cost = 494.0
   Vehicle #0 = 29, leaving at = 660.0
   Vehicle #1 = -1, leaving at = inf
   Increment on distance indicator: 4.0
   Increment on tard indicator:     0.0
   Value of tmax indicator:         4.0

Task for patient = 148 with skills = {0,-1} and cost = 511.3
   Vehicle #0 = 11, leaving at = 609.0
   Vehicle #1 = -1, leaving at = inf
   Increment on distance indicator: 52.0
   Increment on tard indicator:     0.0
   Value of tmax indicator:         52.0

Task for patient = 20 with skills = {2,4} and cost = 438.7
   Vehicle #0 = 2, leaving at = 804.0
   Vehicle #1 = 28, leaving at = 816.0
   Increment on distance indicator: 55.0
   Increment on tard indicator:     0.0
   Value of tmax indicator:         55.0


Unused vehicle list: 16 17 18 19 34 35 36 37 38 39 (total = 10 out of 40)

---
Search finished.
Total of 1900 generations in 467.5 seconds.
Exchange elite runs: 23
Implicit path relinking runs: 10
Reset attempts: 4

Best solution found:
   Cost: 1106.3
   Total travel time: 3266.0
   Total tardiness time: 37.0
   Largest tardiness: 16.0


1106.3
