This host is: shiva
--- BRKGA-MP-IPR for HHCRSP ---
Instance: /home/alberto/work/hhcrsp-dataset-2021/dataset2/HHCRSP_300_60_53_1.2_R_C.txt
Seed: 5

Reading data... Problem contains 300 patients  and 60 caregivers.

Summary of supply x demand for each service type:
Skill 0 has supply = 21 and demand = 75, ratio = 0.28
Skill 1 has supply = 17 and demand = 50, ratio = 0.34
Skill 2 has supply = 21 and demand = 65, ratio = 0.323077
Skill 3 has supply = 23 and demand = 84, ratio = 0.27381
Skill 4 has supply = 19 and demand = 57, ratio = 0.333333
Skill 5 has supply = 19 and demand = 59, ratio = 0.322034

Reading parameters...
Inferred distance function by PR type: kendall-tau
Building BRKGA data and initializing...
Evolving 1900 generations...

  Gens  Rem    Local   ElDiv NoImpr             Best solution            Time  Op
                                       Cost     Dist    Tard    TMax 
*    0 1900  3717.33  353.51      0  3717.33  6780.00  3951.0   421.0     0.8    
*    2 1898  3704.33  262.38      0  3704.33  6680.00  3734.0   371.0     2.4    
*    3 1897  3595.00  241.79      0  3595.00  6754.00  3001.0   256.0     3.2    
*    4 1896  3337.00  242.84      0  3337.00  6731.00  2343.0   325.0     3.9    
*    5 1895  3133.00  208.05      0  3133.00  6704.00  2263.0   362.0     4.7    
*    6 1894  3109.67  200.96      0  3109.67  6685.00  1689.0   238.0     5.5    
*    7 1893  2870.67  198.92      0  2870.67  6599.00  1337.0   249.0     6.3    
*    8 1892  2728.33  182.76      0  2728.33  6574.00  1287.0   231.0     7.1    
*    9 1891  2697.33  178.00      0  2697.33  6636.00   521.0    86.0     7.9    
*   10 1890  2414.33  164.00      0  2414.33  6636.00   521.0    86.0     8.7    
*   15 1885  2282.67  105.23      0  2282.67  6436.00   288.0    36.0    12.6    
*   16 1884  2253.33   92.03      0  2253.33  6436.00   288.0    36.0    13.4    
*   18 1882  2189.00   73.12      0  2189.00  6462.00    91.0    14.0    15.0    
*   20 1880  2147.00   57.35      0  2147.00  6286.00   125.0    30.0    16.5    
*   24 1876  2129.00   37.25      0  2129.00  6264.00   102.0    21.0    19.7    

  Gens  Rem    Local   ElDiv NoImpr             Best solution            Time  Op
                                       Cost     Dist    Tard    TMax 
*   27 1873  2081.00   27.46      0  2081.00  6023.00   189.0    23.0    22.1    
*   28 1872  2078.33   27.17      0  2078.33  6023.00   189.0    23.0    22.8    
*   31 1869  2071.67   22.41      0  2071.67  6161.00    43.0    11.0    25.2    
*   33 1867  2050.33   23.84      0  2050.33  5945.00   143.0    30.0    26.8    
*   34 1866  2039.33   22.27      0  2039.33  5945.00   143.0    30.0    27.6    
*   37 1863  2012.00   21.55      0  2012.00  5835.00   184.0    17.0    29.9    
*   41 1859  2008.00   20.76      0  2008.00  5905.00    99.0    20.0    33.1    
*   43 1857  1995.33   22.89      0  1995.33  5841.00    41.0    18.0    34.7    
*   44 1856  1966.67   23.30      0  1966.67  5841.00    41.0    18.0    35.4    
*   46 1854  1961.00   22.45      0  1961.00  5772.00    91.0    20.0    37.0    
*   48 1852  1949.67   21.03      0  1949.67  5793.00    43.0    13.0    38.6    
    50 1850  1949.67   20.68      2  1949.67  5793.00    43.0    13.0    40.2    
*   52 1848  1922.00   20.47      0  1922.00  5672.00    71.0    23.0    41.7    
*   59 1841  1895.33   20.34      0  1895.33  5485.00   158.0    27.0    47.2    
*   60 1840  1890.00   20.36      0  1890.00  5485.00   158.0    27.0    48.0    
*   63 1837  1889.33   19.51      0  1889.33  5504.00   145.0    19.0    50.4    

  Gens  Rem    Local   ElDiv NoImpr             Best solution            Time  Op
                                       Cost     Dist    Tard    TMax 
*   66 1834  1881.67   20.38      0  1881.67  5511.00    54.0    18.0    52.7    
*   67 1833  1861.00   20.14      0  1861.00  5511.00    54.0    18.0    53.5    
*   72 1828  1847.67   20.22      0  1847.67  5445.00    84.0    14.0    57.4    
*   74 1826  1813.00   21.09      0  1813.00  5311.00   106.0    22.0    59.0    
    80 1820  1813.00   15.19      7  1813.00  5311.00   106.0    22.0    63.7   X
*   82 1818  1811.33   15.18      0  1811.33  5409.00    17.0     8.0    65.3    
*   90 1810  1809.00   14.52      0  1809.00  5374.00    39.0    14.0    71.6    
*   99 1801  1754.00   14.34      0  1754.00  5176.00    71.0    15.0    78.6    
   100 1800  1754.00   14.73      1  1754.00  5176.00    71.0    15.0    79.4    
*  138 1762  1748.67   15.25      0  1748.67  5161.00     2.0     1.0   109.2    
*  139 1761  1721.33   15.34      0  1721.33  5161.00     2.0     1.0   110.0    
   150 1750  1721.33   14.14     11  1721.33  5161.00     2.0     1.0   118.6    
*  158 1742  1705.33   12.73      0  1705.33  5067.00    37.0    12.0   124.8    
   160 1740  1705.33   12.06      3  1705.33  5067.00    37.0    12.0   126.4   X
*  180 1720  1695.33   11.33      0  1695.33  4998.00    72.0    16.0   142.1    
Path relinking result: best improvement.
   180 1720  1687.33   12.30      0  1695.33  4998.00    72.0    16.0   143.3   P

  Gens  Rem    Local   ElDiv NoImpr             Best solution            Time  Op
                                       Cost     Dist    Tard    TMax 
*  181 1719  1687.33   12.24      0  1687.33  5034.00    20.0     8.0   144.0    
*  187 1713  1683.67   12.47      0  1683.67  4982.00    53.0    16.0   148.5    
   200 1700  1683.67   11.94     13  1683.67  4982.00    53.0    16.0   158.2    
*  208 1692  1680.00   12.42      0  1680.00  4938.00    82.0    20.0   164.2    
*  225 1675  1675.67   11.02      0  1675.67  4937.00    74.0    16.0   176.9    
*  227 1673  1667.67   11.16      0  1667.67  4964.00    24.0    15.0   178.4    
*  239 1661  1663.33   10.02      0  1663.33  4952.00    22.0    16.0   187.3    
   240 1660  1663.33    8.82      2  1663.33  4952.00    22.0    16.0   188.1   X
*  243 1657  1653.33    9.22      0  1653.33  4939.00    14.0     7.0   190.3    
   250 1650  1653.33    8.97      7  1653.33  4939.00    14.0     7.0   195.6    
*  254 1646  1652.00    9.45      0  1652.00  4896.00    37.0    23.0   198.6    
*  260 1640  1647.33   10.01      0  1647.33  4856.00    66.0    20.0   203.0    
*  267 1633  1644.67   10.21      0  1644.67  4837.00    80.0    17.0   208.3    
*  274 1626  1644.00   10.42      0  1644.00  4875.00    42.0    15.0   213.5    
*  286 1614  1628.33   10.87      0  1628.33  4845.00    27.0    13.0   222.5    
*  292 1608  1617.00   12.00      0  1617.00  4821.00    26.0     4.0   226.9    

  Gens  Rem    Local   ElDiv NoImpr             Best solution            Time  Op
                                       Cost     Dist    Tard    TMax 
   300 1600  1617.00   12.56      8  1617.00  4821.00    26.0     4.0   232.9    
   320 1580  1617.00    9.37     29  1617.00  4821.00    26.0     4.0   247.8   X
*  326 1574  1614.00    9.06      0  1614.00  4803.00    28.0    11.0   252.3    
*  338 1562  1612.33    8.83      0  1612.33  4813.00    15.0     9.0   261.3    
*  350 1550  1608.00    8.92      0  1608.00  4747.00    63.0    14.0   270.3    
Path relinking result: best improvement.
   360 1540  1598.33    9.78      0  1608.00  4747.00    63.0    14.0   278.9   P
*  361 1539  1598.33    9.78      0  1598.33  4690.00    89.0    16.0   279.6    
*  365 1535  1590.67   10.00      0  1590.67  4676.00    76.0    20.0   282.6    
   400 1500  1590.67    9.62     35  1590.67  4676.00    76.0    20.0   308.8    
   400 1500  1590.67    8.82     36  1590.67  4676.00    76.0    20.0   308.8   X
*  409 1491  1584.67    9.15      0  1584.67  4722.00    23.0     9.0   315.5    
   450 1450  1584.67    8.64     41  1584.67  4722.00    23.0     9.0   346.1    
*  452 1448  1577.00    8.85      0  1577.00  4661.00    60.0    10.0   347.6    
   480 1420  1577.00    7.32     29  1577.00  4661.00    60.0    10.0   368.5   X
*  499 1401  1572.33    7.27      0  1572.33  4645.00    55.0    17.0   382.7    
   500 1400  1572.33    7.26      1  1572.33  4645.00    55.0    17.0   383.4    

  Gens  Rem    Local   ElDiv NoImpr             Best solution            Time  Op
                                       Cost     Dist    Tard    TMax 
*  540 1360  1558.67    6.75      0  1558.67  4605.00    56.0    15.0   413.3    
Path relinking result: best improvement.
   540 1360  1547.67    7.52      0  1558.67  4605.00    56.0    15.0   414.4   P
*  541 1359  1547.67    7.49      0  1547.67  4591.00    41.0    11.0   415.1    
   550 1350  1547.67    7.43      9  1547.67  4591.00    41.0    11.0   421.9    
   560 1340  1547.67    6.87     20  1547.67  4591.00    41.0    11.0   429.3   X
   600 1300  1547.67    6.94     59  1547.67  4591.00    41.0    11.0   459.2    
   620 1280      inf  390.95      0  1547.67  4591.00    41.0    11.0   474.9   R
   621 1279  3728.00  338.19      0  1547.67  4591.00    41.0    11.0   475.6    
   640 1260  2186.00   49.96      1  1547.67  4591.00    41.0    11.0   489.9   X
   650 1250  2088.33   22.76      1  1547.67  4591.00    41.0    11.0   497.4    
   700 1200  1799.67   15.86      1  1547.67  4591.00    41.0    11.0   535.0    
Path relinking result: elite improvement.
   720 1180  1740.67   16.67      1  1547.67  4591.00    41.0    11.0   551.2  PX
   750 1150  1736.33   14.88     18  1547.67  4591.00    41.0    11.0   573.7    
   800 1100  1694.33   12.63     10  1547.67  4591.00    41.0    11.0   611.1    
   800 1100  1694.33   10.18     11  1547.67  4591.00    41.0    11.0   611.1   X
   850 1050  1663.33   10.61     30  1547.67  4591.00    41.0    11.0   648.4    

  Gens  Rem    Local   ElDiv NoImpr             Best solution            Time  Op
                                       Cost     Dist    Tard    TMax 
   880 1020  1663.33    9.38     61  1547.67  4591.00    41.0    11.0   670.9   X
   900 1000  1662.00    8.96     18  1547.67  4591.00    41.0    11.0   685.8    
Path relinking result: best improvement.
   900 1000  1648.00    9.83      0  1547.67  4591.00    41.0    11.0   687.0   P
   950  950  1648.00    9.33     49  1547.67  4591.00    41.0    11.0   724.3    
   960  940  1648.00    7.96     60  1547.67  4591.00    41.0    11.0   731.8   X
  1000  900  1616.67    8.61     15  1547.67  4591.00    41.0    11.0   761.7    
  1040  860  1616.67    7.19     56  1547.67  4591.00    41.0    11.0   791.5   X
  1050  850  1616.67    7.52     65  1547.67  4591.00    41.0    11.0   799.0    
  1064  836      inf  367.76      0  1547.67  4591.00    41.0    11.0   810.2   R
  1065  835  3766.67  315.76      0  1547.67  4591.00    41.0    11.0   811.0    
Path relinking result: best improvement.
  1080  820  2172.67  100.89      0  1547.67  4591.00    41.0    11.0   823.5   P
  1100  800  2044.33   24.68      2  1547.67  4591.00    41.0    11.0   838.5    
  1120  780  1928.33   14.49      2  1547.67  4591.00    41.0    11.0   853.6   X
  1150  750  1835.33   15.42      0  1547.67  4591.00    41.0    11.0   876.1    
  1200  700  1722.33   14.51      3  1547.67  4591.00    41.0    11.0   913.5    
  1200  700  1722.33   11.45      4  1547.67  4591.00    41.0    11.0   913.5   X

  Gens  Rem    Local   ElDiv NoImpr             Best solution            Time  Op
                                       Cost     Dist    Tard    TMax 
  1250  650  1677.00   12.01      6  1547.67  4591.00    41.0    11.0   950.9    
Path relinking result: best improvement.
  1260  640  1673.00   13.18      0  1547.67  4591.00    41.0    11.0   959.5   P
  1280  620  1622.67   14.20     10  1547.67  4591.00    41.0    11.0   974.4   X
  1300  600  1622.67   12.72     29  1547.67  4591.00    41.0    11.0   989.4    
  1350  550  1622.67   11.37     79  1547.67  4591.00    41.0    11.0  1026.7    
  1350  550      inf  314.88      0  1547.67  4591.00    41.0    11.0  1027.4   R
  1351  549  3883.67  290.36      0  1547.67  4591.00    41.0    11.0  1028.2    
  1360  540  2675.67  127.43      0  1547.67  4591.00    41.0    11.0  1034.9   X
  1400  500  1956.67   19.99      1  1547.67  4591.00    41.0    11.0  1065.0    
Path relinking result: best improvement.
  1440  460  1799.33   16.94      0  1547.67  4591.00    41.0    11.0  1096.2  PX
  1450  450  1799.33   14.98      9  1547.67  4591.00    41.0    11.0  1103.7    
  1500  400  1728.33   13.00      0  1547.67  4591.00    41.0    11.0  1141.1    
  1520  380  1687.67   12.23      2  1547.67  4591.00    41.0    11.0  1156.0   X
  1550  350  1682.33   11.54     22  1547.67  4591.00    41.0    11.0  1178.4    
  1600  300  1665.00   11.27      6  1547.67  4591.00    41.0    11.0  1215.7    
  1600  300  1665.00    9.12      7  1547.67  4591.00    41.0    11.0  1215.7   X
Path relinking result: best improvement.

  Gens  Rem    Local   ElDiv NoImpr             Best solution            Time  Op
                                       Cost     Dist    Tard    TMax 
  1620  280  1615.33   10.94      0  1547.67  4591.00    41.0    11.0  1231.8   P
  1650  250  1615.33   10.57     29  1547.67  4591.00    41.0    11.0  1254.2    
  1680  220  1615.33   11.06     60  1547.67  4591.00    41.0    11.0  1276.6   X
  1700  200  1615.33   10.77     79  1547.67  4591.00    41.0    11.0  1291.5    
  1700  200      inf  361.96      0  1547.67  4591.00    41.0    11.0  1292.2   R
  1701  199  4022.00  338.36      0  1547.67  4591.00    41.0    11.0  1293.0    
  1750  150  1953.00   22.90      1  1547.67  4591.00    41.0    11.0  1329.8    
  1760  140  1910.00   14.95      0  1547.67  4591.00    41.0    11.0  1337.4   X
  1800  100  1798.33   14.90      0  1547.67  4591.00    41.0    11.0  1367.4    
Path relinking result: best improvement.
  1800  100  1776.00   16.29      0  1547.67  4591.00    41.0    11.0  1368.6   P
  1840   60  1727.00   12.51      7  1547.67  4591.00    41.0    11.0  1398.6   X
  1850   50  1727.00   11.56     16  1547.67  4591.00    41.0    11.0  1406.1    
  1900    0  1688.33   10.33     10  1547.67  4591.00    41.0    11.0  1442.8    
Evolutionary process finished.
Solution written to 'solution-31010.txt'.

Sorted sequence of worst to best tardiness value:
Task for patient = 251 with skills = {1,-1} and cost = 581.3
   Vehicle #0 = 10, leaving at = 720.0
   Vehicle #1 = -1, leaving at = inf
   Increment on distance indicator: 2.0
   Increment on tard indicator:     12.0
   Value of tmax indicator:         2.0

Task for patient = 292 with skills = {0,5} and cost = 294.3
   Vehicle #0 = 3, leaving at = 765.0
   Vehicle #1 = 34, leaving at = 765.0
   Increment on distance indicator: 4.0
   Increment on tard indicator:     12.0
   Value of tmax indicator:         4.0

Task for patient = 86 with skills = {2,3} and cost = 1009.7
   Vehicle #0 = 15, leaving at = 895.0
   Vehicle #1 = 50, leaving at = 919.0
   Increment on distance indicator: 23.0
   Increment on tard indicator:     12.0
   Value of tmax indicator:         23.0

Task for patient = 71 with skills = {0,5} and cost = 378.3
   Vehicle #0 = 6, leaving at = 652.0
   Vehicle #1 = 39, leaving at = 705.0
   Increment on distance indicator: 6.0
   Increment on tard indicator:     7.0
   Value of tmax indicator:         6.0

Task for patient = 191 with skills = {1,3} and cost = 1048.0
   Vehicle #0 = 20, leaving at = 1012.0
   Vehicle #1 = 48, leaving at = 1060.0
   Increment on distance indicator: 6.0
   Increment on tard indicator:     6.0
   Value of tmax indicator:         6.0

Task for patient = 172 with skills = {2,-1} and cost = 513.0
   Vehicle #0 = 11, leaving at = 721.0
   Vehicle #1 = -1, leaving at = inf
   Increment on distance indicator: 5.0
   Increment on tard indicator:     4.0
   Value of tmax indicator:         5.0

Task for patient = 294 with skills = {2,-1} and cost = 958.7
   Vehicle #0 = 0, leaving at = 1090.0
   Vehicle #1 = -1, leaving at = inf
   Increment on distance indicator: 2.0
   Increment on tard indicator:     1.0
   Value of tmax indicator:         2.0

Task for patient = 63 with skills = {2,-1} and cost = 916.0
   Vehicle #0 = 20, leaving at = 686.0
   Vehicle #1 = -1, leaving at = inf
   Increment on distance indicator: 10.0
   Increment on tard indicator:     0.0
   Value of tmax indicator:         10.0

Task for patient = 10 with skills = {3,-1} and cost = 912.7
   Vehicle #0 = 41, leaving at = 953.0
   Vehicle #1 = -1, leaving at = inf
   Increment on distance indicator: 5.0
   Increment on tard indicator:     0.0
   Value of tmax indicator:         5.0

Task for patient = 237 with skills = {0,-1} and cost = 911.0
   Vehicle #0 = 8, leaving at = 920.0
   Vehicle #1 = -1, leaving at = inf
   Increment on distance indicator: 2.0
   Increment on tard indicator:     0.0
   Value of tmax indicator:         2.0

Task for patient = 81 with skills = {0,-1} and cost = 910.3
   Vehicle #0 = 2, leaving at = 863.0
   Vehicle #1 = -1, leaving at = inf
   Increment on distance indicator: 4.0
   Increment on tard indicator:     0.0
   Value of tmax indicator:         4.0

Task for patient = 79 with skills = {3,-1} and cost = 909.0
   Vehicle #0 = 47, leaving at = 828.0
   Vehicle #1 = -1, leaving at = inf
   Increment on distance indicator: 8.0
   Increment on tard indicator:     0.0
   Value of tmax indicator:         8.0

Task for patient = 154 with skills = {3,-1} and cost = 906.3
   Vehicle #0 = 50, leaving at = 655.0
   Vehicle #1 = -1, leaving at = inf
   Increment on distance indicator: 12.0
   Increment on tard indicator:     0.0
   Value of tmax indicator:         12.0

Task for patient = 42 with skills = {0,-1} and cost = 917.0
   Vehicle #0 = 1, leaving at = 994.0
   Vehicle #1 = -1, leaving at = inf
   Increment on distance indicator: 3.0
   Increment on tard indicator:     0.0
   Value of tmax indicator:         3.0

Task for patient = 230 with skills = {2,5} and cost = 899.7
   Vehicle #0 = 8, leaving at = 875.0
   Vehicle #1 = 33, leaving at = 875.0
   Increment on distance indicator: 8.0
   Increment on tard indicator:     0.0
   Value of tmax indicator:         8.0

Task for patient = 215 with skills = {2,-1} and cost = 897.0
   Vehicle #0 = 14, leaving at = 849.0
   Vehicle #1 = -1, leaving at = inf
   Increment on distance indicator: 3.0
   Increment on tard indicator:     0.0
   Value of tmax indicator:         3.0

Task for patient = 119 with skills = {1,-1} and cost = 896.0
   Vehicle #0 = 14, leaving at = 815.0
   Vehicle #1 = -1, leaving at = inf
   Increment on distance indicator: 5.0
   Increment on tard indicator:     0.0
   Value of tmax indicator:         5.0

Task for patient = 262 with skills = {1,-1} and cost = 894.3
   Vehicle #0 = 7, leaving at = 905.0
   Vehicle #1 = -1, leaving at = inf
   Increment on distance indicator: 4.0
   Increment on tard indicator:     0.0
   Value of tmax indicator:         4.0

Task for patient = 76 with skills = {0,5} and cost = 893.0
   Vehicle #0 = 18, leaving at = 911.0
   Vehicle #1 = 43, leaving at = 929.0
   Increment on distance indicator: 7.0
   Increment on tard indicator:     0.0
   Value of tmax indicator:         7.0

Task for patient = 30 with skills = {1,-1} and cost = 890.0
   Vehicle #0 = 11, leaving at = 960.0
   Vehicle #1 = -1, leaving at = inf
   Increment on distance indicator: 8.0
   Increment on tard indicator:     0.0
   Value of tmax indicator:         8.0

Task for patient = 57 with skills = {3,-1} and cost = 902.3
   Vehicle #0 = 50, leaving at = 599.0
   Vehicle #1 = -1, leaving at = inf
   Increment on distance indicator: 8.0
   Increment on tard indicator:     0.0
   Value of tmax indicator:         8.0

Task for patient = 89 with skills = {0,3} and cost = 947.3
   Vehicle #0 = 6, leaving at = 1000.0
   Vehicle #1 = 47, leaving at = 1000.0
   Increment on distance indicator: 8.0
   Increment on tard indicator:     0.0
   Value of tmax indicator:         8.0

Task for patient = 14 with skills = {1,-1} and cost = 944.7
   Vehicle #0 = 20, leaving at = 809.0
   Vehicle #1 = -1, leaving at = inf
   Increment on distance indicator: 6.0
   Increment on tard indicator:     0.0
   Value of tmax indicator:         6.0

Task for patient = 213 with skills = {4,-1} and cost = 942.7
   Vehicle #0 = 47, leaving at = 933.0
   Vehicle #1 = -1, leaving at = inf
   Increment on distance indicator: 2.0
   Increment on tard indicator:     0.0
   Value of tmax indicator:         2.0

Task for patient = 283 with skills = {0,5} and cost = 942.0
   Vehicle #0 = 6, leaving at = 946.0
   Vehicle #1 = 34, leaving at = 970.0
   Increment on distance indicator: 12.0
   Increment on tard indicator:     0.0
   Value of tmax indicator:         12.0

Task for patient = 242 with skills = {0,3} and cost = 938.0
   Vehicle #0 = 3, leaving at = 990.0
   Vehicle #1 = 45, leaving at = 990.0
   Increment on distance indicator: 11.0
   Increment on tard indicator:     0.0
   Value of tmax indicator:         11.0

Task for patient = 7 with skills = {0,5} and cost = 934.3
   Vehicle #0 = 7, leaving at = 992.0
   Vehicle #1 = 43, leaving at = 992.0
   Increment on distance indicator: 4.0
   Increment on tard indicator:     0.0
   Value of tmax indicator:         4.0

Task for patient = 183 with skills = {1,-1} and cost = 933.0
   Vehicle #0 = 17, leaving at = 818.0
   Vehicle #1 = -1, leaving at = inf
   Increment on distance indicator: 8.0
   Increment on tard indicator:     0.0
   Value of tmax indicator:         8.0

Task for patient = 27 with skills = {0,5} and cost = 930.3
   Vehicle #0 = 6, leaving at = 899.0
   Vehicle #1 = 47, leaving at = 899.0
   Increment on distance indicator: 7.0
   Increment on tard indicator:     0.0
   Value of tmax indicator:         7.0

Task for patient = 225 with skills = {5,-1} and cost = 890.7
   Vehicle #0 = 38, leaving at = 1005.0
   Vehicle #1 = -1, leaving at = inf
   Increment on distance indicator: 2.0
   Increment on tard indicator:     0.0
   Value of tmax indicator:         2.0

Task for patient = 99 with skills = {4,-1} and cost = 927.7
   Vehicle #0 = 38, leaving at = 1035.0
   Vehicle #1 = -1, leaving at = inf
   Increment on distance indicator: 3.0
   Increment on tard indicator:     0.0
   Value of tmax indicator:         3.0

Task for patient = 109 with skills = {3,-1} and cost = 926.7
   Vehicle #0 = 40, leaving at = 1056.0
   Vehicle #1 = -1, leaving at = inf
   Increment on distance indicator: 3.0
   Increment on tard indicator:     0.0
   Value of tmax indicator:         3.0

Task for patient = 144 with skills = {0,-1} and cost = 925.7
   Vehicle #0 = 0, leaving at = 1046.0
   Vehicle #1 = -1, leaving at = inf
   Increment on distance indicator: 3.0
   Increment on tard indicator:     0.0
   Value of tmax indicator:         3.0

Task for patient = 66 with skills = {2,-1} and cost = 924.7
   Vehicle #0 = 20, leaving at = 765.0
   Vehicle #1 = -1, leaving at = inf
   Increment on distance indicator: 6.0
   Increment on tard indicator:     0.0
   Value of tmax indicator:         6.0

Task for patient = 300 with skills = {5,-1} and cost = 922.7
   Vehicle #0 = 37, leaving at = 1045.0
   Vehicle #1 = -1, leaving at = inf
   Increment on distance indicator: 2.0
   Increment on tard indicator:     0.0
   Value of tmax indicator:         2.0

Task for patient = 250 with skills = {0,-1} and cost = 922.0
   Vehicle #0 = 6, leaving at = 843.0
   Vehicle #1 = -1, leaving at = inf
   Increment on distance indicator: 3.0
   Increment on tard indicator:     0.0
   Value of tmax indicator:         3.0

Task for patient = 203 with skills = {2,4} and cost = 921.0
   Vehicle #0 = 14, leaving at = 985.0
   Vehicle #1 = 30, leaving at = 985.0
   Increment on distance indicator: 3.0
   Increment on tard indicator:     0.0
   Value of tmax indicator:         3.0

Task for patient = 60 with skills = {2,-1} and cost = 920.0
   Vehicle #0 = 7, leaving at = 943.0
   Vehicle #1 = -1, leaving at = inf
   Increment on distance indicator: 3.0
   Increment on tard indicator:     0.0
   Value of tmax indicator:         3.0

Task for patient = 274 with skills = {1,-1} and cost = 919.0
   Vehicle #0 = 17, leaving at = 770.0
   Vehicle #1 = -1, leaving at = inf
   Increment on distance indicator: 6.0
   Increment on tard indicator:     0.0
   Value of tmax indicator:         6.0

Task for patient = 248 with skills = {5,-1} and cost = 928.0
   Vehicle #0 = 36, leaving at = 989.0
   Vehicle #1 = -1, leaving at = inf
   Increment on distance indicator: 1.0
   Increment on tard indicator:     0.0
   Value of tmax indicator:         1.0

Task for patient = 12 with skills = {4,-1} and cost = 814.7
   Vehicle #0 = 30, leaving at = 926.0
   Vehicle #1 = -1, leaving at = inf
   Increment on distance indicator: 3.0
   Increment on tard indicator:     0.0
   Value of tmax indicator:         3.0

Task for patient = 37 with skills = {3,-1} and cost = 813.7
   Vehicle #0 = 48, leaving at = 655.0
   Vehicle #1 = -1, leaving at = inf
   Increment on distance indicator: 11.0
   Increment on tard indicator:     0.0
   Value of tmax indicator:         11.0

Task for patient = 31 with skills = {2,4} and cost = 810.0
   Vehicle #0 = 12, leaving at = 1017.0
   Vehicle #1 = 46, leaving at = 1017.0
   Increment on distance indicator: 6.0
   Increment on tard indicator:     0.0
   Value of tmax indicator:         6.0

Task for patient = 53 with skills = {2,-1} and cost = 808.0
   Vehicle #0 = 10, leaving at = 939.0
   Vehicle #1 = -1, leaving at = inf
   Increment on distance indicator: 5.0
   Increment on tard indicator:     0.0
   Value of tmax indicator:         5.0

Task for patient = 180 with skills = {2,4} and cost = 806.3
   Vehicle #0 = 15, leaving at = 738.0
   Vehicle #1 = 49, leaving at = 767.0
   Increment on distance indicator: 20.0
   Increment on tard indicator:     0.0
   Value of tmax indicator:         20.0

Task for patient = 3 with skills = {1,3} and cost = 799.7
   Vehicle #0 = 11, leaving at = 914.0
   Vehicle #1 = 40, leaving at = 941.0
   Increment on distance indicator: 3.0
   Increment on tard indicator:     0.0
   Value of tmax indicator:         3.0

Task for patient = 25 with skills = {2,3} and cost = 798.7
   Vehicle #0 = 19, leaving at = 560.0
   Vehicle #1 = 48, leaving at = 624.0
   Increment on distance indicator: 92.0
   Increment on tard indicator:     0.0
   Value of tmax indicator:         92.0

Task for patient = 245 with skills = {4,-1} and cost = 768.0
   Vehicle #0 = 37, leaving at = 1024.0
   Vehicle #1 = -1, leaving at = inf
   Increment on distance indicator: 6.0
   Increment on tard indicator:     0.0
   Value of tmax indicator:         6.0

Task for patient = 110 with skills = {2,3} and cost = 887.3
   Vehicle #0 = 20, leaving at = 549.0
   Vehicle #1 = 50, leaving at = 549.0
   Increment on distance indicator: 78.0
   Increment on tard indicator:     0.0
   Value of tmax indicator:         78.0

Task for patient = 156 with skills = {0,-1} and cost = 765.3
   Vehicle #0 = 3, leaving at = 929.0
   Vehicle #1 = -1, leaving at = inf
   Increment on distance indicator: 1.0
   Increment on tard indicator:     0.0
   Value of tmax indicator:         1.0

Task for patient = 120 with skills = {4,-1} and cost = 765.0
   Vehicle #0 = 30, leaving at = 828.0
   Vehicle #1 = -1, leaving at = inf
   Increment on distance indicator: 4.0
   Increment on tard indicator:     0.0
   Value of tmax indicator:         4.0

Task for patient = 204 with skills = {0,-1} and cost = 763.7
   Vehicle #0 = 17, leaving at = 682.0
   Vehicle #1 = -1, leaving at = inf
   Increment on distance indicator: 4.0
   Increment on tard indicator:     0.0
   Value of tmax indicator:         4.0

Task for patient = 201 with skills = {0,4} and cost = 762.3
   Vehicle #0 = 12, leaving at = 912.0
   Vehicle #1 = 46, leaving at = 959.0
   Increment on distance indicator: 5.0
   Increment on tard indicator:     0.0
   Value of tmax indicator:         5.0

Task for patient = 220 with skills = {0,3} and cost = 760.7
   Vehicle #0 = 15, leaving at = 700.0
   Vehicle #1 = 49, leaving at = 700.0
   Increment on distance indicator: 5.0
   Increment on tard indicator:     0.0
   Value of tmax indicator:         5.0

Task for patient = 34 with skills = {1,3} and cost = 759.0
   Vehicle #0 = 17, leaving at = 649.0
   Vehicle #1 = 49, leaving at = 641.0
   Increment on distance indicator: 7.0
   Increment on tard indicator:     0.0
   Value of tmax indicator:         7.0

Task for patient = 205 with skills = {0,-1} and cost = 756.7
   Vehicle #0 = 17, leaving at = 540.0
   Vehicle #1 = -1, leaving at = inf
   Increment on distance indicator: 43.0
   Increment on tard indicator:     0.0
   Value of tmax indicator:         43.0

Task for patient = 273 with skills = {0,-1} and cost = 742.3
   Vehicle #0 = 15, leaving at = 641.0
   Vehicle #1 = -1, leaving at = inf
   Increment on distance indicator: 3.0
   Increment on tard indicator:     0.0
   Value of tmax indicator:         3.0

Task for patient = 77 with skills = {3,-1} and cost = 741.3
   Vehicle #0 = 47, leaving at = 777.0
   Vehicle #1 = -1, leaving at = inf
   Increment on distance indicator: 3.0
   Increment on tard indicator:     0.0
   Value of tmax indicator:         3.0

Task for patient = 68 with skills = {5,-1} and cost = 766.0
   Vehicle #0 = 37, leaving at = 998.0
   Vehicle #1 = -1, leaving at = inf
   Increment on distance indicator: 2.0
   Increment on tard indicator:     0.0
   Value of tmax indicator:         2.0

Task for patient = 125 with skills = {2,3} and cost = 950.7
   Vehicle #0 = 5, leaving at = 974.0
   Vehicle #1 = 31, leaving at = 989.0
   Increment on distance indicator: 10.0
   Increment on tard indicator:     0.0
   Value of tmax indicator:         10.0

Task for patient = 95 with skills = {4,-1} and cost = 861.3
   Vehicle #0 = 49, leaving at = 906.0
   Vehicle #1 = -1, leaving at = inf
   Increment on distance indicator: 7.0
   Increment on tard indicator:     0.0
   Value of tmax indicator:         7.0

Task for patient = 188 with skills = {2,3} and cost = 859.0
   Vehicle #0 = 19, leaving at = 790.0
   Vehicle #1 = 48, leaving at = 790.0
   Increment on distance indicator: 19.0
   Increment on tard indicator:     0.0
   Value of tmax indicator:         19.0

Task for patient = 58 with skills = {5,-1} and cost = 852.7
   Vehicle #0 = 45, leaving at = 868.0
   Vehicle #1 = -1, leaving at = inf
   Increment on distance indicator: 3.0
   Increment on tard indicator:     0.0
   Value of tmax indicator:         3.0

Task for patient = 269 with skills = {2,-1} and cost = 851.7
   Vehicle #0 = 19, leaving at = 667.0
   Vehicle #1 = -1, leaving at = inf
   Increment on distance indicator: 3.0
   Increment on tard indicator:     0.0
   Value of tmax indicator:         3.0

Task for patient = 223 with skills = {1,4} and cost = 850.7
   Vehicle #0 = 9, leaving at = 996.0
   Vehicle #1 = 39, leaving at = 996.0
   Increment on distance indicator: 8.0
   Increment on tard indicator:     0.0
   Value of tmax indicator:         8.0

Task for patient = 197 with skills = {1,-1} and cost = 848.0
   Vehicle #0 = 13, leaving at = 986.0
   Vehicle #1 = -1, leaving at = inf
   Increment on distance indicator: 2.0
   Increment on tard indicator:     0.0
   Value of tmax indicator:         2.0

Task for patient = 153 with skills = {4,-1} and cost = 847.3
   Vehicle #0 = 47, leaving at = 797.0
   Vehicle #1 = -1, leaving at = inf
   Increment on distance indicator: 3.0
   Increment on tard indicator:     0.0
   Value of tmax indicator:         3.0

Task for patient = 224 with skills = {1,3} and cost = 818.3
   Vehicle #0 = 17, leaving at = 733.0
   Vehicle #1 = 48, leaving at = 733.0
   Increment on distance indicator: 11.0
   Increment on tard indicator:     0.0
   Value of tmax indicator:         11.0

Task for patient = 277 with skills = {5,-1} and cost = 845.0
   Vehicle #0 = 49, leaving at = 872.0
   Vehicle #1 = -1, leaving at = inf
   Increment on distance indicator: 3.0
   Increment on tard indicator:     0.0
   Value of tmax indicator:         3.0

Task for patient = 61 with skills = {3,-1} and cost = 844.0
   Vehicle #0 = 39, leaving at = 944.0
   Vehicle #1 = -1, leaving at = inf
   Increment on distance indicator: 5.0
   Increment on tard indicator:     0.0
   Value of tmax indicator:         5.0

Task for patient = 171 with skills = {2,-1} and cost = 842.3
   Vehicle #0 = 19, leaving at = 636.0
   Vehicle #1 = -1, leaving at = inf
   Increment on distance indicator: 3.0
   Increment on tard indicator:     0.0
   Value of tmax indicator:         3.0

Task for patient = 236 with skills = {1,-1} and cost = 841.3
   Vehicle #0 = 7, leaving at = 860.0
   Vehicle #1 = -1, leaving at = inf
   Increment on distance indicator: 3.0
   Increment on tard indicator:     0.0
   Value of tmax indicator:         3.0

Task for patient = 161 with skills = {1,5} and cost = 840.3
   Vehicle #0 = 9, leaving at = 946.0
   Vehicle #1 = 34, leaving at = 946.0
   Increment on distance indicator: 8.0
   Increment on tard indicator:     0.0
   Value of tmax indicator:         8.0

Task for patient = 254 with skills = {2,-1} and cost = 837.7
   Vehicle #0 = 9, leaving at = 882.0
   Vehicle #1 = -1, leaving at = inf
   Increment on distance indicator: 5.0
   Increment on tard indicator:     0.0
   Value of tmax indicator:         5.0

Task for patient = 19 with skills = {0,-1} and cost = 836.0
   Vehicle #0 = 18, leaving at = 581.0
   Vehicle #1 = -1, leaving at = inf
   Increment on distance indicator: 4.0
   Increment on tard indicator:     0.0
   Value of tmax indicator:         4.0

Task for patient = 28 with skills = {4,-1} and cost = 834.7
   Vehicle #0 = 49, leaving at = 821.0
   Vehicle #1 = -1, leaving at = inf
   Increment on distance indicator: 4.0
   Increment on tard indicator:     0.0
   Value of tmax indicator:         4.0

Task for patient = 6 with skills = {0,-1} and cost = 833.3
   Vehicle #0 = 18, leaving at = 534.0
   Vehicle #1 = -1, leaving at = inf
   Increment on distance indicator: 45.0
   Increment on tard indicator:     0.0
   Value of tmax indicator:         45.0

Task for patient = 26 with skills = {0,5} and cost = 846.3
   Vehicle #0 = 0, leaving at = 998.0
   Vehicle #1 = 35, leaving at = 1015.0
   Increment on distance indicator: 4.0
   Increment on tard indicator:     0.0
   Value of tmax indicator:         4.0

Task for patient = 166 with skills = {2,-1} and cost = 1070.0
   Vehicle #0 = 8, leaving at = 1132.0
   Vehicle #1 = -1, leaving at = inf
   Increment on distance indicator: 2.0
   Increment on tard indicator:     0.0
   Value of tmax indicator:         2.0

Task for patient = 51 with skills = {3,-1} and cost = 1069.3
   Vehicle #0 = 48, leaving at = 1128.0
   Vehicle #1 = -1, leaving at = inf
   Increment on distance indicator: 2.0
   Increment on tard indicator:     0.0
   Value of tmax indicator:         2.0

Task for patient = 279 with skills = {2,3} and cost = 1068.7
   Vehicle #0 = 19, leaving at = 1071.0
   Vehicle #1 = 48, leaving at = 1105.0
   Increment on distance indicator: 7.0
   Increment on tard indicator:     0.0
   Value of tmax indicator:         7.0

Task for patient = 202 with skills = {1,3} and cost = 1066.3
   Vehicle #0 = 20, leaving at = 1091.0
   Vehicle #1 = 47, leaving at = 1095.0
   Increment on distance indicator: 10.0
   Increment on tard indicator:     0.0
   Value of tmax indicator:         10.0

Task for patient = 40 with skills = {2,-1} and cost = 1063.0
   Vehicle #0 = 10, leaving at = 1029.0
   Vehicle #1 = -1, leaving at = inf
   Increment on distance indicator: 7.0
   Increment on tard indicator:     0.0
   Value of tmax indicator:         7.0

Task for patient = 100 with skills = {2,-1} and cost = 1060.7
   Vehicle #0 = 19, leaving at = 1033.0
   Vehicle #1 = -1, leaving at = inf
   Increment on distance indicator: 3.0
   Increment on tard indicator:     0.0
   Value of tmax indicator:         3.0

Task for patient = 90 with skills = {2,5} and cost = 1059.7
   Vehicle #0 = 9, leaving at = 1094.0
   Vehicle #1 = 35, leaving at = 1137.0
   Increment on distance indicator: 6.0
   Increment on tard indicator:     0.0
   Value of tmax indicator:         6.0

Task for patient = 289 with skills = {1,3} and cost = 1057.7
   Vehicle #0 = 7, leaving at = 1089.0
   Vehicle #1 = 41, leaving at = 1089.0
   Increment on distance indicator: 5.0
   Increment on tard indicator:     0.0
   Value of tmax indicator:         5.0

Task for patient = 177 with skills = {0,-1} and cost = 955.7
   Vehicle #0 = 5, leaving at = 1019.0
   Vehicle #1 = -1, leaving at = inf
   Increment on distance indicator: 2.0
   Increment on tard indicator:     0.0
   Value of tmax indicator:         2.0

Task for patient = 73 with skills = {2,4} and cost = 1055.0
   Vehicle #0 = 19, leaving at = 970.0
   Vehicle #1 = 32, leaving at = 970.0
   Increment on distance indicator: 8.0
   Increment on tard indicator:     0.0
   Value of tmax indicator:         8.0

Task for patient = 288 with skills = {5,-1} and cost = 1052.3
   Vehicle #0 = 33, leaving at = 1054.0
   Vehicle #1 = -1, leaving at = inf
   Increment on distance indicator: 3.0
   Increment on tard indicator:     0.0
   Value of tmax indicator:         3.0

Task for patient = 258 with skills = {4,-1} and cost = 1051.3
   Vehicle #0 = 42, leaving at = 1099.0
   Vehicle #1 = -1, leaving at = inf
   Increment on distance indicator: 6.0
   Increment on tard indicator:     0.0
   Value of tmax indicator:         6.0

Task for patient = 227 with skills = {1,3} and cost = 1049.3
   Vehicle #0 = 14, leaving at = 1106.0
   Vehicle #1 = 44, leaving at = 1116.0
   Increment on distance indicator: 4.0
   Increment on tard indicator:     0.0
   Value of tmax indicator:         4.0

Task for patient = 265 with skills = {2,4} and cost = 1044.0
   Vehicle #0 = 9, leaving at = 1055.0
   Vehicle #1 = 42, leaving at = 1067.0
   Increment on distance indicator: 8.0
   Increment on tard indicator:     0.0
   Value of tmax indicator:         8.0

Task for patient = 39 with skills = {0,4} and cost = 1041.3
   Vehicle #0 = 18, leaving at = 1046.0
   Vehicle #1 = 30, leaving at = 1046.0
   Increment on distance indicator: 6.0
   Increment on tard indicator:     0.0
   Value of tmax indicator:         6.0

Task for patient = 296 with skills = {4,-1} and cost = 1039.3
   Vehicle #0 = 40, leaving at = 1093.0
   Vehicle #1 = -1, leaving at = inf
   Increment on distance indicator: 3.0
   Increment on tard indicator:     0.0
   Value of tmax indicator:         3.0

Task for patient = 122 with skills = {5,-1} and cost = 1038.3
   Vehicle #0 = 45, leaving at = 1114.0
   Vehicle #1 = -1, leaving at = inf
   Increment on distance indicator: 2.0
   Increment on tard indicator:     0.0
   Value of tmax indicator:         2.0

Task for patient = 127 with skills = {2,-1} and cost = 1056.0
   Vehicle #0 = 11, leaving at = 1023.0
   Vehicle #1 = -1, leaving at = inf
   Increment on distance indicator: 3.0
   Increment on tard indicator:     0.0
   Value of tmax indicator:         3.0

Task for patient = 83 with skills = {4,-1} and cost = 1106.0
   Vehicle #0 = 46, leaving at = 1153.0
   Vehicle #1 = -1, leaving at = inf
   Increment on distance indicator: 5.0
   Increment on tard indicator:     0.0
   Value of tmax indicator:         5.0

Task for patient = 257 with skills = {1,5} and cost = 1104.3
   Vehicle #0 = 15, leaving at = 990.0
   Vehicle #1 = 43, leaving at = 1031.0
   Increment on distance indicator: 9.0
   Increment on tard indicator:     0.0
   Value of tmax indicator:         9.0

Task for patient = 249 with skills = {2,3} and cost = 1101.3
   Vehicle #0 = 21, leaving at = 823.0
   Vehicle #1 = 51, leaving at = 875.0
   Increment on distance indicator: 0.0
   Increment on tard indicator:     0.0
   Value of tmax indicator:         0.0

Task for patient = 129 with skills = {1,4} and cost = 1101.3
   Vehicle #0 = 1, leaving at = 1141.0
   Vehicle #1 = 32, leaving at = 1141.0
   Increment on distance indicator: 7.0
   Increment on tard indicator:     0.0
   Value of tmax indicator:         7.0

Task for patient = 132 with skills = {4,-1} and cost = 1099.0
   Vehicle #0 = 32, leaving at = 1027.0
   Vehicle #1 = -1, leaving at = inf
   Increment on distance indicator: 3.0
   Increment on tard indicator:     0.0
   Value of tmax indicator:         3.0

Task for patient = 162 with skills = {2,4} and cost = 1098.0
   Vehicle #0 = 14, leaving at = 1148.0
   Vehicle #1 = 30, leaving at = 1148.0
   Increment on distance indicator: 4.0
   Increment on tard indicator:     0.0
   Value of tmax indicator:         4.0

Task for patient = 175 with skills = {3,-1} and cost = 1096.7
   Vehicle #0 = 47, leaving at = 1152.0
   Vehicle #1 = -1, leaving at = inf
   Increment on distance indicator: 4.0
   Increment on tard indicator:     0.0
   Value of tmax indicator:         4.0

Task for patient = 32 with skills = {0,-1} and cost = 1095.3
   Vehicle #0 = 11, leaving at = 1139.0
   Vehicle #1 = -1, leaving at = inf
   Increment on distance indicator: 4.0
   Increment on tard indicator:     0.0
   Value of tmax indicator:         4.0

Task for patient = 193 with skills = {3,-1} and cost = 1071.0
   Vehicle #0 = 37, leaving at = 1077.0
   Vehicle #1 = -1, leaving at = inf
   Increment on distance indicator: 3.0
   Increment on tard indicator:     0.0
   Value of tmax indicator:         3.0

Task for patient = 23 with skills = {5,-1} and cost = 1093.3
   Vehicle #0 = 37, leaving at = 1186.0
   Vehicle #1 = -1, leaving at = inf
   Increment on distance indicator: 3.0
   Increment on tard indicator:     0.0
   Value of tmax indicator:         3.0

Task for patient = 299 with skills = {1,5} and cost = 1092.3
   Vehicle #0 = 9, leaving at = 1126.0
   Vehicle #1 = 40, leaving at = 1126.0
   Increment on distance indicator: 6.0
   Increment on tard indicator:     0.0
   Value of tmax indicator:         6.0

Task for patient = 168 with skills = {0,3} and cost = 1090.3
   Vehicle #0 = 11, leaving at = 1091.0
   Vehicle #1 = 46, leaving at = 1091.0
   Increment on distance indicator: 20.0
   Increment on tard indicator:     0.0
   Value of tmax indicator:         20.0

Task for patient = 238 with skills = {0,4} and cost = 1083.7
   Vehicle #0 = 2, leaving at = 1076.0
   Vehicle #1 = 50, leaving at = 1076.0
   Increment on distance indicator: 11.0
   Increment on tard indicator:     0.0
   Value of tmax indicator:         11.0

Task for patient = 104 with skills = {0,-1} and cost = 1080.0
   Vehicle #0 = 2, leaving at = 1035.0
   Vehicle #1 = -1, leaving at = inf
   Increment on distance indicator: 7.0
   Increment on tard indicator:     0.0
   Value of tmax indicator:         7.0

Task for patient = 291 with skills = {0,3} and cost = 1077.7
   Vehicle #0 = 18, leaving at = 1132.0
   Vehicle #1 = 37, leaving at = 1132.0
   Increment on distance indicator: 8.0
   Increment on tard indicator:     0.0
   Value of tmax indicator:         8.0

Task for patient = 142 with skills = {3,-1} and cost = 1075.0
   Vehicle #0 = 50, leaving at = 1027.0
   Vehicle #1 = -1, leaving at = inf
   Increment on distance indicator: 5.0
   Increment on tard indicator:     0.0
   Value of tmax indicator:         5.0

Task for patient = 117 with skills = {5,-1} and cost = 1073.3
   Vehicle #0 = 38, leaving at = 1139.0
   Vehicle #1 = -1, leaving at = inf
   Increment on distance indicator: 4.0
   Increment on tard indicator:     0.0
   Value of tmax indicator:         4.0

Task for patient = 18 with skills = {4,-1} and cost = 1072.0
   Vehicle #0 = 30, leaving at = 1101.0
   Vehicle #1 = -1, leaving at = inf
   Increment on distance indicator: 3.0
   Increment on tard indicator:     0.0
   Value of tmax indicator:         3.0

Task for patient = 192 with skills = {5,-1} and cost = 1094.0
   Vehicle #0 = 34, leaving at = 1017.0
   Vehicle #1 = -1, leaving at = inf
   Increment on distance indicator: 2.0
   Increment on tard indicator:     0.0
   Value of tmax indicator:         2.0

Task for patient = 96 with skills = {0,4} and cost = 985.7
   Vehicle #0 = 8, leaving at = 1091.0
   Vehicle #1 = 38, leaving at = 1091.0
   Increment on distance indicator: 3.0
   Increment on tard indicator:     0.0
   Value of tmax indicator:         3.0

Task for patient = 222 with skills = {5,-1} and cost = 984.7
   Vehicle #0 = 47, leaving at = 1077.0
   Vehicle #1 = -1, leaving at = inf
   Increment on distance indicator: 1.0
   Increment on tard indicator:     0.0
   Value of tmax indicator:         1.0

Task for patient = 282 with skills = {1,-1} and cost = 984.3
   Vehicle #0 = 17, leaving at = 840.0
   Vehicle #1 = -1, leaving at = inf
   Increment on distance indicator: 3.0
   Increment on tard indicator:     0.0
   Value of tmax indicator:         3.0

Task for patient = 141 with skills = {0,3} and cost = 983.3
   Vehicle #0 = 18, leaving at = 999.0
   Vehicle #1 = 48, leaving at = 999.0
   Increment on distance indicator: 14.0
   Increment on tard indicator:     0.0
   Value of tmax indicator:         14.0

Task for patient = 46 with skills = {4,-1} and cost = 978.7
   Vehicle #0 = 50, leaving at = 831.0
   Vehicle #1 = -1, leaving at = inf
   Increment on distance indicator: 5.0
   Increment on tard indicator:     0.0
   Value of tmax indicator:         5.0

Task for patient = 298 with skills = {2,-1} and cost = 977.0
   Vehicle #0 = 19, leaving at = 919.0
   Vehicle #1 = -1, leaving at = inf
   Increment on distance indicator: 7.0
   Increment on tard indicator:     0.0
   Value of tmax indicator:         7.0

Task for patient = 140 with skills = {3,-1} and cost = 974.7
   Vehicle #0 = 48, leaving at = 844.0
   Vehicle #1 = -1, leaving at = inf
   Increment on distance indicator: 7.0
   Increment on tard indicator:     0.0
   Value of tmax indicator:         7.0

Task for patient = 112 with skills = {2,-1} and cost = 972.3
   Vehicle #0 = 19, leaving at = 856.0
   Vehicle #1 = -1, leaving at = inf
   Increment on distance indicator: 10.0
   Increment on tard indicator:     0.0
   Value of tmax indicator:         10.0

Task for patient = 145 with skills = {1,-1} and cost = 1037.7
   Vehicle #0 = 14, leaving at = 1077.0
   Vehicle #1 = -1, leaving at = inf
   Increment on distance indicator: 3.0
   Increment on tard indicator:     0.0
   Value of tmax indicator:         3.0

Task for patient = 135 with skills = {0,5} and cost = 968.3
   Vehicle #0 = 8, leaving at = 981.0
   Vehicle #1 = 33, leaving at = 973.0
   Increment on distance indicator: 7.0
   Increment on tard indicator:     0.0
   Value of tmax indicator:         7.0

Task for patient = 186 with skills = {1,5} and cost = 966.0
   Vehicle #0 = 14, leaving at = 1042.0
   Vehicle #1 = 49, leaving at = 1042.0
   Increment on distance indicator: 8.0
   Increment on tard indicator:     0.0
   Value of tmax indicator:         8.0

Task for patient = 74 with skills = {5,-1} and cost = 963.3
   Vehicle #0 = 47, leaving at = 1036.0
   Vehicle #1 = -1, leaving at = inf
   Increment on distance indicator: 1.0
   Increment on tard indicator:     0.0
   Value of tmax indicator:         1.0

Task for patient = 232 with skills = {2,3} and cost = 963.0
   Vehicle #0 = 20, leaving at = 963.0
   Vehicle #1 = 41, leaving at = 1017.0
   Increment on distance indicator: 13.0
   Increment on tard indicator:     0.0
   Value of tmax indicator:         13.0

Task for patient = 174 with skills = {0,-1} and cost = 957.7
   Vehicle #0 = 18, leaving at = 953.0
   Vehicle #1 = -1, leaving at = inf
   Increment on distance indicator: 6.0
   Increment on tard indicator:     0.0
   Value of tmax indicator:         6.0

Task for patient = 80 with skills = {4,-1} and cost = 740.3
   Vehicle #0 = 49, leaving at = 602.0
   Vehicle #1 = -1, leaving at = inf
   Increment on distance indicator: 9.0
   Increment on tard indicator:     0.0
   Value of tmax indicator:         9.0

Task for patient = 200 with skills = {1,3} and cost = 955.0
   Vehicle #0 = 20, leaving at = 935.0
   Vehicle #1 = 49, leaving at = 971.0
   Increment on distance indicator: 8.0
   Increment on tard indicator:     0.0
   Value of tmax indicator:         8.0

Task for patient = 179 with skills = {1,-1} and cost = 952.3
   Vehicle #0 = 10, leaving at = 997.0
   Vehicle #1 = -1, leaving at = inf
   Increment on distance indicator: 5.0
   Increment on tard indicator:     0.0
   Value of tmax indicator:         5.0

Task for patient = 93 with skills = {3,-1} and cost = 969.0
   Vehicle #0 = 35, leaving at = 1076.0
   Vehicle #1 = -1, leaving at = inf
   Increment on distance indicator: 2.0
   Increment on tard indicator:     0.0
   Value of tmax indicator:         2.0

Task for patient = 47 with skills = {0,-1} and cost = 1036.7
   Vehicle #0 = 1, leaving at = 1092.0
   Vehicle #1 = -1, leaving at = inf
   Increment on distance indicator: 3.0
   Increment on tard indicator:     0.0
   Value of tmax indicator:         3.0

Task for patient = 209 with skills = {0,-1} and cost = 1035.7
   Vehicle #0 = 6, leaving at = 1046.0
   Vehicle #1 = -1, leaving at = inf
   Increment on distance indicator: 2.0
   Increment on tard indicator:     0.0
   Value of tmax indicator:         2.0

Task for patient = 206 with skills = {1,5} and cost = 1035.0
   Vehicle #0 = 5, leaving at = 1126.0
   Vehicle #1 = 36, leaving at = 1126.0
   Increment on distance indicator: 5.0
   Increment on tard indicator:     0.0
   Value of tmax indicator:         5.0

Task for patient = 216 with skills = {0,3} and cost = 1033.3
   Vehicle #0 = 2, leaving at = 969.0
   Vehicle #1 = 50, leaving at = 1002.0
   Increment on distance indicator: 17.0
   Increment on tard indicator:     0.0
   Value of tmax indicator:         17.0

Task for patient = 157 with skills = {1,5} and cost = 1027.7
   Vehicle #0 = 13, leaving at = 1097.0
   Vehicle #1 = 45, leaving at = 1097.0
   Increment on distance indicator: 3.0
   Increment on tard indicator:     0.0
   Value of tmax indicator:         3.0

Task for patient = 255 with skills = {2,3} and cost = 1026.7
   Vehicle #0 = 4, leaving at = 1026.0
   Vehicle #1 = 39, leaving at = 1054.0
   Increment on distance indicator: 15.0
   Increment on tard indicator:     0.0
   Value of tmax indicator:         15.0

Task for patient = 239 with skills = {5,-1} and cost = 1021.7
   Vehicle #0 = 33, leaving at = 1013.0
   Vehicle #1 = -1, leaving at = inf
   Increment on distance indicator: 4.0
   Increment on tard indicator:     0.0
   Value of tmax indicator:         4.0

Task for patient = 178 with skills = {0,-1} and cost = 1020.3
   Vehicle #0 = 2, leaving at = 916.0
   Vehicle #1 = -1, leaving at = inf
   Increment on distance indicator: 6.0
   Increment on tard indicator:     0.0
   Value of tmax indicator:         6.0

Task for patient = 24 with skills = {3,-1} and cost = 987.7
   Vehicle #0 = 31, leaving at = 1021.0
   Vehicle #1 = -1, leaving at = inf
   Increment on distance indicator: 6.0
   Increment on tard indicator:     0.0
   Value of tmax indicator:         6.0

Task for patient = 260 with skills = {0,3} and cost = 1018.0
   Vehicle #0 = 1, leaving at = 1070.0
   Vehicle #1 = 36, leaving at = 1070.0
   Increment on distance indicator: 2.0
   Increment on tard indicator:     0.0
   Value of tmax indicator:         2.0

Task for patient = 187 with skills = {0,3} and cost = 1017.3
   Vehicle #0 = 1, leaving at = 1029.0
   Vehicle #1 = 36, leaving at = 1029.0
   Increment on distance indicator: 5.0
   Increment on tard indicator:     0.0
   Value of tmax indicator:         5.0

Task for patient = 270 with skills = {5,-1} and cost = 1015.7
   Vehicle #0 = 49, leaving at = 1081.0
   Vehicle #1 = -1, leaving at = inf
   Increment on distance indicator: 6.0
   Increment on tard indicator:     0.0
   Value of tmax indicator:         6.0

Task for patient = 114 with skills = {0,-1} and cost = 1013.7
   Vehicle #0 = 17, leaving at = 938.0
   Vehicle #1 = -1, leaving at = inf
   Increment on distance indicator: 12.0
   Increment on tard indicator:     0.0
   Value of tmax indicator:         12.0

Task for patient = 198 with skills = {0,3} and cost = 998.0
   Vehicle #0 = 17, leaving at = 893.0
   Vehicle #1 = 50, leaving at = 893.0
   Increment on distance indicator: 15.0
   Increment on tard indicator:     0.0
   Value of tmax indicator:         15.0

Task for patient = 228 with skills = {3,-1} and cost = 993.0
   Vehicle #0 = 44, leaving at = 1060.0
   Vehicle #1 = -1, leaving at = inf
   Increment on distance indicator: 2.0
   Increment on tard indicator:     0.0
   Value of tmax indicator:         2.0

Task for patient = 267 with skills = {2,3} and cost = 992.3
   Vehicle #0 = 3, leaving at = 1040.0
   Vehicle #1 = 45, leaving at = 1040.0
   Increment on distance indicator: 6.0
   Increment on tard indicator:     0.0
   Value of tmax indicator:         6.0

Task for patient = 138 with skills = {3,-1} and cost = 990.3
   Vehicle #0 = 31, leaving at = 1068.0
   Vehicle #1 = -1, leaving at = inf
   Increment on distance indicator: 6.0
   Increment on tard indicator:     0.0
   Value of tmax indicator:         6.0

Task for patient = 210 with skills = {0,-1} and cost = 988.3
   Vehicle #0 = 7, leaving at = 1038.0
   Vehicle #1 = -1, leaving at = inf
   Increment on distance indicator: 2.0
   Increment on tard indicator:     0.0
   Value of tmax indicator:         2.0

Task for patient = 17 with skills = {2,-1} and cost = 1018.3
   Vehicle #0 = 0, leaving at = 1147.0
   Vehicle #1 = -1, leaving at = inf
   Increment on distance indicator: 1.0
   Increment on tard indicator:     0.0
   Value of tmax indicator:         1.0

Task for patient = 56 with skills = {0,-1} and cost = 380.7
   Vehicle #0 = 6, leaving at = 702.0
   Vehicle #1 = -1, leaving at = inf
   Increment on distance indicator: 7.0
   Increment on tard indicator:     0.0
   Value of tmax indicator:         7.0

Task for patient = 158 with skills = {2,3} and cost = 373.7
   Vehicle #0 = 4, leaving at = 932.0
   Vehicle #1 = 35, leaving at = 932.0
   Increment on distance indicator: 3.0
   Increment on tard indicator:     0.0
   Value of tmax indicator:         3.0

Task for patient = 22 with skills = {5,-1} and cost = 372.7
   Vehicle #0 = 37, leaving at = 886.0
   Vehicle #1 = -1, leaving at = inf
   Increment on distance indicator: 4.0
   Increment on tard indicator:     0.0
   Value of tmax indicator:         4.0

Task for patient = 36 with skills = {3,-1} and cost = 371.3
   Vehicle #0 = 39, leaving at = 611.0
   Vehicle #1 = -1, leaving at = inf
   Increment on distance indicator: 42.0
   Increment on tard indicator:     0.0
   Value of tmax indicator:         42.0

Task for patient = 126 with skills = {2,4} and cost = 357.3
   Vehicle #0 = 4, leaving at = 758.0
   Vehicle #1 = 37, leaving at = 758.0
   Increment on distance indicator: 10.0
   Increment on tard indicator:     0.0
   Value of tmax indicator:         10.0

Task for patient = 152 with skills = {2,3} and cost = 354.0
   Vehicle #0 = 9, leaving at = 744.0
   Vehicle #1 = 38, leaving at = 730.0
   Increment on distance indicator: 2.0
   Increment on tard indicator:     0.0
   Value of tmax indicator:         2.0

Task for patient = 214 with skills = {2,-1} and cost = 353.3
   Vehicle #0 = 4, leaving at = 663.0
   Vehicle #1 = -1, leaving at = inf
   Increment on distance indicator: 5.0
   Increment on tard indicator:     0.0
   Value of tmax indicator:         5.0

Task for patient = 211 with skills = {2,4} and cost = 351.7
   Vehicle #0 = 9, leaving at = 684.0
   Vehicle #1 = 38, leaving at = 708.0
   Increment on distance indicator: 4.0
   Increment on tard indicator:     0.0
   Value of tmax indicator:         4.0

Task for patient = 43 with skills = {3,-1} and cost = 722.3
   Vehicle #0 = 47, leaving at = 721.0
   Vehicle #1 = -1, leaving at = inf
   Increment on distance indicator: 7.0
   Increment on tard indicator:     0.0
   Value of tmax indicator:         7.0

Task for patient = 219 with skills = {0,-1} and cost = 335.7
   Vehicle #0 = 6, leaving at = 625.0
   Vehicle #1 = -1, leaving at = inf
   Increment on distance indicator: 14.0
   Increment on tard indicator:     0.0
   Value of tmax indicator:         14.0

Task for patient = 134 with skills = {3,-1} and cost = 331.0
   Vehicle #0 = 38, leaving at = 657.0
   Vehicle #1 = -1, leaving at = inf
   Increment on distance indicator: 3.0
   Increment on tard indicator:     0.0
   Value of tmax indicator:         3.0

Task for patient = 4 with skills = {5,-1} and cost = 330.0
   Vehicle #0 = 38, leaving at = 555.0
   Vehicle #1 = -1, leaving at = inf
   Increment on distance indicator: 9.0
   Increment on tard indicator:     0.0
   Value of tmax indicator:         9.0

Task for patient = 235 with skills = {5,-1} and cost = 327.0
   Vehicle #0 = 38, leaving at = 526.0
   Vehicle #1 = -1, leaving at = inf
   Increment on distance indicator: 39.0
   Increment on tard indicator:     0.0
   Value of tmax indicator:         39.0

Task for patient = 208 with skills = {5,-1} and cost = 314.0
   Vehicle #0 = 33, leaving at = 795.0
   Vehicle #1 = -1, leaving at = inf
   Increment on distance indicator: 3.0
   Increment on tard indicator:     0.0
   Value of tmax indicator:         3.0

Task for patient = 9 with skills = {4,-1} and cost = 313.0
   Vehicle #0 = 32, leaving at = 729.0
   Vehicle #1 = -1, leaving at = inf
   Increment on distance indicator: 8.0
   Increment on tard indicator:     0.0
   Value of tmax indicator:         8.0

Task for patient = 139 with skills = {4,-1} and cost = 310.3
   Vehicle #0 = 32, leaving at = 664.0
   Vehicle #1 = -1, leaving at = inf
   Increment on distance indicator: 2.0
   Increment on tard indicator:     0.0
   Value of tmax indicator:         2.0

Task for patient = 85 with skills = {2,-1} and cost = 309.7
   Vehicle #0 = 3, leaving at = 827.0
   Vehicle #1 = -1, leaving at = inf
   Increment on distance indicator: 3.0
   Increment on tard indicator:     0.0
   Value of tmax indicator:         3.0

Task for patient = 264 with skills = {1,-1} and cost = 350.3
   Vehicle #0 = 9, leaving at = 516.0
   Vehicle #1 = -1, leaving at = inf
   Increment on distance indicator: 44.0
   Increment on tard indicator:     0.0
   Value of tmax indicator:         44.0

Task for patient = 49 with skills = {2,3} and cost = 484.7
   Vehicle #0 = 1, leaving at = 917.0
   Vehicle #1 = 39, leaving at = 917.0
   Increment on distance indicator: 5.0
   Increment on tard indicator:     0.0
   Value of tmax indicator:         5.0

Task for patient = 190 with skills = {3,-1} and cost = 483.0
   Vehicle #0 = 41, leaving at = 614.0
   Vehicle #1 = -1, leaving at = inf
   Increment on distance indicator: 37.0
   Increment on tard indicator:     0.0
   Value of tmax indicator:         37.0

Task for patient = 243 with skills = {5,-1} and cost = 470.7
   Vehicle #0 = 43, leaving at = 674.0
   Vehicle #1 = -1, leaving at = inf
   Increment on distance indicator: 2.0
   Increment on tard indicator:     0.0
   Value of tmax indicator:         2.0

Task for patient = 146 with skills = {4,-1} and cost = 470.0
   Vehicle #0 = 38, leaving at = 874.0
   Vehicle #1 = -1, leaving at = inf
   Increment on distance indicator: 2.0
   Increment on tard indicator:     0.0
   Value of tmax indicator:         2.0

Task for patient = 15 with skills = {1,4} and cost = 469.3
   Vehicle #0 = 11, leaving at = 602.0
   Vehicle #1 = 42, leaving at = 602.0
   Increment on distance indicator: 49.0
   Increment on tard indicator:     0.0
   Value of tmax indicator:         49.0

Task for patient = 29 with skills = {3,-1} and cost = 453.0
   Vehicle #0 = 31, leaving at = 910.0
   Vehicle #1 = -1, leaving at = inf
   Increment on distance indicator: 4.0
   Increment on tard indicator:     0.0
   Value of tmax indicator:         4.0

Task for patient = 21 with skills = {5,-1} and cost = 451.7
   Vehicle #0 = 43, leaving at = 572.0
   Vehicle #1 = -1, leaving at = inf
   Increment on distance indicator: 43.0
   Increment on tard indicator:     0.0
   Value of tmax indicator:         43.0

Task for patient = 16 with skills = {4,-1} and cost = 437.3
   Vehicle #0 = 37, leaving at = 950.0
   Vehicle #1 = -1, leaving at = inf
   Increment on distance indicator: 4.0
   Increment on tard indicator:     0.0
   Value of tmax indicator:         4.0

Task for patient = 55 with skills = {1,-1} and cost = 381.3
   Vehicle #0 = 1, leaving at = 859.0
   Vehicle #1 = -1, leaving at = inf
   Increment on distance indicator: 2.0
   Increment on tard indicator:     0.0
   Value of tmax indicator:         2.0

Task for patient = 218 with skills = {4,-1} and cost = 435.7
   Vehicle #0 = 40, leaving at = 709.0
   Vehicle #1 = -1, leaving at = inf
   Increment on distance indicator: 9.0
   Increment on tard indicator:     0.0
   Value of tmax indicator:         9.0

Task for patient = 241 with skills = {5,-1} and cost = 432.7
   Vehicle #0 = 40, leaving at = 645.0
   Vehicle #1 = -1, leaving at = inf
   Increment on distance indicator: 9.0
   Increment on tard indicator:     0.0
   Value of tmax indicator:         9.0

Task for patient = 159 with skills = {0,-1} and cost = 429.7
   Vehicle #0 = 11, leaving at = 545.0
   Vehicle #1 = -1, leaving at = inf
   Increment on distance indicator: 41.0
   Increment on tard indicator:     0.0
   Value of tmax indicator:         41.0

Task for patient = 88 with skills = {0,-1} and cost = 416.0
   Vehicle #0 = 8, leaving at = 734.0
   Vehicle #1 = -1, leaving at = inf
   Increment on distance indicator: 4.0
   Increment on tard indicator:     0.0
   Value of tmax indicator:         4.0

Task for patient = 272 with skills = {0,4} and cost = 414.7
   Vehicle #0 = 8, leaving at = 712.0
   Vehicle #1 = 39, leaving at = 765.0
   Increment on distance indicator: 6.0
   Increment on tard indicator:     0.0
   Value of tmax indicator:         6.0

Task for patient = 284 with skills = {0,5} and cost = 412.7
   Vehicle #0 = 8, leaving at = 616.0
   Vehicle #1 = 40, leaving at = 616.0
   Increment on distance indicator: 86.0
   Increment on tard indicator:     0.0
   Value of tmax indicator:         86.0

Task for patient = 52 with skills = {5,-1} and cost = 384.0
   Vehicle #0 = 37, leaving at = 905.0
   Vehicle #1 = -1, leaving at = inf
   Increment on distance indicator: 3.0
   Increment on tard indicator:     0.0
   Value of tmax indicator:         3.0

Task for patient = 212 with skills = {0,-1} and cost = 383.0
   Vehicle #0 = 9, leaving at = 780.0
   Vehicle #1 = -1, leaving at = inf
   Increment on distance indicator: 1.0
   Increment on tard indicator:     0.0
   Value of tmax indicator:         1.0

Task for patient = 98 with skills = {2,3} and cost = 382.7
   Vehicle #0 = 0, leaving at = 821.0
   Vehicle #1 = 38, leaving at = 821.0
   Increment on distance indicator: 4.0
   Increment on tard indicator:     0.0
   Value of tmax indicator:         4.0

Task for patient = 91 with skills = {3,-1} and cost = 436.0
   Vehicle #0 = 40, leaving at = 744.0
   Vehicle #1 = -1, leaving at = inf
   Increment on distance indicator: 1.0
   Increment on tard indicator:     0.0
   Value of tmax indicator:         1.0

Task for patient = 286 with skills = {0,-1} and cost = 176.0
   Vehicle #0 = 2, leaving at = 704.0
   Vehicle #1 = -1, leaving at = inf
   Increment on distance indicator: 9.0
   Increment on tard indicator:     0.0
   Value of tmax indicator:         9.0

Task for patient = 233 with skills = {1,3} and cost = 173.0
   Vehicle #0 = 5, leaving at = 786.0
   Vehicle #1 = 31, leaving at = 799.0
   Increment on distance indicator: 15.0
   Increment on tard indicator:     0.0
   Value of tmax indicator:         15.0

Task for patient = 275 with skills = {0,3} and cost = 168.0
   Vehicle #0 = 2, leaving at = 655.0
   Vehicle #1 = 36, leaving at = 655.0
   Increment on distance indicator: 18.0
   Increment on tard indicator:     0.0
   Value of tmax indicator:         18.0

Task for patient = 247 with skills = {1,3} and cost = 162.0
   Vehicle #0 = 5, leaving at = 613.0
   Vehicle #1 = 36, leaving at = 613.0
   Increment on distance indicator: 49.0
   Increment on tard indicator:     0.0
   Value of tmax indicator:         49.0

Task for patient = 280 with skills = {4,-1} and cost = 145.7
   Vehicle #0 = 32, leaving at = 550.0
   Vehicle #1 = -1, leaving at = inf
   Increment on distance indicator: 4.0
   Increment on tard indicator:     0.0
   Value of tmax indicator:         4.0

Task for patient = 240 with skills = {3,-1} and cost = 144.3
   Vehicle #0 = 36, leaving at = 578.0
   Vehicle #1 = -1, leaving at = inf
   Increment on distance indicator: 45.0
   Increment on tard indicator:     0.0
   Value of tmax indicator:         45.0

Task for patient = 92 with skills = {4,-1} and cost = 129.3
   Vehicle #0 = 32, leaving at = 518.0
   Vehicle #1 = -1, leaving at = inf
   Increment on distance indicator: 40.0
   Increment on tard indicator:     0.0
   Value of tmax indicator:         40.0

Task for patient = 102 with skills = {1,-1} and cost = 116.0
   Vehicle #0 = 1, leaving at = 800.0
   Vehicle #1 = -1, leaving at = inf
   Increment on distance indicator: 2.0
   Increment on tard indicator:     0.0
   Value of tmax indicator:         2.0

Task for patient = 194 with skills = {0,-1} and cost = 308.7
   Vehicle #0 = 6, leaving at = 566.0
   Vehicle #1 = -1, leaving at = inf
   Increment on distance indicator: 39.0
   Increment on tard indicator:     0.0
   Value of tmax indicator:         39.0

Task for patient = 278 with skills = {1,-1} and cost = 101.3
   Vehicle #0 = 1, leaving at = 765.0
   Vehicle #1 = -1, leaving at = inf
   Increment on distance indicator: 5.0
   Increment on tard indicator:     0.0
   Value of tmax indicator:         5.0

Task for patient = 59 with skills = {2,4} and cost = 99.7
   Vehicle #0 = 1, leaving at = 734.0
   Vehicle #1 = 30, leaving at = 729.0
   Increment on distance indicator: 43.0
   Increment on tard indicator:     0.0
   Value of tmax indicator:         43.0

Task for patient = 217 with skills = {2,3} and cost = 85.3
   Vehicle #0 = 1, leaving at = 677.0
   Vehicle #1 = 35, leaving at = 716.0
   Increment on distance indicator: 20.0
   Increment on tard indicator:     0.0
   Value of tmax indicator:         20.0

Task for patient = 45 with skills = {0,3} and cost = 78.7
   Vehicle #0 = 1, leaving at = 631.0
   Vehicle #1 = 35, leaving at = 631.0
   Increment on distance indicator: 82.0
   Increment on tard indicator:     0.0
   Value of tmax indicator:         82.0

Task for patient = 103 with skills = {0,3} and cost = 51.3
   Vehicle #0 = 0, leaving at = 760.0
   Vehicle #1 = 31, leaving at = 760.0
   Increment on distance indicator: 6.0
   Increment on tard indicator:     0.0
   Value of tmax indicator:         6.0

Task for patient = 151 with skills = {5,-1} and cost = 49.3
   Vehicle #0 = 33, leaving at = 594.0
   Vehicle #1 = -1, leaving at = inf
   Increment on distance indicator: 46.0
   Increment on tard indicator:     0.0
   Value of tmax indicator:         46.0

Task for patient = 121 with skills = {2,4} and cost = 34.0
   Vehicle #0 = 0, leaving at = 699.0
   Vehicle #1 = 31, leaving at = 702.0
   Increment on distance indicator: 12.0
   Increment on tard indicator:     0.0
   Value of tmax indicator:         12.0

Task for patient = 290 with skills = {2,3} and cost = 30.0
   Vehicle #0 = 0, leaving at = 629.0
   Vehicle #1 = 31, leaving at = 626.0
   Increment on distance indicator: 90.0
   Increment on tard indicator:     0.0
   Value of tmax indicator:         90.0

Task for patient = 101 with skills = {0,-1} and cost = 115.3
   Vehicle #0 = 2, leaving at = 518.0
   Vehicle #1 = -1, leaving at = inf
   Increment on distance indicator: 42.0
   Increment on tard indicator:     0.0
   Value of tmax indicator:         42.0

Task for patient = 20 with skills = {2,-1} and cost = 295.7
   Vehicle #0 = 4, leaving at = 599.0
   Vehicle #1 = -1, leaving at = inf
   Increment on distance indicator: 4.0
   Increment on tard indicator:     0.0
   Value of tmax indicator:         4.0

Task for patient = 106 with skills = {3,-1} and cost = 287.0
   Vehicle #0 = 37, leaving at = 702.0
   Vehicle #1 = -1, leaving at = inf
   Increment on distance indicator: 12.0
   Increment on tard indicator:     0.0
   Value of tmax indicator:         12.0

Task for patient = 113 with skills = {1,3} and cost = 283.0
   Vehicle #0 = 7, leaving at = 831.0
   Vehicle #1 = 36, leaving at = 826.0
   Increment on distance indicator: 17.0
   Increment on tard indicator:     0.0
   Value of tmax indicator:         17.0

Task for patient = 62 with skills = {2,-1} and cost = 277.3
   Vehicle #0 = 4, leaving at = 572.0
   Vehicle #1 = -1, leaving at = inf
   Increment on distance indicator: 40.0
   Increment on tard indicator:     0.0
   Value of tmax indicator:         40.0

Task for patient = 253 with skills = {0,-1} and cost = 264.0
   Vehicle #0 = 3, leaving at = 700.0
   Vehicle #1 = -1, leaving at = inf
   Increment on distance indicator: 3.0
   Increment on tard indicator:     0.0
   Value of tmax indicator:         3.0

Task for patient = 207 with skills = {4,-1} and cost = 263.0
   Vehicle #0 = 32, leaving at = 637.0
   Vehicle #1 = -1, leaving at = inf
   Increment on distance indicator: 2.0
   Increment on tard indicator:     0.0
   Value of tmax indicator:         2.0

Task for patient = 196 with skills = {2,5} and cost = 262.3
   Vehicle #0 = 3, leaving at = 664.0
   Vehicle #1 = 34, leaving at = 706.0
   Increment on distance indicator: 12.0
   Increment on tard indicator:     0.0
   Value of tmax indicator:         12.0

Task for patient = 164 with skills = {2,4} and cost = 258.3
   Vehicle #0 = 3, leaving at = 589.0
   Vehicle #1 = 32, leaving at = 589.0
   Increment on distance indicator: 48.0
   Increment on tard indicator:     0.0
   Value of tmax indicator:         48.0

Task for patient = 82 with skills = {1,-1} and cost = 190.3
   Vehicle #0 = 7, leaving at = 549.0
   Vehicle #1 = -1, leaving at = inf
   Increment on distance indicator: 43.0
   Increment on tard indicator:     0.0
   Value of tmax indicator:         43.0

Task for patient = 70 with skills = {3,-1} and cost = 238.7
   Vehicle #0 = 35, leaving at = 892.0
   Vehicle #1 = -1, leaving at = inf
   Increment on distance indicator: 4.0
   Increment on tard indicator:     0.0
   Value of tmax indicator:         4.0

Task for patient = 116 with skills = {2,-1} and cost = 237.3
   Vehicle #0 = 7, leaving at = 708.0
   Vehicle #1 = -1, leaving at = inf
   Increment on distance indicator: 7.0
   Increment on tard indicator:     0.0
   Value of tmax indicator:         7.0

Task for patient = 5 with skills = {5,-1} and cost = 235.0
   Vehicle #0 = 34, leaving at = 551.0
   Vehicle #1 = -1, leaving at = inf
   Increment on distance indicator: 43.0
   Increment on tard indicator:     0.0
   Value of tmax indicator:         43.0

Task for patient = 182 with skills = {5,-1} and cost = 220.7
   Vehicle #0 = 31, leaving at = 854.0
   Vehicle #1 = -1, leaving at = inf
   Increment on distance indicator: 3.0
   Increment on tard indicator:     0.0
   Value of tmax indicator:         3.0

Task for patient = 234 with skills = {0,5} and cost = 219.7
   Vehicle #0 = 7, leaving at = 679.0
   Vehicle #1 = 33, leaving at = 693.0
   Increment on distance indicator: 14.0
   Increment on tard indicator:     0.0
   Value of tmax indicator:         14.0

Task for patient = 252 with skills = {4,-1} and cost = 215.0
   Vehicle #0 = 36, leaving at = 776.0
   Vehicle #1 = -1, leaving at = inf
   Increment on distance indicator: 3.0
   Increment on tard indicator:     0.0
   Value of tmax indicator:         3.0

Task for patient = 266 with skills = {1,3} and cost = 214.0
   Vehicle #0 = 7, leaving at = 651.0
   Vehicle #1 = 37, leaving at = 633.0
   Increment on distance indicator: 16.0
   Increment on tard indicator:     0.0
   Value of tmax indicator:         16.0

Task for patient = 65 with skills = {0,3} and cost = 208.7
   Vehicle #0 = 7, leaving at = 571.0
   Vehicle #1 = 37, leaving at = 603.0
   Increment on distance indicator: 52.0
   Increment on tard indicator:     0.0
   Value of tmax indicator:         52.0

Task for patient = 169 with skills = {3,-1} and cost = 191.3
   Vehicle #0 = 36, leaving at = 746.0
   Vehicle #1 = -1, leaving at = inf
   Increment on distance indicator: 3.0
   Increment on tard indicator:     0.0
   Value of tmax indicator:         3.0

Task for patient = 2 with skills = {1,5} and cost = 242.3
   Vehicle #0 = 7, leaving at = 767.0
   Vehicle #1 = 33, leaving at = 765.0
   Increment on distance indicator: 11.0
   Increment on tard indicator:     0.0
   Value of tmax indicator:         11.0

Task for patient = 13 with skills = {5,-1} and cost = 670.0
   Vehicle #0 = 47, leaving at = 604.0
   Vehicle #1 = -1, leaving at = inf
   Increment on distance indicator: 13.0
   Increment on tard indicator:     0.0
   Value of tmax indicator:         13.0

Task for patient = 11 with skills = {2,-1} and cost = 665.7
   Vehicle #0 = 5, leaving at = 851.0
   Vehicle #1 = -1, leaving at = inf
   Increment on distance indicator: 5.0
   Increment on tard indicator:     0.0
   Value of tmax indicator:         5.0

Task for patient = 189 with skills = {4,-1} and cost = 664.0
   Vehicle #0 = 47, leaving at = 563.0
   Vehicle #1 = -1, leaving at = inf
   Increment on distance indicator: 10.0
   Increment on tard indicator:     0.0
   Value of tmax indicator:         10.0

Task for patient = 148 with skills = {4,-1} and cost = 660.7
   Vehicle #0 = 42, leaving at = 760.0
   Vehicle #1 = -1, leaving at = inf
   Increment on distance indicator: 2.0
   Increment on tard indicator:     0.0
   Value of tmax indicator:         2.0

Task for patient = 259 with skills = {2,3} and cost = 660.0
   Vehicle #0 = 4, leaving at = 984.0
   Vehicle #1 = 35, leaving at = 976.0
   Increment on distance indicator: 4.0
   Increment on tard indicator:     0.0
   Value of tmax indicator:         4.0

Task for patient = 41 with skills = {2,-1} and cost = 658.7
   Vehicle #0 = 11, leaving at = 808.0
   Vehicle #1 = -1, leaving at = inf
   Increment on distance indicator: 3.0
   Increment on tard indicator:     0.0
   Value of tmax indicator:         3.0

Task for patient = 105 with skills = {3,-1} and cost = 657.7
   Vehicle #0 = 47, leaving at = 508.0
   Vehicle #1 = -1, leaving at = inf
   Increment on distance indicator: 44.0
   Increment on tard indicator:     0.0
   Value of tmax indicator:         44.0

Task for patient = 137 with skills = {1,-1} and cost = 643.0
   Vehicle #0 = 14, leaving at = 784.0
   Vehicle #1 = -1, leaving at = inf
   Increment on distance indicator: 1.0
   Increment on tard indicator:     0.0
   Value of tmax indicator:         1.0

Task for patient = 133 with skills = {0,-1} and cost = 485.7
   Vehicle #0 = 2, leaving at = 747.0
   Vehicle #1 = -1, leaving at = inf
   Increment on distance indicator: 3.0
   Increment on tard indicator:     0.0
   Value of tmax indicator:         3.0

Task for patient = 231 with skills = {0,-1} and cost = 641.7
   Vehicle #0 = 6, leaving at = 746.0
   Vehicle #1 = -1, leaving at = inf
   Increment on distance indicator: 2.0
   Increment on tard indicator:     0.0
   Value of tmax indicator:         2.0

Task for patient = 69 with skills = {5,-1} and cost = 641.0
   Vehicle #0 = 40, leaving at = 768.0
   Vehicle #1 = -1, leaving at = inf
   Increment on distance indicator: 3.0
   Increment on tard indicator:     0.0
   Value of tmax indicator:         3.0

Task for patient = 160 with skills = {1,3} and cost = 640.0
   Vehicle #0 = 14, leaving at = 750.0
   Vehicle #1 = 45, leaving at = 754.0
   Increment on distance indicator: 8.0
   Increment on tard indicator:     0.0
   Value of tmax indicator:         8.0

Task for patient = 297 with skills = {0,-1} and cost = 637.3
   Vehicle #0 = 3, leaving at = 878.0
   Vehicle #1 = -1, leaving at = inf
   Increment on distance indicator: 2.0
   Increment on tard indicator:     0.0
   Value of tmax indicator:         2.0

Task for patient = 72 with skills = {2,-1} and cost = 636.7
   Vehicle #0 = 14, leaving at = 649.0
   Vehicle #1 = -1, leaving at = inf
   Increment on distance indicator: 7.0
   Increment on tard indicator:     0.0
   Value of tmax indicator:         7.0

Task for patient = 130 with skills = {5,-1} and cost = 634.3
   Vehicle #0 = 46, leaving at = 598.0
   Vehicle #1 = -1, leaving at = inf
   Increment on distance indicator: 1.0
   Increment on tard indicator:     0.0
   Value of tmax indicator:         1.0

Task for patient = 115 with skills = {2,-1} and cost = 634.0
   Vehicle #0 = 14, leaving at = 622.0
   Vehicle #1 = -1, leaving at = inf
   Increment on distance indicator: 45.0
   Increment on tard indicator:     0.0
   Value of tmax indicator:         45.0

Task for patient = 147 with skills = {1,-1} and cost = 619.0
   Vehicle #0 = 10, leaving at = 847.0
   Vehicle #1 = -1, leaving at = inf
   Increment on distance indicator: 7.0
   Increment on tard indicator:     0.0
   Value of tmax indicator:         7.0

Task for patient = 44 with skills = {5,-1} and cost = 642.7
   Vehicle #0 = 46, leaving at = 785.0
   Vehicle #1 = -1, leaving at = inf
   Increment on distance indicator: 3.0
   Increment on tard indicator:     0.0
   Value of tmax indicator:         3.0

Task for patient = 163 with skills = {4,-1} and cost = 737.3
   Vehicle #0 = 49, leaving at = 515.0
   Vehicle #1 = -1, leaving at = inf
   Increment on distance indicator: 45.0
   Increment on tard indicator:     0.0
   Value of tmax indicator:         45.0

Task for patient = 111 with skills = {1,4} and cost = 1111.0
   Vehicle #0 = 10, leaving at = 1099.0
   Vehicle #1 = 50, leaving at = 1138.0
   Increment on distance indicator: 15.0
   Increment on tard indicator:     0.0
   Value of tmax indicator:         15.0

Task for patient = 181 with skills = {0,3} and cost = 720.0
   Vehicle #0 = 5, leaving at = 918.0
   Vehicle #1 = 31, leaving at = 954.0
   Increment on distance indicator: 3.0
   Increment on tard indicator:     0.0
   Value of tmax indicator:         3.0

Task for patient = 1 with skills = {5,-1} and cost = 719.0
   Vehicle #0 = 47, leaving at = 673.0
   Vehicle #1 = -1, leaving at = inf
   Increment on distance indicator: 6.0
   Increment on tard indicator:     0.0
   Value of tmax indicator:         6.0

Task for patient = 124 with skills = {2,-1} and cost = 717.0
   Vehicle #0 = 11, leaving at = 892.0
   Vehicle #1 = -1, leaving at = inf
   Increment on distance indicator: 2.0
   Increment on tard indicator:     0.0
   Value of tmax indicator:         2.0

Task for patient = 131 with skills = {1,-1} and cost = 716.3
   Vehicle #0 = 13, leaving at = 711.0
   Vehicle #1 = -1, leaving at = inf
   Increment on distance indicator: 3.0
   Increment on tard indicator:     0.0
   Value of tmax indicator:         3.0

Task for patient = 176 with skills = {0,4} and cost = 715.3
   Vehicle #0 = 0, leaving at = 958.0
   Vehicle #1 = 44, leaving at = 1022.0
   Increment on distance indicator: 4.0
   Increment on tard indicator:     0.0
   Value of tmax indicator:         4.0

Task for patient = 167 with skills = {4,-1} and cost = 714.0
   Vehicle #0 = 36, leaving at = 935.0
   Vehicle #1 = -1, leaving at = inf
   Increment on distance indicator: 1.0
   Increment on tard indicator:     0.0
   Value of tmax indicator:         1.0

Task for patient = 128 with skills = {4,-1} and cost = 672.3
   Vehicle #0 = 47, leaving at = 631.0
   Vehicle #1 = -1, leaving at = inf
   Increment on distance indicator: 7.0
   Increment on tard indicator:     0.0
   Value of tmax indicator:         7.0

Task for patient = 150 with skills = {2,-1} and cost = 709.0
   Vehicle #0 = 12, leaving at = 893.0
   Vehicle #1 = -1, leaving at = inf
   Increment on distance indicator: 2.0
   Increment on tard indicator:     0.0
   Value of tmax indicator:         2.0

Task for patient = 35 with skills = {5,-1} and cost = 708.3
   Vehicle #0 = 40, leaving at = 842.0
   Vehicle #1 = -1, leaving at = inf
   Increment on distance indicator: 2.0
   Increment on tard indicator:     0.0
   Value of tmax indicator:         2.0

Task for patient = 276 with skills = {5,-1} and cost = 707.7
   Vehicle #0 = 45, leaving at = 808.0
   Vehicle #1 = -1, leaving at = inf
   Increment on distance indicator: 3.0
   Increment on tard indicator:     0.0
   Value of tmax indicator:         3.0

Task for patient = 48 with skills = {2,-1} and cost = 706.7
   Vehicle #0 = 15, leaving at = 587.0
   Vehicle #1 = -1, leaving at = inf
   Increment on distance indicator: 45.0
   Increment on tard indicator:     0.0
   Value of tmax indicator:         45.0

Task for patient = 67 with skills = {1,-1} and cost = 691.7
   Vehicle #0 = 13, leaving at = 633.0
   Vehicle #1 = -1, leaving at = inf
   Increment on distance indicator: 45.0
   Increment on tard indicator:     0.0
   Value of tmax indicator:         45.0

Task for patient = 295 with skills = {2,-1} and cost = 676.7
   Vehicle #0 = 10, leaving at = 884.0
   Vehicle #1 = -1, leaving at = inf
   Increment on distance indicator: 4.0
   Increment on tard indicator:     0.0
   Value of tmax indicator:         4.0

Task for patient = 184 with skills = {4,-1} and cost = 675.3
   Vehicle #0 = 42, leaving at = 941.0
   Vehicle #1 = -1, leaving at = inf
   Increment on distance indicator: 2.0
   Increment on tard indicator:     0.0
   Value of tmax indicator:         2.0

Task for patient = 281 with skills = {0,-1} and cost = 674.7
   Vehicle #0 = 6, leaving at = 799.0
   Vehicle #1 = -1, leaving at = inf
   Increment on distance indicator: 3.0
   Increment on tard indicator:     0.0
   Value of tmax indicator:         3.0

Task for patient = 38 with skills = {0,-1} and cost = 673.7
   Vehicle #0 = 8, leaving at = 838.0
   Vehicle #1 = -1, leaving at = inf
   Increment on distance indicator: 4.0
   Increment on tard indicator:     0.0
   Value of tmax indicator:         4.0

Task for patient = 54 with skills = {1,3} and cost = 713.7
   Vehicle #0 = 11, leaving at = 843.0
   Vehicle #1 = 40, leaving at = 890.0
   Increment on distance indicator: 14.0
   Increment on tard indicator:     0.0
   Value of tmax indicator:         14.0

Task for patient = 199 with skills = {3,-1} and cost = 571.7
   Vehicle #0 = 45, leaving at = 654.0
   Vehicle #1 = -1, leaving at = inf
   Increment on distance indicator: 5.0
   Increment on tard indicator:     0.0
   Value of tmax indicator:         5.0

Task for patient = 246 with skills = {0,-1} and cost = 570.0
   Vehicle #0 = 0, leaving at = 862.0
   Vehicle #1 = -1, leaving at = inf
   Increment on distance indicator: 3.0
   Increment on tard indicator:     0.0
   Value of tmax indicator:         3.0

Task for patient = 78 with skills = {3,-1} and cost = 569.0
   Vehicle #0 = 45, leaving at = 603.0
   Vehicle #1 = -1, leaving at = inf
   Increment on distance indicator: 3.0
   Increment on tard indicator:     0.0
   Value of tmax indicator:         3.0

Task for patient = 123 with skills = {4,-1} and cost = 568.0
   Vehicle #0 = 42, leaving at = 632.0
   Vehicle #1 = -1, leaving at = inf
   Increment on distance indicator: 6.0
   Increment on tard indicator:     0.0
   Value of tmax indicator:         6.0

Task for patient = 285 with skills = {3,-1} and cost = 566.0
   Vehicle #0 = 36, leaving at = 883.0
   Vehicle #1 = -1, leaving at = inf
   Increment on distance indicator: 5.0
   Increment on tard indicator:     0.0
   Value of tmax indicator:         5.0

Task for patient = 108 with skills = {1,-1} and cost = 564.3
   Vehicle #0 = 10, leaving at = 606.0
   Vehicle #1 = -1, leaving at = inf
   Increment on distance indicator: 5.0
   Increment on tard indicator:     0.0
   Value of tmax indicator:         5.0

Task for patient = 143 with skills = {0,3} and cost = 562.7
   Vehicle #0 = 12, leaving at = 570.0
   Vehicle #1 = 45, leaving at = 580.0
   Increment on distance indicator: 88.0
   Increment on tard indicator:     0.0
   Value of tmax indicator:         88.0

Task for patient = 263 with skills = {3,-1} and cost = 533.3
   Vehicle #0 = 41, leaving at = 735.0
   Vehicle #1 = -1, leaving at = inf
   Increment on distance indicator: 3.0
   Increment on tard indicator:     0.0
   Value of tmax indicator:         3.0

Task for patient = 64 with skills = {2,-1} and cost = 616.7
   Vehicle #0 = 10, leaving at = 785.0
   Vehicle #1 = -1, leaving at = inf
   Increment on distance indicator: 5.0
   Increment on tard indicator:     0.0
   Value of tmax indicator:         5.0

Task for patient = 97 with skills = {2,5} and cost = 517.7
   Vehicle #0 = 11, leaving at = 757.0
   Vehicle #1 = 43, leaving at = 757.0
   Increment on distance indicator: 13.0
   Increment on tard indicator:     0.0
   Value of tmax indicator:         13.0

Task for patient = 50 with skills = {5,-1} and cost = 513.3
   Vehicle #0 = 43, leaving at = 729.0
   Vehicle #1 = -1, leaving at = inf
   Increment on distance indicator: 1.0
   Increment on tard indicator:     0.0
   Value of tmax indicator:         1.0

Task for patient = 256 with skills = {3,-1} and cost = 510.0
   Vehicle #0 = 44, leaving at = 760.0
   Vehicle #1 = -1, leaving at = inf
   Increment on distance indicator: 3.0
   Increment on tard indicator:     0.0
   Value of tmax indicator:         3.0

Task for patient = 221 with skills = {0,-1} and cost = 509.0
   Vehicle #0 = 11, leaving at = 664.0
   Vehicle #1 = -1, leaving at = inf
   Increment on distance indicator: 8.0
   Increment on tard indicator:     0.0
   Value of tmax indicator:         8.0

Task for patient = 293 with skills = {5,-1} and cost = 506.3
   Vehicle #0 = 44, leaving at = 568.0
   Vehicle #1 = -1, leaving at = inf
   Increment on distance indicator: 43.0
   Increment on tard indicator:     0.0
   Value of tmax indicator:         43.0

Task for patient = 165 with skills = {5,-1} and cost = 492.0
   Vehicle #0 = 36, leaving at = 858.0
   Vehicle #1 = -1, leaving at = inf
   Increment on distance indicator: 5.0
   Increment on tard indicator:     0.0
   Value of tmax indicator:         5.0

Task for patient = 75 with skills = {3,-1} and cost = 490.3
   Vehicle #0 = 41, leaving at = 679.0
   Vehicle #1 = -1, leaving at = inf
   Increment on distance indicator: 11.0
   Increment on tard indicator:     0.0
   Value of tmax indicator:         11.0

Task for patient = 107 with skills = {4,-1} and cost = 486.7
   Vehicle #0 = 38, leaving at = 892.0
   Vehicle #1 = -1, leaving at = inf
   Increment on distance indicator: 3.0
   Increment on tard indicator:     0.0
   Value of tmax indicator:         3.0

Task for patient = 33 with skills = {1,-1} and cost = 532.3
   Vehicle #0 = 10, leaving at = 577.0
   Vehicle #1 = -1, leaving at = inf
   Increment on distance indicator: 44.0
   Increment on tard indicator:     0.0
   Value of tmax indicator:         44.0

Task for patient = 170 with skills = {4,-1} and cost = 615.0
   Vehicle #0 = 42, leaving at = 656.0
   Vehicle #1 = -1, leaving at = inf
   Increment on distance indicator: 4.0
   Increment on tard indicator:     0.0
   Value of tmax indicator:         4.0

Task for patient = 229 with skills = {5,-1} and cost = 613.7
   Vehicle #0 = 34, leaving at = 824.0
   Vehicle #1 = -1, leaving at = inf
   Increment on distance indicator: 1.0
   Increment on tard indicator:     0.0
   Value of tmax indicator:         1.0

Task for patient = 155 with skills = {0,-1} and cost = 613.3
   Vehicle #0 = 0, leaving at = 937.0
   Vehicle #1 = -1, leaving at = inf
   Increment on distance indicator: 4.0
   Increment on tard indicator:     0.0
   Value of tmax indicator:         4.0

Task for patient = 8 with skills = {1,-1} and cost = 612.0
   Vehicle #0 = 10, leaving at = 746.0
   Vehicle #1 = -1, leaving at = inf
   Increment on distance indicator: 5.0
   Increment on tard indicator:     0.0
   Value of tmax indicator:         5.0

Task for patient = 287 with skills = {3,-1} and cost = 610.3
   Vehicle #0 = 38, leaving at = 947.0
   Vehicle #1 = -1, leaving at = inf
   Increment on distance indicator: 1.0
   Increment on tard indicator:     0.0
   Value of tmax indicator:         1.0

Task for patient = 94 with skills = {3,-1} and cost = 610.0
   Vehicle #0 = 45, leaving at = 706.0
   Vehicle #1 = -1, leaving at = inf
   Increment on distance indicator: 3.0
   Increment on tard indicator:     0.0
   Value of tmax indicator:         3.0

Task for patient = 261 with skills = {5,-1} and cost = 609.0
   Vehicle #0 = 46, leaving at = 542.0
   Vehicle #1 = -1, leaving at = inf
   Increment on distance indicator: 46.0
   Increment on tard indicator:     0.0
   Value of tmax indicator:         46.0

Task for patient = 226 with skills = {0,-1} and cost = 593.7
   Vehicle #0 = 1, leaving at = 960.0
   Vehicle #1 = -1, leaving at = inf
   Increment on distance indicator: 2.0
   Increment on tard indicator:     0.0
   Value of tmax indicator:         2.0

Task for patient = 118 with skills = {0,4} and cost = 573.3
   Vehicle #0 = 8, leaving at = 778.0
   Vehicle #1 = 30, leaving at = 778.0
   Increment on distance indicator: 5.0
   Increment on tard indicator:     0.0
   Value of tmax indicator:         5.0

Task for patient = 244 with skills = {0,-1} and cost = 592.3
   Vehicle #0 = 5, leaving at = 803.0
   Vehicle #1 = -1, leaving at = inf
   Increment on distance indicator: 2.0
   Increment on tard indicator:     0.0
   Value of tmax indicator:         2.0

Task for patient = 195 with skills = {4,-1} and cost = 591.7
   Vehicle #0 = 44, leaving at = 922.0
   Vehicle #1 = -1, leaving at = inf
   Increment on distance indicator: 2.0
   Increment on tard indicator:     0.0
   Value of tmax indicator:         2.0

Task for patient = 173 with skills = {0,-1} and cost = 591.0
   Vehicle #0 = 6, leaving at = 727.0
   Vehicle #1 = -1, leaving at = inf
   Increment on distance indicator: 4.0
   Increment on tard indicator:     0.0
   Value of tmax indicator:         4.0

Task for patient = 84 with skills = {3,-1} and cost = 589.7
   Vehicle #0 = 41, leaving at = 854.0
   Vehicle #1 = -1, leaving at = inf
   Increment on distance indicator: 2.0
   Increment on tard indicator:     0.0
   Value of tmax indicator:         2.0

Task for patient = 149 with skills = {0,-1} and cost = 589.0
   Vehicle #0 = 12, leaving at = 662.0
   Vehicle #1 = -1, leaving at = inf
   Increment on distance indicator: 12.0
   Increment on tard indicator:     0.0
   Value of tmax indicator:         12.0

Task for patient = 87 with skills = {0,-1} and cost = 585.0
   Vehicle #0 = 12, leaving at = 616.0
   Vehicle #1 = -1, leaving at = inf
   Increment on distance indicator: 9.0
   Increment on tard indicator:     0.0
   Value of tmax indicator:         9.0

Task for patient = 271 with skills = {2,-1} and cost = 582.0
   Vehicle #0 = 9, leaving at = 822.0
   Vehicle #1 = -1, leaving at = inf
   Increment on distance indicator: 2.0
   Increment on tard indicator:     0.0
   Value of tmax indicator:         2.0

Task for patient = 268 with skills = {4,-1} and cost = 575.0
   Vehicle #0 = 32, leaving at = 803.0
   Vehicle #1 = -1, leaving at = inf
   Increment on distance indicator: 2.0
   Increment on tard indicator:     0.0
   Value of tmax indicator:         2.0

Task for patient = 185 with skills = {1,-1} and cost = 574.3
   Vehicle #0 = 10, leaving at = 691.0
   Vehicle #1 = -1, leaving at = inf
   Increment on distance indicator: 3.0
   Increment on tard indicator:     0.0
   Value of tmax indicator:         3.0

Task for patient = 136 with skills = {2,-1} and cost = 593.0
   Vehicle #0 = 12, leaving at = 855.0
   Vehicle #1 = -1, leaving at = inf
   Increment on distance indicator: 2.0
   Increment on tard indicator:     0.0
   Value of tmax indicator:         2.0


Unused vehicle list: 16 22 23 24 25 26 27 28 29 52 53 54 55 56 57 58 59 (total = 17 out of 60)

---
Search finished.
Total of 1900 generations in 1442.8 seconds.
Exchange elite runs: 23
Implicit path relinking runs: 10
Reset attempts: 4

Best solution found:
   Cost: 1547.7
   Total travel time: 4591.0
   Total tardiness time: 41.0
   Largest tardiness: 11.0


1547.7
