This host is: panku
--- BRKGA-MP-IPR for HHCRSP ---
Instance: new-dataset/instances-50/HHCRSP_50_10_88_1.6_C_RC.txt
Seed: 12

Reading data... Problem contains 50 patients  and 10 caregivers.

Summary of supply x demand for each service type:
Skill 0 has supply = 3 and demand = 7, ratio = 0.428571
Skill 1 has supply = 4 and demand = 8, ratio = 0.5
Skill 2 has supply = 3 and demand = 17, ratio = 0.176471
Skill 3 has supply = 5 and demand = 14, ratio = 0.357143
Skill 4 has supply = 3 and demand = 10, ratio = 0.3
Skill 5 has supply = 4 and demand = 10, ratio = 0.4

Reading parameters...
Inferred distance function by PR type: kendall-tau
Building BRKGA data and initializing...
Evolving 1900 generations...

  Gens  Rem    Local   ElDiv NoImpr             Best solution            Time  Op
                                       Cost     Dist    Tard    TMax 
*    0 1900  1537.67  233.37      0  1537.67  1368.00  2916.0   329.0     0.0    
*    2 1898  1525.00  183.39      0  1525.00  1438.00  2358.0   361.0     0.1    
*    3 1897  1385.67  157.27      0  1385.67  1395.00  1995.0   346.0     0.2    
*    4 1896  1245.33  143.77      0  1245.33  1412.00  1601.0   327.0     0.2    
*    5 1895  1113.33  130.59      0  1113.33  1476.00  1409.0   174.0     0.2    
*    6 1894  1019.67  118.33      0  1019.67  1437.00   808.0   143.0     0.3    
*    7 1893   796.00  112.18      0   796.00  1366.00   645.0   188.0     0.3    
*    8 1892   733.00  111.53      0   733.00  1253.00   479.0   143.0     0.3    
*    9 1891   625.00   90.11      0   625.00  1253.00   479.0   143.0     0.4    
*   12 1888   547.33   68.17      0   547.33  1266.00   310.0    66.0     0.5    
*   14 1886   502.67   61.15      0   502.67  1285.00   137.0    86.0     0.5    
*   16 1884   458.67   46.14      0   458.67  1303.00    58.0    15.0     0.6    
*   19 1881   436.00   33.33      0   436.00  1134.00   106.0    51.0     0.7    
*   20 1880   430.33   30.88      0   430.33  1147.00    62.0    19.0     0.7    
*   21 1879   409.33   27.22      0   409.33  1147.00    62.0    19.0     0.8    

  Gens  Rem    Local   ElDiv NoImpr             Best solution            Time  Op
                                       Cost     Dist    Tard    TMax 
*   27 1873   400.33   13.34      0   400.33  1201.00     0.0     0.0     1.0    
*   29 1871   394.33   11.98      0   394.33  1155.00     0.0     0.0     1.0    
*   30 1870   385.00   10.96      0   385.00  1107.00    16.0    16.0     1.1    
*   31 1869   379.67   10.87      0   379.67  1107.00    16.0    16.0     1.1    
*   33 1867   372.33   11.54      0   372.33  1113.00     2.0     2.0     1.2    
*   36 1864   362.33   11.08      0   362.33  1087.00     0.0     0.0     1.2    
*   43 1857   358.00   11.28      0   358.00  1072.00     0.0     0.0     1.5    
*   44 1856   357.33   12.15      0   357.33  1054.00     0.0     0.0     1.5    
*   45 1855   351.33   12.24      0   351.33  1054.00     0.0     0.0     1.5    
*   48 1852   345.00   13.29      0   345.00  1031.00     0.0     0.0     1.6    
*   49 1851   343.67   13.28      0   343.67  1021.00     0.0     0.0     1.7    
*   50 1850   340.33   13.40      0   340.33  1014.00     0.0     0.0     1.7    
*   51 1849   338.00   13.85      0   338.00  1008.00     0.0     0.0     1.7    
*   52 1848   336.00   14.13      0   336.00  1008.00     0.0     0.0     1.8    
*   54 1846   333.00   14.40      0   333.00   995.00     2.0     2.0     1.8    
*   59 1841   332.33   13.67      0   332.33   993.00     2.0     2.0     2.0    

  Gens  Rem    Local   ElDiv NoImpr             Best solution            Time  Op
                                       Cost     Dist    Tard    TMax 
*   62 1838   331.67   12.52      0   331.67   995.00     0.0     0.0     2.1    
*   65 1835   327.00   10.79      0   327.00   981.00     0.0     0.0     2.2    
*   76 1824   325.33    6.62      0   325.33   973.00     0.0     0.0     2.5    
*   77 1823   324.33    6.60      0   324.33   973.00     0.0     0.0     2.6    
    80 1820   324.00    2.76      0   324.33   973.00     0.0     0.0     2.7   X
*   81 1819   324.00    2.79      0   324.00   972.00     0.0     0.0     2.7    
*   96 1804   323.33    2.93      0   323.33   970.00     0.0     0.0     3.2    
   100 1800   323.33    2.89      4   323.33   970.00     0.0     0.0     3.3    
   150 1750   323.33    0.31     54   323.33   970.00     0.0     0.0     5.0    
   160 1740   323.33    0.31     65   323.33   970.00     0.0     0.0     5.3   X
Path relinking result: no improvement.
   180 1720   323.33    0.00     85   323.33   970.00     0.0     0.0     5.9   P
   200 1700   323.33    0.00    104   323.33   970.00     0.0     0.0     6.6    
   240 1660   323.33    0.00    145   323.33   970.00     0.0     0.0     7.9   X
   250 1650   323.33    0.00    154   323.33   970.00     0.0     0.0     8.2    
   300 1600   323.33    0.00    204   323.33   970.00     0.0     0.0     9.8    
   320 1580   323.33    0.00    225   323.33   970.00     0.0     0.0    10.5   X

  Gens  Rem    Local   ElDiv NoImpr             Best solution            Time  Op
                                       Cost     Dist    Tard    TMax 
   350 1550   323.33    0.00    254   323.33   970.00     0.0     0.0    11.5    
Path relinking result: no improvement.
   360 1540   323.33    0.00    265   323.33   970.00     0.0     0.0    11.8   P
   400 1500   323.33    0.00    304   323.33   970.00     0.0     0.0    13.1    
   400 1500   323.33    0.00    305   323.33   970.00     0.0     0.0    13.1   X
   450 1450   323.33    0.00    354   323.33   970.00     0.0     0.0    14.7    
   480 1420   323.33    0.00    385   323.33   970.00     0.0     0.0    15.7   X
   500 1400   323.33    0.00    404   323.33   970.00     0.0     0.0    16.3    
Path relinking result: no improvement.
   540 1360   323.33    0.00    445   323.33   970.00     0.0     0.0    17.6   P
   550 1350   323.33    0.00    454   323.33   970.00     0.0     0.0    17.9    
   560 1340   323.33    0.00    465   323.33   970.00     0.0     0.0    18.3   X
   600 1300   323.33    0.00    504   323.33   970.00     0.0     0.0    19.6    
   640 1260   323.33    0.00    545   323.33   970.00     0.0     0.0    20.9   X
   650 1250   323.33    0.00    554   323.33   970.00     0.0     0.0    21.2    
   700 1200   323.33    0.00    604   323.33   970.00     0.0     0.0    22.8    
Path relinking result: no improvement.
   720 1180   323.33    0.00    625   323.33   970.00     0.0     0.0    23.5  PX
   750 1150   323.33    0.00    654   323.33   970.00     0.0     0.0    24.4    

  Gens  Rem    Local   ElDiv NoImpr             Best solution            Time  Op
                                       Cost     Dist    Tard    TMax 
   795 1105      inf  246.49      0   323.33   970.00     0.0     0.0    25.9   R
   796 1104  1760.33  209.10      0   323.33   970.00     0.0     0.0    25.9    
   800 1100  1239.33  145.66      2   323.33   970.00     0.0     0.0    26.1    
   800 1100  1222.33  110.48      0   323.33   970.00     0.0     0.0    26.1   X
   850 1050   348.67    6.76      1   323.33   970.00     0.0     0.0    27.7    
*  869 1031   323.00    8.87      0   323.00   965.00     3.0     1.0    28.3    
*  878 1022   322.00    8.58      0   322.00   966.00     0.0     0.0    28.6    
   880 1020   322.00    0.52      3   322.00   966.00     0.0     0.0    28.7   X
*  895 1005   321.67    0.65      0   321.67   965.00     0.0     0.0    29.2    
   900 1000   321.67    0.55      5   321.67   965.00     0.0     0.0    29.3    
Path relinking result: elite improvement.
   900 1000   321.67    0.55      6   321.67   965.00     0.0     0.0    29.3   P
*  916  984   320.67    0.38      0   320.67   962.00     0.0     0.0    29.9    
*  940  960   320.33    0.32      0   320.33   961.00     0.0     0.0    30.6    
   950  950   320.33    0.82     10   320.33   961.00     0.0     0.0    31.0    
   960  940   320.33    0.61     21   320.33   961.00     0.0     0.0    31.3   X
  1000  900   320.33    0.00     60   320.33   961.00     0.0     0.0    32.6    

  Gens  Rem    Local   ElDiv NoImpr             Best solution            Time  Op
                                       Cost     Dist    Tard    TMax 
  1040  860   320.33    0.00    101   320.33   961.00     0.0     0.0    33.9   X
  1050  850   320.33    0.00    110   320.33   961.00     0.0     0.0    34.2    
Path relinking result: no improvement.
  1080  820   320.33    0.00    141   320.33   961.00     0.0     0.0    35.2   P
  1100  800   320.33    0.00    160   320.33   961.00     0.0     0.0    35.8    
  1120  780   320.33    0.00    181   320.33   961.00     0.0     0.0    36.5   X
  1150  750   320.33    0.00    210   320.33   961.00     0.0     0.0    37.5    
  1200  700   320.33    0.00    260   320.33   961.00     0.0     0.0    39.1    
  1200  700   320.33    0.00    261   320.33   961.00     0.0     0.0    39.1   X
  1250  650   320.33    0.00    310   320.33   961.00     0.0     0.0    40.7    
Path relinking result: no improvement.
  1260  640   320.33    0.00    321   320.33   961.00     0.0     0.0    41.0   P
  1280  620   320.33    0.00    341   320.33   961.00     0.0     0.0    41.7   X
  1300  600   320.33    0.00    360   320.33   961.00     0.0     0.0    42.3    
  1350  550   320.33    0.00    410   320.33   961.00     0.0     0.0    43.9    
  1360  540   320.33    0.00    421   320.33   961.00     0.0     0.0    44.3   X
  1400  500   320.33    0.00    460   320.33   961.00     0.0     0.0    45.6    
Path relinking result: no improvement.
  1440  460   320.33    0.00    501   320.33   961.00     0.0     0.0    46.9  PX

  Gens  Rem    Local   ElDiv NoImpr             Best solution            Time  Op
                                       Cost     Dist    Tard    TMax 
  1450  450   320.33    0.00    510   320.33   961.00     0.0     0.0    47.2    
  1500  400   320.33    0.00    560   320.33   961.00     0.0     0.0    48.8    
  1520  380   320.33    0.00    581   320.33   961.00     0.0     0.0    49.5   X
  1550  350   320.33    0.00    610   320.33   961.00     0.0     0.0    50.4    
  1600  300   320.33    0.00    660   320.33   961.00     0.0     0.0    52.0    
  1600  300   320.33    0.00    661   320.33   961.00     0.0     0.0    52.0   X
Path relinking result: no improvement.
  1620  280   320.33    0.00    681   320.33   961.00     0.0     0.0    52.7   P
  1639  261      inf  257.32      0   320.33   961.00     0.0     0.0    53.3   R
  1640  260  1604.00  212.26      0   320.33   961.00     0.0     0.0    53.4    
  1650  250   687.00   73.84      0   320.33   961.00     0.0     0.0    53.7    
  1680  220   359.33    5.83      2   320.33   961.00     0.0     0.0    54.7   X
  1700  200   341.67    6.80      4   320.33   961.00     0.0     0.0    55.3    
  1750  150   323.00    4.93      8   320.33   961.00     0.0     0.0    56.9    
  1760  140   323.00    1.24     19   320.33   961.00     0.0     0.0    57.3   X
  1800  100   323.00    0.00     58   320.33   961.00     0.0     0.0    58.5    
Path relinking result: no improvement.
  1800  100   323.00    0.00     59   320.33   961.00     0.0     0.0    58.5   P

  Gens  Rem    Local   ElDiv NoImpr             Best solution            Time  Op
                                       Cost     Dist    Tard    TMax 
  1840   60   321.33    0.79     30   320.33   961.00     0.0     0.0    59.8   X
  1850   50   321.33    0.00     39   320.33   961.00     0.0     0.0    60.2    
  1900    0   321.33    0.00     89   320.33   961.00     0.0     0.0    61.8    
Evolutionary process finished.
Solution written to 'solution-20700.txt'.

Sorted sequence of worst to best tardiness value:
Task for patient = 18 with skills = {2,-1} and cost = 164.3
   Vehicle #0 = 4, leaving at = 734.0
   Vehicle #1 = -1, leaving at = inf
   Increment on distance indicator: 8.0
   Increment on tard indicator:     0.0
   Value of tmax indicator:         8.0

Task for patient = 8 with skills = {2,-1} and cost = 168.0
   Vehicle #0 = 4, leaving at = 763.0
   Vehicle #1 = -1, leaving at = inf
   Increment on distance indicator: 11.0
   Increment on tard indicator:     0.0
   Value of tmax indicator:         11.0

Task for patient = 23 with skills = {5,-1} and cost = 171.0
   Vehicle #0 = 8, leaving at = 809.0
   Vehicle #1 = -1, leaving at = inf
   Increment on distance indicator: 9.0
   Increment on tard indicator:     0.0
   Value of tmax indicator:         9.0

Task for patient = 30 with skills = {0,-1} and cost = 176.7
   Vehicle #0 = 0, leaving at = 831.0
   Vehicle #1 = -1, leaving at = inf
   Increment on distance indicator: 17.0
   Increment on tard indicator:     0.0
   Value of tmax indicator:         17.0

Task for patient = 25 with skills = {2,4} and cost = 191.0
   Vehicle #0 = 2, leaving at = 836.0
   Vehicle #1 = 5, leaving at = 864.0
   Increment on distance indicator: 43.0
   Increment on tard indicator:     0.0
   Value of tmax indicator:         43.0

Task for patient = 42 with skills = {1,3} and cost = 191.0
   Vehicle #0 = 3, leaving at = 695.0
   Vehicle #1 = 9, leaving at = 674.0
   Increment on distance indicator: 0.0
   Increment on tard indicator:     0.0
   Value of tmax indicator:         0.0

Task for patient = 11 with skills = {5,-1} and cost = 198.3
   Vehicle #0 = 6, leaving at = 883.0
   Vehicle #1 = -1, leaving at = inf
   Increment on distance indicator: 22.0
   Increment on tard indicator:     0.0
   Value of tmax indicator:         22.0

Task for patient = 31 with skills = {2,3} and cost = 199.7
   Vehicle #0 = 2, leaving at = 913.0
   Vehicle #1 = 5, leaving at = 883.0
   Increment on distance indicator: 4.0
   Increment on tard indicator:     0.0
   Value of tmax indicator:         4.0

Task for patient = 28 with skills = {0,-1} and cost = 204.3
   Vehicle #0 = 0, leaving at = 896.0
   Vehicle #1 = -1, leaving at = inf
   Increment on distance indicator: 14.0
   Increment on tard indicator:     0.0
   Value of tmax indicator:         14.0

Task for patient = 13 with skills = {3,-1} and cost = 205.3
   Vehicle #0 = 8, leaving at = 858.0
   Vehicle #1 = -1, leaving at = inf
   Increment on distance indicator: 3.0
   Increment on tard indicator:     0.0
   Value of tmax indicator:         3.0

Task for patient = 32 with skills = {0,-1} and cost = 210.7
   Vehicle #0 = 1, leaving at = 881.0
   Vehicle #1 = -1, leaving at = inf
   Increment on distance indicator: 16.0
   Increment on tard indicator:     0.0
   Value of tmax indicator:         16.0

Task for patient = 26 with skills = {2,5} and cost = 260.7
   Vehicle #0 = 4, leaving at = 1060.0
   Vehicle #1 = 7, leaving at = 1065.0
   Increment on distance indicator: 22.0
   Increment on tard indicator:     0.0
   Value of tmax indicator:         22.0

Task for patient = 10 with skills = {2,-1} and cost = 214.3
   Vehicle #0 = 0, leaving at = 957.0
   Vehicle #1 = -1, leaving at = inf
   Increment on distance indicator: 1.0
   Increment on tard indicator:     0.0
   Value of tmax indicator:         1.0

Task for patient = 19 with skills = {5,-1} and cost = 221.7
   Vehicle #0 = 6, leaving at = 957.0
   Vehicle #1 = -1, leaving at = inf
   Increment on distance indicator: 22.0
   Increment on tard indicator:     0.0
   Value of tmax indicator:         22.0

Task for patient = 17 with skills = {2,5} and cost = 229.3
   Vehicle #0 = 4, leaving at = 892.0
   Vehicle #1 = 7, leaving at = 878.0
   Increment on distance indicator: 23.0
   Increment on tard indicator:     0.0
   Value of tmax indicator:         23.0

Task for patient = 2 with skills = {5,-1} and cost = 232.3
   Vehicle #0 = 7, leaving at = 913.0
   Vehicle #1 = -1, leaving at = inf
   Increment on distance indicator: 9.0
   Increment on tard indicator:     0.0
   Value of tmax indicator:         9.0

Task for patient = 22 with skills = {3,-1} and cost = 234.0
   Vehicle #0 = 6, leaving at = 980.0
   Vehicle #1 = -1, leaving at = inf
   Increment on distance indicator: 5.0
   Increment on tard indicator:     0.0
   Value of tmax indicator:         5.0

Task for patient = 12 with skills = {2,-1} and cost = 234.7
   Vehicle #0 = 0, leaving at = 998.0
   Vehicle #1 = -1, leaving at = inf
   Increment on distance indicator: 2.0
   Increment on tard indicator:     0.0
   Value of tmax indicator:         2.0

Task for patient = 46 with skills = {3,-1} and cost = 239.7
   Vehicle #0 = 7, leaving at = 946.0
   Vehicle #1 = -1, leaving at = inf
   Increment on distance indicator: 15.0
   Increment on tard indicator:     0.0
   Value of tmax indicator:         15.0

Task for patient = 4 with skills = {1,-1} and cost = 244.7
   Vehicle #0 = 4, leaving at = 938.0
   Vehicle #1 = -1, leaving at = inf
   Increment on distance indicator: 15.0
   Increment on tard indicator:     0.0
   Value of tmax indicator:         15.0

Task for patient = 45 with skills = {0,3} and cost = 246.3
   Vehicle #0 = 0, leaving at = 1017.0
   Vehicle #1 = 6, leaving at = 1042.0
   Increment on distance indicator: 5.0
   Increment on tard indicator:     0.0
   Value of tmax indicator:         5.0

Task for patient = 7 with skills = {4,-1} and cost = 247.0
   Vehicle #0 = 5, leaving at = 992.0
   Vehicle #1 = -1, leaving at = inf
   Increment on distance indicator: 2.0
   Increment on tard indicator:     0.0
   Value of tmax indicator:         2.0

Task for patient = 38 with skills = {1,-1} and cost = 249.7
   Vehicle #0 = 4, leaving at = 996.0
   Vehicle #1 = -1, leaving at = inf
   Increment on distance indicator: 8.0
   Increment on tard indicator:     0.0
   Value of tmax indicator:         8.0

Task for patient = 6 with skills = {3,-1} and cost = 253.3
   Vehicle #0 = 6, leaving at = 1111.0
   Vehicle #1 = -1, leaving at = inf
   Increment on distance indicator: 11.0
   Increment on tard indicator:     0.0
   Value of tmax indicator:         11.0

Task for patient = 20 with skills = {1,-1} and cost = 214.0
   Vehicle #0 = 4, leaving at = 822.0
   Vehicle #1 = -1, leaving at = inf
   Increment on distance indicator: 10.0
   Increment on tard indicator:     0.0
   Value of tmax indicator:         10.0

Task for patient = 40 with skills = {4,-1} and cost = 6.0
   Vehicle #0 = 5, leaving at = 516.0
   Vehicle #1 = -1, leaving at = inf
   Increment on distance indicator: 18.0
   Increment on tard indicator:     0.0
   Value of tmax indicator:         18.0

Task for patient = 14 with skills = {2,5} and cost = 25.7
   Vehicle #0 = 0, leaving at = 599.0
   Vehicle #1 = 5, leaving at = 599.0
   Increment on distance indicator: 59.0
   Increment on tard indicator:     0.0
   Value of tmax indicator:         59.0

Task for patient = 35 with skills = {2,4} and cost = 30.3
   Vehicle #0 = 2, leaving at = 547.0
   Vehicle #1 = 6, leaving at = 553.0
   Increment on distance indicator: 14.0
   Increment on tard indicator:     0.0
   Value of tmax indicator:         14.0

Task for patient = 48 with skills = {2,4} and cost = 51.0
   Vehicle #0 = 2, leaving at = 623.0
   Vehicle #1 = 6, leaving at = 661.0
   Increment on distance indicator: 62.0
   Increment on tard indicator:     0.0
   Value of tmax indicator:         62.0

Task for patient = 1 with skills = {2,-1} and cost = 55.3
   Vehicle #0 = 2, leaving at = 666.0
   Vehicle #1 = -1, leaving at = inf
   Increment on distance indicator: 13.0
   Increment on tard indicator:     0.0
   Value of tmax indicator:         13.0

Task for patient = 49 with skills = {3,-1} and cost = 57.3
   Vehicle #0 = 6, leaving at = 682.0
   Vehicle #1 = -1, leaving at = inf
   Increment on distance indicator: 6.0
   Increment on tard indicator:     0.0
   Value of tmax indicator:         6.0

Task for patient = 47 with skills = {1,4} and cost = 70.7
   Vehicle #0 = 1, leaving at = 562.0
   Vehicle #1 = 8, leaving at = 568.0
   Increment on distance indicator: 40.0
   Increment on tard indicator:     0.0
   Value of tmax indicator:         40.0

Task for patient = 15 with skills = {1,4} and cost = 79.3
   Vehicle #0 = 1, leaving at = 605.0
   Vehicle #1 = 8, leaving at = 657.0
   Increment on distance indicator: 26.0
   Increment on tard indicator:     0.0
   Value of tmax indicator:         26.0

Task for patient = 36 with skills = {2,4} and cost = 84.7
   Vehicle #0 = 2, leaving at = 715.0
   Vehicle #1 = 6, leaving at = 746.0
   Increment on distance indicator: 16.0
   Increment on tard indicator:     0.0
   Value of tmax indicator:         16.0

Task for patient = 21 with skills = {2,4} and cost = 86.7
   Vehicle #0 = 2, leaving at = 761.0
   Vehicle #1 = 6, leaving at = 805.0
   Increment on distance indicator: 6.0
   Increment on tard indicator:     0.0
   Value of tmax indicator:         6.0

Task for patient = 34 with skills = {0,-1} and cost = 89.7
   Vehicle #0 = 1, leaving at = 637.0
   Vehicle #1 = -1, leaving at = inf
   Increment on distance indicator: 9.0
   Increment on tard indicator:     0.0
   Value of tmax indicator:         9.0

Task for patient = 39 with skills = {5,-1} and cost = 161.7
   Vehicle #0 = 7, leaving at = 773.0
   Vehicle #1 = -1, leaving at = inf
   Increment on distance indicator: 5.0
   Increment on tard indicator:     0.0
   Value of tmax indicator:         5.0

Task for patient = 41 with skills = {0,5} and cost = 107.7
   Vehicle #0 = 1, leaving at = 728.0
   Vehicle #1 = 8, leaving at = 719.0
   Increment on distance indicator: 20.0
   Increment on tard indicator:     0.0
   Value of tmax indicator:         20.0

Task for patient = 43 with skills = {3,-1} and cost = 118.0
   Vehicle #0 = 7, leaving at = 583.0
   Vehicle #1 = -1, leaving at = inf
   Increment on distance indicator: 31.0
   Increment on tard indicator:     0.0
   Value of tmax indicator:         31.0

Task for patient = 5 with skills = {1,3} and cost = 122.7
   Vehicle #0 = 4, leaving at = 624.0
   Vehicle #1 = 7, leaving at = 640.0
   Increment on distance indicator: 14.0
   Increment on tard indicator:     0.0
   Value of tmax indicator:         14.0

Task for patient = 24 with skills = {4,-1} and cost = 130.3
   Vehicle #0 = 5, leaving at = 638.0
   Vehicle #1 = -1, leaving at = inf
   Increment on distance indicator: 23.0
   Increment on tard indicator:     0.0
   Value of tmax indicator:         23.0

Task for patient = 50 with skills = {3,-1} and cost = 131.0
   Vehicle #0 = 7, leaving at = 683.0
   Vehicle #1 = -1, leaving at = inf
   Increment on distance indicator: 2.0
   Increment on tard indicator:     0.0
   Value of tmax indicator:         2.0

Task for patient = 37 with skills = {2,-1} and cost = 138.0
   Vehicle #0 = 0, leaving at = 724.0
   Vehicle #1 = -1, leaving at = inf
   Increment on distance indicator: 21.0
   Increment on tard indicator:     0.0
   Value of tmax indicator:         21.0

Task for patient = 27 with skills = {3,-1} and cost = 140.0
   Vehicle #0 = 5, leaving at = 743.0
   Vehicle #1 = -1, leaving at = inf
   Increment on distance indicator: 6.0
   Increment on tard indicator:     0.0
   Value of tmax indicator:         6.0

Task for patient = 29 with skills = {1,5} and cost = 143.3
   Vehicle #0 = 1, leaving at = 793.0
   Vehicle #1 = 8, leaving at = 751.0
   Increment on distance indicator: 10.0
   Increment on tard indicator:     0.0
   Value of tmax indicator:         10.0

Task for patient = 9 with skills = {0,-1} and cost = 145.3
   Vehicle #0 = 0, leaving at = 746.0
   Vehicle #1 = -1, leaving at = inf
   Increment on distance indicator: 6.0
   Increment on tard indicator:     0.0
   Value of tmax indicator:         6.0

Task for patient = 33 with skills = {3,-1} and cost = 153.3
   Vehicle #0 = 5, leaving at = 783.0
   Vehicle #1 = -1, leaving at = inf
   Increment on distance indicator: 24.0
   Increment on tard indicator:     0.0
   Value of tmax indicator:         24.0

Task for patient = 16 with skills = {2,-1} and cost = 156.7
   Vehicle #0 = 4, leaving at = 680.0
   Vehicle #1 = -1, leaving at = inf
   Increment on distance indicator: 10.0
   Increment on tard indicator:     0.0
   Value of tmax indicator:         10.0

Task for patient = 44 with skills = {3,-1} and cost = 160.0
   Vehicle #0 = 7, leaving at = 726.0
   Vehicle #1 = -1, leaving at = inf
   Increment on distance indicator: 10.0
   Increment on tard indicator:     0.0
   Value of tmax indicator:         10.0

Task for patient = 3 with skills = {2,-1} and cost = 101.0
   Vehicle #0 = 4, leaving at = 589.0
   Vehicle #1 = -1, leaving at = inf
   Increment on distance indicator: 34.0
   Increment on tard indicator:     0.0
   Value of tmax indicator:         34.0


Unused vehicle list: (total = 0 out of 10)

---
Search finished.
Total of 1900 generations in 61.8 seconds.
Exchange elite runs: 23
Implicit path relinking runs: 10
Reset attempts: 2

Best solution found:
   Cost: 320.3
   Total travel time: 961.0
   Total tardiness time: 0.0
   Largest tardiness: 0.0


320.3
