This host is: malboro
--- BRKGA-MP-IPR for HHCRSP ---
Instance: /home/alberto/work/hhcrsp-dataset-2021/dataset2/HHCRSP_200_40_29_1.2_R_R.txt
Seed: 20

Reading data... Problem contains 200 patients  and 40 caregivers.

Summary of supply x demand for each service type:
Skill 0 has supply = 13 and demand = 58, ratio = 0.224138
Skill 1 has supply = 13 and demand = 40, ratio = 0.325
Skill 2 has supply = 12 and demand = 44, ratio = 0.272727
Skill 3 has supply = 11 and demand = 46, ratio = 0.23913
Skill 4 has supply = 12 and demand = 41, ratio = 0.292683
Skill 5 has supply = 10 and demand = 31, ratio = 0.322581

Reading parameters...
Inferred distance function by PR type: kendall-tau
Building BRKGA data and initializing...
Evolving 1900 generations...

  Gens  Rem    Local   ElDiv NoImpr             Best solution            Time  Op
                                       Cost     Dist    Tard    TMax 
*    0 1900  5894.33  385.10      0  5894.33  4220.00 12966.0   497.0     0.3    
*    2 1898  5072.67  361.34      0  5072.67  4182.00 10574.0   462.0     0.8    
*    5 1895  4791.67  314.60      0  4791.67  4240.00  8799.0   445.0     1.6    
*    6 1894  4494.67  287.78      0  4494.67  4193.00  6752.0   291.0     1.9    
*    7 1893  3745.33  279.51      0  3745.33  4132.00  6444.0   342.0     2.1    
*    8 1892  3639.33  281.35      0  3639.33  4227.00  6314.0   286.0     2.4    
*    9 1891  3609.00  272.70      0  3609.00  4170.00  5434.0   350.0     2.7    
*   10 1890  3318.00  252.13      0  3318.00  4194.00  4805.0   398.0     2.9    
*   11 1889  3132.33  234.59      0  3132.33  4085.00  4492.0   278.0     3.2    
*   12 1888  2951.67  223.77      0  2951.67  4196.00  3684.0   380.0     3.5    
*   13 1887  2753.33  223.22      0  2753.33  4099.00  3533.0   231.0     3.7    
*   14 1886  2621.00  212.27      0  2621.00  4044.00  3076.0   341.0     4.0    
*   15 1885  2487.00  177.30      0  2487.00  4188.00  2146.0   221.0     4.3    
*   16 1884  2185.00  161.71      0  2185.00  4188.00  2146.0   221.0     4.5    
*   18 1882  2054.00  157.13      0  2054.00  4009.00  1496.0   163.0     5.1    

  Gens  Rem    Local   ElDiv NoImpr             Best solution            Time  Op
                                       Cost     Dist    Tard    TMax 
*   19 1881  1889.33  147.06      0  1889.33  4009.00  1496.0   163.0     5.3    
*   21 1879  1800.33  135.60      0  1800.33  3933.00   911.0   251.0     5.9    
*   22 1878  1698.33  122.40      0  1698.33  3933.00   911.0   251.0     6.1    
*   24 1876  1665.67   97.24      0  1665.67  3936.00   825.0   236.0     6.7    
*   26 1874  1538.67   86.82      0  1538.67  3774.00   517.0   166.0     7.2    
*   27 1873  1485.67   82.81      0  1485.67  3817.00   267.0    88.0     7.4    
*   28 1872  1390.67   76.15      0  1390.67  3894.00   154.0    95.0     7.7    
*   29 1871  1381.00   70.15      0  1381.00  3949.00    97.0    21.0     8.0    
*   30 1870  1355.67   61.96      0  1355.67  3949.00    97.0    21.0     8.2    
*   32 1868  1328.00   53.42      0  1328.00  3743.00   193.0    48.0     8.8    
*   35 1865  1284.33   39.18      0  1284.33  3734.00    12.0     8.0     9.6    
*   36 1864  1251.33   36.17      0  1251.33  3734.00    12.0     8.0     9.8    
*   39 1861  1238.00   28.74      0  1238.00  3701.00     8.0     5.0    10.6    
*   45 1855  1224.00   20.02      0  1224.00  3662.00     7.0     3.0    12.2    
*   50 1850  1220.33   17.06      0  1220.33  3518.00    74.0    24.0    13.6    
*   51 1849  1205.33   16.35      0  1205.33  3518.00    74.0    24.0    13.8    

  Gens  Rem    Local   ElDiv NoImpr             Best solution            Time  Op
                                       Cost     Dist    Tard    TMax 
*   54 1846  1201.33   16.48      0  1201.33  3567.00    19.0     5.0    14.6    
*   55 1845  1197.00   16.51      0  1197.00  3531.00    18.0     5.0    14.9    
*   56 1844  1184.67   15.92      0  1184.67  3531.00    18.0     5.0    15.2    
*   60 1840  1161.00   16.48      0  1161.00  3430.00    45.0     8.0    16.2    
*   72 1828  1160.00   14.94      0  1160.00  3460.00     3.0     2.0    19.4    
*   73 1827  1155.00   14.91      0  1155.00  3460.00     3.0     2.0    19.7    
*   76 1824  1152.33   14.28      0  1152.33  3423.00    13.0     5.0    20.5    
*   77 1823  1147.00   14.22      0  1147.00  3408.00    11.0     5.0    20.8    
*   78 1822  1141.33   13.69      0  1141.33  3408.00    11.0     5.0    21.0    
*   80 1820  1131.00   13.17      0  1131.00  3374.00    14.0     5.0    21.6    
    80 1820  1131.00    9.12      1  1131.00  3374.00    14.0     5.0    21.6   X
*   90 1810  1120.00    8.37      0  1120.00  3347.00     9.0     4.0    24.2    
   100 1800  1120.00    9.18     10  1120.00  3347.00     9.0     4.0    26.9    
*  109 1791  1115.67    9.96      0  1115.67  3336.00     8.0     3.0    29.3    
*  114 1786  1109.00   10.01      0  1109.00  3307.00    11.0     9.0    30.6    
*  117 1783  1107.67   10.88      0  1107.67  3298.00     6.0     3.0    31.4    

  Gens  Rem    Local   ElDiv NoImpr             Best solution            Time  Op
                                       Cost     Dist    Tard    TMax 
*  118 1782  1102.33   11.27      0  1102.33  3298.00     6.0     3.0    31.7    
*  121 1779  1097.00   11.53      0  1097.00  3286.00     3.0     2.0    32.5    
*  136 1764  1092.67   11.80      0  1092.67  3270.00     6.0     2.0    36.5    
*  141 1759  1087.00   11.60      0  1087.00  3245.00    12.0     4.0    37.8    
   150 1750  1087.00   10.90      9  1087.00  3245.00    12.0     4.0    40.2    
*  151 1749  1073.33   10.79      0  1073.33  3193.00    21.0     6.0    40.5    
   160 1740  1073.33    8.52     10  1073.33  3193.00    21.0     6.0    42.9   X
*  174 1726  1072.00    6.96      0  1072.00  3214.00     1.0     1.0    46.6    
*  176 1724  1069.33    7.33      0  1069.33  3166.00    19.0     6.0    47.1    
*  177 1723  1063.67    7.23      0  1063.67  3166.00    19.0     6.0    47.4    
Path relinking result: best improvement.
   180 1720  1047.00    7.86      0  1063.67  3166.00    19.0     6.0    48.4   P
*  181 1719  1047.00    7.89      0  1047.00  3127.00    11.0     3.0    48.6    
   200 1700  1047.00    8.29     19  1047.00  3127.00    11.0     3.0    53.7    
*  229 1671  1046.33    8.79      0  1046.33  3128.00     8.0     3.0    61.4    
*  233 1667  1044.33    8.77      0  1044.33  3111.00    18.0     4.0    62.5    
   240 1660  1044.33    6.23      8  1044.33  3111.00    18.0     4.0    64.3   X

  Gens  Rem    Local   ElDiv NoImpr             Best solution            Time  Op
                                       Cost     Dist    Tard    TMax 
*  248 1652  1030.33    5.81      0  1030.33  3089.00     1.0     1.0    66.5    
   250 1650  1030.33    5.73      2  1030.33  3089.00     1.0     1.0    67.0    
*  273 1627  1021.33    5.35      0  1021.33  3058.00     3.0     3.0    73.1    
   300 1600  1021.33    5.48     27  1021.33  3058.00     3.0     3.0    80.3    
*  310 1590  1015.67    5.68      0  1015.67  3039.00     4.0     4.0    82.9    
   320 1580  1015.67    5.73     11  1015.67  3039.00     4.0     4.0    85.6   X
*  341 1559  1011.67    5.60      0  1011.67  3028.00     4.0     3.0    91.2    
   350 1550  1011.67    5.17      9  1011.67  3028.00     4.0     3.0    93.6    
*  358 1542  1006.00    5.21      0  1006.00  3004.00     8.0     6.0    95.7    
Path relinking result: elite improvement.
   360 1540  1006.00    5.46      3  1006.00  3004.00     8.0     6.0    96.4   P
*  377 1523   997.33    5.47      0   997.33  2988.00     2.0     2.0   100.9    
*  394 1506   995.00    6.11      0   995.00  2975.00     7.0     3.0   105.4    
*  400 1500   985.00    6.65      0   985.00  2950.00     3.0     2.0   107.0    
   400 1500   985.00    5.47      1   985.00  2950.00     3.0     2.0   107.0   X
*  406 1494   974.00    5.69      0   974.00  2912.00     7.0     3.0   108.6    
*  424 1476   972.33    6.51      0   972.33  2887.00    10.0     6.0   113.4    

  Gens  Rem    Local   ElDiv NoImpr             Best solution            Time  Op
                                       Cost     Dist    Tard    TMax 
*  425 1475   967.67    6.43      0   967.67  2887.00    10.0     6.0   113.7    
*  432 1468   967.00    6.46      0   967.00  2894.00     0.0     0.0   115.5    
*  433 1467   964.67    6.64      0   964.67  2864.00     7.0     3.0   115.8    
*  434 1466   958.00    6.52      0   958.00  2864.00     7.0     3.0   116.0    
*  437 1463   946.00    7.08      0   946.00  2834.00     2.0     2.0   116.8    
   450 1450   946.00    7.25     13   946.00  2834.00     2.0     2.0   120.3    
*  453 1447   943.00    7.52      0   943.00  2829.00     0.0     0.0   121.1    
*  456 1444   939.67    7.74      0   939.67  2819.00     0.0     0.0   121.9    
*  459 1441   935.00    7.86      0   935.00  2805.00     0.0     0.0   122.7    
*  462 1438   933.67    8.23      0   933.67  2790.00     5.0     3.0   123.4    
*  463 1437   932.67    8.35      0   932.67  2792.00     0.0     0.0   123.7    
*  464 1436   930.67    8.32      0   930.67  2792.00     0.0     0.0   124.0    
*  467 1433   928.67    8.51      0   928.67  2783.00     2.0     1.0   124.8    
*  472 1428   926.33    8.46      0   926.33  2779.00     0.0     0.0   126.1    
*  478 1422   926.00    8.36      0   926.00  2773.00     0.0     0.0   127.7    
*  479 1421   924.33    8.20      0   924.33  2773.00     0.0     0.0   127.9    

  Gens  Rem    Local   ElDiv NoImpr             Best solution            Time  Op
                                       Cost     Dist    Tard    TMax 
   480 1420   924.33    2.43      2   924.33  2773.00     0.0     0.0   128.2   X
*  483 1417   924.00    2.22      0   924.00  2772.00     0.0     0.0   129.0    
*  485 1415   923.67    2.11      0   923.67  2768.00     0.0     0.0   129.5    
*  486 1414   922.67    1.99      0   922.67  2768.00     0.0     0.0   129.8    
*  489 1411   922.00    1.71      0   922.00  2766.00     0.0     0.0   130.6    
*  495 1405   921.67    1.54      0   921.67  2763.00     0.0     0.0   132.2    
*  496 1404   921.00    1.51      0   921.00  2763.00     0.0     0.0   132.4    
*  500 1400   919.33    1.33      0   919.33  2758.00     0.0     0.0   133.5    
*  512 1388   918.67    1.04      0   918.67  2754.00     0.0     0.0   136.6    
*  513 1387   918.00    1.09      0   918.00  2754.00     0.0     0.0   136.9    
*  516 1384   917.33    1.33      0   917.33  2750.00     0.0     0.0   137.7    
*  517 1383   916.67    1.30      0   916.67  2750.00     0.0     0.0   138.0    
*  526 1374   916.33    0.96      0   916.33  2749.00     0.0     0.0   140.3    
*  530 1370   915.67    0.66      0   915.67  2747.00     0.0     0.0   141.4    
*  532 1368   915.00    0.33      0   915.00  2745.00     0.0     0.0   141.9    
*  538 1362   914.67    0.57      0   914.67  2742.00     1.0     1.0   143.5    
Path relinking result: best improvement.

  Gens  Rem    Local   ElDiv NoImpr             Best solution            Time  Op
                                       Cost     Dist    Tard    TMax 
   540 1360   911.67    0.62      0   914.67  2742.00     1.0     1.0   144.2   P
*  541 1359   911.67    0.63      0   911.67  2735.00     0.0     0.0   144.5    
   550 1350   911.67    1.08      9   911.67  2735.00     0.0     0.0   146.8    
*  556 1344   911.33    1.29      0   911.33  2729.00     1.0     1.0   148.4    
*  557 1343   910.33    1.35      0   910.33  2729.00     1.0     1.0   148.7    
   560 1340   910.00    1.34      0   910.33  2729.00     1.0     1.0   149.5   X
*  561 1339   910.00    1.37      0   910.00  2727.00     1.0     1.0   149.7    
*  562 1338   909.67    1.40      0   909.67  2727.00     1.0     1.0   150.0    
*  564 1336   909.00    1.42      0   909.00  2725.00     1.0     1.0   150.5    
*  566 1334   908.67    1.24      0   908.67  2724.00     1.0     1.0   151.0    
*  572 1328   908.33    0.63      0   908.33  2722.00     1.0     1.0   152.6    
*  573 1327   908.00    0.52      0   908.00  2722.00     1.0     1.0   152.9    
*  588 1312   907.00    0.33      0   907.00  2719.00     1.0     1.0   156.8    
*  590 1310   906.67    0.36      0   906.67  2716.00     1.0     1.0   157.4    
*  591 1309   906.00    0.41      0   906.00  2716.00     1.0     1.0   157.6    
   600 1300   906.00    0.83      9   906.00  2716.00     1.0     1.0   160.0    

  Gens  Rem    Local   ElDiv NoImpr             Best solution            Time  Op
                                       Cost     Dist    Tard    TMax 
*  617 1283   905.67    0.57      0   905.67  2715.00     1.0     1.0   164.5    
*  619 1281   904.00    0.12      0   904.00  2710.00     1.0     1.0   165.0    
*  627 1273   903.67    0.84      0   903.67  2709.00     1.0     1.0   167.1    
   640 1260   903.67    0.39     14   903.67  2709.00     1.0     1.0   170.6   X
   650 1250   903.67    0.00     23   903.67  2709.00     1.0     1.0   173.2    
   700 1200   903.67    0.00     73   903.67  2709.00     1.0     1.0   186.4    
   706 1194      inf  444.52      0   903.67  2709.00     1.0     1.0   188.2   R
   707 1193  6266.33  352.74      0   903.67  2709.00     1.0     1.0   188.4    
Path relinking result: best improvement.
   720 1180  2627.00  164.87      0   903.67  2709.00     1.0     1.0   192.1  PX
   750 1150  1224.67   18.38      5   903.67  2709.00     1.0     1.0   200.1    
   800 1100  1116.00   11.73      0   903.67  2709.00     1.0     1.0   213.4    
   800 1100  1116.00    8.63      1   903.67  2709.00     1.0     1.0   213.4   X
   850 1050  1097.67    8.54      3   903.67  2709.00     1.0     1.0   226.7    
   880 1020  1071.00    6.69      6   903.67  2709.00     1.0     1.0   234.7   X
   900 1000  1063.33    5.71     17   903.67  2709.00     1.0     1.0   240.0    
Path relinking result: best improvement.
   900 1000  1048.00    6.28      0   903.67  2709.00     1.0     1.0   240.2   P

  Gens  Rem    Local   ElDiv NoImpr             Best solution            Time  Op
                                       Cost     Dist    Tard    TMax 
   950  950  1040.33    6.80      0   903.67  2709.00     1.0     1.0   253.5    
   960  940  1030.00    5.75      1   903.67  2709.00     1.0     1.0   256.2   X
  1000  900  1014.33    6.58     11   903.67  2709.00     1.0     1.0   266.8    
  1040  860   997.33    4.41      9   903.67  2709.00     1.0     1.0   277.4   X
  1050  850   992.33    4.13      0   903.67  2709.00     1.0     1.0   280.0    
Path relinking result: best improvement.
  1080  820   983.00    4.53      0   903.67  2709.00     1.0     1.0   288.1   P
  1100  800   977.67    4.60      4   903.67  2709.00     1.0     1.0   293.4    
  1120  780   977.67    4.18     25   903.67  2709.00     1.0     1.0   298.7   X
  1150  750   977.33    4.18     14   903.67  2709.00     1.0     1.0   306.6    
  1200  700   970.33    4.15     31   903.67  2709.00     1.0     1.0   319.8    
  1200  700   970.33    3.77     32   903.67  2709.00     1.0     1.0   319.8   X
  1250  650   962.00    3.72     25   903.67  2709.00     1.0     1.0   333.0    
Path relinking result: best improvement.
  1260  640   961.33    3.99      0   903.67  2709.00     1.0     1.0   335.8   P
  1280  620   958.67    3.19     12   903.67  2709.00     1.0     1.0   341.1   X
  1300  600   955.67    2.97      5   903.67  2709.00     1.0     1.0   346.4    
  1350  550   939.67    3.27      0   903.67  2709.00     1.0     1.0   359.6    

  Gens  Rem    Local   ElDiv NoImpr             Best solution            Time  Op
                                       Cost     Dist    Tard    TMax 
  1360  540   935.33    0.89      2   903.67  2709.00     1.0     1.0   362.2   X
  1400  500   925.00    1.89      2   903.67  2709.00     1.0     1.0   372.7    
Path relinking result: best improvement.
  1440  460   915.33    0.95      0   903.67  2709.00     1.0     1.0   383.4  PX
  1450  450   913.33    0.61      0   903.67  2709.00     1.0     1.0   386.0    
  1500  400   912.00    0.02     39   903.67  2709.00     1.0     1.0   399.1    
  1520  380   911.33    0.31     17   903.67  2709.00     1.0     1.0   404.4   X
  1550  350   911.33    0.00     46   903.67  2709.00     1.0     1.0   412.3    
  1583  317      inf  446.72      0   903.67  2709.00     1.0     1.0   421.1   R
  1584  316  5831.00  366.90      0   903.67  2709.00     1.0     1.0   421.4    
  1600  300  2368.00  151.19      1   903.67  2709.00     1.0     1.0   425.7    
  1600  300  2241.33  118.86      0   903.67  2709.00     1.0     1.0   425.7   X
Path relinking result: best improvement.
  1620  280  1238.33   35.85      0   903.67  2709.00     1.0     1.0   431.2   P
  1650  250  1157.00   11.93      0   903.67  2709.00     1.0     1.0   439.2    
  1680  220  1115.00    8.32      7   903.67  2709.00     1.0     1.0   447.2   X
  1700  200  1115.00    7.55     26   903.67  2709.00     1.0     1.0   452.5    
  1750  150  1073.33    8.47      9   903.67  2709.00     1.0     1.0   465.8    

  Gens  Rem    Local   ElDiv NoImpr             Best solution            Time  Op
                                       Cost     Dist    Tard    TMax 
  1760  140  1055.00    9.97      2   903.67  2709.00     1.0     1.0   468.5   X
  1800  100  1022.33    7.53      0   903.67  2709.00     1.0     1.0   479.1    
Path relinking result: best improvement.
  1800  100  1022.00    8.10      0   903.67  2709.00     1.0     1.0   479.3   P
  1840   60  1002.33    5.97     11   903.67  2709.00     1.0     1.0   489.9   X
  1850   50   991.33    5.90      0   903.67  2709.00     1.0     1.0   492.6    
  1900    0   991.33    5.10     50   903.67  2709.00     1.0     1.0   505.6    
Evolutionary process finished.
Solution written to 'solution-9057.txt'.

Sorted sequence of worst to best tardiness value:
Task for patient = 148 with skills = {1,-1} and cost = 384.0
   Vehicle #0 = 14, leaving at = 738.0
   Vehicle #1 = -1, leaving at = inf
   Increment on distance indicator: 10.0
   Increment on tard indicator:     4.0
   Value of tmax indicator:         10.0

Task for patient = 172 with skills = {5,-1} and cost = 548.3
   Vehicle #0 = 38, leaving at = 958.0
   Vehicle #1 = -1, leaving at = inf
   Increment on distance indicator: 7.0
   Increment on tard indicator:     4.0
   Value of tmax indicator:         7.0

Task for patient = 80 with skills = {1,5} and cost = 757.0
   Vehicle #0 = 5, leaving at = 1122.0
   Vehicle #1 = 27, leaving at = 1170.0
   Increment on distance indicator: 19.0
   Increment on tard indicator:     3.0
   Value of tmax indicator:         19.0

Task for patient = 111 with skills = {0,-1} and cost = 496.3
   Vehicle #0 = 4, leaving at = 884.0
   Vehicle #1 = -1, leaving at = inf
   Increment on distance indicator: 11.0
   Increment on tard indicator:     0.0
   Value of tmax indicator:         11.0

Task for patient = 121 with skills = {4,-1} and cost = 497.3
   Vehicle #0 = 27, leaving at = 973.0
   Vehicle #1 = -1, leaving at = inf
   Increment on distance indicator: 3.0
   Increment on tard indicator:     0.0
   Value of tmax indicator:         3.0

Task for patient = 198 with skills = {1,5} and cost = 499.3
   Vehicle #0 = 5, leaving at = 901.0
   Vehicle #1 = 26, leaving at = 897.0
   Increment on distance indicator: 6.0
   Increment on tard indicator:     0.0
   Value of tmax indicator:         6.0

Task for patient = 28 with skills = {0,3} and cost = 503.0
   Vehicle #0 = 0, leaving at = 919.0
   Vehicle #1 = 31, leaving at = 919.0
   Increment on distance indicator: 11.0
   Increment on tard indicator:     0.0
   Value of tmax indicator:         11.0

Task for patient = 116 with skills = {0,-1} and cost = 505.7
   Vehicle #0 = 1, leaving at = 939.0
   Vehicle #1 = -1, leaving at = inf
   Increment on distance indicator: 8.0
   Increment on tard indicator:     0.0
   Value of tmax indicator:         8.0

Task for patient = 104 with skills = {1,4} and cost = 508.3
   Vehicle #0 = 9, leaving at = 905.0
   Vehicle #1 = 22, leaving at = 918.0
   Increment on distance indicator: 8.0
   Increment on tard indicator:     0.0
   Value of tmax indicator:         8.0

Task for patient = 130 with skills = {0,-1} and cost = 512.7
   Vehicle #0 = 16, leaving at = 809.0
   Vehicle #1 = -1, leaving at = inf
   Increment on distance indicator: 13.0
   Increment on tard indicator:     0.0
   Value of tmax indicator:         13.0

Task for patient = 164 with skills = {1,-1} and cost = 514.7
   Vehicle #0 = 7, leaving at = 934.0
   Vehicle #1 = -1, leaving at = inf
   Increment on distance indicator: 6.0
   Increment on tard indicator:     0.0
   Value of tmax indicator:         6.0

Task for patient = 118 with skills = {2,5} and cost = 520.3
   Vehicle #0 = 13, leaving at = 933.0
   Vehicle #1 = 38, leaving at = 929.0
   Increment on distance indicator: 17.0
   Increment on tard indicator:     0.0
   Value of tmax indicator:         17.0

Task for patient = 18 with skills = {0,4} and cost = 525.0
   Vehicle #0 = 2, leaving at = 936.0
   Vehicle #1 = 24, leaving at = 946.0
   Increment on distance indicator: 14.0
   Increment on tard indicator:     0.0
   Value of tmax indicator:         14.0

Task for patient = 100 with skills = {5,-1} and cost = 528.7
   Vehicle #0 = 21, leaving at = 919.0
   Vehicle #1 = -1, leaving at = inf
   Increment on distance indicator: 11.0
   Increment on tard indicator:     0.0
   Value of tmax indicator:         11.0

Task for patient = 90 with skills = {2,4} and cost = 492.7
   Vehicle #0 = 6, leaving at = 883.0
   Vehicle #1 = 25, leaving at = 894.0
   Increment on distance indicator: 9.0
   Increment on tard indicator:     0.0
   Value of tmax indicator:         9.0

Task for patient = 42 with skills = {0,-1} and cost = 542.3
   Vehicle #0 = 10, leaving at = 970.0
   Vehicle #1 = -1, leaving at = inf
   Increment on distance indicator: 8.0
   Increment on tard indicator:     0.0
   Value of tmax indicator:         8.0

Task for patient = 11 with skills = {3,-1} and cost = 544.7
   Vehicle #0 = 36, leaving at = 801.0
   Vehicle #1 = -1, leaving at = inf
   Increment on distance indicator: 7.0
   Increment on tard indicator:     0.0
   Value of tmax indicator:         7.0

Task for patient = 145 with skills = {2,4} and cost = 575.3
   Vehicle #0 = 1, leaving at = 1029.0
   Vehicle #1 = 27, leaving at = 1040.0
   Increment on distance indicator: 8.0
   Increment on tard indicator:     0.0
   Value of tmax indicator:         8.0

Task for patient = 192 with skills = {2,-1} and cost = 549.7
   Vehicle #0 = 6, leaving at = 934.0
   Vehicle #1 = -1, leaving at = inf
   Increment on distance indicator: 4.0
   Increment on tard indicator:     0.0
   Value of tmax indicator:         4.0

Task for patient = 197 with skills = {0,4} and cost = 555.3
   Vehicle #0 = 1, leaving at = 999.0
   Vehicle #1 = 27, leaving at = 999.0
   Increment on distance indicator: 17.0
   Increment on tard indicator:     0.0
   Value of tmax indicator:         17.0

Task for patient = 33 with skills = {0,-1} and cost = 559.0
   Vehicle #0 = 16, leaving at = 845.0
   Vehicle #1 = -1, leaving at = inf
   Increment on distance indicator: 11.0
   Increment on tard indicator:     0.0
   Value of tmax indicator:         11.0

Task for patient = 119 with skills = {5,-1} and cost = 563.0
   Vehicle #0 = 33, leaving at = 996.0
   Vehicle #1 = -1, leaving at = inf
   Increment on distance indicator: 12.0
   Increment on tard indicator:     0.0
   Value of tmax indicator:         12.0

Task for patient = 79 with skills = {5,-1} and cost = 566.0
   Vehicle #0 = 21, leaving at = 981.0
   Vehicle #1 = -1, leaving at = inf
   Increment on distance indicator: 9.0
   Increment on tard indicator:     0.0
   Value of tmax indicator:         9.0

Task for patient = 82 with skills = {0,-1} and cost = 569.3
   Vehicle #0 = 18, leaving at = 989.0
   Vehicle #1 = -1, leaving at = inf
   Increment on distance indicator: 10.0
   Increment on tard indicator:     0.0
   Value of tmax indicator:         10.0

Task for patient = 41 with skills = {1,-1} and cost = 570.3
   Vehicle #0 = 7, leaving at = 996.0
   Vehicle #1 = -1, leaving at = inf
   Increment on distance indicator: 3.0
   Increment on tard indicator:     0.0
   Value of tmax indicator:         3.0

Task for patient = 151 with skills = {2,3} and cost = 539.7
   Vehicle #0 = 11, leaving at = 928.0
   Vehicle #1 = 33, leaving at = 928.0
   Increment on distance indicator: 33.0
   Increment on tard indicator:     0.0
   Value of tmax indicator:         33.0

Task for patient = 154 with skills = {1,-1} and cost = 412.7
   Vehicle #0 = 16, leaving at = 723.0
   Vehicle #1 = -1, leaving at = inf
   Increment on distance indicator: 5.0
   Increment on tard indicator:     0.0
   Value of tmax indicator:         5.0

Task for patient = 142 with skills = {1,3} and cost = 430.3
   Vehicle #0 = 5, leaving at = 850.0
   Vehicle #1 = 26, leaving at = 863.0
   Increment on distance indicator: 35.0
   Increment on tard indicator:     0.0
   Value of tmax indicator:         35.0

Task for patient = 196 with skills = {0,3} and cost = 436.0
   Vehicle #0 = 18, leaving at = 809.0
   Vehicle #1 = 31, leaving at = 809.0
   Increment on distance indicator: 17.0
   Increment on tard indicator:     0.0
   Value of tmax indicator:         17.0

Task for patient = 109 with skills = {1,4} and cost = 439.7
   Vehicle #0 = 7, leaving at = 872.0
   Vehicle #1 = 22, leaving at = 868.0
   Increment on distance indicator: 11.0
   Increment on tard indicator:     0.0
   Value of tmax indicator:         11.0

Task for patient = 77 with skills = {0,4} and cost = 444.3
   Vehicle #0 = 18, leaving at = 834.0
   Vehicle #1 = 23, leaving at = 834.0
   Increment on distance indicator: 14.0
   Increment on tard indicator:     0.0
   Value of tmax indicator:         14.0

Task for patient = 64 with skills = {1,-1} and cost = 446.3
   Vehicle #0 = 18, leaving at = 911.0
   Vehicle #1 = -1, leaving at = inf
   Increment on distance indicator: 6.0
   Increment on tard indicator:     0.0
   Value of tmax indicator:         6.0

Task for patient = 70 with skills = {2,-1} and cost = 448.7
   Vehicle #0 = 8, leaving at = 807.0
   Vehicle #1 = -1, leaving at = inf
   Increment on distance indicator: 7.0
   Increment on tard indicator:     0.0
   Value of tmax indicator:         7.0

Task for patient = 191 with skills = {0,-1} and cost = 451.0
   Vehicle #0 = 0, leaving at = 830.0
   Vehicle #1 = -1, leaving at = inf
   Increment on distance indicator: 7.0
   Increment on tard indicator:     0.0
   Value of tmax indicator:         7.0

Task for patient = 175 with skills = {4,-1} and cost = 453.0
   Vehicle #0 = 33, leaving at = 804.0
   Vehicle #1 = -1, leaving at = inf
   Increment on distance indicator: 6.0
   Increment on tard indicator:     0.0
   Value of tmax indicator:         6.0

Task for patient = 25 with skills = {3,-1} and cost = 454.7
   Vehicle #0 = 28, leaving at = 844.0
   Vehicle #1 = -1, leaving at = inf
   Increment on distance indicator: 5.0
   Increment on tard indicator:     0.0
   Value of tmax indicator:         5.0

Task for patient = 187 with skills = {1,-1} and cost = 455.3
   Vehicle #0 = 7, leaving at = 906.0
   Vehicle #1 = -1, leaving at = inf
   Increment on distance indicator: 2.0
   Increment on tard indicator:     0.0
   Value of tmax indicator:         2.0

Task for patient = 107 with skills = {1,-1} and cost = 572.7
   Vehicle #0 = 13, leaving at = 985.0
   Vehicle #1 = -1, leaving at = inf
   Increment on distance indicator: 7.0
   Increment on tard indicator:     0.0
   Value of tmax indicator:         7.0

Task for patient = 103 with skills = {0,-1} and cost = 463.3
   Vehicle #0 = 1, leaving at = 893.0
   Vehicle #1 = -1, leaving at = inf
   Increment on distance indicator: 9.0
   Increment on tard indicator:     0.0
   Value of tmax indicator:         9.0

Task for patient = 124 with skills = {1,-1} and cost = 464.3
   Vehicle #0 = 14, leaving at = 932.0
   Vehicle #1 = -1, leaving at = inf
   Increment on distance indicator: 3.0
   Increment on tard indicator:     0.0
   Value of tmax indicator:         3.0

Task for patient = 113 with skills = {1,3} and cost = 469.0
   Vehicle #0 = 12, leaving at = 871.0
   Vehicle #1 = 33, leaving at = 871.0
   Increment on distance indicator: 14.0
   Increment on tard indicator:     0.0
   Value of tmax indicator:         14.0

Task for patient = 23 with skills = {0,-1} and cost = 470.3
   Vehicle #0 = 15, leaving at = 901.0
   Vehicle #1 = -1, leaving at = inf
   Increment on distance indicator: 4.0
   Increment on tard indicator:     0.0
   Value of tmax indicator:         4.0

Task for patient = 108 with skills = {0,-1} and cost = 472.0
   Vehicle #0 = 15, leaving at = 937.0
   Vehicle #1 = -1, leaving at = inf
   Increment on distance indicator: 5.0
   Increment on tard indicator:     0.0
   Value of tmax indicator:         5.0

Task for patient = 59 with skills = {4,-1} and cost = 474.0
   Vehicle #0 = 24, leaving at = 788.0
   Vehicle #1 = -1, leaving at = inf
   Increment on distance indicator: 6.0
   Increment on tard indicator:     0.0
   Value of tmax indicator:         6.0

Task for patient = 158 with skills = {5,-1} and cost = 476.7
   Vehicle #0 = 38, leaving at = 898.0
   Vehicle #1 = -1, leaving at = inf
   Increment on distance indicator: 8.0
   Increment on tard indicator:     0.0
   Value of tmax indicator:         8.0

Task for patient = 173 with skills = {4,-1} and cost = 479.3
   Vehicle #0 = 22, leaving at = 896.0
   Vehicle #1 = -1, leaving at = inf
   Increment on distance indicator: 8.0
   Increment on tard indicator:     0.0
   Value of tmax indicator:         8.0

Task for patient = 137 with skills = {1,-1} and cost = 480.3
   Vehicle #0 = 18, leaving at = 929.0
   Vehicle #1 = -1, leaving at = inf
   Increment on distance indicator: 3.0
   Increment on tard indicator:     0.0
   Value of tmax indicator:         3.0

Task for patient = 74 with skills = {2,-1} and cost = 485.0
   Vehicle #0 = 13, leaving at = 825.0
   Vehicle #1 = -1, leaving at = inf
   Increment on distance indicator: 14.0
   Increment on tard indicator:     0.0
   Value of tmax indicator:         14.0

Task for patient = 176 with skills = {0,4} and cost = 489.7
   Vehicle #0 = 2, leaving at = 884.0
   Vehicle #1 = 24, leaving at = 884.0
   Increment on distance indicator: 14.0
   Increment on tard indicator:     0.0
   Value of tmax indicator:         14.0

Task for patient = 114 with skills = {1,3} and cost = 460.3
   Vehicle #0 = 14, leaving at = 883.0
   Vehicle #1 = 28, leaving at = 883.0
   Increment on distance indicator: 15.0
   Increment on tard indicator:     0.0
   Value of tmax indicator:         15.0

Task for patient = 15 with skills = {0,-1} and cost = 672.7
   Vehicle #0 = 2, leaving at = 1024.0
   Vehicle #1 = -1, leaving at = inf
   Increment on distance indicator: 8.0
   Increment on tard indicator:     0.0
   Value of tmax indicator:         8.0

Task for patient = 76 with skills = {0,-1} and cost = 675.3
   Vehicle #0 = 13, leaving at = 1074.0
   Vehicle #1 = -1, leaving at = inf
   Increment on distance indicator: 8.0
   Increment on tard indicator:     0.0
   Value of tmax indicator:         8.0

Task for patient = 161 with skills = {2,-1} and cost = 679.7
   Vehicle #0 = 9, leaving at = 958.0
   Vehicle #1 = -1, leaving at = inf
   Increment on distance indicator: 13.0
   Increment on tard indicator:     0.0
   Value of tmax indicator:         13.0

Task for patient = 171 with skills = {2,-1} and cost = 682.3
   Vehicle #0 = 8, leaving at = 975.0
   Vehicle #1 = -1, leaving at = inf
   Increment on distance indicator: 8.0
   Increment on tard indicator:     0.0
   Value of tmax indicator:         8.0

Task for patient = 195 with skills = {2,5} and cost = 687.7
   Vehicle #0 = 6, leaving at = 1048.0
   Vehicle #1 = 30, leaving at = 1054.0
   Increment on distance indicator: 16.0
   Increment on tard indicator:     0.0
   Value of tmax indicator:         16.0

Task for patient = 193 with skills = {2,-1} and cost = 690.7
   Vehicle #0 = 13, leaving at = 1118.0
   Vehicle #1 = -1, leaving at = inf
   Increment on distance indicator: 9.0
   Increment on tard indicator:     0.0
   Value of tmax indicator:         9.0

Task for patient = 194 with skills = {1,-1} and cost = 691.7
   Vehicle #0 = 9, leaving at = 1020.0
   Vehicle #1 = -1, leaving at = inf
   Increment on distance indicator: 3.0
   Increment on tard indicator:     0.0
   Value of tmax indicator:         3.0

Task for patient = 78 with skills = {3,-1} and cost = 694.3
   Vehicle #0 = 26, leaving at = 1025.0
   Vehicle #1 = -1, leaving at = inf
   Increment on distance indicator: 8.0
   Increment on tard indicator:     0.0
   Value of tmax indicator:         8.0

Task for patient = 52 with skills = {2,-1} and cost = 695.3
   Vehicle #0 = 3, leaving at = 1041.0
   Vehicle #1 = -1, leaving at = inf
   Increment on distance indicator: 3.0
   Increment on tard indicator:     0.0
   Value of tmax indicator:         3.0

Task for patient = 177 with skills = {0,3} and cost = 699.0
   Vehicle #0 = 4, leaving at = 1036.0
   Vehicle #1 = 33, leaving at = 1064.0
   Increment on distance indicator: 11.0
   Increment on tard indicator:     0.0
   Value of tmax indicator:         11.0

Task for patient = 188 with skills = {1,-1} and cost = 700.7
   Vehicle #0 = 19, leaving at = 1110.0
   Vehicle #1 = -1, leaving at = inf
   Increment on distance indicator: 5.0
   Increment on tard indicator:     0.0
   Value of tmax indicator:         5.0

Task for patient = 1 with skills = {1,4} and cost = 418.7
   Vehicle #0 = 14, leaving at = 793.0
   Vehicle #1 = 21, leaving at = 793.0
   Increment on distance indicator: 18.0
   Increment on tard indicator:     0.0
   Value of tmax indicator:         18.0

Task for patient = 190 with skills = {3,-1} and cost = 709.0
   Vehicle #0 = 36, leaving at = 1072.0
   Vehicle #1 = -1, leaving at = inf
   Increment on distance indicator: 10.0
   Increment on tard indicator:     0.0
   Value of tmax indicator:         10.0

Task for patient = 199 with skills = {4,-1} and cost = 711.0
   Vehicle #0 = 23, leaving at = 929.0
   Vehicle #1 = -1, leaving at = inf
   Increment on distance indicator: 6.0
   Increment on tard indicator:     0.0
   Value of tmax indicator:         6.0

Task for patient = 157 with skills = {0,5} and cost = 716.7
   Vehicle #0 = 0, leaving at = 1067.0
   Vehicle #1 = 20, leaving at = 1067.0
   Increment on distance indicator: 17.0
   Increment on tard indicator:     0.0
   Value of tmax indicator:         17.0

Task for patient = 93 with skills = {0,5} and cost = 719.3
   Vehicle #0 = 0, leaving at = 1103.0
   Vehicle #1 = 20, leaving at = 1142.0
   Increment on distance indicator: 8.0
   Increment on tard indicator:     0.0
   Value of tmax indicator:         8.0

Task for patient = 122 with skills = {2,-1} and cost = 723.3
   Vehicle #0 = 11, leaving at = 960.0
   Vehicle #1 = -1, leaving at = inf
   Increment on distance indicator: 12.0
   Increment on tard indicator:     0.0
   Value of tmax indicator:         12.0

Task for patient = 67 with skills = {3,-1} and cost = 727.0
   Vehicle #0 = 29, leaving at = 979.0
   Vehicle #1 = -1, leaving at = inf
   Increment on distance indicator: 11.0
   Increment on tard indicator:     0.0
   Value of tmax indicator:         11.0

Task for patient = 9 with skills = {0,3} and cost = 730.7
   Vehicle #0 = 10, leaving at = 1038.0
   Vehicle #1 = 24, leaving at = 1060.0
   Increment on distance indicator: 11.0
   Increment on tard indicator:     0.0
   Value of tmax indicator:         11.0

Task for patient = 32 with skills = {0,3} and cost = 735.3
   Vehicle #0 = 10, leaving at = 1123.0
   Vehicle #1 = 24, leaving at = 1123.0
   Increment on distance indicator: 14.0
   Increment on tard indicator:     0.0
   Value of tmax indicator:         14.0

Task for patient = 92 with skills = {1,4} and cost = 739.3
   Vehicle #0 = 7, leaving at = 1118.0
   Vehicle #1 = 22, leaving at = 1118.0
   Increment on distance indicator: 12.0
   Increment on tard indicator:     0.0
   Value of tmax indicator:         12.0

Task for patient = 185 with skills = {1,4} and cost = 742.0
   Vehicle #0 = 4, leaving at = 1116.0
   Vehicle #1 = 33, leaving at = 1116.0
   Increment on distance indicator: 8.0
   Increment on tard indicator:     0.0
   Value of tmax indicator:         8.0

Task for patient = 170 with skills = {2,-1} and cost = 744.0
   Vehicle #0 = 19, leaving at = 1169.0
   Vehicle #1 = -1, leaving at = inf
   Increment on distance indicator: 6.0
   Increment on tard indicator:     0.0
   Value of tmax indicator:         6.0

Task for patient = 189 with skills = {2,-1} and cost = 749.7
   Vehicle #0 = 1, leaving at = 1123.0
   Vehicle #1 = -1, leaving at = inf
   Increment on distance indicator: 17.0
   Increment on tard indicator:     0.0
   Value of tmax indicator:         17.0

Task for patient = 30 with skills = {2,5} and cost = 705.7
   Vehicle #0 = 5, leaving at = 1090.0
   Vehicle #1 = 26, leaving at = 1090.0
   Increment on distance indicator: 15.0
   Increment on tard indicator:     0.0
   Value of tmax indicator:         15.0

Task for patient = 61 with skills = {0,-1} and cost = 577.7
   Vehicle #0 = 15, leaving at = 992.0
   Vehicle #1 = -1, leaving at = inf
   Increment on distance indicator: 7.0
   Increment on tard indicator:     0.0
   Value of tmax indicator:         7.0

Task for patient = 168 with skills = {2,5} and cost = 586.3
   Vehicle #0 = 19, leaving at = 923.0
   Vehicle #1 = 20, leaving at = 941.0
   Increment on distance indicator: 26.0
   Increment on tard indicator:     0.0
   Value of tmax indicator:         26.0

Task for patient = 17 with skills = {1,4} and cost = 590.0
   Vehicle #0 = 16, leaving at = 936.0
   Vehicle #1 = 22, leaving at = 952.0
   Increment on distance indicator: 11.0
   Increment on tard indicator:     0.0
   Value of tmax indicator:         11.0

Task for patient = 27 with skills = {1,-1} and cost = 591.0
   Vehicle #0 = 7, leaving at = 1039.0
   Vehicle #1 = -1, leaving at = inf
   Increment on distance indicator: 3.0
   Increment on tard indicator:     0.0
   Value of tmax indicator:         3.0

Task for patient = 72 with skills = {0,-1} and cost = 592.7
   Vehicle #0 = 6, leaving at = 984.0
   Vehicle #1 = -1, leaving at = inf
   Increment on distance indicator: 5.0
   Increment on tard indicator:     0.0
   Value of tmax indicator:         5.0

Task for patient = 147 with skills = {2,-1} and cost = 594.7
   Vehicle #0 = 10, leaving at = 1006.0
   Vehicle #1 = -1, leaving at = inf
   Increment on distance indicator: 6.0
   Increment on tard indicator:     0.0
   Value of tmax indicator:         6.0

Task for patient = 169 with skills = {3,-1} and cost = 597.3
   Vehicle #0 = 24, leaving at = 976.0
   Vehicle #1 = -1, leaving at = inf
   Increment on distance indicator: 8.0
   Increment on tard indicator:     0.0
   Value of tmax indicator:         8.0

Task for patient = 117 with skills = {0,3} and cost = 600.7
   Vehicle #0 = 0, leaving at = 970.0
   Vehicle #1 = 31, leaving at = 985.0
   Increment on distance indicator: 10.0
   Increment on tard indicator:     0.0
   Value of tmax indicator:         10.0

Task for patient = 159 with skills = {1,3} and cost = 603.0
   Vehicle #0 = 19, leaving at = 1014.0
   Vehicle #1 = 36, leaving at = 1037.0
   Increment on distance indicator: 7.0
   Increment on tard indicator:     0.0
   Value of tmax indicator:         7.0

Task for patient = 127 with skills = {3,-1} and cost = 608.3
   Vehicle #0 = 32, leaving at = 920.0
   Vehicle #1 = -1, leaving at = inf
   Increment on distance indicator: 16.0
   Increment on tard indicator:     0.0
   Value of tmax indicator:         16.0

Task for patient = 7 with skills = {4,-1} and cost = 611.3
   Vehicle #0 = 32, leaving at = 953.0
   Vehicle #1 = -1, leaving at = inf
   Increment on distance indicator: 9.0
   Increment on tard indicator:     0.0
   Value of tmax indicator:         9.0

Task for patient = 8 with skills = {2,5} and cost = 670.0
   Vehicle #0 = 12, leaving at = 1017.0
   Vehicle #1 = 37, leaving at = 1017.0
   Increment on distance indicator: 28.0
   Increment on tard indicator:     0.0
   Value of tmax indicator:         28.0

Task for patient = 115 with skills = {0,-1} and cost = 613.0
   Vehicle #0 = 7, leaving at = 1062.0
   Vehicle #1 = -1, leaving at = inf
   Increment on distance indicator: 3.0
   Increment on tard indicator:     0.0
   Value of tmax indicator:         3.0

Task for patient = 125 with skills = {0,3} and cost = 623.7
   Vehicle #0 = 3, leaving at = 920.0
   Vehicle #1 = 29, leaving at = 918.0
   Increment on distance indicator: 32.0
   Increment on tard indicator:     0.0
   Value of tmax indicator:         32.0

Task for patient = 136 with skills = {2,5} and cost = 629.3
   Vehicle #0 = 3, leaving at = 952.0
   Vehicle #1 = 30, leaving at = 952.0
   Increment on distance indicator: 17.0
   Increment on tard indicator:     0.0
   Value of tmax indicator:         17.0

Task for patient = 174 with skills = {5,-1} and cost = 631.7
   Vehicle #0 = 20, leaving at = 1009.0
   Vehicle #1 = -1, leaving at = inf
   Increment on distance indicator: 7.0
   Increment on tard indicator:     0.0
   Value of tmax indicator:         7.0

Task for patient = 29 with skills = {1,-1} and cost = 636.3
   Vehicle #0 = 5, leaving at = 938.0
   Vehicle #1 = -1, leaving at = inf
   Increment on distance indicator: 14.0
   Increment on tard indicator:     0.0
   Value of tmax indicator:         14.0

Task for patient = 35 with skills = {0,5} and cost = 639.7
   Vehicle #0 = 1, leaving at = 1059.0
   Vehicle #1 = 27, leaving at = 1102.0
   Increment on distance indicator: 10.0
   Increment on tard indicator:     0.0
   Value of tmax indicator:         10.0

Task for patient = 44 with skills = {3,-1} and cost = 642.0
   Vehicle #0 = 31, leaving at = 1013.0
   Vehicle #1 = -1, leaving at = inf
   Increment on distance indicator: 7.0
   Increment on tard indicator:     0.0
   Value of tmax indicator:         7.0

Task for patient = 81 with skills = {2,5} and cost = 648.0
   Vehicle #0 = 19, leaving at = 1047.0
   Vehicle #1 = 21, leaving at = 1085.0
   Increment on distance indicator: 18.0
   Increment on tard indicator:     0.0
   Value of tmax indicator:         18.0

Task for patient = 131 with skills = {0,3} and cost = 653.3
   Vehicle #0 = 5, leaving at = 1009.0
   Vehicle #1 = 26, leaving at = 1001.0
   Increment on distance indicator: 16.0
   Increment on tard indicator:     0.0
   Value of tmax indicator:         16.0

Task for patient = 12 with skills = {0,-1} and cost = 656.0
   Vehicle #0 = 4, leaving at = 940.0
   Vehicle #1 = -1, leaving at = inf
   Increment on distance indicator: 8.0
   Increment on tard indicator:     0.0
   Value of tmax indicator:         8.0

Task for patient = 71 with skills = {0,-1} and cost = 658.3
   Vehicle #0 = 18, leaving at = 1027.0
   Vehicle #1 = -1, leaving at = inf
   Increment on distance indicator: 7.0
   Increment on tard indicator:     0.0
   Value of tmax indicator:         7.0

Task for patient = 39 with skills = {0,4} and cost = 660.7
   Vehicle #0 = 13, leaving at = 1045.0
   Vehicle #1 = 32, leaving at = 1045.0
   Increment on distance indicator: 7.0
   Increment on tard indicator:     0.0
   Value of tmax indicator:         7.0

Task for patient = 135 with skills = {4,-1} and cost = 612.0
   Vehicle #0 = 25, leaving at = 973.0
   Vehicle #1 = -1, leaving at = inf
   Increment on distance indicator: 2.0
   Increment on tard indicator:     0.0
   Value of tmax indicator:         2.0

Task for patient = 38 with skills = {2,-1} and cost = 146.0
   Vehicle #0 = 6, leaving at = 556.0
   Vehicle #1 = -1, leaving at = inf
   Increment on distance indicator: 21.0
   Increment on tard indicator:     0.0
   Value of tmax indicator:         21.0

Task for patient = 129 with skills = {0,3} and cost = 156.7
   Vehicle #0 = 6, leaving at = 623.0
   Vehicle #1 = 31, leaving at = 623.0
   Increment on distance indicator: 32.0
   Increment on tard indicator:     0.0
   Value of tmax indicator:         32.0

Task for patient = 5 with skills = {1,-1} and cost = 164.7
   Vehicle #0 = 12, leaving at = 648.0
   Vehicle #1 = -1, leaving at = inf
   Increment on distance indicator: 24.0
   Increment on tard indicator:     0.0
   Value of tmax indicator:         24.0

Task for patient = 155 with skills = {2,-1} and cost = 166.7
   Vehicle #0 = 12, leaving at = 706.0
   Vehicle #1 = -1, leaving at = inf
   Increment on distance indicator: 6.0
   Increment on tard indicator:     0.0
   Value of tmax indicator:         6.0

Task for patient = 110 with skills = {2,-1} and cost = 170.7
   Vehicle #0 = 6, leaving at = 685.0
   Vehicle #1 = -1, leaving at = inf
   Increment on distance indicator: 12.0
   Increment on tard indicator:     0.0
   Value of tmax indicator:         12.0

Task for patient = 91 with skills = {0,4} and cost = 178.3
   Vehicle #0 = 10, leaving at = 638.0
   Vehicle #1 = 22, leaving at = 638.0
   Increment on distance indicator: 23.0
   Increment on tard indicator:     0.0
   Value of tmax indicator:         23.0

Task for patient = 97 with skills = {0,-1} and cost = 179.0
   Vehicle #0 = 1, leaving at = 827.0
   Vehicle #1 = -1, leaving at = inf
   Increment on distance indicator: 2.0
   Increment on tard indicator:     0.0
   Value of tmax indicator:         2.0

Task for patient = 31 with skills = {0,-1} and cost = 183.7
   Vehicle #0 = 10, leaving at = 671.0
   Vehicle #1 = -1, leaving at = inf
   Increment on distance indicator: 14.0
   Increment on tard indicator:     0.0
   Value of tmax indicator:         14.0

Task for patient = 139 with skills = {4,-1} and cost = 190.7
   Vehicle #0 = 23, leaving at = 554.0
   Vehicle #1 = -1, leaving at = inf
   Increment on distance indicator: 21.0
   Increment on tard indicator:     0.0
   Value of tmax indicator:         21.0

Task for patient = 98 with skills = {3,-1} and cost = 194.3
   Vehicle #0 = 32, leaving at = 521.0
   Vehicle #1 = -1, leaving at = inf
   Increment on distance indicator: 11.0
   Increment on tard indicator:     0.0
   Value of tmax indicator:         11.0

Task for patient = 179 with skills = {0,5} and cost = 199.7
   Vehicle #0 = 13, leaving at = 584.0
   Vehicle #1 = 32, leaving at = 584.0
   Increment on distance indicator: 16.0
   Increment on tard indicator:     0.0
   Value of tmax indicator:         16.0

Task for patient = 40 with skills = {2,-1} and cost = 411.0
   Vehicle #0 = 19, leaving at = 820.0
   Vehicle #1 = -1, leaving at = inf
   Increment on distance indicator: 5.0
   Increment on tard indicator:     0.0
   Value of tmax indicator:         5.0

Task for patient = 180 with skills = {1,-1} and cost = 203.0
   Vehicle #0 = 4, leaving at = 620.0
   Vehicle #1 = -1, leaving at = inf
   Increment on distance indicator: 5.0
   Increment on tard indicator:     0.0
   Value of tmax indicator:         5.0

Task for patient = 167 with skills = {3,-1} and cost = 206.7
   Vehicle #0 = 31, leaving at = 669.0
   Vehicle #1 = -1, leaving at = inf
   Increment on distance indicator: 11.0
   Increment on tard indicator:     0.0
   Value of tmax indicator:         11.0

Task for patient = 183 with skills = {0,5} and cost = 212.0
   Vehicle #0 = 13, leaving at = 680.0
   Vehicle #1 = 32, leaving at = 703.0
   Increment on distance indicator: 16.0
   Increment on tard indicator:     0.0
   Value of tmax indicator:         16.0

Task for patient = 26 with skills = {0,5} and cost = 217.7
   Vehicle #0 = 2, leaving at = 692.0
   Vehicle #1 = 20, leaving at = 670.0
   Increment on distance indicator: 17.0
   Increment on tard indicator:     0.0
   Value of tmax indicator:         17.0

Task for patient = 99 with skills = {2,-1} and cost = 220.3
   Vehicle #0 = 13, leaving at = 717.0
   Vehicle #1 = -1, leaving at = inf
   Increment on distance indicator: 8.0
   Increment on tard indicator:     0.0
   Value of tmax indicator:         8.0

Task for patient = 2 with skills = {3,-1} and cost = 225.7
   Vehicle #0 = 27, leaving at = 692.0
   Vehicle #1 = -1, leaving at = inf
   Increment on distance indicator: 16.0
   Increment on tard indicator:     0.0
   Value of tmax indicator:         16.0

Task for patient = 146 with skills = {2,-1} and cost = 228.3
   Vehicle #0 = 12, leaving at = 764.0
   Vehicle #1 = -1, leaving at = inf
   Increment on distance indicator: 8.0
   Increment on tard indicator:     0.0
   Value of tmax indicator:         8.0

Task for patient = 75 with skills = {2,-1} and cost = 234.3
   Vehicle #0 = 8, leaving at = 557.0
   Vehicle #1 = -1, leaving at = inf
   Increment on distance indicator: 18.0
   Increment on tard indicator:     0.0
   Value of tmax indicator:         18.0

Task for patient = 83 with skills = {3,-1} and cost = 239.0
   Vehicle #0 = 33, leaving at = 610.0
   Vehicle #1 = -1, leaving at = inf
   Increment on distance indicator: 14.0
   Increment on tard indicator:     0.0
   Value of tmax indicator:         14.0

Task for patient = 43 with skills = {4,-1} and cost = 244.3
   Vehicle #0 = 25, leaving at = 572.0
   Vehicle #1 = -1, leaving at = inf
   Increment on distance indicator: 16.0
   Increment on tard indicator:     0.0
   Value of tmax indicator:         16.0

Task for patient = 84 with skills = {0,-1} and cost = 247.7
   Vehicle #0 = 6, leaving at = 725.0
   Vehicle #1 = -1, leaving at = inf
   Increment on distance indicator: 10.0
   Increment on tard indicator:     0.0
   Value of tmax indicator:         10.0

Task for patient = 144 with skills = {3,-1} and cost = 255.0
   Vehicle #0 = 36, leaving at = 549.0
   Vehicle #1 = -1, leaving at = inf
   Increment on distance indicator: 22.0
   Increment on tard indicator:     0.0
   Value of tmax indicator:         22.0

Task for patient = 126 with skills = {1,-1} and cost = 201.3
   Vehicle #0 = 4, leaving at = 594.0
   Vehicle #1 = -1, leaving at = inf
   Increment on distance indicator: 5.0
   Increment on tard indicator:     0.0
   Value of tmax indicator:         5.0

Task for patient = 184 with skills = {0,-1} and cost = 4.3
   Vehicle #0 = 0, leaving at = 546.0
   Vehicle #1 = -1, leaving at = inf
   Increment on distance indicator: 13.0
   Increment on tard indicator:     0.0
   Value of tmax indicator:         13.0

Task for patient = 186 with skills = {4,-1} and cost = 11.0
   Vehicle #0 = 21, leaving at = 561.0
   Vehicle #1 = -1, leaving at = inf
   Increment on distance indicator: 20.0
   Increment on tard indicator:     0.0
   Value of tmax indicator:         20.0

Task for patient = 36 with skills = {1,3} and cost = 28.3
   Vehicle #0 = 2, leaving at = 566.0
   Vehicle #1 = 24, leaving at = 566.0
   Increment on distance indicator: 52.0
   Increment on tard indicator:     0.0
   Value of tmax indicator:         52.0

Task for patient = 22 with skills = {4,-1} and cost = 29.7
   Vehicle #0 = 24, leaving at = 627.0
   Vehicle #1 = -1, leaving at = inf
   Increment on distance indicator: 4.0
   Increment on tard indicator:     0.0
   Value of tmax indicator:         4.0

Task for patient = 88 with skills = {3,-1} and cost = 31.7
   Vehicle #0 = 24, leaving at = 690.0
   Vehicle #1 = -1, leaving at = inf
   Increment on distance indicator: 6.0
   Increment on tard indicator:     0.0
   Value of tmax indicator:         6.0

Task for patient = 63 with skills = {0,4} and cost = 40.0
   Vehicle #0 = 0, leaving at = 637.0
   Vehicle #1 = 21, leaving at = 639.0
   Increment on distance indicator: 25.0
   Increment on tard indicator:     0.0
   Value of tmax indicator:         25.0

Task for patient = 10 with skills = {0,3} and cost = 55.3
   Vehicle #0 = 1, leaving at = 690.0
   Vehicle #1 = 26, leaving at = 690.0
   Increment on distance indicator: 46.0
   Increment on tard indicator:     0.0
   Value of tmax indicator:         46.0

Task for patient = 85 with skills = {0,-1} and cost = 56.3
   Vehicle #0 = 2, leaving at = 626.0
   Vehicle #1 = -1, leaving at = inf
   Increment on distance indicator: 3.0
   Increment on tard indicator:     0.0
   Value of tmax indicator:         3.0

Task for patient = 4 with skills = {4,-1} and cost = 59.3
   Vehicle #0 = 22, leaving at = 569.0
   Vehicle #1 = -1, leaving at = inf
   Increment on distance indicator: 9.0
   Increment on tard indicator:     0.0
   Value of tmax indicator:         9.0

Task for patient = 45 with skills = {3,-1} and cost = 66.3
   Vehicle #0 = 27, leaving at = 556.0
   Vehicle #1 = -1, leaving at = inf
   Increment on distance indicator: 21.0
   Increment on tard indicator:     0.0
   Value of tmax indicator:         21.0

Task for patient = 106 with skills = {0,3} and cost = 71.7
   Vehicle #0 = 1, leaving at = 772.0
   Vehicle #1 = 26, leaving at = 772.0
   Increment on distance indicator: 16.0
   Increment on tard indicator:     0.0
   Value of tmax indicator:         16.0

Task for patient = 166 with skills = {2,3} and cost = 139.0
   Vehicle #0 = 9, leaving at = 842.0
   Vehicle #1 = 29, leaving at = 842.0
   Increment on distance indicator: 14.0
   Increment on tard indicator:     0.0
   Value of tmax indicator:         14.0

Task for patient = 123 with skills = {5,-1} and cost = 89.0
   Vehicle #0 = 20, leaving at = 579.0
   Vehicle #1 = -1, leaving at = inf
   Increment on distance indicator: 18.0
   Increment on tard indicator:     0.0
   Value of tmax indicator:         18.0

Task for patient = 143 with skills = {0,3} and cost = 99.0
   Vehicle #0 = 4, leaving at = 537.0
   Vehicle #1 = 28, leaving at = 562.0
   Increment on distance indicator: 30.0
   Increment on tard indicator:     0.0
   Value of tmax indicator:         30.0

Task for patient = 56 with skills = {2,-1} and cost = 108.3
   Vehicle #0 = 5, leaving at = 518.0
   Vehicle #1 = -1, leaving at = inf
   Increment on distance indicator: 28.0
   Increment on tard indicator:     0.0
   Value of tmax indicator:         28.0

Task for patient = 162 with skills = {5,-1} and cost = 111.0
   Vehicle #0 = 21, leaving at = 688.0
   Vehicle #1 = -1, leaving at = inf
   Increment on distance indicator: 8.0
   Increment on tard indicator:     0.0
   Value of tmax indicator:         8.0

Task for patient = 89 with skills = {0,-1} and cost = 113.0
   Vehicle #0 = 0, leaving at = 698.0
   Vehicle #1 = -1, leaving at = inf
   Increment on distance indicator: 6.0
   Increment on tard indicator:     0.0
   Value of tmax indicator:         6.0

Task for patient = 138 with skills = {4,-1} and cost = 115.3
   Vehicle #0 = 24, leaving at = 755.0
   Vehicle #1 = -1, leaving at = inf
   Increment on distance indicator: 7.0
   Increment on tard indicator:     0.0
   Value of tmax indicator:         7.0

Task for patient = 105 with skills = {0,3} and cost = 121.0
   Vehicle #0 = 0, leaving at = 764.0
   Vehicle #1 = 28, leaving at = 764.0
   Increment on distance indicator: 17.0
   Increment on tard indicator:     0.0
   Value of tmax indicator:         17.0

Task for patient = 156 with skills = {1,-1} and cost = 125.7
   Vehicle #0 = 7, leaving at = 731.0
   Vehicle #1 = -1, leaving at = inf
   Increment on distance indicator: 14.0
   Increment on tard indicator:     0.0
   Value of tmax indicator:         14.0

Task for patient = 140 with skills = {5,-1} and cost = 127.0
   Vehicle #0 = 27, leaving at = 655.0
   Vehicle #1 = -1, leaving at = inf
   Increment on distance indicator: 4.0
   Increment on tard indicator:     0.0
   Value of tmax indicator:         4.0

Task for patient = 46 with skills = {1,5} and cost = 129.7
   Vehicle #0 = 9, leaving at = 786.0
   Vehicle #1 = 30, leaving at = 786.0
   Increment on distance indicator: 8.0
   Increment on tard indicator:     0.0
   Value of tmax indicator:         8.0

Task for patient = 182 with skills = {0,-1} and cost = 130.7
   Vehicle #0 = 5, leaving at = 741.0
   Vehicle #1 = -1, leaving at = inf
   Increment on distance indicator: 3.0
   Increment on tard indicator:     0.0
   Value of tmax indicator:         3.0

Task for patient = 141 with skills = {3,-1} and cost = 134.3
   Vehicle #0 = 29, leaving at = 612.0
   Vehicle #1 = -1, leaving at = inf
   Increment on distance indicator: 11.0
   Increment on tard indicator:     0.0
   Value of tmax indicator:         11.0

Task for patient = 149 with skills = {2,-1} and cost = 83.0
   Vehicle #0 = 3, leaving at = 545.0
   Vehicle #1 = -1, leaving at = inf
   Increment on distance indicator: 34.0
   Increment on tard indicator:     0.0
   Value of tmax indicator:         34.0

Task for patient = 51 with skills = {0,-1} and cost = 351.0
   Vehicle #0 = 2, leaving at = 767.0
   Vehicle #1 = -1, leaving at = inf
   Increment on distance indicator: 3.0
   Increment on tard indicator:     0.0
   Value of tmax indicator:         3.0

Task for patient = 21 with skills = {2,-1} and cost = 352.7
   Vehicle #0 = 8, leaving at = 757.0
   Vehicle #1 = -1, leaving at = inf
   Increment on distance indicator: 5.0
   Increment on tard indicator:     0.0
   Value of tmax indicator:         5.0

Task for patient = 66 with skills = {2,4} and cost = 358.3
   Vehicle #0 = 18, leaving at = 653.0
   Vehicle #1 = 23, leaving at = 683.0
   Increment on distance indicator: 17.0
   Increment on tard indicator:     0.0
   Value of tmax indicator:         17.0

Task for patient = 150 with skills = {5,-1} and cost = 361.0
   Vehicle #0 = 32, leaving at = 809.0
   Vehicle #1 = -1, leaving at = inf
   Increment on distance indicator: 8.0
   Increment on tard indicator:     0.0
   Value of tmax indicator:         8.0

Task for patient = 133 with skills = {1,4} and cost = 363.0
   Vehicle #0 = 18, leaving at = 742.0
   Vehicle #1 = 23, leaving at = 742.0
   Increment on distance indicator: 6.0
   Increment on tard indicator:     0.0
   Value of tmax indicator:         6.0

Task for patient = 54 with skills = {3,-1} and cost = 366.0
   Vehicle #0 = 36, leaving at = 607.0
   Vehicle #1 = -1, leaving at = inf
   Increment on distance indicator: 9.0
   Increment on tard indicator:     0.0
   Value of tmax indicator:         9.0

Task for patient = 37 with skills = {5,-1} and cost = 367.7
   Vehicle #0 = 37, leaving at = 946.0
   Vehicle #1 = -1, leaving at = inf
   Increment on distance indicator: 5.0
   Increment on tard indicator:     0.0
   Value of tmax indicator:         5.0

Task for patient = 73 with skills = {3,-1} and cost = 371.0
   Vehicle #0 = 32, leaving at = 848.0
   Vehicle #1 = -1, leaving at = inf
   Increment on distance indicator: 10.0
   Increment on tard indicator:     0.0
   Value of tmax indicator:         10.0

Task for patient = 134 with skills = {2,-1} and cost = 372.3
   Vehicle #0 = 19, leaving at = 746.0
   Vehicle #1 = -1, leaving at = inf
   Increment on distance indicator: 4.0
   Increment on tard indicator:     0.0
   Value of tmax indicator:         4.0

Task for patient = 14 with skills = {3,-1} and cost = 372.7
   Vehicle #0 = 27, leaving at = 823.0
   Vehicle #1 = -1, leaving at = inf
   Increment on distance indicator: 1.0
   Increment on tard indicator:     0.0
   Value of tmax indicator:         1.0

Task for patient = 163 with skills = {0,-1} and cost = 375.0
   Vehicle #0 = 7, leaving at = 786.0
   Vehicle #1 = -1, leaving at = inf
   Increment on distance indicator: 7.0
   Increment on tard indicator:     0.0
   Value of tmax indicator:         7.0

Task for patient = 181 with skills = {4,-1} and cost = 257.7
   Vehicle #0 = 26, leaving at = 833.0
   Vehicle #1 = -1, leaving at = inf
   Increment on distance indicator: 8.0
   Increment on tard indicator:     0.0
   Value of tmax indicator:         8.0

Task for patient = 69 with skills = {4,-1} and cost = 385.7
   Vehicle #0 = 38, leaving at = 788.0
   Vehicle #1 = -1, leaving at = inf
   Increment on distance indicator: 5.0
   Increment on tard indicator:     0.0
   Value of tmax indicator:         5.0

Task for patient = 112 with skills = {5,-1} and cost = 386.3
   Vehicle #0 = 20, leaving at = 882.0
   Vehicle #1 = -1, leaving at = inf
   Increment on distance indicator: 2.0
   Increment on tard indicator:     0.0
   Value of tmax indicator:         2.0

Task for patient = 53 with skills = {1,-1} and cost = 391.3
   Vehicle #0 = 4, leaving at = 780.0
   Vehicle #1 = -1, leaving at = inf
   Increment on distance indicator: 15.0
   Increment on tard indicator:     0.0
   Value of tmax indicator:         15.0

Task for patient = 19 with skills = {0,-1} and cost = 393.3
   Vehicle #0 = 2, leaving at = 824.0
   Vehicle #1 = -1, leaving at = inf
   Increment on distance indicator: 6.0
   Increment on tard indicator:     0.0
   Value of tmax indicator:         6.0

Task for patient = 55 with skills = {1,-1} and cost = 397.0
   Vehicle #0 = 7, leaving at = 816.0
   Vehicle #1 = -1, leaving at = inf
   Increment on distance indicator: 11.0
   Increment on tard indicator:     0.0
   Value of tmax indicator:         11.0

Task for patient = 87 with skills = {4,-1} and cost = 398.7
   Vehicle #0 = 23, leaving at = 780.0
   Vehicle #1 = -1, leaving at = inf
   Increment on distance indicator: 5.0
   Increment on tard indicator:     0.0
   Value of tmax indicator:         5.0

Task for patient = 58 with skills = {2,-1} and cost = 401.7
   Vehicle #0 = 5, leaving at = 785.0
   Vehicle #1 = -1, leaving at = inf
   Increment on distance indicator: 9.0
   Increment on tard indicator:     0.0
   Value of tmax indicator:         9.0

Task for patient = 13 with skills = {1,-1} and cost = 404.3
   Vehicle #0 = 19, leaving at = 783.0
   Vehicle #1 = -1, leaving at = inf
   Increment on distance indicator: 8.0
   Increment on tard indicator:     0.0
   Value of tmax indicator:         8.0

Task for patient = 49 with skills = {4,-1} and cost = 405.7
   Vehicle #0 = 34, leaving at = 811.0
   Vehicle #1 = -1, leaving at = inf
   Increment on distance indicator: 4.0
   Increment on tard indicator:     0.0
   Value of tmax indicator:         4.0

Task for patient = 94 with skills = {2,-1} and cost = 408.7
   Vehicle #0 = 6, leaving at = 820.0
   Vehicle #1 = -1, leaving at = inf
   Increment on distance indicator: 9.0
   Increment on tard indicator:     0.0
   Value of tmax indicator:         9.0

Task for patient = 86 with skills = {4,-1} and cost = 409.3
   Vehicle #0 = 27, leaving at = 942.0
   Vehicle #1 = -1, leaving at = inf
   Increment on distance indicator: 2.0
   Increment on tard indicator:     0.0
   Value of tmax indicator:         2.0

Task for patient = 132 with skills = {1,3} and cost = 765.7
   Vehicle #0 = 2, leaving at = 1081.0
   Vehicle #1 = 28, leaving at = 1094.0
   Increment on distance indicator: 26.0
   Increment on tard indicator:     0.0
   Value of tmax indicator:         26.0

Task for patient = 160 with skills = {4,-1} and cost = 378.0
   Vehicle #0 = 22, leaving at = 827.0
   Vehicle #1 = -1, leaving at = inf
   Increment on distance indicator: 9.0
   Increment on tard indicator:     0.0
   Value of tmax indicator:         9.0

Task for patient = 16 with skills = {4,-1} and cost = 260.3
   Vehicle #0 = 21, leaving at = 745.0
   Vehicle #1 = -1, leaving at = inf
   Increment on distance indicator: 8.0
   Increment on tard indicator:     0.0
   Value of tmax indicator:         8.0

Task for patient = 47 with skills = {0,-1} and cost = 262.3
   Vehicle #0 = 1, leaving at = 856.0
   Vehicle #1 = -1, leaving at = inf
   Increment on distance indicator: 6.0
   Increment on tard indicator:     0.0
   Value of tmax indicator:         6.0

Task for patient = 178 with skills = {0,-1} and cost = 262.7
   Vehicle #0 = 3, leaving at = 738.0
   Vehicle #1 = -1, leaving at = inf
   Increment on distance indicator: 1.0
   Increment on tard indicator:     0.0
   Value of tmax indicator:         1.0

Task for patient = 120 with skills = {2,-1} and cost = 267.7
   Vehicle #0 = 8, leaving at = 599.0
   Vehicle #1 = -1, leaving at = inf
   Increment on distance indicator: 15.0
   Increment on tard indicator:     0.0
   Value of tmax indicator:         15.0

Task for patient = 101 with skills = {1,-1} and cost = 268.7
   Vehicle #0 = 2, leaving at = 730.0
   Vehicle #1 = -1, leaving at = inf
   Increment on distance indicator: 3.0
   Increment on tard indicator:     0.0
   Value of tmax indicator:         3.0

Task for patient = 65 with skills = {2,-1} and cost = 272.0
   Vehicle #0 = 8, leaving at = 653.0
   Vehicle #1 = -1, leaving at = inf
   Increment on distance indicator: 10.0
   Increment on tard indicator:     0.0
   Value of tmax indicator:         10.0

Task for patient = 48 with skills = {0,3} and cost = 281.0
   Vehicle #0 = 4, leaving at = 687.0
   Vehicle #1 = 37, leaving at = 670.0
   Increment on distance indicator: 27.0
   Increment on tard indicator:     0.0
   Value of tmax indicator:         27.0

Task for patient = 165 with skills = {1,-1} and cost = 282.3
   Vehicle #0 = 14, leaving at = 630.0
   Vehicle #1 = -1, leaving at = inf
   Increment on distance indicator: 4.0
   Increment on tard indicator:     0.0
   Value of tmax indicator:         4.0

Task for patient = 95 with skills = {2,-1} and cost = 284.0
   Vehicle #0 = 11, leaving at = 691.0
   Vehicle #1 = -1, leaving at = inf
   Increment on distance indicator: 5.0
   Increment on tard indicator:     0.0
   Value of tmax indicator:         5.0

Task for patient = 62 with skills = {5,-1} and cost = 287.0
   Vehicle #0 = 27, leaving at = 721.0
   Vehicle #1 = -1, leaving at = inf
   Increment on distance indicator: 9.0
   Increment on tard indicator:     0.0
   Value of tmax indicator:         9.0

Task for patient = 6 with skills = {2,-1} and cost = 289.3
   Vehicle #0 = 8, leaving at = 715.0
   Vehicle #1 = -1, leaving at = inf
   Increment on distance indicator: 7.0
   Increment on tard indicator:     0.0
   Value of tmax indicator:         7.0

Task for patient = 68 with skills = {2,-1} and cost = 350.0
   Vehicle #0 = 18, leaving at = 597.0
   Vehicle #1 = -1, leaving at = inf
   Increment on distance indicator: 13.0
   Increment on tard indicator:     0.0
   Value of tmax indicator:         13.0

Task for patient = 20 with skills = {4,-1} and cost = 295.0
   Vehicle #0 = 25, leaving at = 635.0
   Vehicle #1 = -1, leaving at = inf
   Increment on distance indicator: 7.0
   Increment on tard indicator:     0.0
   Value of tmax indicator:         7.0

Task for patient = 50 with skills = {3,-1} and cost = 296.7
   Vehicle #0 = 33, leaving at = 666.0
   Vehicle #1 = -1, leaving at = inf
   Increment on distance indicator: 5.0
   Increment on tard indicator:     0.0
   Value of tmax indicator:         5.0

Task for patient = 96 with skills = {2,5} and cost = 308.3
   Vehicle #0 = 11, leaving at = 775.0
   Vehicle #1 = 37, leaving at = 775.0
   Increment on distance indicator: 35.0
   Increment on tard indicator:     0.0
   Value of tmax indicator:         35.0

Task for patient = 128 with skills = {3,-1} and cost = 311.3
   Vehicle #0 = 32, leaving at = 732.0
   Vehicle #1 = -1, leaving at = inf
   Increment on distance indicator: 9.0
   Increment on tard indicator:     0.0
   Value of tmax indicator:         9.0

Task for patient = 152 with skills = {2,3} and cost = 319.0
   Vehicle #0 = 10, leaving at = 722.0
   Vehicle #1 = 31, leaving at = 722.0
   Increment on distance indicator: 23.0
   Increment on tard indicator:     0.0
   Value of tmax indicator:         23.0

Task for patient = 153 with skills = {2,3} and cost = 323.7
   Vehicle #0 = 9, leaving at = 868.0
   Vehicle #1 = 29, leaving at = 887.0
   Increment on distance indicator: 14.0
   Increment on tard indicator:     0.0
   Value of tmax indicator:         14.0

Task for patient = 34 with skills = {0,4} and cost = 327.7
   Vehicle #0 = 15, leaving at = 774.0
   Vehicle #1 = 34, leaving at = 774.0
   Increment on distance indicator: 12.0
   Increment on tard indicator:     0.0
   Value of tmax indicator:         12.0

Task for patient = 24 with skills = {5,-1} and cost = 331.0
   Vehicle #0 = 20, leaving at = 696.0
   Vehicle #1 = -1, leaving at = inf
   Increment on distance indicator: 10.0
   Increment on tard indicator:     0.0
   Value of tmax indicator:         10.0

Task for patient = 102 with skills = {1,-1} and cost = 335.7
   Vehicle #0 = 14, leaving at = 678.0
   Vehicle #1 = -1, leaving at = inf
   Increment on distance indicator: 14.0
   Increment on tard indicator:     0.0
   Value of tmax indicator:         14.0

Task for patient = 60 with skills = {4,-1} and cost = 338.3
   Vehicle #0 = 25, leaving at = 784.0
   Vehicle #1 = -1, leaving at = inf
   Increment on distance indicator: 8.0
   Increment on tard indicator:     0.0
   Value of tmax indicator:         8.0

Task for patient = 200 with skills = {0,3} and cost = 340.7
   Vehicle #0 = 13, leaving at = 767.0
   Vehicle #1 = 32, leaving at = 780.0
   Increment on distance indicator: 7.0
   Increment on tard indicator:     0.0
   Value of tmax indicator:         7.0

Task for patient = 57 with skills = {4,-1} and cost = 345.7
   Vehicle #0 = 27, leaving at = 783.0
   Vehicle #1 = -1, leaving at = inf
   Increment on distance indicator: 15.0
   Increment on tard indicator:     0.0
   Value of tmax indicator:         15.0

Task for patient = 3 with skills = {1,-1} and cost = 292.7
   Vehicle #0 = 12, leaving at = 824.0
   Vehicle #1 = -1, leaving at = inf
   Increment on distance indicator: 10.0
   Increment on tard indicator:     0.0
   Value of tmax indicator:         10.0


Unused vehicle list: 17 35 39 (total = 3 out of 40)

---
Search finished.
Total of 1900 generations in 505.6 seconds.
Exchange elite runs: 23
Implicit path relinking runs: 10
Reset attempts: 2

Best solution found:
   Cost: 903.7
   Total travel time: 2709.0
   Total tardiness time: 1.0
   Largest tardiness: 1.0


903.7
