This host is: panku
--- BRKGA-MP-IPR for HHCRSP ---
Instance: new-dataset/instances-75/HHCRSP_75_15_40_0.8_R_RC.txt
Seed: 15

Reading data... Problem contains 75 patients  and 15 caregivers.

Summary of supply x demand for each service type:
Skill 0 has supply = 7 and demand = 27, ratio = 0.259259
Skill 1 has supply = 5 and demand = 5, ratio = 1
Skill 2 has supply = 6 and demand = 12, ratio = 0.5
Skill 3 has supply = 6 and demand = 21, ratio = 0.285714
Skill 4 has supply = 6 and demand = 28, ratio = 0.214286
Skill 5 has supply = 4 and demand = 6, ratio = 0.666667

Reading parameters...
Inferred distance function by PR type: kendall-tau
Building BRKGA data and initializing...
Evolving 1900 generations...

  Gens  Rem    Local   ElDiv NoImpr             Best solution            Time  Op
                                       Cost     Dist    Tard    TMax 
*    0 1900  1814.67  231.90      0  1814.67  1799.00  3300.0   345.0     0.0    
*    2 1898  1793.00  198.61      0  1793.00  1770.00  1786.0   233.0     0.1    
*    3 1897  1263.00  183.12      0  1263.00  1770.00  1786.0   233.0     0.2    
*    5 1895  1262.33  162.91      0  1262.33  1703.00  1284.0   380.0     0.3    
*    6 1894  1122.33  135.41      0  1122.33  1703.00  1284.0   380.0     0.3    
*    8 1892  1052.67  103.18      0  1052.67  1758.00   910.0   161.0     0.4    
*    9 1891   943.00  101.17      0   943.00  1878.00   458.0    99.0     0.4    
*   10 1890   811.67   93.81      0   811.67  1885.00   218.0   111.0     0.5    
*   11 1889   738.00   80.82      0   738.00  1885.00   218.0   111.0     0.5    
*   13 1887   716.67   61.02      0   716.67  1651.00   341.0    71.0     0.6    
*   14 1886   687.67   51.58      0   687.67  1785.00   231.0    46.0     0.7    
*   15 1885   687.33   45.40      0   687.33  1756.00   135.0    43.0     0.7    
*   16 1884   644.67   40.79      0   644.67  1648.00    34.0    19.0     0.7    
*   17 1883   567.00   32.54      0   567.00  1648.00    34.0    19.0     0.8    
*   21 1879   556.33   22.44      0   556.33  1629.00    23.0     8.0     1.0    

  Gens  Rem    Local   ElDiv NoImpr             Best solution            Time  Op
                                       Cost     Dist    Tard    TMax 
*   22 1878   553.33   19.80      0   553.33  1576.00    32.0    10.0     1.0    
*   23 1877   539.33   17.13      0   539.33  1576.00    32.0    10.0     1.1    
*   27 1873   538.33   11.54      0   538.33  1569.00     2.0     2.0     1.2    
*   28 1872   524.33   10.85      0   524.33  1569.00     2.0     2.0     1.3    
*   30 1870   523.00   10.34      0   523.00  1553.00     4.0     4.0     1.4    
*   31 1869   520.33    9.95      0   520.33  1535.00     2.0     1.0     1.4    
*   32 1868   512.67    9.63      0   512.67  1535.00     2.0     1.0     1.5    
*   36 1864   510.33    7.23      0   510.33  1496.00    23.0    12.0     1.6    
*   41 1859   507.00    6.48      0   507.00  1517.00     2.0     2.0     1.8    
*   43 1857   502.00    6.51      0   502.00  1506.00     0.0     0.0     1.9    
*   45 1855   500.00    6.28      0   500.00  1495.00     3.0     2.0     2.0    
*   49 1851   490.00    6.17      0   490.00  1450.00    10.0     6.0     2.2    
*   50 1850   488.67    6.19      0   488.67  1450.00    10.0     6.0     2.2    
*   57 1843   484.33    6.00      0   484.33  1445.00     4.0     4.0     2.5    
*   65 1835   480.33    6.54      0   480.33  1409.00    10.0     6.0     2.9    
*   66 1834   475.00    6.82      0   475.00  1409.00    10.0     6.0     2.9    

  Gens  Rem    Local   ElDiv NoImpr             Best solution            Time  Op
                                       Cost     Dist    Tard    TMax 
*   71 1829   472.67    7.64      0   472.67  1418.00     0.0     0.0     3.1    
*   74 1826   469.00    8.65      0   469.00  1402.00     0.0     0.0     3.3    
*   75 1825   467.33    8.71      0   467.33  1402.00     0.0     0.0     3.3    
    80 1820   467.33    5.74      6   467.33  1402.00     0.0     0.0     3.5   X
*   86 1814   463.67    5.94      0   463.67  1391.00     0.0     0.0     3.8    
*   96 1804   459.33    5.50      0   459.33  1378.00     0.0     0.0     4.2    
*  100 1800   459.00    5.68      0   459.00  1372.00     3.0     2.0     4.4    
*  105 1795   458.67    5.81      0   458.67  1365.00     3.0     2.0     4.6    
*  106 1794   456.67    5.73      0   456.67  1365.00     3.0     2.0     4.7    
*  111 1789   455.33    6.06      0   455.33  1361.00     3.0     2.0     4.9    
*  114 1786   453.67    6.17      0   453.67  1353.00     3.0     2.0     5.0    
*  115 1785   452.67    6.09      0   452.67  1356.00     0.0     0.0     5.1    
*  116 1784   452.00    6.20      0   452.00  1356.00     0.0     0.0     5.1    
*  120 1780   450.00    6.24      0   450.00  1345.00     3.0     2.0     5.3    
*  124 1776   449.33    6.00      0   449.33  1319.00    11.0     9.0     5.5    
*  125 1775   446.33    5.89      0   446.33  1319.00    11.0     9.0     5.5    

  Gens  Rem    Local   ElDiv NoImpr             Best solution            Time  Op
                                       Cost     Dist    Tard    TMax 
*  132 1768   446.00    5.73      0   446.00  1318.00    11.0     9.0     5.8    
*  136 1764   445.33    4.87      0   445.33  1315.00    11.0     9.0     6.0    
*  137 1763   445.00    4.57      0   445.00  1315.00    11.0     9.0     6.0    
*  141 1759   444.67    3.81      0   444.67  1313.00    11.0     9.0     6.2    
*  142 1758   444.33    3.61      0   444.33  1313.00    11.0     9.0     6.2    
   150 1750   444.33    1.87      8   444.33  1313.00    11.0     9.0     6.6    
*  155 1745   444.00    1.03      0   444.00  1312.00    11.0     9.0     6.8    
*  159 1741   443.67    0.86      0   443.67  1311.00    11.0     9.0     7.0    
   160 1740   443.67    0.60      2   443.67  1311.00    11.0     9.0     7.0   X
*  162 1738   443.33    0.59      0   443.33  1310.00    11.0     9.0     7.1    
*  168 1732   443.00    0.46      0   443.00  1309.00    11.0     9.0     7.4    
*  173 1727   442.67    0.36      0   442.67  1308.00    11.0     9.0     7.6    
*  175 1725   440.67    0.45      0   440.67  1322.00     0.0     0.0     7.7    
*  178 1722   440.00    0.48      0   440.00  1320.00     0.0     0.0     7.8    
Path relinking result: elite improvement.
   180 1720   440.00    0.51      3   440.00  1320.00     0.0     0.0     7.9   P
*  196 1704   439.67    0.44      0   439.67  1299.00    11.0     9.0     8.6    

  Gens  Rem    Local   ElDiv NoImpr             Best solution            Time  Op
                                       Cost     Dist    Tard    TMax 
*  199 1701   438.67    0.86      0   438.67  1313.00     0.0     0.0     8.7    
*  200 1700   437.67    0.90      0   437.67  1313.00     0.0     0.0     8.8    
*  214 1686   436.67    1.18      0   436.67  1305.00     3.0     2.0     9.4    
*  221 1679   435.67    1.24      0   435.67  1307.00     0.0     0.0     9.7    
   240 1660   435.67    0.47     20   435.67  1307.00     0.0     0.0    10.6   X
*  242 1658   434.67    0.51      0   434.67  1299.00     0.0     0.0    10.7    
*  243 1657   433.00    0.58      0   433.00  1297.00     0.0     0.0    10.7    
*  244 1656   432.33    0.56      0   432.33  1297.00     0.0     0.0    10.7    
   250 1650   432.33    1.43      6   432.33  1297.00     0.0     0.0    11.0    
*  266 1634   431.33    1.61      0   431.33  1291.00     0.0     0.0    11.7    
*  267 1633   430.33    1.67      0   430.33  1291.00     0.0     0.0    11.7    
   300 1600   430.33    1.57     33   430.33  1291.00     0.0     0.0    13.1    
   320 1580   430.33    0.00     54   430.33  1291.00     0.0     0.0    14.1   X
   350 1550   430.33    0.00     83   430.33  1291.00     0.0     0.0    15.4    
Path relinking result: no improvement.
   360 1540   430.33    0.00     94   430.33  1291.00     0.0     0.0    15.8   P
   400 1500   430.33    0.04    133   430.33  1291.00     0.0     0.0    17.5    

  Gens  Rem    Local   ElDiv NoImpr             Best solution            Time  Op
                                       Cost     Dist    Tard    TMax 
   400 1500   429.67    0.07      0   430.33  1291.00     0.0     0.0    17.5   X
*  401 1499   429.67    0.07      0   429.67  1289.00     0.0     0.0    17.6    
   450 1450   429.67    0.00     49   429.67  1289.00     0.0     0.0    19.7    
   480 1420   429.67    0.00     80   429.67  1289.00     0.0     0.0    21.0   X
   500 1400   429.67    0.00     99   429.67  1289.00     0.0     0.0    21.9    
Path relinking result: no improvement.
   540 1360   429.67    0.00    140   429.67  1289.00     0.0     0.0    23.6   P
   550 1350   429.67    0.00    149   429.67  1289.00     0.0     0.0    24.1    
   560 1340   429.67    0.00    160   429.67  1289.00     0.0     0.0    24.5   X
   600 1300   429.67    0.00    199   429.67  1289.00     0.0     0.0    26.2    
   640 1260   429.67    0.00    240   429.67  1289.00     0.0     0.0    28.0   X
   650 1250   429.67    0.00    249   429.67  1289.00     0.0     0.0    28.4    
   700 1200   429.67    0.00    299   429.67  1289.00     0.0     0.0    30.6    
Path relinking result: no improvement.
   720 1180   429.67    0.00    320   429.67  1289.00     0.0     0.0    31.5  PX
   750 1150   429.67    0.00    349   429.67  1289.00     0.0     0.0    32.9    
   800 1100   429.67    0.00    399   429.67  1289.00     0.0     0.0    35.1    
   800 1100   429.67    0.00    400   429.67  1289.00     0.0     0.0    35.1   X

  Gens  Rem    Local   ElDiv NoImpr             Best solution            Time  Op
                                       Cost     Dist    Tard    TMax 
   850 1050   429.67    0.00    449   429.67  1289.00     0.0     0.0    37.3    
   880 1020   429.67    0.00    480   429.67  1289.00     0.0     0.0    38.6   X
   900 1000   429.67    0.00    499   429.67  1289.00     0.0     0.0    39.5    
Path relinking result: no improvement.
   900 1000   429.67    0.00    500   429.67  1289.00     0.0     0.0    39.5   P
   950  950   429.67    0.00    549   429.67  1289.00     0.0     0.0    41.7    
   960  940   429.67    0.00    560   429.67  1289.00     0.0     0.0    42.1   X
  1000  900   429.67    0.00    599   429.67  1289.00     0.0     0.0    43.8    
  1040  860   429.67    0.00    640   429.67  1289.00     0.0     0.0    45.6   X
  1050  850   429.67    0.00    649   429.67  1289.00     0.0     0.0    46.0    
Path relinking result: no improvement.
  1080  820   429.67    0.00    680   429.67  1289.00     0.0     0.0    47.3   P
  1100  800   429.67    0.00    699   429.67  1289.00     0.0     0.0    48.2    
  1100  800      inf  244.23      0   429.67  1289.00     0.0     0.0    48.2   R
  1101  799  1841.67  232.88      0   429.67  1289.00     0.0     0.0    48.3    
  1120  780   557.33   20.92      0   429.67  1289.00     0.0     0.0    49.1   X
  1150  750   505.33    6.19      0   429.67  1289.00     0.0     0.0    50.4    
  1200  700   466.33    5.98      3   429.67  1289.00     0.0     0.0    52.6    

  Gens  Rem    Local   ElDiv NoImpr             Best solution            Time  Op
                                       Cost     Dist    Tard    TMax 
  1200  700   466.33    4.30      4   429.67  1289.00     0.0     0.0    52.6   X
  1250  650   441.00    6.49      6   429.67  1289.00     0.0     0.0    54.8    
Path relinking result: elite improvement.
  1260  640   440.00    5.10      7   429.67  1289.00     0.0     0.0    55.2   P
  1280  620   439.33    0.19     11   429.67  1289.00     0.0     0.0    56.1   X
  1300  600   438.33    0.17     15   429.67  1289.00     0.0     0.0    56.9    
  1350  550   438.33    0.00     65   429.67  1289.00     0.0     0.0    59.1    
  1360  540   438.33    0.00     76   429.67  1289.00     0.0     0.0    59.5   X
  1400  500   437.67    0.06      2   429.67  1289.00     0.0     0.0    61.3    
Path relinking result: elite improvement.
  1440  460   437.67    0.31     43   429.67  1289.00     0.0     0.0    63.1  PX
  1450  450   437.67    0.00     52   429.67  1289.00     0.0     0.0    63.5    
  1500  400   437.33    0.16     30   429.67  1289.00     0.0     0.0    65.7    
  1520  380   437.33    0.00     51   429.67  1289.00     0.0     0.0    66.6   X
  1550  350   437.33    0.00     80   429.67  1289.00     0.0     0.0    67.9    
  1600  300   437.33    0.00    130   429.67  1289.00     0.0     0.0    70.1    
  1600  300   437.33    0.00    131   429.67  1289.00     0.0     0.0    70.1   X
Path relinking result: no improvement.
  1620  280   437.33    0.00    151   429.67  1289.00     0.0     0.0    71.0   P

  Gens  Rem    Local   ElDiv NoImpr             Best solution            Time  Op
                                       Cost     Dist    Tard    TMax 
  1650  250   437.33    0.00    180   429.67  1289.00     0.0     0.0    72.3    
  1680  220   437.33    0.00    211   429.67  1289.00     0.0     0.0    73.6   X
  1700  200   437.33    0.00    230   429.67  1289.00     0.0     0.0    74.5    
  1750  150   437.33    0.00    280   429.67  1289.00     0.0     0.0    76.8    
  1760  140   437.33    0.00    291   429.67  1289.00     0.0     0.0    77.3   X
  1800  100   437.00    0.02     22   429.67  1289.00     0.0     0.0    79.0    
Path relinking result: no improvement.
  1800  100   437.00    0.02     23   429.67  1289.00     0.0     0.0    79.0   P
  1840   60   437.00    0.03     63   429.67  1289.00     0.0     0.0    80.7   X
  1850   50   437.00    0.04     72   429.67  1289.00     0.0     0.0    81.1    
  1900    0   437.00    0.04    122   429.67  1289.00     0.0     0.0    83.2    
Evolutionary process finished.
Solution written to 'solution-4053.txt'.

Sorted sequence of worst to best tardiness value:
Task for patient = 5 with skills = {0,-1} and cost = 241.3
   Vehicle #0 = 0, leaving at = 927.0
   Vehicle #1 = -1, leaving at = inf
   Increment on distance indicator: 19.0
   Increment on tard indicator:     0.0
   Value of tmax indicator:         19.0

Task for patient = 23 with skills = {0,4} and cost = 235.0
   Vehicle #0 = 5, leaving at = 933.0
   Vehicle #1 = 9, leaving at = 973.0
   Increment on distance indicator: 25.0
   Increment on tard indicator:     0.0
   Value of tmax indicator:         25.0

Task for patient = 19 with skills = {2,-1} and cost = 226.7
   Vehicle #0 = 3, leaving at = 852.0
   Vehicle #1 = -1, leaving at = inf
   Increment on distance indicator: 10.0
   Increment on tard indicator:     0.0
   Value of tmax indicator:         10.0

Task for patient = 18 with skills = {4,-1} and cost = 223.3
   Vehicle #0 = 11, leaving at = 893.0
   Vehicle #1 = -1, leaving at = inf
   Increment on distance indicator: 4.0
   Increment on tard indicator:     0.0
   Value of tmax indicator:         4.0

Task for patient = 39 with skills = {3,-1} and cost = 222.0
   Vehicle #0 = 11, leaving at = 837.0
   Vehicle #1 = -1, leaving at = inf
   Increment on distance indicator: 12.0
   Increment on tard indicator:     0.0
   Value of tmax indicator:         12.0

Task for patient = 1 with skills = {3,-1} and cost = 218.0
   Vehicle #0 = 12, leaving at = 924.0
   Vehicle #1 = -1, leaving at = inf
   Increment on distance indicator: 5.0
   Increment on tard indicator:     0.0
   Value of tmax indicator:         5.0

Task for patient = 9 with skills = {2,4} and cost = 216.3
   Vehicle #0 = 2, leaving at = 866.0
   Vehicle #1 = 9, leaving at = 908.0
   Increment on distance indicator: 9.0
   Increment on tard indicator:     0.0
   Value of tmax indicator:         9.0

Task for patient = 41 with skills = {3,-1} and cost = 213.3
   Vehicle #0 = 13, leaving at = 936.0
   Vehicle #1 = -1, leaving at = inf
   Increment on distance indicator: 3.0
   Increment on tard indicator:     0.0
   Value of tmax indicator:         3.0

Task for patient = 43 with skills = {0,-1} and cost = 325.0
   Vehicle #0 = 5, leaving at = 1035.0
   Vehicle #1 = -1, leaving at = inf
   Increment on distance indicator: 3.0
   Increment on tard indicator:     0.0
   Value of tmax indicator:         3.0

Task for patient = 26 with skills = {2,-1} and cost = 209.0
   Vehicle #0 = 5, leaving at = 859.0
   Vehicle #1 = -1, leaving at = inf
   Increment on distance indicator: 14.0
   Increment on tard indicator:     0.0
   Value of tmax indicator:         14.0

Task for patient = 74 with skills = {2,-1} and cost = 204.3
   Vehicle #0 = 0, leaving at = 874.0
   Vehicle #1 = -1, leaving at = inf
   Increment on distance indicator: 11.0
   Increment on tard indicator:     0.0
   Value of tmax indicator:         11.0

Task for patient = 44 with skills = {0,-1} and cost = 200.7
   Vehicle #0 = 1, leaving at = 870.0
   Vehicle #1 = -1, leaving at = inf
   Increment on distance indicator: 2.0
   Increment on tard indicator:     0.0
   Value of tmax indicator:         2.0

Task for patient = 6 with skills = {0,4} and cost = 200.0
   Vehicle #0 = 4, leaving at = 898.0
   Vehicle #1 = 10, leaving at = 903.0
   Increment on distance indicator: 11.0
   Increment on tard indicator:     0.0
   Value of tmax indicator:         11.0

Task for patient = 58 with skills = {4,-1} and cost = 196.3
   Vehicle #0 = 9, leaving at = 861.0
   Vehicle #1 = -1, leaving at = inf
   Increment on distance indicator: 12.0
   Increment on tard indicator:     0.0
   Value of tmax indicator:         12.0

Task for patient = 73 with skills = {4,-1} and cost = 192.3
   Vehicle #0 = 12, leaving at = 890.0
   Vehicle #1 = -1, leaving at = inf
   Increment on distance indicator: 4.0
   Increment on tard indicator:     0.0
   Value of tmax indicator:         4.0

Task for patient = 28 with skills = {3,-1} and cost = 191.0
   Vehicle #0 = 8, leaving at = 861.0
   Vehicle #1 = -1, leaving at = inf
   Increment on distance indicator: 7.0
   Increment on tard indicator:     0.0
   Value of tmax indicator:         7.0

Task for patient = 35 with skills = {5,-1} and cost = 188.7
   Vehicle #0 = 10, leaving at = 826.0
   Vehicle #1 = -1, leaving at = inf
   Increment on distance indicator: 8.0
   Increment on tard indicator:     0.0
   Value of tmax indicator:         8.0

Task for patient = 53 with skills = {0,5} and cost = 212.3
   Vehicle #0 = 6, leaving at = 922.0
   Vehicle #1 = 13, leaving at = 904.0
   Increment on distance indicator: 10.0
   Increment on tard indicator:     0.0
   Value of tmax indicator:         10.0

Task for patient = 57 with skills = {4,-1} and cost = 324.0
   Vehicle #0 = 11, leaving at = 1093.0
   Vehicle #1 = -1, leaving at = inf
   Increment on distance indicator: 4.0
   Increment on tard indicator:     0.0
   Value of tmax indicator:         4.0

Task for patient = 20 with skills = {1,4} and cost = 322.7
   Vehicle #0 = 3, leaving at = 1010.0
   Vehicle #1 = 12, leaving at = 1023.0
   Increment on distance indicator: 26.0
   Increment on tard indicator:     0.0
   Value of tmax indicator:         26.0

Task for patient = 47 with skills = {0,3} and cost = 314.0
   Vehicle #0 = 1, leaving at = 991.0
   Vehicle #1 = 13, leaving at = 968.0
   Increment on distance indicator: 11.0
   Increment on tard indicator:     0.0
   Value of tmax indicator:         11.0

Task for patient = 51 with skills = {0,-1} and cost = 310.3
   Vehicle #0 = 2, leaving at = 992.0
   Vehicle #1 = -1, leaving at = inf
   Increment on distance indicator: 10.0
   Increment on tard indicator:     0.0
   Value of tmax indicator:         10.0

Task for patient = 30 with skills = {1,3} and cost = 307.0
   Vehicle #0 = 6, leaving at = 1038.0
   Vehicle #1 = 11, leaving at = 1036.0
   Increment on distance indicator: 15.0
   Increment on tard indicator:     0.0
   Value of tmax indicator:         15.0

Task for patient = 16 with skills = {2,-1} and cost = 302.0
   Vehicle #0 = 6, leaving at = 980.0
   Vehicle #1 = -1, leaving at = inf
   Increment on distance indicator: 6.0
   Increment on tard indicator:     0.0
   Value of tmax indicator:         6.0

Task for patient = 42 with skills = {4,-1} and cost = 300.0
   Vehicle #0 = 9, leaving at = 1029.0
   Vehicle #1 = -1, leaving at = inf
   Increment on distance indicator: 13.0
   Increment on tard indicator:     0.0
   Value of tmax indicator:         13.0

Task for patient = 62 with skills = {4,-1} and cost = 295.7
   Vehicle #0 = 11, leaving at = 991.0
   Vehicle #1 = -1, leaving at = inf
   Increment on distance indicator: 6.0
   Increment on tard indicator:     0.0
   Value of tmax indicator:         6.0

Task for patient = 22 with skills = {0,4} and cost = 246.7
   Vehicle #0 = 4, leaving at = 942.0
   Vehicle #1 = 10, leaving at = 943.0
   Increment on distance indicator: 16.0
   Increment on tard indicator:     0.0
   Value of tmax indicator:         16.0

Task for patient = 8 with skills = {0,4} and cost = 286.0
   Vehicle #0 = 4, leaving at = 1057.0
   Vehicle #1 = 10, leaving at = 1044.0
   Increment on distance indicator: 16.0
   Increment on tard indicator:     0.0
   Value of tmax indicator:         16.0

Task for patient = 66 with skills = {4,-1} and cost = 280.7
   Vehicle #0 = 7, leaving at = 1022.0
   Vehicle #1 = -1, leaving at = inf
   Increment on distance indicator: 6.0
   Increment on tard indicator:     0.0
   Value of tmax indicator:         6.0

Task for patient = 55 with skills = {2,4} and cost = 278.7
   Vehicle #0 = 2, leaving at = 967.0
   Vehicle #1 = 12, leaving at = 985.0
   Increment on distance indicator: 20.0
   Increment on tard indicator:     0.0
   Value of tmax indicator:         20.0

Task for patient = 11 with skills = {0,4} and cost = 272.0
   Vehicle #0 = 3, leaving at = 960.0
   Vehicle #1 = 7, leaving at = 963.0
   Increment on distance indicator: 22.0
   Increment on tard indicator:     0.0
   Value of tmax indicator:         22.0

Task for patient = 49 with skills = {0,-1} and cost = 264.7
   Vehicle #0 = 2, leaving at = 926.0
   Vehicle #1 = -1, leaving at = inf
   Increment on distance indicator: 15.0
   Increment on tard indicator:     0.0
   Value of tmax indicator:         15.0

Task for patient = 31 with skills = {4,-1} and cost = 259.7
   Vehicle #0 = 11, leaving at = 934.0
   Vehicle #1 = -1, leaving at = inf
   Increment on distance indicator: 2.0
   Increment on tard indicator:     0.0
   Value of tmax indicator:         2.0

Task for patient = 24 with skills = {3,-1} and cost = 259.0
   Vehicle #0 = 7, leaving at = 913.0
   Vehicle #1 = -1, leaving at = inf
   Increment on distance indicator: 9.0
   Increment on tard indicator:     0.0
   Value of tmax indicator:         9.0

Task for patient = 13 with skills = {2,3} and cost = 256.0
   Vehicle #0 = 5, leaving at = 980.0
   Vehicle #1 = 8, leaving at = 969.0
   Increment on distance indicator: 16.0
   Increment on tard indicator:     0.0
   Value of tmax indicator:         16.0

Task for patient = 69 with skills = {1,4} and cost = 250.7
   Vehicle #0 = 4, leaving at = 996.0
   Vehicle #1 = 10, leaving at = 976.0
   Increment on distance indicator: 12.0
   Increment on tard indicator:     0.0
   Value of tmax indicator:         12.0

Task for patient = 33 with skills = {0,5} and cost = 293.7
   Vehicle #0 = 0, leaving at = 1036.0
   Vehicle #1 = 7, leaving at = 1049.0
   Increment on distance indicator: 23.0
   Increment on tard indicator:     0.0
   Value of tmax indicator:         23.0

Task for patient = 68 with skills = {3,-1} and cost = 120.3
   Vehicle #0 = 13, leaving at = 793.0
   Vehicle #1 = -1, leaving at = inf
   Increment on distance indicator: 6.0
   Increment on tard indicator:     0.0
   Value of tmax indicator:         6.0

Task for patient = 71 with skills = {5,-1} and cost = 118.3
   Vehicle #0 = 10, leaving at = 676.0
   Vehicle #1 = -1, leaving at = inf
   Increment on distance indicator: 17.0
   Increment on tard indicator:     0.0
   Value of tmax indicator:         17.0

Task for patient = 4 with skills = {3,-1} and cost = 112.7
   Vehicle #0 = 11, leaving at = 644.0
   Vehicle #1 = -1, leaving at = inf
   Increment on distance indicator: 8.0
   Increment on tard indicator:     0.0
   Value of tmax indicator:         8.0

Task for patient = 59 with skills = {0,-1} and cost = 110.0
   Vehicle #0 = 2, leaving at = 726.0
   Vehicle #1 = -1, leaving at = inf
   Increment on distance indicator: 6.0
   Increment on tard indicator:     0.0
   Value of tmax indicator:         6.0

Task for patient = 64 with skills = {0,-1} and cost = 108.0
   Vehicle #0 = 3, leaving at = 638.0
   Vehicle #1 = -1, leaving at = inf
   Increment on distance indicator: 9.0
   Increment on tard indicator:     0.0
   Value of tmax indicator:         9.0

Task for patient = 60 with skills = {0,4} and cost = 105.0
   Vehicle #0 = 3, leaving at = 585.0
   Vehicle #1 = 10, leaving at = 621.0
   Increment on distance indicator: 20.0
   Increment on tard indicator:     0.0
   Value of tmax indicator:         20.0

Task for patient = 2 with skills = {0,5} and cost = 98.3
   Vehicle #0 = 4, leaving at = 653.0
   Vehicle #1 = 12, leaving at = 676.0
   Increment on distance indicator: 35.0
   Increment on tard indicator:     0.0
   Value of tmax indicator:         35.0

Task for patient = 3 with skills = {4,-1} and cost = 86.7
   Vehicle #0 = 12, leaving at = 569.0
   Vehicle #1 = -1, leaving at = inf
   Increment on distance indicator: 2.0
   Increment on tard indicator:     0.0
   Value of tmax indicator:         2.0

Task for patient = 75 with skills = {0,-1} and cost = 186.0
   Vehicle #0 = 5, leaving at = 739.0
   Vehicle #1 = -1, leaving at = inf
   Increment on distance indicator: 8.0
   Increment on tard indicator:     0.0
   Value of tmax indicator:         8.0

Task for patient = 61 with skills = {0,4} and cost = 78.0
   Vehicle #0 = 3, leaving at = 541.0
   Vehicle #1 = 10, leaving at = 568.0
   Increment on distance indicator: 68.0
   Increment on tard indicator:     0.0
   Value of tmax indicator:         68.0

Task for patient = 45 with skills = {4,-1} and cost = 55.3
   Vehicle #0 = 9, leaving at = 731.0
   Vehicle #1 = -1, leaving at = inf
   Increment on distance indicator: 6.0
   Increment on tard indicator:     0.0
   Value of tmax indicator:         6.0

Task for patient = 14 with skills = {0,-1} and cost = 53.3
   Vehicle #0 = 1, leaving at = 843.0
   Vehicle #1 = -1, leaving at = inf
   Increment on distance indicator: 9.0
   Increment on tard indicator:     0.0
   Value of tmax indicator:         9.0

Task for patient = 15 with skills = {2,4} and cost = 50.3
   Vehicle #0 = 2, leaving at = 672.0
   Vehicle #1 = 9, leaving at = 665.0
   Increment on distance indicator: 28.0
   Increment on tard indicator:     0.0
   Value of tmax indicator:         28.0

Task for patient = 37 with skills = {3,-1} and cost = 41.0
   Vehicle #0 = 8, leaving at = 774.0
   Vehicle #1 = -1, leaving at = inf
   Increment on distance indicator: 16.0
   Increment on tard indicator:     0.0
   Value of tmax indicator:         16.0

Task for patient = 72 with skills = {5,-1} and cost = 35.7
   Vehicle #0 = 7, leaving at = 648.0
   Vehicle #1 = -1, leaving at = inf
   Increment on distance indicator: 23.0
   Increment on tard indicator:     0.0
   Value of tmax indicator:         23.0

Task for patient = 52 with skills = {2,3} and cost = 28.0
   Vehicle #0 = 0, leaving at = 693.0
   Vehicle #1 = 8, leaving at = 730.0
   Increment on distance indicator: 46.0
   Increment on tard indicator:     0.0
   Value of tmax indicator:         46.0

Task for patient = 12 with skills = {0,-1} and cost = 12.7
   Vehicle #0 = 0, leaving at = 611.0
   Vehicle #1 = -1, leaving at = inf
   Increment on distance indicator: 13.0
   Increment on tard indicator:     0.0
   Value of tmax indicator:         13.0

Task for patient = 34 with skills = {3,-1} and cost = 8.3
   Vehicle #0 = 7, leaving at = 567.0
   Vehicle #1 = -1, leaving at = inf
   Increment on distance indicator: 25.0
   Increment on tard indicator:     0.0
   Value of tmax indicator:         25.0

Task for patient = 10 with skills = {2,4} and cost = 86.0
   Vehicle #0 = 4, leaving at = 552.0
   Vehicle #1 = 11, leaving at = 564.0
   Increment on distance indicator: 24.0
   Increment on tard indicator:     0.0
   Value of tmax indicator:         24.0

Task for patient = 65 with skills = {0,-1} and cost = 183.3
   Vehicle #0 = 4, leaving at = 847.0
   Vehicle #1 = -1, leaving at = inf
   Increment on distance indicator: 2.0
   Increment on tard indicator:     0.0
   Value of tmax indicator:         2.0

Task for patient = 21 with skills = {4,-1} and cost = 182.7
   Vehicle #0 = 9, leaving at = 789.0
   Vehicle #1 = -1, leaving at = inf
   Increment on distance indicator: 5.0
   Increment on tard indicator:     0.0
   Value of tmax indicator:         5.0

Task for patient = 25 with skills = {0,3} and cost = 181.0
   Vehicle #0 = 2, leaving at = 793.0
   Vehicle #1 = 8, leaving at = 823.0
   Increment on distance indicator: 11.0
   Increment on tard indicator:     0.0
   Value of tmax indicator:         11.0

Task for patient = 27 with skills = {3,-1} and cost = 177.3
   Vehicle #0 = 13, leaving at = 880.0
   Vehicle #1 = -1, leaving at = inf
   Increment on distance indicator: 3.0
   Increment on tard indicator:     0.0
   Value of tmax indicator:         3.0

Task for patient = 32 with skills = {4,-1} and cost = 176.3
   Vehicle #0 = 10, leaving at = 792.0
   Vehicle #1 = -1, leaving at = inf
   Increment on distance indicator: 11.0
   Increment on tard indicator:     0.0
   Value of tmax indicator:         11.0

Task for patient = 70 with skills = {3,-1} and cost = 172.7
   Vehicle #0 = 12, leaving at = 767.0
   Vehicle #1 = -1, leaving at = inf
   Increment on distance indicator: 14.0
   Increment on tard indicator:     0.0
   Value of tmax indicator:         14.0

Task for patient = 48 with skills = {3,-1} and cost = 168.0
   Vehicle #0 = 13, leaving at = 824.0
   Vehicle #1 = -1, leaving at = inf
   Increment on distance indicator: 5.0
   Increment on tard indicator:     0.0
   Value of tmax indicator:         5.0

Task for patient = 36 with skills = {4,-1} and cost = 166.3
   Vehicle #0 = 10, leaving at = 761.0
   Vehicle #1 = -1, leaving at = inf
   Increment on distance indicator: 3.0
   Increment on tard indicator:     0.0
   Value of tmax indicator:         3.0

Task for patient = 40 with skills = {0,4} and cost = 125.0
   Vehicle #0 = 5, leaving at = 647.0
   Vehicle #1 = 14, leaving at = 643.0
   Increment on distance indicator: 14.0
   Increment on tard indicator:     0.0
   Value of tmax indicator:         14.0

Task for patient = 50 with skills = {3,-1} and cost = 161.7
   Vehicle #0 = 11, leaving at = 741.0
   Vehicle #1 = -1, leaving at = inf
   Increment on distance indicator: 7.0
   Increment on tard indicator:     0.0
   Value of tmax indicator:         7.0

Task for patient = 17 with skills = {3,-1} and cost = 159.3
   Vehicle #0 = 7, leaving at = 829.0
   Vehicle #1 = -1, leaving at = inf
   Increment on distance indicator: 7.0
   Increment on tard indicator:     0.0
   Value of tmax indicator:         7.0

Task for patient = 63 with skills = {0,-1} and cost = 157.0
   Vehicle #0 = 4, leaving at = 766.0
   Vehicle #1 = -1, leaving at = inf
   Increment on distance indicator: 8.0
   Increment on tard indicator:     0.0
   Value of tmax indicator:         8.0

Task for patient = 67 with skills = {0,-1} and cost = 154.3
   Vehicle #0 = 5, leaving at = 671.0
   Vehicle #1 = -1, leaving at = inf
   Increment on distance indicator: 3.0
   Increment on tard indicator:     0.0
   Value of tmax indicator:         3.0

Task for patient = 46 with skills = {4,-1} and cost = 153.3
   Vehicle #0 = 12, leaving at = 704.0
   Vehicle #1 = -1, leaving at = inf
   Increment on distance indicator: 12.0
   Increment on tard indicator:     0.0
   Value of tmax indicator:         12.0

Task for patient = 54 with skills = {2,3} and cost = 149.3
   Vehicle #0 = 4, leaving at = 711.0
   Vehicle #1 = 10, leaving at = 707.0
   Increment on distance indicator: 27.0
   Increment on tard indicator:     0.0
   Value of tmax indicator:         27.0

Task for patient = 38 with skills = {1,3} and cost = 140.3
   Vehicle #0 = 3, leaving at = 773.0
   Vehicle #1 = 7, leaving at = 777.0
   Increment on distance indicator: 36.0
   Increment on tard indicator:     0.0
   Value of tmax indicator:         36.0

Task for patient = 56 with skills = {0,-1} and cost = 128.3
   Vehicle #0 = 3, leaving at = 712.0
   Vehicle #1 = -1, leaving at = inf
   Increment on distance indicator: 4.0
   Increment on tard indicator:     0.0
   Value of tmax indicator:         4.0

Task for patient = 29 with skills = {1,-1} and cost = 127.0
   Vehicle #0 = 3, leaving at = 665.0
   Vehicle #1 = -1, leaving at = inf
   Increment on distance indicator: 6.0
   Increment on tard indicator:     0.0
   Value of tmax indicator:         6.0

Task for patient = 7 with skills = {2,-1} and cost = 165.3
   Vehicle #0 = 4, leaving at = 818.0
   Vehicle #1 = -1, leaving at = inf
   Increment on distance indicator: 11.0
   Increment on tard indicator:     0.0
   Value of tmax indicator:         11.0


Unused vehicle list: (total = 0 out of 15)

---
Search finished.
Total of 1900 generations in 83.2 seconds.
Exchange elite runs: 23
Implicit path relinking runs: 10
Reset attempts: 1

Best solution found:
   Cost: 429.7
   Total travel time: 1289.0
   Total tardiness time: 0.0
   Largest tardiness: 0.0


429.7
