This host is: panku
--- BRKGA-MP-IPR for HHCRSP ---
Instance: new-dataset/instances-100/HHCRSP_100_20_57_1.6_R_C.txt
Seed: 14

Reading data... Problem contains 100 patients  and 20 caregivers.

Summary of supply x demand for each service type:
Skill 0 has supply = 8 and demand = 25, ratio = 0.32
Skill 1 has supply = 7 and demand = 21, ratio = 0.333333
Skill 2 has supply = 8 and demand = 26, ratio = 0.307692
Skill 3 has supply = 6 and demand = 13, ratio = 0.461538
Skill 4 has supply = 7 and demand = 30, ratio = 0.233333
Skill 5 has supply = 5 and demand = 15, ratio = 0.333333

Reading parameters...
Inferred distance function by PR type: kendall-tau
Building BRKGA data and initializing...
Evolving 1900 generations...

  Gens  Rem    Local   ElDiv NoImpr             Best solution            Time  Op
                                       Cost     Dist    Tard    TMax 
*    0 1900  2428.33  218.15      0  2428.33  2450.00  4430.0   405.0     0.1    
*    2 1898  1920.00  195.35      0  1920.00  2409.00  3018.0   333.0     0.2    
*    5 1895  1630.67  150.98      0  1630.67  2745.00  1974.0   173.0     0.3    
*    7 1893  1400.00  131.33      0  1400.00  2565.00  1482.0   153.0     0.4    
*    9 1891  1285.33  121.03      0  1285.33  2596.00  1117.0   143.0     0.6    
*   11 1889  1243.33  107.67      0  1243.33  2348.00  1212.0   170.0     0.7    
*   13 1887  1238.33   81.32      0  1238.33  2393.00   657.0    73.0     0.8    
*   14 1886  1041.00   83.83      0  1041.00  2305.00   456.0    67.0     0.8    
*   15 1885   942.67   81.19      0   942.67  2305.00   456.0    67.0     0.9    
*   18 1882   905.33   72.52      0   905.33  2374.00   184.0   102.0     1.1    
*   19 1881   886.67   63.55      0   886.67  2374.00   184.0   102.0     1.1    
*   23 1877   874.00   46.70      0   874.00  2315.00    80.0    30.0     1.3    
*   24 1876   808.33   42.46      0   808.33  2315.00    80.0    30.0     1.4    
*   26 1874   784.33   39.90      0   784.33  2329.00    19.0     5.0     1.5    
*   28 1872   783.33   34.10      0   783.33  2151.00   161.0    38.0     1.6    

  Gens  Rem    Local   ElDiv NoImpr             Best solution            Time  Op
                                       Cost     Dist    Tard    TMax 
*   32 1868   752.00   23.41      0   752.00  2183.00     0.0     0.0     1.8    
*   33 1867   727.67   21.63      0   727.67  2183.00     0.0     0.0     1.9    
*   39 1861   711.00   20.47      0   711.00  2095.00    31.0     7.0     2.2    
*   44 1856   708.67   16.94      0   708.67  2108.00    12.0     6.0     2.5    
*   46 1854   682.67   16.97      0   682.67  2043.00     3.0     2.0     2.6    
    50 1850   682.67   16.38      4   682.67  2043.00     3.0     2.0     2.8    
*   60 1840   670.00   15.39      0   670.00  1992.00    14.0     4.0     3.4    
*   63 1837   654.33   16.19      0   654.33  1933.00    24.0     6.0     3.5    
*   75 1825   646.33   14.97      0   646.33  1913.00    18.0     8.0     4.2    
*   80 1820   641.00   13.91      0   641.00  1882.00    29.0    12.0     4.5    
    80 1820   641.00   10.08      1   641.00  1882.00    29.0    12.0     4.5   X
*   93 1807   638.67    9.84      0   638.67  1914.00     1.0     1.0     5.2    
   100 1800   638.67    9.41      7   638.67  1914.00     1.0     1.0     5.6    
*  105 1795   638.00    9.45      0   638.00  1896.00    11.0     7.0     5.9    
*  107 1793   636.00    9.84      0   636.00  1846.00    46.0    16.0     6.0    
*  124 1776   635.33    9.39      0   635.33  1873.00    21.0    12.0     6.9    

  Gens  Rem    Local   ElDiv NoImpr             Best solution            Time  Op
                                       Cost     Dist    Tard    TMax 
*  128 1772   631.33    9.63      0   631.33  1875.00    12.0     7.0     7.1    
*  132 1768   619.67   10.15      0   619.67  1821.00    29.0     9.0     7.4    
*  144 1756   612.33    9.41      0   612.33  1772.00    47.0    18.0     8.1    
*  147 1753   597.00    9.64      0   597.00  1775.00     9.0     7.0     8.2    
   150 1750   597.00    9.46      3   597.00  1775.00     9.0     7.0     8.4    
   160 1740   597.00    6.73     14   597.00  1775.00     9.0     7.0     8.9   X
*  171 1729   585.33    7.13      0   585.33  1746.00     6.0     4.0     9.5    
Path relinking result: elite improvement.
   180 1720   585.33    7.78     10   585.33  1746.00     6.0     4.0    10.1   P
   200 1700   585.33    7.68     29   585.33  1746.00     6.0     4.0    11.2    
*  215 1685   584.33    7.23      0   584.33  1717.00    29.0     7.0    12.0    
*  220 1680   579.67    7.00      0   579.67  1739.00     0.0     0.0    12.3    
*  226 1674   575.67    6.68      0   575.67  1727.00     0.0     0.0    12.6    
*  239 1661   573.67    5.63      0   573.67  1707.00     7.0     7.0    13.4    
   240 1660   573.67    4.58      2   573.67  1707.00     7.0     7.0    13.4   X
*  242 1658   568.33    4.92      0   568.33  1688.00    10.0     5.0    13.5    
*  243 1657   567.67    4.91      0   567.67  1688.00    10.0     5.0    13.6    

  Gens  Rem    Local   ElDiv NoImpr             Best solution            Time  Op
                                       Cost     Dist    Tard    TMax 
   250 1650   567.67    5.02      7   567.67  1688.00    10.0     5.0    14.0    
*  257 1643   563.33    4.81      0   563.33  1677.00     9.0     4.0    14.4    
*  265 1635   554.67    5.12      0   554.67  1664.00     0.0     0.0    14.8    
*  270 1630   554.00    5.54      0   554.00  1658.00     2.0     2.0    15.1    
*  274 1626   553.33    5.99      0   553.33  1651.00     5.0     4.0    15.3    
*  277 1623   551.67    5.95      0   551.67  1643.00     7.0     5.0    15.5    
*  281 1619   550.33    5.80      0   550.33  1647.00     0.0     0.0    15.7    
*  282 1618   549.00    5.67      0   549.00  1647.00     0.0     0.0    15.8    
*  285 1615   547.33    5.11      0   547.33  1634.00     4.0     4.0    15.9    
*  290 1610   546.67    3.13      0   546.67  1632.00     4.0     4.0    16.2    
*  292 1608   546.00    2.69      0   546.00  1630.00     4.0     4.0    16.3    
*  294 1606   545.67    2.54      0   545.67  1625.00     4.0     4.0    16.4    
*  295 1605   544.33    2.45      0   544.33  1625.00     4.0     4.0    16.5    
*  298 1602   544.00    2.39      0   544.00  1622.00     4.0     4.0    16.6    
*  299 1601   543.33    2.52      0   543.33  1619.00     4.0     4.0    16.7    
*  300 1600   542.33    2.59      0   542.33  1619.00     4.0     4.0    16.8    

  Gens  Rem    Local   ElDiv NoImpr             Best solution            Time  Op
                                       Cost     Dist    Tard    TMax 
*  302 1598   541.33    2.82      0   541.33  1616.00     4.0     4.0    16.9    
*  306 1594   540.67    3.05      0   540.67  1614.00     4.0     4.0    17.1    
*  308 1592   540.33    2.82      0   540.33  1613.00     4.0     4.0    17.2    
*  311 1589   539.67    2.31      0   539.67  1611.00     4.0     4.0    17.3    
*  314 1586   539.33    1.83      0   539.33  1610.00     4.0     4.0    17.5    
   320 1580   539.33    0.78      7   539.33  1610.00     4.0     4.0    17.8   X
*  344 1556   539.00    0.02      0   539.00  1609.00     4.0     4.0    19.2    
   350 1550   539.00    0.07      6   539.00  1609.00     4.0     4.0    19.5    
Path relinking result: elite improvement.
   360 1540   539.00    0.16     17   539.00  1609.00     4.0     4.0    20.1   P
   400 1500   539.00    0.00     56   539.00  1609.00     4.0     4.0    22.3    
   400 1500   539.00    0.00     57   539.00  1609.00     4.0     4.0    22.3   X
*  417 1483   538.67    0.04      0   538.67  1608.00     4.0     4.0    23.2    
*  437 1463   535.00    0.27      0   535.00  1593.00     6.0     6.0    24.3    
   450 1450   535.00    0.96     13   535.00  1593.00     6.0     6.0    25.0    
*  468 1432   534.67    1.81      0   534.67  1585.00    13.0     6.0    26.0    
   480 1420   534.67    1.75     13   534.67  1585.00    13.0     6.0    26.7   X

  Gens  Rem    Local   ElDiv NoImpr             Best solution            Time  Op
                                       Cost     Dist    Tard    TMax 
*  482 1418   534.33    0.17      0   534.33  1584.00    13.0     6.0    26.8    
*  490 1410   532.00    0.19      0   532.00  1584.00     6.0     6.0    27.2    
*  493 1407   531.00    0.51      0   531.00  1581.00     6.0     6.0    27.4    
*  496 1404   530.00    1.07      0   530.00  1578.00     6.0     6.0    27.5    
   500 1400   530.00    0.58      4   530.00  1578.00     6.0     6.0    27.7    
*  502 1398   529.67    0.59      0   529.67  1577.00     6.0     6.0    27.9    
*  525 1375   528.67    0.18      0   528.67  1569.00    11.0     6.0    29.1    
*  529 1371   528.33    0.28      0   528.33  1568.00    11.0     6.0    29.4    
Path relinking result: elite improvement.
   540 1360   528.00    0.63      0   528.33  1568.00    11.0     6.0    29.9   P
*  541 1359   528.00    0.63      0   528.00  1569.00     9.0     6.0    30.0    
   550 1350   528.00    0.71      9   528.00  1569.00     9.0     6.0    30.5    
   560 1340   528.00    0.77     20   528.00  1569.00     9.0     6.0    31.0   X
*  569 1331   527.67    0.03      0   527.67  1568.00     9.0     6.0    31.5    
   600 1300   527.67    0.16     31   527.67  1568.00     9.0     6.0    33.2    
   640 1260   527.67    0.07     72   527.67  1568.00     9.0     6.0    35.4   X
   650 1250   527.67    0.00     81   527.67  1568.00     9.0     6.0    36.0    

  Gens  Rem    Local   ElDiv NoImpr             Best solution            Time  Op
                                       Cost     Dist    Tard    TMax 
   700 1200   527.67    0.00    131   527.67  1568.00     9.0     6.0    38.7    
Path relinking result: no improvement.
   720 1180   527.67    0.00    152   527.67  1568.00     9.0     6.0    39.8  PX
   750 1150   527.67    0.00    181   527.67  1568.00     9.0     6.0    41.4    
   800 1100   527.67    0.00    231   527.67  1568.00     9.0     6.0    44.2    
   800 1100   527.67    0.00    232   527.67  1568.00     9.0     6.0    44.2   X
   850 1050   527.67    0.00    281   527.67  1568.00     9.0     6.0    46.9    
   880 1020   527.67    0.00    312   527.67  1568.00     9.0     6.0    48.6   X
   900 1000   527.67    0.00    331   527.67  1568.00     9.0     6.0    49.7    
Path relinking result: no improvement.
   900 1000   527.67    0.00    332   527.67  1568.00     9.0     6.0    49.7   P
   950  950   527.67    0.00    381   527.67  1568.00     9.0     6.0    52.4    
   960  940   527.67    0.00    392   527.67  1568.00     9.0     6.0    53.0   X
  1000  900   527.67    0.00    431   527.67  1568.00     9.0     6.0    55.2    
  1040  860   527.67    0.00    472   527.67  1568.00     9.0     6.0    57.4   X
  1050  850   527.67    0.00    481   527.67  1568.00     9.0     6.0    57.9    
Path relinking result: no improvement.
  1080  820   527.67    0.00    512   527.67  1568.00     9.0     6.0    59.6   P
  1100  800   527.67    0.00    531   527.67  1568.00     9.0     6.0    60.7    

  Gens  Rem    Local   ElDiv NoImpr             Best solution            Time  Op
                                       Cost     Dist    Tard    TMax 
  1120  780   527.67    0.00    552   527.67  1568.00     9.0     6.0    61.7   X
  1150  750   527.67    0.00    581   527.67  1568.00     9.0     6.0    63.4    
  1200  700   527.67    0.00    631   527.67  1568.00     9.0     6.0    66.2    
  1200  700   527.67    0.00    632   527.67  1568.00     9.0     6.0    66.2   X
  1250  650   527.67    0.00    681   527.67  1568.00     9.0     6.0    69.0    
Path relinking result: no improvement.
  1260  640   527.67    0.00    692   527.67  1568.00     9.0     6.0    69.5   P
  1268  632      inf  249.60      0   527.67  1568.00     9.0     6.0    70.0   R
  1269  631  2246.00  207.56      0   527.67  1568.00     9.0     6.0    70.0    
  1280  620  1294.33   68.36      0   527.67  1568.00     9.0     6.0    70.6   X
  1300  600   739.00   23.55      1   527.67  1568.00     9.0     6.0    71.8    
  1350  550   635.67   11.46      6   527.67  1568.00     9.0     6.0    74.5    
  1360  540   635.67    9.93     17   527.67  1568.00     9.0     6.0    75.1   X
  1400  500   635.67    8.75     56   527.67  1568.00     9.0     6.0    77.4    
Path relinking result: best improvement.
  1440  460   620.00    7.32      0   527.67  1568.00     9.0     6.0    79.6  PX
  1450  450   606.33    7.55      7   527.67  1568.00     9.0     6.0    80.2    
  1500  400   606.33    7.72     57   527.67  1568.00     9.0     6.0    83.0    

  Gens  Rem    Local   ElDiv NoImpr             Best solution            Time  Op
                                       Cost     Dist    Tard    TMax 
  1520  380   606.33    7.55     78   527.67  1568.00     9.0     6.0    84.1   X
  1550  350   606.33    7.57    107   527.67  1568.00     9.0     6.0    85.7    
  1600  300   606.33    7.47    157   527.67  1568.00     9.0     6.0    88.5    
  1600  300   606.33    7.79    158   527.67  1568.00     9.0     6.0    88.5   X
Path relinking result: elite improvement.
  1620  280   606.33    7.77    178   527.67  1568.00     9.0     6.0    89.7   P
  1650  250   606.33    7.27    207   527.67  1568.00     9.0     6.0    91.3    
  1680  220   606.33    5.19    238   527.67  1568.00     9.0     6.0    93.0   X
  1700  200   606.33    5.17    257   527.67  1568.00     9.0     6.0    94.1    
  1750  150   606.33    5.12    307   527.67  1568.00     9.0     6.0    97.0    
  1760  140   606.33    3.27    318   527.67  1568.00     9.0     6.0    97.5   X
  1800  100   600.67    3.22      1   527.67  1568.00     9.0     6.0    99.8    
Path relinking result: best improvement.
  1800  100   593.33    3.36      0   527.67  1568.00     9.0     6.0    99.8   P
  1840   60   593.33    1.69     40   527.67  1568.00     9.0     6.0   102.0   X
  1850   50   593.33    1.71     49   527.67  1568.00     9.0     6.0   102.6    
  1900    0   589.33    1.96     11   527.67  1568.00     9.0     6.0   105.3    
Evolutionary process finished.
Solution written to 'solution-24649.txt'.

Sorted sequence of worst to best tardiness value:
Task for patient = 9 with skills = {2,-1} and cost = 242.7
   Vehicle #0 = 7, leaving at = 738.0
   Vehicle #1 = -1, leaving at = inf
   Increment on distance indicator: 4.0
   Increment on tard indicator:     3.0
   Value of tmax indicator:         4.0

Task for patient = 19 with skills = {1,-1} and cost = 240.3
   Vehicle #0 = 1, leaving at = 778.0
   Vehicle #1 = -1, leaving at = inf
   Increment on distance indicator: 6.0
   Increment on tard indicator:     3.0
   Value of tmax indicator:         6.0

Task for patient = 25 with skills = {4,-1} and cost = 261.3
   Vehicle #0 = 12, leaving at = 756.0
   Vehicle #1 = -1, leaving at = inf
   Increment on distance indicator: 4.0
   Increment on tard indicator:     2.0
   Value of tmax indicator:         4.0

Task for patient = 14 with skills = {2,-1} and cost = 328.7
   Vehicle #0 = 7, leaving at = 930.0
   Vehicle #1 = -1, leaving at = inf
   Increment on distance indicator: 3.0
   Increment on tard indicator:     0.0
   Value of tmax indicator:         3.0

Task for patient = 70 with skills = {0,-1} and cost = 327.7
   Vehicle #0 = 6, leaving at = 860.0
   Vehicle #1 = -1, leaving at = inf
   Increment on distance indicator: 4.0
   Increment on tard indicator:     0.0
   Value of tmax indicator:         4.0

Task for patient = 12 with skills = {2,-1} and cost = 326.3
   Vehicle #0 = 3, leaving at = 860.0
   Vehicle #1 = -1, leaving at = inf
   Increment on distance indicator: 4.0
   Increment on tard indicator:     0.0
   Value of tmax indicator:         4.0

Task for patient = 52 with skills = {0,3} and cost = 325.0
   Vehicle #0 = 7, leaving at = 899.0
   Vehicle #1 = 12, leaving at = 902.0
   Increment on distance indicator: 8.0
   Increment on tard indicator:     0.0
   Value of tmax indicator:         8.0

Task for patient = 93 with skills = {1,3} and cost = 322.3
   Vehicle #0 = 1, leaving at = 888.0
   Vehicle #1 = 14, leaving at = 856.0
   Increment on distance indicator: 13.0
   Increment on tard indicator:     0.0
   Value of tmax indicator:         13.0

Task for patient = 71 with skills = {2,-1} and cost = 318.0
   Vehicle #0 = 7, leaving at = 850.0
   Vehicle #1 = -1, leaving at = inf
   Increment on distance indicator: 2.0
   Increment on tard indicator:     0.0
   Value of tmax indicator:         2.0

Task for patient = 65 with skills = {2,-1} and cost = 317.3
   Vehicle #0 = 9, leaving at = 869.0
   Vehicle #1 = -1, leaving at = inf
   Increment on distance indicator: 8.0
   Increment on tard indicator:     0.0
   Value of tmax indicator:         8.0

Task for patient = 10 with skills = {1,-1} and cost = 314.7
   Vehicle #0 = 1, leaving at = 832.0
   Vehicle #1 = -1, leaving at = inf
   Increment on distance indicator: 3.0
   Increment on tard indicator:     0.0
   Value of tmax indicator:         3.0

Task for patient = 72 with skills = {2,-1} and cost = 313.7
   Vehicle #0 = 5, leaving at = 881.0
   Vehicle #1 = -1, leaving at = inf
   Increment on distance indicator: 3.0
   Increment on tard indicator:     0.0
   Value of tmax indicator:         3.0

Task for patient = 46 with skills = {3,-1} and cost = 312.7
   Vehicle #0 = 16, leaving at = 856.0
   Vehicle #1 = -1, leaving at = inf
   Increment on distance indicator: 7.0
   Increment on tard indicator:     0.0
   Value of tmax indicator:         7.0

Task for patient = 90 with skills = {2,3} and cost = 310.3
   Vehicle #0 = 9, leaving at = 813.0
   Vehicle #1 = 11, leaving at = 838.0
   Increment on distance indicator: 18.0
   Increment on tard indicator:     0.0
   Value of tmax indicator:         18.0

Task for patient = 59 with skills = {5,-1} and cost = 280.3
   Vehicle #0 = 11, leaving at = 773.0
   Vehicle #1 = -1, leaving at = inf
   Increment on distance indicator: 2.0
   Increment on tard indicator:     0.0
   Value of tmax indicator:         2.0

Task for patient = 47 with skills = {2,4} and cost = 299.7
   Vehicle #0 = 6, leaving at = 835.0
   Vehicle #1 = 19, leaving at = 869.0
   Increment on distance indicator: 23.0
   Increment on tard indicator:     0.0
   Value of tmax indicator:         23.0

Task for patient = 13 with skills = {1,4} and cost = 292.0
   Vehicle #0 = 0, leaving at = 843.0
   Vehicle #1 = 12, leaving at = 864.0
   Increment on distance indicator: 9.0
   Increment on tard indicator:     0.0
   Value of tmax indicator:         9.0

Task for patient = 79 with skills = {0,-1} and cost = 289.0
   Vehicle #0 = 3, leaving at = 838.0
   Vehicle #1 = -1, leaving at = inf
   Increment on distance indicator: 7.0
   Increment on tard indicator:     0.0
   Value of tmax indicator:         7.0

Task for patient = 1 with skills = {2,-1} and cost = 286.7
   Vehicle #0 = 5, leaving at = 856.0
   Vehicle #1 = -1, leaving at = inf
   Increment on distance indicator: 4.0
   Increment on tard indicator:     0.0
   Value of tmax indicator:         4.0

Task for patient = 56 with skills = {1,-1} and cost = 285.3
   Vehicle #0 = 4, leaving at = 879.0
   Vehicle #1 = -1, leaving at = inf
   Increment on distance indicator: 2.0
   Increment on tard indicator:     0.0
   Value of tmax indicator:         2.0

Task for patient = 86 with skills = {4,-1} and cost = 284.7
   Vehicle #0 = 17, leaving at = 788.0
   Vehicle #1 = -1, leaving at = inf
   Increment on distance indicator: 4.0
   Increment on tard indicator:     0.0
   Value of tmax indicator:         4.0

Task for patient = 67 with skills = {0,-1} and cost = 283.3
   Vehicle #0 = 0, leaving at = 756.0
   Vehicle #1 = -1, leaving at = inf
   Increment on distance indicator: 1.0
   Increment on tard indicator:     0.0
   Value of tmax indicator:         1.0

Task for patient = 21 with skills = {0,-1} and cost = 283.0
   Vehicle #0 = 9, leaving at = 776.0
   Vehicle #1 = -1, leaving at = inf
   Increment on distance indicator: 3.0
   Increment on tard indicator:     0.0
   Value of tmax indicator:         3.0

Task for patient = 91 with skills = {0,-1} and cost = 282.0
   Vehicle #0 = 5, leaving at = 798.0
   Vehicle #1 = -1, leaving at = inf
   Increment on distance indicator: 5.0
   Increment on tard indicator:     0.0
   Value of tmax indicator:         5.0

Task for patient = 45 with skills = {4,-1} and cost = 304.3
   Vehicle #0 = 18, leaving at = 821.0
   Vehicle #1 = -1, leaving at = inf
   Increment on distance indicator: 14.0
   Increment on tard indicator:     0.0
   Value of tmax indicator:         14.0

Task for patient = 23 with skills = {2,-1} and cost = 393.0
   Vehicle #0 = 9, leaving at = 998.0
   Vehicle #1 = -1, leaving at = inf
   Increment on distance indicator: 4.0
   Increment on tard indicator:     0.0
   Value of tmax indicator:         4.0

Task for patient = 97 with skills = {4,-1} and cost = 391.7
   Vehicle #0 = 17, leaving at = 860.0
   Vehicle #1 = -1, leaving at = inf
   Increment on distance indicator: 1.0
   Increment on tard indicator:     0.0
   Value of tmax indicator:         1.0

Task for patient = 84 with skills = {1,-1} and cost = 391.3
   Vehicle #0 = 8, leaving at = 996.0
   Vehicle #1 = -1, leaving at = inf
   Increment on distance indicator: 3.0
   Increment on tard indicator:     0.0
   Value of tmax indicator:         3.0

Task for patient = 100 with skills = {2,4} and cost = 390.3
   Vehicle #0 = 1, leaving at = 1004.0
   Vehicle #1 = 16, leaving at = 1020.0
   Increment on distance indicator: 9.0
   Increment on tard indicator:     0.0
   Value of tmax indicator:         9.0

Task for patient = 22 with skills = {1,3} and cost = 387.3
   Vehicle #0 = 3, leaving at = 1023.0
   Vehicle #1 = 11, leaving at = 1010.0
   Increment on distance indicator: 10.0
   Increment on tard indicator:     0.0
   Value of tmax indicator:         10.0

Task for patient = 41 with skills = {2,-1} and cost = 384.0
   Vehicle #0 = 5, leaving at = 970.0
   Vehicle #1 = -1, leaving at = inf
   Increment on distance indicator: 3.0
   Increment on tard indicator:     0.0
   Value of tmax indicator:         3.0

Task for patient = 89 with skills = {5,-1} and cost = 383.0
   Vehicle #0 = 12, leaving at = 1069.0
   Vehicle #1 = -1, leaving at = inf
   Increment on distance indicator: 3.0
   Increment on tard indicator:     0.0
   Value of tmax indicator:         3.0

Task for patient = 26 with skills = {1,-1} and cost = 382.0
   Vehicle #0 = 7, leaving at = 1005.0
   Vehicle #1 = -1, leaving at = inf
   Increment on distance indicator: 4.0
   Increment on tard indicator:     0.0
   Value of tmax indicator:         4.0

Task for patient = 39 with skills = {1,4} and cost = 380.7
   Vehicle #0 = 1, leaving at = 943.0
   Vehicle #1 = 18, leaving at = 934.0
   Increment on distance indicator: 21.0
   Increment on tard indicator:     0.0
   Value of tmax indicator:         21.0

Task for patient = 88 with skills = {4,-1} and cost = 373.7
   Vehicle #0 = 12, leaving at = 1020.0
   Vehicle #1 = -1, leaving at = inf
   Increment on distance indicator: 7.0
   Increment on tard indicator:     0.0
   Value of tmax indicator:         7.0

Task for patient = 40 with skills = {4,-1} and cost = 371.3
   Vehicle #0 = 14, leaving at = 969.0
   Vehicle #1 = -1, leaving at = inf
   Increment on distance indicator: 13.0
   Increment on tard indicator:     0.0
   Value of tmax indicator:         13.0

Task for patient = 2 with skills = {3,-1} and cost = 367.0
   Vehicle #0 = 12, leaving at = 975.0
   Vehicle #1 = -1, leaving at = inf
   Increment on distance indicator: 3.0
   Increment on tard indicator:     0.0
   Value of tmax indicator:         3.0

Task for patient = 31 with skills = {5,-1} and cost = 329.3
   Vehicle #0 = 18, leaving at = 843.0
   Vehicle #1 = -1, leaving at = inf
   Increment on distance indicator: 2.0
   Increment on tard indicator:     0.0
   Value of tmax indicator:         2.0

Task for patient = 29 with skills = {0,-1} and cost = 364.0
   Vehicle #0 = 9, leaving at = 902.0
   Vehicle #1 = -1, leaving at = inf
   Increment on distance indicator: 1.0
   Increment on tard indicator:     0.0
   Value of tmax indicator:         1.0

Task for patient = 11 with skills = {1,-1} and cost = 363.7
   Vehicle #0 = 4, leaving at = 964.0
   Vehicle #1 = -1, leaving at = inf
   Increment on distance indicator: 5.0
   Increment on tard indicator:     0.0
   Value of tmax indicator:         5.0

Task for patient = 53 with skills = {5,-1} and cost = 362.0
   Vehicle #0 = 14, leaving at = 912.0
   Vehicle #1 = -1, leaving at = inf
   Increment on distance indicator: 12.0
   Increment on tard indicator:     0.0
   Value of tmax indicator:         12.0

Task for patient = 49 with skills = {2,-1} and cost = 358.0
   Vehicle #0 = 6, leaving at = 988.0
   Vehicle #1 = -1, leaving at = inf
   Increment on distance indicator: 2.0
   Increment on tard indicator:     0.0
   Value of tmax indicator:         2.0

Task for patient = 66 with skills = {2,-1} and cost = 357.3
   Vehicle #0 = 4, leaving at = 937.0
   Vehicle #1 = -1, leaving at = inf
   Increment on distance indicator: 2.0
   Increment on tard indicator:     0.0
   Value of tmax indicator:         2.0

Task for patient = 69 with skills = {0,4} and cost = 356.7
   Vehicle #0 = 6, leaving at = 926.0
   Vehicle #1 = 16, leaving at = 897.0
   Increment on distance indicator: 17.0
   Increment on tard indicator:     0.0
   Value of tmax indicator:         17.0

Task for patient = 51 with skills = {0,4} and cost = 351.0
   Vehicle #0 = 8, leaving at = 885.0
   Vehicle #1 = 18, leaving at = 904.0
   Increment on distance indicator: 32.0
   Increment on tard indicator:     0.0
   Value of tmax indicator:         32.0

Task for patient = 18 with skills = {2,-1} and cost = 340.3
   Vehicle #0 = 5, leaving at = 935.0
   Vehicle #1 = -1, leaving at = inf
   Increment on distance indicator: 3.0
   Increment on tard indicator:     0.0
   Value of tmax indicator:         3.0

Task for patient = 6 with skills = {4,-1} and cost = 339.3
   Vehicle #0 = 17, leaving at = 832.0
   Vehicle #1 = -1, leaving at = inf
   Increment on distance indicator: 5.0
   Increment on tard indicator:     0.0
   Value of tmax indicator:         5.0

Task for patient = 27 with skills = {1,3} and cost = 337.7
   Vehicle #0 = 3, leaving at = 925.0
   Vehicle #1 = 11, leaving at = 980.0
   Increment on distance indicator: 4.0
   Increment on tard indicator:     0.0
   Value of tmax indicator:         4.0

Task for patient = 60 with skills = {0,5} and cost = 336.3
   Vehicle #0 = 3, leaving at = 907.0
   Vehicle #1 = 11, leaving at = 918.0
   Increment on distance indicator: 15.0
   Increment on tard indicator:     0.0
   Value of tmax indicator:         15.0

Task for patient = 55 with skills = {2,3} and cost = 331.3
   Vehicle #0 = 0, leaving at = 932.0
   Vehicle #1 = 12, leaving at = 939.0
   Increment on distance indicator: 6.0
   Increment on tard indicator:     0.0
   Value of tmax indicator:         6.0

Task for patient = 54 with skills = {0,-1} and cost = 366.0
   Vehicle #0 = 8, leaving at = 950.0
   Vehicle #1 = -1, leaving at = inf
   Increment on distance indicator: 6.0
   Increment on tard indicator:     0.0
   Value of tmax indicator:         6.0

Task for patient = 8 with skills = {0,-1} and cost = 174.0
   Vehicle #0 = 6, leaving at = 641.0
   Vehicle #1 = -1, leaving at = inf
   Increment on distance indicator: 5.0
   Increment on tard indicator:     0.0
   Value of tmax indicator:         5.0

Task for patient = 7 with skills = {4,-1} and cost = 172.3
   Vehicle #0 = 18, leaving at = 660.0
   Vehicle #1 = -1, leaving at = inf
   Increment on distance indicator: 5.0
   Increment on tard indicator:     0.0
   Value of tmax indicator:         5.0

Task for patient = 62 with skills = {2,-1} and cost = 170.7
   Vehicle #0 = 1, leaving at = 745.0
   Vehicle #1 = -1, leaving at = inf
   Increment on distance indicator: 2.0
   Increment on tard indicator:     0.0
   Value of tmax indicator:         2.0

Task for patient = 73 with skills = {5,-1} and cost = 170.0
   Vehicle #0 = 14, leaving at = 815.0
   Vehicle #1 = -1, leaving at = inf
   Increment on distance indicator: 7.0
   Increment on tard indicator:     0.0
   Value of tmax indicator:         7.0

Task for patient = 43 with skills = {0,-1} and cost = 167.7
   Vehicle #0 = 6, leaving at = 547.0
   Vehicle #1 = -1, leaving at = inf
   Increment on distance indicator: 36.0
   Increment on tard indicator:     0.0
   Value of tmax indicator:         36.0

Task for patient = 50 with skills = {0,5} and cost = 155.7
   Vehicle #0 = 5, leaving at = 767.0
   Vehicle #1 = 14, leaving at = 773.0
   Increment on distance indicator: 8.0
   Increment on tard indicator:     0.0
   Value of tmax indicator:         8.0

Task for patient = 95 with skills = {1,4} and cost = 153.0
   Vehicle #0 = 4, leaving at = 533.0
   Vehicle #1 = 18, leaving at = 595.0
   Increment on distance indicator: 33.0
   Increment on tard indicator:     0.0
   Value of tmax indicator:         33.0

Task for patient = 87 with skills = {5,-1} and cost = 142.0
   Vehicle #0 = 18, leaving at = 539.0
   Vehicle #1 = -1, leaving at = inf
   Increment on distance indicator: 31.0
   Increment on tard indicator:     0.0
   Value of tmax indicator:         31.0

Task for patient = 99 with skills = {0,-1} and cost = 131.7
   Vehicle #0 = 5, leaving at = 583.0
   Vehicle #1 = -1, leaving at = inf
   Increment on distance indicator: 26.0
   Increment on tard indicator:     0.0
   Value of tmax indicator:         26.0

Task for patient = 37 with skills = {3,-1} and cost = 123.0
   Vehicle #0 = 11, leaving at = 654.0
   Vehicle #1 = -1, leaving at = inf
   Increment on distance indicator: 11.0
   Increment on tard indicator:     0.0
   Value of tmax indicator:         11.0

Task for patient = 35 with skills = {1,4} and cost = 119.3
   Vehicle #0 = 3, leaving at = 637.0
   Vehicle #1 = 17, leaving at = 622.0
   Increment on distance indicator: 32.0
   Increment on tard indicator:     0.0
   Value of tmax indicator:         32.0

Task for patient = 75 with skills = {0,-1} and cost = 277.7
   Vehicle #0 = 9, leaving at = 744.0
   Vehicle #1 = -1, leaving at = inf
   Increment on distance indicator: 19.0
   Increment on tard indicator:     0.0
   Value of tmax indicator:         19.0

Task for patient = 38 with skills = {2,4} and cost = 89.3
   Vehicle #0 = 1, leaving at = 724.0
   Vehicle #1 = 16, leaving at = 764.0
   Increment on distance indicator: 4.0
   Increment on tard indicator:     0.0
   Value of tmax indicator:         4.0

Task for patient = 28 with skills = {1,5} and cost = 88.0
   Vehicle #0 = 0, leaving at = 653.0
   Vehicle #1 = 12, leaving at = 685.0
   Increment on distance indicator: 8.0
   Increment on tard indicator:     0.0
   Value of tmax indicator:         8.0

Task for patient = 64 with skills = {4,-1} and cost = 85.3
   Vehicle #0 = 16, leaving at = 649.0
   Vehicle #1 = -1, leaving at = inf
   Increment on distance indicator: 25.0
   Increment on tard indicator:     0.0
   Value of tmax indicator:         25.0

Task for patient = 96 with skills = {5,-1} and cost = 77.0
   Vehicle #0 = 11, leaving at = 584.0
   Vehicle #1 = -1, leaving at = inf
   Increment on distance indicator: 6.0
   Increment on tard indicator:     0.0
   Value of tmax indicator:         6.0

Task for patient = 30 with skills = {1,4} and cost = 75.0
   Vehicle #0 = 2, leaving at = 697.0
   Vehicle #1 = 15, leaving at = 695.0
   Increment on distance indicator: 0.0
   Increment on tard indicator:     0.0
   Value of tmax indicator:         0.0

Task for patient = 48 with skills = {0,5} and cost = 75.0
   Vehicle #0 = 1, leaving at = 701.0
   Vehicle #1 = 14, leaving at = 731.0
   Increment on distance indicator: 8.0
   Increment on tard indicator:     0.0
   Value of tmax indicator:         8.0

Task for patient = 77 with skills = {1,4} and cost = 72.3
   Vehicle #0 = 1, leaving at = 562.0
   Vehicle #1 = 14, leaving at = 595.0
   Increment on distance indicator: 50.0
   Increment on tard indicator:     0.0
   Value of tmax indicator:         50.0

Task for patient = 68 with skills = {1,4} and cost = 55.7
   Vehicle #0 = 0, leaving at = 626.0
   Vehicle #1 = 12, leaving at = 634.0
   Increment on distance indicator: 8.0
   Increment on tard indicator:     0.0
   Value of tmax indicator:         8.0

Task for patient = 33 with skills = {1,4} and cost = 53.0
   Vehicle #0 = 0, leaving at = 588.0
   Vehicle #1 = 12, leaving at = 602.0
   Increment on distance indicator: 41.0
   Increment on tard indicator:     0.0
   Value of tmax indicator:         41.0

Task for patient = 94 with skills = {5,-1} and cost = 39.3
   Vehicle #0 = 11, leaving at = 558.0
   Vehicle #1 = -1, leaving at = inf
   Increment on distance indicator: 40.0
   Increment on tard indicator:     0.0
   Value of tmax indicator:         40.0

Task for patient = 78 with skills = {2,3} and cost = 26.0
   Vehicle #0 = 0, leaving at = 548.0
   Vehicle #1 = 10, leaving at = 551.0
   Increment on distance indicator: 78.0
   Increment on tard indicator:     0.0
   Value of tmax indicator:         78.0

Task for patient = 80 with skills = {1,4} and cost = 108.7
   Vehicle #0 = 3, leaving at = 582.0
   Vehicle #1 = 17, leaving at = 580.0
   Increment on distance indicator: 58.0
   Increment on tard indicator:     0.0
   Value of tmax indicator:         58.0

Task for patient = 16 with skills = {3,-1} and cost = 279.7
   Vehicle #0 = 10, leaving at = 735.0
   Vehicle #1 = -1, leaving at = inf
   Increment on distance indicator: 6.0
   Increment on tard indicator:     0.0
   Value of tmax indicator:         6.0

Task for patient = 42 with skills = {0,-1} and cost = 393.7
   Vehicle #0 = 7, leaving at = 1064.0
   Vehicle #1 = -1, leaving at = inf
   Increment on distance indicator: 2.0
   Increment on tard indicator:     0.0
   Value of tmax indicator:         2.0

Task for patient = 17 with skills = {4,-1} and cost = 271.3
   Vehicle #0 = 12, leaving at = 808.0
   Vehicle #1 = -1, leaving at = inf
   Increment on distance indicator: 3.0
   Increment on tard indicator:     0.0
   Value of tmax indicator:         3.0

Task for patient = 4 with skills = {4,-1} and cost = 270.3
   Vehicle #0 = 17, leaving at = 741.0
   Vehicle #1 = -1, leaving at = inf
   Increment on distance indicator: 12.0
   Increment on tard indicator:     0.0
   Value of tmax indicator:         12.0

Task for patient = 82 with skills = {2,-1} and cost = 266.3
   Vehicle #0 = 4, leaving at = 818.0
   Vehicle #1 = -1, leaving at = inf
   Increment on distance indicator: 5.0
   Increment on tard indicator:     0.0
   Value of tmax indicator:         5.0

Task for patient = 34 with skills = {3,-1} and cost = 264.7
   Vehicle #0 = 16, leaving at = 810.0
   Vehicle #1 = -1, leaving at = inf
   Increment on distance indicator: 4.0
   Increment on tard indicator:     0.0
   Value of tmax indicator:         4.0

Task for patient = 76 with skills = {0,-1} and cost = 263.3
   Vehicle #0 = 9, leaving at = 668.0
   Vehicle #1 = -1, leaving at = inf
   Increment on distance indicator: 6.0
   Increment on tard indicator:     0.0
   Value of tmax indicator:         6.0

Task for patient = 15 with skills = {2,-1} and cost = 259.3
   Vehicle #0 = 9, leaving at = 618.0
   Vehicle #1 = -1, leaving at = inf
   Increment on distance indicator: 19.0
   Increment on tard indicator:     0.0
   Value of tmax indicator:         19.0

Task for patient = 81 with skills = {2,-1} and cost = 253.0
   Vehicle #0 = 9, leaving at = 578.0
   Vehicle #1 = -1, leaving at = inf
   Increment on distance indicator: 24.0
   Increment on tard indicator:     0.0
   Value of tmax indicator:         24.0

Task for patient = 58 with skills = {0,-1} and cost = 245.0
   Vehicle #0 = 6, leaving at = 800.0
   Vehicle #1 = -1, leaving at = inf
   Increment on distance indicator: 7.0
   Increment on tard indicator:     0.0
   Value of tmax indicator:         7.0

Task for patient = 92 with skills = {0,5} and cost = 236.3
   Vehicle #0 = 7, leaving at = 691.0
   Vehicle #1 = 12, leaving at = 710.0
   Increment on distance indicator: 8.0
   Increment on tard indicator:     0.0
   Value of tmax indicator:         8.0

Task for patient = 44 with skills = {2,-1} and cost = 174.7
   Vehicle #0 = 0, leaving at = 681.0
   Vehicle #1 = -1, leaving at = inf
   Increment on distance indicator: 2.0
   Increment on tard indicator:     0.0
   Value of tmax indicator:         2.0

Task for patient = 24 with skills = {0,3} and cost = 232.7
   Vehicle #0 = 7, leaving at = 617.0
   Vehicle #1 = 10, leaving at = 628.0
   Increment on distance indicator: 17.0
   Increment on tard indicator:     0.0
   Value of tmax indicator:         17.0

Task for patient = 36 with skills = {2,-1} and cost = 227.0
   Vehicle #0 = 7, leaving at = 558.0
   Vehicle #1 = -1, leaving at = inf
   Increment on distance indicator: 38.0
   Increment on tard indicator:     0.0
   Value of tmax indicator:         38.0

Task for patient = 98 with skills = {5,-1} and cost = 214.3
   Vehicle #0 = 11, leaving at = 719.0
   Vehicle #1 = -1, leaving at = inf
   Increment on distance indicator: 5.0
   Increment on tard indicator:     0.0
   Value of tmax indicator:         5.0

Task for patient = 61 with skills = {4,-1} and cost = 212.7
   Vehicle #0 = 19, leaving at = 609.0
   Vehicle #1 = -1, leaving at = inf
   Increment on distance indicator: 17.0
   Increment on tard indicator:     0.0
   Value of tmax indicator:         17.0

Task for patient = 63 with skills = {0,-1} and cost = 207.0
   Vehicle #0 = 0, leaving at = 706.0
   Vehicle #1 = -1, leaving at = inf
   Increment on distance indicator: 4.0
   Increment on tard indicator:     0.0
   Value of tmax indicator:         4.0

Task for patient = 74 with skills = {4,-1} and cost = 205.7
   Vehicle #0 = 19, leaving at = 560.0
   Vehicle #1 = -1, leaving at = inf
   Increment on distance indicator: 26.0
   Increment on tard indicator:     0.0
   Value of tmax indicator:         26.0

Task for patient = 5 with skills = {2,-1} and cost = 197.0
   Vehicle #0 = 3, leaving at = 773.0
   Vehicle #1 = -1, leaving at = inf
   Increment on distance indicator: 9.0
   Increment on tard indicator:     0.0
   Value of tmax indicator:         9.0

Task for patient = 83 with skills = {5,-1} and cost = 194.0
   Vehicle #0 = 18, leaving at = 782.0
   Vehicle #1 = -1, leaving at = inf
   Increment on distance indicator: 14.0
   Increment on tard indicator:     0.0
   Value of tmax indicator:         14.0

Task for patient = 32 with skills = {2,-1} and cost = 189.3
   Vehicle #0 = 4, leaving at = 796.0
   Vehicle #1 = -1, leaving at = inf
   Increment on distance indicator: 2.0
   Increment on tard indicator:     0.0
   Value of tmax indicator:         2.0

Task for patient = 3 with skills = {0,4} and cost = 188.7
   Vehicle #0 = 3, leaving at = 705.0
   Vehicle #1 = 17, leaving at = 707.0
   Increment on distance indicator: 20.0
   Increment on tard indicator:     0.0
   Value of tmax indicator:         20.0

Task for patient = 57 with skills = {1,4} and cost = 182.0
   Vehicle #0 = 4, leaving at = 779.0
   Vehicle #1 = 18, leaving at = 747.0
   Increment on distance indicator: 10.0
   Increment on tard indicator:     0.0
   Value of tmax indicator:         10.0

Task for patient = 20 with skills = {0,4} and cost = 178.7
   Vehicle #0 = 6, leaving at = 725.0
   Vehicle #1 = 18, leaving at = 717.0
   Increment on distance indicator: 12.0
   Increment on tard indicator:     0.0
   Value of tmax indicator:         12.0

Task for patient = 85 with skills = {1,-1} and cost = 233.7
   Vehicle #0 = 7, leaving at = 669.0
   Vehicle #1 = -1, leaving at = inf
   Increment on distance indicator: 3.0
   Increment on tard indicator:     0.0
   Value of tmax indicator:         3.0


Unused vehicle list: 13 (total = 1 out of 20)

---
Search finished.
Total of 1900 generations in 105.3 seconds.
Exchange elite runs: 23
Implicit path relinking runs: 10
Reset attempts: 1

Best solution found:
   Cost: 527.7
   Total travel time: 1568.0
   Total tardiness time: 9.0
   Largest tardiness: 6.0


527.7
