This host is: ifrit
--- BRKGA-MP-IPR for HHCRSP ---
Instance: /home/alberto/work/hhcrsp-dataset-2021/dataset2/HHCRSP_200_40_12_0.8_C_RC.txt
Seed: 11

Reading data... Problem contains 200 patients  and 40 caregivers.

Summary of supply x demand for each service type:
Skill 0 has supply = 13 and demand = 42, ratio = 0.309524
Skill 1 has supply = 12 and demand = 29, ratio = 0.413793
Skill 2 has supply = 15 and demand = 65, ratio = 0.230769
Skill 3 has supply = 18 and demand = 57, ratio = 0.315789
Skill 4 has supply = 14 and demand = 31, ratio = 0.451613
Skill 5 has supply = 14 and demand = 36, ratio = 0.388889

Reading parameters...
Inferred distance function by PR type: kendall-tau
Building BRKGA data and initializing...
Evolving 1900 generations...

  Gens  Rem    Local   ElDiv NoImpr             Best solution            Time  Op
                                       Cost     Dist    Tard    TMax 
*    0 1900  4392.33  401.71      0  4392.33  3598.00  9109.0   470.0     0.3    
*    2 1898  3709.67  375.99      0  3709.67  3605.00  6635.0   485.0     1.0    
*    3 1897  3575.00  339.61      0  3575.00  3605.00  6635.0   485.0     1.4    
*    5 1895  3045.67  298.97      0  3045.67  3568.00  5134.0   435.0     2.0    
*    7 1893  2977.33  234.95      0  2977.33  3426.00  4091.0   279.0     2.7    
*    8 1892  2598.67  230.78      0  2598.67  3414.00  3631.0   349.0     3.1    
*    9 1891  2464.67  223.10      0  2464.67  3473.00  2896.0   315.0     3.4    
*   10 1890  2228.00  193.01      0  2228.00  3505.00  2536.0   364.0     3.8    
*   11 1889  2135.00  189.69      0  2135.00  3561.00  1693.0   263.0     4.1    
*   12 1888  1839.00  179.00      0  1839.00  3561.00  1693.0   263.0     4.4    
*   15 1885  1702.00  137.05      0  1702.00  3416.00  1022.0   184.0     5.5    
*   16 1884  1540.67  119.11      0  1540.67  3416.00  1022.0   184.0     5.8    
*   18 1882  1470.33  108.34      0  1470.33  3389.00   613.0   111.0     6.5    
*   19 1881  1371.00   94.81      0  1371.00  3254.00   561.0   107.0     6.8    
*   20 1880  1307.33   92.50      0  1307.33  3172.00    50.0    21.0     7.2    

  Gens  Rem    Local   ElDiv NoImpr             Best solution            Time  Op
                                       Cost     Dist    Tard    TMax 
*   21 1879  1081.00   93.53      0  1081.00  3172.00    50.0    21.0     7.5    
*   27 1873  1065.33   50.65      0  1065.33  3156.00    30.0    10.0     9.6    
*   29 1871  1054.00   39.72      0  1054.00  3113.00    36.0    13.0    10.2    
*   31 1869  1051.33   31.21      0  1051.33  3089.00     1.0     1.0    10.9    
*   32 1868  1030.33   30.13      0  1030.33  3089.00     1.0     1.0    11.3    
*   34 1866  1010.33   23.05      0  1010.33  3019.00     7.0     4.0    12.0    
*   35 1865  1010.00   20.02      0  1010.00  3019.00     7.0     4.0    12.3    
*   37 1863  1009.67   17.55      0  1009.67  2991.00    23.0    11.0    13.0    
*   38 1862  1008.33   16.23      0  1008.33  2970.00    13.0     4.0    13.3    
*   39 1861   995.67   15.45      0   995.67  2961.00    13.0     7.0    13.7    
*   40 1860   993.67   15.78      0   993.67  2932.00    17.0     7.0    14.0    
*   41 1859   985.33   14.98      0   985.33  2932.00    17.0     7.0    14.3    
*   43 1857   967.00   14.54      0   967.00  2871.00     5.0     2.0    15.0    
*   44 1856   959.33   15.30      0   959.33  2871.00     5.0     2.0    15.4    
*   49 1851   954.33   12.38      0   954.33  2857.00     3.0     3.0    17.1    
    50 1850   954.33   11.98      1   954.33  2857.00     3.0     3.0    17.4    

  Gens  Rem    Local   ElDiv NoImpr             Best solution            Time  Op
                                       Cost     Dist    Tard    TMax 
*   51 1849   931.33   11.03      0   931.33  2786.00     5.0     3.0    17.8    
*   59 1841   915.33   12.85      0   915.33  2735.00     7.0     4.0    20.5    
*   68 1832   904.33   12.16      0   904.33  2700.00     8.0     5.0    23.6    
*   70 1830   894.00   12.22      0   894.00  2674.00     4.0     4.0    24.2    
*   79 1821   865.33    9.74      0   865.33  2586.00     6.0     4.0    27.3    
    80 1820   865.33    7.28      2   865.33  2586.00     6.0     4.0    27.7   X
   100 1800   865.33    7.33     21   865.33  2586.00     6.0     4.0    34.5    
*  101 1799   863.33    7.23      0   863.33  2586.00     2.0     2.0    34.8    
*  109 1791   859.00    7.28      0   859.00  2569.00     6.0     2.0    37.5    
*  111 1789   858.00    7.70      0   858.00  2556.00    11.0     4.0    38.2    
*  112 1788   857.00    7.74      0   857.00  2556.00    11.0     4.0    38.6    
*  114 1786   853.33    8.00      0   853.33  2546.00     9.0     3.0    39.2    
*  115 1785   852.67    8.19      0   852.67  2546.00     9.0     3.0    39.6    
*  119 1781   846.00    8.23      0   846.00  2500.00    21.0    11.0    41.0    
*  120 1780   844.00    8.28      0   844.00  2500.00    21.0    11.0    41.3    
*  123 1777   838.00    8.22      0   838.00  2509.00     3.0     2.0    42.3    

  Gens  Rem    Local   ElDiv NoImpr             Best solution            Time  Op
                                       Cost     Dist    Tard    TMax 
*  138 1762   830.33    5.96      0   830.33  2483.00     6.0     2.0    47.4    
*  143 1757   828.33    5.55      0   828.33  2482.00     2.0     1.0    49.1    
*  150 1750   824.00    6.43      0   824.00  2451.00     0.0     0.0    51.5    
*  151 1749   817.00    6.69      0   817.00  2451.00     0.0     0.0    51.9    
*  155 1745   815.33    6.84      0   815.33  2438.00     4.0     4.0    53.2    
   160 1740   815.33    4.45      6   815.33  2438.00     4.0     4.0    54.9   X
*  162 1738   805.33    4.67      0   805.33  2412.00     3.0     1.0    55.6    
*  169 1731   799.67    4.87      0   799.67  2396.00     2.0     1.0    58.0    
*  180 1720   799.33    4.81      0   799.33  2390.00     5.0     3.0    61.8    
Path relinking result: elite improvement.
   180 1720   799.33    5.12      1   799.33  2390.00     5.0     3.0    62.0   P
*  190 1710   798.33    5.17      0   798.33  2395.00     0.0     0.0    65.4    
*  194 1706   798.00    5.10      0   798.00  2394.00     0.0     0.0    66.8    
   200 1700   798.00    5.05      6   798.00  2394.00     0.0     0.0    68.9    
*  207 1693   792.00    5.30      0   792.00  2370.00     4.0     2.0    71.3    
*  211 1689   781.33    5.47      0   781.33  2341.00     2.0     1.0    72.6    
*  219 1681   780.33    5.37      0   780.33  2334.00     5.0     2.0    75.4    

  Gens  Rem    Local   ElDiv NoImpr             Best solution            Time  Op
                                       Cost     Dist    Tard    TMax 
*  240 1660   777.33    4.89      0   777.33  2322.00     6.0     2.0    82.5    
   240 1660   776.67    4.26      0   777.33  2322.00     6.0     2.0    82.5   X
*  241 1659   776.67    4.27      0   776.67  2322.00     6.0     2.0    82.9    
*  249 1651   762.67    4.29      0   762.67  2288.00     0.0     0.0    85.6    
   250 1650   762.67    4.27      1   762.67  2288.00     0.0     0.0    86.0    
*  280 1620   756.33    4.37      0   756.33  2265.00     2.0     2.0    96.2    
*  296 1604   756.00    4.66      0   756.00  2263.00     4.0     1.0   101.7    
   300 1600   756.00    4.59      4   756.00  2263.00     4.0     1.0   103.1    
*  311 1589   755.00    4.19      0   755.00  2261.00     2.0     2.0   106.8    
*  314 1586   751.00    4.11      0   751.00  2253.00     0.0     0.0   107.9    
*  318 1582   749.67    4.21      0   749.67  2231.00     8.0     3.0   109.2    
*  319 1581   747.33    4.14      0   747.33  2231.00     8.0     3.0   109.6    
   320 1580   747.33    3.10      2   747.33  2231.00     8.0     3.0   109.9   X
*  330 1570   746.33    2.90      0   746.33  2236.00     2.0     1.0   113.3    
*  337 1563   745.00    2.57      0   745.00  2233.00     1.0     1.0   115.7    
*  342 1558   742.67    2.62      0   742.67  2228.00     0.0     0.0   117.4    

  Gens  Rem    Local   ElDiv NoImpr             Best solution            Time  Op
                                       Cost     Dist    Tard    TMax 
*  344 1556   741.00    2.70      0   741.00  2220.00     2.0     1.0   118.1    
*  348 1552   739.67    2.96      0   739.67  2214.00     3.0     2.0   119.5    
   350 1550   739.67    2.99      2   739.67  2214.00     3.0     2.0   120.1    
*  354 1546   733.67    2.97      0   733.67  2195.00     4.0     2.0   121.5    
Path relinking result: best improvement.
   360 1540   733.33    3.14      0   733.67  2195.00     4.0     2.0   123.8   P
*  361 1539   733.33    3.24      0   733.33  2200.00     0.0     0.0   124.1    
*  366 1534   732.00    3.09      0   732.00  2191.00     4.0     1.0   125.8    
*  371 1529   728.33    2.94      0   728.33  2182.00     2.0     1.0   127.5    
*  378 1522   727.67    2.91      0   727.67  2181.00     1.0     1.0   129.9    
*  382 1518   727.00    2.90      0   727.00  2177.00     3.0     1.0   131.3    
*  394 1506   724.33    2.76      0   724.33  2161.00     9.0     3.0   135.4    
   400 1500   724.33    2.58      6   724.33  2161.00     9.0     3.0   137.4    
   400 1500   724.33    1.84      7   724.33  2161.00     9.0     3.0   137.4   X
*  402 1498   723.67    1.95      0   723.67  2162.00     2.0     1.0   138.1    
*  403 1497   721.67    1.96      0   721.67  2162.00     2.0     1.0   138.4    
*  431 1469   721.33    1.91      0   721.33  2150.00     2.0     1.0   148.0    

  Gens  Rem    Local   ElDiv NoImpr             Best solution            Time  Op
                                       Cost     Dist    Tard    TMax 
*  432 1468   717.67    1.90      0   717.67  2150.00     2.0     1.0   148.3    
*  444 1456   717.33    2.08      0   717.33  2148.00     2.0     1.0   152.4    
*  445 1455   717.00    2.09      0   717.00  2148.00     2.0     1.0   152.7    
   450 1450   717.00    2.17      5   717.00  2148.00     2.0     1.0   154.4    
*  451 1449   715.33    2.12      0   715.33  2143.00     2.0     1.0   154.8    
*  457 1443   714.33    2.07      0   714.33  2140.00     2.0     1.0   156.8    
*  468 1432   713.67    1.91      0   713.67  2133.00     2.0     1.0   160.5    
*  469 1431   712.00    1.98      0   712.00  2133.00     2.0     1.0   160.9    
*  478 1422   710.00    2.11      0   710.00  2127.00     2.0     1.0   164.0    
   480 1420   710.00    1.19      3   710.00  2127.00     2.0     1.0   164.6   X
*  482 1418   709.67    1.21      0   709.67  2126.00     2.0     1.0   165.3    
*  484 1416   708.00    1.27      0   708.00  2120.00     3.0     1.0   166.0    
*  490 1410   707.00    1.46      0   707.00  2118.00     2.0     1.0   168.0    
*  492 1408   705.00    1.57      0   705.00  2111.00     3.0     1.0   168.7    
*  497 1403   703.67    1.67      0   703.67  2108.00     2.0     1.0   170.4    
   500 1400   703.67    1.64      3   703.67  2108.00     2.0     1.0   171.4    

  Gens  Rem    Local   ElDiv NoImpr             Best solution            Time  Op
                                       Cost     Dist    Tard    TMax 
*  504 1396   703.00    1.90      0   703.00  2103.00     2.0     1.0   172.8    
*  505 1395   702.00    1.94      0   702.00  2103.00     2.0     1.0   173.1    
*  512 1388   701.00    2.04      0   701.00  2100.00     2.0     1.0   175.5    
*  520 1380   700.33    1.83      0   700.33  2098.00     2.0     1.0   178.2    
*  523 1377   700.00    1.46      0   700.00  2097.00     2.0     1.0   179.3    
*  525 1375   699.33    1.31      0   699.33  2095.00     2.0     1.0   179.9    
*  535 1365   699.00    1.60      0   699.00  2094.00     2.0     1.0   183.3    
Path relinking result: elite improvement.
   540 1360   699.00    1.58      6   699.00  2094.00     2.0     1.0   185.3   P
   550 1350   699.00    1.49     15   699.00  2094.00     2.0     1.0   188.7    
*  552 1348   698.67    1.54      0   698.67  2093.00     2.0     1.0   189.3    
*  557 1343   698.33    1.62      0   698.33  2092.00     2.0     1.0   191.0    
   560 1340   698.33    0.09      4   698.33  2092.00     2.0     1.0   192.1   X
*  562 1338   697.00    0.15      0   697.00  2088.00     2.0     1.0   192.7    
*  568 1332   696.67    0.32      0   696.67  2087.00     2.0     1.0   194.8    
*  575 1325   696.00    0.59      0   696.00  2085.00     2.0     1.0   197.2    
*  582 1318   695.67    0.78      0   695.67  2084.00     2.0     1.0   199.5    

  Gens  Rem    Local   ElDiv NoImpr             Best solution            Time  Op
                                       Cost     Dist    Tard    TMax 
*  593 1307   694.67    0.96      0   694.67  2081.00     2.0     1.0   203.3    
*  595 1305   694.33    0.91      0   694.33  2080.00     2.0     1.0   203.9    
*  598 1302   694.00    0.61      0   694.00  2079.00     2.0     1.0   205.0    
   600 1300   694.00    0.50      2   694.00  2079.00     2.0     1.0   205.6    
   640 1260   694.00    0.00     43   694.00  2079.00     2.0     1.0   219.2   X
*  642 1258   692.00    0.23      0   692.00  2073.00     2.0     1.0   219.9    
   650 1250   692.00    0.54      8   692.00  2073.00     2.0     1.0   222.6    
*  663 1237   691.33    0.67      0   691.33  2071.00     2.0     1.0   227.0    
   700 1200   691.33    0.70     37   691.33  2071.00     2.0     1.0   239.6    
*  703 1197   691.00    0.67      0   691.00  2070.00     2.0     1.0   240.6    
Path relinking result: elite improvement.
   720 1180   691.00    0.47     18   691.00  2070.00     2.0     1.0   246.6  PX
*  722 1178   690.67    0.47      0   690.67  2069.00     2.0     1.0   247.2    
*  734 1166   689.33    0.11      0   689.33  2065.00     2.0     1.0   251.3    
   750 1150   689.33    0.63     16   689.33  2065.00     2.0     1.0   256.7    
   800 1100   689.33    0.63     66   689.33  2065.00     2.0     1.0   273.8    
   800 1100   689.33    0.63     67   689.33  2065.00     2.0     1.0   273.8   X

  Gens  Rem    Local   ElDiv NoImpr             Best solution            Time  Op
                                       Cost     Dist    Tard    TMax 
   813 1087      inf  441.62      0   689.33  2065.00     2.0     1.0   278.5   R
   814 1086  4352.67  403.39      0   689.33  2065.00     2.0     1.0   278.8    
   850 1050   995.67   18.20      2   689.33  2065.00     2.0     1.0   291.1    
   880 1020   905.67    6.46      0   689.33  2065.00     2.0     1.0   301.4   X
   900 1000   874.67    8.39      6   689.33  2065.00     2.0     1.0   308.2    
Path relinking result: elite improvement.
   900 1000   874.67    8.83      7   689.33  2065.00     2.0     1.0   308.5   P
   950  950   812.00   10.64      3   689.33  2065.00     2.0     1.0   325.6    
   960  940   807.67    5.45      2   689.33  2065.00     2.0     1.0   329.0   X
  1000  900   795.00    5.12     16   689.33  2065.00     2.0     1.0   342.7    
  1040  860   780.33    4.54     25   689.33  2065.00     2.0     1.0   356.4   X
  1050  850   767.00    4.60      0   689.33  2065.00     2.0     1.0   359.9    
Path relinking result: elite improvement.
  1080  820   767.00    4.75     31   689.33  2065.00     2.0     1.0   370.4   P
  1100  800   767.00    4.52     50   689.33  2065.00     2.0     1.0   377.2    
  1120  780   767.00    2.94     71   689.33  2065.00     2.0     1.0   384.1   X
  1150  750   748.67    3.67      4   689.33  2065.00     2.0     1.0   394.3    
  1200  700   738.33    3.51     25   689.33  2065.00     2.0     1.0   411.4    

  Gens  Rem    Local   ElDiv NoImpr             Best solution            Time  Op
                                       Cost     Dist    Tard    TMax 
  1200  700   738.33    2.84     26   689.33  2065.00     2.0     1.0   411.4   X
  1250  650   733.00    2.96     11   689.33  2065.00     2.0     1.0   428.4    
Path relinking result: elite improvement.
  1260  640   724.00    3.51      0   689.33  2065.00     2.0     1.0   432.1   P
  1280  620   722.67    3.40      6   689.33  2065.00     2.0     1.0   438.9   X
  1300  600   714.67    3.16      0   689.33  2065.00     2.0     1.0   445.7    
  1350  550   704.00    1.75      1   689.33  2065.00     2.0     1.0   462.7    
  1360  540   702.00    1.50      1   689.33  2065.00     2.0     1.0   466.1   X
  1400  500   699.00    0.26      2   689.33  2065.00     2.0     1.0   479.7    
Path relinking result: elite improvement.
  1440  460   697.33    0.59      4   689.33  2065.00     2.0     1.0   493.5  PX
  1450  450   696.67    0.17      6   689.33  2065.00     2.0     1.0   496.9    
  1500  400   696.00    0.16     33   689.33  2065.00     2.0     1.0   513.8    
  1520  380   696.00    0.16     54   689.33  2065.00     2.0     1.0   520.6   X
  1550  350   695.67    0.08      5   689.33  2065.00     2.0     1.0   530.8    
  1600  300   695.67    0.16     55   689.33  2065.00     2.0     1.0   547.8    
  1600  300   695.67    0.00     56   689.33  2065.00     2.0     1.0   547.8   X
Path relinking result: no improvement.
  1620  280   695.67    0.00     76   689.33  2065.00     2.0     1.0   554.7   P

  Gens  Rem    Local   ElDiv NoImpr             Best solution            Time  Op
                                       Cost     Dist    Tard    TMax 
  1624  276      inf  428.10      0   689.33  2065.00     2.0     1.0   556.4   R
  1625  275  4483.67  371.08      0   689.33  2065.00     2.0     1.0   556.7    
  1650  250  1149.00   56.11      3   689.33  2065.00     2.0     1.0   565.3    
  1680  220   931.00    9.45      0   689.33  2065.00     2.0     1.0   575.5   X
  1700  200   884.67   12.51      0   689.33  2065.00     2.0     1.0   582.4    
  1750  150   816.67   11.21     17   689.33  2065.00     2.0     1.0   599.4    
  1760  140   806.33    8.02      0   689.33  2065.00     2.0     1.0   602.9   X
  1800  100   791.00    4.69     10   689.33  2065.00     2.0     1.0   616.5    
Path relinking result: best improvement.
  1800  100   782.33    5.18      0   689.33  2065.00     2.0     1.0   616.7   P
  1840   60   773.67    3.70      4   689.33  2065.00     2.0     1.0   630.4   X
  1850   50   765.67    3.89      7   689.33  2065.00     2.0     1.0   633.8    
  1900    0   749.00    4.22      7   689.33  2065.00     2.0     1.0   650.5    
Evolutionary process finished.
Solution written to 'solution-28355.txt'.

Sorted sequence of worst to best tardiness value:
Task for patient = 190 with skills = {2,3} and cost = 310.0
   Vehicle #0 = 0, leaving at = 793.0
   Vehicle #1 = 20, leaving at = 793.0
   Increment on distance indicator: 12.0
   Increment on tard indicator:     2.0
   Value of tmax indicator:         12.0

Task for patient = 106 with skills = {2,4} and cost = 391.0
   Vehicle #0 = 9, leaving at = 835.0
   Vehicle #1 = 27, leaving at = 835.0
   Increment on distance indicator: 6.0
   Increment on tard indicator:     0.0
   Value of tmax indicator:         6.0

Task for patient = 65 with skills = {2,-1} and cost = 392.3
   Vehicle #0 = 9, leaving at = 879.0
   Vehicle #1 = -1, leaving at = inf
   Increment on distance indicator: 4.0
   Increment on tard indicator:     0.0
   Value of tmax indicator:         4.0

Task for patient = 4 with skills = {5,-1} and cost = 394.7
   Vehicle #0 = 22, leaving at = 927.0
   Vehicle #1 = -1, leaving at = inf
   Increment on distance indicator: 7.0
   Increment on tard indicator:     0.0
   Value of tmax indicator:         7.0

Task for patient = 46 with skills = {3,-1} and cost = 397.0
   Vehicle #0 = 22, leaving at = 990.0
   Vehicle #1 = -1, leaving at = inf
   Increment on distance indicator: 7.0
   Increment on tard indicator:     0.0
   Value of tmax indicator:         7.0

Task for patient = 144 with skills = {2,-1} and cost = 397.7
   Vehicle #0 = 12, leaving at = 882.0
   Vehicle #1 = -1, leaving at = inf
   Increment on distance indicator: 2.0
   Increment on tard indicator:     0.0
   Value of tmax indicator:         2.0

Task for patient = 146 with skills = {1,3} and cost = 399.0
   Vehicle #0 = 15, leaving at = 1066.0
   Vehicle #1 = 32, leaving at = 1066.0
   Increment on distance indicator: 4.0
   Increment on tard indicator:     0.0
   Value of tmax indicator:         4.0

Task for patient = 129 with skills = {5,-1} and cost = 400.0
   Vehicle #0 = 26, leaving at = 1047.0
   Vehicle #1 = -1, leaving at = inf
   Increment on distance indicator: 3.0
   Increment on tard indicator:     0.0
   Value of tmax indicator:         3.0

Task for patient = 82 with skills = {0,5} and cost = 403.0
   Vehicle #0 = 5, leaving at = 1044.0
   Vehicle #1 = 23, leaving at = 1055.0
   Increment on distance indicator: 9.0
   Increment on tard indicator:     0.0
   Value of tmax indicator:         9.0

Task for patient = 111 with skills = {1,-1} and cost = 405.3
   Vehicle #0 = 0, leaving at = 928.0
   Vehicle #1 = -1, leaving at = inf
   Increment on distance indicator: 7.0
   Increment on tard indicator:     0.0
   Value of tmax indicator:         7.0

Task for patient = 183 with skills = {2,3} and cost = 406.7
   Vehicle #0 = 17, leaving at = 932.0
   Vehicle #1 = 24, leaving at = 932.0
   Increment on distance indicator: 4.0
   Increment on tard indicator:     0.0
   Value of tmax indicator:         4.0

Task for patient = 5 with skills = {2,-1} and cost = 410.0
   Vehicle #0 = 13, leaving at = 897.0
   Vehicle #1 = -1, leaving at = inf
   Increment on distance indicator: 10.0
   Increment on tard indicator:     0.0
   Value of tmax indicator:         10.0

Task for patient = 94 with skills = {3,-1} and cost = 389.0
   Vehicle #0 = 26, leaving at = 1012.0
   Vehicle #1 = -1, leaving at = inf
   Increment on distance indicator: 4.0
   Increment on tard indicator:     0.0
   Value of tmax indicator:         4.0

Task for patient = 11 with skills = {2,-1} and cost = 413.7
   Vehicle #0 = 12, leaving at = 916.0
   Vehicle #1 = -1, leaving at = inf
   Increment on distance indicator: 3.0
   Increment on tard indicator:     0.0
   Value of tmax indicator:         3.0

Task for patient = 153 with skills = {3,-1} and cost = 415.3
   Vehicle #0 = 28, leaving at = 911.0
   Vehicle #1 = -1, leaving at = inf
   Increment on distance indicator: 5.0
   Increment on tard indicator:     0.0
   Value of tmax indicator:         5.0

Task for patient = 161 with skills = {2,4} and cost = 417.3
   Vehicle #0 = 6, leaving at = 982.0
   Vehicle #1 = 35, leaving at = 983.0
   Increment on distance indicator: 6.0
   Increment on tard indicator:     0.0
   Value of tmax indicator:         6.0

Task for patient = 150 with skills = {3,-1} and cost = 418.7
   Vehicle #0 = 33, leaving at = 894.0
   Vehicle #1 = -1, leaving at = inf
   Increment on distance indicator: 4.0
   Increment on tard indicator:     0.0
   Value of tmax indicator:         4.0

Task for patient = 88 with skills = {0,3} and cost = 421.3
   Vehicle #0 = 17, leaving at = 969.0
   Vehicle #1 = 24, leaving at = 1006.0
   Increment on distance indicator: 8.0
   Increment on tard indicator:     0.0
   Value of tmax indicator:         8.0

Task for patient = 10 with skills = {2,-1} and cost = 421.7
   Vehicle #0 = 7, leaving at = 1059.0
   Vehicle #1 = -1, leaving at = inf
   Increment on distance indicator: 1.0
   Increment on tard indicator:     0.0
   Value of tmax indicator:         1.0

Task for patient = 23 with skills = {2,4} and cost = 427.0
   Vehicle #0 = 18, leaving at = 903.0
   Vehicle #1 = 27, leaving at = 903.0
   Increment on distance indicator: 16.0
   Increment on tard indicator:     0.0
   Value of tmax indicator:         16.0

Task for patient = 182 with skills = {1,-1} and cost = 429.3
   Vehicle #0 = 10, leaving at = 938.0
   Vehicle #1 = -1, leaving at = inf
   Increment on distance indicator: 7.0
   Increment on tard indicator:     0.0
   Value of tmax indicator:         7.0

Task for patient = 115 with skills = {5,-1} and cost = 430.3
   Vehicle #0 = 37, leaving at = 1012.0
   Vehicle #1 = -1, leaving at = inf
   Increment on distance indicator: 3.0
   Increment on tard indicator:     0.0
   Value of tmax indicator:         3.0

Task for patient = 22 with skills = {0,-1} and cost = 431.0
   Vehicle #0 = 17, leaving at = 993.0
   Vehicle #1 = -1, leaving at = inf
   Increment on distance indicator: 2.0
   Increment on tard indicator:     0.0
   Value of tmax indicator:         2.0

Task for patient = 42 with skills = {2,4} and cost = 435.7
   Vehicle #0 = 10, leaving at = 1023.0
   Vehicle #1 = 22, leaving at = 1050.0
   Increment on distance indicator: 14.0
   Increment on tard indicator:     0.0
   Value of tmax indicator:         14.0

Task for patient = 51 with skills = {0,5} and cost = 412.7
   Vehicle #0 = 9, leaving at = 961.0
   Vehicle #1 = 37, leaving at = 982.0
   Increment on distance indicator: 8.0
   Increment on tard indicator:     0.0
   Value of tmax indicator:         8.0

Task for patient = 104 with skills = {2,-1} and cost = 328.3
   Vehicle #0 = 8, leaving at = 937.0
   Vehicle #1 = -1, leaving at = inf
   Increment on distance indicator: 3.0
   Increment on tard indicator:     0.0
   Value of tmax indicator:         3.0

Task for patient = 110 with skills = {1,3} and cost = 330.3
   Vehicle #0 = 15, leaving at = 874.0
   Vehicle #1 = 32, leaving at = 911.0
   Increment on distance indicator: 6.0
   Increment on tard indicator:     0.0
   Value of tmax indicator:         6.0

Task for patient = 122 with skills = {2,3} and cost = 339.0
   Vehicle #0 = 1, leaving at = 706.0
   Vehicle #1 = 30, leaving at = 720.0
   Increment on distance indicator: 26.0
   Increment on tard indicator:     0.0
   Value of tmax indicator:         26.0

Task for patient = 85 with skills = {1,-1} and cost = 340.0
   Vehicle #0 = 15, leaving at = 926.0
   Vehicle #1 = -1, leaving at = inf
   Increment on distance indicator: 3.0
   Increment on tard indicator:     0.0
   Value of tmax indicator:         3.0

Task for patient = 69 with skills = {2,-1} and cost = 340.7
   Vehicle #0 = 12, leaving at = 820.0
   Vehicle #1 = -1, leaving at = inf
   Increment on distance indicator: 2.0
   Increment on tard indicator:     0.0
   Value of tmax indicator:         2.0

Task for patient = 180 with skills = {0,3} and cost = 347.0
   Vehicle #0 = 13, leaving at = 770.0
   Vehicle #1 = 29, leaving at = 793.0
   Increment on distance indicator: 19.0
   Increment on tard indicator:     0.0
   Value of tmax indicator:         19.0

Task for patient = 97 with skills = {0,-1} and cost = 349.0
   Vehicle #0 = 13, leaving at = 817.0
   Vehicle #1 = -1, leaving at = inf
   Increment on distance indicator: 6.0
   Increment on tard indicator:     0.0
   Value of tmax indicator:         6.0

Task for patient = 24 with skills = {2,-1} and cost = 351.0
   Vehicle #0 = 7, leaving at = 940.0
   Vehicle #1 = -1, leaving at = inf
   Increment on distance indicator: 6.0
   Increment on tard indicator:     0.0
   Value of tmax indicator:         6.0

Task for patient = 101 with skills = {3,-1} and cost = 351.3
   Vehicle #0 = 29, leaving at = 831.0
   Vehicle #1 = -1, leaving at = inf
   Increment on distance indicator: 1.0
   Increment on tard indicator:     0.0
   Value of tmax indicator:         1.0

Task for patient = 27 with skills = {3,-1} and cost = 355.0
   Vehicle #0 = 37, leaving at = 563.0
   Vehicle #1 = -1, leaving at = inf
   Increment on distance indicator: 11.0
   Increment on tard indicator:     0.0
   Value of tmax indicator:         11.0

Task for patient = 105 with skills = {1,-1} and cost = 357.0
   Vehicle #0 = 3, leaving at = 953.0
   Vehicle #1 = -1, leaving at = inf
   Increment on distance indicator: 6.0
   Increment on tard indicator:     0.0
   Value of tmax indicator:         6.0

Task for patient = 163 with skills = {3,-1} and cost = 387.7
   Vehicle #0 = 20, leaving at = 813.0
   Vehicle #1 = -1, leaving at = inf
   Increment on distance indicator: 3.0
   Increment on tard indicator:     0.0
   Value of tmax indicator:         3.0

Task for patient = 170 with skills = {2,-1} and cost = 361.0
   Vehicle #0 = 9, leaving at = 794.0
   Vehicle #1 = -1, leaving at = inf
   Increment on distance indicator: 5.0
   Increment on tard indicator:     0.0
   Value of tmax indicator:         5.0

Task for patient = 49 with skills = {2,5} and cost = 364.7
   Vehicle #0 = 2, leaving at = 934.0
   Vehicle #1 = 37, leaving at = 934.0
   Increment on distance indicator: 11.0
   Increment on tard indicator:     0.0
   Value of tmax indicator:         11.0

Task for patient = 141 with skills = {0,5} and cost = 369.3
   Vehicle #0 = 6, leaving at = 927.0
   Vehicle #1 = 35, leaving at = 927.0
   Increment on distance indicator: 14.0
   Increment on tard indicator:     0.0
   Value of tmax indicator:         14.0

Task for patient = 91 with skills = {5,-1} and cost = 372.7
   Vehicle #0 = 24, leaving at = 832.0
   Vehicle #1 = -1, leaving at = inf
   Increment on distance indicator: 10.0
   Increment on tard indicator:     0.0
   Value of tmax indicator:         10.0

Task for patient = 43 with skills = {2,5} and cost = 375.3
   Vehicle #0 = 7, leaving at = 984.0
   Vehicle #1 = 23, leaving at = 1004.0
   Increment on distance indicator: 8.0
   Increment on tard indicator:     0.0
   Value of tmax indicator:         8.0

Task for patient = 145 with skills = {0,-1} and cost = 375.7
   Vehicle #0 = 15, leaving at = 954.0
   Vehicle #1 = -1, leaving at = inf
   Increment on distance indicator: 1.0
   Increment on tard indicator:     0.0
   Value of tmax indicator:         1.0

Task for patient = 155 with skills = {1,5} and cost = 377.3
   Vehicle #0 = 15, leaving at = 1016.0
   Vehicle #1 = 32, leaving at = 1016.0
   Increment on distance indicator: 5.0
   Increment on tard indicator:     0.0
   Value of tmax indicator:         5.0

Task for patient = 47 with skills = {1,4} and cost = 382.7
   Vehicle #0 = 10, leaving at = 905.0
   Vehicle #1 = 25, leaving at = 918.0
   Increment on distance indicator: 16.0
   Increment on tard indicator:     0.0
   Value of tmax indicator:         16.0

Task for patient = 143 with skills = {3,-1} and cost = 384.7
   Vehicle #0 = 25, leaving at = 970.0
   Vehicle #1 = -1, leaving at = inf
   Increment on distance indicator: 6.0
   Increment on tard indicator:     0.0
   Value of tmax indicator:         6.0

Task for patient = 21 with skills = {2,-1} and cost = 385.7
   Vehicle #0 = 8, leaving at = 983.0
   Vehicle #1 = -1, leaving at = inf
   Increment on distance indicator: 3.0
   Increment on tard indicator:     0.0
   Value of tmax indicator:         3.0

Task for patient = 98 with skills = {2,-1} and cost = 386.7
   Vehicle #0 = 7, leaving at = 1024.0
   Vehicle #1 = -1, leaving at = inf
   Increment on distance indicator: 3.0
   Increment on tard indicator:     0.0
   Value of tmax indicator:         3.0

Task for patient = 114 with skills = {1,-1} and cost = 327.3
   Vehicle #0 = 7, leaving at = 900.0
   Vehicle #1 = -1, leaving at = inf
   Increment on distance indicator: 3.0
   Increment on tard indicator:     0.0
   Value of tmax indicator:         3.0

Task for patient = 90 with skills = {0,4} and cost = 359.3
   Vehicle #0 = 13, leaving at = 862.0
   Vehicle #1 = 29, leaving at = 903.0
   Increment on distance indicator: 7.0
   Increment on tard indicator:     0.0
   Value of tmax indicator:         7.0

Task for patient = 134 with skills = {1,-1} and cost = 499.3
   Vehicle #0 = 10, leaving at = 1068.0
   Vehicle #1 = -1, leaving at = inf
   Increment on distance indicator: 8.0
   Increment on tard indicator:     0.0
   Value of tmax indicator:         8.0

Task for patient = 171 with skills = {0,-1} and cost = 499.7
   Vehicle #0 = 6, leaving at = 1055.0
   Vehicle #1 = -1, leaving at = inf
   Increment on distance indicator: 1.0
   Increment on tard indicator:     0.0
   Value of tmax indicator:         1.0

Task for patient = 173 with skills = {0,-1} and cost = 500.3
   Vehicle #0 = 17, leaving at = 1025.0
   Vehicle #1 = -1, leaving at = inf
   Increment on distance indicator: 2.0
   Increment on tard indicator:     0.0
   Value of tmax indicator:         2.0

Task for patient = 118 with skills = {4,-1} and cost = 503.0
   Vehicle #0 = 25, leaving at = 1156.0
   Vehicle #1 = -1, leaving at = inf
   Increment on distance indicator: 8.0
   Increment on tard indicator:     0.0
   Value of tmax indicator:         8.0

Task for patient = 75 with skills = {0,-1} and cost = 504.0
   Vehicle #0 = 15, leaving at = 1113.0
   Vehicle #1 = -1, leaving at = inf
   Increment on distance indicator: 3.0
   Increment on tard indicator:     0.0
   Value of tmax indicator:         3.0

Task for patient = 160 with skills = {4,-1} and cost = 507.7
   Vehicle #0 = 29, leaving at = 1106.0
   Vehicle #1 = -1, leaving at = inf
   Increment on distance indicator: 11.0
   Increment on tard indicator:     0.0
   Value of tmax indicator:         11.0

Task for patient = 70 with skills = {0,5} and cost = 509.3
   Vehicle #0 = 4, leaving at = 1123.0
   Vehicle #1 = 24, leaving at = 1123.0
   Increment on distance indicator: 5.0
   Increment on tard indicator:     0.0
   Value of tmax indicator:         5.0

Task for patient = 16 with skills = {2,-1} and cost = 510.3
   Vehicle #0 = 2, leaving at = 1077.0
   Vehicle #1 = -1, leaving at = inf
   Increment on distance indicator: 3.0
   Increment on tard indicator:     0.0
   Value of tmax indicator:         3.0

Task for patient = 87 with skills = {3,-1} and cost = 512.0
   Vehicle #0 = 28, leaving at = 1010.0
   Vehicle #1 = -1, leaving at = inf
   Increment on distance indicator: 5.0
   Increment on tard indicator:     0.0
   Value of tmax indicator:         5.0

Task for patient = 159 with skills = {2,3} and cost = 516.0
   Vehicle #0 = 0, leaving at = 1142.0
   Vehicle #1 = 33, leaving at = 1142.0
   Increment on distance indicator: 12.0
   Increment on tard indicator:     0.0
   Value of tmax indicator:         12.0

Task for patient = 164 with skills = {1,-1} and cost = 517.7
   Vehicle #0 = 2, leaving at = 1127.0
   Vehicle #1 = -1, leaving at = inf
   Increment on distance indicator: 5.0
   Increment on tard indicator:     0.0
   Value of tmax indicator:         5.0

Task for patient = 168 with skills = {2,-1} and cost = 436.7
   Vehicle #0 = 12, leaving at = 967.0
   Vehicle #1 = -1, leaving at = inf
   Increment on distance indicator: 3.0
   Increment on tard indicator:     0.0
   Value of tmax indicator:         3.0

Task for patient = 77 with skills = {1,5} and cost = 526.0
   Vehicle #0 = 12, leaving at = 1077.0
   Vehicle #1 = 26, leaving at = 1109.0
   Increment on distance indicator: 11.0
   Increment on tard indicator:     0.0
   Value of tmax indicator:         11.0

Task for patient = 166 with skills = {2,-1} and cost = 527.7
   Vehicle #0 = 19, leaving at = 1045.0
   Vehicle #1 = -1, leaving at = inf
   Increment on distance indicator: 5.0
   Increment on tard indicator:     0.0
   Value of tmax indicator:         5.0

Task for patient = 19 with skills = {2,-1} and cost = 530.7
   Vehicle #0 = 13, leaving at = 1127.0
   Vehicle #1 = -1, leaving at = inf
   Increment on distance indicator: 9.0
   Increment on tard indicator:     0.0
   Value of tmax indicator:         9.0

Task for patient = 66 with skills = {2,3} and cost = 536.0
   Vehicle #0 = 1, leaving at = 1021.0
   Vehicle #1 = 30, leaving at = 1017.0
   Increment on distance indicator: 16.0
   Increment on tard indicator:     0.0
   Value of tmax indicator:         16.0

Task for patient = 3 with skills = {4,-1} and cost = 538.7
   Vehicle #0 = 28, leaving at = 1064.0
   Vehicle #1 = -1, leaving at = inf
   Increment on distance indicator: 8.0
   Increment on tard indicator:     0.0
   Value of tmax indicator:         8.0

Task for patient = 92 with skills = {3,-1} and cost = 539.3
   Vehicle #0 = 24, leaving at = 1147.0
   Vehicle #1 = -1, leaving at = inf
   Increment on distance indicator: 2.0
   Increment on tard indicator:     0.0
   Value of tmax indicator:         2.0

Task for patient = 139 with skills = {2,3} and cost = 542.0
   Vehicle #0 = 8, leaving at = 1024.0
   Vehicle #1 = 31, leaving at = 1024.0
   Increment on distance indicator: 8.0
   Increment on tard indicator:     0.0
   Value of tmax indicator:         8.0

Task for patient = 167 with skills = {0,3} and cost = 546.7
   Vehicle #0 = 5, leaving at = 1092.0
   Vehicle #1 = 21, leaving at = 1111.0
   Increment on distance indicator: 14.0
   Increment on tard indicator:     0.0
   Value of tmax indicator:         14.0

Task for patient = 99 with skills = {0,-1} and cost = 547.0
   Vehicle #0 = 6, leaving at = 1090.0
   Vehicle #1 = -1, leaving at = inf
   Increment on distance indicator: 1.0
   Increment on tard indicator:     0.0
   Value of tmax indicator:         1.0

Task for patient = 193 with skills = {2,5} and cost = 548.3
   Vehicle #0 = 12, leaving at = 1134.0
   Vehicle #1 = 26, leaving at = 1143.0
   Increment on distance indicator: 4.0
   Increment on tard indicator:     0.0
   Value of tmax indicator:         4.0

Task for patient = 123 with skills = {1,3} and cost = 555.7
   Vehicle #0 = 3, leaving at = 1119.0
   Vehicle #1 = 28, leaving at = 1110.0
   Increment on distance indicator: 22.0
   Increment on tard indicator:     0.0
   Value of tmax indicator:         22.0

Task for patient = 38 with skills = {2,-1} and cost = 557.0
   Vehicle #0 = 19, leaving at = 1092.0
   Vehicle #1 = -1, leaving at = inf
   Increment on distance indicator: 4.0
   Increment on tard indicator:     0.0
   Value of tmax indicator:         4.0

Task for patient = 39 with skills = {2,3} and cost = 522.3
   Vehicle #0 = 17, leaving at = 1090.0
   Vehicle #1 = 37, leaving at = 1090.0
   Increment on distance indicator: 14.0
   Increment on tard indicator:     0.0
   Value of tmax indicator:         14.0

Task for patient = 124 with skills = {2,-1} and cost = 439.3
   Vehicle #0 = 3, leaving at = 1009.0
   Vehicle #1 = -1, leaving at = inf
   Increment on distance indicator: 8.0
   Increment on tard indicator:     0.0
   Value of tmax indicator:         8.0

Task for patient = 200 with skills = {3,-1} and cost = 443.0
   Vehicle #0 = 20, leaving at = 853.0
   Vehicle #1 = -1, leaving at = inf
   Increment on distance indicator: 11.0
   Increment on tard indicator:     0.0
   Value of tmax indicator:         11.0

Task for patient = 156 with skills = {0,-1} and cost = 444.0
   Vehicle #0 = 4, leaving at = 957.0
   Vehicle #1 = -1, leaving at = inf
   Increment on distance indicator: 3.0
   Increment on tard indicator:     0.0
   Value of tmax indicator:         3.0

Task for patient = 165 with skills = {3,-1} and cost = 445.0
   Vehicle #0 = 29, leaving at = 940.0
   Vehicle #1 = -1, leaving at = inf
   Increment on distance indicator: 3.0
   Increment on tard indicator:     0.0
   Value of tmax indicator:         3.0

Task for patient = 131 with skills = {0,-1} and cost = 446.0
   Vehicle #0 = 12, leaving at = 1014.0
   Vehicle #1 = -1, leaving at = inf
   Increment on distance indicator: 3.0
   Increment on tard indicator:     0.0
   Value of tmax indicator:         3.0

Task for patient = 152 with skills = {2,-1} and cost = 447.0
   Vehicle #0 = 2, leaving at = 967.0
   Vehicle #1 = -1, leaving at = inf
   Increment on distance indicator: 3.0
   Increment on tard indicator:     0.0
   Value of tmax indicator:         3.0

Task for patient = 56 with skills = {0,3} and cost = 448.7
   Vehicle #0 = 2, leaving at = 1018.0
   Vehicle #1 = 21, leaving at = 1006.0
   Increment on distance indicator: 5.0
   Increment on tard indicator:     0.0
   Value of tmax indicator:         5.0

Task for patient = 44 with skills = {0,-1} and cost = 449.7
   Vehicle #0 = 15, leaving at = 1087.0
   Vehicle #1 = -1, leaving at = inf
   Increment on distance indicator: 3.0
   Increment on tard indicator:     0.0
   Value of tmax indicator:         3.0

Task for patient = 84 with skills = {0,3} and cost = 451.0
   Vehicle #0 = 4, leaving at = 1034.0
   Vehicle #1 = 24, leaving at = 1030.0
   Increment on distance indicator: 4.0
   Increment on tard indicator:     0.0
   Value of tmax indicator:         4.0

Task for patient = 175 with skills = {0,-1} and cost = 454.3
   Vehicle #0 = 13, leaving at = 950.0
   Vehicle #1 = -1, leaving at = inf
   Increment on distance indicator: 10.0
   Increment on tard indicator:     0.0
   Value of tmax indicator:         10.0

Task for patient = 120 with skills = {1,-1} and cost = 455.3
   Vehicle #0 = 4, leaving at = 1063.0
   Vehicle #1 = -1, leaving at = inf
   Increment on distance indicator: 3.0
   Increment on tard indicator:     0.0
   Value of tmax indicator:         3.0

Task for patient = 79 with skills = {2,5} and cost = 496.7
   Vehicle #0 = 13, leaving at = 1099.0
   Vehicle #1 = 25, leaving at = 1099.0
   Increment on distance indicator: 14.0
   Increment on tard indicator:     0.0
   Value of tmax indicator:         14.0

Task for patient = 54 with skills = {1,-1} and cost = 464.0
   Vehicle #0 = 0, leaving at = 1042.0
   Vehicle #1 = -1, leaving at = inf
   Increment on distance indicator: 18.0
   Increment on tard indicator:     0.0
   Value of tmax indicator:         18.0

Task for patient = 67 with skills = {3,-1} and cost = 467.0
   Vehicle #0 = 25, leaving at = 1015.0
   Vehicle #1 = -1, leaving at = inf
   Increment on distance indicator: 9.0
   Increment on tard indicator:     0.0
   Value of tmax indicator:         9.0

Task for patient = 151 with skills = {4,-1} and cost = 469.0
   Vehicle #0 = 31, leaving at = 962.0
   Vehicle #1 = -1, leaving at = inf
   Increment on distance indicator: 6.0
   Increment on tard indicator:     0.0
   Value of tmax indicator:         6.0

Task for patient = 148 with skills = {2,-1} and cost = 470.3
   Vehicle #0 = 13, leaving at = 988.0
   Vehicle #1 = -1, leaving at = inf
   Increment on distance indicator: 4.0
   Increment on tard indicator:     0.0
   Value of tmax indicator:         4.0

Task for patient = 62 with skills = {4,-1} and cost = 470.7
   Vehicle #0 = 27, leaving at = 974.0
   Vehicle #1 = -1, leaving at = inf
   Increment on distance indicator: 1.0
   Increment on tard indicator:     0.0
   Value of tmax indicator:         1.0

Task for patient = 192 with skills = {3,-1} and cost = 471.7
   Vehicle #0 = 25, leaving at = 1043.0
   Vehicle #1 = -1, leaving at = inf
   Increment on distance indicator: 3.0
   Increment on tard indicator:     0.0
   Value of tmax indicator:         3.0

Task for patient = 116 with skills = {2,3} and cost = 474.7
   Vehicle #0 = 9, leaving at = 1116.0
   Vehicle #1 = 32, leaving at = 1116.0
   Increment on distance indicator: 9.0
   Increment on tard indicator:     0.0
   Value of tmax indicator:         9.0

Task for patient = 135 with skills = {2,3} and cost = 481.7
   Vehicle #0 = 19, leaving at = 1012.0
   Vehicle #1 = 21, leaving at = 1041.0
   Increment on distance indicator: 21.0
   Increment on tard indicator:     0.0
   Value of tmax indicator:         21.0

Task for patient = 127 with skills = {1,3} and cost = 487.0
   Vehicle #0 = 0, leaving at = 1097.0
   Vehicle #1 = 33, leaving at = 1097.0
   Increment on distance indicator: 16.0
   Increment on tard indicator:     0.0
   Value of tmax indicator:         16.0

Task for patient = 78 with skills = {3,-1} and cost = 489.3
   Vehicle #0 = 22, leaving at = 1099.0
   Vehicle #1 = -1, leaving at = inf
   Increment on distance indicator: 7.0
   Increment on tard indicator:     0.0
   Value of tmax indicator:         7.0

Task for patient = 136 with skills = {2,-1} and cost = 490.0
   Vehicle #0 = 7, leaving at = 1091.0
   Vehicle #1 = -1, leaving at = inf
   Increment on distance indicator: 2.0
   Increment on tard indicator:     0.0
   Value of tmax indicator:         2.0

Task for patient = 103 with skills = {4,-1} and cost = 492.0
   Vehicle #0 = 29, leaving at = 1044.0
   Vehicle #1 = -1, leaving at = inf
   Increment on distance indicator: 6.0
   Increment on tard indicator:     0.0
   Value of tmax indicator:         6.0

Task for patient = 119 with skills = {5,-1} and cost = 458.0
   Vehicle #0 = 29, leaving at = 993.0
   Vehicle #1 = -1, leaving at = inf
   Increment on distance indicator: 8.0
   Increment on tard indicator:     0.0
   Value of tmax indicator:         8.0

Task for patient = 198 with skills = {1,-1} and cost = 134.3
   Vehicle #0 = 10, leaving at = 580.0
   Vehicle #1 = -1, leaving at = inf
   Increment on distance indicator: 23.0
   Increment on tard indicator:     0.0
   Value of tmax indicator:         23.0

Task for patient = 52 with skills = {2,-1} and cost = 140.0
   Vehicle #0 = 8, leaving at = 495.0
   Vehicle #1 = -1, leaving at = inf
   Increment on distance indicator: 17.0
   Increment on tard indicator:     0.0
   Value of tmax indicator:         17.0

Task for patient = 178 with skills = {0,5} and cost = 142.3
   Vehicle #0 = 2, leaving at = 806.0
   Vehicle #1 = 26, leaving at = 806.0
   Increment on distance indicator: 7.0
   Increment on tard indicator:     0.0
   Value of tmax indicator:         7.0

Task for patient = 169 with skills = {2,-1} and cost = 143.0
   Vehicle #0 = 6, leaving at = 689.0
   Vehicle #1 = -1, leaving at = inf
   Increment on distance indicator: 2.0
   Increment on tard indicator:     0.0
   Value of tmax indicator:         2.0

Task for patient = 108 with skills = {1,-1} and cost = 145.0
   Vehicle #0 = 10, leaving at = 680.0
   Vehicle #1 = -1, leaving at = inf
   Increment on distance indicator: 6.0
   Increment on tard indicator:     0.0
   Value of tmax indicator:         6.0

Task for patient = 186 with skills = {2,5} and cost = 152.3
   Vehicle #0 = 9, leaving at = 645.0
   Vehicle #1 = 29, leaving at = 679.0
   Increment on distance indicator: 22.0
   Increment on tard indicator:     0.0
   Value of tmax indicator:         22.0

Task for patient = 174 with skills = {1,-1} and cost = 155.3
   Vehicle #0 = 1, leaving at = 639.0
   Vehicle #1 = -1, leaving at = inf
   Increment on distance indicator: 9.0
   Increment on tard indicator:     0.0
   Value of tmax indicator:         9.0

Task for patient = 179 with skills = {2,-1} and cost = 156.3
   Vehicle #0 = 7, leaving at = 789.0
   Vehicle #1 = -1, leaving at = inf
   Increment on distance indicator: 3.0
   Increment on tard indicator:     0.0
   Value of tmax indicator:         3.0

Task for patient = 157 with skills = {4,-1} and cost = 162.3
   Vehicle #0 = 27, leaving at = 590.0
   Vehicle #1 = -1, leaving at = inf
   Increment on distance indicator: 18.0
   Increment on tard indicator:     0.0
   Value of tmax indicator:         18.0

Task for patient = 83 with skills = {2,-1} and cost = 164.0
   Vehicle #0 = 8, leaving at = 670.0
   Vehicle #1 = -1, leaving at = inf
   Increment on distance indicator: 5.0
   Increment on tard indicator:     0.0
   Value of tmax indicator:         5.0

Task for patient = 93 with skills = {2,5} and cost = 176.7
   Vehicle #0 = 12, leaving at = 546.0
   Vehicle #1 = 31, leaving at = 559.0
   Increment on distance indicator: 38.0
   Increment on tard indicator:     0.0
   Value of tmax indicator:         38.0

Task for patient = 188 with skills = {0,-1} and cost = 326.3
   Vehicle #0 = 6, leaving at = 835.0
   Vehicle #1 = -1, leaving at = inf
   Increment on distance indicator: 4.0
   Increment on tard indicator:     0.0
   Value of tmax indicator:         4.0

Task for patient = 60 with skills = {3,-1} and cost = 180.3
   Vehicle #0 = 21, leaving at = 633.0
   Vehicle #1 = -1, leaving at = inf
   Increment on distance indicator: 5.0
   Increment on tard indicator:     0.0
   Value of tmax indicator:         5.0

Task for patient = 50 with skills = {5,-1} and cost = 181.7
   Vehicle #0 = 31, leaving at = 691.0
   Vehicle #1 = -1, leaving at = inf
   Increment on distance indicator: 4.0
   Increment on tard indicator:     0.0
   Value of tmax indicator:         4.0

Task for patient = 18 with skills = {2,-1} and cost = 188.0
   Vehicle #0 = 13, leaving at = 549.0
   Vehicle #1 = -1, leaving at = inf
   Increment on distance indicator: 19.0
   Increment on tard indicator:     0.0
   Value of tmax indicator:         19.0

Task for patient = 41 with skills = {4,-1} and cost = 190.0
   Vehicle #0 = 27, leaving at = 628.0
   Vehicle #1 = -1, leaving at = inf
   Increment on distance indicator: 6.0
   Increment on tard indicator:     0.0
   Value of tmax indicator:         6.0

Task for patient = 189 with skills = {3,-1} and cost = 191.7
   Vehicle #0 = 29, leaving at = 712.0
   Vehicle #1 = -1, leaving at = inf
   Increment on distance indicator: 5.0
   Increment on tard indicator:     0.0
   Value of tmax indicator:         5.0

Task for patient = 96 with skills = {2,-1} and cost = 192.3
   Vehicle #0 = 6, leaving at = 720.0
   Vehicle #1 = -1, leaving at = inf
   Increment on distance indicator: 2.0
   Increment on tard indicator:     0.0
   Value of tmax indicator:         2.0

Task for patient = 126 with skills = {0,4} and cost = 193.0
   Vehicle #0 = 2, leaving at = 857.0
   Vehicle #1 = 26, leaving at = 877.0
   Increment on distance indicator: 2.0
   Increment on tard indicator:     0.0
   Value of tmax indicator:         2.0

Task for patient = 36 with skills = {2,-1} and cost = 193.3
   Vehicle #0 = 12, leaving at = 723.0
   Vehicle #1 = -1, leaving at = inf
   Increment on distance indicator: 1.0
   Increment on tard indicator:     0.0
   Value of tmax indicator:         1.0

Task for patient = 147 with skills = {2,-1} and cost = 194.3
   Vehicle #0 = 6, leaving at = 758.0
   Vehicle #1 = -1, leaving at = inf
   Increment on distance indicator: 3.0
   Increment on tard indicator:     0.0
   Value of tmax indicator:         3.0

Task for patient = 72 with skills = {4,-1} and cost = 201.0
   Vehicle #0 = 28, leaving at = 577.0
   Vehicle #1 = -1, leaving at = inf
   Increment on distance indicator: 20.0
   Increment on tard indicator:     0.0
   Value of tmax indicator:         20.0

Task for patient = 154 with skills = {2,-1} and cost = 201.7
   Vehicle #0 = 12, leaving at = 756.0
   Vehicle #1 = -1, leaving at = inf
   Increment on distance indicator: 2.0
   Increment on tard indicator:     0.0
   Value of tmax indicator:         2.0

Task for patient = 25 with skills = {2,-1} and cost = 207.3
   Vehicle #0 = 15, leaving at = 533.0
   Vehicle #1 = -1, leaving at = inf
   Increment on distance indicator: 17.0
   Increment on tard indicator:     0.0
   Value of tmax indicator:         17.0

Task for patient = 34 with skills = {2,-1} and cost = 178.7
   Vehicle #0 = 3, leaving at = 748.0
   Vehicle #1 = -1, leaving at = inf
   Increment on distance indicator: 6.0
   Increment on tard indicator:     0.0
   Value of tmax indicator:         6.0

Task for patient = 191 with skills = {5,-1} and cost = 7.0
   Vehicle #0 = 22, leaving at = 690.0
   Vehicle #1 = -1, leaving at = inf
   Increment on distance indicator: 21.0
   Increment on tard indicator:     0.0
   Value of tmax indicator:         21.0

Task for patient = 28 with skills = {0,3} and cost = 22.3
   Vehicle #0 = 0, leaving at = 563.0
   Vehicle #1 = 20, leaving at = 593.0
   Increment on distance indicator: 46.0
   Increment on tard indicator:     0.0
   Value of tmax indicator:         46.0

Task for patient = 14 with skills = {0,-1} and cost = 28.0
   Vehicle #0 = 2, leaving at = 752.0
   Vehicle #1 = -1, leaving at = inf
   Increment on distance indicator: 17.0
   Increment on tard indicator:     0.0
   Value of tmax indicator:         17.0

Task for patient = 59 with skills = {4,-1} and cost = 30.0
   Vehicle #0 = 20, leaving at = 635.0
   Vehicle #1 = -1, leaving at = inf
   Increment on distance indicator: 6.0
   Increment on tard indicator:     0.0
   Value of tmax indicator:         6.0

Task for patient = 130 with skills = {0,4} and cost = 40.0
   Vehicle #0 = 4, leaving at = 677.0
   Vehicle #1 = 23, leaving at = 677.0
   Increment on distance indicator: 30.0
   Increment on tard indicator:     0.0
   Value of tmax indicator:         30.0

Task for patient = 158 with skills = {2,-1} and cost = 45.0
   Vehicle #0 = 1, leaving at = 563.0
   Vehicle #1 = -1, leaving at = inf
   Increment on distance indicator: 15.0
   Increment on tard indicator:     0.0
   Value of tmax indicator:         15.0

Task for patient = 80 with skills = {1,5} and cost = 53.0
   Vehicle #0 = 1, leaving at = 596.0
   Vehicle #1 = 24, leaving at = 634.0
   Increment on distance indicator: 24.0
   Increment on tard indicator:     0.0
   Value of tmax indicator:         24.0

Task for patient = 140 with skills = {5,-1} and cost = 56.0
   Vehicle #0 = 23, leaving at = 741.0
   Vehicle #1 = -1, leaving at = inf
   Increment on distance indicator: 9.0
   Increment on tard indicator:     0.0
   Value of tmax indicator:         9.0

Task for patient = 138 with skills = {0,3} and cost = 62.7
   Vehicle #0 = 5, leaving at = 602.0
   Vehicle #1 = 21, leaving at = 602.0
   Increment on distance indicator: 20.0
   Increment on tard indicator:     0.0
   Value of tmax indicator:         20.0

Task for patient = 128 with skills = {5,-1} and cost = 64.3
   Vehicle #0 = 22, leaving at = 716.0
   Vehicle #1 = -1, leaving at = inf
   Increment on distance indicator: 5.0
   Increment on tard indicator:     0.0
   Value of tmax indicator:         5.0

Task for patient = 1 with skills = {2,3} and cost = 80.3
   Vehicle #0 = 3, leaving at = 507.0
   Vehicle #1 = 25, leaving at = 507.0
   Increment on distance indicator: 48.0
   Increment on tard indicator:     0.0
   Value of tmax indicator:         48.0

Task for patient = 31 with skills = {5,-1} and cost = 126.7
   Vehicle #0 = 26, leaving at = 719.0
   Vehicle #1 = -1, leaving at = inf
   Increment on distance indicator: 2.0
   Increment on tard indicator:     0.0
   Value of tmax indicator:         2.0

Task for patient = 184 with skills = {1,4} and cost = 92.0
   Vehicle #0 = 3, leaving at = 565.0
   Vehicle #1 = 25, leaving at = 559.0
   Increment on distance indicator: 18.0
   Increment on tard indicator:     0.0
   Value of tmax indicator:         18.0

Task for patient = 187 with skills = {2,-1} and cost = 95.7
   Vehicle #0 = 7, leaving at = 600.0
   Vehicle #1 = -1, leaving at = inf
   Increment on distance indicator: 11.0
   Increment on tard indicator:     0.0
   Value of tmax indicator:         11.0

Task for patient = 2 with skills = {4,-1} and cost = 97.7
   Vehicle #0 = 24, leaving at = 699.0
   Vehicle #1 = -1, leaving at = inf
   Increment on distance indicator: 6.0
   Increment on tard indicator:     0.0
   Value of tmax indicator:         6.0

Task for patient = 117 with skills = {1,-1} and cost = 98.3
   Vehicle #0 = 4, leaving at = 722.0
   Vehicle #1 = -1, leaving at = inf
   Increment on distance indicator: 2.0
   Increment on tard indicator:     0.0
   Value of tmax indicator:         2.0

Task for patient = 74 with skills = {1,5} and cost = 101.0
   Vehicle #0 = 7, leaving at = 738.0
   Vehicle #1 = 23, leaving at = 796.0
   Increment on distance indicator: 8.0
   Increment on tard indicator:     0.0
   Value of tmax indicator:         8.0

Task for patient = 73 with skills = {2,4} and cost = 103.7
   Vehicle #0 = 3, leaving at = 601.0
   Vehicle #1 = 25, leaving at = 601.0
   Increment on distance indicator: 8.0
   Increment on tard indicator:     0.0
   Value of tmax indicator:         8.0

Task for patient = 58 with skills = {0,5} and cost = 110.3
   Vehicle #0 = 6, leaving at = 627.0
   Vehicle #1 = 26, leaving at = 627.0
   Increment on distance indicator: 20.0
   Increment on tard indicator:     0.0
   Value of tmax indicator:         20.0

Task for patient = 181 with skills = {2,3} and cost = 113.7
   Vehicle #0 = 3, leaving at = 633.0
   Vehicle #1 = 25, leaving at = 633.0
   Increment on distance indicator: 10.0
   Increment on tard indicator:     0.0
   Value of tmax indicator:         10.0

Task for patient = 142 with skills = {1,-1} and cost = 115.0
   Vehicle #0 = 3, leaving at = 692.0
   Vehicle #1 = -1, leaving at = inf
   Increment on distance indicator: 4.0
   Increment on tard indicator:     0.0
   Value of tmax indicator:         4.0

Task for patient = 64 with skills = {3,-1} and cost = 118.0
   Vehicle #0 = 25, leaving at = 686.0
   Vehicle #1 = -1, leaving at = inf
   Increment on distance indicator: 9.0
   Increment on tard indicator:     0.0
   Value of tmax indicator:         9.0

Task for patient = 89 with skills = {1,-1} and cost = 119.3
   Vehicle #0 = 4, leaving at = 774.0
   Vehicle #1 = -1, leaving at = inf
   Increment on distance indicator: 4.0
   Increment on tard indicator:     0.0
   Value of tmax indicator:         4.0

Task for patient = 48 with skills = {3,-1} and cost = 126.0
   Vehicle #0 = 28, leaving at = 541.0
   Vehicle #1 = -1, leaving at = inf
   Increment on distance indicator: 20.0
   Increment on tard indicator:     0.0
   Value of tmax indicator:         20.0

Task for patient = 81 with skills = {0,-1} and cost = 86.0
   Vehicle #0 = 6, leaving at = 531.0
   Vehicle #1 = -1, leaving at = inf
   Increment on distance indicator: 17.0
   Increment on tard indicator:     0.0
   Value of tmax indicator:         17.0

Task for patient = 197 with skills = {1,3} and cost = 271.0
   Vehicle #0 = 11, leaving at = 762.0
   Vehicle #1 = 34, leaving at = 786.0
   Increment on distance indicator: 14.0
   Increment on tard indicator:     0.0
   Value of tmax indicator:         14.0

Task for patient = 40 with skills = {0,-1} and cost = 273.0
   Vehicle #0 = 10, leaving at = 801.0
   Vehicle #1 = -1, leaving at = inf
   Increment on distance indicator: 6.0
   Increment on tard indicator:     0.0
   Value of tmax indicator:         6.0

Task for patient = 133 with skills = {5,-1} and cost = 279.0
   Vehicle #0 = 35, leaving at = 562.0
   Vehicle #1 = -1, leaving at = inf
   Increment on distance indicator: 18.0
   Increment on tard indicator:     0.0
   Value of tmax indicator:         18.0

Task for patient = 32 with skills = {2,-1} and cost = 280.0
   Vehicle #0 = 9, leaving at = 736.0
   Vehicle #1 = -1, leaving at = inf
   Increment on distance indicator: 3.0
   Increment on tard indicator:     0.0
   Value of tmax indicator:         3.0

Task for patient = 55 with skills = {3,-1} and cost = 281.3
   Vehicle #0 = 21, leaving at = 658.0
   Vehicle #1 = -1, leaving at = inf
   Increment on distance indicator: 4.0
   Increment on tard indicator:     0.0
   Value of tmax indicator:         4.0

Task for patient = 13 with skills = {5,-1} and cost = 282.3
   Vehicle #0 = 35, leaving at = 747.0
   Vehicle #1 = -1, leaving at = inf
   Increment on distance indicator: 3.0
   Increment on tard indicator:     0.0
   Value of tmax indicator:         3.0

Task for patient = 113 with skills = {5,-1} and cost = 283.7
   Vehicle #0 = 23, leaving at = 908.0
   Vehicle #1 = -1, leaving at = inf
   Increment on distance indicator: 4.0
   Increment on tard indicator:     0.0
   Value of tmax indicator:         4.0

Task for patient = 121 with skills = {0,3} and cost = 283.7
   Vehicle #0 = 16, leaving at = 667.0
   Vehicle #1 = 36, leaving at = 667.0
   Increment on distance indicator: 0.0
   Increment on tard indicator:     0.0
   Value of tmax indicator:         0.0

Task for patient = 194 with skills = {2,-1} and cost = 286.7
   Vehicle #0 = 13, leaving at = 604.0
   Vehicle #1 = -1, leaving at = inf
   Increment on distance indicator: 9.0
   Increment on tard indicator:     0.0
   Value of tmax indicator:         9.0

Task for patient = 15 with skills = {5,-1} and cost = 288.0
   Vehicle #0 = 35, leaving at = 806.0
   Vehicle #1 = -1, leaving at = inf
   Increment on distance indicator: 4.0
   Increment on tard indicator:     0.0
   Value of tmax indicator:         4.0

Task for patient = 149 with skills = {4,-1} and cost = 290.0
   Vehicle #0 = 25, leaving at = 859.0
   Vehicle #1 = -1, leaving at = inf
   Increment on distance indicator: 6.0
   Increment on tard indicator:     0.0
   Value of tmax indicator:         6.0

Task for patient = 102 with skills = {3,-1} and cost = 215.7
   Vehicle #0 = 30, leaving at = 511.0
   Vehicle #1 = -1, leaving at = inf
   Increment on distance indicator: 25.0
   Increment on tard indicator:     0.0
   Value of tmax indicator:         25.0

Task for patient = 57 with skills = {1,3} and cost = 294.3
   Vehicle #0 = 4, leaving at = 832.0
   Vehicle #1 = 31, leaving at = 832.0
   Increment on distance indicator: 6.0
   Increment on tard indicator:     0.0
   Value of tmax indicator:         6.0

Task for patient = 17 with skills = {0,3} and cost = 295.7
   Vehicle #0 = 4, leaving at = 850.0
   Vehicle #1 = 31, leaving at = 869.0
   Increment on distance indicator: 4.0
   Increment on tard indicator:     0.0
   Value of tmax indicator:         4.0

Task for patient = 177 with skills = {2,3} and cost = 297.7
   Vehicle #0 = 17, leaving at = 869.0
   Vehicle #1 = 35, leaving at = 869.0
   Increment on distance indicator: 6.0
   Increment on tard indicator:     0.0
   Value of tmax indicator:         6.0

Task for patient = 35 with skills = {2,-1} and cost = 300.3
   Vehicle #0 = 0, leaving at = 678.0
   Vehicle #1 = -1, leaving at = inf
   Increment on distance indicator: 8.0
   Increment on tard indicator:     0.0
   Value of tmax indicator:         8.0

Task for patient = 132 with skills = {0,-1} and cost = 301.7
   Vehicle #0 = 5, leaving at = 718.0
   Vehicle #1 = -1, leaving at = inf
   Increment on distance indicator: 4.0
   Increment on tard indicator:     0.0
   Value of tmax indicator:         4.0

Task for patient = 8 with skills = {4,-1} and cost = 302.3
   Vehicle #0 = 31, leaving at = 906.0
   Vehicle #1 = -1, leaving at = inf
   Increment on distance indicator: 2.0
   Increment on tard indicator:     0.0
   Value of tmax indicator:         2.0

Task for patient = 29 with skills = {4,-1} and cost = 305.0
   Vehicle #0 = 22, leaving at = 860.0
   Vehicle #1 = -1, leaving at = inf
   Increment on distance indicator: 8.0
   Increment on tard indicator:     0.0
   Value of tmax indicator:         8.0

Task for patient = 109 with skills = {2,4} and cost = 312.7
   Vehicle #0 = 6, leaving at = 805.0
   Vehicle #1 = 27, leaving at = 805.0
   Increment on distance indicator: 8.0
   Increment on tard indicator:     0.0
   Value of tmax indicator:         8.0

Task for patient = 199 with skills = {0,3} and cost = 321.3
   Vehicle #0 = 10, leaving at = 861.0
   Vehicle #1 = 33, leaving at = 870.0
   Increment on distance indicator: 26.0
   Increment on tard indicator:     0.0
   Value of tmax indicator:         26.0

Task for patient = 37 with skills = {5,-1} and cost = 323.3
   Vehicle #0 = 29, leaving at = 766.0
   Vehicle #1 = -1, leaving at = inf
   Increment on distance indicator: 6.0
   Increment on tard indicator:     0.0
   Value of tmax indicator:         6.0

Task for patient = 61 with skills = {4,-1} and cost = 325.0
   Vehicle #0 = 28, leaving at = 734.0
   Vehicle #1 = -1, leaving at = inf
   Increment on distance indicator: 5.0
   Increment on tard indicator:     0.0
   Value of tmax indicator:         5.0

Task for patient = 7 with skills = {0,3} and cost = 559.7
   Vehicle #0 = 15, leaving at = 1166.0
   Vehicle #1 = 31, leaving at = 1166.0
   Increment on distance indicator: 8.0
   Increment on tard indicator:     0.0
   Value of tmax indicator:         8.0

Task for patient = 137 with skills = {1,3} and cost = 292.3
   Vehicle #0 = 15, leaving at = 773.0
   Vehicle #1 = 32, leaving at = 773.0
   Increment on distance indicator: 7.0
   Increment on tard indicator:     0.0
   Value of tmax indicator:         7.0

Task for patient = 63 with skills = {4,-1} and cost = 216.7
   Vehicle #0 = 27, leaving at = 687.0
   Vehicle #1 = -1, leaving at = inf
   Increment on distance indicator: 3.0
   Increment on tard indicator:     0.0
   Value of tmax indicator:         3.0

Task for patient = 76 with skills = {0,-1} and cost = 218.0
   Vehicle #0 = 15, leaving at = 555.0
   Vehicle #1 = -1, leaving at = inf
   Increment on distance indicator: 4.0
   Increment on tard indicator:     0.0
   Value of tmax indicator:         4.0

Task for patient = 20 with skills = {5,-1} and cost = 219.3
   Vehicle #0 = 31, leaving at = 745.0
   Vehicle #1 = -1, leaving at = inf
   Increment on distance indicator: 4.0
   Increment on tard indicator:     0.0
   Value of tmax indicator:         4.0

Task for patient = 30 with skills = {0,-1} and cost = 220.0
   Vehicle #0 = 15, leaving at = 614.0
   Vehicle #1 = -1, leaving at = inf
   Increment on distance indicator: 2.0
   Increment on tard indicator:     0.0
   Value of tmax indicator:         2.0

Task for patient = 45 with skills = {3,-1} and cost = 222.7
   Vehicle #0 = 20, leaving at = 733.0
   Vehicle #1 = -1, leaving at = inf
   Increment on distance indicator: 8.0
   Increment on tard indicator:     0.0
   Value of tmax indicator:         8.0

Task for patient = 112 with skills = {0,-1} and cost = 223.3
   Vehicle #0 = 4, leaving at = 807.0
   Vehicle #1 = -1, leaving at = inf
   Increment on distance indicator: 2.0
   Increment on tard indicator:     0.0
   Value of tmax indicator:         2.0

Task for patient = 176 with skills = {2,4} and cost = 230.0
   Vehicle #0 = 15, leaving at = 644.0
   Vehicle #1 = 32, leaving at = 644.0
   Increment on distance indicator: 20.0
   Increment on tard indicator:     0.0
   Value of tmax indicator:         20.0

Task for patient = 95 with skills = {5,-1} and cost = 231.0
   Vehicle #0 = 32, leaving at = 692.0
   Vehicle #1 = -1, leaving at = inf
   Increment on distance indicator: 3.0
   Increment on tard indicator:     0.0
   Value of tmax indicator:         3.0

Task for patient = 33 with skills = {4,-1} and cost = 233.3
   Vehicle #0 = 22, leaving at = 770.0
   Vehicle #1 = -1, leaving at = inf
   Increment on distance indicator: 7.0
   Increment on tard indicator:     0.0
   Value of tmax indicator:         7.0

Task for patient = 86 with skills = {4,-1} and cost = 234.3
   Vehicle #0 = 26, leaving at = 895.0
   Vehicle #1 = -1, leaving at = inf
   Increment on distance indicator: 3.0
   Increment on tard indicator:     0.0
   Value of tmax indicator:         3.0

Task for patient = 6 with skills = {3,-1} and cost = 235.0
   Vehicle #0 = 28, leaving at = 596.0
   Vehicle #1 = -1, leaving at = inf
   Increment on distance indicator: 2.0
   Increment on tard indicator:     0.0
   Value of tmax indicator:         2.0

Task for patient = 26 with skills = {3,-1} and cost = 266.3
   Vehicle #0 = 26, leaving at = 958.0
   Vehicle #1 = -1, leaving at = inf
   Increment on distance indicator: 5.0
   Increment on tard indicator:     0.0
   Value of tmax indicator:         5.0

Task for patient = 107 with skills = {0,3} and cost = 239.3
   Vehicle #0 = 10, leaving at = 735.0
   Vehicle #1 = 25, leaving at = 767.0
   Increment on distance indicator: 9.0
   Increment on tard indicator:     0.0
   Value of tmax indicator:         9.0

Task for patient = 71 with skills = {3,-1} and cost = 241.3
   Vehicle #0 = 30, leaving at = 638.0
   Vehicle #1 = -1, leaving at = inf
   Increment on distance indicator: 6.0
   Increment on tard indicator:     0.0
   Value of tmax indicator:         6.0

Task for patient = 172 with skills = {0,5} and cost = 244.3
   Vehicle #0 = 7, leaving at = 861.0
   Vehicle #1 = 23, leaving at = 861.0
   Increment on distance indicator: 9.0
   Increment on tard indicator:     0.0
   Value of tmax indicator:         9.0

Task for patient = 68 with skills = {5,-1} and cost = 249.3
   Vehicle #0 = 33, leaving at = 647.0
   Vehicle #1 = -1, leaving at = inf
   Increment on distance indicator: 15.0
   Increment on tard indicator:     0.0
   Value of tmax indicator:         15.0

Task for patient = 162 with skills = {2,-1} and cost = 254.7
   Vehicle #0 = 17, leaving at = 561.0
   Vehicle #1 = -1, leaving at = inf
   Increment on distance indicator: 16.0
   Increment on tard indicator:     0.0
   Value of tmax indicator:         16.0

Task for patient = 100 with skills = {2,-1} and cost = 257.3
   Vehicle #0 = 13, leaving at = 579.0
   Vehicle #1 = -1, leaving at = inf
   Increment on distance indicator: 8.0
   Increment on tard indicator:     0.0
   Value of tmax indicator:         8.0

Task for patient = 185 with skills = {5,-1} and cost = 259.0
   Vehicle #0 = 31, leaving at = 769.0
   Vehicle #1 = -1, leaving at = inf
   Increment on distance indicator: 5.0
   Increment on tard indicator:     0.0
   Value of tmax indicator:         5.0

Task for patient = 53 with skills = {0,-1} and cost = 260.3
   Vehicle #0 = 15, leaving at = 665.0
   Vehicle #1 = -1, leaving at = inf
   Increment on distance indicator: 4.0
   Increment on tard indicator:     0.0
   Value of tmax indicator:         4.0

Task for patient = 12 with skills = {3,-1} and cost = 261.3
   Vehicle #0 = 31, leaving at = 807.0
   Vehicle #1 = -1, leaving at = inf
   Increment on distance indicator: 3.0
   Increment on tard indicator:     0.0
   Value of tmax indicator:         3.0

Task for patient = 125 with skills = {1,-1} and cost = 262.0
   Vehicle #0 = 2, leaving at = 877.0
   Vehicle #1 = -1, leaving at = inf
   Increment on distance indicator: 2.0
   Increment on tard indicator:     0.0
   Value of tmax indicator:         2.0

Task for patient = 195 with skills = {2,-1} and cost = 262.3
   Vehicle #0 = 15, leaving at = 706.0
   Vehicle #1 = -1, leaving at = inf
   Increment on distance indicator: 1.0
   Increment on tard indicator:     0.0
   Value of tmax indicator:         1.0

Task for patient = 196 with skills = {2,-1} and cost = 264.7
   Vehicle #0 = 9, leaving at = 706.0
   Vehicle #1 = -1, leaving at = inf
   Increment on distance indicator: 7.0
   Increment on tard indicator:     0.0
   Value of tmax indicator:         7.0

Task for patient = 9 with skills = {4,-1} and cost = 236.3
   Vehicle #0 = 27, leaving at = 737.0
   Vehicle #1 = -1, leaving at = inf
   Increment on distance indicator: 4.0
   Increment on tard indicator:     0.0
   Value of tmax indicator:         4.0


Unused vehicle list: 14 38 39 (total = 3 out of 40)

---
Search finished.
Total of 1900 generations in 650.5 seconds.
Exchange elite runs: 23
Implicit path relinking runs: 10
Reset attempts: 2

Best solution found:
   Cost: 689.3
   Total travel time: 2065.0
   Total tardiness time: 2.0
   Largest tardiness: 1.0


689.3
