This host is: ifrit
--- BRKGA-MP-IPR for HHCRSP ---
Instance: /home/alberto/work/hhcrsp-dataset-2021/dataset2/HHCRSP_10_3_97_0.4_C_C.txt
Seed: 11

Reading data... Problem contains 10 patients  and 3 caregivers.

Summary of supply x demand for each service type:
Skill 0 has supply = 1 and demand = 2, ratio = 0.5
Skill 1 has supply = 1 and demand = 1, ratio = 1
Skill 2 has supply = 1 and demand = 3, ratio = 0.333333
Skill 3 has supply = 1 and demand = 0, ratio = inf
Skill 4 has supply = 1 and demand = 6, ratio = 0.166667
Skill 5 has supply = 2 and demand = 2, ratio = 1

Reading parameters...
Inferred distance function by PR type: kendall-tau
Building BRKGA data and initializing...
Evolving 1900 generations...

  Gens  Rem    Local   ElDiv NoImpr             Best solution            Time  Op
                                       Cost     Dist    Tard    TMax 
*    0 1900    52.67   83.14      0    52.67   158.00     0.0     0.0     0.1    
    50 1850    52.67    0.00     50    52.67   158.00     0.0     0.0     2.6    
    79 1821      inf  116.50      0    52.67   158.00     0.0     0.0     4.1   R
    80 1820    53.00   91.62      0    52.67   158.00     0.0     0.0     4.2    
    80 1820    53.00   53.42      1    52.67   158.00     0.0     0.0     4.2   X
   100 1800    52.67    0.00     18    52.67   158.00     0.0     0.0     5.2    
   150 1750    52.67    0.00     68    52.67   158.00     0.0     0.0     7.8    
   160 1740    52.67    0.00     79    52.67   158.00     0.0     0.0     8.3   X
   161 1739      inf  126.48      0    52.67   158.00     0.0     0.0     8.4   R
   162 1738    53.00   89.25      0    52.67   158.00     0.0     0.0     8.4    
Path relinking result: no improvement.
   180 1720    52.67    0.00     16    52.67   158.00     0.0     0.0     9.4   P
   200 1700    52.67    0.00     35    52.67   158.00     0.0     0.0    10.4    
   240 1660    52.67    0.00     76    52.67   158.00     0.0     0.0    12.5   X
   244 1656      inf  122.92      0    52.67   158.00     0.0     0.0    12.7   R
   245 1655    53.00   91.87      0    52.67   158.00     0.0     0.0    12.7    

  Gens  Rem    Local   ElDiv NoImpr             Best solution            Time  Op
                                       Cost     Dist    Tard    TMax 
   250 1650    52.67    0.39      3    52.67   158.00     0.0     0.0    13.0    
   300 1600    52.67    0.00     53    52.67   158.00     0.0     0.0    15.6    
   320 1580    52.67    0.00     74    52.67   158.00     0.0     0.0    16.6   X
   326 1574      inf  123.58      0    52.67   158.00     0.0     0.0    16.9   R
   327 1573    54.00   83.20      0    52.67   158.00     0.0     0.0    17.0    
   350 1550    52.67    0.00     21    52.67   158.00     0.0     0.0    18.1    
Path relinking result: no improvement.
   360 1540    52.67    0.00     32    52.67   158.00     0.0     0.0    18.7   P
   400 1500    52.67    0.00     71    52.67   158.00     0.0     0.0    20.7    
   400 1500    52.67    0.00     72    52.67   158.00     0.0     0.0    20.7   X
   408 1492      inf  113.33      0    52.67   158.00     0.0     0.0    21.1   R
   409 1491    53.00   90.11      0    52.67   158.00     0.0     0.0    21.2    
   450 1450    52.67    0.00     39    52.67   158.00     0.0     0.0    23.3    
   480 1420    52.67    0.00     70    52.67   158.00     0.0     0.0    24.9   X
   490 1410      inf  122.45      0    52.67   158.00     0.0     0.0    25.4   R
   491 1409    54.00   88.60      0    52.67   158.00     0.0     0.0    25.4    
   500 1400    52.67    0.00      7    52.67   158.00     0.0     0.0    25.9    
Path relinking result: no improvement.

  Gens  Rem    Local   ElDiv NoImpr             Best solution            Time  Op
                                       Cost     Dist    Tard    TMax 
   540 1360    52.67    0.00     48    52.67   158.00     0.0     0.0    28.0   P
   550 1350    52.67    0.00     57    52.67   158.00     0.0     0.0    28.5    
   560 1340    52.67    0.00     68    52.67   158.00     0.0     0.0    29.0   X
   572 1328      inf  132.09      0    52.67   158.00     0.0     0.0    29.6   R
   573 1327    53.00   98.61      0    52.67   158.00     0.0     0.0    29.7    
   600 1300    52.67    0.00     25    52.67   158.00     0.0     0.0    31.1    
   640 1260    52.67    0.00     66    52.67   158.00     0.0     0.0    33.1   X
   650 1250    52.67    0.00     75    52.67   158.00     0.0     0.0    33.6    
   654 1246      inf  112.75      0    52.67   158.00     0.0     0.0    33.8   R
   655 1245    53.00   94.00      0    52.67   158.00     0.0     0.0    33.9    
   700 1200    52.67    0.00     42    52.67   158.00     0.0     0.0    36.2    
Path relinking result: no improvement.
   720 1180    52.67    0.00     63    52.67   158.00     0.0     0.0    37.3  PX
   737 1163      inf  123.41      0    52.67   158.00     0.0     0.0    38.1   R
   738 1162    52.67   91.28      0    52.67   158.00     0.0     0.0    38.2    
   750 1150    52.67    0.00     12    52.67   158.00     0.0     0.0    38.8    
   800 1100    52.67    0.00     62    52.67   158.00     0.0     0.0    41.4    

  Gens  Rem    Local   ElDiv NoImpr             Best solution            Time  Op
                                       Cost     Dist    Tard    TMax 
   800 1100    52.67    0.00     63    52.67   158.00     0.0     0.0    41.4   X
   817 1083      inf  121.09      0    52.67   158.00     0.0     0.0    42.3   R
   818 1082    53.00   84.23      0    52.67   158.00     0.0     0.0    42.3    
   850 1050    52.67    0.00     30    52.67   158.00     0.0     0.0    44.0    
   880 1020    52.67    0.00     61    52.67   158.00     0.0     0.0    45.5   X
   899 1001      inf  109.41      0    52.67   158.00     0.0     0.0    46.5   R
   900 1000    52.67   84.46      0    52.67   158.00     0.0     0.0    46.6    
Path relinking result: elite improvement.
   900 1000    52.67   84.30      1    52.67   158.00     0.0     0.0    46.6   P
   950  950    52.67    0.00     50    52.67   158.00     0.0     0.0    49.1    
   960  940    52.67    0.00     61    52.67   158.00     0.0     0.0    49.7   X
   979  921      inf  123.34      0    52.67   158.00     0.0     0.0    50.6   R
   980  920    52.67   86.92      0    52.67   158.00     0.0     0.0    50.7    
  1000  900    52.67    0.00     20    52.67   158.00     0.0     0.0    51.7    
  1040  860    52.67    0.00     61    52.67   158.00     0.0     0.0    53.8   X
  1050  850    52.67    0.00     70    52.67   158.00     0.0     0.0    54.3    
  1059  841      inf  120.17      0    52.67   158.00     0.0     0.0    54.8   R

  Gens  Rem    Local   ElDiv NoImpr             Best solution            Time  Op
                                       Cost     Dist    Tard    TMax 
  1060  840    53.00   94.97      0    52.67   158.00     0.0     0.0    54.8    
Path relinking result: no improvement.
  1080  820    52.67    0.00     18    52.67   158.00     0.0     0.0    55.9   P
  1100  800    52.67    0.00     37    52.67   158.00     0.0     0.0    56.9    
  1120  780    52.67    0.00     58    52.67   158.00     0.0     0.0    57.9   X
  1142  758      inf  118.06      0    52.67   158.00     0.0     0.0    59.1   R
  1143  757    52.67   90.15      0    52.67   158.00     0.0     0.0    59.1    
  1150  750    52.67    0.16      7    52.67   158.00     0.0     0.0    59.5    
  1200  700    52.67    0.00     57    52.67   158.00     0.0     0.0    62.1    
  1200  700    52.67    0.00     58    52.67   158.00     0.0     0.0    62.1   X
  1222  678      inf  118.10      0    52.67   158.00     0.0     0.0    63.2   R
  1223  677    52.67   90.29      0    52.67   158.00     0.0     0.0    63.3    
  1250  650    52.67    0.00     27    52.67   158.00     0.0     0.0    64.7    
Path relinking result: no improvement.
  1260  640    52.67    0.00     38    52.67   158.00     0.0     0.0    65.2   P
  1280  620    52.67    0.00     58    52.67   158.00     0.0     0.0    66.2   X
  1300  600    52.67    0.00     77    52.67   158.00     0.0     0.0    67.2    
  1302  598      inf  124.13      0    52.67   158.00     0.0     0.0    67.3   R

  Gens  Rem    Local   ElDiv NoImpr             Best solution            Time  Op
                                       Cost     Dist    Tard    TMax 
  1303  597    52.67   88.35      0    52.67   158.00     0.0     0.0    67.4    
  1350  550    52.67    0.00     47    52.67   158.00     0.0     0.0    69.8    
  1360  540    52.67    0.00     58    52.67   158.00     0.0     0.0    70.3   X
  1382  518      inf  120.09      0    52.67   158.00     0.0     0.0    71.5   R
  1383  517    53.00   81.37      0    52.67   158.00     0.0     0.0    71.5    
  1400  500    52.67    0.00     14    52.67   158.00     0.0     0.0    72.4    
Path relinking result: no improvement.
  1440  460    52.67    0.00     55    52.67   158.00     0.0     0.0    74.5  PX
  1450  450    52.67    0.00     64    52.67   158.00     0.0     0.0    75.0    
  1465  435      inf  113.52      0    52.67   158.00     0.0     0.0    75.8   R
  1466  434    53.67   88.83      0    52.67   158.00     0.0     0.0    75.8    
  1500  400    52.67    0.00     31    52.67   158.00     0.0     0.0    77.6    
  1520  380    52.67    0.00     52    52.67   158.00     0.0     0.0    78.6   X
  1548  352      inf  119.53      0    52.67   158.00     0.0     0.0    80.0   R
  1549  351    53.00   86.51      0    52.67   158.00     0.0     0.0    80.1    
  1550  350    53.00   56.78      1    52.67   158.00     0.0     0.0    80.2    
  1600  300    52.67    0.00     49    52.67   158.00     0.0     0.0    82.7    

  Gens  Rem    Local   ElDiv NoImpr             Best solution            Time  Op
                                       Cost     Dist    Tard    TMax 
  1600  300    52.67    0.00     50    52.67   158.00     0.0     0.0    82.7   X
Path relinking result: no improvement.
  1620  280    52.67    0.00     70    52.67   158.00     0.0     0.0    83.8   P
  1630  270      inf  126.54      0    52.67   158.00     0.0     0.0    84.3   R
  1631  269    53.00   93.39      0    52.67   158.00     0.0     0.0    84.3    
  1650  250    52.67    0.00     16    52.67   158.00     0.0     0.0    85.3    
  1680  220    52.67    0.00     47    52.67   158.00     0.0     0.0    86.9   X
  1700  200    52.67    0.00     66    52.67   158.00     0.0     0.0    87.9    
  1713  187      inf  114.51      0    52.67   158.00     0.0     0.0    88.6   R
  1714  186    54.00   82.72      0    52.67   158.00     0.0     0.0    88.6    
  1750  150    52.67    0.00     32    52.67   158.00     0.0     0.0    90.5    
  1760  140    52.67    0.00     43    52.67   158.00     0.0     0.0    91.0   X
  1797  103      inf  116.41      0    52.67   158.00     0.0     0.0    92.9   R
  1798  102    53.33   86.90      0    52.67   158.00     0.0     0.0    93.0    
  1800  100    52.67   41.55      0    52.67   158.00     0.0     0.0    93.1    
Path relinking result: elite improvement.
  1800  100    52.67   41.54      1    52.67   158.00     0.0     0.0    93.1   P
  1840   60    52.67    0.00     41    52.67   158.00     0.0     0.0    95.1   X

  Gens  Rem    Local   ElDiv NoImpr             Best solution            Time  Op
                                       Cost     Dist    Tard    TMax 
  1850   50    52.67    0.00     50    52.67   158.00     0.0     0.0    95.7    
  1879   21      inf  120.98      0    52.67   158.00     0.0     0.0    97.2   R
  1880   20    53.00   97.29      0    52.67   158.00     0.0     0.0    97.2    
  1900    0    52.67    0.00     17    52.67   158.00     0.0     0.0    98.2    
Evolutionary process finished.
Solution written to 'solution-12897.txt'.

Sorted sequence of worst to best tardiness value:
Task for patient = 3 with skills = {2,4} and cost = 3.3
   Vehicle #0 = 0, leaving at = 570.0
   Vehicle #1 = 2, leaving at = 570.0
   Increment on distance indicator: 10.0
   Increment on tard indicator:     0.0
   Value of tmax indicator:         10.0

Task for patient = 8 with skills = {2,-1} and cost = 5.0
   Vehicle #0 = 0, leaving at = 616.0
   Vehicle #1 = -1, leaving at = inf
   Increment on distance indicator: 5.0
   Increment on tard indicator:     0.0
   Value of tmax indicator:         5.0

Task for patient = 5 with skills = {0,-1} and cost = 8.3
   Vehicle #0 = 0, leaving at = 731.0
   Vehicle #1 = -1, leaving at = inf
   Increment on distance indicator: 10.0
   Increment on tard indicator:     0.0
   Value of tmax indicator:         10.0

Task for patient = 1 with skills = {4,-1} and cost = 9.3
   Vehicle #0 = 2, leaving at = 599.0
   Vehicle #1 = -1, leaving at = inf
   Increment on distance indicator: 3.0
   Increment on tard indicator:     0.0
   Value of tmax indicator:         3.0

Task for patient = 9 with skills = {4,-1} and cost = 14.7
   Vehicle #0 = 2, leaving at = 659.0
   Vehicle #1 = -1, leaving at = inf
   Increment on distance indicator: 16.0
   Increment on tard indicator:     0.0
   Value of tmax indicator:         16.0

Task for patient = 10 with skills = {2,5} and cost = 16.0
   Vehicle #0 = 0, leaving at = 793.0
   Vehicle #1 = 1, leaving at = 793.0
   Increment on distance indicator: 4.0
   Increment on tard indicator:     0.0
   Value of tmax indicator:         4.0

Task for patient = 2 with skills = {5,-1} and cost = 20.3
   Vehicle #0 = 1, leaving at = 842.0
   Vehicle #1 = -1, leaving at = inf
   Increment on distance indicator: 13.0
   Increment on tard indicator:     0.0
   Value of tmax indicator:         13.0

Task for patient = 4 with skills = {1,4} and cost = 30.0
   Vehicle #0 = 0, leaving at = 904.0
   Vehicle #1 = 2, leaving at = 945.0
   Increment on distance indicator: 29.0
   Increment on tard indicator:     0.0
   Value of tmax indicator:         29.0

Task for patient = 6 with skills = {0,4} and cost = 38.7
   Vehicle #0 = 0, leaving at = 989.0
   Vehicle #1 = 2, leaving at = 1012.0
   Increment on distance indicator: 26.0
   Increment on tard indicator:     0.0
   Value of tmax indicator:         26.0

Task for patient = 7 with skills = {4,-1} and cost = 41.7
   Vehicle #0 = 2, leaving at = 1060.0
   Vehicle #1 = -1, leaving at = inf
   Increment on distance indicator: 9.0
   Increment on tard indicator:     0.0
   Value of tmax indicator:         9.0


Unused vehicle list: (total = 0 out of 3)

---
Search finished.
Total of 1900 generations in 98.2 seconds.
Exchange elite runs: 23
Implicit path relinking runs: 10
Reset attempts: 23

Best solution found:
   Cost: 52.7
   Total travel time: 158.0
   Total tardiness time: 0.0
   Largest tardiness: 0.0


52.7
