This host is: panku
--- BRKGA-MP-IPR for HHCRSP ---
Instance: new-dataset/instances-100/HHCRSP_100_20_35_1.6_C_RC.txt
Seed: 16

Reading data... Problem contains 100 patients  and 20 caregivers.

Summary of supply x demand for each service type:
Skill 0 has supply = 8 and demand = 27, ratio = 0.296296
Skill 1 has supply = 5 and demand = 19, ratio = 0.263158
Skill 2 has supply = 7 and demand = 14, ratio = 0.5
Skill 3 has supply = 7 and demand = 23, ratio = 0.304348
Skill 4 has supply = 4 and demand = 15, ratio = 0.266667
Skill 5 has supply = 7 and demand = 32, ratio = 0.21875

Reading parameters...
Inferred distance function by PR type: kendall-tau
Building BRKGA data and initializing...
Evolving 1900 generations...

  Gens  Rem    Local   ElDiv NoImpr             Best solution            Time  Op
                                       Cost     Dist    Tard    TMax 
*    0 1900  1907.67  263.32      0  1907.67  2128.00  3267.0   328.0     0.1    
*    4 1896  1897.67  173.82      0  1897.67  2170.00  3008.0   336.0     0.3    
*    5 1895  1838.00  159.28      0  1838.00  2076.00  2597.0   250.0     0.3    
*    6 1894  1641.00  150.25      0  1641.00  2128.00  1880.0   227.0     0.4    
*    7 1893  1411.67  141.10      0  1411.67  2034.00  1441.0   218.0     0.4    
*    8 1892  1231.00  129.30      0  1231.00  2034.00  1441.0   218.0     0.5    
*   10 1890  1126.00  107.10      0  1126.00  2086.00  1024.0   268.0     0.6    
*   12 1888  1032.00   84.38      0  1032.00  2005.00   755.0   212.0     0.7    
*   13 1887   990.67   86.44      0   990.67  1949.00   204.0    95.0     0.8    
*   14 1886   749.33   76.02      0   749.33  1949.00   204.0    95.0     0.8    
*   18 1882   724.67   47.07      0   724.67  1850.00   233.0    66.0     1.0    
*   19 1881   716.33   39.89      0   716.33  1808.00   159.0    88.0     1.1    
*   20 1880   685.00   37.01      0   685.00  1877.00    71.0    25.0     1.1    
*   21 1879   657.67   32.16      0   657.67  1877.00    71.0    25.0     1.2    
*   23 1877   653.67   25.55      0   653.67  1878.00    37.0    24.0     1.3    

  Gens  Rem    Local   ElDiv NoImpr             Best solution            Time  Op
                                       Cost     Dist    Tard    TMax 
*   24 1876   646.33   23.61      0   646.33  1836.00    64.0    26.0     1.4    
*   25 1875   642.00   21.95      0   642.00  1803.00    53.0    26.0     1.4    
*   26 1874   627.33   20.07      0   627.33  1801.00    41.0    16.0     1.5    
*   27 1873   619.33   18.24      0   619.33  1791.00    16.0     7.0     1.5    
*   28 1872   604.67   17.31      0   604.67  1762.00    19.0    10.0     1.6    
*   29 1871   597.00   16.32      0   597.00  1762.00    19.0    10.0     1.6    
*   31 1869   588.67   14.09      0   588.67  1754.00     8.0     4.0     1.7    
*   33 1867   582.00   12.33      0   582.00  1706.00     5.0     5.0     1.9    
*   34 1866   572.00   12.13      0   572.00  1706.00     5.0     5.0     1.9    
*   37 1863   555.00   11.21      0   555.00  1659.00     3.0     3.0     2.1    
*   49 1851   551.67    7.46      0   551.67  1615.00    16.0    10.0     2.7    
*   50 1850   547.00    7.13      0   547.00  1615.00    16.0    10.0     2.8    
*   53 1847   540.33    7.13      0   540.33  1605.00    11.0     5.0     2.9    
*   61 1839   535.00    6.77      0   535.00  1579.00    13.0    13.0     3.4    
*   64 1836   527.33    7.11      0   527.33  1576.00     3.0     3.0     3.5    
*   73 1827   523.33    7.12      0   523.33  1570.00     0.0     0.0     4.1    

  Gens  Rem    Local   ElDiv NoImpr             Best solution            Time  Op
                                       Cost     Dist    Tard    TMax 
*   78 1822   522.33    6.87      0   522.33  1567.00     0.0     0.0     4.4    
    80 1820   522.33    4.71      3   522.33  1567.00     0.0     0.0     4.5   X
   100 1800   522.33    4.51     22   522.33  1567.00     0.0     0.0     5.6    
   150 1750   522.33    4.12     72   522.33  1567.00     0.0     0.0     8.3    
   160 1740   522.33    3.00     83   522.33  1567.00     0.0     0.0     8.8   X
*  163 1737   521.00    3.03      0   521.00  1563.00     0.0     0.0     9.0    
Path relinking result: best improvement.
   180 1720   515.00    3.18      0   521.00  1563.00     0.0     0.0     9.9   P
*  181 1719   515.00    3.17      0   515.00  1540.00     3.0     2.0    10.0    
   200 1700   515.00    3.20     19   515.00  1540.00     3.0     2.0    11.0    
   240 1660   515.00    2.89     60   515.00  1540.00     3.0     2.0    13.2   X
   250 1650   515.00    2.89     69   515.00  1540.00     3.0     2.0    13.7    
*  295 1605   503.33    3.14      0   503.33  1506.00     2.0     2.0    16.1    
   300 1600   503.33    3.14      5   503.33  1506.00     2.0     2.0    16.4    
   320 1580   503.33    3.07     26   503.33  1506.00     2.0     2.0    17.5   X
   350 1550   503.33    3.07     55   503.33  1506.00     2.0     2.0    19.1    
Path relinking result: elite improvement.
   360 1540   503.33    3.21     66   503.33  1506.00     2.0     2.0    19.7   P

  Gens  Rem    Local   ElDiv NoImpr             Best solution            Time  Op
                                       Cost     Dist    Tard    TMax 
   400 1500   503.33    3.22    105   503.33  1506.00     2.0     2.0    21.8    
   400 1500   503.33    3.58    106   503.33  1506.00     2.0     2.0    21.8   X
   450 1450   503.33    3.53    155   503.33  1506.00     2.0     2.0    24.6    
   480 1420   503.33    3.57    186   503.33  1506.00     2.0     2.0    26.2   X
   500 1400   503.33    3.57    205   503.33  1506.00     2.0     2.0    27.2    
Path relinking result: best improvement.
   540 1360   495.67    3.82      0   503.33  1506.00     2.0     2.0    29.4   P
*  541 1359   495.67    3.82      0   495.67  1483.00     2.0     2.0    29.5    
   550 1350   495.67    3.82      9   495.67  1483.00     2.0     2.0    29.9    
   560 1340   495.67    5.00     20   495.67  1483.00     2.0     2.0    30.5   X
   600 1300   495.67    5.00     59   495.67  1483.00     2.0     2.0    32.7    
   640 1260   495.67    2.35    100   495.67  1483.00     2.0     2.0    34.8   X
   650 1250   495.67    1.38    109   495.67  1483.00     2.0     2.0    35.4    
*  664 1236   495.00    1.30      0   495.00  1484.00     0.0     0.0    36.1    
*  665 1235   494.67    1.41      0   494.67  1479.00     0.0     0.0    36.2    
*  666 1234   493.00    1.45      0   493.00  1479.00     0.0     0.0    36.2    
*  669 1231   492.33    1.48      0   492.33  1477.00     0.0     0.0    36.4    

  Gens  Rem    Local   ElDiv NoImpr             Best solution            Time  Op
                                       Cost     Dist    Tard    TMax 
*  671 1229   492.00    1.54      0   492.00  1473.00     0.0     0.0    36.5    
*  672 1228   491.00    1.63      0   491.00  1466.00     3.0     1.0    36.6    
*  673 1227   490.00    1.69      0   490.00  1466.00     3.0     1.0    36.6    
*  676 1224   489.67    1.81      0   489.67  1468.00     0.0     0.0    36.8    
*  677 1223   489.33    1.80      0   489.33  1468.00     0.0     0.0    36.9    
*  679 1221   487.67    2.10      0   487.67  1463.00     0.0     0.0    37.0    
*  681 1219   487.33    2.21      0   487.33  1454.00     0.0     0.0    37.1    
*  682 1218   484.67    2.16      0   484.67  1454.00     0.0     0.0    37.2    
*  686 1214   482.00    2.04      0   482.00  1446.00     0.0     0.0    37.4    
*  689 1211   481.67    2.73      0   481.67  1445.00     0.0     0.0    37.5    
*  691 1209   481.33    3.51      0   481.33  1444.00     0.0     0.0    37.6    
*  696 1204   481.00    2.98      0   481.00  1443.00     0.0     0.0    37.9    
   700 1200   481.00    2.62      4   481.00  1443.00     0.0     0.0    38.1    
*  711 1189   480.67    0.40      0   480.67  1439.00     2.0     1.0    38.7    
*  713 1187   479.67    0.37      0   479.67  1439.00     0.0     0.0    38.8    
*  715 1185   479.33    0.71      0   479.33  1436.00     0.0     0.0    38.9    

  Gens  Rem    Local   ElDiv NoImpr             Best solution            Time  Op
                                       Cost     Dist    Tard    TMax 
*  716 1184   478.67    0.71      0   478.67  1436.00     0.0     0.0    39.0    
Path relinking result: best improvement.
   720 1180   478.33    0.53      0   478.67  1436.00     0.0     0.0    39.2  PX
*  721 1179   478.33    0.29      0   478.33  1435.00     0.0     0.0    39.3    
*  726 1174   478.00    0.26      0   478.00  1434.00     0.0     0.0    39.6    
*  731 1169   477.67    0.18      0   477.67  1433.00     0.0     0.0    39.8    
*  740 1160   476.00    0.16      0   476.00  1428.00     0.0     0.0    40.3    
   750 1150   476.00    0.79     10   476.00  1428.00     0.0     0.0    40.9    
*  752 1148   474.33    0.80      0   474.33  1423.00     0.0     0.0    41.0    
*  778 1122   472.00    0.83      0   472.00  1416.00     0.0     0.0    42.4    
*  790 1110   471.67    1.89      0   471.67  1415.00     0.0     0.0    43.0    
*  796 1104   471.00    2.07      0   471.00  1413.00     0.0     0.0    43.3    
*  800 1100   470.67    2.23      0   470.67  1412.00     0.0     0.0    43.5    
   800 1100   470.67    2.25      1   470.67  1412.00     0.0     0.0    43.5   X
*  808 1092   467.67    0.27      0   467.67  1402.00     0.0     0.0    44.0    
*  809 1091   467.33    0.34      0   467.33  1402.00     0.0     0.0    44.1    
*  812 1088   465.00    0.84      0   465.00  1395.00     0.0     0.0    44.2    

  Gens  Rem    Local   ElDiv NoImpr             Best solution            Time  Op
                                       Cost     Dist    Tard    TMax 
*  822 1078   464.67    1.84      0   464.67  1394.00     0.0     0.0    44.8    
*  833 1067   464.33    1.85      0   464.33  1393.00     0.0     0.0    45.3    
*  841 1059   464.00    1.41      0   464.00  1392.00     0.0     0.0    45.8    
   850 1050   464.00    1.35      9   464.00  1392.00     0.0     0.0    46.2    
   880 1020   464.00    0.16     40   464.00  1392.00     0.0     0.0    47.9   X
   900 1000   464.00    0.00     59   464.00  1392.00     0.0     0.0    48.9    
Path relinking result: no improvement.
   900 1000   464.00    0.00     60   464.00  1392.00     0.0     0.0    48.9   P
   950  950   464.00    0.00    109   464.00  1392.00     0.0     0.0    51.6    
   960  940   464.00    0.00    120   464.00  1392.00     0.0     0.0    52.2   X
  1000  900   464.00    0.00    159   464.00  1392.00     0.0     0.0    54.3    
  1040  860   464.00    0.00    200   464.00  1392.00     0.0     0.0    56.5   X
  1050  850   464.00    0.00    209   464.00  1392.00     0.0     0.0    57.0    
* 1056  844   462.67    0.08      0   462.67  1388.00     0.0     0.0    57.3    
Path relinking result: elite improvement.
  1080  820   462.33    0.63      0   462.67  1388.00     0.0     0.0    58.6   P
* 1081  819   462.33    0.64      0   462.33  1387.00     0.0     0.0    58.7    
  1100  800   462.33    0.79     19   462.33  1387.00     0.0     0.0    59.7    

  Gens  Rem    Local   ElDiv NoImpr             Best solution            Time  Op
                                       Cost     Dist    Tard    TMax 
  1120  780   462.33    0.00     40   462.33  1387.00     0.0     0.0    60.8   X
  1150  750   462.33    0.00     69   462.33  1387.00     0.0     0.0    62.5    
* 1184  716   461.00    0.08      0   461.00  1383.00     0.0     0.0    64.3    
  1200  700   461.00    0.08     16   461.00  1383.00     0.0     0.0    65.2    
  1200  700   461.00    0.13     17   461.00  1383.00     0.0     0.0    65.2   X
* 1210  690   460.33    0.52      0   460.33  1381.00     0.0     0.0    65.7    
  1250  650   460.33    0.00     40   460.33  1381.00     0.0     0.0    67.9    
* 1253  647   459.67    0.05      0   459.67  1379.00     0.0     0.0    68.0    
Path relinking result: no improvement.
  1260  640   459.67    0.19      8   459.67  1379.00     0.0     0.0    68.4   P
* 1264  636   459.33    0.33      0   459.33  1378.00     0.0     0.0    68.6    
  1280  620   459.33    0.16     17   459.33  1378.00     0.0     0.0    69.5   X
* 1286  614   458.67    0.07      0   458.67  1376.00     0.0     0.0    69.8    
  1300  600   458.67    0.31     14   458.67  1376.00     0.0     0.0    70.6    
  1350  550   458.67    0.31     64   458.67  1376.00     0.0     0.0    73.3    
  1360  540   458.67    0.00     75   458.67  1376.00     0.0     0.0    73.8   X
  1400  500   458.67    0.00    114   458.67  1376.00     0.0     0.0    76.0    
Path relinking result: no improvement.

  Gens  Rem    Local   ElDiv NoImpr             Best solution            Time  Op
                                       Cost     Dist    Tard    TMax 
  1440  460   458.67    0.00    155   458.67  1376.00     0.0     0.0    78.2  PX
  1450  450   458.67    0.00    164   458.67  1376.00     0.0     0.0    78.7    
  1500  400   458.67    0.00    214   458.67  1376.00     0.0     0.0    81.4    
  1520  380   458.67    0.00    235   458.67  1376.00     0.0     0.0    82.5   X
  1550  350   458.67    0.00    264   458.67  1376.00     0.0     0.0    84.2    
  1600  300   458.67    0.00    314   458.67  1376.00     0.0     0.0    86.9    
  1600  300   458.67    0.00    315   458.67  1376.00     0.0     0.0    86.9   X
Path relinking result: no improvement.
  1620  280   458.67    0.00    335   458.67  1376.00     0.0     0.0    88.0   P
  1650  250   458.67    0.00    364   458.67  1376.00     0.0     0.0    89.7    
  1680  220   458.67    0.00    395   458.67  1376.00     0.0     0.0    91.3   X
  1700  200   458.67    0.00    414   458.67  1376.00     0.0     0.0    92.4    
  1750  150   458.67    0.00    464   458.67  1376.00     0.0     0.0    95.1    
  1760  140   458.67    0.00    475   458.67  1376.00     0.0     0.0    95.6   X
  1800  100   458.67    0.00    514   458.67  1376.00     0.0     0.0    97.8    
Path relinking result: no improvement.
  1800  100   458.67    0.00    515   458.67  1376.00     0.0     0.0    97.8   P
  1840   60   458.67    0.00    555   458.67  1376.00     0.0     0.0    99.9   X

  Gens  Rem    Local   ElDiv NoImpr             Best solution            Time  Op
                                       Cost     Dist    Tard    TMax 
  1850   50   458.67    0.00    564   458.67  1376.00     0.0     0.0   100.4    
  1900    0   458.67    0.00    614   458.67  1376.00     0.0     0.0   103.1    
Evolutionary process finished.
Solution written to 'solution-19628.txt'.

Sorted sequence of worst to best tardiness value:
Task for patient = 91 with skills = {2,3} and cost = 249.0
   Vehicle #0 = 6, leaving at = 946.0
   Vehicle #1 = 18, leaving at = 928.0
   Increment on distance indicator: 6.0
   Increment on tard indicator:     0.0
   Value of tmax indicator:         6.0

Task for patient = 100 with skills = {5,-1} and cost = 247.0
   Vehicle #0 = 17, leaving at = 637.0
   Vehicle #1 = -1, leaving at = inf
   Increment on distance indicator: 13.0
   Increment on tard indicator:     0.0
   Value of tmax indicator:         13.0

Task for patient = 21 with skills = {2,-1} and cost = 242.7
   Vehicle #0 = 2, leaving at = 914.0
   Vehicle #1 = -1, leaving at = inf
   Increment on distance indicator: 13.0
   Increment on tard indicator:     0.0
   Value of tmax indicator:         13.0

Task for patient = 18 with skills = {4,-1} and cost = 238.3
   Vehicle #0 = 19, leaving at = 959.0
   Vehicle #1 = -1, leaving at = inf
   Increment on distance indicator: 8.0
   Increment on tard indicator:     0.0
   Value of tmax indicator:         8.0

Task for patient = 54 with skills = {1,-1} and cost = 235.7
   Vehicle #0 = 6, leaving at = 893.0
   Vehicle #1 = -1, leaving at = inf
   Increment on distance indicator: 13.0
   Increment on tard indicator:     0.0
   Value of tmax indicator:         13.0

Task for patient = 96 with skills = {2,5} and cost = 231.3
   Vehicle #0 = 2, leaving at = 842.0
   Vehicle #1 = 19, leaving at = 867.0
   Increment on distance indicator: 13.0
   Increment on tard indicator:     0.0
   Value of tmax indicator:         13.0

Task for patient = 81 with skills = {2,5} and cost = 227.0
   Vehicle #0 = 6, leaving at = 809.0
   Vehicle #1 = 15, leaving at = 814.0
   Increment on distance indicator: 17.0
   Increment on tard indicator:     0.0
   Value of tmax indicator:         17.0

Task for patient = 86 with skills = {1,-1} and cost = 221.3
   Vehicle #0 = 4, leaving at = 816.0
   Vehicle #1 = -1, leaving at = inf
   Increment on distance indicator: 9.0
   Increment on tard indicator:     0.0
   Value of tmax indicator:         9.0

Task for patient = 56 with skills = {1,5} and cost = 218.3
   Vehicle #0 = 0, leaving at = 954.0
   Vehicle #1 = 13, leaving at = 962.0
   Increment on distance indicator: 9.0
   Increment on tard indicator:     0.0
   Value of tmax indicator:         9.0

Task for patient = 61 with skills = {5,-1} and cost = 215.3
   Vehicle #0 = 12, leaving at = 852.0
   Vehicle #1 = -1, leaving at = inf
   Increment on distance indicator: 5.0
   Increment on tard indicator:     0.0
   Value of tmax indicator:         5.0

Task for patient = 97 with skills = {2,-1} and cost = 213.7
   Vehicle #0 = 2, leaving at = 812.0
   Vehicle #1 = -1, leaving at = inf
   Increment on distance indicator: 8.0
   Increment on tard indicator:     0.0
   Value of tmax indicator:         8.0

Task for patient = 80 with skills = {0,-1} and cost = 336.3
   Vehicle #0 = 2, leaving at = 1023.0
   Vehicle #1 = -1, leaving at = inf
   Increment on distance indicator: 5.0
   Increment on tard indicator:     0.0
   Value of tmax indicator:         5.0

Task for patient = 35 with skills = {4,-1} and cost = 209.0
   Vehicle #0 = 16, leaving at = 815.0
   Vehicle #1 = -1, leaving at = inf
   Increment on distance indicator: 6.0
   Increment on tard indicator:     0.0
   Value of tmax indicator:         6.0

Task for patient = 65 with skills = {0,-1} and cost = 207.0
   Vehicle #0 = 8, leaving at = 730.0
   Vehicle #1 = -1, leaving at = inf
   Increment on distance indicator: 1.0
   Increment on tard indicator:     0.0
   Value of tmax indicator:         1.0

Task for patient = 44 with skills = {5,-1} and cost = 206.7
   Vehicle #0 = 19, leaving at = 828.0
   Vehicle #1 = -1, leaving at = inf
   Increment on distance indicator: 8.0
   Increment on tard indicator:     0.0
   Value of tmax indicator:         8.0

Task for patient = 85 with skills = {5,-1} and cost = 204.0
   Vehicle #0 = 18, leaving at = 854.0
   Vehicle #1 = -1, leaving at = inf
   Increment on distance indicator: 4.0
   Increment on tard indicator:     0.0
   Value of tmax indicator:         4.0

Task for patient = 92 with skills = {2,-1} and cost = 202.7
   Vehicle #0 = 4, leaving at = 749.0
   Vehicle #1 = -1, leaving at = inf
   Increment on distance indicator: 8.0
   Increment on tard indicator:     0.0
   Value of tmax indicator:         8.0

Task for patient = 93 with skills = {3,-1} and cost = 200.0
   Vehicle #0 = 11, leaving at = 928.0
   Vehicle #1 = -1, leaving at = inf
   Increment on distance indicator: 2.0
   Increment on tard indicator:     0.0
   Value of tmax indicator:         2.0

Task for patient = 46 with skills = {1,-1} and cost = 199.3
   Vehicle #0 = 0, leaving at = 910.0
   Vehicle #1 = -1, leaving at = inf
   Increment on distance indicator: 3.0
   Increment on tard indicator:     0.0
   Value of tmax indicator:         3.0

Task for patient = 47 with skills = {0,3} and cost = 198.3
   Vehicle #0 = 1, leaving at = 840.0
   Vehicle #1 = 12, leaving at = 811.0
   Increment on distance indicator: 10.0
   Increment on tard indicator:     0.0
   Value of tmax indicator:         10.0

Task for patient = 38 with skills = {5,-1} and cost = 195.0
   Vehicle #0 = 13, leaving at = 913.0
   Vehicle #1 = -1, leaving at = inf
   Increment on distance indicator: 3.0
   Increment on tard indicator:     0.0
   Value of tmax indicator:         3.0

Task for patient = 52 with skills = {3,-1} and cost = 194.0
   Vehicle #0 = 14, leaving at = 619.0
   Vehicle #1 = -1, leaving at = inf
   Increment on distance indicator: 12.0
   Increment on tard indicator:     0.0
   Value of tmax indicator:         12.0

Task for patient = 82 with skills = {3,-1} and cost = 190.0
   Vehicle #0 = 13, leaving at = 891.0
   Vehicle #1 = -1, leaving at = inf
   Increment on distance indicator: 1.0
   Increment on tard indicator:     0.0
   Value of tmax indicator:         1.0

Task for patient = 78 with skills = {5,-1} and cost = 189.7
   Vehicle #0 = 11, leaving at = 888.0
   Vehicle #1 = -1, leaving at = inf
   Increment on distance indicator: 3.0
   Increment on tard indicator:     0.0
   Value of tmax indicator:         3.0

Task for patient = 37 with skills = {1,-1} and cost = 211.0
   Vehicle #0 = 4, leaving at = 787.0
   Vehicle #1 = -1, leaving at = inf
   Increment on distance indicator: 6.0
   Increment on tard indicator:     0.0
   Value of tmax indicator:         6.0

Task for patient = 57 with skills = {1,4} and cost = 334.7
   Vehicle #0 = 0, leaving at = 1056.0
   Vehicle #1 = 11, leaving at = 1045.0
   Increment on distance indicator: 11.0
   Increment on tard indicator:     0.0
   Value of tmax indicator:         11.0

Task for patient = 41 with skills = {1,5} and cost = 331.0
   Vehicle #0 = 6, leaving at = 1056.0
   Vehicle #1 = 17, leaving at = 1066.0
   Increment on distance indicator: 16.0
   Increment on tard indicator:     0.0
   Value of tmax indicator:         16.0

Task for patient = 34 with skills = {3,-1} and cost = 325.7
   Vehicle #0 = 13, leaving at = 990.0
   Vehicle #1 = -1, leaving at = inf
   Increment on distance indicator: 12.0
   Increment on tard indicator:     0.0
   Value of tmax indicator:         12.0

Task for patient = 68 with skills = {0,4} and cost = 321.7
   Vehicle #0 = 4, leaving at = 1066.0
   Vehicle #1 = 18, leaving at = 1072.0
   Increment on distance indicator: 12.0
   Increment on tard indicator:     0.0
   Value of tmax indicator:         12.0

Task for patient = 87 with skills = {0,3} and cost = 317.7
   Vehicle #0 = 4, leaving at = 1011.0
   Vehicle #1 = 14, leaving at = 1005.0
   Increment on distance indicator: 18.0
   Increment on tard indicator:     0.0
   Value of tmax indicator:         18.0

Task for patient = 73 with skills = {0,3} and cost = 311.7
   Vehicle #0 = 3, leaving at = 989.0
   Vehicle #1 = 14, leaving at = 976.0
   Increment on distance indicator: 8.0
   Increment on tard indicator:     0.0
   Value of tmax indicator:         8.0

Task for patient = 66 with skills = {0,-1} and cost = 309.0
   Vehicle #0 = 1, leaving at = 965.0
   Vehicle #1 = -1, leaving at = inf
   Increment on distance indicator: 10.0
   Increment on tard indicator:     0.0
   Value of tmax indicator:         10.0

Task for patient = 74 with skills = {5,-1} and cost = 305.7
   Vehicle #0 = 15, leaving at = 897.0
   Vehicle #1 = -1, leaving at = inf
   Increment on distance indicator: 12.0
   Increment on tard indicator:     0.0
   Value of tmax indicator:         12.0

Task for patient = 19 with skills = {1,-1} and cost = 301.7
   Vehicle #0 = 8, leaving at = 988.0
   Vehicle #1 = -1, leaving at = inf
   Increment on distance indicator: 2.0
   Increment on tard indicator:     0.0
   Value of tmax indicator:         2.0

Task for patient = 11 with skills = {2,4} and cost = 301.0
   Vehicle #0 = 6, leaving at = 1002.0
   Vehicle #1 = 18, leaving at = 992.0
   Increment on distance indicator: 15.0
   Increment on tard indicator:     0.0
   Value of tmax indicator:         15.0

Task for patient = 76 with skills = {0,5} and cost = 296.0
   Vehicle #0 = 7, leaving at = 1009.0
   Vehicle #1 = 17, leaving at = 1029.0
   Increment on distance indicator: 12.0
   Increment on tard indicator:     0.0
   Value of tmax indicator:         12.0

Task for patient = 99 with skills = {0,5} and cost = 251.0
   Vehicle #0 = 7, leaving at = 815.0
   Vehicle #1 = 17, leaving at = 805.0
   Increment on distance indicator: 6.0
   Increment on tard indicator:     0.0
   Value of tmax indicator:         6.0

Task for patient = 60 with skills = {4,-1} and cost = 289.7
   Vehicle #0 = 19, leaving at = 1018.0
   Vehicle #1 = -1, leaving at = inf
   Increment on distance indicator: 22.0
   Increment on tard indicator:     0.0
   Value of tmax indicator:         22.0

Task for patient = 13 with skills = {1,-1} and cost = 282.3
   Vehicle #0 = 4, leaving at = 868.0
   Vehicle #1 = -1, leaving at = inf
   Increment on distance indicator: 9.0
   Increment on tard indicator:     0.0
   Value of tmax indicator:         9.0

Task for patient = 12 with skills = {0,-1} and cost = 279.3
   Vehicle #0 = 7, leaving at = 887.0
   Vehicle #1 = -1, leaving at = inf
   Increment on distance indicator: 3.0
   Increment on tard indicator:     0.0
   Value of tmax indicator:         3.0

Task for patient = 39 with skills = {2,-1} and cost = 278.3
   Vehicle #0 = 7, leaving at = 846.0
   Vehicle #1 = -1, leaving at = inf
   Increment on distance indicator: 7.0
   Increment on tard indicator:     0.0
   Value of tmax indicator:         7.0

Task for patient = 30 with skills = {1,-1} and cost = 276.0
   Vehicle #0 = 0, leaving at = 994.0
   Vehicle #1 = -1, leaving at = inf
   Increment on distance indicator: 5.0
   Increment on tard indicator:     0.0
   Value of tmax indicator:         5.0

Task for patient = 7 with skills = {0,3} and cost = 274.3
   Vehicle #0 = 2, leaving at = 964.0
   Vehicle #1 = 10, leaving at = 986.0
   Increment on distance indicator: 14.0
   Increment on tard indicator:     0.0
   Value of tmax indicator:         14.0

Task for patient = 15 with skills = {0,-1} and cost = 269.7
   Vehicle #0 = 2, leaving at = 938.0
   Vehicle #1 = -1, leaving at = inf
   Increment on distance indicator: 9.0
   Increment on tard indicator:     0.0
   Value of tmax indicator:         9.0

Task for patient = 25 with skills = {4,-1} and cost = 266.7
   Vehicle #0 = 11, leaving at = 990.0
   Vehicle #1 = -1, leaving at = inf
   Increment on distance indicator: 3.0
   Increment on tard indicator:     0.0
   Value of tmax indicator:         3.0

Task for patient = 95 with skills = {4,-1} and cost = 265.7
   Vehicle #0 = 18, leaving at = 965.0
   Vehicle #1 = -1, leaving at = inf
   Increment on distance indicator: 13.0
   Increment on tard indicator:     0.0
   Value of tmax indicator:         13.0

Task for patient = 71 with skills = {0,4} and cost = 261.3
   Vehicle #0 = 1, leaving at = 912.0
   Vehicle #1 = 16, leaving at = 940.0
   Increment on distance indicator: 16.0
   Increment on tard indicator:     0.0
   Value of tmax indicator:         16.0

Task for patient = 22 with skills = {3,-1} and cost = 256.0
   Vehicle #0 = 10, leaving at = 899.0
   Vehicle #1 = -1, leaving at = inf
   Increment on distance indicator: 8.0
   Increment on tard indicator:     0.0
   Value of tmax indicator:         8.0

Task for patient = 75 with skills = {3,-1} and cost = 253.3
   Vehicle #0 = 14, leaving at = 828.0
   Vehicle #1 = -1, leaving at = inf
   Increment on distance indicator: 7.0
   Increment on tard indicator:     0.0
   Value of tmax indicator:         7.0

Task for patient = 53 with skills = {0,5} and cost = 292.0
   Vehicle #0 = 6, leaving at = 967.0
   Vehicle #1 = 17, leaving at = 988.0
   Increment on distance indicator: 7.0
   Increment on tard indicator:     0.0
   Value of tmax indicator:         7.0

Task for patient = 72 with skills = {5,-1} and cost = 107.3
   Vehicle #0 = 18, leaving at = 624.0
   Vehicle #1 = -1, leaving at = inf
   Increment on distance indicator: 2.0
   Increment on tard indicator:     0.0
   Value of tmax indicator:         2.0

Task for patient = 4 with skills = {5,-1} and cost = 106.7
   Vehicle #0 = 12, leaving at = 777.0
   Vehicle #1 = -1, leaving at = inf
   Increment on distance indicator: 6.0
   Increment on tard indicator:     0.0
   Value of tmax indicator:         6.0

Task for patient = 64 with skills = {0,5} and cost = 104.7
   Vehicle #0 = 3, leaving at = 671.0
   Vehicle #1 = 13, leaving at = 688.0
   Increment on distance indicator: 12.0
   Increment on tard indicator:     0.0
   Value of tmax indicator:         12.0

Task for patient = 79 with skills = {5,-1} and cost = 100.7
   Vehicle #0 = 18, leaving at = 603.0
   Vehicle #1 = -1, leaving at = inf
   Increment on distance indicator: 5.0
   Increment on tard indicator:     0.0
   Value of tmax indicator:         5.0

Task for patient = 69 with skills = {1,-1} and cost = 99.0
   Vehicle #0 = 5, leaving at = 740.0
   Vehicle #1 = -1, leaving at = inf
   Increment on distance indicator: 12.0
   Increment on tard indicator:     0.0
   Value of tmax indicator:         12.0

Task for patient = 26 with skills = {5,-1} and cost = 95.0
   Vehicle #0 = 12, leaving at = 748.0
   Vehicle #1 = -1, leaving at = inf
   Increment on distance indicator: 3.0
   Increment on tard indicator:     0.0
   Value of tmax indicator:         3.0

Task for patient = 36 with skills = {1,-1} and cost = 94.0
   Vehicle #0 = 0, leaving at = 721.0
   Vehicle #1 = -1, leaving at = inf
   Increment on distance indicator: 7.0
   Increment on tard indicator:     0.0
   Value of tmax indicator:         7.0

Task for patient = 8 with skills = {1,5} and cost = 91.7
   Vehicle #0 = 5, leaving at = 700.0
   Vehicle #1 = 15, leaving at = 699.0
   Increment on distance indicator: 24.0
   Increment on tard indicator:     0.0
   Value of tmax indicator:         24.0

Task for patient = 58 with skills = {4,-1} and cost = 83.7
   Vehicle #0 = 18, leaving at = 552.0
   Vehicle #1 = -1, leaving at = inf
   Increment on distance indicator: 12.0
   Increment on tard indicator:     0.0
   Value of tmax indicator:         12.0

Task for patient = 16 with skills = {5,-1} and cost = 79.7
   Vehicle #0 = 15, leaving at = 637.0
   Vehicle #1 = -1, leaving at = inf
   Increment on distance indicator: 16.0
   Increment on tard indicator:     0.0
   Value of tmax indicator:         16.0

Task for patient = 5 with skills = {4,-1} and cost = 74.3
   Vehicle #0 = 16, leaving at = 744.0
   Vehicle #1 = -1, leaving at = inf
   Increment on distance indicator: 15.0
   Increment on tard indicator:     0.0
   Value of tmax indicator:         15.0

Task for patient = 24 with skills = {3,-1} and cost = 188.7
   Vehicle #0 = 15, leaving at = 773.0
   Vehicle #1 = -1, leaving at = inf
   Increment on distance indicator: 14.0
   Increment on tard indicator:     0.0
   Value of tmax indicator:         14.0

Task for patient = 63 with skills = {0,-1} and cost = 68.3
   Vehicle #0 = 1, leaving at = 686.0
   Vehicle #1 = -1, leaving at = inf
   Increment on distance indicator: 2.0
   Increment on tard indicator:     0.0
   Value of tmax indicator:         2.0

Task for patient = 89 with skills = {3,-1} and cost = 67.7
   Vehicle #0 = 13, leaving at = 654.0
   Vehicle #1 = -1, leaving at = inf
   Increment on distance indicator: 7.0
   Increment on tard indicator:     0.0
   Value of tmax indicator:         7.0

Task for patient = 43 with skills = {0,-1} and cost = 65.3
   Vehicle #0 = 2, leaving at = 668.0
   Vehicle #1 = -1, leaving at = inf
   Increment on distance indicator: 4.0
   Increment on tard indicator:     0.0
   Value of tmax indicator:         4.0

Task for patient = 14 with skills = {0,3} and cost = 64.0
   Vehicle #0 = 4, leaving at = 604.0
   Vehicle #1 = 13, leaving at = 624.0
   Increment on distance indicator: 22.0
   Increment on tard indicator:     0.0
   Value of tmax indicator:         22.0

Task for patient = 29 with skills = {5,-1} and cost = 56.7
   Vehicle #0 = 15, leaving at = 584.0
   Vehicle #1 = -1, leaving at = inf
   Increment on distance indicator: 19.0
   Increment on tard indicator:     0.0
   Value of tmax indicator:         19.0

Task for patient = 62 with skills = {1,5} and cost = 50.3
   Vehicle #0 = 4, leaving at = 569.0
   Vehicle #1 = 13, leaving at = 548.0
   Increment on distance indicator: 24.0
   Increment on tard indicator:     0.0
   Value of tmax indicator:         24.0

Task for patient = 98 with skills = {5,-1} and cost = 42.3
   Vehicle #0 = 12, leaving at = 696.0
   Vehicle #1 = -1, leaving at = inf
   Increment on distance indicator: 2.0
   Increment on tard indicator:     0.0
   Value of tmax indicator:         2.0

Task for patient = 2 with skills = {0,-1} and cost = 41.7
   Vehicle #0 = 3, leaving at = 553.0
   Vehicle #1 = -1, leaving at = inf
   Increment on distance indicator: 10.0
   Increment on tard indicator:     0.0
   Value of tmax indicator:         10.0

Task for patient = 45 with skills = {0,5} and cost = 38.3
   Vehicle #0 = 2, leaving at = 612.0
   Vehicle #1 = 11, leaving at = 583.0
   Increment on distance indicator: 31.0
   Increment on tard indicator:     0.0
   Value of tmax indicator:         31.0

Task for patient = 50 with skills = {1,-1} and cost = 28.0
   Vehicle #0 = 0, leaving at = 585.0
   Vehicle #1 = -1, leaving at = inf
   Increment on distance indicator: 30.0
   Increment on tard indicator:     0.0
   Value of tmax indicator:         30.0

Task for patient = 77 with skills = {0,5} and cost = 18.0
   Vehicle #0 = 1, leaving at = 638.0
   Vehicle #1 = 12, leaving at = 650.0
   Increment on distance indicator: 24.0
   Increment on tard indicator:     0.0
   Value of tmax indicator:         24.0

Task for patient = 32 with skills = {5,-1} and cost = 10.0
   Vehicle #0 = 11, leaving at = 555.0
   Vehicle #1 = -1, leaving at = inf
   Increment on distance indicator: 30.0
   Increment on tard indicator:     0.0
   Value of tmax indicator:         30.0

Task for patient = 84 with skills = {3,-1} and cost = 69.3
   Vehicle #0 = 11, leaving at = 619.0
   Vehicle #1 = -1, leaving at = inf
   Increment on distance indicator: 3.0
   Increment on tard indicator:     0.0
   Value of tmax indicator:         3.0

Task for patient = 88 with skills = {3,-1} and cost = 184.0
   Vehicle #0 = 10, leaving at = 778.0
   Vehicle #1 = -1, leaving at = inf
   Increment on distance indicator: 11.0
   Increment on tard indicator:     0.0
   Value of tmax indicator:         11.0

Task for patient = 59 with skills = {1,-1} and cost = 180.3
   Vehicle #0 = 0, leaving at = 871.0
   Vehicle #1 = -1, leaving at = inf
   Increment on distance indicator: 7.0
   Increment on tard indicator:     0.0
   Value of tmax indicator:         7.0

Task for patient = 33 with skills = {1,-1} and cost = 178.0
   Vehicle #0 = 4, leaving at = 711.0
   Vehicle #1 = -1, leaving at = inf
   Increment on distance indicator: 2.0
   Increment on tard indicator:     0.0
   Value of tmax indicator:         2.0

Task for patient = 42 with skills = {3,-1} and cost = 177.3
   Vehicle #0 = 11, leaving at = 826.0
   Vehicle #1 = -1, leaving at = inf
   Increment on distance indicator: 3.0
   Increment on tard indicator:     0.0
   Value of tmax indicator:         3.0

Task for patient = 3 with skills = {5,-1} and cost = 176.3
   Vehicle #0 = 13, leaving at = 831.0
   Vehicle #1 = -1, leaving at = inf
   Increment on distance indicator: 3.0
   Increment on tard indicator:     0.0
   Value of tmax indicator:         3.0

Task for patient = 10 with skills = {3,-1} and cost = 175.3
   Vehicle #0 = 13, leaving at = 786.0
   Vehicle #1 = -1, leaving at = inf
   Increment on distance indicator: 10.0
   Increment on tard indicator:     0.0
   Value of tmax indicator:         10.0

Task for patient = 51 with skills = {0,3} and cost = 172.0
   Vehicle #0 = 3, leaving at = 729.0
   Vehicle #1 = 10, leaving at = 737.0
   Increment on distance indicator: 7.0
   Increment on tard indicator:     0.0
   Value of tmax indicator:         7.0

Task for patient = 67 with skills = {2,5} and cost = 169.7
   Vehicle #0 = 6, leaving at = 744.0
   Vehicle #1 = 18, leaving at = 797.0
   Increment on distance indicator: 8.0
   Increment on tard indicator:     0.0
   Value of tmax indicator:         8.0

Task for patient = 28 with skills = {0,-1} and cost = 167.0
   Vehicle #0 = 4, leaving at = 664.0
   Vehicle #1 = -1, leaving at = inf
   Increment on distance indicator: 10.0
   Increment on tard indicator:     0.0
   Value of tmax indicator:         10.0

Task for patient = 9 with skills = {3,-1} and cost = 163.7
   Vehicle #0 = 10, leaving at = 642.0
   Vehicle #1 = -1, leaving at = inf
   Increment on distance indicator: 12.0
   Increment on tard indicator:     0.0
   Value of tmax indicator:         12.0

Task for patient = 49 with skills = {0,3} and cost = 159.7
   Vehicle #0 = 2, leaving at = 784.0
   Vehicle #1 = 11, leaving at = 801.0
   Increment on distance indicator: 6.0
   Increment on tard indicator:     0.0
   Value of tmax indicator:         6.0

Task for patient = 55 with skills = {0,5} and cost = 113.3
   Vehicle #0 = 6, leaving at = 669.0
   Vehicle #1 = 18, leaving at = 647.0
   Increment on distance indicator: 18.0
   Increment on tard indicator:     0.0
   Value of tmax indicator:         18.0

Task for patient = 48 with skills = {2,-1} and cost = 154.7
   Vehicle #0 = 9, leaving at = 819.0
   Vehicle #1 = -1, leaving at = inf
   Increment on distance indicator: 0.0
   Increment on tard indicator:     0.0
   Value of tmax indicator:         0.0

Task for patient = 70 with skills = {2,-1} and cost = 154.7
   Vehicle #0 = 0, leaving at = 845.0
   Vehicle #1 = -1, leaving at = inf
   Increment on distance indicator: 7.0
   Increment on tard indicator:     0.0
   Value of tmax indicator:         7.0

Task for patient = 6 with skills = {5,-1} and cost = 152.3
   Vehicle #0 = 19, leaving at = 800.0
   Vehicle #1 = -1, leaving at = inf
   Increment on distance indicator: 6.0
   Increment on tard indicator:     0.0
   Value of tmax indicator:         6.0

Task for patient = 90 with skills = {1,-1} and cost = 150.3
   Vehicle #0 = 8, leaving at = 698.0
   Vehicle #1 = -1, leaving at = inf
   Increment on distance indicator: 15.0
   Increment on tard indicator:     0.0
   Value of tmax indicator:         15.0

Task for patient = 40 with skills = {1,3} and cost = 145.3
   Vehicle #0 = 6, leaving at = 709.0
   Vehicle #1 = 18, leaving at = 734.0
   Increment on distance indicator: 14.0
   Increment on tard indicator:     0.0
   Value of tmax indicator:         14.0

Task for patient = 31 with skills = {4,-1} and cost = 140.7
   Vehicle #0 = 19, leaving at = 709.0
   Vehicle #1 = -1, leaving at = inf
   Increment on distance indicator: 9.0
   Increment on tard indicator:     0.0
   Value of tmax indicator:         9.0

Task for patient = 23 with skills = {4,-1} and cost = 137.7
   Vehicle #0 = 19, leaving at = 650.0
   Vehicle #1 = -1, leaving at = inf
   Increment on distance indicator: 30.0
   Increment on tard indicator:     0.0
   Value of tmax indicator:         30.0

Task for patient = 83 with skills = {0,4} and cost = 127.7
   Vehicle #0 = 2, leaving at = 713.0
   Vehicle #1 = 11, leaving at = 750.0
   Increment on distance indicator: 4.0
   Increment on tard indicator:     0.0
   Value of tmax indicator:         4.0

Task for patient = 20 with skills = {0,4} and cost = 126.3
   Vehicle #0 = 1, leaving at = 776.0
   Vehicle #1 = 16, leaving at = 780.0
   Increment on distance indicator: 10.0
   Increment on tard indicator:     0.0
   Value of tmax indicator:         10.0

Task for patient = 17 with skills = {2,-1} and cost = 123.0
   Vehicle #0 = 7, leaving at = 720.0
   Vehicle #1 = -1, leaving at = inf
   Increment on distance indicator: 2.0
   Increment on tard indicator:     0.0
   Value of tmax indicator:         2.0

Task for patient = 1 with skills = {2,-1} and cost = 122.3
   Vehicle #0 = 7, leaving at = 645.0
   Vehicle #1 = -1, leaving at = inf
   Increment on distance indicator: 7.0
   Increment on tard indicator:     0.0
   Value of tmax indicator:         7.0

Task for patient = 27 with skills = {2,3} and cost = 120.0
   Vehicle #0 = 7, leaving at = 596.0
   Vehicle #1 = 10, leaving at = 580.0
   Increment on distance indicator: 20.0
   Increment on tard indicator:     0.0
   Value of tmax indicator:         20.0

Task for patient = 94 with skills = {5,-1} and cost = 157.7
   Vehicle #0 = 13, leaving at = 726.0
   Vehicle #1 = -1, leaving at = inf
   Increment on distance indicator: 9.0
   Increment on tard indicator:     0.0
   Value of tmax indicator:         9.0


Unused vehicle list: (total = 0 out of 20)

---
Search finished.
Total of 1900 generations in 103.1 seconds.
Exchange elite runs: 23
Implicit path relinking runs: 10
Reset attempts: 0

Best solution found:
   Cost: 458.7
   Total travel time: 1376.0
   Total tardiness time: 0.0
   Largest tardiness: 0.0


458.7
