This host is: malboro
--- BRKGA-MP-IPR for HHCRSP ---
Instance: /home/alberto/work/hhcrsp-dataset-2021/dataset2/HHCRSP_10_3_7_1.2_C_RC.txt
Seed: 11

Reading data... Problem contains 10 patients  and 3 caregivers.

Summary of supply x demand for each service type:
Skill 0 has supply = 1 and demand = 2, ratio = 0.5
Skill 1 has supply = 1 and demand = 3, ratio = 0.333333
Skill 2 has supply = 1 and demand = 2, ratio = 0.5
Skill 3 has supply = 2 and demand = 4, ratio = 0.5
Skill 4 has supply = 2 and demand = 1, ratio = 2
Skill 5 has supply = 2 and demand = 2, ratio = 1

Reading parameters...
Inferred distance function by PR type: kendall-tau
Building BRKGA data and initializing...
Evolving 1900 generations...

  Gens  Rem    Local   ElDiv NoImpr             Best solution            Time  Op
                                       Cost     Dist    Tard    TMax 
*    0 1900    93.67   55.86      0    93.67   281.00     0.0     0.0     0.1    
    50 1850    93.67    0.00     50    93.67   281.00     0.0     0.0     2.7    
    79 1821      inf   88.60      0    93.67   281.00     0.0     0.0     4.2   R
    80 1820   101.00   56.32      0    93.67   281.00     0.0     0.0     4.2    
    80 1820   101.00   35.17      1    93.67   281.00     0.0     0.0     4.2   X
   100 1800    93.67    0.00     16    93.67   281.00     0.0     0.0     5.3    
   150 1750    93.67    0.00     66    93.67   281.00     0.0     0.0     7.9    
   160 1740    93.67    0.00     77    93.67   281.00     0.0     0.0     8.4   X
   163 1737      inf   92.39      0    93.67   281.00     0.0     0.0     8.5   R
   164 1736   101.00   51.57      0    93.67   281.00     0.0     0.0     8.6    
Path relinking result: no improvement.
   180 1720    93.67    0.00     15    93.67   281.00     0.0     0.0     9.4   P
   200 1700    93.67    0.00     34    93.67   281.00     0.0     0.0    10.5    
   240 1660    93.67    0.00     75    93.67   281.00     0.0     0.0    12.5   X
   245 1655      inf   98.71      0    93.67   281.00     0.0     0.0    12.8   R
   246 1654    93.67   59.65      0    93.67   281.00     0.0     0.0    12.8    

  Gens  Rem    Local   ElDiv NoImpr             Best solution            Time  Op
                                       Cost     Dist    Tard    TMax 
   250 1650    93.67    7.19      4    93.67   281.00     0.0     0.0    13.1    
   300 1600    93.67    0.00     54    93.67   281.00     0.0     0.0    15.7    
   320 1580    93.67    0.00     75    93.67   281.00     0.0     0.0    16.7   X
   325 1575      inf   86.41      0    93.67   281.00     0.0     0.0    17.0   R
   326 1574   101.00   55.00      0    93.67   281.00     0.0     0.0    17.0    
   350 1550    93.67    0.00     21    93.67   281.00     0.0     0.0    18.3    
Path relinking result: no improvement.
   360 1540    93.67    0.00     32    93.67   281.00     0.0     0.0    18.8   P
   400 1500    93.67    0.00     71    93.67   281.00     0.0     0.0    20.9    
   400 1500    93.67    0.00     72    93.67   281.00     0.0     0.0    20.9   X
   408 1492      inf   90.18      0    93.67   281.00     0.0     0.0    21.3   R
   409 1491   101.00   53.00      0    93.67   281.00     0.0     0.0    21.3    
   450 1450    93.67    0.00     39    93.67   281.00     0.0     0.0    23.5    
   480 1420    93.67    0.00     70    93.67   281.00     0.0     0.0    25.0   X
   490 1410      inf   89.18      0    93.67   281.00     0.0     0.0    25.5   R
   491 1409   101.00   57.48      0    93.67   281.00     0.0     0.0    25.6    
   500 1400    93.67    2.62      7    93.67   281.00     0.0     0.0    26.1    
Path relinking result: no improvement.

  Gens  Rem    Local   ElDiv NoImpr             Best solution            Time  Op
                                       Cost     Dist    Tard    TMax 
   540 1360    93.67    0.00     48    93.67   281.00     0.0     0.0    28.1   P
   550 1350    93.67    0.00     57    93.67   281.00     0.0     0.0    28.6    
   560 1340    93.67    0.00     68    93.67   281.00     0.0     0.0    29.2   X
   572 1328      inf   85.30      0    93.67   281.00     0.0     0.0    29.8   R
   573 1327   101.00   53.60      0    93.67   281.00     0.0     0.0    29.8    
   600 1300    93.67    0.00     25    93.67   281.00     0.0     0.0    31.2    
   640 1260    93.67    0.00     66    93.67   281.00     0.0     0.0    33.3   X
   650 1250    93.67    0.00     75    93.67   281.00     0.0     0.0    33.8    
   654 1246      inf   84.71      0    93.67   281.00     0.0     0.0    34.1   R
   655 1245   101.00   55.24      0    93.67   281.00     0.0     0.0    34.1    
   700 1200    93.67    0.00     41    93.67   281.00     0.0     0.0    36.4    
Path relinking result: no improvement.
   720 1180    93.67    0.00     62    93.67   281.00     0.0     0.0    37.5  PX
   738 1162      inf   89.17      0    93.67   281.00     0.0     0.0    38.4   R
   739 1161    93.67   53.22      0    93.67   281.00     0.0     0.0    38.5    
   750 1150    93.67    0.00     11    93.67   281.00     0.0     0.0    39.0    
   800 1100    93.67    0.00     61    93.67   281.00     0.0     0.0    41.6    

  Gens  Rem    Local   ElDiv NoImpr             Best solution            Time  Op
                                       Cost     Dist    Tard    TMax 
   800 1100    93.67    0.00     62    93.67   281.00     0.0     0.0    41.6   X
   818 1082      inf   92.00      0    93.67   281.00     0.0     0.0    42.6   R
   819 1081   101.00   51.57      0    93.67   281.00     0.0     0.0    42.6    
   850 1050    93.67    0.00     27    93.67   281.00     0.0     0.0    44.2    
   880 1020    93.67    0.00     58    93.67   281.00     0.0     0.0    45.8   X
   900 1000    93.67    0.00     77    93.67   281.00     0.0     0.0    46.8    
Path relinking result: no improvement.
   900 1000    93.67    0.00     78    93.67   281.00     0.0     0.0    46.8   P
   902  998      inf   93.45      0    93.67   281.00     0.0     0.0    46.9   R
   903  997   113.33   50.60      0    93.67   281.00     0.0     0.0    47.0    
   950  950    93.67    0.00     43    93.67   281.00     0.0     0.0    49.4    
   960  940    93.67    0.00     54    93.67   281.00     0.0     0.0    50.0   X
   986  914      inf   92.97      0    93.67   281.00     0.0     0.0    51.3   R
   987  913   101.67   54.84      0    93.67   281.00     0.0     0.0    51.4    
  1000  900    93.67    0.00     10    93.67   281.00     0.0     0.0    52.0    
  1040  860    93.67    0.00     51    93.67   281.00     0.0     0.0    54.1   X
  1050  850    93.67    0.00     60    93.67   281.00     0.0     0.0    54.6    

  Gens  Rem    Local   ElDiv NoImpr             Best solution            Time  Op
                                       Cost     Dist    Tard    TMax 
  1069  831      inf   87.49      0    93.67   281.00     0.0     0.0    55.6   R
  1070  830    93.67   51.95      0    93.67   281.00     0.0     0.0    55.7    
Path relinking result: no improvement.
  1080  820    93.67    0.00     11    93.67   281.00     0.0     0.0    56.2   P
  1100  800    93.67    0.00     30    93.67   281.00     0.0     0.0    57.2    
  1120  780    93.67    0.00     51    93.67   281.00     0.0     0.0    58.3   X
  1149  751      inf   94.53      0    93.67   281.00     0.0     0.0    59.8   R
  1150  750    93.67   61.94      0    93.67   281.00     0.0     0.0    59.8    
  1200  700    93.67    0.00     50    93.67   281.00     0.0     0.0    62.4    
  1200  700    93.67    0.00     51    93.67   281.00     0.0     0.0    62.4   X
  1229  671      inf   88.43      0    93.67   281.00     0.0     0.0    63.9   R
  1230  670   109.00   57.79      0    93.67   281.00     0.0     0.0    64.0    
  1250  650    93.67    0.00     18    93.67   281.00     0.0     0.0    65.0    
Path relinking result: no improvement.
  1260  640    93.67    0.00     29    93.67   281.00     0.0     0.0    65.6   P
  1280  620    93.67    0.00     49    93.67   281.00     0.0     0.0    66.6   X
  1300  600    93.67    0.00     68    93.67   281.00     0.0     0.0    67.6    
  1311  589      inf   89.57      0    93.67   281.00     0.0     0.0    68.2   R

  Gens  Rem    Local   ElDiv NoImpr             Best solution            Time  Op
                                       Cost     Dist    Tard    TMax 
  1312  588   101.00   52.86      0    93.67   281.00     0.0     0.0    68.3    
  1350  550    93.67    0.00     34    93.67   281.00     0.0     0.0    70.2    
  1360  540    93.67    0.00     45    93.67   281.00     0.0     0.0    70.8   X
  1395  505      inf   88.58      0    93.67   281.00     0.0     0.0    72.6   R
  1396  504   101.67   57.32      0    93.67   281.00     0.0     0.0    72.6    
  1400  500    93.67    7.93      1    93.67   281.00     0.0     0.0    72.8    
Path relinking result: no improvement.
  1440  460    93.67    0.00     42    93.67   281.00     0.0     0.0    74.9  PX
  1450  450    93.67    0.00     51    93.67   281.00     0.0     0.0    75.4    
  1478  422      inf   85.50      0    93.67   281.00     0.0     0.0    76.9   R
  1479  421   101.67   53.04      0    93.67   281.00     0.0     0.0    76.9    
  1500  400    93.67    0.00     17    93.67   281.00     0.0     0.0    78.0    
  1520  380    93.67    0.00     38    93.67   281.00     0.0     0.0    79.1   X
  1550  350    93.67    0.00     67    93.67   281.00     0.0     0.0    80.6    
  1562  338      inf   92.33      0    93.67   281.00     0.0     0.0    81.3   R
  1563  337    93.67   53.91      0    93.67   281.00     0.0     0.0    81.3    
  1600  300    93.67    0.00     37    93.67   281.00     0.0     0.0    83.2    

  Gens  Rem    Local   ElDiv NoImpr             Best solution            Time  Op
                                       Cost     Dist    Tard    TMax 
  1600  300    93.67    0.00     38    93.67   281.00     0.0     0.0    83.2   X
Path relinking result: no improvement.
  1620  280    93.67    0.00     58    93.67   281.00     0.0     0.0    84.3   P
  1642  258      inf   90.48      0    93.67   281.00     0.0     0.0    85.4   R
  1643  257   101.00   51.72      0    93.67   281.00     0.0     0.0    85.5    
  1650  250    93.67    3.41      5    93.67   281.00     0.0     0.0    85.8    
  1680  220    93.67    0.00     36    93.67   281.00     0.0     0.0    87.4   X
  1700  200    93.67    0.00     55    93.67   281.00     0.0     0.0    88.4    
  1724  176      inf   89.65      0    93.67   281.00     0.0     0.0    89.7   R
  1725  175   101.00   52.06      0    93.67   281.00     0.0     0.0    89.7    
  1750  150    93.67    0.00     21    93.67   281.00     0.0     0.0    91.0    
  1760  140    93.67    0.00     32    93.67   281.00     0.0     0.0    91.5   X
  1800  100    93.67    0.00     71    93.67   281.00     0.0     0.0    93.6    
Path relinking result: no improvement.
  1800  100    93.67    0.00     72    93.67   281.00     0.0     0.0    93.6   P
  1808   92      inf   95.12      0    93.67   281.00     0.0     0.0    94.0   R
  1809   91   116.33   54.39      0    93.67   281.00     0.0     0.0    94.1    
  1840   60    93.67    0.00     29    93.67   281.00     0.0     0.0    95.7   X

  Gens  Rem    Local   ElDiv NoImpr             Best solution            Time  Op
                                       Cost     Dist    Tard    TMax 
  1850   50    93.67    0.00     38    93.67   281.00     0.0     0.0    96.2    
  1891    9      inf   89.80      0    93.67   281.00     0.0     0.0    98.4   R
  1892    8    93.67   54.04      0    93.67   281.00     0.0     0.0    98.4    
  1900    0    93.67    3.58      8    93.67   281.00     0.0     0.0    98.8    
Evolutionary process finished.
Solution written to 'solution-11797.txt'.

Sorted sequence of worst to best tardiness value:
Task for patient = 3 with skills = {3,-1} and cost = 5.0
   Vehicle #0 = 1, leaving at = 624.0
   Vehicle #1 = -1, leaving at = inf
   Increment on distance indicator: 15.0
   Increment on tard indicator:     0.0
   Value of tmax indicator:         15.0

Task for patient = 1 with skills = {1,3} and cost = 22.0
   Vehicle #0 = 0, leaving at = 696.0
   Vehicle #1 = 1, leaving at = 696.0
   Increment on distance indicator: 51.0
   Increment on tard indicator:     0.0
   Value of tmax indicator:         51.0

Task for patient = 9 with skills = {0,3} and cost = 26.7
   Vehicle #0 = 0, leaving at = 753.0
   Vehicle #1 = 1, leaving at = 753.0
   Increment on distance indicator: 14.0
   Increment on tard indicator:     0.0
   Value of tmax indicator:         14.0

Task for patient = 10 with skills = {1,-1} and cost = 41.0
   Vehicle #0 = 0, leaving at = 835.0
   Vehicle #1 = -1, leaving at = inf
   Increment on distance indicator: 43.0
   Increment on tard indicator:     0.0
   Value of tmax indicator:         43.0

Task for patient = 5 with skills = {5,-1} and cost = 41.3
   Vehicle #0 = 1, leaving at = 781.0
   Vehicle #1 = -1, leaving at = inf
   Increment on distance indicator: 1.0
   Increment on tard indicator:     0.0
   Value of tmax indicator:         1.0

Task for patient = 8 with skills = {0,-1} and cost = 49.0
   Vehicle #0 = 0, leaving at = 877.0
   Vehicle #1 = -1, leaving at = inf
   Increment on distance indicator: 23.0
   Increment on tard indicator:     0.0
   Value of tmax indicator:         23.0

Task for patient = 2 with skills = {2,-1} and cost = 59.3
   Vehicle #0 = 0, leaving at = 949.0
   Vehicle #1 = -1, leaving at = inf
   Increment on distance indicator: 31.0
   Increment on tard indicator:     0.0
   Value of tmax indicator:         31.0

Task for patient = 7 with skills = {3,-1} and cost = 65.7
   Vehicle #0 = 2, leaving at = 640.0
   Vehicle #1 = -1, leaving at = inf
   Increment on distance indicator: 19.0
   Increment on tard indicator:     0.0
   Value of tmax indicator:         19.0

Task for patient = 4 with skills = {1,5} and cost = 67.3
   Vehicle #0 = 0, leaving at = 1012.0
   Vehicle #1 = 1, leaving at = 1007.0
   Increment on distance indicator: 5.0
   Increment on tard indicator:     0.0
   Value of tmax indicator:         5.0

Task for patient = 6 with skills = {2,4} and cost = 68.7
   Vehicle #0 = 0, leaving at = 1030.0
   Vehicle #1 = 1, leaving at = 1075.0
   Increment on distance indicator: 4.0
   Increment on tard indicator:     0.0
   Value of tmax indicator:         4.0


Unused vehicle list: (total = 0 out of 3)

---
Search finished.
Total of 1900 generations in 98.8 seconds.
Exchange elite runs: 23
Implicit path relinking runs: 10
Reset attempts: 23

Best solution found:
   Cost: 93.7
   Total travel time: 281.0
   Total tardiness time: 0.0
   Largest tardiness: 0.0


93.7
