This host is: ifrit
--- BRKGA-MP-IPR for HHCRSP ---
Instance: /home/alberto/work/hhcrsp-dataset-2021/dataset2/HHCRSP_100_20_3_1.6_C_C.txt
Seed: 19

Reading data... Problem contains 100 patients  and 20 caregivers.

Summary of supply x demand for each service type:
Skill 0 has supply = 8 and demand = 24, ratio = 0.333333
Skill 1 has supply = 6 and demand = 22, ratio = 0.272727
Skill 2 has supply = 6 and demand = 12, ratio = 0.5
Skill 3 has supply = 6 and demand = 19, ratio = 0.315789
Skill 4 has supply = 10 and demand = 33, ratio = 0.30303
Skill 5 has supply = 8 and demand = 20, ratio = 0.4

Reading parameters...
Inferred distance function by PR type: kendall-tau
Building BRKGA data and initializing...
Evolving 1900 generations...

  Gens  Rem    Local   ElDiv NoImpr             Best solution            Time  Op
                                       Cost     Dist    Tard    TMax 
*    0 1900  1371.33  229.52      0  1371.33   888.00  2944.0   282.0     0.1    
*    2 1898  1092.00  214.12      0  1092.00   860.00  1884.0   298.0     0.3    
*    3 1897  1014.00  179.05      0  1014.00   860.00  1884.0   298.0     0.4    
*    5 1895   815.00  160.47      0   815.00   866.00  1253.0   287.0     0.7    
*    6 1894   802.00  154.99      0   802.00   842.00  1038.0   217.0     0.8    
*    7 1893   699.00  127.25      0   699.00   861.00   774.0   269.0     0.9    
*    8 1892   634.67  114.27      0   634.67   834.00   710.0   169.0     1.0    
*    9 1891   571.00  105.98      0   571.00   854.00   272.0   171.0     1.1    
*   10 1890   432.33  110.60      0   432.33   902.00    72.0    29.0     1.2    
*   11 1889   334.33   94.43      0   334.33   902.00    72.0    29.0     1.3    
*   15 1885   289.67   51.73      0   289.67   869.00     0.0     0.0     1.8    
*   17 1883   282.00   42.66      0   282.00   791.00    10.0     8.0     2.0    
*   18 1882   269.67   37.30      0   269.67   791.00    10.0     8.0     2.1    
*   20 1880   262.00   24.45      0   262.00   786.00     0.0     0.0     2.3    
*   28 1872   255.33    4.02      0   255.33   763.00     2.0     1.0     3.2    

  Gens  Rem    Local   ElDiv NoImpr             Best solution            Time  Op
                                       Cost     Dist    Tard    TMax 
*   31 1869   248.67    3.64      0   248.67   746.00     0.0     0.0     3.6    
*   40 1860   247.00    2.63      0   247.00   741.00     0.0     0.0     4.5    
*   43 1857   244.67    2.58      0   244.67   732.00     1.0     1.0     4.9    
*   49 1851   241.00    2.77      0   241.00   719.00     0.0     0.0     5.5    
*   50 1850   239.67    2.86      0   239.67   719.00     0.0     0.0     5.7    
*   56 1844   237.67    2.99      0   237.67   703.00     0.0     0.0     6.3    
*   57 1843   234.33    2.94      0   234.33   703.00     0.0     0.0     6.4    
*   61 1839   234.00    3.23      0   234.00   702.00     0.0     0.0     6.9    
*   63 1837   233.33    3.41      0   233.33   698.00     1.0     1.0     7.1    
*   66 1834   231.00    3.45      0   231.00   693.00     0.0     0.0     7.4    
*   70 1830   229.00    3.46      0   229.00   687.00     0.0     0.0     7.9    
*   77 1823   226.00    3.56      0   226.00   678.00     0.0     0.0     8.6    
    80 1820   226.00    2.64      4   226.00   678.00     0.0     0.0     9.0   X
*   89 1811   225.33    2.34      0   225.33   676.00     0.0     0.0    10.0    
*   97 1803   223.67    2.26      0   223.67   667.00     0.0     0.0    10.9    
*   98 1802   222.33    2.22      0   222.33   667.00     0.0     0.0    11.0    

  Gens  Rem    Local   ElDiv NoImpr             Best solution            Time  Op
                                       Cost     Dist    Tard    TMax 
*  100 1800   219.67    2.44      0   219.67   659.00     0.0     0.0    11.2    
*  118 1782   216.00    2.95      0   216.00   648.00     0.0     0.0    13.2    
*  132 1768   215.67    2.88      0   215.67   647.00     0.0     0.0    14.7    
*  138 1762   213.67    2.87      0   213.67   641.00     0.0     0.0    15.4    
*  148 1752   212.33    2.45      0   212.33   630.00     0.0     0.0    16.5    
*  149 1751   210.00    2.42      0   210.00   630.00     0.0     0.0    16.6    
   150 1750   210.00    2.41      1   210.00   630.00     0.0     0.0    16.7    
   160 1740   210.00    1.37     12   210.00   630.00     0.0     0.0    17.8   X
Path relinking result: elite improvement.
   180 1720   210.00    1.20     32   210.00   630.00     0.0     0.0    20.0   P
*  196 1704   207.67    1.17      0   207.67   623.00     0.0     0.0    21.8    
   200 1700   207.67    1.25      4   207.67   623.00     0.0     0.0    22.2    
*  204 1696   207.33    1.32      0   207.33   620.00     0.0     0.0    22.7    
*  205 1695   206.67    1.31      0   206.67   620.00     0.0     0.0    22.8    
*  211 1689   204.67    1.76      0   204.67   612.00     0.0     0.0    23.4    
*  212 1688   204.00    1.79      0   204.00   612.00     0.0     0.0    23.6    
*  218 1682   203.33    2.32      0   203.33   610.00     0.0     0.0    24.2    

  Gens  Rem    Local   ElDiv NoImpr             Best solution            Time  Op
                                       Cost     Dist    Tard    TMax 
*  221 1679   202.67    2.41      0   202.67   608.00     0.0     0.0    24.6    
*  227 1673   202.33    2.08      0   202.33   606.00     0.0     0.0    25.2    
*  228 1672   202.00    2.00      0   202.00   605.00     0.0     0.0    25.3    
*  229 1671   201.67    1.86      0   201.67   605.00     0.0     0.0    25.4    
*  233 1667   201.33    1.51      0   201.33   604.00     0.0     0.0    25.9    
   240 1660   201.33    0.19      8   201.33   604.00     0.0     0.0    26.6   X
*  242 1658   201.00    0.17      0   201.00   603.00     0.0     0.0    26.9    
   250 1650   201.00    0.10      8   201.00   603.00     0.0     0.0    27.7    
*  278 1622   200.67    0.02      0   200.67   602.00     0.0     0.0    30.8    
   300 1600   200.67    0.16     22   200.67   602.00     0.0     0.0    33.2    
*  316 1584   199.67    0.17      0   199.67   599.00     0.0     0.0    35.0    
   320 1580   199.67    0.49      5   199.67   599.00     0.0     0.0    35.4   X
*  343 1557   199.33    0.03      0   199.33   598.00     0.0     0.0    38.0    
   350 1550   199.33    0.04      7   199.33   598.00     0.0     0.0    38.7    
Path relinking result: no improvement.
   360 1540   199.33    0.10     18   199.33   598.00     0.0     0.0    39.9   P
   400 1500   199.33    0.16     57   199.33   598.00     0.0     0.0    44.3    

  Gens  Rem    Local   ElDiv NoImpr             Best solution            Time  Op
                                       Cost     Dist    Tard    TMax 
   400 1500   199.33    0.16     58   199.33   598.00     0.0     0.0    44.3   X
   422 1478      inf  288.39      0   199.33   598.00     0.0     0.0    46.7   R
   423 1477  1074.33  255.28      0   199.33   598.00     0.0     0.0    46.9    
   450 1450   258.00    5.50      1   199.33   598.00     0.0     0.0    49.8    
   480 1420   237.33    1.57      0   199.33   598.00     0.0     0.0    53.2   X
   500 1400   234.33    1.77     12   199.33   598.00     0.0     0.0    55.4    
Path relinking result: best improvement.
   540 1360   227.33    2.10      0   199.33   598.00     0.0     0.0    59.9   P
   550 1350   224.00    2.32      5   199.33   598.00     0.0     0.0    61.0    
   560 1340   216.33    2.11      2   199.33   598.00     0.0     0.0    62.1   X
   600 1300   213.00    2.11     22   199.33   598.00     0.0     0.0    66.5    
   640 1260   200.33    1.66      5   199.33   598.00     0.0     0.0    71.0   X
*  643 1257   197.33    1.59      0   197.33   592.00     0.0     0.0    71.3    
   650 1250   197.33    1.30      7   197.33   592.00     0.0     0.0    72.1    
*  652 1248   196.67    1.44      0   196.67   590.00     0.0     0.0    72.3    
*  660 1240   196.33    1.35      0   196.33   588.00     0.0     0.0    73.2    
*  661 1239   196.00    1.33      0   196.00   588.00     0.0     0.0    73.3    

  Gens  Rem    Local   ElDiv NoImpr             Best solution            Time  Op
                                       Cost     Dist    Tard    TMax 
*  664 1236   194.33    1.29      0   194.33   583.00     0.0     0.0    73.6    
*  672 1228   193.67    1.30      0   193.67   581.00     0.0     0.0    74.5    
*  676 1224   193.33    1.38      0   193.33   580.00     0.0     0.0    75.0    
*  689 1211   193.00    0.77      0   193.00   579.00     0.0     0.0    76.4    
   700 1200   193.00    0.11     11   193.00   579.00     0.0     0.0    77.6    
*  707 1193   192.67    0.11      0   192.67   578.00     0.0     0.0    78.4    
Path relinking result: elite improvement.
   720 1180   192.67    0.19     14   192.67   578.00     0.0     0.0    79.8  PX
*  722 1178   192.33    0.13      0   192.33   577.00     0.0     0.0    80.1    
*  726 1174   192.00    0.16      0   192.00   576.00     0.0     0.0    80.5    
*  742 1158   191.67    0.16      0   191.67   575.00     0.0     0.0    82.3    
*  744 1156   191.33    0.18      0   191.33   574.00     0.0     0.0    82.5    
   750 1150   191.33    0.32      6   191.33   574.00     0.0     0.0    83.2    
   800 1100   191.33    0.41     56   191.33   574.00     0.0     0.0    88.7    
   800 1100   191.33    0.16     57   191.33   574.00     0.0     0.0    88.7   X
   823 1077      inf  284.16      0   191.33   574.00     0.0     0.0    91.3   R
   824 1076  1609.33  227.83      0   191.33   574.00     0.0     0.0    91.4    

  Gens  Rem    Local   ElDiv NoImpr             Best solution            Time  Op
                                       Cost     Dist    Tard    TMax 
   850 1050   258.00    4.74      1   191.33   574.00     0.0     0.0    94.3    
   880 1020   236.33    1.93      1   191.33   574.00     0.0     0.0    97.6   X
   900 1000   232.00    1.86      0   191.33   574.00     0.0     0.0    99.8    
Path relinking result: best improvement.
   900 1000   227.67    2.07      0   191.33   574.00     0.0     0.0    99.9   P
   950  950   224.33    2.98     14   191.33   574.00     0.0     0.0   105.4    
   960  940   221.33    2.27      9   191.33   574.00     0.0     0.0   106.5   X
  1000  900   212.33    1.86      8   191.33   574.00     0.0     0.0   110.9    
  1040  860   205.00    2.24      1   191.33   574.00     0.0     0.0   115.4   X
  1050  850   204.00    1.37      0   191.33   574.00     0.0     0.0   116.5    
Path relinking result: elite improvement.
  1080  820   201.33    1.00      2   191.33   574.00     0.0     0.0   119.8   P
  1100  800   200.33    0.37      3   191.33   574.00     0.0     0.0   122.0    
  1120  780   199.67    0.31     15   191.33   574.00     0.0     0.0   124.2   X
  1150  750   199.00    0.31     20   191.33   574.00     0.0     0.0   127.5    
  1200  700   198.67    0.16     33   191.33   574.00     0.0     0.0   133.0    
  1200  700   198.67    0.16     34   191.33   574.00     0.0     0.0   133.0   X
  1246  654      inf  287.74      0   191.33   574.00     0.0     0.0   138.2   R

  Gens  Rem    Local   ElDiv NoImpr             Best solution            Time  Op
                                       Cost     Dist    Tard    TMax 
  1247  653  1614.67  227.32      0   191.33   574.00     0.0     0.0   138.3    
  1250  650   855.67  198.96      0   191.33   574.00     0.0     0.0   138.6    
Path relinking result: elite improvement.
  1260  640   331.00   64.71      0   191.33   574.00     0.0     0.0   139.8   P
  1280  620   247.00    2.60      3   191.33   574.00     0.0     0.0   142.0   X
  1300  600   242.00    1.97      3   191.33   574.00     0.0     0.0   144.2    
  1350  550   227.67    2.00      0   191.33   574.00     0.0     0.0   149.7    
  1360  540   223.33    1.39      7   191.33   574.00     0.0     0.0   150.8   X
  1400  500   221.00    1.53      4   191.33   574.00     0.0     0.0   155.3    
Path relinking result: best improvement.
  1440  460   213.67    1.59      0   191.33   574.00     0.0     0.0   159.7  PX
  1450  450   213.67    1.59      9   191.33   574.00     0.0     0.0   160.8    
  1500  400   209.67    1.92     27   191.33   574.00     0.0     0.0   166.4    
  1520  380   207.67    1.68      3   191.33   574.00     0.0     0.0   168.6   X
  1550  350   204.00    1.45      4   191.33   574.00     0.0     0.0   171.9    
  1600  300   196.33    1.86     13   191.33   574.00     0.0     0.0   177.5    
  1600  300   196.33    0.17     14   191.33   574.00     0.0     0.0   177.5   X
Path relinking result: elite improvement.
  1620  280   193.33    0.73      0   191.33   574.00     0.0     0.0   179.7   P

  Gens  Rem    Local   ElDiv NoImpr             Best solution            Time  Op
                                       Cost     Dist    Tard    TMax 
  1650  250   193.00    0.27      7   191.33   574.00     0.0     0.0   183.0    
  1680  220   192.67    0.07      1   191.33   574.00     0.0     0.0   186.4   X
  1700  200   192.67    0.14     20   191.33   574.00     0.0     0.0   188.6    
  1750  150   192.67    0.00     70   191.33   574.00     0.0     0.0   194.1    
  1759  141      inf  295.76      0   191.33   574.00     0.0     0.0   195.2   R
  1760  140  1426.33  228.55      0   191.33   574.00     0.0     0.0   195.3    
  1760  140  1426.33  173.45      1   191.33   574.00     0.0     0.0   195.3   X
  1800  100   245.67    2.82      1   191.33   574.00     0.0     0.0   199.7    
Path relinking result: best improvement.
  1800  100   244.00    2.93      0   191.33   574.00     0.0     0.0   199.8   P
  1840   60   227.33    1.60      2   191.33   574.00     0.0     0.0   204.2   X
  1850   50   227.33    1.47     11   191.33   574.00     0.0     0.0   205.3    
  1900    0   220.67    2.28     21   191.33   574.00     0.0     0.0   210.7    
Evolutionary process finished.
Solution written to 'solution-20120.txt'.

Sorted sequence of worst to best tardiness value:
Task for patient = 32 with skills = {2,-1} and cost = 130.7
   Vehicle #0 = 9, leaving at = 806.0
   Vehicle #1 = -1, leaving at = inf
   Increment on distance indicator: 8.0
   Increment on tard indicator:     0.0
   Value of tmax indicator:         8.0

Task for patient = 73 with skills = {1,-1} and cost = 128.0
   Vehicle #0 = 6, leaving at = 1075.0
   Vehicle #1 = -1, leaving at = inf
   Increment on distance indicator: 2.0
   Increment on tard indicator:     0.0
   Value of tmax indicator:         2.0

Task for patient = 34 with skills = {1,4} and cost = 127.3
   Vehicle #0 = 0, leaving at = 914.0
   Vehicle #1 = 18, leaving at = 914.0
   Increment on distance indicator: 16.0
   Increment on tard indicator:     0.0
   Value of tmax indicator:         16.0

Task for patient = 27 with skills = {2,-1} and cost = 122.0
   Vehicle #0 = 4, leaving at = 951.0
   Vehicle #1 = -1, leaving at = inf
   Increment on distance indicator: 2.0
   Increment on tard indicator:     0.0
   Value of tmax indicator:         2.0

Task for patient = 75 with skills = {1,-1} and cost = 121.3
   Vehicle #0 = 7, leaving at = 983.0
   Vehicle #1 = -1, leaving at = inf
   Increment on distance indicator: 4.0
   Increment on tard indicator:     0.0
   Value of tmax indicator:         4.0

Task for patient = 70 with skills = {5,-1} and cost = 120.0
   Vehicle #0 = 10, leaving at = 1001.0
   Vehicle #1 = -1, leaving at = inf
   Increment on distance indicator: 4.0
   Increment on tard indicator:     0.0
   Value of tmax indicator:         4.0

Task for patient = 65 with skills = {3,-1} and cost = 118.7
   Vehicle #0 = 18, leaving at = 880.0
   Vehicle #1 = -1, leaving at = inf
   Increment on distance indicator: 4.0
   Increment on tard indicator:     0.0
   Value of tmax indicator:         4.0

Task for patient = 52 with skills = {4,-1} and cost = 117.3
   Vehicle #0 = 15, leaving at = 861.0
   Vehicle #1 = -1, leaving at = inf
   Increment on distance indicator: 3.0
   Increment on tard indicator:     0.0
   Value of tmax indicator:         3.0

Task for patient = 63 with skills = {4,-1} and cost = 116.3
   Vehicle #0 = 10, leaving at = 970.0
   Vehicle #1 = -1, leaving at = inf
   Increment on distance indicator: 1.0
   Increment on tard indicator:     0.0
   Value of tmax indicator:         1.0

Task for patient = 92 with skills = {0,4} and cost = 116.0
   Vehicle #0 = 8, leaving at = 971.0
   Vehicle #1 = 12, leaving at = 971.0
   Increment on distance indicator: 9.0
   Increment on tard indicator:     0.0
   Value of tmax indicator:         9.0

Task for patient = 89 with skills = {5,-1} and cost = 113.0
   Vehicle #0 = 13, leaving at = 866.0
   Vehicle #1 = -1, leaving at = inf
   Increment on distance indicator: 2.0
   Increment on tard indicator:     0.0
   Value of tmax indicator:         2.0

Task for patient = 90 with skills = {5,-1} and cost = 175.0
   Vehicle #0 = 13, leaving at = 1121.0
   Vehicle #1 = -1, leaving at = inf
   Increment on distance indicator: 5.0
   Increment on tard indicator:     0.0
   Value of tmax indicator:         5.0

Task for patient = 4 with skills = {4,-1} and cost = 111.0
   Vehicle #0 = 12, leaving at = 911.0
   Vehicle #1 = -1, leaving at = inf
   Increment on distance indicator: 6.0
   Increment on tard indicator:     0.0
   Value of tmax indicator:         6.0

Task for patient = 58 with skills = {3,-1} and cost = 109.0
   Vehicle #0 = 16, leaving at = 889.0
   Vehicle #1 = -1, leaving at = inf
   Increment on distance indicator: 3.0
   Increment on tard indicator:     0.0
   Value of tmax indicator:         3.0

Task for patient = 10 with skills = {2,3} and cost = 108.0
   Vehicle #0 = 3, leaving at = 953.0
   Vehicle #1 = 10, leaving at = 953.0
   Increment on distance indicator: 5.0
   Increment on tard indicator:     0.0
   Value of tmax indicator:         5.0

Task for patient = 64 with skills = {0,-1} and cost = 106.3
   Vehicle #0 = 7, leaving at = 764.0
   Vehicle #1 = -1, leaving at = inf
   Increment on distance indicator: 6.0
   Increment on tard indicator:     0.0
   Value of tmax indicator:         6.0

Task for patient = 42 with skills = {1,3} and cost = 104.3
   Vehicle #0 = 3, leaving at = 855.0
   Vehicle #1 = 16, leaving at = 855.0
   Increment on distance indicator: 5.0
   Increment on tard indicator:     0.0
   Value of tmax indicator:         5.0

Task for patient = 13 with skills = {3,-1} and cost = 102.7
   Vehicle #0 = 15, leaving at = 824.0
   Vehicle #1 = -1, leaving at = inf
   Increment on distance indicator: 3.0
   Increment on tard indicator:     0.0
   Value of tmax indicator:         3.0

Task for patient = 67 with skills = {1,-1} and cost = 101.7
   Vehicle #0 = 6, leaving at = 1013.0
   Vehicle #1 = -1, leaving at = inf
   Increment on distance indicator: 3.0
   Increment on tard indicator:     0.0
   Value of tmax indicator:         3.0

Task for patient = 29 with skills = {3,-1} and cost = 100.7
   Vehicle #0 = 14, leaving at = 928.0
   Vehicle #1 = -1, leaving at = inf
   Increment on distance indicator: 3.0
   Increment on tard indicator:     0.0
   Value of tmax indicator:         3.0

Task for patient = 76 with skills = {1,5} and cost = 99.7
   Vehicle #0 = 9, leaving at = 767.0
   Vehicle #1 = 17, leaving at = 767.0
   Increment on distance indicator: 6.0
   Increment on tard indicator:     0.0
   Value of tmax indicator:         6.0

Task for patient = 39 with skills = {4,-1} and cost = 97.7
   Vehicle #0 = 12, leaving at = 848.0
   Vehicle #1 = -1, leaving at = inf
   Increment on distance indicator: 4.0
   Increment on tard indicator:     0.0
   Value of tmax indicator:         4.0

Task for patient = 100 with skills = {0,-1} and cost = 96.3
   Vehicle #0 = 9, leaving at = 621.0
   Vehicle #1 = -1, leaving at = inf
   Increment on distance indicator: 10.0
   Increment on tard indicator:     0.0
   Value of tmax indicator:         10.0

Task for patient = 33 with skills = {4,-1} and cost = 93.0
   Vehicle #0 = 18, leaving at = 673.0
   Vehicle #1 = -1, leaving at = inf
   Increment on distance indicator: 7.0
   Increment on tard indicator:     0.0
   Value of tmax indicator:         7.0

Task for patient = 19 with skills = {0,-1} and cost = 112.3
   Vehicle #0 = 7, leaving at = 813.0
   Vehicle #1 = -1, leaving at = inf
   Increment on distance indicator: 4.0
   Increment on tard indicator:     0.0
   Value of tmax indicator:         4.0

Task for patient = 50 with skills = {5,-1} and cost = 173.3
   Vehicle #0 = 10, leaving at = 1089.0
   Vehicle #1 = -1, leaving at = inf
   Increment on distance indicator: 3.0
   Increment on tard indicator:     0.0
   Value of tmax indicator:         3.0

Task for patient = 91 with skills = {0,5} and cost = 172.3
   Vehicle #0 = 4, leaving at = 1066.0
   Vehicle #1 = 13, leaving at = 1066.0
   Increment on distance indicator: 6.0
   Increment on tard indicator:     0.0
   Value of tmax indicator:         6.0

Task for patient = 57 with skills = {5,-1} and cost = 170.3
   Vehicle #0 = 15, leaving at = 1139.0
   Vehicle #1 = -1, leaving at = inf
   Increment on distance indicator: 3.0
   Increment on tard indicator:     0.0
   Value of tmax indicator:         3.0

Task for patient = 66 with skills = {0,5} and cost = 169.3
   Vehicle #0 = 8, leaving at = 1005.0
   Vehicle #1 = 17, leaving at = 1005.0
   Increment on distance indicator: 10.0
   Increment on tard indicator:     0.0
   Value of tmax indicator:         10.0

Task for patient = 48 with skills = {1,-1} and cost = 166.0
   Vehicle #0 = 9, leaving at = 1055.0
   Vehicle #1 = -1, leaving at = inf
   Increment on distance indicator: 4.0
   Increment on tard indicator:     0.0
   Value of tmax indicator:         4.0

Task for patient = 12 with skills = {0,-1} and cost = 164.7
   Vehicle #0 = 6, leaving at = 1125.0
   Vehicle #1 = -1, leaving at = inf
   Increment on distance indicator: 3.0
   Increment on tard indicator:     0.0
   Value of tmax indicator:         3.0

Task for patient = 17 with skills = {1,-1} and cost = 163.7
   Vehicle #0 = 5, leaving at = 992.0
   Vehicle #1 = -1, leaving at = inf
   Increment on distance indicator: 5.0
   Increment on tard indicator:     0.0
   Value of tmax indicator:         5.0

Task for patient = 41 with skills = {4,-1} and cost = 162.0
   Vehicle #0 = 19, leaving at = 1116.0
   Vehicle #1 = -1, leaving at = inf
   Increment on distance indicator: 4.0
   Increment on tard indicator:     0.0
   Value of tmax indicator:         4.0

Task for patient = 59 with skills = {2,3} and cost = 160.7
   Vehicle #0 = 4, leaving at = 1022.0
   Vehicle #1 = 13, leaving at = 1022.0
   Increment on distance indicator: 9.0
   Increment on tard indicator:     0.0
   Value of tmax indicator:         9.0

Task for patient = 21 with skills = {0,4} and cost = 157.7
   Vehicle #0 = 3, leaving at = 1121.0
   Vehicle #1 = 18, leaving at = 1121.0
   Increment on distance indicator: 6.0
   Increment on tard indicator:     0.0
   Value of tmax indicator:         6.0

Task for patient = 93 with skills = {1,-1} and cost = 155.7
   Vehicle #0 = 7, leaving at = 1101.0
   Vehicle #1 = -1, leaving at = inf
   Increment on distance indicator: 2.0
   Increment on tard indicator:     0.0
   Value of tmax indicator:         2.0

Task for patient = 36 with skills = {3,-1} and cost = 131.7
   Vehicle #0 = 15, leaving at = 1060.0
   Vehicle #1 = -1, leaving at = inf
   Increment on distance indicator: 3.0
   Increment on tard indicator:     0.0
   Value of tmax indicator:         3.0

Task for patient = 14 with skills = {2,4} and cost = 154.3
   Vehicle #0 = 9, leaving at = 1019.0
   Vehicle #1 = 12, leaving at = 1026.0
   Increment on distance indicator: 10.0
   Increment on tard indicator:     0.0
   Value of tmax indicator:         10.0

Task for patient = 56 with skills = {3,-1} and cost = 151.0
   Vehicle #0 = 16, leaving at = 967.0
   Vehicle #1 = -1, leaving at = inf
   Increment on distance indicator: 5.0
   Increment on tard indicator:     0.0
   Value of tmax indicator:         5.0

Task for patient = 18 with skills = {2,5} and cost = 149.3
   Vehicle #0 = 3, leaving at = 1043.0
   Vehicle #1 = 18, leaving at = 1076.0
   Increment on distance indicator: 6.0
   Increment on tard indicator:     0.0
   Value of tmax indicator:         6.0

Task for patient = 85 with skills = {1,-1} and cost = 147.3
   Vehicle #0 = 0, leaving at = 982.0
   Vehicle #1 = -1, leaving at = inf
   Increment on distance indicator: 10.0
   Increment on tard indicator:     0.0
   Value of tmax indicator:         10.0

Task for patient = 6 with skills = {2,-1} and cost = 144.0
   Vehicle #0 = 4, leaving at = 977.0
   Vehicle #1 = -1, leaving at = inf
   Increment on distance indicator: 3.0
   Increment on tard indicator:     0.0
   Value of tmax indicator:         3.0

Task for patient = 61 with skills = {5,-1} and cost = 143.0
   Vehicle #0 = 18, leaving at = 952.0
   Vehicle #1 = -1, leaving at = inf
   Increment on distance indicator: 6.0
   Increment on tard indicator:     0.0
   Value of tmax indicator:         6.0

Task for patient = 8 with skills = {4,-1} and cost = 141.0
   Vehicle #0 = 14, leaving at = 1042.0
   Vehicle #1 = -1, leaving at = inf
   Increment on distance indicator: 1.0
   Increment on tard indicator:     0.0
   Value of tmax indicator:         1.0

Task for patient = 44 with skills = {1,4} and cost = 140.7
   Vehicle #0 = 7, leaving at = 1073.0
   Vehicle #1 = 19, leaving at = 1077.0
   Increment on distance indicator: 5.0
   Increment on tard indicator:     0.0
   Value of tmax indicator:         5.0

Task for patient = 74 with skills = {5,-1} and cost = 139.0
   Vehicle #0 = 19, leaving at = 872.0
   Vehicle #1 = -1, leaving at = inf
   Increment on distance indicator: 6.0
   Increment on tard indicator:     0.0
   Value of tmax indicator:         6.0

Task for patient = 25 with skills = {1,-1} and cost = 137.0
   Vehicle #0 = 7, leaving at = 1029.0
   Vehicle #1 = -1, leaving at = inf
   Increment on distance indicator: 2.0
   Increment on tard indicator:     0.0
   Value of tmax indicator:         2.0

Task for patient = 11 with skills = {0,5} and cost = 136.3
   Vehicle #0 = 3, leaving at = 1013.0
   Vehicle #1 = 10, leaving at = 1059.0
   Increment on distance indicator: 6.0
   Increment on tard indicator:     0.0
   Value of tmax indicator:         6.0

Task for patient = 26 with skills = {2,5} and cost = 134.3
   Vehicle #0 = 0, leaving at = 937.0
   Vehicle #1 = 14, leaving at = 989.0
   Increment on distance indicator: 8.0
   Increment on tard indicator:     0.0
   Value of tmax indicator:         8.0

Task for patient = 72 with skills = {3,-1} and cost = 155.0
   Vehicle #0 = 15, leaving at = 1111.0
   Vehicle #1 = -1, leaving at = inf
   Increment on distance indicator: 2.0
   Increment on tard indicator:     0.0
   Value of tmax indicator:         2.0

Task for patient = 80 with skills = {1,-1} and cost = 48.3
   Vehicle #0 = 6, leaving at = 565.0
   Vehicle #1 = -1, leaving at = inf
   Increment on distance indicator: 7.0
   Increment on tard indicator:     0.0
   Value of tmax indicator:         7.0

Task for patient = 97 with skills = {5,-1} and cost = 46.0
   Vehicle #0 = 15, leaving at = 553.0
   Vehicle #1 = -1, leaving at = inf
   Increment on distance indicator: 11.0
   Increment on tard indicator:     0.0
   Value of tmax indicator:         11.0

Task for patient = 30 with skills = {1,-1} and cost = 42.3
   Vehicle #0 = 5, leaving at = 723.0
   Vehicle #1 = -1, leaving at = inf
   Increment on distance indicator: 5.0
   Increment on tard indicator:     0.0
   Value of tmax indicator:         5.0

Task for patient = 22 with skills = {5,-1} and cost = 40.7
   Vehicle #0 = 14, leaving at = 786.0
   Vehicle #1 = -1, leaving at = inf
   Increment on distance indicator: 4.0
   Increment on tard indicator:     0.0
   Value of tmax indicator:         4.0

Task for patient = 81 with skills = {4,-1} and cost = 39.3
   Vehicle #0 = 14, leaving at = 732.0
   Vehicle #1 = -1, leaving at = inf
   Increment on distance indicator: 3.0
   Increment on tard indicator:     0.0
   Value of tmax indicator:         3.0

Task for patient = 60 with skills = {4,-1} and cost = 38.3
   Vehicle #0 = 12, leaving at = 730.0
   Vehicle #1 = -1, leaving at = inf
   Increment on distance indicator: 3.0
   Increment on tard indicator:     0.0
   Value of tmax indicator:         3.0

Task for patient = 40 with skills = {0,4} and cost = 37.3
   Vehicle #0 = 4, leaving at = 710.0
   Vehicle #1 = 14, leaving at = 710.0
   Increment on distance indicator: 4.0
   Increment on tard indicator:     0.0
   Value of tmax indicator:         4.0

Task for patient = 88 with skills = {0,4} and cost = 36.0
   Vehicle #0 = 4, leaving at = 662.0
   Vehicle #1 = 14, leaving at = 662.0
   Increment on distance indicator: 4.0
   Increment on tard indicator:     0.0
   Value of tmax indicator:         4.0

Task for patient = 3 with skills = {0,5} and cost = 34.7
   Vehicle #0 = 4, leaving at = 565.0
   Vehicle #1 = 14, leaving at = 586.0
   Increment on distance indicator: 12.0
   Increment on tard indicator:     0.0
   Value of tmax indicator:         12.0

Task for patient = 2 with skills = {3,-1} and cost = 30.7
   Vehicle #0 = 13, leaving at = 692.0
   Vehicle #1 = -1, leaving at = inf
   Increment on distance indicator: 6.0
   Increment on tard indicator:     0.0
   Value of tmax indicator:         6.0

Task for patient = 24 with skills = {4,-1} and cost = 28.7
   Vehicle #0 = 12, leaving at = 712.0
   Vehicle #1 = -1, leaving at = inf
   Increment on distance indicator: 4.0
   Increment on tard indicator:     0.0
   Value of tmax indicator:         4.0

Task for patient = 1 with skills = {0,-1} and cost = 90.7
   Vehicle #0 = 7, leaving at = 735.0
   Vehicle #1 = -1, leaving at = inf
   Increment on distance indicator: 2.0
   Increment on tard indicator:     0.0
   Value of tmax indicator:         2.0

Task for patient = 23 with skills = {4,-1} and cost = 26.3
   Vehicle #0 = 12, leaving at = 650.0
   Vehicle #1 = -1, leaving at = inf
   Increment on distance indicator: 5.0
   Increment on tard indicator:     0.0
   Value of tmax indicator:         5.0

Task for patient = 95 with skills = {4,-1} and cost = 24.7
   Vehicle #0 = 12, leaving at = 626.0
   Vehicle #1 = -1, leaving at = inf
   Increment on distance indicator: 3.0
   Increment on tard indicator:     0.0
   Value of tmax indicator:         3.0

Task for patient = 99 with skills = {0,4} and cost = 23.7
   Vehicle #0 = 0, leaving at = 782.0
   Vehicle #1 = 10, leaving at = 798.0
   Increment on distance indicator: 7.0
   Increment on tard indicator:     0.0
   Value of tmax indicator:         7.0

Task for patient = 28 with skills = {0,4} and cost = 21.3
   Vehicle #0 = 4, leaving at = 542.0
   Vehicle #1 = 12, leaving at = 561.0
   Increment on distance indicator: 14.0
   Increment on tard indicator:     0.0
   Value of tmax indicator:         14.0

Task for patient = 47 with skills = {1,-1} and cost = 16.7
   Vehicle #0 = 0, leaving at = 715.0
   Vehicle #1 = -1, leaving at = inf
   Increment on distance indicator: 3.0
   Increment on tard indicator:     0.0
   Value of tmax indicator:         3.0

Task for patient = 79 with skills = {2,-1} and cost = 15.7
   Vehicle #0 = 0, leaving at = 695.0
   Vehicle #1 = -1, leaving at = inf
   Increment on distance indicator: 5.0
   Increment on tard indicator:     0.0
   Value of tmax indicator:         5.0

Task for patient = 78 with skills = {3,-1} and cost = 14.0
   Vehicle #0 = 13, leaving at = 653.0
   Vehicle #1 = -1, leaving at = inf
   Increment on distance indicator: 8.0
   Increment on tard indicator:     0.0
   Value of tmax indicator:         8.0

Task for patient = 77 with skills = {0,4} and cost = 11.3
   Vehicle #0 = 2, leaving at = 791.0
   Vehicle #1 = 11, leaving at = 853.0
   Increment on distance indicator: 0.0
   Increment on tard indicator:     0.0
   Value of tmax indicator:         0.0

Task for patient = 86 with skills = {0,3} and cost = 11.3
   Vehicle #0 = 3, leaving at = 715.0
   Vehicle #1 = 10, leaving at = 750.0
   Increment on distance indicator: 2.0
   Increment on tard indicator:     0.0
   Value of tmax indicator:         2.0

Task for patient = 98 with skills = {1,5} and cost = 10.7
   Vehicle #0 = 3, leaving at = 687.0
   Vehicle #1 = 10, leaving at = 668.0
   Increment on distance indicator: 12.0
   Increment on tard indicator:     0.0
   Value of tmax indicator:         12.0

Task for patient = 87 with skills = {2,3} and cost = 6.7
   Vehicle #0 = 0, leaving at = 644.0
   Vehicle #1 = 10, leaving at = 644.0
   Increment on distance indicator: 4.0
   Increment on tard indicator:     0.0
   Value of tmax indicator:         4.0

Task for patient = 82 with skills = {2,3} and cost = 5.3
   Vehicle #0 = 0, leaving at = 537.0
   Vehicle #1 = 10, leaving at = 537.0
   Increment on distance indicator: 16.0
   Increment on tard indicator:     0.0
   Value of tmax indicator:         16.0

Task for patient = 84 with skills = {1,-1} and cost = 27.3
   Vehicle #0 = 3, leaving at = 739.0
   Vehicle #1 = -1, leaving at = inf
   Increment on distance indicator: 3.0
   Increment on tard indicator:     0.0
   Value of tmax indicator:         3.0

Task for patient = 9 with skills = {1,-1} and cost = 90.0
   Vehicle #0 = 6, leaving at = 755.0
   Vehicle #1 = -1, leaving at = inf
   Increment on distance indicator: 1.0
   Increment on tard indicator:     0.0
   Value of tmax indicator:         1.0

Task for patient = 43 with skills = {4,-1} and cost = 89.7
   Vehicle #0 = 10, leaving at = 893.0
   Vehicle #1 = -1, leaving at = inf
   Increment on distance indicator: 4.0
   Increment on tard indicator:     0.0
   Value of tmax indicator:         4.0

Task for patient = 5 with skills = {4,-1} and cost = 88.3
   Vehicle #0 = 17, leaving at = 711.0
   Vehicle #1 = -1, leaving at = inf
   Increment on distance indicator: 8.0
   Increment on tard indicator:     0.0
   Value of tmax indicator:         8.0

Task for patient = 15 with skills = {4,-1} and cost = 85.7
   Vehicle #0 = 16, leaving at = 817.0
   Vehicle #1 = -1, leaving at = inf
   Increment on distance indicator: 2.0
   Increment on tard indicator:     0.0
   Value of tmax indicator:         2.0

Task for patient = 38 with skills = {3,-1} and cost = 85.0
   Vehicle #0 = 13, leaving at = 801.0
   Vehicle #1 = -1, leaving at = inf
   Increment on distance indicator: 4.0
   Increment on tard indicator:     0.0
   Value of tmax indicator:         4.0

Task for patient = 71 with skills = {4,-1} and cost = 83.7
   Vehicle #0 = 17, leaving at = 653.0
   Vehicle #1 = -1, leaving at = inf
   Increment on distance indicator: 5.0
   Increment on tard indicator:     0.0
   Value of tmax indicator:         5.0

Task for patient = 96 with skills = {0,-1} and cost = 82.0
   Vehicle #0 = 7, leaving at = 704.0
   Vehicle #1 = -1, leaving at = inf
   Increment on distance indicator: 4.0
   Increment on tard indicator:     0.0
   Value of tmax indicator:         4.0

Task for patient = 62 with skills = {2,-1} and cost = 80.7
   Vehicle #0 = 8, leaving at = 721.0
   Vehicle #1 = -1, leaving at = inf
   Increment on distance indicator: 3.0
   Increment on tard indicator:     0.0
   Value of tmax indicator:         3.0

Task for patient = 45 with skills = {0,5} and cost = 79.7
   Vehicle #0 = 4, leaving at = 871.0
   Vehicle #1 = 14, leaving at = 903.0
   Increment on distance indicator: 5.0
   Increment on tard indicator:     0.0
   Value of tmax indicator:         5.0

Task for patient = 20 with skills = {1,-1} and cost = 78.0
   Vehicle #0 = 7, leaving at = 668.0
   Vehicle #1 = -1, leaving at = inf
   Increment on distance indicator: 3.0
   Increment on tard indicator:     0.0
   Value of tmax indicator:         3.0

Task for patient = 35 with skills = {3,-1} and cost = 77.0
   Vehicle #0 = 13, leaving at = 758.0
   Vehicle #1 = -1, leaving at = inf
   Increment on distance indicator: 6.0
   Increment on tard indicator:     0.0
   Value of tmax indicator:         6.0

Task for patient = 46 with skills = {3,-1} and cost = 49.0
   Vehicle #0 = 15, leaving at = 601.0
   Vehicle #1 = -1, leaving at = inf
   Increment on distance indicator: 2.0
   Increment on tard indicator:     0.0
   Value of tmax indicator:         2.0

Task for patient = 54 with skills = {4,-1} and cost = 72.3
   Vehicle #0 = 15, leaving at = 776.0
   Vehicle #1 = -1, leaving at = inf
   Increment on distance indicator: 6.0
   Increment on tard indicator:     0.0
   Value of tmax indicator:         6.0

Task for patient = 16 with skills = {0,3} and cost = 70.3
   Vehicle #0 = 8, leaving at = 683.0
   Vehicle #1 = 16, leaving at = 690.0
   Increment on distance indicator: 6.0
   Increment on tard indicator:     0.0
   Value of tmax indicator:         6.0

Task for patient = 7 with skills = {0,-1} and cost = 68.3
   Vehicle #0 = 8, leaving at = 531.0
   Vehicle #1 = -1, leaving at = inf
   Increment on distance indicator: 8.0
   Increment on tard indicator:     0.0
   Value of tmax indicator:         8.0

Task for patient = 68 with skills = {1,4} and cost = 65.7
   Vehicle #0 = 5, leaving at = 795.0
   Vehicle #1 = 14, leaving at = 848.0
   Increment on distance indicator: 5.0
   Increment on tard indicator:     0.0
   Value of tmax indicator:         5.0

Task for patient = 94 with skills = {0,-1} and cost = 64.0
   Vehicle #0 = 4, leaving at = 772.0
   Vehicle #1 = -1, leaving at = inf
   Increment on distance indicator: 3.0
   Increment on tard indicator:     0.0
   Value of tmax indicator:         3.0

Task for patient = 37 with skills = {1,-1} and cost = 63.0
   Vehicle #0 = 7, leaving at = 644.0
   Vehicle #1 = -1, leaving at = inf
   Increment on distance indicator: 2.0
   Increment on tard indicator:     0.0
   Value of tmax indicator:         2.0

Task for patient = 31 with skills = {0,4} and cost = 62.3
   Vehicle #0 = 7, leaving at = 610.0
   Vehicle #1 = 16, leaving at = 644.0
   Increment on distance indicator: 8.0
   Increment on tard indicator:     0.0
   Value of tmax indicator:         8.0

Task for patient = 83 with skills = {5,-1} and cost = 59.7
   Vehicle #0 = 15, leaving at = 737.0
   Vehicle #1 = -1, leaving at = inf
   Increment on distance indicator: 5.0
   Increment on tard indicator:     0.0
   Value of tmax indicator:         5.0

Task for patient = 69 with skills = {4,-1} and cost = 58.0
   Vehicle #0 = 16, leaving at = 609.0
   Vehicle #1 = -1, leaving at = inf
   Increment on distance indicator: 6.0
   Increment on tard indicator:     0.0
   Value of tmax indicator:         6.0

Task for patient = 55 with skills = {0,4} and cost = 56.0
   Vehicle #0 = 6, leaving at = 684.0
   Vehicle #1 = 15, leaving at = 684.0
   Increment on distance indicator: 11.0
   Increment on tard indicator:     0.0
   Value of tmax indicator:         11.0

Task for patient = 53 with skills = {5,-1} and cost = 52.3
   Vehicle #0 = 12, leaving at = 785.0
   Vehicle #1 = -1, leaving at = inf
   Increment on distance indicator: 6.0
   Increment on tard indicator:     0.0
   Value of tmax indicator:         6.0

Task for patient = 51 with skills = {4,-1} and cost = 50.3
   Vehicle #0 = 10, leaving at = 861.0
   Vehicle #1 = -1, leaving at = inf
   Increment on distance indicator: 4.0
   Increment on tard indicator:     0.0
   Value of tmax indicator:         4.0

Task for patient = 49 with skills = {1,4} and cost = 75.0
   Vehicle #0 = 6, leaving at = 736.0
   Vehicle #1 = 16, leaving at = 736.0
   Increment on distance indicator: 8.0
   Increment on tard indicator:     0.0
   Value of tmax indicator:         8.0


Unused vehicle list: 1 (total = 1 out of 20)

---
Search finished.
Total of 1900 generations in 210.7 seconds.
Exchange elite runs: 23
Implicit path relinking runs: 10
Reset attempts: 4

Best solution found:
   Cost: 191.3
   Total travel time: 574.0
   Total tardiness time: 0.0
   Largest tardiness: 0.0


191.3
