This host is: panku
--- BRKGA-MP-IPR for HHCRSP ---
Instance: new-dataset/instances-75/HHCRSP_75_15_97_1.0_R_RC.txt
Seed: 3

Reading data... Problem contains 75 patients  and 15 caregivers.

Summary of supply x demand for each service type:
Skill 0 has supply = 1 and demand = 15, ratio = 0.0666667
Skill 1 has supply = 6 and demand = 19, ratio = 0.315789
Skill 2 has supply = 3 and demand = 17, ratio = 0.176471
Skill 3 has supply = 4 and demand = 17, ratio = 0.235294
Skill 4 has supply = 6 and demand = 25, ratio = 0.24
Skill 5 has supply = 3 and demand = 6, ratio = 0.5

Reading parameters...
Inferred distance function by PR type: kendall-tau
Building BRKGA data and initializing...
Evolving 1900 generations...

  Gens  Rem    Local   ElDiv NoImpr             Best solution            Time  Op
                                       Cost     Dist    Tard    TMax 
*    0 1900  3629.67  337.87      0  3629.67  2245.00  8227.0   417.0     0.1    
*    2 1898  3554.67  280.68      0  3554.67  2359.00  5910.0   791.0     0.1    
*    3 1897  3020.00  280.32      0  3020.00  2329.00  5334.0   468.0     0.2    
*    4 1896  2710.33  245.04      0  2710.33  2329.00  5334.0   468.0     0.2    
*    6 1894  2698.33  214.78      0  2698.33  2408.00  5183.0   391.0     0.3    
*    7 1893  2660.67  181.81      0  2660.67  2183.00  4363.0   561.0     0.4    
*    8 1892  2369.00  200.78      0  2369.00  2128.00  3187.0   336.0     0.4    
*    9 1891  1883.67  179.40      0  1883.67  2128.00  3187.0   336.0     0.5    
*   14 1886  1808.00  118.47      0  1808.00  2420.00  2687.0   317.0     0.7    
*   16 1884  1636.00  114.60      0  1636.00  2223.00  2195.0   305.0     0.8    
*   17 1883  1574.33  109.00      0  1574.33  2118.00  2200.0   273.0     0.8    
*   18 1882  1530.33   98.99      0  1530.33  2194.00  2001.0   330.0     0.9    
*   19 1881  1508.33   86.90      0  1508.33  2194.00  2001.0   330.0     0.9    
*   21 1879  1506.67   82.61      0  1506.67  2167.00  1668.0   281.0     1.0    
*   22 1878  1372.00   81.01      0  1372.00  2167.00  1668.0   281.0     1.0    

  Gens  Rem    Local   ElDiv NoImpr             Best solution            Time  Op
                                       Cost     Dist    Tard    TMax 
*   24 1876  1301.00   83.61      0  1301.00  2208.00  1167.0   253.0     1.1    
*   25 1875  1209.33   76.46      0  1209.33  2208.00  1167.0   253.0     1.2    
*   28 1872  1144.33   66.54      0  1144.33  2139.00  1074.0   220.0     1.3    
*   32 1868  1108.00   57.54      0  1108.00  2132.00   946.0   225.0     1.4    
*   33 1867  1101.00   55.91      0  1101.00  2132.00   946.0   225.0     1.5    
*   35 1865  1056.33   52.18      0  1056.33  2108.00   832.0   229.0     1.5    
*   37 1863  1022.67   47.77      0  1022.67  2178.00   660.0   230.0     1.6    
*   40 1860   991.67   52.46      0   991.67  2044.00   688.0   211.0     1.7    
*   41 1859   981.00   50.82      0   981.00  2044.00   688.0   211.0     1.8    
*   45 1855   958.33   39.26      0   958.33  2100.00   561.0   214.0     1.9    
*   49 1851   954.33   24.28      0   954.33  1986.00   659.0   218.0     2.1    
    50 1850   954.33   22.95      1   954.33  1986.00   659.0   218.0     2.1    
*   52 1848   941.67   20.61      0   941.67  1942.00   669.0   214.0     2.2    
*   56 1844   927.33   18.11      0   927.33  1966.00   605.0   211.0     2.3    
*   59 1841   917.67   16.78      0   917.67  1997.00   526.0   211.0     2.5    
*   60 1840   911.33   16.31      0   911.33  1997.00   526.0   211.0     2.5    

  Gens  Rem    Local   ElDiv NoImpr             Best solution            Time  Op
                                       Cost     Dist    Tard    TMax 
*   63 1837   899.67   17.94      0   899.67  1925.00   563.0   211.0     2.6    
*   66 1834   894.33   17.19      0   894.33  1915.00   557.0   211.0     2.7    
*   70 1830   885.00   17.82      0   885.00  1880.00   564.0   211.0     2.9    
*   77 1823   883.67   17.11      0   883.67  1889.00   537.0   211.0     3.2    
*   78 1822   879.00   17.04      0   879.00  1889.00   537.0   211.0     3.2    
*   80 1820   872.00   17.36      0   872.00  1873.00   532.0   211.0     3.3    
    80 1820   872.00   10.05      1   872.00  1873.00   532.0   211.0     3.3   X
*   86 1814   863.67   10.54      0   863.67  1854.00   526.0   211.0     3.5    
*   95 1805   855.33   12.66      0   855.33  1811.00   544.0   211.0     3.9    
   100 1800   855.33   14.10      5   855.33  1811.00   544.0   211.0     4.0    
*  112 1788   854.67   16.46      0   854.67  1827.00   525.0   211.0     4.5    
*  113 1787   854.33   16.51      0   854.33  1827.00   525.0   211.0     4.5    
*  116 1784   853.33   16.53      0   853.33  1814.00   534.0   211.0     4.7    
*  117 1783   853.00   16.63      0   853.00  1822.00   525.0   211.0     4.7    
*  118 1782   852.67   16.71      0   852.67  1822.00   525.0   211.0     4.7    
*  120 1780   850.67   16.21      0   850.67  1807.00   534.0   211.0     4.8    

  Gens  Rem    Local   ElDiv NoImpr             Best solution            Time  Op
                                       Cost     Dist    Tard    TMax 
*  127 1773   850.00   14.82      0   850.00  1812.00   525.0   211.0     5.1    
*  128 1772   849.33   14.46      0   849.33  1812.00   525.0   211.0     5.1    
*  131 1769   848.67   12.87      0   848.67  1805.00   530.0   211.0     5.2    
*  133 1767   848.00   11.93      0   848.00  1803.00   530.0   211.0     5.3    
*  135 1765   847.67   10.92      0   847.67  1803.00   527.0   211.0     5.4    
*  136 1764   847.00   10.49      0   847.00  1803.00   527.0   211.0     5.4    
*  138 1762   845.67    9.87      0   845.67  1794.00   525.0   211.0     5.5    
*  139 1761   843.33    9.54      0   843.33  1794.00   525.0   211.0     5.5    
*  142 1758   842.67    8.64      0   842.67  1792.00   525.0   211.0     5.6    
   150 1750   842.67    6.31      8   842.67  1792.00   525.0   211.0     6.0    
   160 1740   842.67    2.90     19   842.67  1792.00   525.0   211.0     6.3   X
*  163 1737   842.33    1.06      0   842.33  1788.00   528.0   211.0     6.4    
*  165 1735   841.67    0.24      0   841.67  1788.00   525.0   211.0     6.5    
*  166 1734   841.33    0.15      0   841.33  1788.00   525.0   211.0     6.6    
*  178 1722   840.33    0.55      0   840.33  1785.00   525.0   211.0     7.0    
Path relinking result: elite improvement.
   180 1720   840.33    0.67      3   840.33  1785.00   525.0   211.0     7.1   P

  Gens  Rem    Local   ElDiv NoImpr             Best solution            Time  Op
                                       Cost     Dist    Tard    TMax 
*  199 1701   839.67    0.96      0   839.67  1783.00   525.0   211.0     7.8    
   200 1700   839.67    0.98      1   839.67  1783.00   525.0   211.0     7.9    
*  212 1688   839.33    1.05      0   839.33  1782.00   525.0   211.0     8.3    
   240 1660   839.33    0.31     29   839.33  1782.00   525.0   211.0     9.4   X
   250 1650   839.33    0.00     38   839.33  1782.00   525.0   211.0     9.8    
   300 1600   839.33    0.00     88   839.33  1782.00   525.0   211.0    11.7    
   320 1580   839.33    0.00    109   839.33  1782.00   525.0   211.0    12.5   X
   350 1550   839.33    0.00    138   839.33  1782.00   525.0   211.0    13.6    
Path relinking result: no improvement.
   360 1540   839.33    0.00    149   839.33  1782.00   525.0   211.0    14.0   P
   400 1500   839.33    0.00    188   839.33  1782.00   525.0   211.0    15.5    
   400 1500   839.33    0.00    189   839.33  1782.00   525.0   211.0    15.5   X
   450 1450   839.33    0.00    238   839.33  1782.00   525.0   211.0    17.4    
   480 1420   839.33    0.00    269   839.33  1782.00   525.0   211.0    18.5   X
   500 1400   839.33    0.00    288   839.33  1782.00   525.0   211.0    19.3    
Path relinking result: no improvement.
   540 1360   839.33    0.00    329   839.33  1782.00   525.0   211.0    20.8   P
   550 1350   839.33    0.00    338   839.33  1782.00   525.0   211.0    21.2    

  Gens  Rem    Local   ElDiv NoImpr             Best solution            Time  Op
                                       Cost     Dist    Tard    TMax 
   560 1340   839.33    0.00    349   839.33  1782.00   525.0   211.0    21.6   X
   600 1300   839.33    0.00    388   839.33  1782.00   525.0   211.0    23.1    
   640 1260   839.33    0.00    429   839.33  1782.00   525.0   211.0    24.6   X
*  646 1254   838.00    0.08      0   838.00  1778.00   525.0   211.0    24.8    
   650 1250   838.00    0.11      4   838.00  1778.00   525.0   211.0    24.9    
   700 1200   838.00    0.63     54   838.00  1778.00   525.0   211.0    26.9    
*  717 1183   837.33    0.63      0   837.33  1776.00   525.0   211.0    27.6    
Path relinking result: elite improvement.
   720 1180   837.33    0.63      4   837.33  1776.00   525.0   211.0    27.7  PX
*  726 1174   836.00    0.13      0   836.00  1772.00   525.0   211.0    28.0    
*  749 1151   834.33    1.00      0   834.33  1767.00   525.0   211.0    28.9    
   750 1150   834.33    1.09      1   834.33  1767.00   525.0   211.0    28.9    
*  779 1121   833.67    0.07      0   833.67  1763.00   527.0   211.0    30.0    
   800 1100   833.67    0.31     21   833.67  1763.00   527.0   211.0    30.8    
   800 1100   833.67    0.31     22   833.67  1763.00   527.0   211.0    30.8   X
   850 1050   833.67    0.00     71   833.67  1763.00   527.0   211.0    32.7    
   880 1020   833.67    0.00    102   833.67  1763.00   527.0   211.0    33.8   X

  Gens  Rem    Local   ElDiv NoImpr             Best solution            Time  Op
                                       Cost     Dist    Tard    TMax 
   900 1000   833.67    0.00    121   833.67  1763.00   527.0   211.0    34.5    
Path relinking result: no improvement.
   900 1000   833.67    0.00    122   833.67  1763.00   527.0   211.0    34.5   P
   950  950   833.67    0.00    171   833.67  1763.00   527.0   211.0    36.4    
   960  940   833.67    0.00    182   833.67  1763.00   527.0   211.0    36.8   X
  1000  900   833.67    0.00    221   833.67  1763.00   527.0   211.0    38.3    
  1040  860   833.67    0.00    262   833.67  1763.00   527.0   211.0    39.8   X
  1050  850   833.67    0.00    271   833.67  1763.00   527.0   211.0    40.2    
Path relinking result: no improvement.
  1080  820   833.67    0.00    302   833.67  1763.00   527.0   211.0    41.4   P
  1100  800   833.67    0.00    321   833.67  1763.00   527.0   211.0    42.2    
  1120  780   833.67    0.00    342   833.67  1763.00   527.0   211.0    42.9   X
  1150  750   833.67    0.00    371   833.67  1763.00   527.0   211.0    44.1    
  1200  700   833.67    0.00    421   833.67  1763.00   527.0   211.0    46.0    
  1200  700   833.67    0.00    422   833.67  1763.00   527.0   211.0    46.0   X
  1250  650   833.67    0.00    471   833.67  1763.00   527.0   211.0    47.8    
Path relinking result: no improvement.
  1260  640   833.67    0.00    482   833.67  1763.00   527.0   211.0    48.2   P
  1280  620   833.67    0.00    502   833.67  1763.00   527.0   211.0    49.0   X

  Gens  Rem    Local   ElDiv NoImpr             Best solution            Time  Op
                                       Cost     Dist    Tard    TMax 
  1300  600   833.67    0.00    521   833.67  1763.00   527.0   211.0    49.7    
  1350  550   833.67    0.00    571   833.67  1763.00   527.0   211.0    51.6    
  1360  540   833.67    0.00    582   833.67  1763.00   527.0   211.0    52.0   X
  1400  500   833.67    0.00    621   833.67  1763.00   527.0   211.0    53.5    
Path relinking result: no improvement.
  1440  460   833.67    0.00    662   833.67  1763.00   527.0   211.0    55.0  PX
  1450  450   833.67    0.00    671   833.67  1763.00   527.0   211.0    55.4    
  1478  422      inf  378.61      0   833.67  1763.00   527.0   211.0    56.4   R
  1479  421  3280.67  354.63      0   833.67  1763.00   527.0   211.0    56.5    
  1500  400  1389.00  105.16      0   833.67  1763.00   527.0   211.0    57.3    
  1520  380   930.67   20.90      0   833.67  1763.00   527.0   211.0    58.0   X
  1550  350   907.67   11.64     10   833.67  1763.00   527.0   211.0    59.2    
  1600  300   860.00    9.36      0   833.67  1763.00   527.0   211.0    61.1    
  1600  300   860.00    6.54      1   833.67  1763.00   527.0   211.0    61.1   X
Path relinking result: elite improvement.
  1620  280   854.33    5.08      1   833.67  1763.00   527.0   211.0    61.9   P
  1650  250   852.00    1.44      1   833.67  1763.00   527.0   211.0    63.0    
  1680  220   851.33    0.07      0   833.67  1763.00   527.0   211.0    64.2   X

  Gens  Rem    Local   ElDiv NoImpr             Best solution            Time  Op
                                       Cost     Dist    Tard    TMax 
  1700  200   849.67    0.52      7   833.67  1763.00   527.0   211.0    64.9    
  1750  150   843.00    2.49     15   833.67  1763.00   527.0   211.0    66.8    
  1760  140   843.00    0.94     26   833.67  1763.00   527.0   211.0    67.2   X
  1800  100   839.67    0.00     38   833.67  1763.00   527.0   211.0    68.7    
Path relinking result: no improvement.
  1800  100   839.67    0.00     39   833.67  1763.00   527.0   211.0    68.7   P
  1840   60   839.67    0.00     79   833.67  1763.00   527.0   211.0    70.2   X
  1850   50   839.67    0.00     88   833.67  1763.00   527.0   211.0    70.6    
  1900    0   839.67    0.00    138   833.67  1763.00   527.0   211.0    72.4    
Evolutionary process finished.
Solution written to 'solution-2511.txt'.

Sorted sequence of worst to best tardiness value:
Task for patient = 8 with skills = {0,-1} and cost = 705.3
   Vehicle #0 = 6, leaving at = 1296.0
   Vehicle #1 = -1, leaving at = inf
   Increment on distance indicator: 16.0
   Increment on tard indicator:     210.0
   Value of tmax indicator:         16.0

Task for patient = 73 with skills = {0,-1} and cost = 601.3
   Vehicle #0 = 6, leaving at = 1246.0
   Vehicle #1 = -1, leaving at = inf
   Increment on distance indicator: 44.0
   Increment on tard indicator:     160.0
   Value of tmax indicator:         44.0

Task for patient = 7 with skills = {0,-1} and cost = 504.3
   Vehicle #0 = 6, leaving at = 1170.0
   Vehicle #1 = -1, leaving at = inf
   Increment on distance indicator: 15.0
   Increment on tard indicator:     99.0
   Value of tmax indicator:         15.0

Task for patient = 16 with skills = {0,-1} and cost = 110.3
   Vehicle #0 = 6, leaving at = 701.0
   Vehicle #1 = -1, leaving at = inf
   Increment on distance indicator: 10.0
   Increment on tard indicator:     33.0
   Value of tmax indicator:         10.0

Task for patient = 61 with skills = {0,3} and cost = 204.0
   Vehicle #0 = 6, leaving at = 765.0
   Vehicle #1 = 7, leaving at = 760.0
   Increment on distance indicator: 15.0
   Increment on tard indicator:     28.0
   Value of tmax indicator:         15.0

Task for patient = 32 with skills = {0,-1} and cost = 444.3
   Vehicle #0 = 6, leaving at = 1102.0
   Vehicle #1 = -1, leaving at = inf
   Increment on distance indicator: 6.0
   Increment on tard indicator:     12.0
   Value of tmax indicator:         6.0

Task for patient = 24 with skills = {0,3} and cost = 429.3
   Vehicle #0 = 6, leaving at = 1074.0
   Vehicle #1 = 10, leaving at = 1116.0
   Increment on distance indicator: 20.0
   Increment on tard indicator:     7.0
   Value of tmax indicator:         20.0

Task for patient = 15 with skills = {1,-1} and cost = 386.3
   Vehicle #0 = 1, leaving at = 852.0
   Vehicle #1 = -1, leaving at = inf
   Increment on distance indicator: 18.0
   Increment on tard indicator:     0.0
   Value of tmax indicator:         18.0

Task for patient = 13 with skills = {4,-1} and cost = 376.7
   Vehicle #0 = 9, leaving at = 1000.0
   Vehicle #1 = -1, leaving at = inf
   Increment on distance indicator: 10.0
   Increment on tard indicator:     0.0
   Value of tmax indicator:         10.0

Task for patient = 1 with skills = {2,-1} and cost = 373.3
   Vehicle #0 = 0, leaving at = 825.0
   Vehicle #1 = -1, leaving at = inf
   Increment on distance indicator: 5.0
   Increment on tard indicator:     0.0
   Value of tmax indicator:         5.0

Task for patient = 48 with skills = {0,3} and cost = 371.7
   Vehicle #0 = 6, leaving at = 1047.0
   Vehicle #1 = 10, leaving at = 1041.0
   Increment on distance indicator: 25.0
   Increment on tard indicator:     0.0
   Value of tmax indicator:         25.0

Task for patient = 28 with skills = {2,4} and cost = 363.3
   Vehicle #0 = 3, leaving at = 863.0
   Vehicle #1 = 10, leaving at = 866.0
   Increment on distance indicator: 10.0
   Increment on tard indicator:     0.0
   Value of tmax indicator:         10.0

Task for patient = 6 with skills = {3,-1} and cost = 360.0
   Vehicle #0 = 7, leaving at = 900.0
   Vehicle #1 = -1, leaving at = inf
   Increment on distance indicator: 4.0
   Increment on tard indicator:     0.0
   Value of tmax indicator:         4.0

Task for patient = 41 with skills = {1,5} and cost = 358.7
   Vehicle #0 = 5, leaving at = 867.0
   Vehicle #1 = 9, leaving at = 885.0
   Increment on distance indicator: 30.0
   Increment on tard indicator:     0.0
   Value of tmax indicator:         30.0

Task for patient = 2 with skills = {2,-1} and cost = 348.7
   Vehicle #0 = 3, leaving at = 805.0
   Vehicle #1 = -1, leaving at = inf
   Increment on distance indicator: 9.0
   Increment on tard indicator:     0.0
   Value of tmax indicator:         9.0

Task for patient = 9 with skills = {3,-1} and cost = 345.7
   Vehicle #0 = 7, leaving at = 867.0
   Vehicle #1 = -1, leaving at = inf
   Increment on distance indicator: 9.0
   Increment on tard indicator:     0.0
   Value of tmax indicator:         9.0

Task for patient = 3 with skills = {0,3} and cost = 342.7
   Vehicle #0 = 6, leaving at = 984.0
   Vehicle #1 = 14, leaving at = 949.0
   Increment on distance indicator: 12.0
   Increment on tard indicator:     0.0
   Value of tmax indicator:         12.0

Task for patient = 23 with skills = {2,5} and cost = 338.7
   Vehicle #0 = 2, leaving at = 878.0
   Vehicle #1 = 11, leaving at = 880.0
   Increment on distance indicator: 14.0
   Increment on tard indicator:     0.0
   Value of tmax indicator:         14.0

Task for patient = 49 with skills = {4,-1} and cost = 334.0
   Vehicle #0 = 12, leaving at = 754.0
   Vehicle #1 = -1, leaving at = inf
   Increment on distance indicator: 18.0
   Increment on tard indicator:     0.0
   Value of tmax indicator:         18.0

Task for patient = 38 with skills = {2,-1} and cost = 328.0
   Vehicle #0 = 3, leaving at = 754.0
   Vehicle #1 = -1, leaving at = inf
   Increment on distance indicator: 11.0
   Increment on tard indicator:     0.0
   Value of tmax indicator:         11.0

Task for patient = 12 with skills = {1,3} and cost = 324.3
   Vehicle #0 = 1, leaving at = 793.0
   Vehicle #1 = 7, leaving at = 813.0
   Increment on distance indicator: 7.0
   Increment on tard indicator:     0.0
   Value of tmax indicator:         7.0

Task for patient = 67 with skills = {4,-1} and cost = 380.3
   Vehicle #0 = 11, leaving at = 920.0
   Vehicle #1 = -1, leaving at = inf
   Increment on distance indicator: 11.0
   Increment on tard indicator:     0.0
   Value of tmax indicator:         11.0

Task for patient = 53 with skills = {1,-1} and cost = 613.3
   Vehicle #0 = 5, leaving at = 935.0
   Vehicle #1 = -1, leaving at = inf
   Increment on distance indicator: 10.0
   Increment on tard indicator:     0.0
   Value of tmax indicator:         10.0

Task for patient = 44 with skills = {4,-1} and cost = 610.0
   Vehicle #0 = 8, leaving at = 957.0
   Vehicle #1 = -1, leaving at = inf
   Increment on distance indicator: 1.0
   Increment on tard indicator:     0.0
   Value of tmax indicator:         1.0

Task for patient = 37 with skills = {4,-1} and cost = 609.7
   Vehicle #0 = 8, leaving at = 907.0
   Vehicle #1 = -1, leaving at = inf
   Increment on distance indicator: 13.0
   Increment on tard indicator:     0.0
   Value of tmax indicator:         13.0

Task for patient = 59 with skills = {4,-1} and cost = 605.3
   Vehicle #0 = 9, leaving at = 1043.0
   Vehicle #1 = -1, leaving at = inf
   Increment on distance indicator: 12.0
   Increment on tard indicator:     0.0
   Value of tmax indicator:         12.0

Task for patient = 17 with skills = {2,-1} and cost = 513.0
   Vehicle #0 = 2, leaving at = 929.0
   Vehicle #1 = -1, leaving at = inf
   Increment on distance indicator: 26.0
   Increment on tard indicator:     0.0
   Value of tmax indicator:         26.0

Task for patient = 31 with skills = {3,-1} and cost = 438.3
   Vehicle #0 = 7, leaving at = 986.0
   Vehicle #1 = -1, leaving at = inf
   Increment on distance indicator: 6.0
   Increment on tard indicator:     0.0
   Value of tmax indicator:         6.0

Task for patient = 60 with skills = {1,3} and cost = 436.3
   Vehicle #0 = 1, leaving at = 982.0
   Vehicle #1 = 11, leaving at = 968.0
   Increment on distance indicator: 21.0
   Increment on tard indicator:     0.0
   Value of tmax indicator:         21.0

Task for patient = 25 with skills = {3,-1} and cost = 392.3
   Vehicle #0 = 7, leaving at = 942.0
   Vehicle #1 = -1, leaving at = inf
   Increment on distance indicator: 6.0
   Increment on tard indicator:     0.0
   Value of tmax indicator:         6.0

Task for patient = 43 with skills = {4,-1} and cost = 415.7
   Vehicle #0 = 8, leaving at = 841.0
   Vehicle #1 = -1, leaving at = inf
   Increment on distance indicator: 9.0
   Increment on tard indicator:     0.0
   Value of tmax indicator:         9.0

Task for patient = 14 with skills = {1,-1} and cost = 412.7
   Vehicle #0 = 4, leaving at = 779.0
   Vehicle #1 = -1, leaving at = inf
   Increment on distance indicator: 3.0
   Increment on tard indicator:     0.0
   Value of tmax indicator:         3.0

Task for patient = 52 with skills = {2,4} and cost = 411.7
   Vehicle #0 = 3, leaving at = 988.0
   Vehicle #1 = 12, leaving at = 977.0
   Increment on distance indicator: 23.0
   Increment on tard indicator:     0.0
   Value of tmax indicator:         23.0

Task for patient = 70 with skills = {4,-1} and cost = 404.0
   Vehicle #0 = 8, leaving at = 789.0
   Vehicle #1 = -1, leaving at = inf
   Increment on distance indicator: 15.0
   Increment on tard indicator:     0.0
   Value of tmax indicator:         15.0

Task for patient = 57 with skills = {2,-1} and cost = 399.0
   Vehicle #0 = 0, leaving at = 964.0
   Vehicle #1 = -1, leaving at = inf
   Increment on distance indicator: 20.0
   Increment on tard indicator:     0.0
   Value of tmax indicator:         20.0

Task for patient = 30 with skills = {4,-1} and cost = 322.0
   Vehicle #0 = 12, leaving at = 715.0
   Vehicle #1 = -1, leaving at = inf
   Increment on distance indicator: 7.0
   Increment on tard indicator:     0.0
   Value of tmax indicator:         7.0

Task for patient = 47 with skills = {4,-1} and cost = 390.3
   Vehicle #0 = 12, leaving at = 801.0
   Vehicle #1 = -1, leaving at = inf
   Increment on distance indicator: 4.0
   Increment on tard indicator:     0.0
   Value of tmax indicator:         4.0

Task for patient = 56 with skills = {1,-1} and cost = 389.0
   Vehicle #0 = 3, leaving at = 916.0
   Vehicle #1 = -1, leaving at = inf
   Increment on distance indicator: 8.0
   Increment on tard indicator:     0.0
   Value of tmax indicator:         8.0

Task for patient = 45 with skills = {1,-1} and cost = 420.3
   Vehicle #0 = 1, leaving at = 926.0
   Vehicle #1 = -1, leaving at = inf
   Increment on distance indicator: 14.0
   Increment on tard indicator:     0.0
   Value of tmax indicator:         14.0

Task for patient = 26 with skills = {2,-1} and cost = 227.7
   Vehicle #0 = 3, leaving at = 632.0
   Vehicle #1 = -1, leaving at = inf
   Increment on distance indicator: 39.0
   Increment on tard indicator:     0.0
   Value of tmax indicator:         39.0

Task for patient = 69 with skills = {2,4} and cost = 214.7
   Vehicle #0 = 2, leaving at = 712.0
   Vehicle #1 = 10, leaving at = 718.0
   Increment on distance indicator: 8.0
   Increment on tard indicator:     0.0
   Value of tmax indicator:         8.0

Task for patient = 66 with skills = {0,4} and cost = 212.0
   Vehicle #0 = 6, leaving at = 814.0
   Vehicle #1 = 9, leaving at = 828.0
   Increment on distance indicator: 24.0
   Increment on tard indicator:     0.0
   Value of tmax indicator:         24.0

Task for patient = 55 with skills = {1,3} and cost = 189.7
   Vehicle #0 = 3, leaving at = 572.0
   Vehicle #1 = 14, leaving at = 574.0
   Increment on distance indicator: 24.0
   Increment on tard indicator:     0.0
   Value of tmax indicator:         24.0

Task for patient = 35 with skills = {4,-1} and cost = 181.7
   Vehicle #0 = 11, leaving at = 626.0
   Vehicle #1 = -1, leaving at = inf
   Increment on distance indicator: 8.0
   Increment on tard indicator:     0.0
   Value of tmax indicator:         8.0

Task for patient = 50 with skills = {2,3} and cost = 179.0
   Vehicle #0 = 2, leaving at = 672.0
   Vehicle #1 = 10, leaving at = 690.0
   Increment on distance indicator: 51.0
   Increment on tard indicator:     0.0
   Value of tmax indicator:         51.0

Task for patient = 36 with skills = {1,5} and cost = 162.0
   Vehicle #0 = 1, leaving at = 616.0
   Vehicle #1 = 11, leaving at = 591.0
   Increment on distance indicator: 63.0
   Increment on tard indicator:     0.0
   Value of tmax indicator:         63.0

Task for patient = 75 with skills = {5,-1} and cost = 141.0
   Vehicle #0 = 11, leaving at = 550.0
   Vehicle #1 = -1, leaving at = inf
   Increment on distance indicator: 46.0
   Increment on tard indicator:     0.0
   Value of tmax indicator:         46.0

Task for patient = 51 with skills = {2,5} and cost = 319.7
   Vehicle #0 = 2, leaving at = 791.0
   Vehicle #1 = 11, leaving at = 824.0
   Increment on distance indicator: 10.0
   Increment on tard indicator:     0.0
   Value of tmax indicator:         10.0

Task for patient = 42 with skills = {2,-1} and cost = 85.0
   Vehicle #0 = 0, leaving at = 754.0
   Vehicle #1 = -1, leaving at = inf
   Increment on distance indicator: 14.0
   Increment on tard indicator:     0.0
   Value of tmax indicator:         14.0

Task for patient = 4 with skills = {0,3} and cost = 80.3
   Vehicle #0 = 6, leaving at = 672.0
   Vehicle #1 = 7, leaving at = 683.0
   Increment on distance indicator: 37.0
   Increment on tard indicator:     0.0
   Value of tmax indicator:         37.0

Task for patient = 71 with skills = {3,-1} and cost = 68.0
   Vehicle #0 = 7, leaving at = 530.0
   Vehicle #1 = -1, leaving at = inf
   Increment on distance indicator: 40.0
   Increment on tard indicator:     0.0
   Value of tmax indicator:         40.0

Task for patient = 11 with skills = {2,4} and cost = 54.7
   Vehicle #0 = 0, leaving at = 712.0
   Vehicle #1 = 8, leaving at = 747.0
   Increment on distance indicator: 38.0
   Increment on tard indicator:     0.0
   Value of tmax indicator:         38.0

Task for patient = 39 with skills = {2,5} and cost = 42.0
   Vehicle #0 = 0, leaving at = 658.0
   Vehicle #1 = 9, leaving at = 705.0
   Increment on distance indicator: 58.0
   Increment on tard indicator:     0.0
   Value of tmax indicator:         58.0

Task for patient = 58 with skills = {4,-1} and cost = 22.7
   Vehicle #0 = 9, leaving at = 637.0
   Vehicle #1 = -1, leaving at = inf
   Increment on distance indicator: 14.0
   Increment on tard indicator:     0.0
   Value of tmax indicator:         14.0

Task for patient = 64 with skills = {0,4} and cost = 18.0
   Vehicle #0 = 6, leaving at = 611.0
   Vehicle #1 = 8, leaving at = 640.0
   Increment on distance indicator: 38.0
   Increment on tard indicator:     0.0
   Value of tmax indicator:         38.0

Task for patient = 34 with skills = {0,-1} and cost = 5.3
   Vehicle #0 = 6, leaving at = 553.0
   Vehicle #1 = -1, leaving at = inf
   Increment on distance indicator: 16.0
   Increment on tard indicator:     0.0
   Value of tmax indicator:         16.0

Task for patient = 19 with skills = {4,-1} and cost = 125.7
   Vehicle #0 = 10, leaving at = 579.0
   Vehicle #1 = -1, leaving at = inf
   Increment on distance indicator: 46.0
   Increment on tard indicator:     0.0
   Value of tmax indicator:         46.0

Task for patient = 10 with skills = {1,-1} and cost = 316.3
   Vehicle #0 = 4, leaving at = 751.0
   Vehicle #1 = -1, leaving at = inf
   Increment on distance indicator: 12.0
   Increment on tard indicator:     0.0
   Value of tmax indicator:         12.0

Task for patient = 27 with skills = {1,4} and cost = 312.3
   Vehicle #0 = 5, leaving at = 664.0
   Vehicle #1 = 12, leaving at = 672.0
   Increment on distance indicator: 14.0
   Increment on tard indicator:     0.0
   Value of tmax indicator:         14.0

Task for patient = 63 with skills = {1,-1} and cost = 307.7
   Vehicle #0 = 4, leaving at = 723.0
   Vehicle #1 = -1, leaving at = inf
   Increment on distance indicator: 13.0
   Increment on tard indicator:     0.0
   Value of tmax indicator:         13.0

Task for patient = 5 with skills = {0,-1} and cost = 303.3
   Vehicle #0 = 6, leaving at = 925.0
   Vehicle #1 = -1, leaving at = inf
   Increment on distance indicator: 21.0
   Increment on tard indicator:     0.0
   Value of tmax indicator:         21.0

Task for patient = 65 with skills = {1,4} and cost = 296.3
   Vehicle #0 = 5, leaving at = 553.0
   Vehicle #1 = 12, leaving at = 578.0
   Increment on distance indicator: 47.0
   Increment on tard indicator:     0.0
   Value of tmax indicator:         47.0

Task for patient = 46 with skills = {0,-1} and cost = 280.7
   Vehicle #0 = 6, leaving at = 872.0
   Vehicle #1 = -1, leaving at = inf
   Increment on distance indicator: 35.0
   Increment on tard indicator:     0.0
   Value of tmax indicator:         35.0

Task for patient = 74 with skills = {3,-1} and cost = 269.0
   Vehicle #0 = 14, leaving at = 639.0
   Vehicle #1 = -1, leaving at = inf
   Increment on distance indicator: 14.0
   Increment on tard indicator:     0.0
   Value of tmax indicator:         14.0

Task for patient = 68 with skills = {4,-1} and cost = 264.3
   Vehicle #0 = 11, leaving at = 766.0
   Vehicle #1 = -1, leaving at = inf
   Increment on distance indicator: 5.0
   Increment on tard indicator:     0.0
   Value of tmax indicator:         5.0

Task for patient = 20 with skills = {1,3} and cost = 233.0
   Vehicle #0 = 1, leaving at = 655.0
   Vehicle #1 = 11, leaving at = 673.0
   Increment on distance indicator: 16.0
   Increment on tard indicator:     0.0
   Value of tmax indicator:         16.0

Task for patient = 40 with skills = {1,-1} and cost = 262.3
   Vehicle #0 = 4, leaving at = 517.0
   Vehicle #1 = -1, leaving at = inf
   Increment on distance indicator: 9.0
   Increment on tard indicator:     0.0
   Value of tmax indicator:         9.0

Task for patient = 21 with skills = {4,-1} and cost = 259.3
   Vehicle #0 = 11, leaving at = 737.0
   Vehicle #1 = -1, leaving at = inf
   Increment on distance indicator: 7.0
   Increment on tard indicator:     0.0
   Value of tmax indicator:         7.0

Task for patient = 62 with skills = {1,-1} and cost = 257.0
   Vehicle #0 = 1, leaving at = 699.0
   Vehicle #1 = -1, leaving at = inf
   Increment on distance indicator: 5.0
   Increment on tard indicator:     0.0
   Value of tmax indicator:         5.0

Task for patient = 22 with skills = {2,3} and cost = 255.3
   Vehicle #0 = 2, leaving at = 767.0
   Vehicle #1 = 10, leaving at = 765.0
   Increment on distance indicator: 8.0
   Increment on tard indicator:     0.0
   Value of tmax indicator:         8.0

Task for patient = 33 with skills = {4,-1} and cost = 252.7
   Vehicle #0 = 13, leaving at = 979.0
   Vehicle #1 = -1, leaving at = inf
   Increment on distance indicator: 0.0
   Increment on tard indicator:     0.0
   Value of tmax indicator:         0.0

Task for patient = 54 with skills = {1,-1} and cost = 252.7
   Vehicle #0 = 3, leaving at = 714.0
   Vehicle #1 = -1, leaving at = inf
   Increment on distance indicator: 5.0
   Increment on tard indicator:     0.0
   Value of tmax indicator:         5.0

Task for patient = 18 with skills = {4,-1} and cost = 251.0
   Vehicle #0 = 12, leaving at = 504.0
   Vehicle #1 = -1, leaving at = inf
   Increment on distance indicator: 40.0
   Increment on tard indicator:     0.0
   Value of tmax indicator:         40.0

Task for patient = 72 with skills = {2,-1} and cost = 237.7
   Vehicle #0 = 3, leaving at = 667.0
   Vehicle #1 = -1, leaving at = inf
   Increment on distance indicator: 14.0
   Increment on tard indicator:     0.0
   Value of tmax indicator:         14.0

Task for patient = 29 with skills = {1,-1} and cost = 262.7
   Vehicle #0 = 4, leaving at = 694.0
   Vehicle #1 = -1, leaving at = inf
   Increment on distance indicator: 1.0
   Increment on tard indicator:     0.0
   Value of tmax indicator:         1.0


Unused vehicle list: (total = 0 out of 15)

---
Search finished.
Total of 1900 generations in 72.4 seconds.
Exchange elite runs: 23
Implicit path relinking runs: 10
Reset attempts: 1

Best solution found:
   Cost: 833.7
   Total travel time: 1763.0
   Total tardiness time: 527.0
   Largest tardiness: 211.0


833.7
