This host is: malboro
--- BRKGA-MP-IPR for HHCRSP ---
Instance: /home/alberto/work/hhcrsp-dataset-2021/dataset2/HHCRSP_25_5_37_0.4_C_RC.txt
Seed: 15

Reading data... Problem contains 25 patients  and 5 caregivers.

Summary of supply x demand for each service type:
Skill 0 has supply = 1 and demand = 5, ratio = 0.2
Skill 1 has supply = 1 and demand = 4, ratio = 0.25
Skill 2 has supply = 1 and demand = 8, ratio = 0.125
Skill 3 has supply = 2 and demand = 2, ratio = 1
Skill 4 has supply = 2 and demand = 8, ratio = 0.25
Skill 5 has supply = 2 and demand = 6, ratio = 0.333333

Reading parameters...
Inferred distance function by PR type: kendall-tau
Building BRKGA data and initializing...
Evolving 1900 generations...

  Gens  Rem    Local   ElDiv NoImpr             Best solution            Time  Op
                                       Cost     Dist    Tard    TMax 
*    0 1900  1234.00  198.04      0  1234.00   658.00  2655.0   389.0     0.1    
*    2 1898  1118.33  150.54      0  1118.33   681.00  1730.0   203.0     0.2    
*    3 1897   871.33  135.70      0   871.33   667.00  1180.0   402.0     0.2    
*    4 1896   749.67  116.30      0   749.67   682.00  1120.0   280.0     0.3    
*    5 1895   694.00  104.96      0   694.00   686.00   770.0   170.0     0.3    
*    6 1894   542.00   95.55      0   542.00   686.00   770.0   170.0     0.4    
*    8 1892   487.67   83.15      0   487.67   647.00   487.0   154.0     0.5    
*    9 1891   429.33   69.31      0   429.33   670.00   361.0    95.0     0.6    
*   10 1890   375.33   54.30      0   375.33   670.00   361.0    95.0     0.6    
*   13 1887   303.33   37.55      0   303.33   684.00   166.0    60.0     0.8    
*   17 1883   302.67   25.85      0   302.67   669.00   147.0    60.0     1.0    
*   18 1882   292.00   23.00      0   292.00   669.00   147.0    60.0     1.1    
*   22 1878   286.67   13.62      0   286.67   647.00   153.0    60.0     1.3    
*   25 1875   285.00    7.93      0   285.00   663.00   132.0    60.0     1.4    
*   27 1873   283.33    6.99      0   283.33   640.00   150.0    60.0     1.5    

  Gens  Rem    Local   ElDiv NoImpr             Best solution            Time  Op
                                       Cost     Dist    Tard    TMax 
*   30 1870   279.67    5.46      0   279.67   644.00   132.0    60.0     1.7    
*   31 1869   278.67    4.93      0   278.67   644.00   132.0    60.0     1.8    
*   46 1854   278.33    1.63      0   278.33   623.00   152.0    60.0     2.6    
*   49 1851   278.00    1.25      0   278.00   631.00   137.0    60.0     2.8    
*   50 1850   276.00    1.16      0   276.00   631.00   137.0    60.0     2.8    
*   55 1845   274.67    0.97      0   274.67   624.00   137.0    60.0     3.1    
*   56 1844   273.67    0.97      0   273.67   624.00   137.0    60.0     3.2    
*   59 1841   273.33    1.40      0   273.33   628.00   132.0    60.0     3.3    
    80 1820   273.33    1.41     22   273.33   628.00   132.0    60.0     4.5   X
   100 1800   273.33    0.00     41   273.33   628.00   132.0    60.0     5.6    
   138 1762      inf  268.91      0   273.33   628.00   132.0    60.0     7.7   R
   139 1761  1075.00  207.20      0   273.33   628.00   132.0    60.0     7.7    
   150 1750   388.00   47.05      0   273.33   628.00   132.0    60.0     8.3    
   160 1740   293.67    7.49      1   273.33   628.00   132.0    60.0     8.9   X
Path relinking result: elite improvement.
   180 1720   279.00    0.73      9   273.33   628.00   132.0    60.0    10.0   P
   200 1700   278.33    0.31     14   273.33   628.00   132.0    60.0    11.1    

  Gens  Rem    Local   ElDiv NoImpr             Best solution            Time  Op
                                       Cost     Dist    Tard    TMax 
   240 1660   274.67    0.82     26   273.33   628.00   132.0    60.0    13.3   X
   250 1650   273.33    1.46      1   273.33   628.00   132.0    60.0    13.9    
   300 1600   273.33    0.00     51   273.33   628.00   132.0    60.0    16.6    
   320 1580   273.33    0.00     72   273.33   628.00   132.0    60.0    17.7   X
   328 1572      inf  253.08      0   273.33   628.00   132.0    60.0    18.2   R
   329 1571   861.33  220.10      0   273.33   628.00   132.0    60.0    18.2    
   350 1550   280.33    9.61      0   273.33   628.00   132.0    60.0    19.4    
Path relinking result: elite improvement.
   360 1540   273.33    6.50      0   273.33   628.00   132.0    60.0    20.0   P
   400 1500   273.33    1.41     39   273.33   628.00   132.0    60.0    22.2    
   400 1500   273.33    0.00     40   273.33   628.00   132.0    60.0    22.2   X
   440 1460      inf  269.89      0   273.33   628.00   132.0    60.0    24.4   R
   441 1459   959.67  231.48      0   273.33   628.00   132.0    60.0    24.4    
   450 1450   473.67   61.59      1   273.33   628.00   132.0    60.0    24.9    
   480 1420   278.33    1.09      1   273.33   628.00   132.0    60.0    26.6   X
   500 1400   276.33    0.72      6   273.33   628.00   132.0    60.0    27.7    
Path relinking result: no improvement.
   540 1360   275.67    0.00     30   273.33   628.00   132.0    60.0    29.9   P

  Gens  Rem    Local   ElDiv NoImpr             Best solution            Time  Op
                                       Cost     Dist    Tard    TMax 
   550 1350   275.67    0.00     39   273.33   628.00   132.0    60.0    30.5    
   560 1340   275.67    0.00     50   273.33   628.00   132.0    60.0    31.0   X
   590 1310      inf  241.35      0   273.33   628.00   132.0    60.0    32.7   R
   591 1309  1032.00  202.82      0   273.33   628.00   132.0    60.0    32.7    
   600 1300   384.00   66.45      1   273.33   628.00   132.0    60.0    33.2    
   640 1260   278.33    0.51     15   273.33   628.00   132.0    60.0    35.4   X
   650 1250   278.33    0.73     24   273.33   628.00   132.0    60.0    36.0    
   700 1200   277.67    0.31     15   273.33   628.00   132.0    60.0    38.7    
Path relinking result: elite improvement.
   720 1180   277.67    0.31     36   273.33   628.00   132.0    60.0    39.8  PX
   750 1150   277.67    0.00     65   273.33   628.00   132.0    60.0    41.5    
   764 1136      inf  259.70      0   273.33   628.00   132.0    60.0    42.3   R
   765 1135  1070.33  202.51      0   273.33   628.00   132.0    60.0    42.3    
   800 1100   275.67    4.90      0   273.33   628.00   132.0    60.0    44.3    
   800 1100   275.67    2.83      1   273.33   628.00   132.0    60.0    44.3   X
   850 1050   273.33    1.08     41   273.33   628.00   132.0    60.0    47.0    
   880 1020   273.33    0.00     72   273.33   628.00   132.0    60.0    48.7   X

  Gens  Rem    Local   ElDiv NoImpr             Best solution            Time  Op
                                       Cost     Dist    Tard    TMax 
   888 1012      inf  254.50      0   273.33   628.00   132.0    60.0    49.1   R
   889 1011  1119.00  195.63      0   273.33   628.00   132.0    60.0    49.2    
   900 1000   355.33   45.35      0   273.33   628.00   132.0    60.0    49.8    
Path relinking result: elite improvement.
   900 1000   329.33   45.42      0   273.33   628.00   132.0    60.0    49.8   P
   950  950   273.33    1.62     14   273.33   628.00   132.0    60.0    52.6    
   960  940   273.33    0.40     25   273.33   628.00   132.0    60.0    53.1   X
  1000  900   273.33    0.11     64   273.33   628.00   132.0    60.0    55.3    
  1015  885      inf  265.42      0   273.33   628.00   132.0    60.0    56.2   R
  1016  884  1185.33  203.11      0   273.33   628.00   132.0    60.0    56.2    
  1040  860   281.00    4.94      0   273.33   628.00   132.0    60.0    57.5   X
  1050  850   276.00    4.34      0   273.33   628.00   132.0    60.0    58.1    
Path relinking result: elite improvement.
  1080  820   273.33    1.07     20   273.33   628.00   132.0    60.0    59.8   P
  1100  800   273.33    1.09     39   273.33   628.00   132.0    60.0    60.9    
  1120  780   273.33    0.00     60   273.33   628.00   132.0    60.0    62.0   X
  1140  760      inf  268.86      0   273.33   628.00   132.0    60.0    63.1   R
  1141  759  1256.67  196.28      0   273.33   628.00   132.0    60.0    63.1    

  Gens  Rem    Local   ElDiv NoImpr             Best solution            Time  Op
                                       Cost     Dist    Tard    TMax 
  1150  750   364.33   72.03      1   273.33   628.00   132.0    60.0    63.6    
  1200  700   273.33    2.84      4   273.33   628.00   132.0    60.0    66.4    
  1200  700   273.33    2.88      5   273.33   628.00   132.0    60.0    66.4   X
  1250  650   273.33    0.00     54   273.33   628.00   132.0    60.0    69.2    
Path relinking result: no improvement.
  1260  640   273.33    0.00     65   273.33   628.00   132.0    60.0    69.7   P
  1275  625      inf  273.41      0   273.33   628.00   132.0    60.0    70.5   R
  1276  624  1062.67  203.09      0   273.33   628.00   132.0    60.0    70.6    
  1280  620   653.00   94.24      1   273.33   628.00   132.0    60.0    70.8   X
  1300  600   278.67    7.23      0   273.33   628.00   132.0    60.0    71.9    
  1350  550   274.67    0.32     33   273.33   628.00   132.0    60.0    74.7    
  1360  540   274.67    0.33     44   273.33   628.00   132.0    60.0    75.2   X
  1400  500   273.33    1.07     36   273.33   628.00   132.0    60.0    77.4    
Path relinking result: no improvement.
  1440  460   273.33    0.00     77   273.33   628.00   132.0    60.0    79.6  PX
  1443  457      inf  270.24      0   273.33   628.00   132.0    60.0    79.8   R
  1444  456  1041.67  217.36      0   273.33   628.00   132.0    60.0    79.9    
  1450  450   543.00   93.86      0   273.33   628.00   132.0    60.0    80.2    

  Gens  Rem    Local   ElDiv NoImpr             Best solution            Time  Op
                                       Cost     Dist    Tard    TMax 
  1500  400   273.33    0.82      3   273.33   628.00   132.0    60.0    83.0    
  1520  380   273.33    1.10     24   273.33   628.00   132.0    60.0    84.1   X
  1550  350   273.33    0.00     53   273.33   628.00   132.0    60.0    85.7    
  1576  324      inf  258.48      0   273.33   628.00   132.0    60.0    87.2   R
  1577  323  1060.00  206.50      0   273.33   628.00   132.0    60.0    87.2    
  1600  300   278.33    8.05      0   273.33   628.00   132.0    60.0    88.5    
  1600  300   278.33    5.89      1   273.33   628.00   132.0    60.0    88.5   X
Path relinking result: elite improvement.
  1620  280   278.33    0.76     21   273.33   628.00   132.0    60.0    89.6   P
  1650  250   276.33    0.94      4   273.33   628.00   132.0    60.0    91.3    
  1680  220   273.33    0.99      1   273.33   628.00   132.0    60.0    92.9   X
  1700  200   273.33    0.76     20   273.33   628.00   132.0    60.0    94.0    
  1750  150   273.33    1.43     70   273.33   628.00   132.0    60.0    96.8    
  1759  141      inf  263.49      0   273.33   628.00   132.0    60.0    97.3   R
  1760  140   935.00  209.95      0   273.33   628.00   132.0    60.0    97.3    
  1760  140   935.00  149.90      1   273.33   628.00   132.0    60.0    97.3   X
  1800  100   273.33    2.09      2   273.33   628.00   132.0    60.0    99.5    
Path relinking result: elite improvement.

  Gens  Rem    Local   ElDiv NoImpr             Best solution            Time  Op
                                       Cost     Dist    Tard    TMax 
  1800  100   273.33    2.11      3   273.33   628.00   132.0    60.0    99.6   P
  1840   60   273.33    2.34     43   273.33   628.00   132.0    60.0   101.8   X
  1850   50   273.33    0.00     52   273.33   628.00   132.0    60.0   102.3    
  1877   23      inf  279.79      0   273.33   628.00   132.0    60.0   103.8   R
  1878   22   996.67  207.13      0   273.33   628.00   132.0    60.0   103.9    
  1900    0   286.67    8.43      1   273.33   628.00   132.0    60.0   105.0    
Evolutionary process finished.
Solution written to 'solution-26090.txt'.

Sorted sequence of worst to best tardiness value:
Task for patient = 13 with skills = {2,4} and cost = 237.0
   Vehicle #0 = 1, leaving at = 1152.0
   Vehicle #1 = 2, leaving at = 1173.0
   Increment on distance indicator: 71.0
   Increment on tard indicator:     110.0
   Value of tmax indicator:         71.0

Task for patient = 22 with skills = {2,4} and cost = 88.0
   Vehicle #0 = 1, leaving at = 777.0
   Vehicle #1 = 3, leaving at = 777.0
   Increment on distance indicator: 17.0
   Increment on tard indicator:     20.0
   Value of tmax indicator:         17.0

Task for patient = 21 with skills = {2,-1} and cost = 111.0
   Vehicle #0 = 1, leaving at = 873.0
   Vehicle #1 = -1, leaving at = inf
   Increment on distance indicator: 17.0
   Increment on tard indicator:     20.0
   Value of tmax indicator:         17.0

Task for patient = 9 with skills = {0,5} and cost = 245.3
   Vehicle #0 = 0, leaving at = 1089.0
   Vehicle #1 = 4, leaving at = 1149.0
   Increment on distance indicator: 20.0
   Increment on tard indicator:     5.0
   Value of tmax indicator:         20.0

Task for patient = 17 with skills = {4,-1} and cost = 7.0
   Vehicle #0 = 2, leaving at = 632.0
   Vehicle #1 = -1, leaving at = inf
   Increment on distance indicator: 21.0
   Increment on tard indicator:     0.0
   Value of tmax indicator:         21.0

Task for patient = 4 with skills = {0,3} and cost = 163.3
   Vehicle #0 = 0, leaving at = 1028.0
   Vehicle #1 = 3, leaving at = 1028.0
   Increment on distance indicator: 16.0
   Increment on tard indicator:     0.0
   Value of tmax indicator:         16.0

Task for patient = 11 with skills = {2,-1} and cost = 158.0
   Vehicle #0 = 1, leaving at = 1078.0
   Vehicle #1 = -1, leaving at = inf
   Increment on distance indicator: 14.0
   Increment on tard indicator:     0.0
   Value of tmax indicator:         14.0

Task for patient = 24 with skills = {0,-1} and cost = 153.3
   Vehicle #0 = 0, leaving at = 950.0
   Vehicle #1 = -1, leaving at = inf
   Increment on distance indicator: 18.0
   Increment on tard indicator:     0.0
   Value of tmax indicator:         18.0

Task for patient = 5 with skills = {5,-1} and cost = 147.3
   Vehicle #0 = 4, leaving at = 1093.0
   Vehicle #1 = -1, leaving at = inf
   Increment on distance indicator: 3.0
   Increment on tard indicator:     0.0
   Value of tmax indicator:         3.0

Task for patient = 15 with skills = {1,5} and cost = 146.3
   Vehicle #0 = 1, leaving at = 1043.0
   Vehicle #1 = 4, leaving at = 1043.0
   Increment on distance indicator: 11.0
   Increment on tard indicator:     0.0
   Value of tmax indicator:         11.0

Task for patient = 10 with skills = {2,-1} and cost = 142.7
   Vehicle #0 = 1, leaving at = 997.0
   Vehicle #1 = -1, leaving at = inf
   Increment on distance indicator: 12.0
   Increment on tard indicator:     0.0
   Value of tmax indicator:         12.0

Task for patient = 2 with skills = {3,-1} and cost = 138.7
   Vehicle #0 = 2, leaving at = 1017.0
   Vehicle #1 = -1, leaving at = inf
   Increment on distance indicator: 20.0
   Increment on tard indicator:     0.0
   Value of tmax indicator:         20.0

Task for patient = 16 with skills = {2,4} and cost = 132.0
   Vehicle #0 = 1, leaving at = 943.0
   Vehicle #1 = 2, leaving at = 953.0
   Increment on distance indicator: 37.0
   Increment on tard indicator:     0.0
   Value of tmax indicator:         37.0

Task for patient = 23 with skills = {5,-1} and cost = 119.7
   Vehicle #0 = 4, leaving at = 959.0
   Vehicle #1 = -1, leaving at = inf
   Increment on distance indicator: 12.0
   Increment on tard indicator:     0.0
   Value of tmax indicator:         12.0

Task for patient = 7 with skills = {2,4} and cost = 95.3
   Vehicle #0 = 1, leaving at = 832.0
   Vehicle #1 = 2, leaving at = 832.0
   Increment on distance indicator: 17.0
   Increment on tard indicator:     0.0
   Value of tmax indicator:         17.0

Task for patient = 12 with skills = {5,-1} and cost = 89.7
   Vehicle #0 = 3, leaving at = 833.0
   Vehicle #1 = -1, leaving at = inf
   Increment on distance indicator: 5.0
   Increment on tard indicator:     0.0
   Value of tmax indicator:         5.0

Task for patient = 25 with skills = {2,-1} and cost = 19.3
   Vehicle #0 = 1, leaving at = 529.0
   Vehicle #1 = -1, leaving at = inf
   Increment on distance indicator: 37.0
   Increment on tard indicator:     0.0
   Value of tmax indicator:         37.0

Task for patient = 20 with skills = {0,-1} and cost = 72.3
   Vehicle #0 = 0, leaving at = 719.0
   Vehicle #1 = -1, leaving at = inf
   Increment on distance indicator: 22.0
   Increment on tard indicator:     0.0
   Value of tmax indicator:         22.0

Task for patient = 3 with skills = {1,-1} and cost = 65.0
   Vehicle #0 = 1, leaving at = 723.0
   Vehicle #1 = -1, leaving at = inf
   Increment on distance indicator: 29.0
   Increment on tard indicator:     0.0
   Value of tmax indicator:         29.0

Task for patient = 14 with skills = {0,4} and cost = 55.3
   Vehicle #0 = 0, leaving at = 637.0
   Vehicle #1 = 3, leaving at = 657.0
   Increment on distance indicator: 27.0
   Increment on tard indicator:     0.0
   Value of tmax indicator:         27.0

Task for patient = 18 with skills = {4,-1} and cost = 46.3
   Vehicle #0 = 3, leaving at = 595.0
   Vehicle #1 = -1, leaving at = inf
   Increment on distance indicator: 5.0
   Increment on tard indicator:     0.0
   Value of tmax indicator:         5.0

Task for patient = 6 with skills = {1,-1} and cost = 44.7
   Vehicle #0 = 1, leaving at = 660.0
   Vehicle #1 = -1, leaving at = inf
   Increment on distance indicator: 26.0
   Increment on tard indicator:     0.0
   Value of tmax indicator:         26.0

Task for patient = 1 with skills = {4,-1} and cost = 36.0
   Vehicle #0 = 3, leaving at = 537.0
   Vehicle #1 = -1, leaving at = inf
   Increment on distance indicator: 16.0
   Increment on tard indicator:     0.0
   Value of tmax indicator:         16.0

Task for patient = 19 with skills = {1,-1} and cost = 30.7
   Vehicle #0 = 1, leaving at = 605.0
   Vehicle #1 = -1, leaving at = inf
   Increment on distance indicator: 34.0
   Increment on tard indicator:     0.0
   Value of tmax indicator:         34.0

Task for patient = 8 with skills = {5,-1} and cost = 115.7
   Vehicle #0 = 3, leaving at = 899.0
   Vehicle #1 = -1, leaving at = inf
   Increment on distance indicator: 14.0
   Increment on tard indicator:     0.0
   Value of tmax indicator:         14.0


Unused vehicle list: (total = 0 out of 5)

---
Search finished.
Total of 1900 generations in 105.0 seconds.
Exchange elite runs: 23
Implicit path relinking runs: 10
Reset attempts: 13

Best solution found:
   Cost: 273.3
   Total travel time: 628.0
   Total tardiness time: 132.0
   Largest tardiness: 60.0


273.3
