This host is: panku
--- BRKGA-MP-IPR for HHCRSP ---
Instance: new-dataset/instances-75/HHCRSP_75_15_97_1.0_C_C.txt
Seed: 18

Reading data... Problem contains 75 patients  and 15 caregivers.

Summary of supply x demand for each service type:
Skill 0 has supply = 1 and demand = 12, ratio = 0.0833333
Skill 1 has supply = 6 and demand = 27, ratio = 0.222222
Skill 2 has supply = 3 and demand = 10, ratio = 0.3
Skill 3 has supply = 4 and demand = 19, ratio = 0.210526
Skill 4 has supply = 6 and demand = 25, ratio = 0.24
Skill 5 has supply = 3 and demand = 6, ratio = 0.5

Reading parameters...
Inferred distance function by PR type: kendall-tau
Building BRKGA data and initializing...
Evolving 1900 generations...

  Gens  Rem    Local   ElDiv NoImpr             Best solution            Time  Op
                                       Cost     Dist    Tard    TMax 
*    0 1900  2606.00  248.93      0  2606.00  1581.00  5747.0   490.0     0.0    
*    2 1898  2473.67  212.78      0  2473.67  1541.00  4231.0   490.0     0.1    
*    3 1897  2087.33  192.80      0  2087.33  1484.00  4209.0   417.0     0.2    
*    4 1896  2036.67  177.30      0  2036.67  1484.00  4209.0   417.0     0.2    
*    6 1894  1905.33  179.08      0  1905.33  1418.00  3897.0   396.0     0.3    
*    7 1893  1903.67  168.35      0  1903.67  1356.00  2623.0   356.0     0.3    
*    8 1892  1445.00  150.84      0  1445.00  1356.00  2623.0   356.0     0.4    
*   12 1888  1406.67  119.39      0  1406.67  1389.00  2385.0   360.0     0.5    
*   13 1887  1378.00  105.52      0  1378.00  1418.00  2307.0   242.0     0.6    
*   14 1886  1322.33  106.78      0  1322.33  1310.00  1865.0   444.0     0.6    
*   15 1885  1206.33   99.66      0  1206.33  1310.00  1865.0   444.0     0.6    
*   17 1883  1202.33   86.25      0  1202.33  1447.00  1573.0   238.0     0.7    
*   18 1882  1086.00   85.85      0  1086.00  1447.00  1573.0   238.0     0.8    
*   20 1880   985.00   79.99      0   985.00  1213.00  1544.0   198.0     0.8    
*   22 1878   946.33   75.85      0   946.33  1263.00  1198.0   255.0     0.9    

  Gens  Rem    Local   ElDiv NoImpr             Best solution            Time  Op
                                       Cost     Dist    Tard    TMax 
*   23 1877   905.33   71.48      0   905.33  1393.00   986.0   213.0     1.0    
*   24 1876   864.00   62.94      0   864.00  1351.00  1024.0   214.0     1.0    
*   25 1875   863.00   56.32      0   863.00  1351.00  1024.0   214.0     1.0    
*   28 1872   855.00   42.26      0   855.00  1239.00  1072.0   254.0     1.2    
*   30 1870   827.33   34.20      0   827.33  1316.00   896.0   201.0     1.2    
*   31 1869   804.33   35.02      0   804.33  1253.00   820.0   254.0     1.3    
*   32 1868   775.67   34.89      0   775.67  1194.00   779.0   252.0     1.3    
*   33 1867   741.67   31.58      0   741.67  1194.00   779.0   252.0     1.4    
*   40 1860   731.00   16.16      0   731.00  1154.00   723.0   253.0     1.6    
*   41 1859   710.00   15.73      0   710.00  1146.00   723.0   252.0     1.7    
*   42 1858   707.00   15.86      0   707.00  1146.00   723.0   252.0     1.7    
*   44 1856   699.33   16.01      0   699.33  1151.00   690.0   254.0     1.8    
*   45 1855   698.33   15.68      0   698.33  1151.00   690.0   254.0     1.8    
*   49 1851   697.33   12.21      0   697.33  1089.00   740.0   251.0     2.0    
*   50 1850   693.33   11.76      0   693.33  1089.00   740.0   251.0     2.0    
*   52 1848   693.00   11.03      0   693.00  1105.00   698.0   251.0     2.1    

  Gens  Rem    Local   ElDiv NoImpr             Best solution            Time  Op
                                       Cost     Dist    Tard    TMax 
*   53 1847   684.67    9.87      0   684.67  1105.00   698.0   251.0     2.1    
*   56 1844   683.33    9.07      0   683.33  1105.00   694.0   251.0     2.3    
*   58 1842   681.00    8.53      0   681.00  1071.00   720.0   251.0     2.3    
*   59 1841   680.67    8.22      0   680.67  1086.00   700.0   251.0     2.4    
*   60 1840   679.00    8.41      0   679.00  1083.00   670.0   253.0     2.4    
*   61 1839   668.67    8.20      0   668.67  1029.00   722.0   252.0     2.5    
*   62 1838   667.67    7.72      0   667.67  1029.00   722.0   252.0     2.5    
*   65 1835   663.00    7.67      0   663.00  1044.00   694.0   251.0     2.6    
*   69 1831   659.67    7.72      0   659.67  1034.00   694.0   251.0     2.8    
*   76 1824   659.00    6.38      0   659.00  1027.00   699.0   251.0     3.1    
*   79 1821   657.67    5.12      0   657.67  1025.00   697.0   251.0     3.2    
    80 1820   657.67    1.51      2   657.67  1025.00   697.0   251.0     3.2   X
*   92 1808   657.00    1.48      0   657.00  1023.00   697.0   251.0     3.7    
*   97 1803   653.33    1.55      0   653.33  1015.00   694.0   251.0     3.9    
   100 1800   653.33    1.56      3   653.33  1015.00   694.0   251.0     4.0    
*  122 1778   652.33    3.17      0   652.33  1012.00   694.0   251.0     4.9    

  Gens  Rem    Local   ElDiv NoImpr             Best solution            Time  Op
                                       Cost     Dist    Tard    TMax 
*  127 1773   652.00    3.55      0   652.00  1011.00   694.0   251.0     5.1    
*  129 1771   651.67    3.61      0   651.67  1010.00   694.0   251.0     5.1    
*  131 1769   651.33    3.67      0   651.33  1009.00   694.0   251.0     5.2    
*  138 1762   651.00    3.64      0   651.00  1008.00   694.0   251.0     5.5    
*  142 1758   650.33    3.32      0   650.33  1006.00   694.0   251.0     5.6    
   150 1750   650.33    2.74      8   650.33  1006.00   694.0   251.0     6.0    
*  154 1746   650.00    2.20      0   650.00  1005.00   694.0   251.0     6.1    
   160 1740   650.00    0.42      7   650.00  1005.00   694.0   251.0     6.4   X
*  165 1735   649.67    0.34      0   649.67  1004.00   694.0   251.0     6.5    
Path relinking result: elite improvement.
   180 1720   649.67    0.15     16   649.67  1004.00   694.0   251.0     7.1   P
   200 1700   649.67    0.00     35   649.67  1004.00   694.0   251.0     7.9    
   240 1660   649.67    0.00     76   649.67  1004.00   694.0   251.0     9.5   X
   250 1650   649.67    0.00     85   649.67  1004.00   694.0   251.0     9.9    
   300 1600   649.67    0.00    135   649.67  1004.00   694.0   251.0    11.8    
   320 1580   649.67    0.00    156   649.67  1004.00   694.0   251.0    12.6   X
   350 1550   649.67    0.00    185   649.67  1004.00   694.0   251.0    13.8    
Path relinking result: no improvement.

  Gens  Rem    Local   ElDiv NoImpr             Best solution            Time  Op
                                       Cost     Dist    Tard    TMax 
   360 1540   649.67    0.00    196   649.67  1004.00   694.0   251.0    14.2   P
   400 1500   649.67    0.00    235   649.67  1004.00   694.0   251.0    15.7    
   400 1500   649.67    0.00    236   649.67  1004.00   694.0   251.0    15.7   X
   450 1450   649.67    0.00    285   649.67  1004.00   694.0   251.0    17.7    
   480 1420   649.67    0.00    316   649.67  1004.00   694.0   251.0    18.9   X
   500 1400   649.67    0.00    335   649.67  1004.00   694.0   251.0    19.7    
Path relinking result: no improvement.
   540 1360   649.67    0.00    376   649.67  1004.00   694.0   251.0    21.3   P
   550 1350   649.67    0.00    385   649.67  1004.00   694.0   251.0    21.7    
   560 1340   649.67    0.00    396   649.67  1004.00   694.0   251.0    22.0   X
   600 1300   649.67    0.00    435   649.67  1004.00   694.0   251.0    23.6    
   640 1260   649.67    0.00    476   649.67  1004.00   694.0   251.0    25.2   X
   650 1250   649.67    0.00    485   649.67  1004.00   694.0   251.0    25.6    
   700 1200   649.67    0.00    535   649.67  1004.00   694.0   251.0    27.5    
Path relinking result: no improvement.
   720 1180   649.67    0.00    556   649.67  1004.00   694.0   251.0    28.3  PX
   750 1150   649.67    0.00    585   649.67  1004.00   694.0   251.0    29.4    
   800 1100   649.67    0.00    635   649.67  1004.00   694.0   251.0    31.4    

  Gens  Rem    Local   ElDiv NoImpr             Best solution            Time  Op
                                       Cost     Dist    Tard    TMax 
   800 1100   649.67    0.00    636   649.67  1004.00   694.0   251.0    31.4   X
   850 1050   649.67    0.00    685   649.67  1004.00   694.0   251.0    33.4    
   864 1036      inf  286.94      0   649.67  1004.00   694.0   251.0    33.9   R
   865 1035  2577.33  258.06      0   649.67  1004.00   694.0   251.0    34.0    
   880 1020  1186.67   79.27      0   649.67  1004.00   694.0   251.0    34.6   X
   900 1000   730.00   26.85      0   649.67  1004.00   694.0   251.0    35.4    
Path relinking result: best improvement.
   900 1000   725.67   28.01      0   649.67  1004.00   694.0   251.0    35.4   P
   950  950   659.33    5.58      0   649.67  1004.00   694.0   251.0    37.4    
   960  940   655.00    2.09      3   649.67  1004.00   694.0   251.0    37.8   X
*  997  903   649.00    5.03      0   649.00  1045.00   708.0   193.0    39.2    
*  998  902   648.67    5.16      0   648.67  1045.00   708.0   193.0    39.3    
* 1000  900   648.33    5.58      0   648.33  1044.00   708.0   193.0    39.3    
* 1002  898   648.00    5.81      0   648.00  1043.00   708.0   193.0    39.4    
* 1005  895   647.67    5.91      0   647.67  1042.00   708.0   193.0    39.5    
* 1014  886   647.33    6.12      0   647.33  1041.00   708.0   193.0    39.9    
* 1018  882   645.00    6.01      0   645.00  1050.00   693.0   192.0    40.1    

  Gens  Rem    Local   ElDiv NoImpr             Best solution            Time  Op
                                       Cost     Dist    Tard    TMax 
* 1030  870   643.33    6.36      0   643.33  1045.00   693.0   192.0    40.5    
* 1037  863   640.00    6.27      0   640.00  1035.00   693.0   192.0    40.8    
  1040  860   640.00    6.38      4   640.00  1035.00   693.0   192.0    40.9   X
  1050  850   640.00    0.11     13   640.00  1035.00   693.0   192.0    41.3    
Path relinking result: no improvement.
  1080  820   640.00    0.00     44   640.00  1035.00   693.0   192.0    42.5   P
  1100  800   640.00    0.00     63   640.00  1035.00   693.0   192.0    43.3    
  1120  780   640.00    0.00     84   640.00  1035.00   693.0   192.0    44.1   X
  1150  750   640.00    0.00    113   640.00  1035.00   693.0   192.0    45.3    
  1200  700   640.00    0.00    163   640.00  1035.00   693.0   192.0    47.2    
  1200  700   640.00    0.00    164   640.00  1035.00   693.0   192.0    47.2   X
  1250  650   640.00    0.00    213   640.00  1035.00   693.0   192.0    49.2    
Path relinking result: no improvement.
  1260  640   640.00    0.00    224   640.00  1035.00   693.0   192.0    49.6   P
  1280  620   640.00    0.00    244   640.00  1035.00   693.0   192.0    50.3   X
  1300  600   640.00    0.00    263   640.00  1035.00   693.0   192.0    51.1    
  1350  550   640.00    0.00    313   640.00  1035.00   693.0   192.0    53.1    
  1360  540   640.00    0.00    324   640.00  1035.00   693.0   192.0    53.5   X

  Gens  Rem    Local   ElDiv NoImpr             Best solution            Time  Op
                                       Cost     Dist    Tard    TMax 
  1400  500   640.00    0.00    363   640.00  1035.00   693.0   192.0    55.0    
Path relinking result: no improvement.
  1440  460   640.00    0.00    404   640.00  1035.00   693.0   192.0    56.6  PX
  1450  450   640.00    0.00    413   640.00  1035.00   693.0   192.0    57.0    
  1500  400   640.00    0.00    463   640.00  1035.00   693.0   192.0    58.9    
  1520  380   640.00    0.00    484   640.00  1035.00   693.0   192.0    59.7   X
  1550  350   640.00    0.00    513   640.00  1035.00   693.0   192.0    60.9    
  1600  300   640.00    0.00    563   640.00  1035.00   693.0   192.0    62.8    
  1600  300   640.00    0.00    564   640.00  1035.00   693.0   192.0    62.8   X
Path relinking result: no improvement.
  1620  280   640.00    0.00    584   640.00  1035.00   693.0   192.0    63.6   P
  1650  250   640.00    0.00    613   640.00  1035.00   693.0   192.0    64.8    
  1680  220   640.00    0.00    644   640.00  1035.00   693.0   192.0    65.9   X
  1700  200   640.00    0.00    663   640.00  1035.00   693.0   192.0    66.7    
  1736  164      inf  284.68      0   640.00  1035.00   693.0   192.0    68.2   R
  1737  163  2316.00  261.91      0   640.00  1035.00   693.0   192.0    68.2    
  1750  150  1393.00  109.20      1   640.00  1035.00   693.0   192.0    68.7    
  1760  140   935.00   49.21      0   640.00  1035.00   693.0   192.0    69.1   X

  Gens  Rem    Local   ElDiv NoImpr             Best solution            Time  Op
                                       Cost     Dist    Tard    TMax 
  1800  100   677.33    8.89      0   640.00  1035.00   693.0   192.0    70.7    
Path relinking result: elite improvement.
  1800  100   677.33    8.92      1   640.00  1035.00   693.0   192.0    70.7   P
  1840   60   646.33    2.55      1   640.00  1035.00   693.0   192.0    72.3   X
  1850   50   642.00    4.15      0   640.00  1035.00   693.0   192.0    72.7    
* 1859   41   639.33    3.37      0   639.33  1035.00   684.0   198.0    73.0    
* 1860   40   639.00    3.11      0   639.00  1033.00   684.0   198.0    73.1    
* 1861   39   638.33    2.92      0   638.33  1033.00   684.0   198.0    73.1    
* 1868   32   638.00    1.52      0   638.00  1032.00   684.0   198.0    73.4    
* 1870   30   637.67    1.25      0   637.67  1031.00   684.0   198.0    73.4    
* 1875   25   637.33    1.00      0   637.33  1030.00   684.0   198.0    73.6    
* 1889   11   637.00    0.10      0   637.00  1029.00   684.0   198.0    74.2    
  1900    0   637.00    0.00     11   637.00  1029.00   684.0   198.0    74.6    
Evolutionary process finished.
Solution written to 'solution-8204.txt'.

Sorted sequence of worst to best tardiness value:
Task for patient = 21 with skills = {0,-1} and cost = 467.0
   Vehicle #0 = 6, leaving at = 1036.0
   Vehicle #1 = -1, leaving at = inf
   Increment on distance indicator: 12.0
   Increment on tard indicator:     198.0
   Value of tmax indicator:         12.0

Task for patient = 48 with skills = {0,-1} and cost = 281.7
   Vehicle #0 = 6, leaving at = 918.0
   Vehicle #1 = -1, leaving at = inf
   Increment on distance indicator: 4.0
   Increment on tard indicator:     188.0
   Value of tmax indicator:         4.0

Task for patient = 2 with skills = {0,-1} and cost = 380.7
   Vehicle #0 = 6, leaving at = 968.0
   Vehicle #1 = -1, leaving at = inf
   Increment on distance indicator: 29.0
   Increment on tard indicator:     135.0
   Value of tmax indicator:         29.0

Task for patient = 35 with skills = {0,-1} and cost = 550.3
   Vehicle #0 = 6, leaving at = 1126.0
   Vehicle #1 = -1, leaving at = inf
   Increment on distance indicator: 39.0
   Increment on tard indicator:     102.0
   Value of tmax indicator:         39.0

Task for patient = 41 with skills = {0,-1} and cost = 141.7
   Vehicle #0 = 6, leaving at = 876.0
   Vehicle #1 = -1, leaving at = inf
   Increment on distance indicator: 1.0
   Increment on tard indicator:     58.0
   Value of tmax indicator:         1.0

Task for patient = 20 with skills = {3,-1} and cost = 285.7
   Vehicle #0 = 7, leaving at = 924.0
   Vehicle #1 = -1, leaving at = inf
   Increment on distance indicator: 2.0
   Increment on tard indicator:     3.0
   Value of tmax indicator:         2.0

Task for patient = 14 with skills = {4,-1} and cost = 393.7
   Vehicle #0 = 10, leaving at = 916.0
   Vehicle #1 = -1, leaving at = inf
   Increment on distance indicator: 2.0
   Increment on tard indicator:     0.0
   Value of tmax indicator:         2.0

Task for patient = 55 with skills = {1,4} and cost = 393.0
   Vehicle #0 = 5, leaving at = 890.0
   Vehicle #1 = 9, leaving at = 901.0
   Increment on distance indicator: 9.0
   Increment on tard indicator:     0.0
   Value of tmax indicator:         9.0

Task for patient = 62 with skills = {4,-1} and cost = 390.0
   Vehicle #0 = 10, leaving at = 857.0
   Vehicle #1 = -1, leaving at = inf
   Increment on distance indicator: 6.0
   Increment on tard indicator:     0.0
   Value of tmax indicator:         6.0

Task for patient = 64 with skills = {4,-1} and cost = 388.0
   Vehicle #0 = 8, leaving at = 880.0
   Vehicle #1 = -1, leaving at = inf
   Increment on distance indicator: 6.0
   Increment on tard indicator:     0.0
   Value of tmax indicator:         6.0

Task for patient = 5 with skills = {1,-1} and cost = 386.0
   Vehicle #0 = 5, leaving at = 866.0
   Vehicle #1 = -1, leaving at = inf
   Increment on distance indicator: 14.0
   Increment on tard indicator:     0.0
   Value of tmax indicator:         14.0

Task for patient = 4 with skills = {1,-1} and cost = 381.3
   Vehicle #0 = 1, leaving at = 758.0
   Vehicle #1 = -1, leaving at = inf
   Increment on distance indicator: 2.0
   Increment on tard indicator:     0.0
   Value of tmax indicator:         2.0

Task for patient = 28 with skills = {4,-1} and cost = 326.0
   Vehicle #0 = 9, leaving at = 861.0
   Vehicle #1 = -1, leaving at = inf
   Increment on distance indicator: 2.0
   Increment on tard indicator:     0.0
   Value of tmax indicator:         2.0

Task for patient = 25 with skills = {1,3} and cost = 321.3
   Vehicle #0 = 3, leaving at = 910.0
   Vehicle #1 = 14, leaving at = 895.0
   Increment on distance indicator: 25.0
   Increment on tard indicator:     0.0
   Value of tmax indicator:         25.0

Task for patient = 10 with skills = {2,-1} and cost = 313.0
   Vehicle #0 = 3, leaving at = 853.0
   Vehicle #1 = -1, leaving at = inf
   Increment on distance indicator: 9.0
   Increment on tard indicator:     0.0
   Value of tmax indicator:         9.0

Task for patient = 18 with skills = {2,-1} and cost = 310.0
   Vehicle #0 = 2, leaving at = 847.0
   Vehicle #1 = -1, leaving at = inf
   Increment on distance indicator: 9.0
   Increment on tard indicator:     0.0
   Value of tmax indicator:         9.0

Task for patient = 75 with skills = {3,-1} and cost = 307.0
   Vehicle #0 = 10, leaving at = 833.0
   Vehicle #1 = -1, leaving at = inf
   Increment on distance indicator: 13.0
   Increment on tard indicator:     0.0
   Value of tmax indicator:         13.0

Task for patient = 16 with skills = {1,4} and cost = 302.7
   Vehicle #0 = 5, leaving at = 810.0
   Vehicle #1 = 8, leaving at = 841.0
   Increment on distance indicator: 20.0
   Increment on tard indicator:     0.0
   Value of tmax indicator:         20.0

Task for patient = 65 with skills = {4,-1} and cost = 294.3
   Vehicle #0 = 12, leaving at = 815.0
   Vehicle #1 = -1, leaving at = inf
   Increment on distance indicator: 13.0
   Increment on tard indicator:     0.0
   Value of tmax indicator:         13.0

Task for patient = 44 with skills = {2,-1} and cost = 325.3
   Vehicle #0 = 2, leaving at = 973.0
   Vehicle #1 = -1, leaving at = inf
   Increment on distance indicator: 12.0
   Increment on tard indicator:     0.0
   Value of tmax indicator:         12.0

Task for patient = 51 with skills = {1,-1} and cost = 562.7
   Vehicle #0 = 5, leaving at = 1054.0
   Vehicle #1 = -1, leaving at = inf
   Increment on distance indicator: 5.0
   Increment on tard indicator:     0.0
   Value of tmax indicator:         5.0

Task for patient = 47 with skills = {2,3} and cost = 561.0
   Vehicle #0 = 0, leaving at = 986.0
   Vehicle #1 = 11, leaving at = 1031.0
   Increment on distance indicator: 19.0
   Increment on tard indicator:     0.0
   Value of tmax indicator:         19.0

Task for patient = 38 with skills = {2,-1} and cost = 554.7
   Vehicle #0 = 2, leaving at = 1085.0
   Vehicle #1 = -1, leaving at = inf
   Increment on distance indicator: 9.0
   Increment on tard indicator:     0.0
   Value of tmax indicator:         9.0

Task for patient = 33 with skills = {1,-1} and cost = 551.7
   Vehicle #0 = 5, leaving at = 1007.0
   Vehicle #1 = -1, leaving at = inf
   Increment on distance indicator: 4.0
   Increment on tard indicator:     0.0
   Value of tmax indicator:         4.0

Task for patient = 12 with skills = {4,-1} and cost = 503.3
   Vehicle #0 = 12, leaving at = 972.0
   Vehicle #1 = -1, leaving at = inf
   Increment on distance indicator: 4.0
   Increment on tard indicator:     0.0
   Value of tmax indicator:         4.0

Task for patient = 11 with skills = {1,3} and cost = 502.0
   Vehicle #0 = 4, leaving at = 950.0
   Vehicle #1 = 11, leaving at = 969.0
   Increment on distance indicator: 16.0
   Increment on tard indicator:     0.0
   Value of tmax indicator:         16.0

Task for patient = 63 with skills = {4,-1} and cost = 496.7
   Vehicle #0 = 9, leaving at = 1053.0
   Vehicle #1 = -1, leaving at = inf
   Increment on distance indicator: 1.0
   Increment on tard indicator:     0.0
   Value of tmax indicator:         1.0

Task for patient = 56 with skills = {1,3} and cost = 496.3
   Vehicle #0 = 1, leaving at = 980.0
   Vehicle #1 = 10, leaving at = 1002.0
   Increment on distance indicator: 6.0
   Increment on tard indicator:     0.0
   Value of tmax indicator:         6.0

Task for patient = 74 with skills = {1,3} and cost = 296.0
   Vehicle #0 = 0, leaving at = 867.0
   Vehicle #1 = 11, leaving at = 901.0
   Increment on distance indicator: 5.0
   Increment on tard indicator:     0.0
   Value of tmax indicator:         5.0

Task for patient = 43 with skills = {1,-1} and cost = 490.7
   Vehicle #0 = 4, leaving at = 910.0
   Vehicle #1 = -1, leaving at = inf
   Increment on distance indicator: 6.0
   Increment on tard indicator:     0.0
   Value of tmax indicator:         6.0

Task for patient = 26 with skills = {2,3} and cost = 488.7
   Vehicle #0 = 0, leaving at = 909.0
   Vehicle #1 = 11, leaving at = 918.0
   Increment on distance indicator: 2.0
   Increment on tard indicator:     0.0
   Value of tmax indicator:         2.0

Task for patient = 58 with skills = {1,3} and cost = 488.0
   Vehicle #0 = 5, leaving at = 956.0
   Vehicle #1 = 14, leaving at = 956.0
   Increment on distance indicator: 11.0
   Increment on tard indicator:     0.0
   Value of tmax indicator:         11.0

Task for patient = 19 with skills = {3,-1} and cost = 484.3
   Vehicle #0 = 10, leaving at = 952.0
   Vehicle #1 = -1, leaving at = inf
   Increment on distance indicator: 2.0
   Increment on tard indicator:     0.0
   Value of tmax indicator:         2.0

Task for patient = 9 with skills = {2,5} and cost = 483.7
   Vehicle #0 = 3, leaving at = 1042.0
   Vehicle #1 = 9, leaving at = 1014.0
   Increment on distance indicator: 12.0
   Increment on tard indicator:     0.0
   Value of tmax indicator:         12.0

Task for patient = 32 with skills = {2,4} and cost = 479.7
   Vehicle #0 = 3, leaving at = 971.0
   Vehicle #1 = 9, leaving at = 983.0
   Increment on distance indicator: 14.0
   Increment on tard indicator:     0.0
   Value of tmax indicator:         14.0

Task for patient = 3 with skills = {1,4} and cost = 475.0
   Vehicle #0 = 1, leaving at = 923.0
   Vehicle #1 = 8, leaving at = 922.0
   Increment on distance indicator: 9.0
   Increment on tard indicator:     0.0
   Value of tmax indicator:         9.0

Task for patient = 66 with skills = {1,-1} and cost = 472.0
   Vehicle #0 = 3, leaving at = 933.0
   Vehicle #1 = -1, leaving at = inf
   Increment on distance indicator: 6.0
   Increment on tard indicator:     0.0
   Value of tmax indicator:         6.0

Task for patient = 69 with skills = {2,-1} and cost = 470.0
   Vehicle #0 = 2, leaving at = 1034.0
   Vehicle #1 = -1, leaving at = inf
   Increment on distance indicator: 9.0
   Increment on tard indicator:     0.0
   Value of tmax indicator:         9.0

Task for patient = 30 with skills = {1,3} and cost = 494.3
   Vehicle #0 = 1, leaving at = 948.0
   Vehicle #1 = 10, leaving at = 975.0
   Increment on distance indicator: 11.0
   Increment on tard indicator:     0.0
   Value of tmax indicator:         11.0

Task for patient = 31 with skills = {0,5} and cost = 87.0
   Vehicle #0 = 6, leaving at = 772.0
   Vehicle #1 = 14, leaving at = 813.0
   Increment on distance indicator: 24.0
   Increment on tard indicator:     0.0
   Value of tmax indicator:         24.0

Task for patient = 1 with skills = {3,-1} and cost = 79.0
   Vehicle #0 = 7, leaving at = 624.0
   Vehicle #1 = -1, leaving at = inf
   Increment on distance indicator: 7.0
   Increment on tard indicator:     0.0
   Value of tmax indicator:         7.0

Task for patient = 52 with skills = {3,-1} and cost = 76.7
   Vehicle #0 = 7, leaving at = 596.0
   Vehicle #1 = -1, leaving at = inf
   Increment on distance indicator: 7.0
   Increment on tard indicator:     0.0
   Value of tmax indicator:         7.0

Task for patient = 72 with skills = {0,5} and cost = 74.3
   Vehicle #0 = 6, leaving at = 742.0
   Vehicle #1 = 11, leaving at = 759.0
   Increment on distance indicator: 17.0
   Increment on tard indicator:     0.0
   Value of tmax indicator:         17.0

Task for patient = 59 with skills = {4,-1} and cost = 68.7
   Vehicle #0 = 9, leaving at = 705.0
   Vehicle #1 = -1, leaving at = inf
   Increment on distance indicator: 5.0
   Increment on tard indicator:     0.0
   Value of tmax indicator:         5.0

Task for patient = 23 with skills = {0,3} and cost = 67.0
   Vehicle #0 = 6, leaving at = 668.0
   Vehicle #1 = 10, leaving at = 623.0
   Increment on distance indicator: 39.0
   Increment on tard indicator:     0.0
   Value of tmax indicator:         39.0

Task for patient = 39 with skills = {4,-1} and cost = 54.0
   Vehicle #0 = 10, leaving at = 580.0
   Vehicle #1 = -1, leaving at = inf
   Increment on distance indicator: 9.0
   Increment on tard indicator:     0.0
   Value of tmax indicator:         9.0

Task for patient = 70 with skills = {4,-1} and cost = 51.0
   Vehicle #0 = 8, leaving at = 634.0
   Vehicle #1 = -1, leaving at = inf
   Increment on distance indicator: 7.0
   Increment on tard indicator:     0.0
   Value of tmax indicator:         7.0

Task for patient = 46 with skills = {4,-1} and cost = 290.0
   Vehicle #0 = 11, leaving at = 840.0
   Vehicle #1 = -1, leaving at = inf
   Increment on distance indicator: 4.0
   Increment on tard indicator:     0.0
   Value of tmax indicator:         4.0

Task for patient = 61 with skills = {1,-1} and cost = 44.3
   Vehicle #0 = 3, leaving at = 620.0
   Vehicle #1 = -1, leaving at = inf
   Increment on distance indicator: 0.0
   Increment on tard indicator:     0.0
   Value of tmax indicator:         0.0

Task for patient = 45 with skills = {3,-1} and cost = 44.3
   Vehicle #0 = 11, leaving at = 705.0
   Vehicle #1 = -1, leaving at = inf
   Increment on distance indicator: 17.0
   Increment on tard indicator:     0.0
   Value of tmax indicator:         17.0

Task for patient = 37 with skills = {0,-1} and cost = 38.7
   Vehicle #0 = 6, leaving at = 576.0
   Vehicle #1 = -1, leaving at = inf
   Increment on distance indicator: 20.0
   Increment on tard indicator:     0.0
   Value of tmax indicator:         20.0

Task for patient = 15 with skills = {0,3} and cost = 32.0
   Vehicle #0 = 6, leaving at = 527.0
   Vehicle #1 = 7, leaving at = 528.0
   Increment on distance indicator: 18.0
   Increment on tard indicator:     0.0
   Value of tmax indicator:         18.0

Task for patient = 73 with skills = {1,5} and cost = 26.0
   Vehicle #0 = 1, leaving at = 636.0
   Vehicle #1 = 11, leaving at = 642.0
   Increment on distance indicator: 22.0
   Increment on tard indicator:     0.0
   Value of tmax indicator:         22.0

Task for patient = 53 with skills = {1,-1} and cost = 18.7
   Vehicle #0 = 0, leaving at = 735.0
   Vehicle #1 = -1, leaving at = inf
   Increment on distance indicator: 10.0
   Increment on tard indicator:     0.0
   Value of tmax indicator:         10.0

Task for patient = 34 with skills = {5,-1} and cost = 15.3
   Vehicle #0 = 9, leaving at = 681.0
   Vehicle #1 = -1, leaving at = inf
   Increment on distance indicator: 29.0
   Increment on tard indicator:     0.0
   Value of tmax indicator:         29.0

Task for patient = 13 with skills = {1,-1} and cost = 5.7
   Vehicle #0 = 0, leaving at = 678.0
   Vehicle #1 = -1, leaving at = inf
   Increment on distance indicator: 17.0
   Increment on tard indicator:     0.0
   Value of tmax indicator:         17.0

Task for patient = 6 with skills = {4,-1} and cost = 48.7
   Vehicle #0 = 8, leaving at = 592.0
   Vehicle #1 = -1, leaving at = inf
   Increment on distance indicator: 13.0
   Increment on tard indicator:     0.0
   Value of tmax indicator:         13.0

Task for patient = 60 with skills = {1,-1} and cost = 563.7
   Vehicle #0 = 1, leaving at = 1025.0
   Vehicle #1 = -1, leaving at = inf
   Increment on distance indicator: 3.0
   Increment on tard indicator:     0.0
   Value of tmax indicator:         3.0

Task for patient = 24 with skills = {4,-1} and cost = 288.7
   Vehicle #0 = 9, leaving at = 826.0
   Vehicle #1 = -1, leaving at = inf
   Increment on distance indicator: 2.0
   Increment on tard indicator:     0.0
   Value of tmax indicator:         2.0

Task for patient = 67 with skills = {4,-1} and cost = 288.0
   Vehicle #0 = 9, leaving at = 802.0
   Vehicle #1 = -1, leaving at = inf
   Increment on distance indicator: 7.0
   Increment on tard indicator:     0.0
   Value of tmax indicator:         7.0

Task for patient = 27 with skills = {4,-1} and cost = 284.0
   Vehicle #0 = 9, leaving at = 768.0
   Vehicle #1 = -1, leaving at = inf
   Increment on distance indicator: 7.0
   Increment on tard indicator:     0.0
   Value of tmax indicator:         7.0

Task for patient = 22 with skills = {4,-1} and cost = 174.3
   Vehicle #0 = 12, leaving at = 755.0
   Vehicle #1 = -1, leaving at = inf
   Increment on distance indicator: 14.0
   Increment on tard indicator:     0.0
   Value of tmax indicator:         14.0

Task for patient = 71 with skills = {1,3} and cost = 169.7
   Vehicle #0 = 4, leaving at = 777.0
   Vehicle #1 = 10, leaving at = 788.0
   Increment on distance indicator: 10.0
   Increment on tard indicator:     0.0
   Value of tmax indicator:         10.0

Task for patient = 29 with skills = {2,4} and cost = 166.3
   Vehicle #0 = 2, leaving at = 780.0
   Vehicle #1 = 8, leaving at = 798.0
   Increment on distance indicator: 11.0
   Increment on tard indicator:     0.0
   Value of tmax indicator:         11.0

Task for patient = 50 with skills = {4,-1} and cost = 162.7
   Vehicle #0 = 10, leaving at = 716.0
   Vehicle #1 = -1, leaving at = inf
   Increment on distance indicator: 3.0
   Increment on tard indicator:     0.0
   Value of tmax indicator:         3.0

Task for patient = 7 with skills = {1,4} and cost = 89.0
   Vehicle #0 = 3, leaving at = 655.0
   Vehicle #1 = 12, leaving at = 661.0
   Increment on distance indicator: 6.0
   Increment on tard indicator:     0.0
   Value of tmax indicator:         6.0

Task for patient = 17 with skills = {1,-1} and cost = 158.3
   Vehicle #0 = 3, leaving at = 696.0
   Vehicle #1 = -1, leaving at = inf
   Increment on distance indicator: 26.0
   Increment on tard indicator:     0.0
   Value of tmax indicator:         26.0

Task for patient = 40 with skills = {1,-1} and cost = 149.7
   Vehicle #0 = 1, leaving at = 720.0
   Vehicle #1 = -1, leaving at = inf
   Increment on distance indicator: 7.0
   Increment on tard indicator:     0.0
   Value of tmax indicator:         7.0

Task for patient = 49 with skills = {5,-1} and cost = 147.3
   Vehicle #0 = 14, leaving at = 861.0
   Vehicle #1 = -1, leaving at = inf
   Increment on distance indicator: 17.0
   Increment on tard indicator:     0.0
   Value of tmax indicator:         17.0

Task for patient = 57 with skills = {1,-1} and cost = 102.7
   Vehicle #0 = 1, leaving at = 667.0
   Vehicle #1 = -1, leaving at = inf
   Increment on distance indicator: 3.0
   Increment on tard indicator:     0.0
   Value of tmax indicator:         3.0

Task for patient = 42 with skills = {0,3} and cost = 101.7
   Vehicle #0 = 6, leaving at = 853.0
   Vehicle #1 = 7, leaving at = 882.0
   Increment on distance indicator: 8.0
   Increment on tard indicator:     0.0
   Value of tmax indicator:         8.0

Task for patient = 36 with skills = {0,3} and cost = 99.0
   Vehicle #0 = 6, leaving at = 830.0
   Vehicle #1 = 7, leaving at = 846.0
   Increment on distance indicator: 19.0
   Increment on tard indicator:     0.0
   Value of tmax indicator:         19.0

Task for patient = 68 with skills = {4,-1} and cost = 92.7
   Vehicle #0 = 8, leaving at = 693.0
   Vehicle #1 = -1, leaving at = inf
   Increment on distance indicator: 5.0
   Increment on tard indicator:     0.0
   Value of tmax indicator:         5.0

Task for patient = 54 with skills = {1,4} and cost = 91.0
   Vehicle #0 = 0, leaving at = 815.0
   Vehicle #1 = 11, leaving at = 805.0
   Increment on distance indicator: 6.0
   Increment on tard indicator:     0.0
   Value of tmax indicator:         6.0

Task for patient = 8 with skills = {1,-1} and cost = 161.7
   Vehicle #0 = 3, leaving at = 755.0
   Vehicle #1 = -1, leaving at = inf
   Increment on distance indicator: 10.0
   Increment on tard indicator:     0.0
   Value of tmax indicator:         10.0


Unused vehicle list: 13 (total = 1 out of 15)

---
Search finished.
Total of 1900 generations in 74.6 seconds.
Exchange elite runs: 23
Implicit path relinking runs: 10
Reset attempts: 2

Best solution found:
   Cost: 637.0
   Total travel time: 1029.0
   Total tardiness time: 684.0
   Largest tardiness: 198.0


637.0
