This host is: panku
--- BRKGA-MP-IPR for HHCRSP ---
Instance: new-dataset/instances-10/HHCRSP_10_3_56_1.2_R_RC.txt
Seed: 10

Reading data... Problem contains 10 patients  and 3 caregivers.

Summary of supply x demand for each service type:
Skill 0 has supply = 1 and demand = 2, ratio = 0.5
Skill 1 has supply = 1 and demand = 6, ratio = 0.166667
Skill 2 has supply = 1 and demand = 1, ratio = 1
Skill 3 has supply = 2 and demand = 4, ratio = 0.5
Skill 4 has supply = 2 and demand = 0, ratio = inf
Skill 5 has supply = 1 and demand = 1, ratio = 1

Reading parameters...
Inferred distance function by PR type: kendall-tau
Building BRKGA data and initializing...
Evolving 1900 generations...

  Gens  Rem    Local   ElDiv NoImpr             Best solution            Time  Op
                                       Cost     Dist    Tard    TMax 
*    0 1900   158.33   76.48      0   158.33   307.00   113.0    55.0     0.0    
*    2 1898    92.33   45.16      0    92.33   277.00     0.0     0.0     0.1    
    50 1850    92.33    0.00     48    92.33   277.00     0.0     0.0     1.5    
    80 1820    92.33    0.00     79    92.33   277.00     0.0     0.0     2.3   X
   100 1800    92.33    0.00     98    92.33   277.00     0.0     0.0     2.9    
   150 1750    92.33    0.00    148    92.33   277.00     0.0     0.0     4.3    
   160 1740    92.33    0.00    159    92.33   277.00     0.0     0.0     4.6   X
Path relinking result: no improvement.
   180 1720    92.33    0.00    179    92.33   277.00     0.0     0.0     5.1   P
   200 1700    92.33    0.00    198    92.33   277.00     0.0     0.0     5.7    
   240 1660    92.33    0.00    239    92.33   277.00     0.0     0.0     6.9   X
   250 1650    92.33    0.00    248    92.33   277.00     0.0     0.0     7.2    
   300 1600    92.33    0.00    298    92.33   277.00     0.0     0.0     8.6    
   320 1580    92.33    0.00    319    92.33   277.00     0.0     0.0     9.2   X
   350 1550    92.33    0.00    348    92.33   277.00     0.0     0.0    10.0    
Path relinking result: no improvement.
   360 1540    92.33    0.00    359    92.33   277.00     0.0     0.0    10.2   P

  Gens  Rem    Local   ElDiv NoImpr             Best solution            Time  Op
                                       Cost     Dist    Tard    TMax 
   400 1500    92.33    0.00    398    92.33   277.00     0.0     0.0    11.4    
   400 1500    92.33    0.00    399    92.33   277.00     0.0     0.0    11.4   X
   450 1450    92.33    0.00    448    92.33   277.00     0.0     0.0    12.8    
   480 1420    92.33    0.00    479    92.33   277.00     0.0     0.0    13.7   X
   500 1400    92.33    0.00    498    92.33   277.00     0.0     0.0    14.2    
Path relinking result: no improvement.
   540 1360    92.33    0.00    539    92.33   277.00     0.0     0.0    15.3   P
   550 1350    92.33    0.00    548    92.33   277.00     0.0     0.0    15.6    
   560 1340    92.33    0.00    559    92.33   277.00     0.0     0.0    15.9   X
   600 1300    92.33    0.00    598    92.33   277.00     0.0     0.0    17.0    
   640 1260    92.33    0.00    639    92.33   277.00     0.0     0.0    18.1   X
   650 1250    92.33    0.00    648    92.33   277.00     0.0     0.0    18.4    
   700 1200    92.33    0.00    698    92.33   277.00     0.0     0.0    19.8    
   701 1199      inf  102.77      0    92.33   277.00     0.0     0.0    19.8   R
   702 1198   166.33   79.10      0    92.33   277.00     0.0     0.0    19.8    
Path relinking result: no improvement.
   720 1180    92.33    0.00     15    92.33   277.00     0.0     0.0    20.3  PX
   750 1150    92.33    0.00     44    92.33   277.00     0.0     0.0    21.2    

  Gens  Rem    Local   ElDiv NoImpr             Best solution            Time  Op
                                       Cost     Dist    Tard    TMax 
   800 1100    92.33    0.00     94    92.33   277.00     0.0     0.0    22.6    
   800 1100    92.33    0.00     95    92.33   277.00     0.0     0.0    22.6   X
   850 1050    92.33    0.00    144    92.33   277.00     0.0     0.0    23.9    
   880 1020    92.33    0.00    175    92.33   277.00     0.0     0.0    24.8   X
   900 1000    92.33    0.00    194    92.33   277.00     0.0     0.0    25.3    
Path relinking result: no improvement.
   900 1000    92.33    0.00    195    92.33   277.00     0.0     0.0    25.3   P
   950  950    92.33    0.00    244    92.33   277.00     0.0     0.0    26.8    
   960  940    92.33    0.00    255    92.33   277.00     0.0     0.0    27.0   X
  1000  900    92.33    0.00    294    92.33   277.00     0.0     0.0    28.2    
  1040  860    92.33    0.00    335    92.33   277.00     0.0     0.0    29.3   X
  1050  850    92.33    0.00    344    92.33   277.00     0.0     0.0    29.6    
Path relinking result: no improvement.
  1080  820    92.33    0.00    375    92.33   277.00     0.0     0.0    30.5   P
  1100  800    92.33    0.00    394    92.33   277.00     0.0     0.0    31.0    
  1120  780    92.33    0.00    415    92.33   277.00     0.0     0.0    31.6   X
  1150  750    92.33    0.00    444    92.33   277.00     0.0     0.0    32.4    
  1200  700    92.33    0.00    494    92.33   277.00     0.0     0.0    33.8    

  Gens  Rem    Local   ElDiv NoImpr             Best solution            Time  Op
                                       Cost     Dist    Tard    TMax 
  1200  700    92.33    0.00    495    92.33   277.00     0.0     0.0    33.8   X
  1250  650    92.33    0.00    544    92.33   277.00     0.0     0.0    35.2    
Path relinking result: no improvement.
  1260  640    92.33    0.00    555    92.33   277.00     0.0     0.0    35.5   P
  1280  620    92.33    0.00    575    92.33   277.00     0.0     0.0    36.0   X
  1300  600    92.33    0.00    594    92.33   277.00     0.0     0.0    36.6    
  1350  550    92.33    0.00    644    92.33   277.00     0.0     0.0    38.0    
  1360  540    92.33    0.00    655    92.33   277.00     0.0     0.0    38.3   X
  1400  500    92.33    0.00    694    92.33   277.00     0.0     0.0    39.4    
  1405  495      inf  103.32      0    92.33   277.00     0.0     0.0    39.6   R
  1406  494   156.33   76.37      0    92.33   277.00     0.0     0.0    39.6    
Path relinking result: no improvement.
  1440  460    92.33    0.00     31    92.33   277.00     0.0     0.0    40.6  PX
  1450  450    92.33    0.00     40    92.33   277.00     0.0     0.0    40.8    
  1500  400    92.33    0.00     90    92.33   277.00     0.0     0.0    42.3    
  1520  380    92.33    0.00    111    92.33   277.00     0.0     0.0    42.8   X
  1550  350    92.33    0.00    140    92.33   277.00     0.0     0.0    43.7    
  1600  300    92.33    0.00    190    92.33   277.00     0.0     0.0    45.1    

  Gens  Rem    Local   ElDiv NoImpr             Best solution            Time  Op
                                       Cost     Dist    Tard    TMax 
  1600  300    92.33    0.00    191    92.33   277.00     0.0     0.0    45.1   X
Path relinking result: no improvement.
  1620  280    92.33    0.00    211    92.33   277.00     0.0     0.0    45.6   P
  1650  250    92.33    0.00    240    92.33   277.00     0.0     0.0    46.5    
  1680  220    92.33    0.00    271    92.33   277.00     0.0     0.0    47.4   X
  1700  200    92.33    0.00    290    92.33   277.00     0.0     0.0    48.0    
  1750  150    92.33    0.00    340    92.33   277.00     0.0     0.0    49.4    
  1760  140    92.33    0.00    351    92.33   277.00     0.0     0.0    49.7   X
  1800  100    92.33    0.00    390    92.33   277.00     0.0     0.0    50.9    
Path relinking result: no improvement.
  1800  100    92.33    0.00    391    92.33   277.00     0.0     0.0    50.9   P
  1840   60    92.33    0.00    431    92.33   277.00     0.0     0.0    52.0   X
  1850   50    92.33    0.00    440    92.33   277.00     0.0     0.0    52.3    
  1900    0    92.33    0.00    490    92.33   277.00     0.0     0.0    53.7    
Evolutionary process finished.
Solution written to 'solution-16468.txt'.

Sorted sequence of worst to best tardiness value:
Task for patient = 10 with skills = {5,-1} and cost = 8.7
   Vehicle #0 = 2, leaving at = 818.0
   Vehicle #1 = -1, leaving at = inf
   Increment on distance indicator: 26.0
   Increment on tard indicator:     0.0
   Value of tmax indicator:         26.0

Task for patient = 2 with skills = {1,-1} and cost = 12.0
   Vehicle #0 = 0, leaving at = 521.0
   Vehicle #1 = -1, leaving at = inf
   Increment on distance indicator: 10.0
   Increment on tard indicator:     0.0
   Value of tmax indicator:         10.0

Task for patient = 3 with skills = {0,-1} and cost = 23.0
   Vehicle #0 = 0, leaving at = 608.0
   Vehicle #1 = -1, leaving at = inf
   Increment on distance indicator: 33.0
   Increment on tard indicator:     0.0
   Value of tmax indicator:         33.0

Task for patient = 8 with skills = {1,3} and cost = 39.3
   Vehicle #0 = 0, leaving at = 691.0
   Vehicle #1 = 1, leaving at = 706.0
   Increment on distance indicator: 49.0
   Increment on tard indicator:     0.0
   Value of tmax indicator:         49.0

Task for patient = 1 with skills = {1,-1} and cost = 43.3
   Vehicle #0 = 0, leaving at = 765.0
   Vehicle #1 = -1, leaving at = inf
   Increment on distance indicator: 12.0
   Increment on tard indicator:     0.0
   Value of tmax indicator:         12.0

Task for patient = 9 with skills = {1,3} and cost = 53.7
   Vehicle #0 = 0, leaving at = 819.0
   Vehicle #1 = 1, leaving at = 828.0
   Increment on distance indicator: 31.0
   Increment on tard indicator:     0.0
   Value of tmax indicator:         31.0

Task for patient = 5 with skills = {0,3} and cost = 57.0
   Vehicle #0 = 0, leaving at = 843.0
   Vehicle #1 = 1, leaving at = 898.0
   Increment on distance indicator: 10.0
   Increment on tard indicator:     0.0
   Value of tmax indicator:         10.0

Task for patient = 7 with skills = {1,-1} and cost = 62.0
   Vehicle #0 = 0, leaving at = 881.0
   Vehicle #1 = -1, leaving at = inf
   Increment on distance indicator: 15.0
   Increment on tard indicator:     0.0
   Value of tmax indicator:         15.0

Task for patient = 4 with skills = {1,3} and cost = 70.7
   Vehicle #0 = 0, leaving at = 936.0
   Vehicle #1 = 2, leaving at = 955.0
   Increment on distance indicator: 26.0
   Increment on tard indicator:     0.0
   Value of tmax indicator:         26.0

Task for patient = 6 with skills = {2,-1} and cost = 76.0
   Vehicle #0 = 0, leaving at = 1000.0
   Vehicle #1 = -1, leaving at = inf
   Increment on distance indicator: 16.0
   Increment on tard indicator:     0.0
   Value of tmax indicator:         16.0


Unused vehicle list: (total = 0 out of 3)

---
Search finished.
Total of 1900 generations in 53.7 seconds.
Exchange elite runs: 23
Implicit path relinking runs: 10
Reset attempts: 2

Best solution found:
   Cost: 92.3
   Total travel time: 277.0
   Total tardiness time: 0.0
   Largest tardiness: 0.0


92.3
