This host is: malboro
--- BRKGA-MP-IPR for HHCRSP ---
Instance: /home/alberto/work/hhcrsp-dataset-2021/dataset2/HHCRSP_10_3_19_0.4_R_C.txt
Seed: 18

Reading data... Problem contains 10 patients  and 3 caregivers.

Summary of supply x demand for each service type:
Skill 0 has supply = 1 and demand = 3, ratio = 0.333333
Skill 1 has supply = 1 and demand = 0, ratio = inf
Skill 2 has supply = 1 and demand = 2, ratio = 0.5
Skill 3 has supply = 2 and demand = 3, ratio = 0.666667
Skill 4 has supply = 1 and demand = 4, ratio = 0.25
Skill 5 has supply = 2 and demand = 2, ratio = 1

Reading parameters...
Inferred distance function by PR type: kendall-tau
Building BRKGA data and initializing...
Evolving 1900 generations...

  Gens  Rem    Local   ElDiv NoImpr             Best solution            Time  Op
                                       Cost     Dist    Tard    TMax 
*    0 1900    65.67   44.01      0    65.67   197.00     0.0     0.0     0.1    
*    3 1897    65.00    1.78      0    65.00   195.00     0.0     0.0     0.2    
    50 1850    65.00    0.00     47    65.00   195.00     0.0     0.0     2.6    
    80 1820    65.00    0.00     78    65.00   195.00     0.0     0.0     4.2   X
    82 1818      inf   51.59      0    65.00   195.00     0.0     0.0     4.3   R
    83 1817    65.00   40.35      0    65.00   195.00     0.0     0.0     4.3    
   100 1800    65.00    0.00     17    65.00   195.00     0.0     0.0     5.2    
   150 1750    65.00    0.00     67    65.00   195.00     0.0     0.0     7.7    
   160 1740    65.00    0.00     78    65.00   195.00     0.0     0.0     8.3   X
   162 1738      inf   56.28      0    65.00   195.00     0.0     0.0     8.4   R
   163 1737    65.00   38.97      0    65.00   195.00     0.0     0.0     8.4    
Path relinking result: no improvement.
   180 1720    65.00    0.00     18    65.00   195.00     0.0     0.0     9.3   P
   200 1700    65.00    0.00     37    65.00   195.00     0.0     0.0    10.3    
   240 1660    65.00    0.00     78    65.00   195.00     0.0     0.0    12.4   X
   242 1658      inf   54.10      0    65.00   195.00     0.0     0.0    12.5   R

  Gens  Rem    Local   ElDiv NoImpr             Best solution            Time  Op
                                       Cost     Dist    Tard    TMax 
   243 1657    65.67   41.11      0    65.00   195.00     0.0     0.0    12.5    
   250 1650    65.00    0.49      5    65.00   195.00     0.0     0.0    12.9    
   300 1600    65.00    0.00     55    65.00   195.00     0.0     0.0    15.4    
   320 1580    65.00    0.00     76    65.00   195.00     0.0     0.0    16.5   X
   324 1576      inf   54.75      0    65.00   195.00     0.0     0.0    16.7   R
   325 1575    66.00   40.43      0    65.00   195.00     0.0     0.0    16.7    
   350 1550    65.00    0.00     23    65.00   195.00     0.0     0.0    18.0    
Path relinking result: no improvement.
   360 1540    65.00    0.00     34    65.00   195.00     0.0     0.0    18.5   P
   400 1500    65.00    0.00     73    65.00   195.00     0.0     0.0    20.6    
   400 1500    65.00    0.00     74    65.00   195.00     0.0     0.0    20.6   X
   406 1494      inf   53.69      0    65.00   195.00     0.0     0.0    20.9   R
   407 1493    66.00   38.42      0    65.00   195.00     0.0     0.0    20.9    
   450 1450    65.00    0.00     40    65.00   195.00     0.0     0.0    23.1    
   480 1420    65.00    0.00     71    65.00   195.00     0.0     0.0    24.7   X
   489 1411      inf   56.16      0    65.00   195.00     0.0     0.0    25.1   R
   490 1410    66.00   42.47      0    65.00   195.00     0.0     0.0    25.2    

  Gens  Rem    Local   ElDiv NoImpr             Best solution            Time  Op
                                       Cost     Dist    Tard    TMax 
   500 1400    65.00    0.20      8    65.00   195.00     0.0     0.0    25.7    
Path relinking result: no improvement.
   540 1360    65.00    0.00     49    65.00   195.00     0.0     0.0    27.7   P
   550 1350    65.00    0.00     58    65.00   195.00     0.0     0.0    28.3    
   560 1340    65.00    0.00     69    65.00   195.00     0.0     0.0    28.8   X
   571 1329      inf   53.07      0    65.00   195.00     0.0     0.0    29.3   R
   572 1328    65.00   42.22      0    65.00   195.00     0.0     0.0    29.4    
   600 1300    65.00    0.00     28    65.00   195.00     0.0     0.0    30.8    
   640 1260    65.00    0.00     69    65.00   195.00     0.0     0.0    32.9   X
   650 1250    65.00    0.00     78    65.00   195.00     0.0     0.0    33.4    
   651 1249      inf   56.53      0    65.00   195.00     0.0     0.0    33.4   R
   652 1248    66.00   40.88      0    65.00   195.00     0.0     0.0    33.5    
   700 1200    65.00    0.00     46    65.00   195.00     0.0     0.0    35.9    
Path relinking result: no improvement.
   720 1180    65.00    0.00     67    65.00   195.00     0.0     0.0    37.0  PX
   733 1167      inf   57.12      0    65.00   195.00     0.0     0.0    37.6   R
   734 1166    66.00   42.16      0    65.00   195.00     0.0     0.0    37.7    
   750 1150    65.00    0.00     14    65.00   195.00     0.0     0.0    38.5    

  Gens  Rem    Local   ElDiv NoImpr             Best solution            Time  Op
                                       Cost     Dist    Tard    TMax 
   800 1100    65.00    0.00     64    65.00   195.00     0.0     0.0    41.1    
   800 1100    65.00    0.00     65    65.00   195.00     0.0     0.0    41.1   X
   815 1085      inf   58.17      0    65.00   195.00     0.0     0.0    41.8   R
   816 1084    67.33   41.08      0    65.00   195.00     0.0     0.0    41.9    
   850 1050    65.00    0.00     31    65.00   195.00     0.0     0.0    43.6    
   880 1020    65.00    0.00     62    65.00   195.00     0.0     0.0    45.2   X
   898 1002      inf   50.65      0    65.00   195.00     0.0     0.0    46.1   R
   899 1001    66.00   42.72      0    65.00   195.00     0.0     0.0    46.2    
   900 1000    66.00   29.24      1    65.00   195.00     0.0     0.0    46.2    
Path relinking result: elite improvement.
   900 1000    65.00   29.19      0    65.00   195.00     0.0     0.0    46.2   P
   950  950    65.00    0.00     49    65.00   195.00     0.0     0.0    48.8    
   960  940    65.00    0.00     60    65.00   195.00     0.0     0.0    49.3   X
   980  920      inf   52.48      0    65.00   195.00     0.0     0.0    50.3   R
   981  919    66.00   39.04      0    65.00   195.00     0.0     0.0    50.4    
  1000  900    65.00    0.00     17    65.00   195.00     0.0     0.0    51.3    
  1040  860    65.00    0.00     58    65.00   195.00     0.0     0.0    53.4   X

  Gens  Rem    Local   ElDiv NoImpr             Best solution            Time  Op
                                       Cost     Dist    Tard    TMax 
  1050  850    65.00    0.00     67    65.00   195.00     0.0     0.0    53.9    
  1062  838      inf   50.37      0    65.00   195.00     0.0     0.0    54.5   R
  1063  837    65.67   38.10      0    65.00   195.00     0.0     0.0    54.6    
Path relinking result: no improvement.
  1080  820    65.00    0.00     14    65.00   195.00     0.0     0.0    55.4   P
  1100  800    65.00    0.00     33    65.00   195.00     0.0     0.0    56.5    
  1120  780    65.00    0.00     54    65.00   195.00     0.0     0.0    57.5   X
  1146  754      inf   52.18      0    65.00   195.00     0.0     0.0    58.8   R
  1147  753    65.00   39.26      0    65.00   195.00     0.0     0.0    58.9    
  1150  750    65.00    6.31      3    65.00   195.00     0.0     0.0    59.0    
  1200  700    65.00    0.00     53    65.00   195.00     0.0     0.0    61.6    
  1200  700    65.00    0.00     54    65.00   195.00     0.0     0.0    61.6   X
  1226  674      inf   55.42      0    65.00   195.00     0.0     0.0    62.9   R
  1227  673    66.00   37.50      0    65.00   195.00     0.0     0.0    63.0    
  1250  650    65.00    0.00     21    65.00   195.00     0.0     0.0    64.2    
Path relinking result: no improvement.
  1260  640    65.00    0.00     32    65.00   195.00     0.0     0.0    64.7   P
  1280  620    65.00    0.00     52    65.00   195.00     0.0     0.0    65.7   X

  Gens  Rem    Local   ElDiv NoImpr             Best solution            Time  Op
                                       Cost     Dist    Tard    TMax 
  1300  600    65.00    0.00     71    65.00   195.00     0.0     0.0    66.7    
  1308  592      inf   50.75      0    65.00   195.00     0.0     0.0    67.1   R
  1309  591    65.00   36.25      0    65.00   195.00     0.0     0.0    67.2    
  1350  550    65.00    0.00     41    65.00   195.00     0.0     0.0    69.3    
  1360  540    65.00    0.00     52    65.00   195.00     0.0     0.0    69.8   X
  1388  512      inf   48.57      0    65.00   195.00     0.0     0.0    71.2   R
  1389  511    65.67   39.65      0    65.00   195.00     0.0     0.0    71.3    
  1400  500    65.00    0.00      8    65.00   195.00     0.0     0.0    71.9    
Path relinking result: no improvement.
  1440  460    65.00    0.00     49    65.00   195.00     0.0     0.0    73.9  PX
  1450  450    65.00    0.00     58    65.00   195.00     0.0     0.0    74.4    
  1471  429      inf   52.50      0    65.00   195.00     0.0     0.0    75.5   R
  1472  428    65.67   40.80      0    65.00   195.00     0.0     0.0    75.5    
  1500  400    65.00    0.00     25    65.00   195.00     0.0     0.0    77.0    
  1520  380    65.00    0.00     46    65.00   195.00     0.0     0.0    78.0   X
  1550  350    65.00    0.00     75    65.00   195.00     0.0     0.0    79.5    
  1554  346      inf   49.48      0    65.00   195.00     0.0     0.0    79.8   R

  Gens  Rem    Local   ElDiv NoImpr             Best solution            Time  Op
                                       Cost     Dist    Tard    TMax 
  1555  345    65.00   38.78      0    65.00   195.00     0.0     0.0    79.8    
  1600  300    65.00    0.00     45    65.00   195.00     0.0     0.0    82.1    
  1600  300    65.00    0.00     46    65.00   195.00     0.0     0.0    82.1   X
Path relinking result: no improvement.
  1620  280    65.00    0.00     66    65.00   195.00     0.0     0.0    83.1   P
  1634  266      inf   59.11      0    65.00   195.00     0.0     0.0    83.9   R
  1635  265    66.33   40.16      0    65.00   195.00     0.0     0.0    83.9    
  1650  250    65.00    0.00     13    65.00   195.00     0.0     0.0    84.7    
  1680  220    65.00    0.00     44    65.00   195.00     0.0     0.0    86.2   X
  1700  200    65.00    0.00     63    65.00   195.00     0.0     0.0    87.2    
  1716  184      inf   55.91      0    65.00   195.00     0.0     0.0    88.1   R
  1717  183    65.00   40.12      0    65.00   195.00     0.0     0.0    88.1    
  1750  150    65.00    0.00     33    65.00   195.00     0.0     0.0    89.8    
  1760  140    65.00    0.00     44    65.00   195.00     0.0     0.0    90.3   X
  1796  104      inf   53.06      0    65.00   195.00     0.0     0.0    92.2   R
  1797  103    65.67   39.61      0    65.00   195.00     0.0     0.0    92.2    
  1800  100    65.00    2.80      1    65.00   195.00     0.0     0.0    92.4    
Path relinking result: elite improvement.

  Gens  Rem    Local   ElDiv NoImpr             Best solution            Time  Op
                                       Cost     Dist    Tard    TMax 
  1800  100    65.00    2.74      2    65.00   195.00     0.0     0.0    92.4   P
  1840   60    65.00    0.00     42    65.00   195.00     0.0     0.0    94.4   X
  1850   50    65.00    0.00     51    65.00   195.00     0.0     0.0    94.9    
  1878   22      inf   48.68      0    65.00   195.00     0.0     0.0    96.4   R
  1879   21    66.00   39.40      0    65.00   195.00     0.0     0.0    96.4    
  1900    0    65.00    0.00     19    65.00   195.00     0.0     0.0    97.5    
Evolutionary process finished.
Solution written to 'solution-4580.txt'.

Sorted sequence of worst to best tardiness value:
Task for patient = 6 with skills = {3,-1} and cost = 5.3
   Vehicle #0 = 1, leaving at = 984.0
   Vehicle #1 = -1, leaving at = inf
   Increment on distance indicator: 16.0
   Increment on tard indicator:     0.0
   Value of tmax indicator:         16.0

Task for patient = 4 with skills = {2,4} and cost = 14.0
   Vehicle #0 = 0, leaving at = 736.0
   Vehicle #1 = 2, leaving at = 725.0
   Increment on distance indicator: 26.0
   Increment on tard indicator:     0.0
   Value of tmax indicator:         26.0

Task for patient = 5 with skills = {3,-1} and cost = 17.3
   Vehicle #0 = 2, leaving at = 791.0
   Vehicle #1 = -1, leaving at = inf
   Increment on distance indicator: 10.0
   Increment on tard indicator:     0.0
   Value of tmax indicator:         10.0

Task for patient = 1 with skills = {0,3} and cost = 21.7
   Vehicle #0 = 0, leaving at = 845.0
   Vehicle #1 = 2, leaving at = 845.0
   Increment on distance indicator: 13.0
   Increment on tard indicator:     0.0
   Value of tmax indicator:         13.0

Task for patient = 3 with skills = {0,4} and cost = 31.0
   Vehicle #0 = 0, leaving at = 913.0
   Vehicle #1 = 2, leaving at = 928.0
   Increment on distance indicator: 28.0
   Increment on tard indicator:     0.0
   Value of tmax indicator:         28.0

Task for patient = 7 with skills = {4,-1} and cost = 36.7
   Vehicle #0 = 2, leaving at = 1048.0
   Vehicle #1 = -1, leaving at = inf
   Increment on distance indicator: 17.0
   Increment on tard indicator:     0.0
   Value of tmax indicator:         17.0

Task for patient = 8 with skills = {2,-1} and cost = 41.0
   Vehicle #0 = 0, leaving at = 971.0
   Vehicle #1 = -1, leaving at = inf
   Increment on distance indicator: 13.0
   Increment on tard indicator:     0.0
   Value of tmax indicator:         13.0

Task for patient = 2 with skills = {5,-1} and cost = 43.7
   Vehicle #0 = 1, leaving at = 1035.0
   Vehicle #1 = -1, leaving at = inf
   Increment on distance indicator: 8.0
   Increment on tard indicator:     0.0
   Value of tmax indicator:         8.0

Task for patient = 10 with skills = {5,-1} and cost = 47.0
   Vehicle #0 = 2, leaving at = 1076.0
   Vehicle #1 = -1, leaving at = inf
   Increment on distance indicator: 10.0
   Increment on tard indicator:     0.0
   Value of tmax indicator:         10.0

Task for patient = 9 with skills = {0,4} and cost = 52.7
   Vehicle #0 = 0, leaving at = 1141.0
   Vehicle #1 = 2, leaving at = 1141.0
   Increment on distance indicator: 17.0
   Increment on tard indicator:     0.0
   Value of tmax indicator:         17.0


Unused vehicle list: (total = 0 out of 3)

---
Search finished.
Total of 1900 generations in 97.5 seconds.
Exchange elite runs: 23
Implicit path relinking runs: 10
Reset attempts: 23

Best solution found:
   Cost: 65.0
   Total travel time: 195.0
   Total tardiness time: 0.0
   Largest tardiness: 0.0


65.0
