This host is: malboro
--- BRKGA-MP-IPR for HHCRSP ---
Instance: /home/alberto/work/hhcrsp-dataset-2021/dataset2/HHCRSP_200_40_50_1.0_R_C.txt
Seed: 15

Reading data... Problem contains 200 patients  and 40 caregivers.

Summary of supply x demand for each service type:
Skill 0 has supply = 18 and demand = 43, ratio = 0.418605
Skill 1 has supply = 13 and demand = 30, ratio = 0.433333
Skill 2 has supply = 13 and demand = 43, ratio = 0.302326
Skill 3 has supply = 14 and demand = 50, ratio = 0.28
Skill 4 has supply = 17 and demand = 55, ratio = 0.309091
Skill 5 has supply = 14 and demand = 39, ratio = 0.358974

Reading parameters...
Inferred distance function by PR type: kendall-tau
Building BRKGA data and initializing...
Evolving 1900 generations...

  Gens  Rem    Local   ElDiv NoImpr             Best solution            Time  Op
                                       Cost     Dist    Tard    TMax 
*    0 1900  2566.33  297.84      0  2566.33  2643.00  4727.0   329.0     0.3    
*    2 1898  2318.00  273.22      0  2318.00  2596.00  3657.0   297.0     1.0    
*    3 1897  2183.33  238.40      0  2183.33  2554.00  2696.0   294.0     1.4    
*    4 1896  1848.00  238.94      0  1848.00  2644.00  2466.0   291.0     1.7    
*    5 1895  1800.33  206.52      0  1800.33  2644.00  2466.0   291.0     2.1    
*    7 1893  1735.33  194.89      0  1735.33  2545.00  1771.0   226.0     2.7    
*    8 1892  1514.00  200.88      0  1514.00  2515.00   825.0   163.0     3.1    
*    9 1891  1167.67  169.91      0  1167.67  2515.00   825.0   163.0     3.4    
*   15 1885  1063.33  112.77      0  1063.33  2439.00   180.0    51.0     5.5    
*   16 1884   890.00  100.31      0   890.00  2439.00   180.0    51.0     5.8    
*   19 1881   886.33   69.32      0   886.33  2459.00   145.0    55.0     6.9    
*   21 1879   881.67   59.83      0   881.67  2526.00    14.0     6.0     7.6    
*   22 1878   848.67   55.56      0   848.67  2486.00    11.0     6.0     7.9    
*   23 1877   834.33   49.94      0   834.33  2448.00    42.0    11.0     8.2    
*   24 1876   833.67   43.95      0   833.67  2391.00    12.0    12.0     8.6    

  Gens  Rem    Local   ElDiv NoImpr             Best solution            Time  Op
                                       Cost     Dist    Tard    TMax 
*   25 1875   805.00   37.93      0   805.00  2391.00    12.0    12.0     8.9    
*   31 1869   804.67   15.80      0   804.67  2394.00     4.0     2.0    11.0    
*   32 1868   800.00   14.34      0   800.00  2372.00     6.0     4.0    11.3    
*   33 1867   794.00   12.03      0   794.00  2372.00     6.0     4.0    11.7    
*   35 1865   793.67    9.71      0   793.67  2354.00    20.0     7.0    12.4    
*   38 1862   787.33    8.60      0   787.33  2327.00     5.0     2.0    13.4    
*   39 1861   778.00    8.47      0   778.00  2327.00     5.0     2.0    13.7    
*   41 1859   774.33    8.00      0   774.33  2317.00     4.0     2.0    14.4    
*   45 1855   772.67    7.30      0   772.67  2298.00     7.0     2.0    15.8    
*   46 1854   769.00    6.73      0   769.00  2298.00     7.0     2.0    16.1    
*   48 1852   758.00    7.91      0   758.00  2212.00     0.0     0.0    16.8    
*   49 1851   737.33    7.66      0   737.33  2212.00     0.0     0.0    17.2    
    50 1850   737.33    7.59      1   737.33  2212.00     0.0     0.0    17.5    
*   63 1837   726.33    6.00      0   726.33  2167.00     8.0     4.0    22.0    
*   67 1833   720.67    5.72      0   720.67  2155.00     5.0     2.0    23.3    
*   70 1830   717.67    5.63      0   717.67  2146.00     6.0     1.0    24.4    

  Gens  Rem    Local   ElDiv NoImpr             Best solution            Time  Op
                                       Cost     Dist    Tard    TMax 
*   74 1826   708.00    6.00      0   708.00  2112.00     7.0     5.0    25.7    
*   76 1824   706.00    6.10      0   706.00  2100.00    13.0     5.0    26.4    
*   78 1822   694.67    6.09      0   694.67  2084.00     0.0     0.0    27.1    
    80 1820   694.67    5.42      3   694.67  2084.00     0.0     0.0    27.8   X
*   90 1810   694.00    5.67      0   694.00  2063.00     6.0     3.0    31.2    
*   91 1809   690.67    5.56      0   690.67  2063.00     6.0     3.0    31.5    
*   93 1807   688.67    5.53      0   688.67  2048.00    11.0     7.0    32.2    
*   97 1803   687.67    5.59      0   687.67  2056.00     4.0     3.0    33.6    
   100 1800   687.67    5.32      3   687.67  2056.00     4.0     3.0    34.6    
*  104 1796   679.33    6.06      0   679.33  2038.00     0.0     0.0    36.0    
*  114 1786   676.67    6.05      0   676.67  2006.00     6.0     2.0    39.4    
*  115 1785   671.33    6.20      0   671.33  2006.00     6.0     2.0    39.7    
*  126 1774   669.67    5.86      0   669.67  2004.00     3.0     2.0    43.5    
*  132 1768   667.33    5.98      0   667.33  1998.00     3.0     1.0    45.5    
*  135 1765   665.67    5.88      0   665.67  1973.00    18.0     6.0    46.6    
*  139 1761   665.33    5.57      0   665.33  1988.00     4.0     4.0    47.9    

  Gens  Rem    Local   ElDiv NoImpr             Best solution            Time  Op
                                       Cost     Dist    Tard    TMax 
*  143 1757   665.00    5.23      0   665.00  1993.00     1.0     1.0    49.3    
*  147 1753   664.33    5.10      0   664.33  1956.00    26.0     7.0    50.7    
*  148 1752   663.00    4.99      0   663.00  1956.00    26.0     7.0    51.0    
*  150 1750   659.00    5.07      0   659.00  1954.00    12.0     6.0    51.7    
*  151 1749   657.33    5.16      0   657.33  1942.00    19.0     5.0    52.0    
*  152 1748   655.33    5.09      0   655.33  1942.00    19.0     5.0    52.4    
*  158 1742   652.33    4.65      0   652.33  1952.00     3.0     2.0    54.4    
   160 1740   652.33    3.82      3   652.33  1952.00     3.0     2.0    55.1   X
*  162 1738   647.00    4.00      0   647.00  1929.00     0.0     0.0    55.8    
*  163 1737   643.00    3.93      0   643.00  1929.00     0.0     0.0    56.1    
Path relinking result: best improvement.
   180 1720   641.67    4.16      0   643.00  1929.00     0.0     0.0    62.1   P
*  181 1719   641.67    4.02      0   641.67  1915.00     8.0     2.0    62.5    
*  185 1715   641.00    3.87      0   641.00  1921.00     1.0     1.0    63.8    
*  189 1711   637.33    3.91      0   637.33  1912.00     0.0     0.0    65.2    
*  195 1705   637.00    3.95      0   637.00  1887.00    17.0     7.0    67.2    
   200 1700   637.00    3.90      5   637.00  1887.00    17.0     7.0    68.9    

  Gens  Rem    Local   ElDiv NoImpr             Best solution            Time  Op
                                       Cost     Dist    Tard    TMax 
*  201 1699   636.00    4.04      0   636.00  1904.00     0.0     0.0    69.3    
*  202 1698   634.67    4.10      0   634.67  1904.00     0.0     0.0    69.6    
*  207 1693   630.00    4.34      0   630.00  1890.00     0.0     0.0    71.3    
*  214 1686   626.67    4.66      0   626.67  1878.00     1.0     1.0    73.7    
*  219 1681   625.67    4.89      0   625.67  1869.00     4.0     4.0    75.4    
*  223 1677   620.67    4.86      0   620.67  1857.00     4.0     1.0    76.8    
   240 1660   620.67    3.37     18   620.67  1857.00     4.0     1.0    82.5   X
*  243 1657   619.33    3.38      0   619.33  1856.00     1.0     1.0    83.5    
*  246 1654   618.00    3.27      0   618.00  1854.00     0.0     0.0    84.6    
   250 1650   618.00    3.20      4   618.00  1854.00     0.0     0.0    85.9    
*  251 1649   614.33    3.15      0   614.33  1841.00     1.0     1.0    86.3    
*  258 1642   612.33    3.37      0   612.33  1817.00    16.0     4.0    88.6    
*  272 1628   607.00    3.49      0   607.00  1818.00     2.0     1.0    93.4    
*  278 1622   603.33    3.79      0   603.33  1810.00     0.0     0.0    95.4    
*  290 1610   602.67    4.02      0   602.67  1800.00     6.0     2.0    99.5    
*  299 1601   598.33    3.79      0   598.33  1779.00    10.0     6.0   102.5    

  Gens  Rem    Local   ElDiv NoImpr             Best solution            Time  Op
                                       Cost     Dist    Tard    TMax 
   300 1600   598.33    3.67      1   598.33  1779.00    10.0     6.0   102.9    
*  306 1594   597.67    3.74      0   597.67  1787.00     4.0     2.0   104.9    
*  310 1590   597.00    3.70      0   597.00  1785.00     5.0     1.0   106.3    
*  319 1581   591.67    3.67      0   591.67  1770.00     3.0     2.0   109.3    
   320 1580   591.67    3.17      2   591.67  1770.00     3.0     2.0   109.7   X
*  324 1576   588.67    3.30      0   588.67  1760.00     4.0     2.0   111.0    
*  336 1564   587.67    3.38      0   587.67  1752.00     9.0     2.0   115.1    
*  344 1556   587.00    3.34      0   587.00  1759.00     1.0     1.0   117.8    
   350 1550   587.00    3.27      6   587.00  1759.00     1.0     1.0   119.8    
*  354 1546   585.33    3.48      0   585.33  1741.00    12.0     3.0   121.2    
Path relinking result: best improvement.
   360 1540   578.67    3.78      0   585.33  1741.00    12.0     3.0   123.4   P
*  361 1539   578.67    3.76      0   578.67  1731.00     3.0     2.0   123.8    
   400 1500   578.67    2.90     39   578.67  1731.00     3.0     2.0   137.0    
   400 1500   578.67    2.36     40   578.67  1731.00     3.0     2.0   137.0   X
*  408 1492   578.00    2.42      0   578.00  1734.00     0.0     0.0   139.7    
*  423 1477   577.67    2.40      0   577.67  1725.00     6.0     2.0   144.8    

  Gens  Rem    Local   ElDiv NoImpr             Best solution            Time  Op
                                       Cost     Dist    Tard    TMax 
*  427 1473   576.67    2.41      0   576.67  1730.00     0.0     0.0   146.1    
   450 1450   576.67    2.29     23   576.67  1730.00     0.0     0.0   153.9    
*  460 1440   575.00    2.43      0   575.00  1719.00     4.0     2.0   157.3    
*  463 1437   574.33    2.45      0   574.33  1723.00     0.0     0.0   158.3    
   480 1420   574.33    1.85     18   574.33  1723.00     0.0     0.0   164.1   X
   500 1400   574.33    1.83     37   574.33  1723.00     0.0     0.0   170.9    
*  502 1398   571.00    1.91      0   571.00  1711.00     1.0     1.0   171.5    
Path relinking result: best improvement.
   540 1360   567.67    2.26      0   571.00  1711.00     1.0     1.0   184.6   P
*  541 1359   567.67    2.24      0   567.67  1699.00     2.0     2.0   185.0    
   550 1350   567.67    2.34      9   567.67  1699.00     2.0     2.0   188.0    
*  551 1349   567.33    2.34      0   567.33  1702.00     0.0     0.0   188.3    
   560 1340   567.33    2.67     10   567.33  1702.00     0.0     0.0   191.4   X
   600 1300   567.33    2.54     49   567.33  1702.00     0.0     0.0   204.9    
*  609 1291   566.00    2.62      0   566.00  1686.00     0.0     0.0   208.0    
*  610 1290   562.00    2.67      0   562.00  1686.00     0.0     0.0   208.3    
   640 1260   562.00    2.09     31   562.00  1686.00     0.0     0.0   218.5   X

  Gens  Rem    Local   ElDiv NoImpr             Best solution            Time  Op
                                       Cost     Dist    Tard    TMax 
*  647 1253   558.00    2.18      0   558.00  1672.00     1.0     1.0   220.9    
   650 1250   558.00    2.21      3   558.00  1672.00     1.0     1.0   221.9    
*  677 1223   554.67    2.32      0   554.67  1664.00     0.0     0.0   231.0    
*  688 1212   551.67    2.43      0   551.67  1655.00     0.0     0.0   234.8    
   700 1200   551.67    2.23     12   551.67  1655.00     0.0     0.0   238.8    
*  709 1191   548.67    2.59      0   548.67  1644.00     1.0     1.0   241.9    
Path relinking result: elite improvement.
   720 1180   548.67    2.14     12   548.67  1644.00     1.0     1.0   245.8  PX
*  735 1165   548.00    1.83      0   548.00  1642.00     1.0     1.0   250.9    
*  750 1150   546.33    1.64      0   546.33  1636.00     1.0     1.0   256.0    
*  751 1149   546.00    1.69      0   546.00  1636.00     1.0     1.0   256.3    
*  754 1146   545.33    1.66      0   545.33  1634.00     1.0     1.0   257.4    
*  757 1143   543.33    1.63      0   543.33  1628.00     1.0     1.0   258.4    
*  771 1129   543.00    1.33      0   543.00  1624.00     2.0     1.0   263.1    
*  772 1128   542.33    1.29      0   542.33  1624.00     2.0     1.0   263.5    
*  780 1120   541.67    1.08      0   541.67  1620.00     1.0     1.0   266.2    
*  781 1119   540.67    1.10      0   540.67  1620.00     1.0     1.0   266.5    

  Gens  Rem    Local   ElDiv NoImpr             Best solution            Time  Op
                                       Cost     Dist    Tard    TMax 
*  783 1117   538.33    1.16      0   538.33  1613.00     1.0     1.0   267.2    
*  787 1113   538.00    1.26      0   538.00  1611.00     1.0     1.0   268.5    
*  788 1112   537.67    1.31      0   537.67  1611.00     1.0     1.0   268.9    
*  800 1100   537.00    1.23      0   537.00  1607.00     1.0     1.0   272.9    
   800 1100   536.33    0.75      0   537.00  1607.00     1.0     1.0   272.9   X
*  801 1099   536.33    0.73      0   536.33  1604.00     1.0     1.0   273.3    
*  802 1098   535.33    0.74      0   535.33  1604.00     1.0     1.0   273.6    
*  805 1095   533.67    0.78      0   533.67  1599.00     1.0     1.0   274.6    
*  824 1076   533.33    1.29      0   533.33  1598.00     1.0     1.0   281.1    
*  827 1073   533.00    1.14      0   533.00  1597.00     1.0     1.0   282.1    
*  829 1071   532.67    1.10      0   532.67  1596.00     1.0     1.0   282.8    
*  832 1068   532.33    1.03      0   532.33  1595.00     1.0     1.0   283.8    
*  835 1065   531.33    1.14      0   531.33  1592.00     1.0     1.0   284.8    
*  841 1059   531.00    1.37      0   531.00  1591.00     1.0     1.0   286.8    
*  843 1057   530.67    1.32      0   530.67  1589.00     1.0     1.0   287.5    
*  844 1056   530.33    1.29      0   530.33  1589.00     1.0     1.0   287.8    

  Gens  Rem    Local   ElDiv NoImpr             Best solution            Time  Op
                                       Cost     Dist    Tard    TMax 
*  847 1053   530.00    1.33      0   530.00  1588.00     1.0     1.0   288.9    
   850 1050   530.00    1.52      3   530.00  1588.00     1.0     1.0   289.9    
*  858 1042   529.67    1.51      0   529.67  1587.00     1.0     1.0   292.6    
*  869 1031   529.33    1.55      0   529.33  1586.00     1.0     1.0   296.3    
   880 1020   529.33    1.06     12   529.33  1586.00     1.0     1.0   300.0   X
   900 1000   529.33    0.00     31   529.33  1586.00     1.0     1.0   306.8    
Path relinking result: no improvement.
   900 1000   529.33    0.00     32   529.33  1586.00     1.0     1.0   307.0   P
   948  952      inf  361.01      0   529.33  1586.00     1.0     1.0   323.5   R
   949  951  1909.33  319.85      0   529.33  1586.00     1.0     1.0   323.9    
   950  950  1909.33  285.88      1   529.33  1586.00     1.0     1.0   324.2    
   960  940  1286.67   91.19      3   529.33  1586.00     1.0     1.0   327.6   X
  1000  900   762.33    6.97      3   529.33  1586.00     1.0     1.0   341.4    
  1040  860   691.33    4.43      1   529.33  1586.00     1.0     1.0   355.1   X
  1050  850   691.33    4.25     10   529.33  1586.00     1.0     1.0   358.5    
Path relinking result: elite improvement.
  1080  820   666.67    4.32      4   529.33  1586.00     1.0     1.0   369.0   P
  1100  800   663.00    5.47      3   529.33  1586.00     1.0     1.0   375.8    

  Gens  Rem    Local   ElDiv NoImpr             Best solution            Time  Op
                                       Cost     Dist    Tard    TMax 
  1120  780   657.33    3.66      9   529.33  1586.00     1.0     1.0   382.7   X
  1150  750   642.00    4.11     13   529.33  1586.00     1.0     1.0   392.9    
  1200  700   622.00    4.18      3   529.33  1586.00     1.0     1.0   409.9    
  1200  700   622.00    3.68      4   529.33  1586.00     1.0     1.0   409.9   X
  1250  650   612.33    3.56     37   529.33  1586.00     1.0     1.0   426.9    
Path relinking result: elite improvement.
  1260  640   610.00    3.64      0   529.33  1586.00     1.0     1.0   430.6   P
  1280  620   604.00    3.36      5   529.33  1586.00     1.0     1.0   437.4   X
  1300  600   595.67    3.43     18   529.33  1586.00     1.0     1.0   444.2    
  1350  550   594.33    3.10      6   529.33  1586.00     1.0     1.0   461.1    
  1360  540   590.67    3.08      0   529.33  1586.00     1.0     1.0   464.5   X
  1400  500   583.00    3.08      2   529.33  1586.00     1.0     1.0   478.1    
Path relinking result: best improvement.
  1440  460   574.67    3.12      0   529.33  1586.00     1.0     1.0   491.9  PX
  1450  450   572.00    3.40      2   529.33  1586.00     1.0     1.0   495.2    
  1500  400   562.00    3.26     13   529.33  1586.00     1.0     1.0   512.2    
  1520  380   555.67    2.54      1   529.33  1586.00     1.0     1.0   518.9   X
  1550  350   546.00    2.54      0   529.33  1586.00     1.0     1.0   529.1    

  Gens  Rem    Local   ElDiv NoImpr             Best solution            Time  Op
                                       Cost     Dist    Tard    TMax 
  1600  300   536.67    1.62      0   529.33  1586.00     1.0     1.0   546.1    
  1600  300   536.67    1.02      1   529.33  1586.00     1.0     1.0   546.1   X
Path relinking result: best improvement.
  1620  280   534.67    0.78      0   529.33  1586.00     1.0     1.0   553.0   P
  1650  250   534.33    0.60      5   529.33  1586.00     1.0     1.0   563.2    
  1680  220   531.67    0.45      2   529.33  1586.00     1.0     1.0   573.3   X
  1700  200   530.00    0.56      6   529.33  1586.00     1.0     1.0   580.1    
* 1712  188   529.33    0.34      0   529.33  1588.00     0.0     0.0   584.2    
* 1721  179   529.00    0.47      0   529.00  1587.00     0.0     0.0   587.2    
* 1740  160   528.67    0.45      0   528.67  1586.00     0.0     0.0   593.7    
  1750  150   528.67    0.39     10   528.67  1586.00     0.0     0.0   597.0    
  1760  140   528.67    0.16     21   528.67  1586.00     0.0     0.0   600.4   X
* 1762  138   528.00    0.18      0   528.00  1584.00     0.0     0.0   601.1    
* 1771  129   527.67    0.28      0   527.67  1583.00     0.0     0.0   604.2    
* 1785  115   527.33    0.31      0   527.33  1582.00     0.0     0.0   608.9    
* 1800  100   527.00    0.42      0   527.00  1581.00     0.0     0.0   614.0    
Path relinking result: elite improvement.
  1800  100   527.00    0.42      1   527.00  1581.00     0.0     0.0   614.1   P

  Gens  Rem    Local   ElDiv NoImpr             Best solution            Time  Op
                                       Cost     Dist    Tard    TMax 
  1840   60   527.00    0.30     41   527.00  1581.00     0.0     0.0   627.7   X
  1850   50   527.00    0.00     50   527.00  1581.00     0.0     0.0   631.1    
  1879   21      inf  331.82      0   527.00  1581.00     0.0     0.0   641.2   R
  1880   20  2113.33  291.78      0   527.00  1581.00     0.0     0.0   641.5    
  1900    0   849.33   88.95      0   527.00  1581.00     0.0     0.0   648.1    
Evolutionary process finished.
Solution written to 'solution-18627.txt'.

Sorted sequence of worst to best tardiness value:
Task for patient = 124 with skills = {4,-1} and cost = 578.7
   Vehicle #0 = 37, leaving at = 818.0
   Vehicle #1 = -1, leaving at = inf
   Increment on distance indicator: 6.0
   Increment on tard indicator:     10.0
   Value of tmax indicator:         6.0

Task for patient = 86 with skills = {1,-1} and cost = 409.3
   Vehicle #0 = 13, leaving at = 728.0
   Vehicle #1 = -1, leaving at = inf
   Increment on distance indicator: 2.0
   Increment on tard indicator:     6.0
   Value of tmax indicator:         2.0

Task for patient = 139 with skills = {4,-1} and cost = 329.0
   Vehicle #0 = 24, leaving at = 709.0
   Vehicle #1 = -1, leaving at = inf
   Increment on distance indicator: 5.0
   Increment on tard indicator:     5.0
   Value of tmax indicator:         5.0

Task for patient = 52 with skills = {1,-1} and cost = 376.3
   Vehicle #0 = 13, leaving at = 669.0
   Vehicle #1 = -1, leaving at = inf
   Increment on distance indicator: 7.0
   Increment on tard indicator:     2.0
   Value of tmax indicator:         7.0

Task for patient = 136 with skills = {5,-1} and cost = 569.7
   Vehicle #0 = 32, leaving at = 1022.0
   Vehicle #1 = -1, leaving at = inf
   Increment on distance indicator: 13.0
   Increment on tard indicator:     2.0
   Value of tmax indicator:         13.0

Task for patient = 134 with skills = {5,-1} and cost = 531.7
   Vehicle #0 = 28, leaving at = 1003.0
   Vehicle #1 = -1, leaving at = inf
   Increment on distance indicator: 2.0
   Increment on tard indicator:     1.0
   Value of tmax indicator:         2.0

Task for patient = 78 with skills = {3,-1} and cost = 440.3
   Vehicle #0 = 36, leaving at = 761.0
   Vehicle #1 = -1, leaving at = inf
   Increment on distance indicator: 3.0
   Increment on tard indicator:     0.0
   Value of tmax indicator:         3.0

Task for patient = 129 with skills = {4,-1} and cost = 441.0
   Vehicle #0 = 25, leaving at = 1103.0
   Vehicle #1 = -1, leaving at = inf
   Increment on distance indicator: 2.0
   Increment on tard indicator:     0.0
   Value of tmax indicator:         2.0

Task for patient = 177 with skills = {4,-1} and cost = 447.7
   Vehicle #0 = 37, leaving at = 634.0
   Vehicle #1 = -1, leaving at = inf
   Increment on distance indicator: 20.0
   Increment on tard indicator:     0.0
   Value of tmax indicator:         20.0

Task for patient = 172 with skills = {0,-1} and cost = 448.3
   Vehicle #0 = 3, leaving at = 1106.0
   Vehicle #1 = -1, leaving at = inf
   Increment on distance indicator: 2.0
   Increment on tard indicator:     0.0
   Value of tmax indicator:         2.0

Task for patient = 160 with skills = {1,-1} and cost = 450.3
   Vehicle #0 = 1, leaving at = 977.0
   Vehicle #1 = -1, leaving at = inf
   Increment on distance indicator: 6.0
   Increment on tard indicator:     0.0
   Value of tmax indicator:         6.0

Task for patient = 30 with skills = {3,-1} and cost = 452.3
   Vehicle #0 = 36, leaving at = 786.0
   Vehicle #1 = -1, leaving at = inf
   Increment on distance indicator: 6.0
   Increment on tard indicator:     0.0
   Value of tmax indicator:         6.0

Task for patient = 103 with skills = {5,-1} and cost = 453.7
   Vehicle #0 = 29, leaving at = 699.0
   Vehicle #1 = -1, leaving at = inf
   Increment on distance indicator: 4.0
   Increment on tard indicator:     0.0
   Value of tmax indicator:         4.0

Task for patient = 98 with skills = {0,-1} and cost = 455.0
   Vehicle #0 = 4, leaving at = 989.0
   Vehicle #1 = -1, leaving at = inf
   Increment on distance indicator: 4.0
   Increment on tard indicator:     0.0
   Value of tmax indicator:         4.0

Task for patient = 2 with skills = {0,3} and cost = 457.3
   Vehicle #0 = 14, leaving at = 847.0
   Vehicle #1 = 35, leaving at = 880.0
   Increment on distance indicator: 7.0
   Increment on tard indicator:     0.0
   Value of tmax indicator:         7.0

Task for patient = 198 with skills = {4,-1} and cost = 439.3
   Vehicle #0 = 31, leaving at = 841.0
   Vehicle #1 = -1, leaving at = inf
   Increment on distance indicator: 4.0
   Increment on tard indicator:     0.0
   Value of tmax indicator:         4.0

Task for patient = 186 with skills = {1,5} and cost = 459.7
   Vehicle #0 = 10, leaving at = 957.0
   Vehicle #1 = 29, leaving at = 957.0
   Increment on distance indicator: 6.0
   Increment on tard indicator:     0.0
   Value of tmax indicator:         6.0

Task for patient = 158 with skills = {5,-1} and cost = 460.3
   Vehicle #0 = 31, leaving at = 1058.0
   Vehicle #1 = -1, leaving at = inf
   Increment on distance indicator: 2.0
   Increment on tard indicator:     0.0
   Value of tmax indicator:         2.0

Task for patient = 35 with skills = {0,3} and cost = 470.7
   Vehicle #0 = 16, leaving at = 751.0
   Vehicle #1 = 38, leaving at = 751.0
   Increment on distance indicator: 31.0
   Increment on tard indicator:     0.0
   Value of tmax indicator:         31.0

Task for patient = 173 with skills = {4,-1} and cost = 472.7
   Vehicle #0 = 37, leaving at = 736.0
   Vehicle #1 = -1, leaving at = inf
   Increment on distance indicator: 6.0
   Increment on tard indicator:     0.0
   Value of tmax indicator:         6.0

Task for patient = 44 with skills = {0,-1} and cost = 478.7
   Vehicle #0 = 15, leaving at = 681.0
   Vehicle #1 = -1, leaving at = inf
   Increment on distance indicator: 18.0
   Increment on tard indicator:     0.0
   Value of tmax indicator:         18.0

Task for patient = 65 with skills = {2,4} and cost = 480.3
   Vehicle #0 = 10, leaving at = 984.0
   Vehicle #1 = 21, leaving at = 1019.0
   Increment on distance indicator: 5.0
   Increment on tard indicator:     0.0
   Value of tmax indicator:         5.0

Task for patient = 25 with skills = {1,-1} and cost = 486.3
   Vehicle #0 = 18, leaving at = 552.0
   Vehicle #1 = -1, leaving at = inf
   Increment on distance indicator: 18.0
   Increment on tard indicator:     0.0
   Value of tmax indicator:         18.0

Task for patient = 109 with skills = {3,-1} and cost = 487.3
   Vehicle #0 = 26, leaving at = 1015.0
   Vehicle #1 = -1, leaving at = inf
   Increment on distance indicator: 3.0
   Increment on tard indicator:     0.0
   Value of tmax indicator:         3.0

Task for patient = 81 with skills = {4,-1} and cost = 488.7
   Vehicle #0 = 24, leaving at = 848.0
   Vehicle #1 = -1, leaving at = inf
   Increment on distance indicator: 4.0
   Increment on tard indicator:     0.0
   Value of tmax indicator:         4.0

Task for patient = 22 with skills = {4,-1} and cost = 490.3
   Vehicle #0 = 38, leaving at = 806.0
   Vehicle #1 = -1, leaving at = inf
   Increment on distance indicator: 5.0
   Increment on tard indicator:     0.0
   Value of tmax indicator:         5.0

Task for patient = 190 with skills = {0,4} and cost = 491.7
   Vehicle #0 = 0, leaving at = 1079.0
   Vehicle #1 = 21, leaving at = 1079.0
   Increment on distance indicator: 4.0
   Increment on tard indicator:     0.0
   Value of tmax indicator:         4.0

Task for patient = 130 with skills = {4,-1} and cost = 457.7
   Vehicle #0 = 32, leaving at = 918.0
   Vehicle #1 = -1, leaving at = inf
   Increment on distance indicator: 1.0
   Increment on tard indicator:     0.0
   Value of tmax indicator:         1.0

Task for patient = 196 with skills = {5,-1} and cost = 355.0
   Vehicle #0 = 20, leaving at = 1032.0
   Vehicle #1 = -1, leaving at = inf
   Increment on distance indicator: 1.0
   Increment on tard indicator:     0.0
   Value of tmax indicator:         1.0

Task for patient = 159 with skills = {0,-1} and cost = 359.7
   Vehicle #0 = 14, leaving at = 554.0
   Vehicle #1 = -1, leaving at = inf
   Increment on distance indicator: 14.0
   Increment on tard indicator:     0.0
   Value of tmax indicator:         14.0

Task for patient = 183 with skills = {2,5} and cost = 362.0
   Vehicle #0 = 11, leaving at = 890.0
   Vehicle #1 = 33, leaving at = 890.0
   Increment on distance indicator: 7.0
   Increment on tard indicator:     0.0
   Value of tmax indicator:         7.0

Task for patient = 43 with skills = {0,5} and cost = 365.3
   Vehicle #0 = 5, leaving at = 978.0
   Vehicle #1 = 23, leaving at = 978.0
   Increment on distance indicator: 10.0
   Increment on tard indicator:     0.0
   Value of tmax indicator:         10.0

Task for patient = 29 with skills = {5,-1} and cost = 366.7
   Vehicle #0 = 31, leaving at = 813.0
   Vehicle #1 = -1, leaving at = inf
   Increment on distance indicator: 4.0
   Increment on tard indicator:     0.0
   Value of tmax indicator:         4.0

Task for patient = 91 with skills = {1,-1} and cost = 367.0
   Vehicle #0 = 6, leaving at = 1018.0
   Vehicle #1 = -1, leaving at = inf
   Increment on distance indicator: 1.0
   Increment on tard indicator:     0.0
   Value of tmax indicator:         1.0

Task for patient = 67 with skills = {0,4} and cost = 372.3
   Vehicle #0 = 14, leaving at = 736.0
   Vehicle #1 = 24, leaving at = 770.0
   Increment on distance indicator: 16.0
   Increment on tard indicator:     0.0
   Value of tmax indicator:         16.0

Task for patient = 84 with skills = {3,-1} and cost = 373.3
   Vehicle #0 = 26, leaving at = 949.0
   Vehicle #1 = -1, leaving at = inf
   Increment on distance indicator: 3.0
   Increment on tard indicator:     0.0
   Value of tmax indicator:         3.0

Task for patient = 165 with skills = {0,-1} and cost = 383.0
   Vehicle #0 = 15, leaving at = 581.0
   Vehicle #1 = -1, leaving at = inf
   Increment on distance indicator: 20.0
   Increment on tard indicator:     0.0
   Value of tmax indicator:         20.0

Task for patient = 131 with skills = {4,-1} and cost = 390.0
   Vehicle #0 = 34, leaving at = 526.0
   Vehicle #1 = -1, leaving at = inf
   Increment on distance indicator: 21.0
   Increment on tard indicator:     0.0
   Value of tmax indicator:         21.0

Task for patient = 176 with skills = {2,5} and cost = 430.7
   Vehicle #0 = 14, leaving at = 827.0
   Vehicle #1 = 34, leaving at = 813.0
   Increment on distance indicator: 9.0
   Increment on tard indicator:     0.0
   Value of tmax indicator:         9.0

Task for patient = 53 with skills = {3,-1} and cost = 396.0
   Vehicle #0 = 30, leaving at = 849.0
   Vehicle #1 = -1, leaving at = inf
   Increment on distance indicator: 13.0
   Increment on tard indicator:     0.0
   Value of tmax indicator:         13.0

Task for patient = 74 with skills = {1,-1} and cost = 396.7
   Vehicle #0 = 3, leaving at = 1047.0
   Vehicle #1 = -1, leaving at = inf
   Increment on distance indicator: 2.0
   Increment on tard indicator:     0.0
   Value of tmax indicator:         2.0

Task for patient = 174 with skills = {3,-1} and cost = 401.7
   Vehicle #0 = 35, leaving at = 547.0
   Vehicle #1 = -1, leaving at = inf
   Increment on distance indicator: 15.0
   Increment on tard indicator:     0.0
   Value of tmax indicator:         15.0

Task for patient = 137 with skills = {3,-1} and cost = 402.0
   Vehicle #0 = 25, leaving at = 1055.0
   Vehicle #1 = -1, leaving at = inf
   Increment on distance indicator: 1.0
   Increment on tard indicator:     0.0
   Value of tmax indicator:         1.0

Task for patient = 57 with skills = {1,4} and cost = 406.3
   Vehicle #0 = 14, leaving at = 764.0
   Vehicle #1 = 35, leaving at = 806.0
   Increment on distance indicator: 13.0
   Increment on tard indicator:     0.0
   Value of tmax indicator:         13.0

Task for patient = 33 with skills = {0,-1} and cost = 413.7
   Vehicle #0 = 15, leaving at = 640.0
   Vehicle #1 = -1, leaving at = inf
   Increment on distance indicator: 13.0
   Increment on tard indicator:     0.0
   Value of tmax indicator:         13.0

Task for patient = 59 with skills = {3,-1} and cost = 414.7
   Vehicle #0 = 34, leaving at = 770.0
   Vehicle #1 = -1, leaving at = inf
   Increment on distance indicator: 3.0
   Increment on tard indicator:     0.0
   Value of tmax indicator:         3.0

Task for patient = 161 with skills = {2,-1} and cost = 421.0
   Vehicle #0 = 16, leaving at = 607.0
   Vehicle #1 = -1, leaving at = inf
   Increment on distance indicator: 19.0
   Increment on tard indicator:     0.0
   Value of tmax indicator:         19.0

Task for patient = 142 with skills = {2,5} and cost = 427.7
   Vehicle #0 = 16, leaving at = 659.0
   Vehicle #1 = 29, leaving at = 659.0
   Increment on distance indicator: 20.0
   Increment on tard indicator:     0.0
   Value of tmax indicator:         20.0

Task for patient = 193 with skills = {2,-1} and cost = 493.3
   Vehicle #0 = 11, leaving at = 910.0
   Vehicle #1 = -1, leaving at = inf
   Increment on distance indicator: 5.0
   Increment on tard indicator:     0.0
   Value of tmax indicator:         5.0

Task for patient = 94 with skills = {2,4} and cost = 438.0
   Vehicle #0 = 16, leaving at = 694.0
   Vehicle #1 = 36, leaving at = 725.0
   Increment on distance indicator: 22.0
   Increment on tard indicator:     0.0
   Value of tmax indicator:         22.0

Task for patient = 88 with skills = {3,-1} and cost = 391.7
   Vehicle #0 = 34, leaving at = 709.0
   Vehicle #1 = -1, leaving at = inf
   Increment on distance indicator: 5.0
   Increment on tard indicator:     0.0
   Value of tmax indicator:         5.0

Task for patient = 166 with skills = {0,-1} and cost = 554.7
   Vehicle #0 = 12, leaving at = 911.0
   Vehicle #1 = -1, leaving at = inf
   Increment on distance indicator: 6.0
   Increment on tard indicator:     0.0
   Value of tmax indicator:         6.0

Task for patient = 68 with skills = {0,-1} and cost = 556.0
   Vehicle #0 = 4, leaving at = 1012.0
   Vehicle #1 = -1, leaving at = inf
   Increment on distance indicator: 4.0
   Increment on tard indicator:     0.0
   Value of tmax indicator:         4.0

Task for patient = 104 with skills = {2,-1} and cost = 557.3
   Vehicle #0 = 12, leaving at = 950.0
   Vehicle #1 = -1, leaving at = inf
   Increment on distance indicator: 4.0
   Increment on tard indicator:     0.0
   Value of tmax indicator:         4.0

Task for patient = 7 with skills = {1,3} and cost = 560.0
   Vehicle #0 = 11, leaving at = 1021.0
   Vehicle #1 = 34, leaving at = 1090.0
   Increment on distance indicator: 8.0
   Increment on tard indicator:     0.0
   Value of tmax indicator:         8.0

Task for patient = 46 with skills = {5,-1} and cost = 561.7
   Vehicle #0 = 29, leaving at = 1023.0
   Vehicle #1 = -1, leaving at = inf
   Increment on distance indicator: 5.0
   Increment on tard indicator:     0.0
   Value of tmax indicator:         5.0

Task for patient = 1 with skills = {3,-1} and cost = 562.0
   Vehicle #0 = 28, leaving at = 1048.0
   Vehicle #1 = -1, leaving at = inf
   Increment on distance indicator: 1.0
   Increment on tard indicator:     0.0
   Value of tmax indicator:         1.0

Task for patient = 168 with skills = {0,-1} and cost = 564.0
   Vehicle #0 = 17, leaving at = 723.0
   Vehicle #1 = -1, leaving at = inf
   Increment on distance indicator: 6.0
   Increment on tard indicator:     0.0
   Value of tmax indicator:         6.0

Task for patient = 106 with skills = {3,-1} and cost = 564.7
   Vehicle #0 = 36, leaving at = 1005.0
   Vehicle #1 = -1, leaving at = inf
   Increment on distance indicator: 2.0
   Increment on tard indicator:     0.0
   Value of tmax indicator:         2.0

Task for patient = 10 with skills = {2,4} and cost = 572.0
   Vehicle #0 = 16, leaving at = 1079.0
   Vehicle #1 = 23, leaving at = 1079.0
   Increment on distance indicator: 7.0
   Increment on tard indicator:     0.0
   Value of tmax indicator:         7.0

Task for patient = 50 with skills = {0,4} and cost = 581.0
   Vehicle #0 = 5, leaving at = 1085.0
   Vehicle #1 = 23, leaving at = 1107.0
   Increment on distance indicator: 7.0
   Increment on tard indicator:     0.0
   Value of tmax indicator:         7.0

Task for patient = 175 with skills = {0,-1} and cost = 581.7
   Vehicle #0 = 15, leaving at = 993.0
   Vehicle #1 = -1, leaving at = inf
   Increment on distance indicator: 2.0
   Increment on tard indicator:     0.0
   Value of tmax indicator:         2.0

Task for patient = 107 with skills = {5,-1} and cost = 497.7
   Vehicle #0 = 34, leaving at = 851.0
   Vehicle #1 = -1, leaving at = inf
   Increment on distance indicator: 6.0
   Increment on tard indicator:     0.0
   Value of tmax indicator:         6.0

Task for patient = 55 with skills = {4,-1} and cost = 583.7
   Vehicle #0 = 20, leaving at = 1090.0
   Vehicle #1 = -1, leaving at = inf
   Increment on distance indicator: 3.0
   Increment on tard indicator:     0.0
   Value of tmax indicator:         3.0

Task for patient = 179 with skills = {3,-1} and cost = 584.7
   Vehicle #0 = 28, leaving at = 1166.0
   Vehicle #1 = -1, leaving at = inf
   Increment on distance indicator: 3.0
   Increment on tard indicator:     0.0
   Value of tmax indicator:         3.0

Task for patient = 182 with skills = {2,4} and cost = 588.7
   Vehicle #0 = 17, leaving at = 877.0
   Vehicle #1 = 24, leaving at = 896.0
   Increment on distance indicator: 12.0
   Increment on tard indicator:     0.0
   Value of tmax indicator:         12.0

Task for patient = 146 with skills = {4,-1} and cost = 590.7
   Vehicle #0 = 35, leaving at = 1048.0
   Vehicle #1 = -1, leaving at = inf
   Increment on distance indicator: 6.0
   Increment on tard indicator:     0.0
   Value of tmax indicator:         6.0

Task for patient = 154 with skills = {5,-1} and cost = 591.3
   Vehicle #0 = 36, leaving at = 1031.0
   Vehicle #1 = -1, leaving at = inf
   Increment on distance indicator: 2.0
   Increment on tard indicator:     0.0
   Value of tmax indicator:         2.0

Task for patient = 15 with skills = {5,-1} and cost = 592.7
   Vehicle #0 = 36, leaving at = 1067.0
   Vehicle #1 = -1, leaving at = inf
   Increment on distance indicator: 4.0
   Increment on tard indicator:     0.0
   Value of tmax indicator:         4.0

Task for patient = 164 with skills = {5,-1} and cost = 593.3
   Vehicle #0 = 33, leaving at = 1050.0
   Vehicle #1 = -1, leaving at = inf
   Increment on distance indicator: 2.0
   Increment on tard indicator:     0.0
   Value of tmax indicator:         2.0

Task for patient = 87 with skills = {2,-1} and cost = 594.7
   Vehicle #0 = 8, leaving at = 1018.0
   Vehicle #1 = -1, leaving at = inf
   Increment on distance indicator: 4.0
   Increment on tard indicator:     0.0
   Value of tmax indicator:         4.0

Task for patient = 27 with skills = {4,-1} and cost = 596.3
   Vehicle #0 = 37, leaving at = 874.0
   Vehicle #1 = -1, leaving at = inf
   Increment on distance indicator: 5.0
   Increment on tard indicator:     0.0
   Value of tmax indicator:         5.0

Task for patient = 13 with skills = {2,-1} and cost = 598.0
   Vehicle #0 = 9, leaving at = 970.0
   Vehicle #1 = -1, leaving at = inf
   Increment on distance indicator: 5.0
   Increment on tard indicator:     0.0
   Value of tmax indicator:         5.0

Task for patient = 192 with skills = {1,4} and cost = 603.7
   Vehicle #0 = 13, leaving at = 930.0
   Vehicle #1 = 24, leaving at = 956.0
   Increment on distance indicator: 17.0
   Increment on tard indicator:     0.0
   Value of tmax indicator:         17.0

Task for patient = 119 with skills = {4,-1} and cost = 582.7
   Vehicle #0 = 28, leaving at = 1103.0
   Vehicle #1 = -1, leaving at = inf
   Increment on distance indicator: 3.0
   Increment on tard indicator:     0.0
   Value of tmax indicator:         3.0

Task for patient = 38 with skills = {0,-1} and cost = 495.7
   Vehicle #0 = 18, leaving at = 717.0
   Vehicle #1 = -1, leaving at = inf
   Increment on distance indicator: 7.0
   Increment on tard indicator:     0.0
   Value of tmax indicator:         7.0

Task for patient = 162 with skills = {4,-1} and cost = 354.7
   Vehicle #0 = 33, leaving at = 602.0
   Vehicle #1 = -1, leaving at = inf
   Increment on distance indicator: 4.0
   Increment on tard indicator:     0.0
   Value of tmax indicator:         4.0

Task for patient = 95 with skills = {2,-1} and cost = 498.3
   Vehicle #0 = 6, leaving at = 1047.0
   Vehicle #1 = -1, leaving at = inf
   Increment on distance indicator: 2.0
   Increment on tard indicator:     0.0
   Value of tmax indicator:         2.0

Task for patient = 170 with skills = {1,-1} and cost = 500.3
   Vehicle #0 = 14, leaving at = 884.0
   Vehicle #1 = -1, leaving at = inf
   Increment on distance indicator: 6.0
   Increment on tard indicator:     0.0
   Value of tmax indicator:         6.0

Task for patient = 5 with skills = {2,3} and cost = 503.7
   Vehicle #0 = 16, leaving at = 811.0
   Vehicle #1 = 36, leaving at = 811.0
   Increment on distance indicator: 10.0
   Increment on tard indicator:     0.0
   Value of tmax indicator:         10.0

Task for patient = 191 with skills = {3,-1} and cost = 504.7
   Vehicle #0 = 27, leaving at = 1009.0
   Vehicle #1 = -1, leaving at = inf
   Increment on distance indicator: 3.0
   Increment on tard indicator:     0.0
   Value of tmax indicator:         3.0

Task for patient = 79 with skills = {2,3} and cost = 507.3
   Vehicle #0 = 16, leaving at = 867.0
   Vehicle #1 = 36, leaving at = 855.0
   Increment on distance indicator: 8.0
   Increment on tard indicator:     0.0
   Value of tmax indicator:         8.0

Task for patient = 56 with skills = {2,5} and cost = 512.0
   Vehicle #0 = 18, leaving at = 845.0
   Vehicle #1 = 38, leaving at = 870.0
   Increment on distance indicator: 14.0
   Increment on tard indicator:     0.0
   Value of tmax indicator:         14.0

Task for patient = 184 with skills = {1,4} and cost = 515.3
   Vehicle #0 = 13, leaving at = 755.0
   Vehicle #1 = 37, leaving at = 776.0
   Increment on distance indicator: 10.0
   Increment on tard indicator:     0.0
   Value of tmax indicator:         10.0

Task for patient = 51 with skills = {1,-1} and cost = 517.3
   Vehicle #0 = 10, leaving at = 1032.0
   Vehicle #1 = -1, leaving at = inf
   Increment on distance indicator: 6.0
   Increment on tard indicator:     0.0
   Value of tmax indicator:         6.0

Task for patient = 69 with skills = {5,-1} and cost = 518.7
   Vehicle #0 = 23, leaving at = 1015.0
   Vehicle #1 = -1, leaving at = inf
   Increment on distance indicator: 4.0
   Increment on tard indicator:     0.0
   Value of tmax indicator:         4.0

Task for patient = 132 with skills = {2,3} and cost = 552.7
   Vehicle #0 = 7, leaving at = 1028.0
   Vehicle #1 = 34, leaving at = 1028.0
   Increment on distance indicator: 7.0
   Increment on tard indicator:     0.0
   Value of tmax indicator:         7.0

Task for patient = 143 with skills = {3,-1} and cost = 520.0
   Vehicle #0 = 38, leaving at = 908.0
   Vehicle #1 = -1, leaving at = inf
   Increment on distance indicator: 4.0
   Increment on tard indicator:     0.0
   Value of tmax indicator:         4.0

Task for patient = 54 with skills = {3,-1} and cost = 521.3
   Vehicle #0 = 32, leaving at = 963.0
   Vehicle #1 = -1, leaving at = inf
   Increment on distance indicator: 4.0
   Increment on tard indicator:     0.0
   Value of tmax indicator:         4.0

Task for patient = 73 with skills = {0,3} and cost = 523.0
   Vehicle #0 = 18, leaving at = 1005.0
   Vehicle #1 = 27, leaving at = 1040.0
   Increment on distance indicator: 5.0
   Increment on tard indicator:     0.0
   Value of tmax indicator:         5.0

Task for patient = 26 with skills = {5,-1} and cost = 525.0
   Vehicle #0 = 34, leaving at = 906.0
   Vehicle #1 = -1, leaving at = inf
   Increment on distance indicator: 6.0
   Increment on tard indicator:     0.0
   Value of tmax indicator:         6.0

Task for patient = 9 with skills = {0,3} and cost = 530.7
   Vehicle #0 = 9, leaving at = 944.0
   Vehicle #1 = 38, leaving at = 944.0
   Increment on distance indicator: 17.0
   Increment on tard indicator:     0.0
   Value of tmax indicator:         17.0

Task for patient = 127 with skills = {0,-1} and cost = 533.7
   Vehicle #0 = 15, leaving at = 744.0
   Vehicle #1 = -1, leaving at = inf
   Increment on distance indicator: 6.0
   Increment on tard indicator:     0.0
   Value of tmax indicator:         6.0

Task for patient = 117 with skills = {0,5} and cost = 538.7
   Vehicle #0 = 15, leaving at = 915.0
   Vehicle #1 = 36, leaving at = 915.0
   Increment on distance indicator: 15.0
   Increment on tard indicator:     0.0
   Value of tmax indicator:         15.0

Task for patient = 8 with skills = {2,-1} and cost = 546.0
   Vehicle #0 = 17, leaving at = 532.0
   Vehicle #1 = -1, leaving at = inf
   Increment on distance indicator: 22.0
   Increment on tard indicator:     0.0
   Value of tmax indicator:         22.0

Task for patient = 151 with skills = {3,-1} and cost = 546.3
   Vehicle #0 = 33, leaving at = 1028.0
   Vehicle #1 = -1, leaving at = inf
   Increment on distance indicator: 1.0
   Increment on tard indicator:     0.0
   Value of tmax indicator:         1.0

Task for patient = 11 with skills = {3,-1} and cost = 547.0
   Vehicle #0 = 38, leaving at = 969.0
   Vehicle #1 = -1, leaving at = inf
   Increment on distance indicator: 2.0
   Increment on tard indicator:     0.0
   Value of tmax indicator:         2.0

Task for patient = 99 with skills = {0,4} and cost = 549.3
   Vehicle #0 = 6, leaving at = 1071.0
   Vehicle #1 = 21, leaving at = 1135.0
   Increment on distance indicator: 7.0
   Increment on tard indicator:     0.0
   Value of tmax indicator:         7.0

Task for patient = 70 with skills = {5,-1} and cost = 550.3
   Vehicle #0 = 36, leaving at = 953.0
   Vehicle #1 = -1, leaving at = inf
   Increment on distance indicator: 3.0
   Increment on tard indicator:     0.0
   Value of tmax indicator:         3.0

Task for patient = 187 with skills = {3,-1} and cost = 518.7
   Vehicle #0 = 39, leaving at = 998.0
   Vehicle #1 = -1, leaving at = inf
   Increment on distance indicator: 0.0
   Increment on tard indicator:     0.0
   Value of tmax indicator:         0.0

Task for patient = 92 with skills = {0,5} and cost = 126.7
   Vehicle #0 = 1, leaving at = 953.0
   Vehicle #1 = 22, leaving at = 953.0
   Increment on distance indicator: 12.0
   Increment on tard indicator:     0.0
   Value of tmax indicator:         12.0

Task for patient = 64 with skills = {0,3} and cost = 136.0
   Vehicle #0 = 0, leaving at = 606.0
   Vehicle #1 = 27, leaving at = 606.0
   Increment on distance indicator: 28.0
   Increment on tard indicator:     0.0
   Value of tmax indicator:         28.0

Task for patient = 110 with skills = {0,-1} and cost = 137.0
   Vehicle #0 = 6, leaving at = 824.0
   Vehicle #1 = -1, leaving at = inf
   Increment on distance indicator: 3.0
   Increment on tard indicator:     0.0
   Value of tmax indicator:         3.0

Task for patient = 19 with skills = {2,3} and cost = 139.7
   Vehicle #0 = 3, leaving at = 881.0
   Vehicle #1 = 25, leaving at = 881.0
   Increment on distance indicator: 8.0
   Increment on tard indicator:     0.0
   Value of tmax indicator:         8.0

Task for patient = 153 with skills = {2,5} and cost = 150.0
   Vehicle #0 = 8, leaving at = 654.0
   Vehicle #1 = 27, leaving at = 655.0
   Increment on distance indicator: 31.0
   Increment on tard indicator:     0.0
   Value of tmax indicator:         31.0

Task for patient = 23 with skills = {4,-1} and cost = 151.7
   Vehicle #0 = 23, leaving at = 660.0
   Vehicle #1 = -1, leaving at = inf
   Increment on distance indicator: 5.0
   Increment on tard indicator:     0.0
   Value of tmax indicator:         5.0

Task for patient = 114 with skills = {2,-1} and cost = 154.0
   Vehicle #0 = 8, leaving at = 779.0
   Vehicle #1 = -1, leaving at = inf
   Increment on distance indicator: 7.0
   Increment on tard indicator:     0.0
   Value of tmax indicator:         7.0

Task for patient = 82 with skills = {0,-1} and cost = 156.7
   Vehicle #0 = 0, leaving at = 676.0
   Vehicle #1 = -1, leaving at = inf
   Increment on distance indicator: 8.0
   Increment on tard indicator:     0.0
   Value of tmax indicator:         8.0

Task for patient = 155 with skills = {2,-1} and cost = 162.7
   Vehicle #0 = 9, leaving at = 678.0
   Vehicle #1 = -1, leaving at = inf
   Increment on distance indicator: 18.0
   Increment on tard indicator:     0.0
   Value of tmax indicator:         18.0

Task for patient = 16 with skills = {2,-1} and cost = 164.7
   Vehicle #0 = 9, leaving at = 726.0
   Vehicle #1 = -1, leaving at = inf
   Increment on distance indicator: 6.0
   Increment on tard indicator:     0.0
   Value of tmax indicator:         6.0

Task for patient = 123 with skills = {1,3} and cost = 166.7
   Vehicle #0 = 3, leaving at = 927.0
   Vehicle #1 = 27, leaving at = 927.0
   Increment on distance indicator: 6.0
   Increment on tard indicator:     0.0
   Value of tmax indicator:         6.0

Task for patient = 80 with skills = {1,4} and cost = 353.3
   Vehicle #0 = 12, leaving at = 859.0
   Vehicle #1 = 32, leaving at = 869.0
   Increment on distance indicator: 6.0
   Increment on tard indicator:     0.0
   Value of tmax indicator:         6.0

Task for patient = 108 with skills = {0,-1} and cost = 180.7
   Vehicle #0 = 8, leaving at = 923.0
   Vehicle #1 = -1, leaving at = inf
   Increment on distance indicator: 2.0
   Increment on tard indicator:     0.0
   Value of tmax indicator:         2.0

Task for patient = 115 with skills = {0,-1} and cost = 181.7
   Vehicle #0 = 4, leaving at = 968.0
   Vehicle #1 = -1, leaving at = inf
   Increment on distance indicator: 3.0
   Increment on tard indicator:     0.0
   Value of tmax indicator:         3.0

Task for patient = 60 with skills = {2,3} and cost = 194.3
   Vehicle #0 = 10, leaving at = 562.0
   Vehicle #1 = 30, leaving at = 558.0
   Increment on distance indicator: 38.0
   Increment on tard indicator:     0.0
   Value of tmax indicator:         38.0

Task for patient = 178 with skills = {1,5} and cost = 197.0
   Vehicle #0 = 7, leaving at = 816.0
   Vehicle #1 = 28, leaving at = 847.0
   Increment on distance indicator: 8.0
   Increment on tard indicator:     0.0
   Value of tmax indicator:         8.0

Task for patient = 171 with skills = {4,-1} and cost = 200.7
   Vehicle #0 = 23, leaving at = 723.0
   Vehicle #1 = -1, leaving at = inf
   Increment on distance indicator: 11.0
   Increment on tard indicator:     0.0
   Value of tmax indicator:         11.0

Task for patient = 85 with skills = {4,-1} and cost = 202.0
   Vehicle #0 = 21, leaving at = 684.0
   Vehicle #1 = -1, leaving at = inf
   Increment on distance indicator: 4.0
   Increment on tard indicator:     0.0
   Value of tmax indicator:         4.0

Task for patient = 135 with skills = {5,-1} and cost = 203.3
   Vehicle #0 = 28, leaving at = 867.0
   Vehicle #1 = -1, leaving at = inf
   Increment on distance indicator: 4.0
   Increment on tard indicator:     0.0
   Value of tmax indicator:         4.0

Task for patient = 36 with skills = {0,4} and cost = 207.3
   Vehicle #0 = 9, leaving at = 831.0
   Vehicle #1 = 20, leaving at = 857.0
   Increment on distance indicator: 12.0
   Increment on tard indicator:     0.0
   Value of tmax indicator:         12.0

Task for patient = 21 with skills = {4,-1} and cost = 208.7
   Vehicle #0 = 20, leaving at = 912.0
   Vehicle #1 = -1, leaving at = inf
   Increment on distance indicator: 4.0
   Increment on tard indicator:     0.0
   Value of tmax indicator:         4.0

Task for patient = 4 with skills = {0,-1} and cost = 209.7
   Vehicle #0 = 0, leaving at = 729.0
   Vehicle #1 = -1, leaving at = inf
   Increment on distance indicator: 3.0
   Increment on tard indicator:     0.0
   Value of tmax indicator:         3.0

Task for patient = 37 with skills = {2,5} and cost = 211.7
   Vehicle #0 = 7, leaving at = 964.0
   Vehicle #1 = 20, leaving at = 964.0
   Increment on distance indicator: 6.0
   Increment on tard indicator:     0.0
   Value of tmax indicator:         6.0

Task for patient = 31 with skills = {3,-1} and cost = 216.0
   Vehicle #0 = 30, leaving at = 615.0
   Vehicle #1 = -1, leaving at = inf
   Increment on distance indicator: 13.0
   Increment on tard indicator:     0.0
   Value of tmax indicator:         13.0

Task for patient = 133 with skills = {1,3} and cost = 180.0
   Vehicle #0 = 4, leaving at = 665.0
   Vehicle #1 = 28, leaving at = 665.0
   Increment on distance indicator: 40.0
   Increment on tard indicator:     0.0
   Value of tmax indicator:         40.0

Task for patient = 34 with skills = {2,4} and cost = 14.7
   Vehicle #0 = 2, leaving at = 689.0
   Vehicle #1 = 20, leaving at = 689.0
   Increment on distance indicator: 44.0
   Increment on tard indicator:     0.0
   Value of tmax indicator:         44.0

Task for patient = 126 with skills = {2,3} and cost = 28.0
   Vehicle #0 = 3, leaving at = 537.0
   Vehicle #1 = 22, leaving at = 537.0
   Increment on distance indicator: 40.0
   Increment on tard indicator:     0.0
   Value of tmax indicator:         40.0

Task for patient = 14 with skills = {0,5} and cost = 29.3
   Vehicle #0 = 3, leaving at = 714.0
   Vehicle #1 = 22, leaving at = 731.0
   Increment on distance indicator: 4.0
   Increment on tard indicator:     0.0
   Value of tmax indicator:         4.0

Task for patient = 169 with skills = {4,-1} and cost = 36.3
   Vehicle #0 = 21, leaving at = 566.0
   Vehicle #1 = -1, leaving at = inf
   Increment on distance indicator: 21.0
   Increment on tard indicator:     0.0
   Value of tmax indicator:         21.0

Task for patient = 75 with skills = {2,3} and cost = 44.0
   Vehicle #0 = 2, leaving at = 736.0
   Vehicle #1 = 25, leaving at = 743.0
   Increment on distance indicator: 23.0
   Increment on tard indicator:     0.0
   Value of tmax indicator:         23.0

Task for patient = 6 with skills = {1,3} and cost = 45.3
   Vehicle #0 = 2, leaving at = 797.0
   Vehicle #1 = 25, leaving at = 797.0
   Increment on distance indicator: 4.0
   Increment on tard indicator:     0.0
   Value of tmax indicator:         4.0

Task for patient = 189 with skills = {0,4} and cost = 47.3
   Vehicle #0 = 3, leaving at = 783.0
   Vehicle #1 = 22, leaving at = 783.0
   Increment on distance indicator: 6.0
   Increment on tard indicator:     0.0
   Value of tmax indicator:         6.0

Task for patient = 144 with skills = {3,-1} and cost = 47.7
   Vehicle #0 = 25, leaving at = 850.0
   Vehicle #1 = -1, leaving at = inf
   Increment on distance indicator: 1.0
   Increment on tard indicator:     0.0
   Value of tmax indicator:         1.0

Task for patient = 77 with skills = {5,-1} and cost = 50.3
   Vehicle #0 = 20, leaving at = 753.0
   Vehicle #1 = -1, leaving at = inf
   Increment on distance indicator: 8.0
   Increment on tard indicator:     0.0
   Value of tmax indicator:         8.0

Task for patient = 71 with skills = {2,-1} and cost = 57.3
   Vehicle #0 = 6, leaving at = 702.0
   Vehicle #1 = -1, leaving at = inf
   Increment on distance indicator: 21.0
   Increment on tard indicator:     0.0
   Value of tmax indicator:         21.0

Task for patient = 20 with skills = {2,5} and cost = 61.3
   Vehicle #0 = 6, leaving at = 801.0
   Vehicle #1 = 20, leaving at = 801.0
   Increment on distance indicator: 12.0
   Increment on tard indicator:     0.0
   Value of tmax indicator:         12.0

Task for patient = 194 with skills = {1,-1} and cost = 122.7
   Vehicle #0 = 1, leaving at = 728.0
   Vehicle #1 = -1, leaving at = inf
   Increment on distance indicator: 13.0
   Increment on tard indicator:     0.0
   Value of tmax indicator:         13.0

Task for patient = 125 with skills = {2,-1} and cost = 73.3
   Vehicle #0 = 7, leaving at = 643.0
   Vehicle #1 = -1, leaving at = inf
   Increment on distance indicator: 10.0
   Increment on tard indicator:     0.0
   Value of tmax indicator:         10.0

Task for patient = 112 with skills = {4,-1} and cost = 74.0
   Vehicle #0 = 22, leaving at = 834.0
   Vehicle #1 = -1, leaving at = inf
   Increment on distance indicator: 2.0
   Increment on tard indicator:     0.0
   Value of tmax indicator:         2.0

Task for patient = 66 with skills = {0,3} and cost = 86.7
   Vehicle #0 = 0, leaving at = 545.0
   Vehicle #1 = 26, leaving at = 553.0
   Increment on distance indicator: 38.0
   Increment on tard indicator:     0.0
   Value of tmax indicator:         38.0

Task for patient = 195 with skills = {0,-1} and cost = 87.7
   Vehicle #0 = 2, leaving at = 1053.0
   Vehicle #1 = -1, leaving at = inf
   Increment on distance indicator: 3.0
   Increment on tard indicator:     0.0
   Value of tmax indicator:         3.0

Task for patient = 152 with skills = {1,3} and cost = 95.7
   Vehicle #0 = 1, leaving at = 589.0
   Vehicle #1 = 26, leaving at = 580.0
   Increment on distance indicator: 24.0
   Increment on tard indicator:     0.0
   Value of tmax indicator:         24.0

Task for patient = 100 with skills = {1,-1} and cost = 97.3
   Vehicle #0 = 1, leaving at = 616.0
   Vehicle #1 = -1, leaving at = inf
   Increment on distance indicator: 5.0
   Increment on tard indicator:     0.0
   Value of tmax indicator:         5.0

Task for patient = 102 with skills = {1,-1} and cost = 98.3
   Vehicle #0 = 7, leaving at = 708.0
   Vehicle #1 = -1, leaving at = inf
   Increment on distance indicator: 3.0
   Increment on tard indicator:     0.0
   Value of tmax indicator:         3.0

Task for patient = 101 with skills = {1,3} and cost = 100.0
   Vehicle #0 = 7, leaving at = 763.0
   Vehicle #1 = 26, leaving at = 763.0
   Increment on distance indicator: 5.0
   Increment on tard indicator:     0.0
   Value of tmax indicator:         5.0

Task for patient = 148 with skills = {4,-1} and cost = 105.7
   Vehicle #0 = 23, leaving at = 544.0
   Vehicle #1 = -1, leaving at = inf
   Increment on distance indicator: 17.0
   Increment on tard indicator:     0.0
   Value of tmax indicator:         17.0

Task for patient = 156 with skills = {1,3} and cost = 108.3
   Vehicle #0 = 7, leaving at = 794.0
   Vehicle #1 = 26, leaving at = 828.0
   Increment on distance indicator: 8.0
   Increment on tard indicator:     0.0
   Value of tmax indicator:         8.0

Task for patient = 3 with skills = {4,-1} and cost = 111.3
   Vehicle #0 = 23, leaving at = 627.0
   Vehicle #1 = -1, leaving at = inf
   Increment on distance indicator: 9.0
   Increment on tard indicator:     0.0
   Value of tmax indicator:         9.0

Task for patient = 145 with skills = {3,-1} and cost = 118.3
   Vehicle #0 = 27, leaving at = 556.0
   Vehicle #1 = -1, leaving at = inf
   Increment on distance indicator: 21.0
   Increment on tard indicator:     0.0
   Value of tmax indicator:         21.0

Task for patient = 90 with skills = {2,4} and cost = 70.0
   Vehicle #0 = 7, leaving at = 595.0
   Vehicle #1 = 21, leaving at = 631.0
   Increment on distance indicator: 26.0
   Increment on tard indicator:     0.0
   Value of tmax indicator:         26.0

Task for patient = 45 with skills = {2,3} and cost = 282.3
   Vehicle #0 = 11, leaving at = 802.0
   Vehicle #1 = 30, leaving at = 802.0
   Increment on distance indicator: 11.0
   Increment on tard indicator:     0.0
   Value of tmax indicator:         11.0

Task for patient = 157 with skills = {2,-1} and cost = 283.7
   Vehicle #0 = 6, leaving at = 938.0
   Vehicle #1 = -1, leaving at = inf
   Increment on distance indicator: 4.0
   Increment on tard indicator:     0.0
   Value of tmax indicator:         4.0

Task for patient = 111 with skills = {4,-1} and cost = 286.7
   Vehicle #0 = 31, leaving at = 723.0
   Vehicle #1 = -1, leaving at = inf
   Increment on distance indicator: 9.0
   Increment on tard indicator:     0.0
   Value of tmax indicator:         9.0

Task for patient = 200 with skills = {0,-1} and cost = 287.7
   Vehicle #0 = 10, leaving at = 907.0
   Vehicle #1 = -1, leaving at = inf
   Increment on distance indicator: 3.0
   Increment on tard indicator:     0.0
   Value of tmax indicator:         3.0

Task for patient = 63 with skills = {2,-1} and cost = 288.7
   Vehicle #0 = 11, leaving at = 838.0
   Vehicle #1 = -1, leaving at = inf
   Increment on distance indicator: 3.0
   Increment on tard indicator:     0.0
   Value of tmax indicator:         3.0

Task for patient = 24 with skills = {4,-1} and cost = 289.7
   Vehicle #0 = 23, leaving at = 926.0
   Vehicle #1 = -1, leaving at = inf
   Increment on distance indicator: 3.0
   Increment on tard indicator:     0.0
   Value of tmax indicator:         3.0

Task for patient = 141 with skills = {4,-1} and cost = 293.0
   Vehicle #0 = 31, leaving at = 790.0
   Vehicle #1 = -1, leaving at = inf
   Increment on distance indicator: 10.0
   Increment on tard indicator:     0.0
   Value of tmax indicator:         10.0

Task for patient = 72 with skills = {3,-1} and cost = 300.0
   Vehicle #0 = 32, leaving at = 559.0
   Vehicle #1 = -1, leaving at = inf
   Increment on distance indicator: 21.0
   Increment on tard indicator:     0.0
   Value of tmax indicator:         21.0

Task for patient = 163 with skills = {4,-1} and cost = 300.7
   Vehicle #0 = 21, leaving at = 923.0
   Vehicle #1 = -1, leaving at = inf
   Increment on distance indicator: 2.0
   Increment on tard indicator:     0.0
   Value of tmax indicator:         2.0

Task for patient = 122 with skills = {5,-1} and cost = 301.0
   Vehicle #0 = 32, leaving at = 608.0
   Vehicle #1 = -1, leaving at = inf
   Increment on distance indicator: 1.0
   Increment on tard indicator:     0.0
   Value of tmax indicator:         1.0

Task for patient = 199 with skills = {0,5} and cost = 308.7
   Vehicle #0 = 12, leaving at = 628.0
   Vehicle #1 = 32, leaving at = 647.0
   Increment on distance indicator: 23.0
   Increment on tard indicator:     0.0
   Value of tmax indicator:         23.0

Task for patient = 18 with skills = {4,-1} and cost = 217.0
   Vehicle #0 = 26, leaving at = 877.0
   Vehicle #1 = -1, leaving at = inf
   Increment on distance indicator: 3.0
   Increment on tard indicator:     0.0
   Value of tmax indicator:         3.0

Task for patient = 128 with skills = {3,-1} and cost = 312.3
   Vehicle #0 = 22, leaving at = 1033.0
   Vehicle #1 = -1, leaving at = inf
   Increment on distance indicator: 9.0
   Increment on tard indicator:     0.0
   Value of tmax indicator:         9.0

Task for patient = 188 with skills = {4,-1} and cost = 314.0
   Vehicle #0 = 32, leaving at = 699.0
   Vehicle #1 = -1, leaving at = inf
   Increment on distance indicator: 5.0
   Increment on tard indicator:     0.0
   Value of tmax indicator:         5.0

Task for patient = 181 with skills = {2,4} and cost = 321.7
   Vehicle #0 = 12, leaving at = 666.0
   Vehicle #1 = 24, leaving at = 666.0
   Increment on distance indicator: 23.0
   Increment on tard indicator:     0.0
   Value of tmax indicator:         23.0

Task for patient = 105 with skills = {2,5} and cost = 324.0
   Vehicle #0 = 12, leaving at = 731.0
   Vehicle #1 = 32, leaving at = 731.0
   Increment on distance indicator: 7.0
   Increment on tard indicator:     0.0
   Value of tmax indicator:         7.0

Task for patient = 40 with skills = {1,-1} and cost = 335.7
   Vehicle #0 = 13, leaving at = 621.0
   Vehicle #1 = -1, leaving at = inf
   Increment on distance indicator: 20.0
   Increment on tard indicator:     0.0
   Value of tmax indicator:         20.0

Task for patient = 32 with skills = {0,3} and cost = 337.7
   Vehicle #0 = 12, leaving at = 760.0
   Vehicle #1 = 32, leaving at = 760.0
   Increment on distance indicator: 6.0
   Increment on tard indicator:     0.0
   Value of tmax indicator:         6.0

Task for patient = 180 with skills = {0,5} and cost = 339.7
   Vehicle #0 = 12, leaving at = 823.0
   Vehicle #1 = 32, leaving at = 823.0
   Increment on distance indicator: 6.0
   Increment on tard indicator:     0.0
   Value of tmax indicator:         6.0

Task for patient = 42 with skills = {3,-1} and cost = 345.7
   Vehicle #0 = 33, leaving at = 530.0
   Vehicle #1 = -1, leaving at = inf
   Increment on distance indicator: 18.0
   Increment on tard indicator:     0.0
   Value of tmax indicator:         18.0

Task for patient = 167 with skills = {0,-1} and cost = 347.3
   Vehicle #0 = 0, leaving at = 784.0
   Vehicle #1 = -1, leaving at = inf
   Increment on distance indicator: 5.0
   Increment on tard indicator:     0.0
   Value of tmax indicator:         5.0

Task for patient = 197 with skills = {1,-1} and cost = 349.7
   Vehicle #0 = 13, leaving at = 644.0
   Vehicle #1 = -1, leaving at = inf
   Increment on distance indicator: 7.0
   Increment on tard indicator:     0.0
   Value of tmax indicator:         7.0

Task for patient = 17 with skills = {4,-1} and cost = 351.3
   Vehicle #0 = 24, leaving at = 734.0
   Vehicle #1 = -1, leaving at = inf
   Increment on distance indicator: 5.0
   Increment on tard indicator:     0.0
   Value of tmax indicator:         5.0

Task for patient = 140 with skills = {4,-1} and cost = 604.3
   Vehicle #0 = 37, leaving at = 966.0
   Vehicle #1 = -1, leaving at = inf
   Increment on distance indicator: 2.0
   Increment on tard indicator:     0.0
   Value of tmax indicator:         2.0

Task for patient = 62 with skills = {2,-1} and cost = 309.3
   Vehicle #0 = 6, leaving at = 956.0
   Vehicle #1 = -1, leaving at = inf
   Increment on distance indicator: 2.0
   Increment on tard indicator:     0.0
   Value of tmax indicator:         2.0

Task for patient = 61 with skills = {5,-1} and cost = 224.0
   Vehicle #0 = 29, leaving at = 568.0
   Vehicle #1 = -1, leaving at = inf
   Increment on distance indicator: 21.0
   Increment on tard indicator:     0.0
   Value of tmax indicator:         21.0

Task for patient = 150 with skills = {0,-1} and cost = 226.7
   Vehicle #0 = 10, leaving at = 592.0
   Vehicle #1 = -1, leaving at = inf
   Increment on distance indicator: 8.0
   Increment on tard indicator:     0.0
   Value of tmax indicator:         8.0

Task for patient = 121 with skills = {3,-1} and cost = 229.0
   Vehicle #0 = 30, leaving at = 650.0
   Vehicle #1 = -1, leaving at = inf
   Increment on distance indicator: 7.0
   Increment on tard indicator:     0.0
   Value of tmax indicator:         7.0

Task for patient = 97 with skills = {2,-1} and cost = 230.0
   Vehicle #0 = 10, leaving at = 644.0
   Vehicle #1 = -1, leaving at = inf
   Increment on distance indicator: 3.0
   Increment on tard indicator:     0.0
   Value of tmax indicator:         3.0

Task for patient = 49 with skills = {2,4} and cost = 231.7
   Vehicle #0 = 9, leaving at = 900.0
   Vehicle #1 = 26, leaving at = 930.0
   Increment on distance indicator: 5.0
   Increment on tard indicator:     0.0
   Value of tmax indicator:         5.0

Task for patient = 147 with skills = {4,-1} and cost = 233.3
   Vehicle #0 = 21, leaving at = 705.0
   Vehicle #1 = -1, leaving at = inf
   Increment on distance indicator: 5.0
   Increment on tard indicator:     0.0
   Value of tmax indicator:         5.0

Task for patient = 41 with skills = {5,-1} and cost = 237.3
   Vehicle #0 = 29, leaving at = 604.0
   Vehicle #1 = -1, leaving at = inf
   Increment on distance indicator: 12.0
   Increment on tard indicator:     0.0
   Value of tmax indicator:         12.0

Task for patient = 138 with skills = {4,-1} and cost = 238.0
   Vehicle #0 = 20, leaving at = 1011.0
   Vehicle #1 = -1, leaving at = inf
   Increment on distance indicator: 2.0
   Increment on tard indicator:     0.0
   Value of tmax indicator:         2.0

Task for patient = 83 with skills = {0,-1} and cost = 245.3
   Vehicle #0 = 5, leaving at = 545.0
   Vehicle #1 = -1, leaving at = inf
   Increment on distance indicator: 22.0
   Increment on tard indicator:     0.0
   Value of tmax indicator:         22.0

Task for patient = 48 with skills = {4,-1} and cost = 246.7
   Vehicle #0 = 30, leaving at = 703.0
   Vehicle #1 = -1, leaving at = inf
   Increment on distance indicator: 4.0
   Increment on tard indicator:     0.0
   Value of tmax indicator:         4.0

Task for patient = 12 with skills = {5,-1} and cost = 247.3
   Vehicle #0 = 27, leaving at = 963.0
   Vehicle #1 = -1, leaving at = inf
   Increment on distance indicator: 2.0
   Increment on tard indicator:     0.0
   Value of tmax indicator:         2.0

Task for patient = 185 with skills = {1,-1} and cost = 278.7
   Vehicle #0 = 2, leaving at = 1086.0
   Vehicle #1 = -1, leaving at = inf
   Increment on distance indicator: 3.0
   Increment on tard indicator:     0.0
   Value of tmax indicator:         3.0

Task for patient = 47 with skills = {0,-1} and cost = 250.0
   Vehicle #0 = 5, leaving at = 705.0
   Vehicle #1 = -1, leaving at = inf
   Increment on distance indicator: 6.0
   Increment on tard indicator:     0.0
   Value of tmax indicator:         6.0

Task for patient = 120 with skills = {5,-1} and cost = 251.0
   Vehicle #0 = 25, leaving at = 930.0
   Vehicle #1 = -1, leaving at = inf
   Increment on distance indicator: 3.0
   Increment on tard indicator:     0.0
   Value of tmax indicator:         3.0

Task for patient = 58 with skills = {1,3} and cost = 252.3
   Vehicle #0 = 10, leaving at = 732.0
   Vehicle #1 = 30, leaving at = 762.0
   Increment on distance indicator: 4.0
   Increment on tard indicator:     0.0
   Value of tmax indicator:         4.0

Task for patient = 118 with skills = {4,-1} and cost = 253.3
   Vehicle #0 = 28, leaving at = 957.0
   Vehicle #1 = -1, leaving at = inf
   Increment on distance indicator: 3.0
   Increment on tard indicator:     0.0
   Value of tmax indicator:         3.0

Task for patient = 116 with skills = {2,5} and cost = 257.3
   Vehicle #0 = 10, leaving at = 783.0
   Vehicle #1 = 23, leaving at = 783.0
   Increment on distance indicator: 12.0
   Increment on tard indicator:     0.0
   Value of tmax indicator:         12.0

Task for patient = 76 with skills = {1,4} and cost = 258.7
   Vehicle #0 = 6, leaving at = 885.0
   Vehicle #1 = 21, leaving at = 897.0
   Increment on distance indicator: 4.0
   Increment on tard indicator:     0.0
   Value of tmax indicator:         4.0

Task for patient = 149 with skills = {0,4} and cost = 260.0
   Vehicle #0 = 10, leaving at = 864.0
   Vehicle #1 = 23, leaving at = 864.0
   Increment on distance indicator: 4.0
   Increment on tard indicator:     0.0
   Value of tmax indicator:         4.0

Task for patient = 93 with skills = {5,-1} and cost = 261.3
   Vehicle #0 = 22, leaving at = 1004.0
   Vehicle #1 = -1, leaving at = inf
   Increment on distance indicator: 4.0
   Increment on tard indicator:     0.0
   Value of tmax indicator:         4.0

Task for patient = 113 with skills = {3,-1} and cost = 268.0
   Vehicle #0 = 31, leaving at = 571.0
   Vehicle #1 = -1, leaving at = inf
   Increment on distance indicator: 20.0
   Increment on tard indicator:     0.0
   Value of tmax indicator:         20.0

Task for patient = 96 with skills = {3,-1} and cost = 269.0
   Vehicle #0 = 25, leaving at = 1014.0
   Vehicle #1 = -1, leaving at = inf
   Increment on distance indicator: 3.0
   Increment on tard indicator:     0.0
   Value of tmax indicator:         3.0

Task for patient = 89 with skills = {2,-1} and cost = 275.3
   Vehicle #0 = 11, leaving at = 643.0
   Vehicle #1 = -1, leaving at = inf
   Increment on distance indicator: 19.0
   Increment on tard indicator:     0.0
   Value of tmax indicator:         19.0

Task for patient = 39 with skills = {2,-1} and cost = 277.7
   Vehicle #0 = 11, leaving at = 757.0
   Vehicle #1 = -1, leaving at = inf
   Increment on distance indicator: 7.0
   Increment on tard indicator:     0.0
   Value of tmax indicator:         7.0

Task for patient = 28 with skills = {1,-1} and cost = 248.0
   Vehicle #0 = 3, leaving at = 1026.0
   Vehicle #1 = -1, leaving at = inf
   Increment on distance indicator: 2.0
   Increment on tard indicator:     0.0
   Value of tmax indicator:         2.0


Unused vehicle list: 19 (total = 1 out of 40)

---
Search finished.
Total of 1900 generations in 648.1 seconds.
Exchange elite runs: 23
Implicit path relinking runs: 10
Reset attempts: 2

Best solution found:
   Cost: 527.0
   Total travel time: 1581.0
   Total tardiness time: 0.0
   Largest tardiness: 0.0


527.0
