This host is: malboro
--- BRKGA-MP-IPR for HHCRSP ---
Instance: /home/alberto/work/hhcrsp-dataset-2021/dataset2/HHCRSP_25_5_50_0.8_C_C.txt
Seed: 9

Reading data... Problem contains 25 patients  and 5 caregivers.

Summary of supply x demand for each service type:
Skill 0 has supply = 1 and demand = 0, ratio = inf
Skill 1 has supply = 1 and demand = 7, ratio = 0.142857
Skill 2 has supply = 1 and demand = 10, ratio = 0.1
Skill 3 has supply = 1 and demand = 3, ratio = 0.333333
Skill 4 has supply = 2 and demand = 7, ratio = 0.285714
Skill 5 has supply = 2 and demand = 6, ratio = 0.333333

Reading parameters...
Inferred distance function by PR type: kendall-tau
Building BRKGA data and initializing...
Evolving 1900 generations...

  Gens  Rem    Local   ElDiv NoImpr             Best solution            Time  Op
                                       Cost     Dist    Tard    TMax 
*    0 1900  1464.00  211.41      0  1464.00   252.00  3544.0   596.0     0.1    
*    2 1898  1361.67  149.93      0  1361.67   244.00  2633.0   518.0     0.2    
*    3 1897  1131.67  154.33      0  1131.67   257.00  2481.0   381.0     0.2    
*    4 1896  1039.67  125.06      0  1039.67   254.00  2417.0   430.0     0.3    
*    5 1895  1033.67  108.06      0  1033.67   214.00  2347.0   522.0     0.3    
*    6 1894  1027.67   93.70      0  1027.67   233.00  2314.0   346.0     0.4    
*    7 1893   964.33   74.92      0   964.33   250.00  2147.0   427.0     0.4    
*    8 1892   941.33   73.45      0   941.33   258.00  2089.0   254.0     0.5    
*    9 1891   867.00   64.96      0   867.00   265.00  1952.0   304.0     0.6    
*   10 1890   840.33   58.81      0   840.33   248.00  1750.0   329.0     0.6    
*   11 1889   775.67   48.76      0   775.67   248.00  1750.0   329.0     0.7    
*   13 1887   757.00   34.75      0   757.00   254.00  1716.0   271.0     0.8    
*   14 1886   747.00   29.79      0   747.00   237.00  1648.0   304.0     0.8    
*   15 1885   729.67   26.63      0   729.67   252.00  1629.0   262.0     0.9    
*   16 1884   714.33   24.49      0   714.33   263.00  1474.0   305.0     0.9    

  Gens  Rem    Local   ElDiv NoImpr             Best solution            Time  Op
                                       Cost     Dist    Tard    TMax 
*   17 1883   680.67   20.30      0   680.67   263.00  1474.0   305.0     1.0    
*   21 1879   676.67   14.01      0   676.67   235.00  1486.0   276.0     1.2    
*   22 1878   665.67   13.73      0   665.67   235.00  1486.0   276.0     1.3    
*   24 1876   656.33   11.47      0   656.33   231.00  1489.0   249.0     1.4    
*   27 1873   656.00    8.58      0   656.00   233.00  1485.0   249.0     1.6    
*   28 1872   655.67    7.11      0   655.67   233.00  1485.0   249.0     1.6    
*   31 1869   654.33    4.33      0   654.33   232.00  1504.0   223.0     1.8    
*   32 1868   653.00    3.79      0   653.00   233.00  1449.0   273.0     1.8    
*   33 1867   651.67    3.56      0   651.67   231.00  1449.0   273.0     1.9    
*   34 1866   651.00    3.63      0   651.00   228.00  1371.0   300.0     1.9    
*   35 1865   633.00    3.39      0   633.00   228.00  1371.0   300.0     2.0    
    50 1850   633.00    2.56     15   633.00   228.00  1371.0   300.0     2.8    
*   67 1833   632.00    7.77      0   632.00   225.00  1334.0   327.0     3.8    
*   68 1832   628.67    8.00      0   628.67   225.00  1334.0   327.0     3.8    
*   73 1827   628.33    9.97      0   628.33   222.00  1336.0   327.0     4.1    
*   80 1820   628.00   10.69      0   628.00   221.00  1336.0   327.0     4.5    

  Gens  Rem    Local   ElDiv NoImpr             Best solution            Time  Op
                                       Cost     Dist    Tard    TMax 
    80 1820   628.00    0.07      1   628.00   221.00  1336.0   327.0     4.5   X
   100 1800   628.00    0.15     20   628.00   221.00  1336.0   327.0     5.6    
*  118 1782   627.67    0.03      0   627.67   220.00  1336.0   327.0     6.6    
*  122 1778   627.33    0.18      0   627.33   219.00  1336.0   327.0     6.8    
   150 1750   627.33    0.31     28   627.33   219.00  1336.0   327.0     8.3    
   160 1740   627.33    0.31     39   627.33   219.00  1336.0   327.0     8.9   X
Path relinking result: no improvement.
   180 1720   627.33    0.00     59   627.33   219.00  1336.0   327.0    10.0   P
   200 1700   627.33    0.00     78   627.33   219.00  1336.0   327.0    11.1    
   201 1699      inf  255.14      0   627.33   219.00  1336.0   327.0    11.1   R
   202 1698  1473.33  196.24      0   627.33   219.00  1336.0   327.0    11.2    
   240 1660   628.00   10.44      0   627.33   219.00  1336.0   327.0    13.3   X
*  249 1651   627.00    0.47      0   627.00   220.00  1334.0   327.0    13.8    
   250 1650   627.00    0.54      1   627.00   220.00  1334.0   327.0    13.8    
*  259 1641   626.00    0.15      0   626.00   215.00  1336.0   327.0    14.3    
*  272 1628   625.67    0.20      0   625.67   214.00  1336.0   327.0    15.1    
*  291 1609   625.33    0.46      0   625.33   213.00  1336.0   327.0    16.1    

  Gens  Rem    Local   ElDiv NoImpr             Best solution            Time  Op
                                       Cost     Dist    Tard    TMax 
   300 1600   625.33    0.94      9   625.33   213.00  1336.0   327.0    16.6    
   320 1580   625.33    0.94     30   625.33   213.00  1336.0   327.0    17.7   X
   350 1550   625.33    0.00     59   625.33   213.00  1336.0   327.0    19.3    
Path relinking result: no improvement.
   360 1540   625.33    0.00     70   625.33   213.00  1336.0   327.0    19.9   P
   370 1530      inf  285.60      0   625.33   213.00  1336.0   327.0    20.4   R
   371 1529  1201.00  216.17      0   625.33   213.00  1336.0   327.0    20.5    
   400 1500   644.00    6.31      6   625.33   213.00  1336.0   327.0    22.1    
   400 1500   644.00    3.64      7   625.33   213.00  1336.0   327.0    22.1   X
   450 1450   628.00    3.22     20   625.33   213.00  1336.0   327.0    24.9    
   480 1420   627.33    0.00     26   625.33   213.00  1336.0   327.0    26.5   X
   500 1400   627.33    0.00     45   625.33   213.00  1336.0   327.0    27.6    
   534 1366      inf  288.77      0   625.33   213.00  1336.0   327.0    29.5   R
   535 1365  1388.33  207.32      0   625.33   213.00  1336.0   327.0    29.5    
Path relinking result: elite improvement.
   540 1360   918.33  109.49      0   625.33   213.00  1336.0   327.0    29.8   P
   550 1350   713.00   29.39      0   625.33   213.00  1336.0   327.0    30.4    
   560 1340   654.33   11.59      1   625.33   213.00  1336.0   327.0    30.9   X

  Gens  Rem    Local   ElDiv NoImpr             Best solution            Time  Op
                                       Cost     Dist    Tard    TMax 
   600 1300   628.33   10.67      2   625.33   213.00  1336.0   327.0    33.1    
   640 1260   628.00    1.57     39   625.33   213.00  1336.0   327.0    35.3   X
   650 1250   627.67    0.04      5   625.33   213.00  1336.0   327.0    35.9    
   700 1200   627.67    0.16     55   625.33   213.00  1336.0   327.0    38.6    
Path relinking result: best improvement.
   720 1180   627.33    0.17      0   625.33   213.00  1336.0   327.0    39.7  PX
   750 1150   627.33    0.00     29   625.33   213.00  1336.0   327.0    41.4    
   800 1100   627.33    0.00     79   625.33   213.00  1336.0   327.0    44.1    
   800 1100      inf  268.45      0   625.33   213.00  1336.0   327.0    44.1  XR
   801 1099  1174.00  222.59      0   625.33   213.00  1336.0   327.0    44.2    
   850 1050   628.67    8.68      1   625.33   213.00  1336.0   327.0    46.9    
   880 1020   628.00   10.79     25   625.33   213.00  1336.0   327.0    48.6   X
   900 1000   627.33    0.04      7   625.33   213.00  1336.0   327.0    49.7    
Path relinking result: no improvement.
   900 1000   627.33    0.04      8   625.33   213.00  1336.0   327.0    49.7   P
   950  950   626.00    0.36      0   625.33   213.00  1336.0   327.0    52.4    
   960  940   626.00    0.94     11   625.33   213.00  1336.0   327.0    53.0   X
  1000  900   626.00    0.00     50   625.33   213.00  1336.0   327.0    55.2    

  Gens  Rem    Local   ElDiv NoImpr             Best solution            Time  Op
                                       Cost     Dist    Tard    TMax 
  1029  871      inf  269.33      0   625.33   213.00  1336.0   327.0    56.7   R
  1030  870  1446.67  206.75      0   625.33   213.00  1336.0   327.0    56.8    
  1040  860   783.33   40.36      0   625.33   213.00  1336.0   327.0    57.4   X
  1050  850   668.00   13.92      1   625.33   213.00  1336.0   327.0    57.9    
Path relinking result: elite improvement.
  1080  820   629.00    8.47      1   625.33   213.00  1336.0   327.0    59.6   P
  1100  800   628.33    9.67     13   625.33   213.00  1336.0   327.0    60.7    
  1120  780   627.33    0.46     13   625.33   213.00  1336.0   327.0    61.8   X
  1150  750   627.33    0.00     42   625.33   213.00  1336.0   327.0    63.4    
  1187  713      inf  251.78      0   625.33   213.00  1336.0   327.0    65.5   R
  1188  712  1431.67  217.94      0   625.33   213.00  1336.0   327.0    65.5    
  1200  700   731.67   46.95      1   625.33   213.00  1336.0   327.0    66.2    
  1200  700   731.67   29.04      2   625.33   213.00  1336.0   327.0    66.2   X
  1250  650   647.67    1.57     19   625.33   213.00  1336.0   327.0    68.9    
Path relinking result: elite improvement.
  1260  640   637.33    1.73      4   625.33   213.00  1336.0   327.0    69.5   P
  1280  620   637.33    1.92     24   625.33   213.00  1336.0   327.0    70.6   X
  1300  600   637.33    1.03     43   625.33   213.00  1336.0   327.0    71.7    

  Gens  Rem    Local   ElDiv NoImpr             Best solution            Time  Op
                                       Cost     Dist    Tard    TMax 
  1336  564      inf  289.22      0   625.33   213.00  1336.0   327.0    73.7   R
  1337  563  1387.67  218.82      0   625.33   213.00  1336.0   327.0    73.7    
  1350  550   752.67   37.44      0   625.33   213.00  1336.0   327.0    74.4    
  1360  540   652.33    6.96      0   625.33   213.00  1336.0   327.0    75.0   X
  1400  500   627.33    0.15     16   625.33   213.00  1336.0   327.0    77.2    
Path relinking result: no improvement.
  1440  460   627.33    0.00     57   625.33   213.00  1336.0   327.0    79.4  PX
  1450  450   627.33    0.00     66   625.33   213.00  1336.0   327.0    80.0    
  1463  437      inf  258.90      0   625.33   213.00  1336.0   327.0    80.7   R
  1464  436  1447.00  218.62      0   625.33   213.00  1336.0   327.0    80.7    
  1500  400   634.67    4.34      1   625.33   213.00  1336.0   327.0    82.7    
  1520  380   628.00   10.84      7   625.33   213.00  1336.0   327.0    83.8   X
  1550  350   627.67    0.12      6   625.33   213.00  1336.0   327.0    85.5    
  1600  300   627.33    0.31     46   625.33   213.00  1336.0   327.0    88.2    
  1600  300   627.33    0.31     47   625.33   213.00  1336.0   327.0    88.2   X
Path relinking result: no improvement.
  1620  280   627.33    0.00     67   625.33   213.00  1336.0   327.0    89.3   P
  1633  267      inf  268.77      0   625.33   213.00  1336.0   327.0    90.0   R

  Gens  Rem    Local   ElDiv NoImpr             Best solution            Time  Op
                                       Cost     Dist    Tard    TMax 
  1634  266  1361.67  209.75      0   625.33   213.00  1336.0   327.0    90.1    
  1650  250   710.00   22.18      2   625.33   213.00  1336.0   327.0    91.0    
  1680  220   628.33   10.51      0   625.33   213.00  1336.0   327.0    92.6   X
  1700  200   627.33    0.16      6   625.33   213.00  1336.0   327.0    93.7    
  1750  150   627.33    0.00     56   625.33   213.00  1336.0   327.0    96.5    
  1760  140   627.33    0.00     67   625.33   213.00  1336.0   327.0    97.0   X
  1773  127      inf  276.53      0   625.33   213.00  1336.0   327.0    97.8   R
  1774  126  1409.00  206.21      0   625.33   213.00  1336.0   327.0    97.8    
  1800  100   653.00    8.97      0   625.33   213.00  1336.0   327.0    99.3    
Path relinking result: elite improvement.
  1800  100   651.67    8.97      0   625.33   213.00  1336.0   327.0    99.3   P
  1840   60   636.00    5.13      0   625.33   213.00  1336.0   327.0   101.5   X
  1850   50   628.00    1.31      0   625.33   213.00  1336.0   327.0   102.0    
  1900    0   627.33    0.16     16   625.33   213.00  1336.0   327.0   104.7    
Evolutionary process finished.
Solution written to 'solution-31846.txt'.

Sorted sequence of worst to best tardiness value:
Task for patient = 24 with skills = {2,-1} and cost = 350.0
   Vehicle #0 = 0, leaving at = 1197.0
   Vehicle #1 = -1, leaving at = inf
   Increment on distance indicator: 2.0
   Increment on tard indicator:     327.0
   Value of tmax indicator:         2.0

Task for patient = 19 with skills = {1,4} and cost = 453.0
   Vehicle #0 = 0, leaving at = 1263.0
   Vehicle #1 = 4, leaving at = 1266.0
   Increment on distance indicator: 10.0
   Increment on tard indicator:     299.0
   Value of tmax indicator:         10.0

Task for patient = 11 with skills = {2,-1} and cost = 549.7
   Vehicle #0 = 0, leaving at = 1298.0
   Vehicle #1 = -1, leaving at = inf
   Increment on distance indicator: 9.0
   Increment on tard indicator:     281.0
   Value of tmax indicator:         9.0

Task for patient = 4 with skills = {2,-1} and cost = 616.7
   Vehicle #0 = 0, leaving at = 1351.0
   Vehicle #1 = -1, leaving at = inf
   Increment on distance indicator: 7.0
   Increment on tard indicator:     194.0
   Value of tmax indicator:         7.0

Task for patient = 16 with skills = {2,5} and cost = 103.0
   Vehicle #0 = 0, leaving at = 980.0
   Vehicle #1 = 3, leaving at = 1006.0
   Increment on distance indicator: 27.0
   Increment on tard indicator:     130.0
   Value of tmax indicator:         27.0

Task for patient = 3 with skills = {2,-1} and cost = 156.0
   Vehicle #0 = 0, leaving at = 1137.0
   Vehicle #1 = -1, leaving at = inf
   Increment on distance indicator: 4.0
   Increment on tard indicator:     56.0
   Value of tmax indicator:         4.0

Task for patient = 7 with skills = {1,-1} and cost = 136.0
   Vehicle #0 = 0, leaving at = 1111.0
   Vehicle #1 = -1, leaving at = inf
   Increment on distance indicator: 5.0
   Increment on tard indicator:     35.0
   Value of tmax indicator:         5.0

Task for patient = 2 with skills = {2,3} and cost = 121.7
   Vehicle #0 = 0, leaving at = 1084.0
   Vehicle #1 = 4, leaving at = 1094.0
   Increment on distance indicator: 26.0
   Increment on tard indicator:     14.0
   Value of tmax indicator:         26.0

Task for patient = 12 with skills = {5,-1} and cost = 122.7
   Vehicle #0 = 2, leaving at = 1049.0
   Vehicle #1 = -1, leaving at = inf
   Increment on distance indicator: 3.0
   Increment on tard indicator:     0.0
   Value of tmax indicator:         3.0

Task for patient = 22 with skills = {2,4} and cost = 108.3
   Vehicle #0 = 0, leaving at = 1038.0
   Vehicle #1 = 4, leaving at = 1038.0
   Increment on distance indicator: 10.0
   Increment on tard indicator:     0.0
   Value of tmax indicator:         10.0

Task for patient = 18 with skills = {3,-1} and cost = 105.0
   Vehicle #0 = 4, leaving at = 959.0
   Vehicle #1 = -1, leaving at = inf
   Increment on distance indicator: 6.0
   Increment on tard indicator:     0.0
   Value of tmax indicator:         6.0

Task for patient = 21 with skills = {5,-1} and cost = 26.0
   Vehicle #0 = 3, leaving at = 870.0
   Vehicle #1 = -1, leaving at = inf
   Increment on distance indicator: 2.0
   Increment on tard indicator:     0.0
   Value of tmax indicator:         2.0

Task for patient = 5 with skills = {2,4} and cost = 24.3
   Vehicle #0 = 0, leaving at = 899.0
   Vehicle #1 = 4, leaving at = 919.0
   Increment on distance indicator: 12.0
   Increment on tard indicator:     0.0
   Value of tmax indicator:         12.0

Task for patient = 25 with skills = {3,-1} and cost = 20.3
   Vehicle #0 = 4, leaving at = 804.0
   Vehicle #1 = -1, leaving at = inf
   Increment on distance indicator: 6.0
   Increment on tard indicator:     0.0
   Value of tmax indicator:         6.0

Task for patient = 9 with skills = {2,5} and cost = 18.3
   Vehicle #0 = 0, leaving at = 845.0
   Vehicle #1 = 3, leaving at = 845.0
   Increment on distance indicator: 5.0
   Increment on tard indicator:     0.0
   Value of tmax indicator:         5.0

Task for patient = 15 with skills = {1,-1} and cost = 16.7
   Vehicle #0 = 0, leaving at = 783.0
   Vehicle #1 = -1, leaving at = inf
   Increment on distance indicator: 4.0
   Increment on tard indicator:     0.0
   Value of tmax indicator:         4.0

Task for patient = 6 with skills = {1,4} and cost = 15.3
   Vehicle #0 = 0, leaving at = 749.0
   Vehicle #1 = 4, leaving at = 749.0
   Increment on distance indicator: 4.0
   Increment on tard indicator:     0.0
   Value of tmax indicator:         4.0

Task for patient = 1 with skills = {2,-1} and cost = 14.0
   Vehicle #0 = 0, leaving at = 703.0
   Vehicle #1 = -1, leaving at = inf
   Increment on distance indicator: 2.0
   Increment on tard indicator:     0.0
   Value of tmax indicator:         2.0

Task for patient = 23 with skills = {4,-1} and cost = 13.3
   Vehicle #0 = 2, leaving at = 757.0
   Vehicle #1 = -1, leaving at = inf
   Increment on distance indicator: 7.0
   Increment on tard indicator:     0.0
   Value of tmax indicator:         7.0

Task for patient = 14 with skills = {4,-1} and cost = 11.0
   Vehicle #0 = 4, leaving at = 628.0
   Vehicle #1 = -1, leaving at = inf
   Increment on distance indicator: 2.0
   Increment on tard indicator:     0.0
   Value of tmax indicator:         2.0

Task for patient = 8 with skills = {1,-1} and cost = 10.3
   Vehicle #0 = 0, leaving at = 599.0
   Vehicle #1 = -1, leaving at = inf
   Increment on distance indicator: 6.0
   Increment on tard indicator:     0.0
   Value of tmax indicator:         6.0

Task for patient = 20 with skills = {1,5} and cost = 8.3
   Vehicle #0 = 0, leaving at = 573.0
   Vehicle #1 = 3, leaving at = 573.0
   Increment on distance indicator: 12.0
   Increment on tard indicator:     0.0
   Value of tmax indicator:         12.0

Task for patient = 10 with skills = {4,-1} and cost = 4.3
   Vehicle #0 = 2, leaving at = 728.0
   Vehicle #1 = -1, leaving at = inf
   Increment on distance indicator: 7.0
   Increment on tard indicator:     0.0
   Value of tmax indicator:         7.0

Task for patient = 13 with skills = {5,-1} and cost = 2.0
   Vehicle #0 = 2, leaving at = 530.0
   Vehicle #1 = -1, leaving at = inf
   Increment on distance indicator: 6.0
   Increment on tard indicator:     0.0
   Value of tmax indicator:         6.0

Task for patient = 17 with skills = {1,-1} and cost = 25.3
   Vehicle #0 = 0, leaving at = 918.0
   Vehicle #1 = -1, leaving at = inf
   Increment on distance indicator: 3.0
   Increment on tard indicator:     0.0
   Value of tmax indicator:         3.0


Unused vehicle list: 1 (total = 1 out of 5)

---
Search finished.
Total of 1900 generations in 104.7 seconds.
Exchange elite runs: 23
Implicit path relinking runs: 10
Reset attempts: 10

Best solution found:
   Cost: 625.3
   Total travel time: 213.0
   Total tardiness time: 1336.0
   Largest tardiness: 327.0


625.3
