This host is: shiva
--- BRKGA-MP-IPR for HHCRSP ---
Instance: /home/alberto/work/hhcrsp-dataset-2021/dataset2/HHCRSP_10_3_38_0.8_R_RC.txt
Seed: 3

Reading data... Problem contains 10 patients  and 3 caregivers.

Summary of supply x demand for each service type:
Skill 0 has supply = 1 and demand = 3, ratio = 0.333333
Skill 1 has supply = 1 and demand = 1, ratio = 1
Skill 2 has supply = 1 and demand = 2, ratio = 0.5
Skill 3 has supply = 1 and demand = 1, ratio = 1
Skill 4 has supply = 2 and demand = 4, ratio = 0.5
Skill 5 has supply = 2 and demand = 3, ratio = 0.666667

Reading parameters...
Inferred distance function by PR type: kendall-tau
Building BRKGA data and initializing...
Evolving 1900 generations...

  Gens  Rem    Local   ElDiv NoImpr             Best solution            Time  Op
                                       Cost     Dist    Tard    TMax 
*    0 1900    63.00   79.66      0    63.00   189.00     0.0     0.0     0.0    
    50 1850    63.00    0.00     50    63.00   189.00     0.0     0.0     2.4    
    79 1821      inf  108.99      0    63.00   189.00     0.0     0.0     3.8   R
    80 1820    67.00   83.47      0    63.00   189.00     0.0     0.0     3.8    
    80 1820    67.00   58.14      1    63.00   189.00     0.0     0.0     3.8   X
   100 1800    63.00    0.00     16    63.00   189.00     0.0     0.0     4.8    
   150 1750    63.00    0.00     66    63.00   189.00     0.0     0.0     7.1    
   160 1740    63.00    0.00     77    63.00   189.00     0.0     0.0     7.6   X
   163 1737      inf   95.26      0    63.00   189.00     0.0     0.0     7.7   R
   164 1736    67.33   77.55      0    63.00   189.00     0.0     0.0     7.8    
Path relinking result: no improvement.
   180 1720    63.00    0.00     12    63.00   189.00     0.0     0.0     8.5   P
   200 1700    63.00    0.00     31    63.00   189.00     0.0     0.0     9.5    
   240 1660    63.00    0.00     72    63.00   189.00     0.0     0.0    11.4   X
   248 1652      inf  101.54      0    63.00   189.00     0.0     0.0    11.7   R
   249 1651    65.67   71.34      0    63.00   189.00     0.0     0.0    11.8    

  Gens  Rem    Local   ElDiv NoImpr             Best solution            Time  Op
                                       Cost     Dist    Tard    TMax 
   250 1650    65.67   60.41      1    63.00   189.00     0.0     0.0    11.8    
   300 1600    63.00    0.00     48    63.00   189.00     0.0     0.0    14.2    
   320 1580    63.00    0.00     69    63.00   189.00     0.0     0.0    15.1   X
   331 1569      inf   99.19      0    63.00   189.00     0.0     0.0    15.6   R
   332 1568    66.33   79.83      0    63.00   189.00     0.0     0.0    15.7    
   350 1550    63.00    0.00     13    63.00   189.00     0.0     0.0    16.5    
Path relinking result: no improvement.
   360 1540    63.00    0.00     24    63.00   189.00     0.0     0.0    17.0   P
   400 1500    63.00    0.00     63    63.00   189.00     0.0     0.0    18.9    
   400 1500    63.00    0.00     64    63.00   189.00     0.0     0.0    18.9   X
   416 1484      inf  100.73      0    63.00   189.00     0.0     0.0    19.7   R
   417 1483    63.33   81.38      0    63.00   189.00     0.0     0.0    19.7    
   450 1450    63.00    0.00     28    63.00   189.00     0.0     0.0    21.3    
   480 1420    63.00    0.00     59    63.00   189.00     0.0     0.0    22.7   X
   500 1400    63.00    0.00     78    63.00   189.00     0.0     0.0    23.6    
   501 1399      inf  100.73      0    63.00   189.00     0.0     0.0    23.7   R
   502 1398    63.33   78.28      0    63.00   189.00     0.0     0.0    23.7    
Path relinking result: no improvement.

  Gens  Rem    Local   ElDiv NoImpr             Best solution            Time  Op
                                       Cost     Dist    Tard    TMax 
   540 1360    63.00    0.00     35    63.00   189.00     0.0     0.0    25.5   P
   550 1350    63.00    0.00     44    63.00   189.00     0.0     0.0    26.0    
   560 1340    63.00    0.00     55    63.00   189.00     0.0     0.0    26.4   X
   585 1315      inf   95.42      0    63.00   189.00     0.0     0.0    27.6   R
   586 1314    65.67   80.18      0    63.00   189.00     0.0     0.0    27.7    
   600 1300    63.00    0.12     10    63.00   189.00     0.0     0.0    28.3    
   640 1260    63.00    0.00     51    63.00   189.00     0.0     0.0    30.2   X
   650 1250    63.00    0.00     60    63.00   189.00     0.0     0.0    30.7    
   669 1231      inf   99.91      0    63.00   189.00     0.0     0.0    31.6   R
   670 1230    65.67   71.80      0    63.00   189.00     0.0     0.0    31.6    
   700 1200    63.00    0.00     26    63.00   189.00     0.0     0.0    33.0    
Path relinking result: no improvement.
   720 1180    63.00    0.00     47    63.00   189.00     0.0     0.0    34.0  PX
   750 1150    63.00    0.00     76    63.00   189.00     0.0     0.0    35.4    
   753 1147      inf  103.01      0    63.00   189.00     0.0     0.0    35.5   R
   754 1146    63.33   86.64      0    63.00   189.00     0.0     0.0    35.6    
   800 1100    63.00    0.00     43    63.00   189.00     0.0     0.0    37.7    

  Gens  Rem    Local   ElDiv NoImpr             Best solution            Time  Op
                                       Cost     Dist    Tard    TMax 
   800 1100    63.00    0.00     44    63.00   189.00     0.0     0.0    37.7   X
   836 1064      inf   97.58      0    63.00   189.00     0.0     0.0    39.4   R
   837 1063    67.67   74.56      0    63.00   189.00     0.0     0.0    39.5    
   850 1050    63.00    0.12      8    63.00   189.00     0.0     0.0    40.1    
   880 1020    63.00    0.00     39    63.00   189.00     0.0     0.0    41.5   X
   900 1000    63.00    0.00     58    63.00   189.00     0.0     0.0    42.5    
Path relinking result: no improvement.
   900 1000    63.00    0.00     59    63.00   189.00     0.0     0.0    42.5   P
   921  979      inf  105.61      0    63.00   189.00     0.0     0.0    43.4   R
   922  978    66.00   78.21      0    63.00   189.00     0.0     0.0    43.5    
   950  950    63.00    0.00     23    63.00   189.00     0.0     0.0    44.8    
   960  940    63.00    0.00     34    63.00   189.00     0.0     0.0    45.3   X
  1000  900    63.00    0.00     73    63.00   189.00     0.0     0.0    47.2    
  1006  894      inf   95.21      0    63.00   189.00     0.0     0.0    47.5   R
  1007  893    67.67   75.72      0    63.00   189.00     0.0     0.0    47.5    
  1040  860    63.00    0.00     29    63.00   189.00     0.0     0.0    49.1   X
  1050  850    63.00    0.00     38    63.00   189.00     0.0     0.0    49.5    
Path relinking result: no improvement.

  Gens  Rem    Local   ElDiv NoImpr             Best solution            Time  Op
                                       Cost     Dist    Tard    TMax 
  1080  820    63.00    0.00     69    63.00   189.00     0.0     0.0    50.9   P
  1091  809      inf  102.80      0    63.00   189.00     0.0     0.0    51.5   R
  1092  808    65.67   78.29      0    63.00   189.00     0.0     0.0    51.5    
  1100  800    63.00    0.80      4    63.00   189.00     0.0     0.0    51.9    
  1120  780    63.00    0.00     25    63.00   189.00     0.0     0.0    52.8   X
  1150  750    63.00    0.00     54    63.00   189.00     0.0     0.0    54.2    
  1175  725      inf   93.25      0    63.00   189.00     0.0     0.0    55.4   R
  1176  724    67.00   78.75      0    63.00   189.00     0.0     0.0    55.5    
  1200  700    63.00    0.00     21    63.00   189.00     0.0     0.0    56.6    
  1200  700    63.00    0.00     22    63.00   189.00     0.0     0.0    56.6   X
  1250  650    63.00    0.00     71    63.00   189.00     0.0     0.0    58.9    
  1258  642      inf   96.96      0    63.00   189.00     0.0     0.0    59.3   R
  1259  641    68.00   72.02      0    63.00   189.00     0.0     0.0    59.4    
Path relinking result: elite improvement.
  1260  640    63.33   62.04      0    63.00   189.00     0.0     0.0    59.4   P
  1280  620    63.00    0.00     17    63.00   189.00     0.0     0.0    60.4   X
  1300  600    63.00    0.00     36    63.00   189.00     0.0     0.0    61.3    

  Gens  Rem    Local   ElDiv NoImpr             Best solution            Time  Op
                                       Cost     Dist    Tard    TMax 
  1343  557      inf  102.28      0    63.00   189.00     0.0     0.0    63.3   R
  1344  556    65.67   76.72      0    63.00   189.00     0.0     0.0    63.4    
  1350  550    63.00    1.50      2    63.00   189.00     0.0     0.0    63.7    
  1360  540    63.00    0.00     13    63.00   189.00     0.0     0.0    64.1   X
  1400  500    63.00    0.00     52    63.00   189.00     0.0     0.0    66.0    
  1427  473      inf   99.04      0    63.00   189.00     0.0     0.0    67.3   R
  1428  472    63.00   78.78      0    63.00   189.00     0.0     0.0    67.3    
Path relinking result: no improvement.
  1440  460    63.00    0.00     13    63.00   189.00     0.0     0.0    67.9  PX
  1450  450    63.00    0.00     22    63.00   189.00     0.0     0.0    68.4    
  1500  400    63.00    0.00     72    63.00   189.00     0.0     0.0    70.7    
  1507  393      inf  103.41      0    63.00   189.00     0.0     0.0    71.1   R
  1508  392    67.67   75.43      0    63.00   189.00     0.0     0.0    71.1    
  1520  380    63.00    0.00      8    63.00   189.00     0.0     0.0    71.7   X
  1550  350    63.00    0.00     37    63.00   189.00     0.0     0.0    73.1    
  1592  308      inf  103.98      0    63.00   189.00     0.0     0.0    75.1   R
  1593  307    72.67   73.57      0    63.00   189.00     0.0     0.0    75.1    

  Gens  Rem    Local   ElDiv NoImpr             Best solution            Time  Op
                                       Cost     Dist    Tard    TMax 
  1600  300    63.00    1.32      2    63.00   189.00     0.0     0.0    75.4    
  1600  300    63.00    0.14      3    63.00   189.00     0.0     0.0    75.4   X
Path relinking result: no improvement.
  1620  280    63.00    0.00     23    63.00   189.00     0.0     0.0    76.4   P
  1650  250    63.00    0.00     52    63.00   189.00     0.0     0.0    77.8    
  1677  223      inf   95.34      0    63.00   189.00     0.0     0.0    79.1   R
  1678  222    66.33   77.39      0    63.00   189.00     0.0     0.0    79.1    
  1680  220    63.33    4.22      0    63.00   189.00     0.0     0.0    79.2   X
  1700  200    63.00    0.00     18    63.00   189.00     0.0     0.0    80.2    
  1750  150    63.00    0.00     68    63.00   189.00     0.0     0.0    82.5    
  1760  140    63.00    0.00     79    63.00   189.00     0.0     0.0    83.0   X
  1761  139      inf   94.53      0    63.00   189.00     0.0     0.0    83.0   R
  1762  138    63.33   73.87      0    63.00   189.00     0.0     0.0    83.1    
  1800  100    63.00    0.00     35    63.00   189.00     0.0     0.0    84.9    
Path relinking result: no improvement.
  1800  100    63.00    0.00     36    63.00   189.00     0.0     0.0    84.9   P
  1840   60    63.00    0.00     76    63.00   189.00     0.0     0.0    86.8   X
  1844   56      inf  109.00      0    63.00   189.00     0.0     0.0    86.9   R

  Gens  Rem    Local   ElDiv NoImpr             Best solution            Time  Op
                                       Cost     Dist    Tard    TMax 
  1845   55    65.67   75.97      0    63.00   189.00     0.0     0.0    87.0    
  1850   50    63.33    1.90      3    63.00   189.00     0.0     0.0    87.2    
  1900    0    63.00    0.00     49    63.00   189.00     0.0     0.0    89.5    
Evolutionary process finished.
Solution written to 'solution-32122.txt'.

Sorted sequence of worst to best tardiness value:
Task for patient = 7 with skills = {0,-1} and cost = 0.0
   Vehicle #0 = 0, leaving at = 629.0
   Vehicle #1 = -1, leaving at = inf
   Increment on distance indicator: 0.0
   Increment on tard indicator:     0.0
   Value of tmax indicator:         0.0

Task for patient = 8 with skills = {0,5} and cost = 6.0
   Vehicle #0 = 0, leaving at = 666.0
   Vehicle #1 = 1, leaving at = 698.0
   Increment on distance indicator: 18.0
   Increment on tard indicator:     0.0
   Value of tmax indicator:         18.0

Task for patient = 6 with skills = {5,-1} and cost = 7.7
   Vehicle #0 = 2, leaving at = 579.0
   Vehicle #1 = -1, leaving at = inf
   Increment on distance indicator: 5.0
   Increment on tard indicator:     0.0
   Value of tmax indicator:         5.0

Task for patient = 10 with skills = {3,-1} and cost = 15.0
   Vehicle #0 = 2, leaving at = 621.0
   Vehicle #1 = -1, leaving at = inf
   Increment on distance indicator: 22.0
   Increment on tard indicator:     0.0
   Value of tmax indicator:         22.0

Task for patient = 4 with skills = {2,5} and cost = 24.0
   Vehicle #0 = 0, leaving at = 777.0
   Vehicle #1 = 2, leaving at = 806.0
   Increment on distance indicator: 27.0
   Increment on tard indicator:     0.0
   Value of tmax indicator:         27.0

Task for patient = 3 with skills = {2,4} and cost = 28.7
   Vehicle #0 = 0, leaving at = 854.0
   Vehicle #1 = 2, leaving at = 854.0
   Increment on distance indicator: 14.0
   Increment on tard indicator:     0.0
   Value of tmax indicator:         14.0

Task for patient = 1 with skills = {4,-1} and cost = 33.7
   Vehicle #0 = 1, leaving at = 1050.0
   Vehicle #1 = -1, leaving at = inf
   Increment on distance indicator: 15.0
   Increment on tard indicator:     0.0
   Value of tmax indicator:         15.0

Task for patient = 5 with skills = {1,4} and cost = 41.0
   Vehicle #0 = 0, leaving at = 914.0
   Vehicle #1 = 2, leaving at = 914.0
   Increment on distance indicator: 22.0
   Increment on tard indicator:     0.0
   Value of tmax indicator:         22.0

Task for patient = 9 with skills = {4,-1} and cost = 47.0
   Vehicle #0 = 2, leaving at = 1055.0
   Vehicle #1 = -1, leaving at = inf
   Increment on distance indicator: 18.0
   Increment on tard indicator:     0.0
   Value of tmax indicator:         18.0

Task for patient = 2 with skills = {0,-1} and cost = 48.7
   Vehicle #0 = 0, leaving at = 978.0
   Vehicle #1 = -1, leaving at = inf
   Increment on distance indicator: 5.0
   Increment on tard indicator:     0.0
   Value of tmax indicator:         5.0


Unused vehicle list: (total = 0 out of 3)

---
Search finished.
Total of 1900 generations in 89.5 seconds.
Exchange elite runs: 23
Implicit path relinking runs: 10
Reset attempts: 22

Best solution found:
   Cost: 63.0
   Total travel time: 189.0
   Total tardiness time: 0.0
   Largest tardiness: 0.0


63.0
