This host is: malboro
--- BRKGA-MP-IPR for HHCRSP ---
Instance: /home/alberto/work/hhcrsp-dataset-2021/dataset2/HHCRSP_10_3_97_0.4_C_C.txt
Seed: 13

Reading data... Problem contains 10 patients  and 3 caregivers.

Summary of supply x demand for each service type:
Skill 0 has supply = 1 and demand = 2, ratio = 0.5
Skill 1 has supply = 1 and demand = 1, ratio = 1
Skill 2 has supply = 1 and demand = 3, ratio = 0.333333
Skill 3 has supply = 1 and demand = 0, ratio = inf
Skill 4 has supply = 1 and demand = 6, ratio = 0.166667
Skill 5 has supply = 2 and demand = 2, ratio = 1

Reading parameters...
Inferred distance function by PR type: kendall-tau
Building BRKGA data and initializing...
Evolving 1900 generations...

  Gens  Rem    Local   ElDiv NoImpr             Best solution            Time  Op
                                       Cost     Dist    Tard    TMax 
*    0 1900    53.00   79.01      0    53.00   159.00     0.0     0.0     0.1    
*    2 1898    52.67   43.94      0    52.67   158.00     0.0     0.0     0.2    
    50 1850    52.67    0.00     48    52.67   158.00     0.0     0.0     2.6    
    80 1820    52.67    0.00     79    52.67   158.00     0.0     0.0     4.2   X
    81 1819      inf  113.08      0    52.67   158.00     0.0     0.0     4.2   R
    82 1818    57.33   83.99      0    52.67   158.00     0.0     0.0     4.3    
   100 1800    52.67    0.00     16    52.67   158.00     0.0     0.0     5.2    
   150 1750    52.67    0.00     66    52.67   158.00     0.0     0.0     7.8    
   160 1740    52.67    0.00     77    52.67   158.00     0.0     0.0     8.3   X
   163 1737      inf  116.82      0    52.67   158.00     0.0     0.0     8.4   R
   164 1736    52.67   84.50      0    52.67   158.00     0.0     0.0     8.5    
Path relinking result: no improvement.
   180 1720    52.67    0.00     17    52.67   158.00     0.0     0.0     9.3   P
   200 1700    52.67    0.00     36    52.67   158.00     0.0     0.0    10.4    
   240 1660    52.67    0.00     77    52.67   158.00     0.0     0.0    12.4   X
   243 1657      inf  127.53      0    52.67   158.00     0.0     0.0    12.6   R

  Gens  Rem    Local   ElDiv NoImpr             Best solution            Time  Op
                                       Cost     Dist    Tard    TMax 
   244 1656    52.67   88.25      0    52.67   158.00     0.0     0.0    12.6    
   250 1650    52.67    0.16      6    52.67   158.00     0.0     0.0    12.9    
   300 1600    52.67    0.00     56    52.67   158.00     0.0     0.0    15.5    
   320 1580    52.67    0.00     77    52.67   158.00     0.0     0.0    16.5   X
   323 1577      inf  121.34      0    52.67   158.00     0.0     0.0    16.7   R
   324 1576    52.67   87.53      0    52.67   158.00     0.0     0.0    16.7    
   350 1550    52.67    0.00     26    52.67   158.00     0.0     0.0    18.1    
Path relinking result: no improvement.
   360 1540    52.67    0.00     37    52.67   158.00     0.0     0.0    18.6   P
   400 1500    52.67    0.00     76    52.67   158.00     0.0     0.0    20.6    
   400 1500    52.67    0.00     77    52.67   158.00     0.0     0.0    20.7   X
   403 1497      inf  128.49      0    52.67   158.00     0.0     0.0    20.8   R
   404 1496    52.67   90.21      0    52.67   158.00     0.0     0.0    20.9    
   450 1450    52.67    0.00     46    52.67   158.00     0.0     0.0    23.2    
   480 1420    52.67    0.00     77    52.67   158.00     0.0     0.0    24.8   X
   483 1417      inf  120.49      0    52.67   158.00     0.0     0.0    24.9   R
   484 1416    53.33   89.46      0    52.67   158.00     0.0     0.0    25.0    

  Gens  Rem    Local   ElDiv NoImpr             Best solution            Time  Op
                                       Cost     Dist    Tard    TMax 
   500 1400    52.67    0.00     14    52.67   158.00     0.0     0.0    25.8    
Path relinking result: no improvement.
   540 1360    52.67    0.00     55    52.67   158.00     0.0     0.0    27.9   P
   550 1350    52.67    0.00     64    52.67   158.00     0.0     0.0    28.4    
   560 1340    52.67    0.00     75    52.67   158.00     0.0     0.0    28.9   X
   565 1335      inf  122.12      0    52.67   158.00     0.0     0.0    29.1   R
   566 1334    53.33   86.93      0    52.67   158.00     0.0     0.0    29.2    
   600 1300    52.67    0.00     30    52.67   158.00     0.0     0.0    30.9    
   640 1260    52.67    0.00     71    52.67   158.00     0.0     0.0    33.0   X
   649 1251      inf  128.56      0    52.67   158.00     0.0     0.0    33.5   R
   650 1250    54.00   89.32      0    52.67   158.00     0.0     0.0    33.5    
   700 1200    52.67    0.00     48    52.67   158.00     0.0     0.0    36.1    
Path relinking result: no improvement.
   720 1180    52.67    0.00     69    52.67   158.00     0.0     0.0    37.1  PX
   731 1169      inf  108.54      0    52.67   158.00     0.0     0.0    37.7   R
   732 1168    53.00   91.11      0    52.67   158.00     0.0     0.0    37.7    
   750 1150    52.67    0.00     15    52.67   158.00     0.0     0.0    38.7    
   800 1100    52.67    0.00     65    52.67   158.00     0.0     0.0    41.2    

  Gens  Rem    Local   ElDiv NoImpr             Best solution            Time  Op
                                       Cost     Dist    Tard    TMax 
   800 1100    52.67    0.00     66    52.67   158.00     0.0     0.0    41.2   X
   814 1086      inf  123.73      0    52.67   158.00     0.0     0.0    42.0   R
   815 1085    53.00   87.39      0    52.67   158.00     0.0     0.0    42.0    
   850 1050    52.67    0.00     33    52.67   158.00     0.0     0.0    43.8    
   880 1020    52.67    0.00     64    52.67   158.00     0.0     0.0    45.4   X
   896 1004      inf  116.43      0    52.67   158.00     0.0     0.0    46.2   R
   897 1003    52.67   88.02      0    52.67   158.00     0.0     0.0    46.2    
   900 1000    52.67   23.53      3    52.67   158.00     0.0     0.0    46.4    
Path relinking result: elite improvement.
   900 1000    52.67   23.43      4    52.67   158.00     0.0     0.0    46.4   P
   950  950    52.67    0.00     53    52.67   158.00     0.0     0.0    49.0    
   960  940    52.67    0.00     64    52.67   158.00     0.0     0.0    49.5   X
   976  924      inf  112.32      0    52.67   158.00     0.0     0.0    50.3   R
   977  923    53.00   85.28      0    52.67   158.00     0.0     0.0    50.4    
  1000  900    52.67    0.00     21    52.67   158.00     0.0     0.0    51.5    
  1040  860    52.67    0.00     62    52.67   158.00     0.0     0.0    53.6   X
  1050  850    52.67    0.00     71    52.67   158.00     0.0     0.0    54.1    

  Gens  Rem    Local   ElDiv NoImpr             Best solution            Time  Op
                                       Cost     Dist    Tard    TMax 
  1058  842      inf  118.66      0    52.67   158.00     0.0     0.0    54.5   R
  1059  841    53.67   87.30      0    52.67   158.00     0.0     0.0    54.6    
Path relinking result: no improvement.
  1080  820    52.67    0.00     19    52.67   158.00     0.0     0.0    55.7   P
  1100  800    52.67    0.00     38    52.67   158.00     0.0     0.0    56.7    
  1120  780    52.67    0.00     59    52.67   158.00     0.0     0.0    57.7   X
  1141  759      inf  116.03      0    52.67   158.00     0.0     0.0    58.8   R
  1142  758    53.00   86.66      0    52.67   158.00     0.0     0.0    58.9    
  1150  750    52.67    0.00      5    52.67   158.00     0.0     0.0    59.3    
  1200  700    52.67    0.00     55    52.67   158.00     0.0     0.0    61.8    
  1200  700    52.67    0.00     56    52.67   158.00     0.0     0.0    61.8   X
  1224  676      inf  118.74      0    52.67   158.00     0.0     0.0    63.1   R
  1225  675    53.67   87.26      0    52.67   158.00     0.0     0.0    63.1    
  1250  650    52.67    0.00     22    52.67   158.00     0.0     0.0    64.4    
Path relinking result: no improvement.
  1260  640    52.67    0.00     33    52.67   158.00     0.0     0.0    64.9   P
  1280  620    52.67    0.00     53    52.67   158.00     0.0     0.0    66.0   X
  1300  600    52.67    0.00     72    52.67   158.00     0.0     0.0    67.0    

  Gens  Rem    Local   ElDiv NoImpr             Best solution            Time  Op
                                       Cost     Dist    Tard    TMax 
  1307  593      inf  111.89      0    52.67   158.00     0.0     0.0    67.4   R
  1308  592    53.00   91.70      0    52.67   158.00     0.0     0.0    67.4    
  1350  550    52.67    0.00     39    52.67   158.00     0.0     0.0    69.6    
  1360  540    52.67    0.00     50    52.67   158.00     0.0     0.0    70.1   X
  1390  510      inf  110.05      0    52.67   158.00     0.0     0.0    71.6   R
  1391  509    53.33   91.28      0    52.67   158.00     0.0     0.0    71.7    
  1400  500    52.67    0.00      6    52.67   158.00     0.0     0.0    72.1    
Path relinking result: no improvement.
  1440  460    52.67    0.00     47    52.67   158.00     0.0     0.0    74.2  PX
  1450  450    52.67    0.00     56    52.67   158.00     0.0     0.0    74.7    
  1473  427      inf  128.94      0    52.67   158.00     0.0     0.0    75.9   R
  1474  426    54.00   93.18      0    52.67   158.00     0.0     0.0    76.0    
  1500  400    52.67    0.00     23    52.67   158.00     0.0     0.0    77.3    
  1520  380    52.67    0.00     44    52.67   158.00     0.0     0.0    78.3   X
  1550  350    52.67    0.00     73    52.67   158.00     0.0     0.0    79.9    
  1556  344      inf  125.44      0    52.67   158.00     0.0     0.0    80.2   R
  1557  343    53.00   93.87      0    52.67   158.00     0.0     0.0    80.2    

  Gens  Rem    Local   ElDiv NoImpr             Best solution            Time  Op
                                       Cost     Dist    Tard    TMax 
  1600  300    52.67    0.00     41    52.67   158.00     0.0     0.0    82.4    
  1600  300    52.67    0.00     42    52.67   158.00     0.0     0.0    82.4   X
Path relinking result: no improvement.
  1620  280    52.67    0.00     62    52.67   158.00     0.0     0.0    83.5   P
  1638  262      inf  130.72      0    52.67   158.00     0.0     0.0    84.4   R
  1639  261    53.67   90.70      0    52.67   158.00     0.0     0.0    84.5    
  1650  250    52.67    0.00      8    52.67   158.00     0.0     0.0    85.0    
  1680  220    52.67    0.00     39    52.67   158.00     0.0     0.0    86.6   X
  1700  200    52.67    0.00     58    52.67   158.00     0.0     0.0    87.6    
  1721  179      inf  116.26      0    52.67   158.00     0.0     0.0    88.7   R
  1722  178    53.00   84.81      0    52.67   158.00     0.0     0.0    88.7    
  1750  150    52.67    0.00     26    52.67   158.00     0.0     0.0    90.2    
  1760  140    52.67    0.00     37    52.67   158.00     0.0     0.0    90.7   X
  1800  100    52.67    0.00     76    52.67   158.00     0.0     0.0    92.7    
Path relinking result: no improvement.
  1800  100    52.67    0.00     77    52.67   158.00     0.0     0.0    92.7   P
  1803   97      inf  122.28      0    52.67   158.00     0.0     0.0    92.9   R
  1804   96    53.00   88.89      0    52.67   158.00     0.0     0.0    92.9    

  Gens  Rem    Local   ElDiv NoImpr             Best solution            Time  Op
                                       Cost     Dist    Tard    TMax 
  1840   60    52.67    0.00     34    52.67   158.00     0.0     0.0    94.8   X
  1850   50    52.67    0.00     43    52.67   158.00     0.0     0.0    95.3    
  1886   14      inf  119.72      0    52.67   158.00     0.0     0.0    97.2   R
  1887   13    53.00   88.12      0    52.67   158.00     0.0     0.0    97.2    
  1900    0    52.67    0.00     11    52.67   158.00     0.0     0.0    97.8    
Evolutionary process finished.
Solution written to 'solution-23520.txt'.

Sorted sequence of worst to best tardiness value:
Task for patient = 2 with skills = {5,-1} and cost = 4.3
   Vehicle #0 = 1, leaving at = 725.0
   Vehicle #1 = -1, leaving at = inf
   Increment on distance indicator: 13.0
   Increment on tard indicator:     0.0
   Value of tmax indicator:         13.0

Task for patient = 3 with skills = {2,4} and cost = 7.7
   Vehicle #0 = 0, leaving at = 570.0
   Vehicle #1 = 2, leaving at = 570.0
   Increment on distance indicator: 10.0
   Increment on tard indicator:     0.0
   Value of tmax indicator:         10.0

Task for patient = 8 with skills = {2,-1} and cost = 9.3
   Vehicle #0 = 0, leaving at = 616.0
   Vehicle #1 = -1, leaving at = inf
   Increment on distance indicator: 5.0
   Increment on tard indicator:     0.0
   Value of tmax indicator:         5.0

Task for patient = 5 with skills = {0,-1} and cost = 12.7
   Vehicle #0 = 0, leaving at = 731.0
   Vehicle #1 = -1, leaving at = inf
   Increment on distance indicator: 10.0
   Increment on tard indicator:     0.0
   Value of tmax indicator:         10.0

Task for patient = 1 with skills = {4,-1} and cost = 13.7
   Vehicle #0 = 2, leaving at = 599.0
   Vehicle #1 = -1, leaving at = inf
   Increment on distance indicator: 3.0
   Increment on tard indicator:     0.0
   Value of tmax indicator:         3.0

Task for patient = 9 with skills = {4,-1} and cost = 19.0
   Vehicle #0 = 2, leaving at = 659.0
   Vehicle #1 = -1, leaving at = inf
   Increment on distance indicator: 16.0
   Increment on tard indicator:     0.0
   Value of tmax indicator:         16.0

Task for patient = 10 with skills = {2,5} and cost = 25.0
   Vehicle #0 = 0, leaving at = 793.0
   Vehicle #1 = 1, leaving at = 793.0
   Increment on distance indicator: 18.0
   Increment on tard indicator:     0.0
   Value of tmax indicator:         18.0

Task for patient = 4 with skills = {1,4} and cost = 34.7
   Vehicle #0 = 0, leaving at = 904.0
   Vehicle #1 = 2, leaving at = 945.0
   Increment on distance indicator: 29.0
   Increment on tard indicator:     0.0
   Value of tmax indicator:         29.0

Task for patient = 6 with skills = {0,4} and cost = 43.3
   Vehicle #0 = 0, leaving at = 989.0
   Vehicle #1 = 2, leaving at = 1012.0
   Increment on distance indicator: 26.0
   Increment on tard indicator:     0.0
   Value of tmax indicator:         26.0

Task for patient = 7 with skills = {4,-1} and cost = 46.3
   Vehicle #0 = 2, leaving at = 1060.0
   Vehicle #1 = -1, leaving at = inf
   Increment on distance indicator: 9.0
   Increment on tard indicator:     0.0
   Value of tmax indicator:         9.0


Unused vehicle list: (total = 0 out of 3)

---
Search finished.
Total of 1900 generations in 97.8 seconds.
Exchange elite runs: 23
Implicit path relinking runs: 10
Reset attempts: 23

Best solution found:
   Cost: 52.7
   Total travel time: 158.0
   Total tardiness time: 0.0
   Largest tardiness: 0.0


52.7
