This host is: ifrit
--- BRKGA-MP-IPR for HHCRSP ---
Instance: /home/alberto/work/hhcrsp-dataset-2021/dataset2/HHCRSP_200_40_44_0.8_R_RC.txt
Seed: 5

Reading data... Problem contains 200 patients  and 40 caregivers.

Summary of supply x demand for each service type:
Skill 0 has supply = 11 and demand = 32, ratio = 0.34375
Skill 1 has supply = 12 and demand = 32, ratio = 0.375
Skill 2 has supply = 17 and demand = 56, ratio = 0.303571
Skill 3 has supply = 15 and demand = 51, ratio = 0.294118
Skill 4 has supply = 13 and demand = 40, ratio = 0.325
Skill 5 has supply = 14 and demand = 49, ratio = 0.285714

Reading parameters...
Inferred distance function by PR type: kendall-tau
Building BRKGA data and initializing...
Evolving 1900 generations...

  Gens  Rem    Local   ElDiv NoImpr             Best solution            Time  Op
                                       Cost     Dist    Tard    TMax 
*    0 1900  3343.33  357.37      0  3343.33  3563.00  6099.0   368.0     0.3    
*    3 1897  3233.33  278.95      0  3233.33  3633.00  5693.0   374.0     1.3    
*    5 1895  2850.00  246.33      0  2850.00  3427.00  4091.0   346.0     1.9    
*    6 1894  2621.33  230.33      0  2621.33  3427.00  4091.0   346.0     2.2    
*    8 1892  2455.33  195.07      0  2455.33  3587.00  2610.0   357.0     2.9    
*    9 1891  2184.67  207.07      0  2184.67  3496.00  1787.0   223.0     3.2    
*   10 1890  1835.33  202.05      0  1835.33  3496.00  1787.0   223.0     3.5    
*   13 1887  1689.33  163.44      0  1689.33  3561.00  1344.0   163.0     4.5    
*   16 1884  1434.33  127.94      0  1434.33  3557.00   635.0   111.0     5.4    
*   19 1881  1398.67   90.60      0  1398.67  3424.00   473.0   100.0     6.4    
*   20 1880  1332.33   84.72      0  1332.33  3451.00   305.0    64.0     6.7    
*   21 1879  1273.33   80.44      0  1273.33  3421.00   179.0    43.0     7.1    
*   22 1878  1214.33   73.81      0  1214.33  3421.00   179.0    43.0     7.4    
*   25 1875  1174.67   52.91      0  1174.67  3385.00    95.0    44.0     8.3    
*   27 1873  1156.67   41.84      0  1156.67  3292.00    47.0    21.0     9.0    

  Gens  Rem    Local   ElDiv NoImpr             Best solution            Time  Op
                                       Cost     Dist    Tard    TMax 
*   28 1872  1120.00   40.05      0  1120.00  3292.00    47.0    21.0     9.3    
*   32 1868  1107.67   28.43      0  1107.67  3263.00    25.0     8.0    10.6    
*   33 1867  1098.67   24.73      0  1098.67  3263.00    25.0     8.0    10.9    
*   36 1864  1097.33   18.98      0  1097.33  3250.00    33.0     9.0    11.9    
*   38 1862  1082.33   16.34      0  1082.33  3208.00    22.0    17.0    12.5    
*   40 1860  1074.00   15.39      0  1074.00  3175.00     4.0     1.0    13.2    
*   41 1859  1060.00   14.85      0  1060.00  3175.00     4.0     1.0    13.5    
*   46 1854  1054.33   12.84      0  1054.33  3143.00    17.0     3.0    15.1    
*   49 1851  1039.33   12.67      0  1039.33  3049.00    49.0     8.0    16.0    
*   50 1850  1035.33   13.42      0  1035.33  3047.00     8.0     4.0    16.4    
*   51 1849  1019.67   13.82      0  1019.67  3047.00     8.0     4.0    16.7    
*   55 1845  1019.33   12.52      0  1019.33  3038.00    11.0     9.0    18.0    
*   57 1843  1016.00   12.55      0  1016.00  2984.00     8.0     3.0    18.6    
*   58 1842   998.33   11.99      0   998.33  2984.00     8.0     3.0    18.9    
*   65 1835   995.67   10.31      0   995.67  2985.00     1.0     1.0    21.2    
*   67 1833   980.67   11.32      0   980.67  2935.00     4.0     3.0    21.8    

  Gens  Rem    Local   ElDiv NoImpr             Best solution            Time  Op
                                       Cost     Dist    Tard    TMax 
*   71 1829   971.67   11.56      0   971.67  2851.00    49.0    15.0    23.1    
*   80 1820   971.33    9.66      0   971.33  2908.00     4.0     2.0    26.0    
    80 1820   971.33    7.53      1   971.33  2908.00     4.0     2.0    26.0   X
*   82 1818   940.67    7.86      0   940.67  2789.00    26.0     7.0    26.6    
   100 1800   940.67    6.90     18   940.67  2789.00    26.0     7.0    32.4    
*  116 1784   934.33    9.77      0   934.33  2780.00    17.0     6.0    37.5    
*  122 1778   929.67   11.24      0   929.67  2783.00     3.0     3.0    39.5    
*  129 1771   929.33   11.16      0   929.33  2786.00     1.0     1.0    41.7    
*  135 1765   922.00   11.46      0   922.00  2745.00    15.0     6.0    43.6    
*  137 1763   914.00   11.45      0   914.00  2742.00     0.0     0.0    44.3    
*  143 1757   913.00   10.64      0   913.00  2711.00    19.0     9.0    46.2    
*  148 1752   911.33   10.16      0   911.33  2734.00     0.0     0.0    47.8    
*  150 1750   903.00   10.19      0   903.00  2700.00     7.0     2.0    48.5    
*  157 1743   902.67    9.40      0   902.67  2698.00     6.0     4.0    50.7    
   160 1740   902.67    7.39      4   902.67  2698.00     6.0     4.0    51.7   X
*  163 1737   899.33    6.88      0   899.33  2686.00     9.0     3.0    52.6    

  Gens  Rem    Local   ElDiv NoImpr             Best solution            Time  Op
                                       Cost     Dist    Tard    TMax 
*  166 1734   896.00    6.51      0   896.00  2677.00     8.0     3.0    53.6    
Path relinking result: best improvement.
   180 1720   886.00    5.99      0   896.00  2677.00     8.0     3.0    58.3   P
*  181 1719   886.00    5.97      0   886.00  2658.00     0.0     0.0    58.6    
   200 1700   886.00    5.66     19   886.00  2658.00     0.0     0.0    64.7    
*  219 1681   883.33    5.97      0   883.33  2634.00     0.0     0.0    70.8    
*  220 1680   878.00    5.86      0   878.00  2634.00     0.0     0.0    71.1    
*  225 1675   876.00    6.39      0   876.00  2626.00     1.0     1.0    72.8    
*  233 1667   874.33    6.58      0   874.33  2614.00     7.0     2.0    75.3    
   240 1660   874.33    4.60      8   874.33  2614.00     7.0     2.0    77.6   X
*  247 1653   868.67    4.62      0   868.67  2591.00    11.0     4.0    79.8    
   250 1650   868.67    4.60      3   868.67  2591.00    11.0     4.0    80.8    
*  270 1630   867.00    4.60      0   867.00  2591.00     7.0     3.0    87.2    
*  277 1623   863.00    4.69      0   863.00  2584.00     4.0     1.0    89.4    
*  292 1608   861.33    4.67      0   861.33  2584.00     0.0     0.0    94.2    
*  299 1601   861.00    4.75      0   861.00  2564.00    16.0     3.0    96.4    
   300 1600   861.00    4.73      1   861.00  2564.00    16.0     3.0    96.8    

  Gens  Rem    Local   ElDiv NoImpr             Best solution            Time  Op
                                       Cost     Dist    Tard    TMax 
*  303 1597   858.00    4.76      0   858.00  2564.00     7.0     3.0    97.7    
*  308 1592   856.67    4.71      0   856.67  2562.00     6.0     2.0    99.3    
   320 1580   856.67    3.84     13   856.67  2562.00     6.0     2.0   103.2   X
*  328 1572   844.00    3.94      0   844.00  2532.00     0.0     0.0   105.7    
   350 1550   844.00    3.80     22   844.00  2532.00     0.0     0.0   112.8    
Path relinking result: elite improvement.
   360 1540   844.00    4.25     33   844.00  2532.00     0.0     0.0   116.2   P
*  374 1526   839.00    4.31      0   839.00  2513.00     2.0     2.0   120.7    
*  378 1522   838.33    4.46      0   838.33  2515.00     0.0     0.0   121.9    
   400 1500   838.33    4.30     22   838.33  2515.00     0.0     0.0   129.0    
   400 1500   838.33    4.07     23   838.33  2515.00     0.0     0.0   129.0   X
*  409 1491   836.00    3.94      0   836.00  2508.00     0.0     0.0   131.9    
*  416 1484   835.33    3.95      0   835.33  2506.00     0.0     0.0   134.1    
*  431 1469   831.00    3.84      0   831.00  2491.00     1.0     1.0   138.9    
*  441 1459   826.33    3.91      0   826.33  2479.00     0.0     0.0   142.1    
   450 1450   826.33    4.03      9   826.33  2479.00     0.0     0.0   145.0    
*  471 1429   825.67    3.90      0   825.67  2477.00     0.0     0.0   151.7    

  Gens  Rem    Local   ElDiv NoImpr             Best solution            Time  Op
                                       Cost     Dist    Tard    TMax 
*  476 1424   825.00    4.12      0   825.00  2473.00     1.0     1.0   153.3    
   480 1420   825.00    3.71      5   825.00  2473.00     1.0     1.0   154.6   X
*  491 1409   820.67    3.69      0   820.67  2455.00     5.0     2.0   158.1    
   500 1400   820.67    3.70      9   820.67  2455.00     5.0     2.0   161.0    
*  528 1372   819.00    3.46      0   819.00  2451.00     4.0     2.0   169.9    
Path relinking result: best improvement.
   540 1360   815.00    3.57      0   819.00  2451.00     4.0     2.0   174.0   P
*  541 1359   815.00    3.57      0   815.00  2445.00     0.0     0.0   174.3    
   550 1350   815.00    3.40      9   815.00  2445.00     0.0     0.0   177.2    
*  559 1341   811.33    3.63      0   811.33  2420.00    11.0     3.0   180.1    
   560 1340   811.33    3.33      2   811.33  2420.00    11.0     3.0   180.4   X
*  574 1326   810.33    3.47      0   810.33  2428.00     0.0     0.0   184.8    
*  575 1325   809.33    3.45      0   809.33  2428.00     0.0     0.0   185.2    
*  598 1302   806.00    3.47      0   806.00  2416.00     1.0     1.0   192.5    
   600 1300   806.00    3.49      2   806.00  2416.00     1.0     1.0   193.2    
*  603 1297   803.33    3.58      0   803.33  2410.00     0.0     0.0   194.1    
   640 1260   803.33    2.67     38   803.33  2410.00     0.0     0.0   206.0   X

  Gens  Rem    Local   ElDiv NoImpr             Best solution            Time  Op
                                       Cost     Dist    Tard    TMax 
*  644 1256   802.67    2.59      0   802.67  2408.00     0.0     0.0   207.2    
*  646 1254   802.00    2.59      0   802.00  2404.00     1.0     1.0   207.9    
   650 1250   802.00    2.55      4   802.00  2404.00     1.0     1.0   209.1    
*  652 1248   801.33    2.56      0   801.33  2404.00     0.0     0.0   209.8    
*  657 1243   800.33    2.47      0   800.33  2398.00     2.0     1.0   211.4    
*  669 1231   792.33    2.62      0   792.33  2375.00     1.0     1.0   215.2    
   700 1200   792.33    2.79     31   792.33  2375.00     1.0     1.0   225.1    
*  712 1188   792.00    2.69      0   792.00  2373.00     2.0     1.0   229.0    
*  717 1183   790.67    2.86      0   790.67  2372.00     0.0     0.0   230.6    
Path relinking result: best improvement.
   720 1180   788.33    2.33      0   790.67  2372.00     0.0     0.0   231.7  PX
*  721 1179   788.33    2.31      0   788.33  2363.00     1.0     1.0   232.0    
*  729 1171   783.67    2.31      0   783.67  2351.00     0.0     0.0   234.6    
*  743 1157   783.00    2.27      0   783.00  2346.00     2.0     1.0   239.1    
   750 1150   783.00    2.24      7   783.00  2346.00     2.0     1.0   241.3    
*  752 1148   780.67    2.39      0   780.67  2340.00     1.0     1.0   241.9    
*  757 1143   779.67    2.31      0   779.67  2336.00     2.0     1.0   243.5    

  Gens  Rem    Local   ElDiv NoImpr             Best solution            Time  Op
                                       Cost     Dist    Tard    TMax 
*  771 1129   776.67    2.89      0   776.67  2328.00     1.0     1.0   248.0    
*  782 1118   776.33    3.16      0   776.33  2325.00     1.0     1.0   251.5    
*  783 1117   775.67    3.14      0   775.67  2325.00     1.0     1.0   251.8    
*  787 1113   774.00    3.10      0   774.00  2319.00     2.0     1.0   253.1    
*  789 1111   772.00    3.13      0   772.00  2313.00     2.0     1.0   253.7    
*  798 1102   771.67    3.54      0   771.67  2311.00     2.0     1.0   256.6    
*  799 1101   771.33    3.56      0   771.33  2311.00     2.0     1.0   256.9    
   800 1100   771.33    3.64      1   771.33  2311.00     2.0     1.0   257.2    
   800 1100   770.67    2.48      0   771.33  2311.00     2.0     1.0   257.2   X
*  801 1099   770.67    2.45      0   770.67  2309.00     2.0     1.0   257.5    
*  804 1096   769.33    2.27      0   769.33  2305.00     2.0     1.0   258.5    
*  808 1092   769.00    1.36      0   769.00  2304.00     2.0     1.0   259.7    
*  813 1087   768.33    0.62      0   768.33  2302.00     2.0     1.0   261.3    
*  824 1076   768.00    0.49      0   768.00  2301.00     2.0     1.0   264.8    
*  829 1071   767.00    0.50      0   767.00  2298.00     2.0     1.0   266.4    
*  833 1067   766.67    0.38      0   766.67  2297.00     2.0     1.0   267.7    

  Gens  Rem    Local   ElDiv NoImpr             Best solution            Time  Op
                                       Cost     Dist    Tard    TMax 
*  836 1064   766.00    0.44      0   766.00  2295.00     2.0     1.0   268.6    
   850 1050   766.00    0.69     14   766.00  2295.00     2.0     1.0   273.1    
*  851 1049   765.67    0.69      0   765.67  2294.00     2.0     1.0   273.4    
*  865 1035   765.33    0.82      0   765.33  2293.00     2.0     1.0   277.8    
   880 1020   765.33    0.63     16   765.33  2293.00     2.0     1.0   282.6   X
*  882 1018   765.00    0.60      0   765.00  2295.00     0.0     0.0   283.2    
*  884 1016   764.67    0.49      0   764.67  2294.00     0.0     0.0   283.9    
*  889 1011   764.33    0.18      0   764.33  2293.00     0.0     0.0   285.4    
   900 1000   764.33    0.15     11   764.33  2293.00     0.0     0.0   288.9    
Path relinking result: elite improvement.
   900 1000   764.33    0.16     12   764.33  2293.00     0.0     0.0   289.1   P
*  913  987   764.00    0.32      0   764.00  2292.00     0.0     0.0   293.2    
*  932  968   763.33    0.49      0   763.33  2290.00     0.0     0.0   299.3    
*  938  962   763.00    0.79      0   763.00  2289.00     0.0     0.0   301.2    
   950  950   763.00    0.87     12   763.00  2289.00     0.0     0.0   305.0    
   960  940   763.00    0.79     23   763.00  2289.00     0.0     0.0   308.1   X
  1000  900   763.00    0.00     62   763.00  2289.00     0.0     0.0   320.8    

  Gens  Rem    Local   ElDiv NoImpr             Best solution            Time  Op
                                       Cost     Dist    Tard    TMax 
* 1006  894   762.67    0.02      0   762.67  2288.00     0.0     0.0   322.7    
  1040  860   762.67    0.16     35   762.67  2288.00     0.0     0.0   333.5   X
  1050  850   762.67    0.00     44   762.67  2288.00     0.0     0.0   336.7    
Path relinking result: no improvement.
  1080  820   762.67    0.00     75   762.67  2288.00     0.0     0.0   346.3   P
  1085  815      inf  406.91      0   762.67  2288.00     0.0     0.0   348.2   R
  1086  814  3947.67  343.96      0   762.67  2288.00     0.0     0.0   348.5    
  1100  800  1738.00  144.24      0   762.67  2288.00     0.0     0.0   353.0    
  1120  780  1093.67   17.27      1   762.67  2288.00     0.0     0.0   359.4   X
  1150  750   998.33    9.85      6   762.67  2288.00     0.0     0.0   369.0    
  1200  700   938.67   12.73      0   762.67  2288.00     0.0     0.0   385.1    
  1200  700   931.67    9.51      0   762.67  2288.00     0.0     0.0   385.1   X
  1250  650   894.33   10.05      6   762.67  2288.00     0.0     0.0   401.2    
Path relinking result: elite improvement.
  1260  640   887.00    9.32      2   762.67  2288.00     0.0     0.0   404.6   P
  1280  620   875.00    5.53     14   762.67  2288.00     0.0     0.0   411.1   X
  1300  600   854.00    5.21      6   762.67  2288.00     0.0     0.0   417.5    
  1350  550   839.67    4.46      3   762.67  2288.00     0.0     0.0   433.6    

  Gens  Rem    Local   ElDiv NoImpr             Best solution            Time  Op
                                       Cost     Dist    Tard    TMax 
  1360  540   839.67    3.02     14   762.67  2288.00     0.0     0.0   436.8   X
  1400  500   832.67    3.00     19   762.67  2288.00     0.0     0.0   449.7    
Path relinking result: best improvement.
  1440  460   821.00    3.58      0   762.67  2288.00     0.0     0.0   462.8  PX
  1450  450   821.00    3.50      9   762.67  2288.00     0.0     0.0   466.0    
  1500  400   819.33    2.82      6   762.67  2288.00     0.0     0.0   482.0    
  1520  380   804.00    3.20      4   762.67  2288.00     0.0     0.0   488.5   X
  1550  350   802.00    3.16      0   762.67  2288.00     0.0     0.0   498.1    
  1600  300   788.67    4.32      2   762.67  2288.00     0.0     0.0   514.1    
  1600  300   788.00    3.18      0   762.67  2288.00     0.0     0.0   514.1   X
Path relinking result: best improvement.
  1620  280   781.00    3.45      0   762.67  2288.00     0.0     0.0   520.7   P
  1650  250   773.67    3.40      6   762.67  2288.00     0.0     0.0   530.3    
  1680  220   771.67    1.07      9   762.67  2288.00     0.0     0.0   539.9   X
  1700  200   769.33    0.33      0   762.67  2288.00     0.0     0.0   546.3    
  1750  150   767.33    1.01      2   762.67  2288.00     0.0     0.0   562.3    
  1760  140   767.33    0.06     13   762.67  2288.00     0.0     0.0   565.5   X
  1800  100   763.67    0.59      4   762.67  2288.00     0.0     0.0   578.3    
Path relinking result: elite improvement.

  Gens  Rem    Local   ElDiv NoImpr             Best solution            Time  Op
                                       Cost     Dist    Tard    TMax 
  1800  100   763.67    0.60      5   762.67  2288.00     0.0     0.0   578.5   P
  1840   60   763.33    0.16      6   762.67  2288.00     0.0     0.0   591.3   X
  1850   50   763.33    0.00     15   762.67  2288.00     0.0     0.0   594.5    
  1900    0   763.33    0.00     65   762.67  2288.00     0.0     0.0   610.1    
Evolutionary process finished.
Solution written to 'solution-1455.txt'.

Sorted sequence of worst to best tardiness value:
Task for patient = 11 with skills = {2,5} and cost = 55.0
   Vehicle #0 = 1, leaving at = 610.0
   Vehicle #1 = 22, leaving at = 640.0
   Increment on distance indicator: 8.0
   Increment on tard indicator:     1.0
   Value of tmax indicator:         8.0

Task for patient = 196 with skills = {2,3} and cost = 114.7
   Vehicle #0 = 5, leaving at = 729.0
   Vehicle #1 = 20, leaving at = 762.0
   Increment on distance indicator: 6.0
   Increment on tard indicator:     1.0
   Value of tmax indicator:         6.0

Task for patient = 87 with skills = {0,3} and cost = 435.7
   Vehicle #0 = 5, leaving at = 956.0
   Vehicle #1 = 31, leaving at = 986.0
   Increment on distance indicator: 6.0
   Increment on tard indicator:     0.0
   Value of tmax indicator:         6.0

Task for patient = 197 with skills = {2,-1} and cost = 437.0
   Vehicle #0 = 6, leaving at = 979.0
   Vehicle #1 = -1, leaving at = inf
   Increment on distance indicator: 4.0
   Increment on tard indicator:     0.0
   Value of tmax indicator:         4.0

Task for patient = 166 with skills = {5,-1} and cost = 439.7
   Vehicle #0 = 21, leaving at = 829.0
   Vehicle #1 = -1, leaving at = inf
   Increment on distance indicator: 8.0
   Increment on tard indicator:     0.0
   Value of tmax indicator:         8.0

Task for patient = 84 with skills = {3,-1} and cost = 441.7
   Vehicle #0 = 25, leaving at = 944.0
   Vehicle #1 = -1, leaving at = inf
   Increment on distance indicator: 6.0
   Increment on tard indicator:     0.0
   Value of tmax indicator:         6.0

Task for patient = 193 with skills = {2,-1} and cost = 442.3
   Vehicle #0 = 0, leaving at = 1023.0
   Vehicle #1 = -1, leaving at = inf
   Increment on distance indicator: 2.0
   Increment on tard indicator:     0.0
   Value of tmax indicator:         2.0

Task for patient = 116 with skills = {3,-1} and cost = 443.7
   Vehicle #0 = 29, leaving at = 886.0
   Vehicle #1 = -1, leaving at = inf
   Increment on distance indicator: 4.0
   Increment on tard indicator:     0.0
   Value of tmax indicator:         4.0

Task for patient = 24 with skills = {4,-1} and cost = 446.0
   Vehicle #0 = 24, leaving at = 1031.0
   Vehicle #1 = -1, leaving at = inf
   Increment on distance indicator: 7.0
   Increment on tard indicator:     0.0
   Value of tmax indicator:         7.0

Task for patient = 19 with skills = {0,3} and cost = 448.0
   Vehicle #0 = 5, leaving at = 1023.0
   Vehicle #1 = 31, leaving at = 1023.0
   Increment on distance indicator: 6.0
   Increment on tard indicator:     0.0
   Value of tmax indicator:         6.0

Task for patient = 154 with skills = {3,-1} and cost = 449.7
   Vehicle #0 = 21, leaving at = 866.0
   Vehicle #1 = -1, leaving at = inf
   Increment on distance indicator: 5.0
   Increment on tard indicator:     0.0
   Value of tmax indicator:         5.0

Task for patient = 108 with skills = {1,-1} and cost = 451.7
   Vehicle #0 = 3, leaving at = 1014.0
   Vehicle #1 = -1, leaving at = inf
   Increment on distance indicator: 6.0
   Increment on tard indicator:     0.0
   Value of tmax indicator:         6.0

Task for patient = 165 with skills = {0,-1} and cost = 452.7
   Vehicle #0 = 3, leaving at = 1058.0
   Vehicle #1 = -1, leaving at = inf
   Increment on distance indicator: 3.0
   Increment on tard indicator:     0.0
   Value of tmax indicator:         3.0

Task for patient = 98 with skills = {5,-1} and cost = 433.7
   Vehicle #0 = 21, leaving at = 769.0
   Vehicle #1 = -1, leaving at = inf
   Increment on distance indicator: 11.0
   Increment on tard indicator:     0.0
   Value of tmax indicator:         11.0

Task for patient = 122 with skills = {3,-1} and cost = 455.3
   Vehicle #0 = 35, leaving at = 858.0
   Vehicle #1 = -1, leaving at = inf
   Increment on distance indicator: 2.0
   Increment on tard indicator:     0.0
   Value of tmax indicator:         2.0

Task for patient = 65 with skills = {2,-1} and cost = 458.0
   Vehicle #0 = 2, leaving at = 792.0
   Vehicle #1 = -1, leaving at = inf
   Increment on distance indicator: 8.0
   Increment on tard indicator:     0.0
   Value of tmax indicator:         8.0

Task for patient = 34 with skills = {3,-1} and cost = 460.3
   Vehicle #0 = 32, leaving at = 905.0
   Vehicle #1 = -1, leaving at = inf
   Increment on distance indicator: 7.0
   Increment on tard indicator:     0.0
   Value of tmax indicator:         7.0

Task for patient = 62 with skills = {3,-1} and cost = 461.3
   Vehicle #0 = 34, leaving at = 937.0
   Vehicle #1 = -1, leaving at = inf
   Increment on distance indicator: 3.0
   Increment on tard indicator:     0.0
   Value of tmax indicator:         3.0

Task for patient = 6 with skills = {0,4} and cost = 464.0
   Vehicle #0 = 12, leaving at = 937.0
   Vehicle #1 = 35, leaving at = 932.0
   Increment on distance indicator: 8.0
   Increment on tard indicator:     0.0
   Value of tmax indicator:         8.0

Task for patient = 123 with skills = {0,3} and cost = 467.3
   Vehicle #0 = 8, leaving at = 860.0
   Vehicle #1 = 36, leaving at = 878.0
   Increment on distance indicator: 10.0
   Increment on tard indicator:     0.0
   Value of tmax indicator:         10.0

Task for patient = 57 with skills = {2,4} and cost = 469.3
   Vehicle #0 = 13, leaving at = 986.0
   Vehicle #1 = 29, leaving at = 986.0
   Increment on distance indicator: 6.0
   Increment on tard indicator:     0.0
   Value of tmax indicator:         6.0

Task for patient = 14 with skills = {0,-1} and cost = 471.0
   Vehicle #0 = 5, leaving at = 1056.0
   Vehicle #1 = -1, leaving at = inf
   Increment on distance indicator: 5.0
   Increment on tard indicator:     0.0
   Value of tmax indicator:         5.0

Task for patient = 126 with skills = {0,-1} and cost = 471.7
   Vehicle #0 = 2, leaving at = 828.0
   Vehicle #1 = -1, leaving at = inf
   Increment on distance indicator: 2.0
   Increment on tard indicator:     0.0
   Value of tmax indicator:         2.0

Task for patient = 77 with skills = {0,4} and cost = 475.0
   Vehicle #0 = 8, leaving at = 927.0
   Vehicle #1 = 36, leaving at = 927.0
   Increment on distance indicator: 10.0
   Increment on tard indicator:     0.0
   Value of tmax indicator:         10.0

Task for patient = 1 with skills = {2,3} and cost = 478.3
   Vehicle #0 = 11, leaving at = 963.0
   Vehicle #1 = 32, leaving at = 963.0
   Increment on distance indicator: 10.0
   Increment on tard indicator:     0.0
   Value of tmax indicator:         10.0

Task for patient = 156 with skills = {4,-1} and cost = 454.7
   Vehicle #0 = 35, leaving at = 823.0
   Vehicle #1 = -1, leaving at = inf
   Increment on distance indicator: 6.0
   Increment on tard indicator:     0.0
   Value of tmax indicator:         6.0

Task for patient = 73 with skills = {1,3} and cost = 369.3
   Vehicle #0 = 10, leaving at = 844.0
   Vehicle #1 = 31, leaving at = 844.0
   Increment on distance indicator: 11.0
   Increment on tard indicator:     0.0
   Value of tmax indicator:         11.0

Task for patient = 78 with skills = {1,-1} and cost = 369.7
   Vehicle #0 = 1, leaving at = 761.0
   Vehicle #1 = -1, leaving at = inf
   Increment on distance indicator: 1.0
   Increment on tard indicator:     0.0
   Value of tmax indicator:         1.0

Task for patient = 21 with skills = {2,-1} and cost = 371.3
   Vehicle #0 = 12, leaving at = 855.0
   Vehicle #1 = -1, leaving at = inf
   Increment on distance indicator: 5.0
   Increment on tard indicator:     0.0
   Value of tmax indicator:         5.0

Task for patient = 39 with skills = {3,-1} and cost = 372.3
   Vehicle #0 = 31, leaving at = 900.0
   Vehicle #1 = -1, leaving at = inf
   Increment on distance indicator: 3.0
   Increment on tard indicator:     0.0
   Value of tmax indicator:         3.0

Task for patient = 192 with skills = {2,-1} and cost = 373.7
   Vehicle #0 = 13, leaving at = 928.0
   Vehicle #1 = -1, leaving at = inf
   Increment on distance indicator: 4.0
   Increment on tard indicator:     0.0
   Value of tmax indicator:         4.0

Task for patient = 168 with skills = {3,-1} and cost = 374.0
   Vehicle #0 = 26, leaving at = 927.0
   Vehicle #1 = -1, leaving at = inf
   Increment on distance indicator: 1.0
   Increment on tard indicator:     0.0
   Value of tmax indicator:         1.0

Task for patient = 128 with skills = {2,-1} and cost = 377.0
   Vehicle #0 = 7, leaving at = 727.0
   Vehicle #1 = -1, leaving at = inf
   Increment on distance indicator: 9.0
   Increment on tard indicator:     0.0
   Value of tmax indicator:         9.0

Task for patient = 30 with skills = {3,-1} and cost = 378.0
   Vehicle #0 = 32, leaving at = 796.0
   Vehicle #1 = -1, leaving at = inf
   Increment on distance indicator: 3.0
   Increment on tard indicator:     0.0
   Value of tmax indicator:         3.0

Task for patient = 27 with skills = {4,-1} and cost = 381.7
   Vehicle #0 = 24, leaving at = 862.0
   Vehicle #1 = -1, leaving at = inf
   Increment on distance indicator: 11.0
   Increment on tard indicator:     0.0
   Value of tmax indicator:         11.0

Task for patient = 149 with skills = {2,3} and cost = 386.0
   Vehicle #0 = 7, leaving at = 841.0
   Vehicle #1 = 29, leaving at = 841.0
   Increment on distance indicator: 13.0
   Increment on tard indicator:     0.0
   Value of tmax indicator:         13.0

Task for patient = 16 with skills = {0,3} and cost = 389.3
   Vehicle #0 = 3, leaving at = 930.0
   Vehicle #1 = 23, leaving at = 930.0
   Increment on distance indicator: 10.0
   Increment on tard indicator:     0.0
   Value of tmax indicator:         10.0

Task for patient = 102 with skills = {3,-1} and cost = 430.0
   Vehicle #0 = 22, leaving at = 846.0
   Vehicle #1 = -1, leaving at = inf
   Increment on distance indicator: 10.0
   Increment on tard indicator:     0.0
   Value of tmax indicator:         10.0

Task for patient = 100 with skills = {5,-1} and cost = 403.0
   Vehicle #0 = 23, leaving at = 950.0
   Vehicle #1 = -1, leaving at = inf
   Increment on distance indicator: 3.0
   Increment on tard indicator:     0.0
   Value of tmax indicator:         3.0

Task for patient = 199 with skills = {1,-1} and cost = 405.0
   Vehicle #0 = 10, leaving at = 881.0
   Vehicle #1 = -1, leaving at = inf
   Increment on distance indicator: 6.0
   Increment on tard indicator:     0.0
   Value of tmax indicator:         6.0

Task for patient = 29 with skills = {1,3} and cost = 411.7
   Vehicle #0 = 4, leaving at = 816.0
   Vehicle #1 = 22, leaving at = 816.0
   Increment on distance indicator: 20.0
   Increment on tard indicator:     0.0
   Value of tmax indicator:         20.0

Task for patient = 187 with skills = {0,-1} and cost = 415.3
   Vehicle #0 = 2, leaving at = 744.0
   Vehicle #1 = -1, leaving at = inf
   Increment on distance indicator: 11.0
   Increment on tard indicator:     0.0
   Value of tmax indicator:         11.0

Task for patient = 92 with skills = {2,3} and cost = 416.7
   Vehicle #0 = 3, leaving at = 953.0
   Vehicle #1 = 23, leaving at = 992.0
   Increment on distance indicator: 4.0
   Increment on tard indicator:     0.0
   Value of tmax indicator:         4.0

Task for patient = 93 with skills = {1,-1} and cost = 417.3
   Vehicle #0 = 3, leaving at = 976.0
   Vehicle #1 = -1, leaving at = inf
   Increment on distance indicator: 2.0
   Increment on tard indicator:     0.0
   Value of tmax indicator:         2.0

Task for patient = 150 with skills = {1,-1} and cost = 417.7
   Vehicle #0 = 11, leaving at = 747.0
   Vehicle #1 = -1, leaving at = inf
   Increment on distance indicator: 1.0
   Increment on tard indicator:     0.0
   Value of tmax indicator:         1.0

Task for patient = 33 with skills = {2,5} and cost = 419.0
   Vehicle #0 = 0, leaving at = 957.0
   Vehicle #1 = 26, leaving at = 967.0
   Increment on distance indicator: 4.0
   Increment on tard indicator:     0.0
   Value of tmax indicator:         4.0

Task for patient = 47 with skills = {0,5} and cost = 424.3
   Vehicle #0 = 6, leaving at = 952.0
   Vehicle #1 = 24, leaving at = 952.0
   Increment on distance indicator: 16.0
   Increment on tard indicator:     0.0
   Value of tmax indicator:         16.0

Task for patient = 2 with skills = {4,-1} and cost = 425.3
   Vehicle #0 = 26, leaving at = 998.0
   Vehicle #1 = -1, leaving at = inf
   Increment on distance indicator: 3.0
   Increment on tard indicator:     0.0
   Value of tmax indicator:         3.0

Task for patient = 80 with skills = {2,-1} and cost = 426.7
   Vehicle #0 = 4, leaving at = 865.0
   Vehicle #1 = -1, leaving at = inf
   Increment on distance indicator: 4.0
   Increment on tard indicator:     0.0
   Value of tmax indicator:         4.0

Task for patient = 143 with skills = {0,5} and cost = 479.7
   Vehicle #0 = 2, leaving at = 888.0
   Vehicle #1 = 30, leaving at = 888.0
   Increment on distance indicator: 4.0
   Increment on tard indicator:     0.0
   Value of tmax indicator:         4.0

Task for patient = 107 with skills = {1,4} and cost = 402.0
   Vehicle #0 = 2, leaving at = 716.0
   Vehicle #1 = 21, leaving at = 716.0
   Increment on distance indicator: 38.0
   Increment on tard indicator:     0.0
   Value of tmax indicator:         38.0

Task for patient = 79 with skills = {2,3} and cost = 520.7
   Vehicle #0 = 13, leaving at = 1043.0
   Vehicle #1 = 29, leaving at = 1052.0
   Increment on distance indicator: 8.0
   Increment on tard indicator:     0.0
   Value of tmax indicator:         8.0

Task for patient = 190 with skills = {1,4} and cost = 527.7
   Vehicle #0 = 10, leaving at = 944.0
   Vehicle #1 = 35, leaving at = 962.0
   Increment on distance indicator: 21.0
   Increment on tard indicator:     0.0
   Value of tmax indicator:         21.0

Task for patient = 8 with skills = {0,4} and cost = 537.7
   Vehicle #0 = 15, leaving at = 996.0
   Vehicle #1 = 25, leaving at = 1031.0
   Increment on distance indicator: 30.0
   Increment on tard indicator:     0.0
   Value of tmax indicator:         30.0

Task for patient = 112 with skills = {1,5} and cost = 543.3
   Vehicle #0 = 1, leaving at = 869.0
   Vehicle #1 = 22, leaving at = 886.0
   Increment on distance indicator: 17.0
   Increment on tard indicator:     0.0
   Value of tmax indicator:         17.0

Task for patient = 184 with skills = {1,-1} and cost = 545.7
   Vehicle #0 = 11, leaving at = 1023.0
   Vehicle #1 = -1, leaving at = inf
   Increment on distance indicator: 7.0
   Increment on tard indicator:     0.0
   Value of tmax indicator:         7.0

Task for patient = 161 with skills = {3,-1} and cost = 546.0
   Vehicle #0 = 26, leaving at = 1110.0
   Vehicle #1 = -1, leaving at = inf
   Increment on distance indicator: 1.0
   Increment on tard indicator:     0.0
   Value of tmax indicator:         1.0

Task for patient = 144 with skills = {3,-1} and cost = 547.0
   Vehicle #0 = 25, leaving at = 1083.0
   Vehicle #1 = -1, leaving at = inf
   Increment on distance indicator: 3.0
   Increment on tard indicator:     0.0
   Value of tmax indicator:         3.0

Task for patient = 46 with skills = {4,-1} and cost = 548.3
   Vehicle #0 = 34, leaving at = 1054.0
   Vehicle #1 = -1, leaving at = inf
   Increment on distance indicator: 4.0
   Increment on tard indicator:     0.0
   Value of tmax indicator:         4.0

Task for patient = 56 with skills = {2,3} and cost = 553.0
   Vehicle #0 = 12, leaving at = 1051.0
   Vehicle #1 = 35, leaving at = 1051.0
   Increment on distance indicator: 14.0
   Increment on tard indicator:     0.0
   Value of tmax indicator:         14.0

Task for patient = 61 with skills = {1,-1} and cost = 554.7
   Vehicle #0 = 1, leaving at = 929.0
   Vehicle #1 = -1, leaving at = inf
   Increment on distance indicator: 5.0
   Increment on tard indicator:     0.0
   Value of tmax indicator:         5.0

Task for patient = 173 with skills = {0,-1} and cost = 556.0
   Vehicle #0 = 5, leaving at = 1105.0
   Vehicle #1 = -1, leaving at = inf
   Increment on distance indicator: 4.0
   Increment on tard indicator:     0.0
   Value of tmax indicator:         4.0

Task for patient = 70 with skills = {3,-1} and cost = 481.3
   Vehicle #0 = 27, leaving at = 992.0
   Vehicle #1 = -1, leaving at = inf
   Increment on distance indicator: 5.0
   Increment on tard indicator:     0.0
   Value of tmax indicator:         5.0

Task for patient = 103 with skills = {3,-1} and cost = 561.0
   Vehicle #0 = 21, leaving at = 1058.0
   Vehicle #1 = -1, leaving at = inf
   Increment on distance indicator: 8.0
   Increment on tard indicator:     0.0
   Value of tmax indicator:         8.0

Task for patient = 129 with skills = {4,-1} and cost = 562.7
   Vehicle #0 = 25, leaving at = 1116.0
   Vehicle #1 = -1, leaving at = inf
   Increment on distance indicator: 5.0
   Increment on tard indicator:     0.0
   Value of tmax indicator:         5.0

Task for patient = 71 with skills = {1,4} and cost = 564.7
   Vehicle #0 = 0, leaving at = 1122.0
   Vehicle #1 = 23, leaving at = 1122.0
   Increment on distance indicator: 6.0
   Increment on tard indicator:     0.0
   Value of tmax indicator:         6.0

Task for patient = 125 with skills = {0,3} and cost = 566.7
   Vehicle #0 = 2, leaving at = 1073.0
   Vehicle #1 = 27, leaving at = 1106.0
   Increment on distance indicator: 6.0
   Increment on tard indicator:     0.0
   Value of tmax indicator:         6.0

Task for patient = 15 with skills = {2,-1} and cost = 569.0
   Vehicle #0 = 15, leaving at = 1062.0
   Vehicle #1 = -1, leaving at = inf
   Increment on distance indicator: 7.0
   Increment on tard indicator:     0.0
   Value of tmax indicator:         7.0

Task for patient = 186 with skills = {4,-1} and cost = 571.7
   Vehicle #0 = 28, leaving at = 982.0
   Vehicle #1 = -1, leaving at = inf
   Increment on distance indicator: 8.0
   Increment on tard indicator:     0.0
   Value of tmax indicator:         8.0

Task for patient = 146 with skills = {2,-1} and cost = 575.0
   Vehicle #0 = 8, leaving at = 987.0
   Vehicle #1 = -1, leaving at = inf
   Increment on distance indicator: 10.0
   Increment on tard indicator:     0.0
   Value of tmax indicator:         10.0

Task for patient = 17 with skills = {1,5} and cost = 580.3
   Vehicle #0 = 10, leaving at = 985.0
   Vehicle #1 = 30, leaving at = 1014.0
   Increment on distance indicator: 16.0
   Increment on tard indicator:     0.0
   Value of tmax indicator:         16.0

Task for patient = 174 with skills = {2,4} and cost = 583.0
   Vehicle #0 = 8, leaving at = 1041.0
   Vehicle #1 = 36, leaving at = 1041.0
   Increment on distance indicator: 8.0
   Increment on tard indicator:     0.0
   Value of tmax indicator:         8.0

Task for patient = 18 with skills = {4,-1} and cost = 583.7
   Vehicle #0 = 26, leaving at = 1127.0
   Vehicle #1 = -1, leaving at = inf
   Increment on distance indicator: 2.0
   Increment on tard indicator:     0.0
   Value of tmax indicator:         2.0

Task for patient = 115 with skills = {2,-1} and cost = 587.3
   Vehicle #0 = 1, leaving at = 1065.0
   Vehicle #1 = -1, leaving at = inf
   Increment on distance indicator: 11.0
   Increment on tard indicator:     0.0
   Value of tmax indicator:         11.0

Task for patient = 181 with skills = {4,-1} and cost = 588.7
   Vehicle #0 = 29, leaving at = 1104.0
   Vehicle #1 = -1, leaving at = inf
   Increment on distance indicator: 4.0
   Increment on tard indicator:     0.0
   Value of tmax indicator:         4.0

Task for patient = 140 with skills = {1,-1} and cost = 558.3
   Vehicle #0 = 1, leaving at = 984.0
   Vehicle #1 = -1, leaving at = inf
   Increment on distance indicator: 7.0
   Increment on tard indicator:     0.0
   Value of tmax indicator:         7.0

Task for patient = 44 with skills = {0,3} and cost = 365.7
   Vehicle #0 = 6, leaving at = 887.0
   Vehicle #1 = 25, leaving at = 887.0
   Increment on distance indicator: 9.0
   Increment on tard indicator:     0.0
   Value of tmax indicator:         9.0

Task for patient = 3 with skills = {4,-1} and cost = 482.0
   Vehicle #0 = 23, leaving at = 1014.0
   Vehicle #1 = -1, leaving at = inf
   Increment on distance indicator: 2.0
   Increment on tard indicator:     0.0
   Value of tmax indicator:         2.0

Task for patient = 170 with skills = {5,-1} and cost = 483.3
   Vehicle #0 = 30, leaving at = 914.0
   Vehicle #1 = -1, leaving at = inf
   Increment on distance indicator: 4.0
   Increment on tard indicator:     0.0
   Value of tmax indicator:         4.0

Task for patient = 169 with skills = {4,-1} and cost = 484.7
   Vehicle #0 = 36, leaving at = 960.0
   Vehicle #1 = -1, leaving at = inf
   Increment on distance indicator: 4.0
   Increment on tard indicator:     0.0
   Value of tmax indicator:         4.0

Task for patient = 26 with skills = {2,4} and cost = 486.0
   Vehicle #0 = 7, leaving at = 1019.0
   Vehicle #1 = 26, leaving at = 1015.0
   Increment on distance indicator: 4.0
   Increment on tard indicator:     0.0
   Value of tmax indicator:         4.0

Task for patient = 179 with skills = {5,-1} and cost = 488.7
   Vehicle #0 = 36, leaving at = 990.0
   Vehicle #1 = -1, leaving at = inf
   Increment on distance indicator: 8.0
   Increment on tard indicator:     0.0
   Value of tmax indicator:         8.0

Task for patient = 189 with skills = {5,-1} and cost = 490.0
   Vehicle #0 = 24, leaving at = 1076.0
   Vehicle #1 = -1, leaving at = inf
   Increment on distance indicator: 4.0
   Increment on tard indicator:     0.0
   Value of tmax indicator:         4.0

Task for patient = 49 with skills = {4,-1} and cost = 493.7
   Vehicle #0 = 28, leaving at = 934.0
   Vehicle #1 = -1, leaving at = inf
   Increment on distance indicator: 11.0
   Increment on tard indicator:     0.0
   Value of tmax indicator:         11.0

Task for patient = 67 with skills = {1,-1} and cost = 495.3
   Vehicle #0 = 12, leaving at = 983.0
   Vehicle #1 = -1, leaving at = inf
   Increment on distance indicator: 5.0
   Increment on tard indicator:     0.0
   Value of tmax indicator:         5.0

Task for patient = 58 with skills = {1,4} and cost = 500.7
   Vehicle #0 = 2, leaving at = 917.0
   Vehicle #1 = 21, leaving at = 976.0
   Increment on distance indicator: 16.0
   Increment on tard indicator:     0.0
   Value of tmax indicator:         16.0

Task for patient = 200 with skills = {3,-1} and cost = 502.0
   Vehicle #0 = 26, leaving at = 1076.0
   Vehicle #1 = -1, leaving at = inf
   Increment on distance indicator: 4.0
   Increment on tard indicator:     0.0
   Value of tmax indicator:         4.0

Task for patient = 127 with skills = {0,-1} and cost = 518.0
   Vehicle #0 = 6, leaving at = 1033.0
   Vehicle #1 = -1, leaving at = inf
   Increment on distance indicator: 5.0
   Increment on tard indicator:     0.0
   Value of tmax indicator:         5.0

Task for patient = 175 with skills = {0,-1} and cost = 503.7
   Vehicle #0 = 2, leaving at = 977.0
   Vehicle #1 = -1, leaving at = inf
   Increment on distance indicator: 2.0
   Increment on tard indicator:     0.0
   Value of tmax indicator:         2.0

Task for patient = 31 with skills = {1,-1} and cost = 504.3
   Vehicle #0 = 0, leaving at = 1066.0
   Vehicle #1 = -1, leaving at = inf
   Increment on distance indicator: 2.0
   Increment on tard indicator:     0.0
   Value of tmax indicator:         2.0

Task for patient = 172 with skills = {3,-1} and cost = 505.0
   Vehicle #0 = 21, leaving at = 1011.0
   Vehicle #1 = -1, leaving at = inf
   Increment on distance indicator: 2.0
   Increment on tard indicator:     0.0
   Value of tmax indicator:         2.0

Task for patient = 113 with skills = {3,-1} and cost = 506.3
   Vehicle #0 = 27, leaving at = 1024.0
   Vehicle #1 = -1, leaving at = inf
   Increment on distance indicator: 4.0
   Increment on tard indicator:     0.0
   Value of tmax indicator:         4.0

Task for patient = 152 with skills = {4,-1} and cost = 507.0
   Vehicle #0 = 29, leaving at = 1030.0
   Vehicle #1 = -1, leaving at = inf
   Increment on distance indicator: 2.0
   Increment on tard indicator:     0.0
   Value of tmax indicator:         2.0

Task for patient = 5 with skills = {3,-1} and cost = 509.0
   Vehicle #0 = 32, leaving at = 1001.0
   Vehicle #1 = -1, leaving at = inf
   Increment on distance indicator: 6.0
   Increment on tard indicator:     0.0
   Value of tmax indicator:         6.0

Task for patient = 153 with skills = {2,-1} and cost = 510.3
   Vehicle #0 = 7, leaving at = 1038.0
   Vehicle #1 = -1, leaving at = inf
   Increment on distance indicator: 4.0
   Increment on tard indicator:     0.0
   Value of tmax indicator:         4.0

Task for patient = 9 with skills = {2,-1} and cost = 511.7
   Vehicle #0 = 6, leaving at = 998.0
   Vehicle #1 = -1, leaving at = inf
   Increment on distance indicator: 4.0
   Increment on tard indicator:     0.0
   Value of tmax indicator:         4.0

Task for patient = 105 with skills = {1,-1} and cost = 512.3
   Vehicle #0 = 15, leaving at = 955.0
   Vehicle #1 = -1, leaving at = inf
   Increment on distance indicator: 2.0
   Increment on tard indicator:     0.0
   Value of tmax indicator:         2.0

Task for patient = 110 with skills = {0,-1} and cost = 513.7
   Vehicle #0 = 2, leaving at = 1031.0
   Vehicle #1 = -1, leaving at = inf
   Increment on distance indicator: 4.0
   Increment on tard indicator:     0.0
   Value of tmax indicator:         4.0

Task for patient = 111 with skills = {5,-1} and cost = 515.7
   Vehicle #0 = 34, leaving at = 999.0
   Vehicle #1 = -1, leaving at = inf
   Increment on distance indicator: 6.0
   Increment on tard indicator:     0.0
   Value of tmax indicator:         6.0

Task for patient = 195 with skills = {3,-1} and cost = 516.3
   Vehicle #0 = 31, leaving at = 1076.0
   Vehicle #1 = -1, leaving at = inf
   Increment on distance indicator: 2.0
   Increment on tard indicator:     0.0
   Value of tmax indicator:         2.0

Task for patient = 4 with skills = {5,-1} and cost = 503.0
   Vehicle #0 = 31, leaving at = 1043.0
   Vehicle #1 = -1, leaving at = inf
   Increment on distance indicator: 3.0
   Increment on tard indicator:     0.0
   Value of tmax indicator:         3.0

Task for patient = 120 with skills = {0,3} and cost = 184.0
   Vehicle #0 = 13, leaving at = 528.0
   Vehicle #1 = 27, leaving at = 548.0
   Increment on distance indicator: 28.0
   Increment on tard indicator:     0.0
   Value of tmax indicator:         28.0

Task for patient = 141 with skills = {3,-1} and cost = 185.7
   Vehicle #0 = 27, leaving at = 658.0
   Vehicle #1 = -1, leaving at = inf
   Increment on distance indicator: 5.0
   Increment on tard indicator:     0.0
   Value of tmax indicator:         5.0

Task for patient = 142 with skills = {4,-1} and cost = 187.3
   Vehicle #0 = 28, leaving at = 612.0
   Vehicle #1 = -1, leaving at = inf
   Increment on distance indicator: 5.0
   Increment on tard indicator:     0.0
   Value of tmax indicator:         5.0

Task for patient = 88 with skills = {3,-1} and cost = 191.7
   Vehicle #0 = 29, leaving at = 519.0
   Vehicle #1 = -1, leaving at = inf
   Increment on distance indicator: 13.0
   Increment on tard indicator:     0.0
   Value of tmax indicator:         13.0

Task for patient = 95 with skills = {2,5} and cost = 193.0
   Vehicle #0 = 0, leaving at = 742.0
   Vehicle #1 = 26, leaving at = 759.0
   Increment on distance indicator: 4.0
   Increment on tard indicator:     0.0
   Value of tmax indicator:         4.0

Task for patient = 159 with skills = {0,3} and cost = 196.3
   Vehicle #0 = 12, leaving at = 639.0
   Vehicle #1 = 25, leaving at = 647.0
   Increment on distance indicator: 10.0
   Increment on tard indicator:     0.0
   Value of tmax indicator:         10.0

Task for patient = 106 with skills = {2,-1} and cost = 198.0
   Vehicle #0 = 13, leaving at = 585.0
   Vehicle #1 = -1, leaving at = inf
   Increment on distance indicator: 5.0
   Increment on tard indicator:     0.0
   Value of tmax indicator:         5.0

Task for patient = 132 with skills = {5,-1} and cost = 201.7
   Vehicle #0 = 30, leaving at = 554.0
   Vehicle #1 = -1, leaving at = inf
   Increment on distance indicator: 11.0
   Increment on tard indicator:     0.0
   Value of tmax indicator:         11.0

Task for patient = 114 with skills = {3,-1} and cost = 204.3
   Vehicle #0 = 25, leaving at = 712.0
   Vehicle #1 = -1, leaving at = inf
   Increment on distance indicator: 8.0
   Increment on tard indicator:     0.0
   Value of tmax indicator:         8.0

Task for patient = 167 with skills = {4,-1} and cost = 206.0
   Vehicle #0 = 28, leaving at = 664.0
   Vehicle #1 = -1, leaving at = inf
   Increment on distance indicator: 5.0
   Increment on tard indicator:     0.0
   Value of tmax indicator:         5.0

Task for patient = 176 with skills = {2,5} and cost = 209.3
   Vehicle #0 = 9, leaving at = 711.0
   Vehicle #1 = 31, leaving at = 711.0
   Increment on distance indicator: 10.0
   Increment on tard indicator:     0.0
   Value of tmax indicator:         10.0

Task for patient = 55 with skills = {2,-1} and cost = 362.7
   Vehicle #0 = 13, leaving at = 878.0
   Vehicle #1 = -1, leaving at = inf
   Increment on distance indicator: 6.0
   Increment on tard indicator:     0.0
   Value of tmax indicator:         6.0

Task for patient = 164 with skills = {5,-1} and cost = 215.0
   Vehicle #0 = 30, leaving at = 595.0
   Vehicle #1 = -1, leaving at = inf
   Increment on distance indicator: 1.0
   Increment on tard indicator:     0.0
   Value of tmax indicator:         1.0

Task for patient = 72 with skills = {3,-1} and cost = 215.3
   Vehicle #0 = 20, leaving at = 799.0
   Vehicle #1 = -1, leaving at = inf
   Increment on distance indicator: 1.0
   Increment on tard indicator:     0.0
   Value of tmax indicator:         1.0

Task for patient = 163 with skills = {2,-1} and cost = 217.7
   Vehicle #0 = 12, leaving at = 694.0
   Vehicle #1 = -1, leaving at = inf
   Increment on distance indicator: 7.0
   Increment on tard indicator:     0.0
   Value of tmax indicator:         7.0

Task for patient = 133 with skills = {0,-1} and cost = 218.7
   Vehicle #0 = 6, leaving at = 699.0
   Vehicle #1 = -1, leaving at = inf
   Increment on distance indicator: 3.0
   Increment on tard indicator:     0.0
   Value of tmax indicator:         3.0

Task for patient = 45 with skills = {5,-1} and cost = 220.3
   Vehicle #0 = 27, leaving at = 699.0
   Vehicle #1 = -1, leaving at = inf
   Increment on distance indicator: 5.0
   Increment on tard indicator:     0.0
   Value of tmax indicator:         5.0

Task for patient = 10 with skills = {1,3} and cost = 225.0
   Vehicle #0 = 10, leaving at = 612.0
   Vehicle #1 = 32, leaving at = 612.0
   Increment on distance indicator: 14.0
   Increment on tard indicator:     0.0
   Value of tmax indicator:         14.0

Task for patient = 147 with skills = {3,-1} and cost = 228.3
   Vehicle #0 = 34, leaving at = 528.0
   Vehicle #1 = -1, leaving at = inf
   Increment on distance indicator: 10.0
   Increment on tard indicator:     0.0
   Value of tmax indicator:         10.0

Task for patient = 194 with skills = {5,-1} and cost = 229.3
   Vehicle #0 = 30, leaving at = 666.0
   Vehicle #1 = -1, leaving at = inf
   Increment on distance indicator: 3.0
   Increment on tard indicator:     0.0
   Value of tmax indicator:         3.0

Task for patient = 155 with skills = {5,-1} and cost = 230.7
   Vehicle #0 = 27, leaving at = 727.0
   Vehicle #1 = -1, leaving at = inf
   Increment on distance indicator: 4.0
   Increment on tard indicator:     0.0
   Value of tmax indicator:         4.0

Task for patient = 41 with skills = {0,-1} and cost = 234.3
   Vehicle #0 = 15, leaving at = 504.0
   Vehicle #1 = -1, leaving at = inf
   Increment on distance indicator: 11.0
   Increment on tard indicator:     0.0
   Value of tmax indicator:         11.0

Task for patient = 198 with skills = {5,-1} and cost = 237.0
   Vehicle #0 = 34, leaving at = 595.0
   Vehicle #1 = -1, leaving at = inf
   Increment on distance indicator: 8.0
   Increment on tard indicator:     0.0
   Value of tmax indicator:         8.0

Task for patient = 94 with skills = {1,5} and cost = 214.7
   Vehicle #0 = 8, leaving at = 646.0
   Vehicle #1 = 29, leaving at = 646.0
   Increment on distance indicator: 16.0
   Increment on tard indicator:     0.0
   Value of tmax indicator:         16.0

Task for patient = 76 with skills = {0,-1} and cost = 4.0
   Vehicle #0 = 2, leaving at = 578.0
   Vehicle #1 = -1, leaving at = inf
   Increment on distance indicator: 12.0
   Increment on tard indicator:     0.0
   Value of tmax indicator:         12.0

Task for patient = 137 with skills = {2,5} and cost = 18.7
   Vehicle #0 = 2, leaving at = 624.0
   Vehicle #1 = 21, leaving at = 669.0
   Increment on distance indicator: 44.0
   Increment on tard indicator:     0.0
   Value of tmax indicator:         44.0

Task for patient = 178 with skills = {2,3} and cost = 27.3
   Vehicle #0 = 0, leaving at = 706.0
   Vehicle #1 = 20, leaving at = 706.0
   Increment on distance indicator: 26.0
   Increment on tard indicator:     0.0
   Value of tmax indicator:         26.0

Task for patient = 13 with skills = {5,-1} and cost = 35.7
   Vehicle #0 = 22, leaving at = 517.0
   Vehicle #1 = -1, leaving at = inf
   Increment on distance indicator: 25.0
   Increment on tard indicator:     0.0
   Value of tmax indicator:         25.0

Task for patient = 7 with skills = {2,5} and cost = 51.7
   Vehicle #0 = 1, leaving at = 589.0
   Vehicle #1 = 22, leaving at = 602.0
   Increment on distance indicator: 48.0
   Increment on tard indicator:     0.0
   Value of tmax indicator:         48.0

Task for patient = 121 with skills = {2,5} and cost = 65.7
   Vehicle #0 = 1, leaving at = 670.0
   Vehicle #1 = 22, leaving at = 710.0
   Increment on distance indicator: 32.0
   Increment on tard indicator:     0.0
   Value of tmax indicator:         32.0

Task for patient = 91 with skills = {0,4} and cost = 74.3
   Vehicle #0 = 3, leaving at = 633.0
   Vehicle #1 = 23, leaving at = 633.0
   Increment on distance indicator: 26.0
   Increment on tard indicator:     0.0
   Value of tmax indicator:         26.0

Task for patient = 185 with skills = {4,-1} and cost = 89.0
   Vehicle #0 = 24, leaving at = 551.0
   Vehicle #1 = -1, leaving at = inf
   Increment on distance indicator: 44.0
   Increment on tard indicator:     0.0
   Value of tmax indicator:         44.0

Task for patient = 180 with skills = {5,-1} and cost = 91.3
   Vehicle #0 = 26, leaving at = 592.0
   Vehicle #1 = -1, leaving at = inf
   Increment on distance indicator: 7.0
   Increment on tard indicator:     0.0
   Value of tmax indicator:         7.0

Task for patient = 38 with skills = {0,-1} and cost = 104.0
   Vehicle #0 = 4, leaving at = 548.0
   Vehicle #1 = -1, leaving at = inf
   Increment on distance indicator: 38.0
   Increment on tard indicator:     0.0
   Value of tmax indicator:         38.0

Task for patient = 135 with skills = {1,5} and cost = 105.3
   Vehicle #0 = 3, leaving at = 684.0
   Vehicle #1 = 23, leaving at = 684.0
   Increment on distance indicator: 4.0
   Increment on tard indicator:     0.0
   Value of tmax indicator:         4.0

Task for patient = 51 with skills = {2,5} and cost = 174.7
   Vehicle #0 = 7, leaving at = 682.0
   Vehicle #1 = 26, leaving at = 706.0
   Increment on distance indicator: 6.0
   Increment on tard indicator:     0.0
   Value of tmax indicator:         6.0

Task for patient = 81 with skills = {2,5} and cost = 111.0
   Vehicle #0 = 3, leaving at = 746.0
   Vehicle #1 = 23, leaving at = 746.0
   Increment on distance indicator: 4.0
   Increment on tard indicator:     0.0
   Value of tmax indicator:         4.0

Task for patient = 109 with skills = {0,-1} and cost = 112.3
   Vehicle #0 = 4, leaving at = 593.0
   Vehicle #1 = -1, leaving at = inf
   Increment on distance indicator: 4.0
   Increment on tard indicator:     0.0
   Value of tmax indicator:         4.0

Task for patient = 68 with skills = {3,-1} and cost = 115.0
   Vehicle #0 = 23, leaving at = 779.0
   Vehicle #1 = -1, leaving at = inf
   Increment on distance indicator: 1.0
   Increment on tard indicator:     0.0
   Value of tmax indicator:         1.0

Task for patient = 157 with skills = {5,-1} and cost = 118.7
   Vehicle #0 = 26, leaving at = 643.0
   Vehicle #1 = -1, leaving at = inf
   Increment on distance indicator: 11.0
   Increment on tard indicator:     0.0
   Value of tmax indicator:         11.0

Task for patient = 23 with skills = {2,4} and cost = 136.0
   Vehicle #0 = 6, leaving at = 584.0
   Vehicle #1 = 24, leaving at = 602.0
   Increment on distance indicator: 52.0
   Increment on tard indicator:     0.0
   Value of tmax indicator:         52.0

Task for patient = 158 with skills = {2,4} and cost = 138.0
   Vehicle #0 = 6, leaving at = 657.0
   Vehicle #1 = 24, leaving at = 657.0
   Increment on distance indicator: 6.0
   Increment on tard indicator:     0.0
   Value of tmax indicator:         6.0

Task for patient = 35 with skills = {1,4} and cost = 148.0
   Vehicle #0 = 8, leaving at = 523.0
   Vehicle #1 = 25, leaving at = 556.0
   Increment on distance indicator: 30.0
   Increment on tard indicator:     0.0
   Value of tmax indicator:         30.0

Task for patient = 97 with skills = {2,-1} and cost = 151.7
   Vehicle #0 = 8, leaving at = 600.0
   Vehicle #1 = -1, leaving at = inf
   Increment on distance indicator: 11.0
   Increment on tard indicator:     0.0
   Value of tmax indicator:         11.0

Task for patient = 124 with skills = {0,-1} and cost = 156.0
   Vehicle #0 = 12, leaving at = 529.0
   Vehicle #1 = -1, leaving at = inf
   Increment on distance indicator: 13.0
   Increment on tard indicator:     0.0
   Value of tmax indicator:         13.0

Task for patient = 12 with skills = {2,4} and cost = 164.0
   Vehicle #0 = 12, leaving at = 572.0
   Vehicle #1 = 25, leaving at = 607.0
   Increment on distance indicator: 24.0
   Increment on tard indicator:     0.0
   Value of tmax indicator:         24.0

Task for patient = 177 with skills = {1,-1} and cost = 164.7
   Vehicle #0 = 4, leaving at = 612.0
   Vehicle #1 = -1, leaving at = inf
   Increment on distance indicator: 2.0
   Increment on tard indicator:     0.0
   Value of tmax indicator:         2.0

Task for patient = 134 with skills = {2,4} and cost = 172.7
   Vehicle #0 = 7, leaving at = 556.0
   Vehicle #1 = 28, leaving at = 556.0
   Increment on distance indicator: 24.0
   Increment on tard indicator:     0.0
   Value of tmax indicator:         24.0

Task for patient = 40 with skills = {0,-1} and cost = 109.7
   Vehicle #0 = 5, leaving at = 556.0
   Vehicle #1 = -1, leaving at = inf
   Increment on distance indicator: 13.0
   Increment on tard indicator:     0.0
   Value of tmax indicator:         13.0

Task for patient = 139 with skills = {5,-1} and cost = 305.3
   Vehicle #0 = 23, leaving at = 874.0
   Vehicle #1 = -1, leaving at = inf
   Increment on distance indicator: 2.0
   Increment on tard indicator:     0.0
   Value of tmax indicator:         2.0

Task for patient = 171 with skills = {2,-1} and cost = 307.0
   Vehicle #0 = 4, leaving at = 682.0
   Vehicle #1 = -1, leaving at = inf
   Increment on distance indicator: 5.0
   Increment on tard indicator:     0.0
   Value of tmax indicator:         5.0

Task for patient = 28 with skills = {1,3} and cost = 308.7
   Vehicle #0 = 0, leaving at = 909.0
   Vehicle #1 = 20, leaving at = 909.0
   Increment on distance indicator: 5.0
   Increment on tard indicator:     0.0
   Value of tmax indicator:         5.0

Task for patient = 136 with skills = {5,-1} and cost = 310.3
   Vehicle #0 = 36, leaving at = 698.0
   Vehicle #1 = -1, leaving at = inf
   Increment on distance indicator: 5.0
   Increment on tard indicator:     0.0
   Value of tmax indicator:         5.0

Task for patient = 64 with skills = {1,5} and cost = 314.0
   Vehicle #0 = 11, leaving at = 723.0
   Vehicle #1 = 31, leaving at = 734.0
   Increment on distance indicator: 11.0
   Increment on tard indicator:     0.0
   Value of tmax indicator:         11.0

Task for patient = 75 with skills = {3,-1} and cost = 317.3
   Vehicle #0 = 36, leaving at = 763.0
   Vehicle #1 = -1, leaving at = inf
   Increment on distance indicator: 10.0
   Increment on tard indicator:     0.0
   Value of tmax indicator:         10.0

Task for patient = 50 with skills = {5,-1} and cost = 318.3
   Vehicle #0 = 30, leaving at = 790.0
   Vehicle #1 = -1, leaving at = inf
   Increment on distance indicator: 3.0
   Increment on tard indicator:     0.0
   Value of tmax indicator:         3.0

Task for patient = 83 with skills = {4,-1} and cost = 319.3
   Vehicle #0 = 29, leaving at = 766.0
   Vehicle #1 = -1, leaving at = inf
   Increment on distance indicator: 3.0
   Increment on tard indicator:     0.0
   Value of tmax indicator:         3.0

Task for patient = 37 with skills = {0,-1} and cost = 321.0
   Vehicle #0 = 8, leaving at = 785.0
   Vehicle #1 = -1, leaving at = inf
   Increment on distance indicator: 5.0
   Increment on tard indicator:     0.0
   Value of tmax indicator:         5.0

Task for patient = 22 with skills = {2,-1} and cost = 322.7
   Vehicle #0 = 12, leaving at = 829.0
   Vehicle #1 = -1, leaving at = inf
   Increment on distance indicator: 5.0
   Increment on tard indicator:     0.0
   Value of tmax indicator:         5.0

Task for patient = 48 with skills = {4,-1} and cost = 323.3
   Vehicle #0 = 28, leaving at = 874.0
   Vehicle #1 = -1, leaving at = inf
   Increment on distance indicator: 2.0
   Increment on tard indicator:     0.0
   Value of tmax indicator:         2.0

Task for patient = 99 with skills = {2,4} and cost = 242.0
   Vehicle #0 = 13, leaving at = 655.0
   Vehicle #1 = 34, leaving at = 655.0
   Increment on distance indicator: 15.0
   Increment on tard indicator:     0.0
   Value of tmax indicator:         15.0

Task for patient = 53 with skills = {3,-1} and cost = 328.0
   Vehicle #0 = 31, leaving at = 786.0
   Vehicle #1 = -1, leaving at = inf
   Increment on distance indicator: 4.0
   Increment on tard indicator:     0.0
   Value of tmax indicator:         4.0

Task for patient = 60 with skills = {1,-1} and cost = 341.3
   Vehicle #0 = 15, leaving at = 675.0
   Vehicle #1 = -1, leaving at = inf
   Increment on distance indicator: 40.0
   Increment on tard indicator:     0.0
   Value of tmax indicator:         40.0

Task for patient = 25 with skills = {0,-1} and cost = 342.3
   Vehicle #0 = 5, leaving at = 796.0
   Vehicle #1 = -1, leaving at = inf
   Increment on distance indicator: 3.0
   Increment on tard indicator:     0.0
   Value of tmax indicator:         3.0

Task for patient = 82 with skills = {4,-1} and cost = 343.7
   Vehicle #0 = 36, leaving at = 809.0
   Vehicle #1 = -1, leaving at = inf
   Increment on distance indicator: 4.0
   Increment on tard indicator:     0.0
   Value of tmax indicator:         4.0

Task for patient = 43 with skills = {2,-1} and cost = 344.3
   Vehicle #0 = 5, leaving at = 855.0
   Vehicle #1 = -1, leaving at = inf
   Increment on distance indicator: 2.0
   Increment on tard indicator:     0.0
   Value of tmax indicator:         2.0

Task for patient = 119 with skills = {1,5} and cost = 348.3
   Vehicle #0 = 10, leaving at = 802.0
   Vehicle #1 = 29, leaving at = 801.0
   Increment on distance indicator: 12.0
   Increment on tard indicator:     0.0
   Value of tmax indicator:         12.0

Task for patient = 86 with skills = {2,-1} and cost = 348.7
   Vehicle #0 = 5, leaving at = 912.0
   Vehicle #1 = -1, leaving at = inf
   Increment on distance indicator: 1.0
   Increment on tard indicator:     0.0
   Value of tmax indicator:         1.0

Task for patient = 32 with skills = {5,-1} and cost = 350.3
   Vehicle #0 = 34, leaving at = 887.0
   Vehicle #1 = -1, leaving at = inf
   Increment on distance indicator: 5.0
   Increment on tard indicator:     0.0
   Value of tmax indicator:         5.0

Task for patient = 52 with skills = {2,-1} and cost = 355.0
   Vehicle #0 = 1, leaving at = 722.0
   Vehicle #1 = -1, leaving at = inf
   Increment on distance indicator: 14.0
   Increment on tard indicator:     0.0
   Value of tmax indicator:         14.0

Task for patient = 59 with skills = {4,-1} and cost = 358.0
   Vehicle #0 = 24, leaving at = 803.0
   Vehicle #1 = -1, leaving at = inf
   Increment on distance indicator: 9.0
   Increment on tard indicator:     0.0
   Value of tmax indicator:         9.0

Task for patient = 90 with skills = {3,-1} and cost = 360.7
   Vehicle #0 = 25, leaving at = 806.0
   Vehicle #1 = -1, leaving at = inf
   Increment on distance indicator: 8.0
   Increment on tard indicator:     0.0
   Value of tmax indicator:         8.0

Task for patient = 145 with skills = {2,-1} and cost = 590.7
   Vehicle #0 = 15, leaving at = 1087.0
   Vehicle #1 = -1, leaving at = inf
   Increment on distance indicator: 6.0
   Increment on tard indicator:     0.0
   Value of tmax indicator:         6.0

Task for patient = 182 with skills = {2,4} and cost = 326.7
   Vehicle #0 = 6, leaving at = 759.0
   Vehicle #1 = 25, leaving at = 759.0
   Increment on distance indicator: 10.0
   Increment on tard indicator:     0.0
   Value of tmax indicator:         10.0

Task for patient = 36 with skills = {1,5} and cost = 244.7
   Vehicle #0 = 3, leaving at = 799.0
   Vehicle #1 = 23, leaving at = 820.0
   Increment on distance indicator: 8.0
   Increment on tard indicator:     0.0
   Value of tmax indicator:         8.0

Task for patient = 85 with skills = {2,-1} and cost = 245.7
   Vehicle #0 = 12, leaving at = 748.0
   Vehicle #1 = -1, leaving at = inf
   Increment on distance indicator: 3.0
   Increment on tard indicator:     0.0
   Value of tmax indicator:         3.0

Task for patient = 138 with skills = {5,-1} and cost = 248.0
   Vehicle #0 = 29, leaving at = 695.0
   Vehicle #1 = -1, leaving at = inf
   Increment on distance indicator: 7.0
   Increment on tard indicator:     0.0
   Value of tmax indicator:         7.0

Task for patient = 131 with skills = {4,-1} and cost = 249.0
   Vehicle #0 = 34, leaving at = 703.0
   Vehicle #1 = -1, leaving at = inf
   Increment on distance indicator: 3.0
   Increment on tard indicator:     0.0
   Value of tmax indicator:         3.0

Task for patient = 160 with skills = {2,-1} and cost = 249.7
   Vehicle #0 = 6, leaving at = 719.0
   Vehicle #1 = -1, leaving at = inf
   Increment on distance indicator: 2.0
   Increment on tard indicator:     0.0
   Value of tmax indicator:         2.0

Task for patient = 69 with skills = {5,-1} and cost = 251.3
   Vehicle #0 = 30, leaving at = 724.0
   Vehicle #1 = -1, leaving at = inf
   Increment on distance indicator: 5.0
   Increment on tard indicator:     0.0
   Value of tmax indicator:         5.0

Task for patient = 104 with skills = {2,-1} and cost = 253.0
   Vehicle #0 = 4, leaving at = 647.0
   Vehicle #1 = -1, leaving at = inf
   Increment on distance indicator: 5.0
   Increment on tard indicator:     0.0
   Value of tmax indicator:         5.0

Task for patient = 96 with skills = {2,3} and cost = 264.7
   Vehicle #0 = 15, leaving at = 577.0
   Vehicle #1 = 35, leaving at = 577.0
   Increment on distance indicator: 35.0
   Increment on tard indicator:     0.0
   Value of tmax indicator:         35.0

Task for patient = 74 with skills = {5,-1} and cost = 265.7
   Vehicle #0 = 22, leaving at = 744.0
   Vehicle #1 = -1, leaving at = inf
   Increment on distance indicator: 3.0
   Increment on tard indicator:     0.0
   Value of tmax indicator:         3.0

Task for patient = 101 with skills = {5,-1} and cost = 265.7
   Vehicle #0 = 33, leaving at = 619.0
   Vehicle #1 = -1, leaving at = inf
   Increment on distance indicator: 0.0
   Increment on tard indicator:     0.0
   Value of tmax indicator:         0.0

Task for patient = 117 with skills = {1,5} and cost = 269.7
   Vehicle #0 = 10, leaving at = 715.0
   Vehicle #1 = 29, leaving at = 742.0
   Increment on distance indicator: 12.0
   Increment on tard indicator:     0.0
   Value of tmax indicator:         12.0

Task for patient = 42 with skills = {5,-1} and cost = 304.7
   Vehicle #0 = 36, leaving at = 601.0
   Vehicle #1 = -1, leaving at = inf
   Increment on distance indicator: 9.0
   Increment on tard indicator:     0.0
   Value of tmax indicator:         9.0

Task for patient = 183 with skills = {3,-1} and cost = 275.0
   Vehicle #0 = 34, leaving at = 766.0
   Vehicle #1 = -1, leaving at = inf
   Increment on distance indicator: 7.0
   Increment on tard indicator:     0.0
   Value of tmax indicator:         7.0

Task for patient = 118 with skills = {2,3} and cost = 280.7
   Vehicle #0 = 12, leaving at = 795.0
   Vehicle #1 = 35, leaving at = 795.0
   Increment on distance indicator: 17.0
   Increment on tard indicator:     0.0
   Value of tmax indicator:         17.0

Task for patient = 148 with skills = {2,-1} and cost = 282.0
   Vehicle #0 = 3, leaving at = 850.0
   Vehicle #1 = -1, leaving at = inf
   Increment on distance indicator: 4.0
   Increment on tard indicator:     0.0
   Value of tmax indicator:         4.0

Task for patient = 191 with skills = {2,-1} and cost = 284.7
   Vehicle #0 = 13, leaving at = 692.0
   Vehicle #1 = -1, leaving at = inf
   Increment on distance indicator: 8.0
   Increment on tard indicator:     0.0
   Value of tmax indicator:         8.0

Task for patient = 63 with skills = {1,3} and cost = 286.7
   Vehicle #0 = 0, leaving at = 813.0
   Vehicle #1 = 26, leaving at = 813.0
   Increment on distance indicator: 6.0
   Increment on tard indicator:     0.0
   Value of tmax indicator:         6.0

Task for patient = 162 with skills = {0,-1} and cost = 288.0
   Vehicle #0 = 13, leaving at = 820.0
   Vehicle #1 = -1, leaving at = inf
   Increment on distance indicator: 4.0
   Increment on tard indicator:     0.0
   Value of tmax indicator:         4.0

Task for patient = 66 with skills = {5,-1} and cost = 289.7
   Vehicle #0 = 24, leaving at = 677.0
   Vehicle #1 = -1, leaving at = inf
   Increment on distance indicator: 5.0
   Increment on tard indicator:     0.0
   Value of tmax indicator:         5.0

Task for patient = 130 with skills = {1,-1} and cost = 290.7
   Vehicle #0 = 0, leaving at = 847.0
   Vehicle #1 = -1, leaving at = inf
   Increment on distance indicator: 3.0
   Increment on tard indicator:     0.0
   Value of tmax indicator:         3.0

Task for patient = 89 with skills = {5,-1} and cost = 294.3
   Vehicle #0 = 36, leaving at = 509.0
   Vehicle #1 = -1, leaving at = inf
   Increment on distance indicator: 11.0
   Increment on tard indicator:     0.0
   Value of tmax indicator:         11.0

Task for patient = 20 with skills = {2,4} and cost = 296.3
   Vehicle #0 = 5, leaving at = 768.0
   Vehicle #1 = 28, leaving at = 768.0
   Increment on distance indicator: 6.0
   Increment on tard indicator:     0.0
   Value of tmax indicator:         6.0

Task for patient = 54 with skills = {5,-1} and cost = 301.3
   Vehicle #0 = 24, leaving at = 734.0
   Vehicle #1 = -1, leaving at = inf
   Increment on distance indicator: 15.0
   Increment on tard indicator:     0.0
   Value of tmax indicator:         15.0

Task for patient = 188 with skills = {5,-1} and cost = 301.7
   Vehicle #0 = 27, leaving at = 968.0
   Vehicle #1 = -1, leaving at = inf
   Increment on distance indicator: 1.0
   Increment on tard indicator:     0.0
   Value of tmax indicator:         1.0

Task for patient = 151 with skills = {2,-1} and cost = 272.7
   Vehicle #0 = 11, leaving at = 596.0
   Vehicle #1 = -1, leaving at = inf
   Increment on distance indicator: 9.0
   Increment on tard indicator:     0.0
   Value of tmax indicator:         9.0


Unused vehicle list: 14 16 17 18 19 37 38 39 (total = 8 out of 40)

---
Search finished.
Total of 1900 generations in 610.1 seconds.
Exchange elite runs: 23
Implicit path relinking runs: 10
Reset attempts: 1

Best solution found:
   Cost: 762.7
   Total travel time: 2288.0
   Total tardiness time: 0.0
   Largest tardiness: 0.0


762.7
