This host is: shiva
--- BRKGA-MP-IPR for HHCRSP ---
Instance: /home/alberto/work/hhcrsp-dataset-2021/dataset2/HHCRSP_25_5_100_1.6_R_RC.txt
Seed: 16

Reading data... Problem contains 25 patients  and 5 caregivers.

Summary of supply x demand for each service type:
Skill 0 has supply = 2 and demand = 4, ratio = 0.5
Skill 1 has supply = 2 and demand = 3, ratio = 0.666667
Skill 2 has supply = 1 and demand = 5, ratio = 0.2
Skill 3 has supply = 2 and demand = 8, ratio = 0.25
Skill 4 has supply = 1 and demand = 6, ratio = 0.166667
Skill 5 has supply = 2 and demand = 7, ratio = 0.285714

Reading parameters...
Inferred distance function by PR type: kendall-tau
Building BRKGA data and initializing...
Evolving 1900 generations...

  Gens  Rem    Local   ElDiv NoImpr             Best solution            Time  Op
                                       Cost     Dist    Tard    TMax 
*    0 1900   759.33  194.63      0   759.33   597.00  1338.0   343.0     0.1    
*    3 1897   649.67  116.24      0   649.67   598.00   964.0   171.0     0.2    
*    4 1896   577.67   92.61      0   577.67   591.00   742.0   251.0     0.3    
*    5 1895   528.00   82.20      0   528.00   623.00   568.0   189.0     0.3    
*    6 1894   460.00   76.30      0   460.00   565.00   410.0    93.0     0.4    
*    7 1893   356.00   70.61      0   356.00   565.00   410.0    93.0     0.4    
*    9 1891   304.00   59.41      0   304.00   554.00   292.0    66.0     0.5    
*   11 1889   289.33   49.16      0   289.33   555.00    57.0    57.0     0.6    
*   12 1888   223.00   48.09      0   223.00   555.00    57.0    57.0     0.7    
*   16 1884   209.00   30.03      0   209.00   568.00    36.0    10.0     0.9    
*   17 1883   204.67   25.92      0   204.67   568.00    36.0    10.0     0.9    
*   19 1881   192.33   18.94      0   192.33   516.00    36.0    18.0     1.0    
*   20 1880   190.00   16.52      0   190.00   518.00    22.0     6.0     1.1    
*   21 1879   182.00   15.16      0   182.00   518.00    22.0     6.0     1.1    
*   23 1877   180.00   14.53      0   180.00   524.00    10.0     6.0     1.2    

  Gens  Rem    Local   ElDiv NoImpr             Best solution            Time  Op
                                       Cost     Dist    Tard    TMax 
*   29 1871   178.67    7.80      0   178.67   520.00    10.0     6.0     1.5    
*   41 1859   177.33    1.02      0   177.33   514.00    12.0     6.0     2.1    
    50 1850   177.33    0.54      9   177.33   514.00    12.0     6.0     2.6    
    80 1820   177.33    0.16     40   177.33   514.00    12.0     6.0     4.1   X
   100 1800   177.33    0.00     59   177.33   514.00    12.0     6.0     5.1    
   120 1780      inf  239.92      0   177.33   514.00    12.0     6.0     6.2   R
   121 1779   845.33  203.32      0   177.33   514.00    12.0     6.0     6.2    
   150 1750   178.67    3.83      4   177.33   514.00    12.0     6.0     7.7    
   160 1740   177.67    0.47      2   177.33   514.00    12.0     6.0     8.2   X
Path relinking result: elite improvement.
   180 1720   177.67    0.08     22   177.33   514.00    12.0     6.0     9.2   P
   200 1700   177.67    0.08     41   177.33   514.00    12.0     6.0    10.2    
   238 1662      inf  226.23      0   177.33   514.00    12.0     6.0    12.2   R
   239 1661   898.33  181.07      0   177.33   514.00    12.0     6.0    12.2    
   240 1660   886.67  118.42      0   177.33   514.00    12.0     6.0    12.3   X
   250 1650   254.33   46.45      0   177.33   514.00    12.0     6.0    12.8    
   300 1600   177.33    0.63     25   177.33   514.00    12.0     6.0    15.3    

  Gens  Rem    Local   ElDiv NoImpr             Best solution            Time  Op
                                       Cost     Dist    Tard    TMax 
   320 1580   177.33    0.00     46   177.33   514.00    12.0     6.0    16.3   X
   350 1550   177.33    0.00     75   177.33   514.00    12.0     6.0    17.9    
   354 1546      inf  223.86      0   177.33   514.00    12.0     6.0    18.1   R
   355 1545   859.33  195.80      0   177.33   514.00    12.0     6.0    18.1    
Path relinking result: elite improvement.
   360 1540   380.00   98.16      0   177.33   514.00    12.0     6.0    18.4   P
   400 1500   177.33    0.35      6   177.33   514.00    12.0     6.0    20.4    
   400 1500   177.33    0.46      7   177.33   514.00    12.0     6.0    20.4   X
   450 1450   177.33    0.17     56   177.33   514.00    12.0     6.0    23.0    
   473 1427      inf  224.66      0   177.33   514.00    12.0     6.0    24.1   R
   474 1426   917.33  181.93      0   177.33   514.00    12.0     6.0    24.2    
   480 1420   393.00   71.43      0   177.33   514.00    12.0     6.0    24.5   X
   500 1400   180.00    8.38      1   177.33   514.00    12.0     6.0    25.5    
Path relinking result: elite improvement.
   540 1360   177.33    0.47     12   177.33   514.00    12.0     6.0    27.5   P
   550 1350   177.33    0.47     21   177.33   514.00    12.0     6.0    28.0    
   560 1340   177.33    0.47     32   177.33   514.00    12.0     6.0    28.6   X
   600 1300   177.33    0.00     71   177.33   514.00    12.0     6.0    30.6    

  Gens  Rem    Local   ElDiv NoImpr             Best solution            Time  Op
                                       Cost     Dist    Tard    TMax 
   608 1292      inf  214.32      0   177.33   514.00    12.0     6.0    31.0   R
   609 1291   915.33  172.64      0   177.33   514.00    12.0     6.0    31.1    
   640 1260   178.33    0.67      6   177.33   514.00    12.0     6.0    32.6   X
   650 1250   178.33    0.26     15   177.33   514.00    12.0     6.0    33.1    
   700 1200   178.33    0.00     65   177.33   514.00    12.0     6.0    35.7    
   714 1186      inf  242.88      0   177.33   514.00    12.0     6.0    36.4   R
   715 1185   685.33  207.73      0   177.33   514.00    12.0     6.0    36.5    
Path relinking result: elite improvement.
   720 1180   432.00   83.85      0   177.33   514.00    12.0     6.0    36.7  PX
   750 1150   177.33    0.52      3   177.33   514.00    12.0     6.0    38.2    
   800 1100   177.33    0.00     53   177.33   514.00    12.0     6.0    40.8    
   800 1100   177.33    0.00     54   177.33   514.00    12.0     6.0    40.8   X
   826 1074      inf  245.99      0   177.33   514.00    12.0     6.0    42.1   R
   827 1073   854.00  181.84      0   177.33   514.00    12.0     6.0    42.1    
   850 1050   183.67   12.19      0   177.33   514.00    12.0     6.0    43.3    
   880 1020   177.33    0.47      3   177.33   514.00    12.0     6.0    44.8   X
   900 1000   177.33    0.13     22   177.33   514.00    12.0     6.0    45.9    
Path relinking result: elite improvement.

  Gens  Rem    Local   ElDiv NoImpr             Best solution            Time  Op
                                       Cost     Dist    Tard    TMax 
   900 1000   177.33    0.13     23   177.33   514.00    12.0     6.0    45.9   P
   950  950   177.33    0.14     72   177.33   514.00    12.0     6.0    48.4    
   957  943      inf  250.16      0   177.33   514.00    12.0     6.0    48.8   R
   958  942   816.33  207.38      0   177.33   514.00    12.0     6.0    48.8    
   960  940   681.00   88.41      0   177.33   514.00    12.0     6.0    48.9   X
  1000  900   177.67    0.78      8   177.33   514.00    12.0     6.0    51.0    
  1040  860   177.67    0.31     49   177.33   514.00    12.0     6.0    53.0   X
  1050  850   177.67    0.00     58   177.33   514.00    12.0     6.0    53.5    
  1071  829      inf  214.33      0   177.33   514.00    12.0     6.0    54.6   R
  1072  828   808.33  187.68      0   177.33   514.00    12.0     6.0    54.6    
Path relinking result: elite improvement.
  1080  820   336.67   57.60      2   177.33   514.00    12.0     6.0    55.0   P
  1100  800   180.00    4.55      3   177.33   514.00    12.0     6.0    56.0    
  1120  780   177.33    0.29      6   177.33   514.00    12.0     6.0    57.1   X
  1150  750   177.33    0.35     35   177.33   514.00    12.0     6.0    58.6    
  1194  706      inf  239.32      0   177.33   514.00    12.0     6.0    60.8   R
  1195  705   827.67  193.98      0   177.33   514.00    12.0     6.0    60.9    

  Gens  Rem    Local   ElDiv NoImpr             Best solution            Time  Op
                                       Cost     Dist    Tard    TMax 
  1200  700   574.00   95.69      2   177.33   514.00    12.0     6.0    61.1    
  1200  700   381.33   75.32      0   177.33   514.00    12.0     6.0    61.1   X
  1250  650   177.33    0.57      8   177.33   514.00    12.0     6.0    63.7    
Path relinking result: elite improvement.
  1260  640   177.33    0.57     19   177.33   514.00    12.0     6.0    64.2   P
  1280  620   177.33    0.47     39   177.33   514.00    12.0     6.0    65.2   X
  1300  600   177.33    0.00     58   177.33   514.00    12.0     6.0    66.2    
  1321  579      inf  232.08      0   177.33   514.00    12.0     6.0    67.3   R
  1322  578   810.33  183.95      0   177.33   514.00    12.0     6.0    67.3    
  1350  550   180.00    3.09      4   177.33   514.00    12.0     6.0    68.8    
  1360  540   178.67    0.25     10   177.33   514.00    12.0     6.0    69.3   X
  1400  500   177.33    0.00     38   177.33   514.00    12.0     6.0    71.3    
Path relinking result: no improvement.
  1440  460   177.33    0.00     79   177.33   514.00    12.0     6.0    73.3  PX
  1441  459      inf  225.96      0   177.33   514.00    12.0     6.0    73.4   R
  1442  458   982.67  175.45      0   177.33   514.00    12.0     6.0    73.4    
  1450  450   280.67   68.07      1   177.33   514.00    12.0     6.0    73.9    
  1500  400   177.33    0.55     21   177.33   514.00    12.0     6.0    76.4    

  Gens  Rem    Local   ElDiv NoImpr             Best solution            Time  Op
                                       Cost     Dist    Tard    TMax 
  1520  380   177.33    0.00     42   177.33   514.00    12.0     6.0    77.4   X
  1550  350   177.33    0.00     71   177.33   514.00    12.0     6.0    78.9    
  1558  342      inf  201.32      0   177.33   514.00    12.0     6.0    79.3   R
  1559  341   886.67  169.18      0   177.33   514.00    12.0     6.0    79.4    
  1600  300   178.33    0.36      3   177.33   514.00    12.0     6.0    81.5    
  1600  300   178.33    0.22      4   177.33   514.00    12.0     6.0    81.5   X
Path relinking result: elite improvement.
  1620  280   178.33    0.24     24   177.33   514.00    12.0     6.0    82.5   P
  1650  250   177.33    0.48     10   177.33   514.00    12.0     6.0    84.0    
  1680  220   177.33    0.00     41   177.33   514.00    12.0     6.0    85.6   X
  1700  200   177.33    0.00     60   177.33   514.00    12.0     6.0    86.6    
  1719  181      inf  235.45      0   177.33   514.00    12.0     6.0    87.5   R
  1720  180   869.33  201.66      0   177.33   514.00    12.0     6.0    87.6    
  1750  150   179.67    7.98      3   177.33   514.00    12.0     6.0    89.1    
  1760  140   178.67    0.55      9   177.33   514.00    12.0     6.0    89.6   X
  1800  100   177.33    0.00     34   177.33   514.00    12.0     6.0    91.7    
Path relinking result: no improvement.
  1800  100   177.33    0.00     35   177.33   514.00    12.0     6.0    91.7   P

  Gens  Rem    Local   ElDiv NoImpr             Best solution            Time  Op
                                       Cost     Dist    Tard    TMax 
  1840   60   177.33    0.00     75   177.33   514.00    12.0     6.0    93.7   X
  1845   55      inf  243.60      0   177.33   514.00    12.0     6.0    94.0   R
  1846   54   899.00  175.37      0   177.33   514.00    12.0     6.0    94.0    
  1850   50   540.33  108.68      0   177.33   514.00    12.0     6.0    94.2    
  1900    0   177.33    0.20      2   177.33   514.00    12.0     6.0    96.7    
Evolutionary process finished.
Solution written to 'solution-28492.txt'.

Sorted sequence of worst to best tardiness value:
Task for patient = 5 with skills = {3,-1} and cost = 99.7
   Vehicle #0 = 3, leaving at = 870.0
   Vehicle #1 = -1, leaving at = inf
   Increment on distance indicator: 20.0
   Increment on tard indicator:     6.0
   Value of tmax indicator:         20.0

Task for patient = 15 with skills = {3,-1} and cost = 133.0
   Vehicle #0 = 3, leaving at = 915.0
   Vehicle #1 = -1, leaving at = inf
   Increment on distance indicator: 16.0
   Increment on tard indicator:     4.0
   Value of tmax indicator:         16.0

Task for patient = 22 with skills = {2,3} and cost = 157.7
   Vehicle #0 = 0, leaving at = 1069.0
   Vehicle #1 = 4, leaving at = 1076.0
   Increment on distance indicator: 18.0
   Increment on tard indicator:     2.0
   Value of tmax indicator:         18.0

Task for patient = 24 with skills = {0,-1} and cost = 151.0
   Vehicle #0 = 0, leaving at = 984.0
   Vehicle #1 = -1, leaving at = inf
   Increment on distance indicator: 38.0
   Increment on tard indicator:     0.0
   Value of tmax indicator:         38.0

Task for patient = 23 with skills = {1,3} and cost = 138.3
   Vehicle #0 = 1, leaving at = 1035.0
   Vehicle #1 = 4, leaving at = 1035.0
   Increment on distance indicator: 16.0
   Increment on tard indicator:     0.0
   Value of tmax indicator:         16.0

Task for patient = 19 with skills = {5,-1} and cost = 126.3
   Vehicle #0 = 2, leaving at = 1079.0
   Vehicle #1 = -1, leaving at = inf
   Increment on distance indicator: 7.0
   Increment on tard indicator:     0.0
   Value of tmax indicator:         7.0

Task for patient = 25 with skills = {1,-1} and cost = 124.0
   Vehicle #0 = 1, leaving at = 897.0
   Vehicle #1 = -1, leaving at = inf
   Increment on distance indicator: 3.0
   Increment on tard indicator:     0.0
   Value of tmax indicator:         3.0

Task for patient = 17 with skills = {4,-1} and cost = 123.0
   Vehicle #0 = 4, leaving at = 956.0
   Vehicle #1 = -1, leaving at = inf
   Increment on distance indicator: 28.0
   Increment on tard indicator:     0.0
   Value of tmax indicator:         28.0

Task for patient = 20 with skills = {2,4} and cost = 113.7
   Vehicle #0 = 0, leaving at = 906.0
   Vehicle #1 = 4, leaving at = 906.0
   Increment on distance indicator: 42.0
   Increment on tard indicator:     0.0
   Value of tmax indicator:         42.0

Task for patient = 14 with skills = {2,5} and cost = 89.0
   Vehicle #0 = 0, leaving at = 777.0
   Vehicle #1 = 2, leaving at = 767.0
   Increment on distance indicator: 16.0
   Increment on tard indicator:     0.0
   Value of tmax indicator:         16.0

Task for patient = 7 with skills = {3,-1} and cost = 83.7
   Vehicle #0 = 3, leaving at = 795.0
   Vehicle #1 = -1, leaving at = inf
   Increment on distance indicator: 37.0
   Increment on tard indicator:     0.0
   Value of tmax indicator:         37.0

Task for patient = 4 with skills = {5,-1} and cost = 160.3
   Vehicle #0 = 2, leaving at = 1130.0
   Vehicle #1 = -1, leaving at = inf
   Increment on distance indicator: 8.0
   Increment on tard indicator:     0.0
   Value of tmax indicator:         8.0

Task for patient = 10 with skills = {0,5} and cost = 61.3
   Vehicle #0 = 1, leaving at = 704.0
   Vehicle #1 = 2, leaving at = 719.0
   Increment on distance indicator: 12.0
   Increment on tard indicator:     0.0
   Value of tmax indicator:         12.0

Task for patient = 8 with skills = {0,-1} and cost = 57.3
   Vehicle #0 = 0, leaving at = 719.0
   Vehicle #1 = -1, leaving at = inf
   Increment on distance indicator: 5.0
   Increment on tard indicator:     0.0
   Value of tmax indicator:         5.0

Task for patient = 1 with skills = {2,-1} and cost = 55.7
   Vehicle #0 = 0, leaving at = 691.0
   Vehicle #1 = -1, leaving at = inf
   Increment on distance indicator: 5.0
   Increment on tard indicator:     0.0
   Value of tmax indicator:         5.0

Task for patient = 16 with skills = {2,5} and cost = 54.0
   Vehicle #0 = 0, leaving at = 649.0
   Vehicle #1 = 2, leaving at = 664.0
   Increment on distance indicator: 26.0
   Increment on tard indicator:     0.0
   Value of tmax indicator:         26.0

Task for patient = 9 with skills = {4,-1} and cost = 45.3
   Vehicle #0 = 4, leaving at = 747.0
   Vehicle #1 = -1, leaving at = inf
   Increment on distance indicator: 18.0
   Increment on tard indicator:     0.0
   Value of tmax indicator:         18.0

Task for patient = 6 with skills = {3,-1} and cost = 39.3
   Vehicle #0 = 3, leaving at = 736.0
   Vehicle #1 = -1, leaving at = inf
   Increment on distance indicator: 12.0
   Increment on tard indicator:     0.0
   Value of tmax indicator:         12.0

Task for patient = 12 with skills = {5,-1} and cost = 35.3
   Vehicle #0 = 2, leaving at = 621.0
   Vehicle #1 = -1, leaving at = inf
   Increment on distance indicator: 12.0
   Increment on tard indicator:     0.0
   Value of tmax indicator:         12.0

Task for patient = 13 with skills = {4,-1} and cost = 31.3
   Vehicle #0 = 4, leaving at = 671.0
   Vehicle #1 = -1, leaving at = inf
   Increment on distance indicator: 6.0
   Increment on tard indicator:     0.0
   Value of tmax indicator:         6.0

Task for patient = 3 with skills = {0,3} and cost = 29.3
   Vehicle #0 = 1, leaving at = 670.0
   Vehicle #1 = 3, leaving at = 670.0
   Increment on distance indicator: 20.0
   Increment on tard indicator:     0.0
   Value of tmax indicator:         20.0

Task for patient = 18 with skills = {3,-1} and cost = 22.7
   Vehicle #0 = 3, leaving at = 584.0
   Vehicle #1 = -1, leaving at = inf
   Increment on distance indicator: 14.0
   Increment on tard indicator:     0.0
   Value of tmax indicator:         14.0

Task for patient = 2 with skills = {5,-1} and cost = 18.0
   Vehicle #0 = 2, leaving at = 561.0
   Vehicle #1 = -1, leaving at = inf
   Increment on distance indicator: 26.0
   Increment on tard indicator:     0.0
   Value of tmax indicator:         26.0

Task for patient = 11 with skills = {1,4} and cost = 9.3
   Vehicle #0 = 0, leaving at = 545.0
   Vehicle #1 = 4, leaving at = 545.0
   Increment on distance indicator: 28.0
   Increment on tard indicator:     0.0
   Value of tmax indicator:         28.0

Task for patient = 21 with skills = {4,-1} and cost = 71.3
   Vehicle #0 = 4, leaving at = 836.0
   Vehicle #1 = -1, leaving at = inf
   Increment on distance indicator: 30.0
   Increment on tard indicator:     0.0
   Value of tmax indicator:         30.0


Unused vehicle list: (total = 0 out of 5)

---
Search finished.
Total of 1900 generations in 96.7 seconds.
Exchange elite runs: 23
Implicit path relinking runs: 10
Reset attempts: 15

Best solution found:
   Cost: 177.3
   Total travel time: 514.0
   Total tardiness time: 12.0
   Largest tardiness: 6.0


177.3
