Instance: /home/alberto/work/doct-ufrgs-thesis/mankowska2014/instances-HHCRSP/InstanzCPLEX_HCSRP_25_8.txt
Time limit: 7200
Working directory: ./run.6HTdSKSq


Generating model and initial solution...
#######################################
### Exact MIP solver for the HHCRSP ###
#######################################
-- Instance file: /home/alberto/work/doct-ufrgs-thesis/mankowska2014/instances-HHCRSP/InstanzCPLEX_HCSRP_25_8.txt
-- Max threads: 1
-- Time limit: 200 seconds
-- Use initial solution: No
Trivial flow violations prevented generating 1039 variables.
Fractional cycle elimination constraints enabled.
Model exported.
SKIP_OPT flag set. Exiting.


Invoking CPLEX...

Welcome to IBM(R) ILOG(R) CPLEX(R) Interactive Optimizer 20.1.0.0
  with Simplex, Mixed Integer & Barrier Optimizers
5725-A06 5725-A29 5724-Y48 5724-Y49 5724-Y54 5724-Y55 5655-Y21
Copyright IBM Corp. 1988, 2020.  All Rights Reserved.

Type 'help' for a list of available commands.
Type 'help' followed by a command name for more
information on commands.

CPLEX> New value for seed to initialize the random number generator: 1
CPLEX> New value for reduced memory emphasis: yes
CPLEX> New value for default parallel thread count: 1
CPLEX> New value for time limit in seconds: 7200
CPLEX> Problem './run.6HTdSKSq/model.lp' read.
Read time = 0.02 sec. (0.55 ticks)
CPLEX> Version identifier: 20.1.0.0 | 2020-11-10 | 9bedb6d68
CPXPARAM_Threads                                 1
CPXPARAM_Emphasis_Memory                         1
CPXPARAM_RandomSeed                              1
CPXPARAM_TimeLimit                               7200
Tried aggregator 1 time.
MIP Presolve eliminated 441 rows and 134 columns.
MIP Presolve modified 179 coefficients.
Reduced MIP has 2431 rows, 1228 columns, and 26098 nonzeros.
Reduced MIP has 1119 binaries, 0 generals, 0 SOSs, and 0 indicators.
Presolve time = 0.02 sec. (15.05 ticks)
Probing time = 0.00 sec. (3.39 ticks)
Cover probing fixed 0 vars, tightened 1 bounds.
Tried aggregator 1 time.
Detecting symmetries...
MIP Presolve eliminated 1 rows and 0 columns.
Reduced MIP has 2430 rows, 1228 columns, and 26096 nonzeros.
Reduced MIP has 1119 binaries, 0 generals, 0 SOSs, and 0 indicators.
Presolve time = 0.02 sec. (12.76 ticks)
Probing time = 0.00 sec. (3.48 ticks)
Clique table members: 3281.
MIP emphasis: balance optimality and feasibility.
MIP search method: dynamic search.
Parallel mode: none, using 1 thread.
Root relaxation solution time = 0.02 sec. (13.02 ticks)

        Nodes                                         Cuts/
   Node  Left     Objective  IInf  Best Integer    Best Bound    ItCnt     Gap

      0     0      221.3062   100                    221.3062      357         
      0     0      221.6062    99                    Cuts: 32      484         
      0     0      235.0066    91                    Cuts: 76      647         
      0     0      250.6325    75                    Cuts: 53      754         
      0     0      259.6044    82                    Cuts: 60      867         
      0     0      264.7723    85                    Cuts: 63      967         
      0     0      273.7977    80                    Cuts: 55     1080         
      0     0      279.4003    95                    Cuts: 50     1176         
      0     0      282.7506   124                    Cuts: 38     1242         
      0     0      286.7458   127                    Cuts: 41     1307         
      0     0      287.8812   137                    Cuts: 35     1357         
      0     0      288.3028   170                    Cuts: 22     1388         
      0     0      288.6775   141                    Cuts: 24     1423         
      0     0      289.7635   162                    Cuts: 22     1456         
      0     0      290.3406   171                    Cuts: 18     1517         
      0     0      290.9385   180                    Cuts: 21     1539         
      0     0      291.8129   170                    Cuts: 19     1582         
      0     0      291.8129   169                     Cuts: 5     1588         
      0     0      291.8747   171                     Cuts: 3     1596         
      0     0      291.8747   171                     Cuts: 6     1599         
*     0+    0                         6027.2978      291.8747            95.16%
*     0+    0                         3148.3079      291.8747            90.73%
*     0+    0                         2861.2907      291.8747            89.80%
      0     0  -1.00000e+75     0     2861.2907      291.8747     1599   89.80%
      0     2      291.8747   170     2861.2907      291.8831     1599   89.80%
Elapsed time = 2.28 sec. (1614.54 ticks, tree = 0.01 MB, solutions = 3)
     50    52      342.2310    55     2861.2907      292.0204     4109   89.79%
    154   133      350.0790    86     2861.2907      292.3448     6530   89.78%
    208   187      435.7004    64     2861.2907      292.3448     9082   89.78%
    285   254    infeasible           2861.2907      292.3448    11335   89.78%
    387   356      387.7185   127     2861.2907      292.8589    12930   89.76%
    495   462      766.3954    57     2861.2907      293.4612    15566   89.74%

Performing restart 1

Repeating presolve.
Tried aggregator 1 time.
MIP Presolve eliminated 12 rows and 0 columns.
MIP Presolve modified 20190 coefficients.
Reduced MIP has 2418 rows, 1228 columns, and 24248 nonzeros.
Reduced MIP has 1119 binaries, 0 generals, 0 SOSs, and 0 indicators.
Presolve time = 0.03 sec. (31.10 ticks)
Tried aggregator 1 time.
MIP Presolve modified 34 coefficients.
Reduced MIP has 2418 rows, 1228 columns, and 24248 nonzeros.
Reduced MIP has 1119 binaries, 0 generals, 0 SOSs, and 0 indicators.
Presolve time = 0.02 sec. (13.41 ticks)
Represolve time = 0.11 sec. (86.14 ticks)
    497     0      295.2116   196     2861.2907     Cuts: 110    16262   89.68%
    497     0      296.8935   164     2861.2907      Cuts: 73    16383   89.62%
    497     0      297.6216   189     2861.2907      Cuts: 63    16479   89.60%
    497     0      298.6300   203     2861.2907      Cuts: 70    16591   89.56%
    497     0      300.1647   195     2861.2907      Cuts: 41    16709   89.51%
    497     0      300.9180   201     2861.2907      Cuts: 53    16780   89.48%
    497     0      301.2352   196     2861.2907      Cuts: 62    16846   89.47%
    497     0      301.7959   208     2861.2907      Cuts: 46    16954   89.45%
    497     0      302.1846   218     2861.2907      Cuts: 49    17026   89.44%
    497     0      303.0348   223     2861.2907      Cuts: 33    17161   89.41%
    497     0      305.4202   192     2861.2907      Cuts: 70    17304   89.33%
    497     0      306.0765   182     2861.2907      Cuts: 72    17396   89.30%
    497     0      306.9993   175     2861.2907      Cuts: 60    17498   89.27%
    497     0      307.5038   193     2861.2907      Cuts: 71    17549   89.25%
    497     0      308.3202   166     2861.2907      Cuts: 33    17630   89.22%
    497     0      309.1981   191     2861.2907      Cuts: 47    17732   89.19%
    497     0      309.5760   144     2861.2907      Cuts: 46    17777   89.18%
    497     0      309.7325   147     2861.2907      Cuts: 32    17813   89.18%
    497     0      310.0113   145     2861.2907      Cuts: 18    17868   89.17%
    497     0      310.1106   154     2861.2907      Cuts: 18    17897   89.16%
    497     0      310.2948   157     2861.2907      Cuts: 15    17920   89.16%
    497     0      310.3898   155     2861.2907      Cuts: 10    17944   89.15%
    497     0      310.4556   152     2861.2907      Cuts: 14    17975   89.15%
    497     0      310.7010   151     2861.2907      Cuts: 11    18003   89.14%
    497     0      310.7035   139     2861.2907   MIRcuts: 10    18011   89.14%
    497     0      310.7035   141     2861.2907      Cuts: 56    18062   89.14%
    497     0      310.8845   128     2861.2907      Cuts: 19    18086   89.13%
    497     0      311.0961   136     2861.2907      Cuts: 39    18147   89.13%
    497     0      311.4802   130     2861.2907      Cuts: 40    18191   89.11%
    497     0      311.8074   130     2861.2907      Cuts: 39    18239   89.10%
    497     0      311.8459   126     2861.2907      Cuts: 18    18254   89.10%
    497     0      311.8899   124     2861.2907      Cuts: 50    18295   89.10%
*   497+    0                         2751.9725      311.8899            88.67%
    497     2      311.8899   124     2751.9725      311.8899    18295   88.67%
    499     4      311.9698   162     2751.9725      311.8899    18331   88.67%
    503     8      317.4936    78     2751.9725      311.8899    18664   88.67%
    513    18      321.3914   193     2751.9725      311.8899    20141   88.67%
Elapsed time = 12.48 sec. (8729.60 ticks, tree = 0.02 MB, solutions = 4)
    617   120      552.9230    50     2751.9725      311.8899    23691   88.67%
    779   280     2049.4755     8     2751.9725      311.8899    25984   88.67%
    956   453      824.3154    29     2751.9725      312.3535    29473   88.65%
   1177   663      411.7386    45     2751.9725      317.9399    33984   88.45%
   1428   914      451.5784    51     2751.9725      318.1484    38478   88.44%
   1791  1260     2160.8291    34     2751.9725      318.3857    43652   88.43%
   2093  1538      492.0797    62     2751.9725      320.2074    48654   88.36%
*  2342  1708      integral     0     1553.5596      320.3562    52930   79.38%
   2424  1788      467.2634    49     1553.5596      320.4181    54546   79.38%
   2754  2104      732.5595    32     1553.5596      320.4374    58960   79.37%
*  2887+ 2192                         1469.0583      320.8751            78.16%
*  2889  2181      integral     0     1432.1413      320.8751    60822   77.59%
*  2989+ 2279                         1423.7688      321.0716            77.45%
*  2989+ 2274                         1386.8518      321.0716            76.85%
   3025  2306      361.5317   143     1386.8518      321.2319    64623   76.84%
Elapsed time = 24.62 sec. (18369.80 ticks, tree = 2.38 MB, solutions = 9)
   3334  2591      324.5033   163     1386.8518      321.3785    70089   76.83%
*  3497+ 2667                         1297.0469      321.3785            75.22%
*  3497+ 2642                         1270.5398      321.3785            74.71%
   3670  2804      838.6647    44     1270.5398      321.4977    76079   74.70%
   4097  3213      566.8759    59     1270.5398      321.5570    83805   74.69%
   4497  3597      872.6917    27     1270.5398      321.6877    90854   74.68%
   4994  4076      761.5239    23     1270.5398      322.0762    98140   74.65%
   5408  4464     1049.0914    37     1270.5398      322.7714   106327   74.60%
   5810  4841      372.9649   109     1270.5398      323.2286   114182   74.56%
   6175  5192      899.9088    34     1270.5398      323.6991   122265   74.52%
   6511  5509      433.9187   156     1270.5398      324.3003   129082   74.48%
   6840  5813      324.6225   167     1270.5398      324.3602   136197   74.47%
Elapsed time = 36.90 sec. (28008.84 ticks, tree = 5.98 MB, solutions = 11)
   7201  6154      327.7840   134     1270.5398      324.4313   142235   74.47%
*  7497+ 6427                         1265.5357      324.5572            74.35%
   7537  6469      488.9301    49     1265.5357      324.5572   148765   74.35%
   7835  6753      470.3037    96     1265.5357      324.6821   155587   74.34%
   8060  6967      665.7471    39     1265.5357      324.7833   161907   74.34%
   8350  7241      399.7936    36     1265.5357      324.9210   168107   74.33%
   8566  7445      919.4826    72     1265.5357      325.2776   173965   74.30%
   8830  7688      332.3096   164     1265.5357      325.4916   180089   74.28%
   9161  8010      336.3680   101     1265.5357      325.6459   186703   74.27%
   9427  8259      526.5857    69     1265.5357      325.8603   193371   74.25%
*  9497+ 8295                         1249.9888      325.8603            73.93%
   9729  8521      544.5641    30     1249.9888      326.1259   199021   73.91%
Elapsed time = 49.43 sec. (37624.04 ticks, tree = 8.96 MB, solutions = 13)
   9966  8741      624.8712    44     1249.9888      326.1852   204458   73.90%
  10314  9067     1010.5794    45     1249.9888      326.3725   211939   73.89%
* 10437+ 8847                         1168.7223      326.3973            72.07%
* 10437+ 8725                         1123.4290      326.3973            70.95%
* 10437+ 8214                          993.8161      326.3973            67.16%
* 10437+ 7787                          925.9986      326.3973            64.75%
* 10437+ 6932                          776.4535      326.3973            57.96%
* 10437+ 6576                          737.5322      326.3973            55.74%
* 10437+ 6576                          737.2930      326.3973            55.73%
* 10437+ 6400                          715.9008      326.3973            54.41%
* 10437+ 6147                          696.2088      326.3973            53.12%
* 10437+ 3390                          487.1805      326.3973            33.00%
* 10437+ 3332                          484.2732      326.3973            32.60%
* 10437+ 3317                          482.7411      326.3973            32.39%
  10437  3316      482.7411     0      482.7411      326.3973   215150   32.39%
  10438  3317      420.6810   112      482.7411      326.4022   215628   32.39%
  10795  3658      430.1941    20      482.7411      326.4957   222549   32.37%
  11074  3895      464.9941    67      482.7411      326.7160   230272   32.32%
  11341  4118      363.0863   102      482.7411      326.7995   237213   32.30%
  11563  4319      337.0602   159      482.7411      326.8113   242464   32.30%
  11845  4574      460.0225    64      482.7411      327.0337   249138   32.25%
  12095  4801      390.0702    61      482.7411      327.3180   255864   32.20%
Elapsed time = 72.99 sec. (54708.43 ticks, tree = 5.22 MB, solutions = 25)
  12392  5063      436.0266    84      482.7411      327.4370   262412   32.17%
* 12497+ 3681                          434.5255      327.4515            24.64%
  12636  3791      332.1369   168      434.5255      327.5861   268801   24.61%
  12951  4026      399.5047    69      434.5255      327.7840   275423   24.57%
  13219  4254      366.3537    25      434.5255      327.7964   281305   24.56%
  13440  4430      374.9011   108      434.5255      328.0656   287703   24.50%
  13716  4681      389.7156    36      434.5255      328.1058   293995   24.49%
  14047  4977      388.1187    28      434.5255      328.2379   299798   24.46%
  14346  5220      332.5105   154      434.5255      328.2686   306586   24.45%
  14665  5506      342.4381    63      434.5255      328.3793   313068   24.43%
  14936  5747      333.6884   107      434.5255      328.4303   319011   24.42%
Elapsed time = 85.50 sec. (64337.35 ticks, tree = 6.13 MB, solutions = 26)
  15259  6048      393.8789    38      434.5255      328.4502   325742   24.41%
  15546  6285      346.1510    93      434.5255      328.5423   332018   24.39%
  15814  6516      377.7095    67      434.5255      328.5881   339440   24.38%
  16152  6803      421.8863    31      434.5255      328.6394   346376   24.37%
  16468  7081      376.5950   100      434.5255      328.7256   353699   24.35%
* 16497+ 6486                          422.7282      328.7256            22.24%
  16737  6692      392.6851    73      422.7282      328.8340   360880   22.21%
  17103  7029      335.7586   109      422.7282      328.8988   367220   22.20%
  17363  7248      409.5654    80      422.7282      328.9390   373670   22.19%
  17539  7389        cutoff            422.7282      328.9930   380480   22.17%
  17802  7595      338.1566   138      422.7282      329.0788   387163   22.15%
Elapsed time = 98.08 sec. (74028.00 ticks, tree = 7.92 MB, solutions = 27)
  18054  7814      352.3025   113      422.7282      329.1320   393831   22.14%
  18337  8059      334.2687   168      422.7282      329.2825   399835   22.11%
  18552  8242      349.7473    95      422.7282      329.3410   405500   22.09%
  18772  8422      333.3003   133      422.7282      329.3850   411644   22.08%
  18964  8566      346.9682   115      422.7282      329.3933   418823   22.08%
  19253  8803      347.7003   146      422.7282      329.4385   425072   22.07%
  19559  9081      341.8159   115      422.7282      329.5395   431882   22.04%
  19878  9371        cutoff            422.7282      329.5700   437709   22.04%
  20126  9559      420.5756    41      422.7282      329.6483   444890   22.02%
  20421  9811      377.0639    58      422.7282      329.7909   451588   21.99%
Elapsed time = 110.47 sec. (83600.70 ticks, tree = 10.06 MB, solutions = 27)
  20771 10101      333.5613   139      422.7282      329.8991   458107   21.96%
  21063 10354      421.6205    89      422.7282      330.0079   465039   21.93%
  21334 10588      378.5799   124      422.7282      330.0424   472527   21.93%
  21624 10837      395.6332    83      422.7282      330.0689   480178   21.92%
  21939 11104      383.9882    69      422.7282      330.1252   487058   21.91%
  22247 11364      396.5551    65      422.7282      330.2029   493975   21.89%
  22491 11566      338.1938   125      422.7282      330.2849   501420   21.87%
  22784 11825      387.2951    63      422.7282      330.3286   509648   21.86%
  23086 12097      342.5517   128      422.7282      330.3724   515381   21.85%
  23339 12285      337.4542   145      422.7282      330.4447   522582   21.83%
Elapsed time = 122.86 sec. (93214.85 ticks, tree = 12.49 MB, solutions = 27)
  23638 12542      412.8462   126      422.7282      330.5134   529827   21.81%
  23949 12795      339.2855   110      422.7282      330.6118   536410   21.79%
  24272 13083      345.1072   112      422.7282      330.6949   543438   21.77%
  24664 13433      388.0161    65      422.7282      330.7696   550267   21.75%
  24984 13705      343.3953    90      422.7282      330.8355   557211   21.74%
  25220 13902      415.8477    59      422.7282      330.8994   564205   21.72%
  25525 14150      334.0600    76      422.7282      330.9739   570674   21.71%
  25846 14439      333.7835   142      422.7282      331.0096   577209   21.70%
  26105 14645      354.3610   110      422.7282      331.0728   583862   21.68%
  27227 15620      343.7134    92      422.7282      331.4390   610109   21.60%
Elapsed time = 138.99 sec. (105686.56 ticks, tree = 15.76 MB, solutions = 27)
* 27497+13663                          406.5586      331.5005            18.46%
  28422 14476        cutoff            406.5586      331.6128   636797   18.43%
  29607 15448      343.9646   128      406.5586      331.9826   667373   18.34%
  30785 16460      335.1807   129      406.5586      332.2117   697323   18.29%
* 31497+16401                          402.8414      332.3531            17.50%
  31990 16817      373.6973    91      402.8414      332.4185   727676   17.48%
  33172 17770      341.0988   123      402.8414      332.5793   757140   17.44%
  34416 18827      339.5920   151      402.8414      332.7492   788313   17.40%
  35610 19799      374.8205    67      402.8414      332.8249   814905   17.38%
  36857 20909      349.0725   111      402.8414      332.9206   840433   17.36%
  38088 21956      335.1631   145      402.8414      333.0475   867245   17.33%
  39434 23158      361.7838    78      402.8414      333.1361   893105   17.30%
Elapsed time = 188.70 sec. (143936.39 ticks, tree = 23.80 MB, solutions = 29)
  40837 24298        cutoff            402.8414      333.2422   921990   17.28%
  42097 25367      356.1778    99      402.8414      333.3367   949535   17.25%
  43629 26736      341.2737   118      402.8414      333.4817   977360   17.22%
  44977 27836      347.8097   110      402.8414      333.6276  1006483   17.18%
* 45497+18554                          376.8319      333.6737            11.45%
  46201 19072      370.0676    75      376.8319      333.8078  1036849   11.42%
  47566 20151      349.1048    88      376.8319      333.9191  1065725   11.39%
  48699 21031      357.7692    55      376.8319      334.0293  1096030   11.36%
  49861 21958      351.6137    59      376.8319      334.1513  1124136   11.33%
  50914 22764      336.4964   121      376.8319      334.2781  1150978   11.29%
  52072 23693      348.0060   103      376.8319      334.4153  1177557   11.26%
Elapsed time = 237.39 sec. (182168.30 ticks, tree = 24.24 MB, solutions = 30)
  53310 24674        cutoff            376.8319      334.5372  1204682   11.22%
  54477 25527      347.3518    75      376.8319      334.6968  1234960   11.18%
* 55497+25566                          375.3956      334.7810            10.82%
  55631 25684      347.6485   107      375.3956      334.7862  1264831   10.82%
  56822 26567      365.2120    88      375.3956      334.9103  1293929   10.78%
  57892 27393      335.9265   141      375.3956      335.0133  1323351   10.76%
  58970 28167      341.2402   124      375.3956      335.1082  1352320   10.73%
  60135 29001      336.0727    97      375.3956      335.1929  1382624   10.71%
  61288 29826      366.7527    45      375.3956      335.2934  1412460   10.68%
  62369 30638      352.6908    59      375.3956      335.3799  1440687   10.66%
  63404 31403      343.4482    95      375.3956      335.4596  1466667   10.64%
Elapsed time = 286.01 sec. (220350.80 ticks, tree = 31.82 MB, solutions = 31)
  64481 32181      360.7649   124      375.3956      335.5347  1494265   10.62%
  65627 33005      362.4486   100      375.3956      335.6093  1519281   10.60%
  66862 33923      367.1866    62      375.3956      335.7103  1545859   10.57%
  67996 34782      342.0914   120      375.3956      335.7709  1572975   10.56%
  69182 35644      344.2941   110      375.3956      335.8513  1602561   10.53%
  70337 36496      345.9300    94      375.3956      335.9343  1632971   10.51%
  71587 37367      355.5069   129      375.3956      336.0147  1663197   10.49%
  72776 38246      346.5563    97      375.3956      336.0823  1692303   10.47%
  73913 39061      354.3752   103      375.3956      336.1446  1721471   10.46%
  75051 39831      343.2299    77      375.3956      336.2475  1751608   10.43%
Elapsed time = 335.16 sec. (258621.94 ticks, tree = 41.53 MB, solutions = 31)
  76290 40722      338.6452    99      375.3956      336.3225  1781731   10.41%
  77507 41619      339.5719   105      375.3956      336.3908  1812273   10.39%
  78677 42460      353.4759   110      375.3956      336.4593  1840664   10.37%
  79837 43292      372.1712    79      375.3956      336.5098  1868775   10.36%
  80917 44051        cutoff            375.3956      336.5808  1895785   10.34%
  82091 44862      345.7177   136      375.3956      336.6284  1923673   10.33%
  83197 45607      368.1546    57      375.3956      336.6936  1950611   10.31%
  84317 46402      363.4305   102      375.3956      336.7564  1979262   10.29%
  85367 47108      344.4383    93      375.3956      336.8001  2008713   10.28%
  86500 47882      363.6249    91      375.3956      336.8470  2038402   10.27%
Elapsed time = 384.26 sec. (296888.74 ticks, tree = 49.47 MB, solutions = 31)
  87641 48673      341.0981   120      375.3956      336.9086  2069031   10.25%
  88835 49541      357.4431    73      375.3956      336.9576  2099491   10.24%
  89934 50262      370.1872    90      375.3956      337.0250  2128840   10.22%
* 90497+43455                          369.9877      337.0582             8.90%
  91036 43810      359.6707    76      369.9877      337.0996  2158938    8.89%
  92155 44533        cutoff            369.9877      337.1661  2189833    8.87%
* 92497+33808                          362.9662      337.1875             7.10%
  93233 34235      360.0486    95      362.9662      337.2528  2219904    7.08%
  94189 34733      340.3543   153      362.9662      337.3480  2249145    7.06%
  95107 35270      360.0172    85      362.9662      337.4413  2278351    7.03%
  96103 35814      338.6579    85      362.9662      337.5226  2306926    7.01%
  97188 36430      354.7645    93      362.9662      337.5811  2335113    6.99%
Elapsed time = 433.53 sec. (335094.47 ticks, tree = 38.09 MB, solutions = 33)
  98272 37027      347.5337   130      362.9662      337.6594  2363894    6.97%
  99238 37544      346.9581    73      362.9662      337.7322  2393736    6.95%
 100341 38184      344.4514   117      362.9662      337.8170  2423138    6.93%
 101478 38868      353.9625    89      362.9662      337.8779  2454109    6.91%
 102446 39416      355.3543    59      362.9662      337.9634  2485638    6.89%
 103457 39976      360.1073   102      362.9662      338.0338  2516186    6.87%
 104606 40665      362.1428    75      362.9662      338.0935  2547772    6.85%
 105762 41357        cutoff            362.9662      338.1563  2577869    6.84%
 106887 42086      355.3174    98      362.9662      338.2049  2609444    6.82%
 107879 42594      344.5731   130      362.9662      338.2770  2639098    6.80%
Elapsed time = 482.76 sec. (373309.28 ticks, tree = 44.18 MB, solutions = 33)
 109003 43275      360.1509   105      362.9662      338.3470  2667008    6.78%
 110125 43955      347.5887   106      362.9662      338.3869  2696083    6.77%
 111225 44584      358.1471   102      362.9662      338.4457  2725663    6.76%
 112291 45109      360.3888    82      362.9662      338.5301  2752923    6.73%
 113352 45736      347.5090   112      362.9662      338.5863  2782426    6.72%
 114551 46449      347.4776   112      362.9662      338.6534  2811343    6.70%
 115676 47174      356.6699   122      362.9662      338.7107  2841450    6.68%
 116836 47864      342.3463    87      362.9662      338.7714  2871411    6.67%
 118024 48566      344.2676   118      362.9662      338.8465  2901926    6.65%
 119171 49221      352.0514   110      362.9662      338.9104  2931066    6.63%
Elapsed time = 531.55 sec. (411530.00 ticks, tree = 50.74 MB, solutions = 33)
 120253 49798      348.0824   104      362.9662      338.9727  2961211    6.61%
 121460 50477      359.1518   120      362.9662      339.0253  2993018    6.60%
 122656 51186        cutoff            362.9662      339.0861  3024082    6.58%
*123497+38366                          357.6837      339.1204             5.19%
 123912 38609      356.9328    73      357.6837      339.1403  3055458    5.18%
 125042 39208      339.2921   113      357.6837      339.1953  3084565    5.17%
 125982 39689      349.0423    72      357.6837      339.2530  3109523    5.15%
 127073 40298      356.9811    81      357.6837      339.3038  3138564    5.14%
 127998 40756      357.2000   129      357.6837      339.3692  3166558    5.12%
 129001 41293      357.1921   113      357.6837      339.4118  3193012    5.11%
 129883 41719      349.2743    89      357.6837      339.4561  3219833    5.10%
Elapsed time = 581.38 sec. (449755.59 ticks, tree = 43.34 MB, solutions = 34)
 130902 42206      341.6276   145      357.6837      339.5077  3248280    5.08%
 131885 42663      350.6746   128      357.6837      339.5688  3277531    5.06%
 132855 43129      355.0974   119      357.6837      339.6241  3308415    5.05%
 133939 43676      350.6753   139      357.6837      339.6749  3339037    5.03%
 134950 44106        cutoff            357.6837      339.7459  3369952    5.02%
 136006 44622      350.1874    70      357.6837      339.8106  3402059    5.00%
 137084 45156      346.7202    73      357.6837      339.8748  3432771    4.98%
 138254 45761      349.4772   120      357.6837      339.9279  3463850    4.96%
 139358 46271      353.5637   128      357.6837      339.9855  3495827    4.95%
 140424 46776      342.7480   132      357.6837      340.0521  3527194    4.93%
Elapsed time = 631.66 sec. (487962.48 ticks, tree = 48.37 MB, solutions = 34)
 141482 47286      343.8778   106      357.6837      340.1171  3559096    4.91%
 142600 47845      345.6310   100      357.6837      340.1741  3591300    4.90%
 143610 48326      345.1503    87      357.6837      340.2145  3621124    4.88%
 144748 48910      355.0504    55      357.6837      340.2595  3652001    4.87%
 145797 49389        cutoff            357.6837      340.3130  3683058    4.86%
 146753 49782        cutoff            357.6837      340.3639  3713525    4.84%
 147686 50106      344.4316   144      357.6837      340.4313  3745073    4.82%
 148777 50595      347.2847   128      357.6837      340.4913  3777308    4.81%
 149932 51135      347.7397    72      357.6837      340.5385  3809023    4.79%
 150922 51565      353.1544    64      357.6837      340.5818  3839777    4.78%
Elapsed time = 682.62 sec. (526158.00 ticks, tree = 53.16 MB, solutions = 34)
 152045 52040      350.9434   108      357.6837      340.6382  3871393    4.77%
 153144 52488        cutoff            357.6837      340.7007  3903288    4.75%
 154201 52967      355.0542    87      357.6837      340.7627  3936313    4.73%
 155399 53487      352.8857    79      357.6837      340.8275  3968774    4.71%
 156561 54012      345.1392   113      357.6837      340.8786  4000746    4.70%
 157704 54563      344.3591   136      357.6837      340.9326  4034606    4.68%
 158834 55035      356.3259    28      357.6837      340.9733  4066835    4.67%
 159908 55481      344.5269   111      357.6837      341.0270  4099187    4.66%
 161028 55986        cutoff            357.6837      341.0733  4131783    4.64%
 162122 56489      357.5613    83      357.6837      341.1249  4162489    4.63%
Elapsed time = 732.92 sec. (564346.11 ticks, tree = 58.09 MB, solutions = 34)
 163121 56929      355.4071   108      357.6837      341.1739  4194441    4.62%
 164189 57382      352.0961    93      357.6837      341.2256  4225680    4.60%
 165286 57891      354.9987   117      357.6837      341.2724  4256325    4.59%
 166258 58292      346.4712   133      357.6837      341.3188  4287963    4.58%
 167444 58869      349.7552    73      357.6837      341.3708  4318363    4.56%
 168537 59349      354.9602    66      357.6837      341.4237  4349160    4.55%
 169649 59770      355.3148    54      357.6837      341.4895  4380294    4.53%
 170696 60149      344.0606   135      357.6837      341.5516  4411198    4.51%
 171851 60668      346.0560   119      357.6837      341.5989  4444520    4.50%
 172961 61095      347.3161   128      357.6837      341.6638  4476715    4.48%
Elapsed time = 781.87 sec. (602534.51 ticks, tree = 62.71 MB, solutions = 34)
 174067 61530      352.7841   110      357.6837      341.7212  4509919    4.46%
 175235 62028      345.2369   118      357.6837      341.7754  4542364    4.45%
 176332 62457      346.5995   117      357.6837      341.8357  4573886    4.43%
 177409 62896        cutoff            357.6837      341.8734  4606057    4.42%
 178529 63352      352.5255   140      357.6837      341.9263  4638500    4.41%
 179688 63854      354.0398   123      357.6837      341.9762  4672026    4.39%
 180774 64303      350.5663   122      357.6837      342.0222  4703614    4.38%
 182010 64802        cutoff            357.6837      342.0846  4736556    4.36%
 183115 65236        cutoff            357.6837      342.1325  4766554    4.35%
 184256 65685      353.2133   129      357.6837      342.2059  4797854    4.33%
Elapsed time = 830.64 sec. (640761.13 ticks, tree = 70.14 MB, solutions = 34)
 185489 66209      356.4813   120      357.6837      342.2607  4827424    4.31%
 186632 66707      352.3572   121      357.6837      342.3114  4857805    4.30%
 187725 67110      346.5186   163      357.6837      342.3701  4889062    4.28%
 188770 67576      344.2334   128      357.6837      342.4101  4919730    4.27%
 189970 68053      354.5392    77      357.6837      342.4570  4951026    4.26%
 191152 68611      355.9392    55      357.6837      342.4993  4981457    4.25%
 192346 69057      357.5781    79      357.6837      342.5418  5014615    4.23%
 193478 69549      348.0716   112      357.6837      342.5759  5045827    4.22%
 194674 69995      347.1451   128      357.6837      342.6232  5078119    4.21%
 195797 70468        cutoff            357.6837      342.6732  5109049    4.20%
Elapsed time = 879.53 sec. (678989.56 ticks, tree = 74.93 MB, solutions = 34)
 196968 70945      342.8204   111      357.6837      342.7249  5140129    4.18%
 198200 71417      353.9860    80      357.6837      342.7679  5172297    4.17%
 199415 71920      357.5608    92      357.6837      342.8223  5203731    4.15%
 200560 72389      354.7892    87      357.6837      342.8613  5235011    4.14%
 201755 72890        cutoff            357.6837      342.9144  5266918    4.13%
 202970 73400      355.0840    96      357.6837      342.9628  5298800    4.12%
 204249 73930        cutoff            357.6837      343.0145  5330973    4.10%
 205368 74283      354.1333    97      357.6837      343.0702  5362399    4.09%
 206491 74757      351.5529    89      357.6837      343.1084  5392627    4.07%
 207571 75116      346.3912   102      357.6837      343.1582  5422946    4.06%
Elapsed time = 928.10 sec. (717192.50 ticks, tree = 79.59 MB, solutions = 34)
 208545 75436      353.4853   105      357.6837      343.1976  5452540    4.05%
 209635 75810      344.4996   101      357.6837      343.2432  5483109    4.04%
 210692 76175      348.1909   109      357.6837      343.2803  5513663    4.03%
 211788 76555        cutoff            357.6837      343.3233  5544937    4.01%
 212915 76996        cutoff            357.6837      343.3725  5574379    4.00%
 214094 77332      344.6222   144      357.6837      343.4205  5605646    3.99%
 215207 77778      348.0568    99      357.6837      343.4577  5636898    3.98%
 216363 78199      344.5866   121      357.6837      343.5028  5669247    3.96%
 217545 78637        cutoff            357.6837      343.5507  5702241    3.95%
 218605 78986      348.7525   118      357.6837      343.5930  5734054    3.94%
Elapsed time = 976.87 sec. (755388.32 ticks, tree = 83.50 MB, solutions = 34)
 219759 79440      357.1693   119      357.6837      343.6296  5765246    3.93%
 220929 79951      352.1005   104      357.6837      343.6696  5796906    3.92%
 222066 80370      351.6308   124      357.6837      343.7129  5826787    3.91%
 223242 80829      348.8331   110      357.6837      343.7520  5859014    3.89%
 224423 81290      351.9648   113      357.6837      343.7923  5890521    3.88%
 225531 81677        cutoff            357.6837      343.8319  5923601    3.87%
 226649 82114      354.5284    88      357.6837      343.8717  5954094    3.86%
 227731 82465      349.1186    97      357.6837      343.9169  5985321    3.85%
 228866 82849      351.8056    67      357.6837      343.9652  6016172    3.84%
 230046 83292        cutoff            357.6837      344.0153  6046991    3.82%
Elapsed time = 1025.55 sec. (793582.42 ticks, tree = 87.83 MB, solutions = 34)
 231186 83752      357.5512    58      357.6837      344.0480  6077905    3.81%
 232248 84115      356.5330    95      357.6837      344.0858  6108718    3.80%
 233410 84504      344.1285    94      357.6837      344.1281  6138091    3.79%
 234532 84931      353.8785   142      357.6837      344.1713  6167809    3.78%
 235625 85325      345.4079   131      357.6837      344.2080  6197211    3.77%
 236689 85696      353.9105    77      357.6837      344.2360  6227111    3.76%
 237810 86108      346.9794   124      357.6837      344.2666  6256754    3.75%
 238949 86469      353.3389   159      357.6837      344.3078  6287426    3.74%
 240095 86923        cutoff            357.6837      344.3440  6317727    3.73%
 241158 87276      346.3432   137      357.6837      344.3875  6349743    3.72%
Elapsed time = 1074.19 sec. (831798.42 ticks, tree = 91.83 MB, solutions = 34)
 242259 87710      357.0212   105      357.6837      344.4297  6381130    3.71%
 243466 88092      357.2846   100      357.6837      344.4701  6413080    3.69%
 244660 88597      353.2844   110      357.6837      344.5039  6444346    3.68%
 245947 89061      346.4029    95      357.6837      344.5476  6476338    3.67%
 247120 89508      351.0251   107      357.6837      344.5874  6508439    3.66%
 248321 89905      353.9416    66      357.6837      344.6322  6539716    3.65%
 249450 90272      351.7352   130      357.6837      344.6787  6571265    3.64%
 250597 90654      352.7755    80      357.6837      344.7179  6602937    3.62%
 251728 91043      356.9263   113      357.6837      344.7635  6634361    3.61%
 252884 91508      345.5936   107      357.6837      344.8020  6665553    3.60%
Elapsed time = 1122.96 sec. (870013.62 ticks, tree = 96.09 MB, solutions = 34)
 254213 92031      349.6643    88      357.6837      344.8418  6697504    3.59%
 255523 92565        cutoff            357.6837      344.8751  6727715    3.58%
 256662 92913      355.1144   108      357.6837      344.9130  6758392    3.57%
 257783 93308      353.1990   123      357.6837      344.9464  6788226    3.56%
 258901 93647        cutoff            357.6837      344.9846  6817526    3.55%
 259985 94022      348.5826    91      357.6837      345.0136  6846389    3.54%
 260984 94348      352.3522    85      357.6837      345.0464  6876400    3.53%
 262090 94746      345.2979    97      357.6837      345.0792  6907283    3.52%
 263166 95061      347.7906   110      357.6837      345.1230  6936260    3.51%
 264370 95556      348.8502   116      357.6837      345.1461  6966484    3.51%
Elapsed time = 1171.59 sec. (908213.65 ticks, tree = 100.17 MB, solutions = 34)
 265543 95995      354.3911   109      357.6837      345.1756  6997504    3.50%
 266643 96325      354.2054   103      357.6837      345.2095  7027234    3.49%
 267852 96754      348.2980   147      357.6837      345.2467  7057806    3.48%
 269048 97160      352.8377    91      357.6837      345.2821  7088342    3.47%
 270234 97580      357.5855    99      357.6837      345.3219  7118583    3.46%
 271399 97936      352.9295    70      357.6837      345.3553  7150411    3.45%
 272626 98381      355.5970   107      357.6837      345.3848  7180575    3.44%
 273755 98817      351.5496   135      357.6837      345.4172  7212645    3.43%
 274907 99212      351.2548    77      357.6837      345.4475  7243753    3.42%
 276161 99648      346.9088    72      357.6837      345.4904  7274389    3.41%
Elapsed time = 1220.03 sec. (946410.30 ticks, tree = 104.28 MB, solutions = 34)
 277358 100056        cutoff            357.6837      345.5210  7304508    3.40%
 278531 100510        cutoff            357.6837      345.5510  7334965    3.39%
 279764 100952      353.3274    75      357.6837      345.5850  7365391    3.38%
 280992 101386      355.8996    93      357.6837      345.6195  7395258    3.37%
 282163 101787      357.6430   110      357.6837      345.6523  7426215    3.36%
 283374 102203        cutoff            357.6837      345.6816  7456974    3.36%
 284651 102650        cutoff            357.6837      345.7152  7487437    3.35%
 285777 102970        cutoff            357.6837      345.7436  7517260    3.34%
 286899 103301      346.8132   168      357.6837      345.7780  7547440    3.33%
 288059 103603      356.2816   108      357.6837      345.8090  7578384    3.32%
Elapsed time = 1268.44 sec. (984629.82 ticks, tree = 108.27 MB, solutions = 34)
 289308 103987      349.7982    68      357.6837      345.8434  7607065    3.31%
 290523 104367      348.3246   115      357.6837      345.8808  7637191    3.30%
 291618 104656      355.0619   108      357.6837      345.9137  7666238    3.29%
 292860 104999      346.8504    73      357.6837      345.9455  7695541    3.28%
 293980 105309        cutoff            357.6837      345.9857  7724871    3.27%
 295197 105709        cutoff            357.6837      346.0138  7754198    3.26%
 296357 106036        cutoff            357.6837      346.0508  7785080    3.25%
 297511 106436      350.0814   148      357.6837      346.0782  7814432    3.24%
 298642 106696      354.9403    77      357.6837      346.1166  7845723    3.23%
 299777 106955      355.3966   106      357.6837      346.1502  7876557    3.22%
Elapsed time = 1316.82 sec. (1022793.11 ticks, tree = 111.65 MB, solutions = 34)
 300961 107273      351.3191    68      357.6837      346.1850  7907151    3.21%
 302195 107619      352.7705   117      357.6837      346.2223  7938565    3.20%
 303424 107965      347.4176   112      357.6837      346.2579  7969366    3.19%
 304715 108373        cutoff            357.6837      346.2906  8000206    3.19%
 305987 108770      352.8265   113      357.6837      346.3229  8031318    3.18%
 307247 109060      350.5027    77      357.6837      346.3570  8062326    3.17%
 308557 109528        cutoff            357.6837      346.3827  8091937    3.16%
 309863 109915        cutoff            357.6837      346.4131  8122990    3.15%
 311157 110300      356.7462   117      357.6837      346.4466  8154273    3.14%
 312421 110662      351.9679    94      357.6837      346.4762  8185472    3.13%
Elapsed time = 1365.29 sec. (1061013.18 ticks, tree = 115.37 MB, solutions = 34)
 313541 110886      348.3365    90      357.6837      346.5090  8216101    3.12%
 314640 111122      348.6792   103      357.6837      346.5443  8247177    3.11%
 315864 111460        cutoff            357.6837      346.5770  8278261    3.11%
 317015 111756        cutoff            357.6837      346.6092  8308170    3.10%
 318216 112101      350.4162    58      357.6837      346.6313  8336984    3.09%
 319346 112377      354.2178   134      357.6837      346.6574  8367244    3.08%
 320539 112743      352.5759   114      357.6837      346.6867  8397736    3.07%
 321682 113049      348.4176   107      357.6837      346.7136  8427682    3.07%
 322687 113227      355.3257    73      357.6837      346.7413  8454869    3.06%
 323870 113494      357.4041    94      357.6837      346.7730  8484602    3.05%
Elapsed time = 1413.55 sec. (1099208.89 ticks, tree = 118.24 MB, solutions = 34)
 324950 113746      348.3417   149      357.6837      346.7990  8513125    3.04%
 326113 114044        cutoff            357.6837      346.8284  8542243    3.03%
 327273 114346      355.0282    73      357.6837      346.8547  8572465    3.03%
 328427 114572      356.5861    47      357.6837      346.8837  8602217    3.02%
 329537 114806        cutoff            357.6837      346.9159  8630796    3.01%
 330889 115173      355.9933    96      357.6837      346.9506  8661541    3.00%
 332151 115396      356.4850    74      357.6837      346.9845  8691555    2.99%
 333253 115591      354.3804    73      357.6837      347.0182  8720971    2.98%
 334469 115908      352.5268   114      357.6837      347.0523  8751938    2.97%
 335710 116242      355.1170   123      357.6837      347.0822  8781477    2.96%
Elapsed time = 1461.89 sec. (1137391.47 ticks, tree = 121.03 MB, solutions = 34)
 336931 116507        cutoff            357.6837      347.1119  8811888    2.96%
 338107 116836      351.3331    92      357.6837      347.1378  8841723    2.95%
 339430 117183        cutoff            357.6837      347.1694  8872600    2.94%
 340628 117492      354.1825   109      357.6837      347.2031  8903106    2.93%
 341820 117775      347.7652    91      357.6837      347.2341  8931820    2.92%
 343108 118134      355.8696   115      357.6837      347.2597  8962360    2.91%
 344307 118419      354.7871    82      357.6837      347.2902  8993834    2.91%
 345593 118713        cutoff            357.6837      347.3179  9022887    2.90%
 346757 118935      347.3619    93      357.6837      347.3463  9053951    2.89%
 347970 119187        cutoff            357.6837      347.3757  9083045    2.88%
Elapsed time = 1510.17 sec. (1175580.33 ticks, tree = 124.02 MB, solutions = 34)
 349109 119338      347.4263    94      357.6837      347.4110  9112920    2.87%
 350367 119634      354.6487    67      357.6837      347.4394  9143026    2.86%
 351512 119860      352.6172   123      357.6837      347.4687  9172068    2.86%
 352669 120098      352.8916    94      357.6837      347.4941  9201391    2.85%
 353880 120399      351.2140    85      357.6837      347.5218  9231243    2.84%
 355087 120674      354.8502    69      357.6837      347.5481  9260495    2.83%
 356267 120897      353.7740   133      357.6837      347.5779  9290124    2.83%
 357276 121108      355.2555   125      357.6837      347.6024  9318489    2.82%
 358549 121490      348.2383    85      357.6837      347.6273  9347127    2.81%
 359732 121752      349.2426   148      357.6837      347.6501  9375654    2.81%
Elapsed time = 1558.49 sec. (1213767.18 ticks, tree = 126.64 MB, solutions = 34)
 360919 122004      350.8369   122      357.6837      347.6767  9404064    2.80%
 362123 122310      352.7112    96      357.6837      347.7044  9433801    2.79%
 363427 122696        cutoff            357.6837      347.7255  9462603    2.78%
 364737 123036      349.4985   120      357.6837      347.7517  9492723    2.78%
 365872 123192      356.1551    99      357.6837      347.7790  9522506    2.77%
 367117 123498        cutoff            357.6837      347.8059  9552671    2.76%
 368465 123875      353.0042   121      357.6837      347.8319  9583720    2.75%
 369626 124120      353.9171    80      357.6837      347.8551  9613256    2.75%
 370716 124238      350.7027    85      357.6837      347.8872  9644262    2.74%
 372074 124512      353.0473    56      357.6837      347.9151  9674545    2.73%
Elapsed time = 1606.71 sec. (1251970.10 ticks, tree = 129.47 MB, solutions = 34)
 373273 124802      352.0279   125      357.6837      347.9376  9704096    2.72%
 374537 125061      350.1559   106      357.6837      347.9650  9732545    2.72%
 375901 125341        cutoff            357.6837      347.9929  9763271    2.71%
 377169 125545      352.1521   101      357.6837      348.0254  9794494    2.70%
 378456 125919      353.7994   110      357.6837      348.0463  9824231    2.69%
 379728 126200        cutoff            357.6837      348.0729  9853880    2.69%
 380996 126451        cutoff            357.6837      348.0959  9885143    2.68%
 382214 126699      349.0232   109      357.6837      348.1222  9915224    2.67%
 383468 126936      351.1290    90      357.6837      348.1495  9945182    2.67%
 384662 127160      349.4703    90      357.6837      348.1740  9974711    2.66%
Elapsed time = 1654.85 sec. (1290142.32 ticks, tree = 132.17 MB, solutions = 34)
 385841 127364        cutoff            357.6837      348.1940 10002298    2.65%
 386969 127462      355.2870   104      357.6837      348.2229 10031135    2.65%
 388238 127731        cutoff            357.6837      348.2463 10059712    2.64%
 389440 127919      350.3344    81      357.6837      348.2728 10089031    2.63%
 390597 128100      357.0502   109      357.6837      348.2966 10117032    2.62%
 391742 128299      357.4118   126      357.6837      348.3227 10145546    2.62%
 393077 128578      348.7081    91      357.6837      348.3514 10173814    2.61%
 394395 128850      357.0592   130      357.6837      348.3776 10203761    2.60%
 395586 129015        cutoff            357.6837      348.4030 10233330    2.59%
 396789 129242        cutoff            357.6837      348.4286 10260205    2.59%
Elapsed time = 1702.94 sec. (1328372.51 ticks, tree = 134.31 MB, solutions = 34)
 397904 129311      351.3285    96      357.6837      348.4518 10289303    2.58%
 399219 129545        cutoff            357.6837      348.4765 10319044    2.57%
 400392 129700      351.0560    96      357.6837      348.4995 10348860    2.57%
 401669 129972      356.9846    76      357.6837      348.5219 10378566    2.56%
 402880 130092        cutoff            357.6837      348.5499 10407798    2.55%
 404087 130242        cutoff            357.6837      348.5744 10437816    2.55%
 405331 130510      357.0066   129      357.6837      348.5962 10466998    2.54%
 406497 130671      350.5190   113      357.6837      348.6222 10496126    2.53%
 407828 130938      351.8079    85      357.6837      348.6465 10525636    2.53%
 409087 131094        cutoff            357.6837      348.6701 10553972    2.52%
Elapsed time = 1751.11 sec. (1366551.24 ticks, tree = 139.21 MB, solutions = 34)
 410258 131270      348.8394   156      357.6837      348.6957 10584771    2.51%
 411546 131527      353.5006    89      357.6837      348.7178 10615014    2.51%
 412685 131736      349.1137    75      357.6837      348.7401 10644359    2.50%
 413827 131924      355.0747    94      357.6837      348.7591 10673649    2.50%
 414936 131970        cutoff            357.6837      348.7867 10701929    2.49%
 416266 132105        cutoff            357.6837      348.8150 10730325    2.48%
 417515 132304      353.4854   116      357.6837      348.8403 10759629    2.47%
 418870 132529        cutoff            357.6837      348.8641 10789898    2.47%
 420060 132687      354.2342   101      357.6837      348.8888 10819534    2.46%
 421266 132860      351.5279   103      357.6837      348.9140 10847563    2.45%
Elapsed time = 1799.47 sec. (1404737.51 ticks, tree = 141.03 MB, solutions = 34)
 422543 133041      355.0167   146      357.6837      348.9380 10875751    2.45%
 423721 133187        cutoff            357.6837      348.9633 10904165    2.44%
 424941 133156      357.1170   103      357.6837      348.9902 10932437    2.43%
 426249 133359      356.4847    53      357.6837      349.0127 10961081    2.42%
 427302 133453        cutoff            357.6837      349.0366 10989393    2.42%
 428426 133619      350.8176    85      357.6837      349.0565 11018847    2.41%
 429596 133685      355.3617    91      357.6837      349.0812 11047837    2.41%
 430786 133742      352.3665   129      357.6837      349.1050 11076573    2.40%
 431979 133811      351.3320    84      357.6837      349.1344 11104541    2.39%
 433134 133929        cutoff            357.6837      349.1582 11133286    2.38%
Elapsed time = 1847.83 sec. (1442904.70 ticks, tree = 142.16 MB, solutions = 34)
 434245 134001      349.5505    85      357.6837      349.1805 11161283    2.38%
 435513 134053      355.8557    89      357.6837      349.2124 11189672    2.37%
 436753 134226      360.4626    61      357.6837      349.2319 11218785    2.36%
 437911 134368        cutoff            357.6837      349.2529 11246831    2.36%
 439095 134527      355.5173   112      357.6837      349.2744 11275417    2.35%
 440262 134635        cutoff            357.6837      349.2950 11301990    2.35%
 441541 134846        cutoff            357.6837      349.3177 11331428    2.34%
 442771 134934        cutoff            357.6837      349.3443 11360829    2.33%
 443852 134973        cutoff            357.6837      349.3701 11390108    2.32%
 445180 135153        cutoff            357.6837      349.3955 11420322    2.32%
Elapsed time = 1896.02 sec. (1481076.76 ticks, tree = 143.46 MB, solutions = 34)
 446464 135318      356.4054   109      357.6837      349.4233 11449159    2.31%
 447615 135322      353.9455    86      357.6837      349.4516 11477196    2.30%
 448677 135304        cutoff            357.6837      349.4785 11504988    2.29%
 449933 135426        cutoff            357.6837      349.5040 11534407    2.29%
 451190 135632      355.8094    86      357.6837      349.5274 11563694    2.28%
 452413 135701        cutoff            357.6837      349.5506 11592278    2.27%
 453604 135818        cutoff            357.6837      349.5759 11621237    2.27%
 454805 135954      353.8844    84      357.6837      349.5997 11650747    2.26%
 455979 135966        cutoff            357.6837      349.6265 11678209    2.25%
 457249 136039        cutoff            357.6837      349.6523 11707510    2.25%
Elapsed time = 1944.31 sec. (1519249.37 ticks, tree = 144.41 MB, solutions = 34)
 458531 136096    infeasible            357.6837      349.6773 11736977    2.24%
 459691 136192      353.2067    79      357.6837      349.6981 11765770    2.23%
 460977 136272      350.3560   123      357.6837      349.7218 11793691    2.23%
 462186 136345      351.8613   101      357.6837      349.7477 11822659    2.22%
 463417 136496        cutoff            357.6837      349.7705 11850959    2.21%
 464636 136569      353.9211    99      357.6837      349.7972 11879217    2.20%
 465857 136689      350.3463    54      357.6837      349.8189 11907442    2.20%
 467100 136768      353.7759    90      357.6837      349.8444 11936285    2.19%
 468363 136895      354.9732   104      357.6837      349.8685 11963162    2.18%
 469600 136998        cutoff            357.6837      349.8929 11990787    2.18%
Elapsed time = 1992.51 sec. (1557425.44 ticks, tree = 145.44 MB, solutions = 34)
 470954 137261      354.2462   103      357.6837      349.9121 12018760    2.17%
 472143 137312      355.4116   105      357.6837      349.9350 12045783    2.17%
 473263 137297      355.4355    95      357.6837      349.9595 12072985    2.16%
 474466 137347      357.6541   127      357.6837      349.9822 12100034    2.15%
 475736 137508      356.3456   130      357.6837      350.0011 12127273    2.15%
 476981 137537      350.7462    93      357.6837      350.0247 12154456    2.14%
 478329 137655      357.6066    69      357.6837      350.0492 12182615    2.13%
 479541 137666      352.3283   131      357.6837      350.0724 12210091    2.13%
 480757 137746      350.1075   112      357.6837      350.0949 12238925    2.12%
 481989 137740      352.7116   113      357.6837      350.1225 12266822    2.11%
Elapsed time = 2040.46 sec. (1595615.56 ticks, tree = 146.25 MB, solutions = 34)
 483242 137761        cutoff            357.6837      350.1465 12294454    2.11%
 484487 137813        cutoff            357.6837      350.1696 12321307    2.10%
 485694 137860      356.5027    72      357.6837      350.1927 12349295    2.09%
 486888 137838      357.4323   107      357.6837      350.2166 12376422    2.09%
 488108 137887      353.1652   100      357.6837      350.2398 12403964    2.08%
 489423 138007        cutoff            357.6837      350.2606 12431941    2.08%
 490632 137973      354.2246   113      357.6837      350.2865 12459616    2.07%
 491839 137992        cutoff            357.6837      350.3122 12487655    2.06%
 493115 138070        cutoff            357.6837      350.3340 12515341    2.05%
 494306 138037      352.4635    39      357.6837      350.3568 12543373    2.05%
Elapsed time = 2088.44 sec. (1633796.92 ticks, tree = 146.61 MB, solutions = 34)
 495549 138155      353.6790   125      357.6837      350.3788 12571587    2.04%
 496678 138129        cutoff            357.6837      350.4008 12599729    2.04%
 497836 138165        cutoff            357.6837      350.4211 12627237    2.03%
 499126 138316        cutoff            357.6837      350.4406 12655338    2.02%
 500374 138352      351.7219    97      357.6837      350.4611 12684054    2.02%
 501653 138389      353.9713   129      357.6837      350.4830 12713002    2.01%
 502846 138458        cutoff            357.6837      350.5034 12742230    2.01%
 504016 138389      354.2028    75      357.6837      350.5295 12769332    2.00%
 505223 138393      350.5973    83      357.6837      350.5498 12796876    1.99%
 506483 138455      351.4001    44      357.6837      350.5713 12824099    1.99%
Elapsed time = 2136.59 sec. (1671970.86 ticks, tree = 147.09 MB, solutions = 34)
 507722 138390        cutoff            357.6837      350.5973 12852306    1.98%
 508789 138317        cutoff            357.6837      350.6192 12878720    1.98%
 509943 138282        cutoff            357.6837      350.6401 12905680    1.97%
 511035 138183      354.9849    78      357.6837      350.6635 12931877    1.96%
 512342 138354      356.6434    93      357.6837      350.6842 12960633    1.96%
 513578 138361      354.5688    61      357.6837      350.7095 12987597    1.95%
 514826 138400        cutoff            357.6837      350.7315 13015201    1.94%
 516083 138513      351.7325    90      357.6837      350.7493 13043372    1.94%
 517266 138490      351.8153   123      357.6837      350.7686 13069252    1.93%
 518538 138495      353.4207    84      357.6837      350.7913 13097130    1.93%
Elapsed time = 2184.65 sec. (1710147.35 ticks, tree = 147.19 MB, solutions = 34)
 519691 138455      355.3401    89      357.6837      350.8110 13124691    1.92%
 521008 138564      356.5176    59      357.6837      350.8296 13152697    1.92%
 522316 138556        cutoff            357.6837      350.8533 13181417    1.91%
 523533 138463      355.2067    49      357.6837      350.8802 13209033    1.90%
 524779 138415      353.2613   121      357.6837      350.9041 13236079    1.90%
 525868 138375        cutoff            357.6837      350.9221 13262511    1.89%
 527234 138403      351.3415   108      357.6837      350.9416 13289300    1.88%
 528555 138388      356.0526    31      357.6837      350.9649 13316451    1.88%
 529770 138316        cutoff            357.6837      350.9869 13342823    1.87%
 530820 138145        cutoff            357.6837      351.0080 13369287    1.87%
Elapsed time = 2232.60 sec. (1748312.11 ticks, tree = 146.91 MB, solutions = 34)
 532089 138178      354.6684    95      357.6837      351.0290 13398526    1.86%
 533322 138150      353.1478   101      357.6837      351.0514 13426850    1.85%
 534470 138082      353.7125    30      357.6837      351.0730 13453215    1.85%
 535754 138021      357.6505   111      357.6837      351.0937 13481536    1.84%
 536961 137936      354.2130    83      357.6837      351.1178 13507957    1.84%
 538249 137981      354.7329   145      357.6837      351.1403 13535921    1.83%
 539409 137897        cutoff            357.6837      351.1614 13563321    1.82%
 540487 137775      356.4307    87      357.6837      351.1832 13589952    1.82%
 541742 137731      354.3260   107      357.6837      351.2065 13617456    1.81%
 543077 137755      351.8972    50      357.6837      351.2309 13645262    1.80%
Elapsed time = 2280.76 sec. (1786495.24 ticks, tree = 146.58 MB, solutions = 34)
 544338 137726      356.6893    99      357.6837      351.2541 13671969    1.80%
 545502 137644        cutoff            357.6837      351.2754 13700338    1.79%
 546709 137555      356.4359    93      357.6837      351.2963 13726856    1.79%
 547946 137433        cutoff            357.6837      351.3207 13752349    1.78%
 549195 137379        cutoff            357.6837      351.3414 13778549    1.77%
 550430 137258        cutoff            357.6837      351.3639 13805516    1.77%
 551677 137199      354.9824    51      357.6837      351.3857 13832466    1.76%
 552902 137159        cutoff            357.6837      351.4062 13858899    1.76%
 554071 137027      357.4150    43      357.6837      351.4277 13886122    1.75%
 555281 136903      356.6292    77      357.6837      351.4502 13912617    1.74%
Elapsed time = 2328.90 sec. (1824680.81 ticks, tree = 145.80 MB, solutions = 34)
 556463 136800      352.0160    95      357.6837      351.4725 13938447    1.74%
 557724 136660        cutoff            357.6837      351.4943 13965135    1.73%
 558921 136514        cutoff            357.6837      351.5155 13991687    1.72%
 560171 136310        cutoff            357.6837      351.5400 14018562    1.72%
 561387 136262      363.7470   132      357.6837      351.5613 14044995    1.71%
 562646 136111      352.6800   121      357.6837      351.5826 14070984    1.71%
 563877 136044      357.6771   121      357.6837      351.6040 14097854    1.70%
 565079 135874      353.8990   122      357.6837      351.6264 14124976    1.69%
 566232 135636      355.3036    90      357.6837      351.6501 14151347    1.69%
 567438 135487      356.4333   110      357.6837      351.6717 14176347    1.68%
Elapsed time = 2376.99 sec. (1862867.82 ticks, tree = 144.45 MB, solutions = 34)
 568655 135216        cutoff            357.6837      351.6981 14202913    1.67%
 569954 134963        cutoff            357.6837      351.7234 14230066    1.67%
 571176 134851        cutoff            357.6837      351.7429 14256561    1.66%
 572416 134684      356.8758   143      357.6837      351.7647 14282274    1.65%
 573703 134555      357.1636   125      357.6837      351.7870 14309803    1.65%
 574886 134239        cutoff            357.6837      351.8145 14335411    1.64%
 576071 134057        cutoff            357.6837      351.8378 14361682    1.63%
 577359 133954      356.5777    92      357.6837      351.8596 14388135    1.63%
 578528 133748      353.5951    80      357.6837      351.8826 14414509    1.62%
 579753 133480        cutoff            357.6837      351.9097 14441380    1.61%
Elapsed time = 2425.10 sec. (1901037.30 ticks, tree = 142.50 MB, solutions = 34)
 580995 133380      356.0822    81      357.6837      351.9298 14467877    1.61%
 582307 133220        cutoff            357.6837      351.9539 14494590    1.60%
 583535 133101      356.7801    67      357.6837      351.9749 14520594    1.60%
 584681 132921      356.9034    98      357.6837      351.9972 14547168    1.59%
 585888 132706      357.3888    80      357.6837      352.0200 14573554    1.58%
 587193 132600      357.2384    91      357.6837      352.0404 14600012    1.58%
 588384 132383      356.7372    70      357.6837      352.0618 14627483    1.57%
 589554 132166      355.1116    76      357.6837      352.0851 14651839    1.57%
 590657 131910        cutoff            357.6837      352.1064 14678224    1.56%
 591867 131812      354.8462    80      357.6837      352.1250 14705112    1.55%
Elapsed time = 2473.12 sec. (1939216.56 ticks, tree = 140.90 MB, solutions = 34)
 593079 131623        cutoff            357.6837      352.1485 14731273    1.55%
 594269 131464        cutoff            357.6837      352.1697 14756374    1.54%
 595503 131296      356.2809   113      357.6837      352.1916 14782000    1.54%
 596749 131019        cutoff            357.6837      352.2151 14807654    1.53%
 597951 130740        cutoff            357.6837      352.2394 14832543    1.52%
 599082 130593      354.6747    87      357.6837      352.2588 14858698    1.52%
 600272 130423      357.0469    28      357.6837      352.2782 14884565    1.51%
 601370 130209      353.1316   137      357.6837      352.2982 14908694    1.51%
 602594 129985      357.0683    39      357.6837      352.3210 14934026    1.50%
 603819 129743      352.7325    73      357.6837      352.3444 14958921    1.49%
Elapsed time = 2521.17 sec. (1977388.64 ticks, tree = 138.89 MB, solutions = 34)
 605059 129597        cutoff            357.6837      352.3654 14983221    1.49%
 606214 129350        cutoff            357.6837      352.3885 15006876    1.48%
 607424 129004      355.0071   103      357.6837      352.4133 15031919    1.47%
 608627 128745        cutoff            357.6837      352.4365 15057337    1.47%
 609821 128405      357.2695    84      357.6837      352.4607 15082212    1.46%
 610974 128174      355.4169    78      357.6837      352.4813 15107261    1.45%
 612077 127942      356.9026    48      357.6837      352.5013 15133856    1.45%
 613159 127618        cutoff            357.6837      352.5226 15159710    1.44%
 614281 127282      354.1366    88      357.6837      352.5457 15186174    1.44%
 615381 126913      357.3574    91      357.6837      352.5711 15210352    1.43%
Elapsed time = 2569.27 sec. (2015565.05 ticks, tree = 136.11 MB, solutions = 34)
 616672 126682      354.2576   110      357.6837      352.5941 15236601    1.42%
 617851 126358        cutoff            357.6837      352.6169 15261901    1.42%
 619116 126036      357.2128    77      357.6837      352.6432 15288043    1.41%
 620319 125561        cutoff            357.6837      352.6698 15313461    1.40%
 621508 125236        cutoff            357.6837      352.6942 15339020    1.39%
 622781 124947      354.9397    89      357.6837      352.7165 15364406    1.39%
 623968 124617        cutoff            357.6837      352.7384 15390515    1.38%
 625191 124434        cutoff            357.6837      352.7596 15416310    1.38%
 626516 124086        cutoff            357.6837      352.7869 15441993    1.37%
 627778 123814      355.2050   106      357.6837      352.8099 15467621    1.36%
Elapsed time = 2617.30 sec. (2053732.09 ticks, tree = 133.07 MB, solutions = 34)
 628903 123449        cutoff            357.6837      352.8317 15492706    1.36%
 630182 123108        cutoff            357.6837      352.8548 15518844    1.35%
 631347 122719      355.2218    87      357.6837      352.8779 15544934    1.34%
 632475 122354        cutoff            357.6837      352.8994 15568979    1.34%
 633685 121960        cutoff            357.6837      352.9223 15593751    1.33%
 634981 121689        cutoff            357.6837      352.9450 15619047    1.32%
 636195 121334        cutoff            357.6837      352.9659 15644362    1.32%
 637425 120977        cutoff            357.6837      352.9901 15670303    1.31%
 638624 120580      355.6096   101      357.6837      353.0152 15695775    1.31%
 639859 120203        cutoff            357.6837      353.0397 15720469    1.30%
Elapsed time = 2665.37 sec. (2091895.35 ticks, tree = 129.51 MB, solutions = 34)
 641014 119802      356.3022    98      357.6837      353.0642 15745210    1.29%
 642211 119364      353.8442   102      357.6837      353.0904 15769828    1.28%
 643368 118927        cutoff            357.6837      353.1132 15793951    1.28%
 644178 118634      355.5457    76      357.6837      353.1297 15809777    1.27%
 645401 118258        cutoff            357.6837      353.1544 15833491    1.27%
 646554 117909      355.9959    95      357.6837      353.1764 15856704    1.26%
 647560 117431      354.6119    96      357.6837      353.2003 15878712    1.25%
 648680 117080        cutoff            357.6837      353.2224 15902459    1.25%
 649856 116655      353.2503    87      357.6837      353.2456 15926011    1.24%
 651054 116191      355.2281   108      357.6837      353.2688 15949934    1.23%
Elapsed time = 2711.85 sec. (2130078.20 ticks, tree = 125.54 MB, solutions = 34)
 652199 115760        cutoff            357.6837      353.2918 15973103    1.23%
 653277 115302      355.2478   126      357.6837      353.3140 15995970    1.22%
 654462 114799      357.0070    83      357.6837      353.3392 16019875    1.21%
 655610 114321        cutoff            357.6837      353.3646 16042221    1.21%
 656764 113940      353.5969    99      357.6837      353.3862 16064999    1.20%
 657949 113426      354.2230   129      357.6837      353.4130 16089092    1.19%
 659143 112823      355.1873    74      357.6837      353.4410 16111977    1.19%
 660422 112392      355.8528    53      357.6837      353.4659 16135776    1.18%
 661616 111918        cutoff            357.6837      353.4910 16159401    1.17%
 662781 111411      354.6255    30      357.6837      353.5175 16180377    1.16%
Elapsed time = 2759.83 sec. (2168255.91 ticks, tree = 120.80 MB, solutions = 34)
 663951 110917      354.9298    80      357.6837      353.5419 16203797    1.16%
 665115 110432      354.3722    65      357.6837      353.5662 16225514    1.15%
 666300 109917      355.1319   109      357.6837      353.5907 16247862    1.14%
 667506 109429      356.4121   135      357.6837      353.6165 16270988    1.14%
 668595 108878      354.8998   103      357.6837      353.6421 16293678    1.13%
 669816 108330        cutoff            357.6837      353.6665 16316814    1.12%
 670969 107751        cutoff            357.6837      353.6930 16338436    1.12%
 672139 107173        cutoff            357.6837      353.7198 16361895    1.11%
 673254 106617      355.2643   118      357.6837      353.7469 16384882    1.10%
 674398 105953      354.7404    24      357.6837      353.7739 16407070    1.09%
Elapsed time = 2807.95 sec. (2206446.00 ticks, tree = 115.38 MB, solutions = 34)
 675499 105351      357.2434    88      357.6837      353.7995 16428441    1.09%
 676671 104709      356.1077    83      357.6837      353.8262 16450661    1.08%
 677858 103971      354.4831    89      357.6837      353.8568 16473520    1.07%
 678938 103411        cutoff            357.6837      353.8802 16495366    1.06%
 680094 102722        cutoff            357.6837      353.9084 16518369    1.06%
 681215 102121      356.6952    98      357.6837      353.9334 16539303    1.05%
 682338 101533      356.1383    50      357.6837      353.9573 16560629    1.04%
 683523 101004        cutoff            357.6837      353.9822 16583605    1.03%
 684712 100320        cutoff            357.6837      354.0092 16605083    1.03%
 685794 99741        cutoff            357.6837      354.0330 16626544    1.02%
Elapsed time = 2856.10 sec. (2244613.87 ticks, tree = 109.18 MB, solutions = 34)
 686935 99048        cutoff            357.6837      354.0593 16647901    1.01%
 688055 98384        cutoff            357.6837      354.0878 16668152    1.01%
 689295 97800        cutoff            357.6837      354.1143 16690735    1.00%
 690443 97087      356.1781    47      357.6837      354.1426 16712634    0.99%
 691531 96381      356.2260    76      357.6837      354.1688 16733540    0.98%
 692742 95749        cutoff            357.6837      354.1961 16755269    0.98%
 693885 95047      357.4009    61      357.6837      354.2220 16776260    0.97%
 694981 94357        cutoff            357.6837      354.2474 16797037    0.96%
 696085 93710        cutoff            357.6837      354.2729 16819215    0.95%
 697198 92936        cutoff            357.6837      354.3002 16839426    0.95%
Elapsed time = 2904.25 sec. (2282779.70 ticks, tree = 102.39 MB, solutions = 34)
 698406 92185        cutoff            357.6837      354.3289 16859367    0.94%
 699498 91496        cutoff            357.6837      354.3561 16879801    0.93%
 700706 90789        cutoff            357.6837      354.3833 16901739    0.92%
 701937 90091        cutoff            357.6837      354.4121 16923064    0.91%
 703104 89356        cutoff            357.6837      354.4409 16943649    0.91%
 704244 88654        cutoff            357.6837      354.4701 16964822    0.90%
 705365 87858        cutoff            357.6837      354.4995 16985237    0.89%
 706490 87098      356.5785    91      357.6837      354.5261 17004960    0.88%
 707641 86268        cutoff            357.6837      354.5559 17026184    0.87%
 708789 85519        cutoff            357.6837      354.5838 17045224    0.87%
Elapsed time = 2952.40 sec. (2320937.62 ticks, tree = 94.96 MB, solutions = 34)
 709867 84845      356.6692    84      357.6837      354.6087 17065784    0.86%
 711038 83969        cutoff            357.6837      354.6387 17085156    0.85%
 712141 83271      355.3193   117      357.6837      354.6650 17104232    0.84%
 713313 82503        cutoff            357.6837      354.6942 17124429    0.84%
 714454 81702      355.8508   127      357.6837      354.7223 17144304    0.83%
 715633 80822        cutoff            357.6837      354.7531 17163993    0.82%
 716850 79911      357.3406    62      357.6837      354.7851 17183744    0.81%
 718086 79010        cutoff            357.6837      354.8168 17203270    0.80%
 719245 78159      356.8211    36      357.6837      354.8441 17222320    0.79%
 720441 77264        cutoff            357.6837      354.8756 17242308    0.79%
Elapsed time = 3000.53 sec. (2359120.57 ticks, tree = 86.67 MB, solutions = 34)
 721655 76368        cutoff            357.6837      354.9069 17263193    0.78%
 722952 75355      357.6221    56      357.6837      354.9411 17282406    0.77%
 724261 74342        cutoff            357.6837      354.9741 17301675    0.76%
 725552 73327        cutoff            357.6837      355.0102 17321784    0.75%
 726830 72322        cutoff            357.6837      355.0447 17343713    0.74%
 728096 71336        cutoff            357.6837      355.0771 17363885    0.73%
 729398 70335      355.6410    90      357.6837      355.1108 17383379    0.72%
 730651 69420      356.1596   101      357.6837      355.1442 17402816    0.71%
 731968 68403        cutoff            357.6837      355.1780 17420867    0.70%
 733333 67305        cutoff            357.6837      355.2171 17439718    0.69%
Elapsed time = 3048.63 sec. (2397311.32 ticks, tree = 76.66 MB, solutions = 34)
 734745 66118      357.1923    79      357.6837      355.2578 17458569    0.68%
 736056 65073      356.6612    16      357.6837      355.2933 17478328    0.67%
 737461 63879        cutoff            357.6837      355.3346 17497646    0.66%
 738878 62697      357.3769    62      357.6837      355.3743 17516991    0.65%
 740230 61621      357.0642    63      357.6837      355.4129 17536431    0.63%
 741609 60482        cutoff            357.6837      355.4500 17558378    0.62%
 743027 59303      355.8338    95      357.6837      355.4898 17577405    0.61%
 744440 58155        cutoff            357.6837      355.5281 17595824    0.60%
 745871 56930        cutoff            357.6837      355.5711 17614435    0.59%
 747370 55630      356.6983    34      357.6837      355.6130 17632698    0.58%
Elapsed time = 3096.61 sec. (2435491.58 ticks, tree = 64.89 MB, solutions = 34)
 748915 54296        cutoff            357.6837      355.6582 17650976    0.57%
 750417 52992        cutoff            357.6837      355.7003 17668669    0.55%
 751995 51602        cutoff            357.6837      355.7453 17685974    0.54%
 753561 50189        cutoff            357.6837      355.7918 17702549    0.53%
 755151 48751        cutoff            357.6837      355.8401 17719923    0.52%
 756828 47241        cutoff            357.6837      355.8937 17736304    0.50%
 758481 45740        cutoff            357.6837      355.9442 17752945    0.49%
 760147 44242        cutoff            357.6837      355.9940 17769095    0.47%
 761765 42807        cutoff            357.6837      356.0407 17785184    0.46%
 763517 41192        cutoff            357.6837      356.0952 17801081    0.44%
Elapsed time = 3144.01 sec. (2473657.58 ticks, tree = 50.30 MB, solutions = 34)
 765263 39565        cutoff            357.6837      356.1478 17816411    0.43%
 766966 38005        cutoff            357.6837      356.1994 17831799    0.41%
 768704 36379      357.5088   108      357.6837      356.2533 17846625    0.40%
 770516 34647      356.8190    80      357.6837      356.3117 17860932    0.38%
 772350 32908        cutoff            357.6837      356.3683 17875227    0.37%
 774169 31163        cutoff            357.6837      356.4300 17888892    0.35%
 776019 29401        cutoff            357.6837      356.4904 17902738    0.33%
 777901 27607        cutoff            357.6837      356.5541 17915241    0.32%
 779850 25718        cutoff            357.6837      356.6205 17926799    0.30%
 781848 23774        cutoff            357.6837      356.6922 17938776    0.28%
Elapsed time = 3190.80 sec. (2511815.96 ticks, tree = 32.65 MB, solutions = 34)
 783871 21795        cutoff            357.6837      356.7638 17949974    0.26%
 785936 19765    infeasible            357.6837      356.8375 17960718    0.24%
 787956 17786        cutoff            357.6837      356.9086 17970833    0.22%
 790055 15724        cutoff            357.6837      356.9901 17980660    0.19%
 792234 13571      357.6456    57      357.6837      357.0752 17989268    0.17%
 794391 11439        cutoff            357.6837      357.1611 17997408    0.15%
 796649  9213        cutoff            357.6837      357.2491 18004903    0.12%
 798945  6923        cutoff            357.6837      357.3488 18011420    0.09%
 801270  4606        cutoff            357.6837      357.4506 18017840    0.07%
 803648  2231        cutoff            357.6837      357.5646 18022840    0.03%
Elapsed time = 3236.90 sec. (2549974.14 ticks, tree = 10.77 MB, solutions = 34)

Cover cuts applied:  18
Implied bound cuts applied:  96
Flow cuts applied:  81
Mixed integer rounding cuts applied:  375
Zero-half cuts applied:  10
Lift and project cuts applied:  26
Gomory fractional cuts applied:  9

Root node processing (before b&c):
  Real time             =    2.28 sec. (1614.90 ticks)
Sequential b&c:
  Real time             = 3237.56 sec. (2552083.41 ticks)
                          ------------
Total (root+branch&cut) = 3239.84 sec. (2553698.31 ticks)

Solution pool: 34 solutions saved.

MIP - Integer optimal, tolerance (0.0001/1e-06):  Objective =  3.5768369787e+02
Current MIP best bound =  3.5764802012e+02 (gap = 0.0356777, 0.01%)
Solution time = 3239.84 sec.  Iterations = 18025612  Nodes = 805227 (656)
Deterministic time = 2553698.31 ticks  (788.22 ticks/sec)

CPLEX> Incumbent solution written to file './run.6HTdSKSq/final.sol'.
CPLEX> 