This host is: ifrit
--- BRKGA-MP-IPR for HHCRSP ---
Instance: /home/alberto/work/gecco2020-brkga/instances-HHCRSP/InstanzCPLEX_HCSRP_25_2.txt
Seed: 6

Reading data... Problem contains 25 patients  and 5 caregivers.

Summary of supply x demand for each service type:
Skill 0 has supply = 1 and demand = 6, ratio = 0.166667
Skill 1 has supply = 1 and demand = 4, ratio = 0.25
Skill 2 has supply = 1 and demand = 7, ratio = 0.142857
Skill 3 has supply = 3 and demand = 7, ratio = 0.428571
Skill 4 has supply = 2 and demand = 6, ratio = 0.333333
Skill 5 has supply = 3 and demand = 3, ratio = 1

Reading parameters...
Inferred distance function by PR type: kendall-tau
Building BRKGA data and initializing...
Evolving 1900 generations...

  Gens  Rem    Local   ElDiv NoImpr             Best solution            Time  Op
                                       Cost     Dist    Tard    TMax 
*    0 1900  1274.53  138.50      0  1274.53  1740.69  1835.4   247.4     0.0    
*    2 1898  1163.46  113.63      0  1163.46  1540.90  1330.8   386.0     0.1    
*    3 1897  1085.88  103.20      0  1085.88  1540.90  1330.8   386.0     0.1    
*    5 1895   963.09   79.00      0   963.09  1601.47   749.1   395.9     0.1    
*    6 1894   915.49   70.63      0   915.49  1643.97   747.2   329.2     0.1    
*    7 1893   906.79   66.27      0   906.79  1644.85   662.7   164.3     0.2    
*    8 1892   823.96   61.21      0   823.96  1587.62   538.7   200.1     0.2    
*    9 1891   775.48   55.40      0   775.48  1541.79   501.8    86.5     0.2    
*   10 1890   710.04   47.30      0   710.04  1655.67   257.2   116.6     0.2    
*   11 1889   676.49   43.05      0   676.49  1590.00   294.4    74.0     0.2    
*   12 1888   652.81   45.54      0   652.81  1449.16   131.3    86.3     0.2    
*   13 1887   555.60   40.78      0   555.60  1449.16   131.3    86.3     0.3    
*   19 1881   532.51   21.41      0   532.51  1488.72    74.2    34.6     0.4    
*   21 1879   508.58   16.62      0   508.58  1375.13    78.2    72.4     0.4    
*   25 1875   503.07    9.84      0   503.07  1449.80    33.9    25.5     0.5    

  Gens  Rem    Local   ElDiv NoImpr             Best solution            Time  Op
                                       Cost     Dist    Tard    TMax 
*   27 1873   500.44    9.63      0   500.44  1400.62    33.9    25.5     0.5    
*   28 1872   486.68    9.00      0   486.68  1294.55   107.6    53.4     0.5    
*   29 1871   485.18    7.86      0   485.18  1294.55   107.6    53.4     0.6    
    50 1850   485.18    0.15     21   485.18  1294.55   107.6    53.4     0.9    
   100 1800   485.18    0.15     71   485.18  1294.55   107.6    53.4     1.9    
   150 1750   485.18    0.15    121   485.18  1294.55   107.6    53.4     2.8    
   200 1700   485.18    0.15    171   485.18  1294.55   107.6    53.4     3.7    
   250 1650   485.18    0.15    221   485.18  1294.55   107.6    53.4     4.6    
   300 1600   485.18    0.15    271   485.18  1294.55   107.6    53.4     5.5    
   350 1550   485.18    0.15    321   485.18  1294.55   107.6    53.4     6.5    
   400 1500   485.18    0.15    371   485.18  1294.55   107.6    53.4     7.4    
   450 1450   485.18    0.15    421   485.18  1294.55   107.6    53.4     8.3    
   500 1400   485.18    0.15    471   485.18  1294.55   107.6    53.4     9.2    
   550 1350   485.18    0.15    521   485.18  1294.55   107.6    53.4    10.1    
   600 1300   485.18    0.15    571   485.18  1294.55   107.6    53.4    11.1    
   650 1250   485.18    0.15    621   485.18  1294.55   107.6    53.4    12.0    

  Gens  Rem    Local   ElDiv NoImpr             Best solution            Time  Op
                                       Cost     Dist    Tard    TMax 
   700 1200   485.18    0.15    671   485.18  1294.55   107.6    53.4    12.9    
   728 1172      inf  154.64      0   485.18  1294.55   107.6    53.4    13.4   R
   729 1171  1110.46  134.68      0   485.18  1294.55   107.6    53.4    13.4    
   750 1150   514.89   15.77      0   485.18  1294.55   107.6    53.4    13.8    
*  758 1142   484.98    8.10      0   484.98  1342.29    59.3    53.4    14.0    
*  762 1138   483.63    2.41      0   483.63  1338.24    59.3    53.4    14.0    
   800 1100   483.63    0.35     38   483.63  1338.24    59.3    53.4    14.7    
   850 1050   483.63    0.35     88   483.63  1338.24    59.3    53.4    15.7    
   900 1000   483.63    0.48    138   483.63  1338.24    59.3    53.4    16.6    
   950  950   483.63    0.55    188   483.63  1338.24    59.3    53.4    17.5    
  1000  900   483.63    0.55    238   483.63  1338.24    59.3    53.4    18.4    
  1050  850   483.63    0.65    288   483.63  1338.24    59.3    53.4    19.3    
  1100  800   483.63    0.00    338   483.63  1338.24    59.3    53.4    20.3    
  1150  750   483.63    0.00    388   483.63  1338.24    59.3    53.4    21.2    
  1200  700   483.63    0.00    438   483.63  1338.24    59.3    53.4    22.1    
  1250  650   483.63    0.00    488   483.63  1338.24    59.3    53.4    23.0    

  Gens  Rem    Local   ElDiv NoImpr             Best solution            Time  Op
                                       Cost     Dist    Tard    TMax 
  1300  600   483.63    0.00    538   483.63  1338.24    59.3    53.4    23.9    
  1350  550   483.63    0.00    588   483.63  1338.24    59.3    53.4    24.8    
  1400  500   483.63    0.00    638   483.63  1338.24    59.3    53.4    25.8    
  1450  450   483.63    0.00    688   483.63  1338.24    59.3    53.4    26.7    
  1461  439      inf  145.49      0   483.63  1338.24    59.3    53.4    26.9   R
  1462  438  1353.77  137.47      0   483.63  1338.24    59.3    53.4    26.9    
  1500  400   484.68    3.01      4   483.63  1338.24    59.3    53.4    27.6    
  1550  350   483.63    0.00     43   483.63  1338.24    59.3    53.4    28.5    
  1600  300   483.63    0.00     93   483.63  1338.24    59.3    53.4    29.4    
  1650  250   483.63    0.00    143   483.63  1338.24    59.3    53.4    30.4    
  1700  200   483.63    0.00    193   483.63  1338.24    59.3    53.4    31.3    
  1750  150   483.63    0.00    243   483.63  1338.24    59.3    53.4    32.2    
  1800  100   483.63    0.00    293   483.63  1338.24    59.3    53.4    33.1    
  1850   50   483.63    0.00    343   483.63  1338.24    59.3    53.4    34.0    
  1900    0   483.63    0.00    393   483.63  1338.24    59.3    53.4    34.9    
Evolutionary process finished.
Solution written to 'solution-9352.txt'.

Sorted sequence of worst to best tardiness value:
Task for patient = 7 with skills = {0,-1} and cost = 422.9
   Vehicle #0 = 0, leaving at = 550.4
   Vehicle #1 = -1, leaving at = inf
   Increment on distance indicator: 20.9
   Increment on tard indicator:     53.4
   Value of tmax indicator:         20.9

Task for patient = 23 with skills = {1,4} and cost = 306.7
   Vehicle #0 = 0, leaving at = 466.0
   Vehicle #1 = 2, leaving at = 495.9
   Increment on distance indicator: 41.1
   Increment on tard indicator:     5.9
   Value of tmax indicator:         41.1

Task for patient = 15 with skills = {2,-1} and cost = 382.3
   Vehicle #0 = 1, leaving at = 542.8
   Vehicle #1 = -1, leaving at = inf
   Increment on distance indicator: 44.4
   Increment on tard indicator:     0.0
   Value of tmax indicator:         44.4

Task for patient = 20 with skills = {3,5} and cost = 367.5
   Vehicle #0 = 3, leaving at = 528.0
   Vehicle #1 = 4, leaving at = 528.0
   Increment on distance indicator: 97.3
   Increment on tard indicator:     0.0
   Value of tmax indicator:         97.3

Task for patient = 12 with skills = {2,-1} and cost = 335.1
   Vehicle #0 = 1, leaving at = 487.4
   Vehicle #1 = -1, leaving at = inf
   Increment on distance indicator: 49.4
   Increment on tard indicator:     0.0
   Value of tmax indicator:         49.4

Task for patient = 6 with skills = {0,-1} and cost = 318.6
   Vehicle #0 = 0, leaving at = 518.5
   Vehicle #1 = -1, leaving at = inf
   Increment on distance indicator: 25.1
   Increment on tard indicator:     0.0
   Value of tmax indicator:         25.1

Task for patient = 24 with skills = {0,4} and cost = 310.2
   Vehicle #0 = 0, leaving at = 482.4
   Vehicle #1 = 2, leaving at = 533.4
   Increment on distance indicator: 10.8
   Increment on tard indicator:     0.0
   Value of tmax indicator:         10.8

Task for patient = 21 with skills = {3,4} and cost = 289.0
   Vehicle #0 = 4, leaving at = 460.8
   Vehicle #1 = 2, leaving at = 460.8
   Increment on distance indicator: 79.6
   Increment on tard indicator:     0.0
   Value of tmax indicator:         79.6

Task for patient = 16 with skills = {2,-1} and cost = 262.5
   Vehicle #0 = 1, leaving at = 427.0
   Vehicle #1 = -1, leaving at = inf
   Increment on distance indicator: 7.1
   Increment on tard indicator:     0.0
   Value of tmax indicator:         7.1

Task for patient = 18 with skills = {3,5} and cost = 260.1
   Vehicle #0 = 2, leaving at = 410.0
   Vehicle #1 = 4, leaving at = 410.0
   Increment on distance indicator: 65.3
   Increment on tard indicator:     0.0
   Value of tmax indicator:         65.3

Task for patient = 5 with skills = {3,-1} and cost = 238.4
   Vehicle #0 = 2, leaving at = 358.6
   Vehicle #1 = -1, leaving at = inf
   Increment on distance indicator: 46.6
   Increment on tard indicator:     0.0
   Value of tmax indicator:         46.6

Task for patient = 4 with skills = {1,-1} and cost = 222.8
   Vehicle #0 = 0, leaving at = 438.0
   Vehicle #1 = -1, leaving at = inf
   Increment on distance indicator: 46.8
   Increment on tard indicator:     0.0
   Value of tmax indicator:         46.8

Task for patient = 10 with skills = {0,-1} and cost = 174.6
   Vehicle #0 = 0, leaving at = 359.0
   Vehicle #1 = -1, leaving at = inf
   Increment on distance indicator: 35.7
   Increment on tard indicator:     0.0
   Value of tmax indicator:         35.7

Task for patient = 3 with skills = {2,-1} and cost = 162.7
   Vehicle #0 = 1, leaving at = 326.2
   Vehicle #1 = -1, leaving at = inf
   Increment on distance indicator: 31.6
   Increment on tard indicator:     0.0
   Value of tmax indicator:         31.6

Task for patient = 2 with skills = {0,-1} and cost = 152.2
   Vehicle #0 = 0, leaving at = 272.0
   Vehicle #1 = -1, leaving at = inf
   Increment on distance indicator: 63.0
   Increment on tard indicator:     0.0
   Value of tmax indicator:         63.0

Task for patient = 25 with skills = {2,4} and cost = 131.2
   Vehicle #0 = 1, leaving at = 283.7
   Vehicle #1 = 3, leaving at = 343.7
   Increment on distance indicator: 66.7
   Increment on tard indicator:     0.0
   Value of tmax indicator:         66.7

Task for patient = 17 with skills = {1,-1} and cost = 108.9
   Vehicle #0 = 0, leaving at = 198.0
   Vehicle #1 = -1, leaving at = inf
   Increment on distance indicator: 24.4
   Increment on tard indicator:     0.0
   Value of tmax indicator:         24.4

Task for patient = 22 with skills = {2,3} and cost = 100.8
   Vehicle #0 = 1, leaving at = 218.0
   Vehicle #1 = 2, leaving at = 242.0
   Increment on distance indicator: 91.2
   Increment on tard indicator:     0.0
   Value of tmax indicator:         91.2

Task for patient = 13 with skills = {4,-1} and cost = 70.4
   Vehicle #0 = 2, leaving at = 165.0
   Vehicle #1 = -1, leaving at = inf
   Increment on distance indicator: 8.6
   Increment on tard indicator:     0.0
   Value of tmax indicator:         8.6

Task for patient = 14 with skills = {0,-1} and cost = 67.6
   Vehicle #0 = 0, leaving at = 73.6
   Vehicle #1 = -1, leaving at = inf
   Increment on distance indicator: 25.5
   Increment on tard indicator:     0.0
   Value of tmax indicator:         25.5

Task for patient = 8 with skills = {3,-1} and cost = 59.1
   Vehicle #0 = 2, leaving at = 82.1
   Vehicle #1 = -1, leaving at = inf
   Increment on distance indicator: 27.3
   Increment on tard indicator:     0.0
   Value of tmax indicator:         27.3

Task for patient = 1 with skills = {4,-1} and cost = 50.0
   Vehicle #0 = 2, leaving at = 43.8
   Vehicle #1 = -1, leaving at = inf
   Increment on distance indicator: 32.8
   Increment on tard indicator:     0.0
   Value of tmax indicator:         32.8

Task for patient = 11 with skills = {2,-1} and cost = 39.0
   Vehicle #0 = 1, leaving at = 102.0
   Vehicle #1 = -1, leaving at = inf
   Increment on distance indicator: 91.0
   Increment on tard indicator:     0.0
   Value of tmax indicator:         91.0

Task for patient = 9 with skills = {1,-1} and cost = 8.7
   Vehicle #0 = 0, leaving at = 37.1
   Vehicle #1 = -1, leaving at = inf
   Increment on distance indicator: 26.1
   Increment on tard indicator:     0.0
   Value of tmax indicator:         26.1

Task for patient = 19 with skills = {3,5} and cost = 207.2
   Vehicle #0 = 2, leaving at = 301.0
   Vehicle #1 = 4, leaving at = 301.0
   Increment on distance indicator: 97.9
   Increment on tard indicator:     0.0
   Value of tmax indicator:         97.9


Unused vehicle list: (total = 0 out of 5)

---
Search finished.
Total of 1900 generations in 34.9 seconds.
Exchange elite runs: 0
Implicit path relinking runs: 0
Reset attempts: 2

Best solution found:
   Cost: 483.6
   Total travel time: 1338.2
   Total tardiness time: 59.3
   Largest tardiness: 53.4


483.6
