This host is: ifrit
--- BRKGA-MP-IPR for HHCRSP ---
Instance: /home/alberto/work/gecco2020-brkga/instances-HHCRSP/InstanzVNS_HCSRP_200_3.txt
Seed: 4

Reading data... Problem contains 200 patients  and 30 caregivers.

Summary of supply x demand for each service type:
Skill 0 has supply = 7 and demand = 27, ratio = 0.259259
Skill 1 has supply = 5 and demand = 37, ratio = 0.135135
Skill 2 has supply = 6 and demand = 37, ratio = 0.162162
Skill 3 has supply = 16 and demand = 52, ratio = 0.307692
Skill 4 has supply = 15 and demand = 51, ratio = 0.294118
Skill 5 has supply = 17 and demand = 56, ratio = 0.303571

Reading parameters...
Inferred distance function by PR type: kendall-tau
Building BRKGA data and initializing...
Evolving 1900 generations...

  Gens  Rem    Local   ElDiv NoImpr             Best solution            Time  Op
                                       Cost     Dist    Tard    TMax 
*    0 1900  9169.53  360.88      0  9169.53  6150.70 20908.5   449.4     0.1    
*    2 1898  9002.14  344.15      0  9002.14  6365.81 16915.7   463.1     0.3    
*    3 1897  7914.89  361.18      0  7914.89  6578.24 16501.2   385.2     0.4    
*    4 1896  7821.52  377.52      0  7821.52  6573.27 14609.3   415.7     0.5    
*    5 1895  7199.44  325.20      0  7199.44  6075.05 14124.7   395.4     0.6    
*    6 1894  6865.07  369.19      0  6865.07  6325.44 11908.7   453.8     0.6    
*    7 1893  6229.31  345.47      0  6229.31  6325.44 11908.7   453.8     0.7    
*    9 1891  6228.82  284.53      0  6228.82  6584.63 10220.1   403.4     0.9    
*   10 1890  5736.06  226.05      0  5736.06  6171.96 10132.6   462.8     1.0    
*   11 1889  5589.11  228.91      0  5589.11  5956.28  9815.9   458.7     1.1    
*   12 1888  5410.29  225.95      0  5410.29  6121.98  8856.6   361.1     1.2    
*   13 1887  5113.22  238.56      0  5113.22  6644.09  7414.5   357.4     1.3    
*   14 1886  4805.33  232.11      0  4805.33  6232.04  7744.7   338.4     1.4    
*   15 1885  4771.71  218.67      0  4771.71  6140.91  6733.0   441.9     1.5    
*   16 1884  4438.59  187.23      0  4438.59  6228.10  6073.3   332.9     1.6    

  Gens  Rem    Local   ElDiv NoImpr             Best solution            Time  Op
                                       Cost     Dist    Tard    TMax 
*   17 1883  4211.44  194.62      0  4211.44  6170.28  5492.0   280.7     1.7    
*   18 1882  3980.99  187.11      0  3980.99  6055.42  5520.5   248.2     1.7    
*   19 1881  3941.38  179.44      0  3941.38  5888.12  4945.8   448.1     1.8    
*   20 1880  3760.67  191.27      0  3760.67  5916.59  4661.4   348.3     1.9    
*   21 1879  3642.09  168.70      0  3642.09  6251.53  3935.4   297.8     2.0    
*   22 1878  3494.93  167.80      0  3494.93  6271.98  3570.5   283.5     2.1    
*   23 1877  3375.34  134.48      0  3375.34  6271.98  3570.5   283.5     2.2    
*   25 1875  3084.71  105.15      0  3084.71  5936.25  2635.6   279.0     2.4    
*   26 1874  2950.28  106.85      0  2950.28  5936.25  2635.6   279.0     2.5    
*   28 1872  2887.44  118.49      0  2887.44  5978.62  1530.8   244.9     2.7    
*   29 1871  2584.80  109.53      0  2584.80  5978.62  1530.8   244.9     2.8    
*   31 1869  2530.86  101.96      0  2530.86  5972.92  1458.4   161.3     2.9    
*   33 1867  2406.63   86.50      0  2406.63  5863.47  1160.8   170.8     3.1    
*   34 1866  2398.35   88.91      0  2398.35  5702.07   945.4   159.4     3.2    
*   35 1865  2268.93   85.79      0  2268.93  5702.07   945.4   159.4     3.3    
*   37 1863  2254.26   78.73      0  2254.26  5504.53   683.3   109.7     3.5    

  Gens  Rem    Local   ElDiv NoImpr             Best solution            Time  Op
                                       Cost     Dist    Tard    TMax 
*   38 1862  2099.16   70.79      0  2099.16  5504.53   683.3   109.7     3.6    
*   40 1860  2071.88   71.74      0  2071.88  5307.22   759.2   102.8     3.8    
*   41 1859  2056.40   70.38      0  2056.40  5338.88   640.7   137.7     3.9    
*   42 1858  2039.07   60.93      0  2039.07  5338.88   640.7   137.7     4.0    
*   45 1855  2011.48   37.77      0  2011.48  5513.69   439.4    81.3     4.2    
*   47 1853  1964.21   37.23      0  1964.21  5318.22   267.8    73.0     4.4    
*   48 1852  1886.35   33.55      0  1886.35  5318.22   267.8    73.0     4.5    
    50 1850  1886.35   39.84      2  1886.35  5318.22   267.8    73.0     4.7    
*   51 1849  1841.22   38.76      0  1841.22  5298.78   181.8    43.1     4.8    
*   56 1844  1820.76   27.87      0  1820.76  5170.68   254.4    37.2     5.3    
*   58 1842  1818.90   30.58      0  1818.90  5034.86   178.4    29.3     5.4    
*   59 1841  1747.50   27.53      0  1747.50  5034.86   178.4    29.3     5.5    
*   62 1838  1737.89   29.38      0  1737.89  5166.78    38.9     8.0     5.8    
*   67 1833  1722.13   31.61      0  1722.13  5008.81    75.2    31.8     6.3    
*   68 1832  1705.28   30.42      0  1705.28  5008.81    75.2    31.8     6.4    
*   75 1825  1695.75   26.49      0  1695.75  4989.96    72.8    12.9     7.0    

  Gens  Rem    Local   ElDiv NoImpr             Best solution            Time  Op
                                       Cost     Dist    Tard    TMax 
*   76 1824  1691.88   24.22      0  1691.88  4989.96    72.8    12.9     7.1    
*   86 1814  1687.91   15.57      0  1687.91  4943.75    86.6    33.4     8.0    
*   92 1808  1686.77   12.92      0  1686.77  4867.66   150.5    16.0     8.6    
*   93 1807  1678.07   14.71      0  1678.07  4807.70   112.5    16.4     8.7    
*   94 1806  1645.54   13.99      0  1645.54  4807.70   112.5    16.4     8.8    
*   98 1802  1643.72   13.85      0  1643.72  4848.08    62.4    20.7     9.1    
   100 1800  1643.72   13.55      2  1643.72  4848.08    62.4    20.7     9.3    
*  106 1794  1635.99   16.81      0  1635.99  4750.57    44.6    11.0     9.9    
*  107 1793  1602.05   16.48      0  1602.05  4750.57    44.6    11.0    10.0    
*  117 1783  1592.14   15.52      0  1592.14  4740.93    23.2    12.3    10.9    
*  121 1779  1590.30   14.87      0  1590.30  4691.23    57.2    22.5    11.3    
*  124 1776  1584.67   14.90      0  1584.67  4687.63    55.2    11.1    11.5    
*  130 1770  1580.45   13.43      0  1580.45  4619.44    98.6    23.4    12.1    
*  134 1766  1571.63   13.10      0  1571.63  4661.99    40.4    11.0    12.5    
*  135 1765  1571.13   13.84      0  1571.13  4570.28    62.0    21.6    12.6    
*  136 1764  1551.27   15.91      0  1551.27  4509.57    69.8    24.7    12.6    

  Gens  Rem    Local   ElDiv NoImpr             Best solution            Time  Op
                                       Cost     Dist    Tard    TMax 
*  137 1763  1534.70   15.95      0  1534.70  4509.57    69.8    24.7    12.7    
*  141 1759  1524.95   17.32      0  1524.95  4524.90    39.3    10.6    13.1    
   150 1750  1524.95   14.30      9  1524.95  4524.90    39.3    10.6    13.9    
*  159 1741  1509.63   13.90      0  1509.63  4472.92    45.7    10.3    14.8    
*  165 1735  1507.05   13.68      0  1507.05  4467.02    44.3     9.9    15.3    
*  175 1725  1506.93   11.11      0  1506.93  4458.21    47.9    14.7    16.2    
*  185 1715  1505.08    8.87      0  1505.08  4445.32    36.9     7.9    17.2    
*  186 1714  1496.70    9.03      0  1496.70  4445.32    36.9     7.9    17.3    
*  188 1712  1492.95    8.91      0  1492.95  4414.86    51.4    12.6    17.4    
*  191 1709  1485.77   10.29      0  1485.77  4400.35    42.3    14.7    17.7    
*  196 1704  1433.02   12.09      0  1433.02  4287.57     6.6     4.8    18.2    
   200 1700  1433.02   12.20      4  1433.02  4287.57     6.6     4.8    18.5    
*  235 1665  1422.51    9.75      0  1422.51  4254.64     8.1     4.8    21.8    
*  242 1658  1416.82   10.63      0  1416.82  4225.11    19.3     6.1    22.4    
*  244 1656  1411.52   10.14      0  1411.52  4209.06    18.0     7.5    22.6    
*  248 1652  1407.07    8.80      0  1407.07  4173.93    24.5    10.9    23.0    

  Gens  Rem    Local   ElDiv NoImpr             Best solution            Time  Op
                                       Cost     Dist    Tard    TMax 
*  249 1651  1403.12    8.28      0  1403.12  4160.55    35.5     9.2    23.0    
*  250 1650  1401.75    7.91      0  1401.75  4155.71    24.9    12.2    23.1    
*  251 1649  1397.60    7.16      0  1397.60  4155.71    24.9    12.2    23.2    
*  254 1646  1392.42    8.23      0  1392.42  4071.18    23.9     8.3    23.5    
*  255 1645  1367.80    8.39      0  1367.80  4071.18    23.9     8.3    23.6    
*  262 1638  1363.48    7.46      0  1363.48  4069.75    12.9     7.8    24.2    
*  264 1636  1359.56    7.39      0  1359.56  4054.54    15.8     8.3    24.4    
*  267 1633  1359.02    5.70      0  1359.02  4047.05    21.7     8.3    24.7    
*  272 1628  1357.29    3.60      0  1357.29  4047.18    15.9     5.3    25.2    
*  273 1627  1356.13    3.38      0  1356.13  4038.94    18.4     8.3    25.2    
*  274 1626  1355.22    3.35      0  1355.22  4019.97    15.8     8.3    25.3    
*  275 1625  1348.04    3.30      0  1348.04  4019.37    15.0     8.3    25.4    
*  276 1624  1347.57    3.12      0  1347.57  4019.37    15.0     8.3    25.5    
*  279 1621  1343.61    2.94      0  1343.61  3995.70    15.8     8.3    25.8    
*  280 1620  1339.95    2.82      0  1339.95  3995.70    15.8     8.3    25.9    
*  285 1615  1338.17    2.77      0  1338.17  3990.23    16.0     8.3    26.5    

  Gens  Rem    Local   ElDiv NoImpr             Best solution            Time  Op
                                       Cost     Dist    Tard    TMax 
*  288 1612  1335.22    2.14      0  1335.22  3982.32    15.0     8.3    26.8    
*  290 1610  1334.78    2.41      0  1334.78  3976.68    15.5     8.3    26.9    
*  291 1609  1333.51    2.78      0  1333.51  3966.72    16.0     8.3    27.0    
*  292 1608  1330.33    3.10      0  1330.33  3946.38    24.9     8.3    27.1    
*  293 1607  1326.53    3.05      0  1326.53  3946.38    24.9     8.3    27.2    
*  296 1604  1322.60    3.12      0  1322.60  3938.43    21.1     8.3    27.5    
*  299 1601  1312.00    3.76      0  1312.00  3905.07    22.6     8.3    27.8    
   300 1600  1312.00    3.48      1  1312.00  3905.07    22.6     8.3    27.8    
*  303 1597  1308.39    3.49      0  1308.39  3894.25    22.6     8.3    28.1    
*  307 1593  1305.67    2.26      0  1305.67  3884.76    22.9     8.3    28.5    
*  308 1592  1305.33    2.28      0  1305.33  3880.09    25.2     8.3    28.6    
*  309 1591  1304.54    2.20      0  1304.54  3875.56    15.6     8.3    28.7    
*  310 1590  1299.84    2.28      0  1299.84  3875.56    15.6     8.3    28.8    
*  312 1588  1298.57    2.23      0  1298.57  3869.27    15.6     8.3    28.9    
*  313 1587  1297.74    2.25      0  1297.74  3865.45    15.6     8.3    29.0    
*  314 1586  1296.47    1.89      0  1296.47  3865.45    15.6     8.3    29.1    

  Gens  Rem    Local   ElDiv NoImpr             Best solution            Time  Op
                                       Cost     Dist    Tard    TMax 
*  316 1584  1291.63    1.72      0  1291.63  3848.33    18.3     8.3    29.3    
*  320 1580  1290.60    1.14      0  1290.60  3847.85    15.6     8.3    29.7    
*  322 1578  1290.11    0.97      0  1290.11  3841.89    17.9     8.3    29.9    
*  323 1577  1289.38    0.94      0  1289.38  3843.78    15.6     8.3    29.9    
*  324 1576  1289.25    0.89      0  1289.25  3832.05    18.3     8.3    30.0    
*  325 1575  1286.20    0.74      0  1286.20  3832.05    18.3     8.3    30.1    
*  329 1571  1285.56    0.78      0  1285.56  3832.73    15.6     8.3    30.5    
*  331 1569  1285.05    0.92      0  1285.05  3830.16    15.6     8.3    30.7    
*  332 1568  1284.71    0.76      0  1284.71  3827.11    15.6     8.3    30.8    
*  333 1567  1283.69    0.80      0  1283.69  3819.56    15.6     8.3    30.9    
*  334 1566  1281.17    1.23      0  1281.17  3819.56    15.6     8.3    31.0    
*  337 1563  1280.86    0.14      0  1280.86  3818.63    15.6     8.3    31.2    
*  340 1560  1280.49    0.15      0  1280.49  3817.50    15.6     8.3    31.5    
*  344 1556  1279.94    0.14      0  1279.94  3815.85    15.6     8.3    31.9    
*  350 1550  1278.95    0.28      0  1278.95  3812.89    15.6     8.3    32.4    
*  352 1548  1277.18    0.44      0  1277.18  3807.57    15.6     8.3    32.6    

  Gens  Rem    Local   ElDiv NoImpr             Best solution            Time  Op
                                       Cost     Dist    Tard    TMax 
*  356 1544  1276.97    0.83      0  1276.97  3806.94    15.6     8.3    33.0    
*  360 1540  1275.90    0.23      0  1275.90  3803.66    15.6     8.3    33.3    
*  368 1532  1275.18    0.12      0  1275.18  3803.16    14.1     8.3    34.1    
*  383 1517  1274.89    0.03      0  1274.89  3802.29    14.1     8.3    35.4    
*  395 1505  1274.70    0.04      0  1274.70  3801.71    14.1     8.3    36.5    
   400 1500  1274.70    0.02      5  1274.70  3801.71    14.1     8.3    37.0    
*  401 1499  1274.51    0.02      0  1274.51  3801.14    14.1     8.3    37.1    
*  415 1485  1273.98    0.05      0  1273.98  3799.56    14.1     8.3    38.4    
   450 1450  1273.98    0.00     35  1273.98  3799.56    14.1     8.3    41.5    
   500 1400  1273.98    0.01     85  1273.98  3799.56    14.1     8.3    46.1    
*  509 1391  1273.70    0.03      0  1273.70  3793.00    19.8     8.3    46.9    
*  518 1382  1271.41    0.32      0  1271.41  3786.16    19.8     8.3    47.7    
*  527 1373  1271.32    0.02      0  1271.32  3785.87    19.8     8.3    48.6    
   550 1350  1271.32    0.00     23  1271.32  3785.87    19.8     8.3    50.7    
*  560 1340  1271.17    0.02      0  1271.17  3785.44    19.8     8.3    51.6    
*  564 1336  1270.67    0.08      0  1270.67  3783.94    19.8     8.3    52.0    

  Gens  Rem    Local   ElDiv NoImpr             Best solution            Time  Op
                                       Cost     Dist    Tard    TMax 
*  566 1334  1270.58    0.13      0  1270.58  3783.64    19.8     8.3    52.1    
*  573 1327  1270.10    0.05      0  1270.10  3782.23    19.8     8.3    52.8    
   600 1300  1270.10    0.00     27  1270.10  3782.23    19.8     8.3    55.3    
*  609 1291  1269.99    0.01      0  1269.99  3781.89    19.8     8.3    56.1    
*  638 1262  1269.78    0.02      0  1269.78  3781.26    19.8     8.3    58.7    
   650 1250  1269.78    0.07     12  1269.78  3781.26    19.8     8.3    59.8    
   700 1200  1269.78    0.00     62  1269.78  3781.26    19.8     8.3    64.4    
   750 1150  1269.78    0.00    112  1269.78  3781.26    19.8     8.3    69.0    
   800 1100  1269.78    0.00    162  1269.78  3781.26    19.8     8.3    73.5    
   850 1050  1269.78    0.00    212  1269.78  3781.26    19.8     8.3    78.1    
   900 1000  1269.78    0.00    262  1269.78  3781.26    19.8     8.3    82.7    
   950  950  1269.78    0.00    312  1269.78  3781.26    19.8     8.3    87.2    
  1000  900  1269.78    0.00    362  1269.78  3781.26    19.8     8.3    91.8    
  1050  850  1269.78    0.00    412  1269.78  3781.26    19.8     8.3    96.4    
  1100  800  1269.78    0.00    462  1269.78  3781.26    19.8     8.3   100.9    
  1150  750  1269.78    0.00    512  1269.78  3781.26    19.8     8.3   105.5    

  Gens  Rem    Local   ElDiv NoImpr             Best solution            Time  Op
                                       Cost     Dist    Tard    TMax 
  1200  700  1269.78    0.00    562  1269.78  3781.26    19.8     8.3   110.1    
  1250  650  1269.78    0.00    612  1269.78  3781.26    19.8     8.3   114.6    
  1300  600  1269.78    0.00    662  1269.78  3781.26    19.8     8.3   119.2    
* 1302  598  1269.64    0.01      0  1269.64  3780.82    19.8     8.3   119.4    
* 1311  589  1269.50    0.06      0  1269.50  3780.41    19.8     8.3   120.2    
  1350  550  1269.50    0.00     39  1269.50  3780.41    19.8     8.3   123.8    
  1400  500  1269.50    0.00     89  1269.50  3780.41    19.8     8.3   128.3    
  1450  450  1269.50    0.00    139  1269.50  3780.41    19.8     8.3   132.9    
  1500  400  1269.50    0.00    189  1269.50  3780.41    19.8     8.3   137.5    
  1550  350  1269.50    0.00    239  1269.50  3780.41    19.8     8.3   142.0    
  1600  300  1269.50    0.00    289  1269.50  3780.41    19.8     8.3   146.6    
* 1604  296  1269.26    0.02      0  1269.26  3773.69    25.8     8.3   147.0    
  1650  250  1269.26    0.02     46  1269.26  3773.69    25.8     8.3   151.2    
  1700  200  1269.26    0.11     96  1269.26  3773.69    25.8     8.3   155.7    
  1750  150  1269.26    0.00    146  1269.26  3773.69    25.8     8.3   160.3    
  1800  100  1269.26    0.00    196  1269.26  3773.69    25.8     8.3   164.9    

  Gens  Rem    Local   ElDiv NoImpr             Best solution            Time  Op
                                       Cost     Dist    Tard    TMax 
  1850   50  1269.26    0.00    246  1269.26  3773.69    25.8     8.3   169.4    
  1900    0  1269.26    0.00    296  1269.26  3773.69    25.8     8.3   173.9    
Evolutionary process finished.
Solution written to 'solution-30230.txt'.

Sorted sequence of worst to best tardiness value:
Task for patient = 196 with skills = {1,4} and cost = 588.6
   Vehicle #0 = 9, leaving at = 285.3
   Vehicle #1 = 22, leaving at = 323.3
   Increment on distance indicator: 25.0
   Increment on tard indicator:     8.3
   Value of tmax indicator:         25.0

Task for patient = 112 with skills = {2,-1} and cost = 857.1
   Vehicle #0 = 8, leaving at = 419.7
   Vehicle #1 = -1, leaving at = inf
   Increment on distance indicator: 11.7
   Increment on tard indicator:     5.7
   Value of tmax indicator:         11.7

Task for patient = 198 with skills = {1,5} and cost = 116.9
   Vehicle #0 = 6, leaving at = 114.8
   Vehicle #1 = 12, leaving at = 173.8
   Increment on distance indicator: 31.0
   Increment on tard indicator:     4.8
   Value of tmax indicator:         31.0

Task for patient = 75 with skills = {4,-1} and cost = 729.4
   Vehicle #0 = 12, leaving at = 388.3
   Vehicle #1 = -1, leaving at = inf
   Increment on distance indicator: 2.0
   Increment on tard indicator:     2.3
   Value of tmax indicator:         2.0

Task for patient = 104 with skills = {5,-1} and cost = 889.1
   Vehicle #0 = 12, leaving at = 557.2
   Vehicle #1 = -1, leaving at = inf
   Increment on distance indicator: 8.6
   Increment on tard indicator:     2.2
   Value of tmax indicator:         8.6

Task for patient = 51 with skills = {3,-1} and cost = 860.6
   Vehicle #0 = 12, leaving at = 476.5
   Vehicle #1 = -1, leaving at = inf
   Increment on distance indicator: 6.7
   Increment on tard indicator:     1.5
   Value of tmax indicator:         6.7

Task for patient = 172 with skills = {0,3} and cost = 600.8
   Vehicle #0 = 9, leaving at = 309.9
   Vehicle #1 = 21, leaving at = 324.9
   Increment on distance indicator: 24.9
   Increment on tard indicator:     0.9
   Value of tmax indicator:         24.9

Task for patient = 128 with skills = {0,-1} and cost = 736.0
   Vehicle #0 = 1, leaving at = 405.3
   Vehicle #1 = -1, leaving at = inf
   Increment on distance indicator: 7.3
   Increment on tard indicator:     0.0
   Value of tmax indicator:         7.3

Task for patient = 66 with skills = {3,-1} and cost = 740.5
   Vehicle #0 = 23, leaving at = 463.0
   Vehicle #1 = -1, leaving at = inf
   Increment on distance indicator: 13.5
   Increment on tard indicator:     0.0
   Value of tmax indicator:         13.5

Task for patient = 123 with skills = {1,-1} and cost = 743.0
   Vehicle #0 = 8, leaving at = 370.6
   Vehicle #1 = -1, leaving at = inf
   Increment on distance indicator: 7.3
   Increment on tard indicator:     0.0
   Value of tmax indicator:         7.3

Task for patient = 135 with skills = {0,-1} and cost = 744.0
   Vehicle #0 = 9, leaving at = 387.3
   Vehicle #1 = -1, leaving at = inf
   Increment on distance indicator: 3.0
   Increment on tard indicator:     0.0
   Value of tmax indicator:         3.0

Task for patient = 45 with skills = {2,-1} and cost = 746.6
   Vehicle #0 = 2, leaving at = 338.1
   Vehicle #1 = -1, leaving at = inf
   Increment on distance indicator: 7.8
   Increment on tard indicator:     0.0
   Value of tmax indicator:         7.8

Task for patient = 46 with skills = {4,-1} and cost = 748.8
   Vehicle #0 = 17, leaving at = 292.8
   Vehicle #1 = -1, leaving at = inf
   Increment on distance indicator: 6.7
   Increment on tard indicator:     0.0
   Value of tmax indicator:         6.7

Task for patient = 21 with skills = {1,-1} and cost = 750.7
   Vehicle #0 = 0, leaving at = 368.7
   Vehicle #1 = -1, leaving at = inf
   Increment on distance indicator: 5.7
   Increment on tard indicator:     0.0
   Value of tmax indicator:         5.7

Task for patient = 18 with skills = {3,-1} and cost = 753.4
   Vehicle #0 = 16, leaving at = 328.9
   Vehicle #1 = -1, leaving at = inf
   Increment on distance indicator: 8.2
   Increment on tard indicator:     0.0
   Value of tmax indicator:         8.2

Task for patient = 48 with skills = {5,-1} and cost = 755.8
   Vehicle #0 = 17, leaving at = 351.0
   Vehicle #1 = -1, leaving at = inf
   Increment on distance indicator: 7.1
   Increment on tard indicator:     0.0
   Value of tmax indicator:         7.1

Task for patient = 129 with skills = {5,-1} and cost = 760.0
   Vehicle #0 = 14, leaving at = 240.0
   Vehicle #1 = -1, leaving at = inf
   Increment on distance indicator: 12.5
   Increment on tard indicator:     0.0
   Value of tmax indicator:         12.5

Task for patient = 73 with skills = {4,-1} and cost = 770.7
   Vehicle #0 = 28, leaving at = 362.0
   Vehicle #1 = -1, leaving at = inf
   Increment on distance indicator: 7.1
   Increment on tard indicator:     0.0
   Value of tmax indicator:         7.1

Task for patient = 52 with skills = {3,-1} and cost = 771.2
   Vehicle #0 = 12, leaving at = 434.7
   Vehicle #1 = -1, leaving at = inf
   Increment on distance indicator: 1.4
   Increment on tard indicator:     0.0
   Value of tmax indicator:         1.4

Task for patient = 130 with skills = {2,-1} and cost = 772.9
   Vehicle #0 = 8, leaving at = 392.0
   Vehicle #1 = -1, leaving at = inf
   Increment on distance indicator: 5.4
   Increment on tard indicator:     0.0
   Value of tmax indicator:         5.4

Task for patient = 189 with skills = {0,4} and cost = 774.9
   Vehicle #0 = 6, leaving at = 352.3
   Vehicle #1 = 22, leaving at = 388.3
   Increment on distance indicator: 5.8
   Increment on tard indicator:     0.0
   Value of tmax indicator:         5.8

Task for patient = 140 with skills = {2,-1} and cost = 778.6
   Vehicle #0 = 3, leaving at = 378.0
   Vehicle #1 = -1, leaving at = inf
   Increment on distance indicator: 11.2
   Increment on tard indicator:     0.0
   Value of tmax indicator:         11.2

Task for patient = 29 with skills = {2,-1} and cost = 782.3
   Vehicle #0 = 6, leaving at = 379.5
   Vehicle #1 = -1, leaving at = inf
   Increment on distance indicator: 11.2
   Increment on tard indicator:     0.0
   Value of tmax indicator:         11.2

Task for patient = 17 with skills = {0,-1} and cost = 783.8
   Vehicle #0 = 1, leaving at = 425.5
   Vehicle #1 = -1, leaving at = inf
   Increment on distance indicator: 4.2
   Increment on tard indicator:     0.0
   Value of tmax indicator:         4.2

Task for patient = 60 with skills = {0,-1} and cost = 785.8
   Vehicle #0 = 1, leaving at = 466.0
   Vehicle #1 = -1, leaving at = inf
   Increment on distance indicator: 6.1
   Increment on tard indicator:     0.0
   Value of tmax indicator:         6.1

Task for patient = 25 with skills = {4,-1} and cost = 788.9
   Vehicle #0 = 22, leaving at = 413.6
   Vehicle #1 = -1, leaving at = inf
   Increment on distance indicator: 9.2
   Increment on tard indicator:     0.0
   Value of tmax indicator:         9.2

Task for patient = 85 with skills = {4,-1} and cost = 794.3
   Vehicle #0 = 18, leaving at = 370.4
   Vehicle #1 = -1, leaving at = inf
   Increment on distance indicator: 16.4
   Increment on tard indicator:     0.0
   Value of tmax indicator:         16.4

Task for patient = 178 with skills = {1,5} and cost = 768.3
   Vehicle #0 = 2, leaving at = 370.0
   Vehicle #1 = 12, leaving at = 417.3
   Increment on distance indicator: 25.1
   Increment on tard indicator:     0.0
   Value of tmax indicator:         25.1

Task for patient = 118 with skills = {2,-1} and cost = 660.0
   Vehicle #0 = 6, leaving at = 313.7
   Vehicle #1 = -1, leaving at = inf
   Increment on distance indicator: 4.2
   Increment on tard indicator:     0.0
   Value of tmax indicator:         4.2

Task for patient = 65 with skills = {1,-1} and cost = 664.8
   Vehicle #0 = 0, leaving at = 347.0
   Vehicle #1 = -1, leaving at = inf
   Increment on distance indicator: 14.4
   Increment on tard indicator:     0.0
   Value of tmax indicator:         14.4

Task for patient = 6 with skills = {0,-1} and cost = 667.0
   Vehicle #0 = 1, leaving at = 261.8
   Vehicle #1 = -1, leaving at = inf
   Increment on distance indicator: 6.7
   Increment on tard indicator:     0.0
   Value of tmax indicator:         6.7

Task for patient = 84 with skills = {3,-1} and cost = 669.1
   Vehicle #0 = 23, leaving at = 272.2
   Vehicle #1 = -1, leaving at = inf
   Increment on distance indicator: 6.4
   Increment on tard indicator:     0.0
   Value of tmax indicator:         6.4

Task for patient = 93 with skills = {5,-1} and cost = 672.9
   Vehicle #0 = 27, leaving at = 344.4
   Vehicle #1 = -1, leaving at = inf
   Increment on distance indicator: 11.4
   Increment on tard indicator:     0.0
   Value of tmax indicator:         11.4

Task for patient = 139 with skills = {0,-1} and cost = 675.6
   Vehicle #0 = 5, leaving at = 460.0
   Vehicle #1 = -1, leaving at = inf
   Increment on distance indicator: 8.1
   Increment on tard indicator:     0.0
   Value of tmax indicator:         8.1

Task for patient = 41 with skills = {1,-1} and cost = 676.8
   Vehicle #0 = 6, leaving at = 333.3
   Vehicle #1 = -1, leaving at = inf
   Increment on distance indicator: 3.6
   Increment on tard indicator:     0.0
   Value of tmax indicator:         3.6

Task for patient = 116 with skills = {3,-1} and cost = 679.0
   Vehicle #0 = 28, leaving at = 163.0
   Vehicle #1 = -1, leaving at = inf
   Increment on distance indicator: 6.4
   Increment on tard indicator:     0.0
   Value of tmax indicator:         6.4

Task for patient = 125 with skills = {1,-1} and cost = 685.0
   Vehicle #0 = 8, leaving at = 298.0
   Vehicle #1 = -1, leaving at = inf
   Increment on distance indicator: 18.0
   Increment on tard indicator:     0.0
   Value of tmax indicator:         18.0

Task for patient = 88 with skills = {2,-1} and cost = 685.9
   Vehicle #0 = 4, leaving at = 168.8
   Vehicle #1 = -1, leaving at = inf
   Increment on distance indicator: 2.8
   Increment on tard indicator:     0.0
   Value of tmax indicator:         2.8

Task for patient = 43 with skills = {2,-1} and cost = 688.3
   Vehicle #0 = 8, leaving at = 321.1
   Vehicle #1 = -1, leaving at = inf
   Increment on distance indicator: 7.1
   Increment on tard indicator:     0.0
   Value of tmax indicator:         7.1

Task for patient = 39 with skills = {3,-1} and cost = 731.5
   Vehicle #0 = 25, leaving at = 409.0
   Vehicle #1 = -1, leaving at = inf
   Increment on distance indicator: 2.2
   Increment on tard indicator:     0.0
   Value of tmax indicator:         2.2

Task for patient = 186 with skills = {0,5} and cost = 698.0
   Vehicle #0 = 9, leaving at = 368.3
   Vehicle #1 = 11, leaving at = 369.3
   Increment on distance indicator: 25.1
   Increment on tard indicator:     0.0
   Value of tmax indicator:         25.1

Task for patient = 122 with skills = {0,-1} and cost = 704.4
   Vehicle #0 = 1, leaving at = 297.1
   Vehicle #1 = -1, leaving at = inf
   Increment on distance indicator: 19.2
   Increment on tard indicator:     0.0
   Value of tmax indicator:         19.2

Task for patient = 13 with skills = {5,-1} and cost = 708.3
   Vehicle #0 = 19, leaving at = 311.1
   Vehicle #1 = -1, leaving at = inf
   Increment on distance indicator: 11.7
   Increment on tard indicator:     0.0
   Value of tmax indicator:         11.7

Task for patient = 19 with skills = {4,-1} and cost = 709.6
   Vehicle #0 = 19, leaving at = 331.1
   Vehicle #1 = -1, leaving at = inf
   Increment on distance indicator: 4.0
   Increment on tard indicator:     0.0
   Value of tmax indicator:         4.0

Task for patient = 119 with skills = {3,-1} and cost = 713.1
   Vehicle #0 = 12, leaving at = 370.3
   Vehicle #1 = -1, leaving at = inf
   Increment on distance indicator: 10.3
   Increment on tard indicator:     0.0
   Value of tmax indicator:         10.3

Task for patient = 183 with skills = {2,3} and cost = 721.2
   Vehicle #0 = 8, leaving at = 347.4
   Vehicle #1 = 23, leaving at = 391.4
   Increment on distance indicator: 24.3
   Increment on tard indicator:     0.0
   Value of tmax indicator:         24.3

Task for patient = 121 with skills = {0,-1} and cost = 722.2
   Vehicle #0 = 1, leaving at = 382.0
   Vehicle #1 = -1, leaving at = inf
   Increment on distance indicator: 3.2
   Increment on tard indicator:     0.0
   Value of tmax indicator:         3.2

Task for patient = 154 with skills = {3,5} and cost = 728.0
   Vehicle #0 = 11, leaving at = 389.8
   Vehicle #1 = 21, leaving at = 389.8
   Increment on distance indicator: 17.3
   Increment on tard indicator:     0.0
   Value of tmax indicator:         17.3

Task for patient = 148 with skills = {3,5} and cost = 730.7
   Vehicle #0 = 11, leaving at = 407.8
   Vehicle #1 = 21, leaving at = 407.8
   Increment on distance indicator: 4.0
   Increment on tard indicator:     0.0
   Value of tmax indicator:         4.0

Task for patient = 191 with skills = {2,4} and cost = 799.5
   Vehicle #0 = 2, leaving at = 395.2
   Vehicle #1 = 15, leaving at = 411.2
   Increment on distance indicator: 15.5
   Increment on tard indicator:     0.0
   Value of tmax indicator:         15.5

Task for patient = 57 with skills = {3,-1} and cost = 733.6
   Vehicle #0 = 23, leaving at = 413.8
   Vehicle #1 = -1, leaving at = inf
   Increment on distance indicator: 6.4
   Increment on tard indicator:     0.0
   Value of tmax indicator:         6.4

Task for patient = 12 with skills = {4,-1} and cost = 689.6
   Vehicle #0 = 18, leaving at = 338.0
   Vehicle #1 = -1, leaving at = inf
   Increment on distance indicator: 4.1
   Increment on tard indicator:     0.0
   Value of tmax indicator:         4.1

Task for patient = 134 with skills = {4,-1} and cost = 906.8
   Vehicle #0 = 15, leaving at = 482.0
   Vehicle #1 = -1, leaving at = inf
   Increment on distance indicator: 6.7
   Increment on tard indicator:     0.0
   Value of tmax indicator:         6.7

Task for patient = 120 with skills = {5,-1} and cost = 908.0
   Vehicle #0 = 19, leaving at = 429.0
   Vehicle #1 = -1, leaving at = inf
   Increment on distance indicator: 3.6
   Increment on tard indicator:     0.0
   Value of tmax indicator:         3.6

Task for patient = 30 with skills = {5,-1} and cost = 909.4
   Vehicle #0 = 17, leaving at = 501.0
   Vehicle #1 = -1, leaving at = inf
   Increment on distance indicator: 4.1
   Increment on tard indicator:     0.0
   Value of tmax indicator:         4.1

Task for patient = 78 with skills = {5,-1} and cost = 910.7
   Vehicle #0 = 13, leaving at = 489.0
   Vehicle #1 = -1, leaving at = inf
   Increment on distance indicator: 4.0
   Increment on tard indicator:     0.0
   Value of tmax indicator:         4.0

Task for patient = 14 with skills = {4,-1} and cost = 914.4
   Vehicle #0 = 19, leaving at = 456.2
   Vehicle #1 = -1, leaving at = inf
   Increment on distance indicator: 11.2
   Increment on tard indicator:     0.0
   Value of tmax indicator:         11.2

Task for patient = 97 with skills = {0,-1} and cost = 915.8
   Vehicle #0 = 9, leaving at = 430.6
   Vehicle #1 = -1, leaving at = inf
   Increment on distance indicator: 4.0
   Increment on tard indicator:     0.0
   Value of tmax indicator:         4.0

Task for patient = 32 with skills = {5,-1} and cost = 916.5
   Vehicle #0 = 16, leaving at = 410.2
   Vehicle #1 = -1, leaving at = inf
   Increment on distance indicator: 2.2
   Increment on tard indicator:     0.0
   Value of tmax indicator:         2.2

Task for patient = 31 with skills = {2,-1} and cost = 921.6
   Vehicle #0 = 2, leaving at = 452.7
   Vehicle #1 = -1, leaving at = inf
   Increment on distance indicator: 15.3
   Increment on tard indicator:     0.0
   Value of tmax indicator:         15.3

Task for patient = 79 with skills = {2,-1} and cost = 926.3
   Vehicle #0 = 4, leaving at = 360.2
   Vehicle #1 = -1, leaving at = inf
   Increment on distance indicator: 14.2
   Increment on tard indicator:     0.0
   Value of tmax indicator:         14.2

Task for patient = 77 with skills = {5,-1} and cost = 927.4
   Vehicle #0 = 11, leaving at = 514.2
   Vehicle #1 = -1, leaving at = inf
   Increment on distance indicator: 3.2
   Increment on tard indicator:     0.0
   Value of tmax indicator:         3.2

Task for patient = 87 with skills = {2,-1} and cost = 928.4
   Vehicle #0 = 1, leaving at = 530.9
   Vehicle #1 = -1, leaving at = inf
   Increment on distance indicator: 3.0
   Increment on tard indicator:     0.0
   Value of tmax indicator:         3.0

Task for patient = 94 with skills = {4,-1} and cost = 805.2
   Vehicle #0 = 16, leaving at = 392.0
   Vehicle #1 = -1, leaving at = inf
   Increment on distance indicator: 9.1
   Increment on tard indicator:     0.0
   Value of tmax indicator:         9.1

Task for patient = 187 with skills = {2,5} and cost = 937.5
   Vehicle #0 = 4, leaving at = 385.0
   Vehicle #1 = 29, leaving at = 432.0
   Increment on distance indicator: 11.8
   Increment on tard indicator:     0.0
   Value of tmax indicator:         11.8

Task for patient = 54 with skills = {1,-1} and cost = 943.1
   Vehicle #0 = 8, leaving at = 485.0
   Vehicle #1 = -1, leaving at = inf
   Increment on distance indicator: 16.6
   Increment on tard indicator:     0.0
   Value of tmax indicator:         16.6

Task for patient = 136 with skills = {2,-1} and cost = 944.8
   Vehicle #0 = 4, leaving at = 492.0
   Vehicle #1 = -1, leaving at = inf
   Increment on distance indicator: 5.1
   Increment on tard indicator:     0.0
   Value of tmax indicator:         5.1

Task for patient = 159 with skills = {4,5} and cost = 950.2
   Vehicle #0 = 19, leaving at = 477.2
   Vehicle #1 = 27, leaving at = 477.2
   Increment on distance indicator: 16.4
   Increment on tard indicator:     0.0
   Value of tmax indicator:         16.4

Task for patient = 3 with skills = {0,-1} and cost = 953.9
   Vehicle #0 = 7, leaving at = 466.0
   Vehicle #1 = -1, leaving at = inf
   Increment on distance indicator: 11.0
   Increment on tard indicator:     0.0
   Value of tmax indicator:         11.0

Task for patient = 76 with skills = {2,-1} and cost = 961.5
   Vehicle #0 = 2, leaving at = 491.5
   Vehicle #1 = -1, leaving at = inf
   Increment on distance indicator: 22.8
   Increment on tard indicator:     0.0
   Value of tmax indicator:         22.8

Task for patient = 126 with skills = {0,-1} and cost = 963.9
   Vehicle #0 = 1, leaving at = 554.0
   Vehicle #1 = -1, leaving at = inf
   Increment on distance indicator: 7.1
   Increment on tard indicator:     0.0
   Value of tmax indicator:         7.1

Task for patient = 167 with skills = {3,5} and cost = 970.2
   Vehicle #0 = 15, leaving at = 547.9
   Vehicle #1 = 16, leaving at = 547.9
   Increment on distance indicator: 19.1
   Increment on tard indicator:     0.0
   Value of tmax indicator:         19.1

Task for patient = 199 with skills = {2,5} and cost = 976.3
   Vehicle #0 = 6, leaving at = 506.0
   Vehicle #1 = 17, leaving at = 524.0
   Increment on distance indicator: 18.0
   Increment on tard indicator:     0.0
   Value of tmax indicator:         18.0

Task for patient = 150 with skills = {3,4} and cost = 982.7
   Vehicle #0 = 17, leaving at = 552.0
   Vehicle #1 = 14, leaving at = 552.0
   Increment on distance indicator: 19.3
   Increment on tard indicator:     0.0
   Value of tmax indicator:         19.3

Task for patient = 103 with skills = {2,-1} and cost = 988.1
   Vehicle #0 = 3, leaving at = 481.5
   Vehicle #1 = -1, leaving at = inf
   Increment on distance indicator: 16.1
   Increment on tard indicator:     0.0
   Value of tmax indicator:         16.1

Task for patient = 170 with skills = {3,5} and cost = 933.6
   Vehicle #0 = 15, leaving at = 516.4
   Vehicle #1 = 13, leaving at = 516.4
   Increment on distance indicator: 15.6
   Increment on tard indicator:     0.0
   Value of tmax indicator:         15.6

Task for patient = 137 with skills = {0,-1} and cost = 802.2
   Vehicle #0 = 1, leaving at = 490.1
   Vehicle #1 = -1, leaving at = inf
   Increment on distance indicator: 8.1
   Increment on tard indicator:     0.0
   Value of tmax indicator:         8.1

Task for patient = 89 with skills = {2,-1} and cost = 658.6
   Vehicle #0 = 3, leaving at = 340.9
   Vehicle #1 = -1, leaving at = inf
   Increment on distance indicator: 14.9
   Increment on tard indicator:     0.0
   Value of tmax indicator:         14.9

Task for patient = 193 with skills = {2,4} and cost = 813.8
   Vehicle #0 = 6, leaving at = 436.0
   Vehicle #1 = 17, leaving at = 451.0
   Increment on distance indicator: 25.6
   Increment on tard indicator:     0.0
   Value of tmax indicator:         25.6

Task for patient = 69 with skills = {2,-1} and cost = 821.4
   Vehicle #0 = 3, leaving at = 416.8
   Vehicle #1 = -1, leaving at = inf
   Increment on distance indicator: 22.8
   Increment on tard indicator:     0.0
   Value of tmax indicator:         22.8

Task for patient = 133 with skills = {1,-1} and cost = 823.8
   Vehicle #0 = 9, leaving at = 410.6
   Vehicle #1 = -1, leaving at = inf
   Increment on distance indicator: 7.3
   Increment on tard indicator:     0.0
   Value of tmax indicator:         7.3

Task for patient = 95 with skills = {5,-1} and cost = 826.1
   Vehicle #0 = 28, leaving at = 385.0
   Vehicle #1 = -1, leaving at = inf
   Increment on distance indicator: 7.0
   Increment on tard indicator:     0.0
   Value of tmax indicator:         7.0

Task for patient = 144 with skills = {4,5} and cost = 830.9
   Vehicle #0 = 22, leaving at = 440.0
   Vehicle #1 = 20, leaving at = 440.0
   Increment on distance indicator: 14.4
   Increment on tard indicator:     0.0
   Value of tmax indicator:         14.4

Task for patient = 157 with skills = {3,5} and cost = 838.1
   Vehicle #0 = 18, leaving at = 396.5
   Vehicle #1 = 27, leaving at = 396.5
   Increment on distance indicator: 21.5
   Increment on tard indicator:     0.0
   Value of tmax indicator:         21.5

Task for patient = 81 with skills = {5,-1} and cost = 841.4
   Vehicle #0 = 11, leaving at = 495.0
   Vehicle #1 = -1, leaving at = inf
   Increment on distance indicator: 10.0
   Increment on tard indicator:     0.0
   Value of tmax indicator:         10.0

Task for patient = 58 with skills = {4,-1} and cost = 843.6
   Vehicle #0 = 19, leaving at = 353.5
   Vehicle #1 = -1, leaving at = inf
   Increment on distance indicator: 6.4
   Increment on tard indicator:     0.0
   Value of tmax indicator:         6.4

Task for patient = 155 with skills = {3,4} and cost = 846.5
   Vehicle #0 = 12, leaving at = 453.7
   Vehicle #1 = 15, leaving at = 453.7
   Increment on distance indicator: 8.8
   Increment on tard indicator:     0.0
   Value of tmax indicator:         8.8

Task for patient = 138 with skills = {2,-1} and cost = 904.6
   Vehicle #0 = 4, leaving at = 330.0
   Vehicle #1 = -1, leaving at = inf
   Increment on distance indicator: 18.2
   Increment on tard indicator:     0.0
   Value of tmax indicator:         18.2

Task for patient = 99 with skills = {3,-1} and cost = 857.9
   Vehicle #0 = 18, leaving at = 463.0
   Vehicle #1 = -1, leaving at = inf
   Increment on distance indicator: 2.2
   Increment on tard indicator:     0.0
   Value of tmax indicator:         2.2

Task for patient = 82 with skills = {5,-1} and cost = 863.3
   Vehicle #0 = 12, leaving at = 500.5
   Vehicle #1 = -1, leaving at = inf
   Increment on distance indicator: 8.1
   Increment on tard indicator:     0.0
   Value of tmax indicator:         8.1

Task for patient = 5 with skills = {0,-1} and cost = 865.2
   Vehicle #0 = 1, leaving at = 511.9
   Vehicle #1 = -1, leaving at = inf
   Increment on distance indicator: 5.8
   Increment on tard indicator:     0.0
   Value of tmax indicator:         5.8

Task for patient = 53 with skills = {3,-1} and cost = 866.2
   Vehicle #0 = 28, leaving at = 404.0
   Vehicle #1 = -1, leaving at = inf
   Increment on distance indicator: 3.0
   Increment on tard indicator:     0.0
   Value of tmax indicator:         3.0

Task for patient = 37 with skills = {3,-1} and cost = 868.2
   Vehicle #0 = 20, leaving at = 462.0
   Vehicle #1 = -1, leaving at = inf
   Increment on distance indicator: 6.0
   Increment on tard indicator:     0.0
   Value of tmax indicator:         6.0

Task for patient = 101 with skills = {5,-1} and cost = 869.9
   Vehicle #0 = 18, leaving at = 484.0
   Vehicle #1 = -1, leaving at = inf
   Increment on distance indicator: 5.0
   Increment on tard indicator:     0.0
   Value of tmax indicator:         5.0

Task for patient = 67 with skills = {1,-1} and cost = 873.3
   Vehicle #0 = 2, leaving at = 421.4
   Vehicle #1 = -1, leaving at = inf
   Increment on distance indicator: 10.2
   Increment on tard indicator:     0.0
   Value of tmax indicator:         10.2

Task for patient = 105 with skills = {5,-1} and cost = 875.8
   Vehicle #0 = 29, leaving at = 281.7
   Vehicle #1 = -1, leaving at = inf
   Increment on distance indicator: 7.6
   Increment on tard indicator:     0.0
   Value of tmax indicator:         7.6

Task for patient = 86 with skills = {2,-1} and cost = 878.7
   Vehicle #0 = 8, leaving at = 444.3
   Vehicle #1 = -1, leaving at = inf
   Increment on distance indicator: 8.6
   Increment on tard indicator:     0.0
   Value of tmax indicator:         8.6

Task for patient = 141 with skills = {4,5} and cost = 885.5
   Vehicle #0 = 12, leaving at = 532.6
   Vehicle #1 = 23, leaving at = 532.6
   Increment on distance indicator: 20.2
   Increment on tard indicator:     0.0
   Value of tmax indicator:         20.2

Task for patient = 185 with skills = {1,3} and cost = 893.0
   Vehicle #0 = 6, leaving at = 457.8
   Vehicle #1 = 17, leaving at = 480.8
   Increment on distance indicator: 11.7
   Increment on tard indicator:     0.0
   Value of tmax indicator:         11.7

Task for patient = 72 with skills = {2,-1} and cost = 898.5
   Vehicle #0 = 3, leaving at = 449.4
   Vehicle #1 = -1, leaving at = inf
   Increment on distance indicator: 16.6
   Increment on tard indicator:     0.0
   Value of tmax indicator:         16.6

Task for patient = 11 with skills = {3,-1} and cost = 851.4
   Vehicle #0 = 23, leaving at = 493.6
   Vehicle #1 = -1, leaving at = inf
   Increment on distance indicator: 14.6
   Increment on tard indicator:     0.0
   Value of tmax indicator:         14.6

Task for patient = 96 with skills = {5,-1} and cost = 263.6
   Vehicle #0 = 20, leaving at = 45.0
   Vehicle #1 = -1, leaving at = inf
   Increment on distance indicator: 6.7
   Increment on tard indicator:     0.0
   Value of tmax indicator:         6.7

Task for patient = 152 with skills = {3,4} and cost = 266.3
   Vehicle #0 = 21, leaving at = 80.0
   Vehicle #1 = 22, leaving at = 80.0
   Increment on distance indicator: 8.2
   Increment on tard indicator:     0.0
   Value of tmax indicator:         8.2

Task for patient = 147 with skills = {3,4} and cost = 287.0
   Vehicle #0 = 21, leaving at = 127.1
   Vehicle #1 = 22, leaving at = 127.1
   Increment on distance indicator: 62.1
   Increment on tard indicator:     0.0
   Value of tmax indicator:         62.1

Task for patient = 9 with skills = {1,-1} and cost = 295.0
   Vehicle #0 = 8, leaving at = 107.0
   Vehicle #1 = -1, leaving at = inf
   Increment on distance indicator: 23.8
   Increment on tard indicator:     0.0
   Value of tmax indicator:         23.8

Task for patient = 50 with skills = {2,-1} and cost = 299.5
   Vehicle #0 = 8, leaving at = 136.6
   Vehicle #1 = -1, leaving at = inf
   Increment on distance indicator: 13.6
   Increment on tard indicator:     0.0
   Value of tmax indicator:         13.6

Task for patient = 132 with skills = {4,-1} and cost = 317.2
   Vehicle #0 = 23, leaving at = 69.2
   Vehicle #1 = -1, leaving at = inf
   Increment on distance indicator: 53.2
   Increment on tard indicator:     0.0
   Value of tmax indicator:         53.2

Task for patient = 7 with skills = {3,-1} and cost = 319.2
   Vehicle #0 = 16, leaving at = 145.1
   Vehicle #1 = -1, leaving at = inf
   Increment on distance indicator: 5.8
   Increment on tard indicator:     0.0
   Value of tmax indicator:         5.8

Task for patient = 44 with skills = {4,-1} and cost = 321.0
   Vehicle #0 = 23, leaving at = 90.6
   Vehicle #1 = -1, leaving at = inf
   Increment on distance indicator: 5.4
   Increment on tard indicator:     0.0
   Value of tmax indicator:         5.4

Task for patient = 71 with skills = {5,-1} and cost = 325.7
   Vehicle #0 = 23, leaving at = 120.9
   Vehicle #1 = -1, leaving at = inf
   Increment on distance indicator: 14.3
   Increment on tard indicator:     0.0
   Value of tmax indicator:         14.3

Task for patient = 74 with skills = {3,-1} and cost = 327.2
   Vehicle #0 = 16, leaving at = 165.6
   Vehicle #1 = -1, leaving at = inf
   Increment on distance indicator: 4.5
   Increment on tard indicator:     0.0
   Value of tmax indicator:         4.5

Task for patient = 107 with skills = {1,-1} and cost = 332.0
   Vehicle #0 = 0, leaving at = 134.4
   Vehicle #1 = -1, leaving at = inf
   Increment on distance indicator: 14.3
   Increment on tard indicator:     0.0
   Value of tmax indicator:         14.3

Task for patient = 177 with skills = {0,5} and cost = 647.9
   Vehicle #0 = 5, leaving at = 204.0
   Vehicle #1 = 16, leaving at = 304.6
   Increment on distance indicator: 35.6
   Increment on tard indicator:     0.0
   Value of tmax indicator:         35.6

Task for patient = 168 with skills = {3,4} and cost = 344.7
   Vehicle #0 = 12, leaving at = 197.9
   Vehicle #1 = 16, leaving at = 197.9
   Increment on distance indicator: 21.1
   Increment on tard indicator:     0.0
   Value of tmax indicator:         21.1

Task for patient = 49 with skills = {4,-1} and cost = 347.1
   Vehicle #0 = 25, leaving at = 140.0
   Vehicle #1 = -1, leaving at = inf
   Increment on distance indicator: 7.1
   Increment on tard indicator:     0.0
   Value of tmax indicator:         7.1

Task for patient = 100 with skills = {4,-1} and cost = 347.8
   Vehicle #0 = 21, leaving at = 145.3
   Vehicle #1 = -1, leaving at = inf
   Increment on distance indicator: 2.2
   Increment on tard indicator:     0.0
   Value of tmax indicator:         2.2

Task for patient = 169 with skills = {3,4} and cost = 354.2
   Vehicle #0 = 21, leaving at = 211.5
   Vehicle #1 = 14, leaving at = 211.5
   Increment on distance indicator: 19.3
   Increment on tard indicator:     0.0
   Value of tmax indicator:         19.3

Task for patient = 80 with skills = {1,-1} and cost = 355.5
   Vehicle #0 = 6, leaving at = 186.6
   Vehicle #1 = -1, leaving at = inf
   Increment on distance indicator: 3.6
   Increment on tard indicator:     0.0
   Value of tmax indicator:         3.6

Task for patient = 70 with skills = {5,-1} and cost = 360.2
   Vehicle #0 = 22, leaving at = 157.2
   Vehicle #1 = -1, leaving at = inf
   Increment on distance indicator: 14.1
   Increment on tard indicator:     0.0
   Value of tmax indicator:         14.1

Task for patient = 24 with skills = {5,-1} and cost = 361.2
   Vehicle #0 = 25, leaving at = 171.0
   Vehicle #1 = -1, leaving at = inf
   Increment on distance indicator: 3.0
   Increment on tard indicator:     0.0
   Value of tmax indicator:         3.0

Task for patient = 55 with skills = {3,-1} and cost = 369.3
   Vehicle #0 = 15, leaving at = 176.5
   Vehicle #1 = -1, leaving at = inf
   Increment on distance indicator: 24.5
   Increment on tard indicator:     0.0
   Value of tmax indicator:         24.5

Task for patient = 166 with skills = {3,5} and cost = 372.1
   Vehicle #0 = 20, leaving at = 328.0
   Vehicle #1 = 24, leaving at = 328.0
   Increment on distance indicator: 8.2
   Increment on tard indicator:     0.0
   Value of tmax indicator:         8.2

Task for patient = 10 with skills = {1,-1} and cost = 375.4
   Vehicle #0 = 0, leaving at = 160.4
   Vehicle #1 = -1, leaving at = inf
   Increment on distance indicator: 10.0
   Increment on tard indicator:     0.0
   Value of tmax indicator:         10.0

Task for patient = 124 with skills = {2,-1} and cost = 377.6
   Vehicle #0 = 3, leaving at = 218.7
   Vehicle #1 = -1, leaving at = inf
   Increment on distance indicator: 6.7
   Increment on tard indicator:     0.0
   Value of tmax indicator:         6.7

Task for patient = 158 with skills = {4,5} and cost = 337.7
   Vehicle #0 = 18, leaving at = 142.5
   Vehicle #1 = 19, leaving at = 142.5
   Increment on distance indicator: 17.1
   Increment on tard indicator:     0.0
   Value of tmax indicator:         17.1

Task for patient = 23 with skills = {1,-1} and cost = 2.1
   Vehicle #0 = 0, leaving at = 41.0
   Vehicle #1 = -1, leaving at = inf
   Increment on distance indicator: 6.3
   Increment on tard indicator:     0.0
   Value of tmax indicator:         6.3

Task for patient = 27 with skills = {5,-1} and cost = 5.8
   Vehicle #0 = 11, leaving at = 93.0
   Vehicle #1 = -1, leaving at = inf
   Increment on distance indicator: 11.2
   Increment on tard indicator:     0.0
   Value of tmax indicator:         11.2

Task for patient = 117 with skills = {0,-1} and cost = 16.3
   Vehicle #0 = 1, leaving at = 124.0
   Vehicle #1 = -1, leaving at = inf
   Increment on distance indicator: 31.3
   Increment on tard indicator:     0.0
   Value of tmax indicator:         31.3

Task for patient = 15 with skills = {3,-1} and cost = 17.6
   Vehicle #0 = 12, leaving at = 37.0
   Vehicle #1 = -1, leaving at = inf
   Increment on distance indicator: 4.0
   Increment on tard indicator:     0.0
   Value of tmax indicator:         4.0

Task for patient = 195 with skills = {1,5} and cost = 43.6
   Vehicle #0 = 2, leaving at = 57.0
   Vehicle #1 = 12, leaving at = 94.0
   Increment on distance indicator: 78.0
   Increment on tard indicator:     0.0
   Value of tmax indicator:         78.0

Task for patient = 165 with skills = {4,5} and cost = 49.7
   Vehicle #0 = 10, leaving at = 131.0
   Vehicle #1 = 11, leaving at = 131.0
   Increment on distance indicator: 18.4
   Increment on tard indicator:     0.0
   Value of tmax indicator:         18.4

Task for patient = 176 with skills = {1,5} and cost = 61.1
   Vehicle #0 = 2, leaving at = 90.0
   Vehicle #1 = 12, leaving at = 127.0
   Increment on distance indicator: 34.1
   Increment on tard indicator:     0.0
   Value of tmax indicator:         34.1

Task for patient = 26 with skills = {1,-1} and cost = 70.6
   Vehicle #0 = 6, leaving at = 89.0
   Vehicle #1 = -1, leaving at = inf
   Increment on distance indicator: 28.6
   Increment on tard indicator:     0.0
   Value of tmax indicator:         28.6

Task for patient = 181 with skills = {1,4} and cost = 103.4
   Vehicle #0 = 0, leaving at = 104.1
   Vehicle #1 = 14, leaving at = 158.1
   Increment on distance indicator: 98.2
   Increment on tard indicator:     0.0
   Value of tmax indicator:         98.2

Task for patient = 146 with skills = {3,5} and cost = 154.1
   Vehicle #0 = 15, leaving at = 71.8
   Vehicle #1 = 13, leaving at = 71.8
   Increment on distance indicator: 111.6
   Increment on tard indicator:     0.0
   Value of tmax indicator:         111.6

Task for patient = 2 with skills = {2,-1} and cost = 158.0
   Vehicle #0 = 3, leaving at = 156.0
   Vehicle #1 = -1, leaving at = inf
   Increment on distance indicator: 11.7
   Increment on tard indicator:     0.0
   Value of tmax indicator:         11.7

Task for patient = 110 with skills = {5,-1} and cost = 261.3
   Vehicle #0 = 16, leaving at = 123.3
   Vehicle #1 = -1, leaving at = inf
   Increment on distance indicator: 4.0
   Increment on tard indicator:     0.0
   Value of tmax indicator:         4.0

Task for patient = 20 with skills = {1,-1} and cost = 169.9
   Vehicle #0 = 8, leaving at = 39.0
   Vehicle #1 = -1, leaving at = inf
   Increment on distance indicator: 23.0
   Increment on tard indicator:     0.0
   Value of tmax indicator:         23.0

Task for patient = 114 with skills = {0,-1} and cost = 177.9
   Vehicle #0 = 5, leaving at = 40.1
   Vehicle #1 = -1, leaving at = inf
   Increment on distance indicator: 24.1
   Increment on tard indicator:     0.0
   Value of tmax indicator:         24.1

Task for patient = 143 with skills = {3,4} and cost = 202.3
   Vehicle #0 = 15, leaving at = 103.3
   Vehicle #1 = 16, leaving at = 103.3
   Increment on distance indicator: 73.3
   Increment on tard indicator:     0.0
   Value of tmax indicator:         73.3

Task for patient = 42 with skills = {5,-1} and cost = 206.4
   Vehicle #0 = 14, leaving at = 186.3
   Vehicle #1 = -1, leaving at = inf
   Increment on distance indicator: 12.2
   Increment on tard indicator:     0.0
   Value of tmax indicator:         12.2

Task for patient = 61 with skills = {2,-1} and cost = 210.9
   Vehicle #0 = 4, leaving at = 102.0
   Vehicle #1 = -1, leaving at = inf
   Increment on distance indicator: 13.6
   Increment on tard indicator:     0.0
   Value of tmax indicator:         13.6

Task for patient = 35 with skills = {2,-1} and cost = 213.0
   Vehicle #0 = 6, leaving at = 136.9
   Vehicle #1 = -1, leaving at = inf
   Increment on distance indicator: 6.1
   Increment on tard indicator:     0.0
   Value of tmax indicator:         6.1

Task for patient = 40 with skills = {1,-1} and cost = 217.5
   Vehicle #0 = 2, leaving at = 119.6
   Vehicle #1 = -1, leaving at = inf
   Increment on distance indicator: 13.6
   Increment on tard indicator:     0.0
   Value of tmax indicator:         13.6

Task for patient = 145 with skills = {3,5} and cost = 226.9
   Vehicle #0 = 15, leaving at = 136.0
   Vehicle #1 = 13, leaving at = 136.0
   Increment on distance indicator: 28.3
   Increment on tard indicator:     0.0
   Value of tmax indicator:         28.3

Task for patient = 90 with skills = {1,-1} and cost = 228.6
   Vehicle #0 = 6, leaving at = 167.0
   Vehicle #1 = -1, leaving at = inf
   Increment on distance indicator: 5.0
   Increment on tard indicator:     0.0
   Value of tmax indicator:         5.0

Task for patient = 156 with skills = {3,5} and cost = 245.5
   Vehicle #0 = 11, leaving at = 165.0
   Vehicle #1 = 17, leaving at = 165.0
   Increment on distance indicator: 50.8
   Increment on tard indicator:     0.0
   Value of tmax indicator:         50.8

Task for patient = 161 with skills = {3,5} and cost = 255.9
   Vehicle #0 = 18, leaving at = 118.0
   Vehicle #1 = 19, leaving at = 118.0
   Increment on distance indicator: 31.2
   Increment on tard indicator:     0.0
   Value of tmax indicator:         31.2

Task for patient = 111 with skills = {1,-1} and cost = 260.0
   Vehicle #0 = 8, leaving at = 67.2
   Vehicle #1 = -1, leaving at = inf
   Increment on distance indicator: 12.2
   Increment on tard indicator:     0.0
   Value of tmax indicator:         12.2

Task for patient = 91 with skills = {0,-1} and cost = 162.2
   Vehicle #0 = 3, leaving at = 196.0
   Vehicle #1 = -1, leaving at = inf
   Increment on distance indicator: 12.5
   Increment on tard indicator:     0.0
   Value of tmax indicator:         12.5

Task for patient = 149 with skills = {3,5} and cost = 513.7
   Vehicle #0 = 12, leaving at = 301.3
   Vehicle #1 = 13, leaving at = 301.3
   Increment on distance indicator: 10.2
   Increment on tard indicator:     0.0
   Value of tmax indicator:         10.2

Task for patient = 47 with skills = {2,-1} and cost = 517.3
   Vehicle #0 = 8, leaving at = 264.0
   Vehicle #1 = -1, leaving at = inf
   Increment on distance indicator: 10.8
   Increment on tard indicator:     0.0
   Value of tmax indicator:         10.8

Task for patient = 33 with skills = {0,-1} and cost = 535.0
   Vehicle #0 = 5, leaving at = 109.1
   Vehicle #1 = -1, leaving at = inf
   Increment on distance indicator: 53.0
   Increment on tard indicator:     0.0
   Value of tmax indicator:         53.0

Task for patient = 131 with skills = {4,-1} and cost = 536.0
   Vehicle #0 = 12, leaving at = 344.0
   Vehicle #1 = -1, leaving at = inf
   Increment on distance indicator: 3.0
   Increment on tard indicator:     0.0
   Value of tmax indicator:         3.0

Task for patient = 4 with skills = {1,-1} and cost = 538.2
   Vehicle #0 = 6, leaving at = 209.3
   Vehicle #1 = -1, leaving at = inf
   Increment on distance indicator: 6.7
   Increment on tard indicator:     0.0
   Value of tmax indicator:         6.7

Task for patient = 36 with skills = {3,-1} and cost = 541.2
   Vehicle #0 = 27, leaving at = 86.9
   Vehicle #1 = -1, leaving at = inf
   Increment on distance indicator: 8.9
   Increment on tard indicator:     0.0
   Value of tmax indicator:         8.9

Task for patient = 171 with skills = {0,5} and cost = 545.5
   Vehicle #0 = 1, leaving at = 239.1
   Vehicle #1 = 18, leaving at = 287.1
   Increment on distance indicator: 12.9
   Increment on tard indicator:     0.0
   Value of tmax indicator:         12.9

Task for patient = 192 with skills = {2,4} and cost = 549.0
   Vehicle #0 = 6, leaving at = 235.4
   Vehicle #1 = 19, leaving at = 283.4
   Increment on distance indicator: 10.4
   Increment on tard indicator:     0.0
   Value of tmax indicator:         10.4

Task for patient = 1 with skills = {2,-1} and cost = 553.7
   Vehicle #0 = 4, leaving at = 150.0
   Vehicle #1 = -1, leaving at = inf
   Increment on distance indicator: 13.9
   Increment on tard indicator:     0.0
   Value of tmax indicator:         13.9

Task for patient = 34 with skills = {0,-1} and cost = 559.3
   Vehicle #0 = 6, leaving at = 268.4
   Vehicle #1 = -1, leaving at = inf
   Increment on distance indicator: 17.0
   Increment on tard indicator:     0.0
   Value of tmax indicator:         17.0

Task for patient = 142 with skills = {4,5} and cost = 564.0
   Vehicle #0 = 11, leaving at = 270.1
   Vehicle #1 = 17, leaving at = 270.1
   Increment on distance indicator: 14.1
   Increment on tard indicator:     0.0
   Value of tmax indicator:         14.1

Task for patient = 98 with skills = {5,-1} and cost = 379.0
   Vehicle #0 = 23, leaving at = 141.1
   Vehicle #1 = -1, leaving at = inf
   Increment on distance indicator: 4.1
   Increment on tard indicator:     0.0
   Value of tmax indicator:         4.1

Task for patient = 188 with skills = {1,3} and cost = 574.6
   Vehicle #0 = 9, leaving at = 250.0
   Vehicle #1 = 27, leaving at = 296.0
   Increment on distance indicator: 10.8
   Increment on tard indicator:     0.0
   Value of tmax indicator:         10.8

Task for patient = 68 with skills = {0,-1} and cost = 576.3
   Vehicle #0 = 7, leaving at = 298.0
   Vehicle #1 = -1, leaving at = inf
   Increment on distance indicator: 5.0
   Increment on tard indicator:     0.0
   Value of tmax indicator:         5.0

Task for patient = 115 with skills = {3,-1} and cost = 592.2
   Vehicle #0 = 21, leaving at = 238.5
   Vehicle #1 = -1, leaving at = inf
   Increment on distance indicator: 11.0
   Increment on tard indicator:     0.0
   Value of tmax indicator:         11.0

Task for patient = 184 with skills = {2,3} and cost = 613.9
   Vehicle #0 = 3, leaving at = 256.8
   Vehicle #1 = 11, leaving at = 303.1
   Increment on distance indicator: 39.1
   Increment on tard indicator:     0.0
   Value of tmax indicator:         39.1

Task for patient = 190 with skills = {1,4} and cost = 621.0
   Vehicle #0 = 2, leaving at = 244.0
   Vehicle #1 = 16, leaving at = 262.0
   Increment on distance indicator: 21.5
   Increment on tard indicator:     0.0
   Value of tmax indicator:         21.5

Task for patient = 180 with skills = {1,3} and cost = 628.5
   Vehicle #0 = 9, leaving at = 337.1
   Vehicle #1 = 21, leaving at = 352.1
   Increment on distance indicator: 22.4
   Increment on tard indicator:     0.0
   Value of tmax indicator:         22.4

Task for patient = 194 with skills = {1,3} and cost = 630.0
   Vehicle #0 = 2, leaving at = 285.0
   Vehicle #1 = 16, leaving at = 285.0
   Increment on distance indicator: 4.5
   Increment on tard indicator:     0.0
   Value of tmax indicator:         4.5

Task for patient = 38 with skills = {0,-1} and cost = 631.3
   Vehicle #0 = 3, leaving at = 310.0
   Vehicle #1 = -1, leaving at = inf
   Increment on distance indicator: 4.0
   Increment on tard indicator:     0.0
   Value of tmax indicator:         4.0

Task for patient = 64 with skills = {2,-1} and cost = 634.3
   Vehicle #0 = 6, leaving at = 293.5
   Vehicle #1 = -1, leaving at = inf
   Increment on distance indicator: 9.1
   Increment on tard indicator:     0.0
   Value of tmax indicator:         9.1

Task for patient = 56 with skills = {4,-1} and cost = 636.0
   Vehicle #0 = 27, leaving at = 317.0
   Vehicle #1 = -1, leaving at = inf
   Increment on distance indicator: 5.0
   Increment on tard indicator:     0.0
   Value of tmax indicator:         5.0

Task for patient = 200 with skills = {1,4} and cost = 994.9
   Vehicle #0 = 9, leaving at = 465.6
   Vehicle #1 = 28, leaving at = 478.6
   Increment on distance indicator: 20.4
   Increment on tard indicator:     0.0
   Value of tmax indicator:         20.4

Task for patient = 173 with skills = {1,5} and cost = 653.6
   Vehicle #0 = 2, leaving at = 314.3
   Vehicle #1 = 13, leaving at = 324.3
   Increment on distance indicator: 17.2
   Increment on tard indicator:     0.0
   Value of tmax indicator:         17.2

Task for patient = 163 with skills = {3,5} and cost = 571.0
   Vehicle #0 = 25, leaving at = 258.1
   Vehicle #1 = 29, leaving at = 258.1
   Increment on distance indicator: 21.0
   Increment on tard indicator:     0.0
   Value of tmax indicator:         21.0

Task for patient = 83 with skills = {4,-1} and cost = 380.2
   Vehicle #0 = 10, leaving at = 200.0
   Vehicle #1 = -1, leaving at = inf
   Increment on distance indicator: 3.6
   Increment on tard indicator:     0.0
   Value of tmax indicator:         3.6

Task for patient = 151 with skills = {4,5} and cost = 385.1
   Vehicle #0 = 12, leaving at = 221.2
   Vehicle #1 = 16, leaving at = 221.2
   Increment on distance indicator: 14.6
   Increment on tard indicator:     0.0
   Value of tmax indicator:         14.6

Task for patient = 174 with skills = {2,3} and cost = 394.3
   Vehicle #0 = 2, leaving at = 175.0
   Vehicle #1 = 15, leaving at = 233.0
   Increment on distance indicator: 27.7
   Increment on tard indicator:     0.0
   Value of tmax indicator:         27.7

Task for patient = 8 with skills = {4,-1} and cost = 396.6
   Vehicle #0 = 12, leaving at = 260.0
   Vehicle #1 = -1, leaving at = inf
   Increment on distance indicator: 7.1
   Increment on tard indicator:     0.0
   Value of tmax indicator:         7.1

Task for patient = 63 with skills = {1,-1} and cost = 400.6
   Vehicle #0 = 9, leaving at = 131.0
   Vehicle #1 = -1, leaving at = inf
   Increment on distance indicator: 12.0
   Increment on tard indicator:     0.0
   Value of tmax indicator:         12.0

Task for patient = 109 with skills = {3,-1} and cost = 401.4
   Vehicle #0 = 12, leaving at = 278.2
   Vehicle #1 = -1, leaving at = inf
   Increment on distance indicator: 2.2
   Increment on tard indicator:     0.0
   Value of tmax indicator:         2.2

Task for patient = 106 with skills = {5,-1} and cost = 404.1
   Vehicle #0 = 20, leaving at = 357.0
   Vehicle #1 = -1, leaving at = inf
   Increment on distance indicator: 8.1
   Increment on tard indicator:     0.0
   Value of tmax indicator:         8.1

Task for patient = 197 with skills = {1,5} and cost = 418.0
   Vehicle #0 = 2, leaving at = 205.2
   Vehicle #1 = 13, leaving at = 226.2
   Increment on distance indicator: 41.7
   Increment on tard indicator:     0.0
   Value of tmax indicator:         41.7

Task for patient = 153 with skills = {3,4} and cost = 420.4
   Vehicle #0 = 18, leaving at = 211.0
   Vehicle #1 = 19, leaving at = 211.0
   Increment on distance indicator: 7.2
   Increment on tard indicator:     0.0
   Value of tmax indicator:         7.2

Task for patient = 102 with skills = {4,-1} and cost = 423.5
   Vehicle #0 = 23, leaving at = 166.5
   Vehicle #1 = -1, leaving at = inf
   Increment on distance indicator: 9.4
   Increment on tard indicator:     0.0
   Value of tmax indicator:         9.4

Task for patient = 16 with skills = {4,-1} and cost = 425.5
   Vehicle #0 = 11, leaving at = 186.9
   Vehicle #1 = -1, leaving at = inf
   Increment on distance indicator: 5.8
   Increment on tard indicator:     0.0
   Value of tmax indicator:         5.8

Task for patient = 160 with skills = {3,4} and cost = 510.3
   Vehicle #0 = 18, leaving at = 263.4
   Vehicle #1 = 19, leaving at = 263.4
   Increment on distance indicator: 28.6
   Increment on tard indicator:     0.0
   Value of tmax indicator:         28.6

Task for patient = 164 with skills = {3,4} and cost = 431.2
   Vehicle #0 = 18, leaving at = 233.1
   Vehicle #1 = 19, leaving at = 233.1
   Increment on distance indicator: 12.2
   Increment on tard indicator:     0.0
   Value of tmax indicator:         12.2

Task for patient = 113 with skills = {4,-1} and cost = 432.9
   Vehicle #0 = 27, leaving at = 62.0
   Vehicle #1 = -1, leaving at = inf
   Increment on distance indicator: 5.0
   Increment on tard indicator:     0.0
   Value of tmax indicator:         5.0

Task for patient = 108 with skills = {1,-1} and cost = 440.2
   Vehicle #0 = 8, leaving at = 179.0
   Vehicle #1 = -1, leaving at = inf
   Increment on distance indicator: 21.9
   Increment on tard indicator:     0.0
   Value of tmax indicator:         21.9

Task for patient = 162 with skills = {3,4} and cost = 450.1
   Vehicle #0 = 11, leaving at = 247.0
   Vehicle #1 = 17, leaving at = 247.0
   Increment on distance indicator: 29.6
   Increment on tard indicator:     0.0
   Value of tmax indicator:         29.6

Task for patient = 59 with skills = {0,-1} and cost = 455.7
   Vehicle #0 = 1, leaving at = 166.0
   Vehicle #1 = -1, leaving at = inf
   Increment on distance indicator: 17.0
   Increment on tard indicator:     0.0
   Value of tmax indicator:         17.0

Task for patient = 127 with skills = {4,-1} and cost = 458.7
   Vehicle #0 = 22, leaving at = 182.2
   Vehicle #1 = -1, leaving at = inf
   Increment on distance indicator: 8.9
   Increment on tard indicator:     0.0
   Value of tmax indicator:         8.9

Task for patient = 182 with skills = {2,4} and cost = 463.9
   Vehicle #0 = 1, leaving at = 192.0
   Vehicle #1 = 23, leaving at = 223.0
   Increment on distance indicator: 15.7
   Increment on tard indicator:     0.0
   Value of tmax indicator:         15.7

Task for patient = 62 with skills = {1,-1} and cost = 469.2
   Vehicle #0 = 9, leaving at = 162.8
   Vehicle #1 = -1, leaving at = inf
   Increment on distance indicator: 15.8
   Increment on tard indicator:     0.0
   Value of tmax indicator:         15.8

Task for patient = 28 with skills = {5,-1} and cost = 478.2
   Vehicle #0 = 28, leaving at = 75.0
   Vehicle #1 = -1, leaving at = inf
   Increment on distance indicator: 27.1
   Increment on tard indicator:     0.0
   Value of tmax indicator:         27.1

Task for patient = 179 with skills = {1,3} and cost = 488.8
   Vehicle #0 = 0, leaving at = 200.0
   Vehicle #1 = 25, leaving at = 235.0
   Increment on distance indicator: 31.6
   Increment on tard indicator:     0.0
   Value of tmax indicator:         31.6

Task for patient = 22 with skills = {0,-1} and cost = 491.9
   Vehicle #0 = 1, leaving at = 217.5
   Vehicle #1 = -1, leaving at = inf
   Increment on distance indicator: 9.4
   Increment on tard indicator:     0.0
   Value of tmax indicator:         9.4

Task for patient = 175 with skills = {2,5} and cost = 500.8
   Vehicle #0 = 8, leaving at = 210.8
   Vehicle #1 = 23, leaving at = 249.8
   Increment on distance indicator: 26.6
   Increment on tard indicator:     0.0
   Value of tmax indicator:         26.6

Task for patient = 92 with skills = {4,-1} and cost = 427.2
   Vehicle #0 = 11, leaving at = 218.0
   Vehicle #1 = -1, leaving at = inf
   Increment on distance indicator: 5.1
   Increment on tard indicator:     0.0
   Value of tmax indicator:         5.1


Unused vehicle list: 26 (total = 1 out of 30)

---
Search finished.
Total of 1900 generations in 173.9 seconds.
Exchange elite runs: 0
Implicit path relinking runs: 0
Reset attempts: 0

Best solution found:
   Cost: 1269.3
   Total travel time: 3773.7
   Total tardiness time: 25.8
   Largest tardiness: 8.3


1269.3
