This host is: shiva
--- BRKGA-MP-IPR for HHCRSP ---
Instance: /home/alberto/work/gecco2020-brkga/instances-HHCRSP/InstanzCPLEX_HCSRP_50_10.txt
Seed: 1

Reading data... Problem contains 50 patients  and 10 caregivers.

Summary of supply x demand for each service type:
Skill 0 has supply = 1 and demand = 9, ratio = 0.111111
Skill 1 has supply = 1 and demand = 8, ratio = 0.125
Skill 2 has supply = 2 and demand = 11, ratio = 0.181818
Skill 3 has supply = 6 and demand = 11, ratio = 0.545455
Skill 4 has supply = 5 and demand = 13, ratio = 0.384615
Skill 5 has supply = 6 and demand = 13, ratio = 0.461538

Reading parameters...
Inferred distance function by PR type: kendall-tau
Building BRKGA data and initializing...
Evolving 1900 generations...

  Gens  Rem    Local   ElDiv NoImpr             Best solution            Time  Op
                                       Cost     Dist    Tard    TMax 
*    0 1900  2168.85  253.15      0  2168.85  2601.17  3440.8   464.6     0.0    
*    2 1898  2019.30  189.04      0  2019.30  2424.28  3335.7   297.9     0.1    
*    5 1895  1683.38  132.56      0  1683.38  2254.39  2498.9   296.8     0.1    
*    7 1893  1335.20  120.63      0  1335.20  2378.04  1367.1   260.1     0.2    
*    8 1892  1335.09  127.17      0  1335.09  2325.63   933.8   160.5     0.2    
*    9 1891  1139.97   98.48      0  1139.97  2325.63   933.8   160.5     0.2    
*   11 1889  1088.05   99.70      0  1088.05  2109.84   944.3   210.1     0.3    
*   13 1887  1082.21   77.01      0  1082.21  2264.75   476.5    99.2     0.3    
*   14 1886   946.78   61.52      0   946.78  2018.39   575.8   178.8     0.3    
*   15 1885   924.31   51.98      0   924.31  2018.39   575.8   178.8     0.3    
*   17 1883   881.98   47.67      0   881.98  2182.98   284.4   117.0     0.4    
*   18 1882   861.47   44.92      0   861.47  2081.45   363.0    87.9     0.4    
*   19 1881   844.14   39.45      0   844.14  2169.34   246.1    84.7     0.4    
*   20 1880   833.36   34.60      0   833.36  2015.41   303.7    81.4     0.4    
*   21 1879   800.18   29.78      0   800.18  2015.41   303.7    81.4     0.5    

  Gens  Rem    Local   ElDiv NoImpr             Best solution            Time  Op
                                       Cost     Dist    Tard    TMax 
*   23 1877   768.46   26.50      0   768.46  2040.34   213.3    51.8     0.5    
*   25 1875   735.58   21.42      0   735.58  1900.16   209.5    97.1     0.5    
*   27 1873   725.80   18.84      0   725.80  2002.73   114.3    60.4     0.6    
*   29 1871   712.14   19.83      0   712.14  1893.89    88.0    39.1     0.6    
*   30 1870   673.66   16.41      0   673.66  1893.89    88.0    39.1     0.7    
*   35 1865   670.02   10.16      0   670.02  1878.96    79.5    39.9     0.8    
*   36 1864   666.14    9.38      0   666.14  1878.96    79.5    39.9     0.8    
*   38 1862   664.24    8.81      0   664.24  1818.46    80.2    39.9     0.8    
*   39 1861   646.18    8.32      0   646.18  1847.35    64.4    16.4     0.8    
*   40 1860   642.74    7.53      0   642.74  1843.93    58.0    16.4     0.9    
*   41 1859   639.46    6.50      0   639.46  1843.93    58.0    16.4     0.9    
*   44 1856   638.18    4.97      0   638.18  1826.03    52.3    19.7     0.9    
*   45 1855   632.68    4.41      0   632.68  1814.71    64.4    16.4     1.0    
*   46 1854   631.86    3.90      0   631.86  1810.40    64.4    16.4     1.0    
*   47 1853   630.43    3.39      0   630.43  1810.40    64.4    16.4     1.0    
*   49 1851   629.39    2.45      0   629.39  1804.57    64.4    16.4     1.0    

  Gens  Rem    Local   ElDiv NoImpr             Best solution            Time  Op
                                       Cost     Dist    Tard    TMax 
*   50 1850   628.48    1.91      0   628.48  1804.57    64.4    16.4     1.1    
*   52 1848   626.40    1.40      0   626.40  1798.77    58.7    19.7     1.1    
*   53 1847   625.73    1.19      0   625.73  1798.77    58.7    19.7     1.1    
*   56 1844   624.40    0.87      0   624.40  1794.77    58.7    19.7     1.2    
*   60 1840   621.75    0.62      0   621.75  1784.38    64.4    16.4     1.3    
*   72 1828   621.62    0.54      0   621.62  1783.99    64.4    16.4     1.5    
*   74 1826   619.56    0.31      0   619.56  1777.78    64.4    16.4     1.6    
*   77 1823   619.43    0.98      0   619.43  1777.41    64.4    16.4     1.6    
   100 1800   619.43    0.00     23   619.43  1777.41    64.4    16.4     2.1    
   150 1750   619.43    0.00     73   619.43  1777.41    64.4    16.4     3.1    
   200 1700   619.43    0.00    123   619.43  1777.41    64.4    16.4     4.2    
   250 1650   619.43    0.00    173   619.43  1777.41    64.4    16.4     5.2    
   300 1600   619.43    0.00    223   619.43  1777.41    64.4    16.4     6.3    
   350 1550   619.43    0.00    273   619.43  1777.41    64.4    16.4     7.3    
   400 1500   619.43    0.00    323   619.43  1777.41    64.4    16.4     8.3    
   450 1450   619.43    0.00    373   619.43  1777.41    64.4    16.4     9.4    

  Gens  Rem    Local   ElDiv NoImpr             Best solution            Time  Op
                                       Cost     Dist    Tard    TMax 
   500 1400   619.43    0.00    423   619.43  1777.41    64.4    16.4    10.4    
   550 1350   619.43    0.00    473   619.43  1777.41    64.4    16.4    11.4    
   600 1300   619.43    0.00    523   619.43  1777.41    64.4    16.4    12.5    
   650 1250   619.43    0.00    573   619.43  1777.41    64.4    16.4    13.5    
   700 1200   619.43    0.00    623   619.43  1777.41    64.4    16.4    14.6    
   750 1150   619.43    0.00    673   619.43  1777.41    64.4    16.4    15.6    
   776 1124      inf  288.46      0   619.43  1777.41    64.4    16.4    16.1   R
   777 1123  2363.82  235.35      0   619.43  1777.41    64.4    16.4    16.2    
   800 1100   770.31   31.62      0   619.43  1777.41    64.4    16.4    16.6    
   850 1050   621.88    0.28      1   619.43  1777.41    64.4    16.4    17.7    
   900 1000   619.43    0.00     37   619.43  1777.41    64.4    16.4    18.7    
   950  950   619.43    0.00     87   619.43  1777.41    64.4    16.4    19.7    
  1000  900   619.43    0.00    137   619.43  1777.41    64.4    16.4    20.8    
  1050  850   619.43    0.00    187   619.43  1777.41    64.4    16.4    21.8    
  1100  800   619.43    0.00    237   619.43  1777.41    64.4    16.4    22.8    
  1150  750   619.43    0.00    287   619.43  1777.41    64.4    16.4    23.9    

  Gens  Rem    Local   ElDiv NoImpr             Best solution            Time  Op
                                       Cost     Dist    Tard    TMax 
  1200  700   619.43    0.00    337   619.43  1777.41    64.4    16.4    24.9    
  1250  650   619.43    0.00    387   619.43  1777.41    64.4    16.4    25.9    
  1300  600   619.43    0.00    437   619.43  1777.41    64.4    16.4    27.0    
  1350  550   619.43    0.00    487   619.43  1777.41    64.4    16.4    28.0    
  1400  500   619.43    0.00    537   619.43  1777.41    64.4    16.4    29.0    
  1450  450   619.43    0.00    587   619.43  1777.41    64.4    16.4    30.1    
  1500  400   619.43    0.00    637   619.43  1777.41    64.4    16.4    31.1    
  1550  350   619.43    0.00    687   619.43  1777.41    64.4    16.4    32.1    
  1562  338      inf  275.85      0   619.43  1777.41    64.4    16.4    32.4   R
  1563  337  2127.70  226.16      0   619.43  1777.41    64.4    16.4    32.4    
  1600  300   669.96    7.28      0   619.43  1777.41    64.4    16.4    33.2    
* 1639  261   618.53    0.24      0   618.53  1774.72    64.4    16.4    34.0    
  1650  250   618.53    1.17     11   618.53  1774.72    64.4    16.4    34.2    
* 1677  223   618.40    0.01      0   618.40  1774.32    64.4    16.4    34.8    
  1700  200   618.40    0.00     23   618.40  1774.32    64.4    16.4    35.2    
  1750  150   618.40    0.00     73   618.40  1774.32    64.4    16.4    36.3    

  Gens  Rem    Local   ElDiv NoImpr             Best solution            Time  Op
                                       Cost     Dist    Tard    TMax 
  1800  100   618.40    0.00    123   618.40  1774.32    64.4    16.4    37.3    
  1850   50   618.40    0.00    173   618.40  1774.32    64.4    16.4    38.3    
  1900    0   618.40    0.00    223   618.40  1774.32    64.4    16.4    39.4    
Evolutionary process finished.
Solution written to 'solution-21721.txt'.

Sorted sequence of worst to best tardiness value:
Task for patient = 11 with skills = {1,-1} and cost = 191.1
   Vehicle #0 = 2, leaving at = 194.4
   Vehicle #1 = -1, leaving at = inf
   Increment on distance indicator: 4.1
   Increment on tard indicator:     16.4
   Value of tmax indicator:         4.1

Task for patient = 18 with skills = {1,-1} and cost = 315.9
   Vehicle #0 = 2, leaving at = 344.1
   Vehicle #1 = -1, leaving at = inf
   Increment on distance indicator: 27.7
   Increment on tard indicator:     16.1
   Value of tmax indicator:         27.7

Task for patient = 19 with skills = {1,-1} and cost = 337.9
   Vehicle #0 = 2, leaving at = 404.1
   Vehicle #1 = -1, leaving at = inf
   Increment on distance indicator: 45.0
   Increment on tard indicator:     16.1
   Value of tmax indicator:         45.0

Task for patient = 35 with skills = {1,-1} and cost = 289.9
   Vehicle #0 = 2, leaving at = 301.4
   Vehicle #1 = -1, leaving at = inf
   Increment on distance indicator: 52.9
   Increment on tard indicator:     9.4
   Value of tmax indicator:         52.9

Task for patient = 23 with skills = {3,-1} and cost = 369.3
   Vehicle #0 = 4, leaving at = 456.4
   Vehicle #1 = -1, leaving at = inf
   Increment on distance indicator: 13.4
   Increment on tard indicator:     6.4
   Value of tmax indicator:         13.4

Task for patient = 6 with skills = {4,-1} and cost = 269.2
   Vehicle #0 = 5, leaving at = 329.6
   Vehicle #1 = -1, leaving at = inf
   Increment on distance indicator: 22.2
   Increment on tard indicator:     0.0
   Value of tmax indicator:         22.2

Task for patient = 24 with skills = {2,-1} and cost = 301.3
   Vehicle #0 = 1, leaving at = 289.4
   Vehicle #1 = -1, leaving at = inf
   Increment on distance indicator: 34.0
   Increment on tard indicator:     0.0
   Value of tmax indicator:         34.0

Task for patient = 17 with skills = {4,-1} and cost = 317.5
   Vehicle #0 = 9, leaving at = 301.0
   Vehicle #1 = -1, leaving at = inf
   Increment on distance indicator: 5.0
   Increment on tard indicator:     0.0
   Value of tmax indicator:         5.0

Task for patient = 44 with skills = {2,5} and cost = 350.2
   Vehicle #0 = 1, leaving at = 330.4
   Vehicle #1 = 6, leaving at = 334.4
   Increment on distance indicator: 36.8
   Increment on tard indicator:     0.0
   Value of tmax indicator:         36.8

Task for patient = 27 with skills = {2,-1} and cost = 362.7
   Vehicle #0 = 1, leaving at = 383.0
   Vehicle #1 = -1, leaving at = inf
   Increment on distance indicator: 37.6
   Increment on tard indicator:     0.0
   Value of tmax indicator:         37.6

Task for patient = 25 with skills = {5,-1} and cost = 371.4
   Vehicle #0 = 3, leaving at = 392.3
   Vehicle #1 = -1, leaving at = inf
   Increment on distance indicator: 6.3
   Increment on tard indicator:     0.0
   Value of tmax indicator:         6.3

Task for patient = 46 with skills = {0,5} and cost = 261.8
   Vehicle #0 = 0, leaving at = 338.9
   Vehicle #1 = 3, leaving at = 370.9
   Increment on distance indicator: 77.0
   Increment on tard indicator:     0.0
   Value of tmax indicator:         77.0

Task for patient = 36 with skills = {3,4} and cost = 392.7
   Vehicle #0 = 5, leaving at = 370.0
   Vehicle #1 = 8, leaving at = 370.0
   Increment on distance indicator: 44.9
   Increment on tard indicator:     0.0
   Value of tmax indicator:         44.9

Task for patient = 14 with skills = {0,-1} and cost = 394.4
   Vehicle #0 = 0, leaving at = 423.0
   Vehicle #1 = -1, leaving at = inf
   Increment on distance indicator: 5.1
   Increment on tard indicator:     0.0
   Value of tmax indicator:         5.1

Task for patient = 43 with skills = {2,3} and cost = 406.2
   Vehicle #0 = 1, leaving at = 422.0
   Vehicle #1 = 5, leaving at = 453.0
   Increment on distance indicator: 35.3
   Increment on tard indicator:     0.0
   Value of tmax indicator:         35.3

Task for patient = 48 with skills = {0,5} and cost = 414.1
   Vehicle #0 = 0, leaving at = 489.0
   Vehicle #1 = 9, leaving at = 505.0
   Increment on distance indicator: 23.8
   Increment on tard indicator:     0.0
   Value of tmax indicator:         23.8

Task for patient = 41 with skills = {3,5} and cost = 418.3
   Vehicle #0 = 7, leaving at = 414.0
   Vehicle #1 = 3, leaving at = 414.0
   Increment on distance indicator: 12.5
   Increment on tard indicator:     0.0
   Value of tmax indicator:         12.5

Task for patient = 1 with skills = {3,-1} and cost = 422.0
   Vehicle #0 = 4, leaving at = 482.6
   Vehicle #1 = -1, leaving at = inf
   Increment on distance indicator: 11.2
   Increment on tard indicator:     0.0
   Value of tmax indicator:         11.2

Task for patient = 30 with skills = {2,-1} and cost = 431.7
   Vehicle #0 = 1, leaving at = 485.0
   Vehicle #1 = -1, leaving at = inf
   Increment on distance indicator: 29.1
   Increment on tard indicator:     0.0
   Value of tmax indicator:         29.1

Task for patient = 28 with skills = {2,-1} and cost = 447.2
   Vehicle #0 = 2, leaving at = 499.5
   Vehicle #1 = -1, leaving at = inf
   Increment on distance indicator: 46.4
   Increment on tard indicator:     0.0
   Value of tmax indicator:         46.4

Task for patient = 10 with skills = {4,-1} and cost = 451.9
   Vehicle #0 = 5, leaving at = 482.1
   Vehicle #1 = -1, leaving at = inf
   Increment on distance indicator: 14.0
   Increment on tard indicator:     0.0
   Value of tmax indicator:         14.0

Task for patient = 42 with skills = {4,5} and cost = 458.5
   Vehicle #0 = 5, leaving at = 509.2
   Vehicle #1 = 4, leaving at = 509.2
   Increment on distance indicator: 19.9
   Increment on tard indicator:     0.0
   Value of tmax indicator:         19.9

Task for patient = 47 with skills = {0,5} and cost = 467.3
   Vehicle #0 = 0, leaving at = 517.2
   Vehicle #1 = 9, leaving at = 568.2
   Increment on distance indicator: 26.3
   Increment on tard indicator:     0.0
   Value of tmax indicator:         26.3

Task for patient = 40 with skills = {3,5} and cost = 490.3
   Vehicle #0 = 6, leaving at = 438.9
   Vehicle #1 = 8, leaving at = 438.9
   Increment on distance indicator: 68.9
   Increment on tard indicator:     0.0
   Value of tmax indicator:         68.9

Task for patient = 31 with skills = {2,-1} and cost = 377.8
   Vehicle #0 = 2, leaving at = 438.1
   Vehicle #1 = -1, leaving at = inf
   Increment on distance indicator: 19.0
   Increment on tard indicator:     0.0
   Value of tmax indicator:         19.0

Task for patient = 50 with skills = {0,4} and cost = 12.3
   Vehicle #0 = 0, leaving at = 58.0
   Vehicle #1 = 3, leaving at = 67.0
   Increment on distance indicator: 36.8
   Increment on tard indicator:     0.0
   Value of tmax indicator:         36.8

Task for patient = 12 with skills = {5,-1} and cost = 19.6
   Vehicle #0 = 4, leaving at = 74.0
   Vehicle #1 = -1, leaving at = inf
   Increment on distance indicator: 22.0
   Increment on tard indicator:     0.0
   Value of tmax indicator:         22.0

Task for patient = 37 with skills = {4,5} and cost = 42.6
   Vehicle #0 = 5, leaving at = 114.6
   Vehicle #1 = 4, leaving at = 114.6
   Increment on distance indicator: 69.0
   Increment on tard indicator:     0.0
   Value of tmax indicator:         69.0

Task for patient = 39 with skills = {3,4} and cost = 63.2
   Vehicle #0 = 4, leaving at = 160.5
   Vehicle #1 = 5, leaving at = 160.5
   Increment on distance indicator: 61.7
   Increment on tard indicator:     0.0
   Value of tmax indicator:         61.7

Task for patient = 49 with skills = {1,4} and cost = 81.6
   Vehicle #0 = 2, leaving at = 56.0
   Vehicle #1 = 6, leaving at = 105.0
   Increment on distance indicator: 55.2
   Increment on tard indicator:     0.0
   Value of tmax indicator:         55.2

Task for patient = 22 with skills = {1,-1} and cost = 93.6
   Vehicle #0 = 2, leaving at = 107.0
   Vehicle #1 = -1, leaving at = inf
   Increment on distance indicator: 36.0
   Increment on tard indicator:     0.0
   Value of tmax indicator:         36.0

Task for patient = 2 with skills = {0,-1} and cost = 109.5
   Vehicle #0 = 0, leaving at = 120.8
   Vehicle #1 = -1, leaving at = inf
   Increment on distance indicator: 47.8
   Increment on tard indicator:     0.0
   Value of tmax indicator:         47.8

Task for patient = 5 with skills = {4,-1} and cost = 113.8
   Vehicle #0 = 8, leaving at = 61.0
   Vehicle #1 = -1, leaving at = inf
   Increment on distance indicator: 12.8
   Increment on tard indicator:     0.0
   Value of tmax indicator:         12.8

Task for patient = 3 with skills = {3,-1} and cost = 123.0
   Vehicle #0 = 4, leaving at = 203.1
   Vehicle #1 = -1, leaving at = inf
   Increment on distance indicator: 27.7
   Increment on tard indicator:     0.0
   Value of tmax indicator:         27.7

Task for patient = 8 with skills = {4,-1} and cost = 127.1
   Vehicle #0 = 5, leaving at = 223.0
   Vehicle #1 = -1, leaving at = inf
   Increment on distance indicator: 12.2
   Increment on tard indicator:     0.0
   Value of tmax indicator:         12.2

Task for patient = 7 with skills = {1,-1} and cost = 137.7
   Vehicle #0 = 2, leaving at = 153.9
   Vehicle #1 = -1, leaving at = inf
   Increment on distance indicator: 31.9
   Increment on tard indicator:     0.0
   Value of tmax indicator:         31.9

Task for patient = 9 with skills = {3,-1} and cost = 236.1
   Vehicle #0 = 5, leaving at = 292.4
   Vehicle #1 = -1, leaving at = inf
   Increment on distance indicator: 15.6
   Increment on tard indicator:     0.0
   Value of tmax indicator:         15.6

Task for patient = 33 with skills = {0,-1} and cost = 165.6
   Vehicle #0 = 0, leaving at = 180.4
   Vehicle #1 = -1, leaving at = inf
   Increment on distance indicator: 44.6
   Increment on tard indicator:     0.0
   Value of tmax indicator:         44.6

Task for patient = 4 with skills = {0,-1} and cost = 171.4
   Vehicle #0 = 0, leaving at = 212.8
   Vehicle #1 = -1, leaving at = inf
   Increment on distance indicator: 17.5
   Increment on tard indicator:     0.0
   Value of tmax indicator:         17.5

Task for patient = 15 with skills = {3,-1} and cost = 175.3
   Vehicle #0 = 8, leaving at = 150.0
   Vehicle #1 = -1, leaving at = inf
   Increment on distance indicator: 11.7
   Increment on tard indicator:     0.0
   Value of tmax indicator:         11.7

Task for patient = 32 with skills = {2,-1} and cost = 176.7
   Vehicle #0 = 1, leaving at = 197.0
   Vehicle #1 = -1, leaving at = inf
   Increment on distance indicator: 4.1
   Increment on tard indicator:     0.0
   Value of tmax indicator:         4.1

Task for patient = 34 with skills = {2,-1} and cost = 178.8
   Vehicle #0 = 2, leaving at = 175.3
   Vehicle #1 = -1, leaving at = inf
   Increment on distance indicator: 6.4
   Increment on tard indicator:     0.0
   Value of tmax indicator:         6.4

Task for patient = 29 with skills = {2,-1} and cost = 200.6
   Vehicle #0 = 1, leaving at = 240.4
   Vehicle #1 = -1, leaving at = inf
   Increment on distance indicator: 28.4
   Increment on tard indicator:     0.0
   Value of tmax indicator:         28.4

Task for patient = 20 with skills = {4,-1} and cost = 203.5
   Vehicle #0 = 6, leaving at = 133.0
   Vehicle #1 = -1, leaving at = inf
   Increment on distance indicator: 8.6
   Increment on tard indicator:     0.0
   Value of tmax indicator:         8.6

Task for patient = 26 with skills = {1,-1} and cost = 211.5
   Vehicle #0 = 2, leaving at = 233.5
   Vehicle #1 = -1, leaving at = inf
   Increment on distance indicator: 24.0
   Increment on tard indicator:     0.0
   Value of tmax indicator:         24.0

Task for patient = 21 with skills = {5,-1} and cost = 213.2
   Vehicle #0 = 4, leaving at = 428.0
   Vehicle #1 = -1, leaving at = inf
   Increment on distance indicator: 5.0
   Increment on tard indicator:     0.0
   Value of tmax indicator:         5.0

Task for patient = 16 with skills = {0,-1} and cost = 216.8
   Vehicle #0 = 0, leaving at = 255.0
   Vehicle #1 = -1, leaving at = inf
   Increment on distance indicator: 10.8
   Increment on tard indicator:     0.0
   Value of tmax indicator:         10.8

Task for patient = 38 with skills = {4,5} and cost = 230.9
   Vehicle #0 = 5, leaving at = 261.8
   Vehicle #1 = 8, leaving at = 261.8
   Increment on distance indicator: 42.4
   Increment on tard indicator:     0.0
   Value of tmax indicator:         42.4

Task for patient = 13 with skills = {3,-1} and cost = 500.1
   Vehicle #0 = 4, leaving at = 553.7
   Vehicle #1 = -1, leaving at = inf
   Increment on distance indicator: 29.5
   Increment on tard indicator:     0.0
   Value of tmax indicator:         29.5

Task for patient = 45 with skills = {2,5} and cost = 150.7
   Vehicle #0 = 1, leaving at = 43.0
   Vehicle #1 = 8, leaving at = 90.9
   Increment on distance indicator: 39.1
   Increment on tard indicator:     0.0
   Value of tmax indicator:         39.1


Unused vehicle list: (total = 0 out of 10)

---
Search finished.
Total of 1900 generations in 39.4 seconds.
Exchange elite runs: 0
Implicit path relinking runs: 0
Reset attempts: 2

Best solution found:
   Cost: 618.4
   Total travel time: 1774.3
   Total tardiness time: 64.4
   Largest tardiness: 16.4


618.4
