This host is: ifrit
--- BRKGA-MP-IPR for HHCRSP ---
Instance: /home/alberto/work/gecco2020-brkga/instances-HHCRSP/InstanzCPLEX_HCSRP_25_4.txt
Seed: 12

Reading data... Problem contains 25 patients  and 5 caregivers.

Summary of supply x demand for each service type:
Skill 0 has supply = 2 and demand = 3, ratio = 0.666667
Skill 1 has supply = 2 and demand = 4, ratio = 0.5
Skill 2 has supply = 1 and demand = 8, ratio = 0.125
Skill 3 has supply = 2 and demand = 8, ratio = 0.25
Skill 4 has supply = 2 and demand = 7, ratio = 0.285714
Skill 5 has supply = 3 and demand = 3, ratio = 1

Reading parameters...
Inferred distance function by PR type: kendall-tau
Building BRKGA data and initializing...
Evolving 1900 generations...

  Gens  Rem    Local   ElDiv NoImpr             Best solution            Time  Op
                                       Cost     Dist    Tard    TMax 
*    0 1900  1216.92  150.33      0  1216.92  1500.67  1808.1   342.0     0.0    
*    3 1897  1075.81  116.02      0  1075.81  1270.69  1155.8   361.8     0.1    
*    4 1896   929.41  103.60      0   929.41  1270.69  1155.8   361.8     0.1    
*    6 1894   754.61   98.10      0   754.61  1405.77   575.8   247.8     0.1    
*    7 1893   743.13   83.36      0   743.13  1312.46   690.2   150.1     0.1    
*    8 1892   717.58   78.11      0   717.58  1309.70   463.8   157.2     0.2    
*    9 1891   643.58   63.61      0   643.58  1309.70   463.8   157.2     0.2    
*   11 1889   637.69   52.44      0   637.69  1179.39   404.9   105.3     0.2    
*   12 1888   563.22   45.18      0   563.22  1179.39   404.9   105.3     0.2    
*   16 1884   529.23   34.26      0   529.23  1347.73    61.8    29.5     0.3    
*   17 1883   479.66   26.91      0   479.66  1347.73    61.8    29.5     0.3    
*   27 1873   477.23    9.79      0   477.23  1296.56   105.6    29.5     0.5    
*   33 1867   471.25    8.61      0   471.25  1287.41    96.9    29.5     0.6    
*   36 1864   448.12    8.61      0   448.12  1265.23    49.6    29.5     0.7    
*   44 1856   443.77    6.11      0   443.77  1235.55    51.0    29.5     0.8    

  Gens  Rem    Local   ElDiv NoImpr             Best solution            Time  Op
                                       Cost     Dist    Tard    TMax 
*   45 1855   438.68    5.65      0   438.68  1235.55    51.0    29.5     0.8    
*   48 1852   431.26    5.21      0   431.26  1205.20    57.6    29.5     0.9    
*   49 1851   430.77    6.18      0   430.77  1205.20    57.6    29.5     0.9    
    50 1850   430.77    6.13      1   430.77  1205.20    57.6    29.5     0.9    
*   51 1849   426.32    6.66      0   426.32  1199.85    49.6    29.5     1.0    
*   54 1846   423.56    2.19      0   423.56  1190.22    51.0    29.5     1.0    
*   59 1841   421.94    0.16      0   421.94  1186.70    49.6    29.5     1.1    
   100 1800   421.94    0.00     41   421.94  1186.70    49.6    29.5     1.9    
   150 1750   421.94    0.00     91   421.94  1186.70    49.6    29.5     2.8    
   200 1700   421.94    0.00    141   421.94  1186.70    49.6    29.5     3.7    
   250 1650   421.94    0.00    191   421.94  1186.70    49.6    29.5     4.6    
   300 1600   421.94    0.00    241   421.94  1186.70    49.6    29.5     5.5    
   350 1550   421.94    0.00    291   421.94  1186.70    49.6    29.5     6.4    
   400 1500   421.94    0.00    341   421.94  1186.70    49.6    29.5     7.4    
   450 1450   421.94    0.00    391   421.94  1186.70    49.6    29.5     8.3    
   500 1400   421.94    0.00    441   421.94  1186.70    49.6    29.5     9.2    

  Gens  Rem    Local   ElDiv NoImpr             Best solution            Time  Op
                                       Cost     Dist    Tard    TMax 
   550 1350   421.94    0.00    491   421.94  1186.70    49.6    29.5    10.1    
   600 1300   421.94    0.00    541   421.94  1186.70    49.6    29.5    11.0    
   650 1250   421.94    0.00    591   421.94  1186.70    49.6    29.5    11.9    
*  656 1244   420.29    0.16      0   420.29  1173.75    57.6    29.5    12.0    
   700 1200   420.29    0.00     44   420.29  1173.75    57.6    29.5    12.9    
   750 1150   420.29    0.00     94   420.29  1173.75    57.6    29.5    13.8    
   800 1100   420.29    0.00    144   420.29  1173.75    57.6    29.5    14.7    
   850 1050   420.29    0.00    194   420.29  1173.75    57.6    29.5    15.6    
   900 1000   420.29    0.00    244   420.29  1173.75    57.6    29.5    16.5    
   950  950   420.29    0.00    294   420.29  1173.75    57.6    29.5    17.4    
  1000  900   420.29    0.00    344   420.29  1173.75    57.6    29.5    18.3    
  1050  850   420.29    0.00    394   420.29  1173.75    57.6    29.5    19.3    
  1100  800   420.29    0.00    444   420.29  1173.75    57.6    29.5    20.2    
  1150  750   420.29    0.00    494   420.29  1173.75    57.6    29.5    21.1    
  1200  700   420.29    0.00    544   420.29  1173.75    57.6    29.5    22.0    
  1250  650   420.29    0.00    594   420.29  1173.75    57.6    29.5    22.9    

  Gens  Rem    Local   ElDiv NoImpr             Best solution            Time  Op
                                       Cost     Dist    Tard    TMax 
  1300  600   420.29    0.00    644   420.29  1173.75    57.6    29.5    23.8    
  1350  550   420.29    0.00    694   420.29  1173.75    57.6    29.5    24.7    
  1355  545      inf  178.30      0   420.29  1173.75    57.6    29.5    24.8   R
  1356  544  1298.00  168.18      0   420.29  1173.75    57.6    29.5    24.9    
  1400  500   440.98    2.52      1   420.29  1173.75    57.6    29.5    25.7    
  1450  450   432.16    0.60      9   420.29  1173.75    57.6    29.5    26.6    
  1500  400   432.16    0.00     59   420.29  1173.75    57.6    29.5    27.5    
  1550  350   432.16    0.00    109   420.29  1173.75    57.6    29.5    28.4    
  1600  300   432.16    0.00    159   420.29  1173.75    57.6    29.5    29.3    
  1650  250   432.16    0.00    209   420.29  1173.75    57.6    29.5    30.2    
  1700  200   432.16    0.00    259   420.29  1173.75    57.6    29.5    31.2    
  1750  150   432.16    0.00    309   420.29  1173.75    57.6    29.5    32.1    
  1800  100   432.16    0.00    359   420.29  1173.75    57.6    29.5    33.0    
  1850   50   432.16    0.00    409   420.29  1173.75    57.6    29.5    33.9    
  1900    0   432.16    0.00    459   420.29  1173.75    57.6    29.5    34.8    
Evolutionary process finished.
Solution written to 'solution-25281.txt'.

Sorted sequence of worst to best tardiness value:
Task for patient = 23 with skills = {0,3} and cost = 128.6
   Vehicle #0 = 0, leaving at = 167.5
   Vehicle #1 = 4, leaving at = 188.5
   Increment on distance indicator: 94.6
   Increment on tard indicator:     38.0
   Value of tmax indicator:         94.6

Task for patient = 4 with skills = {4,-1} and cost = 382.2
   Vehicle #0 = 4, leaving at = 508.5
   Vehicle #1 = -1, leaving at = inf
   Increment on distance indicator: 51.5
   Increment on tard indicator:     13.5
   Value of tmax indicator:         51.5

Task for patient = 8 with skills = {4,-1} and cost = 360.6
   Vehicle #0 = 3, leaving at = 548.8
   Vehicle #1 = -1, leaving at = inf
   Increment on distance indicator: 13.0
   Increment on tard indicator:     5.8
   Value of tmax indicator:         13.0

Task for patient = 9 with skills = {0,-1} and cost = 387.3
   Vehicle #0 = 1, leaving at = 581.4
   Vehicle #1 = -1, leaving at = inf
   Increment on distance indicator: 15.3
   Increment on tard indicator:     0.0
   Value of tmax indicator:         15.3

Task for patient = 3 with skills = {3,-1} and cost = 354.3
   Vehicle #0 = 4, leaving at = 440.0
   Vehicle #1 = -1, leaving at = inf
   Increment on distance indicator: 32.0
   Increment on tard indicator:     0.0
   Value of tmax indicator:         32.0

Task for patient = 18 with skills = {3,4} and cost = 343.6
   Vehicle #0 = 2, leaving at = 518.8
   Vehicle #1 = 3, leaving at = 518.8
   Increment on distance indicator: 30.5
   Increment on tard indicator:     0.0
   Value of tmax indicator:         30.5

Task for patient = 10 with skills = {1,-1} and cost = 333.5
   Vehicle #0 = 1, leaving at = 549.1
   Vehicle #1 = -1, leaving at = inf
   Increment on distance indicator: 46.1
   Increment on tard indicator:     0.0
   Value of tmax indicator:         46.1

Task for patient = 21 with skills = {3,5} and cost = 318.1
   Vehicle #0 = 2, leaving at = 486.6
   Vehicle #1 = 3, leaving at = 486.6
   Increment on distance indicator: 46.5
   Increment on tard indicator:     0.0
   Value of tmax indicator:         46.5

Task for patient = 11 with skills = {2,-1} and cost = 302.6
   Vehicle #0 = 0, leaving at = 469.0
   Vehicle #1 = -1, leaving at = inf
   Increment on distance indicator: 20.8
   Increment on tard indicator:     0.0
   Value of tmax indicator:         20.8

Task for patient = 12 with skills = {2,-1} and cost = 295.7
   Vehicle #0 = 0, leaving at = 425.2
   Vehicle #1 = -1, leaving at = inf
   Increment on distance indicator: 30.4
   Increment on tard indicator:     0.0
   Value of tmax indicator:         30.4

Task for patient = 17 with skills = {1,-1} and cost = 285.5
   Vehicle #0 = 1, leaving at = 486.0
   Vehicle #1 = -1, leaving at = inf
   Increment on distance indicator: 45.0
   Increment on tard indicator:     0.0
   Value of tmax indicator:         45.0

Task for patient = 22 with skills = {2,4} and cost = 270.5
   Vehicle #0 = 0, leaving at = 377.8
   Vehicle #1 = 3, leaving at = 435.4
   Increment on distance indicator: 83.3
   Increment on tard indicator:     0.0
   Value of tmax indicator:         83.3

Task for patient = 2 with skills = {4,-1} and cost = 394.2
   Vehicle #0 = 4, leaving at = 546.1
   Vehicle #1 = -1, leaving at = inf
   Increment on distance indicator: 20.6
   Increment on tard indicator:     0.0
   Value of tmax indicator:         20.6

Task for patient = 5 with skills = {3,-1} and cost = 213.3
   Vehicle #0 = 2, leaving at = 415.4
   Vehicle #1 = -1, leaving at = inf
   Increment on distance indicator: 24.4
   Increment on tard indicator:     0.0
   Value of tmax indicator:         24.4

Task for patient = 7 with skills = {1,-1} and cost = 205.2
   Vehicle #0 = 1, leaving at = 202.7
   Vehicle #1 = -1, leaving at = inf
   Increment on distance indicator: 36.7
   Increment on tard indicator:     0.0
   Value of tmax indicator:         36.7

Task for patient = 14 with skills = {2,-1} and cost = 193.0
   Vehicle #0 = 0, leaving at = 322.0
   Vehicle #1 = -1, leaving at = inf
   Increment on distance indicator: 5.0
   Increment on tard indicator:     0.0
   Value of tmax indicator:         5.0

Task for patient = 19 with skills = {3,5} and cost = 191.3
   Vehicle #0 = 2, leaving at = 374.0
   Vehicle #1 = 3, leaving at = 374.0
   Increment on distance indicator: 78.8
   Increment on tard indicator:     0.0
   Value of tmax indicator:         78.8

Task for patient = 24 with skills = {2,3} and cost = 165.0
   Vehicle #0 = 0, leaving at = 300.0
   Vehicle #1 = 2, leaving at = 337.0
   Increment on distance indicator: 85.0
   Increment on tard indicator:     0.0
   Value of tmax indicator:         85.0

Task for patient = 1 with skills = {2,-1} and cost = 136.7
   Vehicle #0 = 0, leaving at = 208.7
   Vehicle #1 = -1, leaving at = inf
   Increment on distance indicator: 24.2
   Increment on tard indicator:     0.0
   Value of tmax indicator:         24.2

Task for patient = 6 with skills = {3,-1} and cost = 74.6
   Vehicle #0 = 2, leaving at = 172.6
   Vehicle #1 = -1, leaving at = inf
   Increment on distance indicator: 30.6
   Increment on tard indicator:     0.0
   Value of tmax indicator:         30.6

Task for patient = 16 with skills = {0,-1} and cost = 64.4
   Vehicle #0 = 1, leaving at = 149.0
   Vehicle #1 = -1, leaving at = inf
   Increment on distance indicator: 36.2
   Increment on tard indicator:     0.0
   Value of tmax indicator:         36.2

Task for patient = 13 with skills = {2,-1} and cost = 52.3
   Vehicle #0 = 0, leaving at = 115.0
   Vehicle #1 = -1, leaving at = inf
   Increment on distance indicator: 59.1
   Increment on tard indicator:     0.0
   Value of tmax indicator:         59.1

Task for patient = 15 with skills = {2,-1} and cost = 32.7
   Vehicle #0 = 0, leaving at = 38.9
   Vehicle #1 = -1, leaving at = inf
   Increment on distance indicator: 21.9
   Increment on tard indicator:     0.0
   Value of tmax indicator:         21.9

Task for patient = 20 with skills = {4,5} and cost = 25.3
   Vehicle #0 = 3, leaving at = 125.0
   Vehicle #1 = 2, leaving at = 125.0
   Increment on distance indicator: 76.0
   Increment on tard indicator:     0.0
   Value of tmax indicator:         76.0

Task for patient = 25 with skills = {1,4} and cost = 242.8
   Vehicle #0 = 1, leaving at = 282.4
   Vehicle #1 = 4, leaving at = 303.4
   Increment on distance indicator: 88.4
   Increment on tard indicator:     0.0
   Value of tmax indicator:         88.4


Unused vehicle list: (total = 0 out of 5)

---
Search finished.
Total of 1900 generations in 34.8 seconds.
Exchange elite runs: 0
Implicit path relinking runs: 0
Reset attempts: 1

Best solution found:
   Cost: 420.3
   Total travel time: 1173.7
   Total tardiness time: 57.6
   Largest tardiness: 29.5


420.3
