This host is: shiva
--- BRKGA-MP-IPR for HHCRSP ---
Instance: /home/alberto/work/gecco2020-brkga/instances-HHCRSP/InstanzCPLEX_HCSRP_10_10.txt
Seed: 12

Reading data... Problem contains 10 patients  and 3 caregivers.

Summary of supply x demand for each service type:
Skill 0 has supply = 1 and demand = 2, ratio = 0.5
Skill 1 has supply = 1 and demand = 2, ratio = 0.5
Skill 2 has supply = 1 and demand = 1, ratio = 1
Skill 3 has supply = 1 and demand = 4, ratio = 0.25
Skill 4 has supply = 1 and demand = 4, ratio = 0.25
Skill 5 has supply = 1 and demand = 0, ratio = inf

Reading parameters...
Inferred distance function by PR type: kendall-tau
Building BRKGA data and initializing...
Evolving 1900 generations...

  Gens  Rem    Local   ElDiv NoImpr             Best solution            Time  Op
                                       Cost     Dist    Tard    TMax 
*    0 1900   225.01   61.84      0   225.01   675.02     0.0     0.0     0.0    
    50 1850   225.01    0.00     50   225.01   675.02     0.0     0.0     0.8    
   100 1800   225.01    0.00    100   225.01   675.02     0.0     0.0     1.6    
   150 1750   225.01    0.00    150   225.01   675.02     0.0     0.0     2.5    
   200 1700   225.01    0.00    200   225.01   675.02     0.0     0.0     3.3    
   250 1650   225.01    0.00    250   225.01   675.02     0.0     0.0     4.1    
   300 1600   225.01    0.00    300   225.01   675.02     0.0     0.0     4.9    
   350 1550   225.01    0.00    350   225.01   675.02     0.0     0.0     5.7    
   400 1500   225.01    0.00    400   225.01   675.02     0.0     0.0     6.5    
   450 1450   225.01    0.00    450   225.01   675.02     0.0     0.0     7.3    
   500 1400   225.01    0.00    500   225.01   675.02     0.0     0.0     8.1    
   550 1350   225.01    0.00    550   225.01   675.02     0.0     0.0     8.9    
   600 1300   225.01    0.00    600   225.01   675.02     0.0     0.0     9.7    
   650 1250   225.01    0.00    650   225.01   675.02     0.0     0.0    10.6    
   699 1201      inf  110.95      0   225.01   675.02     0.0     0.0    11.3   R

  Gens  Rem    Local   ElDiv NoImpr             Best solution            Time  Op
                                       Cost     Dist    Tard    TMax 
   700 1200   230.82   70.37      0   225.01   675.02     0.0     0.0    11.4    
   750 1150   225.01    0.00     47   225.01   675.02     0.0     0.0    12.2    
   800 1100   225.01    0.00     97   225.01   675.02     0.0     0.0    13.0    
   850 1050   225.01    0.00    147   225.01   675.02     0.0     0.0    13.8    
   900 1000   225.01    0.00    197   225.01   675.02     0.0     0.0    14.6    
   950  950   225.01    0.00    247   225.01   675.02     0.0     0.0    15.4    
  1000  900   225.01    0.00    297   225.01   675.02     0.0     0.0    16.2    
  1050  850   225.01    0.00    347   225.01   675.02     0.0     0.0    17.0    
  1100  800   225.01    0.00    397   225.01   675.02     0.0     0.0    17.8    
  1150  750   225.01    0.00    447   225.01   675.02     0.0     0.0    18.7    
  1200  700   225.01    0.00    497   225.01   675.02     0.0     0.0    19.5    
  1250  650   225.01    0.00    547   225.01   675.02     0.0     0.0    20.3    
  1300  600   225.01    0.00    597   225.01   675.02     0.0     0.0    21.1    
  1350  550   225.01    0.00    647   225.01   675.02     0.0     0.0    21.9    
  1400  500   225.01    0.00    697   225.01   675.02     0.0     0.0    22.7    
  1402  498      inf   70.18      0   225.01   675.02     0.0     0.0    22.7   R

  Gens  Rem    Local   ElDiv NoImpr             Best solution            Time  Op
                                       Cost     Dist    Tard    TMax 
  1403  497   230.82   58.40      0   225.01   675.02     0.0     0.0    22.7    
  1450  450   225.01    0.00     45   225.01   675.02     0.0     0.0    23.5    
  1500  400   225.01    0.00     95   225.01   675.02     0.0     0.0    24.3    
  1550  350   225.01    0.00    145   225.01   675.02     0.0     0.0    25.1    
  1600  300   225.01    0.00    195   225.01   675.02     0.0     0.0    25.9    
  1650  250   225.01    0.00    245   225.01   675.02     0.0     0.0    26.8    
  1700  200   225.01    0.00    295   225.01   675.02     0.0     0.0    27.6    
  1750  150   225.01    0.00    345   225.01   675.02     0.0     0.0    28.4    
  1800  100   225.01    0.00    395   225.01   675.02     0.0     0.0    29.2    
  1850   50   225.01    0.00    445   225.01   675.02     0.0     0.0    30.0    
  1900    0   225.01    0.00    495   225.01   675.02     0.0     0.0    30.8    
Evolutionary process finished.
Solution written to 'solution-22401.txt'.

Sorted sequence of worst to best tardiness value:
Task for patient = 5 with skills = {4,-1} and cost = 3.9
   Vehicle #0 = 1, leaving at = 61.0
   Vehicle #1 = -1, leaving at = inf
   Increment on distance indicator: 11.7
   Increment on tard indicator:     0.0
   Value of tmax indicator:         11.7

Task for patient = 2 with skills = {0,-1} and cost = 14.9
   Vehicle #0 = 0, leaving at = 75.0
   Vehicle #1 = -1, leaving at = inf
   Increment on distance indicator: 33.1
   Increment on tard indicator:     0.0
   Value of tmax indicator:         33.1

Task for patient = 6 with skills = {4,-1} and cost = 39.1
   Vehicle #0 = 1, leaving at = 271.0
   Vehicle #1 = -1, leaving at = inf
   Increment on distance indicator: 72.4
   Increment on tard indicator:     0.0
   Value of tmax indicator:         72.4

Task for patient = 4 with skills = {0,-1} and cost = 51.2
   Vehicle #0 = 0, leaving at = 126.4
   Vehicle #1 = -1, leaving at = inf
   Increment on distance indicator: 36.4
   Increment on tard indicator:     0.0
   Value of tmax indicator:         36.4

Task for patient = 3 with skills = {3,-1} and cost = 81.5
   Vehicle #0 = 2, leaving at = 108.0
   Vehicle #1 = -1, leaving at = inf
   Increment on distance indicator: 91.0
   Increment on tard indicator:     0.0
   Value of tmax indicator:         91.0

Task for patient = 8 with skills = {3,4} and cost = 90.8
   Vehicle #0 = 2, leaving at = 302.8
   Vehicle #1 = 1, leaving at = 302.8
   Increment on distance indicator: 27.8
   Increment on tard indicator:     0.0
   Value of tmax indicator:         27.8

Task for patient = 7 with skills = {1,-1} and cost = 97.6
   Vehicle #0 = 0, leaving at = 161.9
   Vehicle #1 = -1, leaving at = inf
   Increment on distance indicator: 20.5
   Increment on tard indicator:     0.0
   Value of tmax indicator:         20.5

Task for patient = 9 with skills = {1,4} and cost = 112.6
   Vehicle #0 = 0, leaving at = 276.0
   Vehicle #1 = 1, leaving at = 333.0
   Increment on distance indicator: 45.0
   Increment on tard indicator:     0.0
   Value of tmax indicator:         45.0

Task for patient = 1 with skills = {3,-1} and cost = 115.0
   Vehicle #0 = 2, leaving at = 408.0
   Vehicle #1 = -1, leaving at = inf
   Increment on distance indicator: 7.1
   Increment on tard indicator:     0.0
   Value of tmax indicator:         7.1

Task for patient = 10 with skills = {2,3} and cost = 170.5
   Vehicle #0 = 0, leaving at = 516.4
   Vehicle #1 = 2, leaving at = 516.4
   Increment on distance indicator: 166.4
   Increment on tard indicator:     0.0
   Value of tmax indicator:         166.4


Unused vehicle list: (total = 0 out of 3)

---
Search finished.
Total of 1900 generations in 30.8 seconds.
Exchange elite runs: 0
Implicit path relinking runs: 0
Reset attempts: 2

Best solution found:
   Cost: 225.0
   Total travel time: 675.0
   Total tardiness time: 0.0
   Largest tardiness: 0.0


225.0
