This host is: shiva
--- BRKGA-MP-IPR for HHCRSP ---
Instance: /home/alberto/work/gecco2020-brkga/instances-HHCRSP/InstanzCPLEX_HCSRP_50_9.txt
Seed: 12

Reading data... Problem contains 50 patients  and 10 caregivers.

Summary of supply x demand for each service type:
Skill 0 has supply = 2 and demand = 9, ratio = 0.222222
Skill 1 has supply = 3 and demand = 9, ratio = 0.333333
Skill 2 has supply = 3 and demand = 9, ratio = 0.333333
Skill 3 has supply = 6 and demand = 12, ratio = 0.5
Skill 4 has supply = 5 and demand = 12, ratio = 0.416667
Skill 5 has supply = 7 and demand = 14, ratio = 0.5

Reading parameters...
Inferred distance function by PR type: kendall-tau
Building BRKGA data and initializing...
Evolving 1900 generations...

  Gens  Rem    Local   ElDiv NoImpr             Best solution            Time  Op
                                       Cost     Dist    Tard    TMax 
*    0 1900  1994.49  188.43      0  1994.49  2466.70  3185.5   331.2     0.0    
*    2 1898  1804.21  176.66      0  1804.21  2086.98  2081.1   279.4     0.1    
*    3 1897  1482.51  165.79      0  1482.51  2232.19  1301.1   376.3     0.1    
*    4 1896  1303.17  139.83      0  1303.17  2232.19  1301.1   376.3     0.1    
*    6 1894  1189.27   86.82      0  1189.27  2364.43  1033.4   158.0     0.2    
*    7 1893  1185.28   92.20      0  1185.28  2261.12   798.2   255.9     0.2    
*    8 1892  1105.09   74.09      0  1105.09  2116.97   710.9   126.9     0.2    
*    9 1891   984.93   69.41      0   984.93  2063.66   667.9   210.8     0.2    
*   10 1890   980.78   61.36      0   980.78  2441.40   271.6    47.6     0.2    
*   11 1889   920.18   59.39      0   920.18  2266.82   277.6    93.2     0.3    
*   12 1888   879.22   53.95      0   879.22  2084.83   341.6   126.9     0.3    
*   13 1887   851.09   48.44      0   851.09  2084.83   341.6   126.9     0.3    
*   15 1885   826.74   38.30      0   826.74  2054.50   215.9    80.4     0.4    
*   16 1884   783.60   36.66      0   783.60  2027.78   183.4   133.6     0.4    
*   17 1883   781.58   32.54      0   781.58  2066.90   113.8    89.1     0.4    

  Gens  Rem    Local   ElDiv NoImpr             Best solution            Time  Op
                                       Cost     Dist    Tard    TMax 
*   18 1882   756.58   26.15      0   756.58  2129.41    70.8    49.7     0.4    
*   19 1881   749.95   22.90      0   749.95  2153.80    19.9    19.9     0.4    
*   20 1880   731.21   19.76      0   731.21  2153.80    19.9    19.9     0.5    
*   22 1878   727.48   21.71      0   727.48  1963.06    75.1    21.3     0.5    
*   23 1877   686.49   21.56      0   686.49  1963.06    75.1    21.3     0.5    
*   27 1873   681.51   16.55      0   681.51  1988.91    18.5    13.4     0.6    
*   28 1872   673.60   16.66      0   673.60  1988.91    18.5    13.4     0.6    
*   30 1870   633.11   13.68      0   633.11  1841.99    38.3    19.0     0.7    
*   44 1856   622.97   10.16      0   622.97  1814.40    37.1    16.9     1.0    
*   45 1855   622.80    9.87      0   622.80  1840.92     7.5     5.2     1.0    
*   46 1854   617.87   10.83      0   617.87  1780.21    26.5    24.1     1.0    
*   47 1853   610.27   11.18      0   610.27  1817.89     2.3     2.3     1.1    
*   48 1852   607.48   10.67      0   607.48  1817.89     2.3     2.3     1.1    
    50 1850   607.48    9.24      2   607.48  1817.89     2.3     2.3     1.1    
*   52 1848   601.57    8.25      0   601.57  1779.05    16.2     9.5     1.2    
*   54 1846   600.56    8.48      0   600.56  1777.78     0.0     0.0     1.2    

  Gens  Rem    Local   ElDiv NoImpr             Best solution            Time  Op
                                       Cost     Dist    Tard    TMax 
*   55 1845   592.59    9.30      0   592.59  1738.44    20.5    18.1     1.2    
*   56 1844   592.32    8.95      0   592.32  1721.63    20.3    18.0     1.3    
*   57 1843   586.65    8.17      0   586.65  1751.85     2.3     2.3     1.3    
*   58 1842   585.47    7.13      0   585.47  1707.14     7.6     5.2     1.3    
*   59 1841   573.32    6.06      0   573.32  1707.14     7.6     5.2     1.3    
*   62 1838   570.63    4.45      0   570.63  1704.81     4.8     2.3     1.4    
*   64 1836   568.90    3.99      0   568.90  1694.85     2.4     2.3     1.4    
*   65 1835   566.50    3.32      0   566.50  1694.85     2.4     2.3     1.4    
*   68 1832   564.30    2.46      0   564.30  1685.83     4.8     2.3     1.5    
*   73 1827   563.21    1.41      0   563.21  1678.88     4.8     2.3     1.6    
*   74 1826   561.98    1.13      0   561.98  1678.88     4.8     2.3     1.6    
*   76 1824   560.68    0.80      0   560.68  1677.39     2.4     2.3     1.7    
*   85 1815   560.32    0.21      0   560.32  1676.31     2.4     2.3     1.9    
   100 1800   560.32    0.19     15   560.32  1676.31     2.4     2.3     2.2    
*  102 1798   559.19    0.31      0   559.19  1677.56     0.0     0.0     2.3    
   150 1750   559.19    0.00     48   559.19  1677.56     0.0     0.0     3.3    

  Gens  Rem    Local   ElDiv NoImpr             Best solution            Time  Op
                                       Cost     Dist    Tard    TMax 
*  178 1722   558.15    0.20      0   558.15  1674.44     0.0     0.0     3.9    
*  181 1719   554.49    1.01      0   554.49  1663.47     0.0     0.0     4.0    
   200 1700   554.49    0.00     19   554.49  1663.47     0.0     0.0     4.4    
   250 1650   554.49    0.00     69   554.49  1663.47     0.0     0.0     5.5    
   300 1600   554.49    0.00    119   554.49  1663.47     0.0     0.0     6.6    
   350 1550   554.49    0.00    169   554.49  1663.47     0.0     0.0     7.7    
   400 1500   554.49    0.00    219   554.49  1663.47     0.0     0.0     8.7    
   450 1450   554.49    0.00    269   554.49  1663.47     0.0     0.0     9.8    
   500 1400   554.49    0.00    319   554.49  1663.47     0.0     0.0    10.9    
   550 1350   554.49    0.00    369   554.49  1663.47     0.0     0.0    12.0    
   600 1300   554.49    0.00    419   554.49  1663.47     0.0     0.0    13.1    
   650 1250   554.49    0.00    469   554.49  1663.47     0.0     0.0    14.2    
   700 1200   554.49    0.00    519   554.49  1663.47     0.0     0.0    15.3    
   750 1150   554.49    0.00    569   554.49  1663.47     0.0     0.0    16.4    
   800 1100   554.49    0.00    619   554.49  1663.47     0.0     0.0    17.5    
   850 1050   554.49    0.00    669   554.49  1663.47     0.0     0.0    18.5    

  Gens  Rem    Local   ElDiv NoImpr             Best solution            Time  Op
                                       Cost     Dist    Tard    TMax 
   880 1020      inf  235.96      0   554.49  1663.47     0.0     0.0    19.2   R
   881 1019  1543.38  200.46      0   554.49  1663.47     0.0     0.0    19.2    
   900 1000   729.55   26.35      1   554.49  1663.47     0.0     0.0    19.6    
   950  950   572.41    1.28      3   554.49  1663.47     0.0     0.0    20.7    
*  971  929   554.43    0.14      0   554.43  1655.18     5.8     2.3    21.2    
*  975  925   553.21    0.55      0   553.21  1654.76     2.6     2.3    21.3    
*  998  902   552.96    0.03      0   552.96  1654.01     2.6     2.3    21.8    
  1000  900   552.96    0.10      2   552.96  1654.01     2.6     2.3    21.8    
  1050  850   552.96    0.00     52   552.96  1654.01     2.6     2.3    22.9    
  1100  800   552.96    0.00    102   552.96  1654.01     2.6     2.3    24.0    
  1150  750   552.96    0.00    152   552.96  1654.01     2.6     2.3    25.1    
  1200  700   552.96    0.00    202   552.96  1654.01     2.6     2.3    26.2    
* 1233  667   552.32    0.09      0   552.32  1652.07     2.6     2.3    26.9    
  1250  650   552.32    0.00     17   552.32  1652.07     2.6     2.3    27.3    
  1300  600   552.32    0.00     67   552.32  1652.07     2.6     2.3    28.4    
  1350  550   552.32    0.00    117   552.32  1652.07     2.6     2.3    29.5    

  Gens  Rem    Local   ElDiv NoImpr             Best solution            Time  Op
                                       Cost     Dist    Tard    TMax 
  1400  500   552.32    0.00    167   552.32  1652.07     2.6     2.3    30.6    
  1450  450   552.32    0.00    217   552.32  1652.07     2.6     2.3    31.7    
  1500  400   552.32    0.00    267   552.32  1652.07     2.6     2.3    32.7    
  1550  350   552.32    0.00    317   552.32  1652.07     2.6     2.3    33.8    
  1600  300   552.32    0.00    367   552.32  1652.07     2.6     2.3    34.9    
  1650  250   552.32    0.00    417   552.32  1652.07     2.6     2.3    36.0    
  1700  200   552.32    0.00    467   552.32  1652.07     2.6     2.3    37.1    
  1750  150   552.32    0.00    517   552.32  1652.07     2.6     2.3    38.2    
  1800  100   552.32    0.00    567   552.32  1652.07     2.6     2.3    39.3    
  1850   50   552.32    0.00    617   552.32  1652.07     2.6     2.3    40.4    
  1900    0   552.32    0.00    667   552.32  1652.07     2.6     2.3    41.5    
Evolutionary process finished.
Solution written to 'solution-32158.txt'.

Sorted sequence of worst to best tardiness value:
Task for patient = 33 with skills = {0,-1} and cost = 308.9
   Vehicle #0 = 2, leaving at = 325.3
   Vehicle #1 = -1, leaving at = inf
   Increment on distance indicator: 38.3
   Increment on tard indicator:     2.3
   Value of tmax indicator:         38.3

Task for patient = 4 with skills = {1,-1} and cost = 211.7
   Vehicle #0 = 0, leaving at = 192.3
   Vehicle #1 = -1, leaving at = inf
   Increment on distance indicator: 20.2
   Increment on tard indicator:     0.3
   Value of tmax indicator:         20.2

Task for patient = 30 with skills = {1,-1} and cost = 279.9
   Vehicle #0 = 1, leaving at = 277.6
   Vehicle #1 = -1, leaving at = inf
   Increment on distance indicator: 16.6
   Increment on tard indicator:     0.0
   Value of tmax indicator:         16.6

Task for patient = 7 with skills = {5,-1} and cost = 283.1
   Vehicle #0 = 8, leaving at = 250.0
   Vehicle #1 = -1, leaving at = inf
   Increment on distance indicator: 9.5
   Increment on tard indicator:     0.0
   Value of tmax indicator:         9.5

Task for patient = 1 with skills = {1,-1} and cost = 284.0
   Vehicle #0 = 1, leaving at = 297.4
   Vehicle #1 = -1, leaving at = inf
   Increment on distance indicator: 2.8
   Increment on tard indicator:     0.0
   Value of tmax indicator:         2.8

Task for patient = 18 with skills = {2,-1} and cost = 288.8
   Vehicle #0 = 0, leaving at = 385.0
   Vehicle #1 = -1, leaving at = inf
   Increment on distance indicator: 14.4
   Increment on tard indicator:     0.0
   Value of tmax indicator:         14.4

Task for patient = 15 with skills = {5,-1} and cost = 291.2
   Vehicle #0 = 3, leaving at = 352.0
   Vehicle #1 = -1, leaving at = inf
   Increment on distance indicator: 7.0
   Increment on tard indicator:     0.0
   Value of tmax indicator:         7.0

Task for patient = 10 with skills = {1,-1} and cost = 294.7
   Vehicle #0 = 2, leaving at = 270.0
   Vehicle #1 = -1, leaving at = inf
   Increment on distance indicator: 10.6
   Increment on tard indicator:     0.0
   Value of tmax indicator:         10.6

Task for patient = 24 with skills = {4,-1} and cost = 312.5
   Vehicle #0 = 5, leaving at = 429.0
   Vehicle #1 = -1, leaving at = inf
   Increment on distance indicator: 10.8
   Increment on tard indicator:     0.0
   Value of tmax indicator:         10.8

Task for patient = 20 with skills = {0,-1} and cost = 316.8
   Vehicle #0 = 2, leaving at = 355.3
   Vehicle #1 = -1, leaving at = inf
   Increment on distance indicator: 13.0
   Increment on tard indicator:     0.0
   Value of tmax indicator:         13.0

Task for patient = 38 with skills = {3,4} and cost = 328.6
   Vehicle #0 = 3, leaving at = 389.0
   Vehicle #1 = 4, leaving at = 389.0
   Increment on distance indicator: 35.5
   Increment on tard indicator:     0.0
   Value of tmax indicator:         35.5

Task for patient = 17 with skills = {5,-1} and cost = 274.4
   Vehicle #0 = 4, leaving at = 283.5
   Vehicle #1 = -1, leaving at = inf
   Increment on distance indicator: 9.5
   Increment on tard indicator:     0.0
   Value of tmax indicator:         9.5

Task for patient = 37 with skills = {3,5} and cost = 352.1
   Vehicle #0 = 3, leaving at = 430.0
   Vehicle #1 = 4, leaving at = 430.0
   Increment on distance indicator: 48.1
   Increment on tard indicator:     0.0
   Value of tmax indicator:         48.1

Task for patient = 46 with skills = {2,3} and cost = 370.8
   Vehicle #0 = 1, leaving at = 353.4
   Vehicle #1 = 8, leaving at = 385.4
   Increment on distance indicator: 56.1
   Increment on tard indicator:     0.0
   Value of tmax indicator:         56.1

Task for patient = 13 with skills = {4,-1} and cost = 378.7
   Vehicle #0 = 4, leaving at = 470.6
   Vehicle #1 = -1, leaving at = inf
   Increment on distance indicator: 23.5
   Increment on tard indicator:     0.0
   Value of tmax indicator:         23.5

Task for patient = 21 with skills = {1,-1} and cost = 382.2
   Vehicle #0 = 0, leaving at = 412.6
   Vehicle #1 = -1, leaving at = inf
   Increment on distance indicator: 10.6
   Increment on tard indicator:     0.0
   Value of tmax indicator:         10.6

Task for patient = 3 with skills = {4,-1} and cost = 385.1
   Vehicle #0 = 6, leaving at = 285.0
   Vehicle #1 = -1, leaving at = inf
   Increment on distance indicator: 8.5
   Increment on tard indicator:     0.0
   Value of tmax indicator:         8.5

Task for patient = 28 with skills = {2,-1} and cost = 389.7
   Vehicle #0 = 2, leaving at = 425.6
   Vehicle #1 = -1, leaving at = inf
   Increment on distance indicator: 13.9
   Increment on tard indicator:     0.0
   Value of tmax indicator:         13.9

Task for patient = 29 with skills = {3,-1} and cost = 391.1
   Vehicle #0 = 3, leaving at = 451.3
   Vehicle #1 = -1, leaving at = inf
   Increment on distance indicator: 4.2
   Increment on tard indicator:     0.0
   Value of tmax indicator:         4.2

Task for patient = 44 with skills = {0,5} and cost = 399.5
   Vehicle #0 = 2, leaving at = 462.8
   Vehicle #1 = 7, leaving at = 515.8
   Increment on distance indicator: 25.2
   Increment on tard indicator:     0.0
   Value of tmax indicator:         25.2

Task for patient = 31 with skills = {0,-1} and cost = 403.0
   Vehicle #0 = 2, leaving at = 490.1
   Vehicle #1 = -1, leaving at = inf
   Increment on distance indicator: 10.3
   Increment on tard indicator:     0.0
   Value of tmax indicator:         10.3

Task for patient = 45 with skills = {1,3} and cost = 424.9
   Vehicle #0 = 0, leaving at = 476.0
   Vehicle #1 = 5, leaving at = 513.0
   Increment on distance indicator: 65.7
   Increment on tard indicator:     0.0
   Value of tmax indicator:         65.7

Task for patient = 41 with skills = {3,5} and cost = 432.5
   Vehicle #0 = 6, leaving at = 369.0
   Vehicle #1 = 9, leaving at = 369.0
   Increment on distance indicator: 22.8
   Increment on tard indicator:     0.0
   Value of tmax indicator:         22.8

Task for patient = 40 with skills = {3,5} and cost = 442.4
   Vehicle #0 = 3, leaving at = 551.8
   Vehicle #1 = 5, leaving at = 551.8
   Increment on distance indicator: 29.8
   Increment on tard indicator:     0.0
   Value of tmax indicator:         29.8

Task for patient = 26 with skills = {0,-1} and cost = 336.1
   Vehicle #0 = 2, leaving at = 394.7
   Vehicle #1 = -1, leaving at = inf
   Increment on distance indicator: 22.4
   Increment on tard indicator:     0.0
   Value of tmax indicator:         22.4

Task for patient = 50 with skills = {1,3} and cost = 61.6
   Vehicle #0 = 0, leaving at = 109.4
   Vehicle #1 = 3, leaving at = 111.4
   Increment on distance indicator: 184.9
   Increment on tard indicator:     0.0
   Value of tmax indicator:         184.9

Task for patient = 42 with skills = {3,4} and cost = 72.0
   Vehicle #0 = 4, leaving at = 32.6
   Vehicle #1 = 5, leaving at = 32.6
   Increment on distance indicator: 31.2
   Increment on tard indicator:     0.0
   Value of tmax indicator:         31.2

Task for patient = 34 with skills = {4,-1} and cost = 78.2
   Vehicle #0 = 4, leaving at = 69.0
   Vehicle #1 = -1, leaving at = inf
   Increment on distance indicator: 18.4
   Increment on tard indicator:     0.0
   Value of tmax indicator:         18.4

Task for patient = 5 with skills = {5,-1} and cost = 86.3
   Vehicle #0 = 4, leaving at = 136.0
   Vehicle #1 = -1, leaving at = inf
   Increment on distance indicator: 24.3
   Increment on tard indicator:     0.0
   Value of tmax indicator:         24.3

Task for patient = 47 with skills = {2,3} and cost = 106.0
   Vehicle #0 = 1, leaving at = 62.2
   Vehicle #1 = 4, leaving at = 167.0
   Increment on distance indicator: 59.2
   Increment on tard indicator:     0.0
   Value of tmax indicator:         59.2

Task for patient = 22 with skills = {4,-1} and cost = 132.8
   Vehicle #0 = 5, leaving at = 130.0
   Vehicle #1 = -1, leaving at = inf
   Increment on distance indicator: 80.4
   Increment on tard indicator:     0.0
   Value of tmax indicator:         80.4

Task for patient = 11 with skills = {2,-1} and cost = 142.4
   Vehicle #0 = 0, leaving at = 155.1
   Vehicle #1 = -1, leaving at = inf
   Increment on distance indicator: 28.6
   Increment on tard indicator:     0.0
   Value of tmax indicator:         28.6

Task for patient = 35 with skills = {2,-1} and cost = 150.8
   Vehicle #0 = 1, leaving at = 104.5
   Vehicle #1 = -1, leaving at = inf
   Increment on distance indicator: 25.3
   Increment on tard indicator:     0.0
   Value of tmax indicator:         25.3

Task for patient = 36 with skills = {4,5} and cost = 161.0
   Vehicle #0 = 5, leaving at = 158.7
   Vehicle #1 = 3, leaving at = 158.7
   Increment on distance indicator: 30.7
   Increment on tard indicator:     0.0
   Value of tmax indicator:         30.7

Task for patient = 49 with skills = {0,5} and cost = 179.0
   Vehicle #0 = 2, leaving at = 44.0
   Vehicle #1 = 6, leaving at = 100.0
   Increment on distance indicator: 54.0
   Increment on tard indicator:     0.0
   Value of tmax indicator:         54.0

Task for patient = 9 with skills = {1,-1} and cost = 180.4
   Vehicle #0 = 1, leaving at = 125.6
   Vehicle #1 = -1, leaving at = inf
   Increment on distance indicator: 4.1
   Increment on tard indicator:     0.0
   Value of tmax indicator:         4.1

Task for patient = 32 with skills = {0,-1} and cost = 271.2
   Vehicle #0 = 2, leaving at = 227.0
   Vehicle #1 = -1, leaving at = inf
   Increment on distance indicator: 7.1
   Increment on tard indicator:     0.0
   Value of tmax indicator:         7.1

Task for patient = 19 with skills = {5,-1} and cost = 190.8
   Vehicle #0 = 3, leaving at = 256.0
   Vehicle #1 = -1, leaving at = inf
   Increment on distance indicator: 17.5
   Increment on tard indicator:     0.0
   Value of tmax indicator:         17.5

Task for patient = 23 with skills = {2,-1} and cost = 195.6
   Vehicle #0 = 2, leaving at = 163.0
   Vehicle #1 = -1, leaving at = inf
   Increment on distance indicator: 14.4
   Increment on tard indicator:     0.0
   Value of tmax indicator:         14.4

Task for patient = 6 with skills = {3,-1} and cost = 204.7
   Vehicle #0 = 3, leaving at = 300.3
   Vehicle #1 = -1, leaving at = inf
   Increment on distance indicator: 27.3
   Increment on tard indicator:     0.0
   Value of tmax indicator:         27.3

Task for patient = 43 with skills = {2,5} and cost = 220.8
   Vehicle #0 = 2, leaving at = 194.6
   Vehicle #1 = 7, leaving at = 196.6
   Increment on distance indicator: 27.3
   Increment on tard indicator:     0.0
   Value of tmax indicator:         27.3

Task for patient = 39 with skills = {3,4} and cost = 230.9
   Vehicle #0 = 6, leaving at = 239.6
   Vehicle #1 = 7, leaving at = 239.6
   Increment on distance indicator: 30.5
   Increment on tard indicator:     0.0
   Value of tmax indicator:         30.5

Task for patient = 27 with skills = {0,-1} and cost = 235.9
   Vehicle #0 = 0, leaving at = 224.2
   Vehicle #1 = -1, leaving at = inf
   Increment on distance indicator: 14.9
   Increment on tard indicator:     0.0
   Value of tmax indicator:         14.9

Task for patient = 16 with skills = {2,-1} and cost = 250.9
   Vehicle #0 = 1, leaving at = 187.6
   Vehicle #1 = -1, leaving at = inf
   Increment on distance indicator: 45.0
   Increment on tard indicator:     0.0
   Value of tmax indicator:         45.0

Task for patient = 48 with skills = {1,5} and cost = 258.6
   Vehicle #0 = 1, leaving at = 244.0
   Vehicle #1 = 4, leaving at = 257.0
   Increment on distance indicator: 23.1
   Increment on tard indicator:     0.0
   Value of tmax indicator:         23.1

Task for patient = 12 with skills = {4,-1} and cost = 260.0
   Vehicle #0 = 5, leaving at = 183.0
   Vehicle #1 = -1, leaving at = inf
   Increment on distance indicator: 4.1
   Increment on tard indicator:     0.0
   Value of tmax indicator:         4.1

Task for patient = 25 with skills = {5,-1} and cost = 265.8
   Vehicle #0 = 8, leaving at = 178.0
   Vehicle #1 = -1, leaving at = inf
   Increment on distance indicator: 17.5
   Increment on tard indicator:     0.0
   Value of tmax indicator:         17.5

Task for patient = 8 with skills = {0,-1} and cost = 268.9
   Vehicle #0 = 0, leaving at = 250.4
   Vehicle #1 = -1, leaving at = inf
   Increment on distance indicator: 9.2
   Increment on tard indicator:     0.0
   Value of tmax indicator:         9.2

Task for patient = 14 with skills = {4,-1} and cost = 448.3
   Vehicle #0 = 8, leaving at = 435.0
   Vehicle #1 = -1, leaving at = inf
   Increment on distance indicator: 17.5
   Increment on tard indicator:     0.0
   Value of tmax indicator:         17.5

Task for patient = 2 with skills = {4,-1} and cost = 185.0
   Vehicle #0 = 4, leaving at = 197.6
   Vehicle #1 = -1, leaving at = inf
   Increment on distance indicator: 13.6
   Increment on tard indicator:     0.0
   Value of tmax indicator:         13.6


Unused vehicle list: (total = 0 out of 10)

---
Search finished.
Total of 1900 generations in 41.5 seconds.
Exchange elite runs: 0
Implicit path relinking runs: 0
Reset attempts: 1

Best solution found:
   Cost: 552.3
   Total travel time: 1652.1
   Total tardiness time: 2.6
   Largest tardiness: 2.3


552.3
