This host is: shiva
--- BRKGA-MP-IPR for HHCRSP ---
Instance: /home/alberto/work/gecco2020-brkga/instances-HHCRSP/InstanzCPLEX_HCSRP_10_5.txt
Seed: 9

Reading data... Problem contains 10 patients  and 3 caregivers.

Summary of supply x demand for each service type:
Skill 0 has supply = 1 and demand = 3, ratio = 0.333333
Skill 1 has supply = 0 and demand = 0, ratio = -nan
Skill 2 has supply = 1 and demand = 2, ratio = 0.5
Skill 3 has supply = 2 and demand = 1, ratio = 2
Skill 4 has supply = 1 and demand = 3, ratio = 0.333333
Skill 5 has supply = 2 and demand = 4, ratio = 0.5

Reading parameters...
Inferred distance function by PR type: kendall-tau
Building BRKGA data and initializing...
Evolving 1900 generations...

  Gens  Rem    Local   ElDiv NoImpr             Best solution            Time  Op
                                       Cost     Dist    Tard    TMax 
*    0 1900   208.98   51.04      0   208.98   570.46    28.2    28.2     0.0    
*    2 1898   198.98   29.97      0   198.98   575.96     0.0     0.0     0.1    
*    3 1897   191.99   13.73      0   191.99   575.92     0.0     0.0     0.1    
    50 1850   191.99    0.00     47   191.99   575.92     0.0     0.0     0.8    
   100 1800   191.99    0.00     97   191.99   575.92     0.0     0.0     1.6    
   150 1750   191.99    0.00    147   191.99   575.92     0.0     0.0     2.4    
   200 1700   191.99    0.00    197   191.99   575.92     0.0     0.0     3.3    
   250 1650   191.99    0.00    247   191.99   575.92     0.0     0.0     4.1    
   300 1600   191.99    0.00    297   191.99   575.92     0.0     0.0     4.9    
   350 1550   191.99    0.00    347   191.99   575.92     0.0     0.0     5.7    
   400 1500   191.99    0.00    397   191.99   575.92     0.0     0.0     6.5    
   450 1450   191.99    0.00    447   191.99   575.92     0.0     0.0     7.3    
   500 1400   191.99    0.00    497   191.99   575.92     0.0     0.0     8.1    
   550 1350   191.99    0.00    547   191.99   575.92     0.0     0.0     8.9    
   600 1300   191.99    0.00    597   191.99   575.92     0.0     0.0     9.7    

  Gens  Rem    Local   ElDiv NoImpr             Best solution            Time  Op
                                       Cost     Dist    Tard    TMax 
   650 1250   191.99    0.00    647   191.99   575.92     0.0     0.0    10.5    
   700 1200   191.99    0.00    697   191.99   575.92     0.0     0.0    11.3    
   702 1198      inf   75.61      0   191.99   575.92     0.0     0.0    11.4   R
   703 1197   211.74   54.17      0   191.99   575.92     0.0     0.0    11.4    
   750 1150   191.99    0.00     43   191.99   575.92     0.0     0.0    12.1    
   800 1100   191.99    0.00     93   191.99   575.92     0.0     0.0    13.0    
   850 1050   191.99    0.00    143   191.99   575.92     0.0     0.0    13.8    
   900 1000   191.99    0.00    193   191.99   575.92     0.0     0.0    14.6    
   950  950   191.99    0.00    243   191.99   575.92     0.0     0.0    15.4    
  1000  900   191.99    0.00    293   191.99   575.92     0.0     0.0    16.2    
  1050  850   191.99    0.00    343   191.99   575.92     0.0     0.0    17.0    
  1100  800   191.99    0.00    393   191.99   575.92     0.0     0.0    17.8    
  1150  750   191.99    0.00    443   191.99   575.92     0.0     0.0    18.6    
  1200  700   191.99    0.00    493   191.99   575.92     0.0     0.0    19.4    
  1250  650   191.99    0.00    543   191.99   575.92     0.0     0.0    20.2    
  1300  600   191.99    0.00    593   191.99   575.92     0.0     0.0    21.0    

  Gens  Rem    Local   ElDiv NoImpr             Best solution            Time  Op
                                       Cost     Dist    Tard    TMax 
  1350  550   191.99    0.00    643   191.99   575.92     0.0     0.0    21.9    
  1400  500   191.99    0.00    693   191.99   575.92     0.0     0.0    22.7    
  1406  494      inf   66.17      0   191.99   575.92     0.0     0.0    22.8   R
  1407  493   194.14   48.64      0   191.99   575.92     0.0     0.0    22.8    
  1450  450   191.99    0.00     40   191.99   575.92     0.0     0.0    23.5    
  1500  400   191.99    0.00     90   191.99   575.92     0.0     0.0    24.3    
  1550  350   191.99    0.00    140   191.99   575.92     0.0     0.0    25.1    
  1600  300   191.99    0.00    190   191.99   575.92     0.0     0.0    25.9    
  1650  250   191.99    0.00    240   191.99   575.92     0.0     0.0    26.7    
  1700  200   191.99    0.00    290   191.99   575.92     0.0     0.0    27.5    
  1750  150   191.99    0.00    340   191.99   575.92     0.0     0.0    28.3    
  1800  100   191.99    0.00    390   191.99   575.92     0.0     0.0    29.1    
  1850   50   191.99    0.00    440   191.99   575.92     0.0     0.0    29.9    
  1900    0   191.99    0.00    490   191.99   575.92     0.0     0.0    30.7    
Evolutionary process finished.
Solution written to 'solution-16058.txt'.

Sorted sequence of worst to best tardiness value:
Task for patient = 6 with skills = {5,-1} and cost = 15.2
   Vehicle #0 = 1, leaving at = 55.7
   Vehicle #1 = -1, leaving at = inf
   Increment on distance indicator: 45.7
   Increment on tard indicator:     0.0
   Value of tmax indicator:         45.7

Task for patient = 8 with skills = {3,5} and cost = 30.5
   Vehicle #0 = 1, leaving at = 141.0
   Vehicle #1 = 2, leaving at = 141.0
   Increment on distance indicator: 45.8
   Increment on tard indicator:     0.0
   Value of tmax indicator:         45.8

Task for patient = 9 with skills = {0,4} and cost = 74.6
   Vehicle #0 = 0, leaving at = 146.2
   Vehicle #1 = 1, leaving at = 212.2
   Increment on distance indicator: 132.2
   Increment on tard indicator:     0.0
   Value of tmax indicator:         132.2

Task for patient = 2 with skills = {4,-1} and cost = 80.0
   Vehicle #0 = 1, leaving at = 238.5
   Vehicle #1 = -1, leaving at = inf
   Increment on distance indicator: 16.3
   Increment on tard indicator:     0.0
   Value of tmax indicator:         16.3

Task for patient = 10 with skills = {0,5} and cost = 92.1
   Vehicle #0 = 0, leaving at = 230.5
   Vehicle #1 = 1, leaving at = 258.5
   Increment on distance indicator: 36.2
   Increment on tard indicator:     0.0
   Value of tmax indicator:         36.2

Task for patient = 3 with skills = {2,-1} and cost = 110.2
   Vehicle #0 = 0, leaving at = 294.8
   Vehicle #1 = -1, leaving at = inf
   Increment on distance indicator: 54.3
   Increment on tard indicator:     0.0
   Value of tmax indicator:         54.3

Task for patient = 5 with skills = {0,-1} and cost = 118.0
   Vehicle #0 = 0, leaving at = 436.0
   Vehicle #1 = -1, leaving at = inf
   Increment on distance indicator: 23.3
   Increment on tard indicator:     0.0
   Value of tmax indicator:         23.3

Task for patient = 4 with skills = {2,-1} and cost = 122.2
   Vehicle #0 = 0, leaving at = 474.0
   Vehicle #1 = -1, leaving at = inf
   Increment on distance indicator: 12.7
   Increment on tard indicator:     0.0
   Value of tmax indicator:         12.7

Task for patient = 7 with skills = {4,-1} and cost = 140.5
   Vehicle #0 = 1, leaving at = 344.0
   Vehicle #1 = -1, leaving at = inf
   Increment on distance indicator: 54.7
   Increment on tard indicator:     0.0
   Value of tmax indicator:         54.7

Task for patient = 1 with skills = {5,-1} and cost = 141.8
   Vehicle #0 = 2, leaving at = 297.0
   Vehicle #1 = -1, leaving at = inf
   Increment on distance indicator: 4.0
   Increment on tard indicator:     0.0
   Value of tmax indicator:         4.0


Unused vehicle list: (total = 0 out of 3)

---
Search finished.
Total of 1900 generations in 30.7 seconds.
Exchange elite runs: 0
Implicit path relinking runs: 0
Reset attempts: 2

Best solution found:
   Cost: 192.0
   Total travel time: 575.9
   Total tardiness time: 0.0
   Largest tardiness: 0.0


192.0
