This host is: shiva
--- BRKGA-MP-IPR for HHCRSP ---
Instance: /home/alberto/work/gecco2020-brkga/instances-HHCRSP/InstanzVNS_HCSRP_200_6.txt
Seed: 3

Reading data... Problem contains 200 patients  and 30 caregivers.

Summary of supply x demand for each service type:
Skill 0 has supply = 5 and demand = 30, ratio = 0.166667
Skill 1 has supply = 7 and demand = 33, ratio = 0.212121
Skill 2 has supply = 7 and demand = 41, ratio = 0.170732
Skill 3 has supply = 14 and demand = 45, ratio = 0.311111
Skill 4 has supply = 11 and demand = 53, ratio = 0.207547
Skill 5 has supply = 19 and demand = 58, ratio = 0.327586

Reading parameters...
Inferred distance function by PR type: kendall-tau
Building BRKGA data and initializing...
Evolving 1900 generations...

  Gens  Rem    Local   ElDiv NoImpr             Best solution            Time  Op
                                       Cost     Dist    Tard    TMax 
*    0 1900  9505.08  456.84      0  9505.08  7287.68 20726.9   500.7     0.1    
*    2 1898  8367.61  376.64      0  8367.61  6666.21 17980.4   456.2     0.2    
*    4 1896  7894.48  381.54      0  7894.48  6635.02 14387.6   484.0     0.4    
*    5 1895  7168.86  356.97      0  7168.86  6635.02 14387.6   484.0     0.5    
*    7 1893  6642.47  294.39      0  6642.47  6532.46 12851.1   406.4     0.7    
*    8 1892  6596.65  342.63      0  6596.65  6856.96 10767.3   370.8     0.8    
*    9 1891  5998.39  269.40      0  5998.39  6856.96 10767.3   370.8     0.8    
*   11 1889  4938.95  318.90      0  4938.95  6969.27  7468.4   379.2     1.0    
*   15 1885  4615.91  205.81      0  4615.91  6425.21  6287.4   379.1     1.3    
*   16 1884  4363.90  190.85      0  4363.90  6598.92  5985.6   383.7     1.4    
*   17 1883  4322.75  174.70      0  4322.75  6559.37  5927.0   285.5     1.5    
*   18 1882  4257.29  147.60      0  4257.29  6559.37  5927.0   285.5     1.6    
*   20 1880  3545.72  183.10      0  3545.72  6757.95  3684.9   194.3     1.8    
*   22 1878  3542.19  153.59      0  3542.19  6466.22  3848.5   311.9     1.9    
*   24 1876  3323.42  147.66      0  3323.42  6612.60  1967.8   239.0     2.1    

  Gens  Rem    Local   ElDiv NoImpr             Best solution            Time  Op
                                       Cost     Dist    Tard    TMax 
*   25 1875  2939.79  140.91      0  2939.79  6612.60  1967.8   239.0     2.2    
*   28 1872  2787.54  117.30      0  2787.54  6211.64  1965.7   185.3     2.4    
*   30 1870  2702.79   94.96      0  2702.79  6348.49  1469.9   202.6     2.6    
*   31 1869  2673.63   91.96      0  2673.63  6151.23  1484.5   131.4     2.7    
*   32 1868  2589.02   79.01      0  2589.02  6151.23  1484.5   131.4     2.8    
*   34 1866  2501.04   89.63      0  2501.04  6029.77   932.5   173.8     2.9    
*   35 1865  2378.70   83.50      0  2378.70  6029.77   932.5   173.8     3.0    
*   37 1863  2333.22   66.18      0  2333.22  5959.39   814.1   113.5     3.2    
*   38 1862  2295.67   64.79      0  2295.67  5809.04   851.6   133.7     3.3    
*   39 1861  2264.76   63.75      0  2264.76  5809.04   851.6   133.7     3.4    
*   41 1859  2214.40   51.64      0  2214.40  5989.96   542.2   111.1     3.5    
*   43 1857  2183.68   44.19      0  2183.68  5854.91   567.9   125.0     3.7    
*   44 1856  2182.59   40.79      0  2182.59  6048.42   253.5    61.2     3.8    
*   45 1855  2121.04   46.63      0  2121.04  6052.34   183.2    34.8     3.9    
*   46 1854  2090.10   46.34      0  2090.10  5736.68   380.3    72.9     4.0    
*   47 1853  2063.31   41.50      0  2063.31  5736.68   380.3    72.9     4.0    

  Gens  Rem    Local   ElDiv NoImpr             Best solution            Time  Op
                                       Cost     Dist    Tard    TMax 
*   49 1851  2026.26   41.23      0  2026.26  5717.52   220.9    34.3     4.2    
*   50 1850  1990.90   36.54      0  1990.90  5717.52   220.9    34.3     4.3    
*   53 1847  1982.03   36.80      0  1982.03  5850.05    80.9    13.4     4.5    
*   54 1846  1981.44   31.25      0  1981.44  5850.05    80.9    13.4     4.6    
*   56 1844  1932.07   27.57      0  1932.07  5502.17   253.5    40.6     4.8    
*   61 1839  1911.87   31.38      0  1911.87  5469.31   109.9    18.3     5.2    
*   62 1838  1865.83   31.12      0  1865.83  5469.31   109.9    18.3     5.3    
*   68 1832  1848.96   25.66      0  1848.96  5389.66   122.3    34.9     5.8    
*   70 1830  1841.52   28.92      0  1841.52  5277.78    80.0    13.0     6.0    
*   71 1829  1790.25   28.52      0  1790.25  5277.78    80.0    13.0     6.1    
*   80 1820  1787.72   20.77      0  1787.72  5211.79   126.1    25.3     6.8    
*   83 1817  1783.82   20.29      0  1783.82  5288.19    47.3    16.0     7.1    
*   87 1813  1718.13   23.37      0  1718.13  5050.83    86.9    16.6     7.4    
   100 1800  1718.13   24.01     13  1718.13  5050.83    86.9    16.6     8.5    
*  116 1784  1716.96   16.30      0  1716.96  5020.02    99.6    31.3     9.9    
*  118 1782  1672.53   19.98      0  1672.53  4913.97    86.9    16.7    10.1    

  Gens  Rem    Local   ElDiv NoImpr             Best solution            Time  Op
                                       Cost     Dist    Tard    TMax 
*  136 1764  1666.48   13.82      0  1666.48  4877.28    93.1    29.0    11.6    
*  142 1758  1648.39   16.12      0  1648.39  4796.24   129.3    19.6    12.1    
*  150 1750  1619.06   14.16      0  1619.06  4744.97    94.2    18.0    12.8    
*  162 1738  1618.88   13.64      0  1618.88  4753.02    69.5    12.0    13.8    
*  163 1737  1611.51   13.51      0  1611.51  4753.02    69.5    12.0    13.9    
*  169 1731  1606.06   14.37      0  1606.06  4703.22   101.6    13.4    14.4    
*  176 1724  1572.41   12.50      0  1572.41  4631.82    72.7    12.7    15.0    
*  188 1712  1567.11   10.44      0  1567.11  4546.75   124.2    23.1    16.0    
*  189 1711  1564.66   10.60      0  1564.66  4546.75   124.2    23.1    16.0    
*  196 1704  1556.61   10.76      0  1556.61  4559.15    80.3    16.5    16.6    
*  197 1703  1551.98   10.02      0  1551.98  4559.15    80.3    16.5    16.7    
*  200 1700  1550.10    8.94      0  1550.10  4534.94    94.4    17.5    17.0    
*  201 1699  1548.94    8.83      0  1548.94  4534.94    94.4    17.5    17.1    
*  203 1697  1544.00    9.14      0  1544.00  4539.89    80.1    12.0    17.2    
*  206 1694  1543.44   10.08      0  1543.44  4521.43    49.8    12.0    17.5    
*  207 1693  1527.77    9.49      0  1527.77  4521.43    49.8    12.0    17.6    

  Gens  Rem    Local   ElDiv NoImpr             Best solution            Time  Op
                                       Cost     Dist    Tard    TMax 
*  209 1691  1526.53    9.73      0  1526.53  4511.39    56.2    12.0    17.7    
*  212 1688  1518.60   10.27      0  1518.60  4460.19    79.1    16.5    18.0    
*  214 1686  1517.16   10.27      0  1517.16  4452.14    41.1    12.0    18.2    
*  215 1685  1501.76   10.87      0  1501.76  4452.14    41.1    12.0    18.2    
*  220 1680  1500.19    8.44      0  1500.19  4439.93    48.6    12.0    18.7    
*  223 1677  1499.31    7.59      0  1499.31  4405.91    61.6    12.0    18.9    
*  224 1676  1493.18    8.88      0  1493.18  4353.80    61.5    12.0    19.0    
*  225 1675  1475.79    9.03      0  1475.79  4353.80    61.5    12.0    19.1    
*  228 1672  1470.89    9.35      0  1470.89  4355.49    45.2    12.0    19.3    
*  236 1664  1469.41    6.61      0  1469.41  4343.14    53.1    12.0    20.0    
*  238 1662  1461.54    6.06      0  1461.54  4318.28    54.3    12.0    20.2    
*  244 1656  1457.92    4.93      0  1457.92  4321.33    40.4    12.0    20.7    
*  246 1654  1445.49    6.21      0  1445.49  4281.14    43.3    12.0    20.8    
   250 1650  1445.49    5.08      4  1445.49  4281.14    43.3    12.0    21.2    
*  253 1647  1441.72    4.75      0  1441.72  4265.13    48.0    12.0    21.4    
*  255 1645  1441.03    4.83      0  1441.03  4259.22    44.4    12.0    21.6    

  Gens  Rem    Local   ElDiv NoImpr             Best solution            Time  Op
                                       Cost     Dist    Tard    TMax 
*  256 1644  1438.55    5.06      0  1438.55  4261.46    40.4    12.0    21.7    
*  257 1643  1437.96    4.81      0  1437.96  4261.46    40.4    12.0    21.8    
*  259 1641  1436.53    5.24      0  1436.53  4216.38    59.3    12.0    21.9    
*  260 1640  1429.23    5.01      0  1429.23  4216.38    59.3    12.0    22.0    
*  263 1637  1428.83    4.07      0  1428.83  4225.82    48.6    12.0    22.3    
*  272 1628  1427.53    3.08      0  1427.53  4202.31    56.2    12.0    23.0    
*  273 1627  1423.53    2.90      0  1423.53  4202.31    56.2    12.0    23.1    
*  277 1623  1422.40    2.39      0  1422.40  4199.40    48.6    12.0    23.4    
*  278 1622  1420.02    2.03      0  1420.02  4199.40    48.6    12.0    23.5    
*  280 1620  1419.56    1.99      0  1419.56  4190.12    51.3    12.0    23.7    
*  281 1619  1417.82    1.87      0  1417.82  4187.15    51.5    12.0    23.8    
*  282 1618  1416.88    1.79      0  1416.88  4187.15    51.5    12.0    23.9    
*  284 1616  1416.16    1.68      0  1416.16  4142.77    82.3    17.5    24.0    
*  285 1615  1414.17    1.89      0  1414.17  4168.70    51.5    12.0    24.1    
*  286 1614  1410.73    2.39      0  1410.73  4152.06    48.6    12.0    24.2    
*  287 1613  1404.24    2.48      0  1404.24  4152.06    48.6    12.0    24.3    

  Gens  Rem    Local   ElDiv NoImpr             Best solution            Time  Op
                                       Cost     Dist    Tard    TMax 
*  289 1611  1402.45    2.58      0  1402.45  4139.07    56.2    12.0    24.5    
*  291 1609  1397.83    3.24      0  1397.83  4130.23    48.6    12.0    24.6    
*  292 1608  1396.96    3.00      0  1396.96  4121.59    51.5    12.0    24.7    
*  293 1607  1395.03    2.68      0  1395.03  4116.94    51.5    12.0    24.8    
*  294 1606  1393.48    2.70      0  1393.48  4108.39    51.5    12.0    24.9    
*  295 1605  1390.63    2.55      0  1390.63  4107.16    51.5    12.0    25.0    
*  296 1604  1390.22    2.30      0  1390.22  4107.16    51.5    12.0    25.0    
*  298 1602  1389.13    1.87      0  1389.13  4087.80    51.5    12.0    25.2    
*  299 1601  1383.76    1.57      0  1383.76  4087.80    51.5    12.0    25.3    
   300 1600  1383.76    1.67      1  1383.76  4087.80    51.5    12.0    25.4    
*  305 1595  1381.57    1.54      0  1381.57  4080.73    51.5    12.0    25.8    
*  306 1594  1381.41    1.32      0  1381.41  4080.73    51.5    12.0    25.9    
*  308 1592  1379.63    1.33      0  1379.63  4075.40    51.5    12.0    26.0    
*  310 1590  1379.31    1.35      0  1379.31  4068.94    51.5    12.0    26.2    
*  311 1589  1377.48    1.29      0  1377.48  4064.91    53.7    12.0    26.3    
*  312 1588  1376.87    1.25      0  1376.87  4064.91    53.7    12.0    26.4    

  Gens  Rem    Local   ElDiv NoImpr             Best solution            Time  Op
                                       Cost     Dist    Tard    TMax 
*  314 1586  1375.65    1.24      0  1375.65  4063.44    51.5    12.0    26.6    
*  316 1584  1375.02    1.12      0  1375.02  4059.73    51.5    12.0    26.7    
*  317 1583  1374.41    0.84      0  1374.41  4055.32    53.7    12.0    26.8    
*  318 1582  1373.67    0.93      0  1373.67  4053.44    53.7    12.0    26.9    
*  319 1581  1373.04    1.02      0  1373.04  4052.95    53.7    12.0    27.0    
*  320 1580  1372.88    0.90      0  1372.88  4043.39    58.0    12.0    27.1    
*  321 1579  1371.16    0.53      0  1371.16  4043.39    58.0    12.0    27.1    
*  324 1576  1371.06    0.54      0  1371.06  4038.22    59.6    12.0    27.4    
*  325 1575  1369.96    0.58      0  1369.96  4038.22    59.6    12.0    27.5    
*  327 1573  1369.85    0.54      0  1369.85  4031.48    63.7    12.0    27.6    
*  328 1572  1369.07    0.65      0  1369.07  4026.58    63.7    12.0    27.7    
*  329 1571  1367.44    0.68      0  1367.44  4026.58    63.7    12.0    27.8    
*  332 1568  1366.85    0.64      0  1366.85  4028.92    59.6    12.0    28.1    
*  337 1563  1365.15    0.54      0  1365.15  4023.79    59.6    12.0    28.5    
*  341 1559  1364.97    0.62      0  1364.97  4017.11    64.0    12.0    28.8    
*  342 1558  1364.38    0.64      0  1364.38  4017.11    64.0    12.0    28.9    

  Gens  Rem    Local   ElDiv NoImpr             Best solution            Time  Op
                                       Cost     Dist    Tard    TMax 
*  344 1556  1363.92    0.29      0  1363.92  4021.38    58.3    12.0    29.1    
*  349 1551  1362.00    0.43      0  1362.00  4023.08    50.1    12.0    29.5    
*  350 1550  1361.74    0.64      0  1361.74  4013.67    58.3    12.0    29.6    
*  351 1549  1361.35    0.82      0  1361.35  4013.64    58.3    12.0    29.7    
*  354 1546  1361.07    0.15      0  1361.07  4012.84    58.3    12.0    29.9    
*  357 1543  1359.09    0.23      0  1359.09  4006.89    58.3    12.0    30.2    
*  360 1540  1358.79    0.36      0  1358.79  4014.25    50.1    12.0    30.4    
*  364 1536  1358.73    0.83      0  1358.73  4014.05    50.1    12.0    30.7    
*  366 1534  1358.37    0.46      0  1358.37  4012.99    50.1    12.0    30.9    
*  371 1529  1353.21    0.88      0  1353.21  3982.21    65.4    12.0    31.3    
*  373 1527  1352.85    1.26      0  1352.85  3981.14    65.4    12.0    31.5    
*  382 1518  1352.59    0.04      0  1352.59  3980.36    65.4    12.0    32.3    
   400 1500  1352.59    0.00     18  1352.59  3980.36    65.4    12.0    33.8    
*  410 1490  1351.21    0.24      0  1351.21  3966.46    75.1    12.0    34.6    
*  416 1484  1348.15    0.30      0  1348.15  3967.03    65.4    12.0    35.1    
   450 1450  1348.15    0.00     34  1348.15  3967.03    65.4    12.0    38.0    

  Gens  Rem    Local   ElDiv NoImpr             Best solution            Time  Op
                                       Cost     Dist    Tard    TMax 
   500 1400  1348.15    0.00     84  1348.15  3967.03    65.4    12.0    42.2    
   550 1350  1348.15    0.00    134  1348.15  3967.03    65.4    12.0    46.4    
   600 1300  1348.15    0.00    184  1348.15  3967.03    65.4    12.0    50.6    
   650 1250  1348.15    0.00    234  1348.15  3967.03    65.4    12.0    54.8    
   700 1200  1348.15    0.00    284  1348.15  3967.03    65.4    12.0    58.9    
   750 1150  1348.15    0.00    334  1348.15  3967.03    65.4    12.0    63.1    
   800 1100  1348.15    0.00    384  1348.15  3967.03    65.4    12.0    67.3    
   850 1050  1348.15    0.00    434  1348.15  3967.03    65.4    12.0    71.5    
   900 1000  1348.15    0.00    484  1348.15  3967.03    65.4    12.0    75.7    
   950  950  1348.15    0.00    534  1348.15  3967.03    65.4    12.0    79.9    
  1000  900  1348.15    0.00    584  1348.15  3967.03    65.4    12.0    84.1    
  1050  850  1348.15    0.00    634  1348.15  3967.03    65.4    12.0    88.3    
  1100  800  1348.15    0.00    684  1348.15  3967.03    65.4    12.0    92.5    
  1115  785      inf  508.34      0  1348.15  3967.03    65.4    12.0    93.8   R
  1116  784  9140.23  398.93      0  1348.15  3967.03    65.4    12.0    93.9    
  1150  750  2453.64   84.72      0  1348.15  3967.03    65.4    12.0    96.8    

  Gens  Rem    Local   ElDiv NoImpr             Best solution            Time  Op
                                       Cost     Dist    Tard    TMax 
  1200  700  1810.59   21.31      2  1348.15  3967.03    65.4    12.0   101.0    
  1250  650  1681.17   16.01     13  1348.15  3967.03    65.4    12.0   105.2    
  1300  600  1536.52   14.24      7  1348.15  3967.03    65.4    12.0   109.4    
  1350  550  1485.18    8.67      1  1348.15  3967.03    65.4    12.0   113.6    
  1400  500  1439.29    4.04      0  1348.15  3967.03    65.4    12.0   117.8    
  1450  450  1402.80    1.38      1  1348.15  3967.03    65.4    12.0   122.0    
  1500  400  1383.42    0.35      2  1348.15  3967.03    65.4    12.0   126.2    
  1550  350  1368.66    0.10      5  1348.15  3967.03    65.4    12.0   130.5    
  1600  300  1361.92    1.58      3  1348.15  3967.03    65.4    12.0   134.7    
  1650  250  1356.96    0.46      3  1348.15  3967.03    65.4    12.0   138.8    
  1700  200  1356.15    0.00     33  1348.15  3967.03    65.4    12.0   143.0    
  1750  150  1356.15    0.00     83  1348.15  3967.03    65.4    12.0   147.2    
  1800  100  1354.07    0.00     40  1348.15  3967.03    65.4    12.0   151.4    
  1850   50  1354.07    0.00     90  1348.15  3967.03    65.4    12.0   155.6    
  1900    0  1354.07    0.00    140  1348.15  3967.03    65.4    12.0   159.8    
Evolutionary process finished.
Solution written to 'solution-8726.txt'.

Sorted sequence of worst to best tardiness value:
Task for patient = 115 with skills = {5,-1} and cost = 968.4
   Vehicle #0 = 24, leaving at = 580.4
   Vehicle #1 = -1, leaving at = inf
   Increment on distance indicator: 5.4
   Increment on tard indicator:     4.4
   Value of tmax indicator:         5.4

Task for patient = 189 with skills = {2,3} and cost = 778.6
   Vehicle #0 = 7, leaving at = 423.2
   Vehicle #1 = 21, leaving at = 455.2
   Increment on distance indicator: 28.6
   Increment on tard indicator:     4.2
   Value of tmax indicator:         28.6

Task for patient = 113 with skills = {0,-1} and cost = 999.7
   Vehicle #0 = 2, leaving at = 585.5
   Vehicle #1 = -1, leaving at = inf
   Increment on distance indicator: 17.0
   Increment on tard indicator:     2.5
   Value of tmax indicator:         17.0

Task for patient = 173 with skills = {2,4} and cost = 437.6
   Vehicle #0 = 1, leaving at = 247.4
   Vehicle #1 = 22, leaving at = 267.4
   Increment on distance indicator: 11.7
   Increment on tard indicator:     2.4
   Value of tmax indicator:         11.7

Task for patient = 129 with skills = {2,-1} and cost = 937.6
   Vehicle #0 = 0, leaving at = 424.9
   Vehicle #1 = -1, leaving at = inf
   Increment on distance indicator: 24.2
   Increment on tard indicator:     1.9
   Value of tmax indicator:         24.2

Task for patient = 65 with skills = {3,-1} and cost = 274.2
   Vehicle #0 = 11, leaving at = 215.7
   Vehicle #1 = -1, leaving at = inf
   Increment on distance indicator: 3.2
   Increment on tard indicator:     1.7
   Value of tmax indicator:         3.2

Task for patient = 62 with skills = {4,-1} and cost = 494.4
   Vehicle #0 = 24, leaving at = 294.3
   Vehicle #1 = -1, leaving at = inf
   Increment on distance indicator: 15.0
   Increment on tard indicator:     1.3
   Value of tmax indicator:         15.0

Task for patient = 32 with skills = {4,-1} and cost = 767.1
   Vehicle #0 = 16, leaving at = 444.0
   Vehicle #1 = -1, leaving at = inf
   Increment on distance indicator: 6.1
   Increment on tard indicator:     1.0
   Value of tmax indicator:         6.1

Task for patient = 100 with skills = {4,-1} and cost = 736.9
   Vehicle #0 = 22, leaving at = 393.4
   Vehicle #1 = -1, leaving at = inf
   Increment on distance indicator: 12.4
   Increment on tard indicator:     0.0
   Value of tmax indicator:         12.4

Task for patient = 119 with skills = {2,-1} and cost = 739.2
   Vehicle #0 = 3, leaving at = 370.1
   Vehicle #1 = -1, leaving at = inf
   Increment on distance indicator: 4.0
   Increment on tard indicator:     0.0
   Value of tmax indicator:         4.0

Task for patient = 38 with skills = {5,-1} and cost = 741.0
   Vehicle #0 = 19, leaving at = 438.0
   Vehicle #1 = -1, leaving at = inf
   Increment on distance indicator: 5.4
   Increment on tard indicator:     0.0
   Value of tmax indicator:         5.4

Task for patient = 9 with skills = {4,-1} and cost = 743.6
   Vehicle #0 = 20, leaving at = 391.3
   Vehicle #1 = -1, leaving at = inf
   Increment on distance indicator: 7.8
   Increment on tard indicator:     0.0
   Value of tmax indicator:         7.8

Task for patient = 87 with skills = {5,-1} and cost = 746.6
   Vehicle #0 = 19, leaving at = 466.1
   Vehicle #1 = -1, leaving at = inf
   Increment on distance indicator: 9.1
   Increment on tard indicator:     0.0
   Value of tmax indicator:         9.1

Task for patient = 105 with skills = {5,-1} and cost = 750.0
   Vehicle #0 = 24, leaving at = 418.0
   Vehicle #1 = -1, leaving at = inf
   Increment on distance indicator: 10.0
   Increment on tard indicator:     0.0
   Value of tmax indicator:         10.0

Task for patient = 99 with skills = {2,-1} and cost = 754.3
   Vehicle #0 = 0, leaving at = 351.7
   Vehicle #1 = -1, leaving at = inf
   Increment on distance indicator: 13.0
   Increment on tard indicator:     0.0
   Value of tmax indicator:         13.0

Task for patient = 128 with skills = {2,-1} and cost = 755.7
   Vehicle #0 = 2, leaving at = 398.0
   Vehicle #1 = -1, leaving at = inf
   Increment on distance indicator: 4.1
   Increment on tard indicator:     0.0
   Value of tmax indicator:         4.1

Task for patient = 112 with skills = {1,-1} and cost = 758.8
   Vehicle #0 = 9, leaving at = 361.2
   Vehicle #1 = -1, leaving at = inf
   Increment on distance indicator: 9.5
   Increment on tard indicator:     0.0
   Value of tmax indicator:         9.5

Task for patient = 190 with skills = {2,5} and cost = 764.7
   Vehicle #0 = 7, leaving at = 385.0
   Vehicle #1 = 22, leaving at = 437.0
   Increment on distance indicator: 17.6
   Increment on tard indicator:     0.0
   Value of tmax indicator:         17.6

Task for patient = 102 with skills = {5,-1} and cost = 780.7
   Vehicle #0 = 21, leaving at = 480.6
   Vehicle #1 = -1, leaving at = inf
   Increment on distance indicator: 6.4
   Increment on tard indicator:     0.0
   Value of tmax indicator:         6.4

Task for patient = 73 with skills = {2,-1} and cost = 785.8
   Vehicle #0 = 1, leaving at = 465.0
   Vehicle #1 = -1, leaving at = inf
   Increment on distance indicator: 15.0
   Increment on tard indicator:     0.0
   Value of tmax indicator:         15.0

Task for patient = 76 with skills = {1,-1} and cost = 789.4
   Vehicle #0 = 0, leaving at = 381.7
   Vehicle #1 = -1, leaving at = inf
   Increment on distance indicator: 11.0
   Increment on tard indicator:     0.0
   Value of tmax indicator:         11.0

Task for patient = 24 with skills = {1,-1} and cost = 792.5
   Vehicle #0 = 4, leaving at = 398.0
   Vehicle #1 = -1, leaving at = inf
   Increment on distance indicator: 9.2
   Increment on tard indicator:     0.0
   Value of tmax indicator:         9.2

Task for patient = 23 with skills = {1,-1} and cost = 794.9
   Vehicle #0 = 7, leaving at = 449.3
   Vehicle #1 = -1, leaving at = inf
   Increment on distance indicator: 7.1
   Increment on tard indicator:     0.0
   Value of tmax indicator:         7.1

Task for patient = 15 with skills = {1,-1} and cost = 798.6
   Vehicle #0 = 7, leaving at = 479.5
   Vehicle #1 = -1, leaving at = inf
   Increment on distance indicator: 11.2
   Increment on tard indicator:     0.0
   Value of tmax indicator:         11.2

Task for patient = 1 with skills = {1,-1} and cost = 801.0
   Vehicle #0 = 7, leaving at = 505.7
   Vehicle #1 = -1, leaving at = inf
   Increment on distance indicator: 7.3
   Increment on tard indicator:     0.0
   Value of tmax indicator:         7.3

Task for patient = 187 with skills = {2,5} and cost = 807.2
   Vehicle #0 = 6, leaving at = 337.2
   Vehicle #1 = 15, leaving at = 361.2
   Increment on distance indicator: 18.5
   Increment on tard indicator:     0.0
   Value of tmax indicator:         18.5

Task for patient = 69 with skills = {3,-1} and cost = 737.9
   Vehicle #0 = 10, leaving at = 400.0
   Vehicle #1 = -1, leaving at = inf
   Increment on distance indicator: 2.8
   Increment on tard indicator:     0.0
   Value of tmax indicator:         2.8

Task for patient = 33 with skills = {0,-1} and cost = 642.1
   Vehicle #0 = 5, leaving at = 274.7
   Vehicle #1 = -1, leaving at = inf
   Increment on distance indicator: 10.4
   Increment on tard indicator:     0.0
   Value of tmax indicator:         10.4

Task for patient = 52 with skills = {3,-1} and cost = 645.7
   Vehicle #0 = 21, leaving at = 252.4
   Vehicle #1 = -1, leaving at = inf
   Increment on distance indicator: 10.8
   Increment on tard indicator:     0.0
   Value of tmax indicator:         10.8

Task for patient = 121 with skills = {1,-1} and cost = 646.4
   Vehicle #0 = 3, leaving at = 347.1
   Vehicle #1 = -1, leaving at = inf
   Increment on distance indicator: 2.0
   Increment on tard indicator:     0.0
   Value of tmax indicator:         2.0

Task for patient = 116 with skills = {2,-1} and cost = 650.4
   Vehicle #0 = 8, leaving at = 324.0
   Vehicle #1 = -1, leaving at = inf
   Increment on distance indicator: 12.0
   Increment on tard indicator:     0.0
   Value of tmax indicator:         12.0

Task for patient = 177 with skills = {1,5} and cost = 658.3
   Vehicle #0 = 2, leaving at = 350.5
   Vehicle #1 = 16, leaving at = 365.9
   Increment on distance indicator: 23.9
   Increment on tard indicator:     0.0
   Value of tmax indicator:         23.9

Task for patient = 188 with skills = {2,3} and cost = 663.4
   Vehicle #0 = 1, leaving at = 303.1
   Vehicle #1 = 11, leaving at = 332.1
   Increment on distance indicator: 15.2
   Increment on tard indicator:     0.0
   Value of tmax indicator:         15.2

Task for patient = 85 with skills = {1,-1} and cost = 665.8
   Vehicle #0 = 8, leaving at = 476.0
   Vehicle #1 = -1, leaving at = inf
   Increment on distance indicator: 7.3
   Increment on tard indicator:     0.0
   Value of tmax indicator:         7.3

Task for patient = 185 with skills = {1,4} and cost = 669.4
   Vehicle #0 = 2, leaving at = 374.9
   Vehicle #1 = 16, leaving at = 418.9
   Increment on distance indicator: 10.8
   Increment on tard indicator:     0.0
   Value of tmax indicator:         10.8

Task for patient = 186 with skills = {2,5} and cost = 673.0
   Vehicle #0 = 1, leaving at = 327.4
   Vehicle #1 = 11, leaving at = 377.4
   Increment on distance indicator: 10.8
   Increment on tard indicator:     0.0
   Value of tmax indicator:         10.8

Task for patient = 149 with skills = {3,5} and cost = 681.0
   Vehicle #0 = 20, leaving at = 364.4
   Vehicle #1 = 21, leaving at = 364.4
   Increment on distance indicator: 24.0
   Increment on tard indicator:     0.0
   Value of tmax indicator:         24.0

Task for patient = 63 with skills = {3,-1} and cost = 684.5
   Vehicle #0 = 18, leaving at = 317.6
   Vehicle #1 = -1, leaving at = inf
   Increment on distance indicator: 10.6
   Increment on tard indicator:     0.0
   Value of tmax indicator:         10.6

Task for patient = 107 with skills = {4,-1} and cost = 727.3
   Vehicle #0 = 22, leaving at = 326.6
   Vehicle #1 = -1, leaving at = inf
   Increment on distance indicator: 16.1
   Increment on tard indicator:     0.0
   Value of tmax indicator:         16.1

Task for patient = 174 with skills = {1,5} and cost = 695.7
   Vehicle #0 = 7, leaving at = 356.0
   Vehicle #1 = 19, leaving at = 395.0
   Increment on distance indicator: 18.4
   Increment on tard indicator:     0.0
   Value of tmax indicator:         18.4

Task for patient = 118 with skills = {4,-1} and cost = 697.3
   Vehicle #0 = 24, leaving at = 389.0
   Vehicle #1 = -1, leaving at = inf
   Increment on distance indicator: 5.0
   Increment on tard indicator:     0.0
   Value of tmax indicator:         5.0

Task for patient = 59 with skills = {1,-1} and cost = 699.2
   Vehicle #0 = 9, leaving at = 332.7
   Vehicle #1 = -1, leaving at = inf
   Increment on distance indicator: 5.7
   Increment on tard indicator:     0.0
   Value of tmax indicator:         5.7

Task for patient = 77 with skills = {0,-1} and cost = 701.5
   Vehicle #0 = 0, leaving at = 319.7
   Vehicle #1 = -1, leaving at = inf
   Increment on distance indicator: 6.7
   Increment on tard indicator:     0.0
   Value of tmax indicator:         6.7

Task for patient = 28 with skills = {5,-1} and cost = 702.9
   Vehicle #0 = 14, leaving at = 396.0
   Vehicle #1 = -1, leaving at = inf
   Increment on distance indicator: 4.2
   Increment on tard indicator:     0.0
   Value of tmax indicator:         4.2

Task for patient = 136 with skills = {0,-1} and cost = 712.3
   Vehicle #0 = 5, leaving at = 322.0
   Vehicle #1 = -1, leaving at = inf
   Increment on distance indicator: 28.3
   Increment on tard indicator:     0.0
   Value of tmax indicator:         28.3

Task for patient = 56 with skills = {5,-1} and cost = 715.0
   Vehicle #0 = 27, leaving at = 54.0
   Vehicle #1 = -1, leaving at = inf
   Increment on distance indicator: 8.1
   Increment on tard indicator:     0.0
   Value of tmax indicator:         8.1

Task for patient = 164 with skills = {4,5} and cost = 719.3
   Vehicle #0 = 27, leaving at = 328.0
   Vehicle #1 = 12, leaving at = 328.0
   Increment on distance indicator: 12.9
   Increment on tard indicator:     0.0
   Value of tmax indicator:         12.9

Task for patient = 72 with skills = {0,-1} and cost = 720.6
   Vehicle #0 = 5, leaving at = 345.0
   Vehicle #1 = -1, leaving at = inf
   Increment on distance indicator: 4.0
   Increment on tard indicator:     0.0
   Value of tmax indicator:         4.0

Task for patient = 142 with skills = {4,5} and cost = 722.0
   Vehicle #0 = 27, leaving at = 445.0
   Vehicle #1 = 12, leaving at = 445.0
   Increment on distance indicator: 4.0
   Increment on tard indicator:     0.0
   Value of tmax indicator:         4.0

Task for patient = 71 with skills = {5,-1} and cost = 808.9
   Vehicle #0 = 20, leaving at = 415.3
   Vehicle #1 = -1, leaving at = inf
   Increment on distance indicator: 5.1
   Increment on tard indicator:     0.0
   Value of tmax indicator:         5.1

Task for patient = 84 with skills = {5,-1} and cost = 732.8
   Vehicle #0 = 22, leaving at = 362.0
   Vehicle #1 = -1, leaving at = inf
   Increment on distance indicator: 16.4
   Increment on tard indicator:     0.0
   Value of tmax indicator:         16.4

Task for patient = 81 with skills = {4,-1} and cost = 689.6
   Vehicle #0 = 23, leaving at = 394.1
   Vehicle #1 = -1, leaving at = inf
   Increment on distance indicator: 15.0
   Increment on tard indicator:     0.0
   Value of tmax indicator:         15.0

Task for patient = 58 with skills = {1,-1} and cost = 921.8
   Vehicle #0 = 4, leaving at = 544.9
   Vehicle #1 = -1, leaving at = inf
   Increment on distance indicator: 6.4
   Increment on tard indicator:     0.0
   Value of tmax indicator:         6.4

Task for patient = 161 with skills = {3,4} and cost = 926.1
   Vehicle #0 = 26, leaving at = 409.0
   Vehicle #1 = 28, leaving at = 409.0
   Increment on distance indicator: 12.7
   Increment on tard indicator:     0.0
   Value of tmax indicator:         12.7

Task for patient = 125 with skills = {3,-1} and cost = 927.4
   Vehicle #0 = 10, leaving at = 541.3
   Vehicle #1 = -1, leaving at = inf
   Increment on distance indicator: 4.0
   Increment on tard indicator:     0.0
   Value of tmax indicator:         4.0

Task for patient = 132 with skills = {0,-1} and cost = 928.9
   Vehicle #0 = 9, leaving at = 446.5
   Vehicle #1 = -1, leaving at = inf
   Increment on distance indicator: 4.5
   Increment on tard indicator:     0.0
   Value of tmax indicator:         4.5

Task for patient = 40 with skills = {2,-1} and cost = 938.3
   Vehicle #0 = 0, leaving at = 445.9
   Vehicle #1 = -1, leaving at = inf
   Increment on distance indicator: 2.0
   Increment on tard indicator:     0.0
   Value of tmax indicator:         2.0

Task for patient = 150 with skills = {4,5} and cost = 943.6
   Vehicle #0 = 19, leaving at = 517.1
   Vehicle #1 = 22, leaving at = 517.1
   Increment on distance indicator: 16.1
   Increment on tard indicator:     0.0
   Value of tmax indicator:         16.1

Task for patient = 75 with skills = {4,-1} and cost = 948.6
   Vehicle #0 = 18, leaving at = 525.1
   Vehicle #1 = -1, leaving at = inf
   Increment on distance indicator: 15.0
   Increment on tard indicator:     0.0
   Value of tmax indicator:         15.0

Task for patient = 175 with skills = {2,3} and cost = 960.0
   Vehicle #0 = 0, leaving at = 496.0
   Vehicle #1 = 24, leaving at = 556.0
   Increment on distance indicator: 34.2
   Increment on tard indicator:     0.0
   Value of tmax indicator:         34.2

Task for patient = 168 with skills = {3,5} and cost = 965.1
   Vehicle #0 = 19, leaving at = 543.7
   Vehicle #1 = 22, leaving at = 543.7
   Increment on distance indicator: 15.2
   Increment on tard indicator:     0.0
   Value of tmax indicator:         15.2

Task for patient = 14 with skills = {3,-1} and cost = 973.2
   Vehicle #0 = 10, leaving at = 574.6
   Vehicle #1 = -1, leaving at = inf
   Increment on distance indicator: 14.3
   Increment on tard indicator:     0.0
   Value of tmax indicator:         14.3

Task for patient = 29 with skills = {3,-1} and cost = 975.0
   Vehicle #0 = 11, leaving at = 502.5
   Vehicle #1 = -1, leaving at = inf
   Increment on distance indicator: 5.4
   Increment on tard indicator:     0.0
   Value of tmax indicator:         5.4

Task for patient = 26 with skills = {0,-1} and cost = 821.2
   Vehicle #0 = 5, leaving at = 390.1
   Vehicle #1 = -1, leaving at = inf
   Increment on distance indicator: 26.1
   Increment on tard indicator:     0.0
   Value of tmax indicator:         26.1

Task for patient = 110 with skills = {3,-1} and cost = 976.3
   Vehicle #0 = 19, leaving at = 565.6
   Vehicle #1 = -1, leaving at = inf
   Increment on distance indicator: 2.8
   Increment on tard indicator:     0.0
   Value of tmax indicator:         2.8

Task for patient = 191 with skills = {2,5} and cost = 980.9
   Vehicle #0 = 7, leaving at = 532.4
   Vehicle #1 = 11, leaving at = 581.4
   Increment on distance indicator: 13.9
   Increment on tard indicator:     0.0
   Value of tmax indicator:         13.9

Task for patient = 172 with skills = {0,5} and cost = 993.2
   Vehicle #0 = 2, leaving at = 549.5
   Vehicle #1 = 21, leaving at = 557.5
   Increment on distance indicator: 36.7
   Increment on tard indicator:     0.0
   Value of tmax indicator:         36.7

Task for patient = 176 with skills = {2,5} and cost = 1009.9
   Vehicle #0 = 1, leaving at = 525.2
   Vehicle #1 = 14, leaving at = 584.2
   Increment on distance indicator: 30.6
   Increment on tard indicator:     0.0
   Value of tmax indicator:         30.6

Task for patient = 79 with skills = {2,-1} and cost = 1014.0
   Vehicle #0 = 3, leaving at = 495.0
   Vehicle #1 = -1, leaving at = inf
   Increment on distance indicator: 12.4
   Increment on tard indicator:     0.0
   Value of tmax indicator:         12.4

Task for patient = 180 with skills = {1,5} and cost = 1021.6
   Vehicle #0 = 3, leaving at = 533.7
   Vehicle #1 = 16, leaving at = 573.7
   Increment on distance indicator: 22.7
   Increment on tard indicator:     0.0
   Value of tmax indicator:         22.7

Task for patient = 156 with skills = {4,5} and cost = 1022.9
   Vehicle #0 = 27, leaving at = 466.0
   Vehicle #1 = 12, leaving at = 466.0
   Increment on distance indicator: 4.0
   Increment on tard indicator:     0.0
   Value of tmax indicator:         4.0

Task for patient = 106 with skills = {1,-1} and cost = 1023.4
   Vehicle #0 = 7, leaving at = 552.8
   Vehicle #1 = -1, leaving at = inf
   Increment on distance indicator: 1.4
   Increment on tard indicator:     0.0
   Value of tmax indicator:         1.4

Task for patient = 179 with skills = {0,3} and cost = 1031.1
   Vehicle #0 = 9, leaving at = 482.5
   Vehicle #1 = 26, leaving at = 507.5
   Increment on distance indicator: 23.3
   Increment on tard indicator:     0.0
   Value of tmax indicator:         23.3

Task for patient = 70 with skills = {3,-1} and cost = 1034.8
   Vehicle #0 = 18, leaving at = 554.9
   Vehicle #1 = -1, leaving at = inf
   Increment on distance indicator: 10.8
   Increment on tard indicator:     0.0
   Value of tmax indicator:         10.8

Task for patient = 10 with skills = {5,-1} and cost = 1035.5
   Vehicle #0 = 26, leaving at = 528.7
   Vehicle #1 = -1, leaving at = inf
   Increment on distance indicator: 2.2
   Increment on tard indicator:     0.0
   Value of tmax indicator:         2.2

Task for patient = 12 with skills = {2,-1} and cost = 975.3
   Vehicle #0 = 1, leaving at = 485.0
   Vehicle #1 = -1, leaving at = inf
   Increment on distance indicator: 1.0
   Increment on tard indicator:     0.0
   Value of tmax indicator:         1.0

Task for patient = 94 with skills = {0,-1} and cost = 812.5
   Vehicle #0 = 4, leaving at = 427.8
   Vehicle #1 = -1, leaving at = inf
   Increment on distance indicator: 10.8
   Increment on tard indicator:     0.0
   Value of tmax indicator:         10.8

Task for patient = 53 with skills = {1,-1} and cost = 638.6
   Vehicle #0 = 7, leaving at = 314.0
   Vehicle #1 = -1, leaving at = inf
   Increment on distance indicator: 5.8
   Increment on tard indicator:     0.0
   Value of tmax indicator:         5.8

Task for patient = 80 with skills = {1,-1} and cost = 821.9
   Vehicle #0 = 4, leaving at = 449.0
   Vehicle #1 = -1, leaving at = inf
   Increment on distance indicator: 2.2
   Increment on tard indicator:     0.0
   Value of tmax indicator:         2.2

Task for patient = 135 with skills = {4,-1} and cost = 822.9
   Vehicle #0 = 20, leaving at = 467.0
   Vehicle #1 = -1, leaving at = inf
   Increment on distance indicator: 3.0
   Increment on tard indicator:     0.0
   Value of tmax indicator:         3.0

Task for patient = 98 with skills = {2,-1} and cost = 826.2
   Vehicle #0 = 3, leaving at = 399.0
   Vehicle #1 = -1, leaving at = inf
   Increment on distance indicator: 9.9
   Increment on tard indicator:     0.0
   Value of tmax indicator:         9.9

Task for patient = 101 with skills = {3,-1} and cost = 831.6
   Vehicle #0 = 11, leaving at = 430.0
   Vehicle #1 = -1, leaving at = inf
   Increment on distance indicator: 16.0
   Increment on tard indicator:     0.0
   Value of tmax indicator:         16.0

Task for patient = 54 with skills = {3,-1} and cost = 834.6
   Vehicle #0 = 13, leaving at = 148.2
   Vehicle #1 = -1, leaving at = inf
   Increment on distance indicator: 9.2
   Increment on tard indicator:     0.0
   Value of tmax indicator:         9.2

Task for patient = 120 with skills = {5,-1} and cost = 835.1
   Vehicle #0 = 16, leaving at = 464.4
   Vehicle #1 = -1, leaving at = inf
   Increment on distance indicator: 1.4
   Increment on tard indicator:     0.0
   Value of tmax indicator:         1.4

Task for patient = 117 with skills = {4,-1} and cost = 837.7
   Vehicle #0 = 24, leaving at = 444.9
   Vehicle #1 = -1, leaving at = inf
   Increment on distance indicator: 7.8
   Increment on tard indicator:     0.0
   Value of tmax indicator:         7.8

Task for patient = 127 with skills = {1,-1} and cost = 848.7
   Vehicle #0 = 2, leaving at = 450.0
   Vehicle #1 = -1, leaving at = inf
   Increment on distance indicator: 33.0
   Increment on tard indicator:     0.0
   Value of tmax indicator:         33.0

Task for patient = 147 with skills = {3,5} and cost = 855.1
   Vehicle #0 = 10, leaving at = 466.1
   Vehicle #1 = 24, leaving at = 466.1
   Increment on distance indicator: 19.3
   Increment on tard indicator:     0.0
   Value of tmax indicator:         19.3

Task for patient = 57 with skills = {3,-1} and cost = 919.7
   Vehicle #0 = 13, leaving at = 358.0
   Vehicle #1 = -1, leaving at = inf
   Increment on distance indicator: 9.1
   Increment on tard indicator:     0.0
   Value of tmax indicator:         9.1

Task for patient = 96 with skills = {3,-1} and cost = 864.3
   Vehicle #0 = 18, leaving at = 466.0
   Vehicle #1 = -1, leaving at = inf
   Increment on distance indicator: 5.0
   Increment on tard indicator:     0.0
   Value of tmax indicator:         5.0

Task for patient = 170 with skills = {3,5} and cost = 865.7
   Vehicle #0 = 10, leaving at = 487.1
   Vehicle #1 = 24, leaving at = 487.1
   Increment on distance indicator: 4.0
   Increment on tard indicator:     0.0
   Value of tmax indicator:         4.0

Task for patient = 196 with skills = {1,3} and cost = 874.6
   Vehicle #0 = 4, leaving at = 491.1
   Vehicle #1 = 21, leaving at = 517.1
   Increment on distance indicator: 26.7
   Increment on tard indicator:     0.0
   Value of tmax indicator:         26.7

Task for patient = 155 with skills = {4,5} and cost = 878.9
   Vehicle #0 = 19, leaving at = 490.1
   Vehicle #1 = 22, leaving at = 490.1
   Increment on distance indicator: 13.0
   Increment on tard indicator:     0.0
   Value of tmax indicator:         13.0

Task for patient = 126 with skills = {1,-1} and cost = 880.6
   Vehicle #0 = 2, leaving at = 474.1
   Vehicle #1 = -1, leaving at = inf
   Increment on distance indicator: 5.1
   Increment on tard indicator:     0.0
   Value of tmax indicator:         5.1

Task for patient = 169 with skills = {3,5} and cost = 888.7
   Vehicle #0 = 10, leaving at = 518.3
   Vehicle #1 = 16, leaving at = 518.3
   Increment on distance indicator: 24.2
   Increment on tard indicator:     0.0
   Value of tmax indicator:         24.2

Task for patient = 42 with skills = {4,-1} and cost = 890.7
   Vehicle #0 = 18, leaving at = 491.1
   Vehicle #1 = -1, leaving at = inf
   Increment on distance indicator: 6.1
   Increment on tard indicator:     0.0
   Value of tmax indicator:         6.1

Task for patient = 114 with skills = {0,-1} and cost = 897.0
   Vehicle #0 = 2, leaving at = 512.1
   Vehicle #1 = -1, leaving at = inf
   Increment on distance indicator: 19.0
   Increment on tard indicator:     0.0
   Value of tmax indicator:         19.0

Task for patient = 163 with skills = {3,4} and cost = 909.5
   Vehicle #0 = 14, leaving at = 478.1
   Vehicle #1 = 11, leaving at = 478.1
   Increment on distance indicator: 37.3
   Increment on tard indicator:     0.0
   Value of tmax indicator:         37.3

Task for patient = 86 with skills = {5,-1} and cost = 911.6
   Vehicle #0 = 17, leaving at = 126.0
   Vehicle #1 = -1, leaving at = inf
   Increment on distance indicator: 6.4
   Increment on tard indicator:     0.0
   Value of tmax indicator:         6.4

Task for patient = 123 with skills = {3,-1} and cost = 913.5
   Vehicle #0 = 24, leaving at = 511.9
   Vehicle #1 = -1, leaving at = inf
   Increment on distance indicator: 5.8
   Increment on tard indicator:     0.0
   Value of tmax indicator:         5.8

Task for patient = 109 with skills = {0,-1} and cost = 916.7
   Vehicle #0 = 4, leaving at = 519.5
   Vehicle #1 = -1, leaving at = inf
   Increment on distance indicator: 9.4
   Increment on tard indicator:     0.0
   Value of tmax indicator:         9.4

Task for patient = 181 with skills = {0,4} and cost = 862.7
   Vehicle #0 = 9, leaving at = 423.0
   Vehicle #1 = 23, leaving at = 449.0
   Increment on distance indicator: 22.6
   Increment on tard indicator:     0.0
   Value of tmax indicator:         22.6

Task for patient = 11 with skills = {4,-1} and cost = 214.6
   Vehicle #0 = 19, leaving at = 114.7
   Vehicle #1 = -1, leaving at = inf
   Increment on distance indicator: 95.7
   Increment on tard indicator:     0.0
   Value of tmax indicator:         95.7

Task for patient = 148 with skills = {3,5} and cost = 216.0
   Vehicle #0 = 10, leaving at = 254.0
   Vehicle #1 = 16, leaving at = 254.0
   Increment on distance indicator: 4.0
   Increment on tard indicator:     0.0
   Value of tmax indicator:         4.0

Task for patient = 183 with skills = {1,4} and cost = 252.2
   Vehicle #0 = 7, leaving at = 73.4
   Vehicle #1 = 20, leaving at = 96.4
   Increment on distance indicator: 108.8
   Increment on tard indicator:     0.0
   Value of tmax indicator:         108.8

Task for patient = 151 with skills = {4,5} and cost = 267.0
   Vehicle #0 = 22, leaving at = 61.0
   Vehicle #1 = 14, leaving at = 61.0
   Increment on distance indicator: 44.2
   Increment on tard indicator:     0.0
   Value of tmax indicator:         44.2

Task for patient = 35 with skills = {5,-1} and cost = 268.0
   Vehicle #0 = 14, leaving at = 83.0
   Vehicle #1 = -1, leaving at = inf
   Increment on distance indicator: 3.0
   Increment on tard indicator:     0.0
   Value of tmax indicator:         3.0

Task for patient = 139 with skills = {2,-1} and cost = 272.0
   Vehicle #0 = 3, leaving at = 117.0
   Vehicle #1 = -1, leaving at = inf
   Increment on distance indicator: 12.0
   Increment on tard indicator:     0.0
   Value of tmax indicator:         12.0

Task for patient = 88 with skills = {4,-1} and cost = 279.5
   Vehicle #0 = 22, leaving at = 96.1
   Vehicle #1 = -1, leaving at = inf
   Increment on distance indicator: 16.1
   Increment on tard indicator:     0.0
   Value of tmax indicator:         16.1

Task for patient = 17 with skills = {5,-1} and cost = 281.0
   Vehicle #0 = 11, leaving at = 238.9
   Vehicle #1 = -1, leaving at = inf
   Increment on distance indicator: 4.2
   Increment on tard indicator:     0.0
   Value of tmax indicator:         4.2

Task for patient = 167 with skills = {4,5} and cost = 286.7
   Vehicle #0 = 18, leaving at = 173.6
   Vehicle #1 = 12, leaving at = 173.6
   Increment on distance indicator: 17.2
   Increment on tard indicator:     0.0
   Value of tmax indicator:         17.2

Task for patient = 157 with skills = {4,5} and cost = 302.2
   Vehicle #0 = 22, leaving at = 133.3
   Vehicle #1 = 14, leaving at = 133.3
   Increment on distance indicator: 46.6
   Increment on tard indicator:     0.0
   Value of tmax indicator:         46.6

Task for patient = 152 with skills = {4,5} and cost = 315.2
   Vehicle #0 = 22, leaving at = 171.7
   Vehicle #1 = 14, leaving at = 171.7
   Increment on distance indicator: 38.8
   Increment on tard indicator:     0.0
   Value of tmax indicator:         38.8

Task for patient = 197 with skills = {2,4} and cost = 630.7
   Vehicle #0 = 6, leaving at = 301.1
   Vehicle #1 = 23, leaving at = 360.1
   Increment on distance indicator: 5.2
   Increment on tard indicator:     0.0
   Value of tmax indicator:         5.2

Task for patient = 160 with skills = {3,5} and cost = 319.0
   Vehicle #0 = 15, leaving at = 186.2
   Vehicle #1 = 23, leaving at = 186.2
   Increment on distance indicator: 8.7
   Increment on tard indicator:     0.0
   Value of tmax indicator:         8.7

Task for patient = 27 with skills = {4,-1} and cost = 324.4
   Vehicle #0 = 20, leaving at = 131.7
   Vehicle #1 = -1, leaving at = inf
   Increment on distance indicator: 16.3
   Increment on tard indicator:     0.0
   Value of tmax indicator:         16.3

Task for patient = 131 with skills = {0,-1} and cost = 332.2
   Vehicle #0 = 5, leaving at = 55.0
   Vehicle #1 = -1, leaving at = inf
   Increment on distance indicator: 23.3
   Increment on tard indicator:     0.0
   Value of tmax indicator:         23.3

Task for patient = 60 with skills = {2,-1} and cost = 338.6
   Vehicle #0 = 1, leaving at = 131.2
   Vehicle #1 = -1, leaving at = inf
   Increment on distance indicator: 19.1
   Increment on tard indicator:     0.0
   Value of tmax indicator:         19.1

Task for patient = 48 with skills = {4,-1} and cost = 344.5
   Vehicle #0 = 22, leaving at = 208.4
   Vehicle #1 = -1, leaving at = inf
   Increment on distance indicator: 17.7
   Increment on tard indicator:     0.0
   Value of tmax indicator:         17.7

Task for patient = 143 with skills = {3,5} and cost = 352.8
   Vehicle #0 = 13, leaving at = 86.0
   Vehicle #1 = 17, leaving at = 86.0
   Increment on distance indicator: 25.0
   Increment on tard indicator:     0.0
   Value of tmax indicator:         25.0

Task for patient = 37 with skills = {4,-1} and cost = 355.0
   Vehicle #0 = 23, leaving at = 233.0
   Vehicle #1 = -1, leaving at = inf
   Increment on distance indicator: 6.7
   Increment on tard indicator:     0.0
   Value of tmax indicator:         6.7

Task for patient = 55 with skills = {4,-1} and cost = 363.2
   Vehicle #0 = 20, leaving at = 175.3
   Vehicle #1 = -1, leaving at = inf
   Increment on distance indicator: 24.6
   Increment on tard indicator:     0.0
   Value of tmax indicator:         24.6

Task for patient = 22 with skills = {2,-1} and cost = 367.6
   Vehicle #0 = 3, leaving at = 149.2
   Vehicle #1 = -1, leaving at = inf
   Increment on distance indicator: 13.2
   Increment on tard indicator:     0.0
   Value of tmax indicator:         13.2

Task for patient = 21 with skills = {3,-1} and cost = 370.9
   Vehicle #0 = 20, leaving at = 268.0
   Vehicle #1 = -1, leaving at = inf
   Increment on distance indicator: 9.8
   Increment on tard indicator:     0.0
   Value of tmax indicator:         9.8

Task for patient = 165 with skills = {4,5} and cost = 405.8
   Vehicle #0 = 24, leaving at = 71.3
   Vehicle #1 = 21, leaving at = 71.3
   Increment on distance indicator: 104.7
   Increment on tard indicator:     0.0
   Value of tmax indicator:         104.7

Task for patient = 178 with skills = {2,4} and cost = 316.1
   Vehicle #0 = 6, leaving at = 125.0
   Vehicle #1 = 23, leaving at = 163.0
   Increment on distance indicator: 2.8
   Increment on tard indicator:     0.0
   Value of tmax indicator:         2.8

Task for patient = 20 with skills = {2,-1} and cost = 19.7
   Vehicle #0 = 0, leaving at = 117.0
   Vehicle #1 = -1, leaving at = inf
   Increment on distance indicator: 59.1
   Increment on tard indicator:     0.0
   Value of tmax indicator:         59.1

Task for patient = 93 with skills = {5,-1} and cost = 40.3
   Vehicle #0 = 11, leaving at = 80.8
   Vehicle #1 = -1, leaving at = inf
   Increment on distance indicator: 61.8
   Increment on tard indicator:     0.0
   Value of tmax indicator:         61.8

Task for patient = 16 with skills = {0,-1} and cost = 44.7
   Vehicle #0 = 2, leaving at = 43.0
   Vehicle #1 = -1, leaving at = inf
   Increment on distance indicator: 13.0
   Increment on tard indicator:     0.0
   Value of tmax indicator:         13.0

Task for patient = 122 with skills = {1,-1} and cost = 48.7
   Vehicle #0 = 2, leaving at = 74.0
   Vehicle #1 = -1, leaving at = inf
   Increment on distance indicator: 12.0
   Increment on tard indicator:     0.0
   Value of tmax indicator:         12.0

Task for patient = 49 with skills = {4,-1} and cost = 53.4
   Vehicle #0 = 16, leaving at = 107.0
   Vehicle #1 = -1, leaving at = inf
   Increment on distance indicator: 14.3
   Increment on tard indicator:     0.0
   Value of tmax indicator:         14.3

Task for patient = 36 with skills = {1,-1} and cost = 57.8
   Vehicle #0 = 2, leaving at = 106.2
   Vehicle #1 = -1, leaving at = inf
   Increment on distance indicator: 13.2
   Increment on tard indicator:     0.0
   Value of tmax indicator:         13.2

Task for patient = 7 with skills = {5,-1} and cost = 62.8
   Vehicle #0 = 16, leaving at = 156.0
   Vehicle #1 = -1, leaving at = inf
   Increment on distance indicator: 15.0
   Increment on tard indicator:     0.0
   Value of tmax indicator:         15.0

Task for patient = 154 with skills = {3,5} and cost = 73.5
   Vehicle #0 = 10, leaving at = 180.0
   Vehicle #1 = 16, leaving at = 180.0
   Increment on distance indicator: 31.9
   Increment on tard indicator:     0.0
   Value of tmax indicator:         31.9

Task for patient = 97 with skills = {2,-1} and cost = 77.8
   Vehicle #0 = 0, leaving at = 149.0
   Vehicle #1 = -1, leaving at = inf
   Increment on distance indicator: 13.0
   Increment on tard indicator:     0.0
   Value of tmax indicator:         13.0

Task for patient = 137 with skills = {5,-1} and cost = 81.1
   Vehicle #0 = 16, leaving at = 209.0
   Vehicle #1 = -1, leaving at = inf
   Increment on distance indicator: 10.0
   Increment on tard indicator:     0.0
   Value of tmax indicator:         10.0

Task for patient = 25 with skills = {2,-1} and cost = 84.0
   Vehicle #0 = 2, leaving at = 133.7
   Vehicle #1 = -1, leaving at = inf
   Increment on distance indicator: 8.5
   Increment on tard indicator:     0.0
   Value of tmax indicator:         8.5

Task for patient = 138 with skills = {3,-1} and cost = 182.7
   Vehicle #0 = 11, leaving at = 193.5
   Vehicle #1 = -1, leaving at = inf
   Increment on distance indicator: 1.4
   Increment on tard indicator:     0.0
   Value of tmax indicator:         1.4

Task for patient = 82 with skills = {2,-1} and cost = 93.1
   Vehicle #0 = 2, leaving at = 199.2
   Vehicle #1 = -1, leaving at = inf
   Increment on distance indicator: 6.0
   Increment on tard indicator:     0.0
   Value of tmax indicator:         6.0

Task for patient = 50 with skills = {3,-1} and cost = 99.5
   Vehicle #0 = 13, leaving at = 64.0
   Vehicle #1 = -1, leaving at = inf
   Increment on distance indicator: 19.0
   Increment on tard indicator:     0.0
   Value of tmax indicator:         19.0

Task for patient = 67 with skills = {2,-1} and cost = 102.9
   Vehicle #0 = 0, leaving at = 178.2
   Vehicle #1 = -1, leaving at = inf
   Increment on distance indicator: 10.2
   Increment on tard indicator:     0.0
   Value of tmax indicator:         10.2

Task for patient = 43 with skills = {1,-1} and cost = 107.4
   Vehicle #0 = 3, leaving at = 50.0
   Vehicle #1 = -1, leaving at = inf
   Increment on distance indicator: 13.4
   Increment on tard indicator:     0.0
   Value of tmax indicator:         13.4

Task for patient = 171 with skills = {0,4} and cost = 132.8
   Vehicle #0 = 4, leaving at = 80.8
   Vehicle #1 = 11, leaving at = 119.8
   Increment on distance indicator: 76.4
   Increment on tard indicator:     0.0
   Value of tmax indicator:         76.4

Task for patient = 103 with skills = {0,-1} and cost = 135.5
   Vehicle #0 = 0, leaving at = 205.3
   Vehicle #1 = -1, leaving at = inf
   Increment on distance indicator: 8.1
   Increment on tard indicator:     0.0
   Value of tmax indicator:         8.1

Task for patient = 5 with skills = {1,-1} and cost = 139.3
   Vehicle #0 = 3, leaving at = 80.4
   Vehicle #1 = -1, leaving at = inf
   Increment on distance indicator: 11.4
   Increment on tard indicator:     0.0
   Value of tmax indicator:         11.4

Task for patient = 195 with skills = {1,3} and cost = 147.1
   Vehicle #0 = 4, leaving at = 120.5
   Vehicle #1 = 11, leaving at = 150.5
   Increment on distance indicator: 23.4
   Increment on tard indicator:     0.0
   Value of tmax indicator:         23.4

Task for patient = 4 with skills = {0,-1} and cost = 151.4
   Vehicle #0 = 4, leaving at = 152.6
   Vehicle #1 = -1, leaving at = inf
   Increment on distance indicator: 13.0
   Increment on tard indicator:     0.0
   Value of tmax indicator:         13.0

Task for patient = 140 with skills = {5,-1} and cost = 153.4
   Vehicle #0 = 16, leaving at = 234.0
   Vehicle #1 = -1, leaving at = inf
   Increment on distance indicator: 6.0
   Increment on tard indicator:     0.0
   Value of tmax indicator:         6.0

Task for patient = 198 with skills = {2,3} and cost = 178.3
   Vehicle #0 = 1, leaving at = 93.1
   Vehicle #1 = 11, leaving at = 173.1
   Increment on distance indicator: 74.4
   Increment on tard indicator:     0.0
   Value of tmax indicator:         74.4

Task for patient = 159 with skills = {4,5} and cost = 182.3
   Vehicle #0 = 18, leaving at = 146.0
   Vehicle #1 = 12, leaving at = 146.0
   Increment on distance indicator: 12.0
   Increment on tard indicator:     0.0
   Value of tmax indicator:         12.0

Task for patient = 66 with skills = {0,-1} and cost = 91.1
   Vehicle #0 = 2, leaving at = 174.2
   Vehicle #1 = -1, leaving at = inf
   Increment on distance indicator: 21.5
   Increment on tard indicator:     0.0
   Value of tmax indicator:         21.5

Task for patient = 134 with skills = {0,-1} and cost = 527.2
   Vehicle #0 = 4, leaving at = 222.2
   Vehicle #1 = -1, leaving at = inf
   Increment on distance indicator: 8.6
   Increment on tard indicator:     0.0
   Value of tmax indicator:         8.6

Task for patient = 130 with skills = {3,-1} and cost = 529.2
   Vehicle #0 = 10, leaving at = 302.3
   Vehicle #1 = -1, leaving at = inf
   Increment on distance indicator: 6.1
   Increment on tard indicator:     0.0
   Value of tmax indicator:         6.1

Task for patient = 19 with skills = {1,-1} and cost = 531.9
   Vehicle #0 = 2, leaving at = 290.0
   Vehicle #1 = -1, leaving at = inf
   Increment on distance indicator: 8.1
   Increment on tard indicator:     0.0
   Value of tmax indicator:         8.1

Task for patient = 46 with skills = {4,-1} and cost = 533.7
   Vehicle #0 = 19, leaving at = 247.0
   Vehicle #1 = -1, leaving at = inf
   Increment on distance indicator: 5.4
   Increment on tard indicator:     0.0
   Value of tmax indicator:         5.4

Task for patient = 64 with skills = {2,-1} and cost = 540.1
   Vehicle #0 = 6, leaving at = 255.0
   Vehicle #1 = -1, leaving at = inf
   Increment on distance indicator: 19.2
   Increment on tard indicator:     0.0
   Value of tmax indicator:         19.2

Task for patient = 194 with skills = {2,3} and cost = 545.2
   Vehicle #0 = 0, leaving at = 294.0
   Vehicle #1 = 24, leaving at = 342.0
   Increment on distance indicator: 15.3
   Increment on tard indicator:     0.0
   Value of tmax indicator:         15.3

Task for patient = 108 with skills = {4,-1} and cost = 548.1
   Vehicle #0 = 20, leaving at = 335.0
   Vehicle #1 = -1, leaving at = inf
   Increment on distance indicator: 8.6
   Increment on tard indicator:     0.0
   Value of tmax indicator:         8.6

Task for patient = 192 with skills = {2,4} and cost = 559.1
   Vehicle #0 = 7, leaving at = 194.4
   Vehicle #1 = 19, leaving at = 275.9
   Increment on distance indicator: 33.2
   Increment on tard indicator:     0.0
   Value of tmax indicator:         33.2

Task for patient = 3 with skills = {2,-1} and cost = 564.3
   Vehicle #0 = 1, leaving at = 282.1
   Vehicle #1 = -1, leaving at = inf
   Increment on distance indicator: 15.7
   Increment on tard indicator:     0.0
   Value of tmax indicator:         15.7

Task for patient = 91 with skills = {4,-1} and cost = 572.2
   Vehicle #0 = 16, leaving at = 296.5
   Vehicle #1 = -1, leaving at = inf
   Increment on distance indicator: 23.5
   Increment on tard indicator:     0.0
   Value of tmax indicator:         23.5

Task for patient = 83 with skills = {4,-1} and cost = 579.2
   Vehicle #0 = 18, leaving at = 254.1
   Vehicle #1 = -1, leaving at = inf
   Increment on distance indicator: 21.1
   Increment on tard indicator:     0.0
   Value of tmax indicator:         21.1

Task for patient = 30 with skills = {2,-1} and cost = 408.7
   Vehicle #0 = 3, leaving at = 176.7
   Vehicle #1 = -1, leaving at = inf
   Increment on distance indicator: 8.5
   Increment on tard indicator:     0.0
   Value of tmax indicator:         8.5

Task for patient = 18 with skills = {0,-1} and cost = 585.8
   Vehicle #0 = 5, leaving at = 245.2
   Vehicle #1 = -1, leaving at = inf
   Increment on distance indicator: 13.9
   Increment on tard indicator:     0.0
   Value of tmax indicator:         13.9

Task for patient = 162 with skills = {3,4} and cost = 593.6
   Vehicle #0 = 10, leaving at = 343.3
   Vehicle #1 = 16, leaving at = 343.3
   Increment on distance indicator: 23.3
   Increment on tard indicator:     0.0
   Value of tmax indicator:         23.3

Task for patient = 104 with skills = {1,-1} and cost = 594.3
   Vehicle #0 = 2, leaving at = 311.2
   Vehicle #1 = -1, leaving at = inf
   Increment on distance indicator: 2.2
   Increment on tard indicator:     0.0
   Value of tmax indicator:         2.2

Task for patient = 74 with skills = {5,-1} and cost = 596.0
   Vehicle #0 = 22, leaving at = 291.5
   Vehicle #1 = -1, leaving at = inf
   Increment on distance indicator: 5.1
   Increment on tard indicator:     0.0
   Value of tmax indicator:         5.1

Task for patient = 200 with skills = {1,3} and cost = 600.8
   Vehicle #0 = 8, leaving at = 293.0
   Vehicle #1 = 26, leaving at = 335.0
   Increment on distance indicator: 14.3
   Increment on tard indicator:     0.0
   Value of tmax indicator:         14.3

Task for patient = 145 with skills = {3,4} and cost = 613.3
   Vehicle #0 = 14, leaving at = 274.2
   Vehicle #1 = 11, leaving at = 274.2
   Increment on distance indicator: 37.4
   Increment on tard indicator:     0.0
   Value of tmax indicator:         37.4

Task for patient = 68 with skills = {5,-1} and cost = 614.3
   Vehicle #0 = 18, leaving at = 288.0
   Vehicle #1 = -1, leaving at = inf
   Increment on distance indicator: 3.2
   Increment on tard indicator:     0.0
   Value of tmax indicator:         3.2

Task for patient = 61 with skills = {1,-1} and cost = 618.4
   Vehicle #0 = 4, leaving at = 272.0
   Vehicle #1 = -1, leaving at = inf
   Increment on distance indicator: 12.2
   Increment on tard indicator:     0.0
   Value of tmax indicator:         12.2

Task for patient = 199 with skills = {0,4} and cost = 627.3
   Vehicle #0 = 9, leaving at = 271.0
   Vehicle #1 = 23, leaving at = 327.0
   Increment on distance indicator: 26.7
   Increment on tard indicator:     0.0
   Value of tmax indicator:         26.7

Task for patient = 47 with skills = {2,-1} and cost = 628.9
   Vehicle #0 = 7, leaving at = 225.0
   Vehicle #1 = -1, leaving at = inf
   Increment on distance indicator: 5.0
   Increment on tard indicator:     0.0
   Value of tmax indicator:         5.0

Task for patient = 166 with skills = {4,5} and cost = 1046.4
   Vehicle #0 = 20, leaving at = 585.5
   Vehicle #1 = 22, leaving at = 585.5
   Increment on distance indicator: 32.9
   Increment on tard indicator:     0.0
   Value of tmax indicator:         32.9

Task for patient = 41 with skills = {0,-1} and cost = 636.7
   Vehicle #0 = 9, leaving at = 308.0
   Vehicle #1 = -1, leaving at = inf
   Increment on distance indicator: 18.0
   Increment on tard indicator:     0.0
   Value of tmax indicator:         18.0

Task for patient = 133 with skills = {2,-1} and cost = 581.2
   Vehicle #0 = 6, leaving at = 279.8
   Vehicle #1 = -1, leaving at = inf
   Increment on distance indicator: 5.8
   Increment on tard indicator:     0.0
   Value of tmax indicator:         5.8

Task for patient = 144 with skills = {3,5} and cost = 425.4
   Vehicle #0 = 19, leaving at = 146.2
   Vehicle #1 = 21, leaving at = 146.2
   Increment on distance indicator: 50.3
   Increment on tard indicator:     0.0
   Value of tmax indicator:         50.3

Task for patient = 89 with skills = {4,-1} and cost = 430.7
   Vehicle #0 = 22, leaving at = 243.0
   Vehicle #1 = -1, leaving at = inf
   Increment on distance indicator: 15.7
   Increment on tard indicator:     0.0
   Value of tmax indicator:         15.7

Task for patient = 182 with skills = {0,4} and cost = 432.6
   Vehicle #0 = 2, leaving at = 224.2
   Vehicle #1 = 20, leaving at = 290.2
   Increment on distance indicator: 6.0
   Increment on tard indicator:     0.0
   Value of tmax indicator:         6.0

Task for patient = 34 with skills = {5,-1} and cost = 439.3
   Vehicle #0 = 23, leaving at = 257.0
   Vehicle #1 = -1, leaving at = inf
   Increment on distance indicator: 5.0
   Increment on tard indicator:     0.0
   Value of tmax indicator:         5.0

Task for patient = 141 with skills = {3,5} and cost = 444.6
   Vehicle #0 = 19, leaving at = 173.3
   Vehicle #1 = 21, leaving at = 173.3
   Increment on distance indicator: 16.1
   Increment on tard indicator:     0.0
   Value of tmax indicator:         16.1

Task for patient = 6 with skills = {5,-1} and cost = 445.0
   Vehicle #0 = 25, leaving at = 102.0
   Vehicle #1 = -1, leaving at = inf
   Increment on distance indicator: 1.0
   Increment on tard indicator:     0.0
   Value of tmax indicator:         1.0

Task for patient = 8 with skills = {4,-1} and cost = 449.0
   Vehicle #0 = 24, leaving at = 143.0
   Vehicle #1 = -1, leaving at = inf
   Increment on distance indicator: 12.2
   Increment on tard indicator:     0.0
   Value of tmax indicator:         12.2

Task for patient = 193 with skills = {0,3} and cost = 460.5
   Vehicle #0 = 5, leaving at = 185.2
   Vehicle #1 = 10, leaving at = 277.2
   Increment on distance indicator: 34.4
   Increment on tard indicator:     0.0
   Value of tmax indicator:         34.4

Task for patient = 13 with skills = {0,-1} and cost = 468.2
   Vehicle #0 = 4, leaving at = 194.6
   Vehicle #1 = -1, leaving at = inf
   Increment on distance indicator: 23.1
   Increment on tard indicator:     0.0
   Value of tmax indicator:         23.1

Task for patient = 158 with skills = {3,4} and cost = 470.9
   Vehicle #0 = 21, leaving at = 196.4
   Vehicle #1 = 19, leaving at = 196.4
   Increment on distance indicator: 8.2
   Increment on tard indicator:     0.0
   Value of tmax indicator:         8.2

Task for patient = 184 with skills = {1,5} and cost = 475.6
   Vehicle #0 = 0, leaving at = 235.3
   Vehicle #1 = 24, leaving at = 260.3
   Increment on distance indicator: 14.0
   Increment on tard indicator:     0.0
   Value of tmax indicator:         14.0

Task for patient = 124 with skills = {2,-1} and cost = 524.3
   Vehicle #0 = 8, leaving at = 147.0
   Vehicle #1 = -1, leaving at = inf
   Increment on distance indicator: 9.8
   Increment on tard indicator:     0.0
   Value of tmax indicator:         9.8

Task for patient = 31 with skills = {2,-1} and cost = 477.4
   Vehicle #0 = 3, leaving at = 201.1
   Vehicle #1 = -1, leaving at = inf
   Increment on distance indicator: 5.4
   Increment on tard indicator:     0.0
   Value of tmax indicator:         5.4

Task for patient = 92 with skills = {2,-1} and cost = 479.8
   Vehicle #0 = 3, leaving at = 291.0
   Vehicle #1 = -1, leaving at = inf
   Increment on distance indicator: 7.3
   Increment on tard indicator:     0.0
   Value of tmax indicator:         7.3

Task for patient = 95 with skills = {1,-1} and cost = 484.6
   Vehicle #0 = 7, leaving at = 128.0
   Vehicle #1 = -1, leaving at = inf
   Increment on distance indicator: 14.4
   Increment on tard indicator:     0.0
   Value of tmax indicator:         14.4

Task for patient = 146 with skills = {4,5} and cost = 486.1
   Vehicle #0 = 18, leaving at = 214.0
   Vehicle #1 = 12, leaving at = 214.0
   Increment on distance indicator: 4.5
   Increment on tard indicator:     0.0
   Value of tmax indicator:         4.5

Task for patient = 90 with skills = {0,-1} and cost = 489.0
   Vehicle #0 = 9, leaving at = 199.0
   Vehicle #1 = -1, leaving at = inf
   Increment on distance indicator: 8.6
   Increment on tard indicator:     0.0
   Value of tmax indicator:         8.6

Task for patient = 51 with skills = {2,-1} and cost = 496.1
   Vehicle #0 = 7, leaving at = 152.1
   Vehicle #1 = -1, leaving at = inf
   Increment on distance indicator: 5.1
   Increment on tard indicator:     0.0
   Value of tmax indicator:         5.1

Task for patient = 39 with skills = {5,-1} and cost = 499.5
   Vehicle #0 = 13, leaving at = 120.0
   Vehicle #1 = -1, leaving at = inf
   Increment on distance indicator: 10.3
   Increment on tard indicator:     0.0
   Value of tmax indicator:         10.3

Task for patient = 78 with skills = {0,-1} and cost = 504.0
   Vehicle #0 = 0, leaving at = 267.7
   Vehicle #1 = -1, leaving at = inf
   Increment on distance indicator: 13.5
   Increment on tard indicator:     0.0
   Value of tmax indicator:         13.5

Task for patient = 2 with skills = {0,-1} and cost = 506.7
   Vehicle #0 = 5, leaving at = 212.3
   Vehicle #1 = -1, leaving at = inf
   Increment on distance indicator: 8.1
   Increment on tard indicator:     0.0
   Value of tmax indicator:         8.1

Task for patient = 44 with skills = {0,-1} and cost = 510.8
   Vehicle #0 = 9, leaving at = 230.4
   Vehicle #1 = -1, leaving at = inf
   Increment on distance indicator: 12.4
   Increment on tard indicator:     0.0
   Value of tmax indicator:         12.4

Task for patient = 153 with skills = {3,4} and cost = 515.6
   Vehicle #0 = 21, leaving at = 222.6
   Vehicle #1 = 19, leaving at = 222.6
   Increment on distance indicator: 14.4
   Increment on tard indicator:     0.0
   Value of tmax indicator:         14.4

Task for patient = 111 with skills = {1,-1} and cost = 521.0
   Vehicle #0 = 3, leaving at = 326.1
   Vehicle #1 = -1, leaving at = inf
   Increment on distance indicator: 16.1
   Increment on tard indicator:     0.0
   Value of tmax indicator:         16.1

Task for patient = 45 with skills = {5,-1} and cost = 475.6
   Vehicle #0 = 25, leaving at = 144.0
   Vehicle #1 = -1, leaving at = inf
   Increment on distance indicator: 0.0
   Increment on tard indicator:     0.0
   Value of tmax indicator:         0.0


Unused vehicle list: 29 (total = 1 out of 30)

---
Search finished.
Total of 1900 generations in 159.8 seconds.
Exchange elite runs: 0
Implicit path relinking runs: 0
Reset attempts: 1

Best solution found:
   Cost: 1348.1
   Total travel time: 3967.0
   Total tardiness time: 65.4
   Largest tardiness: 12.0


1348.1
