This host is: malboro
--- BRKGA-MP-IPR for HHCRSP ---
Instance: /home/alberto/work/gecco2020-brkga/instances-HHCRSP/InstanzCPLEX_HCSRP_50_1.txt
Seed: 11

Reading data... Problem contains 50 patients  and 10 caregivers.

Summary of supply x demand for each service type:
Skill 0 has supply = 1 and demand = 6, ratio = 0.166667
Skill 1 has supply = 1 and demand = 9, ratio = 0.111111
Skill 2 has supply = 2 and demand = 9, ratio = 0.222222
Skill 3 has supply = 4 and demand = 8, ratio = 0.5
Skill 4 has supply = 6 and demand = 20, ratio = 0.3
Skill 5 has supply = 7 and demand = 13, ratio = 0.538462

Reading parameters...
Inferred distance function by PR type: kendall-tau
Building BRKGA data and initializing...
Evolving 1900 generations...

  Gens  Rem    Local   ElDiv NoImpr             Best solution            Time  Op
                                       Cost     Dist    Tard    TMax 
*    0 1900  2940.43  245.19      0  2940.43  2547.70  5741.3   532.3     0.0    
*    2 1898  2700.00  181.47      0  2700.00  2557.99  5029.6   512.4     0.1    
*    4 1896  2646.91  204.88      0  2646.91  2580.25  3094.7   351.7     0.1    
*    5 1895  2008.88  196.73      0  2008.88  2580.25  3094.7   351.7     0.1    
*    9 1891  1908.72  122.42      0  1908.72  2550.51  2380.7   265.8     0.2    
*   10 1890  1732.35  106.43      0  1732.35  2550.51  2380.7   265.8     0.2    
*   13 1887  1616.30   93.21      0  1616.30  2217.11  2167.8   424.9     0.3    
*   14 1886  1603.27   73.96      0  1603.27  2217.11  2167.8   424.9     0.3    
*   16 1884  1460.97   68.06      0  1460.97  2510.57  1673.6   178.8     0.4    
*   17 1883  1454.32   64.29      0  1454.32  2273.53  1570.9   414.8     0.4    
*   18 1882  1419.75   50.73      0  1419.75  2273.53  1570.9   414.8     0.4    
*   20 1880  1379.64   51.89      0  1379.64  2276.64  1452.7   189.0     0.5    
*   21 1879  1306.11   49.39      0  1306.11  2157.00  1511.8   244.3     0.5    
*   22 1878  1304.36   43.16      0  1304.36  2157.00  1511.8   244.3     0.5    
*   24 1876  1274.08   30.22      0  1274.08  2234.23  1334.7   253.3     0.6    

  Gens  Rem    Local   ElDiv NoImpr             Best solution            Time  Op
                                       Cost     Dist    Tard    TMax 
*   26 1874  1228.23   31.13      0  1228.23  2232.78  1200.9   214.9     0.6    
*   27 1873  1216.18   29.01      0  1216.18  2101.70  1261.6   237.0     0.6    
*   28 1872  1200.09   28.28      0  1200.09  2137.82  1141.6   210.9     0.7    
*   29 1871  1163.44   26.46      0  1163.44  2028.37  1248.2   191.6     0.7    
*   30 1870  1156.05   21.80      0  1156.05  2028.37  1248.2   191.6     0.7    
*   32 1868  1135.82   21.98      0  1135.82  2012.98  1188.4   203.7     0.7    
*   33 1867  1135.04   19.03      0  1135.04  2017.61  1176.2   191.7     0.8    
*   34 1866  1128.52   15.74      0  1128.52  1990.65  1171.4   191.6     0.8    
*   35 1865  1117.89   12.70      0  1117.89  1990.65  1171.4   191.6     0.8    
*   37 1863  1114.28    9.92      0  1114.28  1966.39  1158.1   218.3     0.9    
*   39 1861  1113.06   10.10      0  1113.06  1972.81  1137.6   187.9     0.9    
*   40 1860  1099.44    9.78      0  1099.44  1935.74  1164.0   188.9     0.9    
*   41 1859  1096.22    9.23      0  1096.22  1954.11  1126.2   191.7     0.9    
*   42 1858  1090.67    9.66      0  1090.67  1901.57  1154.6   187.9     1.0    
*   43 1857  1081.37    9.55      0  1081.37  1901.57  1154.6   187.9     1.0    
*   45 1855  1079.29    8.12      0  1079.29  1925.02  1121.3   191.6     1.0    

  Gens  Rem    Local   ElDiv NoImpr             Best solution            Time  Op
                                       Cost     Dist    Tard    TMax 
*   48 1852  1076.02    6.09      0  1076.02  1912.40  1123.9   191.7     1.1    
    50 1850  1076.02    5.33      2  1076.02  1912.40  1123.9   191.7     1.2    
*   51 1849  1071.22    5.46      0  1071.22  1888.16  1137.6   187.9     1.2    
*   53 1847  1067.06    5.05      0  1067.06  1881.64  1122.7   191.7     1.2    
*   54 1846  1065.35    4.67      0  1065.35  1866.95  1131.2   191.7     1.2    
*   55 1845  1063.29    4.64      0  1063.29  1870.76  1122.7   191.7     1.3    
*   56 1844  1061.72    4.23      0  1061.72  1861.08  1123.6   191.7     1.3    
*   57 1843  1058.80    3.58      0  1058.80  1861.08  1123.6   191.7     1.3    
*   59 1841  1056.05    2.81      0  1056.05  1853.73  1122.7   191.7     1.4    
*   63 1837  1055.75    1.75      0  1055.75  1840.64  1134.9   191.7     1.4    
*   68 1832  1054.55    0.37      0  1054.55  1848.35  1123.6   191.7     1.6    
*   72 1828  1053.49    0.33      0  1053.49  1825.55  1143.2   191.7     1.6    
*   79 1821  1049.73    0.89      0  1049.73  1834.79  1122.7   191.7     1.8    
*   83 1817  1049.17    2.05      0  1049.17  1834.65  1121.3   191.6     1.9    
*   90 1810  1048.87    0.03      0  1048.87  1833.77  1121.3   191.6     2.1    
   100 1800  1048.87    0.20     10  1048.87  1833.77  1121.3   191.6     2.3    

  Gens  Rem    Local   ElDiv NoImpr             Best solution            Time  Op
                                       Cost     Dist    Tard    TMax 
*  101 1799  1046.87    0.20      0  1046.87  1827.77  1121.3   191.6     2.3    
*  108 1792  1043.41    0.74      0  1043.41  1810.12  1128.5   191.6     2.5    
   150 1750  1043.41    0.00     42  1043.41  1810.12  1128.5   191.6     3.4    
   200 1700  1043.41    0.00     92  1043.41  1810.12  1128.5   191.6     4.5    
*  222 1678  1042.32    0.11      0  1042.32  1789.16  1146.2   191.6     5.0    
   250 1650  1042.32    0.00     28  1042.32  1789.16  1146.2   191.6     5.6    
   300 1600  1042.32    0.00     78  1042.32  1789.16  1146.2   191.6     6.8    
   350 1550  1042.32    0.00    128  1042.32  1789.16  1146.2   191.6     7.9    
   400 1500  1042.32    0.00    178  1042.32  1789.16  1146.2   191.6     9.0    
   450 1450  1042.32    0.00    228  1042.32  1789.16  1146.2   191.6    10.1    
   500 1400  1042.32    0.00    278  1042.32  1789.16  1146.2   191.6    11.3    
   550 1350  1042.32    0.00    328  1042.32  1789.16  1146.2   191.6    12.4    
*  563 1337  1041.42    0.13      0  1041.42  1792.86  1139.8   191.6    12.7    
   600 1300  1041.42    0.00     37  1041.42  1792.86  1139.8   191.6    13.5    
   650 1250  1041.42    0.00     87  1041.42  1792.86  1139.8   191.6    14.6    
   700 1200  1041.42    0.00    137  1041.42  1792.86  1139.8   191.6    15.7    

  Gens  Rem    Local   ElDiv NoImpr             Best solution            Time  Op
                                       Cost     Dist    Tard    TMax 
   750 1150  1041.42    0.00    187  1041.42  1792.86  1139.8   191.6    16.9    
   800 1100  1041.42    0.00    237  1041.42  1792.86  1139.8   191.6    18.0    
   850 1050  1041.42    0.00    287  1041.42  1792.86  1139.8   191.6    19.1    
   900 1000  1041.42    0.00    337  1041.42  1792.86  1139.8   191.6    20.2    
   950  950  1041.42    0.00    387  1041.42  1792.86  1139.8   191.6    21.3    
  1000  900  1041.42    0.00    437  1041.42  1792.86  1139.8   191.6    22.5    
  1050  850  1041.42    0.00    487  1041.42  1792.86  1139.8   191.6    23.6    
  1100  800  1041.42    0.00    537  1041.42  1792.86  1139.8   191.6    24.7    
  1150  750  1041.42    0.00    587  1041.42  1792.86  1139.8   191.6    25.8    
  1200  700  1041.42    0.00    637  1041.42  1792.86  1139.8   191.6    27.0    
  1250  650  1041.42    0.00    687  1041.42  1792.86  1139.8   191.6    28.1    
  1262  638      inf  282.95      0  1041.42  1792.86  1139.8   191.6    28.4   R
  1263  637  2952.82  251.53      0  1041.42  1792.86  1139.8   191.6    28.4    
  1300  600  1047.32   15.47      2  1041.42  1792.86  1139.8   191.6    29.2    
* 1302  598  1038.07   12.67      0  1038.07  1919.56   970.2   220.4    29.3    
* 1303  597  1036.73   11.14      0  1036.73  1919.56   970.2   220.4    29.3    

  Gens  Rem    Local   ElDiv NoImpr             Best solution            Time  Op
                                       Cost     Dist    Tard    TMax 
* 1306  594  1027.31    9.68      0  1027.31  1878.91  1012.2   190.8    29.3    
* 1308  592  1027.18    8.58      0  1027.18  1896.49   966.7   218.4    29.4    
* 1310  590  1020.13    8.28      0  1020.13  1885.31   979.5   190.8    29.4    
* 1311  589  1018.56    7.66      0  1018.56  1876.66   971.0   193.8    29.5    
* 1312  588  1013.82    7.11      0  1013.82  1838.72   966.7   218.4    29.5    
* 1313  587  1007.92    6.30      0  1007.92  1838.72   966.7   218.4    29.5    
* 1318  582  1007.64    4.43      0  1007.64  1832.61   971.0   193.8    29.6    
* 1319  581   999.14    4.05      0   999.14  1832.61   971.0   193.8    29.6    
* 1321  579   998.10    4.08      0   998.10  1819.60   971.0   193.8    29.7    
* 1322  578   994.80    3.67      0   994.80  1811.91   971.0   193.8    29.7    
* 1323  577   992.24    3.97      0   992.24  1792.56   971.0   193.8    29.7    
* 1324  576   985.79    3.63      0   985.79  1792.56   971.0   193.8    29.7    
* 1327  573   984.77    2.21      0   984.77  1789.13   971.0   193.8    29.8    
* 1328  572   984.64    2.09      0   984.64  1777.97   970.2   190.8    29.8    
* 1329  571   979.65    1.88      0   979.65  1777.97   970.2   190.8    29.9    
* 1331  569   978.79    1.04      0   978.79  1775.40   970.2   190.8    29.9    

  Gens  Rem    Local   ElDiv NoImpr             Best solution            Time  Op
                                       Cost     Dist    Tard    TMax 
* 1334  566   978.53    0.35      0   978.53  1774.62   970.2   190.8    30.0    
* 1340  560   975.60    0.42      0   975.60  1765.83   970.2   190.8    30.1    
* 1346  554   975.02    0.91      0   975.02  1764.09   970.2   190.8    30.2    
  1350  550   975.02    0.00      4   975.02  1764.09   970.2   190.8    30.3    
* 1399  501   974.89    0.01      0   974.89  1763.69   970.2   190.8    31.4    
  1400  500   974.89    0.01      1   974.89  1763.69   970.2   190.8    31.4    
* 1407  493   974.71    0.06      0   974.71  1763.17   970.2   190.8    31.6    
* 1412  488   974.58    0.05      0   974.58  1762.77   970.2   190.8    31.7    
* 1428  472   973.49    0.11      0   973.49  1741.80   987.9   190.8    32.1    
  1450  450   973.49    0.00     22   973.49  1741.80   987.9   190.8    32.6    
  1500  400   973.49    0.00     72   973.49  1741.80   987.9   190.8    33.7    
  1550  350   973.49    0.00    122   973.49  1741.80   987.9   190.8    34.8    
  1600  300   973.49    0.00    172   973.49  1741.80   987.9   190.8    35.9    
  1650  250   973.49    0.00    222   973.49  1741.80   987.9   190.8    37.0    
  1700  200   973.49    0.00    272   973.49  1741.80   987.9   190.8    38.2    
  1750  150   973.49    0.00    322   973.49  1741.80   987.9   190.8    39.3    

  Gens  Rem    Local   ElDiv NoImpr             Best solution            Time  Op
                                       Cost     Dist    Tard    TMax 
  1800  100   973.49    0.00    372   973.49  1741.80   987.9   190.8    40.4    
  1850   50   973.49    0.00    422   973.49  1741.80   987.9   190.8    41.5    
  1900    0   973.49    0.00    472   973.49  1741.80   987.9   190.8    42.6    
Evolutionary process finished.
Solution written to 'solution-16664.txt'.

Sorted sequence of worst to best tardiness value:
Task for patient = 31 with skills = {1,-1} and cost = 506.2
   Vehicle #0 = 0, leaving at = 409.8
   Vehicle #1 = -1, leaving at = inf
   Increment on distance indicator: 21.2
   Increment on tard indicator:     190.8
   Value of tmax indicator:         21.2

Task for patient = 15 with skills = {0,-1} and cost = 789.5
   Vehicle #0 = 0, leaving at = 602.3
   Vehicle #1 = -1, leaving at = inf
   Increment on distance indicator: 54.1
   Increment on tard indicator:     186.3
   Value of tmax indicator:         54.1

Task for patient = 13 with skills = {1,-1} and cost = 587.5
   Vehicle #0 = 0, leaving at = 440.8
   Vehicle #1 = -1, leaving at = inf
   Increment on distance indicator: 17.0
   Increment on tard indicator:     149.8
   Value of tmax indicator:         17.0

Task for patient = 12 with skills = {1,-1} and cost = 365.8
   Vehicle #0 = 0, leaving at = 345.6
   Vehicle #1 = -1, leaving at = inf
   Increment on distance indicator: 46.6
   Increment on tard indicator:     138.6
   Value of tmax indicator:         46.6

Task for patient = 19 with skills = {0,-1} and cost = 656.7
   Vehicle #0 = 0, leaving at = 503.2
   Vehicle #1 = -1, leaving at = inf
   Increment on distance indicator: 10.0
   Increment on tard indicator:     93.2
   Value of tmax indicator:         10.0

Task for patient = 11 with skills = {1,-1} and cost = 849.7
   Vehicle #0 = 0, leaving at = 631.2
   Vehicle #1 = -1, leaving at = inf
   Increment on distance indicator: 14.9
   Increment on tard indicator:     88.2
   Value of tmax indicator:         14.9

Task for patient = 33 with skills = {0,-1} and cost = 158.5
   Vehicle #0 = 0, leaving at = 167.4
   Vehicle #1 = -1, leaving at = inf
   Increment on distance indicator: 29.1
   Increment on tard indicator:     33.4
   Value of tmax indicator:         29.1

Task for patient = 44 with skills = {1,4} and cost = 698.4
   Vehicle #0 = 0, leaving at = 534.3
   Vehicle #1 = 5, leaving at = 580.3
   Increment on distance indicator: 24.1
   Increment on tard indicator:     29.3
   Value of tmax indicator:         24.1

Task for patient = 50 with skills = {1,3} and cost = 182.9
   Vehicle #0 = 0, leaving at = 190.8
   Vehicle #1 = 8, leaving at = 236.8
   Increment on distance indicator: 28.2
   Increment on tard indicator:     25.8
   Value of tmax indicator:         28.2

Task for patient = 18 with skills = {0,-1} and cost = 377.0
   Vehicle #0 = 0, leaving at = 374.6
   Vehicle #1 = -1, leaving at = inf
   Increment on distance indicator: 15.0
   Increment on tard indicator:     18.6
   Value of tmax indicator:         15.0

Task for patient = 45 with skills = {0,4} and cost = 204.5
   Vehicle #0 = 0, leaving at = 248.3
   Vehicle #1 = 3, leaving at = 267.3
   Increment on distance indicator: 48.6
   Increment on tard indicator:     16.3
   Value of tmax indicator:         48.6

Task for patient = 22 with skills = {2,-1} and cost = 385.9
   Vehicle #0 = 2, leaving at = 477.3
   Vehicle #1 = -1, leaving at = inf
   Increment on distance indicator: 15.3
   Increment on tard indicator:     11.3
   Value of tmax indicator:         15.3

Task for patient = 16 with skills = {4,-1} and cost = 600.7
   Vehicle #0 = 3, leaving at = 414.4
   Vehicle #1 = -1, leaving at = inf
   Increment on distance indicator: 9.1
   Increment on tard indicator:     6.4
   Value of tmax indicator:         9.1

Task for patient = 21 with skills = {2,-1} and cost = 398.2
   Vehicle #0 = 2, leaving at = 528.3
   Vehicle #1 = -1, leaving at = inf
   Increment on distance indicator: 37.0
   Increment on tard indicator:     0.0
   Value of tmax indicator:         37.0

Task for patient = 38 with skills = {3,4} and cost = 802.6
   Vehicle #0 = 6, leaving at = 501.0
   Vehicle #1 = 4, leaving at = 501.0
   Increment on distance indicator: 39.4
   Increment on tard indicator:     0.0
   Value of tmax indicator:         39.4

Task for patient = 29 with skills = {3,-1} and cost = 709.3
   Vehicle #0 = 3, leaving at = 491.0
   Vehicle #1 = -1, leaving at = inf
   Increment on distance indicator: 8.9
   Increment on tard indicator:     0.0
   Value of tmax indicator:         8.9

Task for patient = 41 with skills = {4,5} and cost = 418.1
   Vehicle #0 = 5, leaving at = 321.7
   Vehicle #1 = 6, leaving at = 321.7
   Increment on distance indicator: 59.7
   Increment on tard indicator:     0.0
   Value of tmax indicator:         59.7

Task for patient = 40 with skills = {3,5} and cost = 706.3
   Vehicle #0 = 6, leaving at = 464.6
   Vehicle #1 = 9, leaving at = 464.6
   Increment on distance indicator: 23.7
   Increment on tard indicator:     0.0
   Value of tmax indicator:         23.7

Task for patient = 1 with skills = {3,-1} and cost = 508.6
   Vehicle #0 = 6, leaving at = 359.0
   Vehicle #1 = -1, leaving at = inf
   Increment on distance indicator: 7.2
   Increment on tard indicator:     0.0
   Value of tmax indicator:         7.2

Task for patient = 39 with skills = {4,5} and cost = 522.6
   Vehicle #0 = 3, leaving at = 391.3
   Vehicle #1 = 8, leaving at = 391.3
   Increment on distance indicator: 42.0
   Increment on tard indicator:     0.0
   Value of tmax indicator:         42.0

Task for patient = 2 with skills = {4,-1} and cost = 531.9
   Vehicle #0 = 6, leaving at = 386.9
   Vehicle #1 = -1, leaving at = inf
   Increment on distance indicator: 13.9
   Increment on tard indicator:     0.0
   Value of tmax indicator:         13.9

Task for patient = 25 with skills = {2,-1} and cost = 680.7
   Vehicle #0 = 1, leaving at = 505.0
   Vehicle #1 = -1, leaving at = inf
   Increment on distance indicator: 55.0
   Increment on tard indicator:     0.0
   Value of tmax indicator:         55.0

Task for patient = 34 with skills = {4,-1} and cost = 591.2
   Vehicle #0 = 6, leaving at = 411.9
   Vehicle #1 = -1, leaving at = inf
   Increment on distance indicator: 11.0
   Increment on tard indicator:     0.0
   Value of tmax indicator:         11.0

Task for patient = 28 with skills = {5,-1} and cost = 662.3
   Vehicle #0 = 7, leaving at = 559.9
   Vehicle #1 = -1, leaving at = inf
   Increment on distance indicator: 16.8
   Increment on tard indicator:     0.0
   Value of tmax indicator:         16.8

Task for patient = 46 with skills = {0,5} and cost = 622.3
   Vehicle #0 = 0, leaving at = 479.1
   Vehicle #1 = 7, leaving at = 529.1
   Increment on distance indicator: 36.4
   Increment on tard indicator:     0.0
   Value of tmax indicator:         36.4

Task for patient = 4 with skills = {3,-1} and cost = 595.6
   Vehicle #0 = 6, leaving at = 439.0
   Vehicle #1 = -1, leaving at = inf
   Increment on distance indicator: 13.0
   Increment on tard indicator:     0.0
   Value of tmax indicator:         13.0

Task for patient = 35 with skills = {5,-1} and cost = 610.2
   Vehicle #0 = 5, leaving at = 364.1
   Vehicle #1 = -1, leaving at = inf
   Increment on distance indicator: 28.4
   Increment on tard indicator:     0.0
   Value of tmax indicator:         28.4

Task for patient = 30 with skills = {2,-1} and cost = 527.3
   Vehicle #0 = 1, leaving at = 436.0
   Vehicle #1 = -1, leaving at = inf
   Increment on distance indicator: 14.0
   Increment on tard indicator:     0.0
   Value of tmax indicator:         14.0

Task for patient = 42 with skills = {4,5} and cost = 8.7
   Vehicle #0 = 3, leaving at = 34.0
   Vehicle #1 = 4, leaving at = 34.0
   Increment on distance indicator: 26.0
   Increment on tard indicator:     0.0
   Value of tmax indicator:         26.0

Task for patient = 26 with skills = {5,-1} and cost = 11.8
   Vehicle #0 = 5, leaving at = 253.0
   Vehicle #1 = -1, leaving at = inf
   Increment on distance indicator: 9.5
   Increment on tard indicator:     0.0
   Value of tmax indicator:         9.5

Task for patient = 47 with skills = {1,5} and cost = 37.3
   Vehicle #0 = 0, leaving at = 74.0
   Vehicle #1 = 6, leaving at = 89.0
   Increment on distance indicator: 76.6
   Increment on tard indicator:     0.0
   Value of tmax indicator:         76.6

Task for patient = 43 with skills = {2,3} and cost = 43.8
   Vehicle #0 = 1, leaving at = 51.0
   Vehicle #1 = 3, leaving at = 70.0
   Increment on distance indicator: 19.5
   Increment on tard indicator:     0.0
   Value of tmax indicator:         19.5

Task for patient = 27 with skills = {4,-1} and cost = 49.7
   Vehicle #0 = 6, leaving at = 192.0
   Vehicle #1 = -1, leaving at = inf
   Increment on distance indicator: 17.5
   Increment on tard indicator:     0.0
   Value of tmax indicator:         17.5

Task for patient = 49 with skills = {1,4} and cost = 76.1
   Vehicle #0 = 0, leaving at = 124.2
   Vehicle #1 = 3, leaving at = 180.2
   Increment on distance indicator: 79.2
   Increment on tard indicator:     0.0
   Value of tmax indicator:         79.2

Task for patient = 8 with skills = {4,-1} and cost = 79.6
   Vehicle #0 = 4, leaving at = 60.0
   Vehicle #1 = -1, leaving at = inf
   Increment on distance indicator: 10.6
   Increment on tard indicator:     0.0
   Value of tmax indicator:         10.6

Task for patient = 23 with skills = {4,-1} and cost = 86.5
   Vehicle #0 = 3, leaving at = 214.9
   Vehicle #1 = -1, leaving at = inf
   Increment on distance indicator: 20.6
   Increment on tard indicator:     0.0
   Value of tmax indicator:         20.6

Task for patient = 14 with skills = {3,-1} and cost = 103.5
   Vehicle #0 = 8, leaving at = 77.0
   Vehicle #1 = -1, leaving at = inf
   Increment on distance indicator: 50.9
   Increment on tard indicator:     0.0
   Value of tmax indicator:         50.9

Task for patient = 37 with skills = {4,5} and cost = 113.9
   Vehicle #0 = 3, leaving at = 244.0
   Vehicle #1 = 6, leaving at = 244.0
   Increment on distance indicator: 31.3
   Increment on tard indicator:     0.0
   Value of tmax indicator:         31.3

Task for patient = 36 with skills = {4,5} and cost = 815.3
   Vehicle #0 = 3, leaving at = 517.1
   Vehicle #1 = 8, leaving at = 517.1
   Increment on distance indicator: 38.2
   Increment on tard indicator:     0.0
   Value of tmax indicator:         38.2

Task for patient = 20 with skills = {5,-1} and cost = 164.2
   Vehicle #0 = 8, leaving at = 160.1
   Vehicle #1 = -1, leaving at = inf
   Increment on distance indicator: 17.0
   Increment on tard indicator:     0.0
   Value of tmax indicator:         17.0

Task for patient = 6 with skills = {4,-1} and cost = 164.9
   Vehicle #0 = 8, leaving at = 198.0
   Vehicle #1 = -1, leaving at = inf
   Increment on distance indicator: 2.0
   Increment on tard indicator:     0.0
   Value of tmax indicator:         2.0

Task for patient = 17 with skills = {2,-1} and cost = 214.6
   Vehicle #0 = 2, leaving at = 166.0
   Vehicle #1 = -1, leaving at = inf
   Increment on distance indicator: 30.4
   Increment on tard indicator:     0.0
   Value of tmax indicator:         30.4

Task for patient = 10 with skills = {4,-1} and cost = 215.9
   Vehicle #0 = 5, leaving at = 271.0
   Vehicle #1 = -1, leaving at = inf
   Increment on distance indicator: 4.0
   Increment on tard indicator:     0.0
   Value of tmax indicator:         4.0

Task for patient = 3 with skills = {1,-1} and cost = 223.5
   Vehicle #0 = 0, leaving at = 284.9
   Vehicle #1 = -1, leaving at = inf
   Increment on distance indicator: 22.7
   Increment on tard indicator:     0.0
   Value of tmax indicator:         22.7

Task for patient = 5 with skills = {2,-1} and cost = 228.7
   Vehicle #0 = 1, leaving at = 268.0
   Vehicle #1 = -1, leaving at = inf
   Increment on distance indicator: 15.6
   Increment on tard indicator:     0.0
   Value of tmax indicator:         15.6

Task for patient = 32 with skills = {4,-1} and cost = 230.9
   Vehicle #0 = 4, leaving at = 468.0
   Vehicle #1 = -1, leaving at = inf
   Increment on distance indicator: 6.7
   Increment on tard indicator:     0.0
   Value of tmax indicator:         6.7

Task for patient = 7 with skills = {2,-1} and cost = 231.7
   Vehicle #0 = 2, leaving at = 448.0
   Vehicle #1 = -1, leaving at = inf
   Increment on distance indicator: 2.2
   Increment on tard indicator:     0.0
   Value of tmax indicator:         2.2

Task for patient = 48 with skills = {2,4} and cost = 260.5
   Vehicle #0 = 1, leaving at = 352.3
   Vehicle #1 = 3, leaving at = 371.3
   Increment on distance indicator: 86.5
   Increment on tard indicator:     0.0
   Value of tmax indicator:         86.5

Task for patient = 9 with skills = {4,-1} and cost = 269.0
   Vehicle #0 = 9, leaving at = 312.0
   Vehicle #1 = -1, leaving at = inf
   Increment on distance indicator: 25.5
   Increment on tard indicator:     0.0
   Value of tmax indicator:         25.5

Task for patient = 24 with skills = {5,-1} and cost = 126.6
   Vehicle #0 = 8, leaving at = 129.1
   Vehicle #1 = -1, leaving at = inf
   Increment on distance indicator: 38.1
   Increment on tard indicator:     0.0
   Value of tmax indicator:         38.1


Unused vehicle list: (total = 0 out of 10)

---
Search finished.
Total of 1900 generations in 42.6 seconds.
Exchange elite runs: 0
Implicit path relinking runs: 0
Reset attempts: 1

Best solution found:
   Cost: 973.5
   Total travel time: 1741.8
   Total tardiness time: 987.9
   Largest tardiness: 190.8


973.5
