This host is: ifrit
--- BRKGA-MP-IPR for HHCRSP ---
Instance: /home/alberto/work/gecco2020-brkga/instances-HHCRSP/InstanzVNS_HCSRP_300_3.txt
Seed: 6

Reading data... Problem contains 300 patients  and 40 caregivers.

Summary of supply x demand for each service type:
Skill 0 has supply = 10 and demand = 49, ratio = 0.204082
Skill 1 has supply = 11 and demand = 51, ratio = 0.215686
Skill 2 has supply = 9 and demand = 54, ratio = 0.166667
Skill 3 has supply = 18 and demand = 76, ratio = 0.236842
Skill 4 has supply = 18 and demand = 85, ratio = 0.211765
Skill 5 has supply = 20 and demand = 85, ratio = 0.235294

Reading parameters...
Inferred distance function by PR type: kendall-tau
Building BRKGA data and initializing...
Evolving 1900 generations...

  Gens  Rem    Local   ElDiv NoImpr             Best solution            Time  Op
                                       Cost     Dist    Tard    TMax 
*    0 1900 14985.37  544.34      0 14985.37  8010.33 36478.1   467.7     0.2    
*    2 1898 14358.87  484.86      0 14358.87  8260.66 33839.0   459.8     0.6    
*    3 1897 14186.47  476.84      0 14186.47  7853.79 31014.1   474.9     0.8    
*    4 1896 13114.28  422.23      0 13114.28  8663.48 29168.1   457.7     1.0    
*    5 1895 12763.07  457.74      0 12763.07  7461.99 28188.8   479.4     1.2    
*    6 1894 12043.37  373.36      0 12043.37  8233.78 27330.8   442.4     1.4    
*    7 1893 12002.33  425.90      0 12002.33  8138.03 25136.4   394.6     1.6    
*    8 1892 11222.98  374.86      0 11222.98  8395.67 23612.7   461.4     1.8    
*    9 1891 10823.26  388.47      0 10823.26  7968.70 22128.9   408.6     2.0    
*   10 1890 10168.73  371.88      0 10168.73  7773.88 20533.3   438.9     2.2    
*   11 1889  9582.02  328.68      0  9582.02  7756.77 20334.0   426.6     2.4    
*   12 1888  9505.81  370.18      0  9505.81  8027.46 18352.4   365.9     2.6    
*   13 1887  8915.25  328.42      0  8915.25  7948.89 17507.7   406.0     2.8    
*   14 1886  8620.89  315.96      0  8620.89  7990.31 16396.3   412.3     3.0    
*   15 1885  8266.31  346.85      0  8266.31  7791.24 14283.5   420.0     3.2    

  Gens  Rem    Local   ElDiv NoImpr             Best solution            Time  Op
                                       Cost     Dist    Tard    TMax 
*   16 1884  7498.22  329.05      0  7498.22  7838.02 12613.1   408.1     3.4    
*   17 1883  6953.08  309.16      0  6953.08  7838.02 12613.1   408.1     3.6    
*   19 1881  6642.05  262.98      0  6642.05  7716.18 11620.1   337.6     4.0    
*   20 1880  6557.96  248.05      0  6557.96  7933.00 10799.9   330.7     4.2    
*   21 1879  6354.51  225.01      0  6354.51  7693.84  9329.1   305.2     4.4    
*   22 1878  5776.07  236.26      0  5776.07  7693.84  9329.1   305.2     4.6    
*   24 1876  5430.19  199.81      0  5430.19  7681.94  8140.0   399.6     5.0    
*   25 1875  5407.17  218.96      0  5407.17  7561.58  6529.2   305.5     5.2    
*   26 1874  4798.75  197.91      0  4798.75  7561.58  6529.2   305.5     5.4    
*   28 1872  4605.09  195.25      0  4605.09  7576.71  5963.3   275.3     5.8    
*   30 1870  4406.82  175.50      0  4406.82  7400.69  4704.1   293.0     6.2    
*   31 1869  4132.63  156.50      0  4132.63  7515.67  4238.5   337.5     6.4    
*   32 1868  4030.55  165.43      0  4030.55  7673.26  3922.2   347.6     6.6    
*   33 1867  3981.04  158.08      0  3981.04  7489.37  3996.5   193.4     6.8    
*   34 1866  3893.09  135.43      0  3893.09  7378.47  3713.0   274.8     7.0    
*   35 1865  3788.77  117.24      0  3788.77  7304.73  3719.8   172.0     7.2    

  Gens  Rem    Local   ElDiv NoImpr             Best solution            Time  Op
                                       Cost     Dist    Tard    TMax 
*   36 1864  3732.19  117.18      0  3732.19  7639.61  2959.2   237.8     7.4    
*   37 1863  3612.20  107.30      0  3612.20  7542.16  2381.3   135.8     7.6    
*   38 1862  3353.09  117.98      0  3353.09  7542.16  2381.3   135.8     7.8    
*   40 1860  3115.81  106.74      0  3115.81  7018.41  2149.0   180.0     8.2    
*   43 1857  3015.41   98.00      0  3015.41  7028.91  1553.3   123.6     8.9    
*   44 1856  2901.95   85.88      0  2901.95  7028.91  1553.3   123.6     9.1    
*   46 1854  2842.01   66.72      0  2842.01  7138.23  1110.8   147.9     9.5    
*   47 1853  2798.97   73.78      0  2798.97  7200.84   453.0    67.8     9.7    
*   48 1852  2573.89   82.90      0  2573.89  7200.84   453.0    67.8     9.9    
    50 1850  2573.89   62.19      2  2573.89  7200.84   453.0    67.8    10.3    
*   52 1848  2505.19   61.39      0  2505.19  6874.27   509.3   132.0    10.7    
*   55 1845  2481.28   52.25      0  2481.28  6835.18   544.5    64.1    11.3    
*   57 1843  2417.40   42.07      0  2417.40  6653.14   537.6    61.5    11.7    
*   60 1840  2364.40   36.57      0  2364.40  6730.01   309.8    53.4    12.3    
*   63 1837  2336.63   37.05      0  2336.63  6528.14   355.1    37.0    12.9    
*   64 1836  2306.75   34.75      0  2306.75  6528.14   355.1    37.0    13.1    

  Gens  Rem    Local   ElDiv NoImpr             Best solution            Time  Op
                                       Cost     Dist    Tard    TMax 
*   67 1833  2228.87   35.06      0  2228.87  6277.94   348.1    60.6    13.7    
*   72 1828  2180.73   32.75      0  2180.73  6345.15   152.8    44.3    14.7    
*   78 1822  2141.73   24.58      0  2141.73  6260.15   145.5    19.5    16.0    
*   82 1818  2094.53   32.14      0  2094.53  5948.84   156.9    18.9    16.8    
*   83 1817  2041.55   30.60      0  2041.55  5948.84   156.9    18.9    17.0    
*   97 1803  2027.11   22.71      0  2027.11  5839.54   203.6    38.2    19.8    
   100 1800  2027.11   21.72      3  2027.11  5839.54   203.6    38.2    20.4    
*  101 1799  2017.67   20.39      0  2017.67  5998.01    46.9     8.1    20.6    
*  104 1796  2004.96   20.67      0  2004.96  5911.31    83.1    20.5    21.3    
*  109 1791  2004.39   21.34      0  2004.39  5898.59    92.5    22.0    22.3    
*  111 1789  2004.03   21.20      0  2004.03  5918.18    68.2    16.1    22.7    
*  112 1788  2000.83   20.18      0  2000.83  5918.18    68.2    16.1    22.9    
*  115 1785  1963.31   18.43      0  1963.31  5808.87    63.2    17.8    23.5    
*  118 1782  1949.40   18.15      0  1949.40  5784.80    52.0    11.4    24.1    
*  128 1772  1946.84   16.68      0  1946.84  5741.28    90.2     9.1    26.2    
*  131 1769  1914.52   17.30      0  1914.52  5668.09    66.7     8.8    26.8    

  Gens  Rem    Local   ElDiv NoImpr             Best solution            Time  Op
                                       Cost     Dist    Tard    TMax 
*  142 1758  1879.39   16.68      0  1879.39  5512.34    99.5    26.3    29.0    
   150 1750  1879.39   14.67      8  1879.39  5512.34    99.5    26.3    30.6    
*  160 1740  1878.58   16.08      0  1878.58  5599.82    26.9     9.1    32.7    
*  164 1736  1877.20   15.10      0  1877.20  5571.71    51.2     8.7    33.5    
*  168 1732  1872.36   13.40      0  1872.36  5559.49    45.9     6.6    34.3    
*  169 1731  1870.67   12.66      0  1870.67  5559.49    45.9     6.6    34.5    
*  173 1727  1855.28   12.65      0  1855.28  5443.97    54.1    11.9    35.3    
*  174 1726  1836.64   12.16      0  1836.64  5443.97    54.1    11.9    35.5    
*  179 1721  1831.14   14.93      0  1831.14  5401.85    80.1    11.4    36.6    
*  190 1710  1825.95   12.88      0  1825.95  5453.00    17.7     7.2    38.8    
*  194 1706  1805.39   14.23      0  1805.39  5380.53    25.6    10.0    39.6    
*  197 1703  1801.04   14.50      0  1801.04  5291.14    92.0    20.0    40.2    
   200 1700  1801.04   14.94      3  1801.04  5291.14    92.0    20.0    40.8    
*  205 1695  1797.10   15.56      0  1797.10  5243.11    31.2    11.4    41.9    
*  206 1694  1761.91   15.61      0  1761.91  5243.11    31.2    11.4    42.1    
*  213 1687  1733.68   15.12      0  1733.68  5143.41    46.2    11.4    43.5    

  Gens  Rem    Local   ElDiv NoImpr             Best solution            Time  Op
                                       Cost     Dist    Tard    TMax 
*  222 1678  1725.32   15.11      0  1725.32  5127.29    38.9     9.7    45.3    
*  225 1675  1721.61   13.77      0  1721.61  5125.20    29.9     9.7    45.9    
*  232 1668  1715.52   11.82      0  1715.52  5082.55    46.4    14.2    47.4    
*  233 1667  1714.39   11.27      0  1714.39  5082.55    46.4    14.2    47.6    
*  241 1659  1699.36    8.49      0  1699.36  5087.24     7.7     3.1    49.2    
*  245 1655  1688.82    9.07      0  1688.82  4960.62    87.0    18.9    50.0    
   250 1650  1688.82    8.29      5  1688.82  4960.62    87.0    18.9    51.0    
*  254 1646  1671.33    9.27      0  1671.33  4976.70    21.7     9.7    51.8    
*  255 1645  1669.39    9.28      0  1669.39  4976.70    21.7     9.7    52.0    
*  261 1639  1667.15    7.78      0  1667.15  4951.67    40.1     9.7    53.3    
*  264 1636  1657.61    8.69      0  1657.61  4939.94    23.2     9.7    53.9    
*  266 1634  1653.17    8.46      0  1653.17  4912.02    37.8     9.7    54.3    
*  268 1632  1645.44    8.39      0  1645.44  4911.27    17.6     7.4    54.7    
*  271 1629  1637.08    9.43      0  1637.08  4872.94    30.9     7.4    55.3    
*  273 1627  1615.07   10.17      0  1615.07  4814.83    21.7     8.7    55.7    
*  287 1613  1613.35    6.71      0  1613.35  4806.52    26.1     7.4    58.5    

  Gens  Rem    Local   ElDiv NoImpr             Best solution            Time  Op
                                       Cost     Dist    Tard    TMax 
*  293 1607  1609.61    6.60      0  1609.61  4804.78    16.6     7.4    59.8    
*  295 1605  1606.09    6.70      0  1606.09  4778.95    29.6     9.7    60.2    
*  299 1601  1605.71    7.47      0  1605.71  4772.40     6.4     3.7    61.0    
*  300 1600  1594.17    6.83      0  1594.17  4772.40     6.4     3.7    61.2    
*  309 1591  1585.15    5.27      0  1585.15  4750.42     3.0     2.0    63.0    
*  316 1584  1579.52    5.01      0  1579.52  4731.00     4.3     3.3    64.4    
*  318 1582  1579.22    5.86      0  1579.22  4709.85     3.8     2.5    64.8    
*  319 1581  1572.07    6.17      0  1572.07  4675.45    10.7     7.4    65.0    
*  320 1580  1564.51    6.01      0  1564.51  4675.45    10.7     7.4    65.2    
*  327 1573  1562.83    4.85      0  1562.83  4649.97     2.8     2.5    66.7    
*  328 1572  1551.76    4.52      0  1551.76  4649.97     2.8     2.5    66.9    
*  336 1564  1551.66    3.46      0  1551.66  4637.82     5.2     2.5    68.5    
*  337 1563  1548.51    3.09      0  1548.51  4637.82     5.2     2.5    68.7    
*  339 1561  1545.94    2.53      0  1545.94  4632.52     2.8     2.5    69.1    
*  343 1557  1544.14    2.14      0  1544.14  4610.51     7.0     4.3    69.9    
*  344 1556  1540.61    2.05      0  1540.61  4610.51     7.0     4.3    70.1    

  Gens  Rem    Local   ElDiv NoImpr             Best solution            Time  Op
                                       Cost     Dist    Tard    TMax 
*  348 1552  1539.18    1.58      0  1539.18  4605.99     7.3     4.3    70.9    
   350 1550  1539.18    1.28      2  1539.18  4605.99     7.3     4.3    71.3    
*  352 1548  1537.50    1.48      0  1537.50  4607.19     2.8     2.5    71.7    
*  354 1546  1537.05    1.50      0  1537.05  4599.83     7.0     4.3    72.1    
*  358 1542  1536.17    1.13      0  1536.17  4603.19     2.8     2.5    72.9    
*  361 1539  1534.86    0.95      0  1534.86  4598.56     2.8     2.5    73.5    
*  362 1538  1534.62    0.99      0  1534.62  4595.10     2.8     2.5    73.7    
*  363 1537  1533.47    0.96      0  1533.47  4595.10     2.8     2.5    73.9    
*  366 1534  1532.71    0.82      0  1532.71  4591.79     3.8     2.5    74.6    
*  371 1529  1532.62    0.42      0  1532.62  4595.90     0.3     0.3    75.6    
*  372 1528  1532.15    0.45      0  1532.15  4590.28     2.8     2.5    75.8    
*  373 1527  1531.86    0.46      0  1531.86  4590.28     2.8     2.5    76.0    
*  375 1525  1530.92    0.56      0  1530.92  4586.20     2.8     2.5    76.4    
*  376 1524  1530.50    0.50      0  1530.50  4586.20     2.8     2.5    76.6    
*  379 1521  1529.92    0.67      0  1529.92  4578.63     3.8     2.5    77.2    
*  380 1520  1528.33    0.59      0  1528.33  4578.63     3.8     2.5    77.4    

  Gens  Rem    Local   ElDiv NoImpr             Best solution            Time  Op
                                       Cost     Dist    Tard    TMax 
*  382 1518  1527.40    0.71      0  1527.40  4575.72     2.8     2.5    77.8    
*  383 1517  1527.01    0.65      0  1527.01  4575.72     2.8     2.5    78.0    
*  387 1513  1526.23    0.82      0  1526.23  4567.57     0.3     0.3    78.8    
*  388 1512  1522.70    0.84      0  1522.70  4567.57     0.3     0.3    79.0    
*  396 1504  1521.61    0.47      0  1521.61  4558.13     3.8     2.5    80.6    
*  397 1503  1521.49    0.49      0  1521.49  4558.13     3.8     2.5    80.8    
*  399 1501  1520.64    0.69      0  1520.64  4554.26     5.1     2.5    81.2    
   400 1500  1520.64    0.71      1  1520.64  4554.26     5.1     2.5    81.4    
*  401 1499  1520.51    0.64      0  1520.51  4559.17     1.3     1.0    81.7    
*  403 1497  1519.77    0.68      0  1519.77  4554.17     3.7     1.2    82.1    
*  404 1496  1519.68    0.67      0  1519.68  4546.44     6.5     2.7    82.3    
*  405 1495  1518.52    0.59      0  1518.52  4546.44     6.5     2.7    82.5    
*  408 1492  1517.67    0.50      0  1517.67  4544.28     5.3     2.7    83.1    
*  409 1491  1517.40    0.50      0  1517.40  4544.28     5.3     2.7    83.3    
*  412 1488  1517.22    0.35      0  1517.22  4543.73     5.3     2.7    83.9    
*  415 1485  1516.53    0.35      0  1516.53  4541.65     5.3     2.7    84.5    

  Gens  Rem    Local   ElDiv NoImpr             Best solution            Time  Op
                                       Cost     Dist    Tard    TMax 
*  417 1483  1516.44    0.30      0  1516.44  4540.33     6.3     2.7    84.9    
*  423 1477  1515.85    0.10      0  1515.85  4538.77     5.3     2.7    86.1    
*  424 1476  1515.57    0.10      0  1515.57  4538.77     5.3     2.7    86.3    
*  430 1470  1515.07    0.32      0  1515.07  4536.22     6.3     2.7    87.5    
*  433 1467  1513.36    0.41      0  1513.36  4531.11     6.3     2.7    88.2    
*  439 1461  1512.69    0.87      0  1512.69  4529.09     6.3     2.7    89.4    
*  443 1457  1512.19    0.38      0  1512.19  4528.33     5.3     2.7    90.2    
*  444 1456  1512.09    0.43      0  1512.09  4528.33     5.3     2.7    90.4    
*  448 1452  1511.99    0.26      0  1511.99  4526.88     6.3     2.7    91.2    
*  450 1450  1510.82    0.18      0  1510.82  4523.04     6.8     2.7    91.6    
*  456 1444  1510.62    0.48      0  1510.62  4522.44     6.8     2.7    92.8    
*  465 1435  1510.01    0.08      0  1510.01  4520.62     6.8     2.7    94.6    
*  476 1424  1509.71    0.09      0  1509.71  4519.71     6.8     2.7    96.9    
*  478 1422  1509.15    0.16      0  1509.15  4518.03     6.8     2.7    97.3    
*  487 1413  1508.54    0.27      0  1508.54  4516.21     6.8     2.7    99.1    
*  492 1408  1507.99    0.27      0  1507.99  4513.38     7.9     2.7   100.1    

  Gens  Rem    Local   ElDiv NoImpr             Best solution            Time  Op
                                       Cost     Dist    Tard    TMax 
*  496 1404  1507.91    0.47      0  1507.91  4512.14     7.8     2.7   100.9    
*  497 1403  1507.54    0.49      0  1507.54  4506.55    10.8     3.3   101.1    
*  498 1402  1506.88    0.36      0  1506.88  4506.55    10.8     3.3   101.3    
*  500 1400  1506.10    0.30      0  1506.10  4507.84     7.8     2.7   101.7    
*  507 1393  1505.03    0.55      0  1505.03  4498.12    12.2     3.3   103.1    
*  508 1392  1504.53    0.61      0  1504.53  4498.12    12.2     3.3   103.3    
*  533 1367  1504.40    0.02      0  1504.40  4497.73    12.2     3.3   108.4    
*  545 1355  1502.90    0.21      0  1502.90  4497.16     8.9     2.7   110.8    
   550 1350  1502.90    0.52      5  1502.90  4497.16     8.9     2.7   111.8    
*  562 1338  1502.17    0.10      0  1502.17  4494.98     8.9     2.7   114.3    
*  580 1320  1501.38    0.22      0  1501.38  4492.62     8.9     2.7   117.9    
*  590 1310  1500.62    0.65      0  1500.62  4490.32     8.9     2.7   119.9    
   600 1300  1500.62    0.29     10  1500.62  4490.32     8.9     2.7   122.0    
*  607 1293  1500.37    0.02      0  1500.37  4489.58     8.9     2.7   123.4    
   650 1250  1500.37    0.00     43  1500.37  4489.58     8.9     2.7   132.1    
*  677 1223  1500.04    0.03      0  1500.04  4488.58     8.9     2.7   137.5    

  Gens  Rem    Local   ElDiv NoImpr             Best solution            Time  Op
                                       Cost     Dist    Tard    TMax 
   700 1200  1500.04    0.00     23  1500.04  4488.58     8.9     2.7   142.2    
   750 1150  1500.04    0.00     73  1500.04  4488.58     8.9     2.7   152.3    
   800 1100  1500.04    0.00    123  1500.04  4488.58     8.9     2.7   162.4    
   850 1050  1500.04    0.00    173  1500.04  4488.58     8.9     2.7   172.5    
   900 1000  1500.04    0.00    223  1500.04  4488.58     8.9     2.7   182.6    
*  939  961  1499.87    0.01      0  1499.87  4488.07     8.9     2.7   190.5    
   950  950  1499.87    0.00     11  1499.87  4488.07     8.9     2.7   192.7    
  1000  900  1499.87    0.00     61  1499.87  4488.07     8.9     2.7   202.8    
  1050  850  1499.87    0.00    111  1499.87  4488.07     8.9     2.7   212.9    
  1100  800  1499.87    0.00    161  1499.87  4488.07     8.9     2.7   223.0    
  1150  750  1499.87    0.00    211  1499.87  4488.07     8.9     2.7   233.1    
  1200  700  1499.87    0.00    261  1499.87  4488.07     8.9     2.7   243.2    
  1250  650  1499.87    0.00    311  1499.87  4488.07     8.9     2.7   253.3    
  1300  600  1499.87    0.00    361  1499.87  4488.07     8.9     2.7   263.4    
  1350  550  1499.87    0.00    411  1499.87  4488.07     8.9     2.7   273.5    
  1400  500  1499.87    0.00    461  1499.87  4488.07     8.9     2.7   283.6    

  Gens  Rem    Local   ElDiv NoImpr             Best solution            Time  Op
                                       Cost     Dist    Tard    TMax 
  1450  450  1499.87    0.00    511  1499.87  4488.07     8.9     2.7   293.7    
  1500  400  1499.87    0.00    561  1499.87  4488.07     8.9     2.7   303.8    
  1550  350  1499.87    0.00    611  1499.87  4488.07     8.9     2.7   313.9    
* 1568  332  1497.58    0.32      0  1497.58  4478.77    11.3     2.7   317.5    
  1600  300  1497.58    0.00     32  1497.58  4478.77    11.3     2.7   324.0    
  1650  250  1497.58    0.00     82  1497.58  4478.77    11.3     2.7   334.1    
  1700  200  1497.58    0.00    132  1497.58  4478.77    11.3     2.7   344.2    
  1750  150  1497.58    0.00    182  1497.58  4478.77    11.3     2.7   354.3    
  1800  100  1497.58    0.00    232  1497.58  4478.77    11.3     2.7   364.4    
  1850   50  1497.58    0.00    282  1497.58  4478.77    11.3     2.7   374.4    
  1900    0  1497.58    0.00    332  1497.58  4478.77    11.3     2.7   384.3    
Evolutionary process finished.
Solution written to 'solution-11036.txt'.

Sorted sequence of worst to best tardiness value:
Task for patient = 104 with skills = {5,-1} and cost = 1181.9
   Vehicle #0 = 23, leaving at = 557.7
   Vehicle #1 = -1, leaving at = inf
   Increment on distance indicator: 11.4
   Increment on tard indicator:     2.7
   Value of tmax indicator:         11.4

Task for patient = 132 with skills = {4,-1} and cost = 148.5
   Vehicle #0 = 21, leaving at = 142.5
   Vehicle #1 = -1, leaving at = inf
   Increment on distance indicator: 27.9
   Increment on tard indicator:     2.5
   Value of tmax indicator:         27.9

Task for patient = 220 with skills = {3,4} and cost = 896.4
   Vehicle #0 = 19, leaving at = 484.2
   Vehicle #1 = 39, leaving at = 484.2
   Increment on distance indicator: 15.2
   Increment on tard indicator:     2.4
   Value of tmax indicator:         15.2

Task for patient = 98 with skills = {5,-1} and cost = 557.9
   Vehicle #0 = 25, leaving at = 220.4
   Vehicle #1 = -1, leaving at = inf
   Increment on distance indicator: 3.0
   Increment on tard indicator:     1.4
   Value of tmax indicator:         3.0

Task for patient = 33 with skills = {0,-1} and cost = 596.5
   Vehicle #0 = 10, leaving at = 179.0
   Vehicle #1 = -1, leaving at = inf
   Increment on distance indicator: 4.0
   Increment on tard indicator:     1.0
   Value of tmax indicator:         4.0

Task for patient = 25 with skills = {4,-1} and cost = 1036.0
   Vehicle #0 = 24, leaving at = 494.7
   Vehicle #1 = -1, leaving at = inf
   Increment on distance indicator: 13.4
   Increment on tard indicator:     0.7
   Value of tmax indicator:         13.4

Task for patient = 43 with skills = {2,-1} and cost = 849.1
   Vehicle #0 = 10, leaving at = 408.5
   Vehicle #1 = -1, leaving at = inf
   Increment on distance indicator: 16.5
   Increment on tard indicator:     0.5
   Value of tmax indicator:         16.5

Task for patient = 288 with skills = {1,5} and cost = 397.1
   Vehicle #0 = 6, leaving at = 149.3
   Vehicle #1 = 18, leaving at = 179.3
   Increment on distance indicator: 16.5
   Increment on tard indicator:     0.3
   Value of tmax indicator:         16.5

Task for patient = 187 with skills = {3,-1} and cost = 868.9
   Vehicle #0 = 28, leaving at = 385.0
   Vehicle #1 = -1, leaving at = inf
   Increment on distance indicator: 6.4
   Increment on tard indicator:     0.0
   Value of tmax indicator:         6.4

Task for patient = 48 with skills = {5,-1} and cost = 866.7
   Vehicle #0 = 19, leaving at = 402.2
   Vehicle #1 = -1, leaving at = inf
   Increment on distance indicator: 13.2
   Increment on tard indicator:     0.0
   Value of tmax indicator:         13.2

Task for patient = 191 with skills = {1,-1} and cost = 862.3
   Vehicle #0 = 0, leaving at = 389.2
   Vehicle #1 = -1, leaving at = inf
   Increment on distance indicator: 2.2
   Increment on tard indicator:     0.0
   Value of tmax indicator:         2.2

Task for patient = 183 with skills = {4,-1} and cost = 861.6
   Vehicle #0 = 21, leaving at = 391.8
   Vehicle #1 = -1, leaving at = inf
   Increment on distance indicator: 17.8
   Increment on tard indicator:     0.0
   Value of tmax indicator:         17.8

Task for patient = 244 with skills = {4,5} and cost = 855.7
   Vehicle #0 = 36, leaving at = 382.9
   Vehicle #1 = 18, leaving at = 382.9
   Increment on distance indicator: 2.8
   Increment on tard indicator:     0.0
   Value of tmax indicator:         2.8

Task for patient = 39 with skills = {3,-1} and cost = 870.9
   Vehicle #0 = 19, leaving at = 424.2
   Vehicle #1 = -1, leaving at = inf
   Increment on distance indicator: 6.0
   Increment on tard indicator:     0.0
   Value of tmax indicator:         6.0

Task for patient = 144 with skills = {4,-1} and cost = 843.4
   Vehicle #0 = 27, leaving at = 332.0
   Vehicle #1 = -1, leaving at = inf
   Increment on distance indicator: 1.0
   Increment on tard indicator:     0.0
   Value of tmax indicator:         1.0

Task for patient = 37 with skills = {3,-1} and cost = 843.1
   Vehicle #0 = 39, leaving at = 457.0
   Vehicle #1 = -1, leaving at = inf
   Increment on distance indicator: 2.2
   Increment on tard indicator:     0.0
   Value of tmax indicator:         2.2

Task for patient = 105 with skills = {5,-1} and cost = 842.4
   Vehicle #0 = 36, leaving at = 338.8
   Vehicle #1 = -1, leaving at = inf
   Increment on distance indicator: 6.4
   Increment on tard indicator:     0.0
   Value of tmax indicator:         6.4

Task for patient = 194 with skills = {5,-1} and cost = 840.2
   Vehicle #0 = 37, leaving at = 358.2
   Vehicle #1 = -1, leaving at = inf
   Increment on distance indicator: 4.0
   Increment on tard indicator:     0.0
   Value of tmax indicator:         4.0

Task for patient = 90 with skills = {1,-1} and cost = 838.9
   Vehicle #0 = 13, leaving at = 247.5
   Vehicle #1 = -1, leaving at = inf
   Increment on distance indicator: 6.3
   Increment on tard indicator:     0.0
   Value of tmax indicator:         6.3

Task for patient = 236 with skills = {3,4} and cost = 836.8
   Vehicle #0 = 22, leaving at = 316.4
   Vehicle #1 = 36, leaving at = 316.4
   Increment on distance indicator: 4.5
   Increment on tard indicator:     0.0
   Value of tmax indicator:         4.5

Task for patient = 227 with skills = {3,4} and cost = 854.7
   Vehicle #0 = 18, leaving at = 365.5
   Vehicle #1 = 36, leaving at = 365.5
   Increment on distance indicator: 16.9
   Increment on tard indicator:     0.0
   Value of tmax indicator:         16.9

Task for patient = 245 with skills = {3,4} and cost = 942.4
   Vehicle #0 = 34, leaving at = 441.5
   Vehicle #1 = 35, leaving at = 441.5
   Increment on distance indicator: 17.0
   Increment on tard indicator:     0.0
   Value of tmax indicator:         17.0

Task for patient = 278 with skills = {0,3} and cost = 936.7
   Vehicle #0 = 1, leaving at = 379.0
   Vehicle #1 = 32, leaving at = 421.0
   Increment on distance indicator: 6.5
   Increment on tard indicator:     0.0
   Value of tmax indicator:         6.5

Task for patient = 51 with skills = {3,-1} and cost = 934.5
   Vehicle #0 = 29, leaving at = 355.0
   Vehicle #1 = -1, leaving at = inf
   Increment on distance indicator: 4.5
   Increment on tard indicator:     0.0
   Value of tmax indicator:         4.5

Task for patient = 154 with skills = {2,-1} and cost = 933.0
   Vehicle #0 = 11, leaving at = 282.0
   Vehicle #1 = -1, leaving at = inf
   Increment on distance indicator: 5.0
   Increment on tard indicator:     0.0
   Value of tmax indicator:         5.0

Task for patient = 148 with skills = {3,-1} and cost = 931.4
   Vehicle #0 = 36, leaving at = 456.3
   Vehicle #1 = -1, leaving at = inf
   Increment on distance indicator: 5.1
   Increment on tard indicator:     0.0
   Value of tmax indicator:         5.1

Task for patient = 276 with skills = {2,5} and cost = 929.7
   Vehicle #0 = 7, leaving at = 426.8
   Vehicle #1 = 36, leaving at = 435.2
   Increment on distance indicator: 22.7
   Increment on tard indicator:     0.0
   Value of tmax indicator:         22.7

Task for patient = 255 with skills = {1,5} and cost = 922.1
   Vehicle #0 = 4, leaving at = 306.4
   Vehicle #1 = 26, leaving at = 336.4
   Increment on distance indicator: 24.7
   Increment on tard indicator:     0.0
   Value of tmax indicator:         24.7

Task for patient = 64 with skills = {2,-1} and cost = 913.9
   Vehicle #0 = 16, leaving at = 339.0
   Vehicle #1 = -1, leaving at = inf
   Increment on distance indicator: 17.0
   Increment on tard indicator:     0.0
   Value of tmax indicator:         17.0

Task for patient = 121 with skills = {0,-1} and cost = 877.3
   Vehicle #0 = 0, leaving at = 408.4
   Vehicle #1 = -1, leaving at = inf
   Increment on distance indicator: 3.2
   Increment on tard indicator:     0.0
   Value of tmax indicator:         3.2

Task for patient = 295 with skills = {1,4} and cost = 906.4
   Vehicle #0 = 17, leaving at = 309.0
   Vehicle #1 = 27, leaving at = 355.1
   Increment on distance indicator: 18.5
   Increment on tard indicator:     0.0
   Value of tmax indicator:         18.5

Task for patient = 106 with skills = {5,-1} and cost = 900.3
   Vehicle #0 = 34, leaving at = 417.7
   Vehicle #1 = -1, leaving at = inf
   Increment on distance indicator: 11.7
   Increment on tard indicator:     0.0
   Value of tmax indicator:         11.7

Task for patient = 214 with skills = {3,5} and cost = 890.6
   Vehicle #0 = 34, leaving at = 390.1
   Vehicle #1 = 38, leaving at = 390.1
   Increment on distance indicator: 4.5
   Increment on tard indicator:     0.0
   Value of tmax indicator:         4.5

Task for patient = 200 with skills = {4,-1} and cost = 889.1
   Vehicle #0 = 30, leaving at = 386.0
   Vehicle #1 = -1, leaving at = inf
   Increment on distance indicator: 7.8
   Increment on tard indicator:     0.0
   Value of tmax indicator:         7.8

Task for patient = 210 with skills = {3,5} and cost = 886.5
   Vehicle #0 = 34, leaving at = 371.8
   Vehicle #1 = 38, leaving at = 371.8
   Increment on distance indicator: 15.3
   Increment on tard indicator:     0.0
   Value of tmax indicator:         15.3

Task for patient = 94 with skills = {4,-1} and cost = 881.4
   Vehicle #0 = 31, leaving at = 421.2
   Vehicle #1 = -1, leaving at = inf
   Increment on distance indicator: 10.0
   Increment on tard indicator:     0.0
   Value of tmax indicator:         10.0

Task for patient = 79 with skills = {2,-1} and cost = 878.0
   Vehicle #0 = 14, leaving at = 281.3
   Vehicle #1 = -1, leaving at = inf
   Increment on distance indicator: 2.2
   Increment on tard indicator:     0.0
   Value of tmax indicator:         2.2

Task for patient = 233 with skills = {4,5} and cost = 835.3
   Vehicle #0 = 31, leaving at = 395.2
   Vehicle #1 = 33, leaving at = 395.2
   Increment on distance indicator: 14.4
   Increment on tard indicator:     0.0
   Value of tmax indicator:         14.4

Task for patient = 273 with skills = {1,4} and cost = 876.2
   Vehicle #0 = 13, leaving at = 297.0
   Vehicle #1 = 24, leaving at = 360.2
   Increment on distance indicator: 16.1
   Increment on tard indicator:     0.0
   Value of tmax indicator:         16.1

Task for patient = 73 with skills = {4,-1} and cost = 908.2
   Vehicle #0 = 36, leaving at = 404.3
   Vehicle #1 = -1, leaving at = inf
   Increment on distance indicator: 5.4
   Increment on tard indicator:     0.0
   Value of tmax indicator:         5.4

Task for patient = 123 with skills = {1,-1} and cost = 780.6
   Vehicle #0 = 5, leaving at = 338.3
   Vehicle #1 = -1, leaving at = inf
   Increment on distance indicator: 2.2
   Increment on tard indicator:     0.0
   Value of tmax indicator:         2.2

Task for patient = 95 with skills = {5,-1} and cost = 779.9
   Vehicle #0 = 19, leaving at = 315.0
   Vehicle #1 = -1, leaving at = inf
   Increment on distance indicator: 12.7
   Increment on tard indicator:     0.0
   Value of tmax indicator:         12.7

Task for patient = 108 with skills = {1,-1} and cost = 775.7
   Vehicle #0 = 0, leaving at = 293.3
   Vehicle #1 = -1, leaving at = inf
   Increment on distance indicator: 7.3
   Increment on tard indicator:     0.0
   Value of tmax indicator:         7.3

Task for patient = 92 with skills = {4,-1} and cost = 773.2
   Vehicle #0 = 28, leaving at = 288.1
   Vehicle #1 = -1, leaving at = inf
   Increment on distance indicator: 11.7
   Increment on tard indicator:     0.0
   Value of tmax indicator:         11.7

Task for patient = 75 with skills = {4,-1} and cost = 769.3
   Vehicle #0 = 23, leaving at = 383.0
   Vehicle #1 = -1, leaving at = inf
   Increment on distance indicator: 5.7
   Increment on tard indicator:     0.0
   Value of tmax indicator:         5.7

Task for patient = 41 with skills = {1,-1} and cost = 767.5
   Vehicle #0 = 4, leaving at = 233.0
   Vehicle #1 = -1, leaving at = inf
   Increment on distance indicator: 2.2
   Increment on tard indicator:     0.0
   Value of tmax indicator:         2.2

Task for patient = 163 with skills = {1,-1} and cost = 766.7
   Vehicle #0 = 14, leaving at = 263.1
   Vehicle #1 = -1, leaving at = inf
   Increment on distance indicator: 19.1
   Increment on tard indicator:     0.0
   Value of tmax indicator:         19.1

Task for patient = 131 with skills = {4,-1} and cost = 760.3
   Vehicle #0 = 21, leaving at = 358.0
   Vehicle #1 = -1, leaving at = inf
   Increment on distance indicator: 4.0
   Increment on tard indicator:     0.0
   Value of tmax indicator:         4.0

Task for patient = 53 with skills = {3,-1} and cost = 830.5
   Vehicle #0 = 19, leaving at = 373.0
   Vehicle #1 = -1, leaving at = inf
   Increment on distance indicator: 3.2
   Increment on tard indicator:     0.0
   Value of tmax indicator:         3.2

Task for patient = 217 with skills = {4,5} and cost = 753.6
   Vehicle #0 = 35, leaving at = 259.0
   Vehicle #1 = 39, leaving at = 259.0
   Increment on distance indicator: 14.6
   Increment on tard indicator:     0.0
   Value of tmax indicator:         14.6

Task for patient = 189 with skills = {2,-1} and cost = 748.8
   Vehicle #0 = 16, leaving at = 306.0
   Vehicle #1 = -1, leaving at = inf
   Increment on distance indicator: 9.8
   Increment on tard indicator:     0.0
   Value of tmax indicator:         9.8

Task for patient = 173 with skills = {4,-1} and cost = 745.5
   Vehicle #0 = 23, leaving at = 361.4
   Vehicle #1 = -1, leaving at = inf
   Increment on distance indicator: 7.3
   Increment on tard indicator:     0.0
   Value of tmax indicator:         7.3

Task for patient = 63 with skills = {1,-1} and cost = 743.1
   Vehicle #0 = 4, leaving at = 184.5
   Vehicle #1 = -1, leaving at = inf
   Increment on distance indicator: 14.8
   Increment on tard indicator:     0.0
   Value of tmax indicator:         14.8

Task for patient = 164 with skills = {1,-1} and cost = 738.2
   Vehicle #0 = 13, leaving at = 197.0
   Vehicle #1 = -1, leaving at = inf
   Increment on distance indicator: 4.1
   Increment on tard indicator:     0.0
   Value of tmax indicator:         4.1

Task for patient = 12 with skills = {4,-1} and cost = 736.8
   Vehicle #0 = 21, leaving at = 338.0
   Vehicle #1 = -1, leaving at = inf
   Increment on distance indicator: 10.2
   Increment on tard indicator:     0.0
   Value of tmax indicator:         10.2

Task for patient = 266 with skills = {1,3} and cost = 733.4
   Vehicle #0 = 3, leaving at = 269.3
   Vehicle #1 = 25, leaving at = 311.3
   Increment on distance indicator: 15.4
   Increment on tard indicator:     0.0
   Value of tmax indicator:         15.4

Task for patient = 190 with skills = {0,-1} and cost = 728.2
   Vehicle #0 = 10, leaving at = 317.3
   Vehicle #1 = -1, leaving at = inf
   Increment on distance indicator: 4.5
   Increment on tard indicator:     0.0
   Value of tmax indicator:         4.5

Task for patient = 85 with skills = {4,-1} and cost = 726.7
   Vehicle #0 = 23, leaving at = 338.1
   Vehicle #1 = -1, leaving at = inf
   Increment on distance indicator: 10.4
   Increment on tard indicator:     0.0
   Value of tmax indicator:         10.4

Task for patient = 230 with skills = {4,5} and cost = 759.0
   Vehicle #0 = 28, leaving at = 260.5
   Vehicle #1 = 32, leaving at = 260.5
   Increment on distance indicator: 16.1
   Increment on tard indicator:     0.0
   Value of tmax indicator:         16.1

Task for patient = 297 with skills = {2,5} and cost = 945.1
   Vehicle #0 = 16, leaving at = 360.8
   Vehicle #1 = 27, leaving at = 411.8
   Increment on distance indicator: 8.1
   Increment on tard indicator:     0.0
   Value of tmax indicator:         8.1

Task for patient = 149 with skills = {1,-1} and cost = 829.4
   Vehicle #0 = 10, leaving at = 376.0
   Vehicle #1 = -1, leaving at = inf
   Increment on distance indicator: 19.4
   Increment on tard indicator:     0.0
   Value of tmax indicator:         19.4

Task for patient = 178 with skills = {0,-1} and cost = 823.0
   Vehicle #0 = 0, leaving at = 371.0
   Vehicle #1 = -1, leaving at = inf
   Increment on distance indicator: 3.0
   Increment on tard indicator:     0.0
   Value of tmax indicator:         3.0

Task for patient = 174 with skills = {3,-1} and cost = 822.0
   Vehicle #0 = 29, leaving at = 240.4
   Vehicle #1 = -1, leaving at = inf
   Increment on distance indicator: 4.1
   Increment on tard indicator:     0.0
   Value of tmax indicator:         4.1

Task for patient = 112 with skills = {2,-1} and cost = 820.6
   Vehicle #0 = 10, leaving at = 340.6
   Vehicle #1 = -1, leaving at = inf
   Increment on distance indicator: 7.2
   Increment on tard indicator:     0.0
   Value of tmax indicator:         7.2

Task for patient = 17 with skills = {0,-1} and cost = 818.2
   Vehicle #0 = 0, leaving at = 352.0
   Vehicle #1 = -1, leaving at = inf
   Increment on distance indicator: 9.0
   Increment on tard indicator:     0.0
   Value of tmax indicator:         9.0

Task for patient = 137 with skills = {0,-1} and cost = 815.2
   Vehicle #0 = 5, leaving at = 394.0
   Vehicle #1 = -1, leaving at = inf
   Increment on distance indicator: 2.8
   Increment on tard indicator:     0.0
   Value of tmax indicator:         2.8

Task for patient = 138 with skills = {2,-1} and cost = 814.2
   Vehicle #0 = 7, leaving at = 402.9
   Vehicle #1 = -1, leaving at = inf
   Increment on distance indicator: 8.9
   Increment on tard indicator:     0.0
   Value of tmax indicator:         8.9

Task for patient = 157 with skills = {1,-1} and cost = 782.0
   Vehicle #0 = 3, leaving at = 371.0
   Vehicle #1 = -1, leaving at = inf
   Increment on distance indicator: 4.1
   Increment on tard indicator:     0.0
   Value of tmax indicator:         4.1

Task for patient = 18 with skills = {3,-1} and cost = 810.1
   Vehicle #0 = 37, leaving at = 338.2
   Vehicle #1 = -1, leaving at = inf
   Increment on distance indicator: 4.1
   Increment on tard indicator:     0.0
   Value of tmax indicator:         4.1

Task for patient = 4 with skills = {1,-1} and cost = 808.7
   Vehicle #0 = 13, leaving at = 225.2
   Vehicle #1 = -1, leaving at = inf
   Increment on distance indicator: 12.2
   Increment on tard indicator:     0.0
   Value of tmax indicator:         12.2

Task for patient = 249 with skills = {3,5} and cost = 804.6
   Vehicle #0 = 24, leaving at = 334.2
   Vehicle #1 = 34, leaving at = 334.2
   Increment on distance indicator: 7.9
   Increment on tard indicator:     0.0
   Value of tmax indicator:         7.9

Task for patient = 300 with skills = {2,5} and cost = 802.0
   Vehicle #0 = 7, leaving at = 267.0
   Vehicle #1 = 19, leaving at = 332.0
   Increment on distance indicator: 12.7
   Increment on tard indicator:     0.0
   Value of tmax indicator:         12.7

Task for patient = 240 with skills = {3,5} and cost = 797.8
   Vehicle #0 = 39, leaving at = 310.0
   Vehicle #1 = 26, leaving at = 310.0
   Increment on distance indicator: 18.2
   Increment on tard indicator:     0.0
   Value of tmax indicator:         18.2

Task for patient = 67 with skills = {1,-1} and cost = 791.7
   Vehicle #0 = 5, leaving at = 371.0
   Vehicle #1 = -1, leaving at = inf
   Increment on distance indicator: 2.0
   Increment on tard indicator:     0.0
   Value of tmax indicator:         2.0

Task for patient = 186 with skills = {4,-1} and cost = 791.0
   Vehicle #0 = 30, leaving at = 330.0
   Vehicle #1 = -1, leaving at = inf
   Increment on distance indicator: 4.1
   Increment on tard indicator:     0.0
   Value of tmax indicator:         4.1

Task for patient = 253 with skills = {0,5} and cost = 789.7
   Vehicle #0 = 9, leaving at = 258.7
   Vehicle #1 = 34, leaving at = 308.7
   Increment on distance indicator: 20.9
   Increment on tard indicator:     0.0
   Value of tmax indicator:         20.9

Task for patient = 202 with skills = {4,5} and cost = 782.7
   Vehicle #0 = 31, leaving at = 372.0
   Vehicle #1 = 33, leaving at = 372.0
   Increment on distance indicator: 2.0
   Increment on tard indicator:     0.0
   Value of tmax indicator:         2.0

Task for patient = 140 with skills = {2,-1} and cost = 811.3
   Vehicle #0 = 7, leaving at = 378.0
   Vehicle #1 = -1, leaving at = inf
   Increment on distance indicator: 3.6
   Increment on tard indicator:     0.0
   Value of tmax indicator:         3.6

Task for patient = 225 with skills = {3,4} and cost = 1119.3
   Vehicle #0 = 18, leaving at = 504.1
   Vehicle #1 = 30, leaving at = 504.1
   Increment on distance indicator: 19.8
   Increment on tard indicator:     0.0
   Value of tmax indicator:         19.8

Task for patient = 60 with skills = {0,-1} and cost = 1112.7
   Vehicle #0 = 0, leaving at = 484.3
   Vehicle #1 = -1, leaving at = inf
   Increment on distance indicator: 14.3
   Increment on tard indicator:     0.0
   Value of tmax indicator:         14.3

Task for patient = 159 with skills = {0,-1} and cost = 1107.9
   Vehicle #0 = 9, leaving at = 436.0
   Vehicle #1 = -1, leaving at = inf
   Increment on distance indicator: 4.2
   Increment on tard indicator:     0.0
   Value of tmax indicator:         4.2

Task for patient = 141 with skills = {5,-1} and cost = 1106.5
   Vehicle #0 = 20, leaving at = 529.4
   Vehicle #1 = -1, leaving at = inf
   Increment on distance indicator: 11.3
   Increment on tard indicator:     0.0
   Value of tmax indicator:         11.3

Task for patient = 135 with skills = {0,-1} and cost = 1102.7
   Vehicle #0 = 7, leaving at = 474.6
   Vehicle #1 = -1, leaving at = inf
   Increment on distance indicator: 8.6
   Increment on tard indicator:     0.0
   Value of tmax indicator:         8.6

Task for patient = 201 with skills = {4,5} and cost = 1099.9
   Vehicle #0 = 31, leaving at = 466.1
   Vehicle #1 = 33, leaving at = 466.1
   Increment on distance indicator: 8.5
   Increment on tard indicator:     0.0
   Value of tmax indicator:         8.5

Task for patient = 188 with skills = {0,-1} and cost = 1097.0
   Vehicle #0 = 12, leaving at = 322.2
   Vehicle #1 = -1, leaving at = inf
   Increment on distance indicator: 8.2
   Increment on tard indicator:     0.0
   Value of tmax indicator:         8.2

Task for patient = 87 with skills = {2,-1} and cost = 1094.3
   Vehicle #0 = 10, leaving at = 454.4
   Vehicle #1 = -1, leaving at = inf
   Increment on distance indicator: 8.1
   Increment on tard indicator:     0.0
   Value of tmax indicator:         8.1

Task for patient = 243 with skills = {3,5} and cost = 952.0
   Vehicle #0 = 22, leaving at = 408.6
   Vehicle #1 = 28, leaving at = 408.6
   Increment on distance indicator: 16.6
   Increment on tard indicator:     0.0
   Value of tmax indicator:         16.6

Task for patient = 275 with skills = {0,3} and cost = 1085.9
   Vehicle #0 = 1, leaving at = 515.0
   Vehicle #1 = 32, leaving at = 515.0
   Increment on distance indicator: 15.0
   Increment on tard indicator:     0.0
   Value of tmax indicator:         15.0

Task for patient = 204 with skills = {3,5} and cost = 1080.9
   Vehicle #0 = 20, leaving at = 502.1
   Vehicle #1 = 23, leaving at = 502.1
   Increment on distance indicator: 27.0
   Increment on tard indicator:     0.0
   Value of tmax indicator:         27.0

Task for patient = 99 with skills = {3,-1} and cost = 1071.9
   Vehicle #0 = 37, leaving at = 463.0
   Vehicle #1 = -1, leaving at = inf
   Increment on distance indicator: 6.4
   Increment on tard indicator:     0.0
   Value of tmax indicator:         6.4

Task for patient = 211 with skills = {3,4} and cost = 1069.8
   Vehicle #0 = 33, leaving at = 445.8
   Vehicle #1 = 31, leaving at = 445.8
   Increment on distance indicator: 14.4
   Increment on tard indicator:     0.0
   Value of tmax indicator:         14.4

Task for patient = 155 with skills = {0,-1} and cost = 1065.0
   Vehicle #0 = 10, leaving at = 430.3
   Vehicle #1 = -1, leaving at = inf
   Increment on distance indicator: 5.8
   Increment on tard indicator:     0.0
   Value of tmax indicator:         5.8

Task for patient = 30 with skills = {5,-1} and cost = 1063.0
   Vehicle #0 = 32, leaving at = 489.0
   Vehicle #1 = -1, leaving at = inf
   Increment on distance indicator: 4.5
   Increment on tard indicator:     0.0
   Value of tmax indicator:         4.5

Task for patient = 101 with skills = {5,-1} and cost = 1061.5
   Vehicle #0 = 38, leaving at = 457.6
   Vehicle #1 = -1, leaving at = inf
   Increment on distance indicator: 4.2
   Increment on tard indicator:     0.0
   Value of tmax indicator:         4.2

Task for patient = 65 with skills = {1,-1} and cost = 1060.1
   Vehicle #0 = 1, leaving at = 404.2
   Vehicle #1 = -1, leaving at = inf
   Increment on distance indicator: 9.2
   Increment on tard indicator:     0.0
   Value of tmax indicator:         9.2

Task for patient = 289 with skills = {1,4} and cost = 1091.6
   Vehicle #0 = 0, leaving at = 454.0
   Vehicle #1 = 21, leaving at = 503.0
   Increment on distance indicator: 17.1
   Increment on tard indicator:     0.0
   Value of tmax indicator:         17.1

Task for patient = 118 with skills = {2,-1} and cost = 1199.2
   Vehicle #0 = 12, leaving at = 425.9
   Vehicle #1 = -1, leaving at = inf
   Increment on distance indicator: 13.9
   Increment on tard indicator:     0.0
   Value of tmax indicator:         13.9

Task for patient = 78 with skills = {5,-1} and cost = 1194.6
   Vehicle #0 = 29, leaving at = 519.6
   Vehicle #1 = -1, leaving at = inf
   Increment on distance indicator: 2.8
   Increment on tard indicator:     0.0
   Value of tmax indicator:         2.8

Task for patient = 224 with skills = {3,5} and cost = 1193.6
   Vehicle #0 = 34, leaving at = 462.0
   Vehicle #1 = 26, leaving at = 462.0
   Increment on distance indicator: 8.6
   Increment on tard indicator:     0.0
   Value of tmax indicator:         8.6

Task for patient = 139 with skills = {0,-1} and cost = 1190.8
   Vehicle #0 = 5, leaving at = 561.7
   Vehicle #1 = -1, leaving at = inf
   Increment on distance indicator: 9.5
   Increment on tard indicator:     0.0
   Value of tmax indicator:         9.5

Task for patient = 256 with skills = {0,4} and cost = 1187.6
   Vehicle #0 = 16, leaving at = 531.0
   Vehicle #1 = 22, leaving at = 554.0
   Increment on distance indicator: 10.0
   Increment on tard indicator:     0.0
   Value of tmax indicator:         10.0

Task for patient = 54 with skills = {1,-1} and cost = 1184.3
   Vehicle #0 = 10, leaving at = 533.1
   Vehicle #1 = -1, leaving at = inf
   Increment on distance indicator: 7.0
   Increment on tard indicator:     0.0
   Value of tmax indicator:         7.0

Task for patient = 228 with skills = {3,4} and cost = 1177.2
   Vehicle #0 = 33, leaving at = 542.9
   Vehicle #1 = 38, leaving at = 542.9
   Increment on distance indicator: 16.7
   Increment on tard indicator:     0.0
   Value of tmax indicator:         16.7

Task for patient = 167 with skills = {4,-1} and cost = 1171.6
   Vehicle #0 = 33, leaving at = 511.6
   Vehicle #1 = -1, leaving at = inf
   Increment on distance indicator: 11.3
   Increment on tard indicator:     0.0
   Value of tmax indicator:         11.3

Task for patient = 292 with skills = {2,5} and cost = 1126.7
   Vehicle #0 = 10, leaving at = 479.8
   Vehicle #1 = 29, leaving at = 500.8
   Increment on distance indicator: 22.1
   Increment on tard indicator:     0.0
   Value of tmax indicator:         22.1

Task for patient = 134 with skills = {4,-1} and cost = 1162.8
   Vehicle #0 = 23, leaving at = 530.3
   Vehicle #1 = -1, leaving at = inf
   Increment on distance indicator: 12.2
   Increment on tard indicator:     0.0
   Value of tmax indicator:         12.2

Task for patient = 72 with skills = {2,-1} and cost = 1158.7
   Vehicle #0 = 12, leaving at = 396.0
   Vehicle #1 = -1, leaving at = inf
   Increment on distance indicator: 8.6
   Increment on tard indicator:     0.0
   Value of tmax indicator:         8.6

Task for patient = 126 with skills = {0,-1} and cost = 1155.8
   Vehicle #0 = 10, leaving at = 510.1
   Vehicle #1 = -1, leaving at = inf
   Increment on distance indicator: 14.3
   Increment on tard indicator:     0.0
   Value of tmax indicator:         14.3

Task for patient = 11 with skills = {3,-1} and cost = 1151.1
   Vehicle #0 = 21, leaving at = 559.4
   Vehicle #1 = -1, leaving at = inf
   Increment on distance indicator: 3.2
   Increment on tard indicator:     0.0
   Value of tmax indicator:         3.2

Task for patient = 170 with skills = {4,-1} and cost = 1150.0
   Vehicle #0 = 21, leaving at = 540.2
   Vehicle #1 = -1, leaving at = inf
   Increment on distance indicator: 21.2
   Increment on tard indicator:     0.0
   Value of tmax indicator:         21.2

Task for patient = 207 with skills = {3,4} and cost = 1142.9
   Vehicle #0 = 28, leaving at = 543.8
   Vehicle #1 = 36, leaving at = 543.8
   Increment on distance indicator: 10.0
   Increment on tard indicator:     0.0
   Value of tmax indicator:         10.0

Task for patient = 269 with skills = {1,4} and cost = 1139.6
   Vehicle #0 = 5, leaving at = 536.3
   Vehicle #1 = 20, leaving at = 557.1
   Increment on distance indicator: 15.8
   Increment on tard indicator:     0.0
   Value of tmax indicator:         15.8

Task for patient = 31 with skills = {2,-1} and cost = 1134.3
   Vehicle #0 = 5, leaving at = 516.1
   Vehicle #1 = -1, leaving at = inf
   Increment on distance indicator: 11.7
   Increment on tard indicator:     0.0
   Value of tmax indicator:         11.7

Task for patient = 3 with skills = {0,-1} and cost = 1130.5
   Vehicle #0 = 3, leaving at = 466.0
   Vehicle #1 = -1, leaving at = inf
   Increment on distance indicator: 11.4
   Increment on tard indicator:     0.0
   Value of tmax indicator:         11.4

Task for patient = 279 with skills = {1,3} and cost = 1167.8
   Vehicle #0 = 13, leaving at = 458.0
   Vehicle #1 = 33, leaving at = 484.3
   Increment on distance indicator: 15.2
   Increment on tard indicator:     0.0
   Value of tmax indicator:         15.2

Task for patient = 120 with skills = {5,-1} and cost = 1004.9
   Vehicle #0 = 24, leaving at = 465.3
   Vehicle #1 = -1, leaving at = inf
   Increment on distance indicator: 9.5
   Increment on tard indicator:     0.0
   Value of tmax indicator:         9.5

Task for patient = 203 with skills = {3,4} and cost = 1001.7
   Vehicle #0 = 19, leaving at = 508.8
   Vehicle #1 = 39, leaving at = 508.8
   Increment on distance indicator: 17.2
   Increment on tard indicator:     0.0
   Value of tmax indicator:         17.2

Task for patient = 185 with skills = {1,-1} and cost = 996.0
   Vehicle #0 = 14, leaving at = 377.0
   Vehicle #1 = -1, leaving at = inf
   Increment on distance indicator: 7.3
   Increment on tard indicator:     0.0
   Value of tmax indicator:         7.3

Task for patient = 272 with skills = {0,5} and cost = 993.6
   Vehicle #0 = 9, leaving at = 353.8
   Vehicle #1 = 24, leaving at = 439.8
   Increment on distance indicator: 12.8
   Increment on tard indicator:     0.0
   Value of tmax indicator:         12.8

Task for patient = 277 with skills = {2,3} and cost = 989.3
   Vehicle #0 = 2, leaving at = 387.0
   Vehicle #1 = 24, leaving at = 413.0
   Increment on distance indicator: 21.9
   Increment on tard indicator:     0.0
   Value of tmax indicator:         21.9

Task for patient = 270 with skills = {0,3} and cost = 982.0
   Vehicle #0 = 5, leaving at = 445.0
   Vehicle #1 = 20, leaving at = 446.0
   Increment on distance indicator: 11.5
   Increment on tard indicator:     0.0
   Value of tmax indicator:         11.5

Task for patient = 68 with skills = {0,-1} and cost = 978.2
   Vehicle #0 = 12, leaving at = 298.0
   Vehicle #1 = -1, leaving at = inf
   Increment on distance indicator: 7.8
   Increment on tard indicator:     0.0
   Value of tmax indicator:         7.8

Task for patient = 193 with skills = {0,-1} and cost = 975.6
   Vehicle #0 = 16, leaving at = 461.9
   Vehicle #1 = -1, leaving at = inf
   Increment on distance indicator: 13.9
   Increment on tard indicator:     0.0
   Value of tmax indicator:         13.9

Task for patient = 19 with skills = {4,-1} and cost = 1057.0
   Vehicle #0 = 25, leaving at = 406.6
   Vehicle #1 = -1, leaving at = inf
   Increment on distance indicator: 2.2
   Increment on tard indicator:     0.0
   Value of tmax indicator:         2.2

Task for patient = 32 with skills = {5,-1} and cost = 969.1
   Vehicle #0 = 24, leaving at = 382.6
   Vehicle #1 = -1, leaving at = inf
   Increment on distance indicator: 6.4
   Increment on tard indicator:     0.0
   Value of tmax indicator:         6.4

Task for patient = 234 with skills = {4,5} and cost = 967.0
   Vehicle #0 = 25, leaving at = 388.3
   Vehicle #1 = 37, leaving at = 388.3
   Increment on distance indicator: 16.1
   Increment on tard indicator:     0.0
   Value of tmax indicator:         16.1

Task for patient = 69 with skills = {2,-1} and cost = 961.6
   Vehicle #0 = 11, leaving at = 312.8
   Vehicle #1 = -1, leaving at = inf
   Increment on distance indicator: 14.8
   Increment on tard indicator:     0.0
   Value of tmax indicator:         14.8

Task for patient = 166 with skills = {0,-1} and cost = 956.7
   Vehicle #0 = 16, leaving at = 382.2
   Vehicle #1 = -1, leaving at = inf
   Increment on distance indicator: 5.4
   Increment on tard indicator:     0.0
   Value of tmax indicator:         5.4

Task for patient = 57 with skills = {3,-1} and cost = 954.9
   Vehicle #0 = 29, leaving at = 421.7
   Vehicle #1 = -1, leaving at = inf
   Increment on distance indicator: 6.7
   Increment on tard indicator:     0.0
   Value of tmax indicator:         6.7

Task for patient = 52 with skills = {3,-1} and cost = 952.7
   Vehicle #0 = 21, leaving at = 409.8
   Vehicle #1 = -1, leaving at = inf
   Increment on distance indicator: 2.0
   Increment on tard indicator:     0.0
   Value of tmax indicator:         2.0

Task for patient = 237 with skills = {3,4} and cost = 723.3
   Vehicle #0 = 33, leaving at = 327.0
   Vehicle #1 = 31, leaving at = 327.0
   Increment on distance indicator: 19.7
   Increment on tard indicator:     0.0
   Value of tmax indicator:         19.7

Task for patient = 82 with skills = {5,-1} and cost = 946.4
   Vehicle #0 = 29, leaving at = 399.0
   Vehicle #1 = -1, leaving at = inf
   Increment on distance indicator: 4.1
   Increment on tard indicator:     0.0
   Value of tmax indicator:         4.1

Task for patient = 103 with skills = {2,-1} and cost = 970.9
   Vehicle #0 = 16, leaving at = 432.0
   Vehicle #1 = -1, leaving at = inf
   Increment on distance indicator: 5.4
   Increment on tard indicator:     0.0
   Value of tmax indicator:         5.4

Task for patient = 231 with skills = {4,5} and cost = 1056.3
   Vehicle #0 = 28, leaving at = 522.8
   Vehicle #1 = 36, leaving at = 522.8
   Increment on distance indicator: 13.1
   Increment on tard indicator:     0.0
   Value of tmax indicator:         13.1

Task for patient = 258 with skills = {1,5} and cost = 1051.9
   Vehicle #0 = 6, leaving at = 472.0
   Vehicle #1 = 18, leaving at = 474.0
   Increment on distance indicator: 2.4
   Increment on tard indicator:     0.0
   Value of tmax indicator:         2.4

Task for patient = 76 with skills = {2,-1} and cost = 1051.1
   Vehicle #0 = 2, leaving at = 437.2
   Vehicle #1 = -1, leaving at = inf
   Increment on distance indicator: 11.2
   Increment on tard indicator:     0.0
   Value of tmax indicator:         11.2

Task for patient = 283 with skills = {0,5} and cost = 1047.4
   Vehicle #0 = 9, leaving at = 379.8
   Vehicle #1 = 38, leaving at = 437.4
   Increment on distance indicator: 14.1
   Increment on tard indicator:     0.0
   Value of tmax indicator:         14.1

Task for patient = 130 with skills = {2,-1} and cost = 1042.7
   Vehicle #0 = 5, leaving at = 488.5
   Vehicle #1 = -1, leaving at = inf
   Increment on distance indicator: 4.5
   Increment on tard indicator:     0.0
   Value of tmax indicator:         4.5

Task for patient = 81 with skills = {5,-1} and cost = 1041.2
   Vehicle #0 = 36, leaving at = 502.7
   Vehicle #1 = -1, leaving at = inf
   Increment on distance indicator: 5.8
   Increment on tard indicator:     0.0
   Value of tmax indicator:         5.8

Task for patient = 119 with skills = {3,-1} and cost = 1039.3
   Vehicle #0 = 23, leaving at = 401.9
   Vehicle #1 = -1, leaving at = inf
   Increment on distance indicator: 2.8
   Increment on tard indicator:     0.0
   Value of tmax indicator:         2.8

Task for patient = 5 with skills = {0,-1} and cost = 1038.3
   Vehicle #0 = 5, leaving at = 468.0
   Vehicle #1 = -1, leaving at = inf
   Increment on distance indicator: 7.0
   Increment on tard indicator:     0.0
   Value of tmax indicator:         7.0

Task for patient = 97 with skills = {0,-1} and cost = 1007.3
   Vehicle #0 = 7, leaving at = 450.0
   Vehicle #1 = -1, leaving at = inf
   Increment on distance indicator: 7.2
   Increment on tard indicator:     0.0
   Value of tmax indicator:         7.2

Task for patient = 58 with skills = {4,-1} and cost = 1029.2
   Vehicle #0 = 38, leaving at = 417.2
   Vehicle #1 = -1, leaving at = inf
   Increment on distance indicator: 11.2
   Increment on tard indicator:     0.0
   Value of tmax indicator:         11.2

Task for patient = 86 with skills = {2,-1} and cost = 1025.5
   Vehicle #0 = 2, leaving at = 410.0
   Vehicle #1 = -1, leaving at = inf
   Increment on distance indicator: 7.0
   Increment on tard indicator:     0.0
   Value of tmax indicator:         7.0

Task for patient = 128 with skills = {0,-1} and cost = 1023.2
   Vehicle #0 = 0, leaving at = 427.2
   Vehicle #1 = -1, leaving at = inf
   Increment on distance indicator: 2.8
   Increment on tard indicator:     0.0
   Value of tmax indicator:         2.8

Task for patient = 38 with skills = {0,-1} and cost = 1022.2
   Vehicle #0 = 6, leaving at = 417.7
   Vehicle #1 = -1, leaving at = inf
   Increment on distance indicator: 6.7
   Increment on tard indicator:     0.0
   Value of tmax indicator:         6.7

Task for patient = 267 with skills = {1,4} and cost = 1020.0
   Vehicle #0 = 17, leaving at = 476.0
   Vehicle #1 = 27, leaving at = 514.0
   Increment on distance indicator: 4.2
   Increment on tard indicator:     0.0
   Value of tmax indicator:         4.2

Task for patient = 66 with skills = {3,-1} and cost = 1018.6
   Vehicle #0 = 20, leaving at = 476.0
   Vehicle #1 = -1, leaving at = inf
   Increment on distance indicator: 14.0
   Increment on tard indicator:     0.0
   Value of tmax indicator:         14.0

Task for patient = 133 with skills = {1,-1} and cost = 1013.9
   Vehicle #0 = 6, leaving at = 395.0
   Vehicle #1 = -1, leaving at = inf
   Increment on distance indicator: 7.6
   Increment on tard indicator:     0.0
   Value of tmax indicator:         7.6

Task for patient = 77 with skills = {5,-1} and cost = 1011.4
   Vehicle #0 = 36, leaving at = 480.8
   Vehicle #1 = -1, leaving at = inf
   Increment on distance indicator: 8.5
   Increment on tard indicator:     0.0
   Value of tmax indicator:         8.5

Task for patient = 136 with skills = {2,-1} and cost = 1008.5
   Vehicle #0 = 16, leaving at = 492.0
   Vehicle #1 = -1, leaving at = inf
   Increment on distance indicator: 3.6
   Increment on tard indicator:     0.0
   Value of tmax indicator:         3.6

Task for patient = 263 with skills = {2,4} and cost = 1031.3
   Vehicle #0 = 16, leaving at = 510.0
   Vehicle #1 = 22, leaving at = 533.0
   Increment on distance indicator: 6.1
   Increment on tard indicator:     0.0
   Value of tmax indicator:         6.1

Task for patient = 260 with skills = {0,5} and cost = 382.6
   Vehicle #0 = 6, leaving at = 66.1
   Vehicle #1 = 32, leaving at = 87.1
   Increment on distance indicator: 26.8
   Increment on tard indicator:     0.0
   Value of tmax indicator:         26.8

Task for patient = 254 with skills = {2,5} and cost = 373.7
   Vehicle #0 = 7, leaving at = 155.7
   Vehicle #1 = 19, leaving at = 210.7
   Increment on distance indicator: 21.5
   Increment on tard indicator:     0.0
   Value of tmax indicator:         21.5

Task for patient = 124 with skills = {2,-1} and cost = 366.6
   Vehicle #0 = 11, leaving at = 181.5
   Vehicle #1 = -1, leaving at = inf
   Increment on distance indicator: 9.5
   Increment on tard indicator:     0.0
   Value of tmax indicator:         9.5

Task for patient = 110 with skills = {5,-1} and cost = 363.4
   Vehicle #0 = 29, leaving at = 109.6
   Vehicle #1 = -1, leaving at = inf
   Increment on distance indicator: 33.2
   Increment on tard indicator:     0.0
   Value of tmax indicator:         33.2

Task for patient = 22 with skills = {0,-1} and cost = 352.3
   Vehicle #0 = 0, leaving at = 189.3
   Vehicle #1 = -1, leaving at = inf
   Increment on distance indicator: 7.3
   Increment on tard indicator:     0.0
   Value of tmax indicator:         7.3

Task for patient = 238 with skills = {4,5} and cost = 349.9
   Vehicle #0 = 20, leaving at = 205.0
   Vehicle #1 = 31, leaving at = 205.0
   Increment on distance indicator: 16.3
   Increment on tard indicator:     0.0
   Value of tmax indicator:         16.3

Task for patient = 165 with skills = {1,-1} and cost = 344.5
   Vehicle #0 = 4, leaving at = 131.0
   Vehicle #1 = -1, leaving at = inf
   Increment on distance indicator: 8.1
   Increment on tard indicator:     0.0
   Value of tmax indicator:         8.1

Task for patient = 145 with skills = {5,-1} and cost = 341.8
   Vehicle #0 = 20, leaving at = 181.0
   Vehicle #1 = -1, leaving at = inf
   Increment on distance indicator: 1.0
   Increment on tard indicator:     0.0
   Value of tmax indicator:         1.0

Task for patient = 29 with skills = {2,-1} and cost = 713.7
   Vehicle #0 = 15, leaving at = 282.0
   Vehicle #1 = -1, leaving at = inf
   Increment on distance indicator: 5.7
   Increment on tard indicator:     0.0
   Value of tmax indicator:         5.7

Task for patient = 42 with skills = {5,-1} and cost = 339.9
   Vehicle #0 = 28, leaving at = 176.8
   Vehicle #1 = -1, leaving at = inf
   Increment on distance indicator: 7.8
   Increment on tard indicator:     0.0
   Value of tmax indicator:         7.8

Task for patient = 221 with skills = {3,4} and cost = 337.3
   Vehicle #0 = 20, leaving at = 164.0
   Vehicle #1 = 31, leaving at = 164.0
   Increment on distance indicator: 30.2
   Increment on tard indicator:     0.0
   Value of tmax indicator:         30.2

Task for patient = 50 with skills = {2,-1} and cost = 327.3
   Vehicle #0 = 10, leaving at = 129.0
   Vehicle #1 = -1, leaving at = inf
   Increment on distance indicator: 15.8
   Increment on tard indicator:     0.0
   Value of tmax indicator:         15.8

Task for patient = 2 with skills = {2,-1} and cost = 322.0
   Vehicle #0 = 11, leaving at = 156.0
   Vehicle #1 = -1, leaving at = inf
   Increment on distance indicator: 6.7
   Increment on tard indicator:     0.0
   Value of tmax indicator:         6.7

Task for patient = 100 with skills = {4,-1} and cost = 319.8
   Vehicle #0 = 27, leaving at = 172.6
   Vehicle #1 = -1, leaving at = inf
   Increment on distance indicator: 3.6
   Increment on tard indicator:     0.0
   Value of tmax indicator:         3.6

Task for patient = 9 with skills = {1,-1} and cost = 318.6
   Vehicle #0 = 10, leaving at = 97.2
   Vehicle #1 = -1, leaving at = inf
   Increment on distance indicator: 28.3
   Increment on tard indicator:     0.0
   Value of tmax indicator:         28.3

Task for patient = 152 with skills = {4,-1} and cost = 309.1
   Vehicle #0 = 23, leaving at = 181.9
   Vehicle #1 = -1, leaving at = inf
   Increment on distance indicator: 5.1
   Increment on tard indicator:     0.0
   Value of tmax indicator:         5.1

Task for patient = 205 with skills = {3,4} and cost = 307.4
   Vehicle #0 = 29, leaving at = 60.4
   Vehicle #1 = 31, leaving at = 60.4
   Increment on distance indicator: 88.8
   Increment on tard indicator:     0.0
   Value of tmax indicator:         88.8

Task for patient = 168 with skills = {2,-1} and cost = 341.4
   Vehicle #0 = 2, leaving at = 156.6
   Vehicle #1 = -1, leaving at = inf
   Increment on distance indicator: 4.5
   Increment on tard indicator:     0.0
   Value of tmax indicator:         4.5

Task for patient = 296 with skills = {0,5} and cost = 465.1
   Vehicle #0 = 12, leaving at = 138.8
   Vehicle #1 = 26, leaving at = 175.8
   Increment on distance indicator: 10.1
   Increment on tard indicator:     0.0
   Value of tmax indicator:         10.1

Task for patient = 70 with skills = {5,-1} and cost = 461.7
   Vehicle #0 = 34, leaving at = 126.4
   Vehicle #1 = -1, leaving at = inf
   Increment on distance indicator: 6.1
   Increment on tard indicator:     0.0
   Value of tmax indicator:         6.1

Task for patient = 36 with skills = {3,-1} and cost = 459.7
   Vehicle #0 = 34, leaving at = 104.3
   Vehicle #1 = -1, leaving at = inf
   Increment on distance indicator: 6.3
   Increment on tard indicator:     0.0
   Value of tmax indicator:         6.3

Task for patient = 147 with skills = {1,-1} and cost = 457.6
   Vehicle #0 = 8, leaving at = 17.4
   Vehicle #1 = -1, leaving at = inf
   Increment on distance indicator: 1.4
   Increment on tard indicator:     0.0
   Value of tmax indicator:         1.4

Task for patient = 232 with skills = {3,4} and cost = 457.1
   Vehicle #0 = 25, leaving at = 153.9
   Vehicle #1 = 33, leaving at = 153.9
   Increment on distance indicator: 41.6
   Increment on tard indicator:     0.0
   Value of tmax indicator:         41.6

Task for patient = 216 with skills = {3,5} and cost = 443.2
   Vehicle #0 = 21, leaving at = 220.2
   Vehicle #1 = 29, leaving at = 220.2
   Increment on distance indicator: 7.2
   Increment on tard indicator:     0.0
   Value of tmax indicator:         7.2

Task for patient = 223 with skills = {3,5} and cost = 440.8
   Vehicle #0 = 21, leaving at = 200.6
   Vehicle #1 = 29, leaving at = 200.6
   Increment on distance indicator: 12.5
   Increment on tard indicator:     0.0
   Value of tmax indicator:         12.5

Task for patient = 55 with skills = {3,-1} and cost = 436.7
   Vehicle #0 = 29, leaving at = 179.3
   Vehicle #1 = -1, leaving at = inf
   Increment on distance indicator: 11.2
   Increment on tard indicator:     0.0
   Value of tmax indicator:         11.2

Task for patient = 251 with skills = {1,3} and cost = 391.5
   Vehicle #0 = 6, leaving at = 125.0
   Vehicle #1 = 18, leaving at = 155.0
   Increment on distance indicator: 26.6
   Increment on tard indicator:     0.0
   Value of tmax indicator:         26.6

Task for patient = 179 with skills = {0,-1} and cost = 431.1
   Vehicle #0 = 6, leaving at = 177.3
   Vehicle #1 = -1, leaving at = inf
   Increment on distance indicator: 12.0
   Increment on tard indicator:     0.0
   Value of tmax indicator:         12.0

Task for patient = 24 with skills = {5,-1} and cost = 427.1
   Vehicle #0 = 28, leaving at = 196.4
   Vehicle #1 = -1, leaving at = inf
   Increment on distance indicator: 3.6
   Increment on tard indicator:     0.0
   Value of tmax indicator:         3.6

Task for patient = 226 with skills = {3,5} and cost = 425.9
   Vehicle #0 = 33, leaving at = 82.0
   Vehicle #1 = 34, leaving at = 82.0
   Increment on distance indicator: 28.3
   Increment on tard indicator:     0.0
   Value of tmax indicator:         28.3

Task for patient = 286 with skills = {0,3} and cost = 416.4
   Vehicle #0 = 5, leaving at = 204.5
   Vehicle #1 = 24, leaving at = 210.5
   Increment on distance indicator: 15.8
   Increment on tard indicator:     0.0
   Value of tmax indicator:         15.8

Task for patient = 264 with skills = {1,4} and cost = 411.2
   Vehicle #0 = 4, leaving at = 153.7
   Vehicle #1 = 23, leaving at = 201.7
   Increment on distance indicator: 10.3
   Increment on tard indicator:     0.0
   Value of tmax indicator:         10.3

Task for patient = 197 with skills = {3,-1} and cost = 407.7
   Vehicle #0 = 29, leaving at = 152.1
   Vehicle #1 = -1, leaving at = inf
   Increment on distance indicator: 2.8
   Increment on tard indicator:     0.0
   Value of tmax indicator:         2.8

Task for patient = 7 with skills = {3,-1} and cost = 406.8
   Vehicle #0 = 29, leaving at = 133.2
   Vehicle #1 = -1, leaving at = inf
   Increment on distance indicator: 7.6
   Increment on tard indicator:     0.0
   Value of tmax indicator:         7.6

Task for patient = 259 with skills = {0,4} and cost = 404.2
   Vehicle #0 = 12, leaving at = 117.0
   Vehicle #1 = 22, leaving at = 166.0
   Increment on distance indicator: 16.4
   Increment on tard indicator:     0.0
   Value of tmax indicator:         16.4

Task for patient = 34 with skills = {0,-1} and cost = 398.8
   Vehicle #0 = 3, leaving at = 184.0
   Vehicle #1 = -1, leaving at = inf
   Increment on distance indicator: 5.0
   Increment on tard indicator:     0.0
   Value of tmax indicator:         5.0

Task for patient = 257 with skills = {0,3} and cost = 433.0
   Vehicle #0 = 5, leaving at = 231.0
   Vehicle #1 = 24, leaving at = 239.0
   Increment on distance indicator: 5.7
   Increment on tard indicator:     0.0
   Value of tmax indicator:         5.7

Task for patient = 181 with skills = {1,-1} and cost = 167.3
   Vehicle #0 = 4, leaving at = 41.0
   Vehicle #1 = -1, leaving at = inf
   Increment on distance indicator: 20.0
   Increment on tard indicator:     0.0
   Value of tmax indicator:         20.0

Task for patient = 281 with skills = {0,4} and cost = 160.7
   Vehicle #0 = 3, leaving at = 38.0
   Vehicle #1 = 25, leaving at = 85.3
   Increment on distance indicator: 29.2
   Increment on tard indicator:     0.0
   Value of tmax indicator:         29.2

Task for patient = 208 with skills = {4,5} and cost = 150.9
   Vehicle #0 = 22, leaving at = 112.0
   Vehicle #1 = 26, leaving at = 112.0
   Increment on distance indicator: 7.3
   Increment on tard indicator:     0.0
   Value of tmax indicator:         7.3

Task for patient = 195 with skills = {2,-1} and cost = 137.6
   Vehicle #0 = 2, leaving at = 115.7
   Vehicle #1 = -1, leaving at = inf
   Increment on distance indicator: 8.1
   Increment on tard indicator:     0.0
   Value of tmax indicator:         8.1

Task for patient = 59 with skills = {0,-1} and cost = 134.9
   Vehicle #0 = 0, leaving at = 166.0
   Vehicle #1 = -1, leaving at = inf
   Increment on distance indicator: 0.0
   Increment on tard indicator:     0.0
   Value of tmax indicator:         0.0

Task for patient = 271 with skills = {2,5} and cost = 134.9
   Vehicle #0 = 5, leaving at = 34.9
   Vehicle #1 = 23, leaving at = 119.4
   Increment on distance indicator: 35.3
   Increment on tard indicator:     0.0
   Value of tmax indicator:         35.3

Task for patient = 161 with skills = {0,-1} and cost = 123.1
   Vehicle #0 = 1, leaving at = 118.0
   Vehicle #1 = -1, leaving at = inf
   Increment on distance indicator: 16.4
   Increment on tard indicator:     0.0
   Value of tmax indicator:         16.4

Task for patient = 298 with skills = {0,4} and cost = 117.6
   Vehicle #0 = 0, leaving at = 75.6
   Vehicle #1 = 21, leaving at = 98.6
   Increment on distance indicator: 14.0
   Increment on tard indicator:     0.0
   Value of tmax indicator:         14.0

Task for patient = 293 with skills = {2,5} and cost = 277.8
   Vehicle #0 = 7, leaving at = 128.3
   Vehicle #1 = 26, leaving at = 143.3
   Increment on distance indicator: 25.3
   Increment on tard indicator:     0.0
   Value of tmax indicator:         25.3

Task for patient = 158 with skills = {3,-1} and cost = 105.9
   Vehicle #0 = 24, leaving at = 109.0
   Vehicle #1 = -1, leaving at = inf
   Increment on distance indicator: 18.2
   Increment on tard indicator:     0.0
   Value of tmax indicator:         18.2

Task for patient = 241 with skills = {4,5} and cost = 99.8
   Vehicle #0 = 22, leaving at = 87.0
   Vehicle #1 = 23, leaving at = 87.0
   Increment on distance indicator: 13.4
   Increment on tard indicator:     0.0
   Value of tmax indicator:         13.4

Task for patient = 262 with skills = {2,3} and cost = 95.3
   Vehicle #0 = 2, leaving at = 91.6
   Vehicle #1 = 20, leaving at = 95.6
   Increment on distance indicator: 18.8
   Increment on tard indicator:     0.0
   Value of tmax indicator:         18.8

Task for patient = 28 with skills = {5,-1} and cost = 89.0
   Vehicle #0 = 18, leaving at = 95.1
   Vehicle #1 = -1, leaving at = inf
   Increment on distance indicator: 23.1
   Increment on tard indicator:     0.0
   Value of tmax indicator:         23.1

Task for patient = 229 with skills = {4,5} and cost = 81.3
   Vehicle #0 = 20, leaving at = 59.6
   Vehicle #1 = 21, leaving at = 59.6
   Increment on distance indicator: 87.1
   Increment on tard indicator:     0.0
   Value of tmax indicator:         87.1

Task for patient = 143 with skills = {2,-1} and cost = 52.3
   Vehicle #0 = 2, leaving at = 67.0
   Vehicle #1 = -1, leaving at = inf
   Increment on distance indicator: 51.0
   Increment on tard indicator:     0.0
   Value of tmax indicator:         51.0

Task for patient = 111 with skills = {1,-1} and cost = 35.3
   Vehicle #0 = 0, leaving at = 46.6
   Vehicle #1 = -1, leaving at = inf
   Increment on distance indicator: 30.6
   Increment on tard indicator:     0.0
   Value of tmax indicator:         30.6

Task for patient = 248 with skills = {4,5} and cost = 25.1
   Vehicle #0 = 19, leaving at = 56.0
   Vehicle #1 = 18, leaving at = 56.0
   Increment on distance indicator: 75.3
   Increment on tard indicator:     0.0
   Value of tmax indicator:         75.3

Task for patient = 113 with skills = {4,-1} and cost = 113.0
   Vehicle #0 = 25, leaving at = 62.0
   Vehicle #1 = -1, leaving at = inf
   Increment on distance indicator: 21.4
   Increment on tard indicator:     0.0
   Value of tmax indicator:         21.4

Task for patient = 114 with skills = {0,-1} and cost = 269.4
   Vehicle #0 = 9, leaving at = 32.0
   Vehicle #1 = -1, leaving at = inf
   Increment on distance indicator: 16.0
   Increment on tard indicator:     0.0
   Value of tmax indicator:         16.0

Task for patient = 117 with skills = {0,-1} and cost = 264.1
   Vehicle #0 = 5, leaving at = 173.9
   Vehicle #1 = -1, leaving at = inf
   Increment on distance indicator: 4.5
   Increment on tard indicator:     0.0
   Value of tmax indicator:         4.5

Task for patient = 280 with skills = {2,4} and cost = 262.6
   Vehicle #0 = 2, leaving at = 136.1
   Vehicle #1 = 24, leaving at = 193.1
   Increment on distance indicator: 13.1
   Increment on tard indicator:     0.0
   Value of tmax indicator:         13.1

Task for patient = 252 with skills = {0,4} and cost = 258.2
   Vehicle #0 = 5, leaving at = 153.4
   Vehicle #1 = 24, leaving at = 166.4
   Increment on distance indicator: 32.5
   Increment on tard indicator:     0.0
   Value of tmax indicator:         32.5

Task for patient = 44 with skills = {4,-1} and cost = 247.4
   Vehicle #0 = 20, leaving at = 141.6
   Vehicle #1 = -1, leaving at = inf
   Increment on distance indicator: 4.1
   Increment on tard indicator:     0.0
   Value of tmax indicator:         4.1

Task for patient = 80 with skills = {1,-1} and cost = 246.0
   Vehicle #0 = 5, leaving at = 131.0
   Vehicle #1 = -1, leaving at = inf
   Increment on distance indicator: 5.4
   Increment on tard indicator:     0.0
   Value of tmax indicator:         5.4

Task for patient = 222 with skills = {4,5} and cost = 244.2
   Vehicle #0 = 30, leaving at = 128.2
   Vehicle #1 = 18, leaving at = 128.2
   Increment on distance indicator: 50.2
   Increment on tard indicator:     0.0
   Value of tmax indicator:         50.2

Task for patient = 176 with skills = {4,-1} and cost = 227.5
   Vehicle #0 = 21, leaving at = 159.9
   Vehicle #1 = -1, leaving at = inf
   Increment on distance indicator: 1.4
   Increment on tard indicator:     0.0
   Value of tmax indicator:         1.4

Task for patient = 20 with skills = {1,-1} and cost = 172.8
   Vehicle #0 = 5, leaving at = 67.3
   Vehicle #1 = -1, leaving at = inf
   Increment on distance indicator: 16.4
   Increment on tard indicator:     0.0
   Value of tmax indicator:         16.4

Task for patient = 219 with skills = {4,5} and cost = 226.3
   Vehicle #0 = 27, leaving at = 153.0
   Vehicle #1 = 28, leaving at = 153.0
   Increment on distance indicator: 20.9
   Increment on tard indicator:     0.0
   Value of tmax indicator:         20.9

Task for patient = 265 with skills = {1,3} and cost = 219.3
   Vehicle #0 = 4, leaving at = 100.7
   Vehicle #1 = 19, leaving at = 155.7
   Increment on distance indicator: 35.3
   Increment on tard indicator:     0.0
   Value of tmax indicator:         35.3

Task for patient = 198 with skills = {3,-1} and cost = 207.6
   Vehicle #0 = 25, leaving at = 122.3
   Vehicle #1 = -1, leaving at = inf
   Increment on distance indicator: 21.0
   Increment on tard indicator:     0.0
   Value of tmax indicator:         21.0

Task for patient = 15 with skills = {3,-1} and cost = 200.6
   Vehicle #0 = 23, leaving at = 142.6
   Vehicle #1 = -1, leaving at = inf
   Increment on distance indicator: 7.2
   Increment on tard indicator:     0.0
   Value of tmax indicator:         7.2

Task for patient = 35 with skills = {2,-1} and cost = 198.2
   Vehicle #0 = 10, leaving at = 52.9
   Vehicle #1 = -1, leaving at = inf
   Increment on distance indicator: 36.9
   Increment on tard indicator:     0.0
   Value of tmax indicator:         36.9

Task for patient = 107 with skills = {1,-1} and cost = 185.9
   Vehicle #0 = 4, leaving at = 64.6
   Vehicle #1 = -1, leaving at = inf
   Increment on distance indicator: 7.6
   Increment on tard indicator:     0.0
   Value of tmax indicator:         7.6

Task for patient = 23 with skills = {1,-1} and cost = 183.3
   Vehicle #0 = 6, leaving at = 41.0
   Vehicle #1 = -1, leaving at = inf
   Increment on distance indicator: 10.0
   Increment on tard indicator:     0.0
   Value of tmax indicator:         10.0

Task for patient = 146 with skills = {5,-1} and cost = 180.0
   Vehicle #0 = 20, leaving at = 121.4
   Vehicle #1 = -1, leaving at = inf
   Increment on distance indicator: 9.8
   Increment on tard indicator:     0.0
   Value of tmax indicator:         9.8

Task for patient = 61 with skills = {2,-1} and cost = 176.7
   Vehicle #0 = 7, leaving at = 102.0
   Vehicle #1 = -1, leaving at = inf
   Increment on distance indicator: 11.7
   Increment on tard indicator:     0.0
   Value of tmax indicator:         11.7

Task for patient = 96 with skills = {5,-1} and cost = 227.0
   Vehicle #0 = 23, leaving at = 160.8
   Vehicle #1 = -1, leaving at = inf
   Increment on distance indicator: 2.2
   Increment on tard indicator:     0.0
   Value of tmax indicator:         2.2

Task for patient = 171 with skills = {2,-1} and cost = 657.0
   Vehicle #0 = 10, leaving at = 267.8
   Vehicle #1 = -1, leaving at = inf
   Increment on distance indicator: 23.5
   Increment on tard indicator:     0.0
   Value of tmax indicator:         23.5

Task for patient = 125 with skills = {1,-1} and cost = 649.1
   Vehicle #0 = 10, leaving at = 228.3
   Vehicle #1 = -1, leaving at = inf
   Increment on distance indicator: 10.3
   Increment on tard indicator:     0.0
   Value of tmax indicator:         10.3

Task for patient = 246 with skills = {4,5} and cost = 645.7
   Vehicle #0 = 20, leaving at = 297.1
   Vehicle #1 = 31, leaving at = 297.1
   Increment on distance indicator: 12.2
   Increment on tard indicator:     0.0
   Value of tmax indicator:         12.2

Task for patient = 47 with skills = {2,-1} and cost = 641.6
   Vehicle #0 = 5, leaving at = 278.5
   Vehicle #1 = -1, leaving at = inf
   Increment on distance indicator: 8.2
   Increment on tard indicator:     0.0
   Value of tmax indicator:         8.2

Task for patient = 299 with skills = {2,5} and cost = 638.9
   Vehicle #0 = 12, leaving at = 221.1
   Vehicle #1 = 26, leaving at = 254.4
   Increment on distance indicator: 16.3
   Increment on tard indicator:     0.0
   Value of tmax indicator:         16.3

Task for patient = 151 with skills = {1,-1} and cost = 633.5
   Vehicle #0 = 0, leaving at = 215.3
   Vehicle #1 = -1, leaving at = inf
   Increment on distance indicator: 10.0
   Increment on tard indicator:     0.0
   Value of tmax indicator:         10.0

Task for patient = 199 with skills = {1,-1} and cost = 630.1
   Vehicle #0 = 8, leaving at = 455.0
   Vehicle #1 = -1, leaving at = inf
   Increment on distance indicator: 7.8
   Increment on tard indicator:     0.0
   Value of tmax indicator:         7.8

Task for patient = 218 with skills = {3,5} and cost = 627.5
   Vehicle #0 = 23, leaving at = 286.6
   Vehicle #1 = 34, leaving at = 286.6
   Increment on distance indicator: 16.1
   Increment on tard indicator:     0.0
   Value of tmax indicator:         16.1

Task for patient = 250 with skills = {3,5} and cost = 475.5
   Vehicle #0 = 20, leaving at = 236.7
   Vehicle #1 = 31, leaving at = 236.7
   Increment on distance indicator: 31.2
   Increment on tard indicator:     0.0
   Value of tmax indicator:         31.2

Task for patient = 239 with skills = {3,5} and cost = 620.5
   Vehicle #0 = 37, leaving at = 273.0
   Vehicle #1 = 38, leaving at = 273.0
   Increment on distance indicator: 14.6
   Increment on tard indicator:     0.0
   Value of tmax indicator:         14.6

Task for patient = 169 with skills = {1,-1} and cost = 615.6
   Vehicle #0 = 1, leaving at = 209.0
   Vehicle #1 = -1, leaving at = inf
   Increment on distance indicator: 4.1
   Increment on tard indicator:     0.0
   Value of tmax indicator:         4.1

Task for patient = 21 with skills = {1,-1} and cost = 614.2
   Vehicle #0 = 8, leaving at = 287.0
   Vehicle #1 = -1, leaving at = inf
   Increment on distance indicator: 1.0
   Increment on tard indicator:     0.0
   Value of tmax indicator:         1.0

Task for patient = 89 with skills = {2,-1} and cost = 613.9
   Vehicle #0 = 14, leaving at = 228.0
   Vehicle #1 = -1, leaving at = inf
   Increment on distance indicator: 1.0
   Increment on tard indicator:     0.0
   Value of tmax indicator:         1.0

Task for patient = 122 with skills = {0,-1} and cost = 613.6
   Vehicle #0 = 10, leaving at = 202.0
   Vehicle #1 = -1, leaving at = inf
   Increment on distance indicator: 3.0
   Increment on tard indicator:     0.0
   Value of tmax indicator:         3.0

Task for patient = 235 with skills = {4,5} and cost = 612.6
   Vehicle #0 = 37, leaving at = 240.0
   Vehicle #1 = 38, leaving at = 240.0
   Increment on distance indicator: 10.0
   Increment on tard indicator:     0.0
   Value of tmax indicator:         10.0

Task for patient = 1 with skills = {2,-1} and cost = 609.2
   Vehicle #0 = 11, leaving at = 228.8
   Vehicle #1 = -1, leaving at = inf
   Increment on distance indicator: 7.3
   Increment on tard indicator:     0.0
   Value of tmax indicator:         7.3

Task for patient = 182 with skills = {4,-1} and cost = 606.8
   Vehicle #0 = 25, leaving at = 237.8
   Vehicle #1 = -1, leaving at = inf
   Increment on distance indicator: 1.4
   Increment on tard indicator:     0.0
   Value of tmax indicator:         1.4

Task for patient = 93 with skills = {5,-1} and cost = 622.1
   Vehicle #0 = 37, leaving at = 294.0
   Vehicle #1 = -1, leaving at = inf
   Increment on distance indicator: 5.0
   Increment on tard indicator:     0.0
   Value of tmax indicator:         5.0

Task for patient = 172 with skills = {2,-1} and cost = 716.7
   Vehicle #0 = 12, leaving at = 246.1
   Vehicle #1 = -1, leaving at = inf
   Increment on distance indicator: 9.1
   Increment on tard indicator:     0.0
   Value of tmax indicator:         9.1

Task for patient = 150 with skills = {5,-1} and cost = 1200.9
   Vehicle #0 = 27, leaving at = 535.1
   Vehicle #1 = -1, leaving at = inf
   Increment on distance indicator: 5.1
   Increment on tard indicator:     0.0
   Value of tmax indicator:         5.1

Task for patient = 284 with skills = {1,3} and cost = 711.8
   Vehicle #0 = 0, leaving at = 270.0
   Vehicle #1 = 33, leaving at = 302.0
   Increment on distance indicator: 16.1
   Increment on tard indicator:     0.0
   Value of tmax indicator:         16.1

Task for patient = 177 with skills = {2,-1} and cost = 706.4
   Vehicle #0 = 10, leaving at = 296.9
   Vehicle #1 = -1, leaving at = inf
   Increment on distance indicator: 13.0
   Increment on tard indicator:     0.0
   Value of tmax indicator:         13.0

Task for patient = 287 with skills = {0,4} and cost = 702.1
   Vehicle #0 = 5, leaving at = 320.1
   Vehicle #1 = 20, leaving at = 366.1
   Increment on distance indicator: 14.8
   Increment on tard indicator:     0.0
   Value of tmax indicator:         14.8

Task for patient = 268 with skills = {2,3} and cost = 697.1
   Vehicle #0 = 11, leaving at = 249.8
   Vehicle #1 = 30, leaving at = 309.8
   Increment on distance indicator: 10.8
   Increment on tard indicator:     0.0
   Value of tmax indicator:         10.8

Task for patient = 160 with skills = {5,-1} and cost = 693.5
   Vehicle #0 = 25, leaving at = 285.2
   Vehicle #1 = -1, leaving at = inf
   Increment on distance indicator: 9.2
   Increment on tard indicator:     0.0
   Value of tmax indicator:         9.2

Task for patient = 206 with skills = {3,5} and cost = 690.5
   Vehicle #0 = 22, leaving at = 298.1
   Vehicle #1 = 36, leaving at = 298.1
   Increment on distance indicator: 10.4
   Increment on tard indicator:     0.0
   Value of tmax indicator:         10.4

Task for patient = 45 with skills = {2,-1} and cost = 658.7
   Vehicle #0 = 5, leaving at = 299.6
   Vehicle #1 = -1, leaving at = inf
   Increment on distance indicator: 5.1
   Increment on tard indicator:     0.0
   Value of tmax indicator:         5.1

Task for patient = 109 with skills = {3,-1} and cost = 686.0
   Vehicle #0 = 33, leaving at = 200.6
   Vehicle #1 = -1, leaving at = inf
   Increment on distance indicator: 7.6
   Increment on tard indicator:     0.0
   Value of tmax indicator:         7.6

Task for patient = 14 with skills = {4,-1} and cost = 683.5
   Vehicle #0 = 38, leaving at = 350.0
   Vehicle #1 = -1, leaving at = inf
   Increment on distance indicator: 0.0
   Increment on tard indicator:     0.0
   Value of tmax indicator:         0.0

Task for patient = 282 with skills = {2,5} and cost = 683.5
   Vehicle #0 = 2, leaving at = 291.7
   Vehicle #1 = 23, leaving at = 311.7
   Increment on distance indicator: 20.7
   Increment on tard indicator:     0.0
   Value of tmax indicator:         20.7

Task for patient = 180 with skills = {4,-1} and cost = 676.6
   Vehicle #0 = 36, leaving at = 278.0
   Vehicle #1 = -1, leaving at = inf
   Increment on distance indicator: 5.1
   Increment on tard indicator:     0.0
   Value of tmax indicator:         5.1

Task for patient = 84 with skills = {3,-1} and cost = 674.9
   Vehicle #0 = 20, leaving at = 327.1
   Vehicle #1 = -1, leaving at = inf
   Increment on distance indicator: 13.9
   Increment on tard indicator:     0.0
   Value of tmax indicator:         13.9

Task for patient = 56 with skills = {4,-1} and cost = 670.2
   Vehicle #0 = 38, leaving at = 292.0
   Vehicle #1 = -1, leaving at = inf
   Increment on distance indicator: 3.0
   Increment on tard indicator:     0.0
   Value of tmax indicator:         3.0

Task for patient = 184 with skills = {1,-1} and cost = 669.2
   Vehicle #0 = 6, leaving at = 251.2
   Vehicle #1 = -1, leaving at = inf
   Increment on distance indicator: 12.0
   Increment on tard indicator:     0.0
   Value of tmax indicator:         12.0

Task for patient = 46 with skills = {4,-1} and cost = 665.2
   Vehicle #0 = 30, leaving at = 278.0
   Vehicle #1 = -1, leaving at = inf
   Increment on distance indicator: 11.7
   Increment on tard indicator:     0.0
   Value of tmax indicator:         11.7

Task for patient = 13 with skills = {5,-1} and cost = 661.4
   Vehicle #0 = 37, leaving at = 318.1
   Vehicle #1 = -1, leaving at = inf
   Increment on distance indicator: 8.1
   Increment on tard indicator:     0.0
   Value of tmax indicator:         8.1

Task for patient = 8 with skills = {4,-1} and cost = 687.0
   Vehicle #0 = 25, leaving at = 260.0
   Vehicle #1 = -1, leaving at = inf
   Increment on distance indicator: 2.8
   Increment on tard indicator:     0.0
   Value of tmax indicator:         2.8

Task for patient = 215 with skills = {4,5} and cost = 535.3
   Vehicle #0 = 23, leaving at = 237.1
   Vehicle #1 = 34, leaving at = 237.1
   Increment on distance indicator: 16.1
   Increment on tard indicator:     0.0
   Value of tmax indicator:         16.1

Task for patient = 115 with skills = {3,-1} and cost = 529.9
   Vehicle #0 = 32, leaving at = 145.0
   Vehicle #1 = -1, leaving at = inf
   Increment on distance indicator: 6.7
   Increment on tard indicator:     0.0
   Value of tmax indicator:         6.7

Task for patient = 88 with skills = {2,-1} and cost = 527.7
   Vehicle #0 = 14, leaving at = 157.0
   Vehicle #1 = -1, leaving at = inf
   Increment on distance indicator: 10.0
   Increment on tard indicator:     0.0
   Value of tmax indicator:         10.0

Task for patient = 261 with skills = {0,4} and cost = 524.3
   Vehicle #0 = 16, leaving at = 137.0
   Vehicle #1 = 27, leaving at = 193.6
   Increment on distance indicator: 13.5
   Increment on tard indicator:     0.0
   Value of tmax indicator:         13.5

Task for patient = 294 with skills = {2,3} and cost = 519.8
   Vehicle #0 = 14, leaving at = 131.0
   Vehicle #1 = 18, leaving at = 209.2
   Increment on distance indicator: 28.9
   Increment on tard indicator:     0.0
   Value of tmax indicator:         28.9

Task for patient = 83 with skills = {4,-1} and cost = 510.2
   Vehicle #0 = 28, leaving at = 215.4
   Vehicle #1 = -1, leaving at = inf
   Increment on distance indicator: 3.0
   Increment on tard indicator:     0.0
   Value of tmax indicator:         3.0

Task for patient = 213 with skills = {3,5} and cost = 509.2
   Vehicle #0 = 19, leaving at = 231.2
   Vehicle #1 = 26, leaving at = 231.2
   Increment on distance indicator: 8.9
   Increment on tard indicator:     0.0
   Value of tmax indicator:         8.9

Task for patient = 127 with skills = {4,-1} and cost = 506.2
   Vehicle #0 = 34, leaving at = 216.0
   Vehicle #1 = -1, leaving at = inf
   Increment on distance indicator: 5.0
   Increment on tard indicator:     0.0
   Value of tmax indicator:         5.0

Task for patient = 212 with skills = {3,4} and cost = 606.3
   Vehicle #0 = 18, leaving at = 233.0
   Vehicle #1 = 30, leaving at = 233.0
   Increment on distance indicator: 19.9
   Increment on tard indicator:     0.0
   Value of tmax indicator:         19.9

Task for patient = 10 with skills = {1,-1} and cost = 502.2
   Vehicle #0 = 6, leaving at = 199.1
   Vehicle #1 = -1, leaving at = inf
   Increment on distance indicator: 5.8
   Increment on tard indicator:     0.0
   Value of tmax indicator:         5.8

Task for patient = 196 with skills = {5,-1} and cost = 500.2
   Vehicle #0 = 34, leaving at = 195.0
   Vehicle #1 = -1, leaving at = inf
   Increment on distance indicator: 8.9
   Increment on tard indicator:     0.0
   Value of tmax indicator:         8.9

Task for patient = 274 with skills = {2,3} and cost = 497.3
   Vehicle #0 = 2, leaving at = 181.1
   Vehicle #1 = 24, leaving at = 265.8
   Increment on distance indicator: 19.4
   Increment on tard indicator:     0.0
   Value of tmax indicator:         19.4

Task for patient = 62 with skills = {1,-1} and cost = 490.8
   Vehicle #0 = 3, leaving at = 208.6
   Vehicle #1 = -1, leaving at = inf
   Increment on distance indicator: 8.6
   Increment on tard indicator:     0.0
   Value of tmax indicator:         8.6

Task for patient = 290 with skills = {2,3} and cost = 487.9
   Vehicle #0 = 14, leaving at = 53.0
   Vehicle #1 = 36, leaving at = 106.0
   Increment on distance indicator: 20.9
   Increment on tard indicator:     0.0
   Value of tmax indicator:         20.9

Task for patient = 74 with skills = {3,-1} and cost = 481.0
   Vehicle #0 = 25, leaving at = 201.4
   Vehicle #1 = -1, leaving at = inf
   Increment on distance indicator: 9.1
   Increment on tard indicator:     0.0
   Value of tmax indicator:         9.1

Task for patient = 71 with skills = {5,-1} and cost = 478.0
   Vehicle #0 = 25, leaving at = 176.3
   Vehicle #1 = -1, leaving at = inf
   Increment on distance indicator: 6.4
   Increment on tard indicator:     0.0
   Value of tmax indicator:         6.4

Task for patient = 27 with skills = {5,-1} and cost = 475.8
   Vehicle #0 = 32, leaving at = 104.1
   Vehicle #1 = -1, leaving at = inf
   Increment on distance indicator: 1.0
   Increment on tard indicator:     0.0
   Value of tmax indicator:         1.0

Task for patient = 102 with skills = {4,-1} and cost = 504.5
   Vehicle #0 = 33, leaving at = 177.0
   Vehicle #1 = -1, leaving at = inf
   Increment on distance indicator: 7.1
   Increment on tard indicator:     0.0
   Value of tmax indicator:         7.1

Task for patient = 91 with skills = {0,-1} and cost = 599.7
   Vehicle #0 = 12, leaving at = 196.0
   Vehicle #1 = -1, leaving at = inf
   Increment on distance indicator: 1.4
   Increment on tard indicator:     0.0
   Value of tmax indicator:         1.4

Task for patient = 175 with skills = {3,-1} and cost = 599.2
   Vehicle #0 = 20, leaving at = 279.1
   Vehicle #1 = -1, leaving at = inf
   Increment on distance indicator: 8.2
   Increment on tard indicator:     0.0
   Value of tmax indicator:         8.2

Task for patient = 49 with skills = {4,-1} and cost = 594.8
   Vehicle #0 = 28, leaving at = 236.4
   Vehicle #1 = -1, leaving at = inf
   Increment on distance indicator: 5.0
   Increment on tard indicator:     0.0
   Value of tmax indicator:         5.0

Task for patient = 242 with skills = {3,4} and cost = 593.2
   Vehicle #0 = 23, leaving at = 262.5
   Vehicle #1 = 34, leaving at = 262.5
   Increment on distance indicator: 18.9
   Increment on tard indicator:     0.0
   Value of tmax indicator:         18.9

Task for patient = 153 with skills = {3,-1} and cost = 586.9
   Vehicle #0 = 24, leaving at = 315.9
   Vehicle #1 = -1, leaving at = inf
   Increment on distance indicator: 8.1
   Increment on tard indicator:     0.0
   Value of tmax indicator:         8.1

Task for patient = 162 with skills = {2,-1} and cost = 584.2
   Vehicle #0 = 7, leaving at = 201.9
   Vehicle #1 = -1, leaving at = inf
   Increment on distance indicator: 3.0
   Increment on tard indicator:     0.0
   Value of tmax indicator:         3.0

Task for patient = 192 with skills = {4,-1} and cost = 583.2
   Vehicle #0 = 24, leaving at = 291.9
   Vehicle #1 = -1, leaving at = inf
   Increment on distance indicator: 10.0
   Increment on tard indicator:     0.0
   Value of tmax indicator:         10.0

Task for patient = 285 with skills = {1,3} and cost = 579.8
   Vehicle #0 = 1, leaving at = 142.6
   Vehicle #1 = 32, leaving at = 191.6
   Increment on distance indicator: 13.1
   Increment on tard indicator:     0.0
   Value of tmax indicator:         13.1

Task for patient = 26 with skills = {1,-1} and cost = 543.8
   Vehicle #0 = 13, leaving at = 89.0
   Vehicle #1 = -1, leaving at = inf
   Increment on distance indicator: 25.5
   Increment on tard indicator:     0.0
   Value of tmax indicator:         25.5

Task for patient = 40 with skills = {1,-1} and cost = 573.4
   Vehicle #0 = 10, leaving at = 159.0
   Vehicle #1 = -1, leaving at = inf
   Increment on distance indicator: 14.0
   Increment on tard indicator:     0.0
   Value of tmax indicator:         14.0

Task for patient = 291 with skills = {0,5} and cost = 568.8
   Vehicle #0 = 7, leaving at = 182.9
   Vehicle #1 = 19, leaving at = 258.0
   Increment on distance indicator: 22.0
   Increment on tard indicator:     0.0
   Value of tmax indicator:         22.0

Task for patient = 209 with skills = {3,5} and cost = 561.4
   Vehicle #0 = 37, leaving at = 212.0
   Vehicle #1 = 38, leaving at = 212.0
   Increment on distance indicator: 10.8
   Increment on tard indicator:     0.0
   Value of tmax indicator:         10.8

Task for patient = 142 with skills = {1,-1} and cost = 556.4
   Vehicle #0 = 6, leaving at = 223.2
   Vehicle #1 = -1, leaving at = inf
   Increment on distance indicator: 8.1
   Increment on tard indicator:     0.0
   Value of tmax indicator:         8.1

Task for patient = 16 with skills = {4,-1} and cost = 553.7
   Vehicle #0 = 36, leaving at = 182.0
   Vehicle #1 = -1, leaving at = inf
   Increment on distance indicator: 2.2
   Increment on tard indicator:     0.0
   Value of tmax indicator:         2.2

Task for patient = 116 with skills = {3,-1} and cost = 553.0
   Vehicle #0 = 30, leaving at = 163.0
   Vehicle #1 = -1, leaving at = inf
   Increment on distance indicator: 7.6
   Increment on tard indicator:     0.0
   Value of tmax indicator:         7.6

Task for patient = 247 with skills = {4,5} and cost = 550.4
   Vehicle #0 = 20, leaving at = 254.9
   Vehicle #1 = 31, leaving at = 254.9
   Increment on distance indicator: 4.5
   Increment on tard indicator:     0.0
   Value of tmax indicator:         4.5

Task for patient = 156 with skills = {2,-1} and cost = 548.9
   Vehicle #0 = 11, leaving at = 205.5
   Vehicle #1 = -1, leaving at = inf
   Increment on distance indicator: 8.1
   Increment on tard indicator:     0.0
   Value of tmax indicator:         8.1

Task for patient = 6 with skills = {0,-1} and cost = 546.2
   Vehicle #0 = 5, leaving at = 254.3
   Vehicle #1 = -1, leaving at = inf
   Increment on distance indicator: 7.3
   Increment on tard indicator:     0.0
   Value of tmax indicator:         7.3

Task for patient = 129 with skills = {5,-1} and cost = 575.5
   Vehicle #0 = 32, leaving at = 167.1
   Vehicle #1 = -1, leaving at = inf
   Increment on distance indicator: 6.1
   Increment on tard indicator:     0.0
   Value of tmax indicator:         6.1


Unused vehicle list: (total = 0 out of 40)

---
Search finished.
Total of 1900 generations in 384.3 seconds.
Exchange elite runs: 0
Implicit path relinking runs: 0
Reset attempts: 0

Best solution found:
   Cost: 1497.6
   Total travel time: 4478.8
   Total tardiness time: 11.3
   Largest tardiness: 2.7


1497.6
