This host is: malboro
--- BRKGA-MP-IPR for HHCRSP ---
Instance: /home/alberto/work/gecco2020-brkga/instances-HHCRSP/InstanzCPLEX_HCSRP_50_10.txt
Seed: 3

Reading data... Problem contains 50 patients  and 10 caregivers.

Summary of supply x demand for each service type:
Skill 0 has supply = 1 and demand = 9, ratio = 0.111111
Skill 1 has supply = 1 and demand = 8, ratio = 0.125
Skill 2 has supply = 2 and demand = 11, ratio = 0.181818
Skill 3 has supply = 6 and demand = 11, ratio = 0.545455
Skill 4 has supply = 5 and demand = 13, ratio = 0.384615
Skill 5 has supply = 6 and demand = 13, ratio = 0.461538

Reading parameters...
Inferred distance function by PR type: kendall-tau
Building BRKGA data and initializing...
Evolving 1900 generations...

  Gens  Rem    Local   ElDiv NoImpr             Best solution            Time  Op
                                       Cost     Dist    Tard    TMax 
*    0 1900  2489.21  198.04      0  2489.21  2324.18  4729.2   414.3     0.0    
*    2 1898  2158.01  193.47      0  2158.01  2253.67  2767.7   290.1     0.1    
*    3 1897  1770.50  188.90      0  1770.50  2253.67  2767.7   290.1     0.1    
*    6 1894  1755.89  129.28      0  1755.89  2417.35  1492.6   246.4     0.2    
*    7 1893  1385.47  125.35      0  1385.47  2417.35  1492.6   246.4     0.2    
*    9 1891  1220.80  104.10      0  1220.80  2295.91  1141.0   225.5     0.2    
*   12 1888  1190.58   77.21      0  1190.58  2371.45   771.9   161.0     0.3    
*   13 1887  1101.46   58.69      0  1101.46  2371.45   771.9   161.0     0.3    
*   15 1885   925.93   66.51      0   925.93  2076.74   568.3   106.7     0.4    
*   16 1884   917.27   57.71      0   917.27  2076.74   568.3   106.7     0.4    
*   18 1882   911.38   44.92      0   911.38  2121.62   450.0   100.6     0.4    
*   19 1881   890.75   42.25      0   890.75  2001.84   454.4   135.9     0.4    
*   20 1880   864.05   35.13      0   864.05  2128.72   323.9    80.4     0.5    
*   21 1879   844.34   33.26      0   844.34  2020.91   251.5   149.9     0.5    
*   22 1878   807.45   32.93      0   807.45  1896.93   371.1   103.4     0.5    

  Gens  Rem    Local   ElDiv NoImpr             Best solution            Time  Op
                                       Cost     Dist    Tard    TMax 
*   23 1877   790.47   34.26      0   790.47  2036.14   173.8    81.0     0.5    
*   24 1876   763.65   27.46      0   763.65  2036.14   173.8    81.0     0.6    
*   26 1874   725.75   25.61      0   725.75  2015.77   115.7    45.8     0.6    
*   29 1871   691.10   16.63      0   691.10  1930.46    97.1    45.8     0.7    
*   31 1869   690.02   15.74      0   690.02  1917.69   113.2    39.1     0.7    
*   33 1867   676.20   12.25      0   676.20  1905.82    82.9    39.9     0.8    
*   35 1865   667.49    9.74      0   667.49  1870.16    73.1    39.9     0.8    
*   36 1864   661.07   10.08      0   661.07  1782.10   140.1    40.5     0.8    
*   37 1863   654.25    8.15      0   654.25  1782.10   140.1    40.5     0.8    
*   40 1860   650.51    6.38      0   650.51  1874.45    52.3    19.7     0.9    
*   41 1859   648.82    6.51      0   648.82  1805.18    91.5    39.9     0.9    
*   42 1858   645.52    5.80      0   645.52  1809.99    94.3    31.2     1.0    
*   43 1857   645.13    5.42      0   645.13  1780.95    99.7    39.9     1.0    
*   44 1856   640.18    5.18      0   640.18  1784.85    94.4    39.1     1.0    
*   45 1855   639.45    4.55      0   639.45  1784.85    94.4    39.1     1.0    
*   47 1853   630.78    3.90      0   630.78  1772.89    79.5    39.9     1.1    

  Gens  Rem    Local   ElDiv NoImpr             Best solution            Time  Op
                                       Cost     Dist    Tard    TMax 
    50 1850   630.78    3.58      3   630.78  1772.89    79.5    39.9     1.1    
*   53 1847   630.04    3.56      0   630.04  1798.26    69.7    19.7     1.2    
*   54 1846   629.20    3.26      0   629.20  1799.78    58.7    19.7     1.2    
*   55 1845   626.07    2.91      0   626.07  1799.78    58.7    19.7     1.3    
*   58 1842   623.73    2.19      0   623.73  1788.74    58.7    19.7     1.3    
*   59 1841   622.39    1.90      0   622.39  1788.74    58.7    19.7     1.3    
*   63 1837   622.01    0.49      0   622.01  1784.97    64.4    16.4     1.4    
*   64 1836   621.95    0.15      0   621.95  1784.97    64.4    16.4     1.5    
   100 1800   621.95    0.00     36   621.95  1784.97    64.4    16.4     2.3    
   150 1750   621.95    0.00     86   621.95  1784.97    64.4    16.4     3.4    
   200 1700   621.95    0.00    136   621.95  1784.97    64.4    16.4     4.5    
*  223 1677   621.82    0.02      0   621.82  1784.58    64.4    16.4     5.0    
   250 1650   621.82    0.00     27   621.82  1784.58    64.4    16.4     5.6    
   300 1600   621.82    0.00     77   621.82  1784.58    64.4    16.4     6.7    
   350 1550   621.82    0.00    127   621.82  1784.58    64.4    16.4     7.8    
   400 1500   621.82    0.00    177   621.82  1784.58    64.4    16.4     8.9    

  Gens  Rem    Local   ElDiv NoImpr             Best solution            Time  Op
                                       Cost     Dist    Tard    TMax 
   450 1450   621.82    0.00    227   621.82  1784.58    64.4    16.4    10.0    
   500 1400   621.82    0.00    277   621.82  1784.58    64.4    16.4    11.1    
   550 1350   621.82    0.00    327   621.82  1784.58    64.4    16.4    12.3    
   600 1300   621.82    0.00    377   621.82  1784.58    64.4    16.4    13.4    
   650 1250   621.82    0.00    427   621.82  1784.58    64.4    16.4    14.5    
   700 1200   621.82    0.00    477   621.82  1784.58    64.4    16.4    15.6    
   750 1150   621.82    0.00    527   621.82  1784.58    64.4    16.4    16.7    
   800 1100   621.82    0.00    577   621.82  1784.58    64.4    16.4    17.8    
   850 1050   621.82    0.00    627   621.82  1784.58    64.4    16.4    18.9    
   900 1000   621.82    0.00    677   621.82  1784.58    64.4    16.4    20.0    
   922  978      inf  248.70      0   621.82  1784.58    64.4    16.4    20.5   R
   923  977  2587.66  168.65      0   621.82  1784.58    64.4    16.4    20.5    
   950  950   717.46   21.30      1   621.82  1784.58    64.4    16.4    21.1    
  1000  900   622.45    0.52      1   621.82  1784.58    64.4    16.4    22.3    
  1050  850   622.45    0.00     51   621.82  1784.58    64.4    16.4    23.4    
  1100  800   622.45    0.00    101   621.82  1784.58    64.4    16.4    24.5    

  Gens  Rem    Local   ElDiv NoImpr             Best solution            Time  Op
                                       Cost     Dist    Tard    TMax 
  1150  750   622.45    0.00    151   621.82  1784.58    64.4    16.4    25.6    
  1200  700   622.45    0.00    201   621.82  1784.58    64.4    16.4    26.7    
  1250  650   622.45    0.00    251   621.82  1784.58    64.4    16.4    27.8    
  1300  600   622.45    0.00    301   621.82  1784.58    64.4    16.4    28.9    
  1350  550   622.45    0.00    351   621.82  1784.58    64.4    16.4    30.0    
  1400  500   622.45    0.00    401   621.82  1784.58    64.4    16.4    31.2    
  1450  450   622.45    0.00    451   621.82  1784.58    64.4    16.4    32.3    
  1500  400   622.45    0.00    501   621.82  1784.58    64.4    16.4    33.4    
  1550  350   622.45    0.00    551   621.82  1784.58    64.4    16.4    34.5    
  1600  300   622.45    0.00    601   621.82  1784.58    64.4    16.4    35.6    
  1650  250   622.45    0.00    651   621.82  1784.58    64.4    16.4    36.7    
  1698  202      inf  252.16      0   621.82  1784.58    64.4    16.4    37.8   R
  1699  201  2468.29  213.73      0   621.82  1784.58    64.4    16.4    37.8    
  1700  200  2468.29  205.10      1   621.82  1784.58    64.4    16.4    37.8    
  1750  150   634.37    4.14      0   621.82  1784.58    64.4    16.4    38.9    
* 1755  145   620.83    2.81      0   620.83  1743.76    78.8    39.9    39.1    

  Gens  Rem    Local   ElDiv NoImpr             Best solution            Time  Op
                                       Cost     Dist    Tard    TMax 
* 1774  126   619.93    0.79      0   619.93  1781.37    58.7    19.7    39.5    
* 1778  122   619.56    0.07      0   619.56  1777.80    64.4    16.4    39.6    
  1800  100   619.56    0.00     22   619.56  1777.80    64.4    16.4    40.1    
  1850   50   619.56    0.00     72   619.56  1777.80    64.4    16.4    41.2    
  1900    0   619.56    0.00    122   619.56  1777.80    64.4    16.4    42.3    
Evolutionary process finished.
Solution written to 'solution-6838.txt'.

Sorted sequence of worst to best tardiness value:
Task for patient = 11 with skills = {1,-1} and cost = 169.3
   Vehicle #0 = 2, leaving at = 194.4
   Vehicle #1 = -1, leaving at = inf
   Increment on distance indicator: 4.1
   Increment on tard indicator:     16.4
   Value of tmax indicator:         4.1

Task for patient = 18 with skills = {1,-1} and cost = 255.4
   Vehicle #0 = 2, leaving at = 344.1
   Vehicle #1 = -1, leaving at = inf
   Increment on distance indicator: 27.7
   Increment on tard indicator:     16.1
   Value of tmax indicator:         27.7

Task for patient = 19 with skills = {1,-1} and cost = 363.1
   Vehicle #0 = 2, leaving at = 404.1
   Vehicle #1 = -1, leaving at = inf
   Increment on distance indicator: 45.0
   Increment on tard indicator:     16.1
   Value of tmax indicator:         45.0

Task for patient = 35 with skills = {1,-1} and cost = 240.8
   Vehicle #0 = 2, leaving at = 301.4
   Vehicle #1 = -1, leaving at = inf
   Increment on distance indicator: 52.9
   Increment on tard indicator:     9.4
   Value of tmax indicator:         52.9

Task for patient = 23 with skills = {3,-1} and cost = 285.4
   Vehicle #0 = 4, leaving at = 456.4
   Vehicle #1 = -1, leaving at = inf
   Increment on distance indicator: 13.4
   Increment on tard indicator:     6.4
   Value of tmax indicator:         13.4

Task for patient = 44 with skills = {2,5} and cost = 297.6
   Vehicle #0 = 1, leaving at = 330.4
   Vehicle #1 = 8, leaving at = 334.4
   Increment on distance indicator: 36.8
   Increment on tard indicator:     0.0
   Value of tmax indicator:         36.8

Task for patient = 46 with skills = {0,5} and cost = 323.3
   Vehicle #0 = 0, leaving at = 338.9
   Vehicle #1 = 5, leaving at = 370.9
   Increment on distance indicator: 77.0
   Increment on tard indicator:     0.0
   Value of tmax indicator:         77.0

Task for patient = 17 with skills = {4,-1} and cost = 325.0
   Vehicle #0 = 9, leaving at = 301.0
   Vehicle #1 = -1, leaving at = inf
   Increment on distance indicator: 5.0
   Increment on tard indicator:     0.0
   Value of tmax indicator:         5.0

Task for patient = 9 with skills = {3,-1} and cost = 330.2
   Vehicle #0 = 6, leaving at = 292.4
   Vehicle #1 = -1, leaving at = inf
   Increment on distance indicator: 15.6
   Increment on tard indicator:     0.0
   Value of tmax indicator:         15.6

Task for patient = 27 with skills = {2,-1} and cost = 342.7
   Vehicle #0 = 1, leaving at = 383.0
   Vehicle #1 = -1, leaving at = inf
   Increment on distance indicator: 37.6
   Increment on tard indicator:     0.0
   Value of tmax indicator:         37.6

Task for patient = 6 with skills = {4,-1} and cost = 370.5
   Vehicle #0 = 6, leaving at = 329.6
   Vehicle #1 = -1, leaving at = inf
   Increment on distance indicator: 22.2
   Increment on tard indicator:     0.0
   Value of tmax indicator:         22.2

Task for patient = 36 with skills = {3,4} and cost = 385.4
   Vehicle #0 = 6, leaving at = 370.0
   Vehicle #1 = 3, leaving at = 370.0
   Increment on distance indicator: 44.9
   Increment on tard indicator:     0.0
   Value of tmax indicator:         44.9

Task for patient = 20 with skills = {4,-1} and cost = 278.7
   Vehicle #0 = 8, leaving at = 133.0
   Vehicle #1 = -1, leaving at = inf
   Increment on distance indicator: 36.1
   Increment on tard indicator:     0.0
   Value of tmax indicator:         36.1

Task for patient = 31 with skills = {2,-1} and cost = 395.5
   Vehicle #0 = 2, leaving at = 438.1
   Vehicle #1 = -1, leaving at = inf
   Increment on distance indicator: 19.0
   Increment on tard indicator:     0.0
   Value of tmax indicator:         19.0

Task for patient = 14 with skills = {0,-1} and cost = 397.2
   Vehicle #0 = 0, leaving at = 423.0
   Vehicle #1 = -1, leaving at = inf
   Increment on distance indicator: 5.1
   Increment on tard indicator:     0.0
   Value of tmax indicator:         5.1

Task for patient = 48 with skills = {0,5} and cost = 405.1
   Vehicle #0 = 0, leaving at = 489.0
   Vehicle #1 = 9, leaving at = 505.0
   Increment on distance indicator: 23.8
   Increment on tard indicator:     0.0
   Value of tmax indicator:         23.8

Task for patient = 47 with skills = {0,5} and cost = 413.9
   Vehicle #0 = 0, leaving at = 517.2
   Vehicle #1 = 9, leaving at = 568.2
   Increment on distance indicator: 26.3
   Increment on tard indicator:     0.0
   Value of tmax indicator:         26.3

Task for patient = 43 with skills = {2,3} and cost = 425.7
   Vehicle #0 = 1, leaving at = 422.0
   Vehicle #1 = 6, leaving at = 453.0
   Increment on distance indicator: 35.3
   Increment on tard indicator:     0.0
   Value of tmax indicator:         35.3

Task for patient = 10 with skills = {4,-1} and cost = 430.4
   Vehicle #0 = 6, leaving at = 482.1
   Vehicle #1 = -1, leaving at = inf
   Increment on distance indicator: 14.0
   Increment on tard indicator:     0.0
   Value of tmax indicator:         14.0

Task for patient = 42 with skills = {4,5} and cost = 437.0
   Vehicle #0 = 6, leaving at = 509.2
   Vehicle #1 = 4, leaving at = 509.2
   Increment on distance indicator: 19.9
   Increment on tard indicator:     0.0
   Value of tmax indicator:         19.9

Task for patient = 25 with skills = {5,-1} and cost = 439.1
   Vehicle #0 = 5, leaving at = 392.3
   Vehicle #1 = -1, leaving at = inf
   Increment on distance indicator: 6.3
   Increment on tard indicator:     0.0
   Value of tmax indicator:         6.3

Task for patient = 41 with skills = {3,5} and cost = 443.3
   Vehicle #0 = 7, leaving at = 414.0
   Vehicle #1 = 5, leaving at = 414.0
   Increment on distance indicator: 12.5
   Increment on tard indicator:     0.0
   Value of tmax indicator:         12.5

Task for patient = 28 with skills = {2,-1} and cost = 458.7
   Vehicle #0 = 2, leaving at = 499.5
   Vehicle #1 = -1, leaving at = inf
   Increment on distance indicator: 46.4
   Increment on tard indicator:     0.0
   Value of tmax indicator:         46.4

Task for patient = 40 with skills = {3,5} and cost = 481.7
   Vehicle #0 = 8, leaving at = 438.9
   Vehicle #1 = 3, leaving at = 438.9
   Increment on distance indicator: 68.9
   Increment on tard indicator:     0.0
   Value of tmax indicator:         68.9

Task for patient = 30 with skills = {2,-1} and cost = 501.2
   Vehicle #0 = 1, leaving at = 485.0
   Vehicle #1 = -1, leaving at = inf
   Increment on distance indicator: 29.1
   Increment on tard indicator:     0.0
   Value of tmax indicator:         29.1

Task for patient = 1 with skills = {3,-1} and cost = 389.2
   Vehicle #0 = 4, leaving at = 482.6
   Vehicle #1 = -1, leaving at = inf
   Increment on distance indicator: 11.2
   Increment on tard indicator:     0.0
   Value of tmax indicator:         11.2

Task for patient = 49 with skills = {1,4} and cost = 18.4
   Vehicle #0 = 2, leaving at = 56.0
   Vehicle #1 = 3, leaving at = 105.0
   Increment on distance indicator: 55.2
   Increment on tard indicator:     0.0
   Value of tmax indicator:         55.2

Task for patient = 37 with skills = {4,5} and cost = 39.2
   Vehicle #0 = 3, leaving at = 139.0
   Vehicle #1 = 4, leaving at = 139.0
   Increment on distance indicator: 62.4
   Increment on tard indicator:     0.0
   Value of tmax indicator:         62.4

Task for patient = 22 with skills = {1,-1} and cost = 51.2
   Vehicle #0 = 2, leaving at = 107.0
   Vehicle #1 = -1, leaving at = inf
   Increment on distance indicator: 36.0
   Increment on tard indicator:     0.0
   Value of tmax indicator:         36.0

Task for patient = 50 with skills = {0,4} and cost = 63.5
   Vehicle #0 = 0, leaving at = 58.0
   Vehicle #1 = 5, leaving at = 67.0
   Increment on distance indicator: 36.8
   Increment on tard indicator:     0.0
   Value of tmax indicator:         36.8

Task for patient = 5 with skills = {4,-1} and cost = 67.7
   Vehicle #0 = 6, leaving at = 61.0
   Vehicle #1 = -1, leaving at = inf
   Increment on distance indicator: 12.8
   Increment on tard indicator:     0.0
   Value of tmax indicator:         12.8

Task for patient = 39 with skills = {3,4} and cost = 88.3
   Vehicle #0 = 4, leaving at = 184.9
   Vehicle #1 = 3, leaving at = 184.9
   Increment on distance indicator: 61.7
   Increment on tard indicator:     0.0
   Value of tmax indicator:         61.7

Task for patient = 2 with skills = {0,-1} and cost = 104.2
   Vehicle #0 = 0, leaving at = 120.8
   Vehicle #1 = -1, leaving at = inf
   Increment on distance indicator: 47.8
   Increment on tard indicator:     0.0
   Value of tmax indicator:         47.8

Task for patient = 12 with skills = {5,-1} and cost = 109.2
   Vehicle #0 = 6, leaving at = 91.0
   Vehicle #1 = -1, leaving at = inf
   Increment on distance indicator: 15.0
   Increment on tard indicator:     0.0
   Value of tmax indicator:         15.0

Task for patient = 3 with skills = {3,-1} and cost = 118.5
   Vehicle #0 = 4, leaving at = 227.6
   Vehicle #1 = -1, leaving at = inf
   Increment on distance indicator: 27.7
   Increment on tard indicator:     0.0
   Value of tmax indicator:         27.7

Task for patient = 45 with skills = {2,5} and cost = 128.0
   Vehicle #0 = 1, leaving at = 52.5
   Vehicle #1 = 6, leaving at = 110.5
   Increment on distance indicator: 28.7
   Increment on tard indicator:     0.0
   Value of tmax indicator:         28.7

Task for patient = 7 with skills = {1,-1} and cost = 138.7
   Vehicle #0 = 2, leaving at = 153.9
   Vehicle #1 = -1, leaving at = inf
   Increment on distance indicator: 31.9
   Increment on tard indicator:     0.0
   Value of tmax indicator:         31.9

Task for patient = 13 with skills = {3,-1} and cost = 491.6
   Vehicle #0 = 4, leaving at = 553.7
   Vehicle #1 = -1, leaving at = inf
   Increment on distance indicator: 29.5
   Increment on tard indicator:     0.0
   Value of tmax indicator:         29.5

Task for patient = 34 with skills = {2,-1} and cost = 142.2
   Vehicle #0 = 2, leaving at = 175.3
   Vehicle #1 = -1, leaving at = inf
   Increment on distance indicator: 6.4
   Increment on tard indicator:     0.0
   Value of tmax indicator:         6.4

Task for patient = 33 with skills = {0,-1} and cost = 157.0
   Vehicle #0 = 0, leaving at = 180.4
   Vehicle #1 = -1, leaving at = inf
   Increment on distance indicator: 44.6
   Increment on tard indicator:     0.0
   Value of tmax indicator:         44.6

Task for patient = 8 with skills = {4,-1} and cost = 173.4
   Vehicle #0 = 3, leaving at = 223.0
   Vehicle #1 = -1, leaving at = inf
   Increment on distance indicator: 12.2
   Increment on tard indicator:     0.0
   Value of tmax indicator:         12.2

Task for patient = 4 with skills = {0,-1} and cost = 179.2
   Vehicle #0 = 0, leaving at = 212.8
   Vehicle #1 = -1, leaving at = inf
   Increment on distance indicator: 17.5
   Increment on tard indicator:     0.0
   Value of tmax indicator:         17.5

Task for patient = 26 with skills = {1,-1} and cost = 187.2
   Vehicle #0 = 2, leaving at = 233.5
   Vehicle #1 = -1, leaving at = inf
   Increment on distance indicator: 24.0
   Increment on tard indicator:     0.0
   Value of tmax indicator:         24.0

Task for patient = 29 with skills = {2,-1} and cost = 196.7
   Vehicle #0 = 1, leaving at = 240.4
   Vehicle #1 = -1, leaving at = inf
   Increment on distance indicator: 28.4
   Increment on tard indicator:     0.0
   Value of tmax indicator:         28.4

Task for patient = 16 with skills = {0,-1} and cost = 200.3
   Vehicle #0 = 0, leaving at = 255.0
   Vehicle #1 = -1, leaving at = inf
   Increment on distance indicator: 10.8
   Increment on tard indicator:     0.0
   Value of tmax indicator:         10.8

Task for patient = 15 with skills = {3,-1} and cost = 204.2
   Vehicle #0 = 6, leaving at = 150.0
   Vehicle #1 = -1, leaving at = inf
   Increment on distance indicator: 11.7
   Increment on tard indicator:     0.0
   Value of tmax indicator:         11.7

Task for patient = 38 with skills = {4,5} and cost = 218.4
   Vehicle #0 = 3, leaving at = 261.8
   Vehicle #1 = 6, leaving at = 261.8
   Increment on distance indicator: 42.4
   Increment on tard indicator:     0.0
   Value of tmax indicator:         42.4

Task for patient = 21 with skills = {5,-1} and cost = 220.0
   Vehicle #0 = 4, leaving at = 428.0
   Vehicle #1 = -1, leaving at = inf
   Increment on distance indicator: 5.0
   Increment on tard indicator:     0.0
   Value of tmax indicator:         5.0

Task for patient = 24 with skills = {2,-1} and cost = 266.7
   Vehicle #0 = 1, leaving at = 289.4
   Vehicle #1 = -1, leaving at = inf
   Increment on distance indicator: 34.0
   Increment on tard indicator:     0.0
   Value of tmax indicator:         34.0

Task for patient = 32 with skills = {2,-1} and cost = 140.0
   Vehicle #0 = 1, leaving at = 197.0
   Vehicle #1 = -1, leaving at = inf
   Increment on distance indicator: 4.1
   Increment on tard indicator:     0.0
   Value of tmax indicator:         4.1


Unused vehicle list: (total = 0 out of 10)

---
Search finished.
Total of 1900 generations in 42.3 seconds.
Exchange elite runs: 0
Implicit path relinking runs: 0
Reset attempts: 2

Best solution found:
   Cost: 619.6
   Total travel time: 1777.8
   Total tardiness time: 64.4
   Largest tardiness: 16.4


619.6
