This host is: shiva
--- BRKGA-MP-IPR for HHCRSP ---
Instance: /home/alberto/work/gecco2020-brkga/instances-HHCRSP/InstanzVNS_HCSRP_100_3.txt
Seed: 9

Reading data... Problem contains 100 patients  and 20 caregivers.

Summary of supply x demand for each service type:
Skill 0 has supply = 5 and demand = 16, ratio = 0.3125
Skill 1 has supply = 4 and demand = 20, ratio = 0.2
Skill 2 has supply = 3 and demand = 16, ratio = 0.1875
Skill 3 has supply = 11 and demand = 25, ratio = 0.44
Skill 4 has supply = 8 and demand = 27, ratio = 0.296296
Skill 5 has supply = 11 and demand = 26, ratio = 0.423077

Reading parameters...
Inferred distance function by PR type: kendall-tau
Building BRKGA data and initializing...
Evolving 1900 generations...

  Gens  Rem    Local   ElDiv NoImpr             Best solution            Time  Op
                                       Cost     Dist    Tard    TMax 
*    0 1900  3098.31  237.14      0  3098.31  3883.64  5069.3   342.0     0.0    
*    2 1898  2906.27  194.91      0  2906.27  3941.91  4370.9   406.0     0.1    
*    4 1896  2830.67  173.71      0  2830.67  3810.21  3507.9   337.7     0.2    
*    5 1895  2551.95  146.52      0  2551.95  3742.97  3500.9   323.8     0.2    
*    6 1894  2522.56  143.74      0  2522.56  3848.76  2471.8   304.0     0.2    
*    7 1893  2208.18  139.66      0  2208.18  3848.76  2471.8   304.0     0.3    
*   10 1890  1889.71  113.44      0  1889.71  3523.21  1616.6   207.4     0.4    
*   11 1889  1782.41   94.94      0  1782.41  3746.74  1154.4   230.0     0.4    
*   12 1888  1710.37   91.96      0  1710.37  3746.74  1154.4   230.0     0.5    
*   14 1886  1651.50   76.82      0  1651.50  3544.82   983.1   176.7     0.5    
*   15 1885  1568.19   71.17      0  1568.19  3593.31   803.8   136.9     0.6    
*   16 1884  1511.34   63.88      0  1511.34  3685.14   456.8   100.1     0.6    
*   17 1883  1414.02   53.76      0  1414.02  3685.14   456.8   100.1     0.6    
*   19 1881  1397.80   52.78      0  1397.80  3442.05   449.7   106.2     0.7    
*   20 1880  1332.63   52.51      0  1332.63  3416.69   241.4    97.0     0.7    

  Gens  Rem    Local   ElDiv NoImpr             Best solution            Time  Op
                                       Cost     Dist    Tard    TMax 
*   21 1879  1251.72   42.80      0  1251.72  3374.68   211.6    63.2     0.8    
*   22 1878  1216.52   42.03      0  1216.52  3280.03   191.6    55.2     0.8    
*   23 1877  1175.61   44.16      0  1175.61  3261.70   131.7    36.0     0.8    
*   24 1876  1143.12   41.27      0  1143.12  3280.84    66.1    23.4     0.9    
*   25 1875  1123.46   36.69      0  1123.46  3280.84    66.1    23.4     0.9    
*   28 1872  1106.93   30.05      0  1106.93  3155.56   122.1    43.1     1.0    
*   32 1868  1078.70   20.58      0  1078.70  3220.66     9.3     6.1     1.2    
*   34 1866  1059.56   18.69      0  1059.56  3166.17     0.0     0.0     1.2    
*   35 1865  1055.39   18.24      0  1055.39  3158.74     1.0     1.0     1.3    
*   36 1864  1053.58   17.86      0  1053.58  3019.22    92.6    32.8     1.3    
*   37 1863  1048.21   15.80      0  1048.21  3019.22    92.6    32.8     1.3    
*   39 1861  1015.59   15.73      0  1015.59  3046.77     0.0     0.0     1.4    
*   42 1858  1007.87   16.44      0  1007.87  2922.77    45.3    45.3     1.5    
*   43 1857  1004.46   15.74      0  1004.46  2922.77    45.3    45.3     1.5    
*   47 1853   981.21   13.96      0   981.21  2800.70   100.8    29.4     1.7    
*   48 1852   976.99   13.11      0   976.99  2800.70   100.8    29.4     1.7    

  Gens  Rem    Local   ElDiv NoImpr             Best solution            Time  Op
                                       Cost     Dist    Tard    TMax 
    50 1850   976.99   12.29      2   976.99  2800.70   100.8    29.4     1.8    
*   52 1848   958.04   11.97      0   958.04  2846.64    18.7     8.8     1.9    
*   58 1842   944.40   12.00      0   944.40  2804.92     6.0     3.6     2.1    
*   59 1841   938.17   12.88      0   938.17  2768.65     3.9     2.2     2.1    
*   60 1840   924.93   12.77      0   924.93  2768.65     3.9     2.2     2.1    
*   63 1837   918.62   11.79      0   918.62  2753.85     1.0     1.0     2.2    
*   67 1833   916.74   11.32      0   916.74  2730.86     4.5     3.7     2.4    
*   68 1832   912.99   11.97      0   912.99  2715.30     6.3     3.3     2.4    
*   69 1831   908.30   11.12      0   908.30  2715.30     6.3     3.3     2.5    
*   78 1822   880.73   10.11      0   880.73  2642.20     0.0     0.0     2.8    
*   82 1818   879.47    8.98      0   879.47  2638.40     0.0     0.0     2.9    
*   87 1813   875.83    7.79      0   875.83  2620.17     3.7     3.7     3.1    
*   89 1811   870.73    8.21      0   870.73  2612.18     0.0     0.0     3.2    
*   96 1804   870.58    6.30      0   870.58  2597.75     3.7     3.7     3.4    
*   97 1803   868.36    5.66      0   868.36  2597.75     3.7     3.7     3.4    
*   99 1801   865.32    5.35      0   865.32  2588.77     1.4     0.8     3.5    

  Gens  Rem    Local   ElDiv NoImpr             Best solution            Time  Op
                                       Cost     Dist    Tard    TMax 
*  100 1800   863.65    5.51      0   863.65  2588.77     1.4     0.8     3.5    
*  102 1798   858.35    5.52      0   858.35  2571.49     0.0     0.0     3.6    
*  103 1797   857.16    5.06      0   857.16  2557.64     3.6     1.4     3.6    
*  104 1796   854.23    4.76      0   854.23  2557.64     3.6     1.4     3.7    
*  108 1792   847.50    4.65      0   847.50  2533.83     0.0     0.0     3.8    
*  109 1791   844.61    4.77      0   844.61  2533.83     0.0     0.0     3.9    
*  111 1789   841.95    5.37      0   841.95  2487.35     5.1     3.7     3.9    
*  112 1788   832.08    5.11      0   832.08  2487.35     5.1     3.7     4.0    
*  116 1784   831.04    4.02      0   831.04  2489.05     1.4     0.8     4.1    
*  117 1783   830.42    3.85      0   830.42  2489.05     1.4     0.8     4.1    
*  119 1781   822.26    3.74      0   822.26  2464.59     1.4     0.8     4.2    
*  122 1778   818.09    2.98      0   818.09  2450.72     1.4     0.8     4.3    
*  123 1777   817.64    2.61      0   817.64  2449.05     1.4     0.8     4.3    
*  124 1776   817.08    2.60      0   817.08  2443.60     1.4     0.8     4.4    
*  125 1775   815.26    2.15      0   815.26  2443.60     1.4     0.8     4.4    
*  128 1772   814.06    1.46      0   814.06  2439.85     1.4     0.8     4.5    

  Gens  Rem    Local   ElDiv NoImpr             Best solution            Time  Op
                                       Cost     Dist    Tard    TMax 
*  131 1769   813.94    0.34      0   813.94  2437.50     1.4     0.8     4.6    
*  132 1768   813.23    0.28      0   813.23  2434.82     1.4     0.8     4.7    
*  133 1767   812.34    0.31      0   812.34  2434.82     1.4     0.8     4.7    
*  135 1765   812.26    0.42      0   812.26  2434.60     1.4     0.8     4.8    
*  140 1760   812.20    0.02      0   812.20  2434.41     1.4     0.8     4.9    
   150 1750   812.20    0.00     10   812.20  2434.41     1.4     0.8     5.3    
   200 1700   812.20    0.00     60   812.20  2434.41     1.4     0.8     7.0    
   250 1650   812.20    0.00    110   812.20  2434.41     1.4     0.8     8.8    
   300 1600   812.20    0.00    160   812.20  2434.41     1.4     0.8    10.5    
   350 1550   812.20    0.00    210   812.20  2434.41     1.4     0.8    12.3    
   400 1500   812.20    0.00    260   812.20  2434.41     1.4     0.8    14.0    
   450 1450   812.20    0.00    310   812.20  2434.41     1.4     0.8    15.8    
   500 1400   812.20    0.00    360   812.20  2434.41     1.4     0.8    17.5    
   550 1350   812.20    0.00    410   812.20  2434.41     1.4     0.8    19.3    
   600 1300   812.20    0.00    460   812.20  2434.41     1.4     0.8    21.0    
   650 1250   812.20    0.00    510   812.20  2434.41     1.4     0.8    22.8    

  Gens  Rem    Local   ElDiv NoImpr             Best solution            Time  Op
                                       Cost     Dist    Tard    TMax 
   700 1200   812.20    0.00    560   812.20  2434.41     1.4     0.8    24.5    
   750 1150   812.20    0.00    610   812.20  2434.41     1.4     0.8    26.3    
   800 1100   812.20    0.00    660   812.20  2434.41     1.4     0.8    28.0    
   839 1061      inf  244.81      0   812.20  2434.41     1.4     0.8    29.4   R
   840 1060  3367.93  238.02      0   812.20  2434.41     1.4     0.8    29.4    
   850 1050  1900.52  116.91      0   812.20  2434.41     1.4     0.8    29.8    
   900 1000   978.49    9.85      4   812.20  2434.41     1.4     0.8    31.5    
   950  950   879.30    5.62      1   812.20  2434.41     1.4     0.8    33.3    
  1000  900   836.39    0.00      5   812.20  2434.41     1.4     0.8    35.1    
  1050  850   836.39    0.00     55   812.20  2434.41     1.4     0.8    36.8    
  1100  800   836.39    0.00    105   812.20  2434.41     1.4     0.8    38.6    
  1150  750   835.89    0.00      8   812.20  2434.41     1.4     0.8    40.3    
  1200  700   833.91    0.00     43   812.20  2434.41     1.4     0.8    42.1    
  1250  650   833.91    0.00     93   812.20  2434.41     1.4     0.8    43.8    
  1300  600   833.91    0.00    143   812.20  2434.41     1.4     0.8    45.6    
  1350  550   833.91    0.00    193   812.20  2434.41     1.4     0.8    47.3    

  Gens  Rem    Local   ElDiv NoImpr             Best solution            Time  Op
                                       Cost     Dist    Tard    TMax 
  1400  500   833.91    0.00    243   812.20  2434.41     1.4     0.8    49.1    
  1450  450   833.91    0.00    293   812.20  2434.41     1.4     0.8    50.8    
  1500  400   833.91    0.00    343   812.20  2434.41     1.4     0.8    52.6    
  1550  350   833.91    0.00    393   812.20  2434.41     1.4     0.8    54.3    
  1600  300   833.91    0.00    443   812.20  2434.41     1.4     0.8    56.1    
  1650  250   833.91    0.00    493   812.20  2434.41     1.4     0.8    57.8    
  1700  200   833.91    0.00    543   812.20  2434.41     1.4     0.8    59.6    
  1750  150   833.91    0.00    593   812.20  2434.41     1.4     0.8    61.3    
  1800  100   833.91    0.00    643   812.20  2434.41     1.4     0.8    63.1    
  1850   50   833.91    0.00    693   812.20  2434.41     1.4     0.8    64.8    
  1856   44      inf  282.06      0   812.20  2434.41     1.4     0.8    65.1   R
  1857   43  3504.79  240.64      0   812.20  2434.41     1.4     0.8    65.1    
  1900    0  1024.27   16.31      2   812.20  2434.41     1.4     0.8    66.6    
Evolutionary process finished.
Solution written to 'solution-7966.txt'.

Sorted sequence of worst to best tardiness value:
Task for patient = 50 with skills = {2,-1} and cost = 259.1
   Vehicle #0 = 5, leaving at = 190.3
   Vehicle #1 = -1, leaving at = inf
   Increment on distance indicator: 27.3
   Increment on tard indicator:     40.3
   Value of tmax indicator:         27.3

Task for patient = 84 with skills = {3,4} and cost = 538.2
   Vehicle #0 = 18, leaving at = 377.2
   Vehicle #1 = 16, leaving at = 377.2
   Increment on distance indicator: 28.0
   Increment on tard indicator:     20.5
   Value of tmax indicator:         28.0

Task for patient = 4 with skills = {1,-1} and cost = 486.8
   Vehicle #0 = 2, leaving at = 330.4
   Vehicle #1 = -1, leaving at = inf
   Increment on distance indicator: 26.4
   Increment on tard indicator:     13.4
   Value of tmax indicator:         26.4

Task for patient = 86 with skills = {0,5} and cost = 689.6
   Vehicle #0 = 1, leaving at = 465.1
   Vehicle #1 = 17, leaving at = 508.1
   Increment on distance indicator: 8.2
   Increment on tard indicator:     10.1
   Value of tmax indicator:         8.2

Task for patient = 91 with skills = {2,5} and cost = 522.1
   Vehicle #0 = 4, leaving at = 263.0
   Vehicle #1 = 13, leaving at = 323.0
   Increment on distance indicator: 43.6
   Increment on tard indicator:     7.0
   Value of tmax indicator:         43.6

Task for patient = 32 with skills = {5,-1} and cost = 653.8
   Vehicle #0 = 16, leaving at = 415.3
   Vehicle #1 = -1, leaving at = inf
   Increment on distance indicator: 22.0
   Increment on tard indicator:     4.3
   Value of tmax indicator:         22.0

Task for patient = 92 with skills = {1,4} and cost = 399.2
   Vehicle #0 = 3, leaving at = 338.9
   Vehicle #1 = 15, leaving at = 339.9
   Increment on distance indicator: 44.4
   Increment on tard indicator:     2.8
   Value of tmax indicator:         44.4

Task for patient = 90 with skills = {1,3} and cost = 383.5
   Vehicle #0 = 2, leaving at = 255.0
   Vehicle #1 = 17, leaving at = 289.0
   Increment on distance indicator: 85.2
   Increment on tard indicator:     2.0
   Value of tmax indicator:         85.2

Task for patient = 87 with skills = {0,3} and cost = 618.9
   Vehicle #0 = 1, leaving at = 414.0
   Vehicle #1 = 7, leaving at = 450.0
   Increment on distance indicator: 17.7
   Increment on tard indicator:     0.0
   Value of tmax indicator:         17.7

Task for patient = 76 with skills = {4,5} and cost = 613.0
   Vehicle #0 = 8, leaving at = 402.0
   Vehicle #1 = 11, leaving at = 402.0
   Increment on distance indicator: 35.1
   Increment on tard indicator:     0.0
   Value of tmax indicator:         35.1

Task for patient = 38 with skills = {0,-1} and cost = 601.3
   Vehicle #0 = 0, leaving at = 352.1
   Vehicle #1 = -1, leaving at = inf
   Increment on distance indicator: 21.1
   Increment on tard indicator:     0.0
   Value of tmax indicator:         21.1

Task for patient = 79 with skills = {3,5} and cost = 594.2
   Vehicle #0 = 12, leaving at = 379.5
   Vehicle #1 = 13, leaving at = 379.5
   Increment on distance indicator: 20.8
   Increment on tard indicator:     0.0
   Value of tmax indicator:         20.8

Task for patient = 95 with skills = {0,5} and cost = 587.3
   Vehicle #0 = 0, leaving at = 315.0
   Vehicle #1 = 10, leaving at = 352.0
   Increment on distance indicator: 19.1
   Increment on tard indicator:     0.0
   Value of tmax indicator:         19.1

Task for patient = 57 with skills = {3,-1} and cost = 580.9
   Vehicle #0 = 18, leaving at = 406.8
   Vehicle #1 = -1, leaving at = inf
   Increment on distance indicator: 13.6
   Increment on tard indicator:     0.0
   Value of tmax indicator:         13.6

Task for patient = 14 with skills = {4,-1} and cost = 576.4
   Vehicle #0 = 8, leaving at = 354.3
   Vehicle #1 = -1, leaving at = inf
   Increment on distance indicator: 21.9
   Increment on tard indicator:     0.0
   Value of tmax indicator:         21.9

Task for patient = 67 with skills = {1,-1} and cost = 569.1
   Vehicle #0 = 5, leaving at = 375.6
   Vehicle #1 = -1, leaving at = inf
   Increment on distance indicator: 18.4
   Increment on tard indicator:     0.0
   Value of tmax indicator:         18.4

Task for patient = 29 with skills = {2,-1} and cost = 623.0
   Vehicle #0 = 4, leaving at = 334.5
   Vehicle #1 = -1, leaving at = inf
   Increment on distance indicator: 12.5
   Increment on tard indicator:     0.0
   Value of tmax indicator:         12.5

Task for patient = 68 with skills = {0,-1} and cost = 561.3
   Vehicle #0 = 6, leaving at = 298.0
   Vehicle #1 = -1, leaving at = inf
   Increment on distance indicator: 5.0
   Increment on tard indicator:     0.0
   Value of tmax indicator:         5.0

Task for patient = 48 with skills = {5,-1} and cost = 559.6
   Vehicle #0 = 12, leaving at = 351.0
   Vehicle #1 = -1, leaving at = inf
   Increment on distance indicator: 10.0
   Increment on tard indicator:     0.0
   Value of tmax indicator:         10.0

Task for patient = 58 with skills = {4,-1} and cost = 556.3
   Vehicle #0 = 19, leaving at = 302.0
   Vehicle #1 = -1, leaving at = inf
   Increment on distance indicator: 4.5
   Increment on tard indicator:     0.0
   Value of tmax indicator:         4.5

Task for patient = 73 with skills = {4,5} and cost = 554.8
   Vehicle #0 = 9, leaving at = 397.0
   Vehicle #1 = 15, leaving at = 397.0
   Increment on distance indicator: 28.1
   Increment on tard indicator:     0.0
   Value of tmax indicator:         28.1

Task for patient = 69 with skills = {2,-1} and cost = 545.5
   Vehicle #0 = 4, leaving at = 306.0
   Vehicle #1 = -1, leaving at = inf
   Increment on distance indicator: 5.4
   Increment on tard indicator:     0.0
   Value of tmax indicator:         5.4

Task for patient = 56 with skills = {4,-1} and cost = 543.7
   Vehicle #0 = 19, leaving at = 254.0
   Vehicle #1 = -1, leaving at = inf
   Increment on distance indicator: 16.3
   Increment on tard indicator:     0.0
   Value of tmax indicator:         16.3

Task for patient = 17 with skills = {0,-1} and cost = 505.2
   Vehicle #0 = 1, leaving at = 352.0
   Vehicle #1 = -1, leaving at = inf
   Increment on distance indicator: 16.2
   Increment on tard indicator:     0.0
   Value of tmax indicator:         16.2

Task for patient = 64 with skills = {2,-1} and cost = 499.8
   Vehicle #0 = 2, leaving at = 362.8
   Vehicle #1 = -1, leaving at = inf
   Increment on distance indicator: 16.4
   Increment on tard indicator:     0.0
   Value of tmax indicator:         16.4

Task for patient = 75 with skills = {4,5} and cost = 494.4
   Vehicle #0 = 16, leaving at = 347.2
   Vehicle #1 = 18, leaving at = 347.2
   Increment on distance indicator: 22.8
   Increment on tard indicator:     0.0
   Value of tmax indicator:         22.8

Task for patient = 18 with skills = {3,-1} and cost = 563.0
   Vehicle #0 = 8, leaving at = 316.4
   Vehicle #1 = -1, leaving at = inf
   Increment on distance indicator: 5.0
   Increment on tard indicator:     0.0
   Value of tmax indicator:         5.0

Task for patient = 78 with skills = {4,5} and cost = 796.1
   Vehicle #0 = 16, leaving at = 489.0
   Vehicle #1 = 11, leaving at = 489.0
   Increment on distance indicator: 30.8
   Increment on tard indicator:     0.0
   Value of tmax indicator:         30.8

Task for patient = 99 with skills = {2,5} and cost = 785.8
   Vehicle #0 = 2, leaving at = 515.1
   Vehicle #1 = 17, leaving at = 561.1
   Increment on distance indicator: 24.0
   Increment on tard indicator:     0.0
   Value of tmax indicator:         24.0

Task for patient = 31 with skills = {2,-1} and cost = 777.8
   Vehicle #0 = 5, leaving at = 494.1
   Vehicle #1 = -1, leaving at = inf
   Increment on distance indicator: 12.1
   Increment on tard indicator:     0.0
   Value of tmax indicator:         12.1

Task for patient = 60 with skills = {0,-1} and cost = 773.8
   Vehicle #0 = 5, leaving at = 466.0
   Vehicle #1 = -1, leaving at = inf
   Increment on distance indicator: 15.1
   Increment on tard indicator:     0.0
   Value of tmax indicator:         15.1

Task for patient = 52 with skills = {3,-1} and cost = 768.7
   Vehicle #0 = 18, leaving at = 494.4
   Vehicle #1 = -1, leaving at = inf
   Increment on distance indicator: 2.2
   Increment on tard indicator:     0.0
   Value of tmax indicator:         2.2

Task for patient = 25 with skills = {4,-1} and cost = 768.0
   Vehicle #0 = 8, leaving at = 467.9
   Vehicle #1 = -1, leaving at = inf
   Increment on distance indicator: 15.0
   Increment on tard indicator:     0.0
   Value of tmax indicator:         15.0

Task for patient = 97 with skills = {2,4} and cost = 763.0
   Vehicle #0 = 4, leaving at = 430.0
   Vehicle #1 = 9, leaving at = 451.0
   Increment on distance indicator: 31.6
   Increment on tard indicator:     0.0
   Value of tmax indicator:         31.6

Task for patient = 77 with skills = {3,4} and cost = 752.5
   Vehicle #0 = 10, leaving at = 561.7
   Vehicle #1 = 12, leaving at = 561.7
   Increment on distance indicator: 24.7
   Increment on tard indicator:     0.0
   Value of tmax indicator:         24.7

Task for patient = 81 with skills = {4,5} and cost = 744.2
   Vehicle #0 = 12, leaving at = 533.3
   Vehicle #1 = 10, leaving at = 533.3
   Increment on distance indicator: 39.7
   Increment on tard indicator:     0.0
   Value of tmax indicator:         39.7

Task for patient = 54 with skills = {1,-1} and cost = 731.0
   Vehicle #0 = 2, leaving at = 485.0
   Vehicle #1 = -1, leaving at = inf
   Increment on distance indicator: 24.7
   Increment on tard indicator:     0.0
   Value of tmax indicator:         24.7

Task for patient = 72 with skills = {4,5} and cost = 722.7
   Vehicle #0 = 19, leaving at = 436.9
   Vehicle #1 = 8, leaving at = 436.9
   Increment on distance indicator: 34.1
   Increment on tard indicator:     0.0
   Value of tmax indicator:         34.1

Task for patient = 30 with skills = {5,-1} and cost = 628.4
   Vehicle #0 = 12, leaving at = 489.0
   Vehicle #1 = -1, leaving at = inf
   Increment on distance indicator: 5.7
   Increment on tard indicator:     0.0
   Value of tmax indicator:         5.7

Task for patient = 39 with skills = {3,-1} and cost = 700.9
   Vehicle #0 = 10, leaving at = 409.0
   Vehicle #1 = -1, leaving at = inf
   Increment on distance indicator: 19.1
   Increment on tard indicator:     0.0
   Value of tmax indicator:         19.1

Task for patient = 19 with skills = {4,-1} and cost = 694.6
   Vehicle #0 = 19, leaving at = 332.9
   Vehicle #1 = -1, leaving at = inf
   Increment on distance indicator: 14.9
   Increment on tard indicator:     0.0
   Value of tmax indicator:         14.9

Task for patient = 11 with skills = {3,-1} and cost = 683.5
   Vehicle #0 = 14, leaving at = 481.0
   Vehicle #1 = -1, leaving at = inf
   Increment on distance indicator: 11.4
   Increment on tard indicator:     0.0
   Value of tmax indicator:         11.4

Task for patient = 12 with skills = {4,-1} and cost = 679.7
   Vehicle #0 = 14, leaving at = 338.0
   Vehicle #1 = -1, leaving at = inf
   Increment on distance indicator: 14.1
   Increment on tard indicator:     0.0
   Value of tmax indicator:         14.1

Task for patient = 21 with skills = {1,-1} and cost = 675.0
   Vehicle #0 = 3, leaving at = 393.1
   Vehicle #1 = -1, leaving at = inf
   Increment on distance indicator: 13.6
   Increment on tard indicator:     0.0
   Value of tmax indicator:         13.6

Task for patient = 82 with skills = {3,5} and cost = 670.4
   Vehicle #0 = 7, leaving at = 476.2
   Vehicle #1 = 18, leaving at = 476.2
   Increment on distance indicator: 19.3
   Increment on tard indicator:     0.0
   Value of tmax indicator:         19.3

Task for patient = 94 with skills = {0,5} and cost = 664.0
   Vehicle #0 = 1, leaving at = 445.0
   Vehicle #1 = 17, leaving at = 474.0
   Increment on distance indicator: 30.8
   Increment on tard indicator:     0.0
   Value of tmax indicator:         30.8

Task for patient = 3 with skills = {0,-1} and cost = 645.0
   Vehicle #0 = 6, leaving at = 466.0
   Vehicle #1 = -1, leaving at = inf
   Increment on distance indicator: 32.0
   Increment on tard indicator:     0.0
   Value of tmax indicator:         32.0

Task for patient = 51 with skills = {3,-1} and cost = 634.3
   Vehicle #0 = 18, leaving at = 432.0
   Vehicle #1 = -1, leaving at = inf
   Increment on distance indicator: 9.2
   Increment on tard indicator:     0.0
   Value of tmax indicator:         9.2

Task for patient = 65 with skills = {1,-1} and cost = 631.3
   Vehicle #0 = 3, leaving at = 363.5
   Vehicle #1 = -1, leaving at = inf
   Increment on distance indicator: 8.6
   Increment on tard indicator:     0.0
   Value of tmax indicator:         8.6

Task for patient = 37 with skills = {3,-1} and cost = 626.5
   Vehicle #0 = 12, leaving at = 457.0
   Vehicle #1 = -1, leaving at = inf
   Increment on distance indicator: 10.4
   Increment on tard indicator:     0.0
   Value of tmax indicator:         10.4

Task for patient = 66 with skills = {3,-1} and cost = 711.4
   Vehicle #0 = 7, leaving at = 523.5
   Vehicle #1 = -1, leaving at = inf
   Increment on distance indicator: 31.3
   Increment on tard indicator:     0.0
   Value of tmax indicator:         31.3

Task for patient = 8 with skills = {4,-1} and cost = 223.1
   Vehicle #0 = 8, leaving at = 260.0
   Vehicle #1 = -1, leaving at = inf
   Increment on distance indicator: 11.2
   Increment on tard indicator:     0.0
   Value of tmax indicator:         11.2

Task for patient = 62 with skills = {1,-1} and cost = 219.4
   Vehicle #0 = 3, leaving at = 172.6
   Vehicle #1 = -1, leaving at = inf
   Increment on distance indicator: 25.6
   Increment on tard indicator:     0.0
   Value of tmax indicator:         25.6

Task for patient = 33 with skills = {0,-1} and cost = 210.8
   Vehicle #0 = 5, leaving at = 147.0
   Vehicle #1 = -1, leaving at = inf
   Increment on distance indicator: 42.0
   Increment on tard indicator:     0.0
   Value of tmax indicator:         42.0

Task for patient = 83 with skills = {4,5} and cost = 196.8
   Vehicle #0 = 15, leaving at = 200.0
   Vehicle #1 = 13, leaving at = 200.0
   Increment on distance indicator: 28.3
   Increment on tard indicator:     0.0
   Value of tmax indicator:         28.3

Task for patient = 63 with skills = {1,-1} and cost = 187.4
   Vehicle #0 = 3, leaving at = 131.0
   Vehicle #1 = -1, leaving at = inf
   Increment on distance indicator: 6.7
   Increment on tard indicator:     0.0
   Value of tmax indicator:         6.7

Task for patient = 40 with skills = {1,-1} and cost = 185.1
   Vehicle #0 = 2, leaving at = 181.0
   Vehicle #1 = -1, leaving at = inf
   Increment on distance indicator: 36.9
   Increment on tard indicator:     0.0
   Value of tmax indicator:         36.9

Task for patient = 49 with skills = {4,-1} and cost = 172.8
   Vehicle #0 = 12, leaving at = 211.0
   Vehicle #1 = -1, leaving at = inf
   Increment on distance indicator: 13.0
   Increment on tard indicator:     0.0
   Value of tmax indicator:         13.0

Task for patient = 71 with skills = {3,4} and cost = 168.5
   Vehicle #0 = 7, leaving at = 116.1
   Vehicle #1 = 14, leaving at = 116.1
   Increment on distance indicator: 55.5
   Increment on tard indicator:     0.0
   Value of tmax indicator:         55.5

Task for patient = 7 with skills = {3,-1} and cost = 150.0
   Vehicle #0 = 8, leaving at = 163.2
   Vehicle #1 = -1, leaving at = inf
   Increment on distance indicator: 16.1
   Increment on tard indicator:     0.0
   Value of tmax indicator:         16.1

Task for patient = 70 with skills = {5,-1} and cost = 144.6
   Vehicle #0 = 11, leaving at = 120.7
   Vehicle #1 = -1, leaving at = inf
   Increment on distance indicator: 8.1
   Increment on tard indicator:     0.0
   Value of tmax indicator:         8.1

Task for patient = 1 with skills = {2,-1} and cost = 141.9
   Vehicle #0 = 4, leaving at = 150.0
   Vehicle #1 = -1, leaving at = inf
   Increment on distance indicator: 36.9
   Increment on tard indicator:     0.0
   Value of tmax indicator:         36.9

Task for patient = 13 with skills = {5,-1} and cost = 470.1
   Vehicle #0 = 8, leaving at = 295.4
   Vehicle #1 = -1, leaving at = inf
   Increment on distance indicator: 19.4
   Increment on tard indicator:     0.0
   Value of tmax indicator:         19.4

Task for patient = 16 with skills = {4,-1} and cost = 128.3
   Vehicle #0 = 12, leaving at = 182.0
   Vehicle #1 = -1, leaving at = inf
   Increment on distance indicator: 12.0
   Increment on tard indicator:     0.0
   Value of tmax indicator:         12.0

Task for patient = 96 with skills = {0,5} and cost = 124.3
   Vehicle #0 = 3, leaving at = 78.6
   Vehicle #1 = 11, leaving at = 96.6
   Increment on distance indicator: 45.4
   Increment on tard indicator:     0.0
   Value of tmax indicator:         45.4

Task for patient = 10 with skills = {1,-1} and cost = 109.2
   Vehicle #0 = 0, leaving at = 164.2
   Vehicle #1 = -1, leaving at = inf
   Increment on distance indicator: 22.2
   Increment on tard indicator:     0.0
   Value of tmax indicator:         22.2

Task for patient = 98 with skills = {2,4} and cost = 101.7
   Vehicle #0 = 2, leaving at = 128.1
   Vehicle #1 = 8, leaving at = 131.1
   Increment on distance indicator: 15.1
   Increment on tard indicator:     0.0
   Value of tmax indicator:         15.1

Task for patient = 20 with skills = {1,-1} and cost = 96.7
   Vehicle #0 = 5, leaving at = 39.0
   Vehicle #1 = -1, leaving at = inf
   Increment on distance indicator: 23.0
   Increment on tard indicator:     0.0
   Value of tmax indicator:         23.0

Task for patient = 28 with skills = {5,-1} and cost = 89.1
   Vehicle #0 = 10, leaving at = 75.0
   Vehicle #1 = -1, leaving at = inf
   Increment on distance indicator: 43.4
   Increment on tard indicator:     0.0
   Value of tmax indicator:         43.4

Task for patient = 23 with skills = {1,-1} and cost = 74.6
   Vehicle #0 = 3, leaving at = 41.0
   Vehicle #1 = -1, leaving at = inf
   Increment on distance indicator: 7.8
   Increment on tard indicator:     0.0
   Value of tmax indicator:         7.8

Task for patient = 88 with skills = {1,5} and cost = 72.0
   Vehicle #0 = 0, leaving at = 126.0
   Vehicle #1 = 9, leaving at = 170.0
   Increment on distance indicator: 52.2
   Increment on tard indicator:     0.0
   Value of tmax indicator:         52.2

Task for patient = 9 with skills = {1,-1} and cost = 54.6
   Vehicle #0 = 2, leaving at = 105.0
   Vehicle #1 = -1, leaving at = inf
   Increment on distance indicator: 31.9
   Increment on tard indicator:     0.0
   Value of tmax indicator:         31.9

Task for patient = 74 with skills = {3,4} and cost = 44.0
   Vehicle #0 = 7, leaving at = 91.0
   Vehicle #1 = 8, leaving at = 91.0
   Increment on distance indicator: 90.8
   Increment on tard indicator:     0.0
   Value of tmax indicator:         90.8

Task for patient = 35 with skills = {2,-1} and cost = 13.7
   Vehicle #0 = 2, leaving at = 57.1
   Vehicle #1 = -1, leaving at = inf
   Increment on distance indicator: 41.1
   Increment on tard indicator:     0.0
   Value of tmax indicator:         41.1

Task for patient = 26 with skills = {1,-1} and cost = 129.6
   Vehicle #0 = 5, leaving at = 89.0
   Vehicle #1 = -1, leaving at = inf
   Increment on distance indicator: 4.0
   Increment on tard indicator:     0.0
   Value of tmax indicator:         4.0

Task for patient = 2 with skills = {2,-1} and cost = 473.5
   Vehicle #0 = 4, leaving at = 207.6
   Vehicle #1 = -1, leaving at = inf
   Increment on distance indicator: 10.3
   Increment on tard indicator:     0.0
   Value of tmax indicator:         10.3

Task for patient = 5 with skills = {0,-1} and cost = 801.8
   Vehicle #0 = 5, leaving at = 527.3
   Vehicle #1 = -1, leaving at = inf
   Increment on distance indicator: 17.2
   Increment on tard indicator:     0.0
   Value of tmax indicator:         17.2

Task for patient = 59 with skills = {0,-1} and cost = 463.6
   Vehicle #0 = 1, leaving at = 213.0
   Vehicle #1 = -1, leaving at = inf
   Increment on distance indicator: 9.0
   Increment on tard indicator:     0.0
   Value of tmax indicator:         9.0

Task for patient = 47 with skills = {2,-1} and cost = 460.6
   Vehicle #0 = 5, leaving at = 341.2
   Vehicle #1 = -1, leaving at = inf
   Increment on distance indicator: 37.2
   Increment on tard indicator:     0.0
   Value of tmax indicator:         37.2

Task for patient = 45 with skills = {2,-1} and cost = 448.2
   Vehicle #0 = 2, leaving at = 288.0
   Vehicle #1 = -1, leaving at = inf
   Increment on distance indicator: 17.0
   Increment on tard indicator:     0.0
   Value of tmax indicator:         17.0

Task for patient = 6 with skills = {0,-1} and cost = 442.5
   Vehicle #0 = 1, leaving at = 188.0
   Vehicle #1 = -1, leaving at = inf
   Increment on distance indicator: 24.0
   Increment on tard indicator:     0.0
   Value of tmax indicator:         24.0

Task for patient = 22 with skills = {0,-1} and cost = 434.5
   Vehicle #0 = 1, leaving at = 148.0
   Vehicle #1 = -1, leaving at = inf
   Increment on distance indicator: 41.2
   Increment on tard indicator:     0.0
   Value of tmax indicator:         41.2

Task for patient = 85 with skills = {3,5} and cost = 420.8
   Vehicle #0 = 18, leaving at = 319.8
   Vehicle #1 = 16, leaving at = 319.8
   Increment on distance indicator: 26.4
   Increment on tard indicator:     0.0
   Value of tmax indicator:         26.4

Task for patient = 89 with skills = {1,3} and cost = 412.0
   Vehicle #0 = 0, leaving at = 232.8
   Vehicle #1 = 12, leaving at = 275.8
   Increment on distance indicator: 35.3
   Increment on tard indicator:     0.0
   Value of tmax indicator:         35.3

Task for patient = 24 with skills = {5,-1} and cost = 400.2
   Vehicle #0 = 12, leaving at = 230.0
   Vehicle #1 = -1, leaving at = inf
   Increment on distance indicator: 3.0
   Increment on tard indicator:     0.0
   Value of tmax indicator:         3.0

Task for patient = 34 with skills = {0,-1} and cost = 354.5
   Vehicle #0 = 3, leaving at = 285.2
   Vehicle #1 = -1, leaving at = inf
   Increment on distance indicator: 9.1
   Increment on tard indicator:     0.0
   Value of tmax indicator:         9.1

Task for patient = 46 with skills = {4,-1} and cost = 259.4
   Vehicle #0 = 9, leaving at = 278.0
   Vehicle #1 = -1, leaving at = inf
   Increment on distance indicator: 1.0
   Increment on tard indicator:     0.0
   Value of tmax indicator:         1.0

Task for patient = 43 with skills = {2,-1} and cost = 343.4
   Vehicle #0 = 5, leaving at = 288.0
   Vehicle #1 = -1, leaving at = inf
   Increment on distance indicator: 15.0
   Increment on tard indicator:     0.0
   Value of tmax indicator:         15.0

Task for patient = 42 with skills = {5,-1} and cost = 338.3
   Vehicle #0 = 13, leaving at = 218.2
   Vehicle #1 = -1, leaving at = inf
   Increment on distance indicator: 2.2
   Increment on tard indicator:     0.0
   Value of tmax indicator:         2.2

Task for patient = 41 with skills = {1,-1} and cost = 337.6
   Vehicle #0 = 3, leaving at = 233.0
   Vehicle #1 = -1, leaving at = inf
   Increment on distance indicator: 20.2
   Increment on tard indicator:     0.0
   Value of tmax indicator:         20.2

Task for patient = 15 with skills = {3,-1} and cost = 330.9
   Vehicle #0 = 17, leaving at = 97.1
   Vehicle #1 = -1, leaving at = inf
   Increment on distance indicator: 8.1
   Increment on tard indicator:     0.0
   Value of tmax indicator:         8.1

Task for patient = 44 with skills = {4,-1} and cost = 328.2
   Vehicle #0 = 14, leaving at = 147.7
   Vehicle #1 = -1, leaving at = inf
   Increment on distance indicator: 15.7
   Increment on tard indicator:     0.0
   Value of tmax indicator:         15.7

Task for patient = 27 with skills = {5,-1} and cost = 322.9
   Vehicle #0 = 11, leaving at = 154.8
   Vehicle #1 = -1, leaving at = inf
   Increment on distance indicator: 18.1
   Increment on tard indicator:     0.0
   Value of tmax indicator:         18.1

Task for patient = 61 with skills = {2,-1} and cost = 316.9
   Vehicle #0 = 4, leaving at = 181.3
   Vehicle #1 = -1, leaving at = inf
   Increment on distance indicator: 15.3
   Increment on tard indicator:     0.0
   Value of tmax indicator:         15.3

Task for patient = 53 with skills = {3,-1} and cost = 311.8
   Vehicle #0 = 9, leaving at = 373.0
   Vehicle #1 = -1, leaving at = inf
   Increment on distance indicator: 14.4
   Increment on tard indicator:     0.0
   Value of tmax indicator:         14.4

Task for patient = 80 with skills = {3,4} and cost = 307.0
   Vehicle #0 = 18, leaving at = 131.0
   Vehicle #1 = 16, leaving at = 131.0
   Increment on distance indicator: 83.5
   Increment on tard indicator:     0.0
   Value of tmax indicator:         83.5

Task for patient = 55 with skills = {3,-1} and cost = 279.2
   Vehicle #0 = 7, leaving at = 149.5
   Vehicle #1 = -1, leaving at = inf
   Increment on distance indicator: 17.5
   Increment on tard indicator:     0.0
   Value of tmax indicator:         17.5

Task for patient = 100 with skills = {1,3} and cost = 273.3
   Vehicle #0 = 0, leaving at = 198.0
   Vehicle #1 = 10, leaving at = 211.0
   Increment on distance indicator: 24.8
   Increment on tard indicator:     0.0
   Value of tmax indicator:         24.8

Task for patient = 36 with skills = {3,-1} and cost = 265.1
   Vehicle #0 = 17, leaving at = 73.0
   Vehicle #1 = -1, leaving at = inf
   Increment on distance indicator: 17.0
   Increment on tard indicator:     0.0
   Value of tmax indicator:         17.0

Task for patient = 93 with skills = {1,4} and cost = 351.5
   Vehicle #0 = 3, leaving at = 260.2
   Vehicle #1 = 16, leaving at = 284.2
   Increment on distance indicator: 24.3
   Increment on tard indicator:     0.0
   Value of tmax indicator:         24.3


Unused vehicle list: (total = 0 out of 20)

---
Search finished.
Total of 1900 generations in 66.6 seconds.
Exchange elite runs: 0
Implicit path relinking runs: 0
Reset attempts: 2

Best solution found:
   Cost: 812.2
   Total travel time: 2434.4
   Total tardiness time: 1.4
   Largest tardiness: 0.8


812.2
