This host is: malboro
--- BRKGA-MP-IPR for HHCRSP ---
Instance: /home/alberto/work/gecco2020-brkga/instances-HHCRSP/InstanzVNS_HCSRP_100_9.txt
Seed: 6

Reading data... Problem contains 100 patients  and 20 caregivers.

Summary of supply x demand for each service type:
Skill 0 has supply = 6 and demand = 19, ratio = 0.315789
Skill 1 has supply = 4 and demand = 12, ratio = 0.333333
Skill 2 has supply = 3 and demand = 21, ratio = 0.142857
Skill 3 has supply = 8 and demand = 19, ratio = 0.421053
Skill 4 has supply = 9 and demand = 30, ratio = 0.3
Skill 5 has supply = 11 and demand = 29, ratio = 0.37931

Reading parameters...
Inferred distance function by PR type: kendall-tau
Building BRKGA data and initializing...
Evolving 1900 generations...

  Gens  Rem    Local   ElDiv NoImpr             Best solution            Time  Op
                                       Cost     Dist    Tard    TMax 
*    0 1900  3554.28  221.14      0  3554.28  4846.82  5328.8   487.2     0.0    
*    2 1898  3470.37  226.03      0  3470.37  4665.16  3841.4   417.4     0.1    
*    3 1897  2974.65  221.14      0  2974.65  4392.90  3985.5   337.9     0.1    
*    4 1896  2905.43  228.17      0  2905.43  4402.58  2636.7   294.7     0.2    
*    5 1895  2444.66  181.42      0  2444.66  4402.58  2636.7   294.7     0.2    
*    8 1892  2300.74  142.58      0  2300.74  4538.31  2081.0   282.9     0.3    
*   10 1890  2245.33  101.18      0  2245.33  4195.16  1771.0   251.7     0.4    
*   11 1889  2072.62   88.87      0  2072.62  4195.16  1771.0   251.7     0.4    
*   13 1887  1799.16  111.27      0  1799.16  4586.58   677.9    90.5     0.5    
*   14 1886  1785.02   97.78      0  1785.02  4396.01   392.1    76.2     0.6    
*   15 1885  1621.41   77.21      0  1621.41  4396.01   392.1    76.2     0.6    
*   19 1881  1607.02   60.32      0  1607.02  4404.17   239.7    68.2     0.7    
*   20 1880  1570.68   53.07      0  1570.68  4404.17   239.7    68.2     0.8    
*   22 1878  1489.66   44.43      0  1489.66  3869.04   464.7   135.2     0.8    
*   24 1876  1462.80   39.81      0  1462.80  4046.51   198.8    65.8     0.9    

  Gens  Rem    Local   ElDiv NoImpr             Best solution            Time  Op
                                       Cost     Dist    Tard    TMax 
*   25 1875  1437.05   36.14      0  1437.05  4052.83   123.0    63.4     1.0    
*   26 1874  1413.08   31.85      0  1413.08  4052.83   123.0    63.4     1.0    
*   28 1872  1390.05   32.32      0  1390.05  4020.84   132.6    16.7     1.1    
*   30 1870  1368.22   27.09      0  1368.22  3865.96   187.1    51.5     1.1    
*   33 1867  1365.17   24.84      0  1365.17  3874.53   134.8    43.7     1.3    
*   34 1866  1351.02   23.25      0  1351.02  3874.53   134.8    43.7     1.3    
*   36 1864  1340.44   26.34      0  1340.44  3560.07   294.8    68.0     1.4    
*   37 1863  1307.63   23.36      0  1307.63  3560.07   294.8    68.0     1.4    
*   39 1861  1275.32   25.91      0  1275.32  3693.48    80.9    51.6     1.5    
*   44 1856  1258.27   23.22      0  1258.27  3631.68   117.3    25.9     1.7    
*   50 1850  1240.75   14.45      0  1240.75  3677.10    31.0    14.1     1.9    
*   52 1848  1239.48   14.48      0  1239.48  3586.71    97.5    34.2     1.9    
*   54 1846  1193.66   17.48      0  1193.66  3538.22    31.1    11.6     2.0    
*   65 1835  1187.67   12.50      0  1187.67  3355.31   159.8    47.9     2.4    
*   68 1832  1170.12   12.11      0  1170.12  3435.46    54.3    20.6     2.5    
*   76 1824  1151.26   11.98      0  1151.26  3342.07    92.6    19.1     2.8    

  Gens  Rem    Local   ElDiv NoImpr             Best solution            Time  Op
                                       Cost     Dist    Tard    TMax 
*   79 1821  1147.12   12.67      0  1147.12  3377.18    37.8    26.4     2.9    
*   82 1818  1124.79   13.11      0  1124.79  3253.70    80.4    29.1     3.1    
*   83 1817  1121.07   12.93      0  1121.07  3253.70    80.4    29.1     3.1    
*   88 1812  1117.98   11.29      0  1117.98  3301.82    32.4    19.8     3.3    
*   91 1809  1088.04   12.37      0  1088.04  3177.99    59.7    26.4     3.4    
*   96 1804  1083.24   13.14      0  1083.24  3192.61    26.6     9.5     3.6    
*   97 1803  1076.24   13.22      0  1076.24  3178.61    32.0    17.5     3.6    
*   98 1802  1076.02   11.81      0  1076.02  3178.61    32.0    17.5     3.6    
   100 1800  1076.02   10.51      2  1076.02  3178.61    32.0    17.5     3.7    
*  103 1797  1061.45    8.03      0  1061.45  3119.79    38.2    26.4     3.8    
*  106 1794  1061.07    9.29      0  1061.07  3084.01    31.7    17.5     3.9    
*  107 1793  1044.41    8.84      0  1044.41  3084.01    31.7    17.5     4.0    
*  113 1787  1040.90    8.76      0  1040.90  3060.60    20.9     5.7     4.2    
*  114 1786  1029.06    9.58      0  1029.06  3006.75    32.4    17.8     4.2    
*  115 1785  1018.96    8.65      0  1018.96  3006.75    32.4    17.8     4.3    
*  120 1780  1010.96    6.53      0  1010.96  2992.40    23.0    17.5     4.5    

  Gens  Rem    Local   ElDiv NoImpr             Best solution            Time  Op
                                       Cost     Dist    Tard    TMax 
*  123 1777  1002.37    5.79      0  1002.37  2959.58    29.8    17.8     4.6    
*  130 1770   998.99    3.10      0   998.99  2985.03     4.5     3.0     4.8    
*  131 1769   997.50    2.96      0   997.50  2985.03     4.5     3.0     4.9    
*  133 1767   987.22    3.48      0   987.22  2912.31    31.9    17.5     4.9    
*  137 1763   984.70    3.30      0   984.70  2906.16    27.0    17.5     5.1    
*  138 1762   983.56    3.03      0   983.56  2906.16    27.0    17.5     5.1    
*  140 1760   983.48    2.22      0   983.48  2940.15     3.8     1.5     5.2    
*  141 1759   981.82    1.48      0   981.82  2940.15     3.8     1.5     5.2    
*  146 1754   979.98    0.82      0   979.98  2932.73     5.1     2.1     5.4    
*  149 1751   978.44    0.85      0   978.44  2925.76     6.7     2.9     5.5    
   150 1750   978.44    0.83      1   978.44  2925.76     6.7     2.9     5.6    
*  152 1748   977.71    0.87      0   977.71  2927.83     3.8     1.5     5.6    
*  154 1746   972.33    0.96      0   972.33  2911.69     3.8     1.5     5.7    
*  157 1743   971.36    1.87      0   971.36  2904.54     6.7     2.9     5.8    
*  160 1740   969.90    1.01      0   969.90  2893.54     6.7     2.9     5.9    
*  161 1739   967.69    1.55      0   967.69  2890.31     8.0     2.9     6.0    

  Gens  Rem    Local   ElDiv NoImpr             Best solution            Time  Op
                                       Cost     Dist    Tard    TMax 
*  162 1738   967.05    1.52      0   967.05  2890.31     8.0     2.9     6.0    
*  164 1736   966.75    0.52      0   966.75  2889.83     5.1     2.1     6.1    
*  165 1735   965.68    0.59      0   965.68  2888.59     5.1     2.1     6.1    
*  166 1734   965.26    0.67      0   965.26  2887.52     3.1     1.5     6.1    
*  167 1733   964.03    0.45      0   964.03  2887.52     3.1     1.5     6.2    
*  170 1730   963.75    0.41      0   963.75  2886.68     3.1     1.5     6.3    
*  172 1728   963.55    0.36      0   963.55  2883.85     3.1     1.5     6.4    
*  173 1727   962.81    0.34      0   962.81  2883.72     3.1     1.5     6.4    
*  175 1725   962.47    0.39      0   962.47  2882.82     3.1     1.5     6.5    
*  180 1720   962.18    0.04      0   962.18  2881.95     3.1     1.5     6.7    
*  190 1710   957.83    0.61      0   957.83  2868.93     3.1     1.5     7.0    
*  196 1704   956.53    0.15      0   956.53  2865.02     3.1     1.5     7.2    
*  199 1701   954.76    0.69      0   954.76  2851.60     8.8     3.8     7.4    
   200 1700   954.76    0.95      1   954.76  2851.60     8.8     3.8     7.4    
*  202 1698   953.27    0.90      0   953.27  2855.22     3.1     1.5     7.5    
*  207 1693   952.29    0.10      0   952.29  2852.30     3.1     1.5     7.6    

  Gens  Rem    Local   ElDiv NoImpr             Best solution            Time  Op
                                       Cost     Dist    Tard    TMax 
   250 1650   952.29    0.00     43   952.29  2852.30     3.1     1.5     9.2    
*  254 1646   949.77    0.60      0   949.77  2844.74     3.1     1.5     9.4    
   300 1600   949.77    0.00     46   949.77  2844.74     3.1     1.5    11.1    
*  333 1567   944.10    0.56      0   944.10  2824.18     5.6     2.5    12.3    
   350 1550   944.10    0.97     17   944.10  2824.18     5.6     2.5    12.9    
*  362 1538   941.52    0.26      0   941.52  2816.46     5.6     2.5    13.3    
*  375 1525   940.97    0.11      0   940.97  2814.79     5.6     2.5    13.8    
*  379 1521   940.57    0.07      0   940.57  2813.61     5.6     2.5    14.0    
   400 1500   940.57    0.00     21   940.57  2813.61     5.6     2.5    14.7    
   450 1450   940.57    0.00     71   940.57  2813.61     5.6     2.5    16.6    
   500 1400   940.57    0.00    121   940.57  2813.61     5.6     2.5    18.4    
*  510 1390   940.52    0.00      0   940.52  2814.05     5.0     2.5    18.8    
   550 1350   940.52    0.00     40   940.52  2814.05     5.0     2.5    20.3    
   600 1300   940.52    0.00     90   940.52  2814.05     5.0     2.5    22.1    
   650 1250   940.52    0.00    140   940.52  2814.05     5.0     2.5    23.9    
   700 1200   940.52    0.00    190   940.52  2814.05     5.0     2.5    25.8    

  Gens  Rem    Local   ElDiv NoImpr             Best solution            Time  Op
                                       Cost     Dist    Tard    TMax 
   750 1150   940.52    0.00    240   940.52  2814.05     5.0     2.5    27.6    
   800 1100   940.52    0.00    290   940.52  2814.05     5.0     2.5    29.5    
   850 1050   940.52    0.00    340   940.52  2814.05     5.0     2.5    31.3    
   900 1000   940.52    0.00    390   940.52  2814.05     5.0     2.5    33.2    
   950  950   940.52    0.00    440   940.52  2814.05     5.0     2.5    35.0    
  1000  900   940.52    0.00    490   940.52  2814.05     5.0     2.5    36.8    
  1050  850   940.52    0.00    540   940.52  2814.05     5.0     2.5    38.7    
  1100  800   940.52    0.00    590   940.52  2814.05     5.0     2.5    40.5    
  1150  750   940.52    0.00    640   940.52  2814.05     5.0     2.5    42.4    
  1200  700   940.52    0.00    690   940.52  2814.05     5.0     2.5    44.2    
  1209  691      inf  235.05      0   940.52  2814.05     5.0     2.5    44.6   R
  1210  690  3489.14  224.60      0   940.52  2814.05     5.0     2.5    44.6    
  1250  650  1292.12   22.05      1   940.52  2814.05     5.0     2.5    46.1    
  1300  600  1097.82   10.78      8   940.52  2814.05     5.0     2.5    47.9    
  1350  550   998.10    4.52      4   940.52  2814.05     5.0     2.5    49.7    
  1400  500   962.63    0.73      0   940.52  2814.05     5.0     2.5    51.6    

  Gens  Rem    Local   ElDiv NoImpr             Best solution            Time  Op
                                       Cost     Dist    Tard    TMax 
  1450  450   954.24    0.00     35   940.52  2814.05     5.0     2.5    53.4    
  1500  400   954.24    0.00     85   940.52  2814.05     5.0     2.5    55.2    
  1550  350   954.24    0.00    135   940.52  2814.05     5.0     2.5    57.0    
  1600  300   951.23    0.23      1   940.52  2814.05     5.0     2.5    58.9    
  1650  250   946.68    1.25     28   940.52  2814.05     5.0     2.5    60.7    
* 1651  249   937.75    2.28      0   937.75  2800.58     8.6     4.1    60.7    
  1700  200   937.75    0.00     49   937.75  2800.58     8.6     4.1    62.5    
* 1737  163   937.05    0.07      0   937.05  2798.46     8.6     4.1    63.9    
  1750  150   937.05    0.33     13   937.05  2798.46     8.6     4.1    64.3    
* 1756  144   934.83    0.31      0   934.83  2791.81     8.6     4.1    64.6    
* 1762  138   931.01    0.96      0   931.01  2780.36     8.6     4.1    64.8    
* 1765  135   930.43    0.63      0   930.43  2782.45     4.7     4.1    64.9    
* 1767  133   929.22    0.28      0   929.22  2774.98     8.6     4.1    65.0    
  1800  100   929.22    0.00     33   929.22  2774.98     8.6     4.1    66.2    
  1850   50   929.22    0.00     83   929.22  2774.98     8.6     4.1    68.0    
  1900    0   929.22    0.00    133   929.22  2774.98     8.6     4.1    69.8    
Evolutionary process finished.
Solution written to 'solution-5537.txt'.

Sorted sequence of worst to best tardiness value:
Task for patient = 27 with skills = {0,-1} and cost = 427.1
   Vehicle #0 = 0, leaving at = 243.1
   Vehicle #1 = -1, leaving at = inf
   Increment on distance indicator: 18.1
   Increment on tard indicator:     4.1
   Value of tmax indicator:         18.1

Task for patient = 87 with skills = {0,3} and cost = 347.1
   Vehicle #0 = 5, leaving at = 276.0
   Vehicle #1 = 14, leaving at = 298.8
   Increment on distance indicator: 17.3
   Increment on tard indicator:     3.8
   Value of tmax indicator:         17.3

Task for patient = 5 with skills = {5,-1} and cost = 216.8
   Vehicle #0 = 12, leaving at = 256.6
   Vehicle #1 = -1, leaving at = inf
   Increment on distance indicator: 3.6
   Increment on tard indicator:     0.6
   Value of tmax indicator:         3.6

Task for patient = 21 with skills = {1,-1} and cost = 526.2
   Vehicle #0 = 6, leaving at = 408.0
   Vehicle #1 = -1, leaving at = inf
   Increment on distance indicator: 6.1
   Increment on tard indicator:     0.0
   Value of tmax indicator:         6.1

Task for patient = 14 with skills = {4,-1} and cost = 524.1
   Vehicle #0 = 10, leaving at = 435.0
   Vehicle #1 = -1, leaving at = inf
   Increment on distance indicator: 22.4
   Increment on tard indicator:     0.0
   Value of tmax indicator:         22.4

Task for patient = 61 with skills = {0,-1} and cost = 516.7
   Vehicle #0 = 2, leaving at = 351.5
   Vehicle #1 = -1, leaving at = inf
   Increment on distance indicator: 10.2
   Increment on tard indicator:     0.0
   Value of tmax indicator:         10.2

Task for patient = 80 with skills = {4,5} and cost = 513.3
   Vehicle #0 = 14, leaving at = 404.1
   Vehicle #1 = 13, leaving at = 404.1
   Increment on distance indicator: 25.9
   Increment on tard indicator:     0.0
   Value of tmax indicator:         25.9

Task for patient = 72 with skills = {3,4} and cost = 504.7
   Vehicle #0 = 7, leaving at = 399.2
   Vehicle #1 = 12, leaving at = 399.2
   Increment on distance indicator: 37.6
   Increment on tard indicator:     0.0
   Value of tmax indicator:         37.6

Task for patient = 8 with skills = {0,-1} and cost = 492.1
   Vehicle #0 = 6, leaving at = 260.9
   Vehicle #1 = -1, leaving at = inf
   Increment on distance indicator: 5.8
   Increment on tard indicator:     0.0
   Value of tmax indicator:         5.8

Task for patient = 37 with skills = {5,-1} and cost = 490.2
   Vehicle #0 = 14, leaving at = 369.0
   Vehicle #1 = -1, leaving at = inf
   Increment on distance indicator: 13.3
   Increment on tard indicator:     0.0
   Value of tmax indicator:         13.3

Task for patient = 26 with skills = {0,-1} and cost = 485.7
   Vehicle #0 = 2, leaving at = 324.3
   Vehicle #1 = -1, leaving at = inf
   Increment on distance indicator: 15.3
   Increment on tard indicator:     0.0
   Value of tmax indicator:         15.3

Task for patient = 38 with skills = {3,-1} and cost = 480.6
   Vehicle #0 = 13, leaving at = 333.6
   Vehicle #1 = -1, leaving at = inf
   Increment on distance indicator: 8.6
   Increment on tard indicator:     0.0
   Value of tmax indicator:         8.6

Task for patient = 77 with skills = {4,5} and cost = 477.8
   Vehicle #0 = 8, leaving at = 392.4
   Vehicle #1 = 15, leaving at = 392.4
   Increment on distance indicator: 22.4
   Increment on tard indicator:     0.0
   Value of tmax indicator:         22.4

Task for patient = 90 with skills = {0,5} and cost = 470.3
   Vehicle #0 = 2, leaving at = 292.0
   Vehicle #1 = 13, leaving at = 308.0
   Increment on distance indicator: 17.8
   Increment on tard indicator:     0.0
   Value of tmax indicator:         17.8

Task for patient = 63 with skills = {4,-1} and cost = 399.3
   Vehicle #0 = 15, leaving at = 221.2
   Vehicle #1 = -1, leaving at = inf
   Increment on distance indicator: 7.0
   Increment on tard indicator:     0.0
   Value of tmax indicator:         7.0

Task for patient = 19 with skills = {5,-1} and cost = 460.0
   Vehicle #0 = 12, leaving at = 368.2
   Vehicle #1 = -1, leaving at = inf
   Increment on distance indicator: 12.5
   Increment on tard indicator:     0.0
   Value of tmax indicator:         12.5

Task for patient = 84 with skills = {4,5} and cost = 455.8
   Vehicle #0 = 12, leaving at = 338.7
   Vehicle #1 = 14, leaving at = 338.7
   Increment on distance indicator: 42.9
   Increment on tard indicator:     0.0
   Value of tmax indicator:         42.9

Task for patient = 30 with skills = {1,-1} and cost = 441.5
   Vehicle #0 = 5, leaving at = 325.1
   Vehicle #1 = -1, leaving at = inf
   Increment on distance indicator: 7.1
   Increment on tard indicator:     0.0
   Value of tmax indicator:         7.1

Task for patient = 58 with skills = {2,-1} and cost = 439.1
   Vehicle #0 = 5, leaving at = 301.0
   Vehicle #1 = -1, leaving at = inf
   Increment on distance indicator: 8.0
   Increment on tard indicator:     0.0
   Value of tmax indicator:         8.0

Task for patient = 32 with skills = {0,-1} and cost = 436.5
   Vehicle #0 = 3, leaving at = 227.0
   Vehicle #1 = -1, leaving at = inf
   Increment on distance indicator: 1.0
   Increment on tard indicator:     0.0
   Value of tmax indicator:         1.0

Task for patient = 3 with skills = {4,-1} and cost = 436.1
   Vehicle #0 = 10, leaving at = 303.8
   Vehicle #1 = -1, leaving at = inf
   Increment on distance indicator: 10.8
   Increment on tard indicator:     0.0
   Value of tmax indicator:         10.8

Task for patient = 88 with skills = {2,5} and cost = 432.5
   Vehicle #0 = 0, leaving at = 303.0
   Vehicle #1 = 8, leaving at = 357.0
   Increment on distance indicator: 15.0
   Increment on tard indicator:     0.0
   Value of tmax indicator:         15.0

Task for patient = 62 with skills = {3,-1} and cost = 427.5
   Vehicle #0 = 7, leaving at = 329.6
   Vehicle #1 = -1, leaving at = inf
   Increment on distance indicator: 1.4
   Increment on tard indicator:     0.0
   Value of tmax indicator:         1.4

Task for patient = 83 with skills = {3,4} and cost = 419.6
   Vehicle #0 = 7, leaving at = 311.2
   Vehicle #1 = 8, leaving at = 311.2
   Increment on distance indicator: 22.8
   Increment on tard indicator:     0.0
   Value of tmax indicator:         22.8

Task for patient = 100 with skills = {1,3} and cost = 412.0
   Vehicle #0 = 0, leaving at = 208.0
   Vehicle #1 = 15, leaving at = 265.4
   Increment on distance indicator: 38.0
   Increment on tard indicator:     0.0
   Value of tmax indicator:         38.0

Task for patient = 18 with skills = {2,-1} and cost = 464.3
   Vehicle #0 = 0, leaving at = 385.0
   Vehicle #1 = -1, leaving at = inf
   Increment on distance indicator: 13.0
   Increment on tard indicator:     0.0
   Value of tmax indicator:         13.0

Task for patient = 31 with skills = {0,-1} and cost = 679.8
   Vehicle #0 = 2, leaving at = 485.5
   Vehicle #1 = -1, leaving at = inf
   Increment on distance indicator: 13.5
   Increment on tard indicator:     0.0
   Value of tmax indicator:         13.5

Task for patient = 93 with skills = {1,4} and cost = 675.3
   Vehicle #0 = 5, leaving at = 548.1
   Vehicle #1 = 16, leaving at = 567.1
   Increment on distance indicator: 16.8
   Increment on tard indicator:     0.0
   Value of tmax indicator:         16.8

Task for patient = 69 with skills = {0,-1} and cost = 669.7
   Vehicle #0 = 0, leaving at = 519.7
   Vehicle #1 = -1, leaving at = inf
   Increment on distance indicator: 5.8
   Increment on tard indicator:     0.0
   Value of tmax indicator:         5.8

Task for patient = 40 with skills = {5,-1} and cost = 667.7
   Vehicle #0 = 13, leaving at = 550.3
   Vehicle #1 = -1, leaving at = inf
   Increment on distance indicator: 7.0
   Increment on tard indicator:     0.0
   Value of tmax indicator:         7.0

Task for patient = 57 with skills = {2,-1} and cost = 665.4
   Vehicle #0 = 0, leaving at = 496.9
   Vehicle #1 = -1, leaving at = inf
   Increment on distance indicator: 20.6
   Increment on tard indicator:     0.0
   Value of tmax indicator:         20.6

Task for patient = 92 with skills = {0,4} and cost = 658.5
   Vehicle #0 = 6, leaving at = 465.0
   Vehicle #1 = 15, leaving at = 523.0
   Increment on distance indicator: 32.6
   Increment on tard indicator:     0.0
   Value of tmax indicator:         32.6

Task for patient = 60 with skills = {2,-1} and cost = 647.7
   Vehicle #0 = 5, leaving at = 518.4
   Vehicle #1 = -1, leaving at = inf
   Increment on distance indicator: 16.4
   Increment on tard indicator:     0.0
   Value of tmax indicator:         16.4

Task for patient = 55 with skills = {0,-1} and cost = 642.2
   Vehicle #0 = 2, leaving at = 455.0
   Vehicle #1 = -1, leaving at = inf
   Increment on distance indicator: 17.0
   Increment on tard indicator:     0.0
   Value of tmax indicator:         17.0

Task for patient = 15 with skills = {5,-1} and cost = 636.5
   Vehicle #0 = 8, leaving at = 436.6
   Vehicle #1 = -1, leaving at = inf
   Increment on distance indicator: 27.2
   Increment on tard indicator:     0.0
   Value of tmax indicator:         27.2

Task for patient = 29 with skills = {3,-1} and cost = 627.5
   Vehicle #0 = 13, leaving at = 526.3
   Vehicle #1 = -1, leaving at = inf
   Increment on distance indicator: 10.8
   Increment on tard indicator:     0.0
   Value of tmax indicator:         10.8

Task for patient = 74 with skills = {4,5} and cost = 623.9
   Vehicle #0 = 12, leaving at = 498.4
   Vehicle #1 = 13, leaving at = 498.4
   Increment on distance indicator: 15.6
   Increment on tard indicator:     0.0
   Value of tmax indicator:         15.6

Task for patient = 24 with skills = {4,-1} and cost = 531.3
   Vehicle #0 = 12, leaving at = 431.5
   Vehicle #1 = -1, leaving at = inf
   Increment on distance indicator: 15.3
   Increment on tard indicator:     0.0
   Value of tmax indicator:         15.3

Task for patient = 53 with skills = {0,-1} and cost = 613.1
   Vehicle #0 = 5, leaving at = 485.0
   Vehicle #1 = -1, leaving at = inf
   Increment on distance indicator: 15.2
   Increment on tard indicator:     0.0
   Value of tmax indicator:         15.2

Task for patient = 78 with skills = {3,4} and cost = 608.0
   Vehicle #0 = 13, leaving at = 473.6
   Vehicle #1 = 12, leaving at = 473.6
   Increment on distance indicator: 40.0
   Increment on tard indicator:     0.0
   Value of tmax indicator:         40.0

Task for patient = 94 with skills = {0,5} and cost = 594.7
   Vehicle #0 = 4, leaving at = 498.6
   Vehicle #1 = 9, leaving at = 516.6
   Increment on distance indicator: 12.2
   Increment on tard indicator:     0.0
   Value of tmax indicator:         12.2

Task for patient = 45 with skills = {2,-1} and cost = 590.6
   Vehicle #0 = 0, leaving at = 459.3
   Vehicle #1 = -1, leaving at = inf
   Increment on distance indicator: 21.0
   Increment on tard indicator:     0.0
   Value of tmax indicator:         21.0

Task for patient = 13 with skills = {4,-1} and cost = 583.6
   Vehicle #0 = 14, leaving at = 443.0
   Vehicle #1 = -1, leaving at = inf
   Increment on distance indicator: 21.8
   Increment on tard indicator:     0.0
   Value of tmax indicator:         21.8

Task for patient = 44 with skills = {2,-1} and cost = 576.3
   Vehicle #0 = 5, leaving at = 436.9
   Vehicle #1 = -1, leaving at = inf
   Increment on distance indicator: 30.6
   Increment on tard indicator:     0.0
   Value of tmax indicator:         30.6

Task for patient = 41 with skills = {4,-1} and cost = 566.1
   Vehicle #0 = 18, leaving at = 369.0
   Vehicle #1 = -1, leaving at = inf
   Increment on distance indicator: 4.0
   Increment on tard indicator:     0.0
   Value of tmax indicator:         4.0

Task for patient = 20 with skills = {0,-1} and cost = 564.8
   Vehicle #0 = 5, leaving at = 389.2
   Vehicle #1 = -1, leaving at = inf
   Increment on distance indicator: 15.3
   Increment on tard indicator:     0.0
   Value of tmax indicator:         15.3

Task for patient = 7 with skills = {5,-1} and cost = 559.7
   Vehicle #0 = 16, leaving at = 250.0
   Vehicle #1 = -1, leaving at = inf
   Increment on distance indicator: 22.4
   Increment on tard indicator:     0.0
   Value of tmax indicator:         22.4

Task for patient = 96 with skills = {2,5} and cost = 552.2
   Vehicle #0 = 4, leaving at = 292.8
   Vehicle #1 = 18, leaving at = 318.8
   Increment on distance indicator: 24.3
   Increment on tard indicator:     0.0
   Value of tmax indicator:         24.3

Task for patient = 28 with skills = {2,-1} and cost = 544.1
   Vehicle #0 = 5, leaving at = 357.0
   Vehicle #1 = -1, leaving at = inf
   Increment on distance indicator: 14.9
   Increment on tard indicator:     0.0
   Value of tmax indicator:         14.9

Task for patient = 86 with skills = {2,5} and cost = 539.2
   Vehicle #0 = 0, leaving at = 421.2
   Vehicle #1 = 7, leaving at = 470.2
   Increment on distance indicator: 23.7
   Increment on tard indicator:     0.0
   Value of tmax indicator:         23.7

Task for patient = 10 with skills = {1,-1} and cost = 618.7
   Vehicle #0 = 1, leaving at = 270.0
   Vehicle #1 = -1, leaving at = inf
   Increment on distance indicator: 16.6
   Increment on tard indicator:     0.0
   Value of tmax indicator:         16.6

Task for patient = 2 with skills = {4,-1} and cost = 227.3
   Vehicle #0 = 15, leaving at = 93.0
   Vehicle #1 = -1, leaving at = inf
   Increment on distance indicator: 31.3
   Increment on tard indicator:     0.0
   Value of tmax indicator:         31.3

Task for patient = 71 with skills = {3,5} and cost = 215.2
   Vehicle #0 = 9, leaving at = 150.4
   Vehicle #1 = 13, leaving at = 150.4
   Increment on distance indicator: 32.8
   Increment on tard indicator:     0.0
   Value of tmax indicator:         32.8

Task for patient = 33 with skills = {0,-1} and cost = 204.3
   Vehicle #0 = 5, leaving at = 203.0
   Vehicle #1 = -1, leaving at = inf
   Increment on distance indicator: 14.8
   Increment on tard indicator:     0.0
   Value of tmax indicator:         14.8

Task for patient = 76 with skills = {3,5} and cost = 199.3
   Vehicle #0 = 14, leaving at = 236.0
   Vehicle #1 = 12, leaving at = 236.0
   Increment on distance indicator: 24.5
   Increment on tard indicator:     0.0
   Value of tmax indicator:         24.5

Task for patient = 16 with skills = {2,-1} and cost = 191.2
   Vehicle #0 = 5, leaving at = 126.1
   Vehicle #1 = -1, leaving at = inf
   Increment on distance indicator: 19.1
   Increment on tard indicator:     0.0
   Value of tmax indicator:         19.1

Task for patient = 34 with skills = {4,-1} and cost = 184.8
   Vehicle #0 = 14, leaving at = 149.5
   Vehicle #1 = -1, leaving at = inf
   Increment on distance indicator: 12.5
   Increment on tard indicator:     0.0
   Value of tmax indicator:         12.5

Task for patient = 82 with skills = {4,5} and cost = 180.6
   Vehicle #0 = 14, leaving at = 120.0
   Vehicle #1 = 13, leaving at = 120.0
   Increment on distance indicator: 37.6
   Increment on tard indicator:     0.0
   Value of tmax indicator:         37.6

Task for patient = 52 with skills = {4,-1} and cost = 168.1
   Vehicle #0 = 12, leaving at = 144.5
   Vehicle #1 = -1, leaving at = inf
   Increment on distance indicator: 35.5
   Increment on tard indicator:     0.0
   Value of tmax indicator:         35.5

Task for patient = 59 with skills = {2,-1} and cost = 156.3
   Vehicle #0 = 4, leaving at = 185.8
   Vehicle #1 = -1, leaving at = inf
   Increment on distance indicator: 5.8
   Increment on tard indicator:     0.0
   Value of tmax indicator:         5.8

Task for patient = 23 with skills = {2,-1} and cost = 154.4
   Vehicle #0 = 4, leaving at = 163.0
   Vehicle #1 = -1, leaving at = inf
   Increment on distance indicator: 17.0
   Increment on tard indicator:     0.0
   Value of tmax indicator:         17.0

Task for patient = 64 with skills = {2,-1} and cost = 148.7
   Vehicle #0 = 4, leaving at = 77.9
   Vehicle #1 = -1, leaving at = inf
   Increment on distance indicator: 19.7
   Increment on tard indicator:     0.0
   Value of tmax indicator:         19.7

Task for patient = 99 with skills = {0,4} and cost = 397.0
   Vehicle #0 = 3, leaving at = 195.1
   Vehicle #1 = 16, leaving at = 199.1
   Increment on distance indicator: 14.6
   Increment on tard indicator:     0.0
   Value of tmax indicator:         14.6

Task for patient = 97 with skills = {2,4} and cost = 135.5
   Vehicle #0 = 5, leaving at = 90.0
   Vehicle #1 = 12, leaving at = 92.0
   Increment on distance indicator: 18.4
   Increment on tard indicator:     0.0
   Value of tmax indicator:         18.4

Task for patient = 11 with skills = {2,-1} and cost = 129.4
   Vehicle #0 = 0, leaving at = 178.0
   Vehicle #1 = -1, leaving at = inf
   Increment on distance indicator: 6.7
   Increment on tard indicator:     0.0
   Value of tmax indicator:         6.7

Task for patient = 36 with skills = {2,-1} and cost = 127.1
   Vehicle #0 = 0, leaving at = 154.3
   Vehicle #1 = -1, leaving at = inf
   Increment on distance indicator: 38.1
   Increment on tard indicator:     0.0
   Value of tmax indicator:         38.1

Task for patient = 22 with skills = {4,-1} and cost = 114.5
   Vehicle #0 = 8, leaving at = 162.2
   Vehicle #1 = -1, leaving at = inf
   Increment on distance indicator: 16.2
   Increment on tard indicator:     0.0
   Value of tmax indicator:         16.2

Task for patient = 68 with skills = {4,-1} and cost = 109.1
   Vehicle #0 = 8, leaving at = 129.0
   Vehicle #1 = -1, leaving at = inf
   Increment on distance indicator: 25.9
   Increment on tard indicator:     0.0
   Value of tmax indicator:         25.9

Task for patient = 35 with skills = {2,-1} and cost = 100.4
   Vehicle #0 = 0, leaving at = 99.3
   Vehicle #1 = -1, leaving at = inf
   Increment on distance indicator: 8.5
   Increment on tard indicator:     0.0
   Value of tmax indicator:         8.5

Task for patient = 67 with skills = {5,-1} and cost = 97.6
   Vehicle #0 = 7, leaving at = 136.0
   Vehicle #1 = -1, leaving at = inf
   Increment on distance indicator: 21.4
   Increment on tard indicator:     0.0
   Value of tmax indicator:         21.4

Task for patient = 42 with skills = {2,-1} and cost = 90.4
   Vehicle #0 = 4, leaving at = 41.2
   Vehicle #1 = -1, leaving at = inf
   Increment on distance indicator: 24.2
   Increment on tard indicator:     0.0
   Value of tmax indicator:         24.2

Task for patient = 73 with skills = {3,5} and cost = 82.4
   Vehicle #0 = 9, leaving at = 77.0
   Vehicle #1 = 10, leaving at = 77.0
   Increment on distance indicator: 91.8
   Increment on tard indicator:     0.0
   Value of tmax indicator:         91.8

Task for patient = 81 with skills = {4,5} and cost = 51.8
   Vehicle #0 = 8, leaving at = 66.3
   Vehicle #1 = 7, leaving at = 66.3
   Increment on distance indicator: 98.7
   Increment on tard indicator:     0.0
   Value of tmax indicator:         98.7

Task for patient = 47 with skills = {2,-1} and cost = 18.9
   Vehicle #0 = 0, leaving at = 73.7
   Vehicle #1 = -1, leaving at = inf
   Increment on distance indicator: 56.7
   Increment on tard indicator:     0.0
   Value of tmax indicator:         56.7

Task for patient = 75 with skills = {3,4} and cost = 142.1
   Vehicle #0 = 7, leaving at = 196.0
   Vehicle #1 = 8, leaving at = 196.0
   Increment on distance indicator: 19.8
   Increment on tard indicator:     0.0
   Value of tmax indicator:         19.8

Task for patient = 51 with skills = {4,-1} and cost = 682.9
   Vehicle #0 = 8, leaving at = 495.0
   Vehicle #1 = -1, leaving at = inf
   Increment on distance indicator: 9.5
   Increment on tard indicator:     0.0
   Value of tmax indicator:         9.5

Task for patient = 70 with skills = {5,-1} and cost = 392.1
   Vehicle #0 = 8, leaving at = 286.0
   Vehicle #1 = -1, leaving at = inf
   Increment on distance indicator: 7.0
   Increment on tard indicator:     0.0
   Value of tmax indicator:         7.0

Task for patient = 6 with skills = {3,-1} and cost = 389.8
   Vehicle #0 = 15, leaving at = 197.2
   Vehicle #1 = -1, leaving at = inf
   Increment on distance indicator: 23.0
   Increment on tard indicator:     0.0
   Value of tmax indicator:         23.0

Task for patient = 95 with skills = {1,5} and cost = 382.1
   Vehicle #0 = 6, leaving at = 238.1
   Vehicle #1 = 7, leaving at = 278.1
   Increment on distance indicator: 24.8
   Increment on tard indicator:     0.0
   Value of tmax indicator:         24.8

Task for patient = 46 with skills = {5,-1} and cost = 373.8
   Vehicle #0 = 18, leaving at = 268.0
   Vehicle #1 = -1, leaving at = inf
   Increment on distance indicator: 11.2
   Increment on tard indicator:     0.0
   Value of tmax indicator:         11.2

Task for patient = 56 with skills = {0,-1} and cost = 370.1
   Vehicle #0 = 6, leaving at = 201.3
   Vehicle #1 = -1, leaving at = inf
   Increment on distance indicator: 11.7
   Increment on tard indicator:     0.0
   Value of tmax indicator:         11.7

Task for patient = 4 with skills = {1,-1} and cost = 366.2
   Vehicle #0 = 6, leaving at = 172.7
   Vehicle #1 = -1, leaving at = inf
   Increment on distance indicator: 13.4
   Increment on tard indicator:     0.0
   Value of tmax indicator:         13.4

Task for patient = 65 with skills = {5,-1} and cost = 361.7
   Vehicle #0 = 9, leaving at = 496.0
   Vehicle #1 = -1, leaving at = inf
   Increment on distance indicator: 17.0
   Increment on tard indicator:     0.0
   Value of tmax indicator:         17.0

Task for patient = 85 with skills = {3,4} and cost = 356.1
   Vehicle #0 = 13, leaving at = 276.0
   Vehicle #1 = 10, leaving at = 276.0
   Increment on distance indicator: 26.8
   Increment on tard indicator:     0.0
   Value of tmax indicator:         26.8

Task for patient = 17 with skills = {5,-1} and cost = 339.0
   Vehicle #0 = 14, leaving at = 277.6
   Vehicle #1 = -1, leaving at = inf
   Increment on distance indicator: 3.6
   Increment on tard indicator:     0.0
   Value of tmax indicator:         3.6

Task for patient = 39 with skills = {3,-1} and cost = 337.8
   Vehicle #0 = 13, leaving at = 179.1
   Vehicle #1 = -1, leaving at = inf
   Increment on distance indicator: 11.7
   Increment on tard indicator:     0.0
   Value of tmax indicator:         11.7

Task for patient = 79 with skills = {3,4} and cost = 234.9
   Vehicle #0 = 7, leaving at = 224.4
   Vehicle #1 = 8, leaving at = 224.4
   Increment on distance indicator: 22.8
   Increment on tard indicator:     0.0
   Value of tmax indicator:         22.8

Task for patient = 50 with skills = {1,-1} and cost = 312.9
   Vehicle #0 = 6, leaving at = 142.3
   Vehicle #1 = -1, leaving at = inf
   Increment on distance indicator: 15.7
   Increment on tard indicator:     0.0
   Value of tmax indicator:         15.7

Task for patient = 98 with skills = {2,3} and cost = 307.7
   Vehicle #0 = 4, leaving at = 252.4
   Vehicle #1 = 9, leaving at = 264.4
   Increment on distance indicator: 16.8
   Increment on tard indicator:     0.0
   Value of tmax indicator:         16.8

Task for patient = 9 with skills = {1,-1} and cost = 302.1
   Vehicle #0 = 6, leaving at = 109.6
   Vehicle #1 = -1, leaving at = inf
   Increment on distance indicator: 40.5
   Increment on tard indicator:     0.0
   Value of tmax indicator:         40.5

Task for patient = 43 with skills = {0,-1} and cost = 288.6
   Vehicle #0 = 4, leaving at = 218.6
   Vehicle #1 = -1, leaving at = inf
   Increment on distance indicator: 15.8
   Increment on tard indicator:     0.0
   Value of tmax indicator:         15.8

Task for patient = 54 with skills = {1,-1} and cost = 283.3
   Vehicle #0 = 6, leaving at = 52.1
   Vehicle #1 = -1, leaving at = inf
   Increment on distance indicator: 35.1
   Increment on tard indicator:     0.0
   Value of tmax indicator:         35.1

Task for patient = 91 with skills = {1,3} and cost = 271.6
   Vehicle #0 = 1, leaving at = 158.0
   Vehicle #1 = 9, leaving at = 209.0
   Increment on distance indicator: 32.8
   Increment on tard indicator:     0.0
   Value of tmax indicator:         32.8

Task for patient = 25 with skills = {5,-1} and cost = 260.7
   Vehicle #0 = 16, leaving at = 178.0
   Vehicle #1 = -1, leaving at = inf
   Increment on distance indicator: 9.1
   Increment on tard indicator:     0.0
   Value of tmax indicator:         9.1

Task for patient = 1 with skills = {1,-1} and cost = 257.7
   Vehicle #0 = 5, leaving at = 246.0
   Vehicle #1 = -1, leaving at = inf
   Increment on distance indicator: 12.1
   Increment on tard indicator:     0.0
   Value of tmax indicator:         12.1

Task for patient = 48 with skills = {5,-1} and cost = 253.7
   Vehicle #0 = 14, leaving at = 257.0
   Vehicle #1 = -1, leaving at = inf
   Increment on distance indicator: 4.0
   Increment on tard indicator:     0.0
   Value of tmax indicator:         4.0

Task for patient = 66 with skills = {3,-1} and cost = 252.3
   Vehicle #0 = 15, leaving at = 129.0
   Vehicle #1 = -1, leaving at = inf
   Increment on distance indicator: 19.0
   Increment on tard indicator:     0.0
   Value of tmax indicator:         19.0

Task for patient = 49 with skills = {5,-1} and cost = 246.0
   Vehicle #0 = 10, leaving at = 120.2
   Vehicle #1 = -1, leaving at = inf
   Increment on distance indicator: 26.2
   Increment on tard indicator:     0.0
   Value of tmax indicator:         26.2

Task for patient = 12 with skills = {4,-1} and cost = 237.3
   Vehicle #0 = 8, leaving at = 248.6
   Vehicle #1 = -1, leaving at = inf
   Increment on distance indicator: 7.2
   Increment on tard indicator:     0.0
   Value of tmax indicator:         7.2

Task for patient = 89 with skills = {0,4} and cost = 333.9
   Vehicle #0 = 2, leaving at = 77.2
   Vehicle #1 = 15, leaving at = 157.2
   Increment on distance indicator: 63.0
   Increment on tard indicator:     0.0
   Value of tmax indicator:         63.0


Unused vehicle list: 11 17 19 (total = 3 out of 20)

---
Search finished.
Total of 1900 generations in 69.8 seconds.
Exchange elite runs: 0
Implicit path relinking runs: 0
Reset attempts: 1

Best solution found:
   Cost: 929.2
   Total travel time: 2775.0
   Total tardiness time: 8.6
   Largest tardiness: 4.1


929.2
