This host is: shiva
--- BRKGA-MP-IPR for HHCRSP ---
Instance: /home/alberto/work/gecco2020-brkga/instances-HHCRSP/InstanzCPLEX_HCSRP_25_1.txt
Seed: 14

Reading data... Problem contains 25 patients  and 5 caregivers.

Summary of supply x demand for each service type:
Skill 0 has supply = 1 and demand = 3, ratio = 0.333333
Skill 1 has supply = 1 and demand = 6, ratio = 0.166667
Skill 2 has supply = 1 and demand = 3, ratio = 0.333333
Skill 3 has supply = 2 and demand = 7, ratio = 0.285714
Skill 4 has supply = 3 and demand = 9, ratio = 0.333333
Skill 5 has supply = 3 and demand = 5, ratio = 0.6

Reading parameters...
Inferred distance function by PR type: kendall-tau
Building BRKGA data and initializing...
Evolving 1900 generations...

  Gens  Rem    Local   ElDiv NoImpr             Best solution            Time  Op
                                       Cost     Dist    Tard    TMax 
*    0 1900  1141.23  137.91      0  1141.23  1446.26  1769.6   207.8     0.0    
*    2 1898   922.22  123.97      0   922.22  1396.77   765.0   210.0     0.1    
*    3 1897   790.57   97.80      0   790.57  1396.77   765.0   210.0     0.1    
*    5 1895   713.64   91.73      0   713.64  1363.05   546.0    91.5     0.1    
*    6 1894   666.83   81.99      0   666.83  1574.66   285.4    86.9     0.1    
*    7 1893   648.98   70.48      0   648.98  1408.86   328.7   110.5     0.1    
*    8 1892   616.03   53.76      0   616.03  1408.86   328.7   110.5     0.2    
*   10 1890   607.18   42.06      0   607.18  1373.88   103.3    23.5     0.2    
*   11 1889   500.24   34.61      0   500.24  1373.88   103.3    23.5     0.2    
*   16 1884   471.26   22.36      0   471.26  1351.77    39.5    22.5     0.3    
*   18 1882   471.07   15.18      0   471.07  1350.78    16.6     9.3     0.3    
*   19 1881   458.90   13.07      0   458.90  1302.78    42.3    19.6     0.3    
*   20 1880   454.91   10.81      0   454.91  1302.78    42.3    19.6     0.4    
*   23 1877   449.22    6.35      0   449.22  1319.52    13.0    12.0     0.4    
*   24 1876   448.17    6.06      0   448.17  1309.90     7.2     7.2     0.4    

  Gens  Rem    Local   ElDiv NoImpr             Best solution            Time  Op
                                       Cost     Dist    Tard    TMax 
*   25 1875   441.46    5.51      0   441.46  1309.90     7.2     7.2     0.5    
*   27 1873   439.02    4.71      0   439.02  1298.81     7.2     7.2     0.5    
*   28 1872   437.76    4.73      0   437.76  1291.99     7.2     7.2     0.5    
*   29 1871   435.49    3.86      0   435.49  1291.99     7.2     7.2     0.5    
*   32 1868   432.57    2.70      0   432.57  1273.47    15.7     8.5     0.6    
*   34 1866   428.58    2.21      0   428.58  1271.27     7.2     7.2     0.6    
    50 1850   428.58    0.00     16   428.58  1271.27     7.2     7.2     0.9    
   100 1800   428.58    0.00     66   428.58  1271.27     7.2     7.2     1.8    
   150 1750   428.58    0.00    116   428.58  1271.27     7.2     7.2     2.6    
   200 1700   428.58    0.00    166   428.58  1271.27     7.2     7.2     3.5    
   250 1650   428.58    0.00    216   428.58  1271.27     7.2     7.2     4.3    
   300 1600   428.58    0.00    266   428.58  1271.27     7.2     7.2     5.2    
   350 1550   428.58    0.00    316   428.58  1271.27     7.2     7.2     6.1    
   400 1500   428.58    0.00    366   428.58  1271.27     7.2     7.2     6.9    
   450 1450   428.58    0.00    416   428.58  1271.27     7.2     7.2     7.8    
   500 1400   428.58    0.00    466   428.58  1271.27     7.2     7.2     8.7    

  Gens  Rem    Local   ElDiv NoImpr             Best solution            Time  Op
                                       Cost     Dist    Tard    TMax 
   550 1350   428.58    0.00    516   428.58  1271.27     7.2     7.2     9.5    
   600 1300   428.58    0.00    566   428.58  1271.27     7.2     7.2    10.4    
   650 1250   428.58    0.00    616   428.58  1271.27     7.2     7.2    11.3    
   700 1200   428.58    0.00    666   428.58  1271.27     7.2     7.2    12.1    
   733 1167      inf  187.30      0   428.58  1271.27     7.2     7.2    12.7   R
   734 1166  1204.96  126.53      0   428.58  1271.27     7.2     7.2    12.7    
   750 1150   467.34   23.20      0   428.58  1271.27     7.2     7.2    13.0    
*  766 1134   428.58    2.85      0   428.58  1271.27     7.2     7.2    13.3    
   800 1100   428.58    0.00     34   428.58  1271.27     7.2     7.2    13.9    
   850 1050   428.58    0.00     84   428.58  1271.27     7.2     7.2    14.7    
   900 1000   428.58    0.00    134   428.58  1271.27     7.2     7.2    15.6    
   950  950   428.58    0.00    184   428.58  1271.27     7.2     7.2    16.5    
  1000  900   428.58    0.00    234   428.58  1271.27     7.2     7.2    17.3    
  1050  850   428.58    0.00    284   428.58  1271.27     7.2     7.2    18.2    
  1100  800   428.58    0.00    334   428.58  1271.27     7.2     7.2    19.1    
  1150  750   428.58    0.00    384   428.58  1271.27     7.2     7.2    19.9    

  Gens  Rem    Local   ElDiv NoImpr             Best solution            Time  Op
                                       Cost     Dist    Tard    TMax 
  1200  700   428.58    0.00    434   428.58  1271.27     7.2     7.2    20.8    
  1250  650   428.58    0.00    484   428.58  1271.27     7.2     7.2    21.7    
  1300  600   428.58    0.00    534   428.58  1271.27     7.2     7.2    22.5    
  1350  550   428.58    0.00    584   428.58  1271.27     7.2     7.2    23.4    
  1400  500   428.58    0.00    634   428.58  1271.27     7.2     7.2    24.3    
  1450  450   428.58    0.00    684   428.58  1271.27     7.2     7.2    25.1    
  1465  435      inf  189.91      0   428.58  1271.27     7.2     7.2    25.4   R
  1466  434  1040.23  148.31      0   428.58  1271.27     7.2     7.2    25.4    
  1500  400   428.58    1.87      5   428.58  1271.27     7.2     7.2    26.0    
  1550  350   428.58    0.00     55   428.58  1271.27     7.2     7.2    26.9    
  1600  300   428.58    0.00    105   428.58  1271.27     7.2     7.2    27.7    
  1650  250   428.58    0.00    155   428.58  1271.27     7.2     7.2    28.6    
  1700  200   428.58    0.00    205   428.58  1271.27     7.2     7.2    29.4    
  1750  150   428.58    0.00    255   428.58  1271.27     7.2     7.2    30.3    
  1800  100   428.58    0.00    305   428.58  1271.27     7.2     7.2    31.2    
  1850   50   428.58    0.00    355   428.58  1271.27     7.2     7.2    32.0    

  Gens  Rem    Local   ElDiv NoImpr             Best solution            Time  Op
                                       Cost     Dist    Tard    TMax 
  1900    0   428.58    0.00    405   428.58  1271.27     7.2     7.2    32.9    
Evolutionary process finished.
Solution written to 'solution-2586.txt'.

Sorted sequence of worst to best tardiness value:
Task for patient = 23 with skills = {1,5} and cost = 159.9
   Vehicle #0 = 1, leaving at = 282.2
   Vehicle #1 = 4, leaving at = 331.2
   Increment on distance indicator: 46.4
   Increment on tard indicator:     7.2
   Value of tmax indicator:         46.4

Task for patient = 21 with skills = {4,5} and cost = 316.5
   Vehicle #0 = 2, leaving at = 457.0
   Vehicle #1 = 3, leaving at = 457.0
   Increment on distance indicator: 27.2
   Increment on tard indicator:     0.0
   Value of tmax indicator:         27.2

Task for patient = 7 with skills = {2,-1} and cost = 307.4
   Vehicle #0 = 1, leaving at = 462.5
   Vehicle #1 = -1, leaving at = inf
   Increment on distance indicator: 20.5
   Increment on tard indicator:     0.0
   Value of tmax indicator:         20.5

Task for patient = 22 with skills = {1,3} and cost = 300.6
   Vehicle #0 = 1, leaving at = 428.0
   Vehicle #1 = 3, leaving at = 442.0
   Increment on distance indicator: 52.1
   Increment on tard indicator:     0.0
   Value of tmax indicator:         52.1

Task for patient = 25 with skills = {0,3} and cost = 283.2
   Vehicle #0 = 0, leaving at = 448.0
   Vehicle #1 = 4, leaving at = 457.0
   Increment on distance indicator: 54.3
   Increment on tard indicator:     0.0
   Value of tmax indicator:         54.3

Task for patient = 4 with skills = {3,-1} and cost = 265.1
   Vehicle #0 = 3, leaving at = 407.0
   Vehicle #1 = -1, leaving at = inf
   Increment on distance indicator: 31.1
   Increment on tard indicator:     0.0
   Value of tmax indicator:         31.1

Task for patient = 16 with skills = {4,-1} and cost = 254.7
   Vehicle #0 = 4, leaving at = 365.2
   Vehicle #1 = -1, leaving at = inf
   Increment on distance indicator: 20.0
   Increment on tard indicator:     0.0
   Value of tmax indicator:         20.0

Task for patient = 5 with skills = {2,-1} and cost = 248.1
   Vehicle #0 = 1, leaving at = 377.7
   Vehicle #1 = -1, leaving at = inf
   Increment on distance indicator: 53.2
   Increment on tard indicator:     0.0
   Value of tmax indicator:         53.2

Task for patient = 1 with skills = {3,-1} and cost = 230.4
   Vehicle #0 = 3, leaving at = 359.0
   Vehicle #1 = -1, leaving at = inf
   Increment on distance indicator: 9.9
   Increment on tard indicator:     0.0
   Value of tmax indicator:         9.9

Task for patient = 15 with skills = {0,-1} and cost = 227.1
   Vehicle #0 = 0, leaving at = 296.0
   Vehicle #1 = -1, leaving at = inf
   Increment on distance indicator: 24.5
   Increment on tard indicator:     0.0
   Value of tmax indicator:         24.5

Task for patient = 2 with skills = {4,-1} and cost = 218.9
   Vehicle #0 = 3, leaving at = 325.1
   Vehicle #1 = -1, leaving at = inf
   Increment on distance indicator: 21.1
   Increment on tard indicator:     0.0
   Value of tmax indicator:         21.1

Task for patient = 9 with skills = {4,-1} and cost = 211.8
   Vehicle #0 = 2, leaving at = 325.8
   Vehicle #1 = -1, leaving at = inf
   Increment on distance indicator: 21.8
   Increment on tard indicator:     0.0
   Value of tmax indicator:         21.8

Task for patient = 11 with skills = {1,-1} and cost = 336.1
   Vehicle #0 = 1, leaving at = 535.6
   Vehicle #1 = -1, leaving at = inf
   Increment on distance indicator: 59.1
   Increment on tard indicator:     0.0
   Value of tmax indicator:         59.1

Task for patient = 18 with skills = {4,5} and cost = 191.8
   Vehicle #0 = 2, leaving at = 253.0
   Vehicle #1 = 3, leaving at = 253.0
   Increment on distance indicator: 81.4
   Increment on tard indicator:     0.0
   Value of tmax indicator:         81.4

Task for patient = 3 with skills = {1,-1} and cost = 164.7
   Vehicle #0 = 1, leaving at = 310.6
   Vehicle #1 = -1, leaving at = inf
   Increment on distance indicator: 14.3
   Increment on tard indicator:     0.0
   Value of tmax indicator:         14.3

Task for patient = 14 with skills = {3,-1} and cost = 139.6
   Vehicle #0 = 3, leaving at = 177.4
   Vehicle #1 = -1, leaving at = inf
   Increment on distance indicator: 45.2
   Increment on tard indicator:     0.0
   Value of tmax indicator:         45.2

Task for patient = 6 with skills = {4,-1} and cost = 124.5
   Vehicle #0 = 4, leaving at = 198.0
   Vehicle #1 = -1, leaving at = inf
   Increment on distance indicator: 2.2
   Increment on tard indicator:     0.0
   Value of tmax indicator:         2.2

Task for patient = 17 with skills = {2,-1} and cost = 123.8
   Vehicle #0 = 1, leaving at = 224.8
   Vehicle #1 = -1, leaving at = inf
   Increment on distance indicator: 39.8
   Increment on tard indicator:     0.0
   Value of tmax indicator:         39.8

Task for patient = 13 with skills = {1,-1} and cost = 110.5
   Vehicle #0 = 1, leaving at = 171.0
   Vehicle #1 = -1, leaving at = inf
   Increment on distance indicator: 24.2
   Increment on tard indicator:     0.0
   Value of tmax indicator:         24.2

Task for patient = 10 with skills = {4,-1} and cost = 102.5
   Vehicle #0 = 2, leaving at = 162.0
   Vehicle #1 = -1, leaving at = inf
   Increment on distance indicator: 16.5
   Increment on tard indicator:     0.0
   Value of tmax indicator:         16.5

Task for patient = 24 with skills = {0,3} and cost = 97.0
   Vehicle #0 = 0, leaving at = 101.3
   Vehicle #1 = 3, leaving at = 118.2
   Increment on distance indicator: 107.2
   Increment on tard indicator:     0.0
   Value of tmax indicator:         107.2

Task for patient = 20 with skills = {3,5} and cost = 61.2
   Vehicle #0 = 3, leaving at = 84.3
   Vehicle #1 = 4, leaving at = 84.3
   Increment on distance indicator: 140.7
   Increment on tard indicator:     0.0
   Value of tmax indicator:         140.7

Task for patient = 8 with skills = {4,-1} and cost = 14.3
   Vehicle #0 = 2, leaving at = 60.0
   Vehicle #1 = -1, leaving at = inf
   Increment on distance indicator: 7.3
   Increment on tard indicator:     0.0
   Value of tmax indicator:         7.3

Task for patient = 12 with skills = {1,-1} and cost = 11.9
   Vehicle #0 = 1, leaving at = 87.0
   Vehicle #1 = -1, leaving at = inf
   Increment on distance indicator: 35.7
   Increment on tard indicator:     0.0
   Value of tmax indicator:         35.7

Task for patient = 19 with skills = {4,5} and cost = 204.6
   Vehicle #0 = 2, leaving at = 290.0
   Vehicle #1 = 3, leaving at = 290.0
   Increment on distance indicator: 38.2
   Increment on tard indicator:     0.0
   Value of tmax indicator:         38.2


Unused vehicle list: (total = 0 out of 5)

---
Search finished.
Total of 1900 generations in 32.9 seconds.
Exchange elite runs: 0
Implicit path relinking runs: 0
Reset attempts: 2

Best solution found:
   Cost: 428.6
   Total travel time: 1271.3
   Total tardiness time: 7.2
   Largest tardiness: 7.2


428.6
