This host is: shiva
--- BRKGA-MP-IPR for HHCRSP ---
Instance: /home/alberto/work/gecco2020-brkga/instances-HHCRSP/InstanzCPLEX_HCSRP_50_4.txt
Seed: 5

Reading data... Problem contains 50 patients  and 10 caregivers.

Summary of supply x demand for each service type:
Skill 0 has supply = 3 and demand = 10, ratio = 0.3
Skill 1 has supply = 2 and demand = 6, ratio = 0.333333
Skill 2 has supply = 1 and demand = 9, ratio = 0.111111
Skill 3 has supply = 5 and demand = 15, ratio = 0.333333
Skill 4 has supply = 5 and demand = 16, ratio = 0.3125
Skill 5 has supply = 5 and demand = 9, ratio = 0.555556

Reading parameters...
Inferred distance function by PR type: kendall-tau
Building BRKGA data and initializing...
Evolving 1900 generations...

  Gens  Rem    Local   ElDiv NoImpr             Best solution            Time  Op
                                       Cost     Dist    Tard    TMax 
*    0 1900  2188.78  255.81      0  2188.78  2083.44  4087.7   395.2     0.0    
*    2 1898  2076.05  170.84      0  2076.05  2122.02  3711.1   395.0     0.1    
*    4 1896  1744.21  158.70      0  1744.21  2154.95  2151.8   406.2     0.1    
*    5 1895  1570.98  146.90      0  1570.98  2254.45  1874.5   279.5     0.1    
*    6 1894  1469.50  147.10      0  1469.50  2149.58  1529.4   285.4     0.1    
*    7 1893  1321.46  145.78      0  1321.46  2009.08  1644.1   276.9     0.2    
*    8 1892  1310.01  117.80      0  1310.01  2002.11  1371.9   229.6     0.2    
*    9 1891  1201.22  107.24      0  1201.22  1863.30  1156.4   351.4     0.2    
*   10 1890  1123.71   95.37      0  1123.71  2084.29   898.8   283.3     0.2    
*   11 1889  1088.80   92.60      0  1088.80  2091.58   946.3   169.4     0.3    
*   12 1888  1069.09   78.70      0  1069.09  1974.93   941.4   219.3     0.3    
*   13 1887  1045.19   65.65      0  1045.19  1974.93   941.4   219.3     0.3    
*   15 1885  1010.18   55.40      0  1010.18  1867.72   543.2   181.6     0.3    
*   16 1884   864.18   50.13      0   864.18  1867.72   543.2   181.6     0.4    
*   21 1879   827.51   31.75      0   827.51  1800.35   423.9   181.9     0.5    

  Gens  Rem    Local   ElDiv NoImpr             Best solution            Time  Op
                                       Cost     Dist    Tard    TMax 
*   22 1878   802.05   33.54      0   802.05  1967.92   272.6    66.6     0.5    
*   23 1877   769.03   34.56      0   769.03  1981.14   206.3    79.5     0.5    
*   24 1876   755.66   31.82      0   755.66  1853.59   254.8   125.2     0.5    
*   25 1875   744.54   27.21      0   744.54  1853.59   254.8   125.2     0.6    
*   27 1873   701.59   31.84      0   701.59  1948.67    27.7    13.9     0.6    
*   28 1872   663.43   29.99      0   663.43  1948.67    27.7    13.9     0.6    
*   30 1870   657.17   27.62      0   657.17  1823.51    25.8    14.7     0.7    
*   31 1869   621.34   24.91      0   621.34  1823.25    10.1     7.3     0.7    
*   32 1868   613.56   20.96      0   613.56  1823.25    10.1     7.3     0.7    
*   34 1866   611.93   15.21      0   611.93  1790.66    30.4    14.7     0.7    
*   36 1864   594.08    9.08      0   594.08  1740.62    26.9    14.7     0.8    
*   38 1862   590.85   10.00      0   590.85  1717.99    11.8    11.3     0.8    
*   39 1861   580.37    9.65      0   580.37  1717.99    11.8    11.3     0.9    
*   42 1858   570.53    7.59      0   570.53  1658.10    34.8    18.5     0.9    
*   44 1856   561.40    7.30      0   561.40  1639.46     8.7     7.3     1.0    
*   45 1855   551.83    5.87      0   551.83  1639.46     8.7     7.3     1.0    

  Gens  Rem    Local   ElDiv NoImpr             Best solution            Time  Op
                                       Cost     Dist    Tard    TMax 
    50 1850   551.83    4.39      5   551.83  1639.46     8.7     7.3     1.1    
*   51 1849   545.74    4.42      0   545.74  1620.95     8.7     7.3     1.1    
*   52 1848   545.67    4.05      0   545.67  1620.95     8.7     7.3     1.1    
*   55 1845   545.20    3.07      0   545.20  1619.57     8.7     7.3     1.2    
*   57 1843   544.19    2.33      0   544.19  1616.53     8.7     7.3     1.2    
*   59 1841   540.94    2.42      0   540.94  1599.10     8.7     7.3     1.3    
*   60 1840   538.38    2.28      0   538.38  1599.10     8.7     7.3     1.3    
*   62 1838   535.12    2.54      0   535.12  1581.09     8.7     7.3     1.3    
*   63 1837   532.38    3.04      0   532.38  1581.09     8.7     7.3     1.4    
*   67 1833   529.88    2.53      0   529.88  1573.58     8.7     7.3     1.4    
*   70 1830   527.00    2.18      0   527.00  1563.19     8.7     7.3     1.5    
*   71 1829   526.41    2.24      0   526.41  1563.19     8.7     7.3     1.5    
*   74 1826   525.71    0.43      0   525.71  1560.43     8.7     7.3     1.6    
*   75 1825   525.49    0.45      0   525.49  1560.43     8.7     7.3     1.6    
   100 1800   525.49    0.00     25   525.49  1560.43     8.7     7.3     2.2    
*  146 1754   524.96    0.09      0   524.96  1558.84     8.7     7.3     3.1    

  Gens  Rem    Local   ElDiv NoImpr             Best solution            Time  Op
                                       Cost     Dist    Tard    TMax 
   150 1750   524.96    0.00      4   524.96  1558.84     8.7     7.3     3.2    
   200 1700   524.96    0.00     54   524.96  1558.84     8.7     7.3     4.3    
   250 1650   524.96    0.00    104   524.96  1558.84     8.7     7.3     5.3    
   300 1600   524.96    0.00    154   524.96  1558.84     8.7     7.3     6.4    
   350 1550   524.96    0.00    204   524.96  1558.84     8.7     7.3     7.4    
   400 1500   524.96    0.00    254   524.96  1558.84     8.7     7.3     8.5    
   450 1450   524.96    0.00    304   524.96  1558.84     8.7     7.3     9.6    
   500 1400   524.96    0.00    354   524.96  1558.84     8.7     7.3    10.6    
   550 1350   524.96    0.00    404   524.96  1558.84     8.7     7.3    11.7    
   600 1300   524.96    0.00    454   524.96  1558.84     8.7     7.3    12.7    
   650 1250   524.96    0.00    504   524.96  1558.84     8.7     7.3    13.8    
   700 1200   524.96    0.00    554   524.96  1558.84     8.7     7.3    14.9    
   750 1150   524.96    0.00    604   524.96  1558.84     8.7     7.3    15.9    
   800 1100   524.96    0.00    654   524.96  1558.84     8.7     7.3    17.0    
   845 1055      inf  233.67      0   524.96  1558.84     8.7     7.3    17.9   R
   846 1054  2554.71  202.50      0   524.96  1558.84     8.7     7.3    18.0    

  Gens  Rem    Local   ElDiv NoImpr             Best solution            Time  Op
                                       Cost     Dist    Tard    TMax 
   850 1050  1723.03  146.95      0   524.96  1558.84     8.7     7.3    18.0    
   900 1000   541.49    4.76      2   524.96  1558.84     8.7     7.3    19.1    
   950  950   527.83    0.13      7   524.96  1558.84     8.7     7.3    20.2    
  1000  900   527.58    0.00     42   524.96  1558.84     8.7     7.3    21.2    
  1050  850   527.58    0.00     92   524.96  1558.84     8.7     7.3    22.3    
  1100  800   527.58    0.00    142   524.96  1558.84     8.7     7.3    23.3    
  1150  750   527.58    0.00    192   524.96  1558.84     8.7     7.3    24.4    
  1200  700   527.58    0.00    242   524.96  1558.84     8.7     7.3    25.5    
  1250  650   527.58    0.00    292   524.96  1558.84     8.7     7.3    26.5    
  1300  600   527.58    0.00    342   524.96  1558.84     8.7     7.3    27.6    
  1350  550   527.58    0.00    392   524.96  1558.84     8.7     7.3    28.6    
  1400  500   527.58    0.00    442   524.96  1558.84     8.7     7.3    29.7    
  1450  450   527.58    0.00    492   524.96  1558.84     8.7     7.3    30.8    
  1500  400   527.58    0.00    542   524.96  1558.84     8.7     7.3    31.8    
  1550  350   527.58    0.00    592   524.96  1558.84     8.7     7.3    32.9    
  1600  300   527.58    0.00    642   524.96  1558.84     8.7     7.3    33.9    

  Gens  Rem    Local   ElDiv NoImpr             Best solution            Time  Op
                                       Cost     Dist    Tard    TMax 
  1650  250   527.58    0.00    692   524.96  1558.84     8.7     7.3    35.0    
  1657  243      inf  251.85      0   524.96  1558.84     8.7     7.3    35.1   R
  1658  242  2443.71  191.66      0   524.96  1558.84     8.7     7.3    35.2    
  1700  200   563.64    4.18      0   524.96  1558.84     8.7     7.3    36.0    
  1750  150   538.47    0.00      8   524.96  1558.84     8.7     7.3    37.1    
  1800  100   538.47    0.00     58   524.96  1558.84     8.7     7.3    38.2    
  1850   50   538.47    0.00    108   524.96  1558.84     8.7     7.3    39.2    
  1900    0   538.47    0.00    158   524.96  1558.84     8.7     7.3    40.3    
Evolutionary process finished.
Solution written to 'solution-5646.txt'.

Sorted sequence of worst to best tardiness value:
Task for patient = 43 with skills = {2,4} and cost = 286.0
   Vehicle #0 = 0, leaving at = 375.7
   Vehicle #1 = 5, leaving at = 426.7
   Increment on distance indicator: 35.5
   Increment on tard indicator:     14.7
   Value of tmax indicator:         35.5

Task for patient = 12 with skills = {2,-1} and cost = 342.1
   Vehicle #0 = 0, leaving at = 453.9
   Vehicle #1 = -1, leaving at = inf
   Increment on distance indicator: 61.1
   Increment on tard indicator:     8.9
   Value of tmax indicator:         61.1

Task for patient = 44 with skills = {0,4} and cost = 308.8
   Vehicle #0 = 2, leaving at = 303.0
   Vehicle #1 = 6, leaving at = 337.0
   Increment on distance indicator: 29.3
   Increment on tard indicator:     0.0
   Value of tmax indicator:         29.3

Task for patient = 19 with skills = {4,-1} and cost = 309.7
   Vehicle #0 = 6, leaving at = 356.8
   Vehicle #1 = -1, leaving at = inf
   Increment on distance indicator: 2.8
   Increment on tard indicator:     0.0
   Value of tmax indicator:         2.8

Task for patient = 5 with skills = {3,-1} and cost = 315.4
   Vehicle #0 = 5, leaving at = 460.8
   Vehicle #1 = -1, leaving at = inf
   Increment on distance indicator: 17.1
   Increment on tard indicator:     0.0
   Value of tmax indicator:         17.1

Task for patient = 24 with skills = {1,-1} and cost = 318.8
   Vehicle #0 = 1, leaving at = 300.0
   Vehicle #1 = -1, leaving at = inf
   Increment on distance indicator: 10.0
   Increment on tard indicator:     0.0
   Value of tmax indicator:         10.0

Task for patient = 2 with skills = {4,-1} and cost = 343.6
   Vehicle #0 = 8, leaving at = 429.0
   Vehicle #1 = -1, leaving at = inf
   Increment on distance indicator: 4.5
   Increment on tard indicator:     0.0
   Value of tmax indicator:         4.5

Task for patient = 25 with skills = {1,-1} and cost = 352.6
   Vehicle #0 = 1, leaving at = 343.9
   Vehicle #1 = -1, leaving at = inf
   Increment on distance indicator: 26.9
   Increment on tard indicator:     0.0
   Value of tmax indicator:         26.9

Task for patient = 41 with skills = {3,5} and cost = 361.6
   Vehicle #0 = 7, leaving at = 365.0
   Vehicle #1 = 4, leaving at = 365.0
   Increment on distance indicator: 27.0
   Increment on tard indicator:     0.0
   Value of tmax indicator:         27.0

Task for patient = 22 with skills = {5,-1} and cost = 363.6
   Vehicle #0 = 8, leaving at = 452.0
   Vehicle #1 = -1, leaving at = inf
   Increment on distance indicator: 6.0
   Increment on tard indicator:     0.0
   Value of tmax indicator:         6.0

Task for patient = 34 with skills = {2,-1} and cost = 365.5
   Vehicle #0 = 0, leaving at = 476.7
   Vehicle #1 = -1, leaving at = inf
   Increment on distance indicator: 5.8
   Increment on tard indicator:     0.0
   Value of tmax indicator:         5.8

Task for patient = 47 with skills = {0,4} and cost = 299.0
   Vehicle #0 = 1, leaving at = 218.9
   Vehicle #1 = 8, leaving at = 264.9
   Increment on distance indicator: 23.7
   Increment on tard indicator:     0.0
   Value of tmax indicator:         23.7

Task for patient = 3 with skills = {3,-1} and cost = 371.4
   Vehicle #0 = 4, leaving at = 440.0
   Vehicle #1 = -1, leaving at = inf
   Increment on distance indicator: 15.0
   Increment on tard indicator:     0.0
   Value of tmax indicator:         15.0

Task for patient = 35 with skills = {3,-1} and cost = 377.0
   Vehicle #0 = 4, leaving at = 473.8
   Vehicle #1 = -1, leaving at = inf
   Increment on distance indicator: 16.8
   Increment on tard indicator:     0.0
   Value of tmax indicator:         16.8

Task for patient = 17 with skills = {1,-1} and cost = 380.1
   Vehicle #0 = 0, leaving at = 502.9
   Vehicle #1 = -1, leaving at = inf
   Increment on distance indicator: 9.2
   Increment on tard indicator:     0.0
   Value of tmax indicator:         9.2

Task for patient = 8 with skills = {4,-1} and cost = 388.1
   Vehicle #0 = 5, leaving at = 501.9
   Vehicle #1 = -1, leaving at = inf
   Increment on distance indicator: 24.0
   Increment on tard indicator:     0.0
   Value of tmax indicator:         24.0

Task for patient = 18 with skills = {0,-1} and cost = 392.5
   Vehicle #0 = 2, leaving at = 413.0
   Vehicle #1 = -1, leaving at = inf
   Increment on distance indicator: 13.0
   Increment on tard indicator:     0.0
   Value of tmax indicator:         13.0

Task for patient = 21 with skills = {5,-1} and cost = 399.2
   Vehicle #0 = 6, leaving at = 413.8
   Vehicle #1 = -1, leaving at = inf
   Increment on distance indicator: 20.1
   Increment on tard indicator:     0.0
   Value of tmax indicator:         20.1

Task for patient = 9 with skills = {0,-1} and cost = 406.9
   Vehicle #0 = 2, leaving at = 479.0
   Vehicle #1 = -1, leaving at = inf
   Increment on distance indicator: 23.3
   Increment on tard indicator:     0.0
   Value of tmax indicator:         23.3

Task for patient = 11 with skills = {2,-1} and cost = 422.6
   Vehicle #0 = 0, leaving at = 566.9
   Vehicle #1 = -1, leaving at = inf
   Increment on distance indicator: 47.0
   Increment on tard indicator:     0.0
   Value of tmax indicator:         47.0

Task for patient = 4 with skills = {4,-1} and cost = 424.0
   Vehicle #0 = 8, leaving at = 473.1
   Vehicle #1 = -1, leaving at = inf
   Increment on distance indicator: 4.1
   Increment on tard indicator:     0.0
   Value of tmax indicator:         4.1

Task for patient = 10 with skills = {1,-1} and cost = 434.4
   Vehicle #0 = 1, leaving at = 444.0
   Vehicle #1 = -1, leaving at = inf
   Increment on distance indicator: 31.1
   Increment on tard indicator:     0.0
   Value of tmax indicator:         31.1

Task for patient = 37 with skills = {3,4} and cost = 450.3
   Vehicle #0 = 6, leaving at = 496.8
   Vehicle #1 = 8, leaving at = 496.8
   Increment on distance indicator: 47.9
   Increment on tard indicator:     0.0
   Value of tmax indicator:         47.9

Task for patient = 36 with skills = {3,5} and cost = 458.6
   Vehicle #0 = 6, leaving at = 526.2
   Vehicle #1 = 8, leaving at = 526.2
   Increment on distance indicator: 24.7
   Increment on tard indicator:     0.0
   Value of tmax indicator:         24.7

Task for patient = 29 with skills = {5,-1} and cost = 366.4
   Vehicle #0 = 6, leaving at = 376.7
   Vehicle #1 = -1, leaving at = inf
   Increment on distance indicator: 2.8
   Increment on tard indicator:     0.0
   Value of tmax indicator:         2.8

Task for patient = 15 with skills = {2,-1} and cost = 7.3
   Vehicle #0 = 0, leaving at = 38.9
   Vehicle #1 = -1, leaving at = inf
   Increment on distance indicator: 21.9
   Increment on tard indicator:     0.0
   Value of tmax indicator:         21.9

Task for patient = 49 with skills = {0,3} and cost = 33.3
   Vehicle #0 = 1, leaving at = 81.0
   Vehicle #1 = 4, leaving at = 83.0
   Increment on distance indicator: 78.1
   Increment on tard indicator:     0.0
   Value of tmax indicator:         78.1

Task for patient = 32 with skills = {3,-1} and cost = 44.7
   Vehicle #0 = 4, leaving at = 134.0
   Vehicle #1 = -1, leaving at = inf
   Increment on distance indicator: 34.0
   Increment on tard indicator:     0.0
   Value of tmax indicator:         34.0

Task for patient = 23 with skills = {4,-1} and cost = 46.9
   Vehicle #0 = 4, leaving at = 157.7
   Vehicle #1 = -1, leaving at = inf
   Increment on distance indicator: 6.7
   Increment on tard indicator:     0.0
   Value of tmax indicator:         6.7

Task for patient = 42 with skills = {3,4} and cost = 56.5
   Vehicle #0 = 5, leaving at = 63.0
   Vehicle #1 = 6, leaving at = 63.0
   Increment on distance indicator: 28.6
   Increment on tard indicator:     0.0
   Value of tmax indicator:         28.6

Task for patient = 13 with skills = {2,-1} and cost = 75.3
   Vehicle #0 = 0, leaving at = 112.4
   Vehicle #1 = -1, leaving at = inf
   Increment on distance indicator: 56.4
   Increment on tard indicator:     0.0
   Value of tmax indicator:         56.4

Task for patient = 6 with skills = {3,-1} and cost = 79.3
   Vehicle #0 = 7, leaving at = 122.0
   Vehicle #1 = -1, leaving at = inf
   Increment on distance indicator: 12.2
   Increment on tard indicator:     0.0
   Value of tmax indicator:         12.2

Task for patient = 38 with skills = {4,5} and cost = 80.0
   Vehicle #0 = 5, leaving at = 82.0
   Vehicle #1 = 6, leaving at = 82.0
   Increment on distance indicator: 2.0
   Increment on tard indicator:     0.0
   Value of tmax indicator:         2.0

Task for patient = 48 with skills = {0,3} and cost = 100.7
   Vehicle #0 = 2, leaving at = 91.6
   Vehicle #1 = 5, leaving at = 125.6
   Increment on distance indicator: 62.2
   Increment on tard indicator:     0.0
   Value of tmax indicator:         62.2

Task for patient = 50 with skills = {2,4} and cost = 116.7
   Vehicle #0 = 0, leaving at = 166.5
   Vehicle #1 = 4, leaving at = 202.5
   Increment on distance indicator: 47.9
   Increment on tard indicator:     0.0
   Value of tmax indicator:         47.9

Task for patient = 40 with skills = {4,5} and cost = 142.1
   Vehicle #0 = 8, leaving at = 90.0
   Vehicle #1 = 3, leaving at = 90.0
   Increment on distance indicator: 76.0
   Increment on tard indicator:     0.0
   Value of tmax indicator:         76.0

Task for patient = 27 with skills = {3,-1} and cost = 291.1
   Vehicle #0 = 8, leaving at = 232.3
   Vehicle #1 = -1, leaving at = inf
   Increment on distance indicator: 15.3
   Increment on tard indicator:     0.0
   Value of tmax indicator:         15.3

Task for patient = 20 with skills = {0,-1} and cost = 157.6
   Vehicle #0 = 1, leaving at = 125.0
   Vehicle #1 = -1, leaving at = inf
   Increment on distance indicator: 18.7
   Increment on tard indicator:     0.0
   Value of tmax indicator:         18.7

Task for patient = 1 with skills = {2,-1} and cost = 169.6
   Vehicle #0 = 0, leaving at = 219.6
   Vehicle #1 = -1, leaving at = inf
   Increment on distance indicator: 36.1
   Increment on tard indicator:     0.0
   Value of tmax indicator:         36.1

Task for patient = 30 with skills = {5,-1} and cost = 174.0
   Vehicle #0 = 6, leaving at = 112.0
   Vehicle #1 = -1, leaving at = inf
   Increment on distance indicator: 13.0
   Increment on tard indicator:     0.0
   Value of tmax indicator:         13.0

Task for patient = 39 with skills = {4,5} and cost = 184.5
   Vehicle #0 = 5, leaving at = 159.2
   Vehicle #1 = 6, leaving at = 159.2
   Increment on distance indicator: 31.6
   Increment on tard indicator:     0.0
   Value of tmax indicator:         31.6

Task for patient = 16 with skills = {0,-1} and cost = 191.5
   Vehicle #0 = 2, leaving at = 174.3
   Vehicle #1 = -1, leaving at = inf
   Increment on distance indicator: 20.8
   Increment on tard indicator:     0.0
   Value of tmax indicator:         20.8

Task for patient = 45 with skills = {1,4} and cost = 203.6
   Vehicle #0 = 0, leaving at = 242.0
   Vehicle #1 = 4, leaving at = 268.0
   Increment on distance indicator: 36.4
   Increment on tard indicator:     0.0
   Value of tmax indicator:         36.4

Task for patient = 28 with skills = {3,-1} and cost = 208.5
   Vehicle #0 = 8, leaving at = 200.0
   Vehicle #1 = -1, leaving at = inf
   Increment on distance indicator: 14.8
   Increment on tard indicator:     0.0
   Value of tmax indicator:         14.8

Task for patient = 14 with skills = {2,-1} and cost = 231.3
   Vehicle #0 = 0, leaving at = 327.4
   Vehicle #1 = -1, leaving at = inf
   Increment on distance indicator: 68.4
   Increment on tard indicator:     0.0
   Value of tmax indicator:         68.4

Task for patient = 31 with skills = {4,-1} and cost = 242.2
   Vehicle #0 = 7, leaving at = 171.8
   Vehicle #1 = -1, leaving at = inf
   Increment on distance indicator: 32.8
   Increment on tard indicator:     0.0
   Value of tmax indicator:         32.8

Task for patient = 7 with skills = {1,-1} and cost = 254.0
   Vehicle #0 = 1, leaving at = 177.4
   Vehicle #1 = -1, leaving at = inf
   Increment on distance indicator: 35.4
   Increment on tard indicator:     0.0
   Value of tmax indicator:         35.4

Task for patient = 46 with skills = {0,3} and cost = 264.4
   Vehicle #0 = 2, leaving at = 273.0
   Vehicle #1 = 5, leaving at = 324.0
   Increment on distance indicator: 30.9
   Increment on tard indicator:     0.0
   Value of tmax indicator:         30.9

Task for patient = 26 with skills = {3,-1} and cost = 461.6
   Vehicle #0 = 6, leaving at = 552.4
   Vehicle #1 = -1, leaving at = inf
   Increment on distance indicator: 9.2
   Increment on tard indicator:     0.0
   Value of tmax indicator:         9.2

Task for patient = 33 with skills = {0,-1} and cost = 151.4
   Vehicle #0 = 2, leaving at = 136.5
   Vehicle #1 = -1, leaving at = inf
   Increment on distance indicator: 27.9
   Increment on tard indicator:     0.0
   Value of tmax indicator:         27.9


Unused vehicle list: 9 (total = 1 out of 10)

---
Search finished.
Total of 1900 generations in 40.3 seconds.
Exchange elite runs: 0
Implicit path relinking runs: 0
Reset attempts: 2

Best solution found:
   Cost: 525.0
   Total travel time: 1558.8
   Total tardiness time: 8.7
   Largest tardiness: 7.3


525.0
