This host is: malboro
--- BRKGA-MP-IPR for HHCRSP ---
Instance: /home/alberto/work/gecco2020-brkga/instances-HHCRSP/InstanzCPLEX_HCSRP_50_6.txt
Seed: 16

Reading data... Problem contains 50 patients  and 10 caregivers.

Summary of supply x demand for each service type:
Skill 0 has supply = 2 and demand = 10, ratio = 0.2
Skill 1 has supply = 2 and demand = 8, ratio = 0.25
Skill 2 has supply = 1 and demand = 10, ratio = 0.1
Skill 3 has supply = 7 and demand = 12, ratio = 0.583333
Skill 4 has supply = 7 and demand = 10, ratio = 0.7
Skill 5 has supply = 4 and demand = 15, ratio = 0.266667

Reading parameters...
Inferred distance function by PR type: kendall-tau
Building BRKGA data and initializing...
Evolving 1900 generations...

  Gens  Rem    Local   ElDiv NoImpr             Best solution            Time  Op
                                       Cost     Dist    Tard    TMax 
*    0 1900  2425.75  234.61      0  2425.75  2381.76  4321.0   574.5     0.0    
*    4 1896  2266.62  137.82      0  2266.62  2359.32  3818.2   421.0     0.1    
*    5 1895  2199.50  133.29      0  2199.50  2311.90  3544.0   548.7     0.1    
*    6 1894  2134.87  129.51      0  2134.87  2383.61  2969.5   549.6     0.2    
*    7 1893  1967.55  123.44      0  1967.55  2435.77  2753.9   429.7     0.2    
*    8 1892  1873.14  114.16      0  1873.14  2248.39  2806.1   390.5     0.2    
*    9 1891  1814.98  114.19      0  1814.98  2122.74  2436.9   427.3     0.2    
*   10 1890  1662.29   90.54      0  1662.29  2122.74  2436.9   427.3     0.2    
*   12 1888  1444.43  104.44      0  1444.43  2112.75  1909.0   311.5     0.3    
*   15 1885  1366.86   88.06      0  1366.86  1932.40  1363.6   244.8     0.4    
*   16 1884  1180.27   82.29      0  1180.27  1932.40  1363.6   244.8     0.4    
*   19 1881  1135.48   54.55      0  1135.48  1973.52  1247.1   185.8     0.5    
*   21 1879  1078.16   37.67      0  1078.16  1994.25  1055.2   185.0     0.5    
*   23 1877   974.22   38.26      0   974.22  1844.94   901.6   176.1     0.5    
*   26 1874   974.14   25.41      0   974.14  1891.17   864.8   166.4     0.6    

  Gens  Rem    Local   ElDiv NoImpr             Best solution            Time  Op
                                       Cost     Dist    Tard    TMax 
*   28 1872   961.21   21.62      0   961.21  1858.09   858.0   167.5     0.7    
*   30 1870   935.28   18.98      0   935.28  1808.64   830.8   166.4     0.7    
*   32 1868   916.48   17.46      0   916.48  1751.75   850.1   145.1     0.7    
*   33 1867   915.66   15.81      0   915.66  1789.73   781.1   164.4     0.8    
*   34 1866   911.74   13.52      0   911.74  1789.73   781.1   164.4     0.8    
*   37 1863   904.72    9.36      0   904.72  1725.52   828.4   160.2     0.9    
*   39 1861   902.51    7.81      0   902.51  1778.37   746.2   182.9     0.9    
*   41 1859   898.90    7.20      0   898.90  1770.86   761.4   164.4     0.9    
*   43 1857   886.87    6.94      0   886.87  1701.42   795.9   160.2     1.0    
*   44 1856   885.86    7.13      0   885.86  1725.03   762.1   159.6     1.0    
*   45 1855   882.26    7.58      0   882.26  1707.00   755.0   160.2     1.0    
*   46 1854   874.08    7.50      0   874.08  1694.05   764.5   160.2     1.1    
*   47 1853   872.94    7.12      0   872.94  1694.05   764.5   160.2     1.1    
    50 1850   872.94    4.61      3   872.94  1694.05   764.5   160.2     1.2    
*   52 1848   870.24    4.01      0   870.24  1693.95   733.8   182.9     1.2    
*   54 1846   869.56    4.07      0   869.56  1701.25   744.9   160.2     1.2    

  Gens  Rem    Local   ElDiv NoImpr             Best solution            Time  Op
                                       Cost     Dist    Tard    TMax 
*   55 1845   868.78    4.10      0   868.78  1690.37   744.9   160.2     1.3    
*   56 1844   865.15    3.71      0   865.15  1690.37   744.9   160.2     1.3    
*   58 1842   865.01    3.54      0   865.01  1662.16   749.2   173.6     1.3    
*   59 1841   861.66    3.54      0   861.66  1662.16   749.2   173.6     1.4    
*   62 1838   860.38    2.55      0   860.38  1655.04   764.5   160.2     1.4    
*   63 1837   859.93    2.63      0   859.93  1635.28   749.9   182.3     1.4    
*   64 1836   855.83    2.31      0   855.83  1635.28   749.9   182.3     1.5    
*   66 1834   854.29    1.93      0   854.29  1643.67   746.2   173.0     1.5    
*   69 1831   854.21    1.51      0   854.21  1636.16   749.2   173.6     1.6    
*   70 1830   852.99    1.45      0   852.99  1636.16   749.2   173.6     1.6    
*   73 1827   852.44    0.64      0   852.44  1638.10   746.2   173.0     1.7    
*   75 1825   851.59    0.67      0   851.59  1633.90   746.2   173.0     1.7    
*   76 1824   851.04    0.77      0   851.04  1632.43   746.2   173.0     1.7    
*   77 1823   850.54    0.82      0   850.54  1632.43   746.2   173.0     1.8    
*   81 1819   850.30    0.23      0   850.30  1631.70   746.2   173.0     1.9    
*   94 1806   849.15    0.11      0   849.15  1628.25   746.2   173.0     2.1    

  Gens  Rem    Local   ElDiv NoImpr             Best solution            Time  Op
                                       Cost     Dist    Tard    TMax 
   100 1800   849.15    0.22      6   849.15  1628.25   746.2   173.0     2.3    
*  109 1791   848.37    0.17      0   848.37  1624.97   746.2   173.0     2.5    
*  110 1790   848.06    0.31      0   848.06  1622.53   746.2   173.0     2.5    
*  111 1789   847.24    0.42      0   847.24  1622.53   746.2   173.0     2.5    
*  114 1786   846.47    0.61      0   846.47  1620.20   746.2   173.0     2.6    
*  116 1784   845.38    0.25      0   845.38  1616.92   746.2   173.0     2.6    
*  120 1780   844.24    0.36      0   844.24  1610.25   746.2   173.0     2.7    
*  121 1779   843.15    0.63      0   843.15  1610.25   746.2   173.0     2.8    
   150 1750   843.15    0.00     29   843.15  1610.25   746.2   173.0     3.4    
   200 1700   843.15    0.00     79   843.15  1610.25   746.2   173.0     4.5    
   250 1650   843.15    0.00    129   843.15  1610.25   746.2   173.0     5.7    
   300 1600   843.15    0.00    179   843.15  1610.25   746.2   173.0     6.8    
   350 1550   843.15    0.00    229   843.15  1610.25   746.2   173.0     7.9    
   400 1500   843.15    0.00    279   843.15  1610.25   746.2   173.0     9.0    
   450 1450   843.15    0.00    329   843.15  1610.25   746.2   173.0    10.1    
   500 1400   843.15    0.00    379   843.15  1610.25   746.2   173.0    11.3    

  Gens  Rem    Local   ElDiv NoImpr             Best solution            Time  Op
                                       Cost     Dist    Tard    TMax 
   550 1350   843.15    0.00    429   843.15  1610.25   746.2   173.0    12.4    
   600 1300   843.15    0.00    479   843.15  1610.25   746.2   173.0    13.5    
   650 1250   843.15    0.00    529   843.15  1610.25   746.2   173.0    14.6    
   700 1200   843.15    0.00    579   843.15  1610.25   746.2   173.0    15.8    
   750 1150   843.15    0.00    629   843.15  1610.25   746.2   173.0    16.9    
   800 1100   843.15    0.00    679   843.15  1610.25   746.2   173.0    18.0    
   820 1080      inf  248.64      0   843.15  1610.25   746.2   173.0    18.5   R
   821 1079  2423.84  256.57      0   843.15  1610.25   746.2   173.0    18.5    
   850 1050   967.17   18.57      1   843.15  1610.25   746.2   173.0    19.1    
   900 1000   849.20    0.19      3   843.15  1610.25   746.2   173.0    20.3    
   950  950   849.20    0.00     53   843.15  1610.25   746.2   173.0    21.4    
  1000  900   846.03    1.29     13   843.15  1610.25   746.2   173.0    22.5    
  1050  850   845.75    0.00     40   843.15  1610.25   746.2   173.0    23.7    
  1100  800   845.75    0.00     90   843.15  1610.25   746.2   173.0    24.8    
  1150  750   845.75    0.00    140   843.15  1610.25   746.2   173.0    25.9    
  1200  700   845.75    0.00    190   843.15  1610.25   746.2   173.0    27.1    

  Gens  Rem    Local   ElDiv NoImpr             Best solution            Time  Op
                                       Cost     Dist    Tard    TMax 
  1250  650   845.75    0.00    240   843.15  1610.25   746.2   173.0    28.2    
  1300  600   845.75    0.00    290   843.15  1610.25   746.2   173.0    29.3    
  1350  550   845.75    0.00    340   843.15  1610.25   746.2   173.0    30.4    
  1400  500   845.75    0.00    390   843.15  1610.25   746.2   173.0    31.6    
  1450  450   845.75    0.00    440   843.15  1610.25   746.2   173.0    32.7    
  1500  400   845.75    0.00    490   843.15  1610.25   746.2   173.0    33.8    
  1550  350   845.75    0.00    540   843.15  1610.25   746.2   173.0    34.9    
  1600  300   845.75    0.00    590   843.15  1610.25   746.2   173.0    36.1    
  1650  250   845.75    0.00    640   843.15  1610.25   746.2   173.0    37.2    
  1700  200   845.75    0.00    690   843.15  1610.25   746.2   173.0    38.3    
  1709  191      inf  226.00      0   843.15  1610.25   746.2   173.0    38.5   R
  1710  190  2605.66  232.71      0   843.15  1610.25   746.2   173.0    38.5    
  1750  150   897.47    8.29      2   843.15  1610.25   746.2   173.0    39.4    
  1800  100   847.45    0.27      3   843.15  1610.25   746.2   173.0    40.6    
  1850   50   845.75    0.00     10   843.15  1610.25   746.2   173.0    41.7    
  1900    0   845.75    0.00     60   843.15  1610.25   746.2   173.0    42.8    
Evolutionary process finished.
Solution written to 'solution-6228.txt'.

Sorted sequence of worst to best tardiness value:
Task for patient = 48 with skills = {2,3} and cost = 482.0
   Vehicle #0 = 2, leaving at = 390.3
   Vehicle #1 = 4, leaving at = 409.3
   Increment on distance indicator: 30.1
   Increment on tard indicator:     345.7
   Value of tmax indicator:         30.1

Task for patient = 13 with skills = {0,-1} and cost = 539.0
   Vehicle #0 = 0, leaving at = 299.4
   Vehicle #1 = -1, leaving at = inf
   Increment on distance indicator: 24.2
   Increment on tard indicator:     88.4
   Value of tmax indicator:         24.2

Task for patient = 2 with skills = {0,-1} and cost = 685.5
   Vehicle #0 = 0, leaving at = 375.7
   Vehicle #1 = -1, leaving at = inf
   Increment on distance indicator: 57.2
   Increment on tard indicator:     80.7
   Value of tmax indicator:         57.2

Task for patient = 4 with skills = {0,-1} and cost = 308.9
   Vehicle #0 = 0, leaving at = 235.8
   Vehicle #1 = -1, leaving at = inf
   Increment on distance indicator: 26.2
   Increment on tard indicator:     78.8
   Value of tmax indicator:         26.2

Task for patient = 20 with skills = {2,-1} and cost = 202.4
   Vehicle #0 = 2, leaving at = 303.4
   Vehicle #1 = -1, leaving at = inf
   Increment on distance indicator: 54.3
   Increment on tard indicator:     66.4
   Value of tmax indicator:         54.3

Task for patient = 3 with skills = {2,-1} and cost = 221.0
   Vehicle #0 = 2, leaving at = 331.6
   Vehicle #1 = -1, leaving at = inf
   Increment on distance indicator: 9.2
   Increment on tard indicator:     46.6
   Value of tmax indicator:         9.2

Task for patient = 46 with skills = {2,3} and cost = 322.3
   Vehicle #0 = 2, leaving at = 356.3
   Vehicle #1 = 4, leaving at = 366.3
   Increment on distance indicator: 23.5
   Increment on tard indicator:     16.6
   Value of tmax indicator:         23.5

Task for patient = 43 with skills = {1,4} and cost = 260.8
   Vehicle #0 = 1, leaving at = 170.1
   Vehicle #1 = 5, leaving at = 180.1
   Increment on distance indicator: 16.6
   Increment on tard indicator:     10.1
   Value of tmax indicator:         16.6

Task for patient = 26 with skills = {0,-1} and cost = 707.9
   Vehicle #0 = 0, leaving at = 403.9
   Vehicle #1 = -1, leaving at = inf
   Increment on distance indicator: 9.2
   Increment on tard indicator:     6.9
   Value of tmax indicator:         9.2

Task for patient = 9 with skills = {4,-1} and cost = 489.7
   Vehicle #0 = 8, leaving at = 329.0
   Vehicle #1 = -1, leaving at = inf
   Increment on distance indicator: 23.1
   Increment on tard indicator:     0.0
   Value of tmax indicator:         23.1

Task for patient = 47 with skills = {0,5} and cost = 498.7
   Vehicle #0 = 0, leaving at = 256.2
   Vehicle #1 = 7, leaving at = 315.2
   Increment on distance indicator: 27.0
   Increment on tard indicator:     0.0
   Value of tmax indicator:         27.0

Task for patient = 24 with skills = {1,-1} and cost = 501.4
   Vehicle #0 = 2, leaving at = 417.4
   Vehicle #1 = -1, leaving at = inf
   Increment on distance indicator: 8.1
   Increment on tard indicator:     0.0
   Value of tmax indicator:         8.1

Task for patient = 12 with skills = {2,-1} and cost = 553.5
   Vehicle #0 = 2, leaving at = 480.1
   Vehicle #1 = -1, leaving at = inf
   Increment on distance indicator: 43.7
   Increment on tard indicator:     0.0
   Value of tmax indicator:         43.7

Task for patient = 15 with skills = {1,-1} and cost = 571.4
   Vehicle #0 = 1, leaving at = 368.0
   Vehicle #1 = -1, leaving at = inf
   Increment on distance indicator: 53.7
   Increment on tard indicator:     0.0
   Value of tmax indicator:         53.7

Task for patient = 21 with skills = {3,-1} and cost = 574.1
   Vehicle #0 = 8, leaving at = 356.0
   Vehicle #1 = -1, leaving at = inf
   Increment on distance indicator: 8.0
   Increment on tard indicator:     0.0
   Value of tmax indicator:         8.0

Task for patient = 42 with skills = {3,5} and cost = 591.8
   Vehicle #0 = 5, leaving at = 485.0
   Vehicle #1 = 3, leaving at = 485.0
   Increment on distance indicator: 7.8
   Increment on tard indicator:     0.0
   Value of tmax indicator:         7.8

Task for patient = 32 with skills = {4,-1} and cost = 599.5
   Vehicle #0 = 7, leaving at = 428.0
   Vehicle #1 = -1, leaving at = inf
   Increment on distance indicator: 22.8
   Increment on tard indicator:     0.0
   Value of tmax indicator:         22.8

Task for patient = 19 with skills = {1,-1} and cost = 603.3
   Vehicle #0 = 1, leaving at = 398.4
   Vehicle #1 = -1, leaving at = inf
   Increment on distance indicator: 11.4
   Increment on tard indicator:     0.0
   Value of tmax indicator:         11.4

Task for patient = 38 with skills = {4,5} and cost = 621.0
   Vehicle #0 = 4, leaving at = 445.5
   Vehicle #1 = 8, leaving at = 445.5
   Increment on distance indicator: 53.2
   Increment on tard indicator:     0.0
   Value of tmax indicator:         53.2

Task for patient = 41 with skills = {3,4} and cost = 632.5
   Vehicle #0 = 6, leaving at = 289.0
   Vehicle #1 = 9, leaving at = 289.0
   Increment on distance indicator: 34.6
   Increment on tard indicator:     0.0
   Value of tmax indicator:         34.6

Task for patient = 29 with skills = {3,-1} and cost = 639.5
   Vehicle #0 = 4, leaving at = 490.0
   Vehicle #1 = -1, leaving at = inf
   Increment on distance indicator: 21.0
   Increment on tard indicator:     0.0
   Value of tmax indicator:         21.0

Task for patient = 28 with skills = {5,-1} and cost = 695.6
   Vehicle #0 = 8, leaving at = 495.0
   Vehicle #1 = -1, leaving at = inf
   Increment on distance indicator: 30.4
   Increment on tard indicator:     0.0
   Value of tmax indicator:         30.4

Task for patient = 23 with skills = {1,-1} and cost = 697.3
   Vehicle #0 = 1, leaving at = 422.5
   Vehicle #1 = -1, leaving at = inf
   Increment on distance indicator: 5.1
   Increment on tard indicator:     0.0
   Value of tmax indicator:         5.1

Task for patient = 14 with skills = {3,-1} and cost = 702.5
   Vehicle #0 = 7, leaving at = 490.0
   Vehicle #1 = -1, leaving at = inf
   Increment on distance indicator: 15.5
   Increment on tard indicator:     0.0
   Value of tmax indicator:         15.5

Task for patient = 10 with skills = {5,-1} and cost = 714.4
   Vehicle #0 = 3, leaving at = 512.5
   Vehicle #1 = -1, leaving at = inf
   Increment on distance indicator: 8.5
   Increment on tard indicator:     0.0
   Value of tmax indicator:         8.5

Task for patient = 40 with skills = {3,4} and cost = 589.2
   Vehicle #0 = 7, leaving at = 386.2
   Vehicle #1 = 8, leaving at = 386.2
   Increment on distance indicator: 45.4
   Increment on tard indicator:     0.0
   Value of tmax indicator:         45.4

Task for patient = 25 with skills = {2,-1} and cost = 11.7
   Vehicle #0 = 2, leaving at = 75.0
   Vehicle #1 = -1, leaving at = inf
   Increment on distance indicator: 35.0
   Increment on tard indicator:     0.0
   Value of tmax indicator:         35.0

Task for patient = 16 with skills = {0,-1} and cost = 14.5
   Vehicle #0 = 0, leaving at = 43.0
   Vehicle #1 = -1, leaving at = inf
   Increment on distance indicator: 8.6
   Increment on tard indicator:     0.0
   Value of tmax indicator:         8.6

Task for patient = 50 with skills = {0,5} and cost = 27.7
   Vehicle #0 = 0, leaving at = 86.1
   Vehicle #1 = 3, leaving at = 88.1
   Increment on distance indicator: 39.6
   Increment on tard indicator:     0.0
   Value of tmax indicator:         39.6

Task for patient = 5 with skills = {1,-1} and cost = 33.8
   Vehicle #0 = 1, leaving at = 37.2
   Vehicle #1 = -1, leaving at = inf
   Increment on distance indicator: 18.2
   Increment on tard indicator:     0.0
   Value of tmax indicator:         18.2

Task for patient = 30 with skills = {2,-1} and cost = 41.5
   Vehicle #0 = 2, leaving at = 117.0
   Vehicle #1 = -1, leaving at = inf
   Increment on distance indicator: 23.0
   Increment on tard indicator:     0.0
   Value of tmax indicator:         23.0

Task for patient = 31 with skills = {2,-1} and cost = 45.6
   Vehicle #0 = 2, leaving at = 148.2
   Vehicle #1 = -1, leaving at = inf
   Increment on distance indicator: 12.2
   Increment on tard indicator:     0.0
   Value of tmax indicator:         12.2

Task for patient = 6 with skills = {5,-1} and cost = 53.9
   Vehicle #0 = 6, leaving at = 102.0
   Vehicle #1 = -1, leaving at = inf
   Increment on distance indicator: 25.0
   Increment on tard indicator:     0.0
   Value of tmax indicator:         25.0

Task for patient = 49 with skills = {0,5} and cost = 55.2
   Vehicle #0 = 2, leaving at = 168.2
   Vehicle #1 = 6, leaving at = 187.2
   Increment on distance indicator: 3.8
   Increment on tard indicator:     0.0
   Value of tmax indicator:         3.8

Task for patient = 27 with skills = {4,-1} and cost = 75.0
   Vehicle #0 = 4, leaving at = 78.6
   Vehicle #1 = -1, leaving at = inf
   Increment on distance indicator: 59.6
   Increment on tard indicator:     0.0
   Value of tmax indicator:         59.6

Task for patient = 36 with skills = {3,5} and cost = 86.4
   Vehicle #0 = 5, leaving at = 98.0
   Vehicle #1 = 7, leaving at = 98.0
   Increment on distance indicator: 34.0
   Increment on tard indicator:     0.0
   Value of tmax indicator:         34.0

Task for patient = 22 with skills = {2,-1} and cost = 90.6
   Vehicle #0 = 2, leaving at = 199.9
   Vehicle #1 = -1, leaving at = inf
   Increment on distance indicator: 12.7
   Increment on tard indicator:     0.0
   Value of tmax indicator:         12.7

Task for patient = 1 with skills = {1,-1} and cost = 711.5
   Vehicle #0 = 1, leaving at = 470.0
   Vehicle #1 = -1, leaving at = inf
   Increment on distance indicator: 11.0
   Increment on tard indicator:     0.0
   Value of tmax indicator:         11.0

Task for patient = 44 with skills = {2,4} and cost = 108.5
   Vehicle #0 = 2, leaving at = 230.1
   Vehicle #1 = 6, leaving at = 232.1
   Increment on distance indicator: 22.4
   Increment on tard indicator:     0.0
   Value of tmax indicator:         22.4

Task for patient = 35 with skills = {5,-1} and cost = 111.0
   Vehicle #0 = 7, leaving at = 124.6
   Vehicle #1 = -1, leaving at = inf
   Increment on distance indicator: 7.6
   Increment on tard indicator:     0.0
   Value of tmax indicator:         7.6

Task for patient = 18 with skills = {0,-1} and cost = 129.3
   Vehicle #0 = 0, leaving at = 160.0
   Vehicle #1 = -1, leaving at = inf
   Increment on distance indicator: 54.9
   Increment on tard indicator:     0.0
   Value of tmax indicator:         54.9

Task for patient = 8 with skills = {4,-1} and cost = 138.3
   Vehicle #0 = 7, leaving at = 170.5
   Vehicle #1 = -1, leaving at = inf
   Increment on distance indicator: 26.9
   Increment on tard indicator:     0.0
   Value of tmax indicator:         26.9

Task for patient = 34 with skills = {5,-1} and cost = 140.0
   Vehicle #0 = 6, leaving at = 256.2
   Vehicle #1 = -1, leaving at = inf
   Increment on distance indicator: 5.1
   Increment on tard indicator:     0.0
   Value of tmax indicator:         5.1

Task for patient = 39 with skills = {3,5} and cost = 224.6
   Vehicle #0 = 9, leaving at = 120.0
   Vehicle #1 = 8, leaving at = 120.0
   Increment on distance indicator: 10.8
   Increment on tard indicator:     0.0
   Value of tmax indicator:         10.8

Task for patient = 33 with skills = {0,-1} and cost = 228.5
   Vehicle #0 = 0, leaving at = 190.7
   Vehicle #1 = -1, leaving at = inf
   Increment on distance indicator: 11.7
   Increment on tard indicator:     0.0
   Value of tmax indicator:         11.7

Task for patient = 37 with skills = {3,5} and cost = 232.7
   Vehicle #0 = 9, leaving at = 233.0
   Vehicle #1 = 8, leaving at = 233.0
   Increment on distance indicator: 12.6
   Increment on tard indicator:     0.0
   Value of tmax indicator:         12.6

Task for patient = 7 with skills = {5,-1} and cost = 239.4
   Vehicle #0 = 8, leaving at = 272.2
   Vehicle #1 = -1, leaving at = inf
   Increment on distance indicator: 20.2
   Increment on tard indicator:     0.0
   Value of tmax indicator:         20.2

Task for patient = 45 with skills = {1,3} and cost = 251.9
   Vehicle #0 = 1, leaving at = 144.0
   Vehicle #1 = 3, leaving at = 165.0
   Increment on distance indicator: 37.3
   Increment on tard indicator:     0.0
   Value of tmax indicator:         37.3

Task for patient = 17 with skills = {5,-1} and cost = 269.7
   Vehicle #0 = 7, leaving at = 216.4
   Vehicle #1 = -1, leaving at = inf
   Increment on distance indicator: 26.9
   Increment on tard indicator:     0.0
   Value of tmax indicator:         26.9

Task for patient = 11 with skills = {4,-1} and cost = 101.0
   Vehicle #0 = 4, leaving at = 128.8
   Vehicle #1 = -1, leaving at = inf
   Increment on distance indicator: 31.1
   Increment on tard indicator:     0.0
   Value of tmax indicator:         31.1


Unused vehicle list: (total = 0 out of 10)

---
Search finished.
Total of 1900 generations in 42.8 seconds.
Exchange elite runs: 0
Implicit path relinking runs: 0
Reset attempts: 2

Best solution found:
   Cost: 843.2
   Total travel time: 1610.2
   Total tardiness time: 746.2
   Largest tardiness: 173.0


843.2
