This host is: ifrit
--- BRKGA-MP-IPR for HHCRSP ---
Instance: /home/alberto/work/gecco2020-brkga/instances-HHCRSP/InstanzCPLEX_HCSRP_10_7.txt
Seed: 20

Reading data... Problem contains 10 patients  and 3 caregivers.

Summary of supply x demand for each service type:
Skill 0 has supply = 1 and demand = 2, ratio = 0.5
Skill 1 has supply = 1 and demand = 0, ratio = inf
Skill 2 has supply = 1 and demand = 1, ratio = 1
Skill 3 has supply = 1 and demand = 4, ratio = 0.25
Skill 4 has supply = 1 and demand = 5, ratio = 0.2
Skill 5 has supply = 2 and demand = 1, ratio = 2

Reading parameters...
Inferred distance function by PR type: kendall-tau
Building BRKGA data and initializing...
Evolving 1900 generations...

  Gens  Rem    Local   ElDiv NoImpr             Best solution            Time  Op
                                       Cost     Dist    Tard    TMax 
*    0 1900   412.66   89.39      0   412.66   799.96   298.7   139.4     0.0    
*    2 1898   333.45   56.64      0   333.45   740.84    45.5    24.7     0.1    
*    3 1897   270.35   48.32      0   270.35   686.67     0.0     0.0     0.1    
*    4 1896   228.89   39.48      0   228.89   676.11     0.0     0.0     0.1    
*    5 1895   225.37   37.35      0   225.37   676.11     0.0     0.0     0.1    
    50 1850   225.37    0.00     45   225.37   676.11     0.0     0.0     0.9    
   100 1800   225.37    0.00     95   225.37   676.11     0.0     0.0     1.7    
   150 1750   225.37    0.00    145   225.37   676.11     0.0     0.0     2.6    
   200 1700   225.37    0.00    195   225.37   676.11     0.0     0.0     3.4    
   250 1650   225.37    0.00    245   225.37   676.11     0.0     0.0     4.3    
   300 1600   225.37    0.00    295   225.37   676.11     0.0     0.0     5.2    
   350 1550   225.37    0.00    345   225.37   676.11     0.0     0.0     6.0    
   400 1500   225.37    0.00    395   225.37   676.11     0.0     0.0     6.9    
   450 1450   225.37    0.00    445   225.37   676.11     0.0     0.0     7.7    
   500 1400   225.37    0.00    495   225.37   676.11     0.0     0.0     8.6    

  Gens  Rem    Local   ElDiv NoImpr             Best solution            Time  Op
                                       Cost     Dist    Tard    TMax 
   550 1350   225.37    0.00    545   225.37   676.11     0.0     0.0     9.4    
   600 1300   225.37    0.00    595   225.37   676.11     0.0     0.0    10.3    
   650 1250   225.37    0.00    645   225.37   676.11     0.0     0.0    11.2    
   700 1200   225.37    0.00    695   225.37   676.11     0.0     0.0    12.0    
   704 1196      inf  126.91      0   225.37   676.11     0.0     0.0    12.1   R
   705 1195   303.58  101.34      0   225.37   676.11     0.0     0.0    12.1    
   750 1150   225.37    0.00     41   225.37   676.11     0.0     0.0    12.9    
   800 1100   225.37    0.00     91   225.37   676.11     0.0     0.0    13.7    
   850 1050   225.37    0.00    141   225.37   676.11     0.0     0.0    14.6    
   900 1000   225.37    0.00    191   225.37   676.11     0.0     0.0    15.4    
   950  950   225.37    0.00    241   225.37   676.11     0.0     0.0    16.3    
  1000  900   225.37    0.00    291   225.37   676.11     0.0     0.0    17.2    
  1050  850   225.37    0.00    341   225.37   676.11     0.0     0.0    18.0    
  1100  800   225.37    0.00    391   225.37   676.11     0.0     0.0    18.9    
  1150  750   225.37    0.00    441   225.37   676.11     0.0     0.0    19.7    
  1200  700   225.37    0.00    491   225.37   676.11     0.0     0.0    20.6    

  Gens  Rem    Local   ElDiv NoImpr             Best solution            Time  Op
                                       Cost     Dist    Tard    TMax 
  1250  650   225.37    0.00    541   225.37   676.11     0.0     0.0    21.4    
  1300  600   225.37    0.00    591   225.37   676.11     0.0     0.0    22.3    
  1350  550   225.37    0.00    641   225.37   676.11     0.0     0.0    23.2    
  1400  500   225.37    0.00    691   225.37   676.11     0.0     0.0    24.0    
  1408  492      inf  121.32      0   225.37   676.11     0.0     0.0    24.1   R
  1409  491   354.66   87.84      0   225.37   676.11     0.0     0.0    24.2    
  1450  450   225.37    0.00     35   225.37   676.11     0.0     0.0    24.9    
  1500  400   225.37    0.00     85   225.37   676.11     0.0     0.0    25.7    
  1550  350   225.37    0.00    135   225.37   676.11     0.0     0.0    26.6    
  1600  300   225.37    0.00    185   225.37   676.11     0.0     0.0    27.4    
  1650  250   225.37    0.00    235   225.37   676.11     0.0     0.0    28.3    
  1700  200   225.37    0.00    285   225.37   676.11     0.0     0.0    29.2    
  1750  150   225.37    0.00    335   225.37   676.11     0.0     0.0    30.0    
  1800  100   225.37    0.00    385   225.37   676.11     0.0     0.0    30.9    
  1850   50   225.37    0.00    435   225.37   676.11     0.0     0.0    31.7    
  1900    0   225.37    0.00    485   225.37   676.11     0.0     0.0    32.6    
Evolutionary process finished.
Solution written to 'solution-5834.txt'.

Sorted sequence of worst to best tardiness value:
Task for patient = 1 with skills = {4,-1} and cost = 17.4
   Vehicle #0 = 2, leaving at = 88.0
   Vehicle #1 = -1, leaving at = inf
   Increment on distance indicator: 52.2
   Increment on tard indicator:     0.0
   Value of tmax indicator:         52.2

Task for patient = 3 with skills = {3,-1} and cost = 26.9
   Vehicle #0 = 2, leaving at = 128.6
   Vehicle #1 = -1, leaving at = inf
   Increment on distance indicator: 28.6
   Increment on tard indicator:     0.0
   Value of tmax indicator:         28.6

Task for patient = 4 with skills = {4,-1} and cost = 35.2
   Vehicle #0 = 2, leaving at = 165.4
   Vehicle #1 = -1, leaving at = inf
   Increment on distance indicator: 24.8
   Increment on tard indicator:     0.0
   Value of tmax indicator:         24.8

Task for patient = 5 with skills = {4,-1} and cost = 52.5
   Vehicle #0 = 2, leaving at = 229.3
   Vehicle #1 = -1, leaving at = inf
   Increment on distance indicator: 51.9
   Increment on tard indicator:     0.0
   Value of tmax indicator:         51.9

Task for patient = 2 with skills = {2,-1} and cost = 67.5
   Vehicle #0 = 0, leaving at = 56.9
   Vehicle #1 = -1, leaving at = inf
   Increment on distance indicator: 44.9
   Increment on tard indicator:     0.0
   Value of tmax indicator:         44.9

Task for patient = 10 with skills = {0,3} and cost = 97.6
   Vehicle #0 = 0, leaving at = 186.0
   Vehicle #1 = 2, leaving at = 245.3
   Increment on distance indicator: 90.5
   Increment on tard indicator:     0.0
   Value of tmax indicator:         90.5

Task for patient = 6 with skills = {4,-1} and cost = 110.9
   Vehicle #0 = 2, leaving at = 346.0
   Vehicle #1 = -1, leaving at = inf
   Increment on distance indicator: 39.8
   Increment on tard indicator:     0.0
   Value of tmax indicator:         39.8

Task for patient = 8 with skills = {3,5} and cost = 139.0
   Vehicle #0 = 2, leaving at = 412.6
   Vehicle #1 = 1, leaving at = 412.6
   Increment on distance indicator: 84.3
   Increment on tard indicator:     0.0
   Value of tmax indicator:         84.3

Task for patient = 7 with skills = {4,-1} and cost = 153.3
   Vehicle #0 = 2, leaving at = 467.4
   Vehicle #1 = -1, leaving at = inf
   Increment on distance indicator: 42.8
   Increment on tard indicator:     0.0
   Value of tmax indicator:         42.8

Task for patient = 9 with skills = {0,3} and cost = 187.2
   Vehicle #0 = 0, leaving at = 484.1
   Vehicle #1 = 2, leaving at = 568.1
   Increment on distance indicator: 101.7
   Increment on tard indicator:     0.0
   Value of tmax indicator:         101.7


Unused vehicle list: (total = 0 out of 3)

---
Search finished.
Total of 1900 generations in 32.6 seconds.
Exchange elite runs: 0
Implicit path relinking runs: 0
Reset attempts: 2

Best solution found:
   Cost: 225.4
   Total travel time: 676.1
   Total tardiness time: 0.0
   Largest tardiness: 0.0


225.4
