This host is: malboro
--- BRKGA-MP-IPR for HHCRSP ---
Instance: /home/alberto/work/gecco2020-brkga/instances-HHCRSP/InstanzVNS_HCSRP_100_5.txt
Seed: 1

Reading data... Problem contains 100 patients  and 20 caregivers.

Summary of supply x demand for each service type:
Skill 0 has supply = 3 and demand = 17, ratio = 0.176471
Skill 1 has supply = 3 and demand = 14, ratio = 0.214286
Skill 2 has supply = 6 and demand = 15, ratio = 0.4
Skill 3 has supply = 9 and demand = 26, ratio = 0.346154
Skill 4 has supply = 11 and demand = 28, ratio = 0.392857
Skill 5 has supply = 10 and demand = 30, ratio = 0.333333

Reading parameters...
Inferred distance function by PR type: kendall-tau
Building BRKGA data and initializing...
Evolving 1900 generations...

  Gens  Rem    Local   ElDiv NoImpr             Best solution            Time  Op
                                       Cost     Dist    Tard    TMax 
*    0 1900  3007.39  239.04      0  3007.39  4040.91  4681.7   299.5     0.0    
*    2 1898  2291.20  208.25      0  2291.20  4006.01  2577.7   289.9     0.1    
*    6 1894  2165.66  135.69      0  2165.66  3928.48  2141.7   236.1     0.3    
*    7 1893  2102.11  108.57      0  2102.11  4034.29  1837.5   246.6     0.3    
*    8 1892  2039.47   98.89      0  2039.47  3933.12  1031.6   247.5     0.3    
*    9 1891  1737.39   89.88      0  1737.39  3933.12  1031.6   247.5     0.4    
*   12 1888  1551.73   89.37      0  1551.73  3768.30   760.1   126.8     0.5    
*   14 1886  1428.94   63.68      0  1428.94  3676.81   519.6    90.4     0.6    
*   17 1883  1329.25   48.97      0  1329.25  3561.10   342.0    84.7     0.7    
*   20 1880  1234.43   45.64      0  1234.43  3496.55   139.6    67.2     0.8    
*   25 1875  1161.08   31.21      0  1161.08  3409.13    49.9    24.2     1.0    
*   31 1869  1082.31   25.30      0  1082.31  3155.31    75.6    16.0     1.2    
*   39 1861  1075.41   17.00      0  1075.41  3195.77     4.5     3.3     1.5    
*   40 1860  1067.85   17.98      0  1067.85  3143.74     7.3     3.2     1.5    
*   41 1859  1051.41   18.35      0  1051.41  3143.74     7.3     3.2     1.6    

  Gens  Rem    Local   ElDiv NoImpr             Best solution            Time  Op
                                       Cost     Dist    Tard    TMax 
*   46 1854  1035.24   13.45      0  1035.24  3033.43    56.3    16.0     1.8    
*   48 1852  1027.19   13.05      0  1027.19  3006.15    55.9    19.5     1.8    
*   50 1850  1010.37   13.19      0  1010.37  3027.02     2.1     2.1     1.9    
*   52 1848   985.69   14.19      0   985.69  2883.54    57.4    16.2     2.0    
*   63 1837   984.77   10.14      0   984.77  2905.82    13.8     7.2     2.4    
*   64 1836   975.59   10.84      0   975.59  2875.65    18.3     8.7     2.4    
*   65 1835   967.56   10.54      0   967.56  2875.65    18.3     8.7     2.5    
*   70 1830   965.65    9.76      0   965.65  2862.38    24.0    10.5     2.7    
*   72 1828   963.62    9.34      0   963.62  2888.81     1.0     1.0     2.7    
*   76 1824   952.44    8.41      0   952.44  2817.74    23.6    16.0     2.9    
*   78 1822   950.32    9.19      0   950.32  2792.59    28.8    20.7     3.0    
*   79 1821   947.35    8.33      0   947.35  2792.59    28.8    20.7     3.0    
*   82 1818   941.89    7.96      0   941.89  2794.26    15.6     7.9     3.1    
*   83 1817   939.26    8.17      0   939.26  2808.96     0.0     0.0     3.2    
*   84 1816   936.32    9.22      0   936.32  2771.81    12.7    10.5     3.2    
*   85 1815   931.69    9.86      0   931.69  2723.45    27.8    13.2     3.2    

  Gens  Rem    Local   ElDiv NoImpr             Best solution            Time  Op
                                       Cost     Dist    Tard    TMax 
*   86 1814   921.47    9.38      0   921.47  2723.45    27.8    13.2     3.3    
*   88 1812   921.37    8.18      0   921.37  2724.36    11.6     7.9     3.3    
*   89 1811   914.63    8.21      0   914.63  2702.30    21.6    12.1     3.4    
*   90 1810   912.03    7.88      0   912.03  2700.26     8.8     7.9     3.4    
*   91 1809   905.66    7.58      0   905.66  2700.26     8.8     7.9     3.5    
*   93 1807   905.24    8.78      0   905.24  2613.20     8.9     7.9     3.5    
*   94 1806   876.66    8.20      0   876.66  2613.20     8.9     7.9     3.6    
   100 1800   876.66    6.23      6   876.66  2613.20     8.9     7.9     3.8    
*  104 1796   869.79    5.31      0   869.79  2602.51     3.2     2.1     3.9    
*  105 1795   869.27    5.21      0   869.27  2590.02     8.9     7.9     4.0    
*  106 1794   868.93    4.91      0   868.93  2589.35     8.9     7.9     4.0    
*  107 1793   868.71    4.57      0   868.71  2563.35     7.9     7.9     4.1    
*  108 1792   859.70    4.36      0   859.70  2563.35     7.9     7.9     4.1    
*  112 1788   859.36    3.28      0   859.36  2545.64    11.4     7.9     4.2    
*  113 1787   854.96    2.99      0   854.96  2545.64    11.4     7.9     4.3    
*  115 1785   849.88    2.77      0   849.88  2547.60     1.0     1.0     4.3    

  Gens  Rem    Local   ElDiv NoImpr             Best solution            Time  Op
                                       Cost     Dist    Tard    TMax 
*  120 1780   846.35    1.68      0   846.35  2536.99     1.0     1.0     4.5    
*  123 1777   845.08    1.50      0   845.08  2528.67     1.0     1.0     4.6    
*  124 1776   843.57    1.30      0   843.57  2528.67     1.0     1.0     4.7    
*  128 1772   843.43    0.82      0   843.43  2527.18     1.0     1.0     4.8    
*  129 1771   843.08    0.75      0   843.08  2526.36     1.0     1.0     4.9    
*  130 1770   842.81    0.90      0   842.81  2521.09     1.0     1.0     4.9    
*  131 1769   841.05    0.81      0   841.05  2519.52     1.0     1.0     4.9    
*  132 1768   840.52    0.97      0   840.52  2517.19     1.0     1.0     5.0    
*  133 1767   839.75    0.89      0   839.75  2516.67     1.0     1.0     5.0    
*  134 1766   839.57    0.74      0   839.57  2516.52     1.0     1.0     5.1    
*  137 1763   839.39    0.33      0   839.39  2512.80     1.0     1.0     5.2    
*  138 1762   838.29    0.27      0   838.29  2512.80     1.0     1.0     5.2    
*  140 1760   837.75    0.52      0   837.75  2511.19     1.0     1.0     5.3    
*  145 1755   837.50    0.11      0   837.50  2510.18     1.0     1.0     5.5    
*  146 1754   837.41    0.09      0   837.41  2510.18     1.0     1.0     5.5    
*  149 1751   837.23    0.13      0   837.23  2509.49     1.0     1.0     5.6    

  Gens  Rem    Local   ElDiv NoImpr             Best solution            Time  Op
                                       Cost     Dist    Tard    TMax 
   150 1750   837.23    0.14      1   837.23  2509.49     1.0     1.0     5.7    
*  151 1749   836.97    0.14      0   836.97  2508.87     1.0     1.0     5.7    
*  153 1747   836.60    0.16      0   836.60  2507.12     1.0     1.0     5.8    
*  154 1746   836.39    0.17      0   836.39  2507.12     1.0     1.0     5.8    
*  156 1744   836.16    0.14      0   836.16  2506.43     1.0     1.0     5.9    
*  158 1742   836.09    0.06      0   836.09  2506.22     1.0     1.0     5.9    
*  189 1711   835.75    0.05      0   835.75  2505.21     1.0     1.0     7.1    
   200 1700   835.75    0.00     11   835.75  2505.21     1.0     1.0     7.5    
*  249 1651   835.53    0.02      0   835.53  2504.54     1.0     1.0     9.3    
   250 1650   835.53    0.04      1   835.53  2504.54     1.0     1.0     9.4    
   300 1600   835.53    0.00     51   835.53  2504.54     1.0     1.0    11.2    
   350 1550   835.53    0.00    101   835.53  2504.54     1.0     1.0    13.1    
   400 1500   835.53    0.00    151   835.53  2504.54     1.0     1.0    14.9    
   450 1450   835.53    0.00    201   835.53  2504.54     1.0     1.0    16.8    
   500 1400   835.53    0.00    251   835.53  2504.54     1.0     1.0    18.6    
   550 1350   835.53    0.00    301   835.53  2504.54     1.0     1.0    20.5    

  Gens  Rem    Local   ElDiv NoImpr             Best solution            Time  Op
                                       Cost     Dist    Tard    TMax 
   600 1300   835.53    0.00    351   835.53  2504.54     1.0     1.0    22.3    
   650 1250   835.53    0.00    401   835.53  2504.54     1.0     1.0    24.2    
   700 1200   835.53    0.00    451   835.53  2504.54     1.0     1.0    26.0    
   750 1150   835.53    0.00    501   835.53  2504.54     1.0     1.0    27.9    
   800 1100   835.53    0.00    551   835.53  2504.54     1.0     1.0    29.7    
   850 1050   835.53    0.00    601   835.53  2504.54     1.0     1.0    31.6    
   900 1000   835.53    0.00    651   835.53  2504.54     1.0     1.0    33.4    
   948  952      inf  310.24      0   835.53  2504.54     1.0     1.0    35.2   R
   949  951  2844.11  250.67      0   835.53  2504.54     1.0     1.0    35.3    
   950  950  2844.11  212.46      1   835.53  2504.54     1.0     1.0    35.3    
  1000  900   975.35   14.12      1   835.53  2504.54     1.0     1.0    37.2    
  1050  850   893.37    7.55      3   835.53  2504.54     1.0     1.0    39.1    
* 1088  812   833.42    1.66      0   833.42  2465.30    22.8    12.1    40.5    
* 1090  810   833.13    1.70      0   833.13  2450.08    24.3    12.1    40.5    
* 1091  809   828.85    1.44      0   828.85  2450.08    24.3    12.1    40.6    
* 1096  804   828.06    1.00      0   828.06  2442.22    22.8    12.1    40.8    

  Gens  Rem    Local   ElDiv NoImpr             Best solution            Time  Op
                                       Cost     Dist    Tard    TMax 
* 1097  803   825.73    0.99      0   825.73  2441.07    22.8    12.1    40.8    
* 1098  802   825.35    0.99      0   825.35  2441.06    22.8    12.1    40.8    
* 1100  800   823.66    1.64      0   823.66  2435.71    22.8    12.1    40.9    
* 1101  799   823.56    1.50      0   823.56  2435.71    22.8    12.1    41.0    
* 1103  797   818.84    1.51      0   818.84  2428.94    14.0    12.1    41.0    
* 1104  796   818.37    1.73      0   818.37  2428.94    14.0    12.1    41.1    
* 1106  794   818.20    0.88      0   818.20  2419.63    22.8    12.1    41.1    
* 1108  792   817.99    0.24      0   817.99  2427.79    14.0    12.1    41.2    
* 1110  790   817.75    0.16      0   817.75  2427.08    14.0    12.1    41.3    
* 1114  786   817.65    0.01      0   817.65  2426.79    14.0    12.1    41.4    
* 1117  783   817.45    0.08      0   817.45  2426.17    14.0    12.1    41.6    
* 1121  779   817.35    0.12      0   817.35  2425.88    14.0    12.1    41.7    
* 1126  774   817.10    0.02      0   817.10  2425.14    14.0    12.1    41.9    
  1150  750   817.10    0.00     24   817.10  2425.14    14.0    12.1    42.8    
* 1193  707   816.80    0.05      0   816.80  2424.25    14.0    12.1    44.4    
  1200  700   816.80    0.00      7   816.80  2424.25    14.0    12.1    44.6    

  Gens  Rem    Local   ElDiv NoImpr             Best solution            Time  Op
                                       Cost     Dist    Tard    TMax 
  1250  650   816.80    0.00     57   816.80  2424.25    14.0    12.1    46.5    
* 1262  638   816.27    0.11      0   816.27  2421.42    14.0    12.1    47.0    
* 1263  637   815.86    0.11      0   815.86  2421.42    14.0    12.1    47.0    
  1300  600   815.86    0.00     37   815.86  2421.42    14.0    12.1    48.4    
* 1339  561   815.65    0.02      0   815.65  2421.64    13.2    12.1    49.8    
  1350  550   815.65    0.10     11   815.65  2421.64    13.2    12.1    50.2    
* 1355  545   814.96    0.08      0   814.96  2417.01    15.7    12.1    50.4    
* 1373  527   814.60    0.08      0   814.60  2415.91    15.7    12.1    51.1    
  1400  500   814.60    0.14     27   814.60  2415.91    15.7    12.1    52.1    
* 1444  456   812.91    0.17      0   812.91  2410.87    15.7    12.1    53.7    
  1450  450   812.91    0.46      6   812.91  2410.87    15.7    12.1    54.0    
* 1488  412   812.01    0.18      0   812.01  2410.73    13.2    12.1    55.4    
  1500  400   812.01    0.39     12   812.01  2410.73    13.2    12.1    55.8    
* 1506  394   811.28    0.28      0   811.28  2408.54    13.2    12.1    56.1    
* 1520  380   808.77    0.25      0   808.77  2401.00    13.2    12.1    56.6    
* 1524  376   808.39    0.74      0   808.39  2399.86    13.2    12.1    56.7    

  Gens  Rem    Local   ElDiv NoImpr             Best solution            Time  Op
                                       Cost     Dist    Tard    TMax 
* 1530  370   805.83    0.62      0   805.83  2392.19    13.2    12.1    56.9    
* 1534  366   798.40    2.28      0   798.40  2367.43    15.6    12.1    57.1    
* 1543  357   796.88    0.30      0   796.88  2362.86    15.6    12.1    57.4    
  1550  350   796.88    0.00      7   796.88  2362.86    15.6    12.1    57.7    
  1600  300   796.88    0.00     57   796.88  2362.86    15.6    12.1    59.6    
  1650  250   796.88    0.00    107   796.88  2362.86    15.6    12.1    61.4    
  1700  200   796.88    0.00    157   796.88  2362.86    15.6    12.1    63.3    
  1750  150   796.88    0.00    207   796.88  2362.86    15.6    12.1    65.2    
  1800  100   796.88    0.00    257   796.88  2362.86    15.6    12.1    67.0    
  1850   50   796.88    0.00    307   796.88  2362.86    15.6    12.1    68.9    
  1900    0   796.88    0.00    357   796.88  2362.86    15.6    12.1    70.7    
Evolutionary process finished.
Solution written to 'solution-22511.txt'.

Sorted sequence of worst to best tardiness value:
Task for patient = 99 with skills = {0,4} and cost = 152.1
   Vehicle #0 = 0, leaving at = 157.3
   Vehicle #1 = 9, leaving at = 196.1
   Increment on distance indicator: 33.0
   Increment on tard indicator:     12.1
   Value of tmax indicator:         33.0

Task for patient = 6 with skills = {5,-1} and cost = 308.5
   Vehicle #0 = 17, leaving at = 137.5
   Vehicle #1 = -1, leaving at = inf
   Increment on distance indicator: 21.9
   Increment on tard indicator:     2.5
   Value of tmax indicator:         21.9

Task for patient = 89 with skills = {2,5} and cost = 582.3
   Vehicle #0 = 2, leaving at = 460.3
   Vehicle #1 = 11, leaving at = 542.0
   Increment on distance indicator: 27.3
   Increment on tard indicator:     1.0
   Value of tmax indicator:         27.3

Task for patient = 25 with skills = {1,-1} and cost = 439.0
   Vehicle #0 = 0, leaving at = 374.7
   Vehicle #1 = -1, leaving at = inf
   Increment on distance indicator: 12.2
   Increment on tard indicator:     0.0
   Value of tmax indicator:         12.2

Task for patient = 90 with skills = {0,5} and cost = 433.1
   Vehicle #0 = 5, leaving at = 418.2
   Vehicle #1 = 8, leaving at = 460.2
   Increment on distance indicator: 30.5
   Increment on tard indicator:     0.0
   Value of tmax indicator:         30.5

Task for patient = 61 with skills = {5,-1} and cost = 423.0
   Vehicle #0 = 9, leaving at = 429.0
   Vehicle #1 = -1, leaving at = inf
   Increment on distance indicator: 4.2
   Increment on tard indicator:     0.0
   Value of tmax indicator:         4.2

Task for patient = 39 with skills = {1,-1} and cost = 421.6
   Vehicle #0 = 0, leaving at = 352.5
   Vehicle #1 = -1, leaving at = inf
   Increment on distance indicator: 17.9
   Increment on tard indicator:     0.0
   Value of tmax indicator:         17.9

Task for patient = 86 with skills = {0,4} and cost = 415.6
   Vehicle #0 = 3, leaving at = 350.1
   Vehicle #1 = 17, leaving at = 411.4
   Increment on distance indicator: 16.6
   Increment on tard indicator:     0.0
   Value of tmax indicator:         16.6

Task for patient = 76 with skills = {3,4} and cost = 410.1
   Vehicle #0 = 7, leaving at = 347.0
   Vehicle #1 = 14, leaving at = 347.0
   Increment on distance indicator: 17.5
   Increment on tard indicator:     0.0
   Value of tmax indicator:         17.5

Task for patient = 12 with skills = {3,-1} and cost = 404.2
   Vehicle #0 = 12, leaving at = 293.2
   Vehicle #1 = -1, leaving at = inf
   Increment on distance indicator: 3.2
   Increment on tard indicator:     0.0
   Value of tmax indicator:         3.2

Task for patient = 51 with skills = {1,-1} and cost = 403.2
   Vehicle #0 = 3, leaving at = 333.0
   Vehicle #1 = -1, leaving at = inf
   Increment on distance indicator: 18.0
   Increment on tard indicator:     0.0
   Value of tmax indicator:         18.0

Task for patient = 64 with skills = {2,-1} and cost = 397.2
   Vehicle #0 = 1, leaving at = 260.6
   Vehicle #1 = -1, leaving at = inf
   Increment on distance indicator: 10.6
   Increment on tard indicator:     0.0
   Value of tmax indicator:         10.6

Task for patient = 32 with skills = {2,-1} and cost = 393.6
   Vehicle #0 = 5, leaving at = 389.1
   Vehicle #1 = -1, leaving at = inf
   Increment on distance indicator: 10.4
   Increment on tard indicator:     0.0
   Value of tmax indicator:         10.4

Task for patient = 62 with skills = {3,-1} and cost = 390.1
   Vehicle #0 = 17, leaving at = 391.9
   Vehicle #1 = -1, leaving at = inf
   Increment on distance indicator: 11.2
   Increment on tard indicator:     0.0
   Value of tmax indicator:         11.2

Task for patient = 48 with skills = {4,-1} and cost = 386.4
   Vehicle #0 = 9, leaving at = 382.1
   Vehicle #1 = -1, leaving at = inf
   Increment on distance indicator: 1.4
   Increment on tard indicator:     0.0
   Value of tmax indicator:         1.4

Task for patient = 83 with skills = {4,5} and cost = 386.0
   Vehicle #0 = 9, leaving at = 370.7
   Vehicle #1 = 17, leaving at = 370.7
   Increment on distance indicator: 26.0
   Increment on tard indicator:     0.0
   Value of tmax indicator:         26.0

Task for patient = 22 with skills = {5,-1} and cost = 377.3
   Vehicle #0 = 17, leaving at = 221.3
   Vehicle #1 = -1, leaving at = inf
   Increment on distance indicator: 6.3
   Increment on tard indicator:     0.0
   Value of tmax indicator:         6.3

Task for patient = 10 with skills = {3,-1} and cost = 375.2
   Vehicle #0 = 10, leaving at = 295.2
   Vehicle #1 = -1, leaving at = inf
   Increment on distance indicator: 8.2
   Increment on tard indicator:     0.0
   Value of tmax indicator:         8.2

Task for patient = 29 with skills = {3,-1} and cost = 372.4
   Vehicle #0 = 17, leaving at = 205.0
   Vehicle #1 = -1, leaving at = inf
   Increment on distance indicator: 8.5
   Increment on tard indicator:     0.0
   Value of tmax indicator:         8.5

Task for patient = 100 with skills = {2,5} and cost = 369.6
   Vehicle #0 = 2, leaving at = 270.0
   Vehicle #1 = 10, leaving at = 277.0
   Increment on distance indicator: 26.2
   Increment on tard indicator:     0.0
   Value of tmax indicator:         26.2

Task for patient = 13 with skills = {1,-1} and cost = 360.8
   Vehicle #0 = 4, leaving at = 437.0
   Vehicle #1 = -1, leaving at = inf
   Increment on distance indicator: 4.1
   Increment on tard indicator:     0.0
   Value of tmax indicator:         4.1

Task for patient = 47 with skills = {4,-1} and cost = 359.5
   Vehicle #0 = 11, leaving at = 302.0
   Vehicle #1 = -1, leaving at = inf
   Increment on distance indicator: 7.1
   Increment on tard indicator:     0.0
   Value of tmax indicator:         7.1

Task for patient = 87 with skills = {0,4} and cost = 357.1
   Vehicle #0 = 0, leaving at = 324.7
   Vehicle #1 = 9, leaving at = 347.7
   Increment on distance indicator: 18.5
   Increment on tard indicator:     0.0
   Value of tmax indicator:         18.5

Task for patient = 52 with skills = {5,-1} and cost = 350.9
   Vehicle #0 = 17, leaving at = 163.4
   Vehicle #1 = -1, leaving at = inf
   Increment on distance indicator: 1.4
   Increment on tard indicator:     0.0
   Value of tmax indicator:         1.4

Task for patient = 36 with skills = {2,-1} and cost = 346.1
   Vehicle #0 = 1, leaving at = 240.0
   Vehicle #1 = -1, leaving at = inf
   Increment on distance indicator: 22.4
   Increment on tard indicator:     0.0
   Value of tmax indicator:         22.4

Task for patient = 57 with skills = {5,-1} and cost = 434.9
   Vehicle #0 = 8, leaving at = 475.6
   Vehicle #1 = -1, leaving at = inf
   Increment on distance indicator: 5.4
   Increment on tard indicator:     0.0
   Value of tmax indicator:         5.4

Task for patient = 82 with skills = {4,5} and cost = 572.8
   Vehicle #0 = 17, leaving at = 526.1
   Vehicle #1 = 7, leaving at = 526.1
   Increment on distance indicator: 10.2
   Increment on tard indicator:     0.0
   Value of tmax indicator:         10.2

Task for patient = 85 with skills = {3,5} and cost = 569.4
   Vehicle #0 = 10, leaving at = 377.7
   Vehicle #1 = 12, leaving at = 377.7
   Increment on distance indicator: 41.6
   Increment on tard indicator:     0.0
   Value of tmax indicator:         41.6

Task for patient = 37 with skills = {4,-1} and cost = 555.5
   Vehicle #0 = 17, leaving at = 512.0
   Vehicle #1 = -1, leaving at = inf
   Increment on distance indicator: 17.0
   Increment on tard indicator:     0.0
   Value of tmax indicator:         17.0

Task for patient = 92 with skills = {1,5} and cost = 549.9
   Vehicle #0 = 0, leaving at = 496.0
   Vehicle #1 = 9, leaving at = 555.0
   Increment on distance indicator: 35.0
   Increment on tard indicator:     0.0
   Value of tmax indicator:         35.0

Task for patient = 69 with skills = {2,-1} and cost = 538.2
   Vehicle #0 = 2, leaving at = 433.1
   Vehicle #1 = -1, leaving at = inf
   Increment on distance indicator: 33.1
   Increment on tard indicator:     0.0
   Value of tmax indicator:         33.1

Task for patient = 30 with skills = {2,-1} and cost = 527.2
   Vehicle #0 = 5, leaving at = 431.8
   Vehicle #1 = -1, leaving at = inf
   Increment on distance indicator: 3.6
   Increment on tard indicator:     0.0
   Value of tmax indicator:         3.6

Task for patient = 40 with skills = {1,-1} and cost = 526.0
   Vehicle #0 = 4, leaving at = 495.9
   Vehicle #1 = -1, leaving at = inf
   Increment on distance indicator: 20.8
   Increment on tard indicator:     0.0
   Value of tmax indicator:         20.8

Task for patient = 97 with skills = {0,5} and cost = 519.1
   Vehicle #0 = 0, leaving at = 464.0
   Vehicle #1 = 11, leaving at = 522.0
   Increment on distance indicator: 22.0
   Increment on tard indicator:     0.0
   Value of tmax indicator:         22.0

Task for patient = 95 with skills = {1,4} and cost = 511.7
   Vehicle #0 = 3, leaving at = 489.2
   Vehicle #1 = 14, leaving at = 528.2
   Increment on distance indicator: 38.9
   Increment on tard indicator:     0.0
   Value of tmax indicator:         38.9

Task for patient = 35 with skills = {1,-1} and cost = 498.7
   Vehicle #0 = 3, leaving at = 452.3
   Vehicle #1 = -1, leaving at = inf
   Increment on distance indicator: 6.3
   Increment on tard indicator:     0.0
   Value of tmax indicator:         6.3

Task for patient = 44 with skills = {3,-1} and cost = 496.6
   Vehicle #0 = 18, leaving at = 520.0
   Vehicle #1 = -1, leaving at = inf
   Increment on distance indicator: 9.8
   Increment on tard indicator:     0.0
   Value of tmax indicator:         9.8

Task for patient = 74 with skills = {3,4} and cost = 350.5
   Vehicle #0 = 12, leaving at = 280.0
   Vehicle #1 = 14, leaving at = 280.0
   Increment on distance indicator: 13.1
   Increment on tard indicator:     0.0
   Value of tmax indicator:         13.1

Task for patient = 24 with skills = {2,-1} and cost = 484.3
   Vehicle #0 = 1, leaving at = 486.0
   Vehicle #1 = -1, leaving at = inf
   Increment on distance indicator: 2.8
   Increment on tard indicator:     0.0
   Value of tmax indicator:         2.8

Task for patient = 88 with skills = {0,3} and cost = 483.4
   Vehicle #0 = 3, leaving at = 436.0
   Vehicle #1 = 17, leaving at = 485.0
   Increment on distance indicator: 8.2
   Increment on tard indicator:     0.0
   Value of tmax indicator:         8.2

Task for patient = 1 with skills = {5,-1} and cost = 480.6
   Vehicle #0 = 18, leaving at = 395.3
   Vehicle #1 = -1, leaving at = inf
   Increment on distance indicator: 2.2
   Increment on tard indicator:     0.0
   Value of tmax indicator:         2.2

Task for patient = 65 with skills = {4,-1} and cost = 479.9
   Vehicle #0 = 18, leaving at = 383.1
   Vehicle #1 = -1, leaving at = inf
   Increment on distance indicator: 8.1
   Increment on tard indicator:     0.0
   Value of tmax indicator:         8.1

Task for patient = 68 with skills = {5,-1} and cost = 477.2
   Vehicle #0 = 11, leaving at = 328.8
   Vehicle #1 = -1, leaving at = inf
   Increment on distance indicator: 16.8
   Increment on tard indicator:     0.0
   Value of tmax indicator:         16.8

Task for patient = 7 with skills = {4,-1} and cost = 471.6
   Vehicle #0 = 10, leaving at = 348.0
   Vehicle #1 = -1, leaving at = inf
   Increment on distance indicator: 17.7
   Increment on tard indicator:     0.0
   Value of tmax indicator:         17.7

Task for patient = 5 with skills = {0,-1} and cost = 465.7
   Vehicle #0 = 0, leaving at = 436.0
   Vehicle #1 = -1, leaving at = inf
   Increment on distance indicator: 4.5
   Increment on tard indicator:     0.0
   Value of tmax indicator:         4.5

Task for patient = 27 with skills = {2,-1} and cost = 464.2
   Vehicle #0 = 2, leaving at = 390.0
   Vehicle #1 = -1, leaving at = inf
   Increment on distance indicator: 13.3
   Increment on tard indicator:     0.0
   Value of tmax indicator:         13.3

Task for patient = 53 with skills = {4,-1} and cost = 459.8
   Vehicle #0 = 10, leaving at = 320.2
   Vehicle #1 = -1, leaving at = inf
   Increment on distance indicator: 15.0
   Increment on tard indicator:     0.0
   Value of tmax indicator:         15.0

Task for patient = 75 with skills = {3,4} and cost = 454.8
   Vehicle #0 = 15, leaving at = 365.0
   Vehicle #1 = 18, leaving at = 365.0
   Increment on distance indicator: 15.6
   Increment on tard indicator:     0.0
   Value of tmax indicator:         15.6

Task for patient = 33 with skills = {1,-1} and cost = 449.6
   Vehicle #0 = 0, leaving at = 407.0
   Vehicle #1 = -1, leaving at = inf
   Increment on distance indicator: 19.7
   Increment on tard indicator:     0.0
   Value of tmax indicator:         19.7

Task for patient = 26 with skills = {4,-1} and cost = 443.0
   Vehicle #0 = 9, leaving at = 452.0
   Vehicle #1 = -1, leaving at = inf
   Increment on distance indicator: 12.0
   Increment on tard indicator:     0.0
   Value of tmax indicator:         12.0

Task for patient = 96 with skills = {1,5} and cost = 493.4
   Vehicle #0 = 4, leaving at = 465.1
   Vehicle #1 = 18, leaving at = 500.1
   Increment on distance indicator: 27.1
   Increment on tard indicator:     0.0
   Value of tmax indicator:         27.1

Task for patient = 73 with skills = {3,4} and cost = 186.4
   Vehicle #0 = 13, leaving at = 428.0
   Vehicle #1 = 16, leaving at = 428.0
   Increment on distance indicator: 4.5
   Increment on tard indicator:     0.0
   Value of tmax indicator:         4.5

Task for patient = 17 with skills = {0,-1} and cost = 184.9
   Vehicle #0 = 0, leaving at = 175.8
   Vehicle #1 = -1, leaving at = inf
   Increment on distance indicator: 8.5
   Increment on tard indicator:     0.0
   Value of tmax indicator:         8.5

Task for patient = 63 with skills = {3,-1} and cost = 182.1
   Vehicle #0 = 11, leaving at = 159.6
   Vehicle #1 = -1, leaving at = inf
   Increment on distance indicator: 31.4
   Increment on tard indicator:     0.0
   Value of tmax indicator:         31.4

Task for patient = 71 with skills = {3,4} and cost = 171.6
   Vehicle #0 = 12, leaving at = 179.0
   Vehicle #1 = 14, leaving at = 179.0
   Increment on distance indicator: 23.5
   Increment on tard indicator:     0.0
   Value of tmax indicator:         23.5

Task for patient = 58 with skills = {4,-1} and cost = 163.8
   Vehicle #0 = 13, leaving at = 110.0
   Vehicle #1 = -1, leaving at = inf
   Increment on distance indicator: 3.2
   Increment on tard indicator:     0.0
   Value of tmax indicator:         3.2

Task for patient = 34 with skills = {1,-1} and cost = 162.7
   Vehicle #0 = 3, leaving at = 284.1
   Vehicle #1 = -1, leaving at = inf
   Increment on distance indicator: 8.0
   Increment on tard indicator:     0.0
   Value of tmax indicator:         8.0

Task for patient = 49 with skills = {5,-1} and cost = 160.0
   Vehicle #0 = 11, leaving at = 118.2
   Vehicle #1 = -1, leaving at = inf
   Increment on distance indicator: 11.2
   Increment on tard indicator:     0.0
   Value of tmax indicator:         11.2

Task for patient = 28 with skills = {3,-1} and cost = 156.3
   Vehicle #0 = 11, leaving at = 97.0
   Vehicle #1 = -1, leaving at = inf
   Increment on distance indicator: 5.4
   Increment on tard indicator:     0.0
   Value of tmax indicator:         5.4

Task for patient = 50 with skills = {3,-1} and cost = 154.5
   Vehicle #0 = 12, leaving at = 153.2
   Vehicle #1 = -1, leaving at = inf
   Increment on distance indicator: 7.2
   Increment on tard indicator:     0.0
   Value of tmax indicator:         7.2

Task for patient = 23 with skills = {0,-1} and cost = 133.0
   Vehicle #0 = 3, leaving at = 266.1
   Vehicle #1 = -1, leaving at = inf
   Increment on distance indicator: 18.1
   Increment on tard indicator:     0.0
   Value of tmax indicator:         18.1

Task for patient = 9 with skills = {2,-1} and cost = 127.0
   Vehicle #0 = 0, leaving at = 132.0
   Vehicle #1 = -1, leaving at = inf
   Increment on distance indicator: 12.2
   Increment on tard indicator:     0.0
   Value of tmax indicator:         12.2

Task for patient = 43 with skills = {0,-1} and cost = 338.6
   Vehicle #0 = 5, leaving at = 368.7
   Vehicle #1 = -1, leaving at = inf
   Increment on distance indicator: 5.7
   Increment on tard indicator:     0.0
   Value of tmax indicator:         5.7

Task for patient = 78 with skills = {4,5} and cost = 118.6
   Vehicle #0 = 9, leaving at = 168.4
   Vehicle #1 = 10, leaving at = 168.4
   Increment on distance indicator: 41.6
   Increment on tard indicator:     0.0
   Value of tmax indicator:         41.6

Task for patient = 98 with skills = {1,4} and cost = 104.7
   Vehicle #0 = 4, leaving at = 79.0
   Vehicle #1 = 12, leaving at = 136.0
   Increment on distance indicator: 20.0
   Increment on tard indicator:     0.0
   Value of tmax indicator:         20.0

Task for patient = 14 with skills = {0,-1} and cost = 98.0
   Vehicle #0 = 0, leaving at = 94.1
   Vehicle #1 = -1, leaving at = inf
   Increment on distance indicator: 21.9
   Increment on tard indicator:     0.0
   Value of tmax indicator:         21.9

Task for patient = 16 with skills = {4,-1} and cost = 90.7
   Vehicle #0 = 11, leaving at = 42.3
   Vehicle #1 = -1, leaving at = inf
   Increment on distance indicator: 32.3
   Increment on tard indicator:     0.0
   Value of tmax indicator:         32.3

Task for patient = 77 with skills = {3,5} and cost = 79.9
   Vehicle #0 = 10, leaving at = 137.6
   Vehicle #1 = 9, leaving at = 137.6
   Increment on distance indicator: 22.8
   Increment on tard indicator:     0.0
   Value of tmax indicator:         22.8

Task for patient = 45 with skills = {3,-1} and cost = 72.3
   Vehicle #0 = 10, leaving at = 109.0
   Vehicle #1 = -1, leaving at = inf
   Increment on distance indicator: 26.0
   Increment on tard indicator:     0.0
   Value of tmax indicator:         26.0

Task for patient = 21 with skills = {0,-1} and cost = 63.7
   Vehicle #0 = 3, leaving at = 238.0
   Vehicle #1 = -1, leaving at = inf
   Increment on distance indicator: 21.4
   Increment on tard indicator:     0.0
   Value of tmax indicator:         21.4

Task for patient = 38 with skills = {3,-1} and cost = 56.5
   Vehicle #0 = 10, leaving at = 73.0
   Vehicle #1 = -1, leaving at = inf
   Increment on distance indicator: 18.4
   Increment on tard indicator:     0.0
   Value of tmax indicator:         18.4

Task for patient = 93 with skills = {0,4} and cost = 50.4
   Vehicle #0 = 0, leaving at = 62.2
   Vehicle #1 = 9, leaving at = 119.2
   Increment on distance indicator: 71.9
   Increment on tard indicator:     0.0
   Value of tmax indicator:         71.9

Task for patient = 60 with skills = {5,-1} and cost = 26.4
   Vehicle #0 = 9, leaving at = 81.0
   Vehicle #1 = -1, leaving at = inf
   Increment on distance indicator: 36.1
   Increment on tard indicator:     0.0
   Value of tmax indicator:         36.1

Task for patient = 81 with skills = {4,5} and cost = 14.4
   Vehicle #0 = 8, leaving at = 35.0
   Vehicle #1 = 7, leaving at = 35.0
   Increment on distance indicator: 43.3
   Increment on tard indicator:     0.0
   Value of tmax indicator:         43.3

Task for patient = 15 with skills = {2,-1} and cost = 122.9
   Vehicle #0 = 1, leaving at = 78.0
   Vehicle #1 = -1, leaving at = inf
   Increment on distance indicator: 13.2
   Increment on tard indicator:     0.0
   Value of tmax indicator:         13.2

Task for patient = 4 with skills = {2,-1} and cost = 588.4
   Vehicle #0 = 0, leaving at = 524.4
   Vehicle #1 = -1, leaving at = inf
   Increment on distance indicator: 18.4
   Increment on tard indicator:     0.0
   Value of tmax indicator:         18.4

Task for patient = 41 with skills = {0,-1} and cost = 336.8
   Vehicle #0 = 5, leaving at = 353.0
   Vehicle #1 = -1, leaving at = inf
   Increment on distance indicator: 21.0
   Increment on tard indicator:     0.0
   Value of tmax indicator:         21.0

Task for patient = 79 with skills = {3,4} and cost = 329.8
   Vehicle #0 = 15, leaving at = 247.1
   Vehicle #1 = 18, leaving at = 247.1
   Increment on distance indicator: 8.2
   Increment on tard indicator:     0.0
   Value of tmax indicator:         8.2

Task for patient = 18 with skills = {1,-1} and cost = 327.0
   Vehicle #0 = 3, leaving at = 305.0
   Vehicle #1 = -1, leaving at = inf
   Increment on distance indicator: 10.2
   Increment on tard indicator:     0.0
   Value of tmax indicator:         10.2

Task for patient = 55 with skills = {5,-1} and cost = 323.6
   Vehicle #0 = 12, leaving at = 198.2
   Vehicle #1 = -1, leaving at = inf
   Increment on distance indicator: 9.2
   Increment on tard indicator:     0.0
   Value of tmax indicator:         9.2

Task for patient = 59 with skills = {3,-1} and cost = 320.5
   Vehicle #0 = 17, leaving at = 151.9
   Vehicle #1 = -1, leaving at = inf
   Increment on distance indicator: 4.5
   Increment on tard indicator:     0.0
   Value of tmax indicator:         4.5

Task for patient = 56 with skills = {0,-1} and cost = 319.1
   Vehicle #0 = 5, leaving at = 322.0
   Vehicle #1 = -1, leaving at = inf
   Increment on distance indicator: 5.4
   Increment on tard indicator:     0.0
   Value of tmax indicator:         5.4

Task for patient = 94 with skills = {2,3} and cost = 317.3
   Vehicle #0 = 5, leaving at = 271.0
   Vehicle #1 = 7, leaving at = 300.0
   Increment on distance indicator: 21.2
   Increment on tard indicator:     0.0
   Value of tmax indicator:         21.2

Task for patient = 66 with skills = {3,-1} and cost = 310.2
   Vehicle #0 = 11, leaving at = 279.6
   Vehicle #1 = -1, leaving at = inf
   Increment on distance indicator: 5.1
   Increment on tard indicator:     0.0
   Value of tmax indicator:         5.1

Task for patient = 70 with skills = {0,-1} and cost = 300.4
   Vehicle #0 = 5, leaving at = 208.0
   Vehicle #1 = -1, leaving at = inf
   Increment on distance indicator: 29.1
   Increment on tard indicator:     0.0
   Value of tmax indicator:         29.1

Task for patient = 31 with skills = {1,-1} and cost = 290.7
   Vehicle #0 = 0, leaving at = 299.0
   Vehicle #1 = -1, leaving at = inf
   Increment on distance indicator: 11.0
   Increment on tard indicator:     0.0
   Value of tmax indicator:         11.0

Task for patient = 20 with skills = {3,-1} and cost = 191.7
   Vehicle #0 = 7, leaving at = 187.0
   Vehicle #1 = -1, leaving at = inf
   Increment on distance indicator: 15.8
   Increment on tard indicator:     0.0
   Value of tmax indicator:         15.8

Task for patient = 46 with skills = {2,-1} and cost = 283.7
   Vehicle #0 = 2, leaving at = 99.1
   Vehicle #1 = -1, leaving at = inf
   Increment on distance indicator: 89.1
   Increment on tard indicator:     0.0
   Value of tmax indicator:         89.1

Task for patient = 42 with skills = {5,-1} and cost = 254.0
   Vehicle #0 = 17, leaving at = 105.5
   Vehicle #1 = -1, leaving at = inf
   Increment on distance indicator: 8.5
   Increment on tard indicator:     0.0
   Value of tmax indicator:         8.5

Task for patient = 2 with skills = {4,-1} and cost = 251.1
   Vehicle #0 = 11, leaving at = 264.5
   Vehicle #1 = -1, leaving at = inf
   Increment on distance indicator: 2.2
   Increment on tard indicator:     0.0
   Value of tmax indicator:         2.2

Task for patient = 54 with skills = {5,-1} and cost = 250.4
   Vehicle #0 = 17, leaving at = 87.0
   Vehicle #1 = -1, leaving at = inf
   Increment on distance indicator: 27.5
   Increment on tard indicator:     0.0
   Value of tmax indicator:         27.5

Task for patient = 91 with skills = {0,5} and cost = 241.2
   Vehicle #0 = 0, leaving at = 240.3
   Vehicle #1 = 11, leaving at = 252.3
   Increment on distance indicator: 30.0
   Increment on tard indicator:     0.0
   Value of tmax indicator:         30.0

Task for patient = 67 with skills = {3,-1} and cost = 231.2
   Vehicle #0 = 11, leaving at = 225.3
   Vehicle #1 = -1, leaving at = inf
   Increment on distance indicator: 2.8
   Increment on tard indicator:     0.0
   Value of tmax indicator:         2.8

Task for patient = 80 with skills = {4,5} and cost = 230.3
   Vehicle #0 = 9, leaving at = 236.4
   Vehicle #1 = 10, leaving at = 236.4
   Increment on distance indicator: 27.1
   Increment on tard indicator:     0.0
   Value of tmax indicator:         27.1

Task for patient = 3 with skills = {2,-1} and cost = 221.3
   Vehicle #0 = 1, leaving at = 204.0
   Vehicle #1 = -1, leaving at = inf
   Increment on distance indicator: 35.9
   Increment on tard indicator:     0.0
   Value of tmax indicator:         35.9

Task for patient = 19 with skills = {5,-1} and cost = 209.3
   Vehicle #0 = 7, leaving at = 267.0
   Vehicle #1 = -1, leaving at = inf
   Increment on distance indicator: 9.8
   Increment on tard indicator:     0.0
   Value of tmax indicator:         9.8

Task for patient = 72 with skills = {3,5} and cost = 206.0
   Vehicle #0 = 11, leaving at = 212.5
   Vehicle #1 = 9, leaving at = 212.5
   Increment on distance indicator: 11.7
   Increment on tard indicator:     0.0
   Value of tmax indicator:         11.7

Task for patient = 8 with skills = {5,-1} and cost = 202.1
   Vehicle #0 = 7, leaving at = 204.8
   Vehicle #1 = -1, leaving at = inf
   Increment on distance indicator: 7.8
   Increment on tard indicator:     0.0
   Value of tmax indicator:         7.8

Task for patient = 11 with skills = {5,-1} and cost = 199.5
   Vehicle #0 = 11, leaving at = 193.0
   Vehicle #1 = -1, leaving at = inf
   Increment on distance indicator: 23.4
   Increment on tard indicator:     0.0
   Value of tmax indicator:         23.4

Task for patient = 84 with skills = {3,4} and cost = 287.0
   Vehicle #0 = 15, leaving at = 233.0
   Vehicle #1 = 18, leaving at = 233.0
   Increment on distance indicator: 10.0
   Increment on tard indicator:     0.0
   Value of tmax indicator:         10.0


Unused vehicle list: 6 19 (total = 2 out of 20)

---
Search finished.
Total of 1900 generations in 70.7 seconds.
Exchange elite runs: 0
Implicit path relinking runs: 0
Reset attempts: 1

Best solution found:
   Cost: 796.9
   Total travel time: 2362.9
   Total tardiness time: 15.6
   Largest tardiness: 12.1


796.9
