This host is: shiva
--- BRKGA-MP-IPR for HHCRSP ---
Instance: /home/alberto/work/gecco2020-brkga/instances-HHCRSP/InstanzVNS_HCSRP_200_7.txt
Seed: 19

Reading data... Problem contains 200 patients  and 30 caregivers.

Summary of supply x demand for each service type:
Skill 0 has supply = 7 and demand = 38, ratio = 0.184211
Skill 1 has supply = 5 and demand = 26, ratio = 0.192308
Skill 2 has supply = 7 and demand = 30, ratio = 0.233333
Skill 3 has supply = 19 and demand = 70, ratio = 0.271429
Skill 4 has supply = 17 and demand = 58, ratio = 0.293103
Skill 5 has supply = 17 and demand = 38, ratio = 0.447368

Reading parameters...
Inferred distance function by PR type: kendall-tau
Building BRKGA data and initializing...
Evolving 1900 generations...

  Gens  Rem    Local   ElDiv NoImpr             Best solution            Time  Op
                                       Cost     Dist    Tard    TMax 
*    0 1900  7255.55  304.18      0  7255.55  5821.76 15526.6   418.3     0.1    
*    2 1898  6518.51  352.19      0  6518.51  5639.38 13085.1   462.8     0.3    
*    3 1897  6395.74  320.18      0  6395.74  6135.31 11071.4   398.7     0.4    
*    4 1896  5868.47  279.08      0  5868.47  5844.43 11192.5   430.8     0.5    
*    5 1895  5822.59  303.71      0  5822.59  6179.29  9319.5   393.1     0.6    
*    6 1894  5297.29  278.40      0  5297.29  6012.30  8675.2   395.2     0.7    
*    7 1893  5027.58  224.20      0  5027.58  6271.84  8264.8   350.9     0.8    
*    8 1892  4962.51  217.17      0  4962.51  5936.36  8445.9   382.3     0.9    
*    9 1891  4921.49  221.30      0  4921.49  5887.73  7035.1   303.5     1.0    
*   10 1890  4408.79  219.73      0  4408.79  5789.22  5735.8   361.3     1.1    
*   11 1889  3962.09  196.63      0  3962.09  5789.22  5735.8   361.3     1.2    
*   13 1887  3897.89  209.97      0  3897.89  5443.53  5094.3   367.3     1.4    
*   14 1886  3635.05  181.26      0  3635.05  5672.63  4363.0   332.9     1.5    
*   15 1885  3456.20  161.69      0  3456.20  5715.20  4106.9   258.7     1.6    
*   16 1884  3360.25  132.68      0  3360.25  5401.97  4202.3   295.0     1.7    

  Gens  Rem    Local   ElDiv NoImpr             Best solution            Time  Op
                                       Cost     Dist    Tard    TMax 
*   17 1883  3299.75   99.68      0  3299.75  5546.99  3835.0   326.1     1.8    
*   18 1882  3236.02  130.06      0  3236.02  5583.19  2910.3   319.3     1.9    
*   19 1881  2937.60  125.90      0  2937.60  5471.31  2820.3   168.7     2.0    
*   20 1880  2820.11  111.88      0  2820.11  5471.31  2820.3   168.7     2.1    
*   22 1878  2386.65  113.99      0  2386.65  5562.86  1453.8   143.3     2.3    
*   24 1876  2374.47  110.53      0  2374.47  5466.94   945.2   201.8     2.5    
*   25 1875  2204.68   83.86      0  2204.68  5466.94   945.2   201.8     2.6    
*   27 1873  2101.84   74.22      0  2101.84  5699.66   495.1   110.7     2.8    
*   30 1870  2018.74   67.67      0  2018.74  5386.26   204.4    64.6     3.1    
*   31 1869  1885.11   58.62      0  1885.11  5386.26   204.4    64.6     3.2    
*   35 1865  1848.57   44.99      0  1848.57  5238.85   190.3    34.5     3.6    
*   36 1864  1821.20   39.41      0  1821.20  5238.85   190.3    34.5     3.7    
*   39 1861  1785.47   35.17      0  1785.47  5208.63    69.6    18.4     4.0    
*   40 1860  1765.52   31.04      0  1765.52  4890.50   238.5    67.2     4.1    
*   41 1859  1732.07   28.93      0  1732.07  4890.50   238.5    67.2     4.2    
*   44 1856  1698.83   29.33      0  1698.83  4835.12   151.2    25.6     4.5    

  Gens  Rem    Local   ElDiv NoImpr             Best solution            Time  Op
                                       Cost     Dist    Tard    TMax 
*   45 1855  1670.66   27.28      0  1670.66  4835.12   151.2    25.6     4.6    
*   49 1851  1650.72   24.63      0  1650.72  4873.79    66.9    11.5     5.0    
    50 1850  1650.72   22.68      1  1650.72  4873.79    66.9    11.5     5.1    
*   51 1849  1632.70   23.20      0  1632.70  4681.70    91.0    29.9     5.2    
*   52 1848  1600.87   20.76      0  1600.87  4681.70    91.0    29.9     5.3    
*   55 1845  1575.59   20.76      0  1575.59  4677.48    41.2     8.1     5.6    
*   58 1842  1546.89   20.85      0  1546.89  4501.67   111.5    27.5     5.9    
*   64 1836  1533.60   17.50      0  1533.60  4420.26   137.0    43.5     6.6    
*   69 1831  1509.44   17.76      0  1509.44  4498.23    21.5     8.6     7.1    
*   78 1822  1488.32   12.90      0  1488.32  4373.44    73.0    18.5     8.0    
*   80 1820  1484.68   14.10      0  1484.68  4412.01    10.3     3.6     8.2    
*   81 1819  1475.31   13.31      0  1475.31  4412.01    10.3     3.6     8.3    
*   86 1814  1468.60   14.23      0  1468.60  4188.37    65.1    12.8     8.8    
*   87 1813  1422.12   14.06      0  1422.12  4188.37    65.1    12.8     8.9    
*   96 1804  1421.37   10.05      0  1421.37  4215.30    36.9    11.9     9.8    
*   98 1802  1412.10   11.83      0  1412.10  4129.90    89.7    16.7    10.0    

  Gens  Rem    Local   ElDiv NoImpr             Best solution            Time  Op
                                       Cost     Dist    Tard    TMax 
   100 1800  1412.10   13.72      2  1412.10  4129.90    89.7    16.7    10.2    
*  102 1798  1404.00   13.00      0  1404.00  4189.42    10.1     5.9    10.4    
*  103 1797  1401.81   12.60      0  1401.81  4189.42    10.1     5.9    10.5    
*  105 1795  1398.36   11.29      0  1398.36  4187.75     3.7     3.7    10.7    
*  108 1792  1390.42   10.85      0  1390.42  4096.35    52.8    11.1    11.0    
*  109 1791  1386.73   10.63      0  1386.73  4079.44    58.7    14.8    11.1    
*  110 1790  1384.30   10.81      0  1384.30  4079.44    58.7    14.8    11.2    
*  112 1788  1373.64   11.40      0  1373.64  4107.63    10.3     3.0    11.4    
*  115 1785  1364.57   10.97      0  1364.57  4040.41    41.9    11.4    11.7    
*  118 1782  1358.23   10.62      0  1358.23  4055.91    14.1     4.7    12.0    
*  121 1779  1353.32    9.20      0  1353.32  4015.35    32.4    12.2    12.3    
*  125 1775  1346.86    9.59      0  1346.86  3909.33    37.5    16.6    12.7    
*  126 1774  1321.14    9.17      0  1321.14  3909.33    37.5    16.6    12.8    
*  132 1768  1312.34    9.95      0  1312.34  3888.14    32.3    16.6    13.4    
*  135 1765  1309.50   10.73      0  1309.50  3913.50     7.5     7.5    13.7    
*  148 1752  1298.28    7.64      0  1298.28  3880.45    10.4     4.0    15.0    

  Gens  Rem    Local   ElDiv NoImpr             Best solution            Time  Op
                                       Cost     Dist    Tard    TMax 
   150 1750  1298.28    6.88      2  1298.28  3880.45    10.4     4.0    15.2    
*  152 1748  1296.00    7.42      0  1296.00  3854.98     6.4     4.0    15.4    
*  153 1747  1288.47    7.31      0  1288.47  3854.98     6.4     4.0    15.5    
*  156 1744  1285.75    8.10      0  1285.75  3802.84     7.9     4.0    15.8    
*  157 1743  1271.59    8.88      0  1271.59  3802.84     7.9     4.0    15.9    
*  163 1737  1269.99    7.52      0  1269.99  3802.22     4.0     3.7    16.5    
*  165 1735  1257.27    8.74      0  1257.27  3754.41     0.1     0.1    16.7    
*  166 1734  1251.53    8.18      0  1251.53  3754.41     0.1     0.1    16.8    
*  168 1732  1244.91    8.19      0  1244.91  3717.61    10.6     6.5    17.0    
*  176 1724  1241.98    7.48      0  1241.98  3682.38    11.9     7.5    17.8    
*  177 1723  1233.92    6.86      0  1233.92  3682.38    11.9     7.5    17.9    
*  180 1720  1224.76    6.49      0  1224.76  3659.86     1.0     1.0    18.2    
*  181 1719  1220.61    5.69      0  1220.61  3659.86     1.0     1.0    18.3    
*  186 1714  1216.27    5.61      0  1216.27  3635.69     9.1     4.0    18.8    
*  188 1712  1203.87    5.78      0  1203.87  3603.13     4.7     3.7    19.0    
*  193 1707  1200.42    4.46      0  1200.42  3593.75     3.7     3.7    19.5    

  Gens  Rem    Local   ElDiv NoImpr             Best solution            Time  Op
                                       Cost     Dist    Tard    TMax 
*  197 1703  1192.46    3.64      0  1192.46  3575.40     1.0     1.0    19.9    
   200 1700  1192.46    2.66      3  1192.46  3575.40     1.0     1.0    20.2    
*  201 1699  1191.77    3.17      0  1191.77  3555.25     8.2     3.7    20.3    
*  202 1698  1189.07    3.40      0  1189.07  3563.37     0.0     0.0    20.4    
*  203 1697  1187.79    3.42      0  1187.79  3554.97     3.7     3.7    20.5    
*  204 1696  1187.49    3.59      0  1187.49  3533.02     4.8     3.7    20.6    
*  205 1695  1180.53    3.23      0  1180.53  3533.02     4.8     3.7    20.7    
*  211 1689  1177.93    1.93      0  1177.93  3520.36     3.7     3.7    21.3    
*  212 1688  1175.95    1.99      0  1175.95  3520.36     3.7     3.7    21.4    
*  214 1686  1174.50    1.63      0  1174.50  3516.40     3.6     3.5    21.6    
*  217 1683  1171.30    1.73      0  1171.30  3506.43     0.0     0.0    21.9    
*  218 1682  1168.81    1.76      0  1168.81  3506.43     0.0     0.0    22.0    
*  222 1678  1168.15    1.28      0  1168.15  3504.46     0.0     0.0    22.4    
*  224 1676  1167.67    0.99      0  1167.67  3502.04     0.0     0.0    22.6    
*  225 1675  1167.35    0.87      0  1167.35  3502.04     0.0     0.0    22.7    
*  228 1672  1165.94    0.75      0  1165.94  3497.59     0.1     0.1    23.0    

  Gens  Rem    Local   ElDiv NoImpr             Best solution            Time  Op
                                       Cost     Dist    Tard    TMax 
*  230 1670  1163.80    0.76      0  1163.80  3491.41     0.0     0.0    23.2    
*  235 1665  1163.18    0.59      0  1163.18  3489.39     0.0     0.0    23.7    
*  237 1663  1162.34    0.60      0  1162.34  3486.78     0.1     0.1    23.9    
*  239 1661  1161.90    0.62      0  1161.90  3485.69     0.0     0.0    24.1    
*  241 1659  1160.64    0.64      0  1160.64  3479.66     0.1     0.1    24.3    
*  242 1658  1159.97    0.65      0  1159.97  3479.66     0.1     0.1    24.4    
*  244 1656  1159.87    0.81      0  1159.87  3472.87     0.1     0.1    24.6    
*  245 1655  1157.71    0.80      0  1157.71  3471.05     0.1     0.1    24.7    
*  246 1654  1157.10    0.75      0  1157.10  3471.05     0.1     0.1    24.8    
*  249 1651  1156.50    0.61      0  1156.50  3469.38     0.0     0.0    25.1    
   250 1650  1156.50    0.63      1  1156.50  3469.38     0.0     0.0    25.2    
*  251 1649  1155.92    0.64      0  1155.92  3465.15     0.0     0.0    25.3    
*  252 1648  1155.05    0.60      0  1155.05  3465.15     0.0     0.0    25.4    
*  254 1646  1154.90    0.46      0  1154.90  3464.45     0.1     0.1    25.6    
*  256 1644  1154.63    0.21      0  1154.63  3463.64     0.1     0.1    25.8    
*  269 1631  1153.07    0.22      0  1153.07  3458.98     0.1     0.1    27.0    

  Gens  Rem    Local   ElDiv NoImpr             Best solution            Time  Op
                                       Cost     Dist    Tard    TMax 
*  277 1623  1152.31    0.11      0  1152.31  3456.68     0.1     0.1    27.8    
*  279 1621  1152.18    0.18      0  1152.18  3456.28     0.1     0.1    28.0    
*  283 1617  1151.93    0.32      0  1151.93  3455.55     0.1     0.1    28.4    
*  286 1614  1151.03    0.24      0  1151.03  3452.85     0.1     0.1    28.7    
*  294 1606  1150.81    0.19      0  1150.81  3452.18     0.1     0.1    29.5    
   300 1600  1150.81    0.00      6  1150.81  3452.18     0.1     0.1    30.1    
*  319 1581  1150.29    0.05      0  1150.29  3450.61     0.1     0.1    32.0    
   350 1550  1150.29    0.00     31  1150.29  3450.61     0.1     0.1    35.1    
*  352 1548  1150.01    0.03      0  1150.01  3449.66     0.2     0.1    35.3    
*  355 1545  1148.36    0.37      0  1148.36  3442.18     1.6     1.3    35.6    
*  358 1542  1148.12    0.84      0  1148.12  3441.48     1.6     1.3    35.9    
*  366 1534  1147.15    0.15      0  1147.15  3438.57     1.6     1.3    36.7    
*  371 1529  1146.92    0.30      0  1146.92  3437.86     1.6     1.3    37.2    
   400 1500  1146.92    0.00     29  1146.92  3437.86     1.6     1.3    40.1    
   450 1450  1146.92    0.00     79  1146.92  3437.86     1.6     1.3    45.0    
*  464 1436  1144.59    0.23      0  1144.59  3430.88     1.6     1.3    46.4    

  Gens  Rem    Local   ElDiv NoImpr             Best solution            Time  Op
                                       Cost     Dist    Tard    TMax 
   500 1400  1144.59    0.00     36  1144.59  3430.88     1.6     1.3    50.0    
   550 1350  1144.59    0.00     86  1144.59  3430.88     1.6     1.3    55.0    
   600 1300  1144.59    0.00    136  1144.59  3430.88     1.6     1.3    60.0    
*  611 1289  1142.75    0.18      0  1142.75  3425.31     1.6     1.3    61.1    
*  628 1272  1140.92    0.60      0  1140.92  3419.81     1.6     1.3    62.8    
*  630 1270  1138.91    0.92      0  1138.91  3413.79     1.6     1.3    63.0    
   650 1250  1138.91    0.00     20  1138.91  3413.79     1.6     1.3    65.0    
*  652 1248  1136.67    0.31      0  1136.67  3407.06     1.6     1.3    65.2    
   700 1200  1136.67    0.00     48  1136.67  3407.06     1.6     1.3    69.9    
   750 1150  1136.67    0.00     98  1136.67  3407.06     1.6     1.3    74.9    
   800 1100  1136.67    0.00    148  1136.67  3407.06     1.6     1.3    79.9    
   850 1050  1136.67    0.00    198  1136.67  3407.06     1.6     1.3    84.9    
*  896 1004  1136.48    0.03      0  1136.48  3406.49     1.6     1.3    89.4    
   900 1000  1136.48    0.09      4  1136.48  3406.49     1.6     1.3    89.8    
   950  950  1136.48    0.00     54  1136.48  3406.49     1.6     1.3    94.8    
  1000  900  1136.48    0.00    104  1136.48  3406.49     1.6     1.3    99.8    

  Gens  Rem    Local   ElDiv NoImpr             Best solution            Time  Op
                                       Cost     Dist    Tard    TMax 
  1050  850  1136.48    0.00    154  1136.48  3406.49     1.6     1.3   104.8    
  1100  800  1136.48    0.00    204  1136.48  3406.49     1.6     1.3   109.7    
  1150  750  1136.48    0.00    254  1136.48  3406.49     1.6     1.3   114.7    
  1200  700  1136.48    0.00    304  1136.48  3406.49     1.6     1.3   119.7    
  1250  650  1136.48    0.00    354  1136.48  3406.49     1.6     1.3   124.7    
  1300  600  1136.48    0.00    404  1136.48  3406.49     1.6     1.3   129.7    
  1350  550  1136.48    0.00    454  1136.48  3406.49     1.6     1.3   134.6    
  1400  500  1136.48    0.00    504  1136.48  3406.49     1.6     1.3   139.6    
  1450  450  1136.48    0.00    554  1136.48  3406.49     1.6     1.3   144.6    
  1500  400  1136.48    0.00    604  1136.48  3406.49     1.6     1.3   149.6    
  1550  350  1136.48    0.00    654  1136.48  3406.49     1.6     1.3   154.6    
  1595  305      inf  408.07      0  1136.48  3406.49     1.6     1.3   159.1   R
  1596  304  7208.70  347.28      0  1136.48  3406.49     1.6     1.3   159.2    
  1600  300  5542.35  357.11      0  1136.48  3406.49     1.6     1.3   159.6    
  1650  250  1634.84   19.73      0  1136.48  3406.49     1.6     1.3   164.7    
  1700  200  1461.98   12.01      0  1136.48  3406.49     1.6     1.3   169.7    

  Gens  Rem    Local   ElDiv NoImpr             Best solution            Time  Op
                                       Cost     Dist    Tard    TMax 
  1750  150  1354.37    9.89     15  1136.48  3406.49     1.6     1.3   174.7    
  1800  100  1267.09    4.47      4  1136.48  3406.49     1.6     1.3   179.7    
  1850   50  1206.39    2.39      0  1136.48  3406.49     1.6     1.3   184.7    
  1900    0  1183.23    0.06      2  1136.48  3406.49     1.6     1.3   189.5    
Evolutionary process finished.
Solution written to 'solution-19075.txt'.

Sorted sequence of worst to best tardiness value:
Task for patient = 11 with skills = {0,-1} and cost = 97.6
   Vehicle #0 = 0, leaving at = 137.1
   Vehicle #1 = -1, leaving at = inf
   Increment on distance indicator: 9.1
   Increment on tard indicator:     5.1
   Value of tmax indicator:         9.1

Task for patient = 23 with skills = {3,-1} and cost = 205.7
   Vehicle #0 = 12, leaving at = 138.1
   Vehicle #1 = -1, leaving at = inf
   Increment on distance indicator: 33.1
   Increment on tard indicator:     3.1
   Value of tmax indicator:         33.1

Task for patient = 121 with skills = {3,-1} and cost = 322.3
   Vehicle #0 = 19, leaving at = 185.5
   Vehicle #1 = -1, leaving at = inf
   Increment on distance indicator: 10.0
   Increment on tard indicator:     2.5
   Value of tmax indicator:         10.0

Task for patient = 42 with skills = {2,-1} and cost = 448.9
   Vehicle #0 = 2, leaving at = 214.1
   Vehicle #1 = -1, leaving at = inf
   Increment on distance indicator: 19.0
   Increment on tard indicator:     2.1
   Value of tmax indicator:         19.0

Task for patient = 189 with skills = {2,4} and cost = 169.5
   Vehicle #0 = 4, leaving at = 125.0
   Vehicle #1 = 13, leaving at = 176.0
   Increment on distance indicator: 28.8
   Increment on tard indicator:     2.0
   Value of tmax indicator:         28.8

Task for patient = 80 with skills = {2,-1} and cost = 691.5
   Vehicle #0 = 4, leaving at = 411.5
   Vehicle #1 = -1, leaving at = inf
   Increment on distance indicator: 7.6
   Increment on tard indicator:     1.5
   Value of tmax indicator:         7.6

Task for patient = 91 with skills = {4,-1} and cost = 650.4
   Vehicle #0 = 15, leaving at = 419.1
   Vehicle #1 = -1, leaving at = inf
   Increment on distance indicator: 4.1
   Increment on tard indicator:     1.1
   Value of tmax indicator:         4.1

Task for patient = 151 with skills = {3,5} and cost = 848.0
   Vehicle #0 = 14, leaving at = 493.4
   Vehicle #1 = 22, leaving at = 493.4
   Increment on distance indicator: 23.0
   Increment on tard indicator:     0.9
   Value of tmax indicator:         23.0

Task for patient = 28 with skills = {4,-1} and cost = 654.4
   Vehicle #0 = 14, leaving at = 362.4
   Vehicle #1 = -1, leaving at = inf
   Increment on distance indicator: 5.7
   Increment on tard indicator:     0.0
   Value of tmax indicator:         5.7

Task for patient = 14 with skills = {1,-1} and cost = 659.1
   Vehicle #0 = 8, leaving at = 308.3
   Vehicle #1 = -1, leaving at = inf
   Increment on distance indicator: 14.3
   Increment on tard indicator:     0.0
   Value of tmax indicator:         14.3

Task for patient = 17 with skills = {3,-1} and cost = 659.6
   Vehicle #0 = 23, leaving at = 333.0
   Vehicle #1 = -1, leaving at = inf
   Increment on distance indicator: 1.4
   Increment on tard indicator:     0.0
   Value of tmax indicator:         1.4

Task for patient = 171 with skills = {0,3} and cost = 665.3
   Vehicle #0 = 6, leaving at = 257.0
   Vehicle #1 = 22, leaving at = 280.2
   Increment on distance indicator: 17.2
   Increment on tard indicator:     0.0
   Value of tmax indicator:         17.2

Task for patient = 169 with skills = {3,4} and cost = 671.3
   Vehicle #0 = 22, leaving at = 428.0
   Vehicle #1 = 14, leaving at = 428.0
   Increment on distance indicator: 17.8
   Increment on tard indicator:     0.0
   Value of tmax indicator:         17.8

Task for patient = 122 with skills = {3,-1} and cost = 671.3
   Vehicle #0 = 21, leaving at = 471.0
   Vehicle #1 = -1, leaving at = inf
   Increment on distance indicator: 0.0
   Increment on tard indicator:     0.0
   Value of tmax indicator:         0.0

Task for patient = 144 with skills = {3,4} and cost = 674.8
   Vehicle #0 = 11, leaving at = 383.8
   Vehicle #1 = 23, leaving at = 383.8
   Increment on distance indicator: 10.5
   Increment on tard indicator:     0.0
   Value of tmax indicator:         10.5

Task for patient = 112 with skills = {5,-1} and cost = 675.8
   Vehicle #0 = 13, leaving at = 413.0
   Vehicle #1 = -1, leaving at = inf
   Increment on distance indicator: 3.2
   Increment on tard indicator:     0.0
   Value of tmax indicator:         3.2

Task for patient = 185 with skills = {0,4} and cost = 652.5
   Vehicle #0 = 7, leaving at = 335.7
   Vehicle #1 = 14, leaving at = 344.7
   Increment on distance indicator: 6.3
   Increment on tard indicator:     0.0
   Value of tmax indicator:         6.3

Task for patient = 7 with skills = {4,-1} and cost = 685.0
   Vehicle #0 = 20, leaving at = 460.0
   Vehicle #1 = -1, leaving at = inf
   Increment on distance indicator: 5.0
   Increment on tard indicator:     0.0
   Value of tmax indicator:         5.0

Task for patient = 8 with skills = {5,-1} and cost = 688.5
   Vehicle #0 = 18, leaving at = 382.7
   Vehicle #1 = -1, leaving at = inf
   Increment on distance indicator: 10.3
   Increment on tard indicator:     0.0
   Value of tmax indicator:         10.3

Task for patient = 96 with skills = {5,-1} and cost = 693.6
   Vehicle #0 = 10, leaving at = 410.8
   Vehicle #1 = -1, leaving at = inf
   Increment on distance indicator: 6.3
   Increment on tard indicator:     0.0
   Value of tmax indicator:         6.3

Task for patient = 158 with skills = {3,4} and cost = 700.0
   Vehicle #0 = 13, leaving at = 438.2
   Vehicle #1 = 18, leaving at = 438.2
   Increment on distance indicator: 19.2
   Increment on tard indicator:     0.0
   Value of tmax indicator:         19.2

Task for patient = 197 with skills = {0,4} and cost = 706.4
   Vehicle #0 = 8, leaving at = 403.0
   Vehicle #1 = 13, leaving at = 455.5
   Increment on distance indicator: 19.0
   Increment on tard indicator:     0.0
   Value of tmax indicator:         19.0

Task for patient = 149 with skills = {4,5} and cost = 710.8
   Vehicle #0 = 15, leaving at = 464.0
   Vehicle #1 = 17, leaving at = 464.0
   Increment on distance indicator: 13.3
   Increment on tard indicator:     0.0
   Value of tmax indicator:         13.3

Task for patient = 87 with skills = {4,-1} and cost = 714.2
   Vehicle #0 = 25, leaving at = 340.0
   Vehicle #1 = -1, leaving at = inf
   Increment on distance indicator: 10.3
   Increment on tard indicator:     0.0
   Value of tmax indicator:         10.3

Task for patient = 47 with skills = {4,-1} and cost = 715.6
   Vehicle #0 = 24, leaving at = 364.0
   Vehicle #1 = -1, leaving at = inf
   Increment on distance indicator: 4.1
   Increment on tard indicator:     0.0
   Value of tmax indicator:         4.1

Task for patient = 155 with skills = {3,4} and cost = 716.9
   Vehicle #0 = 15, leaving at = 478.0
   Vehicle #1 = 17, leaving at = 478.0
   Increment on distance indicator: 4.0
   Increment on tard indicator:     0.0
   Value of tmax indicator:         4.0

Task for patient = 115 with skills = {2,-1} and cost = 720.1
   Vehicle #0 = 2, leaving at = 350.0
   Vehicle #1 = -1, leaving at = inf
   Increment on distance indicator: 9.4
   Increment on tard indicator:     0.0
   Value of tmax indicator:         9.4

Task for patient = 175 with skills = {0,3} and cost = 725.2
   Vehicle #0 = 1, leaving at = 391.0
   Vehicle #1 = 12, leaving at = 419.0
   Increment on distance indicator: 15.5
   Increment on tard indicator:     0.0
   Value of tmax indicator:         15.5

Task for patient = 181 with skills = {2,4} and cost = 683.4
   Vehicle #0 = 7, leaving at = 415.8
   Vehicle #1 = 14, leaving at = 447.8
   Increment on distance indicator: 22.7
   Increment on tard indicator:     0.0
   Value of tmax indicator:         22.7

Task for patient = 166 with skills = {3,4} and cost = 559.9
   Vehicle #0 = 17, leaving at = 334.9
   Vehicle #1 = 20, leaving at = 334.9
   Increment on distance indicator: 18.1
   Increment on tard indicator:     0.0
   Value of tmax indicator:         18.1

Task for patient = 128 with skills = {3,-1} and cost = 562.2
   Vehicle #0 = 15, leaving at = 351.7
   Vehicle #1 = -1, leaving at = inf
   Increment on distance indicator: 6.7
   Increment on tard indicator:     0.0
   Value of tmax indicator:         6.7

Task for patient = 147 with skills = {4,5} and cost = 565.1
   Vehicle #0 = 17, leaving at = 351.4
   Vehicle #1 = 20, leaving at = 351.4
   Increment on distance indicator: 8.9
   Increment on tard indicator:     0.0
   Value of tmax indicator:         8.9

Task for patient = 27 with skills = {3,-1} and cost = 567.9
   Vehicle #0 = 11, leaving at = 362.3
   Vehicle #1 = -1, leaving at = inf
   Increment on distance indicator: 8.2
   Increment on tard indicator:     0.0
   Value of tmax indicator:         8.2

Task for patient = 148 with skills = {3,5} and cost = 570.0
   Vehicle #0 = 17, leaving at = 366.5
   Vehicle #1 = 20, leaving at = 366.5
   Increment on distance indicator: 6.3
   Increment on tard indicator:     0.0
   Value of tmax indicator:         6.3

Task for patient = 140 with skills = {0,-1} and cost = 571.7
   Vehicle #0 = 8, leaving at = 282.0
   Vehicle #1 = -1, leaving at = inf
   Increment on distance indicator: 5.0
   Increment on tard indicator:     0.0
   Value of tmax indicator:         5.0

Task for patient = 41 with skills = {5,-1} and cost = 576.0
   Vehicle #0 = 15, leaving at = 376.7
   Vehicle #1 = -1, leaving at = inf
   Increment on distance indicator: 13.0
   Increment on tard indicator:     0.0
   Value of tmax indicator:         13.0

Task for patient = 84 with skills = {4,-1} and cost = 579.7
   Vehicle #0 = 23, leaving at = 238.0
   Vehicle #1 = -1, leaving at = inf
   Increment on distance indicator: 11.0
   Increment on tard indicator:     0.0
   Value of tmax indicator:         11.0

Task for patient = 77 with skills = {0,-1} and cost = 582.4
   Vehicle #0 = 2, leaving at = 234.1
   Vehicle #1 = -1, leaving at = inf
   Increment on distance indicator: 8.1
   Increment on tard indicator:     0.0
   Value of tmax indicator:         8.1

Task for patient = 43 with skills = {3,-1} and cost = 585.7
   Vehicle #0 = 14, leaving at = 250.5
   Vehicle #1 = -1, leaving at = inf
   Increment on distance indicator: 10.0
   Increment on tard indicator:     0.0
   Value of tmax indicator:         10.0

Task for patient = 130 with skills = {2,-1} and cost = 590.2
   Vehicle #0 = 3, leaving at = 248.0
   Vehicle #1 = -1, leaving at = inf
   Increment on distance indicator: 13.6
   Increment on tard indicator:     0.0
   Value of tmax indicator:         13.6

Task for patient = 164 with skills = {4,5} and cost = 648.6
   Vehicle #0 = 19, leaving at = 368.0
   Vehicle #1 = 16, leaving at = 368.0
   Increment on distance indicator: 16.5
   Increment on tard indicator:     0.0
   Value of tmax indicator:         16.5

Task for patient = 180 with skills = {2,3} and cost = 599.0
   Vehicle #0 = 7, leaving at = 320.5
   Vehicle #1 = 14, leaving at = 329.5
   Increment on distance indicator: 10.8
   Increment on tard indicator:     0.0
   Value of tmax indicator:         10.8

Task for patient = 6 with skills = {4,-1} and cost = 601.0
   Vehicle #0 = 19, leaving at = 346.0
   Vehicle #1 = -1, leaving at = inf
   Increment on distance indicator: 6.0
   Increment on tard indicator:     0.0
   Value of tmax indicator:         6.0

Task for patient = 68 with skills = {1,-1} and cost = 609.2
   Vehicle #0 = 4, leaving at = 374.9
   Vehicle #1 = -1, leaving at = inf
   Increment on distance indicator: 24.5
   Increment on tard indicator:     0.0
   Value of tmax indicator:         24.5

Task for patient = 52 with skills = {3,-1} and cost = 610.8
   Vehicle #0 = 17, leaving at = 383.5
   Vehicle #1 = -1, leaving at = inf
   Increment on distance indicator: 5.0
   Increment on tard indicator:     0.0
   Value of tmax indicator:         5.0

Task for patient = 195 with skills = {1,3} and cost = 621.4
   Vehicle #0 = 1, leaving at = 243.0
   Vehicle #1 = 12, leaving at = 303.2
   Increment on distance indicator: 31.7
   Increment on tard indicator:     0.0
   Value of tmax indicator:         31.7

Task for patient = 78 with skills = {1,-1} and cost = 623.1
   Vehicle #0 = 4, leaving at = 391.9
   Vehicle #1 = -1, leaving at = inf
   Increment on distance indicator: 5.0
   Increment on tard indicator:     0.0
   Value of tmax indicator:         5.0

Task for patient = 182 with skills = {0,5} and cost = 630.6
   Vehicle #0 = 0, leaving at = 390.0
   Vehicle #1 = 15, leaving at = 403.0
   Increment on distance indicator: 22.5
   Increment on tard indicator:     0.0
   Value of tmax indicator:         22.5

Task for patient = 154 with skills = {3,5} and cost = 635.4
   Vehicle #0 = 24, leaving at = 261.0
   Vehicle #1 = 22, leaving at = 261.0
   Increment on distance indicator: 14.4
   Increment on tard indicator:     0.0
   Value of tmax indicator:         14.4

Task for patient = 167 with skills = {3,4} and cost = 641.5
   Vehicle #0 = 21, leaving at = 281.0
   Vehicle #1 = 25, leaving at = 281.0
   Increment on distance indicator: 18.3
   Increment on tard indicator:     0.0
   Value of tmax indicator:         18.3

Task for patient = 59 with skills = {0,-1} and cost = 643.1
   Vehicle #0 = 1, leaving at = 260.0
   Vehicle #1 = -1, leaving at = inf
   Increment on distance indicator: 5.0
   Increment on tard indicator:     0.0
   Value of tmax indicator:         5.0

Task for patient = 29 with skills = {0,-1} and cost = 726.9
   Vehicle #0 = 6, leaving at = 348.0
   Vehicle #1 = -1, leaving at = inf
   Increment on distance indicator: 5.1
   Increment on tard indicator:     0.0
   Value of tmax indicator:         5.1

Task for patient = 79 with skills = {1,-1} and cost = 595.4
   Vehicle #0 = 4, leaving at = 338.4
   Vehicle #1 = -1, leaving at = inf
   Increment on distance indicator: 15.5
   Increment on tard indicator:     0.0
   Value of tmax indicator:         15.5

Task for patient = 15 with skills = {1,-1} and cost = 817.8
   Vehicle #0 = 1, leaving at = 485.2
   Vehicle #1 = -1, leaving at = inf
   Increment on distance indicator: 6.4
   Increment on tard indicator:     0.0
   Value of tmax indicator:         6.4

Task for patient = 85 with skills = {1,-1} and cost = 818.2
   Vehicle #0 = 4, leaving at = 424.5
   Vehicle #1 = -1, leaving at = inf
   Increment on distance indicator: 1.0
   Increment on tard indicator:     0.0
   Value of tmax indicator:         1.0

Task for patient = 48 with skills = {3,-1} and cost = 821.4
   Vehicle #0 = 11, leaving at = 498.3
   Vehicle #1 = -1, leaving at = inf
   Increment on distance indicator: 9.8
   Increment on tard indicator:     0.0
   Value of tmax indicator:         9.8

Task for patient = 30 with skills = {5,-1} and cost = 825.5
   Vehicle #0 = 13, leaving at = 479.6
   Vehicle #1 = -1, leaving at = inf
   Increment on distance indicator: 12.0
   Increment on tard indicator:     0.0
   Value of tmax indicator:         12.0

Task for patient = 184 with skills = {2,3} and cost = 831.1
   Vehicle #0 = 7, leaving at = 436.3
   Vehicle #1 = 14, leaving at = 468.3
   Increment on distance indicator: 17.0
   Increment on tard indicator:     0.0
   Value of tmax indicator:         17.0

Task for patient = 63 with skills = {0,-1} and cost = 834.1
   Vehicle #0 = 8, leaving at = 512.0
   Vehicle #1 = -1, leaving at = inf
   Increment on distance indicator: 9.0
   Increment on tard indicator:     0.0
   Value of tmax indicator:         9.0

Task for patient = 111 with skills = {4,-1} and cost = 836.7
   Vehicle #0 = 10, leaving at = 449.7
   Vehicle #1 = -1, leaving at = inf
   Increment on distance indicator: 7.8
   Increment on tard indicator:     0.0
   Value of tmax indicator:         7.8

Task for patient = 132 with skills = {3,-1} and cost = 840.1
   Vehicle #0 = 22, leaving at = 450.0
   Vehicle #1 = -1, leaving at = inf
   Increment on distance indicator: 10.0
   Increment on tard indicator:     0.0
   Value of tmax indicator:         10.0

Task for patient = 66 with skills = {3,-1} and cost = 850.0
   Vehicle #0 = 19, leaving at = 473.8
   Vehicle #1 = -1, leaving at = inf
   Increment on distance indicator: 5.8
   Increment on tard indicator:     0.0
   Value of tmax indicator:         5.8

Task for patient = 36 with skills = {2,-1} and cost = 851.9
   Vehicle #0 = 9, leaving at = 453.9
   Vehicle #1 = -1, leaving at = inf
   Increment on distance indicator: 5.8
   Increment on tard indicator:     0.0
   Value of tmax indicator:         5.8

Task for patient = 16 with skills = {4,-1} and cost = 855.8
   Vehicle #0 = 10, leaving at = 473.3
   Vehicle #1 = -1, leaving at = inf
   Increment on distance indicator: 11.7
   Increment on tard indicator:     0.0
   Value of tmax indicator:         11.7

Task for patient = 22 with skills = {2,-1} and cost = 741.8
   Vehicle #0 = 9, leaving at = 416.0
   Vehicle #1 = -1, leaving at = inf
   Increment on distance indicator: 18.2
   Increment on tard indicator:     0.0
   Value of tmax indicator:         18.2

Task for patient = 13 with skills = {0,-1} and cost = 866.0
   Vehicle #0 = 9, leaving at = 480.0
   Vehicle #1 = -1, leaving at = inf
   Increment on distance indicator: 13.2
   Increment on tard indicator:     0.0
   Value of tmax indicator:         13.2

Task for patient = 199 with skills = {1,4} and cost = 870.0
   Vehicle #0 = 5, leaving at = 489.6
   Vehicle #1 = 26, leaving at = 541.6
   Increment on distance indicator: 11.9
   Increment on tard indicator:     0.0
   Value of tmax indicator:         11.9

Task for patient = 152 with skills = {3,5} and cost = 876.7
   Vehicle #0 = 11, leaving at = 518.4
   Vehicle #1 = 23, leaving at = 518.4
   Increment on distance indicator: 20.1
   Increment on tard indicator:     0.0
   Value of tmax indicator:         20.1

Task for patient = 9 with skills = {0,-1} and cost = 877.7
   Vehicle #0 = 7, leaving at = 462.0
   Vehicle #1 = -1, leaving at = inf
   Increment on distance indicator: 3.0
   Increment on tard indicator:     0.0
   Value of tmax indicator:         3.0

Task for patient = 76 with skills = {0,-1} and cost = 881.8
   Vehicle #0 = 9, leaving at = 504.4
   Vehicle #1 = -1, leaving at = inf
   Increment on distance indicator: 12.4
   Increment on tard indicator:     0.0
   Value of tmax indicator:         12.4

Task for patient = 86 with skills = {2,-1} and cost = 888.2
   Vehicle #0 = 7, leaving at = 493.2
   Vehicle #1 = -1, leaving at = inf
   Increment on distance indicator: 19.2
   Increment on tard indicator:     0.0
   Value of tmax indicator:         19.2

Task for patient = 107 with skills = {5,-1} and cost = 888.9
   Vehicle #0 = 10, leaving at = 487.3
   Vehicle #1 = -1, leaving at = inf
   Increment on distance indicator: 2.0
   Increment on tard indicator:     0.0
   Value of tmax indicator:         2.0

Task for patient = 163 with skills = {3,5} and cost = 899.4
   Vehicle #0 = 19, leaving at = 502.9
   Vehicle #1 = 16, leaving at = 502.9
   Increment on distance indicator: 31.6
   Increment on tard indicator:     0.0
   Value of tmax indicator:         31.6

Task for patient = 177 with skills = {1,3} and cost = 903.5
   Vehicle #0 = 4, leaving at = 463.8
   Vehicle #1 = 17, leaving at = 531.8
   Increment on distance indicator: 12.2
   Increment on tard indicator:     0.0
   Value of tmax indicator:         12.2

Task for patient = 186 with skills = {0,3} and cost = 914.9
   Vehicle #0 = 0, leaving at = 515.9
   Vehicle #1 = 18, leaving at = 521.9
   Increment on distance indicator: 34.2
   Increment on tard indicator:     0.0
   Value of tmax indicator:         34.2

Task for patient = 94 with skills = {3,-1} and cost = 916.5
   Vehicle #0 = 15, leaving at = 524.9
   Vehicle #1 = -1, leaving at = inf
   Increment on distance indicator: 5.0
   Increment on tard indicator:     0.0
   Value of tmax indicator:         5.0

Task for patient = 57 with skills = {0,-1} and cost = 861.6
   Vehicle #0 = 0, leaving at = 480.5
   Vehicle #1 = -1, leaving at = inf
   Increment on distance indicator: 17.5
   Increment on tard indicator:     0.0
   Value of tmax indicator:         17.5

Task for patient = 39 with skills = {0,-1} and cost = 731.0
   Vehicle #0 = 1, leaving at = 415.2
   Vehicle #1 = -1, leaving at = inf
   Increment on distance indicator: 12.2
   Increment on tard indicator:     0.0
   Value of tmax indicator:         12.2

Task for patient = 156 with skills = {3,5} and cost = 735.7
   Vehicle #0 = 11, leaving at = 456.0
   Vehicle #1 = 23, leaving at = 456.0
   Increment on distance indicator: 14.1
   Increment on tard indicator:     0.0
   Value of tmax indicator:         14.1

Task for patient = 101 with skills = {0,-1} and cost = 553.9
   Vehicle #0 = 8, leaving at = 196.0
   Vehicle #1 = -1, leaving at = inf
   Increment on distance indicator: 15.0
   Increment on tard indicator:     0.0
   Value of tmax indicator:         15.0

Task for patient = 61 with skills = {4,-1} and cost = 743.3
   Vehicle #0 = 25, leaving at = 406.0
   Vehicle #1 = -1, leaving at = inf
   Increment on distance indicator: 4.5
   Increment on tard indicator:     0.0
   Value of tmax indicator:         4.5

Task for patient = 26 with skills = {2,-1} and cost = 745.5
   Vehicle #0 = 2, leaving at = 416.0
   Vehicle #1 = -1, leaving at = inf
   Increment on distance indicator: 6.7
   Increment on tard indicator:     0.0
   Value of tmax indicator:         6.7

Task for patient = 125 with skills = {5,-1} and cost = 751.5
   Vehicle #0 = 15, leaving at = 507.9
   Vehicle #1 = -1, leaving at = inf
   Increment on distance indicator: 17.9
   Increment on tard indicator:     0.0
   Value of tmax indicator:         17.9

Task for patient = 83 with skills = {3,-1} and cost = 755.1
   Vehicle #0 = 19, leaving at = 391.0
   Vehicle #1 = -1, leaving at = inf
   Increment on distance indicator: 11.0
   Increment on tard indicator:     0.0
   Value of tmax indicator:         11.0

Task for patient = 138 with skills = {4,-1} and cost = 759.6
   Vehicle #0 = 16, leaving at = 393.5
   Vehicle #1 = -1, leaving at = inf
   Increment on distance indicator: 13.5
   Increment on tard indicator:     0.0
   Value of tmax indicator:         13.5

Task for patient = 110 with skills = {3,-1} and cost = 761.4
   Vehicle #0 = 12, leaving at = 436.4
   Vehicle #1 = -1, leaving at = inf
   Increment on distance indicator: 5.4
   Increment on tard indicator:     0.0
   Value of tmax indicator:         5.4

Task for patient = 44 with skills = {3,-1} and cost = 761.9
   Vehicle #0 = 12, leaving at = 459.0
   Vehicle #1 = -1, leaving at = inf
   Increment on distance indicator: 1.4
   Increment on tard indicator:     0.0
   Value of tmax indicator:         1.4

Task for patient = 179 with skills = {0,5} and cost = 771.3
   Vehicle #0 = 8, leaving at = 447.0
   Vehicle #1 = 25, leaving at = 469.0
   Increment on distance indicator: 28.2
   Increment on tard indicator:     0.0
   Value of tmax indicator:         28.2

Task for patient = 173 with skills = {1,3} and cost = 815.7
   Vehicle #0 = 8, leaving at = 491.0
   Vehicle #1 = 25, leaving at = 522.0
   Increment on distance indicator: 14.4
   Increment on tard indicator:     0.0
   Value of tmax indicator:         14.4

Task for patient = 117 with skills = {5,-1} and cost = 774.3
   Vehicle #0 = 10, leaving at = 429.9
   Vehicle #1 = -1, leaving at = inf
   Increment on distance indicator: 7.1
   Increment on tard indicator:     0.0
   Value of tmax indicator:         7.1

Task for patient = 153 with skills = {3,4} and cost = 780.0
   Vehicle #0 = 11, leaving at = 476.5
   Vehicle #1 = 23, leaving at = 476.5
   Increment on distance indicator: 17.0
   Increment on tard indicator:     0.0
   Value of tmax indicator:         17.0

Task for patient = 134 with skills = {2,-1} and cost = 783.0
   Vehicle #0 = 2, leaving at = 437.2
   Vehicle #1 = -1, leaving at = inf
   Increment on distance indicator: 9.2
   Increment on tard indicator:     0.0
   Value of tmax indicator:         9.2

Task for patient = 12 with skills = {0,-1} and cost = 788.3
   Vehicle #0 = 1, leaving at = 466.8
   Vehicle #1 = -1, leaving at = inf
   Increment on distance indicator: 15.8
   Increment on tard indicator:     0.0
   Value of tmax indicator:         15.8

Task for patient = 60 with skills = {3,-1} and cost = 792.5
   Vehicle #0 = 12, leaving at = 483.5
   Vehicle #1 = -1, leaving at = inf
   Increment on distance indicator: 12.5
   Increment on tard indicator:     0.0
   Value of tmax indicator:         12.5

Task for patient = 174 with skills = {0,4} and cost = 795.6
   Vehicle #0 = 0, leaving at = 451.0
   Vehicle #1 = 17, leaving at = 494.2
   Increment on distance indicator: 9.3
   Increment on tard indicator:     0.0
   Value of tmax indicator:         9.3

Task for patient = 54 with skills = {2,-1} and cost = 798.3
   Vehicle #0 = 9, leaving at = 436.1
   Vehicle #1 = -1, leaving at = inf
   Increment on distance indicator: 8.1
   Increment on tard indicator:     0.0
   Value of tmax indicator:         8.1

Task for patient = 103 with skills = {3,-1} and cost = 801.6
   Vehicle #0 = 12, leaving at = 505.4
   Vehicle #1 = -1, leaving at = inf
   Increment on distance indicator: 9.8
   Increment on tard indicator:     0.0
   Value of tmax indicator:         9.8

Task for patient = 71 with skills = {4,-1} and cost = 803.2
   Vehicle #0 = 17, leaving at = 511.2
   Vehicle #1 = -1, leaving at = inf
   Increment on distance indicator: 5.0
   Increment on tard indicator:     0.0
   Value of tmax indicator:         5.0

Task for patient = 161 with skills = {3,4} and cost = 806.4
   Vehicle #0 = 19, leaving at = 456.0
   Vehicle #1 = 16, leaving at = 456.0
   Increment on distance indicator: 9.5
   Increment on tard indicator:     0.0
   Value of tmax indicator:         9.5

Task for patient = 33 with skills = {1,-1} and cost = 808.1
   Vehicle #0 = 5, leaving at = 451.0
   Vehicle #1 = -1, leaving at = inf
   Increment on distance indicator: 5.1
   Increment on tard indicator:     0.0
   Value of tmax indicator:         5.1

Task for patient = 190 with skills = {2,4} and cost = 810.9
   Vehicle #0 = 5, leaving at = 469.3
   Vehicle #1 = 24, leaving at = 493.3
   Increment on distance indicator: 8.3
   Increment on tard indicator:     0.0
   Value of tmax indicator:         8.3

Task for patient = 106 with skills = {1,-1} and cost = 772.0
   Vehicle #0 = 1, leaving at = 439.0
   Vehicle #1 = -1, leaving at = inf
   Increment on distance indicator: 2.0
   Increment on tard indicator:     0.0
   Value of tmax indicator:         2.0

Task for patient = 124 with skills = {1,-1} and cost = 227.1
   Vehicle #0 = 7, leaving at = 79.0
   Vehicle #1 = -1, leaving at = inf
   Increment on distance indicator: 10.8
   Increment on tard indicator:     0.0
   Value of tmax indicator:         10.8

Task for patient = 65 with skills = {2,-1} and cost = 231.8
   Vehicle #0 = 4, leaving at = 151.2
   Vehicle #1 = -1, leaving at = inf
   Increment on distance indicator: 14.1
   Increment on tard indicator:     0.0
   Value of tmax indicator:         14.1

Task for patient = 114 with skills = {0,-1} and cost = 235.5
   Vehicle #0 = 2, leaving at = 126.0
   Vehicle #1 = -1, leaving at = inf
   Increment on distance indicator: 11.2
   Increment on tard indicator:     0.0
   Value of tmax indicator:         11.2

Task for patient = 165 with skills = {3,4} and cost = 245.9
   Vehicle #0 = 18, leaving at = 192.0
   Vehicle #1 = 16, leaving at = 192.0
   Increment on distance indicator: 31.1
   Increment on tard indicator:     0.0
   Value of tmax indicator:         31.1

Task for patient = 200 with skills = {0,5} and cost = 256.0
   Vehicle #0 = 6, leaving at = 98.2
   Vehicle #1 = 14, leaving at = 150.1
   Increment on distance indicator: 30.1
   Increment on tard indicator:     0.0
   Value of tmax indicator:         30.1

Task for patient = 99 with skills = {1,-1} and cost = 258.9
   Vehicle #0 = 5, leaving at = 129.9
   Vehicle #1 = -1, leaving at = inf
   Increment on distance indicator: 8.9
   Increment on tard indicator:     0.0
   Value of tmax indicator:         8.9

Task for patient = 18 with skills = {0,-1} and cost = 266.9
   Vehicle #0 = 7, leaving at = 114.8
   Vehicle #1 = -1, leaving at = inf
   Increment on distance indicator: 23.8
   Increment on tard indicator:     0.0
   Value of tmax indicator:         23.8

Task for patient = 198 with skills = {1,3} and cost = 270.0
   Vehicle #0 = 5, leaving at = 177.0
   Vehicle #1 = 14, leaving at = 190.0
   Increment on distance indicator: 9.4
   Increment on tard indicator:     0.0
   Value of tmax indicator:         9.4

Task for patient = 64 with skills = {1,-1} and cost = 280.4
   Vehicle #0 = 8, leaving at = 121.0
   Vehicle #1 = -1, leaving at = inf
   Increment on distance indicator: 31.3
   Increment on tard indicator:     0.0
   Value of tmax indicator:         31.3

Task for patient = 139 with skills = {5,-1} and cost = 281.4
   Vehicle #0 = 16, leaving at = 207.0
   Vehicle #1 = -1, leaving at = inf
   Increment on distance indicator: 3.0
   Increment on tard indicator:     0.0
   Value of tmax indicator:         3.0

Task for patient = 123 with skills = {3,-1} and cost = 288.4
   Vehicle #0 = 19, leaving at = 69.0
   Vehicle #1 = -1, leaving at = inf
   Increment on distance indicator: 20.9
   Increment on tard indicator:     0.0
   Value of tmax indicator:         20.9

Task for patient = 127 with skills = {0,-1} and cost = 544.1
   Vehicle #0 = 7, leaving at = 300.0
   Vehicle #1 = -1, leaving at = inf
   Increment on distance indicator: 7.0
   Increment on tard indicator:     0.0
   Value of tmax indicator:         7.0

Task for patient = 100 with skills = {1,-1} and cost = 296.8
   Vehicle #0 = 7, leaving at = 136.6
   Vehicle #1 = -1, leaving at = inf
   Increment on distance indicator: 9.8
   Increment on tard indicator:     0.0
   Value of tmax indicator:         9.8

Task for patient = 141 with skills = {4,5} and cost = 309.6
   Vehicle #0 = 19, leaving at = 163.5
   Vehicle #1 = 12, leaving at = 163.5
   Increment on distance indicator: 38.4
   Increment on tard indicator:     0.0
   Value of tmax indicator:         38.4

Task for patient = 73 with skills = {3,-1} and cost = 312.8
   Vehicle #0 = 12, leaving at = 185.3
   Vehicle #1 = -1, leaving at = inf
   Increment on distance indicator: 9.8
   Increment on tard indicator:     0.0
   Value of tmax indicator:         9.8

Task for patient = 93 with skills = {1,-1} and cost = 315.0
   Vehicle #0 = 5, leaving at = 199.0
   Vehicle #1 = -1, leaving at = inf
   Increment on distance indicator: 6.4
   Increment on tard indicator:     0.0
   Value of tmax indicator:         6.4

Task for patient = 5 with skills = {4,-1} and cost = 318.1
   Vehicle #0 = 14, leaving at = 211.5
   Vehicle #1 = -1, leaving at = inf
   Increment on distance indicator: 9.5
   Increment on tard indicator:     0.0
   Value of tmax indicator:         9.5

Task for patient = 4 with skills = {4,-1} and cost = 323.8
   Vehicle #0 = 17, leaving at = 145.6
   Vehicle #1 = -1, leaving at = inf
   Increment on distance indicator: 4.5
   Increment on tard indicator:     0.0
   Value of tmax indicator:         4.5

Task for patient = 150 with skills = {4,5} and cost = 334.4
   Vehicle #0 = 20, leaving at = 104.0
   Vehicle #1 = 21, leaving at = 104.0
   Increment on distance indicator: 31.6
   Increment on tard indicator:     0.0
   Value of tmax indicator:         31.6

Task for patient = 72 with skills = {0,-1} and cost = 339.4
   Vehicle #0 = 9, leaving at = 27.0
   Vehicle #1 = -1, leaving at = inf
   Increment on distance indicator: 15.0
   Increment on tard indicator:     0.0
   Value of tmax indicator:         15.0

Task for patient = 38 with skills = {0,-1} and cost = 344.3
   Vehicle #0 = 8, leaving at = 147.8
   Vehicle #1 = -1, leaving at = inf
   Increment on distance indicator: 14.8
   Increment on tard indicator:     0.0
   Value of tmax indicator:         14.8

Task for patient = 2 with skills = {2,-1} and cost = 351.6
   Vehicle #0 = 2, leaving at = 159.9
   Vehicle #1 = -1, leaving at = inf
   Increment on distance indicator: 21.9
   Increment on tard indicator:     0.0
   Value of tmax indicator:         21.9

Task for patient = 49 with skills = {4,-1} and cost = 354.5
   Vehicle #0 = 17, leaving at = 166.2
   Vehicle #1 = -1, leaving at = inf
   Increment on distance indicator: 8.6
   Increment on tard indicator:     0.0
   Value of tmax indicator:         8.6

Task for patient = 75 with skills = {2,-1} and cost = 293.5
   Vehicle #0 = 4, leaving at = 178.5
   Vehicle #1 = -1, leaving at = inf
   Increment on distance indicator: 15.3
   Increment on tard indicator:     0.0
   Value of tmax indicator:         15.3

Task for patient = 193 with skills = {0,3} and cost = 27.5
   Vehicle #0 = 0, leaving at = 116.0
   Vehicle #1 = 10, leaving at = 171.0
   Increment on distance indicator: 82.5
   Increment on tard indicator:     0.0
   Value of tmax indicator:         82.5

Task for patient = 183 with skills = {1,3} and cost = 50.6
   Vehicle #0 = 1, leaving at = 67.0
   Vehicle #1 = 11, leaving at = 82.0
   Increment on distance indicator: 69.4
   Increment on tard indicator:     0.0
   Value of tmax indicator:         69.4

Task for patient = 56 with skills = {4,-1} and cost = 65.4
   Vehicle #0 = 13, leaving at = 64.0
   Vehicle #1 = -1, leaving at = inf
   Increment on distance indicator: 44.3
   Increment on tard indicator:     0.0
   Value of tmax indicator:         44.3

Task for patient = 131 with skills = {2,-1} and cost = 70.7
   Vehicle #0 = 2, leaving at = 68.0
   Vehicle #1 = -1, leaving at = inf
   Increment on distance indicator: 15.8
   Increment on tard indicator:     0.0
   Value of tmax indicator:         15.8

Task for patient = 192 with skills = {0,3} and cost = 72.0
   Vehicle #0 = 1, leaving at = 90.0
   Vehicle #1 = 11, leaving at = 124.0
   Increment on distance indicator: 4.0
   Increment on tard indicator:     0.0
   Value of tmax indicator:         4.0

Task for patient = 160 with skills = {3,4} and cost = 87.2
   Vehicle #0 = 12, leaving at = 93.0
   Vehicle #1 = 14, leaving at = 93.0
   Increment on distance indicator: 45.6
   Increment on tard indicator:     0.0
   Value of tmax indicator:         45.6

Task for patient = 98 with skills = {3,-1} and cost = 91.2
   Vehicle #0 = 11, leaving at = 171.0
   Vehicle #1 = -1, leaving at = inf
   Increment on distance indicator: 12.0
   Increment on tard indicator:     0.0
   Value of tmax indicator:         12.0

Task for patient = 50 with skills = {0,-1} and cost = 101.3
   Vehicle #0 = 1, leaving at = 113.2
   Vehicle #1 = -1, leaving at = inf
   Increment on distance indicator: 11.2
   Increment on tard indicator:     0.0
   Value of tmax indicator:         11.2

Task for patient = 89 with skills = {5,-1} and cost = 103.7
   Vehicle #0 = 11, leaving at = 197.0
   Vehicle #1 = -1, leaving at = inf
   Increment on distance indicator: 7.2
   Increment on tard indicator:     0.0
   Value of tmax indicator:         7.2

Task for patient = 168 with skills = {3,5} and cost = 121.7
   Vehicle #0 = 13, leaving at = 86.0
   Vehicle #1 = 15, leaving at = 86.0
   Increment on distance indicator: 53.9
   Increment on tard indicator:     0.0
   Value of tmax indicator:         53.9

Task for patient = 137 with skills = {4,-1} and cost = 122.8
   Vehicle #0 = 14, leaving at = 108.2
   Vehicle #1 = -1, leaving at = inf
   Increment on distance indicator: 3.2
   Increment on tard indicator:     0.0
   Value of tmax indicator:         3.2

Task for patient = 116 with skills = {5,-1} and cost = 223.5
   Vehicle #0 = 10, leaving at = 262.6
   Vehicle #1 = -1, leaving at = inf
   Increment on distance indicator: 6.7
   Increment on tard indicator:     0.0
   Value of tmax indicator:         6.7

Task for patient = 178 with skills = {1,5} and cost = 145.0
   Vehicle #0 = 4, leaving at = 58.7
   Vehicle #1 = 13, leaving at = 118.7
   Increment on distance indicator: 50.7
   Increment on tard indicator:     0.0
   Value of tmax indicator:         50.7

Task for patient = 24 with skills = {1,-1} and cost = 148.3
   Vehicle #0 = 4, leaving at = 103.0
   Vehicle #1 = -1, leaving at = inf
   Increment on distance indicator: 9.9
   Increment on tard indicator:     0.0
   Value of tmax indicator:         9.9

Task for patient = 1 with skills = {4,-1} and cost = 152.1
   Vehicle #0 = 10, leaving at = 194.4
   Vehicle #1 = -1, leaving at = inf
   Increment on distance indicator: 11.4
   Increment on tard indicator:     0.0
   Value of tmax indicator:         11.4

Task for patient = 113 with skills = {1,-1} and cost = 159.2
   Vehicle #0 = 5, leaving at = 109.0
   Vehicle #1 = -1, leaving at = inf
   Increment on distance indicator: 21.4
   Increment on tard indicator:     0.0
   Value of tmax indicator:         21.4

Task for patient = 3 with skills = {3,-1} and cost = 171.5
   Vehicle #0 = 15, leaving at = 103.8
   Vehicle #1 = -1, leaving at = inf
   Increment on distance indicator: 5.8
   Increment on tard indicator:     0.0
   Value of tmax indicator:         5.8

Task for patient = 133 with skills = {3,-1} and cost = 174.5
   Vehicle #0 = 17, leaving at = 93.0
   Vehicle #1 = -1, leaving at = inf
   Increment on distance indicator: 8.9
   Increment on tard indicator:     0.0
   Value of tmax indicator:         8.9

Task for patient = 143 with skills = {3,4} and cost = 182.0
   Vehicle #0 = 13, leaving at = 190.3
   Vehicle #1 = 15, leaving at = 190.3
   Increment on distance indicator: 22.5
   Increment on tard indicator:     0.0
   Value of tmax indicator:         22.5

Task for patient = 172 with skills = {0,3} and cost = 185.6
   Vehicle #0 = 0, leaving at = 153.5
   Vehicle #1 = 10, leaving at = 213.5
   Increment on distance indicator: 10.8
   Increment on tard indicator:     0.0
   Value of tmax indicator:         10.8

Task for patient = 81 with skills = {4,-1} and cost = 193.6
   Vehicle #0 = 17, leaving at = 129.2
   Vehicle #1 = -1, leaving at = inf
   Increment on distance indicator: 24.2
   Increment on tard indicator:     0.0
   Value of tmax indicator:         24.2

Task for patient = 108 with skills = {0,-1} and cost = 212.5
   Vehicle #0 = 0, leaving at = 185.9
   Vehicle #1 = -1, leaving at = inf
   Increment on distance indicator: 20.4
   Increment on tard indicator:     0.0
   Value of tmax indicator:         20.4

Task for patient = 31 with skills = {3,-1} and cost = 218.6
   Vehicle #0 = 10, leaving at = 243.9
   Vehicle #1 = -1, leaving at = inf
   Increment on distance indicator: 18.4
   Increment on tard indicator:     0.0
   Value of tmax indicator:         18.4

Task for patient = 58 with skills = {3,-1} and cost = 221.3
   Vehicle #0 = 14, leaving at = 128.2
   Vehicle #1 = -1, leaving at = inf
   Increment on distance indicator: 8.1
   Increment on tard indicator:     0.0
   Value of tmax indicator:         8.1

Task for patient = 82 with skills = {0,-1} and cost = 128.1
   Vehicle #0 = 6, leaving at = 66.0
   Vehicle #1 = -1, leaving at = inf
   Increment on distance indicator: 16.1
   Increment on tard indicator:     0.0
   Value of tmax indicator:         16.1

Task for patient = 55 with skills = {4,-1} and cost = 485.1
   Vehicle #0 = 10, leaving at = 376.0
   Vehicle #1 = -1, leaving at = inf
   Increment on distance indicator: 7.6
   Increment on tard indicator:     0.0
   Value of tmax indicator:         7.6

Task for patient = 20 with skills = {3,-1} and cost = 486.8
   Vehicle #0 = 23, leaving at = 97.3
   Vehicle #1 = -1, leaving at = inf
   Increment on distance indicator: 5.0
   Increment on tard indicator:     0.0
   Value of tmax indicator:         5.0

Task for patient = 32 with skills = {3,-1} and cost = 488.5
   Vehicle #0 = 20, leaving at = 188.4
   Vehicle #1 = -1, leaving at = inf
   Increment on distance indicator: 5.1
   Increment on tard indicator:     0.0
   Value of tmax indicator:         5.1

Task for patient = 92 with skills = {4,-1} and cost = 491.3
   Vehicle #0 = 24, leaving at = 190.0
   Vehicle #1 = -1, leaving at = inf
   Increment on distance indicator: 8.5
   Increment on tard indicator:     0.0
   Value of tmax indicator:         8.5

Task for patient = 146 with skills = {3,5} and cost = 497.0
   Vehicle #0 = 11, leaving at = 256.0
   Vehicle #1 = 18, leaving at = 256.0
   Increment on distance indicator: 16.9
   Increment on tard indicator:     0.0
   Value of tmax indicator:         16.9

Task for patient = 19 with skills = {3,-1} and cost = 499.4
   Vehicle #0 = 11, leaving at = 279.0
   Vehicle #1 = -1, leaving at = inf
   Increment on distance indicator: 7.2
   Increment on tard indicator:     0.0
   Value of tmax indicator:         7.2

Task for patient = 10 with skills = {0,-1} and cost = 501.6
   Vehicle #0 = 1, leaving at = 186.0
   Vehicle #1 = -1, leaving at = inf
   Increment on distance indicator: 6.7
   Increment on tard indicator:     0.0
   Value of tmax indicator:         6.7

Task for patient = 162 with skills = {3,5} and cost = 507.3
   Vehicle #0 = 12, leaving at = 269.0
   Vehicle #1 = 16, leaving at = 269.0
   Increment on distance indicator: 17.1
   Increment on tard indicator:     0.0
   Value of tmax indicator:         17.1

Task for patient = 187 with skills = {2,5} and cost = 513.9
   Vehicle #0 = 9, leaving at = 300.0
   Vehicle #1 = 18, leaving at = 317.0
   Increment on distance indicator: 19.9
   Increment on tard indicator:     0.0
   Value of tmax indicator:         19.9

Task for patient = 37 with skills = {4,-1} and cost = 514.7
   Vehicle #0 = 19, leaving at = 310.0
   Vehicle #1 = -1, leaving at = inf
   Increment on distance indicator: 2.2
   Increment on tard indicator:     0.0
   Value of tmax indicator:         2.2

Task for patient = 159 with skills = {4,5} and cost = 519.7
   Vehicle #0 = 18, leaving at = 342.0
   Vehicle #1 = 11, leaving at = 342.0
   Increment on distance indicator: 15.0
   Increment on tard indicator:     0.0
   Value of tmax indicator:         15.0

Task for patient = 95 with skills = {4,-1} and cost = 364.9
   Vehicle #0 = 20, leaving at = 147.3
   Vehicle #1 = -1, leaving at = inf
   Increment on distance indicator: 31.3
   Increment on tard indicator:     0.0
   Value of tmax indicator:         31.3

Task for patient = 70 with skills = {5,-1} and cost = 521.8
   Vehicle #0 = 17, leaving at = 269.3
   Vehicle #1 = -1, leaving at = inf
   Increment on distance indicator: 2.2
   Increment on tard indicator:     0.0
   Value of tmax indicator:         2.2

Task for patient = 102 with skills = {0,-1} and cost = 527.6
   Vehicle #0 = 9, leaving at = 329.3
   Vehicle #1 = -1, leaving at = inf
   Increment on distance indicator: 17.3
   Increment on tard indicator:     0.0
   Value of tmax indicator:         17.3

Task for patient = 40 with skills = {2,-1} and cost = 531.1
   Vehicle #0 = 4, leaving at = 230.6
   Vehicle #1 = -1, leaving at = inf
   Increment on distance indicator: 10.6
   Increment on tard indicator:     0.0
   Value of tmax indicator:         10.6

Task for patient = 136 with skills = {2,-1} and cost = 533.8
   Vehicle #0 = 5, leaving at = 235.2
   Vehicle #1 = -1, leaving at = inf
   Increment on distance indicator: 8.1
   Increment on tard indicator:     0.0
   Value of tmax indicator:         8.1

Task for patient = 62 with skills = {3,-1} and cost = 535.8
   Vehicle #0 = 20, leaving at = 297.0
   Vehicle #1 = -1, leaving at = inf
   Increment on distance indicator: 5.8
   Increment on tard indicator:     0.0
   Value of tmax indicator:         5.8

Task for patient = 74 with skills = {4,-1} and cost = 537.9
   Vehicle #0 = 18, leaving at = 360.4
   Vehicle #1 = -1, leaving at = inf
   Increment on distance indicator: 6.3
   Increment on tard indicator:     0.0
   Value of tmax indicator:         6.3

Task for patient = 67 with skills = {2,-1} and cost = 539.7
   Vehicle #0 = 7, leaving at = 272.0
   Vehicle #1 = -1, leaving at = inf
   Increment on distance indicator: 5.4
   Increment on tard indicator:     0.0
   Value of tmax indicator:         5.4

Task for patient = 142 with skills = {3,4} and cost = 541.8
   Vehicle #0 = 12, leaving at = 284.2
   Vehicle #1 = 16, leaving at = 284.2
   Increment on distance indicator: 6.3
   Increment on tard indicator:     0.0
   Value of tmax indicator:         6.3

Task for patient = 46 with skills = {1,-1} and cost = 919.9
   Vehicle #0 = 4, leaving at = 487.0
   Vehicle #1 = -1, leaving at = inf
   Increment on distance indicator: 10.0
   Increment on tard indicator:     0.0
   Value of tmax indicator:         10.0

Task for patient = 126 with skills = {3,-1} and cost = 545.6
   Vehicle #0 = 10, leaving at = 392.5
   Vehicle #1 = -1, leaving at = inf
   Increment on distance indicator: 4.5
   Increment on tard indicator:     0.0
   Value of tmax indicator:         4.5

Task for patient = 194 with skills = {2,4} and cost = 548.9
   Vehicle #0 = 4, leaving at = 310.8
   Vehicle #1 = 20, leaving at = 314.8
   Increment on distance indicator: 10.0
   Increment on tard indicator:     0.0
   Value of tmax indicator:         10.0

Task for patient = 120 with skills = {3,-1} and cost = 521.1
   Vehicle #0 = 17, leaving at = 255.0
   Vehicle #1 = -1, leaving at = inf
   Increment on distance indicator: 4.1
   Increment on tard indicator:     0.0
   Value of tmax indicator:         4.1

Task for patient = 104 with skills = {4,-1} and cost = 370.0
   Vehicle #0 = 17, leaving at = 193.5
   Vehicle #1 = -1, leaving at = inf
   Increment on distance indicator: 15.2
   Increment on tard indicator:     0.0
   Value of tmax indicator:         15.2

Task for patient = 188 with skills = {2,4} and cost = 383.0
   Vehicle #0 = 9, leaving at = 51.0
   Vehicle #1 = 23, leaving at = 53.0
   Increment on distance indicator: 39.0
   Increment on tard indicator:     0.0
   Value of tmax indicator:         39.0

Task for patient = 119 with skills = {5,-1} and cost = 387.1
   Vehicle #0 = 17, leaving at = 217.8
   Vehicle #1 = -1, leaving at = inf
   Increment on distance indicator: 12.4
   Increment on tard indicator:     0.0
   Value of tmax indicator:         12.4

Task for patient = 53 with skills = {0,-1} and cost = 392.1
   Vehicle #0 = 6, leaving at = 126.0
   Vehicle #1 = -1, leaving at = inf
   Increment on distance indicator: 15.0
   Increment on tard indicator:     0.0
   Value of tmax indicator:         15.0

Task for patient = 97 with skills = {0,-1} and cost = 395.8
   Vehicle #0 = 7, leaving at = 159.8
   Vehicle #1 = -1, leaving at = inf
   Increment on distance indicator: 11.2
   Increment on tard indicator:     0.0
   Value of tmax indicator:         11.2

Task for patient = 145 with skills = {3,5} and cost = 405.9
   Vehicle #0 = 13, leaving at = 217.4
   Vehicle #1 = 15, leaving at = 217.4
   Increment on distance indicator: 30.3
   Increment on tard indicator:     0.0
   Value of tmax indicator:         30.3

Task for patient = 25 with skills = {2,-1} and cost = 407.3
   Vehicle #0 = 5, leaving at = 215.1
   Vehicle #1 = -1, leaving at = inf
   Increment on distance indicator: 4.1
   Increment on tard indicator:     0.0
   Value of tmax indicator:         4.1

Task for patient = 170 with skills = {4,5} and cost = 413.4
   Vehicle #0 = 16, leaving at = 228.5
   Vehicle #1 = 18, leaving at = 228.5
   Increment on distance indicator: 18.5
   Increment on tard indicator:     0.0
   Value of tmax indicator:         18.5

Task for patient = 196 with skills = {2,4} and cost = 416.2
   Vehicle #0 = 0, leaving at = 224.4
   Vehicle #1 = 13, leaving at = 234.4
   Increment on distance indicator: 8.2
   Increment on tard indicator:     0.0
   Value of tmax indicator:         8.2

Task for patient = 21 with skills = {4,-1} and cost = 420.2
   Vehicle #0 = 20, leaving at = 171.3
   Vehicle #1 = -1, leaving at = inf
   Increment on distance indicator: 12.0
   Increment on tard indicator:     0.0
   Value of tmax indicator:         12.0

Task for patient = 109 with skills = {4,-1} and cost = 422.9
   Vehicle #0 = 13, leaving at = 254.7
   Vehicle #1 = -1, leaving at = inf
   Increment on distance indicator: 8.2
   Increment on tard indicator:     0.0
   Value of tmax indicator:         8.2

Task for patient = 176 with skills = {2,3} and cost = 482.6
   Vehicle #0 = 9, leaving at = 199.0
   Vehicle #1 = 11, leaving at = 229.0
   Increment on distance indicator: 10.7
   Increment on tard indicator:     0.0
   Value of tmax indicator:         10.7

Task for patient = 157 with skills = {3,4} and cost = 432.9
   Vehicle #0 = 12, leaving at = 210.5
   Vehicle #1 = 19, leaving at = 210.5
   Increment on distance indicator: 20.8
   Increment on tard indicator:     0.0
   Value of tmax indicator:         20.8

Task for patient = 51 with skills = {0,-1} and cost = 436.7
   Vehicle #0 = 2, leaving at = 183.1
   Vehicle #1 = -1, leaving at = inf
   Increment on distance indicator: 11.2
   Increment on tard indicator:     0.0
   Value of tmax indicator:         11.2

Task for patient = 191 with skills = {2,5} and cost = 441.9
   Vehicle #0 = 7, leaving at = 178.5
   Vehicle #1 = 16, leaving at = 249.4
   Increment on distance indicator: 15.7
   Increment on tard indicator:     0.0
   Value of tmax indicator:         15.7

Task for patient = 118 with skills = {4,-1} and cost = 451.9
   Vehicle #0 = 17, leaving at = 238.9
   Vehicle #1 = -1, leaving at = inf
   Increment on distance indicator: 9.1
   Increment on tard indicator:     0.0
   Value of tmax indicator:         9.1

Task for patient = 69 with skills = {5,-1} and cost = 455.6
   Vehicle #0 = 13, leaving at = 277.7
   Vehicle #1 = -1, leaving at = inf
   Increment on distance indicator: 11.0
   Increment on tard indicator:     0.0
   Value of tmax indicator:         11.0

Task for patient = 135 with skills = {5,-1} and cost = 457.3
   Vehicle #0 = 14, leaving at = 228.5
   Vehicle #1 = -1, leaving at = inf
   Increment on distance indicator: 5.0
   Increment on tard indicator:     0.0
   Value of tmax indicator:         5.0

Task for patient = 34 with skills = {3,-1} and cost = 462.4
   Vehicle #0 = 23, leaving at = 80.3
   Vehicle #1 = -1, leaving at = inf
   Increment on distance indicator: 15.2
   Increment on tard indicator:     0.0
   Value of tmax indicator:         15.2

Task for patient = 129 with skills = {1,-1} and cost = 466.7
   Vehicle #0 = 7, leaving at = 203.5
   Vehicle #1 = -1, leaving at = inf
   Increment on distance indicator: 13.0
   Increment on tard indicator:     0.0
   Value of tmax indicator:         13.0

Task for patient = 90 with skills = {2,-1} and cost = 472.5
   Vehicle #0 = 4, leaving at = 208.0
   Vehicle #1 = -1, leaving at = inf
   Increment on distance indicator: 17.5
   Increment on tard indicator:     0.0
   Value of tmax indicator:         17.5

Task for patient = 45 with skills = {1,-1} and cost = 475.5
   Vehicle #0 = 7, leaving at = 224.5
   Vehicle #1 = -1, leaving at = inf
   Increment on distance indicator: 8.9
   Increment on tard indicator:     0.0
   Value of tmax indicator:         8.9

Task for patient = 35 with skills = {3,-1} and cost = 478.3
   Vehicle #0 = 21, leaving at = 147.0
   Vehicle #1 = -1, leaving at = inf
   Increment on distance indicator: 8.5
   Increment on tard indicator:     0.0
   Value of tmax indicator:         8.5

Task for patient = 88 with skills = {3,-1} and cost = 479.0
   Vehicle #0 = 15, leaving at = 333.0
   Vehicle #1 = -1, leaving at = inf
   Increment on distance indicator: 2.0
   Increment on tard indicator:     0.0
   Value of tmax indicator:         2.0

Task for patient = 105 with skills = {1,-1} and cost = 426.0
   Vehicle #0 = 8, leaving at = 169.0
   Vehicle #1 = -1, leaving at = inf
   Increment on distance indicator: 9.2
   Increment on tard indicator:     0.0
   Value of tmax indicator:         9.2


Unused vehicle list: 27 28 29 (total = 3 out of 30)

---
Search finished.
Total of 1900 generations in 189.5 seconds.
Exchange elite runs: 0
Implicit path relinking runs: 0
Reset attempts: 1

Best solution found:
   Cost: 1136.5
   Total travel time: 3406.5
   Total tardiness time: 1.6
   Largest tardiness: 1.3


1136.5
